{"UtcTime":"2026-08-12 10:18:11.000","Computer":"TN-FIN-WS042","User":"TRANSNORTE\\ops.cardoso","EventID":11,"Image":"C:\\Windows\\System32\\svchost.exe","ProcessGuid":"{529263FD-C860-2026-F82C-747D18441087}","ProcessId":8471,"TargetFilename":"C:\\Users\\ops.cardoso\\AppData\\Local\\Temp\\office-2291.tmp"}
{"UtcTime":"2026-08-12 10:18:12.000","Computer":"TN-FIN-WS042","User":"TRANSNORTE\\ops.cardoso","EventID":1,"Image":"C:\\Program Files\\Google\\Chrome\\Application\\chrome.exe","ProcessGuid":"{FA18B541-4832-2026-C047-60C2C8588B4A}","ProcessId":7584,"CommandLine":"C:\\Program Files\\Google\\Chrome\\Application\\chrome.exe","ParentImage":"C:\\Windows\\System32\\services.exe","ParentProcessGuid":"{0611948F-A15F-2026-5B2C-D121ED74B423}","OriginalFileName":"C:\\Program Files\\Google\\Chrome\\Application\\chrome.exe","SHA256":"86c38dac74ad8c44d835b4cdeb81f8baf689c88150138b05aadfdfbc9c3789ac"}
{"UtcTime":"2026-08-12 10:18:13.000","Computer":"TN-FIN-WS042","User":"TRANSNORTE\\backup_svc","EventID":13,"Image":"C:\\Windows\\System32\\RuntimeBroker.exe","ProcessGuid":"{68712D7C-FA44-2026-6F55-878924B4FBE6}","ProcessId":3836,"EventType":"SetValue","TargetObject":"HKCU\\Software\\Microsoft\\Office\\16.0\\Outlook\\Resiliency\\2293","Details":"1"}
{"UtcTime":"2026-08-12 10:18:14.000","Computer":"TN-FIN-WS042","User":"TRANSNORTE\\backup_svc","EventID":3,"Image":"C:\\Windows\\System32\\RuntimeBroker.exe","ProcessGuid":"{C8A30489-3FF8-2026-9B8E-0D9E8DAE3F53}","ProcessId":8859,"DestinationIp":"8.8.8.8","DestinationPort":53,"SourceIp":"10.50.10.42","Protocol":"tcp"}
{"UtcTime":"2026-08-12 10:18:15.000","Computer":"TN-FIN-WS042","User":"TRANSNORTE\\backup_svc","EventID":3,"Image":"C:\\Windows\\explorer.exe","ProcessGuid":"{E0973E8C-9A6C-2026-1B60-556DB343D824}","ProcessId":3746,"DestinationIp":"8.8.8.8","DestinationPort":443,"SourceIp":"10.50.10.42","Protocol":"tcp"}
{"UtcTime":"2026-08-12 10:18:16.000","Computer":"TN-FIN-WS042","User":"TRANSNORTE\\backup_svc","EventID":3,"Image":"C:\\Windows\\System32\\RuntimeBroker.exe","ProcessGuid":"{7DAD125A-2E25-2026-BA83-827216ED580F}","ProcessId":7862,"DestinationIp":"1.1.1.1","DestinationPort":135,"SourceIp":"10.50.10.42","Protocol":"tcp"}
{"UtcTime":"2026-08-12 10:18:17.000","Computer":"TN-FIN-WS042","User":"TRANSNORTE\\backup_svc","EventID":1,"Image":"C:\\Windows\\explorer.exe","ProcessGuid":"{F1F9C329-4A26-2026-D786-58CA3841EF62}","ProcessId":7270,"CommandLine":"C:\\Windows\\explorer.exe","ParentImage":"C:\\Windows\\System32\\services.exe","ParentProcessGuid":"{9081502B-D73B-2026-D81B-4DDA262E0460}","OriginalFileName":"C:\\Windows\\explorer.exe","SHA256":"401db82c7f7185d21d4e38a0535890b020b3a7fe0609424186fd419e3e6359de"}
{"UtcTime":"2026-08-12 10:18:18.000","Computer":"TN-FIN-WS042","User":"TRANSNORTE\\backup_svc","EventID":5,"Image":"C:\\Windows\\explorer.exe","ProcessGuid":"{1844D035-370B-2026-B8DC-F55F31D50272}","ProcessId":4232,"EventType":"End"}
{"UtcTime":"2026-08-12 10:18:19.000","Computer":"TN-FIN-WS042","User":"TRANSNORTE\\backup_svc","EventID":3,"Image":"C:\\Windows\\System32\\svchost.exe","ProcessGuid":"{62506319-ED96-2026-343C-877536AC002E}","ProcessId":6500,"DestinationIp":"10.50.10.88","DestinationPort":135,"SourceIp":"10.50.10.42","Protocol":"tcp"}
{"UtcTime":"2026-08-12 10:18:20.000","Computer":"TN-FIN-WS042","User":"TRANSNORTE\\backup_svc","EventID":1,"Image":"C:\\Windows\\System32\\conhost.exe","ProcessGuid":"{8A35117A-97C9-2026-9F15-0E208112AC29}","ProcessId":7981,"CommandLine":"C:\\Windows\\System32\\conhost.exe","ParentImage":"C:\\Windows\\System32\\services.exe","ParentProcessGuid":"{600697C4-373B-2026-3322-DBAC98E63F9C}","OriginalFileName":"C:\\Windows\\System32\\conhost.exe","SHA256":"3051a50ffe2325557465a2dff194be328155a6140fb8e73baa855e2531fea5e3"}
{"UtcTime":"2026-08-12 10:18:21.000","Computer":"TN-FIN-WS042","User":"TRANSNORTE\\backup_svc","EventID":5,"Image":"C:\\Program Files\\Microsoft Office\\Office16\\OUTLOOK.EXE","ProcessGuid":"{994D2F1B-3006-2026-EE72-9CE0EE7003FC}","ProcessId":6459,"EventType":"End"}
{"UtcTime":"2026-08-12 10:18:22.000","Computer":"TN-FIN-WS042","User":"TRANSNORTE\\backup_svc","EventID":1,"Image":"C:\\Windows\\explorer.exe","ProcessGuid":"{5A930C70-FE8E-2026-BB80-AF775D7D3612}","ProcessId":8649,"CommandLine":"C:\\Windows\\explorer.exe","ParentImage":"C:\\Windows\\System32\\services.exe","ParentProcessGuid":"{5AB0EBCC-325C-2026-455D-CCE3FD279924}","OriginalFileName":"C:\\Windows\\explorer.exe","SHA256":"ceb03a8f6913c3f76f7b2103f016a38666d58a5acd9babc3b7160dbcc9219c8b"}
{"UtcTime":"2026-08-12 10:18:23.000","Computer":"TN-FIN-WS042","User":"TRANSNORTE\\backup_svc","EventID":1,"Image":"C:\\Windows\\System32\\RuntimeBroker.exe","ProcessGuid":"{B434C337-AF18-2026-6E81-54D1EF5B2353}","ProcessId":975,"CommandLine":"C:\\Windows\\System32\\RuntimeBroker.exe","ParentImage":"C:\\Windows\\System32\\services.exe","ParentProcessGuid":"{BE45AFAE-52E2-2026-4E23-4D21D5A1879A}","OriginalFileName":"C:\\Windows\\System32\\RuntimeBroker.exe","SHA256":"22edf0822eeea0dde7845693845fc83260e58bfee3d4089fdcee7f581467beb7"}
{"UtcTime":"2026-08-12 10:18:24.000","Computer":"TN-FIN-WS042","User":"TRANSNORTE\\backup_svc","EventID":13,"Image":"C:\\Windows\\System32\\conhost.exe","ProcessGuid":"{693F4474-F256-2026-44EE-74FB06A3DF3F}","ProcessId":5444,"EventType":"SetValue","TargetObject":"HKCU\\Software\\Microsoft\\Office\\16.0\\Outlook\\Resiliency\\2304","Details":"1"}
{"UtcTime":"2026-08-12 10:18:25.000","Computer":"TN-FIN-WS042","User":"TRANSNORTE\\ops.cardoso","EventID":1,"Image":"C:\\Windows\\System32\\RuntimeBroker.exe","ProcessGuid":"{C520488D-51C9-2026-4F5F-E97825FDD2E1}","ProcessId":6117,"CommandLine":"C:\\Windows\\System32\\RuntimeBroker.exe","ParentImage":"C:\\Windows\\System32\\services.exe","ParentProcessGuid":"{610E3B91-548E-2026-53F6-0FA3B5FD1733}","OriginalFileName":"C:\\Windows\\System32\\RuntimeBroker.exe","SHA256":"91131a584a5822cac1c62f4d083f8c18a908d4f1a93b68a524eab436fe65e04f"}
{"UtcTime":"2026-08-12 10:18:26.000","Computer":"TN-FIN-WS042","User":"TRANSNORTE\\backup_svc","EventID":13,"Image":"C:\\Windows\\explorer.exe","ProcessGuid":"{14BB6564-663A-2026-ED4D-15D74EF243AC}","ProcessId":4791,"EventType":"SetValue","TargetObject":"HKCU\\Software\\Microsoft\\Office\\16.0\\Outlook\\Resiliency\\2306","Details":"1"}
{"UtcTime":"2026-08-12 10:18:27.000","Computer":"TN-FIN-WS042","User":"TRANSNORTE\\ops.cardoso","EventID":1,"Image":"C:\\Windows\\System32\\RuntimeBroker.exe","ProcessGuid":"{2331E672-3902-2026-2F9E-14ADD0DF6326}","ProcessId":5057,"CommandLine":"C:\\Windows\\System32\\RuntimeBroker.exe","ParentImage":"C:\\Windows\\System32\\services.exe","ParentProcessGuid":"{BD75ACDE-DD62-2026-1347-A0597E55C639}","OriginalFileName":"C:\\Windows\\System32\\RuntimeBroker.exe","SHA256":"d538b04d682a2f3bebad29be6c3b58abad8ab63b04289c260d89c9afda2b6532"}
{"UtcTime":"2026-08-12 10:18:28.000","Computer":"TN-FIN-WS042","User":"TRANSNORTE\\backup_svc","EventID":1,"Image":"C:\\Windows\\System32\\conhost.exe","ProcessGuid":"{C2C19C00-7D08-2026-50B0-7BADE6525B94}","ProcessId":8195,"CommandLine":"C:\\Windows\\System32\\conhost.exe","ParentImage":"C:\\Windows\\System32\\services.exe","ParentProcessGuid":"{05E44456-22AA-2026-C1A7-FF35E0B1DF59}","OriginalFileName":"C:\\Windows\\System32\\conhost.exe","SHA256":"b8400924b1b6c69474dc45a2446e6c0ea0e2d888c851d049dedebd16443e03fe"}
{"UtcTime":"2026-08-12 10:18:29.000","Computer":"TN-FIN-WS042","User":"TRANSNORTE\\backup_svc","EventID":3,"Image":"C:\\Windows\\System32\\RuntimeBroker.exe","ProcessGuid":"{D3ABBB32-6752-2026-9F16-EF79A42AA132}","ProcessId":5182,"DestinationIp":"8.8.8.8","DestinationPort":443,"SourceIp":"10.50.10.42","Protocol":"tcp"}
{"UtcTime":"2026-08-12 10:18:30.000","Computer":"TN-FIN-WS042","User":"TRANSNORTE\\backup_svc","EventID":1,"Image":"C:\\Program Files\\Microsoft Office\\Office16\\OUTLOOK.EXE","ProcessGuid":"{E8FF1675-B030-2026-01F5-9A7EBED06E3A}","ProcessId":1710,"CommandLine":"C:\\Program Files\\Microsoft Office\\Office16\\OUTLOOK.EXE","ParentImage":"C:\\Windows\\System32\\services.exe","ParentProcessGuid":"{64542B18-0216-2026-7CEC-D6A017F19C3B}","OriginalFileName":"C:\\Program Files\\Microsoft Office\\Office16\\OUTLOOK.EXE","SHA256":"2f55ee4814ac93334299fb45fa5acf74f985b5f12301ce58eae16ac8fa82fa20"}
{"UtcTime":"2026-08-12 10:18:31.000","Computer":"TN-FIN-WS042","User":"TRANSNORTE\\ops.cardoso","EventID":1,"Image":"C:\\Windows\\explorer.exe","ProcessGuid":"{1EFA32F3-E4B8-2026-E9D2-5A09477E43F1}","ProcessId":1535,"CommandLine":"C:\\Windows\\explorer.exe","ParentImage":"C:\\Windows\\System32\\services.exe","ParentProcessGuid":"{64FF4B52-8D42-2026-FF29-1662AAA0221E}","OriginalFileName":"C:\\Windows\\explorer.exe","SHA256":"446e4fab8d6d385479b0b870d3e588c074444b23198fabc35c96bb0697d58041"}
{"UtcTime":"2026-08-12 10:18:32.000","Computer":"TN-FIN-WS042","User":"TRANSNORTE\\backup_svc","EventID":11,"Image":"C:\\Program Files\\Microsoft Office\\Office16\\OUTLOOK.EXE","ProcessGuid":"{2DBD163E-9D0A-2026-B412-9F89ED10A959}","ProcessId":8146,"TargetFilename":"C:\\Users\\ops.cardoso\\AppData\\Local\\Temp\\office-2312.tmp"}
{"UtcTime":"2026-08-12 10:18:33.000","Computer":"TN-FIN-WS042","User":"TRANSNORTE\\backup_svc","EventID":11,"Image":"C:\\Windows\\explorer.exe","ProcessGuid":"{1CFE6D73-14B7-2026-8ADC-269931C5DB7A}","ProcessId":2393,"TargetFilename":"C:\\Users\\ops.cardoso\\AppData\\Local\\Temp\\office-2313.tmp"}
{"UtcTime":"2026-08-12 10:18:34.000","Computer":"TN-FIN-WS042","User":"TRANSNORTE\\backup_svc","EventID":1,"Image":"C:\\Windows\\System32\\svchost.exe","ProcessGuid":"{355A86BC-994D-2026-8FAA-849D12AF9A88}","ProcessId":7776,"CommandLine":"C:\\Windows\\System32\\svchost.exe","ParentImage":"C:\\Windows\\System32\\services.exe","ParentProcessGuid":"{AEEB6B18-EC0B-2026-7741-7C906689E70F}","OriginalFileName":"C:\\Windows\\System32\\svchost.exe","SHA256":"7b10a1915edd43d57c6edb2e9df8cec769a09f926894703b2d22f6beae73ba3a"}
{"UtcTime":"2026-08-12 10:18:35.000","Computer":"TN-FIN-WS042","User":"TRANSNORTE\\backup_svc","EventID":1,"Image":"C:\\Windows\\System32\\RuntimeBroker.exe","ProcessGuid":"{C2F11A60-78DE-2026-2BB2-F7E05792B8BC}","ProcessId":6781,"CommandLine":"C:\\Windows\\System32\\RuntimeBroker.exe","ParentImage":"C:\\Windows\\System32\\services.exe","ParentProcessGuid":"{D5A9893D-CAB0-2026-8F27-7CD3C37BAE53}","OriginalFileName":"C:\\Windows\\System32\\RuntimeBroker.exe","SHA256":"7aefdfa1ca360a91d701bd31cb85d7cdbfb6ed5c0a6d729003f7ce7ffc60b00a"}
{"UtcTime":"2026-08-12 10:18:36.000","Computer":"TN-FIN-WS042","User":"TRANSNORTE\\backup_svc","EventID":13,"Image":"C:\\Program Files\\Google\\Chrome\\Application\\chrome.exe","ProcessGuid":"{2D05D2BA-E1F9-2026-3B1C-A637F0915019}","ProcessId":3503,"EventType":"SetValue","TargetObject":"HKCU\\Software\\Microsoft\\Office\\16.0\\Outlook\\Resiliency\\2316","Details":"1"}
{"UtcTime":"2026-08-12 10:18:37.000","Computer":"TN-FIN-WS042","User":"TRANSNORTE\\backup_svc","EventID":11,"Image":"C:\\Program Files\\Google\\Chrome\\Application\\chrome.exe","ProcessGuid":"{609BF220-4552-2026-DA27-9087F2D8B43C}","ProcessId":5539,"TargetFilename":"C:\\Users\\ops.cardoso\\AppData\\Local\\Temp\\office-2317.tmp"}
{"UtcTime":"2026-08-12 10:18:38.000","Computer":"TN-FIN-WS042","User":"TRANSNORTE\\backup_svc","EventID":1,"Image":"C:\\Program Files\\Microsoft Office\\Office16\\OUTLOOK.EXE","ProcessGuid":"{BFF9DFE6-22E2-2026-B4DF-ACB7E529B0D0}","ProcessId":1750,"CommandLine":"C:\\Program Files\\Microsoft Office\\Office16\\OUTLOOK.EXE","ParentImage":"C:\\Windows\\System32\\services.exe","ParentProcessGuid":"{C677184F-3386-2026-7A4C-DAF66D0BC42E}","OriginalFileName":"C:\\Program Files\\Microsoft Office\\Office16\\OUTLOOK.EXE","SHA256":"729f0f2009dd678dfe1d69490c382452a34680e0b43a357a7552db056cb0a849"}
{"UtcTime":"2026-08-12 10:18:39.000","Computer":"TN-FIN-WS042","User":"TRANSNORTE\\ops.cardoso","EventID":5,"Image":"C:\\Windows\\System32\\svchost.exe","ProcessGuid":"{44D63E2D-C019-2026-F74C-36311ECDDB04}","ProcessId":1875,"EventType":"End"}
{"UtcTime":"2026-08-12 10:18:40.000","Computer":"TN-FIN-WS042","User":"TRANSNORTE\\backup_svc","EventID":1,"Image":"C:\\Windows\\System32\\conhost.exe","ProcessGuid":"{49A7B83C-34C4-2026-2DA4-0CED6025A6D6}","ProcessId":8374,"CommandLine":"C:\\Windows\\System32\\conhost.exe","ParentImage":"C:\\Windows\\System32\\services.exe","ParentProcessGuid":"{F2586CD5-EBFC-2026-B8A8-47ADFC64FC99}","OriginalFileName":"C:\\Windows\\System32\\conhost.exe","SHA256":"693989ee2100747b34142f337f9affcaba76f0b4758a695fff7c58e638420231"}
{"UtcTime":"2026-08-12 10:18:41.000","Computer":"TN-FIN-WS042","User":"TRANSNORTE\\backup_svc","EventID":11,"Image":"C:\\Windows\\System32\\conhost.exe","ProcessGuid":"{8EEA34BF-4F3D-2026-56D9-D6A25644ABCC}","ProcessId":1043,"TargetFilename":"C:\\Users\\ops.cardoso\\AppData\\Local\\Temp\\office-2321.tmp"}
{"UtcTime":"2026-08-12 10:18:42.000","Computer":"TN-FIN-WS042","User":"TRANSNORTE\\backup_svc","EventID":3,"Image":"C:\\Windows\\System32\\conhost.exe","ProcessGuid":"{8C8B3AF9-E8B7-2026-5FA9-75C3D9F6B73A}","ProcessId":4553,"DestinationIp":"10.50.10.10","DestinationPort":135,"SourceIp":"10.50.10.42","Protocol":"tcp"}
{"UtcTime":"2026-08-12 10:18:43.000","Computer":"TN-FIN-WS042","User":"TRANSNORTE\\backup_svc","EventID":1,"Image":"C:\\Windows\\System32\\conhost.exe","ProcessGuid":"{5D3E84CA-FE0E-2026-E8A1-83D74EFC7AFE}","ProcessId":3946,"CommandLine":"C:\\Windows\\System32\\conhost.exe","ParentImage":"C:\\Windows\\System32\\services.exe","ParentProcessGuid":"{70B5CBDE-84C8-2026-B7FD-B77A5F48AD6F}","OriginalFileName":"C:\\Windows\\System32\\conhost.exe","SHA256":"3b3f9630c9ca645a43467791bf42b37e63d2d3c9294539a478c35fbc74e4a6db"}
{"UtcTime":"2026-08-12 10:18:44.000","Computer":"TN-FIN-WS042","User":"TRANSNORTE\\ops.cardoso","EventID":5,"Image":"C:\\Windows\\System32\\RuntimeBroker.exe","ProcessGuid":"{A6B7EF74-E3FD-2026-58F0-37EA523B81F2}","ProcessId":6717,"EventType":"End"}
{"UtcTime":"2026-08-12 10:18:45.000","Computer":"TN-FIN-WS042","User":"TRANSNORTE\\ops.cardoso","EventID":11,"Image":"C:\\Program Files\\Microsoft Office\\Office16\\OUTLOOK.EXE","ProcessGuid":"{7D10AE2E-99BC-2026-6295-01BB608E9DA4}","ProcessId":7394,"TargetFilename":"C:\\Users\\ops.cardoso\\AppData\\Local\\Temp\\office-2325.tmp"}
{"UtcTime":"2026-08-12 10:18:46.000","Computer":"TN-FIN-WS042","User":"TRANSNORTE\\backup_svc","EventID":11,"Image":"C:\\Program Files\\Google\\Chrome\\Application\\chrome.exe","ProcessGuid":"{CF64E76C-DECD-2026-05C2-6687B877B276}","ProcessId":3023,"TargetFilename":"C:\\Users\\ops.cardoso\\AppData\\Local\\Temp\\office-2326.tmp"}
{"UtcTime":"2026-08-12 10:18:47.000","Computer":"TN-FIN-WS042","User":"TRANSNORTE\\backup_svc","EventID":1,"Image":"C:\\Program Files\\Microsoft Office\\Office16\\OUTLOOK.EXE","ProcessGuid":"{5D2DB0C8-03C4-2026-0E7D-EDBB734BDB57}","ProcessId":5779,"CommandLine":"C:\\Program Files\\Microsoft Office\\Office16\\OUTLOOK.EXE","ParentImage":"C:\\Windows\\System32\\services.exe","ParentProcessGuid":"{87AFE432-47A3-2026-43C7-E709F48A9B0D}","OriginalFileName":"C:\\Program Files\\Microsoft Office\\Office16\\OUTLOOK.EXE","SHA256":"0420c993e450e2fda4d8ba86b881a5afc73e863e89a3bf08e202513a09bdccc3"}
{"UtcTime":"2026-08-12 10:18:48.000","Computer":"TN-FIN-WS042","User":"TRANSNORTE\\backup_svc","EventID":1,"Image":"C:\\Windows\\explorer.exe","ProcessGuid":"{B56A6D7D-7E64-2026-51E6-DA60712D6A19}","ProcessId":4397,"CommandLine":"C:\\Windows\\explorer.exe","ParentImage":"C:\\Windows\\System32\\services.exe","ParentProcessGuid":"{FD959E3A-B765-2026-7B8A-C58849DB9C47}","OriginalFileName":"C:\\Windows\\explorer.exe","SHA256":"fd822d53e5c144a3f2cacacdb16c542fc190267e4c04110fcbabefb96c5d4160"}
{"UtcTime":"2026-08-12 10:18:49.000","Computer":"TN-FIN-WS042","User":"TRANSNORTE\\backup_svc","EventID":1,"Image":"C:\\Windows\\System32\\conhost.exe","ProcessGuid":"{143283EA-707C-2026-6479-7CABA2C387F7}","ProcessId":4313,"CommandLine":"C:\\Windows\\System32\\conhost.exe","ParentImage":"C:\\Windows\\System32\\services.exe","ParentProcessGuid":"{BF7D9190-ACEA-2026-8C5B-73438945EDF4}","OriginalFileName":"C:\\Windows\\System32\\conhost.exe","SHA256":"db83fe39026a6634102578214f777618f3af66aa75cf9c4c1ed03661a17874bf"}
{"UtcTime":"2026-08-12 10:18:50.000","Computer":"TN-FIN-WS042","User":"TRANSNORTE\\backup_svc","EventID":1,"Image":"C:\\Windows\\explorer.exe","ProcessGuid":"{E81C0773-C841-2026-8405-EC6C909872D4}","ProcessId":4221,"CommandLine":"C:\\Windows\\explorer.exe","ParentImage":"C:\\Windows\\System32\\services.exe","ParentProcessGuid":"{BAA06400-E8FB-2026-55D6-F508EABED84C}","OriginalFileName":"C:\\Windows\\explorer.exe","SHA256":"81e19be9271d88ff2cf49c53d3593f1fbfb694d0c65b7372b99dd65f8a70ee35"}
{"UtcTime":"2026-08-12 10:18:51.000","Computer":"TN-FIN-WS042","User":"TRANSNORTE\\backup_svc","EventID":1,"Image":"C:\\Windows\\System32\\RuntimeBroker.exe","ProcessGuid":"{4F5BD9A9-EC35-2026-CFC9-2DDA8B9DB022}","ProcessId":5510,"CommandLine":"C:\\Windows\\System32\\RuntimeBroker.exe","ParentImage":"C:\\Windows\\System32\\services.exe","ParentProcessGuid":"{514D6313-54F5-2026-364D-DE579849A258}","OriginalFileName":"C:\\Windows\\System32\\RuntimeBroker.exe","SHA256":"ecc4d19ed45fccb0e2d4aa4693edebca906a1193c26c048c718dbd701908f50e"}
{"UtcTime":"2026-08-12 10:18:52.000","Computer":"TN-FIN-WS042","User":"TRANSNORTE\\ops.cardoso","EventID":5,"Image":"C:\\Windows\\explorer.exe","ProcessGuid":"{1725BC00-63EF-2026-3608-73B14E52E1F1}","ProcessId":8121,"EventType":"End"}
{"UtcTime":"2026-08-12 10:18:53.000","Computer":"TN-FIN-WS042","User":"TRANSNORTE\\ops.cardoso","EventID":3,"Image":"C:\\Windows\\System32\\svchost.exe","ProcessGuid":"{756EF582-DF15-2026-6D09-6DD696F82D6D}","ProcessId":1333,"DestinationIp":"1.1.1.1","DestinationPort":53,"SourceIp":"10.50.10.42","Protocol":"tcp"}
{"UtcTime":"2026-08-12 10:18:54.000","Computer":"TN-FIN-WS042","User":"TRANSNORTE\\backup_svc","EventID":3,"Image":"C:\\Windows\\System32\\conhost.exe","ProcessGuid":"{E14DE1D8-B241-2026-A62B-1E8D0D15CDFE}","ProcessId":2633,"DestinationIp":"8.8.8.8","DestinationPort":135,"SourceIp":"10.50.10.42","Protocol":"tcp"}
{"UtcTime":"2026-08-12 10:18:55.000","Computer":"TN-FIN-WS042","User":"TRANSNORTE\\backup_svc","EventID":5,"Image":"C:\\Program Files\\Microsoft Office\\Office16\\OUTLOOK.EXE","ProcessGuid":"{B561CB00-EA48-2026-A376-00352F7928B3}","ProcessId":2744,"EventType":"End"}
{"UtcTime":"2026-08-12 10:18:56.000","Computer":"TN-FIN-WS042","User":"TRANSNORTE\\ops.cardoso","EventID":13,"Image":"C:\\Windows\\System32\\RuntimeBroker.exe","ProcessGuid":"{3FA5D5EF-EBD3-2026-FDBD-BEA096FD0A02}","ProcessId":2994,"EventType":"SetValue","TargetObject":"HKCU\\Software\\Microsoft\\Office\\16.0\\Outlook\\Resiliency\\2336","Details":"1"}
{"UtcTime":"2026-08-12 10:18:57.000","Computer":"TN-FIN-WS042","User":"TRANSNORTE\\ops.cardoso","EventID":1,"Image":"C:\\Program Files\\Microsoft Office\\Office16\\OUTLOOK.EXE","ProcessGuid":"{458D25FE-7E75-2026-83A9-C58C5B73CFB8}","ProcessId":5876,"CommandLine":"C:\\Program Files\\Microsoft Office\\Office16\\OUTLOOK.EXE","ParentImage":"C:\\Windows\\System32\\services.exe","ParentProcessGuid":"{AEA583B5-BAC1-2026-1F58-2DE8C335F7BF}","OriginalFileName":"C:\\Program Files\\Microsoft Office\\Office16\\OUTLOOK.EXE","SHA256":"389ee3738e7369dd5b0d0758eeddd594989a3513ff44ca0b5e8c99c5acfc531e"}
{"UtcTime":"2026-08-12 10:18:58.000","Computer":"TN-FIN-WS042","User":"TRANSNORTE\\backup_svc","EventID":1,"Image":"C:\\Windows\\System32\\RuntimeBroker.exe","ProcessGuid":"{32109C38-AB5D-2026-5A58-11225B4C4C05}","ProcessId":3600,"CommandLine":"C:\\Windows\\System32\\RuntimeBroker.exe","ParentImage":"C:\\Windows\\System32\\services.exe","ParentProcessGuid":"{3B9DA97B-04F7-2026-AE49-E8EB1A0B89FF}","OriginalFileName":"C:\\Windows\\System32\\RuntimeBroker.exe","SHA256":"bc85a9f22917c129d114f71d96a7c07c7638e7d9b9ce864171ae68a55dfd9253"}
{"UtcTime":"2026-08-12 10:18:59.000","Computer":"TN-FIN-WS042","User":"TRANSNORTE\\backup_svc","EventID":5,"Image":"C:\\Windows\\explorer.exe","ProcessGuid":"{4B8E3393-3418-2026-8EC0-7191D58CDC0B}","ProcessId":2161,"EventType":"End"}
{"UtcTime":"2026-08-12 10:19:00.000","Computer":"TN-FIN-WS042","User":"TRANSNORTE\\backup_svc","EventID":13,"Image":"C:\\Program Files\\Microsoft Office\\Office16\\OUTLOOK.EXE","ProcessGuid":"{B7F711AD-0D0A-2026-7AAC-8C541354A4C2}","ProcessId":6261,"EventType":"SetValue","TargetObject":"HKCU\\Software\\Microsoft\\Office\\16.0\\Outlook\\Resiliency\\2340","Details":"1"}
{"UtcTime":"2026-08-12 10:19:01.000","Computer":"TN-FIN-WS042","User":"TRANSNORTE\\backup_svc","EventID":1,"Image":"C:\\Program Files\\Microsoft Office\\Office16\\OUTLOOK.EXE","ProcessGuid":"{71E0E970-9707-2026-A981-8A420A73D5DF}","ProcessId":5636,"CommandLine":"C:\\Program Files\\Microsoft Office\\Office16\\OUTLOOK.EXE","ParentImage":"C:\\Windows\\System32\\services.exe","ParentProcessGuid":"{6A6C6A3A-260B-2026-D097-BF303B33C8C6}","OriginalFileName":"C:\\Program Files\\Microsoft Office\\Office16\\OUTLOOK.EXE","SHA256":"6b3bf7a7b2fc57cc4e86152a5498ed91ff71823ded44b9c72268ef15e3cc14a2"}
{"UtcTime":"2026-08-12 10:19:02.000","Computer":"TN-FIN-WS042","User":"TRANSNORTE\\ops.cardoso","EventID":1,"Image":"C:\\Windows\\System32\\conhost.exe","ProcessGuid":"{C946062B-9671-2026-2B2C-672F207F6D80}","ProcessId":3935,"CommandLine":"C:\\Windows\\System32\\conhost.exe","ParentImage":"C:\\Windows\\System32\\services.exe","ParentProcessGuid":"{1A91F236-0654-2026-F83F-B48F96A4DDFE}","OriginalFileName":"C:\\Windows\\System32\\conhost.exe","SHA256":"ec52eefe6ad91639754048a67c0dbfaa9c6d1e1a2fda5561a2aa50e786a6ebf6"}
{"UtcTime":"2026-08-12 10:19:03.000","Computer":"TN-FIN-WS042","User":"TRANSNORTE\\backup_svc","EventID":3,"Image":"C:\\Windows\\System32\\svchost.exe","ProcessGuid":"{C048C8CA-348A-2026-EF97-A400AD7A7626}","ProcessId":6361,"DestinationIp":"10.50.10.88","DestinationPort":8080,"SourceIp":"10.50.10.42","Protocol":"tcp"}
{"UtcTime":"2026-08-12 10:19:04.000","Computer":"TN-FIN-WS042","User":"TRANSNORTE\\backup_svc","EventID":5,"Image":"C:\\Windows\\System32\\svchost.exe","ProcessGuid":"{19582EA5-DAD3-2026-44FF-851F2A2C16E5}","ProcessId":6346,"EventType":"End"}
{"UtcTime":"2026-08-12 10:19:05.000","Computer":"TN-FIN-WS042","User":"TRANSNORTE\\backup_svc","EventID":3,"Image":"C:\\Windows\\System32\\conhost.exe","ProcessGuid":"{C1D46221-049E-2026-9CE6-2F36433303C8}","ProcessId":981,"DestinationIp":"1.1.1.1","DestinationPort":443,"SourceIp":"10.50.10.42","Protocol":"tcp"}
{"UtcTime":"2026-08-12 10:19:06.000","Computer":"TN-FIN-WS042","User":"TRANSNORTE\\ops.cardoso","EventID":1,"Image":"C:\\Windows\\System32\\conhost.exe","ProcessGuid":"{50C00315-FF6F-2026-8F1A-3531CB676602}","ProcessId":5439,"CommandLine":"C:\\Windows\\System32\\conhost.exe","ParentImage":"C:\\Windows\\System32\\services.exe","ParentProcessGuid":"{732C6F59-19EE-2026-C2D0-4F7FA88ED48A}","OriginalFileName":"C:\\Windows\\System32\\conhost.exe","SHA256":"92eca1bcb15c30d95b951143e70c82b4b9bb2bf38272fc963330b93b7a7a2384"}
{"UtcTime":"2026-08-12 10:19:07.000","Computer":"TN-FIN-WS042","User":"TRANSNORTE\\ops.cardoso","EventID":1,"Image":"C:\\Windows\\explorer.exe","ProcessGuid":"{A53C1A88-70E6-2026-EC62-E0D3E08AA1FC}","ProcessId":4186,"CommandLine":"C:\\Windows\\explorer.exe","ParentImage":"C:\\Windows\\System32\\services.exe","ParentProcessGuid":"{109BDEF3-27A6-2026-6D6A-5A76045C9312}","OriginalFileName":"C:\\Windows\\explorer.exe","SHA256":"ef4a12e8838a1f0d429bfb93dcb0d19699a5ef92eb25b93ed38c1ece182edfaa"}
{"UtcTime":"2026-08-12 10:19:08.000","Computer":"TN-FIN-WS042","User":"TRANSNORTE\\backup_svc","EventID":13,"Image":"C:\\Program Files\\Google\\Chrome\\Application\\chrome.exe","ProcessGuid":"{08BDE4A3-9339-2026-77B8-DC86D422F72E}","ProcessId":7109,"EventType":"SetValue","TargetObject":"HKCU\\Software\\Microsoft\\Office\\16.0\\Outlook\\Resiliency\\2348","Details":"1"}
{"UtcTime":"2026-08-12 10:19:09.000","Computer":"TN-FIN-WS042","User":"TRANSNORTE\\backup_svc","EventID":11,"Image":"C:\\Program Files\\Microsoft Office\\Office16\\OUTLOOK.EXE","ProcessGuid":"{603A4968-3153-2026-DF46-A07857C46752}","ProcessId":2210,"TargetFilename":"C:\\Users\\ops.cardoso\\AppData\\Local\\Temp\\office-2349.tmp"}
{"UtcTime":"2026-08-12 10:19:10.000","Computer":"TN-FIN-WS042","User":"TRANSNORTE\\backup_svc","EventID":11,"Image":"C:\\Windows\\System32\\conhost.exe","ProcessGuid":"{10C3377F-074B-2026-084C-F183EDD9850C}","ProcessId":7898,"TargetFilename":"C:\\Users\\ops.cardoso\\AppData\\Local\\Temp\\office-2350.tmp"}
{"UtcTime":"2026-08-12 10:19:11.000","Computer":"TN-FIN-WS042","User":"TRANSNORTE\\backup_svc","EventID":1,"Image":"C:\\Windows\\System32\\svchost.exe","ProcessGuid":"{0A542D69-85FF-2026-8F6F-9EE220B23FB3}","ProcessId":8905,"CommandLine":"C:\\Windows\\System32\\svchost.exe","ParentImage":"C:\\Windows\\System32\\services.exe","ParentProcessGuid":"{32C9D4D1-7C23-2026-F668-5BCE62F523E0}","OriginalFileName":"C:\\Windows\\System32\\svchost.exe","SHA256":"c6cb1124952b278faed9d759a7aa65b29d732e9bdecbd7d3cd26ec6e6eca4d2f"}
{"UtcTime":"2026-08-12 10:19:12.000","Computer":"TN-FIN-WS042","User":"TRANSNORTE\\backup_svc","EventID":1,"Image":"C:\\Program Files\\Google\\Chrome\\Application\\chrome.exe","ProcessGuid":"{B7F2AC61-F071-2026-35AE-B88D5BE72D37}","ProcessId":4783,"CommandLine":"C:\\Program Files\\Google\\Chrome\\Application\\chrome.exe","ParentImage":"C:\\Windows\\System32\\services.exe","ParentProcessGuid":"{84517F89-7AB0-2026-C305-36883FB37AC1}","OriginalFileName":"C:\\Program Files\\Google\\Chrome\\Application\\chrome.exe","SHA256":"73d577d321df7bcb2a8b0f9dda466c607b5fb1d00e6d407ace3beb839c3bbcaa"}
{"UtcTime":"2026-08-12 10:19:13.000","Computer":"TN-FIN-WS042","User":"TRANSNORTE\\backup_svc","EventID":11,"Image":"C:\\Windows\\System32\\svchost.exe","ProcessGuid":"{85EF1514-79FF-2026-E4D7-5B8A339FDB13}","ProcessId":687,"TargetFilename":"C:\\Users\\ops.cardoso\\AppData\\Local\\Temp\\office-2353.tmp"}
{"UtcTime":"2026-08-12 10:19:14.000","Computer":"TN-FIN-WS042","User":"TRANSNORTE\\ops.cardoso","EventID":11,"Image":"C:\\Program Files\\Microsoft Office\\Office16\\OUTLOOK.EXE","ProcessGuid":"{9AC98D7F-3EC9-2026-22E1-8452AB68132D}","ProcessId":1832,"TargetFilename":"C:\\Users\\ops.cardoso\\AppData\\Local\\Temp\\office-2354.tmp"}
{"UtcTime":"2026-08-12 10:19:15.000","Computer":"TN-FIN-WS042","User":"TRANSNORTE\\backup_svc","EventID":11,"Image":"C:\\Windows\\System32\\conhost.exe","ProcessGuid":"{8C553454-EAB2-2026-8F95-4C0508652700}","ProcessId":1068,"TargetFilename":"C:\\Users\\ops.cardoso\\AppData\\Local\\Temp\\office-2355.tmp"}
{"UtcTime":"2026-08-12 10:19:16.000","Computer":"TN-FIN-WS042","User":"TRANSNORTE\\backup_svc","EventID":1,"Image":"C:\\Windows\\System32\\conhost.exe","ProcessGuid":"{5E689847-F60E-2026-9398-90EBC599B2A6}","ProcessId":6677,"CommandLine":"C:\\Windows\\System32\\conhost.exe","ParentImage":"C:\\Windows\\System32\\services.exe","ParentProcessGuid":"{42C61961-FB94-2026-58A5-ADC0A3B661B0}","OriginalFileName":"C:\\Windows\\System32\\conhost.exe","SHA256":"fe0f436b2828b7093a613f59be48cda0b04c2ff3c93478ff9f34ca7997ee5431"}
{"UtcTime":"2026-08-12 10:19:17.000","Computer":"TN-FIN-WS042","User":"TRANSNORTE\\ops.cardoso","EventID":3,"Image":"C:\\Program Files\\Microsoft Office\\Office16\\OUTLOOK.EXE","ProcessGuid":"{80A27AC3-196A-2026-9139-08FD2F990A9C}","ProcessId":757,"DestinationIp":"10.50.10.10","DestinationPort":443,"SourceIp":"10.50.10.42","Protocol":"tcp"}
{"UtcTime":"2026-08-12 10:19:18.000","Computer":"TN-FIN-WS042","User":"TRANSNORTE\\ops.cardoso","EventID":1,"Image":"C:\\Windows\\System32\\conhost.exe","ProcessGuid":"{BC426E26-E1B2-2026-ABB8-A3F0616C618B}","ProcessId":5824,"CommandLine":"C:\\Windows\\System32\\conhost.exe","ParentImage":"C:\\Windows\\System32\\services.exe","ParentProcessGuid":"{4B0EE2CE-18BA-2026-171B-CDD3D8F59960}","OriginalFileName":"C:\\Windows\\System32\\conhost.exe","SHA256":"9d22e747d72c0d8ef40ab1ac2fd24eb14891ed29a86d042c8725d4e11e0bca74"}
{"UtcTime":"2026-08-12 10:19:19.000","Computer":"TN-FIN-WS042","User":"TRANSNORTE\\backup_svc","EventID":1,"Image":"C:\\Windows\\System32\\conhost.exe","ProcessGuid":"{14728199-1A0F-2026-7E89-7AE508FEC03B}","ProcessId":1897,"CommandLine":"C:\\Windows\\System32\\conhost.exe","ParentImage":"C:\\Windows\\System32\\services.exe","ParentProcessGuid":"{4FDB9327-983B-2026-07BE-254585E67F6E}","OriginalFileName":"C:\\Windows\\System32\\conhost.exe","SHA256":"13b725e8dedb877535dd38660ed860e7c91ba923f38c0b6e02c9e2573df73356"}
{"UtcTime":"2026-08-12 10:19:20.000","Computer":"TN-FIN-WS042","User":"TRANSNORTE\\ops.cardoso","EventID":1,"Image":"C:\\Windows\\System32\\RuntimeBroker.exe","ProcessGuid":"{578D2BF1-9574-2026-77A6-CB07A9025B70}","ProcessId":4867,"CommandLine":"C:\\Windows\\System32\\RuntimeBroker.exe","ParentImage":"C:\\Windows\\System32\\services.exe","ParentProcessGuid":"{230E3B1B-2FBC-2026-B554-86EC9AABF340}","OriginalFileName":"C:\\Windows\\System32\\RuntimeBroker.exe","SHA256":"5c6e336656b4dc271fd1982ba94c5bb7d06a635a8906c582a3e0454f9dacdf34"}
{"UtcTime":"2026-08-12 10:19:21.000","Computer":"TN-FIN-WS042","User":"TRANSNORTE\\backup_svc","EventID":1,"Image":"C:\\Program Files\\Google\\Chrome\\Application\\chrome.exe","ProcessGuid":"{6C0493E9-FE9B-2026-5D67-3A316CA56C25}","ProcessId":7427,"CommandLine":"C:\\Program Files\\Google\\Chrome\\Application\\chrome.exe","ParentImage":"C:\\Windows\\System32\\services.exe","ParentProcessGuid":"{D4C81F72-2120-2026-D5B7-656CA0602EC4}","OriginalFileName":"C:\\Program Files\\Google\\Chrome\\Application\\chrome.exe","SHA256":"5a6a06b4dea55c09aa5331e728dc4303ae76e1a1a78a894d3d34d9aa4b8ee72f"}
{"UtcTime":"2026-08-12 10:19:22.000","Computer":"TN-FIN-WS042","User":"TRANSNORTE\\backup_svc","EventID":1,"Image":"C:\\Program Files\\Microsoft Office\\Office16\\OUTLOOK.EXE","ProcessGuid":"{289EA35C-C630-2026-1DEA-2C6760CA3F57}","ProcessId":7082,"CommandLine":"C:\\Program Files\\Microsoft Office\\Office16\\OUTLOOK.EXE","ParentImage":"C:\\Windows\\System32\\services.exe","ParentProcessGuid":"{67312C7E-A5FC-2026-3267-610227580C5B}","OriginalFileName":"C:\\Program Files\\Microsoft Office\\Office16\\OUTLOOK.EXE","SHA256":"04837124777c375e6d90602cdce14a90079d50ed6f25d895ae5103eacca4cd34"}
{"UtcTime":"2026-08-12 10:19:23.000","Computer":"TN-FIN-WS042","User":"TRANSNORTE\\ops.cardoso","EventID":5,"Image":"C:\\Program Files\\Microsoft Office\\Office16\\OUTLOOK.EXE","ProcessGuid":"{91A6773F-34DF-2026-A89A-0F9588F0648E}","ProcessId":1648,"EventType":"End"}
{"UtcTime":"2026-08-12 10:19:24.000","Computer":"TN-FIN-WS042","User":"TRANSNORTE\\backup_svc","EventID":1,"Image":"C:\\Program Files\\Google\\Chrome\\Application\\chrome.exe","ProcessGuid":"{10A0DBF1-0278-2026-BA83-D9220C2F540D}","ProcessId":2216,"CommandLine":"C:\\Program Files\\Google\\Chrome\\Application\\chrome.exe","ParentImage":"C:\\Windows\\System32\\services.exe","ParentProcessGuid":"{6B8F196F-405C-2026-3960-84ABD086C66C}","OriginalFileName":"C:\\Program Files\\Google\\Chrome\\Application\\chrome.exe","SHA256":"9e551c4322b65b53613158245179369efdac5caeed781df85c02d511515f2fda"}
{"UtcTime":"2026-08-12 10:19:25.000","Computer":"TN-FIN-WS042","User":"TRANSNORTE\\ops.cardoso","EventID":3,"Image":"C:\\Windows\\System32\\RuntimeBroker.exe","ProcessGuid":"{B0E08455-B882-2026-007E-B23A7D295D78}","ProcessId":7758,"DestinationIp":"8.8.8.8","DestinationPort":443,"SourceIp":"10.50.10.42","Protocol":"tcp"}
{"UtcTime":"2026-08-12 10:19:26.000","Computer":"TN-FIN-WS042","User":"TRANSNORTE\\backup_svc","EventID":1,"Image":"C:\\Windows\\System32\\RuntimeBroker.exe","ProcessGuid":"{ACF85DB9-7906-2026-15F8-952E84DC1061}","ProcessId":4410,"CommandLine":"C:\\Windows\\System32\\RuntimeBroker.exe","ParentImage":"C:\\Windows\\System32\\services.exe","ParentProcessGuid":"{1898A5CA-32A4-2026-06E8-B4E893FDA383}","OriginalFileName":"C:\\Windows\\System32\\RuntimeBroker.exe","SHA256":"0d9350381c6fe1b6706bd045965deb1ed6450d1f184b9141e0f80ba9f62fed71"}
{"UtcTime":"2026-08-12 10:19:27.000","Computer":"TN-FIN-WS042","User":"TRANSNORTE\\ops.cardoso","EventID":5,"Image":"C:\\Windows\\explorer.exe","ProcessGuid":"{4BE4E4F9-B58E-2026-A4CD-46B439BE5421}","ProcessId":2055,"EventType":"End"}
{"UtcTime":"2026-08-12 10:19:28.000","Computer":"TN-FIN-WS042","User":"TRANSNORTE\\backup_svc","EventID":1,"Image":"C:\\Program Files\\Microsoft Office\\Office16\\OUTLOOK.EXE","ProcessGuid":"{4F004827-0456-2026-83D0-84D14F4BB62F}","ProcessId":1132,"CommandLine":"C:\\Program Files\\Microsoft Office\\Office16\\OUTLOOK.EXE","ParentImage":"C:\\Windows\\System32\\services.exe","ParentProcessGuid":"{F1014CAF-B12F-2026-293B-67C6216C355E}","OriginalFileName":"C:\\Program Files\\Microsoft Office\\Office16\\OUTLOOK.EXE","SHA256":"30a645b9f17914737c6d5b1a1d25dd8a519c0c3a2cfdbaed8b5b26988e526d12"}
{"UtcTime":"2026-08-12 10:19:29.000","Computer":"TN-FIN-WS042","User":"TRANSNORTE\\backup_svc","EventID":5,"Image":"C:\\Windows\\System32\\svchost.exe","ProcessGuid":"{8536EFFC-2EEF-2026-5A53-BFBCC076DE7E}","ProcessId":3604,"EventType":"End"}
{"UtcTime":"2026-08-12 10:19:30.000","Computer":"TN-FIN-WS042","User":"TRANSNORTE\\ops.cardoso","EventID":1,"Image":"C:\\Program Files\\Google\\Chrome\\Application\\chrome.exe","ProcessGuid":"{16E76B27-6770-2026-C5AE-4851ECDFD843}","ProcessId":4803,"CommandLine":"C:\\Program Files\\Google\\Chrome\\Application\\chrome.exe","ParentImage":"C:\\Windows\\System32\\services.exe","ParentProcessGuid":"{BA6ADF2B-CBEA-2026-C540-04FFA82A03B3}","OriginalFileName":"C:\\Program Files\\Google\\Chrome\\Application\\chrome.exe","SHA256":"e992e3207affc381cc57be86b798732a4f6a47f2c572253b9262665c41fd2e51"}
{"UtcTime":"2026-08-12 10:19:31.000","Computer":"TN-FIN-WS042","User":"TRANSNORTE\\ops.cardoso","EventID":3,"Image":"C:\\Windows\\explorer.exe","ProcessGuid":"{BCEAA8A3-D0B8-2026-1E7B-8D3328C3F5A4}","ProcessId":8125,"DestinationIp":"8.8.8.8","DestinationPort":53,"SourceIp":"10.50.10.42","Protocol":"tcp"}
{"UtcTime":"2026-08-12 10:19:32.000","Computer":"TN-FIN-WS042","User":"TRANSNORTE\\backup_svc","EventID":1,"Image":"C:\\Windows\\System32\\conhost.exe","ProcessGuid":"{EDB1E604-6E7E-2026-B45D-43335DC9313F}","ProcessId":6972,"CommandLine":"C:\\Windows\\System32\\conhost.exe","ParentImage":"C:\\Windows\\System32\\services.exe","ParentProcessGuid":"{C6771952-A4F4-2026-131E-D4DECF3B4F3C}","OriginalFileName":"C:\\Windows\\System32\\conhost.exe","SHA256":"faaa121e9431750f744ddc05471a729bee252bfd4e67239f0cbd7523c052f63d"}
{"UtcTime":"2026-08-12 10:19:33.000","Computer":"TN-FIN-WS042","User":"TRANSNORTE\\backup_svc","EventID":1,"Image":"C:\\Windows\\System32\\svchost.exe","ProcessGuid":"{092B4C5C-966A-2026-65D9-29742E418F13}","ProcessId":600,"CommandLine":"C:\\Windows\\System32\\svchost.exe","ParentImage":"C:\\Windows\\System32\\services.exe","ParentProcessGuid":"{DDAB7AAC-9B30-2026-00A1-199A3692B652}","OriginalFileName":"C:\\Windows\\System32\\svchost.exe","SHA256":"3a73d262f8547b9510674c9e38da69c3191f0b490a3960a4b19a7653b542a522"}
{"UtcTime":"2026-08-12 10:19:34.000","Computer":"TN-FIN-WS042","User":"TRANSNORTE\\backup_svc","EventID":11,"Image":"C:\\Windows\\System32\\svchost.exe","ProcessGuid":"{CD16495B-1322-2026-D5E2-0F1DBD5CA581}","ProcessId":6266,"TargetFilename":"C:\\Users\\ops.cardoso\\AppData\\Local\\Temp\\office-2374.tmp"}
{"UtcTime":"2026-08-12 10:19:35.000","Computer":"TN-FIN-WS042","User":"TRANSNORTE\\backup_svc","EventID":1,"Image":"C:\\Program Files\\Google\\Chrome\\Application\\chrome.exe","ProcessGuid":"{D6C64F26-95CE-2026-CAE9-022CC5BEEEA5}","ProcessId":6845,"CommandLine":"C:\\Program Files\\Google\\Chrome\\Application\\chrome.exe","ParentImage":"C:\\Windows\\System32\\services.exe","ParentProcessGuid":"{C10F9D21-E6E9-2026-684C-47C87CFB4A3C}","OriginalFileName":"C:\\Program Files\\Google\\Chrome\\Application\\chrome.exe","SHA256":"70532c661f4badf5ac513bf0445762d2d46f4e71e9d6b7959b5684b90591de9b"}
{"UtcTime":"2026-08-12 10:19:36.000","Computer":"TN-FIN-WS042","User":"TRANSNORTE\\backup_svc","EventID":13,"Image":"C:\\Windows\\System32\\RuntimeBroker.exe","ProcessGuid":"{34B4CE51-D413-2026-04F6-5876F6C1BA75}","ProcessId":1252,"EventType":"SetValue","TargetObject":"HKCU\\Software\\Microsoft\\Office\\16.0\\Outlook\\Resiliency\\2376","Details":"1"}
{"UtcTime":"2026-08-12 10:19:37.000","Computer":"TN-FIN-WS042","User":"TRANSNORTE\\ops.cardoso","EventID":11,"Image":"C:\\Windows\\explorer.exe","ProcessGuid":"{68153037-EF41-2026-D891-5622A1A40077}","ProcessId":6962,"TargetFilename":"C:\\Users\\ops.cardoso\\AppData\\Local\\Temp\\office-2377.tmp"}
{"UtcTime":"2026-08-12 10:19:38.000","Computer":"TN-FIN-WS042","User":"TRANSNORTE\\ops.cardoso","EventID":13,"Image":"C:\\Windows\\System32\\conhost.exe","ProcessGuid":"{A2CA1A77-8772-2026-A464-E458190EA007}","ProcessId":2675,"EventType":"SetValue","TargetObject":"HKCU\\Software\\Microsoft\\Office\\16.0\\Outlook\\Resiliency\\2378","Details":"1"}
{"UtcTime":"2026-08-12 10:19:39.000","Computer":"TN-FIN-WS042","User":"TRANSNORTE\\backup_svc","EventID":3,"Image":"C:\\Windows\\explorer.exe","ProcessGuid":"{36A7DA1A-399F-2026-62C9-088AD9C21F9D}","ProcessId":3084,"DestinationIp":"10.50.10.88","DestinationPort":443,"SourceIp":"10.50.10.42","Protocol":"tcp"}
{"UtcTime":"2026-08-12 10:19:40.000","Computer":"TN-FIN-WS042","User":"TRANSNORTE\\backup_svc","EventID":11,"Image":"C:\\Program Files\\Google\\Chrome\\Application\\chrome.exe","ProcessGuid":"{63B4348B-D950-2026-B5D6-B485B0BE9696}","ProcessId":1130,"TargetFilename":"C:\\Users\\ops.cardoso\\AppData\\Local\\Temp\\office-2380.tmp"}
{"UtcTime":"2026-08-12 10:19:41.000","Computer":"TN-FIN-WS042","User":"TRANSNORTE\\backup_svc","EventID":3,"Image":"C:\\Windows\\System32\\RuntimeBroker.exe","ProcessGuid":"{9BA1CF0D-A732-2026-2003-1B0BF3092465}","ProcessId":5385,"DestinationIp":"1.1.1.1","DestinationPort":443,"SourceIp":"10.50.10.42","Protocol":"tcp"}
{"UtcTime":"2026-08-12 10:19:42.000","Computer":"TN-FIN-WS042","User":"TRANSNORTE\\backup_svc","EventID":11,"Image":"C:\\Windows\\explorer.exe","ProcessGuid":"{8D3BEF79-E276-2026-D859-670F613911B2}","ProcessId":8624,"TargetFilename":"C:\\Users\\ops.cardoso\\AppData\\Local\\Temp\\office-2382.tmp"}
{"UtcTime":"2026-08-12 10:19:43.000","Computer":"TN-FIN-WS042","User":"TRANSNORTE\\ops.cardoso","EventID":11,"Image":"C:\\Program Files\\Google\\Chrome\\Application\\chrome.exe","ProcessGuid":"{22891809-D8D2-2026-D3B2-512FD1E6FCCD}","ProcessId":7377,"TargetFilename":"C:\\Users\\ops.cardoso\\AppData\\Local\\Temp\\office-2383.tmp"}
{"UtcTime":"2026-08-12 10:19:44.000","Computer":"TN-FIN-WS042","User":"TRANSNORTE\\ops.cardoso","EventID":13,"Image":"C:\\Windows\\System32\\conhost.exe","ProcessGuid":"{5ED4F6C6-9D03-2026-5A02-6DB229DA21D9}","ProcessId":7504,"EventType":"SetValue","TargetObject":"HKCU\\Software\\Microsoft\\Office\\16.0\\Outlook\\Resiliency\\2384","Details":"1"}
{"UtcTime":"2026-08-12 10:19:45.000","Computer":"TN-FIN-WS042","User":"TRANSNORTE\\ops.cardoso","EventID":3,"Image":"C:\\Windows\\System32\\svchost.exe","ProcessGuid":"{E5935C40-9B42-2026-08A6-9CB29105D50D}","ProcessId":6456,"DestinationIp":"10.50.10.88","DestinationPort":135,"SourceIp":"10.50.10.42","Protocol":"tcp"}
{"UtcTime":"2026-08-12 10:19:46.000","Computer":"TN-FIN-WS042","User":"TRANSNORTE\\ops.cardoso","EventID":1,"Image":"C:\\Windows\\explorer.exe","ProcessGuid":"{0D0F3A73-A54E-2026-099A-9F55996EAC9D}","ProcessId":2740,"CommandLine":"C:\\Windows\\explorer.exe","ParentImage":"C:\\Windows\\System32\\services.exe","ParentProcessGuid":"{597CE200-05B6-2026-0757-D0B8761BE822}","OriginalFileName":"C:\\Windows\\explorer.exe","SHA256":"61edc1c1d7f9f3a117e0e2d175a8d16bcb68d9dc54539f996d1805cf55cdd5fe"}
{"UtcTime":"2026-08-12 10:19:47.000","Computer":"TN-FIN-WS042","User":"TRANSNORTE\\backup_svc","EventID":5,"Image":"C:\\Windows\\System32\\RuntimeBroker.exe","ProcessGuid":"{4D8066F3-7259-2026-EA2A-FCF767BAB5A1}","ProcessId":7415,"EventType":"End"}
{"UtcTime":"2026-08-12 10:19:48.000","Computer":"TN-FIN-WS042","User":"TRANSNORTE\\backup_svc","EventID":11,"Image":"C:\\Windows\\System32\\conhost.exe","ProcessGuid":"{9A9412BF-E9CB-2026-2975-3E16C8F5117D}","ProcessId":2075,"TargetFilename":"C:\\Users\\ops.cardoso\\AppData\\Local\\Temp\\office-2388.tmp"}
{"UtcTime":"2026-08-12 10:19:49.000","Computer":"TN-FIN-WS042","User":"TRANSNORTE\\ops.cardoso","EventID":13,"Image":"C:\\Windows\\System32\\conhost.exe","ProcessGuid":"{AB1178FC-1F27-2026-69B3-34BDE1B1FED7}","ProcessId":2982,"EventType":"SetValue","TargetObject":"HKCU\\Software\\Microsoft\\Office\\16.0\\Outlook\\Resiliency\\2389","Details":"1"}
{"UtcTime":"2026-08-12 10:19:50.000","Computer":"TN-FIN-WS042","User":"TRANSNORTE\\backup_svc","EventID":13,"Image":"C:\\Program Files\\Microsoft Office\\Office16\\OUTLOOK.EXE","ProcessGuid":"{EAD7C72D-0C3F-2026-81D4-104AF57955D7}","ProcessId":8177,"EventType":"SetValue","TargetObject":"HKCU\\Software\\Microsoft\\Office\\16.0\\Outlook\\Resiliency\\2390","Details":"1"}
{"UtcTime":"2026-08-12 10:19:51.000","Computer":"TN-FIN-WS042","User":"TRANSNORTE\\ops.cardoso","EventID":3,"Image":"C:\\Program Files\\Microsoft Office\\Office16\\OUTLOOK.EXE","ProcessGuid":"{BF7EDEEE-B565-2026-3998-CC06C962F1B6}","ProcessId":453,"DestinationIp":"1.1.1.1","DestinationPort":135,"SourceIp":"10.50.10.42","Protocol":"tcp"}
{"UtcTime":"2026-08-12 10:19:52.000","Computer":"TN-FIN-WS042","User":"TRANSNORTE\\ops.cardoso","EventID":11,"Image":"C:\\Windows\\explorer.exe","ProcessGuid":"{E9A9D573-665D-2026-0D0F-354C8C04E53E}","ProcessId":8380,"TargetFilename":"C:\\Users\\ops.cardoso\\AppData\\Local\\Temp\\office-2392.tmp"}
{"UtcTime":"2026-08-12 10:19:53.000","Computer":"TN-FIN-WS042","User":"TRANSNORTE\\backup_svc","EventID":13,"Image":"C:\\Program Files\\Google\\Chrome\\Application\\chrome.exe","ProcessGuid":"{4C18763E-DD2C-2026-2E2B-D68234508948}","ProcessId":6083,"EventType":"SetValue","TargetObject":"HKCU\\Software\\Microsoft\\Office\\16.0\\Outlook\\Resiliency\\2393","Details":"1"}
{"UtcTime":"2026-08-12 10:19:54.000","Computer":"TN-FIN-WS042","User":"TRANSNORTE\\ops.cardoso","EventID":1,"Image":"C:\\Program Files\\Google\\Chrome\\Application\\chrome.exe","ProcessGuid":"{521570F9-9A81-2026-A699-29ED074A3E07}","ProcessId":2878,"CommandLine":"C:\\Program Files\\Google\\Chrome\\Application\\chrome.exe","ParentImage":"C:\\Windows\\System32\\services.exe","ParentProcessGuid":"{6F8673C6-33E0-2026-751A-C8E7713A9FDC}","OriginalFileName":"C:\\Program Files\\Google\\Chrome\\Application\\chrome.exe","SHA256":"23710ae0a44dbc4e1ea7e3d45ae3342cb8ac18d25cd14304986171efd762eb52"}
{"UtcTime":"2026-08-12 10:19:55.000","Computer":"TN-FIN-WS042","User":"TRANSNORTE\\backup_svc","EventID":5,"Image":"C:\\Windows\\System32\\RuntimeBroker.exe","ProcessGuid":"{61D9C6A0-8979-2026-F2C5-1B8220BD2A4D}","ProcessId":1777,"EventType":"End"}
{"UtcTime":"2026-08-12 10:19:56.000","Computer":"TN-FIN-WS042","User":"TRANSNORTE\\ops.cardoso","EventID":1,"Image":"C:\\Windows\\System32\\conhost.exe","ProcessGuid":"{A10A6248-E638-2026-07CF-E972BD0226CC}","ProcessId":6107,"CommandLine":"C:\\Windows\\System32\\conhost.exe","ParentImage":"C:\\Windows\\System32\\services.exe","ParentProcessGuid":"{DD81745F-66C7-2026-5758-01FDF85DB3B0}","OriginalFileName":"C:\\Windows\\System32\\conhost.exe","SHA256":"d1d2bfe34e65e815d8e17ce624940b670469e029d11145b2ea9de2018305270f"}
{"UtcTime":"2026-08-12 10:19:57.000","Computer":"TN-FIN-WS042","User":"TRANSNORTE\\ops.cardoso","EventID":1,"Image":"C:\\Windows\\System32\\RuntimeBroker.exe","ProcessGuid":"{AB0BB564-8907-2026-BC4B-DFCFF44B7CDB}","ProcessId":7604,"CommandLine":"C:\\Windows\\System32\\RuntimeBroker.exe","ParentImage":"C:\\Windows\\System32\\services.exe","ParentProcessGuid":"{4EA0D217-3A04-2026-5F9F-50CA22D53F59}","OriginalFileName":"C:\\Windows\\System32\\RuntimeBroker.exe","SHA256":"fc24e0dd2cee1156b125ec95867ebc8dc73f105163adb47dcab4202276a41131"}
{"UtcTime":"2026-08-12 10:19:58.000","Computer":"TN-FIN-WS042","User":"TRANSNORTE\\ops.cardoso","EventID":5,"Image":"C:\\Program Files\\Google\\Chrome\\Application\\chrome.exe","ProcessGuid":"{72B03565-DAF8-2026-6DE2-45623F921E83}","ProcessId":8973,"EventType":"End"}
{"UtcTime":"2026-08-12 10:19:59.000","Computer":"TN-FIN-WS042","User":"TRANSNORTE\\ops.cardoso","EventID":3,"Image":"C:\\Windows\\System32\\conhost.exe","ProcessGuid":"{33D2D95F-1567-2026-B3EE-22C3A2C16B6E}","ProcessId":5226,"DestinationIp":"1.1.1.1","DestinationPort":8080,"SourceIp":"10.50.10.42","Protocol":"tcp"}
{"UtcTime":"2026-08-12 10:20:00.000","Computer":"TN-FIN-WS042","User":"TRANSNORTE\\ops.cardoso","EventID":1,"Image":"C:\\Windows\\System32\\RuntimeBroker.exe","ProcessGuid":"{C09DD959-907C-2026-4E5D-7A581FD69A6A}","ProcessId":831,"CommandLine":"C:\\Windows\\System32\\RuntimeBroker.exe","ParentImage":"C:\\Windows\\System32\\services.exe","ParentProcessGuid":"{193C0928-5988-2026-F893-144099E71104}","OriginalFileName":"C:\\Windows\\System32\\RuntimeBroker.exe","SHA256":"854b613c4051f51455276883cf451fcb53218d72802df9e52dbd08590d4e3e8b"}
{"UtcTime":"2026-08-12 10:20:01.000","Computer":"TN-FIN-WS042","User":"TRANSNORTE\\backup_svc","EventID":1,"Image":"C:\\Windows\\System32\\svchost.exe","ProcessGuid":"{1375C3D0-1658-2026-268C-B19903970A10}","ProcessId":4812,"CommandLine":"C:\\Windows\\System32\\svchost.exe","ParentImage":"C:\\Windows\\System32\\services.exe","ParentProcessGuid":"{73CE04D7-764D-2026-1C50-4ED6C80690BB}","OriginalFileName":"C:\\Windows\\System32\\svchost.exe","SHA256":"2656d6509b70008a8dd9323e789dd2b5706333828f1e708e7f1daa167634ebd3"}
{"UtcTime":"2026-08-12 10:20:02.000","Computer":"TN-FIN-WS042","User":"TRANSNORTE\\backup_svc","EventID":1,"Image":"C:\\Program Files\\Google\\Chrome\\Application\\chrome.exe","ProcessGuid":"{3DBAD260-B245-2026-B5FE-FA80158FCA90}","ProcessId":6134,"CommandLine":"C:\\Program Files\\Google\\Chrome\\Application\\chrome.exe","ParentImage":"C:\\Windows\\System32\\services.exe","ParentProcessGuid":"{EBEC84B5-DCAC-2026-5162-C4653E1DCE51}","OriginalFileName":"C:\\Program Files\\Google\\Chrome\\Application\\chrome.exe","SHA256":"fc8054e6e31d1732fd2d945ba99a9bde8b4f5aea906ab3d14f936a6f41568dc4"}
{"UtcTime":"2026-08-12 10:20:03.000","Computer":"TN-FIN-WS042","User":"TRANSNORTE\\backup_svc","EventID":3,"Image":"C:\\Windows\\System32\\RuntimeBroker.exe","ProcessGuid":"{4184BD02-3E19-2026-87E1-8ED6B870CF99}","ProcessId":1660,"DestinationIp":"8.8.8.8","DestinationPort":53,"SourceIp":"10.50.10.42","Protocol":"tcp"}
{"UtcTime":"2026-08-12 10:20:04.000","Computer":"TN-FIN-WS042","User":"TRANSNORTE\\backup_svc","EventID":1,"Image":"C:\\Windows\\explorer.exe","ProcessGuid":"{FE657608-20C5-2026-AF3B-0DDF16388F4C}","ProcessId":7398,"CommandLine":"C:\\Windows\\explorer.exe","ParentImage":"C:\\Windows\\System32\\services.exe","ParentProcessGuid":"{4DBFE073-4A3F-2026-8AF6-E6650C44D203}","OriginalFileName":"C:\\Windows\\explorer.exe","SHA256":"40bd0c6ac13c0b2e83a6e18ebdb2a3013a21c15fe4445bf9734027213f2a34a6"}
{"UtcTime":"2026-08-12 10:20:05.000","Computer":"TN-FIN-WS042","User":"TRANSNORTE\\backup_svc","EventID":13,"Image":"C:\\Windows\\explorer.exe","ProcessGuid":"{B3584201-9792-2026-DBC6-BF15E5320918}","ProcessId":2530,"EventType":"SetValue","TargetObject":"HKCU\\Software\\Microsoft\\Office\\16.0\\Outlook\\Resiliency\\2405","Details":"1"}
{"UtcTime":"2026-08-12 10:20:06.000","Computer":"TN-FIN-WS042","User":"TRANSNORTE\\backup_svc","EventID":11,"Image":"C:\\Windows\\System32\\RuntimeBroker.exe","ProcessGuid":"{D6776828-F0DF-2026-3E41-0311DC428DBF}","ProcessId":7975,"TargetFilename":"C:\\Users\\ops.cardoso\\AppData\\Local\\Temp\\office-2406.tmp"}
{"UtcTime":"2026-08-12 10:20:07.000","Computer":"TN-FIN-WS042","User":"TRANSNORTE\\backup_svc","EventID":1,"Image":"C:\\Windows\\System32\\conhost.exe","ProcessGuid":"{F74AF00B-8572-2026-6AD7-45FFBF6FD510}","ProcessId":3693,"CommandLine":"C:\\Windows\\System32\\conhost.exe","ParentImage":"C:\\Windows\\System32\\services.exe","ParentProcessGuid":"{60D29EA5-1AE3-2026-7F5B-E1876DEE5B0E}","OriginalFileName":"C:\\Windows\\System32\\conhost.exe","SHA256":"60f0df45c9da169e49cc42a1a766692f022d0234551b84f8156920610b26df6a"}
{"UtcTime":"2026-08-12 10:20:08.000","Computer":"TN-FIN-WS042","User":"TRANSNORTE\\ops.cardoso","EventID":1,"Image":"C:\\Program Files\\Microsoft Office\\Office16\\OUTLOOK.EXE","ProcessGuid":"{A6C9FB9E-5834-2026-1692-6FB03BE1AD1E}","ProcessId":7079,"CommandLine":"C:\\Program Files\\Microsoft Office\\Office16\\OUTLOOK.EXE","ParentImage":"C:\\Windows\\System32\\services.exe","ParentProcessGuid":"{AF8D2924-01C4-2026-361C-7CB49FAD7106}","OriginalFileName":"C:\\Program Files\\Microsoft Office\\Office16\\OUTLOOK.EXE","SHA256":"113a70bca9a6cab32b4ef5258365ee0f8a2ccb653c896b74436559ad3d98c604"}
{"UtcTime":"2026-08-12 10:20:09.000","Computer":"TN-FIN-WS042","User":"TRANSNORTE\\ops.cardoso","EventID":5,"Image":"C:\\Program Files\\Microsoft Office\\Office16\\OUTLOOK.EXE","ProcessGuid":"{A621F329-4297-2026-618A-0682B9D34748}","ProcessId":1630,"EventType":"End"}
{"UtcTime":"2026-08-12 10:20:10.000","Computer":"TN-FIN-WS042","User":"TRANSNORTE\\ops.cardoso","EventID":1,"Image":"C:\\Windows\\System32\\RuntimeBroker.exe","ProcessGuid":"{FA404664-72BC-2026-F0BD-C7F389B51339}","ProcessId":546,"CommandLine":"C:\\Windows\\System32\\RuntimeBroker.exe","ParentImage":"C:\\Windows\\System32\\services.exe","ParentProcessGuid":"{2E894F5B-615D-2026-0A86-D8D07ABA6C59}","OriginalFileName":"C:\\Windows\\System32\\RuntimeBroker.exe","SHA256":"437cd99c0dc9b751be8e64eeb3fc1682ed54b68f0db8e782e64aee4c560101e0"}
{"UtcTime":"2026-08-12 10:20:11.000","Computer":"TN-FIN-WS042","User":"TRANSNORTE\\backup_svc","EventID":11,"Image":"C:\\Windows\\System32\\conhost.exe","ProcessGuid":"{DB4CB9E5-FE14-2026-0394-3D4063EA959B}","ProcessId":1835,"TargetFilename":"C:\\Users\\ops.cardoso\\AppData\\Local\\Temp\\office-2411.tmp"}
{"UtcTime":"2026-08-12 10:20:12.000","Computer":"TN-FIN-WS042","User":"TRANSNORTE\\backup_svc","EventID":5,"Image":"C:\\Windows\\explorer.exe","ProcessGuid":"{DC3C87EF-69E6-2026-3210-5C4CBB0C96A4}","ProcessId":1528,"EventType":"End"}
