{"UtcTime":"2026-08-12 10:16:08.000","Computer":"TN-FIN-WS042","User":"TRANSNORTE\\ops.cardoso","EventID":1,"Image":"C:\\Program Files\\Google\\Chrome\\Application\\chrome.exe","ProcessGuid":"{1DE16682-706C-2026-71DB-119E446C8DD2}","ProcessId":7015,"CommandLine":"C:\\Program Files\\Google\\Chrome\\Application\\chrome.exe","ParentImage":"C:\\Windows\\System32\\services.exe","ParentProcessGuid":"{1E9583EF-5FD6-2026-29F4-8CDEEFD8F3DA}","OriginalFileName":"C:\\Program Files\\Google\\Chrome\\Application\\chrome.exe","SHA256":"67aeedf28fb3ba859f3700e896fe849f71d6ff83c69f8ad58ab94f742755b4dd"}
{"UtcTime":"2026-08-12 10:16:09.000","Computer":"TN-FIN-WS042","User":"TRANSNORTE\\backup_svc","EventID":1,"Image":"C:\\Windows\\explorer.exe","ProcessGuid":"{7F2947D0-F16C-2026-7265-8DBCBB07F2C7}","ProcessId":6268,"CommandLine":"C:\\Windows\\explorer.exe","ParentImage":"C:\\Windows\\System32\\services.exe","ParentProcessGuid":"{BD7F19B2-066C-2026-307C-DA7DEF11EDBD}","OriginalFileName":"C:\\Windows\\explorer.exe","SHA256":"5d186ee397b035b395145874ca8b96247f3610cad2e022dfba082d9c1f7afcd1"}
{"UtcTime":"2026-08-12 10:16:10.000","Computer":"TN-FIN-WS042","User":"TRANSNORTE\\ops.cardoso","EventID":3,"Image":"C:\\Program Files\\Microsoft Office\\Office16\\OUTLOOK.EXE","ProcessGuid":"{9A7C9586-A56A-2026-2ADD-85CD2712D8EB}","ProcessId":5114,"DestinationIp":"8.8.8.8","DestinationPort":443,"SourceIp":"10.50.10.42","Protocol":"tcp"}
{"UtcTime":"2026-08-12 10:16:11.000","Computer":"TN-FIN-WS042","User":"TRANSNORTE\\ops.cardoso","EventID":3,"Image":"C:\\Windows\\System32\\svchost.exe","ProcessGuid":"{9E70C987-CFC0-2026-1982-2A07C6F74A9B}","ProcessId":6571,"DestinationIp":"8.8.8.8","DestinationPort":443,"SourceIp":"10.50.10.42","Protocol":"tcp"}
{"UtcTime":"2026-08-12 10:16:12.000","Computer":"TN-FIN-WS042","User":"TRANSNORTE\\ops.cardoso","EventID":11,"Image":"C:\\Windows\\System32\\RuntimeBroker.exe","ProcessGuid":"{DCA6A8E6-E5E6-2026-4A6B-5877FF0E227B}","ProcessId":3529,"TargetFilename":"C:\\Users\\ops.cardoso\\AppData\\Local\\Temp\\office-2172.tmp"}
{"UtcTime":"2026-08-12 10:16:13.000","Computer":"TN-FIN-WS042","User":"TRANSNORTE\\ops.cardoso","EventID":1,"Image":"C:\\Program Files\\Google\\Chrome\\Application\\chrome.exe","ProcessGuid":"{3D4FA8C6-B489-2026-A3A4-FE777297815A}","ProcessId":8000,"CommandLine":"C:\\Program Files\\Google\\Chrome\\Application\\chrome.exe","ParentImage":"C:\\Windows\\System32\\services.exe","ParentProcessGuid":"{E27EE94C-35FC-2026-F0A4-3FA8C5DA13B6}","OriginalFileName":"C:\\Program Files\\Google\\Chrome\\Application\\chrome.exe","SHA256":"ad9c37dd30747b6bf85263e67273293292471294c3bc4731bc881a7201f95377"}
{"UtcTime":"2026-08-12 10:16:14.000","Computer":"TN-FIN-WS042","User":"TRANSNORTE\\ops.cardoso","EventID":13,"Image":"C:\\Program Files\\Microsoft Office\\Office16\\OUTLOOK.EXE","ProcessGuid":"{8B59F542-C01C-2026-42CE-85B4CA118933}","ProcessId":4609,"EventType":"SetValue","TargetObject":"HKCU\\Software\\Microsoft\\Office\\16.0\\Outlook\\Resiliency\\2174","Details":"1"}
{"UtcTime":"2026-08-12 10:16:15.000","Computer":"TN-FIN-WS042","User":"TRANSNORTE\\backup_svc","EventID":1,"Image":"C:\\Windows\\System32\\conhost.exe","ProcessGuid":"{228EF25D-0574-2026-0AB1-B6530FB873CD}","ProcessId":5248,"CommandLine":"C:\\Windows\\System32\\conhost.exe","ParentImage":"C:\\Windows\\System32\\services.exe","ParentProcessGuid":"{8F6B7BA2-9EA9-2026-2C61-35A51BF9358F}","OriginalFileName":"C:\\Windows\\System32\\conhost.exe","SHA256":"07b6bd7fddd515f96555051cf86e612801bc53c5d1d6b63c050072e841cad084"}
{"UtcTime":"2026-08-12 10:16:16.000","Computer":"TN-FIN-WS042","User":"TRANSNORTE\\backup_svc","EventID":3,"Image":"C:\\Program Files\\Google\\Chrome\\Application\\chrome.exe","ProcessGuid":"{465B8BBC-091C-2026-4F04-1219F8737E96}","ProcessId":5225,"DestinationIp":"10.50.10.10","DestinationPort":53,"SourceIp":"10.50.10.42","Protocol":"tcp"}
{"UtcTime":"2026-08-12 10:16:17.000","Computer":"TN-FIN-WS042","User":"TRANSNORTE\\ops.cardoso","EventID":3,"Image":"C:\\Windows\\explorer.exe","ProcessGuid":"{FAB05732-0E6A-2026-A3E2-B92B6B53D1C1}","ProcessId":2846,"DestinationIp":"10.50.10.10","DestinationPort":53,"SourceIp":"10.50.10.42","Protocol":"tcp"}
{"UtcTime":"2026-08-12 10:16:18.000","Computer":"TN-FIN-WS042","User":"TRANSNORTE\\backup_svc","EventID":1,"Image":"C:\\Program Files\\Google\\Chrome\\Application\\chrome.exe","ProcessGuid":"{7B0C99E1-A566-2026-83E7-2BD8BB754CC1}","ProcessId":1279,"CommandLine":"C:\\Program Files\\Google\\Chrome\\Application\\chrome.exe","ParentImage":"C:\\Windows\\System32\\services.exe","ParentProcessGuid":"{1E4F8325-7D42-2026-9980-CA66202C7F45}","OriginalFileName":"C:\\Program Files\\Google\\Chrome\\Application\\chrome.exe","SHA256":"c2bbb3e1051556fa7e37c257d4694230c92776fcf13a1ad81e135527b7b5b4b3"}
{"UtcTime":"2026-08-12 10:16:19.000","Computer":"TN-FIN-WS042","User":"TRANSNORTE\\backup_svc","EventID":3,"Image":"C:\\Program Files\\Google\\Chrome\\Application\\chrome.exe","ProcessGuid":"{4546BF23-D52E-2026-D54D-AC314EF5A97C}","ProcessId":6678,"DestinationIp":"10.50.10.10","DestinationPort":443,"SourceIp":"10.50.10.42","Protocol":"tcp"}
{"UtcTime":"2026-08-12 10:16:20.000","Computer":"TN-FIN-WS042","User":"TRANSNORTE\\backup_svc","EventID":1,"Image":"C:\\Windows\\explorer.exe","ProcessGuid":"{93ACF594-0342-2026-C43A-22742D92C8E7}","ProcessId":3199,"CommandLine":"C:\\Windows\\explorer.exe","ParentImage":"C:\\Windows\\System32\\services.exe","ParentProcessGuid":"{D3D67ABA-7D59-2026-8DB8-0EBB5ADEB6C9}","OriginalFileName":"C:\\Windows\\explorer.exe","SHA256":"651bc12fe7d6a685f3f4432bc149aa0239e59ae30f582d901a9fa67833e06912"}
{"UtcTime":"2026-08-12 10:16:21.000","Computer":"TN-FIN-WS042","User":"TRANSNORTE\\backup_svc","EventID":1,"Image":"C:\\Windows\\System32\\conhost.exe","ProcessGuid":"{5BAA7469-DFCF-2026-CB02-ECD023EA11A4}","ProcessId":3174,"CommandLine":"C:\\Windows\\System32\\conhost.exe","ParentImage":"C:\\Windows\\System32\\services.exe","ParentProcessGuid":"{A6F7FAF1-32D0-2026-70FF-2C7EE48DF145}","OriginalFileName":"C:\\Windows\\System32\\conhost.exe","SHA256":"cac395721f962d6fa5e524c93d9c19554ef67a2413da18046d4e9e68473c6fcc"}
{"UtcTime":"2026-08-12 10:16:22.000","Computer":"TN-FIN-WS042","User":"TRANSNORTE\\ops.cardoso","EventID":3,"Image":"C:\\Program Files\\Google\\Chrome\\Application\\chrome.exe","ProcessGuid":"{A20A0F38-E29D-2026-FE7C-E31409544D4F}","ProcessId":8713,"DestinationIp":"8.8.8.8","DestinationPort":8080,"SourceIp":"10.50.10.42","Protocol":"tcp"}
{"UtcTime":"2026-08-12 10:16:23.000","Computer":"TN-FIN-WS042","User":"TRANSNORTE\\ops.cardoso","EventID":13,"Image":"C:\\Windows\\System32\\RuntimeBroker.exe","ProcessGuid":"{727FEB79-5C49-2026-7669-D27E0DFE233F}","ProcessId":1504,"EventType":"SetValue","TargetObject":"HKCU\\Software\\Microsoft\\Office\\16.0\\Outlook\\Resiliency\\2183","Details":"1"}
{"UtcTime":"2026-08-12 10:16:24.000","Computer":"TN-FIN-WS042","User":"TRANSNORTE\\backup_svc","EventID":1,"Image":"C:\\Windows\\System32\\conhost.exe","ProcessGuid":"{AFDEB1A1-4393-2026-9CFB-B6D0463B0D8B}","ProcessId":5275,"CommandLine":"C:\\Windows\\System32\\conhost.exe","ParentImage":"C:\\Windows\\System32\\services.exe","ParentProcessGuid":"{8EB52960-3E2D-2026-508E-AF173F5602C0}","OriginalFileName":"C:\\Windows\\System32\\conhost.exe","SHA256":"da9918713647986294059fe520ed55c3c40ae7df96cb76d6477cad25a174fe61"}
{"UtcTime":"2026-08-12 10:16:25.000","Computer":"TN-FIN-WS042","User":"TRANSNORTE\\ops.cardoso","EventID":5,"Image":"C:\\Windows\\System32\\svchost.exe","ProcessGuid":"{931C20AA-14F5-2026-5288-9A1E69136FC4}","ProcessId":5359,"EventType":"End"}
{"UtcTime":"2026-08-12 10:16:26.000","Computer":"TN-FIN-WS042","User":"TRANSNORTE\\backup_svc","EventID":1,"Image":"C:\\Program Files\\Google\\Chrome\\Application\\chrome.exe","ProcessGuid":"{3EBA9AB7-6538-2026-0824-3C0CC34CF06F}","ProcessId":2818,"CommandLine":"C:\\Program Files\\Google\\Chrome\\Application\\chrome.exe","ParentImage":"C:\\Windows\\System32\\services.exe","ParentProcessGuid":"{90A11223-0426-2026-8F05-81EE938E726F}","OriginalFileName":"C:\\Program Files\\Google\\Chrome\\Application\\chrome.exe","SHA256":"67af3d8e111ab198860d1d0ef2fb140b40e8c7899a3ceaf55b729604dd8c5728"}
{"UtcTime":"2026-08-12 10:16:27.000","Computer":"TN-FIN-WS042","User":"TRANSNORTE\\backup_svc","EventID":11,"Image":"C:\\Program Files\\Microsoft Office\\Office16\\OUTLOOK.EXE","ProcessGuid":"{B115B78B-2079-2026-9394-9D0B39377F9C}","ProcessId":822,"TargetFilename":"C:\\Users\\ops.cardoso\\AppData\\Local\\Temp\\office-2187.tmp"}
{"UtcTime":"2026-08-12 10:16:28.000","Computer":"TN-FIN-WS042","User":"TRANSNORTE\\ops.cardoso","EventID":1,"Image":"C:\\Windows\\System32\\conhost.exe","ProcessGuid":"{3CFE674D-6B63-2026-84F3-DD3C48357A59}","ProcessId":4164,"CommandLine":"C:\\Windows\\System32\\conhost.exe","ParentImage":"C:\\Windows\\System32\\services.exe","ParentProcessGuid":"{F4A4DB9B-FE8F-2026-87AB-0803FA14EF2E}","OriginalFileName":"C:\\Windows\\System32\\conhost.exe","SHA256":"0c7c840d1fc9447bb623315d64faf78f18ab3d0775045e693045265b8d629281"}
{"UtcTime":"2026-08-12 10:16:29.000","Computer":"TN-FIN-WS042","User":"TRANSNORTE\\ops.cardoso","EventID":13,"Image":"C:\\Program Files\\Google\\Chrome\\Application\\chrome.exe","ProcessGuid":"{0B795C7E-2940-2026-1482-03304941573E}","ProcessId":1462,"EventType":"SetValue","TargetObject":"HKCU\\Software\\Microsoft\\Office\\16.0\\Outlook\\Resiliency\\2189","Details":"1"}
{"UtcTime":"2026-08-12 10:16:30.000","Computer":"TN-FIN-WS042","User":"TRANSNORTE\\backup_svc","EventID":1,"Image":"C:\\Program Files\\Microsoft Office\\Office16\\OUTLOOK.EXE","ProcessGuid":"{A628E078-2A5F-2026-134F-781FD3C1354B}","ProcessId":1029,"CommandLine":"C:\\Program Files\\Microsoft Office\\Office16\\OUTLOOK.EXE","ParentImage":"C:\\Windows\\System32\\services.exe","ParentProcessGuid":"{EB2F683F-1101-2026-7FC5-5EF0DF203410}","OriginalFileName":"C:\\Program Files\\Microsoft Office\\Office16\\OUTLOOK.EXE","SHA256":"2e781f8050702a023dbd1778122e50dce292592d3e4afb9ce57e4009e16ce8a2"}
{"UtcTime":"2026-08-12 10:16:31.000","Computer":"TN-FIN-WS042","User":"TRANSNORTE\\backup_svc","EventID":5,"Image":"C:\\Windows\\explorer.exe","ProcessGuid":"{5EB4450E-DC69-2026-13EB-72DF9AE2D74D}","ProcessId":745,"EventType":"End"}
{"UtcTime":"2026-08-12 10:16:32.000","Computer":"TN-FIN-WS042","User":"TRANSNORTE\\ops.cardoso","EventID":3,"Image":"C:\\Program Files\\Microsoft Office\\Office16\\OUTLOOK.EXE","ProcessGuid":"{2D60853F-84C4-2026-70DF-F6984E457DC2}","ProcessId":5048,"DestinationIp":"10.50.10.88","DestinationPort":8080,"SourceIp":"10.50.10.42","Protocol":"tcp"}
{"UtcTime":"2026-08-12 10:16:33.000","Computer":"TN-FIN-WS042","User":"TRANSNORTE\\backup_svc","EventID":3,"Image":"C:\\Windows\\System32\\RuntimeBroker.exe","ProcessGuid":"{C9A61053-8F7E-2026-3B9E-525DF2161EF5}","ProcessId":3734,"DestinationIp":"8.8.8.8","DestinationPort":135,"SourceIp":"10.50.10.42","Protocol":"tcp"}
{"UtcTime":"2026-08-12 10:16:34.000","Computer":"TN-FIN-WS042","User":"TRANSNORTE\\backup_svc","EventID":11,"Image":"C:\\Program Files\\Microsoft Office\\Office16\\OUTLOOK.EXE","ProcessGuid":"{211F6DAE-B725-2026-1487-E0A90FCB4ED8}","ProcessId":8882,"TargetFilename":"C:\\Users\\ops.cardoso\\AppData\\Local\\Temp\\office-2194.tmp"}
{"UtcTime":"2026-08-12 10:16:35.000","Computer":"TN-FIN-WS042","User":"TRANSNORTE\\backup_svc","EventID":1,"Image":"C:\\Program Files\\Google\\Chrome\\Application\\chrome.exe","ProcessGuid":"{32D45CA9-47D5-2026-45D2-6B4A3BF755B1}","ProcessId":5111,"CommandLine":"C:\\Program Files\\Google\\Chrome\\Application\\chrome.exe","ParentImage":"C:\\Windows\\System32\\services.exe","ParentProcessGuid":"{412387FA-58C7-2026-AD8B-34D3A57F12B4}","OriginalFileName":"C:\\Program Files\\Google\\Chrome\\Application\\chrome.exe","SHA256":"2510cd27100e0245b6a5a0339390c20d4da9b9e71e515b05a275f566d0a2ed23"}
{"UtcTime":"2026-08-12 10:16:36.000","Computer":"TN-FIN-WS042","User":"TRANSNORTE\\ops.cardoso","EventID":13,"Image":"C:\\Windows\\explorer.exe","ProcessGuid":"{8D30D859-8115-2026-2C6F-ABB7AE5A3B33}","ProcessId":3219,"EventType":"SetValue","TargetObject":"HKCU\\Software\\Microsoft\\Office\\16.0\\Outlook\\Resiliency\\2196","Details":"1"}
{"UtcTime":"2026-08-12 10:16:37.000","Computer":"TN-FIN-WS042","User":"TRANSNORTE\\ops.cardoso","EventID":3,"Image":"C:\\Windows\\System32\\RuntimeBroker.exe","ProcessGuid":"{6497A8FB-679F-2026-896C-065657426AEA}","ProcessId":7466,"DestinationIp":"10.50.10.10","DestinationPort":443,"SourceIp":"10.50.10.42","Protocol":"tcp"}
{"UtcTime":"2026-08-12 10:16:38.000","Computer":"TN-FIN-WS042","User":"TRANSNORTE\\ops.cardoso","EventID":11,"Image":"C:\\Windows\\explorer.exe","ProcessGuid":"{406A8051-AAB5-2026-B535-3DDEE5F1DE73}","ProcessId":3607,"TargetFilename":"C:\\Users\\ops.cardoso\\AppData\\Local\\Temp\\office-2198.tmp"}
{"UtcTime":"2026-08-12 10:16:39.000","Computer":"TN-FIN-WS042","User":"TRANSNORTE\\backup_svc","EventID":1,"Image":"C:\\Windows\\System32\\svchost.exe","ProcessGuid":"{91ABCCFF-D540-2026-5087-F616201B5891}","ProcessId":8655,"CommandLine":"C:\\Windows\\System32\\svchost.exe","ParentImage":"C:\\Windows\\System32\\services.exe","ParentProcessGuid":"{BF03EA2C-AF60-2026-A44C-EAA2336959EC}","OriginalFileName":"C:\\Windows\\System32\\svchost.exe","SHA256":"3a79a4a666fdd771eba95e9390027367fd168e9ebcf614020e3166dc5382cf2b"}
{"UtcTime":"2026-08-12 10:16:40.000","Computer":"TN-FIN-WS042","User":"TRANSNORTE\\backup_svc","EventID":5,"Image":"C:\\Windows\\System32\\RuntimeBroker.exe","ProcessGuid":"{41336014-9CDE-2026-6D36-A704C09B4DBB}","ProcessId":3451,"EventType":"End"}
{"UtcTime":"2026-08-12 10:16:41.000","Computer":"TN-FIN-WS042","User":"TRANSNORTE\\ops.cardoso","EventID":1,"Image":"C:\\Program Files\\Microsoft Office\\Office16\\OUTLOOK.EXE","ProcessGuid":"{AC07DDBC-05FD-2026-8E4D-37108F688D0F}","ProcessId":6221,"CommandLine":"C:\\Program Files\\Microsoft Office\\Office16\\OUTLOOK.EXE","ParentImage":"C:\\Windows\\System32\\services.exe","ParentProcessGuid":"{1BAE5F2A-0B9E-2026-85C7-0A783995197A}","OriginalFileName":"C:\\Program Files\\Microsoft Office\\Office16\\OUTLOOK.EXE","SHA256":"459b8e885f73c2d8b27d7c843589fdeb515a1218c5a671d9bcb8533ec2cc5efe"}
{"UtcTime":"2026-08-12 10:16:42.000","Computer":"TN-FIN-WS042","User":"TRANSNORTE\\backup_svc","EventID":5,"Image":"C:\\Windows\\System32\\RuntimeBroker.exe","ProcessGuid":"{8DB73828-E5B6-2026-7E16-EF66CA52C605}","ProcessId":3095,"EventType":"End"}
{"UtcTime":"2026-08-12 10:16:43.000","Computer":"TN-FIN-WS042","User":"TRANSNORTE\\backup_svc","EventID":13,"Image":"C:\\Windows\\explorer.exe","ProcessGuid":"{26E04D4D-BE8C-2026-30B3-3C883B99F65E}","ProcessId":5744,"EventType":"SetValue","TargetObject":"HKCU\\Software\\Microsoft\\Office\\16.0\\Outlook\\Resiliency\\2203","Details":"1"}
{"UtcTime":"2026-08-12 10:16:44.000","Computer":"TN-FIN-WS042","User":"TRANSNORTE\\ops.cardoso","EventID":11,"Image":"C:\\Windows\\System32\\svchost.exe","ProcessGuid":"{9E708FB1-BA67-2026-A830-9E5A985A93DD}","ProcessId":731,"TargetFilename":"C:\\Users\\ops.cardoso\\AppData\\Local\\Temp\\office-2204.tmp"}
{"UtcTime":"2026-08-12 10:16:45.000","Computer":"TN-FIN-WS042","User":"TRANSNORTE\\ops.cardoso","EventID":1,"Image":"C:\\Windows\\System32\\conhost.exe","ProcessGuid":"{204272F5-7877-2026-4662-0E6E07BA8524}","ProcessId":3953,"CommandLine":"C:\\Windows\\System32\\conhost.exe","ParentImage":"C:\\Windows\\System32\\services.exe","ParentProcessGuid":"{A329A762-5DF0-2026-56F6-3C0A04095EDF}","OriginalFileName":"C:\\Windows\\System32\\conhost.exe","SHA256":"0c197e01ac560cf8524f7f9b144132e44f3be71e8e691944c458dc292e927ade"}
{"UtcTime":"2026-08-12 10:16:46.000","Computer":"TN-FIN-WS042","User":"TRANSNORTE\\ops.cardoso","EventID":13,"Image":"C:\\Windows\\explorer.exe","ProcessGuid":"{048DDB53-D4C8-2026-5C8E-040827DA54B1}","ProcessId":2623,"EventType":"SetValue","TargetObject":"HKCU\\Software\\Microsoft\\Office\\16.0\\Outlook\\Resiliency\\2206","Details":"1"}
{"UtcTime":"2026-08-12 10:16:47.000","Computer":"TN-FIN-WS042","User":"TRANSNORTE\\backup_svc","EventID":1,"Image":"C:\\Windows\\System32\\conhost.exe","ProcessGuid":"{DF9D68B5-F9AC-2026-9CCB-9DE8DC4861DE}","ProcessId":1394,"CommandLine":"C:\\Windows\\System32\\conhost.exe","ParentImage":"C:\\Windows\\System32\\services.exe","ParentProcessGuid":"{573AC1C0-7D43-2026-1105-53CDE097D296}","OriginalFileName":"C:\\Windows\\System32\\conhost.exe","SHA256":"197562b36b44ba7f2ac835357420a1591feb9660f6c4130656c55c5cbad0edd1"}
{"UtcTime":"2026-08-12 10:16:48.000","Computer":"TN-FIN-WS042","User":"TRANSNORTE\\ops.cardoso","EventID":1,"Image":"C:\\Windows\\System32\\RuntimeBroker.exe","ProcessGuid":"{1E00AE27-678F-2026-4F6F-B9A6504F9FAB}","ProcessId":5069,"CommandLine":"C:\\Windows\\System32\\RuntimeBroker.exe","ParentImage":"C:\\Windows\\System32\\services.exe","ParentProcessGuid":"{911B5C33-67A1-2026-9310-EDBB88835DAD}","OriginalFileName":"C:\\Windows\\System32\\RuntimeBroker.exe","SHA256":"f324ecb2b93acfd0a0ed81a12068eea7a6e2b7359002b15ff8a2518d8ed5876a"}
{"UtcTime":"2026-08-12 10:16:49.000","Computer":"TN-FIN-WS042","User":"TRANSNORTE\\ops.cardoso","EventID":3,"Image":"C:\\Program Files\\Microsoft Office\\Office16\\OUTLOOK.EXE","ProcessGuid":"{0121C2C4-043A-2026-5A44-5939948C1918}","ProcessId":759,"DestinationIp":"1.1.1.1","DestinationPort":135,"SourceIp":"10.50.10.42","Protocol":"tcp"}
{"UtcTime":"2026-08-12 10:16:50.000","Computer":"TN-FIN-WS042","User":"TRANSNORTE\\ops.cardoso","EventID":1,"Image":"C:\\Program Files\\Google\\Chrome\\Application\\chrome.exe","ProcessGuid":"{77CE1C68-77BE-2026-05A8-225AE8A9649F}","ProcessId":4262,"CommandLine":"C:\\Program Files\\Google\\Chrome\\Application\\chrome.exe","ParentImage":"C:\\Windows\\System32\\services.exe","ParentProcessGuid":"{A97B2F84-EB4A-2026-AD64-6ABC768B0B14}","OriginalFileName":"C:\\Program Files\\Google\\Chrome\\Application\\chrome.exe","SHA256":"0993db689d882d7093158c3b9660fbd3fdd9ae72b4b1a040eaac65dc11725934"}
{"UtcTime":"2026-08-12 10:16:51.000","Computer":"TN-FIN-WS042","User":"TRANSNORTE\\ops.cardoso","EventID":1,"Image":"C:\\Windows\\System32\\svchost.exe","ProcessGuid":"{68FFA020-32BA-2026-A0B7-D472ACBC5FAF}","ProcessId":6721,"CommandLine":"C:\\Windows\\System32\\svchost.exe","ParentImage":"C:\\Windows\\System32\\services.exe","ParentProcessGuid":"{8C358762-A0AD-2026-C91F-B4B7928FF16C}","OriginalFileName":"C:\\Windows\\System32\\svchost.exe","SHA256":"1e8fc8c9fbb0fb62b8631f0653652691a90b98324c6ae2199d7be0983d94350a"}
{"UtcTime":"2026-08-12 10:16:52.000","Computer":"TN-FIN-WS042","User":"TRANSNORTE\\ops.cardoso","EventID":1,"Image":"C:\\Program Files\\Google\\Chrome\\Application\\chrome.exe","ProcessGuid":"{F8C75758-AA9C-2026-BC13-8C24AA30BE4D}","ProcessId":1248,"CommandLine":"C:\\Program Files\\Google\\Chrome\\Application\\chrome.exe","ParentImage":"C:\\Windows\\System32\\services.exe","ParentProcessGuid":"{9EBD3620-E062-2026-F685-0C24F7A93DA0}","OriginalFileName":"C:\\Program Files\\Google\\Chrome\\Application\\chrome.exe","SHA256":"90bc74f0c34eafb13e7735b939616229ded279c1ac70c5a74b341979e04fe3c5"}
{"UtcTime":"2026-08-12 10:16:53.000","Computer":"TN-FIN-WS042","User":"TRANSNORTE\\backup_svc","EventID":1,"Image":"C:\\Program Files\\Google\\Chrome\\Application\\chrome.exe","ProcessGuid":"{CC97B23C-DFC4-2026-5932-54B8A643DEDF}","ProcessId":1211,"CommandLine":"C:\\Program Files\\Google\\Chrome\\Application\\chrome.exe","ParentImage":"C:\\Windows\\System32\\services.exe","ParentProcessGuid":"{1290FEA4-BF1D-2026-B0EB-4BF53FAF1599}","OriginalFileName":"C:\\Program Files\\Google\\Chrome\\Application\\chrome.exe","SHA256":"4e4727ab84c8e099f40a21a28d16af32866e0e9928d2600304199124452f6024"}
{"UtcTime":"2026-08-12 10:16:54.000","Computer":"TN-FIN-WS042","User":"TRANSNORTE\\ops.cardoso","EventID":1,"Image":"C:\\Program Files\\Google\\Chrome\\Application\\chrome.exe","ProcessGuid":"{9BC2A925-623F-2026-EB7C-05D4E02A2FC5}","ProcessId":8184,"CommandLine":"C:\\Program Files\\Google\\Chrome\\Application\\chrome.exe","ParentImage":"C:\\Windows\\System32\\services.exe","ParentProcessGuid":"{78C0F7B6-9719-2026-71C8-02DADDBBB375}","OriginalFileName":"C:\\Program Files\\Google\\Chrome\\Application\\chrome.exe","SHA256":"d3bcfb18b1b9f1e0a5d20cb077c93dc66076fac91c2bea9852ee45533276c494"}
{"UtcTime":"2026-08-12 10:16:55.000","Computer":"TN-FIN-WS042","User":"TRANSNORTE\\backup_svc","EventID":11,"Image":"C:\\Program Files\\Google\\Chrome\\Application\\chrome.exe","ProcessGuid":"{5DC729F4-2B82-2026-1020-9A2DD3FB67AF}","ProcessId":2130,"TargetFilename":"C:\\Users\\ops.cardoso\\AppData\\Local\\Temp\\office-2215.tmp"}
{"UtcTime":"2026-08-12 10:16:56.000","Computer":"TN-FIN-WS042","User":"TRANSNORTE\\ops.cardoso","EventID":11,"Image":"C:\\Windows\\System32\\svchost.exe","ProcessGuid":"{0A298DE9-5150-2026-FB0E-69D5B89B4B37}","ProcessId":683,"TargetFilename":"C:\\Users\\ops.cardoso\\AppData\\Local\\Temp\\office-2216.tmp"}
{"UtcTime":"2026-08-12 10:16:57.000","Computer":"TN-FIN-WS042","User":"TRANSNORTE\\ops.cardoso","EventID":5,"Image":"C:\\Windows\\System32\\conhost.exe","ProcessGuid":"{F40BED68-EDA0-2026-D86E-6A38401D65B0}","ProcessId":6246,"EventType":"End"}
{"UtcTime":"2026-08-12 10:16:58.000","Computer":"TN-FIN-WS042","User":"TRANSNORTE\\ops.cardoso","EventID":13,"Image":"C:\\Windows\\System32\\conhost.exe","ProcessGuid":"{C35D77E2-DA3D-2026-7DF4-B6BD4C2F843B}","ProcessId":8322,"EventType":"SetValue","TargetObject":"HKCU\\Software\\Microsoft\\Office\\16.0\\Outlook\\Resiliency\\2218","Details":"1"}
{"UtcTime":"2026-08-12 10:16:59.000","Computer":"TN-FIN-WS042","User":"TRANSNORTE\\backup_svc","EventID":1,"Image":"C:\\Windows\\explorer.exe","ProcessGuid":"{83262B5D-CC08-2026-BC6D-5546EC2B456D}","ProcessId":5880,"CommandLine":"C:\\Windows\\explorer.exe","ParentImage":"C:\\Windows\\System32\\services.exe","ParentProcessGuid":"{C4C1190C-CD62-2026-1489-C373FF6FBA99}","OriginalFileName":"C:\\Windows\\explorer.exe","SHA256":"85cc65dd579b74666ab72315a5047116932711a7cb053641661155f578a0acc5"}
{"UtcTime":"2026-08-12 10:17:00.000","Computer":"TN-FIN-WS042","User":"TRANSNORTE\\ops.cardoso","EventID":1,"Image":"C:\\Windows\\explorer.exe","ProcessGuid":"{B178C346-1BB5-2026-F948-64399FCE792A}","ProcessId":6650,"CommandLine":"C:\\Windows\\explorer.exe","ParentImage":"C:\\Windows\\System32\\services.exe","ParentProcessGuid":"{81BEC9EC-8472-2026-A00E-99ADA5066A18}","OriginalFileName":"C:\\Windows\\explorer.exe","SHA256":"59b1ca142a6a27fde44099c519c4671ec3e1ae9cba035e53b3bc314e8ce0330c"}
{"UtcTime":"2026-08-12 10:17:01.000","Computer":"TN-FIN-WS042","User":"TRANSNORTE\\ops.cardoso","EventID":1,"Image":"C:\\Program Files\\Microsoft Office\\Office16\\OUTLOOK.EXE","ProcessGuid":"{8627FBE1-DCFE-2026-1EC0-9D27E9C76116}","ProcessId":411,"CommandLine":"C:\\Program Files\\Microsoft Office\\Office16\\OUTLOOK.EXE","ParentImage":"C:\\Windows\\System32\\services.exe","ParentProcessGuid":"{1055644A-A5DD-2026-3536-ECA32673A7E8}","OriginalFileName":"C:\\Program Files\\Microsoft Office\\Office16\\OUTLOOK.EXE","SHA256":"80bf1d35308d67f52ce01c1887561709ce47f28802625ca66ac1bfb3b874dc25"}
{"UtcTime":"2026-08-12 10:17:02.000","Computer":"TN-FIN-WS042","User":"TRANSNORTE\\backup_svc","EventID":1,"Image":"C:\\Windows\\System32\\RuntimeBroker.exe","ProcessGuid":"{5133A57E-2703-2026-5C57-69D6F19D92D5}","ProcessId":7677,"CommandLine":"C:\\Windows\\System32\\RuntimeBroker.exe","ParentImage":"C:\\Windows\\System32\\services.exe","ParentProcessGuid":"{80AFD541-4CE9-2026-A946-CECED803FE17}","OriginalFileName":"C:\\Windows\\System32\\RuntimeBroker.exe","SHA256":"1dc7a5c0eef53c50bbcffaf915b9d793b213e7d4a0dccdfa1d1054c954587a4a"}
{"UtcTime":"2026-08-12 10:17:03.000","Computer":"TN-FIN-WS042","User":"TRANSNORTE\\ops.cardoso","EventID":1,"Image":"C:\\Windows\\System32\\RuntimeBroker.exe","ProcessGuid":"{3A6B618A-85F5-2026-B4B6-4D87F76501D1}","ProcessId":5611,"CommandLine":"C:\\Windows\\System32\\RuntimeBroker.exe","ParentImage":"C:\\Windows\\System32\\services.exe","ParentProcessGuid":"{0421571E-C200-2026-CD9E-71C2EE3B43C7}","OriginalFileName":"C:\\Windows\\System32\\RuntimeBroker.exe","SHA256":"2065d9712271e6f7d3da02bfa78c06010e229b1924ca82613739e057cec0dd7b"}
{"UtcTime":"2026-08-12 10:17:04.000","Computer":"TN-FIN-WS042","User":"TRANSNORTE\\ops.cardoso","EventID":13,"Image":"C:\\Windows\\System32\\conhost.exe","ProcessGuid":"{4B8D3BF8-81E8-2026-2A07-09F100C21EC0}","ProcessId":3241,"EventType":"SetValue","TargetObject":"HKCU\\Software\\Microsoft\\Office\\16.0\\Outlook\\Resiliency\\2224","Details":"1"}
{"UtcTime":"2026-08-12 10:17:05.000","Computer":"TN-FIN-WS042","User":"TRANSNORTE\\backup_svc","EventID":13,"Image":"C:\\Windows\\System32\\conhost.exe","ProcessGuid":"{7534B8A8-5BAC-2026-EC07-301505E654E7}","ProcessId":6575,"EventType":"SetValue","TargetObject":"HKCU\\Software\\Microsoft\\Office\\16.0\\Outlook\\Resiliency\\2225","Details":"1"}
{"UtcTime":"2026-08-12 10:17:06.000","Computer":"TN-FIN-WS042","User":"TRANSNORTE\\ops.cardoso","EventID":11,"Image":"C:\\Windows\\System32\\svchost.exe","ProcessGuid":"{A4D97EE0-8E85-2026-3621-C7E5A8D33A0F}","ProcessId":3578,"TargetFilename":"C:\\Users\\ops.cardoso\\AppData\\Local\\Temp\\office-2226.tmp"}
{"UtcTime":"2026-08-12 10:17:07.000","Computer":"TN-FIN-WS042","User":"TRANSNORTE\\backup_svc","EventID":5,"Image":"C:\\Program Files\\Google\\Chrome\\Application\\chrome.exe","ProcessGuid":"{18C00962-7BEE-2026-94C2-E0637B478088}","ProcessId":4288,"EventType":"End"}
{"UtcTime":"2026-08-12 10:17:08.000","Computer":"TN-FIN-WS042","User":"TRANSNORTE\\ops.cardoso","EventID":3,"Image":"C:\\Windows\\explorer.exe","ProcessGuid":"{AFCFE224-E872-2026-B143-3B004AD8EE26}","ProcessId":1543,"DestinationIp":"10.50.10.10","DestinationPort":443,"SourceIp":"10.50.10.42","Protocol":"tcp"}
{"UtcTime":"2026-08-12 10:17:09.000","Computer":"TN-FIN-WS042","User":"TRANSNORTE\\backup_svc","EventID":5,"Image":"C:\\Windows\\explorer.exe","ProcessGuid":"{24614B98-FF71-2026-2DD8-D2A5C402266C}","ProcessId":6592,"EventType":"End"}
{"UtcTime":"2026-08-12 10:17:10.000","Computer":"TN-FIN-WS042","User":"TRANSNORTE\\ops.cardoso","EventID":1,"Image":"C:\\Windows\\explorer.exe","ProcessGuid":"{5ECBA09C-E953-2026-49D4-647F7C5A9AD9}","ProcessId":4291,"CommandLine":"C:\\Windows\\explorer.exe","ParentImage":"C:\\Windows\\System32\\services.exe","ParentProcessGuid":"{E2D7730C-E4F2-2026-461F-2C867C12E44D}","OriginalFileName":"C:\\Windows\\explorer.exe","SHA256":"857573a437deadadf78f01a1da61d0c18a8d37b533ef477dda4386456e14ff69"}
{"UtcTime":"2026-08-12 10:17:11.000","Computer":"TN-FIN-WS042","User":"TRANSNORTE\\ops.cardoso","EventID":1,"Image":"C:\\Windows\\System32\\svchost.exe","ProcessGuid":"{372DBAE7-F549-2026-FE6D-D2ACBFC3BD27}","ProcessId":6907,"CommandLine":"C:\\Windows\\System32\\svchost.exe","ParentImage":"C:\\Windows\\System32\\services.exe","ParentProcessGuid":"{064CE793-72BA-2026-454F-F90AA2C54536}","OriginalFileName":"C:\\Windows\\System32\\svchost.exe","SHA256":"0b07ce58ea852c983770a188c83eabeb954eb25c3ffebeab90335d16569eae36"}
{"UtcTime":"2026-08-12 10:17:12.000","Computer":"TN-FIN-WS042","User":"TRANSNORTE\\backup_svc","EventID":3,"Image":"C:\\Windows\\System32\\RuntimeBroker.exe","ProcessGuid":"{3250E23C-6415-2026-9229-8E7B02B67312}","ProcessId":6336,"DestinationIp":"10.50.10.88","DestinationPort":443,"SourceIp":"10.50.10.42","Protocol":"tcp"}
{"UtcTime":"2026-08-12 10:17:13.000","Computer":"TN-FIN-WS042","User":"TRANSNORTE\\backup_svc","EventID":5,"Image":"C:\\Program Files\\Microsoft Office\\Office16\\OUTLOOK.EXE","ProcessGuid":"{F262A496-56CA-2026-0DDD-96E3EDBCC71F}","ProcessId":3443,"EventType":"End"}
{"UtcTime":"2026-08-12 10:17:14.000","Computer":"TN-FIN-WS042","User":"TRANSNORTE\\ops.cardoso","EventID":1,"Image":"C:\\Windows\\System32\\RuntimeBroker.exe","ProcessGuid":"{D823445E-4148-2026-CF4A-73C5819C9A5D}","ProcessId":3429,"CommandLine":"C:\\Windows\\System32\\RuntimeBroker.exe","ParentImage":"C:\\Windows\\System32\\services.exe","ParentProcessGuid":"{7913261B-E4BE-2026-A0BD-1072B085A45D}","OriginalFileName":"C:\\Windows\\System32\\RuntimeBroker.exe","SHA256":"0662e21f7049f2a8ae9a2985548d310abdd6cae7ed00d18956b8ec9cfc7d9405"}
{"UtcTime":"2026-08-12 10:17:15.000","Computer":"TN-FIN-WS042","User":"TRANSNORTE\\ops.cardoso","EventID":1,"Image":"C:\\Windows\\System32\\conhost.exe","ProcessGuid":"{2ECA46CF-11C0-2026-CC15-EBAA30FA7F1E}","ProcessId":2416,"CommandLine":"C:\\Windows\\System32\\conhost.exe","ParentImage":"C:\\Windows\\System32\\services.exe","ParentProcessGuid":"{46B627B4-8D79-2026-83FE-D9D58A9DEEF7}","OriginalFileName":"C:\\Windows\\System32\\conhost.exe","SHA256":"d07cb6c599f71de86ebf15ac2e1625ab2aa02f4c3bb2e34643533502dd420dca"}
{"UtcTime":"2026-08-12 10:17:16.000","Computer":"TN-FIN-WS042","User":"TRANSNORTE\\ops.cardoso","EventID":11,"Image":"C:\\Program Files\\Microsoft Office\\Office16\\OUTLOOK.EXE","ProcessGuid":"{00665AC7-4F1E-2026-741D-FBF81483063B}","ProcessId":7982,"TargetFilename":"C:\\Users\\ops.cardoso\\AppData\\Local\\Temp\\office-2236.tmp"}
{"UtcTime":"2026-08-12 10:17:17.000","Computer":"TN-FIN-WS042","User":"TRANSNORTE\\ops.cardoso","EventID":5,"Image":"C:\\Program Files\\Microsoft Office\\Office16\\OUTLOOK.EXE","ProcessGuid":"{3588663A-CBDC-2026-B593-D0F4E77C170A}","ProcessId":2688,"EventType":"End"}
{"UtcTime":"2026-08-12 10:17:18.000","Computer":"TN-FIN-WS042","User":"TRANSNORTE\\ops.cardoso","EventID":13,"Image":"C:\\Program Files\\Google\\Chrome\\Application\\chrome.exe","ProcessGuid":"{4642A5F3-A027-2026-DA4D-267DFBC52DE9}","ProcessId":2433,"EventType":"SetValue","TargetObject":"HKCU\\Software\\Microsoft\\Office\\16.0\\Outlook\\Resiliency\\2238","Details":"1"}
{"UtcTime":"2026-08-12 10:17:19.000","Computer":"TN-FIN-WS042","User":"TRANSNORTE\\ops.cardoso","EventID":3,"Image":"C:\\Windows\\explorer.exe","ProcessGuid":"{9AD49535-B6ED-2026-D215-CBF7E2D84F67}","ProcessId":1976,"DestinationIp":"10.50.10.10","DestinationPort":443,"SourceIp":"10.50.10.42","Protocol":"tcp"}
{"UtcTime":"2026-08-12 10:17:20.000","Computer":"TN-FIN-WS042","User":"TRANSNORTE\\backup_svc","EventID":1,"Image":"C:\\Program Files\\Microsoft Office\\Office16\\OUTLOOK.EXE","ProcessGuid":"{B126F592-8CD4-2026-3535-33D96FE12D15}","ProcessId":1432,"CommandLine":"C:\\Program Files\\Microsoft Office\\Office16\\OUTLOOK.EXE","ParentImage":"C:\\Windows\\System32\\services.exe","ParentProcessGuid":"{08136C33-0E42-2026-CB81-20AF55B24FF7}","OriginalFileName":"C:\\Program Files\\Microsoft Office\\Office16\\OUTLOOK.EXE","SHA256":"43b48d571e89b6759114b90130d62a775a4700ae6f21957b24ac2cdd42678f18"}
{"UtcTime":"2026-08-12 10:17:21.000","Computer":"TN-FIN-WS042","User":"TRANSNORTE\\backup_svc","EventID":5,"Image":"C:\\Program Files\\Microsoft Office\\Office16\\OUTLOOK.EXE","ProcessGuid":"{9846BB86-D43B-2026-339C-B062DB018A23}","ProcessId":1071,"EventType":"End"}
{"UtcTime":"2026-08-12 10:17:22.000","Computer":"TN-FIN-WS042","User":"TRANSNORTE\\backup_svc","EventID":1,"Image":"C:\\Windows\\System32\\conhost.exe","ProcessGuid":"{955EEADA-3484-2026-EE6A-5237E7BECC52}","ProcessId":3250,"CommandLine":"C:\\Windows\\System32\\conhost.exe","ParentImage":"C:\\Windows\\System32\\services.exe","ParentProcessGuid":"{01FF814E-546D-2026-3D3C-57883125E2DA}","OriginalFileName":"C:\\Windows\\System32\\conhost.exe","SHA256":"24d41e08d085fc76cbed39845b5d1a2dc82755aeb9139ebf978d538f716e3040"}
{"UtcTime":"2026-08-12 10:17:23.000","Computer":"TN-FIN-WS042","User":"TRANSNORTE\\backup_svc","EventID":1,"Image":"C:\\Program Files\\Microsoft Office\\Office16\\OUTLOOK.EXE","ProcessGuid":"{2A75B9AD-140D-2026-801F-EBFD68E7E503}","ProcessId":1939,"CommandLine":"C:\\Program Files\\Microsoft Office\\Office16\\OUTLOOK.EXE","ParentImage":"C:\\Windows\\System32\\services.exe","ParentProcessGuid":"{FBBD16B0-561C-2026-3B3D-CDF9E17792A6}","OriginalFileName":"C:\\Program Files\\Microsoft Office\\Office16\\OUTLOOK.EXE","SHA256":"1dc0871a0a91f6f3234624dddbbb7133abb3e50a9f958d12f25e29962b2f3538"}
{"UtcTime":"2026-08-12 10:17:24.000","Computer":"TN-FIN-WS042","User":"TRANSNORTE\\ops.cardoso","EventID":11,"Image":"C:\\Windows\\explorer.exe","ProcessGuid":"{32856962-5E55-2026-8B24-600CFE50E61C}","ProcessId":5629,"TargetFilename":"C:\\Users\\ops.cardoso\\AppData\\Local\\Temp\\office-2244.tmp"}
{"UtcTime":"2026-08-12 10:17:25.000","Computer":"TN-FIN-WS042","User":"TRANSNORTE\\backup_svc","EventID":5,"Image":"C:\\Program Files\\Microsoft Office\\Office16\\OUTLOOK.EXE","ProcessGuid":"{A333DF57-4441-2026-FFF4-C05599423EC0}","ProcessId":499,"EventType":"End"}
{"UtcTime":"2026-08-12 10:17:26.000","Computer":"TN-FIN-WS042","User":"TRANSNORTE\\ops.cardoso","EventID":1,"Image":"C:\\Windows\\System32\\RuntimeBroker.exe","ProcessGuid":"{9E6FE101-395C-2026-5ECB-7008B5A3030E}","ProcessId":2719,"CommandLine":"C:\\Windows\\System32\\RuntimeBroker.exe","ParentImage":"C:\\Windows\\System32\\services.exe","ParentProcessGuid":"{440A3A31-79DE-2026-F80C-63E3D7FE8862}","OriginalFileName":"C:\\Windows\\System32\\RuntimeBroker.exe","SHA256":"ff49b3001179786460d9f45ee968b188d10ca324ed15dfc40c2c2ba1f1c182f4"}
{"UtcTime":"2026-08-12 10:17:27.000","Computer":"TN-FIN-WS042","User":"TRANSNORTE\\backup_svc","EventID":1,"Image":"C:\\Windows\\System32\\conhost.exe","ProcessGuid":"{4FD96819-67FB-2026-4A84-AFDBD5A6FCC0}","ProcessId":4029,"CommandLine":"C:\\Windows\\System32\\conhost.exe","ParentImage":"C:\\Windows\\System32\\services.exe","ParentProcessGuid":"{DCAC3C64-E255-2026-59C1-4C226E4C4D88}","OriginalFileName":"C:\\Windows\\System32\\conhost.exe","SHA256":"e80d8a0469971abb80ef4b99733b69836a8fa253f2105dbcb67d00a314ab60f1"}
{"UtcTime":"2026-08-12 10:17:28.000","Computer":"TN-FIN-WS042","User":"TRANSNORTE\\ops.cardoso","EventID":13,"Image":"C:\\Windows\\System32\\RuntimeBroker.exe","ProcessGuid":"{DEDE56A8-60A5-2026-A9FA-85271EF2A5F5}","ProcessId":6208,"EventType":"SetValue","TargetObject":"HKCU\\Software\\Microsoft\\Office\\16.0\\Outlook\\Resiliency\\2248","Details":"1"}
{"UtcTime":"2026-08-12 10:17:29.000","Computer":"TN-FIN-WS042","User":"TRANSNORTE\\ops.cardoso","EventID":5,"Image":"C:\\Windows\\explorer.exe","ProcessGuid":"{C14B5F54-59AC-2026-3A5B-02FB54754355}","ProcessId":504,"EventType":"End"}
{"UtcTime":"2026-08-12 10:17:30.000","Computer":"TN-FIN-WS042","User":"TRANSNORTE\\ops.cardoso","EventID":13,"Image":"C:\\Windows\\explorer.exe","ProcessGuid":"{13725E03-9BDE-2026-B5CF-FC4922B514C1}","ProcessId":848,"EventType":"SetValue","TargetObject":"HKCU\\Software\\Microsoft\\Office\\16.0\\Outlook\\Resiliency\\2250","Details":"1"}
{"UtcTime":"2026-08-12 10:17:31.000","Computer":"TN-FIN-WS042","User":"TRANSNORTE\\ops.cardoso","EventID":3,"Image":"C:\\Windows\\System32\\RuntimeBroker.exe","ProcessGuid":"{6B39EB28-C53C-2026-3A54-D4EBBDC090DA}","ProcessId":1926,"DestinationIp":"1.1.1.1","DestinationPort":53,"SourceIp":"10.50.10.42","Protocol":"tcp"}
{"UtcTime":"2026-08-12 10:17:32.000","Computer":"TN-FIN-WS042","User":"TRANSNORTE\\ops.cardoso","EventID":3,"Image":"C:\\Windows\\System32\\svchost.exe","ProcessGuid":"{38ADC577-58CD-2026-E642-46ED7578BB59}","ProcessId":7262,"DestinationIp":"10.50.10.10","DestinationPort":135,"SourceIp":"10.50.10.42","Protocol":"tcp"}
{"UtcTime":"2026-08-12 10:17:33.000","Computer":"TN-FIN-WS042","User":"TRANSNORTE\\ops.cardoso","EventID":13,"Image":"C:\\Windows\\explorer.exe","ProcessGuid":"{D5FDE0BA-1092-2026-5F38-D9E467F6EA2D}","ProcessId":8979,"EventType":"SetValue","TargetObject":"HKCU\\Software\\Microsoft\\Office\\16.0\\Outlook\\Resiliency\\2253","Details":"1"}
{"UtcTime":"2026-08-12 10:17:34.000","Computer":"TN-FIN-WS042","User":"TRANSNORTE\\backup_svc","EventID":13,"Image":"C:\\Windows\\System32\\conhost.exe","ProcessGuid":"{2EF1BF58-A01C-2026-6F6C-1A52A9462BD0}","ProcessId":7223,"EventType":"SetValue","TargetObject":"HKCU\\Software\\Microsoft\\Office\\16.0\\Outlook\\Resiliency\\2254","Details":"1"}
{"UtcTime":"2026-08-12 10:17:35.000","Computer":"TN-FIN-WS042","User":"TRANSNORTE\\ops.cardoso","EventID":1,"Image":"C:\\Program Files\\Microsoft Office\\Office16\\OUTLOOK.EXE","ProcessGuid":"{6469F989-0E9A-2026-4875-B441F17135E9}","ProcessId":1777,"CommandLine":"C:\\Program Files\\Microsoft Office\\Office16\\OUTLOOK.EXE","ParentImage":"C:\\Windows\\System32\\services.exe","ParentProcessGuid":"{996CFB2F-EE47-2026-3E88-2FE0927F6E41}","OriginalFileName":"C:\\Program Files\\Microsoft Office\\Office16\\OUTLOOK.EXE","SHA256":"bd3d0cb7609b09e6c3119735da3a50ea4af87cc20acf113e84abfd8595bd0f09"}
{"UtcTime":"2026-08-12 10:17:36.000","Computer":"TN-FIN-WS042","User":"TRANSNORTE\\backup_svc","EventID":11,"Image":"C:\\Windows\\explorer.exe","ProcessGuid":"{4FD59F94-7798-2026-524F-1B6D4F9BDCAB}","ProcessId":3034,"TargetFilename":"C:\\Users\\ops.cardoso\\AppData\\Local\\Temp\\office-2256.tmp"}
{"UtcTime":"2026-08-12 10:17:37.000","Computer":"TN-FIN-WS042","User":"TRANSNORTE\\ops.cardoso","EventID":5,"Image":"C:\\Windows\\System32\\svchost.exe","ProcessGuid":"{EEF6B336-1DE2-2026-9BF1-AB1852CB42A5}","ProcessId":7839,"EventType":"End"}
{"UtcTime":"2026-08-12 10:17:38.000","Computer":"TN-FIN-WS042","User":"TRANSNORTE\\ops.cardoso","EventID":1,"Image":"C:\\Windows\\System32\\RuntimeBroker.exe","ProcessGuid":"{A3E70678-6AEC-2026-742B-41DF662E6EF0}","ProcessId":5551,"CommandLine":"C:\\Windows\\System32\\RuntimeBroker.exe","ParentImage":"C:\\Windows\\System32\\services.exe","ParentProcessGuid":"{EF1D1668-B207-2026-2E60-4414B81F7A1E}","OriginalFileName":"C:\\Windows\\System32\\RuntimeBroker.exe","SHA256":"56b301ffb042cb5d9cd3118a6ca783f63a4c7746c50d8de3a4d4ccc715d1a1c8"}
{"UtcTime":"2026-08-12 10:17:39.000","Computer":"TN-FIN-WS042","User":"TRANSNORTE\\ops.cardoso","EventID":5,"Image":"C:\\Program Files\\Google\\Chrome\\Application\\chrome.exe","ProcessGuid":"{C965B389-5012-2026-25FC-46BF43914CB5}","ProcessId":8742,"EventType":"End"}
{"UtcTime":"2026-08-12 10:17:40.000","Computer":"TN-FIN-WS042","User":"TRANSNORTE\\ops.cardoso","EventID":13,"Image":"C:\\Windows\\System32\\svchost.exe","ProcessGuid":"{88CF6CF1-966E-2026-7F31-53D4D612B1DC}","ProcessId":3734,"EventType":"SetValue","TargetObject":"HKCU\\Software\\Microsoft\\Office\\16.0\\Outlook\\Resiliency\\2260","Details":"1"}
{"UtcTime":"2026-08-12 10:17:41.000","Computer":"TN-FIN-WS042","User":"TRANSNORTE\\ops.cardoso","EventID":3,"Image":"C:\\Windows\\explorer.exe","ProcessGuid":"{CB2D016F-FC85-2026-4766-5351C81F06D3}","ProcessId":3516,"DestinationIp":"10.50.10.10","DestinationPort":135,"SourceIp":"10.50.10.42","Protocol":"tcp"}
{"UtcTime":"2026-08-12 10:17:42.000","Computer":"TN-FIN-WS042","User":"TRANSNORTE\\backup_svc","EventID":1,"Image":"C:\\Windows\\System32\\svchost.exe","ProcessGuid":"{37B13A5E-3D3C-2026-49AE-0E4F963982D7}","ProcessId":2417,"CommandLine":"C:\\Windows\\System32\\svchost.exe","ParentImage":"C:\\Windows\\System32\\services.exe","ParentProcessGuid":"{1B465A9D-48D8-2026-38CE-1CF379C63E2C}","OriginalFileName":"C:\\Windows\\System32\\svchost.exe","SHA256":"da70cd09c4f10f8287a2940dcabbd42fab2b2b7e190d28acbef346544896a48b"}
{"UtcTime":"2026-08-12 10:17:43.000","Computer":"TN-FIN-WS042","User":"TRANSNORTE\\ops.cardoso","EventID":11,"Image":"C:\\Windows\\System32\\conhost.exe","ProcessGuid":"{2901208D-745A-2026-87E5-DF64D66D9D8A}","ProcessId":625,"TargetFilename":"C:\\Users\\ops.cardoso\\AppData\\Local\\Temp\\office-2263.tmp"}
{"UtcTime":"2026-08-12 10:17:44.000","Computer":"TN-FIN-WS042","User":"TRANSNORTE\\ops.cardoso","EventID":1,"Image":"C:\\Program Files\\Microsoft Office\\Office16\\OUTLOOK.EXE","ProcessGuid":"{EE7ADE4D-5893-2026-EEF1-021081CC036C}","ProcessId":4028,"CommandLine":"C:\\Program Files\\Microsoft Office\\Office16\\OUTLOOK.EXE","ParentImage":"C:\\Windows\\System32\\services.exe","ParentProcessGuid":"{02C44A95-B0FA-2026-C312-E9477367DE75}","OriginalFileName":"C:\\Program Files\\Microsoft Office\\Office16\\OUTLOOK.EXE","SHA256":"63b9bd12186a0b659123a1f0d51955d09304536a2cb0cf5f4d72c45182aa5beb"}
{"UtcTime":"2026-08-12 10:17:45.000","Computer":"TN-FIN-WS042","User":"TRANSNORTE\\backup_svc","EventID":1,"Image":"C:\\Program Files\\Microsoft Office\\Office16\\OUTLOOK.EXE","ProcessGuid":"{E6A05099-B23B-2026-39FF-DBA4F00313A0}","ProcessId":1242,"CommandLine":"C:\\Program Files\\Microsoft Office\\Office16\\OUTLOOK.EXE","ParentImage":"C:\\Windows\\System32\\services.exe","ParentProcessGuid":"{E65E720A-69C9-2026-ADD7-AFB59E502247}","OriginalFileName":"C:\\Program Files\\Microsoft Office\\Office16\\OUTLOOK.EXE","SHA256":"321dcf36e4c1606a4a213fcfbfa317cfbd9ec0b5b8d692b5c8eed49961734638"}
{"UtcTime":"2026-08-12 10:17:46.000","Computer":"TN-FIN-WS042","User":"TRANSNORTE\\backup_svc","EventID":1,"Image":"C:\\Program Files\\Microsoft Office\\Office16\\OUTLOOK.EXE","ProcessGuid":"{241BA138-8E8C-2026-1531-C94180281B88}","ProcessId":8008,"CommandLine":"C:\\Program Files\\Microsoft Office\\Office16\\OUTLOOK.EXE","ParentImage":"C:\\Windows\\System32\\services.exe","ParentProcessGuid":"{4982CB54-770D-2026-8E03-3DE2FB9DE7D1}","OriginalFileName":"C:\\Program Files\\Microsoft Office\\Office16\\OUTLOOK.EXE","SHA256":"a270e458f1efaf52728ac87880aa058631d1569a72c0580562eb5804cf3c3e0b"}
{"UtcTime":"2026-08-12 10:17:47.000","Computer":"TN-FIN-WS042","User":"TRANSNORTE\\ops.cardoso","EventID":13,"Image":"C:\\Windows\\System32\\RuntimeBroker.exe","ProcessGuid":"{29B6EDD6-11D4-2026-D952-308F93FD6ABB}","ProcessId":5136,"EventType":"SetValue","TargetObject":"HKCU\\Software\\Microsoft\\Office\\16.0\\Outlook\\Resiliency\\2267","Details":"1"}
{"UtcTime":"2026-08-12 10:17:48.000","Computer":"TN-FIN-WS042","User":"TRANSNORTE\\backup_svc","EventID":11,"Image":"C:\\Windows\\System32\\svchost.exe","ProcessGuid":"{162A1BEC-50F7-2026-AFDD-556A78AA7293}","ProcessId":4418,"TargetFilename":"C:\\Users\\ops.cardoso\\AppData\\Local\\Temp\\office-2268.tmp"}
{"UtcTime":"2026-08-12 10:17:49.000","Computer":"TN-FIN-WS042","User":"TRANSNORTE\\backup_svc","EventID":13,"Image":"C:\\Windows\\System32\\RuntimeBroker.exe","ProcessGuid":"{C09D11AE-1AEB-2026-6B26-FEB7450A1E1A}","ProcessId":1435,"EventType":"SetValue","TargetObject":"HKCU\\Software\\Microsoft\\Office\\16.0\\Outlook\\Resiliency\\2269","Details":"1"}
{"UtcTime":"2026-08-12 10:17:50.000","Computer":"TN-FIN-WS042","User":"TRANSNORTE\\backup_svc","EventID":1,"Image":"C:\\Windows\\System32\\svchost.exe","ProcessGuid":"{4E77D2FF-E306-2026-4371-D0FBE55B39F1}","ProcessId":8166,"CommandLine":"C:\\Windows\\System32\\svchost.exe","ParentImage":"C:\\Windows\\System32\\services.exe","ParentProcessGuid":"{E8E8608A-228A-2026-0D30-F06462E7344F}","OriginalFileName":"C:\\Windows\\System32\\svchost.exe","SHA256":"c9f53a59841c60d992d4c0b755998495f6dfcceabd77c594f6455ee809287cbd"}
{"UtcTime":"2026-08-12 10:17:51.000","Computer":"TN-FIN-WS042","User":"TRANSNORTE\\backup_svc","EventID":1,"Image":"C:\\Windows\\explorer.exe","ProcessGuid":"{3E696876-4494-2026-F377-0E3A7D1BC026}","ProcessId":8218,"CommandLine":"C:\\Windows\\explorer.exe","ParentImage":"C:\\Windows\\System32\\services.exe","ParentProcessGuid":"{0CA1C4F3-A681-2026-C4BA-10C7DB194050}","OriginalFileName":"C:\\Windows\\explorer.exe","SHA256":"e09e74486664b73b8b9e7cd339f00929075ca65343c3835e31a8065a32457b94"}
{"UtcTime":"2026-08-12 10:17:52.000","Computer":"TN-FIN-WS042","User":"TRANSNORTE\\backup_svc","EventID":1,"Image":"C:\\Windows\\System32\\RuntimeBroker.exe","ProcessGuid":"{0C940634-8B5C-2026-D756-64AB5BCEF1F4}","ProcessId":1754,"CommandLine":"C:\\Windows\\System32\\RuntimeBroker.exe","ParentImage":"C:\\Windows\\System32\\services.exe","ParentProcessGuid":"{DAAD984A-8628-2026-104A-6E067C128A1E}","OriginalFileName":"C:\\Windows\\System32\\RuntimeBroker.exe","SHA256":"702adb96ca5144f243a5108577bddc87d9020381bbe3f019afc9f25cb3df0519"}
{"UtcTime":"2026-08-12 10:17:53.000","Computer":"TN-FIN-WS042","User":"TRANSNORTE\\backup_svc","EventID":13,"Image":"C:\\Windows\\System32\\svchost.exe","ProcessGuid":"{3CADD447-E8AA-2026-7E0C-266E99716AE0}","ProcessId":3420,"EventType":"SetValue","TargetObject":"HKCU\\Software\\Microsoft\\Office\\16.0\\Outlook\\Resiliency\\2273","Details":"1"}
{"UtcTime":"2026-08-12 10:17:54.000","Computer":"TN-FIN-WS042","User":"TRANSNORTE\\backup_svc","EventID":1,"Image":"C:\\Windows\\System32\\svchost.exe","ProcessGuid":"{2614C73B-CDF6-2026-D32F-12A87205D9E6}","ProcessId":8834,"CommandLine":"C:\\Windows\\System32\\svchost.exe","ParentImage":"C:\\Windows\\System32\\services.exe","ParentProcessGuid":"{70BFE605-B804-2026-2941-AC943E8DD160}","OriginalFileName":"C:\\Windows\\System32\\svchost.exe","SHA256":"16eb8872c73f192393e3baad87425aaaeb489eca93384c0100835fbd77eb0f4b"}
{"UtcTime":"2026-08-12 10:17:55.000","Computer":"TN-FIN-WS042","User":"TRANSNORTE\\backup_svc","EventID":13,"Image":"C:\\Windows\\System32\\svchost.exe","ProcessGuid":"{5F807202-EC80-2026-67AA-D8246FE721E9}","ProcessId":4194,"EventType":"SetValue","TargetObject":"HKCU\\Software\\Microsoft\\Office\\16.0\\Outlook\\Resiliency\\2275","Details":"1"}
{"UtcTime":"2026-08-12 10:17:56.000","Computer":"TN-FIN-WS042","User":"TRANSNORTE\\backup_svc","EventID":1,"Image":"C:\\Windows\\explorer.exe","ProcessGuid":"{E57C00E5-CDB1-2026-E536-3F91E29989EF}","ProcessId":1382,"CommandLine":"C:\\Windows\\explorer.exe","ParentImage":"C:\\Windows\\System32\\services.exe","ParentProcessGuid":"{A869C6D8-7922-2026-5934-45A3C33BFF76}","OriginalFileName":"C:\\Windows\\explorer.exe","SHA256":"fb63afc56bd0b31bf176382dcf94e1c2ae91e1355a16cd3df7cd8fca02c99e77"}
{"UtcTime":"2026-08-12 10:17:57.000","Computer":"TN-FIN-WS042","User":"TRANSNORTE\\backup_svc","EventID":3,"Image":"C:\\Program Files\\Google\\Chrome\\Application\\chrome.exe","ProcessGuid":"{C42726D4-1480-2026-8583-8D6CFB107657}","ProcessId":5972,"DestinationIp":"10.50.10.88","DestinationPort":53,"SourceIp":"10.50.10.42","Protocol":"tcp"}
{"UtcTime":"2026-08-12 10:17:58.000","Computer":"TN-FIN-WS042","User":"TRANSNORTE\\ops.cardoso","EventID":13,"Image":"C:\\Windows\\System32\\svchost.exe","ProcessGuid":"{1F577480-8AFE-2026-DC40-17560BBBB47A}","ProcessId":6182,"EventType":"SetValue","TargetObject":"HKCU\\Software\\Microsoft\\Office\\16.0\\Outlook\\Resiliency\\2278","Details":"1"}
{"UtcTime":"2026-08-12 10:17:59.000","Computer":"TN-FIN-WS042","User":"TRANSNORTE\\ops.cardoso","EventID":13,"Image":"C:\\Program Files\\Google\\Chrome\\Application\\chrome.exe","ProcessGuid":"{7171CD4D-98CC-2026-2AB3-2EFA43B1A042}","ProcessId":3352,"EventType":"SetValue","TargetObject":"HKCU\\Software\\Microsoft\\Office\\16.0\\Outlook\\Resiliency\\2279","Details":"1"}
{"UtcTime":"2026-08-12 10:18:00.000","Computer":"TN-FIN-WS042","User":"TRANSNORTE\\backup_svc","EventID":5,"Image":"C:\\Program Files\\Microsoft Office\\Office16\\OUTLOOK.EXE","ProcessGuid":"{10E29412-6509-2026-F7FF-D62411FE7CB8}","ProcessId":4107,"EventType":"End"}
{"UtcTime":"2026-08-12 10:18:01.000","Computer":"TN-FIN-WS042","User":"TRANSNORTE\\backup_svc","EventID":5,"Image":"C:\\Windows\\explorer.exe","ProcessGuid":"{96723B49-B023-2026-3F1A-B53AE768FD00}","ProcessId":4209,"EventType":"End"}
{"UtcTime":"2026-08-12 10:18:02.000","Computer":"TN-FIN-WS042","User":"TRANSNORTE\\backup_svc","EventID":11,"Image":"C:\\Program Files\\Google\\Chrome\\Application\\chrome.exe","ProcessGuid":"{5386A401-BC91-2026-2BDF-0AEF1A4B1271}","ProcessId":2988,"TargetFilename":"C:\\Users\\ops.cardoso\\AppData\\Local\\Temp\\office-2282.tmp"}
{"UtcTime":"2026-08-12 10:18:03.000","Computer":"TN-FIN-WS042","User":"TRANSNORTE\\backup_svc","EventID":5,"Image":"C:\\Program Files\\Google\\Chrome\\Application\\chrome.exe","ProcessGuid":"{6C5ABF21-CB66-2026-7FB1-C4013EFDBDCD}","ProcessId":4423,"EventType":"End"}
{"UtcTime":"2026-08-12 10:18:04.000","Computer":"TN-FIN-WS042","User":"TRANSNORTE\\backup_svc","EventID":13,"Image":"C:\\Windows\\System32\\conhost.exe","ProcessGuid":"{24C933F1-C40C-2026-4099-9E04D847D063}","ProcessId":2115,"EventType":"SetValue","TargetObject":"HKCU\\Software\\Microsoft\\Office\\16.0\\Outlook\\Resiliency\\2284","Details":"1"}
{"UtcTime":"2026-08-12 10:18:05.000","Computer":"TN-FIN-WS042","User":"TRANSNORTE\\ops.cardoso","EventID":13,"Image":"C:\\Windows\\explorer.exe","ProcessGuid":"{3BBF33A1-7B83-2026-1B20-2DAA5C64A3E1}","ProcessId":7386,"EventType":"SetValue","TargetObject":"HKCU\\Software\\Microsoft\\Office\\16.0\\Outlook\\Resiliency\\2285","Details":"1"}
{"UtcTime":"2026-08-12 10:18:06.000","Computer":"TN-FIN-WS042","User":"TRANSNORTE\\backup_svc","EventID":11,"Image":"C:\\Windows\\System32\\svchost.exe","ProcessGuid":"{AE3C1F75-2DB0-2026-117E-AFA4F31067EE}","ProcessId":2352,"TargetFilename":"C:\\Users\\ops.cardoso\\AppData\\Local\\Temp\\office-2286.tmp"}
{"UtcTime":"2026-08-12 10:18:07.000","Computer":"TN-FIN-WS042","User":"TRANSNORTE\\backup_svc","EventID":5,"Image":"C:\\Windows\\explorer.exe","ProcessGuid":"{59A47D81-3854-2026-11D2-5DA361C8B9FA}","ProcessId":4540,"EventType":"End"}
{"UtcTime":"2026-08-12 10:18:08.000","Computer":"TN-FIN-WS042","User":"TRANSNORTE\\ops.cardoso","EventID":3,"Image":"C:\\Program Files\\Google\\Chrome\\Application\\chrome.exe","ProcessGuid":"{F04987AA-A626-2026-7F15-1A702E2438FB}","ProcessId":1243,"DestinationIp":"10.50.10.10","DestinationPort":443,"SourceIp":"10.50.10.42","Protocol":"tcp"}
{"UtcTime":"2026-08-12 10:18:09.000","Computer":"TN-FIN-WS042","User":"TRANSNORTE\\ops.cardoso","EventID":1,"Image":"C:\\Program Files\\Google\\Chrome\\Application\\chrome.exe","ProcessGuid":"{6439E638-16F7-2026-46DA-CCAF2353B652}","ProcessId":3145,"CommandLine":"C:\\Program Files\\Google\\Chrome\\Application\\chrome.exe","ParentImage":"C:\\Windows\\System32\\services.exe","ParentProcessGuid":"{F7F386AD-EC4A-2026-7D0B-0A9062E64628}","OriginalFileName":"C:\\Program Files\\Google\\Chrome\\Application\\chrome.exe","SHA256":"7bf92e3d4c9a3a7e7d9820fbef0ee347168c72316b79fc62254440a92e50ae02"}
{"UtcTime":"2026-08-12 10:18:10.000","Computer":"TN-FIN-WS042","User":"TRANSNORTE\\ops.cardoso","EventID":13,"Image":"C:\\Windows\\explorer.exe","ProcessGuid":"{335C0FF8-C229-2026-AA2E-1631D19F5AC0}","ProcessId":2816,"EventType":"SetValue","TargetObject":"HKCU\\Software\\Microsoft\\Office\\16.0\\Outlook\\Resiliency\\2290","Details":"1"}
