{"UtcTime":"2026-08-12 10:50:15.000","Computer":"TN-FIN-WS042","User":"TRANSNORTE\\ops.cardoso","EventID":1,"Image":"C:\\Program Files\\Google\\Chrome\\Application\\chrome.exe","ProcessGuid":"{9D509DF1-0733-2026-CF14-00145BA52B76}","ProcessId":1581,"CommandLine":"C:\\Program Files\\Google\\Chrome\\Application\\chrome.exe","ParentImage":"C:\\Windows\\System32\\services.exe","ParentProcessGuid":"{901802F8-DC5A-2026-9E0D-097C5CFC2674}","OriginalFileName":"C:\\Program Files\\Google\\Chrome\\Application\\chrome.exe","SHA256":"948b8b7c3e9f80b97a2550ceafa0efb29351a32d280641eecebd32be5fc0e8b3"}
{"UtcTime":"2026-08-12 10:50:16.000","Computer":"TN-FIN-WS042","User":"TRANSNORTE\\ops.cardoso","EventID":1,"Image":"C:\\Program Files\\Microsoft Office\\Office16\\OUTLOOK.EXE","ProcessGuid":"{1737BAD0-0DFE-2026-EFB8-5B2D1A61AAEF}","ProcessId":7471,"CommandLine":"C:\\Program Files\\Microsoft Office\\Office16\\OUTLOOK.EXE","ParentImage":"C:\\Windows\\System32\\services.exe","ParentProcessGuid":"{41221DF6-57DF-2026-5587-3F83A71F8D3E}","OriginalFileName":"C:\\Program Files\\Microsoft Office\\Office16\\OUTLOOK.EXE","SHA256":"d6badf2d060f16c83e4f1c36f23fc1533df41b3d55f653786882077c9776c9a6"}
{"UtcTime":"2026-08-12 10:50:17.000","Computer":"TN-FIN-WS042","User":"TRANSNORTE\\backup_svc","EventID":11,"Image":"C:\\Windows\\explorer.exe","ProcessGuid":"{98795396-47A8-2026-3B95-D277B645F5C1}","ProcessId":4451,"TargetFilename":"C:\\Users\\ops.cardoso\\AppData\\Local\\Temp\\office-4217.tmp"}
{"UtcTime":"2026-08-12 10:50:18.000","Computer":"TN-FIN-WS042","User":"TRANSNORTE\\backup_svc","EventID":5,"Image":"C:\\Windows\\System32\\svchost.exe","ProcessGuid":"{CA4B5935-F560-2026-3CD1-46E77A286F0B}","ProcessId":1889,"EventType":"End"}
{"UtcTime":"2026-08-12 10:50:19.000","Computer":"TN-FIN-WS042","User":"TRANSNORTE\\backup_svc","EventID":1,"Image":"C:\\Windows\\System32\\conhost.exe","ProcessGuid":"{BB4FED02-0367-2026-057B-54DB93B7BFAB}","ProcessId":3816,"CommandLine":"C:\\Windows\\System32\\conhost.exe","ParentImage":"C:\\Windows\\System32\\services.exe","ParentProcessGuid":"{2CB2B007-3854-2026-436A-D7FD624953D1}","OriginalFileName":"C:\\Windows\\System32\\conhost.exe","SHA256":"5d24470c564ac0f3d8d637e4edf40217a30fe7a421615560b641dbdcdb2e9149"}
{"UtcTime":"2026-08-12 10:50:20.000","Computer":"TN-FIN-WS042","User":"TRANSNORTE\\backup_svc","EventID":13,"Image":"C:\\Windows\\explorer.exe","ProcessGuid":"{189AAD15-135F-2026-A172-7805B33E4D03}","ProcessId":5827,"EventType":"SetValue","TargetObject":"HKCU\\Software\\Microsoft\\Office\\16.0\\Outlook\\Resiliency\\4220","Details":"1"}
{"UtcTime":"2026-08-12 10:50:21.000","Computer":"TN-FIN-WS042","User":"TRANSNORTE\\ops.cardoso","EventID":1,"Image":"C:\\Windows\\System32\\conhost.exe","ProcessGuid":"{5294BF1C-23E4-2026-C376-A87DBB13E3F3}","ProcessId":3279,"CommandLine":"C:\\Windows\\System32\\conhost.exe","ParentImage":"C:\\Windows\\System32\\services.exe","ParentProcessGuid":"{D0B9F786-E5DC-2026-B6FD-5E6818B41FD1}","OriginalFileName":"C:\\Windows\\System32\\conhost.exe","SHA256":"91469656d8baea911e57aa818906b67431e6e3ae90b784a9b9c9220b87711f42"}
{"UtcTime":"2026-08-12 10:50:22.000","Computer":"TN-FIN-WS042","User":"TRANSNORTE\\ops.cardoso","EventID":1,"Image":"C:\\Windows\\System32\\RuntimeBroker.exe","ProcessGuid":"{35CECAC0-265D-2026-9055-C7AA62663B72}","ProcessId":5344,"CommandLine":"C:\\Windows\\System32\\RuntimeBroker.exe","ParentImage":"C:\\Windows\\System32\\services.exe","ParentProcessGuid":"{16BBDE0F-48FD-2026-BBCD-B9439B90BD98}","OriginalFileName":"C:\\Windows\\System32\\RuntimeBroker.exe","SHA256":"08543917785841d1a68df72757f63f33ca6d2141cadcf22fc0724551a6632625"}
{"UtcTime":"2026-08-12 10:50:23.000","Computer":"TN-FIN-WS042","User":"TRANSNORTE\\backup_svc","EventID":1,"Image":"C:\\Program Files\\Microsoft Office\\Office16\\OUTLOOK.EXE","ProcessGuid":"{79F34F56-0338-2026-8E42-B382FB1C7E89}","ProcessId":1879,"CommandLine":"C:\\Program Files\\Microsoft Office\\Office16\\OUTLOOK.EXE","ParentImage":"C:\\Windows\\System32\\services.exe","ParentProcessGuid":"{C2A9F7DA-7937-2026-1662-48196E716ADC}","OriginalFileName":"C:\\Program Files\\Microsoft Office\\Office16\\OUTLOOK.EXE","SHA256":"f8798b378270a88ea323a7eebe108124e8b0ba43e054c99d211ce40ca0197a73"}
{"UtcTime":"2026-08-12 10:50:24.000","Computer":"TN-FIN-WS042","User":"TRANSNORTE\\backup_svc","EventID":3,"Image":"C:\\Program Files\\Microsoft Office\\Office16\\OUTLOOK.EXE","ProcessGuid":"{57E92CB2-DCE0-2026-181E-43D5964DE2D2}","ProcessId":8295,"DestinationIp":"8.8.8.8","DestinationPort":8080,"SourceIp":"10.50.10.42","Protocol":"tcp"}
{"UtcTime":"2026-08-12 10:50:25.000","Computer":"TN-FIN-WS042","User":"TRANSNORTE\\ops.cardoso","EventID":13,"Image":"C:\\Windows\\System32\\svchost.exe","ProcessGuid":"{F474C034-2684-2026-AA1B-01844025ABE2}","ProcessId":3133,"EventType":"SetValue","TargetObject":"HKCU\\Software\\Microsoft\\Office\\16.0\\Outlook\\Resiliency\\4225","Details":"1"}
{"UtcTime":"2026-08-12 10:50:26.000","Computer":"TN-FIN-WS042","User":"TRANSNORTE\\backup_svc","EventID":11,"Image":"C:\\Windows\\System32\\svchost.exe","ProcessGuid":"{4223E26A-7CD0-2026-8232-640E897A35FB}","ProcessId":832,"TargetFilename":"C:\\Users\\ops.cardoso\\AppData\\Local\\Temp\\office-4226.tmp"}
{"UtcTime":"2026-08-12 10:50:27.000","Computer":"TN-FIN-WS042","User":"TRANSNORTE\\backup_svc","EventID":1,"Image":"C:\\Windows\\explorer.exe","ProcessGuid":"{50612214-5F52-2026-2AB4-B66E7371FB3C}","ProcessId":7787,"CommandLine":"C:\\Windows\\explorer.exe","ParentImage":"C:\\Windows\\System32\\services.exe","ParentProcessGuid":"{B704671E-258F-2026-A6CD-079F6AD9639D}","OriginalFileName":"C:\\Windows\\explorer.exe","SHA256":"f9d53d08f1790457edfabc4fa4f2902a2f1445059b3123a0d082a71e33fb7e8f"}
{"UtcTime":"2026-08-12 10:50:28.000","Computer":"TN-FIN-WS042","User":"TRANSNORTE\\ops.cardoso","EventID":1,"Image":"C:\\Program Files\\Microsoft Office\\Office16\\OUTLOOK.EXE","ProcessGuid":"{77759FD2-A7CA-2026-30FE-89F019EDC631}","ProcessId":5252,"CommandLine":"C:\\Program Files\\Microsoft Office\\Office16\\OUTLOOK.EXE","ParentImage":"C:\\Windows\\System32\\services.exe","ParentProcessGuid":"{8D0C7B6F-0C18-2026-51A7-97D0FE548199}","OriginalFileName":"C:\\Program Files\\Microsoft Office\\Office16\\OUTLOOK.EXE","SHA256":"a9781abc18b7807cbc52f7c015202dc949df3e363e95bcf58827f34914b17eb9"}
{"UtcTime":"2026-08-12 10:50:29.000","Computer":"TN-FIN-WS042","User":"TRANSNORTE\\ops.cardoso","EventID":11,"Image":"C:\\Windows\\System32\\svchost.exe","ProcessGuid":"{0DB6CE2E-9B02-2026-DAC4-2FACEDA86271}","ProcessId":5325,"TargetFilename":"C:\\Users\\ops.cardoso\\AppData\\Local\\Temp\\office-4229.tmp"}
{"UtcTime":"2026-08-12 10:50:30.000","Computer":"TN-FIN-WS042","User":"TRANSNORTE\\ops.cardoso","EventID":1,"Image":"C:\\Windows\\System32\\svchost.exe","ProcessGuid":"{BE8EAD11-2017-2026-5C6F-2DB0B73CC2A5}","ProcessId":5329,"CommandLine":"C:\\Windows\\System32\\svchost.exe","ParentImage":"C:\\Windows\\System32\\services.exe","ParentProcessGuid":"{4ADF126A-A69E-2026-20C4-2F876125B438}","OriginalFileName":"C:\\Windows\\System32\\svchost.exe","SHA256":"6542e26c418f8b2f0c5edf5ccac702a7e8b0814e6909153e8603eca2b611cb96"}
{"UtcTime":"2026-08-12 10:50:31.000","Computer":"TN-FIN-WS042","User":"TRANSNORTE\\ops.cardoso","EventID":13,"Image":"C:\\Program Files\\Microsoft Office\\Office16\\OUTLOOK.EXE","ProcessGuid":"{B6F3C2A4-9CEF-2026-2298-D9F74507939A}","ProcessId":4523,"EventType":"SetValue","TargetObject":"HKCU\\Software\\Microsoft\\Office\\16.0\\Outlook\\Resiliency\\4231","Details":"1"}
{"UtcTime":"2026-08-12 10:50:32.000","Computer":"TN-FIN-WS042","User":"TRANSNORTE\\backup_svc","EventID":3,"Image":"C:\\Windows\\System32\\RuntimeBroker.exe","ProcessGuid":"{E3FC6D99-D2E8-2026-A8BE-6D7C8769867F}","ProcessId":4944,"DestinationIp":"10.50.10.10","DestinationPort":135,"SourceIp":"10.50.10.42","Protocol":"tcp"}
{"UtcTime":"2026-08-12 10:50:33.000","Computer":"TN-FIN-WS042","User":"TRANSNORTE\\backup_svc","EventID":1,"Image":"C:\\Windows\\explorer.exe","ProcessGuid":"{C827A1B2-E6C7-2026-12D3-CB2031646CBE}","ProcessId":7032,"CommandLine":"C:\\Windows\\explorer.exe","ParentImage":"C:\\Windows\\System32\\services.exe","ParentProcessGuid":"{F840C0B9-12D4-2026-BAF4-BF32A27E13A8}","OriginalFileName":"C:\\Windows\\explorer.exe","SHA256":"f5de13ca9a8ebc46455c2ec50d41ec878c2b9084d10b1eabbde86023874d372c"}
{"UtcTime":"2026-08-12 10:50:34.000","Computer":"TN-FIN-WS042","User":"TRANSNORTE\\ops.cardoso","EventID":1,"Image":"C:\\Windows\\System32\\conhost.exe","ProcessGuid":"{44DDB5E2-8757-2026-5130-B72390954031}","ProcessId":784,"CommandLine":"C:\\Windows\\System32\\conhost.exe","ParentImage":"C:\\Windows\\System32\\services.exe","ParentProcessGuid":"{15B2BF6C-1680-2026-B117-21EB321CEF19}","OriginalFileName":"C:\\Windows\\System32\\conhost.exe","SHA256":"962b4d3781ffbce7acb52e5ad21222d86ebca6fbc790e5f3356853932dd2d66e"}
{"UtcTime":"2026-08-12 10:50:35.000","Computer":"TN-FIN-WS042","User":"TRANSNORTE\\backup_svc","EventID":1,"Image":"C:\\Windows\\System32\\RuntimeBroker.exe","ProcessGuid":"{C2F7A61F-0D23-2026-DB75-D62876A6C5E3}","ProcessId":1176,"CommandLine":"C:\\Windows\\System32\\RuntimeBroker.exe","ParentImage":"C:\\Windows\\System32\\services.exe","ParentProcessGuid":"{323AB17A-B217-2026-35BB-4C4441A7E560}","OriginalFileName":"C:\\Windows\\System32\\RuntimeBroker.exe","SHA256":"f56627c1feb93475149bb42bf60de6f47b6dadd7934e9e30d81bf6db678f3f93"}
{"UtcTime":"2026-08-12 10:50:36.000","Computer":"TN-FIN-WS042","User":"TRANSNORTE\\backup_svc","EventID":1,"Image":"C:\\Windows\\System32\\conhost.exe","ProcessGuid":"{2ECD68C0-8B64-2026-FFEB-ED5C024DB956}","ProcessId":1376,"CommandLine":"C:\\Windows\\System32\\conhost.exe","ParentImage":"C:\\Windows\\System32\\services.exe","ParentProcessGuid":"{D9D612A3-80B5-2026-95A2-696D2A0F170B}","OriginalFileName":"C:\\Windows\\System32\\conhost.exe","SHA256":"8c367faea563d26855411a7b22ed05a56924e574069ff46ad17b03cc28361ed8"}
{"UtcTime":"2026-08-12 10:50:37.000","Computer":"TN-FIN-WS042","User":"TRANSNORTE\\backup_svc","EventID":5,"Image":"C:\\Windows\\System32\\svchost.exe","ProcessGuid":"{F48A7C56-3595-2026-99B7-E89931BA7E55}","ProcessId":5743,"EventType":"End"}
{"UtcTime":"2026-08-12 10:50:38.000","Computer":"TN-FIN-WS042","User":"TRANSNORTE\\backup_svc","EventID":1,"Image":"C:\\Windows\\explorer.exe","ProcessGuid":"{C22F34A0-506C-2026-29F8-AF40316DB79B}","ProcessId":3629,"CommandLine":"C:\\Windows\\explorer.exe","ParentImage":"C:\\Windows\\System32\\services.exe","ParentProcessGuid":"{F92A544E-C090-2026-E555-B82FA8C4FF33}","OriginalFileName":"C:\\Windows\\explorer.exe","SHA256":"78ecca85e8fdfdcb09c2f8d0f1b2de9df235670204e0458dc71c0d1e3f2e84fe"}
{"UtcTime":"2026-08-12 10:50:39.000","Computer":"TN-FIN-WS042","User":"TRANSNORTE\\backup_svc","EventID":13,"Image":"C:\\Windows\\explorer.exe","ProcessGuid":"{7CC05D60-9FCB-2026-00AF-84936477CBF3}","ProcessId":2780,"EventType":"SetValue","TargetObject":"HKCU\\Software\\Microsoft\\Office\\16.0\\Outlook\\Resiliency\\4239","Details":"1"}
{"UtcTime":"2026-08-12 10:50:40.000","Computer":"TN-FIN-WS042","User":"TRANSNORTE\\backup_svc","EventID":1,"Image":"C:\\Windows\\System32\\RuntimeBroker.exe","ProcessGuid":"{5B897763-886D-2026-EF6A-92EC188B8145}","ProcessId":6997,"CommandLine":"C:\\Windows\\System32\\RuntimeBroker.exe","ParentImage":"C:\\Windows\\System32\\services.exe","ParentProcessGuid":"{DF28256A-685C-2026-FCC6-C73C24AD7F99}","OriginalFileName":"C:\\Windows\\System32\\RuntimeBroker.exe","SHA256":"89ca34134417d06b0526dd0c78c925a27ce3276a42824a5af022ac410c3f2130"}
{"UtcTime":"2026-08-12 10:50:41.000","Computer":"TN-FIN-WS042","User":"TRANSNORTE\\ops.cardoso","EventID":5,"Image":"C:\\Windows\\System32\\RuntimeBroker.exe","ProcessGuid":"{27DAD088-4A42-2026-E3A9-8599C807DA45}","ProcessId":5746,"EventType":"End"}
{"UtcTime":"2026-08-12 10:50:42.000","Computer":"TN-FIN-WS042","User":"TRANSNORTE\\backup_svc","EventID":1,"Image":"C:\\Windows\\System32\\svchost.exe","ProcessGuid":"{6B0B737F-5BA0-2026-D427-B7FADF0B212D}","ProcessId":6896,"CommandLine":"C:\\Windows\\System32\\svchost.exe","ParentImage":"C:\\Windows\\System32\\services.exe","ParentProcessGuid":"{F198E4CD-04F5-2026-639E-226008039599}","OriginalFileName":"C:\\Windows\\System32\\svchost.exe","SHA256":"ce36d4506dc543faebcaea8242ac5f3313366677b173eb00d70e7ecdfdd0b23b"}
{"UtcTime":"2026-08-12 10:50:43.000","Computer":"TN-FIN-WS042","User":"TRANSNORTE\\backup_svc","EventID":11,"Image":"C:\\Windows\\explorer.exe","ProcessGuid":"{4A359AD0-0D9D-2026-BDA6-72B51CB4124D}","ProcessId":1221,"TargetFilename":"C:\\Users\\ops.cardoso\\AppData\\Local\\Temp\\office-4243.tmp"}
{"UtcTime":"2026-08-12 10:50:44.000","Computer":"TN-FIN-WS042","User":"TRANSNORTE\\backup_svc","EventID":1,"Image":"C:\\Windows\\explorer.exe","ProcessGuid":"{F437713D-A30D-2026-B3CD-A5C95C20C62F}","ProcessId":2449,"CommandLine":"C:\\Windows\\explorer.exe","ParentImage":"C:\\Windows\\System32\\services.exe","ParentProcessGuid":"{B88727F9-EE14-2026-B7B3-850C12850269}","OriginalFileName":"C:\\Windows\\explorer.exe","SHA256":"4747307629a520c45aef4df585cc52d6a41b84c8a68b527fc29527eed91751c0"}
{"UtcTime":"2026-08-12 10:50:45.000","Computer":"TN-FIN-WS042","User":"TRANSNORTE\\backup_svc","EventID":1,"Image":"C:\\Program Files\\Google\\Chrome\\Application\\chrome.exe","ProcessGuid":"{E92676B8-F1F7-2026-6C47-D244A7AB5787}","ProcessId":3900,"CommandLine":"C:\\Program Files\\Google\\Chrome\\Application\\chrome.exe","ParentImage":"C:\\Windows\\System32\\services.exe","ParentProcessGuid":"{F1CBC366-3551-2026-6579-2ACED17EDFA7}","OriginalFileName":"C:\\Program Files\\Google\\Chrome\\Application\\chrome.exe","SHA256":"5d336926039f2405f6ed405b0ab257439a642913f5bf69c0fdd298fe93012a3a"}
{"UtcTime":"2026-08-12 10:50:46.000","Computer":"TN-FIN-WS042","User":"TRANSNORTE\\ops.cardoso","EventID":13,"Image":"C:\\Program Files\\Microsoft Office\\Office16\\OUTLOOK.EXE","ProcessGuid":"{21106CDB-836B-2026-F639-B55D5E3356E1}","ProcessId":1948,"EventType":"SetValue","TargetObject":"HKCU\\Software\\Microsoft\\Office\\16.0\\Outlook\\Resiliency\\4246","Details":"1"}
{"UtcTime":"2026-08-12 10:50:47.000","Computer":"TN-FIN-WS042","User":"TRANSNORTE\\ops.cardoso","EventID":13,"Image":"C:\\Program Files\\Google\\Chrome\\Application\\chrome.exe","ProcessGuid":"{1E359857-F618-2026-1D73-328589E9B2A0}","ProcessId":6123,"EventType":"SetValue","TargetObject":"HKCU\\Software\\Microsoft\\Office\\16.0\\Outlook\\Resiliency\\4247","Details":"1"}
{"UtcTime":"2026-08-12 10:50:48.000","Computer":"TN-FIN-WS042","User":"TRANSNORTE\\backup_svc","EventID":1,"Image":"C:\\Program Files\\Microsoft Office\\Office16\\OUTLOOK.EXE","ProcessGuid":"{8167F3FF-949F-2026-F336-AD27249DE92B}","ProcessId":2948,"CommandLine":"C:\\Program Files\\Microsoft Office\\Office16\\OUTLOOK.EXE","ParentImage":"C:\\Windows\\System32\\services.exe","ParentProcessGuid":"{D5956D37-F25D-2026-4F39-1F74926A56AB}","OriginalFileName":"C:\\Program Files\\Microsoft Office\\Office16\\OUTLOOK.EXE","SHA256":"552d7fe2127afeb59d375facb0fd604b0943419aea7eae25f4aaa7d711f443c1"}
{"UtcTime":"2026-08-12 10:50:49.000","Computer":"TN-FIN-WS042","User":"TRANSNORTE\\ops.cardoso","EventID":13,"Image":"C:\\Windows\\System32\\RuntimeBroker.exe","ProcessGuid":"{33CDF47E-6C8F-2026-250B-5F78B6DC9213}","ProcessId":2984,"EventType":"SetValue","TargetObject":"HKCU\\Software\\Microsoft\\Office\\16.0\\Outlook\\Resiliency\\4249","Details":"1"}
{"UtcTime":"2026-08-12 10:50:50.000","Computer":"TN-FIN-WS042","User":"TRANSNORTE\\ops.cardoso","EventID":5,"Image":"C:\\Program Files\\Google\\Chrome\\Application\\chrome.exe","ProcessGuid":"{7BA7B4FC-5B5A-2026-08F5-A22AD1294555}","ProcessId":1983,"EventType":"End"}
{"UtcTime":"2026-08-12 10:50:51.000","Computer":"TN-FIN-WS042","User":"TRANSNORTE\\ops.cardoso","EventID":5,"Image":"C:\\Windows\\System32\\conhost.exe","ProcessGuid":"{163154F4-D114-2026-9C80-CB2B69129AB3}","ProcessId":6024,"EventType":"End"}
{"UtcTime":"2026-08-12 10:50:52.000","Computer":"TN-FIN-WS042","User":"TRANSNORTE\\backup_svc","EventID":1,"Image":"C:\\Program Files\\Microsoft Office\\Office16\\OUTLOOK.EXE","ProcessGuid":"{E387621D-9275-2026-88C9-9B134F47B48A}","ProcessId":3295,"CommandLine":"C:\\Program Files\\Microsoft Office\\Office16\\OUTLOOK.EXE","ParentImage":"C:\\Windows\\System32\\services.exe","ParentProcessGuid":"{57D114F6-F32E-2026-0260-6A59C20EFBDC}","OriginalFileName":"C:\\Program Files\\Microsoft Office\\Office16\\OUTLOOK.EXE","SHA256":"a1e7a9a31f3be7a95327c0336a1e59f69a395ca77a5437e241e9671825400dc9"}
{"UtcTime":"2026-08-12 10:50:53.000","Computer":"TN-FIN-WS042","User":"TRANSNORTE\\backup_svc","EventID":11,"Image":"C:\\Windows\\explorer.exe","ProcessGuid":"{D304BB49-4200-2026-CBBC-670319951C28}","ProcessId":6067,"TargetFilename":"C:\\Users\\ops.cardoso\\AppData\\Local\\Temp\\office-4253.tmp"}
{"UtcTime":"2026-08-12 10:50:54.000","Computer":"TN-FIN-WS042","User":"TRANSNORTE\\ops.cardoso","EventID":1,"Image":"C:\\Windows\\System32\\svchost.exe","ProcessGuid":"{A2A2F8A0-74DD-2026-FD53-9F732BB4BB72}","ProcessId":7516,"CommandLine":"C:\\Windows\\System32\\svchost.exe","ParentImage":"C:\\Windows\\System32\\services.exe","ParentProcessGuid":"{2664785D-2F3D-2026-CD0D-6390EE88DC10}","OriginalFileName":"C:\\Windows\\System32\\svchost.exe","SHA256":"52d747b496e23ee7a8300089998d8aa0396bf91614b066b23a716a20a5e45a86"}
{"UtcTime":"2026-08-12 10:50:55.000","Computer":"TN-FIN-WS042","User":"TRANSNORTE\\ops.cardoso","EventID":1,"Image":"C:\\Program Files\\Microsoft Office\\Office16\\OUTLOOK.EXE","ProcessGuid":"{B832CE29-67B2-2026-3643-7011F9E58CD0}","ProcessId":1982,"CommandLine":"C:\\Program Files\\Microsoft Office\\Office16\\OUTLOOK.EXE","ParentImage":"C:\\Windows\\System32\\services.exe","ParentProcessGuid":"{1C4E7017-E0EE-2026-E7A8-5D854BEE4987}","OriginalFileName":"C:\\Program Files\\Microsoft Office\\Office16\\OUTLOOK.EXE","SHA256":"8239a06db8295b68ddf098e25c061439db2bb27aba92dd5af39dc8a15ba44de5"}
{"UtcTime":"2026-08-12 10:50:56.000","Computer":"TN-FIN-WS042","User":"TRANSNORTE\\ops.cardoso","EventID":11,"Image":"C:\\Windows\\System32\\svchost.exe","ProcessGuid":"{405FA951-31BD-2026-84FB-C5F60597E663}","ProcessId":7508,"TargetFilename":"C:\\Users\\ops.cardoso\\AppData\\Local\\Temp\\office-4256.tmp"}
{"UtcTime":"2026-08-12 10:50:57.000","Computer":"TN-FIN-WS042","User":"TRANSNORTE\\backup_svc","EventID":13,"Image":"C:\\Windows\\System32\\svchost.exe","ProcessGuid":"{536EA1DE-BD30-2026-41CA-27D19201CE79}","ProcessId":3289,"EventType":"SetValue","TargetObject":"HKCU\\Software\\Microsoft\\Office\\16.0\\Outlook\\Resiliency\\4257","Details":"1"}
{"UtcTime":"2026-08-12 10:50:58.000","Computer":"TN-FIN-WS042","User":"TRANSNORTE\\ops.cardoso","EventID":5,"Image":"C:\\Windows\\System32\\conhost.exe","ProcessGuid":"{3180C675-A1D3-2026-5C67-4F2EC04048E5}","ProcessId":8957,"EventType":"End"}
{"UtcTime":"2026-08-12 10:50:59.000","Computer":"TN-FIN-WS042","User":"TRANSNORTE\\backup_svc","EventID":3,"Image":"C:\\Program Files\\Google\\Chrome\\Application\\chrome.exe","ProcessGuid":"{AA42EFFF-A03A-2026-DFDE-EF512A9B17DB}","ProcessId":4392,"DestinationIp":"10.50.10.10","DestinationPort":53,"SourceIp":"10.50.10.42","Protocol":"tcp"}
{"UtcTime":"2026-08-12 10:51:00.000","Computer":"TN-FIN-WS042","User":"TRANSNORTE\\backup_svc","EventID":1,"Image":"C:\\Program Files\\Google\\Chrome\\Application\\chrome.exe","ProcessGuid":"{51E24441-C129-2026-0FB9-A4D8707256DE}","ProcessId":8586,"CommandLine":"C:\\Program Files\\Google\\Chrome\\Application\\chrome.exe","ParentImage":"C:\\Windows\\System32\\services.exe","ParentProcessGuid":"{BA30F4EA-ECFA-2026-15BE-D3B12E085CCC}","OriginalFileName":"C:\\Program Files\\Google\\Chrome\\Application\\chrome.exe","SHA256":"2304949d830a3192b5cba44ad53a044ebf9f506b58bbabf0d2751dbda5eec12c"}
{"UtcTime":"2026-08-12 10:51:01.000","Computer":"TN-FIN-WS042","User":"TRANSNORTE\\backup_svc","EventID":1,"Image":"C:\\Windows\\System32\\svchost.exe","ProcessGuid":"{30262FFD-817B-2026-24D7-6C579869331D}","ProcessId":7324,"CommandLine":"C:\\Windows\\System32\\svchost.exe","ParentImage":"C:\\Windows\\System32\\services.exe","ParentProcessGuid":"{9A0B5C34-EFB8-2026-1CA8-5446DFEB12FD}","OriginalFileName":"C:\\Windows\\System32\\svchost.exe","SHA256":"6eff54e7c01061f8b9ab82052b22328d026cc5c6a4d6cb2b31e99485e5416da2"}
{"UtcTime":"2026-08-12 10:51:02.000","Computer":"TN-FIN-WS042","User":"TRANSNORTE\\backup_svc","EventID":1,"Image":"C:\\Program Files\\Google\\Chrome\\Application\\chrome.exe","ProcessGuid":"{8C7D962D-9AF3-2026-D251-39B3498AE481}","ProcessId":3546,"CommandLine":"C:\\Program Files\\Google\\Chrome\\Application\\chrome.exe","ParentImage":"C:\\Windows\\System32\\services.exe","ParentProcessGuid":"{67AE4511-D44A-2026-7C03-38732E553D86}","OriginalFileName":"C:\\Program Files\\Google\\Chrome\\Application\\chrome.exe","SHA256":"68dd5ac252b7d5bbe2720e315c361b6df4ecfa619118a76b6a7567f7f24f396e"}
{"UtcTime":"2026-08-12 10:51:03.000","Computer":"TN-FIN-WS042","User":"TRANSNORTE\\ops.cardoso","EventID":1,"Image":"C:\\Windows\\System32\\RuntimeBroker.exe","ProcessGuid":"{AC8A92EA-8324-2026-C132-7DA43C0A0F63}","ProcessId":4759,"CommandLine":"C:\\Windows\\System32\\RuntimeBroker.exe","ParentImage":"C:\\Windows\\System32\\services.exe","ParentProcessGuid":"{E291DC01-8906-2026-5F39-C0E394C541D4}","OriginalFileName":"C:\\Windows\\System32\\RuntimeBroker.exe","SHA256":"3bd257791c864fe3ef462defdaef25dba7ca181becdc780dd2ceeaf71f224798"}
{"UtcTime":"2026-08-12 10:51:04.000","Computer":"TN-FIN-WS042","User":"TRANSNORTE\\backup_svc","EventID":11,"Image":"C:\\Windows\\System32\\RuntimeBroker.exe","ProcessGuid":"{26D30B82-D27B-2026-E294-19EA86F18174}","ProcessId":1522,"TargetFilename":"C:\\Users\\ops.cardoso\\AppData\\Local\\Temp\\office-4264.tmp"}
{"UtcTime":"2026-08-12 10:51:05.000","Computer":"TN-FIN-WS042","User":"TRANSNORTE\\backup_svc","EventID":13,"Image":"C:\\Program Files\\Microsoft Office\\Office16\\OUTLOOK.EXE","ProcessGuid":"{B492190A-89BD-2026-34C3-C6F59A417654}","ProcessId":6410,"EventType":"SetValue","TargetObject":"HKCU\\Software\\Microsoft\\Office\\16.0\\Outlook\\Resiliency\\4265","Details":"1"}
{"UtcTime":"2026-08-12 10:51:06.000","Computer":"TN-FIN-WS042","User":"TRANSNORTE\\backup_svc","EventID":11,"Image":"C:\\Program Files\\Google\\Chrome\\Application\\chrome.exe","ProcessGuid":"{D13AC7D6-C59C-2026-6135-87A20B270738}","ProcessId":8000,"TargetFilename":"C:\\Users\\ops.cardoso\\AppData\\Local\\Temp\\office-4266.tmp"}
{"UtcTime":"2026-08-12 10:51:07.000","Computer":"TN-FIN-WS042","User":"TRANSNORTE\\backup_svc","EventID":1,"Image":"C:\\Windows\\System32\\conhost.exe","ProcessGuid":"{77F49293-6624-2026-B9F0-4EB77B81EE3E}","ProcessId":8999,"CommandLine":"C:\\Windows\\System32\\conhost.exe","ParentImage":"C:\\Windows\\System32\\services.exe","ParentProcessGuid":"{42C1B343-1CB4-2026-A610-AA3778A9A3E9}","OriginalFileName":"C:\\Windows\\System32\\conhost.exe","SHA256":"3127a41f1aca00aa0e86bd11580eb7b010acdb81eca40a805937b992991bc929"}
{"UtcTime":"2026-08-12 10:51:08.000","Computer":"TN-FIN-WS042","User":"TRANSNORTE\\ops.cardoso","EventID":1,"Image":"C:\\Windows\\System32\\RuntimeBroker.exe","ProcessGuid":"{179A29A4-2FDD-2026-7B39-F25997B31628}","ProcessId":7621,"CommandLine":"C:\\Windows\\System32\\RuntimeBroker.exe","ParentImage":"C:\\Windows\\System32\\services.exe","ParentProcessGuid":"{F60E875B-560E-2026-0CEE-A7E265BB9977}","OriginalFileName":"C:\\Windows\\System32\\RuntimeBroker.exe","SHA256":"c8e3f9704c264ad3bf030840e7fed60d13cc16386db5bf1db04291cb43efe157"}
{"UtcTime":"2026-08-12 10:51:09.000","Computer":"TN-FIN-WS042","User":"TRANSNORTE\\ops.cardoso","EventID":1,"Image":"C:\\Windows\\System32\\svchost.exe","ProcessGuid":"{F1EAE290-521F-2026-E588-73B940557CF8}","ProcessId":3735,"CommandLine":"C:\\Windows\\System32\\svchost.exe","ParentImage":"C:\\Windows\\System32\\services.exe","ParentProcessGuid":"{A9A47284-3BF8-2026-1909-988D73004EDB}","OriginalFileName":"C:\\Windows\\System32\\svchost.exe","SHA256":"204dcb9be5d8ec449cfcc393a33b4d08728c9b76cb739492a69bf802faaaebea"}
{"UtcTime":"2026-08-12 10:51:10.000","Computer":"TN-FIN-WS042","User":"TRANSNORTE\\backup_svc","EventID":3,"Image":"C:\\Windows\\System32\\RuntimeBroker.exe","ProcessGuid":"{0E2F15BB-2741-2026-2BAF-98EA8A561E55}","ProcessId":2016,"DestinationIp":"10.50.10.10","DestinationPort":443,"SourceIp":"10.50.10.42","Protocol":"tcp"}
{"UtcTime":"2026-08-12 10:51:11.000","Computer":"TN-FIN-WS042","User":"TRANSNORTE\\backup_svc","EventID":5,"Image":"C:\\Windows\\System32\\RuntimeBroker.exe","ProcessGuid":"{FFA07610-C5A4-2026-3BF0-E2413EF8FD89}","ProcessId":5321,"EventType":"End"}
{"UtcTime":"2026-08-12 10:51:12.000","Computer":"TN-FIN-WS042","User":"TRANSNORTE\\backup_svc","EventID":13,"Image":"C:\\Windows\\System32\\svchost.exe","ProcessGuid":"{FAB05929-2405-2026-BB00-925120D54A42}","ProcessId":6457,"EventType":"SetValue","TargetObject":"HKCU\\Software\\Microsoft\\Office\\16.0\\Outlook\\Resiliency\\4272","Details":"1"}
{"UtcTime":"2026-08-12 10:51:13.000","Computer":"TN-FIN-WS042","User":"TRANSNORTE\\backup_svc","EventID":5,"Image":"C:\\Windows\\System32\\RuntimeBroker.exe","ProcessGuid":"{115DF674-D1E1-2026-6484-01C47D0049EC}","ProcessId":6488,"EventType":"End"}
{"UtcTime":"2026-08-12 10:51:14.000","Computer":"TN-FIN-WS042","User":"TRANSNORTE\\backup_svc","EventID":3,"Image":"C:\\Windows\\System32\\conhost.exe","ProcessGuid":"{A1396478-905A-2026-BB92-48D1FC5087E4}","ProcessId":7654,"DestinationIp":"10.50.10.88","DestinationPort":8080,"SourceIp":"10.50.10.42","Protocol":"tcp"}
{"UtcTime":"2026-08-12 10:51:15.000","Computer":"TN-FIN-WS042","User":"TRANSNORTE\\backup_svc","EventID":1,"Image":"C:\\Windows\\System32\\svchost.exe","ProcessGuid":"{5BB71802-20B8-2026-B928-F08421E4A10C}","ProcessId":4261,"CommandLine":"C:\\Windows\\System32\\svchost.exe","ParentImage":"C:\\Windows\\System32\\services.exe","ParentProcessGuid":"{44E51AEE-E8B2-2026-9C7E-A398D87C55CD}","OriginalFileName":"C:\\Windows\\System32\\svchost.exe","SHA256":"1c37f9f80af3b61db2929b593d1ee76b5a9b283410e2ff46181cf57207cfb46d"}
{"UtcTime":"2026-08-12 10:51:16.000","Computer":"TN-FIN-WS042","User":"TRANSNORTE\\backup_svc","EventID":1,"Image":"C:\\Program Files\\Microsoft Office\\Office16\\OUTLOOK.EXE","ProcessGuid":"{ED1221C7-6F4A-2026-D9A2-35E8CCE84462}","ProcessId":3078,"CommandLine":"C:\\Program Files\\Microsoft Office\\Office16\\OUTLOOK.EXE","ParentImage":"C:\\Windows\\System32\\services.exe","ParentProcessGuid":"{46EC81DF-20EE-2026-06F1-FC6538B0A2BD}","OriginalFileName":"C:\\Program Files\\Microsoft Office\\Office16\\OUTLOOK.EXE","SHA256":"96d5f1c7329320bc5a046996ff5c9d7f4c7d1948d965d8dc937ae8dd73764f65"}
{"UtcTime":"2026-08-12 10:51:17.000","Computer":"TN-FIN-WS042","User":"TRANSNORTE\\ops.cardoso","EventID":1,"Image":"C:\\Windows\\System32\\RuntimeBroker.exe","ProcessGuid":"{D9F4B5E6-C077-2026-499E-43E9F37ECC96}","ProcessId":7662,"CommandLine":"C:\\Windows\\System32\\RuntimeBroker.exe","ParentImage":"C:\\Windows\\System32\\services.exe","ParentProcessGuid":"{48775CF8-A265-2026-F565-9AFF357EA1C1}","OriginalFileName":"C:\\Windows\\System32\\RuntimeBroker.exe","SHA256":"781c104800d18bba35ebeb3cdc915748dda30fa063a757f6721f4096abcc14da"}
{"UtcTime":"2026-08-12 10:51:18.000","Computer":"TN-FIN-WS042","User":"TRANSNORTE\\backup_svc","EventID":11,"Image":"C:\\Windows\\System32\\RuntimeBroker.exe","ProcessGuid":"{4C6B3A0B-6E96-2026-D8D7-ABA1C88377D6}","ProcessId":3175,"TargetFilename":"C:\\Users\\ops.cardoso\\AppData\\Local\\Temp\\office-4278.tmp"}
{"UtcTime":"2026-08-12 10:51:19.000","Computer":"TN-FIN-WS042","User":"TRANSNORTE\\backup_svc","EventID":11,"Image":"C:\\Windows\\explorer.exe","ProcessGuid":"{FDC8D47B-3A7F-2026-7464-3C9AA49583CA}","ProcessId":1471,"TargetFilename":"C:\\Users\\ops.cardoso\\AppData\\Local\\Temp\\office-4279.tmp"}
{"UtcTime":"2026-08-12 10:51:20.000","Computer":"TN-FIN-WS042","User":"TRANSNORTE\\backup_svc","EventID":11,"Image":"C:\\Windows\\explorer.exe","ProcessGuid":"{138FA36F-EE65-2026-B654-2D7F67419A88}","ProcessId":5662,"TargetFilename":"C:\\Users\\ops.cardoso\\AppData\\Local\\Temp\\office-4280.tmp"}
{"UtcTime":"2026-08-12 10:51:21.000","Computer":"TN-FIN-WS042","User":"TRANSNORTE\\ops.cardoso","EventID":1,"Image":"C:\\Windows\\System32\\RuntimeBroker.exe","ProcessGuid":"{94A369FF-E6AD-2026-C216-252E3D8597E7}","ProcessId":1947,"CommandLine":"C:\\Windows\\System32\\RuntimeBroker.exe","ParentImage":"C:\\Windows\\System32\\services.exe","ParentProcessGuid":"{26EB0908-E10C-2026-171E-5A7F2D6B6C1F}","OriginalFileName":"C:\\Windows\\System32\\RuntimeBroker.exe","SHA256":"7ed3ebf305a89cba2af04ca07a458da17366c3364e8848041e23fb3b27a07d6f"}
{"UtcTime":"2026-08-12 10:51:22.000","Computer":"TN-FIN-WS042","User":"TRANSNORTE\\ops.cardoso","EventID":1,"Image":"C:\\Windows\\System32\\RuntimeBroker.exe","ProcessGuid":"{BC9B2DCF-D610-2026-398F-B8B6C1B1946C}","ProcessId":3535,"CommandLine":"C:\\Windows\\System32\\RuntimeBroker.exe","ParentImage":"C:\\Windows\\System32\\services.exe","ParentProcessGuid":"{AF43822F-719F-2026-F585-951421CE8565}","OriginalFileName":"C:\\Windows\\System32\\RuntimeBroker.exe","SHA256":"9e0074bb1b4ebebe667d4304c9f5a3397bc41517e7f5a13bc4a8248c3e5c2c80"}
{"UtcTime":"2026-08-12 10:51:23.000","Computer":"TN-FIN-WS042","User":"TRANSNORTE\\backup_svc","EventID":1,"Image":"C:\\Windows\\System32\\svchost.exe","ProcessGuid":"{B8AC6628-B1C4-2026-72E2-A662A573402E}","ProcessId":4225,"CommandLine":"C:\\Windows\\System32\\svchost.exe","ParentImage":"C:\\Windows\\System32\\services.exe","ParentProcessGuid":"{5FDB55A9-A4C2-2026-2AF9-80AC90AF714C}","OriginalFileName":"C:\\Windows\\System32\\svchost.exe","SHA256":"024a2ad7c55a000e46af2d4cd60db49f1a2965e2bc1f94ca5464046b6db4d7ce"}
{"UtcTime":"2026-08-12 10:51:24.000","Computer":"TN-FIN-WS042","User":"TRANSNORTE\\ops.cardoso","EventID":1,"Image":"C:\\Windows\\System32\\conhost.exe","ProcessGuid":"{787DED2D-B6BA-2026-E2F5-ACCBD470A17E}","ProcessId":4737,"CommandLine":"C:\\Windows\\System32\\conhost.exe","ParentImage":"C:\\Windows\\System32\\services.exe","ParentProcessGuid":"{95623268-6FAE-2026-ADB7-B77B677FF66E}","OriginalFileName":"C:\\Windows\\System32\\conhost.exe","SHA256":"f1a213cfc033e32fb2274f2b1ba2f4b6f4e9b2657156b4ab29953d6907248f34"}
{"UtcTime":"2026-08-12 10:51:25.000","Computer":"TN-FIN-WS042","User":"TRANSNORTE\\backup_svc","EventID":3,"Image":"C:\\Windows\\System32\\conhost.exe","ProcessGuid":"{24FFAFE8-C191-2026-D54F-5281ED12269F}","ProcessId":2168,"DestinationIp":"10.50.10.88","DestinationPort":443,"SourceIp":"10.50.10.42","Protocol":"tcp"}
{"UtcTime":"2026-08-12 10:51:26.000","Computer":"TN-FIN-WS042","User":"TRANSNORTE\\ops.cardoso","EventID":1,"Image":"C:\\Program Files\\Microsoft Office\\Office16\\OUTLOOK.EXE","ProcessGuid":"{C2295772-E707-2026-CCE5-9C0DFC61AD67}","ProcessId":4011,"CommandLine":"C:\\Program Files\\Microsoft Office\\Office16\\OUTLOOK.EXE","ParentImage":"C:\\Windows\\System32\\services.exe","ParentProcessGuid":"{6589FCAF-4E60-2026-A972-3C85F8CE6DF1}","OriginalFileName":"C:\\Program Files\\Microsoft Office\\Office16\\OUTLOOK.EXE","SHA256":"26822d0bd23378c801367da9c30590a983920c0f2ddae0bb3155e5a22530b99d"}
{"UtcTime":"2026-08-12 10:51:27.000","Computer":"TN-FIN-WS042","User":"TRANSNORTE\\ops.cardoso","EventID":3,"Image":"C:\\Windows\\System32\\conhost.exe","ProcessGuid":"{750E306D-47C5-2026-EAC1-FC55C21B0E52}","ProcessId":2478,"DestinationIp":"10.50.10.10","DestinationPort":443,"SourceIp":"10.50.10.42","Protocol":"tcp"}
{"UtcTime":"2026-08-12 10:51:28.000","Computer":"TN-FIN-WS042","User":"TRANSNORTE\\backup_svc","EventID":11,"Image":"C:\\Windows\\System32\\svchost.exe","ProcessGuid":"{31B003A3-EAB7-2026-0B14-9C387887894A}","ProcessId":7880,"TargetFilename":"C:\\Users\\ops.cardoso\\AppData\\Local\\Temp\\office-4288.tmp"}
{"UtcTime":"2026-08-12 10:51:29.000","Computer":"TN-FIN-WS042","User":"TRANSNORTE\\ops.cardoso","EventID":13,"Image":"C:\\Program Files\\Microsoft Office\\Office16\\OUTLOOK.EXE","ProcessGuid":"{2630F0CA-3D07-2026-1962-0DB8CECCB804}","ProcessId":1087,"EventType":"SetValue","TargetObject":"HKCU\\Software\\Microsoft\\Office\\16.0\\Outlook\\Resiliency\\4289","Details":"1"}
{"UtcTime":"2026-08-12 10:51:30.000","Computer":"TN-FIN-WS042","User":"TRANSNORTE\\ops.cardoso","EventID":13,"Image":"C:\\Windows\\System32\\svchost.exe","ProcessGuid":"{FA0F2664-9236-2026-483F-BBD36707883F}","ProcessId":3545,"EventType":"SetValue","TargetObject":"HKCU\\Software\\Microsoft\\Office\\16.0\\Outlook\\Resiliency\\4290","Details":"1"}
{"UtcTime":"2026-08-12 10:51:31.000","Computer":"TN-FIN-WS042","User":"TRANSNORTE\\ops.cardoso","EventID":5,"Image":"C:\\Program Files\\Microsoft Office\\Office16\\OUTLOOK.EXE","ProcessGuid":"{44A2B23A-293F-2026-8E1C-FF2DC6366577}","ProcessId":947,"EventType":"End"}
{"UtcTime":"2026-08-12 10:51:32.000","Computer":"TN-FIN-WS042","User":"TRANSNORTE\\ops.cardoso","EventID":1,"Image":"C:\\Windows\\System32\\svchost.exe","ProcessGuid":"{86351383-7D59-2026-227A-6DD3BE2AE853}","ProcessId":2577,"CommandLine":"C:\\Windows\\System32\\svchost.exe","ParentImage":"C:\\Windows\\System32\\services.exe","ParentProcessGuid":"{C4B70EB1-EDDA-2026-7C5A-96E689704899}","OriginalFileName":"C:\\Windows\\System32\\svchost.exe","SHA256":"c65e04d64f8ddde88f823d55d154694b1d42932df97b4aaa79b62446b7ceb501"}
{"UtcTime":"2026-08-12 10:51:33.000","Computer":"TN-FIN-WS042","User":"TRANSNORTE\\backup_svc","EventID":3,"Image":"C:\\Windows\\explorer.exe","ProcessGuid":"{3F954954-7A35-2026-55E5-390FAB8B0C1B}","ProcessId":1739,"DestinationIp":"1.1.1.1","DestinationPort":53,"SourceIp":"10.50.10.42","Protocol":"tcp"}
{"UtcTime":"2026-08-12 10:51:34.000","Computer":"TN-FIN-WS042","User":"TRANSNORTE\\ops.cardoso","EventID":1,"Image":"C:\\Windows\\System32\\conhost.exe","ProcessGuid":"{5EA39026-D598-2026-F582-641F3D7B0B4B}","ProcessId":6001,"CommandLine":"C:\\Windows\\System32\\conhost.exe","ParentImage":"C:\\Windows\\System32\\services.exe","ParentProcessGuid":"{9075A2F6-E85E-2026-E03C-2069B9671D2C}","OriginalFileName":"C:\\Windows\\System32\\conhost.exe","SHA256":"8f4573d757f4a2dd6d4adeb3f507a64dcf80117a52b5d0715a1acfb281842658"}
{"UtcTime":"2026-08-12 10:51:35.000","Computer":"TN-FIN-WS042","User":"TRANSNORTE\\ops.cardoso","EventID":3,"Image":"C:\\Windows\\System32\\conhost.exe","ProcessGuid":"{1031AF05-63A7-2026-5479-1BC26E265918}","ProcessId":2842,"DestinationIp":"8.8.8.8","DestinationPort":8080,"SourceIp":"10.50.10.42","Protocol":"tcp"}
{"UtcTime":"2026-08-12 10:51:36.000","Computer":"TN-FIN-WS042","User":"TRANSNORTE\\backup_svc","EventID":1,"Image":"C:\\Windows\\System32\\conhost.exe","ProcessGuid":"{65633C9F-29BE-2026-D2CF-7C715373674A}","ProcessId":1207,"CommandLine":"C:\\Windows\\System32\\conhost.exe","ParentImage":"C:\\Windows\\System32\\services.exe","ParentProcessGuid":"{7D3626EC-FED0-2026-15D2-EBFF7BDD35AC}","OriginalFileName":"C:\\Windows\\System32\\conhost.exe","SHA256":"a60a8656725c157c4c4e4aa793d9a40b29483a01589736fa86af0fbb4e3a24c0"}
{"UtcTime":"2026-08-12 10:51:37.000","Computer":"TN-FIN-WS042","User":"TRANSNORTE\\backup_svc","EventID":1,"Image":"C:\\Program Files\\Google\\Chrome\\Application\\chrome.exe","ProcessGuid":"{F548D62F-4AE1-2026-3258-7419072A6A63}","ProcessId":6497,"CommandLine":"C:\\Program Files\\Google\\Chrome\\Application\\chrome.exe","ParentImage":"C:\\Windows\\System32\\services.exe","ParentProcessGuid":"{5E3CFECD-FDFE-2026-FE45-EA40BC9C1B6A}","OriginalFileName":"C:\\Program Files\\Google\\Chrome\\Application\\chrome.exe","SHA256":"bc2c5ef063548f945eefca92a2ae20ac933d55d278030e7acaf5b9b7b59564f4"}
{"UtcTime":"2026-08-12 10:51:38.000","Computer":"TN-FIN-WS042","User":"TRANSNORTE\\backup_svc","EventID":5,"Image":"C:\\Windows\\System32\\conhost.exe","ProcessGuid":"{A4FB7384-FEAE-2026-3953-2BAC3B0B5700}","ProcessId":5399,"EventType":"End"}
{"UtcTime":"2026-08-12 10:51:39.000","Computer":"TN-FIN-WS042","User":"TRANSNORTE\\ops.cardoso","EventID":3,"Image":"C:\\Windows\\System32\\conhost.exe","ProcessGuid":"{DF2FFA44-B229-2026-3636-B6F8A4E17C6B}","ProcessId":776,"DestinationIp":"10.50.10.10","DestinationPort":443,"SourceIp":"10.50.10.42","Protocol":"tcp"}
{"UtcTime":"2026-08-12 10:51:40.000","Computer":"TN-FIN-WS042","User":"TRANSNORTE\\backup_svc","EventID":1,"Image":"C:\\Program Files\\Microsoft Office\\Office16\\OUTLOOK.EXE","ProcessGuid":"{D2DE95A4-C714-2026-E32E-70E228825324}","ProcessId":8646,"CommandLine":"C:\\Program Files\\Microsoft Office\\Office16\\OUTLOOK.EXE","ParentImage":"C:\\Windows\\System32\\services.exe","ParentProcessGuid":"{628069FD-678C-2026-CF70-0ACFC54DC278}","OriginalFileName":"C:\\Program Files\\Microsoft Office\\Office16\\OUTLOOK.EXE","SHA256":"12838b9f20d478d73a4a962ff9f37f477fe5c5511b594ee2c033d76fbfb93b00"}
{"UtcTime":"2026-08-12 10:51:41.000","Computer":"TN-FIN-WS042","User":"TRANSNORTE\\backup_svc","EventID":1,"Image":"C:\\Windows\\System32\\conhost.exe","ProcessGuid":"{8C5769DE-6501-2026-3236-EAE46C541618}","ProcessId":2728,"CommandLine":"C:\\Windows\\System32\\conhost.exe","ParentImage":"C:\\Windows\\System32\\services.exe","ParentProcessGuid":"{E8F69333-F494-2026-BE4D-0C02E324DFA9}","OriginalFileName":"C:\\Windows\\System32\\conhost.exe","SHA256":"9d803d72184327869c243b2db8030f70bc9b20638ce37bbccde8b54086c09200"}
{"UtcTime":"2026-08-12 10:51:42.000","Computer":"TN-FIN-WS042","User":"TRANSNORTE\\ops.cardoso","EventID":11,"Image":"C:\\Windows\\System32\\conhost.exe","ProcessGuid":"{0E65D253-C541-2026-777F-62ADAB2E35C2}","ProcessId":7856,"TargetFilename":"C:\\Users\\ops.cardoso\\AppData\\Local\\Temp\\office-4302.tmp"}
{"UtcTime":"2026-08-12 10:51:43.000","Computer":"TN-FIN-WS042","User":"TRANSNORTE\\backup_svc","EventID":11,"Image":"C:\\Windows\\System32\\svchost.exe","ProcessGuid":"{262623C0-1268-2026-E2A5-4945F6F65498}","ProcessId":2284,"TargetFilename":"C:\\Users\\ops.cardoso\\AppData\\Local\\Temp\\office-4303.tmp"}
{"UtcTime":"2026-08-12 10:51:44.000","Computer":"TN-FIN-WS042","User":"TRANSNORTE\\backup_svc","EventID":13,"Image":"C:\\Windows\\System32\\svchost.exe","ProcessGuid":"{5095C5B3-6018-2026-EB28-4FE0B6B37CDC}","ProcessId":3505,"EventType":"SetValue","TargetObject":"HKCU\\Software\\Microsoft\\Office\\16.0\\Outlook\\Resiliency\\4304","Details":"1"}
{"UtcTime":"2026-08-12 10:51:45.000","Computer":"TN-FIN-WS042","User":"TRANSNORTE\\backup_svc","EventID":5,"Image":"C:\\Windows\\explorer.exe","ProcessGuid":"{9D3B2AA3-04B2-2026-75A5-7EFD88D8DDB8}","ProcessId":3194,"EventType":"End"}
{"UtcTime":"2026-08-12 10:51:46.000","Computer":"TN-FIN-WS042","User":"TRANSNORTE\\ops.cardoso","EventID":1,"Image":"C:\\Program Files\\Microsoft Office\\Office16\\OUTLOOK.EXE","ProcessGuid":"{717FD8FB-7A9F-2026-49A9-7BD25E04B00C}","ProcessId":2313,"CommandLine":"C:\\Program Files\\Microsoft Office\\Office16\\OUTLOOK.EXE","ParentImage":"C:\\Windows\\System32\\services.exe","ParentProcessGuid":"{51EE43AF-50DE-2026-936B-2E1EB1B69F7A}","OriginalFileName":"C:\\Program Files\\Microsoft Office\\Office16\\OUTLOOK.EXE","SHA256":"c8c0ed7d8ec1a5f78bdaa65e38dd3fa825f5fb40615855de24f9017fb3e84334"}
{"UtcTime":"2026-08-12 10:51:47.000","Computer":"TN-FIN-WS042","User":"TRANSNORTE\\backup_svc","EventID":1,"Image":"C:\\Program Files\\Google\\Chrome\\Application\\chrome.exe","ProcessGuid":"{2263946C-D140-2026-C882-4BD20939C976}","ProcessId":6194,"CommandLine":"C:\\Program Files\\Google\\Chrome\\Application\\chrome.exe","ParentImage":"C:\\Windows\\System32\\services.exe","ParentProcessGuid":"{82667C37-6899-2026-626E-77B173031180}","OriginalFileName":"C:\\Program Files\\Google\\Chrome\\Application\\chrome.exe","SHA256":"05356c03150edcab0a4296f25ea1af11480135d2334a9cd239b9ca8c85e4ddd8"}
{"UtcTime":"2026-08-12 10:51:48.000","Computer":"TN-FIN-WS042","User":"TRANSNORTE\\ops.cardoso","EventID":13,"Image":"C:\\Windows\\System32\\RuntimeBroker.exe","ProcessGuid":"{D1CD7D78-E06E-2026-EB89-B31CCE03286B}","ProcessId":1993,"EventType":"SetValue","TargetObject":"HKCU\\Software\\Microsoft\\Office\\16.0\\Outlook\\Resiliency\\4308","Details":"1"}
{"UtcTime":"2026-08-12 10:51:49.000","Computer":"TN-FIN-WS042","User":"TRANSNORTE\\ops.cardoso","EventID":1,"Image":"C:\\Windows\\System32\\conhost.exe","ProcessGuid":"{112A1221-E259-2026-1BE5-61299665DD06}","ProcessId":1546,"CommandLine":"C:\\Windows\\System32\\conhost.exe","ParentImage":"C:\\Windows\\System32\\services.exe","ParentProcessGuid":"{A339C2DB-7121-2026-803E-4CC2F7239375}","OriginalFileName":"C:\\Windows\\System32\\conhost.exe","SHA256":"89e725af165f9b0a414e6b2345eae4747a3b9c1346dea721d0a32d2c0a3e01bc"}
{"UtcTime":"2026-08-12 10:51:50.000","Computer":"TN-FIN-WS042","User":"TRANSNORTE\\ops.cardoso","EventID":5,"Image":"C:\\Windows\\explorer.exe","ProcessGuid":"{1E11E689-807F-2026-A7B2-8413B924130A}","ProcessId":6534,"EventType":"End"}
{"UtcTime":"2026-08-12 10:51:51.000","Computer":"TN-FIN-WS042","User":"TRANSNORTE\\backup_svc","EventID":1,"Image":"C:\\Windows\\System32\\RuntimeBroker.exe","ProcessGuid":"{24932FB6-59CA-2026-0469-6AE8F06D9E8C}","ProcessId":3093,"CommandLine":"C:\\Windows\\System32\\RuntimeBroker.exe","ParentImage":"C:\\Windows\\System32\\services.exe","ParentProcessGuid":"{DCED194D-957E-2026-6ED8-3B08378E36DE}","OriginalFileName":"C:\\Windows\\System32\\RuntimeBroker.exe","SHA256":"82ffe97ebb142563f24e3e5549fad9eca93a91366fc461565eb972dcd7aa5f2a"}
{"UtcTime":"2026-08-12 10:51:52.000","Computer":"TN-FIN-WS042","User":"TRANSNORTE\\ops.cardoso","EventID":1,"Image":"C:\\Windows\\System32\\svchost.exe","ProcessGuid":"{DCBAF1AD-E05C-2026-6855-E7E76CA6E5B3}","ProcessId":8600,"CommandLine":"C:\\Windows\\System32\\svchost.exe","ParentImage":"C:\\Windows\\System32\\services.exe","ParentProcessGuid":"{409131D4-517B-2026-9CF7-1A7A160D273A}","OriginalFileName":"C:\\Windows\\System32\\svchost.exe","SHA256":"f5a95da1478013f4a82c4e24ed71e078bfd14af6e952a3f573e0f05dee9a3a25"}
{"UtcTime":"2026-08-12 10:51:53.000","Computer":"TN-FIN-WS042","User":"TRANSNORTE\\ops.cardoso","EventID":1,"Image":"C:\\Program Files\\Microsoft Office\\Office16\\OUTLOOK.EXE","ProcessGuid":"{7A774F2B-9E32-2026-6274-66ACB0AC8C73}","ProcessId":8524,"CommandLine":"C:\\Program Files\\Microsoft Office\\Office16\\OUTLOOK.EXE","ParentImage":"C:\\Windows\\System32\\services.exe","ParentProcessGuid":"{6FDEB478-B3BE-2026-603F-1F676C1520DD}","OriginalFileName":"C:\\Program Files\\Microsoft Office\\Office16\\OUTLOOK.EXE","SHA256":"a17f589551f3d2435d6228b9bdb73ce98e1f13ff97cc6c5d090c9be0f2eb5b0a"}
{"UtcTime":"2026-08-12 10:51:54.000","Computer":"TN-FIN-WS042","User":"TRANSNORTE\\ops.cardoso","EventID":1,"Image":"C:\\Program Files\\Google\\Chrome\\Application\\chrome.exe","ProcessGuid":"{3D061A46-11E1-2026-DC13-ACF509A182E0}","ProcessId":3412,"CommandLine":"C:\\Program Files\\Google\\Chrome\\Application\\chrome.exe","ParentImage":"C:\\Windows\\System32\\services.exe","ParentProcessGuid":"{9D845628-A53E-2026-C372-57CCB0126281}","OriginalFileName":"C:\\Program Files\\Google\\Chrome\\Application\\chrome.exe","SHA256":"0ffbad10848f5c8fe4c6da93b7f82a2ee341401db249b086ebdff18959b119d2"}
{"UtcTime":"2026-08-12 10:51:55.000","Computer":"TN-FIN-WS042","User":"TRANSNORTE\\ops.cardoso","EventID":1,"Image":"C:\\Windows\\explorer.exe","ProcessGuid":"{4E7B4938-C4B9-2026-943F-2E1F3CB68E44}","ProcessId":714,"CommandLine":"C:\\Windows\\explorer.exe","ParentImage":"C:\\Windows\\System32\\services.exe","ParentProcessGuid":"{B6C4A2AF-336A-2026-8B93-E296689E46AF}","OriginalFileName":"C:\\Windows\\explorer.exe","SHA256":"4093e7e96257cc33046cedd661efc44487238a4f4984fda94b520453137f12b5"}
{"UtcTime":"2026-08-12 10:51:56.000","Computer":"TN-FIN-WS042","User":"TRANSNORTE\\backup_svc","EventID":5,"Image":"C:\\Windows\\System32\\svchost.exe","ProcessGuid":"{00BAFC74-6AC4-2026-4C84-5AED5523D9AB}","ProcessId":8009,"EventType":"End"}
{"UtcTime":"2026-08-12 10:51:57.000","Computer":"TN-FIN-WS042","User":"TRANSNORTE\\ops.cardoso","EventID":1,"Image":"C:\\Windows\\System32\\RuntimeBroker.exe","ProcessGuid":"{4EE5618E-8EB9-2026-56F9-04A6F8CF89AB}","ProcessId":5966,"CommandLine":"C:\\Windows\\System32\\RuntimeBroker.exe","ParentImage":"C:\\Windows\\System32\\services.exe","ParentProcessGuid":"{69A4F563-1AB7-2026-4AF6-336AC4ADBCDF}","OriginalFileName":"C:\\Windows\\System32\\RuntimeBroker.exe","SHA256":"f9eb9c4efc1af416bdbcce1e19e547828398234e5371c64867c71aed2c6a125e"}
{"UtcTime":"2026-08-12 10:51:58.000","Computer":"TN-FIN-WS042","User":"TRANSNORTE\\backup_svc","EventID":1,"Image":"C:\\Windows\\System32\\conhost.exe","ProcessGuid":"{32AB6697-3B51-2026-1DE2-2E2DB323B164}","ProcessId":2480,"CommandLine":"C:\\Windows\\System32\\conhost.exe","ParentImage":"C:\\Windows\\System32\\services.exe","ParentProcessGuid":"{96660209-6821-2026-9E25-4C4116A9F96B}","OriginalFileName":"C:\\Windows\\System32\\conhost.exe","SHA256":"2dbf12024d8a9637abe5f47bcc8ca91c0748ae9368d368989af1cf2acfae2a67"}
{"UtcTime":"2026-08-12 10:51:59.000","Computer":"TN-FIN-WS042","User":"TRANSNORTE\\backup_svc","EventID":3,"Image":"C:\\Windows\\explorer.exe","ProcessGuid":"{580E16A4-DAB9-2026-8700-45CC61A07F32}","ProcessId":2925,"DestinationIp":"8.8.8.8","DestinationPort":53,"SourceIp":"10.50.10.42","Protocol":"tcp"}
{"UtcTime":"2026-08-12 10:52:00.000","Computer":"TN-FIN-WS042","User":"TRANSNORTE\\backup_svc","EventID":11,"Image":"C:\\Program Files\\Microsoft Office\\Office16\\OUTLOOK.EXE","ProcessGuid":"{6A65C329-ACEF-2026-2A9B-4D142B8AE03B}","ProcessId":7899,"TargetFilename":"C:\\Users\\ops.cardoso\\AppData\\Local\\Temp\\office-4320.tmp"}
{"UtcTime":"2026-08-12 10:52:01.000","Computer":"TN-FIN-WS042","User":"TRANSNORTE\\ops.cardoso","EventID":5,"Image":"C:\\Program Files\\Google\\Chrome\\Application\\chrome.exe","ProcessGuid":"{CCC26E3F-B0EE-2026-A2C0-85A377FB47D9}","ProcessId":6364,"EventType":"End"}
{"UtcTime":"2026-08-12 10:52:02.000","Computer":"TN-FIN-WS042","User":"TRANSNORTE\\backup_svc","EventID":1,"Image":"C:\\Program Files\\Google\\Chrome\\Application\\chrome.exe","ProcessGuid":"{29B4725B-E7A7-2026-D912-751E680C88E3}","ProcessId":3991,"CommandLine":"C:\\Program Files\\Google\\Chrome\\Application\\chrome.exe","ParentImage":"C:\\Windows\\System32\\services.exe","ParentProcessGuid":"{E044A656-6C9A-2026-D195-9FCEA6AE4853}","OriginalFileName":"C:\\Program Files\\Google\\Chrome\\Application\\chrome.exe","SHA256":"9d525a8a88bdf3597c77f0f3b6c1dc999f7837e4d086ad2d32ad5e89e6e3c336"}
{"UtcTime":"2026-08-12 10:52:03.000","Computer":"TN-FIN-WS042","User":"TRANSNORTE\\ops.cardoso","EventID":11,"Image":"C:\\Windows\\System32\\conhost.exe","ProcessGuid":"{B475B5C7-FB63-2026-8024-ECD76E0112A1}","ProcessId":3171,"TargetFilename":"C:\\Users\\ops.cardoso\\AppData\\Local\\Temp\\office-4323.tmp"}
{"UtcTime":"2026-08-12 10:52:04.000","Computer":"TN-FIN-WS042","User":"TRANSNORTE\\ops.cardoso","EventID":1,"Image":"C:\\Program Files\\Microsoft Office\\Office16\\OUTLOOK.EXE","ProcessGuid":"{28C05BC5-0E79-2026-9909-BD8CA20C8764}","ProcessId":8387,"CommandLine":"C:\\Program Files\\Microsoft Office\\Office16\\OUTLOOK.EXE","ParentImage":"C:\\Windows\\System32\\services.exe","ParentProcessGuid":"{69B232E2-2E5A-2026-9E09-3B8F77902C42}","OriginalFileName":"C:\\Program Files\\Microsoft Office\\Office16\\OUTLOOK.EXE","SHA256":"06bc3aaf209155ae41576c93c7622765cdc8d348da047393e6b57c46969addd5"}
{"UtcTime":"2026-08-12 10:52:05.000","Computer":"TN-FIN-WS042","User":"TRANSNORTE\\backup_svc","EventID":11,"Image":"C:\\Program Files\\Google\\Chrome\\Application\\chrome.exe","ProcessGuid":"{DC483F3E-1151-2026-AB56-F0C2FEFA7068}","ProcessId":6562,"TargetFilename":"C:\\Users\\ops.cardoso\\AppData\\Local\\Temp\\office-4325.tmp"}
{"UtcTime":"2026-08-12 10:52:06.000","Computer":"TN-FIN-WS042","User":"TRANSNORTE\\backup_svc","EventID":5,"Image":"C:\\Windows\\System32\\conhost.exe","ProcessGuid":"{1D0FDA88-3500-2026-AD77-1EE4647FBEC5}","ProcessId":7241,"EventType":"End"}
{"UtcTime":"2026-08-12 10:52:07.000","Computer":"TN-FIN-WS042","User":"TRANSNORTE\\ops.cardoso","EventID":1,"Image":"C:\\Program Files\\Microsoft Office\\Office16\\OUTLOOK.EXE","ProcessGuid":"{37119CF1-3F70-2026-D34C-2873ED79B46C}","ProcessId":6950,"CommandLine":"C:\\Program Files\\Microsoft Office\\Office16\\OUTLOOK.EXE","ParentImage":"C:\\Windows\\System32\\services.exe","ParentProcessGuid":"{C4E6C0C2-056F-2026-B144-F04862AC55C0}","OriginalFileName":"C:\\Program Files\\Microsoft Office\\Office16\\OUTLOOK.EXE","SHA256":"6c435356cd6eaa4814231c61475d023d54fe1278add75338585f42fd680e6675"}
{"UtcTime":"2026-08-12 10:52:08.000","Computer":"TN-FIN-WS042","User":"TRANSNORTE\\ops.cardoso","EventID":13,"Image":"C:\\Windows\\System32\\conhost.exe","ProcessGuid":"{EB5D284A-D933-2026-158B-C70F43BF6F53}","ProcessId":2152,"EventType":"SetValue","TargetObject":"HKCU\\Software\\Microsoft\\Office\\16.0\\Outlook\\Resiliency\\4328","Details":"1"}
{"UtcTime":"2026-08-12 10:52:09.000","Computer":"TN-FIN-WS042","User":"TRANSNORTE\\backup_svc","EventID":1,"Image":"C:\\Windows\\System32\\RuntimeBroker.exe","ProcessGuid":"{45C75FA2-8B98-2026-B209-47E0B95FCE63}","ProcessId":5271,"CommandLine":"C:\\Windows\\System32\\RuntimeBroker.exe","ParentImage":"C:\\Windows\\System32\\services.exe","ParentProcessGuid":"{E6600E23-91A3-2026-C9B4-9B235C1C8309}","OriginalFileName":"C:\\Windows\\System32\\RuntimeBroker.exe","SHA256":"62ad12d08ea87927926be1e1613e102d3fc84dd820f1e4b38e222d5b0f795af0"}
{"UtcTime":"2026-08-12 10:52:10.000","Computer":"TN-FIN-WS042","User":"TRANSNORTE\\ops.cardoso","EventID":11,"Image":"C:\\Windows\\System32\\svchost.exe","ProcessGuid":"{E91E82F3-5493-2026-CD5E-25C1EFADA62B}","ProcessId":1378,"TargetFilename":"C:\\Users\\ops.cardoso\\AppData\\Local\\Temp\\office-4330.tmp"}
