{"UtcTime":"2026-08-12 10:56:11.000","Computer":"TN-FIN-WS042","User":"TRANSNORTE\\ops.cardoso","EventID":1,"Image":"C:\\Program Files\\Google\\Chrome\\Application\\chrome.exe","ProcessGuid":"{C5F742FB-B258-2026-DCAE-9A6C31349C6F}","ProcessId":1288,"CommandLine":"C:\\Program Files\\Google\\Chrome\\Application\\chrome.exe","ParentImage":"C:\\Windows\\System32\\services.exe","ParentProcessGuid":"{C6942937-11B6-2026-2424-A7EECFFA130B}","OriginalFileName":"C:\\Program Files\\Google\\Chrome\\Application\\chrome.exe","SHA256":"89ad2fc5e359cc195e939e4163418ea8433e7a47991d92ba4c1d0785a74a4338"}
{"UtcTime":"2026-08-12 10:56:12.000","Computer":"TN-FIN-WS042","User":"TRANSNORTE\\backup_svc","EventID":1,"Image":"C:\\Windows\\explorer.exe","ProcessGuid":"{49C24844-F47A-2026-33AB-AC55873DA7DB}","ProcessId":5364,"CommandLine":"C:\\Windows\\explorer.exe","ParentImage":"C:\\Windows\\System32\\services.exe","ParentProcessGuid":"{293AE374-5489-2026-C986-7EA84385BD90}","OriginalFileName":"C:\\Windows\\explorer.exe","SHA256":"af70ecc5900f7eb10bed6e41cd837e4098f93bf6c30a567606378f43f13e3bf6"}
{"UtcTime":"2026-08-12 10:56:13.000","Computer":"TN-FIN-WS042","User":"TRANSNORTE\\backup_svc","EventID":1,"Image":"C:\\Windows\\explorer.exe","ProcessGuid":"{01A1C0FA-2D1F-2026-266F-589051382980}","ProcessId":4833,"CommandLine":"C:\\Windows\\explorer.exe","ParentImage":"C:\\Windows\\System32\\services.exe","ParentProcessGuid":"{9CCAA687-DF67-2026-E6B8-7FC1E4F5D9AE}","OriginalFileName":"C:\\Windows\\explorer.exe","SHA256":"984713abca57349f621eebc6f4db1fdb103b478b74706847af22ead9d64a2229"}
{"UtcTime":"2026-08-12 10:56:14.000","Computer":"TN-FIN-WS042","User":"TRANSNORTE\\ops.cardoso","EventID":5,"Image":"C:\\Windows\\explorer.exe","ProcessGuid":"{356269DE-9DFF-2026-0E91-11366019CC1B}","ProcessId":592,"EventType":"End"}
{"UtcTime":"2026-08-12 10:56:15.000","Computer":"TN-FIN-WS042","User":"TRANSNORTE\\ops.cardoso","EventID":1,"Image":"C:\\Program Files\\Microsoft Office\\Office16\\OUTLOOK.EXE","ProcessGuid":"{E0208C62-10AD-2026-BDA5-36288DEF7641}","ProcessId":2637,"CommandLine":"C:\\Program Files\\Microsoft Office\\Office16\\OUTLOOK.EXE","ParentImage":"C:\\Windows\\System32\\services.exe","ParentProcessGuid":"{97DE3288-4AD4-2026-1DAC-2A692426C194}","OriginalFileName":"C:\\Program Files\\Microsoft Office\\Office16\\OUTLOOK.EXE","SHA256":"e098968d93147846cb775f784a2f78bcb7e33b69ee557299204adfeca61216af"}
{"UtcTime":"2026-08-12 10:56:16.000","Computer":"TN-FIN-WS042","User":"TRANSNORTE\\backup_svc","EventID":3,"Image":"C:\\Windows\\System32\\RuntimeBroker.exe","ProcessGuid":"{585782A3-C56A-2026-09F3-75BA62604410}","ProcessId":1426,"DestinationIp":"8.8.8.8","DestinationPort":135,"SourceIp":"10.50.10.42","Protocol":"tcp"}
{"UtcTime":"2026-08-12 10:56:17.000","Computer":"TN-FIN-WS042","User":"TRANSNORTE\\backup_svc","EventID":13,"Image":"C:\\Program Files\\Microsoft Office\\Office16\\OUTLOOK.EXE","ProcessGuid":"{B13BB322-A565-2026-CD48-BE13926F88BA}","ProcessId":7262,"EventType":"SetValue","TargetObject":"HKCU\\Software\\Microsoft\\Office\\16.0\\Outlook\\Resiliency\\4577","Details":"1"}
{"UtcTime":"2026-08-12 10:56:18.000","Computer":"TN-FIN-WS042","User":"TRANSNORTE\\backup_svc","EventID":3,"Image":"C:\\Windows\\explorer.exe","ProcessGuid":"{F1A49CC3-B031-2026-48D9-4537C620669D}","ProcessId":8615,"DestinationIp":"1.1.1.1","DestinationPort":8080,"SourceIp":"10.50.10.42","Protocol":"tcp"}
{"UtcTime":"2026-08-12 10:56:19.000","Computer":"TN-FIN-WS042","User":"TRANSNORTE\\backup_svc","EventID":13,"Image":"C:\\Windows\\explorer.exe","ProcessGuid":"{B95F8DAE-4CDE-2026-0F48-2E9B1C716F95}","ProcessId":6816,"EventType":"SetValue","TargetObject":"HKCU\\Software\\Microsoft\\Office\\16.0\\Outlook\\Resiliency\\4579","Details":"1"}
{"UtcTime":"2026-08-12 10:56:20.000","Computer":"TN-FIN-WS042","User":"TRANSNORTE\\backup_svc","EventID":13,"Image":"C:\\Windows\\explorer.exe","ProcessGuid":"{3026273D-97D8-2026-BA0E-15AB70BCA203}","ProcessId":2236,"EventType":"SetValue","TargetObject":"HKCU\\Software\\Microsoft\\Office\\16.0\\Outlook\\Resiliency\\4580","Details":"1"}
{"UtcTime":"2026-08-12 10:56:21.000","Computer":"TN-FIN-WS042","User":"TRANSNORTE\\ops.cardoso","EventID":1,"Image":"C:\\Windows\\System32\\RuntimeBroker.exe","ProcessGuid":"{B27BD4F8-96C3-2026-8935-3EBA9F6A9F54}","ProcessId":6296,"CommandLine":"C:\\Windows\\System32\\RuntimeBroker.exe","ParentImage":"C:\\Windows\\System32\\services.exe","ParentProcessGuid":"{1B31FE5C-E6C1-2026-7D95-DD4AF1A1E90F}","OriginalFileName":"C:\\Windows\\System32\\RuntimeBroker.exe","SHA256":"c6849663618b4417cfd2616fed41a13e22f0722847bb5531a9efd582da2517ae"}
{"UtcTime":"2026-08-12 10:56:22.000","Computer":"TN-FIN-WS042","User":"TRANSNORTE\\ops.cardoso","EventID":3,"Image":"C:\\Windows\\explorer.exe","ProcessGuid":"{EE99C651-F381-2026-8498-76FF767F7992}","ProcessId":1286,"DestinationIp":"10.50.10.88","DestinationPort":443,"SourceIp":"10.50.10.42","Protocol":"tcp"}
{"UtcTime":"2026-08-12 10:56:23.000","Computer":"TN-FIN-WS042","User":"TRANSNORTE\\backup_svc","EventID":11,"Image":"C:\\Windows\\System32\\RuntimeBroker.exe","ProcessGuid":"{5BFDABFD-46CE-2026-CA46-F0428DBCE36E}","ProcessId":4937,"TargetFilename":"C:\\Users\\ops.cardoso\\AppData\\Local\\Temp\\office-4583.tmp"}
{"UtcTime":"2026-08-12 10:56:24.000","Computer":"TN-FIN-WS042","User":"TRANSNORTE\\backup_svc","EventID":1,"Image":"C:\\Program Files\\Microsoft Office\\Office16\\OUTLOOK.EXE","ProcessGuid":"{F6E16D05-E687-2026-8A1B-7586364E4D4F}","ProcessId":4555,"CommandLine":"C:\\Program Files\\Microsoft Office\\Office16\\OUTLOOK.EXE","ParentImage":"C:\\Windows\\System32\\services.exe","ParentProcessGuid":"{1F143752-B0C2-2026-5C8B-50CD373FADA8}","OriginalFileName":"C:\\Program Files\\Microsoft Office\\Office16\\OUTLOOK.EXE","SHA256":"7794e467503351374a83ec75f3baee4f4480170b4c4206542e96928c79cd87d5"}
{"UtcTime":"2026-08-12 10:56:25.000","Computer":"TN-FIN-WS042","User":"TRANSNORTE\\backup_svc","EventID":1,"Image":"C:\\Program Files\\Microsoft Office\\Office16\\OUTLOOK.EXE","ProcessGuid":"{D4425B9A-1761-2026-9822-0F51CC78CE8E}","ProcessId":5897,"CommandLine":"C:\\Program Files\\Microsoft Office\\Office16\\OUTLOOK.EXE","ParentImage":"C:\\Windows\\System32\\services.exe","ParentProcessGuid":"{4C290228-99C4-2026-1206-9C099C866B2C}","OriginalFileName":"C:\\Program Files\\Microsoft Office\\Office16\\OUTLOOK.EXE","SHA256":"b3deb8f976c9317d29a884ff3084bcda39dec56c8890cd93ab4c53cb23d82777"}
{"UtcTime":"2026-08-12 10:56:26.000","Computer":"TN-FIN-WS042","User":"TRANSNORTE\\backup_svc","EventID":3,"Image":"C:\\Program Files\\Microsoft Office\\Office16\\OUTLOOK.EXE","ProcessGuid":"{52084FD7-A95C-2026-3312-4D97D2117CC2}","ProcessId":3434,"DestinationIp":"8.8.8.8","DestinationPort":135,"SourceIp":"10.50.10.42","Protocol":"tcp"}
{"UtcTime":"2026-08-12 10:56:27.000","Computer":"TN-FIN-WS042","User":"TRANSNORTE\\ops.cardoso","EventID":1,"Image":"C:\\Program Files\\Google\\Chrome\\Application\\chrome.exe","ProcessGuid":"{C7C5C5C5-C0DE-2026-2AFD-E66C35E7815D}","ProcessId":7246,"CommandLine":"C:\\Program Files\\Google\\Chrome\\Application\\chrome.exe","ParentImage":"C:\\Windows\\System32\\services.exe","ParentProcessGuid":"{14D138EC-0F20-2026-823F-7BE50F4098DE}","OriginalFileName":"C:\\Program Files\\Google\\Chrome\\Application\\chrome.exe","SHA256":"f69bbd3957ef96795bfdd33ab772c8b711492b2d5d2309202f3067ac1d3e2c88"}
{"UtcTime":"2026-08-12 10:56:28.000","Computer":"TN-FIN-WS042","User":"TRANSNORTE\\ops.cardoso","EventID":5,"Image":"C:\\Program Files\\Google\\Chrome\\Application\\chrome.exe","ProcessGuid":"{3B0C841C-F1CF-2026-31E2-0B3308809209}","ProcessId":1372,"EventType":"End"}
{"UtcTime":"2026-08-12 10:56:29.000","Computer":"TN-FIN-WS042","User":"TRANSNORTE\\ops.cardoso","EventID":13,"Image":"C:\\Windows\\System32\\conhost.exe","ProcessGuid":"{803F80FD-27E8-2026-A6BB-3F694EAAB0A7}","ProcessId":1957,"EventType":"SetValue","TargetObject":"HKCU\\Software\\Microsoft\\Office\\16.0\\Outlook\\Resiliency\\4589","Details":"1"}
{"UtcTime":"2026-08-12 10:56:30.000","Computer":"TN-FIN-WS042","User":"TRANSNORTE\\ops.cardoso","EventID":1,"Image":"C:\\Program Files\\Google\\Chrome\\Application\\chrome.exe","ProcessGuid":"{2D3694B8-D309-2026-6E47-5CA08667E9A3}","ProcessId":4166,"CommandLine":"C:\\Program Files\\Google\\Chrome\\Application\\chrome.exe","ParentImage":"C:\\Windows\\System32\\services.exe","ParentProcessGuid":"{8693160D-8BCD-2026-DB47-F987B64E7B86}","OriginalFileName":"C:\\Program Files\\Google\\Chrome\\Application\\chrome.exe","SHA256":"f0f9264478d5b2cfbacf12b89b322d01fdfcbbc09cf6e1a0fc6d8aa692c954fc"}
{"UtcTime":"2026-08-12 10:56:31.000","Computer":"TN-FIN-WS042","User":"TRANSNORTE\\backup_svc","EventID":5,"Image":"C:\\Windows\\System32\\svchost.exe","ProcessGuid":"{A1603DB5-5289-2026-D09F-1F8F6B44B9A1}","ProcessId":1079,"EventType":"End"}
{"UtcTime":"2026-08-12 10:56:32.000","Computer":"TN-FIN-WS042","User":"TRANSNORTE\\backup_svc","EventID":1,"Image":"C:\\Windows\\System32\\svchost.exe","ProcessGuid":"{AE11EEA0-9D1B-2026-BB0A-A26AD11E2C60}","ProcessId":632,"CommandLine":"C:\\Windows\\System32\\svchost.exe","ParentImage":"C:\\Windows\\System32\\services.exe","ParentProcessGuid":"{4DFCD5B0-4FBB-2026-4114-F10EEC0D1080}","OriginalFileName":"C:\\Windows\\System32\\svchost.exe","SHA256":"6d703332881f0c57ce36b053dbc737b258a19f9974e1efdb43c653f69514a618"}
{"UtcTime":"2026-08-12 10:56:33.000","Computer":"TN-FIN-WS042","User":"TRANSNORTE\\backup_svc","EventID":5,"Image":"C:\\Program Files\\Google\\Chrome\\Application\\chrome.exe","ProcessGuid":"{4B539CC1-9079-2026-B9BD-79B091ACAC17}","ProcessId":2647,"EventType":"End"}
{"UtcTime":"2026-08-12 10:56:34.000","Computer":"TN-FIN-WS042","User":"TRANSNORTE\\backup_svc","EventID":11,"Image":"C:\\Windows\\System32\\RuntimeBroker.exe","ProcessGuid":"{9169DF59-A254-2026-7B2E-89040451920E}","ProcessId":583,"TargetFilename":"C:\\Users\\ops.cardoso\\AppData\\Local\\Temp\\office-4594.tmp"}
{"UtcTime":"2026-08-12 10:56:35.000","Computer":"TN-FIN-WS042","User":"TRANSNORTE\\backup_svc","EventID":11,"Image":"C:\\Program Files\\Google\\Chrome\\Application\\chrome.exe","ProcessGuid":"{BE74461A-B748-2026-FC10-26C5405F2E24}","ProcessId":5665,"TargetFilename":"C:\\Users\\ops.cardoso\\AppData\\Local\\Temp\\office-4595.tmp"}
{"UtcTime":"2026-08-12 10:56:36.000","Computer":"TN-FIN-WS042","User":"TRANSNORTE\\ops.cardoso","EventID":1,"Image":"C:\\Program Files\\Google\\Chrome\\Application\\chrome.exe","ProcessGuid":"{AC98449E-382E-2026-61A3-63C3D553759C}","ProcessId":8401,"CommandLine":"C:\\Program Files\\Google\\Chrome\\Application\\chrome.exe","ParentImage":"C:\\Windows\\System32\\services.exe","ParentProcessGuid":"{1F549735-56C9-2026-8EA3-D1778839F1F9}","OriginalFileName":"C:\\Program Files\\Google\\Chrome\\Application\\chrome.exe","SHA256":"75ddbaaa8e35d4f1ab469680f8e95460674f2781e7b04cc5acd15f39ae208689"}
{"UtcTime":"2026-08-12 10:56:37.000","Computer":"TN-FIN-WS042","User":"TRANSNORTE\\backup_svc","EventID":1,"Image":"C:\\Windows\\System32\\svchost.exe","ProcessGuid":"{6B0EA334-25F3-2026-8228-5CD87FFA9890}","ProcessId":5459,"CommandLine":"C:\\Windows\\System32\\svchost.exe","ParentImage":"C:\\Windows\\System32\\services.exe","ParentProcessGuid":"{226AA662-50BC-2026-DB09-693EF5FFBF58}","OriginalFileName":"C:\\Windows\\System32\\svchost.exe","SHA256":"9a29651a8ec4a554fba8d0a53f9d508137dc26ce54df724a91cd780b8f208de7"}
{"UtcTime":"2026-08-12 10:56:38.000","Computer":"TN-FIN-WS042","User":"TRANSNORTE\\ops.cardoso","EventID":1,"Image":"C:\\Windows\\explorer.exe","ProcessGuid":"{D49D1611-9B57-2026-D07B-C837B805FF2B}","ProcessId":4438,"CommandLine":"C:\\Windows\\explorer.exe","ParentImage":"C:\\Windows\\System32\\services.exe","ParentProcessGuid":"{43E419B0-3AF6-2026-7A24-DDCCBDD26AB4}","OriginalFileName":"C:\\Windows\\explorer.exe","SHA256":"9effafda23c2bd48edf5d4330dea0544862097d316e0cad1d20805727171c45f"}
{"UtcTime":"2026-08-12 10:56:39.000","Computer":"TN-FIN-WS042","User":"TRANSNORTE\\backup_svc","EventID":1,"Image":"C:\\Program Files\\Microsoft Office\\Office16\\OUTLOOK.EXE","ProcessGuid":"{57E0736F-1866-2026-3AEF-E74FB129CC09}","ProcessId":1748,"CommandLine":"C:\\Program Files\\Microsoft Office\\Office16\\OUTLOOK.EXE","ParentImage":"C:\\Windows\\System32\\services.exe","ParentProcessGuid":"{39434BF4-E211-2026-A704-0D37DEB2D2E4}","OriginalFileName":"C:\\Program Files\\Microsoft Office\\Office16\\OUTLOOK.EXE","SHA256":"4e10c39d9877ff3b1dac0525d9502128c36e8e462f89d8597b50df746a8bbdf2"}
{"UtcTime":"2026-08-12 10:56:40.000","Computer":"TN-FIN-WS042","User":"TRANSNORTE\\ops.cardoso","EventID":1,"Image":"C:\\Windows\\explorer.exe","ProcessGuid":"{65AF7424-60C8-2026-B833-F45ED72BB28A}","ProcessId":2643,"CommandLine":"C:\\Windows\\explorer.exe","ParentImage":"C:\\Windows\\System32\\services.exe","ParentProcessGuid":"{023F0E4C-9379-2026-FE3A-6A9835972339}","OriginalFileName":"C:\\Windows\\explorer.exe","SHA256":"72bc61e244a0ae5be851e76d15d388d9180a0223969567aed7b4a4c7e06f565a"}
{"UtcTime":"2026-08-12 10:56:41.000","Computer":"TN-FIN-WS042","User":"TRANSNORTE\\ops.cardoso","EventID":11,"Image":"C:\\Windows\\System32\\svchost.exe","ProcessGuid":"{1D289688-0420-2026-BF2D-9AB044F97191}","ProcessId":7684,"TargetFilename":"C:\\Users\\ops.cardoso\\AppData\\Local\\Temp\\office-4601.tmp"}
{"UtcTime":"2026-08-12 10:56:42.000","Computer":"TN-FIN-WS042","User":"TRANSNORTE\\backup_svc","EventID":1,"Image":"C:\\Program Files\\Google\\Chrome\\Application\\chrome.exe","ProcessGuid":"{2E24408D-8F23-2026-E138-EFAB2D2F4221}","ProcessId":8773,"CommandLine":"C:\\Program Files\\Google\\Chrome\\Application\\chrome.exe","ParentImage":"C:\\Windows\\System32\\services.exe","ParentProcessGuid":"{F14A9730-FB4D-2026-D17D-1AF5AB2074E5}","OriginalFileName":"C:\\Program Files\\Google\\Chrome\\Application\\chrome.exe","SHA256":"32c3a693c3f1937d22139fe41d71d7b707585437680715e8559dea85e290903f"}
{"UtcTime":"2026-08-12 10:56:43.000","Computer":"TN-FIN-WS042","User":"TRANSNORTE\\ops.cardoso","EventID":1,"Image":"C:\\Windows\\explorer.exe","ProcessGuid":"{7CF7E3B5-46E7-2026-D1E5-959281FEED95}","ProcessId":5256,"CommandLine":"C:\\Windows\\explorer.exe","ParentImage":"C:\\Windows\\System32\\services.exe","ParentProcessGuid":"{32EB9520-AFC5-2026-A507-6F8FDDB518F5}","OriginalFileName":"C:\\Windows\\explorer.exe","SHA256":"fc1c0220f467b5b857ddc434712213ec13a13815aaa9b2574abdfda22ae2bd28"}
{"UtcTime":"2026-08-12 10:56:44.000","Computer":"TN-FIN-WS042","User":"TRANSNORTE\\backup_svc","EventID":5,"Image":"C:\\Windows\\System32\\svchost.exe","ProcessGuid":"{33D1616C-C8BC-2026-2D8E-F7A5D09D10DB}","ProcessId":6069,"EventType":"End"}
{"UtcTime":"2026-08-12 10:56:45.000","Computer":"TN-FIN-WS042","User":"TRANSNORTE\\ops.cardoso","EventID":1,"Image":"C:\\Program Files\\Google\\Chrome\\Application\\chrome.exe","ProcessGuid":"{06BBD413-4456-2026-8074-D875BA17F710}","ProcessId":4601,"CommandLine":"C:\\Program Files\\Google\\Chrome\\Application\\chrome.exe","ParentImage":"C:\\Windows\\System32\\services.exe","ParentProcessGuid":"{56D3D357-0B82-2026-5736-CA5798107F4A}","OriginalFileName":"C:\\Program Files\\Google\\Chrome\\Application\\chrome.exe","SHA256":"1e0e2360990d219642b82e7747af006c274b5d750b34af30a7398d1362ce9e9a"}
{"UtcTime":"2026-08-12 10:56:46.000","Computer":"TN-FIN-WS042","User":"TRANSNORTE\\backup_svc","EventID":5,"Image":"C:\\Windows\\System32\\svchost.exe","ProcessGuid":"{EB766032-B7D0-2026-BF27-4DE66F41D42F}","ProcessId":1272,"EventType":"End"}
{"UtcTime":"2026-08-12 10:56:47.000","Computer":"TN-FIN-WS042","User":"TRANSNORTE\\backup_svc","EventID":5,"Image":"C:\\Windows\\System32\\svchost.exe","ProcessGuid":"{FD37F5C0-FC2F-2026-E272-51C34E891492}","ProcessId":2880,"EventType":"End"}
{"UtcTime":"2026-08-12 10:56:48.000","Computer":"TN-FIN-WS042","User":"TRANSNORTE\\backup_svc","EventID":1,"Image":"C:\\Windows\\System32\\svchost.exe","ProcessGuid":"{7CC58D83-E4AE-2026-9564-DB5B0E994234}","ProcessId":1754,"CommandLine":"C:\\Windows\\System32\\svchost.exe","ParentImage":"C:\\Windows\\System32\\services.exe","ParentProcessGuid":"{2472AC3F-971C-2026-05E0-1AF3769B28AA}","OriginalFileName":"C:\\Windows\\System32\\svchost.exe","SHA256":"3b8257a8f46513bbfbb5600e40f5e037f10f6008a94d9c0b7d94da5b8b222a57"}
{"UtcTime":"2026-08-12 10:56:49.000","Computer":"TN-FIN-WS042","User":"TRANSNORTE\\backup_svc","EventID":1,"Image":"C:\\Windows\\System32\\conhost.exe","ProcessGuid":"{649A3E77-A84E-2026-A683-457B8861D477}","ProcessId":5304,"CommandLine":"C:\\Windows\\System32\\conhost.exe","ParentImage":"C:\\Windows\\System32\\services.exe","ParentProcessGuid":"{E20931B1-DD79-2026-DE83-B8B70BDD730C}","OriginalFileName":"C:\\Windows\\System32\\conhost.exe","SHA256":"6a68fcad0de7b3280574f8d58502952a61fcd40c6fd935471c846998e699883e"}
{"UtcTime":"2026-08-12 10:56:50.000","Computer":"TN-FIN-WS042","User":"TRANSNORTE\\ops.cardoso","EventID":11,"Image":"C:\\Program Files\\Google\\Chrome\\Application\\chrome.exe","ProcessGuid":"{665B26C8-840A-2026-8ACB-ACAAD6C39B48}","ProcessId":6930,"TargetFilename":"C:\\Users\\ops.cardoso\\AppData\\Local\\Temp\\office-4610.tmp"}
{"UtcTime":"2026-08-12 10:56:51.000","Computer":"TN-FIN-WS042","User":"TRANSNORTE\\backup_svc","EventID":5,"Image":"C:\\Windows\\explorer.exe","ProcessGuid":"{4682F132-A4E4-2026-4D7F-8253175456BA}","ProcessId":8655,"EventType":"End"}
{"UtcTime":"2026-08-12 10:56:52.000","Computer":"TN-FIN-WS042","User":"TRANSNORTE\\ops.cardoso","EventID":1,"Image":"C:\\Windows\\System32\\svchost.exe","ProcessGuid":"{57E89815-C3E1-2026-5E63-321262890C2D}","ProcessId":7765,"CommandLine":"C:\\Windows\\System32\\svchost.exe","ParentImage":"C:\\Windows\\System32\\services.exe","ParentProcessGuid":"{A66B7C30-D7EA-2026-721F-55B01B262E63}","OriginalFileName":"C:\\Windows\\System32\\svchost.exe","SHA256":"165bea6cef8ae0896f4ee7a5637e669e4fb84c9bd6fccf6e570bcbcf3636485b"}
{"UtcTime":"2026-08-12 10:56:53.000","Computer":"TN-FIN-WS042","User":"TRANSNORTE\\backup_svc","EventID":13,"Image":"C:\\Windows\\explorer.exe","ProcessGuid":"{DF6BED0A-D746-2026-46F9-0F2DDEAD520B}","ProcessId":6973,"EventType":"SetValue","TargetObject":"HKCU\\Software\\Microsoft\\Office\\16.0\\Outlook\\Resiliency\\4613","Details":"1"}
{"UtcTime":"2026-08-12 10:56:54.000","Computer":"TN-FIN-WS042","User":"TRANSNORTE\\backup_svc","EventID":13,"Image":"C:\\Program Files\\Google\\Chrome\\Application\\chrome.exe","ProcessGuid":"{110FACA3-9B65-2026-DB9B-501221396280}","ProcessId":3156,"EventType":"SetValue","TargetObject":"HKCU\\Software\\Microsoft\\Office\\16.0\\Outlook\\Resiliency\\4614","Details":"1"}
{"UtcTime":"2026-08-12 10:56:55.000","Computer":"TN-FIN-WS042","User":"TRANSNORTE\\backup_svc","EventID":1,"Image":"C:\\Windows\\System32\\conhost.exe","ProcessGuid":"{09B26A3B-A17B-2026-6725-9EDBA1B50526}","ProcessId":8450,"CommandLine":"C:\\Windows\\System32\\conhost.exe","ParentImage":"C:\\Windows\\System32\\services.exe","ParentProcessGuid":"{0C1E653D-36D8-2026-C845-A49990522AB3}","OriginalFileName":"C:\\Windows\\System32\\conhost.exe","SHA256":"17329e015e481327946c0b7a2535e6b0cc983fd7c5b012f9cd8ab63bac09ea5b"}
{"UtcTime":"2026-08-12 10:56:56.000","Computer":"TN-FIN-WS042","User":"TRANSNORTE\\backup_svc","EventID":1,"Image":"C:\\Program Files\\Microsoft Office\\Office16\\OUTLOOK.EXE","ProcessGuid":"{6454B78A-6724-2026-1742-629E71420077}","ProcessId":1464,"CommandLine":"C:\\Program Files\\Microsoft Office\\Office16\\OUTLOOK.EXE","ParentImage":"C:\\Windows\\System32\\services.exe","ParentProcessGuid":"{632003C1-4074-2026-3460-604D89E7B41C}","OriginalFileName":"C:\\Program Files\\Microsoft Office\\Office16\\OUTLOOK.EXE","SHA256":"dcbe3cee7c825e33b3f3fc7a69637fb2178fb345dedded6cd411043986e65f60"}
{"UtcTime":"2026-08-12 10:56:57.000","Computer":"TN-FIN-WS042","User":"TRANSNORTE\\backup_svc","EventID":1,"Image":"C:\\Program Files\\Google\\Chrome\\Application\\chrome.exe","ProcessGuid":"{7DE119DC-5C0F-2026-B04B-72E89515D21C}","ProcessId":4676,"CommandLine":"C:\\Program Files\\Google\\Chrome\\Application\\chrome.exe","ParentImage":"C:\\Windows\\System32\\services.exe","ParentProcessGuid":"{95DDD7D2-C7DF-2026-8DBC-EEF1CABB6F13}","OriginalFileName":"C:\\Program Files\\Google\\Chrome\\Application\\chrome.exe","SHA256":"37eb94b0526f465f0cd67eebab142972f751afa0177a01956d8dde77ac018411"}
{"UtcTime":"2026-08-12 10:56:58.000","Computer":"TN-FIN-WS042","User":"TRANSNORTE\\backup_svc","EventID":1,"Image":"C:\\Windows\\explorer.exe","ProcessGuid":"{506131DF-3F70-2026-8B5E-232122764158}","ProcessId":6234,"CommandLine":"C:\\Windows\\explorer.exe","ParentImage":"C:\\Windows\\System32\\services.exe","ParentProcessGuid":"{1B108891-09AD-2026-1D6E-44F3D59FEDBE}","OriginalFileName":"C:\\Windows\\explorer.exe","SHA256":"d0ecb6eb9b3365422d52172dc85c3f0b2481d9ad041dd59f3af6a67442af5946"}
{"UtcTime":"2026-08-12 10:56:59.000","Computer":"TN-FIN-WS042","User":"TRANSNORTE\\backup_svc","EventID":1,"Image":"C:\\Windows\\explorer.exe","ProcessGuid":"{47C2612A-CC6C-2026-DCE9-C197B6571929}","ProcessId":6015,"CommandLine":"C:\\Windows\\explorer.exe","ParentImage":"C:\\Windows\\System32\\services.exe","ParentProcessGuid":"{19D697DE-9B9E-2026-770D-DE18347BDB63}","OriginalFileName":"C:\\Windows\\explorer.exe","SHA256":"486cce7078b5bc0465e4b0280c7107a957a71aaf619e2c047a249b5ed4a73e74"}
{"UtcTime":"2026-08-12 10:57:00.000","Computer":"TN-FIN-WS042","User":"TRANSNORTE\\ops.cardoso","EventID":13,"Image":"C:\\Program Files\\Microsoft Office\\Office16\\OUTLOOK.EXE","ProcessGuid":"{57893360-0EF7-2026-93C7-1516B3CAA031}","ProcessId":2523,"EventType":"SetValue","TargetObject":"HKCU\\Software\\Microsoft\\Office\\16.0\\Outlook\\Resiliency\\4620","Details":"1"}
{"UtcTime":"2026-08-12 10:57:01.000","Computer":"TN-FIN-WS042","User":"TRANSNORTE\\ops.cardoso","EventID":3,"Image":"C:\\Windows\\System32\\svchost.exe","ProcessGuid":"{31BB136C-9825-2026-89A3-7C883B0D2865}","ProcessId":2030,"DestinationIp":"10.50.10.10","DestinationPort":443,"SourceIp":"10.50.10.42","Protocol":"tcp"}
{"UtcTime":"2026-08-12 10:57:02.000","Computer":"TN-FIN-WS042","User":"TRANSNORTE\\backup_svc","EventID":1,"Image":"C:\\Windows\\System32\\svchost.exe","ProcessGuid":"{1DB9E356-35A3-2026-645B-583B278416E3}","ProcessId":6903,"CommandLine":"C:\\Windows\\System32\\svchost.exe","ParentImage":"C:\\Windows\\System32\\services.exe","ParentProcessGuid":"{7DBA13F4-E34A-2026-A996-5411175F33A5}","OriginalFileName":"C:\\Windows\\System32\\svchost.exe","SHA256":"31a4b34585983c5a03d8a37140a7215092308e7b4eb908cfafd09e88b78827a5"}
{"UtcTime":"2026-08-12 10:57:03.000","Computer":"TN-FIN-WS042","User":"TRANSNORTE\\backup_svc","EventID":5,"Image":"C:\\Windows\\explorer.exe","ProcessGuid":"{0841CBDE-3BE2-2026-A5FE-A67473FA033D}","ProcessId":694,"EventType":"End"}
{"UtcTime":"2026-08-12 10:57:04.000","Computer":"TN-FIN-WS042","User":"TRANSNORTE\\backup_svc","EventID":1,"Image":"C:\\Windows\\System32\\svchost.exe","ProcessGuid":"{15F8F82E-D18D-2026-FD2B-26E7B8172738}","ProcessId":6864,"CommandLine":"C:\\Windows\\System32\\svchost.exe","ParentImage":"C:\\Windows\\System32\\services.exe","ParentProcessGuid":"{58C7B43D-1768-2026-2EF5-72989673A804}","OriginalFileName":"C:\\Windows\\System32\\svchost.exe","SHA256":"baf79e5597391f298017379d0396c8f193fdbd8e4d9b00b5a010c9df19bfb0cb"}
{"UtcTime":"2026-08-12 10:57:05.000","Computer":"TN-FIN-WS042","User":"TRANSNORTE\\ops.cardoso","EventID":11,"Image":"C:\\Windows\\System32\\conhost.exe","ProcessGuid":"{4C2E3B47-0A4F-2026-A1D3-CADA0D10F901}","ProcessId":1354,"TargetFilename":"C:\\Users\\ops.cardoso\\AppData\\Local\\Temp\\office-4625.tmp"}
{"UtcTime":"2026-08-12 10:57:06.000","Computer":"TN-FIN-WS042","User":"TRANSNORTE\\ops.cardoso","EventID":1,"Image":"C:\\Windows\\System32\\RuntimeBroker.exe","ProcessGuid":"{7FD33469-8008-2026-5039-94CCC9751DFA}","ProcessId":2467,"CommandLine":"C:\\Windows\\System32\\RuntimeBroker.exe","ParentImage":"C:\\Windows\\System32\\services.exe","ParentProcessGuid":"{F745BFFB-9876-2026-54CF-FA128B642326}","OriginalFileName":"C:\\Windows\\System32\\RuntimeBroker.exe","SHA256":"361c0f818fd634a9d69ed00a7b77f0ad6e736685d7379e06d9235a0fedecc56f"}
{"UtcTime":"2026-08-12 10:57:07.000","Computer":"TN-FIN-WS042","User":"TRANSNORTE\\ops.cardoso","EventID":1,"Image":"C:\\Program Files\\Microsoft Office\\Office16\\OUTLOOK.EXE","ProcessGuid":"{B0AB3E01-2509-2026-9DC1-B458CB6A3F42}","ProcessId":4897,"CommandLine":"C:\\Program Files\\Microsoft Office\\Office16\\OUTLOOK.EXE","ParentImage":"C:\\Windows\\System32\\services.exe","ParentProcessGuid":"{B967E52D-27E4-2026-01BA-01F160FBB50C}","OriginalFileName":"C:\\Program Files\\Microsoft Office\\Office16\\OUTLOOK.EXE","SHA256":"1a16a4b3de961ec70272ede46b6616939e32db0db9965861767e334c1fadec1a"}
{"UtcTime":"2026-08-12 10:57:08.000","Computer":"TN-FIN-WS042","User":"TRANSNORTE\\ops.cardoso","EventID":1,"Image":"C:\\Program Files\\Microsoft Office\\Office16\\OUTLOOK.EXE","ProcessGuid":"{4BBAAFD3-0760-2026-A0BD-488659B5C37B}","ProcessId":6813,"CommandLine":"C:\\Program Files\\Microsoft Office\\Office16\\OUTLOOK.EXE","ParentImage":"C:\\Windows\\System32\\services.exe","ParentProcessGuid":"{137A9BA1-FD5D-2026-ADF6-FAADE6A10519}","OriginalFileName":"C:\\Program Files\\Microsoft Office\\Office16\\OUTLOOK.EXE","SHA256":"1879be1acc68b2c78f9e22a1a4d2c7268b4b19da686a4c7b45ec3afa97ba151c"}
{"UtcTime":"2026-08-12 10:57:09.000","Computer":"TN-FIN-WS042","User":"TRANSNORTE\\backup_svc","EventID":13,"Image":"C:\\Program Files\\Microsoft Office\\Office16\\OUTLOOK.EXE","ProcessGuid":"{22F4A3B5-AE04-2026-F65C-E8F55EABE84C}","ProcessId":3962,"EventType":"SetValue","TargetObject":"HKCU\\Software\\Microsoft\\Office\\16.0\\Outlook\\Resiliency\\4629","Details":"1"}
{"UtcTime":"2026-08-12 10:57:10.000","Computer":"TN-FIN-WS042","User":"TRANSNORTE\\backup_svc","EventID":13,"Image":"C:\\Program Files\\Microsoft Office\\Office16\\OUTLOOK.EXE","ProcessGuid":"{7534860E-834E-2026-7858-28CA86977F2E}","ProcessId":7073,"EventType":"SetValue","TargetObject":"HKCU\\Software\\Microsoft\\Office\\16.0\\Outlook\\Resiliency\\4630","Details":"1"}
{"UtcTime":"2026-08-12 10:57:11.000","Computer":"TN-FIN-WS042","User":"TRANSNORTE\\ops.cardoso","EventID":5,"Image":"C:\\Windows\\System32\\conhost.exe","ProcessGuid":"{9578B0CA-270B-2026-61C6-CC16408F3EB5}","ProcessId":2537,"EventType":"End"}
{"UtcTime":"2026-08-12 10:57:12.000","Computer":"TN-FIN-WS042","User":"TRANSNORTE\\backup_svc","EventID":13,"Image":"C:\\Program Files\\Google\\Chrome\\Application\\chrome.exe","ProcessGuid":"{0EC6D7D3-BB1D-2026-1C76-1DA275799CF1}","ProcessId":4906,"EventType":"SetValue","TargetObject":"HKCU\\Software\\Microsoft\\Office\\16.0\\Outlook\\Resiliency\\4632","Details":"1"}
{"UtcTime":"2026-08-12 10:57:13.000","Computer":"TN-FIN-WS042","User":"TRANSNORTE\\backup_svc","EventID":5,"Image":"C:\\Windows\\System32\\RuntimeBroker.exe","ProcessGuid":"{9D6F1F9F-0A2D-2026-93FD-55AAA2C6F53D}","ProcessId":4585,"EventType":"End"}
{"UtcTime":"2026-08-12 10:57:14.000","Computer":"TN-FIN-WS042","User":"TRANSNORTE\\ops.cardoso","EventID":3,"Image":"C:\\Program Files\\Microsoft Office\\Office16\\OUTLOOK.EXE","ProcessGuid":"{CE52004F-A6A7-2026-29A9-E12637065C5D}","ProcessId":3159,"DestinationIp":"8.8.8.8","DestinationPort":8080,"SourceIp":"10.50.10.42","Protocol":"tcp"}
{"UtcTime":"2026-08-12 10:57:15.000","Computer":"TN-FIN-WS042","User":"TRANSNORTE\\backup_svc","EventID":1,"Image":"C:\\Windows\\System32\\RuntimeBroker.exe","ProcessGuid":"{D0C40B14-3966-2026-8C48-0FDCE8272397}","ProcessId":2322,"CommandLine":"C:\\Windows\\System32\\RuntimeBroker.exe","ParentImage":"C:\\Windows\\System32\\services.exe","ParentProcessGuid":"{F84046E2-157E-2026-B523-17A690013B86}","OriginalFileName":"C:\\Windows\\System32\\RuntimeBroker.exe","SHA256":"d3f7989cd079f49b1f4f4e3e9bb0e32cdad93a0d697a923a2d5f29a9d6eacae4"}
{"UtcTime":"2026-08-12 10:57:16.000","Computer":"TN-FIN-WS042","User":"TRANSNORTE\\backup_svc","EventID":5,"Image":"C:\\Windows\\explorer.exe","ProcessGuid":"{42A491D6-C681-2026-24BA-A270E49BA25A}","ProcessId":3166,"EventType":"End"}
{"UtcTime":"2026-08-12 10:57:17.000","Computer":"TN-FIN-WS042","User":"TRANSNORTE\\backup_svc","EventID":5,"Image":"C:\\Program Files\\Google\\Chrome\\Application\\chrome.exe","ProcessGuid":"{35A88A1A-3194-2026-D0BF-F320FAA9319E}","ProcessId":5577,"EventType":"End"}
{"UtcTime":"2026-08-12 10:57:18.000","Computer":"TN-FIN-WS042","User":"TRANSNORTE\\backup_svc","EventID":1,"Image":"C:\\Windows\\System32\\RuntimeBroker.exe","ProcessGuid":"{6ECF0800-282B-2026-598F-A0B797135FC5}","ProcessId":5398,"CommandLine":"C:\\Windows\\System32\\RuntimeBroker.exe","ParentImage":"C:\\Windows\\System32\\services.exe","ParentProcessGuid":"{46DEF777-F201-2026-FBE9-609710036781}","OriginalFileName":"C:\\Windows\\System32\\RuntimeBroker.exe","SHA256":"3751f718eb0570a99a7008eabb601c3d7fb813328e74acd70daa6ed12679f874"}
{"UtcTime":"2026-08-12 10:57:19.000","Computer":"TN-FIN-WS042","User":"TRANSNORTE\\ops.cardoso","EventID":1,"Image":"C:\\Windows\\explorer.exe","ProcessGuid":"{5A1ECF53-604D-2026-2DC2-1081449DB64B}","ProcessId":4697,"CommandLine":"C:\\Windows\\explorer.exe","ParentImage":"C:\\Windows\\System32\\services.exe","ParentProcessGuid":"{B49753DB-3EBD-2026-FFE0-8E75F3F7B699}","OriginalFileName":"C:\\Windows\\explorer.exe","SHA256":"c6cdcfc89b321bbaadda6038c20d5b357051004b0e2787b80e1daa4029d9ec7e"}
{"UtcTime":"2026-08-12 10:57:20.000","Computer":"TN-FIN-WS042","User":"TRANSNORTE\\backup_svc","EventID":1,"Image":"C:\\Windows\\System32\\svchost.exe","ProcessGuid":"{053CFA22-ECF5-2026-19F2-0DEFC125E727}","ProcessId":8539,"CommandLine":"C:\\Windows\\System32\\svchost.exe","ParentImage":"C:\\Windows\\System32\\services.exe","ParentProcessGuid":"{6C5A558D-23D8-2026-F80D-B47FE1D38411}","OriginalFileName":"C:\\Windows\\System32\\svchost.exe","SHA256":"127f3f013942636d5563ae3308ff12195ccb7ba5ba428f4502c83ad330b2fdd6"}
{"UtcTime":"2026-08-12 10:57:21.000","Computer":"TN-FIN-WS042","User":"TRANSNORTE\\ops.cardoso","EventID":5,"Image":"C:\\Windows\\explorer.exe","ProcessGuid":"{66CC115C-7AFD-2026-3251-694C5334C669}","ProcessId":4932,"EventType":"End"}
{"UtcTime":"2026-08-12 10:57:22.000","Computer":"TN-FIN-WS042","User":"TRANSNORTE\\backup_svc","EventID":13,"Image":"C:\\Windows\\System32\\conhost.exe","ProcessGuid":"{7F0BF86C-4526-2026-CF84-6BDABD8E9B70}","ProcessId":3943,"EventType":"SetValue","TargetObject":"HKCU\\Software\\Microsoft\\Office\\16.0\\Outlook\\Resiliency\\4642","Details":"1"}
{"UtcTime":"2026-08-12 10:57:23.000","Computer":"TN-FIN-WS042","User":"TRANSNORTE\\ops.cardoso","EventID":1,"Image":"C:\\Program Files\\Google\\Chrome\\Application\\chrome.exe","ProcessGuid":"{6FDC839D-4F0C-2026-A286-6D3AA99BF15A}","ProcessId":8911,"CommandLine":"C:\\Program Files\\Google\\Chrome\\Application\\chrome.exe","ParentImage":"C:\\Windows\\System32\\services.exe","ParentProcessGuid":"{014B7248-1A08-2026-235B-A220D38C0485}","OriginalFileName":"C:\\Program Files\\Google\\Chrome\\Application\\chrome.exe","SHA256":"93ebd3c408269854de53f7c93bc291b1ba5cf916346e378991236d4fd6f8d034"}
{"UtcTime":"2026-08-12 10:57:24.000","Computer":"TN-FIN-WS042","User":"TRANSNORTE\\backup_svc","EventID":13,"Image":"C:\\Windows\\System32\\conhost.exe","ProcessGuid":"{40F7327E-0A59-2026-8F5F-9FFA38BEC621}","ProcessId":7711,"EventType":"SetValue","TargetObject":"HKCU\\Software\\Microsoft\\Office\\16.0\\Outlook\\Resiliency\\4644","Details":"1"}
{"UtcTime":"2026-08-12 10:57:25.000","Computer":"TN-FIN-WS042","User":"TRANSNORTE\\backup_svc","EventID":1,"Image":"C:\\Program Files\\Google\\Chrome\\Application\\chrome.exe","ProcessGuid":"{43E9EF1D-38E2-2026-A0E3-48D7476072EE}","ProcessId":4925,"CommandLine":"C:\\Program Files\\Google\\Chrome\\Application\\chrome.exe","ParentImage":"C:\\Windows\\System32\\services.exe","ParentProcessGuid":"{137B0C91-215C-2026-7732-94EC187A688D}","OriginalFileName":"C:\\Program Files\\Google\\Chrome\\Application\\chrome.exe","SHA256":"b7463935d43a5aab53d73d8ef6c848ceda86bf3ec37f222dfc16d4975e96abbf"}
{"UtcTime":"2026-08-12 10:57:26.000","Computer":"TN-FIN-WS042","User":"TRANSNORTE\\backup_svc","EventID":1,"Image":"C:\\Windows\\explorer.exe","ProcessGuid":"{6EB2A82D-A867-2026-E01A-7EE8305D5082}","ProcessId":4607,"CommandLine":"C:\\Windows\\explorer.exe","ParentImage":"C:\\Windows\\System32\\services.exe","ParentProcessGuid":"{D4A2989F-B97B-2026-AA5D-5B808FCD38D2}","OriginalFileName":"C:\\Windows\\explorer.exe","SHA256":"4ddebf7750e87626b3d548af8d916083e33cd4311ade4d13efa463a5bee40fbc"}
{"UtcTime":"2026-08-12 10:57:27.000","Computer":"TN-FIN-WS042","User":"TRANSNORTE\\backup_svc","EventID":1,"Image":"C:\\Windows\\explorer.exe","ProcessGuid":"{DC87FD74-8D0D-2026-BCEA-6E4F6926C170}","ProcessId":8913,"CommandLine":"C:\\Windows\\explorer.exe","ParentImage":"C:\\Windows\\System32\\services.exe","ParentProcessGuid":"{EB61BF39-0924-2026-D5B5-EE82C73A263B}","OriginalFileName":"C:\\Windows\\explorer.exe","SHA256":"111dc2d8ddb2885901dd3b6def3a96f5a8fe64de5938c9f7aa4586659a065c19"}
{"UtcTime":"2026-08-12 10:57:28.000","Computer":"TN-FIN-WS042","User":"TRANSNORTE\\ops.cardoso","EventID":5,"Image":"C:\\Windows\\System32\\RuntimeBroker.exe","ProcessGuid":"{CF2259F3-E8AE-2026-4722-12142ABAF136}","ProcessId":2284,"EventType":"End"}
{"UtcTime":"2026-08-12 10:57:29.000","Computer":"TN-FIN-WS042","User":"TRANSNORTE\\backup_svc","EventID":1,"Image":"C:\\Windows\\System32\\conhost.exe","ProcessGuid":"{26953F83-E410-2026-2716-1C091469C9C2}","ProcessId":6858,"CommandLine":"C:\\Windows\\System32\\conhost.exe","ParentImage":"C:\\Windows\\System32\\services.exe","ParentProcessGuid":"{2AFECA27-2D4E-2026-83A7-743345B37589}","OriginalFileName":"C:\\Windows\\System32\\conhost.exe","SHA256":"bbc9e0cb34d5133e7bce99a6ebec60fd3d25b4f8983ac0543f9f7a7922be491b"}
{"UtcTime":"2026-08-12 10:57:30.000","Computer":"TN-FIN-WS042","User":"TRANSNORTE\\backup_svc","EventID":13,"Image":"C:\\Windows\\System32\\svchost.exe","ProcessGuid":"{61BFE5D1-1DA8-2026-584F-80201A2A0FE7}","ProcessId":4237,"EventType":"SetValue","TargetObject":"HKCU\\Software\\Microsoft\\Office\\16.0\\Outlook\\Resiliency\\4650","Details":"1"}
{"UtcTime":"2026-08-12 10:57:31.000","Computer":"TN-FIN-WS042","User":"TRANSNORTE\\backup_svc","EventID":1,"Image":"C:\\Windows\\explorer.exe","ProcessGuid":"{A62C944F-A50D-2026-ABBD-EE6D7DFCBE3B}","ProcessId":5547,"CommandLine":"C:\\Windows\\explorer.exe","ParentImage":"C:\\Windows\\System32\\services.exe","ParentProcessGuid":"{817CCE69-42D6-2026-9C0B-AAE40772EC43}","OriginalFileName":"C:\\Windows\\explorer.exe","SHA256":"c10f2b506b7a7fffacaa54d75366ea5c23a540c302b63aa0ab9708468beaf7fc"}
{"UtcTime":"2026-08-12 10:57:32.000","Computer":"TN-FIN-WS042","User":"TRANSNORTE\\ops.cardoso","EventID":11,"Image":"C:\\Program Files\\Google\\Chrome\\Application\\chrome.exe","ProcessGuid":"{97CBCE8E-708D-2026-BCE8-57F177255C14}","ProcessId":3610,"TargetFilename":"C:\\Users\\ops.cardoso\\AppData\\Local\\Temp\\office-4652.tmp"}
{"UtcTime":"2026-08-12 10:57:33.000","Computer":"TN-FIN-WS042","User":"TRANSNORTE\\backup_svc","EventID":3,"Image":"C:\\Program Files\\Microsoft Office\\Office16\\OUTLOOK.EXE","ProcessGuid":"{4798B4FA-C235-2026-7BCC-D8744669861C}","ProcessId":8157,"DestinationIp":"1.1.1.1","DestinationPort":8080,"SourceIp":"10.50.10.42","Protocol":"tcp"}
{"UtcTime":"2026-08-12 10:57:34.000","Computer":"TN-FIN-WS042","User":"TRANSNORTE\\backup_svc","EventID":13,"Image":"C:\\Windows\\System32\\svchost.exe","ProcessGuid":"{619F2C95-4EDB-2026-DDA0-F544F07D684A}","ProcessId":1634,"EventType":"SetValue","TargetObject":"HKCU\\Software\\Microsoft\\Office\\16.0\\Outlook\\Resiliency\\4654","Details":"1"}
{"UtcTime":"2026-08-12 10:57:35.000","Computer":"TN-FIN-WS042","User":"TRANSNORTE\\ops.cardoso","EventID":5,"Image":"C:\\Windows\\System32\\conhost.exe","ProcessGuid":"{95B4F7B1-416E-2026-6874-02BA0C8B0D49}","ProcessId":4271,"EventType":"End"}
{"UtcTime":"2026-08-12 10:57:36.000","Computer":"TN-FIN-WS042","User":"TRANSNORTE\\backup_svc","EventID":13,"Image":"C:\\Windows\\System32\\svchost.exe","ProcessGuid":"{70D27DE5-BFE3-2026-B771-10C588ABF5C5}","ProcessId":3263,"EventType":"SetValue","TargetObject":"HKCU\\Software\\Microsoft\\Office\\16.0\\Outlook\\Resiliency\\4656","Details":"1"}
{"UtcTime":"2026-08-12 10:57:37.000","Computer":"TN-FIN-WS042","User":"TRANSNORTE\\backup_svc","EventID":3,"Image":"C:\\Program Files\\Google\\Chrome\\Application\\chrome.exe","ProcessGuid":"{A73449ED-A0E5-2026-C089-FD839D952AC5}","ProcessId":6089,"DestinationIp":"8.8.8.8","DestinationPort":8080,"SourceIp":"10.50.10.42","Protocol":"tcp"}
{"UtcTime":"2026-08-12 10:57:38.000","Computer":"TN-FIN-WS042","User":"TRANSNORTE\\backup_svc","EventID":5,"Image":"C:\\Windows\\System32\\conhost.exe","ProcessGuid":"{920A6C55-7215-2026-0E4E-42215E949CB7}","ProcessId":3098,"EventType":"End"}
{"UtcTime":"2026-08-12 10:57:39.000","Computer":"TN-FIN-WS042","User":"TRANSNORTE\\ops.cardoso","EventID":11,"Image":"C:\\Windows\\System32\\RuntimeBroker.exe","ProcessGuid":"{1000D903-7BDF-2026-1788-F09492630BD4}","ProcessId":3446,"TargetFilename":"C:\\Users\\ops.cardoso\\AppData\\Local\\Temp\\office-4659.tmp"}
{"UtcTime":"2026-08-12 10:57:40.000","Computer":"TN-FIN-WS042","User":"TRANSNORTE\\ops.cardoso","EventID":13,"Image":"C:\\Windows\\explorer.exe","ProcessGuid":"{184DAD5B-F7C2-2026-5121-090F24F829E5}","ProcessId":6913,"EventType":"SetValue","TargetObject":"HKCU\\Software\\Microsoft\\Office\\16.0\\Outlook\\Resiliency\\4660","Details":"1"}
{"UtcTime":"2026-08-12 10:57:41.000","Computer":"TN-FIN-WS042","User":"TRANSNORTE\\ops.cardoso","EventID":1,"Image":"C:\\Windows\\explorer.exe","ProcessGuid":"{7885A425-32F7-2026-5DF3-0CCF7FFBD01A}","ProcessId":5780,"CommandLine":"C:\\Windows\\explorer.exe","ParentImage":"C:\\Windows\\System32\\services.exe","ParentProcessGuid":"{942D19C1-3408-2026-0F86-AECA905956FF}","OriginalFileName":"C:\\Windows\\explorer.exe","SHA256":"4690e87f934fd7a8cc8768fac0cca3c376eea594905a7e1c1ed27d014a39a974"}
{"UtcTime":"2026-08-12 10:57:42.000","Computer":"TN-FIN-WS042","User":"TRANSNORTE\\ops.cardoso","EventID":13,"Image":"C:\\Program Files\\Microsoft Office\\Office16\\OUTLOOK.EXE","ProcessGuid":"{0D5F9EA5-6489-2026-FE33-F4FE426A6F0C}","ProcessId":1484,"EventType":"SetValue","TargetObject":"HKCU\\Software\\Microsoft\\Office\\16.0\\Outlook\\Resiliency\\4662","Details":"1"}
{"UtcTime":"2026-08-12 10:57:43.000","Computer":"TN-FIN-WS042","User":"TRANSNORTE\\ops.cardoso","EventID":1,"Image":"C:\\Windows\\explorer.exe","ProcessGuid":"{FE8C670D-3434-2026-375E-30A07BBEDA52}","ProcessId":5674,"CommandLine":"C:\\Windows\\explorer.exe","ParentImage":"C:\\Windows\\System32\\services.exe","ParentProcessGuid":"{94C4DB2C-70FA-2026-85B0-1A4DC19E459B}","OriginalFileName":"C:\\Windows\\explorer.exe","SHA256":"f1eb3eab46fa916def6c09850b0e3f36c85d28a1ffd2bdc882afb10f0d806c29"}
{"UtcTime":"2026-08-12 10:57:44.000","Computer":"TN-FIN-WS042","User":"TRANSNORTE\\backup_svc","EventID":5,"Image":"C:\\Windows\\System32\\conhost.exe","ProcessGuid":"{E60F60E3-E966-2026-20EA-AC22D85CE9E6}","ProcessId":2291,"EventType":"End"}
{"UtcTime":"2026-08-12 10:57:45.000","Computer":"TN-FIN-WS042","User":"TRANSNORTE\\backup_svc","EventID":11,"Image":"C:\\Program Files\\Microsoft Office\\Office16\\OUTLOOK.EXE","ProcessGuid":"{6B0FF9F3-83D6-2026-655D-8FDA405AEFA6}","ProcessId":5119,"TargetFilename":"C:\\Users\\ops.cardoso\\AppData\\Local\\Temp\\office-4665.tmp"}
{"UtcTime":"2026-08-12 10:57:46.000","Computer":"TN-FIN-WS042","User":"TRANSNORTE\\backup_svc","EventID":3,"Image":"C:\\Windows\\System32\\RuntimeBroker.exe","ProcessGuid":"{9DAF9768-9A22-2026-7DBE-4A43F938EC96}","ProcessId":7243,"DestinationIp":"10.50.10.10","DestinationPort":135,"SourceIp":"10.50.10.42","Protocol":"tcp"}
{"UtcTime":"2026-08-12 10:57:47.000","Computer":"TN-FIN-WS042","User":"TRANSNORTE\\ops.cardoso","EventID":3,"Image":"C:\\Windows\\System32\\svchost.exe","ProcessGuid":"{0B40117E-F3F3-2026-22BD-92DAC8171823}","ProcessId":4579,"DestinationIp":"10.50.10.10","DestinationPort":53,"SourceIp":"10.50.10.42","Protocol":"tcp"}
{"UtcTime":"2026-08-12 10:57:48.000","Computer":"TN-FIN-WS042","User":"TRANSNORTE\\ops.cardoso","EventID":13,"Image":"C:\\Windows\\System32\\conhost.exe","ProcessGuid":"{A5A8A708-5764-2026-D3BB-5EA4BD5514C5}","ProcessId":2815,"EventType":"SetValue","TargetObject":"HKCU\\Software\\Microsoft\\Office\\16.0\\Outlook\\Resiliency\\4668","Details":"1"}
{"UtcTime":"2026-08-12 10:57:49.000","Computer":"TN-FIN-WS042","User":"TRANSNORTE\\ops.cardoso","EventID":3,"Image":"C:\\Program Files\\Google\\Chrome\\Application\\chrome.exe","ProcessGuid":"{1220D41F-37F0-2026-D704-44AC23BC05B6}","ProcessId":775,"DestinationIp":"8.8.8.8","DestinationPort":8080,"SourceIp":"10.50.10.42","Protocol":"tcp"}
{"UtcTime":"2026-08-12 10:57:50.000","Computer":"TN-FIN-WS042","User":"TRANSNORTE\\backup_svc","EventID":1,"Image":"C:\\Windows\\System32\\RuntimeBroker.exe","ProcessGuid":"{1CE8EC60-A2EC-2026-9BF8-8ECFDEF4536D}","ProcessId":459,"CommandLine":"C:\\Windows\\System32\\RuntimeBroker.exe","ParentImage":"C:\\Windows\\System32\\services.exe","ParentProcessGuid":"{4E6B3710-FBD6-2026-394D-639F0F48D246}","OriginalFileName":"C:\\Windows\\System32\\RuntimeBroker.exe","SHA256":"12d3963f91f30caafb0bd580117268a176bd5e8d903eb014a0a6e6964a588195"}
{"UtcTime":"2026-08-12 10:57:51.000","Computer":"TN-FIN-WS042","User":"TRANSNORTE\\backup_svc","EventID":1,"Image":"C:\\Windows\\System32\\RuntimeBroker.exe","ProcessGuid":"{B6040605-C53D-2026-CCF6-FC4D917C2568}","ProcessId":3369,"CommandLine":"C:\\Windows\\System32\\RuntimeBroker.exe","ParentImage":"C:\\Windows\\System32\\services.exe","ParentProcessGuid":"{661A5A86-0880-2026-7DC8-F03A546D516E}","OriginalFileName":"C:\\Windows\\System32\\RuntimeBroker.exe","SHA256":"471b611ffc616214ef84f587217973ddcba077f5d407b1dd6d346eca529e768b"}
{"UtcTime":"2026-08-12 10:57:52.000","Computer":"TN-FIN-WS042","User":"TRANSNORTE\\backup_svc","EventID":13,"Image":"C:\\Windows\\System32\\RuntimeBroker.exe","ProcessGuid":"{AE87BB9F-F16A-2026-358E-A3743F287CBC}","ProcessId":2045,"EventType":"SetValue","TargetObject":"HKCU\\Software\\Microsoft\\Office\\16.0\\Outlook\\Resiliency\\4672","Details":"1"}
{"UtcTime":"2026-08-12 10:57:53.000","Computer":"TN-FIN-WS042","User":"TRANSNORTE\\backup_svc","EventID":1,"Image":"C:\\Windows\\System32\\conhost.exe","ProcessGuid":"{B9378D0D-4FB4-2026-A2C6-F54C3366BD0B}","ProcessId":2692,"CommandLine":"C:\\Windows\\System32\\conhost.exe","ParentImage":"C:\\Windows\\System32\\services.exe","ParentProcessGuid":"{5F641D80-9A2C-2026-F576-944B1431674D}","OriginalFileName":"C:\\Windows\\System32\\conhost.exe","SHA256":"f5c92f88339fd5553ab1e5e96032b1ee7702ee25801021c132b5ed7612b5ed92"}
{"UtcTime":"2026-08-12 10:57:54.000","Computer":"TN-FIN-WS042","User":"TRANSNORTE\\ops.cardoso","EventID":1,"Image":"C:\\Program Files\\Microsoft Office\\Office16\\OUTLOOK.EXE","ProcessGuid":"{3A292674-F35B-2026-BAED-31AC8D3462F7}","ProcessId":2278,"CommandLine":"C:\\Program Files\\Microsoft Office\\Office16\\OUTLOOK.EXE","ParentImage":"C:\\Windows\\System32\\services.exe","ParentProcessGuid":"{58383089-BC4E-2026-BA2E-D28D1D2155A0}","OriginalFileName":"C:\\Program Files\\Microsoft Office\\Office16\\OUTLOOK.EXE","SHA256":"3b97e3b2216f6f84db87b4c8a897647e67486a8fa967a05fb5a0c8ab32b3ecdb"}
{"UtcTime":"2026-08-12 10:57:55.000","Computer":"TN-FIN-WS042","User":"TRANSNORTE\\backup_svc","EventID":5,"Image":"C:\\Program Files\\Google\\Chrome\\Application\\chrome.exe","ProcessGuid":"{CE0A38C7-475B-2026-271D-AF55D12D0955}","ProcessId":5352,"EventType":"End"}
{"UtcTime":"2026-08-12 10:57:56.000","Computer":"TN-FIN-WS042","User":"TRANSNORTE\\backup_svc","EventID":1,"Image":"C:\\Program Files\\Google\\Chrome\\Application\\chrome.exe","ProcessGuid":"{EF7C6ACC-31E9-2026-D853-613938C7C3F1}","ProcessId":4250,"CommandLine":"C:\\Program Files\\Google\\Chrome\\Application\\chrome.exe","ParentImage":"C:\\Windows\\System32\\services.exe","ParentProcessGuid":"{990D9CE3-D61F-2026-571D-3A3F5884E492}","OriginalFileName":"C:\\Program Files\\Google\\Chrome\\Application\\chrome.exe","SHA256":"af46bef2a9f7f83a80423fe407f5377010ebbee896b48e9a9c46ef45ad13fceb"}
{"UtcTime":"2026-08-12 10:57:57.000","Computer":"TN-FIN-WS042","User":"TRANSNORTE\\backup_svc","EventID":1,"Image":"C:\\Program Files\\Google\\Chrome\\Application\\chrome.exe","ProcessGuid":"{ADD3EA57-15E9-2026-D7D8-EC65DC31601C}","ProcessId":7212,"CommandLine":"C:\\Program Files\\Google\\Chrome\\Application\\chrome.exe","ParentImage":"C:\\Windows\\System32\\services.exe","ParentProcessGuid":"{62E2D5D2-74ED-2026-E71D-BB6CA189E09E}","OriginalFileName":"C:\\Program Files\\Google\\Chrome\\Application\\chrome.exe","SHA256":"eaf8781abbbd1b2eccd7ebb91ddec3de01c12a6f1e08bbbe5ebf52ef5ef8f221"}
{"UtcTime":"2026-08-12 10:57:58.000","Computer":"TN-FIN-WS042","User":"TRANSNORTE\\backup_svc","EventID":5,"Image":"C:\\Windows\\System32\\svchost.exe","ProcessGuid":"{6E5C0095-06EF-2026-2F4E-76B86B6A3C48}","ProcessId":4440,"EventType":"End"}
{"UtcTime":"2026-08-12 10:57:59.000","Computer":"TN-FIN-WS042","User":"TRANSNORTE\\backup_svc","EventID":5,"Image":"C:\\Program Files\\Google\\Chrome\\Application\\chrome.exe","ProcessGuid":"{A3644DC6-B4D7-2026-3813-5B4BA7CDCAFC}","ProcessId":7787,"EventType":"End"}
{"UtcTime":"2026-08-12 10:58:00.000","Computer":"TN-FIN-WS042","User":"TRANSNORTE\\backup_svc","EventID":5,"Image":"C:\\Program Files\\Google\\Chrome\\Application\\chrome.exe","ProcessGuid":"{FA219E75-9C01-2026-EA1F-FEE19C65ACC1}","ProcessId":3527,"EventType":"End"}
{"UtcTime":"2026-08-12 10:58:01.000","Computer":"TN-FIN-WS042","User":"TRANSNORTE\\ops.cardoso","EventID":11,"Image":"C:\\Program Files\\Google\\Chrome\\Application\\chrome.exe","ProcessGuid":"{684D6611-152A-2026-31A9-CC800C0BA740}","ProcessId":3054,"TargetFilename":"C:\\Users\\ops.cardoso\\AppData\\Local\\Temp\\office-4681.tmp"}
{"UtcTime":"2026-08-12 10:58:02.000","Computer":"TN-FIN-WS042","User":"TRANSNORTE\\backup_svc","EventID":1,"Image":"C:\\Windows\\System32\\conhost.exe","ProcessGuid":"{A0A48937-E32D-2026-ACBE-933730C40782}","ProcessId":5420,"CommandLine":"C:\\Windows\\System32\\conhost.exe","ParentImage":"C:\\Windows\\System32\\services.exe","ParentProcessGuid":"{D8B4D3F2-92CD-2026-0200-0B6B3D322922}","OriginalFileName":"C:\\Windows\\System32\\conhost.exe","SHA256":"64a26518928e1f2dacc6fe78765025a01ac55577b207384cbe9ba6f5684e5e3b"}
{"UtcTime":"2026-08-12 10:58:03.000","Computer":"TN-FIN-WS042","User":"TRANSNORTE\\ops.cardoso","EventID":13,"Image":"C:\\Program Files\\Microsoft Office\\Office16\\OUTLOOK.EXE","ProcessGuid":"{69A20002-F378-2026-BF40-49743BA7D0AF}","ProcessId":6894,"EventType":"SetValue","TargetObject":"HKCU\\Software\\Microsoft\\Office\\16.0\\Outlook\\Resiliency\\4683","Details":"1"}
{"UtcTime":"2026-08-12 10:58:04.000","Computer":"TN-FIN-WS042","User":"TRANSNORTE\\ops.cardoso","EventID":13,"Image":"C:\\Windows\\System32\\svchost.exe","ProcessGuid":"{D36F2DF3-F17A-2026-1EED-A868F7DAD7B3}","ProcessId":3452,"EventType":"SetValue","TargetObject":"HKCU\\Software\\Microsoft\\Office\\16.0\\Outlook\\Resiliency\\4684","Details":"1"}
{"UtcTime":"2026-08-12 10:58:05.000","Computer":"TN-FIN-WS042","User":"TRANSNORTE\\backup_svc","EventID":11,"Image":"C:\\Windows\\System32\\RuntimeBroker.exe","ProcessGuid":"{7B8D0A39-E57A-2026-7C10-58FDF99C5D00}","ProcessId":5317,"TargetFilename":"C:\\Users\\ops.cardoso\\AppData\\Local\\Temp\\office-4685.tmp"}
{"UtcTime":"2026-08-12 10:58:06.000","Computer":"TN-FIN-WS042","User":"TRANSNORTE\\backup_svc","EventID":1,"Image":"C:\\Program Files\\Microsoft Office\\Office16\\OUTLOOK.EXE","ProcessGuid":"{52AC9305-4E9E-2026-4256-D2657FAE1235}","ProcessId":2212,"CommandLine":"C:\\Program Files\\Microsoft Office\\Office16\\OUTLOOK.EXE","ParentImage":"C:\\Windows\\System32\\services.exe","ParentProcessGuid":"{3C0BCDEE-DD9D-2026-D8C2-AE94B11EE15B}","OriginalFileName":"C:\\Program Files\\Microsoft Office\\Office16\\OUTLOOK.EXE","SHA256":"0601bcc7367cc45fd8f432a69412a71f3f06357d1255ae9241868dd488db4b50"}
{"UtcTime":"2026-08-12 10:58:07.000","Computer":"TN-FIN-WS042","User":"TRANSNORTE\\backup_svc","EventID":1,"Image":"C:\\Program Files\\Google\\Chrome\\Application\\chrome.exe","ProcessGuid":"{AEF75042-7AE3-2026-2D84-BA29C7002BC7}","ProcessId":4924,"CommandLine":"C:\\Program Files\\Google\\Chrome\\Application\\chrome.exe","ParentImage":"C:\\Windows\\System32\\services.exe","ParentProcessGuid":"{882326A1-45D9-2026-BED4-F39CE765654A}","OriginalFileName":"C:\\Program Files\\Google\\Chrome\\Application\\chrome.exe","SHA256":"d9bd40e5e903c1e2719e4d856278c9531989c2451fe30c69ae1001b365e98d26"}
{"UtcTime":"2026-08-12 10:58:08.000","Computer":"TN-FIN-WS042","User":"TRANSNORTE\\ops.cardoso","EventID":5,"Image":"C:\\Program Files\\Microsoft Office\\Office16\\OUTLOOK.EXE","ProcessGuid":"{2A6B864C-E2E5-2026-28EB-4D5FBEB666C9}","ProcessId":5343,"EventType":"End"}
{"UtcTime":"2026-08-12 10:58:09.000","Computer":"TN-FIN-WS042","User":"TRANSNORTE\\ops.cardoso","EventID":13,"Image":"C:\\Windows\\System32\\RuntimeBroker.exe","ProcessGuid":"{BFA7B39A-5DC5-2026-B1A0-8562FC5C980C}","ProcessId":3762,"EventType":"SetValue","TargetObject":"HKCU\\Software\\Microsoft\\Office\\16.0\\Outlook\\Resiliency\\4689","Details":"1"}
{"UtcTime":"2026-08-12 10:58:10.000","Computer":"TN-FIN-WS042","User":"TRANSNORTE\\ops.cardoso","EventID":13,"Image":"C:\\Windows\\explorer.exe","ProcessGuid":"{0DF01CAB-806B-2026-9FAC-B01D3194F86D}","ProcessId":8261,"EventType":"SetValue","TargetObject":"HKCU\\Software\\Microsoft\\Office\\16.0\\Outlook\\Resiliency\\4690","Details":"1"}
{"UtcTime":"2026-08-12 10:58:11.000","Computer":"TN-FIN-WS042","User":"TRANSNORTE\\backup_svc","EventID":1,"Image":"C:\\Windows\\System32\\RuntimeBroker.exe","ProcessGuid":"{A8BB6509-E4F0-2026-73B0-10BCBE11CDEC}","ProcessId":475,"CommandLine":"C:\\Windows\\System32\\RuntimeBroker.exe","ParentImage":"C:\\Windows\\System32\\services.exe","ParentProcessGuid":"{F9B73C1B-E4E5-2026-1E9D-7BED54CBD94A}","OriginalFileName":"C:\\Windows\\System32\\RuntimeBroker.exe","SHA256":"01381636ab9d7b7cce40900a0fb31204761cf282a4a8bf08787759a6bd3d9f0f"}
