{"UtcTime":"2026-08-12 15:00:08.000","Computer":"CLM-MESA-014","User":"CLM\\backoffice","EventID":3,"Image":"C:\\Windows\\System32\\svchost.exe","ProcessGuid":"{51385D7C-CCAA-2026-3291-B519D4EBD84F}","ProcessId":1560,"DestinationIp":"10.70.30.8","DestinationPort":135,"DestinationHostname":"portal.clm.liquidacao","SourceIp":"10.70.30.14","Protocol":"tcp"}
{"UtcTime":"2026-08-12 15:00:09.000","Computer":"CLM-MESA-014","User":"CLM\\mesa","EventID":1,"Image":"C:\\Windows\\explorer.exe","ProcessGuid":"{AC7A6A5D-4E76-2026-CDFE-47252EF884CD}","ProcessId":1193,"CommandLine":"C:\\Windows\\explorer.exe","ParentImage":"C:\\Windows\\System32\\services.exe","ParentProcessGuid":"{8710CA2D-283C-2026-F975-D46B69104B82}","OriginalFileName":"C:\\Windows\\explorer.exe"}
{"UtcTime":"2026-08-12 15:00:10.000","Computer":"CLM-MESA-014","User":"CLM\\ops","EventID":1,"Image":"C:\\Windows\\System32\\RuntimeBroker.exe","ProcessGuid":"{799A926A-106B-2026-8255-4CB68AF74DA1}","ProcessId":6817,"CommandLine":"C:\\Windows\\System32\\RuntimeBroker.exe","ParentImage":"C:\\Windows\\System32\\services.exe","ParentProcessGuid":"{69D20E6E-3241-2026-E532-29DA2072D460}","OriginalFileName":"C:\\Windows\\System32\\RuntimeBroker.exe"}
{"UtcTime":"2026-08-12 15:00:11.000","Computer":"CLM-MESA-014","User":"CLM\\mesa","EventID":11,"Image":"C:\\Program Files\\Google\\Chrome\\Application\\chrome.exe","ProcessGuid":"{96CC6649-9BC3-2026-F5D9-2EDE8E4DCAA3}","ProcessId":4392,"TargetFilename":"C:\\Users\\Public\\Temp\\mesa-3011.tmp"}
{"UtcTime":"2026-08-12 15:00:12.000","Computer":"CLM-MESA-014","User":"CLM\\mesa","EventID":5,"Image":"C:\\Program Files\\Microsoft Office\\Office16\\EXCEL.EXE","ProcessGuid":"{9CB43196-8E36-2026-256F-37D836EDD3D1}","ProcessId":2696,"EventType":"End"}
{"UtcTime":"2026-08-12 15:00:13.000","Computer":"CLM-MESA-014","User":"CLM\\mesa","EventID":13,"Image":"C:\\Program Files\\Microsoft Office\\Office16\\EXCEL.EXE","ProcessGuid":"{F9D1CDE5-E170-2026-3640-CEF58AD460C8}","ProcessId":6823,"EventType":"SetValue","TargetObject":"HKCU\\Software\\CLM\\Mesa\\Pref\\3013","Details":"1"}
{"UtcTime":"2026-08-12 15:00:14.000","Computer":"CLM-MESA-014","User":"CLM\\ops","EventID":1,"Image":"C:\\Program Files\\Microsoft Office\\Office16\\EXCEL.EXE","ProcessGuid":"{3BCDBE50-C17C-2026-45BF-A7FAF650F66F}","ProcessId":4757,"CommandLine":"C:\\Program Files\\Microsoft Office\\Office16\\EXCEL.EXE","ParentImage":"C:\\Windows\\System32\\services.exe","ParentProcessGuid":"{3E2F5777-E95C-2026-1EAE-073E915DCEA6}","OriginalFileName":"C:\\Program Files\\Microsoft Office\\Office16\\EXCEL.EXE"}
{"UtcTime":"2026-08-12 15:00:15.000","Computer":"CLM-MESA-014","User":"CLM\\backoffice","EventID":5,"Image":"C:\\Program Files\\Google\\Chrome\\Application\\chrome.exe","ProcessGuid":"{3C2FFB65-8BA3-2026-CAFA-C593895F4B5B}","ProcessId":5462,"EventType":"End"}
{"UtcTime":"2026-08-12 15:00:16.000","Computer":"CLM-MESA-014","User":"CLM\\backoffice","EventID":13,"Image":"C:\\Program Files\\Microsoft Office\\Office16\\EXCEL.EXE","ProcessGuid":"{19658DEE-CB15-2026-0413-11F4E98FCE07}","ProcessId":1252,"EventType":"SetValue","TargetObject":"HKCU\\Software\\CLM\\Mesa\\Pref\\3016","Details":"1"}
{"UtcTime":"2026-08-12 15:00:17.000","Computer":"CLM-MESA-014","User":"CLM\\ops","EventID":11,"Image":"C:\\Windows\\System32\\RuntimeBroker.exe","ProcessGuid":"{F9E38DDC-1CDB-2026-779E-6974E44207A9}","ProcessId":4047,"TargetFilename":"C:\\Users\\Public\\Temp\\mesa-3017.tmp"}
{"UtcTime":"2026-08-12 15:00:18.000","Computer":"CLM-MESA-014","User":"CLM\\ops","EventID":1,"Image":"C:\\Program Files\\Microsoft Office\\Office16\\EXCEL.EXE","ProcessGuid":"{CDB55762-34E2-2026-194D-668A2092947C}","ProcessId":1930,"CommandLine":"C:\\Program Files\\Microsoft Office\\Office16\\EXCEL.EXE","ParentImage":"C:\\Windows\\System32\\services.exe","ParentProcessGuid":"{FEC05AA4-8C34-2026-63F7-F361E8924D6C}","OriginalFileName":"C:\\Program Files\\Microsoft Office\\Office16\\EXCEL.EXE"}
{"UtcTime":"2026-08-12 15:00:19.000","Computer":"CLM-MESA-014","User":"CLM\\mesa","EventID":1,"Image":"C:\\Windows\\System32\\RuntimeBroker.exe","ProcessGuid":"{AB7EA487-9879-2026-327A-E1238C4D8CF9}","ProcessId":5665,"CommandLine":"C:\\Windows\\System32\\RuntimeBroker.exe","ParentImage":"C:\\Windows\\System32\\services.exe","ParentProcessGuid":"{F393C69E-CFBC-2026-2283-68D56C927C73}","OriginalFileName":"C:\\Windows\\System32\\RuntimeBroker.exe"}
{"UtcTime":"2026-08-12 15:00:20.000","Computer":"CLM-MESA-014","User":"CLM\\backoffice","EventID":13,"Image":"C:\\Windows\\explorer.exe","ProcessGuid":"{4BCC156B-D053-2026-46F4-6F22B181BDC9}","ProcessId":7539,"EventType":"SetValue","TargetObject":"HKCU\\Software\\CLM\\Mesa\\Pref\\3020","Details":"1"}
{"UtcTime":"2026-08-12 15:00:21.000","Computer":"CLM-MESA-014","User":"CLM\\ops","EventID":5,"Image":"C:\\Windows\\explorer.exe","ProcessGuid":"{CE2B9B25-737F-2026-75B2-031E95808BFC}","ProcessId":4267,"EventType":"End"}
{"UtcTime":"2026-08-12 15:00:22.000","Computer":"CLM-MESA-014","User":"CLM\\backoffice","EventID":5,"Image":"C:\\Windows\\System32\\svchost.exe","ProcessGuid":"{8E6E73F4-EA97-2026-C580-667CD0E4A488}","ProcessId":512,"EventType":"End"}
{"UtcTime":"2026-08-12 15:00:23.000","Computer":"CLM-MESA-014","User":"CLM\\ops","EventID":13,"Image":"C:\\Windows\\System32\\conhost.exe","ProcessGuid":"{D3720A74-5E90-2026-537E-81B93B2D9348}","ProcessId":410,"EventType":"SetValue","TargetObject":"HKCU\\Software\\CLM\\Mesa\\Pref\\3023","Details":"1"}
{"UtcTime":"2026-08-12 15:00:24.000","Computer":"CLM-MESA-014","User":"CLM\\backoffice","EventID":1,"Image":"C:\\Windows\\System32\\conhost.exe","ProcessGuid":"{C43E3D1D-9415-2026-0A8D-6CE3490347A8}","ProcessId":3842,"CommandLine":"C:\\Windows\\System32\\conhost.exe","ParentImage":"C:\\Windows\\System32\\services.exe","ParentProcessGuid":"{6EE1AAC3-3267-2026-74C6-5EB80CDD6E48}","OriginalFileName":"C:\\Windows\\System32\\conhost.exe"}
{"UtcTime":"2026-08-12 15:00:25.000","Computer":"CLM-MESA-014","User":"CLM\\ops","EventID":1,"Image":"C:\\Program Files\\Microsoft Office\\Office16\\EXCEL.EXE","ProcessGuid":"{E2BD7829-31CB-2026-B499-5A204A49465E}","ProcessId":6088,"CommandLine":"C:\\Program Files\\Microsoft Office\\Office16\\EXCEL.EXE","ParentImage":"C:\\Windows\\System32\\services.exe","ParentProcessGuid":"{44815E4C-A3F6-2026-EB8A-AC8E99C98764}","OriginalFileName":"C:\\Program Files\\Microsoft Office\\Office16\\EXCEL.EXE"}
{"UtcTime":"2026-08-12 15:00:26.000","Computer":"CLM-MESA-014","User":"CLM\\backoffice","EventID":11,"Image":"C:\\Program Files\\Microsoft Office\\Office16\\EXCEL.EXE","ProcessGuid":"{143E4BF2-B8DA-2026-2C3E-978F75A80634}","ProcessId":2512,"TargetFilename":"C:\\Users\\Public\\Temp\\mesa-3026.tmp"}
{"UtcTime":"2026-08-12 15:00:27.000","Computer":"CLM-MESA-014","User":"CLM\\backoffice","EventID":11,"Image":"C:\\Windows\\System32\\conhost.exe","ProcessGuid":"{62D72D5E-C2FA-2026-09B0-2AB717B2DF98}","ProcessId":6081,"TargetFilename":"C:\\Users\\Public\\Temp\\mesa-3027.tmp"}
{"UtcTime":"2026-08-12 15:00:28.000","Computer":"CLM-MESA-014","User":"CLM\\ops","EventID":1,"Image":"C:\\Program Files\\Google\\Chrome\\Application\\chrome.exe","ProcessGuid":"{D22F76BB-28F3-2026-B100-FA7563EC7BDA}","ProcessId":5355,"CommandLine":"C:\\Program Files\\Google\\Chrome\\Application\\chrome.exe","ParentImage":"C:\\Windows\\System32\\services.exe","ParentProcessGuid":"{51129901-852C-2026-2317-07B08A036295}","OriginalFileName":"C:\\Program Files\\Google\\Chrome\\Application\\chrome.exe"}
{"UtcTime":"2026-08-12 15:00:29.000","Computer":"CLM-MESA-014","User":"CLM\\mesa","EventID":1,"Image":"C:\\Windows\\System32\\svchost.exe","ProcessGuid":"{4F0FF01D-3D13-2026-8A77-EC624956C54C}","ProcessId":2841,"CommandLine":"C:\\Windows\\System32\\svchost.exe","ParentImage":"C:\\Windows\\System32\\services.exe","ParentProcessGuid":"{207210E6-99BF-2026-9E55-2E6535D31715}","OriginalFileName":"C:\\Windows\\System32\\svchost.exe"}
{"UtcTime":"2026-08-12 15:00:30.000","Computer":"CLM-MESA-014","User":"CLM\\mesa","EventID":13,"Image":"C:\\Windows\\System32\\RuntimeBroker.exe","ProcessGuid":"{E9E9B633-99E7-2026-A183-258E9E3F2130}","ProcessId":8079,"EventType":"SetValue","TargetObject":"HKCU\\Software\\CLM\\Mesa\\Pref\\3030","Details":"1"}
{"UtcTime":"2026-08-12 15:00:31.000","Computer":"CLM-MESA-014","User":"CLM\\backoffice","EventID":1,"Image":"C:\\Program Files\\Google\\Chrome\\Application\\chrome.exe","ProcessGuid":"{86116E3E-22A6-2026-51F5-D9D9F8EA0B67}","ProcessId":1577,"CommandLine":"C:\\Program Files\\Google\\Chrome\\Application\\chrome.exe","ParentImage":"C:\\Windows\\System32\\services.exe","ParentProcessGuid":"{F2A9C1BD-8E30-2026-B948-79DB73C283C8}","OriginalFileName":"C:\\Program Files\\Google\\Chrome\\Application\\chrome.exe"}
{"UtcTime":"2026-08-12 15:00:32.000","Computer":"CLM-MESA-014","User":"CLM\\mesa","EventID":1,"Image":"C:\\Windows\\System32\\RuntimeBroker.exe","ProcessGuid":"{7896DD8C-7F24-2026-E8F6-686BAA425EEF}","ProcessId":4900,"CommandLine":"C:\\Windows\\System32\\RuntimeBroker.exe","ParentImage":"C:\\Windows\\System32\\services.exe","ParentProcessGuid":"{199F8EAE-0C19-2026-65D6-DAC0FA2A0A08}","OriginalFileName":"C:\\Windows\\System32\\RuntimeBroker.exe"}
{"UtcTime":"2026-08-12 15:00:33.000","Computer":"CLM-MESA-014","User":"CLM\\ops","EventID":13,"Image":"C:\\Program Files\\Microsoft Office\\Office16\\EXCEL.EXE","ProcessGuid":"{DCBF3BB5-1F9A-2026-8525-2997EF4D3E2A}","ProcessId":4914,"EventType":"SetValue","TargetObject":"HKCU\\Software\\CLM\\Mesa\\Pref\\3033","Details":"1"}
{"UtcTime":"2026-08-12 15:00:34.000","Computer":"CLM-MESA-014","User":"CLM\\mesa","EventID":1,"Image":"C:\\Windows\\explorer.exe","ProcessGuid":"{D50DCB48-2337-2026-E51F-7ABC0FCD671B}","ProcessId":4262,"CommandLine":"C:\\Windows\\explorer.exe","ParentImage":"C:\\Windows\\System32\\services.exe","ParentProcessGuid":"{78600F66-0085-2026-DD25-D0CE00217B52}","OriginalFileName":"C:\\Windows\\explorer.exe"}
{"UtcTime":"2026-08-12 15:00:35.000","Computer":"CLM-MESA-014","User":"CLM\\ops","EventID":13,"Image":"C:\\Windows\\System32\\conhost.exe","ProcessGuid":"{BFA802D8-0C5A-2026-E2DF-446FBE643246}","ProcessId":2508,"EventType":"SetValue","TargetObject":"HKCU\\Software\\CLM\\Mesa\\Pref\\3035","Details":"1"}
{"UtcTime":"2026-08-12 15:00:36.000","Computer":"CLM-MESA-014","User":"CLM\\mesa","EventID":13,"Image":"C:\\Program Files\\Microsoft Office\\Office16\\EXCEL.EXE","ProcessGuid":"{3F32EA51-83B2-2026-D199-6EE6ECBA1E07}","ProcessId":676,"EventType":"SetValue","TargetObject":"HKCU\\Software\\CLM\\Mesa\\Pref\\3036","Details":"1"}
{"UtcTime":"2026-08-12 15:00:37.000","Computer":"CLM-MESA-014","User":"CLM\\backoffice","EventID":5,"Image":"C:\\Windows\\explorer.exe","ProcessGuid":"{013F19BC-01A1-2026-02B6-2C23628E81BE}","ProcessId":7353,"EventType":"End"}
{"UtcTime":"2026-08-12 15:00:38.000","Computer":"CLM-MESA-014","User":"CLM\\mesa","EventID":11,"Image":"C:\\Windows\\explorer.exe","ProcessGuid":"{29663F15-36DA-2026-5DFF-D3BEED0086AE}","ProcessId":2881,"TargetFilename":"C:\\Users\\Public\\Temp\\mesa-3038.tmp"}
{"UtcTime":"2026-08-12 15:00:39.000","Computer":"CLM-MESA-014","User":"CLM\\mesa","EventID":11,"Image":"C:\\Windows\\System32\\RuntimeBroker.exe","ProcessGuid":"{D7638144-4487-2026-7DDB-E3E7B2B2AF8A}","ProcessId":4958,"TargetFilename":"C:\\Users\\Public\\Temp\\mesa-3039.tmp"}
{"UtcTime":"2026-08-12 15:00:40.000","Computer":"CLM-MESA-014","User":"CLM\\mesa","EventID":11,"Image":"C:\\Program Files\\Microsoft Office\\Office16\\EXCEL.EXE","ProcessGuid":"{C51A29D3-5E89-2026-1EF3-5633BD285B73}","ProcessId":6026,"TargetFilename":"C:\\Users\\Public\\Temp\\mesa-3040.tmp"}
{"UtcTime":"2026-08-12 15:00:41.000","Computer":"CLM-MESA-014","User":"CLM\\mesa","EventID":13,"Image":"C:\\Windows\\System32\\RuntimeBroker.exe","ProcessGuid":"{C0834165-3A4A-2026-B331-3C116876D934}","ProcessId":5519,"EventType":"SetValue","TargetObject":"HKCU\\Software\\CLM\\Mesa\\Pref\\3041","Details":"1"}
{"UtcTime":"2026-08-12 15:00:42.000","Computer":"CLM-MESA-014","User":"CLM\\mesa","EventID":11,"Image":"C:\\Windows\\explorer.exe","ProcessGuid":"{07A89A7E-5274-2026-00F9-451C3BFF9E1C}","ProcessId":5650,"TargetFilename":"C:\\Users\\Public\\Temp\\mesa-3042.tmp"}
{"UtcTime":"2026-08-12 15:00:43.000","Computer":"CLM-MESA-014","User":"CLM\\mesa","EventID":11,"Image":"C:\\Program Files\\Google\\Chrome\\Application\\chrome.exe","ProcessGuid":"{1834C7F8-CA52-2026-4E16-809461D62E4F}","ProcessId":2042,"TargetFilename":"C:\\Users\\Public\\Temp\\mesa-3043.tmp"}
{"UtcTime":"2026-08-12 15:00:44.000","Computer":"CLM-MESA-014","User":"CLM\\ops","EventID":3,"Image":"C:\\Program Files\\Google\\Chrome\\Application\\chrome.exe","ProcessGuid":"{E86347B4-D2C2-2026-F611-DBB06EB13DE6}","ProcessId":6309,"DestinationIp":"1.1.1.1","DestinationPort":443,"DestinationHostname":"ntp.clm.liquidacao","SourceIp":"10.70.30.14","Protocol":"tcp"}
{"UtcTime":"2026-08-12 15:00:45.000","Computer":"CLM-MESA-014","User":"CLM\\mesa","EventID":1,"Image":"C:\\Windows\\explorer.exe","ProcessGuid":"{18974F3B-7AF4-2026-7ABC-7C6BFDF543F7}","ProcessId":3343,"CommandLine":"C:\\Windows\\explorer.exe","ParentImage":"C:\\Windows\\System32\\services.exe","ParentProcessGuid":"{C047DF35-DB3C-2026-54D2-CDD4137171B1}","OriginalFileName":"C:\\Windows\\explorer.exe"}
{"UtcTime":"2026-08-12 15:00:46.000","Computer":"CLM-MESA-014","User":"CLM\\backoffice","EventID":1,"Image":"C:\\Program Files\\Google\\Chrome\\Application\\chrome.exe","ProcessGuid":"{62FBB45A-ED19-2026-0BD3-2F96767023CD}","ProcessId":1621,"CommandLine":"C:\\Program Files\\Google\\Chrome\\Application\\chrome.exe","ParentImage":"C:\\Windows\\System32\\services.exe","ParentProcessGuid":"{B079C253-4317-2026-CDAC-ECE0F34E2558}","OriginalFileName":"C:\\Program Files\\Google\\Chrome\\Application\\chrome.exe"}
{"UtcTime":"2026-08-12 15:00:47.000","Computer":"CLM-MESA-014","User":"CLM\\backoffice","EventID":1,"Image":"C:\\Windows\\explorer.exe","ProcessGuid":"{C5342451-A70C-2026-34D8-C5D1A6065C2A}","ProcessId":8871,"CommandLine":"C:\\Windows\\explorer.exe","ParentImage":"C:\\Windows\\System32\\services.exe","ParentProcessGuid":"{8458FE38-D3F5-2026-D09E-BABE2DADCDBA}","OriginalFileName":"C:\\Windows\\explorer.exe"}
{"UtcTime":"2026-08-12 15:00:48.000","Computer":"CLM-MESA-014","User":"CLM\\mesa","EventID":13,"Image":"C:\\Program Files\\Google\\Chrome\\Application\\chrome.exe","ProcessGuid":"{8B0219A5-F380-2026-B73F-0F2D3041FD12}","ProcessId":5131,"EventType":"SetValue","TargetObject":"HKCU\\Software\\CLM\\Mesa\\Pref\\3048","Details":"1"}
{"UtcTime":"2026-08-12 15:00:49.000","Computer":"CLM-MESA-014","User":"CLM\\ops","EventID":5,"Image":"C:\\Windows\\System32\\RuntimeBroker.exe","ProcessGuid":"{491FE322-0380-2026-E0EB-B0F24AF6AED5}","ProcessId":5161,"EventType":"End"}
{"UtcTime":"2026-08-12 15:00:50.000","Computer":"CLM-MESA-014","User":"CLM\\backoffice","EventID":3,"Image":"C:\\Program Files\\Microsoft Office\\Office16\\EXCEL.EXE","ProcessGuid":"{4AC0A96C-1C9A-2026-FCAD-8BAC832D8697}","ProcessId":4265,"DestinationIp":"10.70.30.1","DestinationPort":53,"DestinationHostname":"ntp.clm.liquidacao","SourceIp":"10.70.30.14","Protocol":"tcp"}
{"UtcTime":"2026-08-12 15:00:51.000","Computer":"CLM-MESA-014","User":"CLM\\ops","EventID":11,"Image":"C:\\Windows\\System32\\RuntimeBroker.exe","ProcessGuid":"{8AD36087-460E-2026-34EE-C52EFC999F60}","ProcessId":2175,"TargetFilename":"C:\\Users\\Public\\Temp\\mesa-3051.tmp"}
{"UtcTime":"2026-08-12 15:00:52.000","Computer":"CLM-MESA-014","User":"CLM\\mesa","EventID":3,"Image":"C:\\Windows\\System32\\conhost.exe","ProcessGuid":"{ADCEA048-43B6-2026-F1FB-2B61D8238EE0}","ProcessId":404,"DestinationIp":"10.70.30.1","DestinationPort":53,"DestinationHostname":"portal.clm.liquidacao","SourceIp":"10.70.30.14","Protocol":"tcp"}
{"UtcTime":"2026-08-12 15:00:53.000","Computer":"CLM-MESA-014","User":"CLM\\backoffice","EventID":13,"Image":"C:\\Windows\\System32\\svchost.exe","ProcessGuid":"{3767624A-8BAB-2026-B24E-E671271DA8AC}","ProcessId":4671,"EventType":"SetValue","TargetObject":"HKCU\\Software\\CLM\\Mesa\\Pref\\3053","Details":"1"}
{"UtcTime":"2026-08-12 15:00:54.000","Computer":"CLM-MESA-014","User":"CLM\\mesa","EventID":1,"Image":"C:\\Program Files\\Google\\Chrome\\Application\\chrome.exe","ProcessGuid":"{CB919BD1-F49F-2026-87C2-496BC8FF345B}","ProcessId":7655,"CommandLine":"C:\\Program Files\\Google\\Chrome\\Application\\chrome.exe","ParentImage":"C:\\Windows\\System32\\services.exe","ParentProcessGuid":"{B3FDAC03-7EFF-2026-C472-BC4ECA8EDA45}","OriginalFileName":"C:\\Program Files\\Google\\Chrome\\Application\\chrome.exe"}
{"UtcTime":"2026-08-12 15:00:55.000","Computer":"CLM-MESA-014","User":"CLM\\ops","EventID":1,"Image":"C:\\Windows\\System32\\conhost.exe","ProcessGuid":"{BF76357A-A35D-2026-A166-8F23D5224A0A}","ProcessId":897,"CommandLine":"C:\\Windows\\System32\\conhost.exe","ParentImage":"C:\\Windows\\System32\\services.exe","ParentProcessGuid":"{CAB4EC78-F022-2026-86D8-4A2B47B50C8D}","OriginalFileName":"C:\\Windows\\System32\\conhost.exe"}
{"UtcTime":"2026-08-12 15:00:56.000","Computer":"CLM-MESA-014","User":"CLM\\mesa","EventID":13,"Image":"C:\\Windows\\System32\\svchost.exe","ProcessGuid":"{0F4E41B1-92D1-2026-C8E3-812B57DCD266}","ProcessId":2778,"EventType":"SetValue","TargetObject":"HKCU\\Software\\CLM\\Mesa\\Pref\\3056","Details":"1"}
{"UtcTime":"2026-08-12 15:00:57.000","Computer":"CLM-MESA-014","User":"CLM\\mesa","EventID":5,"Image":"C:\\Windows\\explorer.exe","ProcessGuid":"{9181F09A-03AC-2026-84C2-CD6F7CF279F5}","ProcessId":2452,"EventType":"End"}
{"UtcTime":"2026-08-12 15:00:58.000","Computer":"CLM-MESA-014","User":"CLM\\mesa","EventID":1,"Image":"C:\\Windows\\System32\\svchost.exe","ProcessGuid":"{13D5D3E8-AC3C-2026-E37C-45F547A501C2}","ProcessId":1421,"CommandLine":"C:\\Windows\\System32\\svchost.exe","ParentImage":"C:\\Windows\\System32\\services.exe","ParentProcessGuid":"{991B382F-365B-2026-4638-352F7D5F10B7}","OriginalFileName":"C:\\Windows\\System32\\svchost.exe"}
{"UtcTime":"2026-08-12 15:00:59.000","Computer":"CLM-MESA-014","User":"CLM\\ops","EventID":3,"Image":"C:\\Windows\\System32\\RuntimeBroker.exe","ProcessGuid":"{0F55E889-E673-2026-B255-92DFDB8DC7C8}","ProcessId":1037,"DestinationIp":"10.70.30.1","DestinationPort":53,"DestinationHostname":"portal.clm.liquidacao","SourceIp":"10.70.30.14","Protocol":"tcp"}
{"UtcTime":"2026-08-12 15:01:00.000","Computer":"CLM-MESA-014","User":"CLM\\backoffice","EventID":11,"Image":"C:\\Windows\\System32\\RuntimeBroker.exe","ProcessGuid":"{BDDDAFBC-1B1E-2026-44B9-88EB1905EA09}","ProcessId":3058,"TargetFilename":"C:\\Users\\Public\\Temp\\mesa-3060.tmp"}
{"UtcTime":"2026-08-12 15:01:01.000","Computer":"CLM-MESA-014","User":"CLM\\backoffice","EventID":11,"Image":"C:\\Windows\\System32\\RuntimeBroker.exe","ProcessGuid":"{BA23C485-8831-2026-4BF4-A243264A81FE}","ProcessId":6612,"TargetFilename":"C:\\Users\\Public\\Temp\\mesa-3061.tmp"}
{"UtcTime":"2026-08-12 15:01:02.000","Computer":"CLM-MESA-014","User":"CLM\\backoffice","EventID":5,"Image":"C:\\Program Files\\Microsoft Office\\Office16\\EXCEL.EXE","ProcessGuid":"{4F96DA6B-605F-2026-B4D9-C7E58692F982}","ProcessId":7754,"EventType":"End"}
{"UtcTime":"2026-08-12 15:01:03.000","Computer":"CLM-MESA-014","User":"CLM\\backoffice","EventID":11,"Image":"C:\\Windows\\System32\\svchost.exe","ProcessGuid":"{C61B6EDB-4A6F-2026-A62E-0884326B33E8}","ProcessId":7885,"TargetFilename":"C:\\Users\\Public\\Temp\\mesa-3063.tmp"}
{"UtcTime":"2026-08-12 15:01:04.000","Computer":"CLM-MESA-014","User":"CLM\\mesa","EventID":1,"Image":"C:\\Windows\\explorer.exe","ProcessGuid":"{0E4AB0D0-740C-2026-E4D9-76708C509D29}","ProcessId":3513,"CommandLine":"C:\\Windows\\explorer.exe","ParentImage":"C:\\Windows\\System32\\services.exe","ParentProcessGuid":"{17EE2C96-1DC4-2026-3D51-6A21FEF256A6}","OriginalFileName":"C:\\Windows\\explorer.exe"}
{"UtcTime":"2026-08-12 15:01:05.000","Computer":"CLM-MESA-014","User":"CLM\\mesa","EventID":5,"Image":"C:\\Program Files\\Google\\Chrome\\Application\\chrome.exe","ProcessGuid":"{E60229DB-BB7F-2026-3F63-DDA5821DA33E}","ProcessId":4306,"EventType":"End"}
{"UtcTime":"2026-08-12 15:01:06.000","Computer":"CLM-MESA-014","User":"CLM\\ops","EventID":5,"Image":"C:\\Windows\\System32\\RuntimeBroker.exe","ProcessGuid":"{EEAF42C7-5450-2026-D336-4F5421DEE76D}","ProcessId":4447,"EventType":"End"}
{"UtcTime":"2026-08-12 15:01:07.000","Computer":"CLM-MESA-014","User":"CLM\\backoffice","EventID":3,"Image":"C:\\Program Files\\Google\\Chrome\\Application\\chrome.exe","ProcessGuid":"{1A691D4D-32FE-2026-B47D-E96652F1C414}","ProcessId":3528,"DestinationIp":"8.8.8.8","DestinationPort":135,"DestinationHostname":"portal.clm.liquidacao","SourceIp":"10.70.30.14","Protocol":"tcp"}
{"UtcTime":"2026-08-12 15:01:08.000","Computer":"CLM-MESA-014","User":"CLM\\mesa","EventID":1,"Image":"C:\\Program Files\\Microsoft Office\\Office16\\EXCEL.EXE","ProcessGuid":"{67DBABBD-F2A4-2026-32DE-473B7A4783CE}","ProcessId":3101,"CommandLine":"C:\\Program Files\\Microsoft Office\\Office16\\EXCEL.EXE","ParentImage":"C:\\Windows\\System32\\services.exe","ParentProcessGuid":"{7004A9D2-DB6A-2026-A62A-A5DF6CC2930E}","OriginalFileName":"C:\\Program Files\\Microsoft Office\\Office16\\EXCEL.EXE"}
{"UtcTime":"2026-08-12 15:01:09.000","Computer":"CLM-MESA-014","User":"CLM\\mesa","EventID":13,"Image":"C:\\Windows\\System32\\RuntimeBroker.exe","ProcessGuid":"{56C237F3-C8B9-2026-9062-F38D6B6E8CED}","ProcessId":2159,"EventType":"SetValue","TargetObject":"HKCU\\Software\\CLM\\Mesa\\Pref\\3069","Details":"1"}
{"UtcTime":"2026-08-12 15:01:10.000","Computer":"CLM-MESA-014","User":"CLM\\backoffice","EventID":1,"Image":"C:\\Program Files\\Microsoft Office\\Office16\\EXCEL.EXE","ProcessGuid":"{9C7686F2-1D3B-2026-F4A5-D6B24E265D42}","ProcessId":5989,"CommandLine":"C:\\Program Files\\Microsoft Office\\Office16\\EXCEL.EXE","ParentImage":"C:\\Windows\\System32\\services.exe","ParentProcessGuid":"{F968A8A7-220F-2026-21B6-80DFBF7EACCE}","OriginalFileName":"C:\\Program Files\\Microsoft Office\\Office16\\EXCEL.EXE"}
{"UtcTime":"2026-08-12 15:01:11.000","Computer":"CLM-MESA-014","User":"CLM\\backoffice","EventID":1,"Image":"C:\\Program Files\\Microsoft Office\\Office16\\EXCEL.EXE","ProcessGuid":"{300FDFB1-9FC9-2026-AF9E-DD5472CB46A9}","ProcessId":757,"CommandLine":"C:\\Program Files\\Microsoft Office\\Office16\\EXCEL.EXE","ParentImage":"C:\\Windows\\System32\\services.exe","ParentProcessGuid":"{CE2335AE-8C5A-2026-A5BB-3D1BCC0BE812}","OriginalFileName":"C:\\Program Files\\Microsoft Office\\Office16\\EXCEL.EXE"}
{"UtcTime":"2026-08-12 15:01:12.000","Computer":"CLM-MESA-014","User":"CLM\\ops","EventID":1,"Image":"C:\\Windows\\System32\\RuntimeBroker.exe","ProcessGuid":"{7E8214B5-F3A2-2026-51E8-E2C5A9D08D12}","ProcessId":6204,"CommandLine":"C:\\Windows\\System32\\RuntimeBroker.exe","ParentImage":"C:\\Windows\\System32\\services.exe","ParentProcessGuid":"{DB072595-EE9F-2026-21E7-6DF9E5C48286}","OriginalFileName":"C:\\Windows\\System32\\RuntimeBroker.exe"}
{"UtcTime":"2026-08-12 15:01:13.000","Computer":"CLM-MESA-014","User":"CLM\\mesa","EventID":1,"Image":"C:\\Program Files\\Google\\Chrome\\Application\\chrome.exe","ProcessGuid":"{9F511928-F7F0-2026-3916-CB949E9B5740}","ProcessId":8174,"CommandLine":"C:\\Program Files\\Google\\Chrome\\Application\\chrome.exe","ParentImage":"C:\\Windows\\System32\\services.exe","ParentProcessGuid":"{3C547DA2-D829-2026-EAA4-00237F915074}","OriginalFileName":"C:\\Program Files\\Google\\Chrome\\Application\\chrome.exe"}
{"UtcTime":"2026-08-12 15:01:14.000","Computer":"CLM-MESA-014","User":"CLM\\ops","EventID":11,"Image":"C:\\Program Files\\Microsoft Office\\Office16\\EXCEL.EXE","ProcessGuid":"{C6EC29D5-3E96-2026-35AE-B944ED49C4B5}","ProcessId":5213,"TargetFilename":"C:\\Users\\Public\\Temp\\mesa-3074.tmp"}
{"UtcTime":"2026-08-12 15:01:15.000","Computer":"CLM-MESA-014","User":"CLM\\mesa","EventID":11,"Image":"C:\\Program Files\\Google\\Chrome\\Application\\chrome.exe","ProcessGuid":"{6CC97DB1-7049-2026-2886-902B00B697C4}","ProcessId":8664,"TargetFilename":"C:\\Users\\Public\\Temp\\mesa-3075.tmp"}
{"UtcTime":"2026-08-12 15:01:16.000","Computer":"CLM-MESA-014","User":"CLM\\backoffice","EventID":11,"Image":"C:\\Windows\\System32\\RuntimeBroker.exe","ProcessGuid":"{E24B47FF-3E20-2026-6E15-A97F2F3765F7}","ProcessId":5106,"TargetFilename":"C:\\Users\\Public\\Temp\\mesa-3076.tmp"}
{"UtcTime":"2026-08-12 15:01:17.000","Computer":"CLM-MESA-014","User":"CLM\\mesa","EventID":5,"Image":"C:\\Windows\\explorer.exe","ProcessGuid":"{F32E0780-9540-2026-66AF-BC75AAD0B6A4}","ProcessId":2256,"EventType":"End"}
{"UtcTime":"2026-08-12 15:01:18.000","Computer":"CLM-MESA-014","User":"CLM\\mesa","EventID":13,"Image":"C:\\Windows\\System32\\conhost.exe","ProcessGuid":"{90AA3597-40E8-2026-D947-2C9333DDB14E}","ProcessId":5285,"EventType":"SetValue","TargetObject":"HKCU\\Software\\CLM\\Mesa\\Pref\\3078","Details":"1"}
{"UtcTime":"2026-08-12 15:01:19.000","Computer":"CLM-MESA-014","User":"CLM\\mesa","EventID":11,"Image":"C:\\Windows\\System32\\svchost.exe","ProcessGuid":"{1ED71D06-FBD0-2026-2B1D-68191502B99F}","ProcessId":5625,"TargetFilename":"C:\\Users\\Public\\Temp\\mesa-3079.tmp"}
{"UtcTime":"2026-08-12 15:01:20.000","Computer":"CLM-MESA-014","User":"CLM\\ops","EventID":1,"Image":"C:\\Program Files\\Google\\Chrome\\Application\\chrome.exe","ProcessGuid":"{9255F54D-E2B6-2026-A779-229D3C787C61}","ProcessId":7789,"CommandLine":"C:\\Program Files\\Google\\Chrome\\Application\\chrome.exe","ParentImage":"C:\\Windows\\System32\\services.exe","ParentProcessGuid":"{553CBF04-3E50-2026-5A61-D945683F185C}","OriginalFileName":"C:\\Program Files\\Google\\Chrome\\Application\\chrome.exe"}
{"UtcTime":"2026-08-12 15:01:21.000","Computer":"CLM-MESA-014","User":"CLM\\backoffice","EventID":5,"Image":"C:\\Program Files\\Google\\Chrome\\Application\\chrome.exe","ProcessGuid":"{84AB226E-691F-2026-2367-84468DE0B066}","ProcessId":8662,"EventType":"End"}
{"UtcTime":"2026-08-12 15:01:22.000","Computer":"CLM-MESA-014","User":"CLM\\ops","EventID":1,"Image":"C:\\Program Files\\Microsoft Office\\Office16\\EXCEL.EXE","ProcessGuid":"{F01DACBC-4EC6-2026-4D95-61C755936A5B}","ProcessId":8269,"CommandLine":"C:\\Program Files\\Microsoft Office\\Office16\\EXCEL.EXE","ParentImage":"C:\\Windows\\System32\\services.exe","ParentProcessGuid":"{7848B1E4-1898-2026-C891-44A6B01CCC30}","OriginalFileName":"C:\\Program Files\\Microsoft Office\\Office16\\EXCEL.EXE"}
{"UtcTime":"2026-08-12 15:01:23.000","Computer":"CLM-MESA-014","User":"CLM\\backoffice","EventID":1,"Image":"C:\\Program Files\\Google\\Chrome\\Application\\chrome.exe","ProcessGuid":"{8A36E432-4DAF-2026-0703-DCAA9F341F2D}","ProcessId":2826,"CommandLine":"C:\\Program Files\\Google\\Chrome\\Application\\chrome.exe","ParentImage":"C:\\Windows\\System32\\services.exe","ParentProcessGuid":"{F119665C-510E-2026-C1D0-2A2E555E03E0}","OriginalFileName":"C:\\Program Files\\Google\\Chrome\\Application\\chrome.exe"}
{"UtcTime":"2026-08-12 15:01:24.000","Computer":"CLM-MESA-014","User":"CLM\\ops","EventID":5,"Image":"C:\\Windows\\System32\\conhost.exe","ProcessGuid":"{0C2A39B5-82B1-2026-4A45-6BD4A0FA3331}","ProcessId":6054,"EventType":"End"}
{"UtcTime":"2026-08-12 15:01:25.000","Computer":"CLM-MESA-014","User":"CLM\\backoffice","EventID":3,"Image":"C:\\Windows\\System32\\conhost.exe","ProcessGuid":"{BFAFCE69-B45E-2026-FF49-8F3D9900CCA8}","ProcessId":3614,"DestinationIp":"10.70.30.1","DestinationPort":53,"DestinationHostname":"ntp.clm.liquidacao","SourceIp":"10.70.30.14","Protocol":"tcp"}
{"UtcTime":"2026-08-12 15:01:26.000","Computer":"CLM-MESA-014","User":"CLM\\mesa","EventID":1,"Image":"C:\\Program Files\\Microsoft Office\\Office16\\EXCEL.EXE","ProcessGuid":"{0652113C-D3D0-2026-DFEF-471FDBE2C9AE}","ProcessId":709,"CommandLine":"C:\\Program Files\\Microsoft Office\\Office16\\EXCEL.EXE","ParentImage":"C:\\Windows\\System32\\services.exe","ParentProcessGuid":"{5C2C5D63-9C75-2026-D2BE-2F8B67EB670B}","OriginalFileName":"C:\\Program Files\\Microsoft Office\\Office16\\EXCEL.EXE"}
{"UtcTime":"2026-08-12 15:01:27.000","Computer":"CLM-MESA-014","User":"CLM\\ops","EventID":1,"Image":"C:\\Windows\\System32\\svchost.exe","ProcessGuid":"{447F0F29-4FC6-2026-ACDA-3426652F261B}","ProcessId":8237,"CommandLine":"C:\\Windows\\System32\\svchost.exe","ParentImage":"C:\\Windows\\System32\\services.exe","ParentProcessGuid":"{41C97B81-A5DD-2026-B299-55623B83C08F}","OriginalFileName":"C:\\Windows\\System32\\svchost.exe"}
{"UtcTime":"2026-08-12 15:01:28.000","Computer":"CLM-MESA-014","User":"CLM\\mesa","EventID":1,"Image":"C:\\Windows\\System32\\conhost.exe","ProcessGuid":"{ADD3B762-C2DB-2026-6025-CC0C7568148E}","ProcessId":6228,"CommandLine":"C:\\Windows\\System32\\conhost.exe","ParentImage":"C:\\Windows\\System32\\services.exe","ParentProcessGuid":"{B9023825-BAC8-2026-FB26-37BBC45EF7DB}","OriginalFileName":"C:\\Windows\\System32\\conhost.exe"}
{"UtcTime":"2026-08-12 15:01:29.000","Computer":"CLM-MESA-014","User":"CLM\\mesa","EventID":11,"Image":"C:\\Program Files\\Microsoft Office\\Office16\\EXCEL.EXE","ProcessGuid":"{405AFDEE-D3E5-2026-125C-150954BB91C3}","ProcessId":8899,"TargetFilename":"C:\\Users\\Public\\Temp\\mesa-3089.tmp"}
{"UtcTime":"2026-08-12 15:01:30.000","Computer":"CLM-MESA-014","User":"CLM\\backoffice","EventID":3,"Image":"C:\\Windows\\System32\\svchost.exe","ProcessGuid":"{1CDDF851-09E0-2026-CE15-35C2B66A6187}","ProcessId":6903,"DestinationIp":"1.1.1.1","DestinationPort":443,"DestinationHostname":"ntp.clm.liquidacao","SourceIp":"10.70.30.14","Protocol":"tcp"}
{"UtcTime":"2026-08-12 15:01:31.000","Computer":"CLM-MESA-014","User":"CLM\\ops","EventID":1,"Image":"C:\\Program Files\\Microsoft Office\\Office16\\EXCEL.EXE","ProcessGuid":"{DC488BD2-ACAD-2026-8286-3CC0D415376C}","ProcessId":7198,"CommandLine":"C:\\Program Files\\Microsoft Office\\Office16\\EXCEL.EXE","ParentImage":"C:\\Windows\\System32\\services.exe","ParentProcessGuid":"{2EDD8BF1-DF76-2026-4FC8-80796D27C4E8}","OriginalFileName":"C:\\Program Files\\Microsoft Office\\Office16\\EXCEL.EXE"}
{"UtcTime":"2026-08-12 15:01:32.000","Computer":"CLM-MESA-014","User":"CLM\\backoffice","EventID":13,"Image":"C:\\Windows\\System32\\conhost.exe","ProcessGuid":"{030690A5-4A16-2026-E425-2BD48053A941}","ProcessId":1243,"EventType":"SetValue","TargetObject":"HKCU\\Software\\CLM\\Mesa\\Pref\\3092","Details":"1"}
{"UtcTime":"2026-08-12 15:01:33.000","Computer":"CLM-MESA-014","User":"CLM\\backoffice","EventID":5,"Image":"C:\\Program Files\\Microsoft Office\\Office16\\EXCEL.EXE","ProcessGuid":"{EA76EEBA-9043-2026-A1FF-6AE714D72AF6}","ProcessId":6504,"EventType":"End"}
{"UtcTime":"2026-08-12 15:01:34.000","Computer":"CLM-MESA-014","User":"CLM\\backoffice","EventID":1,"Image":"C:\\Windows\\System32\\svchost.exe","ProcessGuid":"{FA11300B-0312-2026-A429-84893BA644A6}","ProcessId":8710,"CommandLine":"C:\\Windows\\System32\\svchost.exe","ParentImage":"C:\\Windows\\System32\\services.exe","ParentProcessGuid":"{7681E2CD-41AE-2026-0964-A49DF6DC4B35}","OriginalFileName":"C:\\Windows\\System32\\svchost.exe"}
{"UtcTime":"2026-08-12 15:01:35.000","Computer":"CLM-MESA-014","User":"CLM\\backoffice","EventID":1,"Image":"C:\\Windows\\System32\\RuntimeBroker.exe","ProcessGuid":"{6BC45CA1-F266-2026-150F-20E5A559148F}","ProcessId":1645,"CommandLine":"C:\\Windows\\System32\\RuntimeBroker.exe","ParentImage":"C:\\Windows\\System32\\services.exe","ParentProcessGuid":"{526C5E7D-35D6-2026-64C2-7C9C4E7ACD22}","OriginalFileName":"C:\\Windows\\System32\\RuntimeBroker.exe"}
{"UtcTime":"2026-08-12 15:01:36.000","Computer":"CLM-MESA-014","User":"CLM\\backoffice","EventID":1,"Image":"C:\\Windows\\explorer.exe","ProcessGuid":"{CBE71B28-5CD5-2026-01F3-BEE954DE0DB9}","ProcessId":4142,"CommandLine":"C:\\Windows\\explorer.exe","ParentImage":"C:\\Windows\\System32\\services.exe","ParentProcessGuid":"{CF62F53C-E8CB-2026-805A-60143B0432E2}","OriginalFileName":"C:\\Windows\\explorer.exe"}
{"UtcTime":"2026-08-12 15:01:37.000","Computer":"CLM-MESA-014","User":"CLM\\backoffice","EventID":1,"Image":"C:\\Windows\\System32\\RuntimeBroker.exe","ProcessGuid":"{EFF10CD0-9279-2026-4FB1-6F871BD19B25}","ProcessId":1192,"CommandLine":"C:\\Windows\\System32\\RuntimeBroker.exe","ParentImage":"C:\\Windows\\System32\\services.exe","ParentProcessGuid":"{FF9196ED-CCDE-2026-4C5F-C1E9237644BC}","OriginalFileName":"C:\\Windows\\System32\\RuntimeBroker.exe"}
{"UtcTime":"2026-08-12 15:01:38.000","Computer":"CLM-MESA-014","User":"CLM\\mesa","EventID":3,"Image":"C:\\Windows\\System32\\conhost.exe","ProcessGuid":"{E9D0406E-48EB-2026-AB6F-F0BC935B1E22}","ProcessId":8597,"DestinationIp":"10.70.30.1","DestinationPort":53,"DestinationHostname":"ntp.clm.liquidacao","SourceIp":"10.70.30.14","Protocol":"tcp"}
{"UtcTime":"2026-08-12 15:01:39.000","Computer":"CLM-MESA-014","User":"CLM\\backoffice","EventID":5,"Image":"C:\\Windows\\System32\\RuntimeBroker.exe","ProcessGuid":"{0E6EBBA7-1B02-2026-D22D-9176D5799FF1}","ProcessId":5418,"EventType":"End"}
{"UtcTime":"2026-08-12 15:01:40.000","Computer":"CLM-MESA-014","User":"CLM\\ops","EventID":11,"Image":"C:\\Program Files\\Microsoft Office\\Office16\\EXCEL.EXE","ProcessGuid":"{1DA5AA68-3BDB-2026-CDDB-AB021853CA8F}","ProcessId":1432,"TargetFilename":"C:\\Users\\Public\\Temp\\mesa-3100.tmp"}
{"UtcTime":"2026-08-12 15:01:41.000","Computer":"CLM-MESA-014","User":"CLM\\mesa","EventID":1,"Image":"C:\\Windows\\explorer.exe","ProcessGuid":"{96AEEC15-E0E1-2026-F767-FA85CAC3BF8E}","ProcessId":4770,"CommandLine":"C:\\Windows\\explorer.exe","ParentImage":"C:\\Windows\\System32\\services.exe","ParentProcessGuid":"{5F51A8A4-5FC8-2026-0979-37EB7A4502E7}","OriginalFileName":"C:\\Windows\\explorer.exe"}
{"UtcTime":"2026-08-12 15:01:42.000","Computer":"CLM-MESA-014","User":"CLM\\backoffice","EventID":13,"Image":"C:\\Windows\\System32\\conhost.exe","ProcessGuid":"{509708E4-C4A6-2026-1A0D-004FC510E92F}","ProcessId":6038,"EventType":"SetValue","TargetObject":"HKCU\\Software\\CLM\\Mesa\\Pref\\3102","Details":"1"}
{"UtcTime":"2026-08-12 15:01:43.000","Computer":"CLM-MESA-014","User":"CLM\\mesa","EventID":1,"Image":"C:\\Windows\\System32\\RuntimeBroker.exe","ProcessGuid":"{1892C7AA-9E66-2026-AE62-B64B1ACD11A5}","ProcessId":1980,"CommandLine":"C:\\Windows\\System32\\RuntimeBroker.exe","ParentImage":"C:\\Windows\\System32\\services.exe","ParentProcessGuid":"{158E2B2B-CED9-2026-E22B-85DB27831A7E}","OriginalFileName":"C:\\Windows\\System32\\RuntimeBroker.exe"}
{"UtcTime":"2026-08-12 15:01:44.000","Computer":"CLM-MESA-014","User":"CLM\\ops","EventID":5,"Image":"C:\\Windows\\System32\\RuntimeBroker.exe","ProcessGuid":"{6EA616F8-664F-2026-7D3C-97B71F98437A}","ProcessId":3589,"EventType":"End"}
{"UtcTime":"2026-08-12 15:01:45.000","Computer":"CLM-MESA-014","User":"CLM\\ops","EventID":1,"Image":"C:\\Windows\\explorer.exe","ProcessGuid":"{BACC187C-66EC-2026-781F-D52BCEAA0936}","ProcessId":4155,"CommandLine":"C:\\Windows\\explorer.exe","ParentImage":"C:\\Windows\\System32\\services.exe","ParentProcessGuid":"{9AB084CE-CEBB-2026-367A-94C7F0630C41}","OriginalFileName":"C:\\Windows\\explorer.exe"}
{"UtcTime":"2026-08-12 15:01:46.000","Computer":"CLM-MESA-014","User":"CLM\\ops","EventID":3,"Image":"C:\\Windows\\System32\\conhost.exe","ProcessGuid":"{DB92993B-4D49-2026-D6AB-217D5E092BB3}","ProcessId":1615,"DestinationIp":"10.70.30.1","DestinationPort":53,"DestinationHostname":"ntp.clm.liquidacao","SourceIp":"10.70.30.14","Protocol":"tcp"}
{"UtcTime":"2026-08-12 15:01:47.000","Computer":"CLM-MESA-014","User":"CLM\\ops","EventID":1,"Image":"C:\\Windows\\System32\\svchost.exe","ProcessGuid":"{7DF86C32-D19B-2026-C586-CD8DEF3F3F50}","ProcessId":4431,"CommandLine":"C:\\Windows\\System32\\svchost.exe","ParentImage":"C:\\Windows\\System32\\services.exe","ParentProcessGuid":"{CA847163-F232-2026-8CF3-E44CE9617D44}","OriginalFileName":"C:\\Windows\\System32\\svchost.exe"}
{"UtcTime":"2026-08-12 15:01:48.000","Computer":"CLM-MESA-014","User":"CLM\\mesa","EventID":5,"Image":"C:\\Windows\\System32\\svchost.exe","ProcessGuid":"{708CD8B8-FD4B-2026-E084-C5290F3B53EB}","ProcessId":7296,"EventType":"End"}
{"UtcTime":"2026-08-12 15:01:49.000","Computer":"CLM-MESA-014","User":"CLM\\ops","EventID":1,"Image":"C:\\Program Files\\Google\\Chrome\\Application\\chrome.exe","ProcessGuid":"{E5DCD6B7-8338-2026-A801-8BAF62B581B3}","ProcessId":7653,"CommandLine":"C:\\Program Files\\Google\\Chrome\\Application\\chrome.exe","ParentImage":"C:\\Windows\\System32\\services.exe","ParentProcessGuid":"{0565C330-AC6F-2026-5E39-F8F8C30603B6}","OriginalFileName":"C:\\Program Files\\Google\\Chrome\\Application\\chrome.exe"}
{"UtcTime":"2026-08-12 15:01:50.000","Computer":"CLM-MESA-014","User":"CLM\\ops","EventID":13,"Image":"C:\\Program Files\\Microsoft Office\\Office16\\EXCEL.EXE","ProcessGuid":"{90DE2863-D651-2026-F13F-5D8839C02938}","ProcessId":5060,"EventType":"SetValue","TargetObject":"HKCU\\Software\\CLM\\Mesa\\Pref\\3110","Details":"1"}
{"UtcTime":"2026-08-12 15:01:51.000","Computer":"CLM-MESA-014","User":"CLM\\ops","EventID":5,"Image":"C:\\Windows\\System32\\svchost.exe","ProcessGuid":"{E6FA9DB1-241E-2026-061B-B599DFEBF5A3}","ProcessId":1050,"EventType":"End"}
{"UtcTime":"2026-08-12 15:01:52.000","Computer":"CLM-MESA-014","User":"CLM\\ops","EventID":1,"Image":"C:\\Windows\\System32\\RuntimeBroker.exe","ProcessGuid":"{4C5F6168-5AF9-2026-F7A9-04AA2CDA8E3B}","ProcessId":2619,"CommandLine":"C:\\Windows\\System32\\RuntimeBroker.exe","ParentImage":"C:\\Windows\\System32\\services.exe","ParentProcessGuid":"{1D7951CB-F77C-2026-D324-31FDCB40005C}","OriginalFileName":"C:\\Windows\\System32\\RuntimeBroker.exe"}
{"UtcTime":"2026-08-12 15:01:53.000","Computer":"CLM-MESA-014","User":"CLM\\mesa","EventID":1,"Image":"C:\\Windows\\System32\\conhost.exe","ProcessGuid":"{FDBE2944-87AB-2026-06D9-23502106DFF8}","ProcessId":4229,"CommandLine":"C:\\Windows\\System32\\conhost.exe","ParentImage":"C:\\Windows\\System32\\services.exe","ParentProcessGuid":"{19BE2FC8-5FC0-2026-4886-BA9F0DD334A2}","OriginalFileName":"C:\\Windows\\System32\\conhost.exe"}
{"UtcTime":"2026-08-12 15:01:54.000","Computer":"CLM-MESA-014","User":"CLM\\ops","EventID":5,"Image":"C:\\Program Files\\Google\\Chrome\\Application\\chrome.exe","ProcessGuid":"{C2CDB27D-3692-2026-D04F-E8082CC52800}","ProcessId":5171,"EventType":"End"}
{"UtcTime":"2026-08-12 15:01:55.000","Computer":"CLM-MESA-014","User":"CLM\\mesa","EventID":5,"Image":"C:\\Program Files\\Microsoft Office\\Office16\\EXCEL.EXE","ProcessGuid":"{09C287ED-AE3F-2026-0ABC-2ECC3ED77932}","ProcessId":6027,"EventType":"End"}
{"UtcTime":"2026-08-12 15:01:56.000","Computer":"CLM-MESA-014","User":"CLM\\backoffice","EventID":13,"Image":"C:\\Program Files\\Microsoft Office\\Office16\\EXCEL.EXE","ProcessGuid":"{E8C2606E-68CE-2026-8B1D-A19C965B2FF4}","ProcessId":5342,"EventType":"SetValue","TargetObject":"HKCU\\Software\\CLM\\Mesa\\Pref\\3116","Details":"1"}
{"UtcTime":"2026-08-12 15:01:57.000","Computer":"CLM-MESA-014","User":"CLM\\ops","EventID":1,"Image":"C:\\Windows\\System32\\conhost.exe","ProcessGuid":"{6E8F58DF-0AB4-2026-04B5-F7A51C2473F0}","ProcessId":4640,"CommandLine":"C:\\Windows\\System32\\conhost.exe","ParentImage":"C:\\Windows\\System32\\services.exe","ParentProcessGuid":"{5A77B308-FE3B-2026-0E59-5AE9BA32DDE5}","OriginalFileName":"C:\\Windows\\System32\\conhost.exe"}
{"UtcTime":"2026-08-12 15:01:58.000","Computer":"CLM-MESA-014","User":"CLM\\ops","EventID":1,"Image":"C:\\Windows\\System32\\conhost.exe","ProcessGuid":"{A79C3A0D-32CF-2026-1E5C-25867DD19297}","ProcessId":7190,"CommandLine":"C:\\Windows\\System32\\conhost.exe","ParentImage":"C:\\Windows\\System32\\services.exe","ParentProcessGuid":"{254CEEBF-9604-2026-900D-96E0A4F54BEA}","OriginalFileName":"C:\\Windows\\System32\\conhost.exe"}
{"UtcTime":"2026-08-12 15:01:59.000","Computer":"CLM-MESA-014","User":"CLM\\backoffice","EventID":1,"Image":"C:\\Windows\\System32\\RuntimeBroker.exe","ProcessGuid":"{CF5FCFB9-E226-2026-C9C7-837BFA9EBA4F}","ProcessId":7337,"CommandLine":"C:\\Windows\\System32\\RuntimeBroker.exe","ParentImage":"C:\\Windows\\System32\\services.exe","ParentProcessGuid":"{5D54813A-5A1B-2026-6728-1905BFC9AE52}","OriginalFileName":"C:\\Windows\\System32\\RuntimeBroker.exe"}
{"UtcTime":"2026-08-12 15:02:00.000","Computer":"CLM-MESA-014","User":"CLM\\mesa","EventID":13,"Image":"C:\\Program Files\\Microsoft Office\\Office16\\EXCEL.EXE","ProcessGuid":"{A4806A1D-A165-2026-17BD-A1E0C56C9783}","ProcessId":8625,"EventType":"SetValue","TargetObject":"HKCU\\Software\\CLM\\Mesa\\Pref\\3120","Details":"1"}
{"UtcTime":"2026-08-12 15:02:01.000","Computer":"CLM-MESA-014","User":"CLM\\mesa","EventID":1,"Image":"C:\\Windows\\System32\\conhost.exe","ProcessGuid":"{E1486D5B-CC3F-2026-380E-E7A823C23ECA}","ProcessId":2275,"CommandLine":"C:\\Windows\\System32\\conhost.exe","ParentImage":"C:\\Windows\\System32\\services.exe","ParentProcessGuid":"{B22429D3-2272-2026-6F3B-A9A2EE9AC242}","OriginalFileName":"C:\\Windows\\System32\\conhost.exe"}
{"UtcTime":"2026-08-12 15:02:02.000","Computer":"CLM-MESA-014","User":"CLM\\backoffice","EventID":1,"Image":"C:\\Windows\\System32\\RuntimeBroker.exe","ProcessGuid":"{299107C8-EDE1-2026-7552-5026CADCFB99}","ProcessId":7699,"CommandLine":"C:\\Windows\\System32\\RuntimeBroker.exe","ParentImage":"C:\\Windows\\System32\\services.exe","ParentProcessGuid":"{F7D0045A-93E2-2026-542E-35F80B5AFFD8}","OriginalFileName":"C:\\Windows\\System32\\RuntimeBroker.exe"}
{"UtcTime":"2026-08-12 15:02:03.000","Computer":"CLM-MESA-014","User":"CLM\\ops","EventID":1,"Image":"C:\\Program Files\\Microsoft Office\\Office16\\EXCEL.EXE","ProcessGuid":"{5196FE7F-C64A-2026-2CA0-1C888AD0AE90}","ProcessId":1579,"CommandLine":"C:\\Program Files\\Microsoft Office\\Office16\\EXCEL.EXE","ParentImage":"C:\\Windows\\System32\\services.exe","ParentProcessGuid":"{7449F548-B3CE-2026-9F38-0E4D42EA5E3C}","OriginalFileName":"C:\\Program Files\\Microsoft Office\\Office16\\EXCEL.EXE"}
{"UtcTime":"2026-08-12 15:02:04.000","Computer":"CLM-MESA-014","User":"CLM\\backoffice","EventID":13,"Image":"C:\\Program Files\\Microsoft Office\\Office16\\EXCEL.EXE","ProcessGuid":"{C6C0A997-4D32-2026-DF74-DCEF49B15F32}","ProcessId":4009,"EventType":"SetValue","TargetObject":"HKCU\\Software\\CLM\\Mesa\\Pref\\3124","Details":"1"}
{"UtcTime":"2026-08-12 15:02:05.000","Computer":"CLM-MESA-014","User":"CLM\\mesa","EventID":13,"Image":"C:\\Windows\\System32\\svchost.exe","ProcessGuid":"{B89BE907-85D5-2026-73D7-AA896B16C98F}","ProcessId":7743,"EventType":"SetValue","TargetObject":"HKCU\\Software\\CLM\\Mesa\\Pref\\3125","Details":"1"}
{"UtcTime":"2026-08-12 15:02:06.000","Computer":"CLM-MESA-014","User":"CLM\\mesa","EventID":11,"Image":"C:\\Windows\\System32\\conhost.exe","ProcessGuid":"{B79D95C5-AAB1-2026-2B1C-5D663D969DD9}","ProcessId":7670,"TargetFilename":"C:\\Users\\Public\\Temp\\mesa-3126.tmp"}
{"UtcTime":"2026-08-12 15:02:07.000","Computer":"CLM-MESA-014","User":"CLM\\mesa","EventID":13,"Image":"C:\\Windows\\System32\\conhost.exe","ProcessGuid":"{5707CDF4-614C-2026-18EB-59C571A75903}","ProcessId":6981,"EventType":"SetValue","TargetObject":"HKCU\\Software\\CLM\\Mesa\\Pref\\3127","Details":"1"}
{"UtcTime":"2026-08-12 15:02:08.000","Computer":"CLM-MESA-014","User":"CLM\\ops","EventID":1,"Image":"C:\\Windows\\System32\\RuntimeBroker.exe","ProcessGuid":"{1D14322F-B0B0-2026-0065-130CDCF861B8}","ProcessId":6042,"CommandLine":"C:\\Windows\\System32\\RuntimeBroker.exe","ParentImage":"C:\\Windows\\System32\\services.exe","ParentProcessGuid":"{5C0F0EE4-37BB-2026-CCB4-B1E4A68563B6}","OriginalFileName":"C:\\Windows\\System32\\RuntimeBroker.exe"}
{"UtcTime":"2026-08-12 15:02:09.000","Computer":"CLM-MESA-014","User":"CLM\\backoffice","EventID":13,"Image":"C:\\Windows\\explorer.exe","ProcessGuid":"{CEE846DA-1544-2026-D26F-7BE80BF2B951}","ProcessId":7481,"EventType":"SetValue","TargetObject":"HKCU\\Software\\CLM\\Mesa\\Pref\\3129","Details":"1"}
{"UtcTime":"2026-08-12 15:02:10.000","Computer":"CLM-MESA-014","User":"CLM\\mesa","EventID":3,"Image":"C:\\Program Files\\Microsoft Office\\Office16\\EXCEL.EXE","ProcessGuid":"{1F42109B-FA9A-2026-CEF7-2D45DE4DB9D1}","ProcessId":7487,"DestinationIp":"1.1.1.1","DestinationPort":8080,"DestinationHostname":"portal.clm.liquidacao","SourceIp":"10.70.30.14","Protocol":"tcp"}
{"UtcTime":"2026-08-12 15:02:11.000","Computer":"CLM-MESA-014","User":"CLM\\ops","EventID":5,"Image":"C:\\Program Files\\Google\\Chrome\\Application\\chrome.exe","ProcessGuid":"{4E55C303-4240-2026-1EA0-BBF2BB061857}","ProcessId":5551,"EventType":"End"}
{"UtcTime":"2026-08-12 15:02:12.000","Computer":"CLM-MESA-014","User":"CLM\\ops","EventID":1,"Image":"C:\\Windows\\explorer.exe","ProcessGuid":"{0B7466EC-A84B-2026-D7CB-EE723D908658}","ProcessId":6282,"CommandLine":"C:\\Windows\\explorer.exe","ParentImage":"C:\\Windows\\System32\\services.exe","ParentProcessGuid":"{B9B1B77D-1E7B-2026-65E4-BD02A3A39D40}","OriginalFileName":"C:\\Windows\\explorer.exe"}
{"UtcTime":"2026-08-12 15:02:13.000","Computer":"CLM-MESA-014","User":"CLM\\backoffice","EventID":5,"Image":"C:\\Windows\\System32\\conhost.exe","ProcessGuid":"{30957A62-F2C5-2026-1E93-24D71A25F4A4}","ProcessId":6492,"EventType":"End"}
{"UtcTime":"2026-08-12 15:02:14.000","Computer":"CLM-MESA-014","User":"CLM\\mesa","EventID":11,"Image":"C:\\Program Files\\Google\\Chrome\\Application\\chrome.exe","ProcessGuid":"{BC5A4FA1-8A57-2026-9FC6-9F24E6159278}","ProcessId":622,"TargetFilename":"C:\\Users\\Public\\Temp\\mesa-3134.tmp"}
{"UtcTime":"2026-08-12 15:02:15.000","Computer":"CLM-MESA-014","User":"CLM\\ops","EventID":5,"Image":"C:\\Windows\\System32\\svchost.exe","ProcessGuid":"{F562F1C9-322B-2026-F177-A94FCA00992C}","ProcessId":992,"EventType":"End"}
{"UtcTime":"2026-08-12 15:02:16.000","Computer":"CLM-MESA-014","User":"CLM\\mesa","EventID":3,"Image":"C:\\Windows\\explorer.exe","ProcessGuid":"{3F44CD04-8B72-2026-5806-ACC7562E51AB}","ProcessId":4868,"DestinationIp":"1.1.1.1","DestinationPort":135,"DestinationHostname":"portal.clm.liquidacao","SourceIp":"10.70.30.14","Protocol":"tcp"}
{"UtcTime":"2026-08-12 15:02:17.000","Computer":"CLM-MESA-014","User":"CLM\\mesa","EventID":1,"Image":"C:\\Windows\\System32\\svchost.exe","ProcessGuid":"{B9145262-A520-2026-9354-AE787895E5B1}","ProcessId":688,"CommandLine":"C:\\Windows\\System32\\svchost.exe","ParentImage":"C:\\Windows\\System32\\services.exe","ParentProcessGuid":"{80562E7D-03D3-2026-5D7E-6F6727348252}","OriginalFileName":"C:\\Windows\\System32\\svchost.exe"}
{"UtcTime":"2026-08-12 15:02:18.000","Computer":"CLM-MESA-014","User":"CLM\\backoffice","EventID":1,"Image":"C:\\Windows\\System32\\svchost.exe","ProcessGuid":"{E854E9AC-C18C-2026-7757-20F8915208EB}","ProcessId":4171,"CommandLine":"C:\\Windows\\System32\\svchost.exe","ParentImage":"C:\\Windows\\System32\\services.exe","ParentProcessGuid":"{A47C142D-35AE-2026-B887-123DD4B3B014}","OriginalFileName":"C:\\Windows\\System32\\svchost.exe"}
{"UtcTime":"2026-08-12 15:02:19.000","Computer":"CLM-MESA-014","User":"CLM\\ops","EventID":1,"Image":"C:\\Windows\\System32\\conhost.exe","ProcessGuid":"{6BFAD78E-6C49-2026-B2DE-3FECB0A66601}","ProcessId":8159,"CommandLine":"C:\\Windows\\System32\\conhost.exe","ParentImage":"C:\\Windows\\System32\\services.exe","ParentProcessGuid":"{D8FA31D7-EA6A-2026-629E-8EE3311193BC}","OriginalFileName":"C:\\Windows\\System32\\conhost.exe"}
{"UtcTime":"2026-08-12 15:02:20.000","Computer":"CLM-MESA-014","User":"CLM\\mesa","EventID":5,"Image":"C:\\Program Files\\Microsoft Office\\Office16\\EXCEL.EXE","ProcessGuid":"{E6CB788E-DB6D-2026-A70E-9731B05FF0A2}","ProcessId":8195,"EventType":"End"}
{"UtcTime":"2026-08-12 15:02:21.000","Computer":"CLM-MESA-014","User":"CLM\\backoffice","EventID":5,"Image":"C:\\Windows\\System32\\svchost.exe","ProcessGuid":"{36EC910D-B98B-2026-14BA-BEEE1B4AAFE2}","ProcessId":5553,"EventType":"End"}
{"UtcTime":"2026-08-12 15:02:22.000","Computer":"CLM-MESA-014","User":"CLM\\ops","EventID":13,"Image":"C:\\Windows\\System32\\RuntimeBroker.exe","ProcessGuid":"{28011CFC-C7F1-2026-4F09-66803F0DED4B}","ProcessId":8319,"EventType":"SetValue","TargetObject":"HKCU\\Software\\CLM\\Mesa\\Pref\\3142","Details":"1"}
{"UtcTime":"2026-08-12 15:02:23.000","Computer":"CLM-MESA-014","User":"CLM\\backoffice","EventID":1,"Image":"C:\\Windows\\System32\\conhost.exe","ProcessGuid":"{CB9A5127-670D-2026-8358-09D2E07C76D1}","ProcessId":2892,"CommandLine":"C:\\Windows\\System32\\conhost.exe","ParentImage":"C:\\Windows\\System32\\services.exe","ParentProcessGuid":"{D9C4D5F9-03F5-2026-80C1-33C53974C572}","OriginalFileName":"C:\\Windows\\System32\\conhost.exe"}
{"UtcTime":"2026-08-12 15:02:24.000","Computer":"CLM-MESA-014","User":"CLM\\ops","EventID":5,"Image":"C:\\Program Files\\Google\\Chrome\\Application\\chrome.exe","ProcessGuid":"{F3EB18B0-9217-2026-BFCD-8D0112DEBDB2}","ProcessId":5065,"EventType":"End"}
{"UtcTime":"2026-08-12 15:02:25.000","Computer":"CLM-MESA-014","User":"CLM\\mesa","EventID":11,"Image":"C:\\Windows\\System32\\RuntimeBroker.exe","ProcessGuid":"{AD4A7530-F101-2026-C41C-5A4A696ADB18}","ProcessId":5395,"TargetFilename":"C:\\Users\\Public\\Temp\\mesa-3145.tmp"}
{"UtcTime":"2026-08-12 15:02:26.000","Computer":"CLM-MESA-014","User":"CLM\\ops","EventID":13,"Image":"C:\\Windows\\System32\\conhost.exe","ProcessGuid":"{6C1800A1-D77E-2026-8196-AE68285F6A84}","ProcessId":4722,"EventType":"SetValue","TargetObject":"HKCU\\Software\\CLM\\Mesa\\Pref\\3146","Details":"1"}
{"UtcTime":"2026-08-12 15:02:27.000","Computer":"CLM-MESA-014","User":"CLM\\backoffice","EventID":1,"Image":"C:\\Windows\\System32\\RuntimeBroker.exe","ProcessGuid":"{A825A2FF-B310-2026-7374-6892D71865E3}","ProcessId":6206,"CommandLine":"C:\\Windows\\System32\\RuntimeBroker.exe","ParentImage":"C:\\Windows\\System32\\services.exe","ParentProcessGuid":"{311CFA15-DBBD-2026-58E4-BB727DE6FCD4}","OriginalFileName":"C:\\Windows\\System32\\RuntimeBroker.exe"}
