{"UtcTime":"2026-08-12 09:41:59.000","Computer":"TN-FIN-WS042","User":"TRANSNORTE\\backup_svc","EventID":1,"Image":"C:\\Program Files\\Microsoft Office\\Office16\\OUTLOOK.EXE","ProcessGuid":"{6383E6D7-13A7-2026-2F00-991670FFE81E}","ProcessId":7304,"CommandLine":"C:\\Program Files\\Microsoft Office\\Office16\\OUTLOOK.EXE","ParentImage":"C:\\Windows\\System32\\services.exe","ParentProcessGuid":"{A23E5F0E-B408-2026-9EC5-A25CABB13EEC}","OriginalFileName":"C:\\Program Files\\Microsoft Office\\Office16\\OUTLOOK.EXE","SHA256":"f0f772950c9e401bb8f5ace80f14f3ecfe9678f2beb5ecb8dedbf6ce340b4ee3"}
{"UtcTime":"2026-08-12 09:42:00.000","Computer":"TN-FIN-WS042","User":"TRANSNORTE\\backup_svc","EventID":1,"Image":"C:\\Windows\\System32\\RuntimeBroker.exe","ProcessGuid":"{E8FFC091-88DB-2026-1909-4D49DC2DBA44}","ProcessId":5547,"CommandLine":"C:\\Windows\\System32\\RuntimeBroker.exe","ParentImage":"C:\\Windows\\System32\\services.exe","ParentProcessGuid":"{D7568714-81C9-2026-3B90-892ABE0F5812}","OriginalFileName":"C:\\Windows\\System32\\RuntimeBroker.exe","SHA256":"04554a825f21016febb74a458b3f66a89e7ba6d84523a43ea565de8d75a2e4bc"}
{"UtcTime":"2026-08-12 09:42:01.000","Computer":"TN-FIN-WS042","User":"TRANSNORTE\\backup_svc","EventID":5,"Image":"C:\\Windows\\System32\\conhost.exe","ProcessGuid":"{AC037F34-B6C4-2026-13D2-E90A7C79FC7E}","ProcessId":1018,"EventType":"End"}
{"UtcTime":"2026-08-12 09:42:02.000","Computer":"TN-FIN-WS042","User":"TRANSNORTE\\backup_svc","EventID":1,"Image":"C:\\Windows\\System32\\svchost.exe","ProcessGuid":"{54BF7F9F-5FC2-2026-CBC0-A29DFE5A46AF}","ProcessId":2660,"CommandLine":"C:\\Windows\\System32\\svchost.exe","ParentImage":"C:\\Windows\\System32\\services.exe","ParentProcessGuid":"{EE6F7DDA-EF22-2026-4282-7D2BF75C8489}","OriginalFileName":"C:\\Windows\\System32\\svchost.exe","SHA256":"a2082b2daf8a1235bab875b5e509abb330352df2d1e4b7bd996064b4df133884"}
{"UtcTime":"2026-08-12 09:42:03.000","Computer":"TN-FIN-WS042","User":"TRANSNORTE\\backup_svc","EventID":13,"Image":"C:\\Windows\\System32\\conhost.exe","ProcessGuid":"{1F5D9929-1ACC-2026-8C29-B175D0CBFDE4}","ProcessId":845,"EventType":"SetValue","TargetObject":"HKCU\\Software\\Microsoft\\Office\\16.0\\Outlook\\Resiliency\\123","Details":"1"}
{"UtcTime":"2026-08-12 09:42:04.000","Computer":"TN-FIN-WS042","User":"TRANSNORTE\\backup_svc","EventID":13,"Image":"C:\\Windows\\explorer.exe","ProcessGuid":"{BC29D7F0-2317-2026-BE24-F0D587DCDCDF}","ProcessId":5522,"EventType":"SetValue","TargetObject":"HKCU\\Software\\Microsoft\\Office\\16.0\\Outlook\\Resiliency\\124","Details":"1"}
{"UtcTime":"2026-08-12 09:42:05.000","Computer":"TN-FIN-WS042","User":"TRANSNORTE\\ops.cardoso","EventID":1,"Image":"C:\\Windows\\explorer.exe","ProcessGuid":"{AE017B06-7EF0-2026-F566-B5459FF1E3BF}","ProcessId":3621,"CommandLine":"C:\\Windows\\explorer.exe","ParentImage":"C:\\Windows\\System32\\services.exe","ParentProcessGuid":"{FFBCC506-9757-2026-54FC-438B25656F9E}","OriginalFileName":"C:\\Windows\\explorer.exe","SHA256":"4927add3cb0efb99c3805f20112396f060e86d5be57cacdc9f6a450a9ba4275a"}
{"UtcTime":"2026-08-12 09:42:06.000","Computer":"TN-FIN-WS042","User":"TRANSNORTE\\backup_svc","EventID":1,"Image":"C:\\Windows\\System32\\svchost.exe","ProcessGuid":"{74DAF935-3ACF-2026-DEEE-7EC5F15D01D8}","ProcessId":8095,"CommandLine":"C:\\Windows\\System32\\svchost.exe","ParentImage":"C:\\Windows\\System32\\services.exe","ParentProcessGuid":"{043AA146-AD49-2026-7F63-D8640CF23B3F}","OriginalFileName":"C:\\Windows\\System32\\svchost.exe","SHA256":"5c987c3f52c8d6297ace6e5b07391c1745ef1abd0e797b74e0ef34f7c5c6c431"}
{"UtcTime":"2026-08-12 09:42:07.000","Computer":"TN-FIN-WS042","User":"TRANSNORTE\\ops.cardoso","EventID":1,"Image":"C:\\Program Files\\Microsoft Office\\Office16\\OUTLOOK.EXE","ProcessGuid":"{6A40A6F5-9DDC-2026-8229-E580ACD0B5F8}","ProcessId":6394,"CommandLine":"C:\\Program Files\\Microsoft Office\\Office16\\OUTLOOK.EXE","ParentImage":"C:\\Windows\\System32\\services.exe","ParentProcessGuid":"{DA8C0131-F534-2026-A781-7F1C58818E01}","OriginalFileName":"C:\\Program Files\\Microsoft Office\\Office16\\OUTLOOK.EXE","SHA256":"e4cb4bb3936300ed0afc07820b5074e78414107e1bcc315d7dff65b0e3b1ded4"}
{"UtcTime":"2026-08-12 09:42:08.000","Computer":"TN-FIN-WS042","User":"TRANSNORTE\\backup_svc","EventID":1,"Image":"C:\\Program Files\\Microsoft Office\\Office16\\OUTLOOK.EXE","ProcessGuid":"{377E0814-B1DE-2026-3C5C-4F98E8114E0D}","ProcessId":1868,"CommandLine":"C:\\Program Files\\Microsoft Office\\Office16\\OUTLOOK.EXE","ParentImage":"C:\\Windows\\System32\\services.exe","ParentProcessGuid":"{7CD1463C-A1BC-2026-4A44-85EA676A01D9}","OriginalFileName":"C:\\Program Files\\Microsoft Office\\Office16\\OUTLOOK.EXE","SHA256":"07ac4adcf392f5260127e07da64e1f52586cd60591513c377b0170e179068e00"}
{"UtcTime":"2026-08-12 09:42:09.000","Computer":"TN-FIN-WS042","User":"TRANSNORTE\\ops.cardoso","EventID":3,"Image":"C:\\Windows\\System32\\RuntimeBroker.exe","ProcessGuid":"{086ECD02-BAE8-2026-4600-CAC42FDEB754}","ProcessId":7575,"DestinationIp":"1.1.1.1","DestinationPort":135,"SourceIp":"10.50.10.42","Protocol":"tcp"}
{"UtcTime":"2026-08-12 09:42:10.000","Computer":"TN-FIN-WS042","User":"TRANSNORTE\\backup_svc","EventID":3,"Image":"C:\\Program Files\\Microsoft Office\\Office16\\OUTLOOK.EXE","ProcessGuid":"{0C315B70-D6BD-2026-EFC2-1EE207F1151D}","ProcessId":1516,"DestinationIp":"10.50.10.10","DestinationPort":135,"SourceIp":"10.50.10.42","Protocol":"tcp"}
{"UtcTime":"2026-08-12 09:42:11.000","Computer":"TN-FIN-WS042","User":"TRANSNORTE\\backup_svc","EventID":13,"Image":"C:\\Program Files\\Google\\Chrome\\Application\\chrome.exe","ProcessGuid":"{D4909EAC-CEFB-2026-8F49-BDEA40D4972A}","ProcessId":686,"EventType":"SetValue","TargetObject":"HKCU\\Software\\Microsoft\\Office\\16.0\\Outlook\\Resiliency\\131","Details":"1"}
{"UtcTime":"2026-08-12 09:42:12.000","Computer":"TN-FIN-WS042","User":"TRANSNORTE\\ops.cardoso","EventID":13,"Image":"C:\\Windows\\System32\\RuntimeBroker.exe","ProcessGuid":"{DC4AA685-5425-2026-59E0-AFDB258323BD}","ProcessId":7951,"EventType":"SetValue","TargetObject":"HKCU\\Software\\Microsoft\\Office\\16.0\\Outlook\\Resiliency\\132","Details":"1"}
{"UtcTime":"2026-08-12 09:42:13.000","Computer":"TN-FIN-WS042","User":"TRANSNORTE\\backup_svc","EventID":11,"Image":"C:\\Program Files\\Microsoft Office\\Office16\\OUTLOOK.EXE","ProcessGuid":"{D073A901-4CAA-2026-9908-E06704B95526}","ProcessId":3128,"TargetFilename":"C:\\Users\\ops.cardoso\\AppData\\Local\\Temp\\office-133.tmp"}
{"UtcTime":"2026-08-12 09:42:14.000","Computer":"TN-FIN-WS042","User":"TRANSNORTE\\backup_svc","EventID":5,"Image":"C:\\Windows\\explorer.exe","ProcessGuid":"{B07B0CDB-BFAD-2026-F49E-21845FCDED7F}","ProcessId":8290,"EventType":"End"}
{"UtcTime":"2026-08-12 09:42:15.000","Computer":"TN-FIN-WS042","User":"TRANSNORTE\\ops.cardoso","EventID":1,"Image":"C:\\Windows\\System32\\conhost.exe","ProcessGuid":"{44A2372A-F636-2026-1FA4-1A171ACACAD5}","ProcessId":6390,"CommandLine":"C:\\Windows\\System32\\conhost.exe","ParentImage":"C:\\Windows\\System32\\services.exe","ParentProcessGuid":"{5AC6F9BD-2CCF-2026-343E-49E73F8C6B14}","OriginalFileName":"C:\\Windows\\System32\\conhost.exe","SHA256":"9fd46971c1685996adb63510e90e5320a3880901e1cd6c3f96fe93239fe23b81"}
{"UtcTime":"2026-08-12 09:42:16.000","Computer":"TN-FIN-WS042","User":"TRANSNORTE\\backup_svc","EventID":1,"Image":"C:\\Program Files\\Google\\Chrome\\Application\\chrome.exe","ProcessGuid":"{63898F36-4C3D-2026-5D69-27FFC8BECA73}","ProcessId":3255,"CommandLine":"C:\\Program Files\\Google\\Chrome\\Application\\chrome.exe","ParentImage":"C:\\Windows\\System32\\services.exe","ParentProcessGuid":"{94161980-DF3E-2026-EB4E-F57E67FB38F0}","OriginalFileName":"C:\\Program Files\\Google\\Chrome\\Application\\chrome.exe","SHA256":"f2b9f6310fc5297db9069e51f72787fa0c53a1418954f269d38bb1829ccdf958"}
{"UtcTime":"2026-08-12 09:42:17.000","Computer":"TN-FIN-WS042","User":"TRANSNORTE\\ops.cardoso","EventID":5,"Image":"C:\\Windows\\explorer.exe","ProcessGuid":"{9FA68E16-9C24-2026-6256-B0BE44D5F5BE}","ProcessId":5946,"EventType":"End"}
{"UtcTime":"2026-08-12 09:42:18.000","Computer":"TN-FIN-WS042","User":"TRANSNORTE\\backup_svc","EventID":1,"Image":"C:\\Windows\\explorer.exe","ProcessGuid":"{3B4A9331-0FC1-2026-47D0-883395B7BC42}","ProcessId":4004,"CommandLine":"C:\\Windows\\explorer.exe","ParentImage":"C:\\Windows\\System32\\services.exe","ParentProcessGuid":"{8550C970-1997-2026-1DE0-CEB9F313F9D1}","OriginalFileName":"C:\\Windows\\explorer.exe","SHA256":"46900f254878c4d252e9a4cdc7e59c91311df52dc070d84ff12701d1545044f1"}
{"UtcTime":"2026-08-12 09:42:19.000","Computer":"TN-FIN-WS042","User":"TRANSNORTE\\ops.cardoso","EventID":11,"Image":"C:\\Windows\\System32\\RuntimeBroker.exe","ProcessGuid":"{A82CEEF8-ADBD-2026-846D-6E8F7D26C25F}","ProcessId":8169,"TargetFilename":"C:\\Users\\ops.cardoso\\AppData\\Local\\Temp\\office-139.tmp"}
{"UtcTime":"2026-08-12 09:42:20.000","Computer":"TN-FIN-WS042","User":"TRANSNORTE\\backup_svc","EventID":5,"Image":"C:\\Program Files\\Microsoft Office\\Office16\\OUTLOOK.EXE","ProcessGuid":"{66621FC7-4EF2-2026-2BC3-354CDAB5E0B2}","ProcessId":3580,"EventType":"End"}
{"UtcTime":"2026-08-12 09:42:21.000","Computer":"TN-FIN-WS042","User":"TRANSNORTE\\ops.cardoso","EventID":1,"Image":"C:\\Program Files\\Google\\Chrome\\Application\\chrome.exe","ProcessGuid":"{727F9B09-C040-2026-B60E-291C85699F97}","ProcessId":3650,"CommandLine":"C:\\Program Files\\Google\\Chrome\\Application\\chrome.exe","ParentImage":"C:\\Windows\\System32\\services.exe","ParentProcessGuid":"{1037C4AE-4EE6-2026-64D0-785F77221769}","OriginalFileName":"C:\\Program Files\\Google\\Chrome\\Application\\chrome.exe","SHA256":"bc90c8f11f858b08f22fd7cdd8d814de10c1cedb96afee28ece6986f3ce89650"}
{"UtcTime":"2026-08-12 09:42:22.000","Computer":"TN-FIN-WS042","User":"TRANSNORTE\\backup_svc","EventID":3,"Image":"C:\\Windows\\System32\\RuntimeBroker.exe","ProcessGuid":"{A85907DE-2B3C-2026-593C-2D6E92B4D769}","ProcessId":8090,"DestinationIp":"10.50.10.10","DestinationPort":443,"SourceIp":"10.50.10.42","Protocol":"tcp"}
{"UtcTime":"2026-08-12 09:42:23.000","Computer":"TN-FIN-WS042","User":"TRANSNORTE\\ops.cardoso","EventID":1,"Image":"C:\\Windows\\explorer.exe","ProcessGuid":"{B8002B3D-2920-2026-7F19-44924BAB945B}","ProcessId":3336,"CommandLine":"C:\\Windows\\explorer.exe","ParentImage":"C:\\Windows\\System32\\services.exe","ParentProcessGuid":"{95F7CD3C-BFCB-2026-007C-40786E064165}","OriginalFileName":"C:\\Windows\\explorer.exe","SHA256":"420f59a863613b31d57580b37ff017650a1c8c62e0f8391a523a99b75cede7a0"}
{"UtcTime":"2026-08-12 09:42:24.000","Computer":"TN-FIN-WS042","User":"TRANSNORTE\\backup_svc","EventID":1,"Image":"C:\\Program Files\\Microsoft Office\\Office16\\OUTLOOK.EXE","ProcessGuid":"{F9E60135-A69C-2026-6A7F-B596285B7430}","ProcessId":6588,"CommandLine":"C:\\Program Files\\Microsoft Office\\Office16\\OUTLOOK.EXE","ParentImage":"C:\\Windows\\System32\\services.exe","ParentProcessGuid":"{FE5338D7-4126-2026-12B4-B76387D2BD8B}","OriginalFileName":"C:\\Program Files\\Microsoft Office\\Office16\\OUTLOOK.EXE","SHA256":"854b0941fe4f6a17fc5e2342a69c5a756a70d78cbf733cc8b4c500a1d79a0f1c"}
{"UtcTime":"2026-08-12 09:42:25.000","Computer":"TN-FIN-WS042","User":"TRANSNORTE\\backup_svc","EventID":13,"Image":"C:\\Windows\\explorer.exe","ProcessGuid":"{B956A9E8-5237-2026-27F2-016C1BADADA5}","ProcessId":788,"EventType":"SetValue","TargetObject":"HKCU\\Software\\Microsoft\\Office\\16.0\\Outlook\\Resiliency\\145","Details":"1"}
{"UtcTime":"2026-08-12 09:42:26.000","Computer":"TN-FIN-WS042","User":"TRANSNORTE\\backup_svc","EventID":11,"Image":"C:\\Windows\\System32\\conhost.exe","ProcessGuid":"{815847CC-7E80-2026-EDEA-CA913C44235A}","ProcessId":6545,"TargetFilename":"C:\\Users\\ops.cardoso\\AppData\\Local\\Temp\\office-146.tmp"}
{"UtcTime":"2026-08-12 09:42:27.000","Computer":"TN-FIN-WS042","User":"TRANSNORTE\\ops.cardoso","EventID":13,"Image":"C:\\Program Files\\Google\\Chrome\\Application\\chrome.exe","ProcessGuid":"{69523036-FC45-2026-BFC3-CE84EA6880A1}","ProcessId":4322,"EventType":"SetValue","TargetObject":"HKCU\\Software\\Microsoft\\Office\\16.0\\Outlook\\Resiliency\\147","Details":"1"}
{"UtcTime":"2026-08-12 09:42:28.000","Computer":"TN-FIN-WS042","User":"TRANSNORTE\\ops.cardoso","EventID":5,"Image":"C:\\Program Files\\Microsoft Office\\Office16\\OUTLOOK.EXE","ProcessGuid":"{6E9D873D-EA10-2026-DE4E-270BF4962B19}","ProcessId":8819,"EventType":"End"}
{"UtcTime":"2026-08-12 09:42:29.000","Computer":"TN-FIN-WS042","User":"TRANSNORTE\\backup_svc","EventID":3,"Image":"C:\\Program Files\\Google\\Chrome\\Application\\chrome.exe","ProcessGuid":"{97EB0B67-5D1C-2026-6173-DEFE2F0BDB2C}","ProcessId":3567,"DestinationIp":"10.50.10.10","DestinationPort":443,"SourceIp":"10.50.10.42","Protocol":"tcp"}
{"UtcTime":"2026-08-12 09:42:30.000","Computer":"TN-FIN-WS042","User":"TRANSNORTE\\backup_svc","EventID":1,"Image":"C:\\Program Files\\Google\\Chrome\\Application\\chrome.exe","ProcessGuid":"{1E7BC7AF-F84F-2026-724C-E863449BBA94}","ProcessId":6328,"CommandLine":"C:\\Program Files\\Google\\Chrome\\Application\\chrome.exe","ParentImage":"C:\\Windows\\System32\\services.exe","ParentProcessGuid":"{F56D4A30-418B-2026-C154-01575645CFED}","OriginalFileName":"C:\\Program Files\\Google\\Chrome\\Application\\chrome.exe","SHA256":"ef7fa805695172ff5c38f7c4a126dacdca23d1ab5482765da8b23901ba021869"}
{"UtcTime":"2026-08-12 09:42:31.000","Computer":"TN-FIN-WS042","User":"TRANSNORTE\\backup_svc","EventID":3,"Image":"C:\\Windows\\System32\\RuntimeBroker.exe","ProcessGuid":"{D6EB5E34-8F64-2026-B53D-8D9B3406FAC9}","ProcessId":1263,"DestinationIp":"1.1.1.1","DestinationPort":443,"SourceIp":"10.50.10.42","Protocol":"tcp"}
{"UtcTime":"2026-08-12 09:42:32.000","Computer":"TN-FIN-WS042","User":"TRANSNORTE\\backup_svc","EventID":11,"Image":"C:\\Program Files\\Google\\Chrome\\Application\\chrome.exe","ProcessGuid":"{7166F164-8295-2026-2AC7-83BEEF46FC4A}","ProcessId":4961,"TargetFilename":"C:\\Users\\ops.cardoso\\AppData\\Local\\Temp\\office-152.tmp"}
{"UtcTime":"2026-08-12 09:42:33.000","Computer":"TN-FIN-WS042","User":"TRANSNORTE\\backup_svc","EventID":5,"Image":"C:\\Program Files\\Google\\Chrome\\Application\\chrome.exe","ProcessGuid":"{F6411CD5-CEFF-2026-E782-FD6BD509E89E}","ProcessId":7827,"EventType":"End"}
{"UtcTime":"2026-08-12 09:42:34.000","Computer":"TN-FIN-WS042","User":"TRANSNORTE\\ops.cardoso","EventID":3,"Image":"C:\\Windows\\System32\\conhost.exe","ProcessGuid":"{9FB69D2B-9048-2026-3D00-DB893C5F4DF6}","ProcessId":4248,"DestinationIp":"1.1.1.1","DestinationPort":135,"SourceIp":"10.50.10.42","Protocol":"tcp"}
{"UtcTime":"2026-08-12 09:42:35.000","Computer":"TN-FIN-WS042","User":"TRANSNORTE\\ops.cardoso","EventID":1,"Image":"C:\\Windows\\System32\\conhost.exe","ProcessGuid":"{1075563F-9D8D-2026-F5C6-BED6235DFFD3}","ProcessId":6116,"CommandLine":"C:\\Windows\\System32\\conhost.exe","ParentImage":"C:\\Windows\\System32\\services.exe","ParentProcessGuid":"{7851218B-556F-2026-F1BF-1947ED90A32F}","OriginalFileName":"C:\\Windows\\System32\\conhost.exe","SHA256":"ef21abe6675444ee708de7157178a919f8c9e436424ace40107e371b8e2fa4d5"}
{"UtcTime":"2026-08-12 09:42:36.000","Computer":"TN-FIN-WS042","User":"TRANSNORTE\\ops.cardoso","EventID":1,"Image":"C:\\Program Files\\Microsoft Office\\Office16\\OUTLOOK.EXE","ProcessGuid":"{6486A6AD-E930-2026-122A-B8C6114FDA30}","ProcessId":8747,"CommandLine":"C:\\Program Files\\Microsoft Office\\Office16\\OUTLOOK.EXE","ParentImage":"C:\\Windows\\System32\\services.exe","ParentProcessGuid":"{9BFDCDE9-827C-2026-5486-F195F784C28C}","OriginalFileName":"C:\\Program Files\\Microsoft Office\\Office16\\OUTLOOK.EXE","SHA256":"6a0d9d73134e43578dc1902e73e566d33875401c3f1d65ba703a6cc86315b9db"}
{"UtcTime":"2026-08-12 09:42:37.000","Computer":"TN-FIN-WS042","User":"TRANSNORTE\\backup_svc","EventID":5,"Image":"C:\\Windows\\System32\\svchost.exe","ProcessGuid":"{FB7577A1-3756-2026-A017-A6CFFA1A7F44}","ProcessId":2164,"EventType":"End"}
{"UtcTime":"2026-08-12 09:42:38.000","Computer":"TN-FIN-WS042","User":"TRANSNORTE\\backup_svc","EventID":1,"Image":"C:\\Windows\\System32\\RuntimeBroker.exe","ProcessGuid":"{5B63B490-50B8-2026-56EE-4953F798B6F1}","ProcessId":955,"CommandLine":"C:\\Windows\\System32\\RuntimeBroker.exe","ParentImage":"C:\\Windows\\System32\\services.exe","ParentProcessGuid":"{70F5A877-DF57-2026-8547-0E3849983C39}","OriginalFileName":"C:\\Windows\\System32\\RuntimeBroker.exe","SHA256":"1dea2b3f90ad5b221852656ab6d8844fa93163af9e3fb59d2029e304d64798c8"}
{"UtcTime":"2026-08-12 09:42:39.000","Computer":"TN-FIN-WS042","User":"TRANSNORTE\\backup_svc","EventID":1,"Image":"C:\\Windows\\explorer.exe","ProcessGuid":"{C8AA66F8-BC8C-2026-F082-61AFEDA2CFF1}","ProcessId":1558,"CommandLine":"C:\\Windows\\explorer.exe","ParentImage":"C:\\Windows\\System32\\services.exe","ParentProcessGuid":"{837F2FE2-1CE4-2026-55AE-5098A4F7674E}","OriginalFileName":"C:\\Windows\\explorer.exe","SHA256":"3f3cb5a040cc93d6fdb5a525185dde1aaaf6888463491a1ff14e497ec203d3b0"}
{"UtcTime":"2026-08-12 09:42:40.000","Computer":"TN-FIN-WS042","User":"TRANSNORTE\\ops.cardoso","EventID":3,"Image":"C:\\Windows\\System32\\conhost.exe","ProcessGuid":"{0627AD1D-FF30-2026-D70A-B500DFAF5FE6}","ProcessId":4923,"DestinationIp":"8.8.8.8","DestinationPort":443,"SourceIp":"10.50.10.42","Protocol":"tcp"}
{"UtcTime":"2026-08-12 09:42:41.000","Computer":"TN-FIN-WS042","User":"TRANSNORTE\\backup_svc","EventID":13,"Image":"C:\\Windows\\explorer.exe","ProcessGuid":"{643DD1A9-108A-2026-14C9-0F3378BC1CFE}","ProcessId":959,"EventType":"SetValue","TargetObject":"HKCU\\Software\\Microsoft\\Office\\16.0\\Outlook\\Resiliency\\161","Details":"1"}
{"UtcTime":"2026-08-12 09:42:42.000","Computer":"TN-FIN-WS042","User":"TRANSNORTE\\backup_svc","EventID":11,"Image":"C:\\Windows\\System32\\RuntimeBroker.exe","ProcessGuid":"{E7927C57-8B2C-2026-E4B4-E99C97F8B9C8}","ProcessId":6216,"TargetFilename":"C:\\Users\\ops.cardoso\\AppData\\Local\\Temp\\office-162.tmp"}
{"UtcTime":"2026-08-12 09:42:43.000","Computer":"TN-FIN-WS042","User":"TRANSNORTE\\backup_svc","EventID":5,"Image":"C:\\Windows\\System32\\conhost.exe","ProcessGuid":"{B4954277-741E-2026-55C1-B5026BFE405A}","ProcessId":2886,"EventType":"End"}
{"UtcTime":"2026-08-12 09:42:44.000","Computer":"TN-FIN-WS042","User":"TRANSNORTE\\backup_svc","EventID":3,"Image":"C:\\Program Files\\Google\\Chrome\\Application\\chrome.exe","ProcessGuid":"{2F7EE6B6-A1DB-2026-7D2F-C72F23ECEF1B}","ProcessId":6288,"DestinationIp":"10.50.10.88","DestinationPort":443,"SourceIp":"10.50.10.42","Protocol":"tcp"}
{"UtcTime":"2026-08-12 09:42:45.000","Computer":"TN-FIN-WS042","User":"TRANSNORTE\\backup_svc","EventID":3,"Image":"C:\\Program Files\\Microsoft Office\\Office16\\OUTLOOK.EXE","ProcessGuid":"{DE7220A3-5DF2-2026-C7C2-07BB64B9ED4E}","ProcessId":1601,"DestinationIp":"10.50.10.88","DestinationPort":53,"SourceIp":"10.50.10.42","Protocol":"tcp"}
{"UtcTime":"2026-08-12 09:42:46.000","Computer":"TN-FIN-WS042","User":"TRANSNORTE\\backup_svc","EventID":1,"Image":"C:\\Windows\\System32\\svchost.exe","ProcessGuid":"{EFA28A3C-913E-2026-9624-4F413FBCA16C}","ProcessId":7162,"CommandLine":"C:\\Windows\\System32\\svchost.exe","ParentImage":"C:\\Windows\\System32\\services.exe","ParentProcessGuid":"{63AD7F53-6D47-2026-6476-7931BD1E0009}","OriginalFileName":"C:\\Windows\\System32\\svchost.exe","SHA256":"bf77dc6568aeb7a71b671370f2e6939e143b377d9cade3c492800ad1c8335756"}
{"UtcTime":"2026-08-12 09:42:47.000","Computer":"TN-FIN-WS042","User":"TRANSNORTE\\ops.cardoso","EventID":1,"Image":"C:\\Windows\\System32\\svchost.exe","ProcessGuid":"{963BB878-C0E2-2026-8482-5EC580B7E3F1}","ProcessId":4660,"CommandLine":"C:\\Windows\\System32\\svchost.exe","ParentImage":"C:\\Windows\\System32\\services.exe","ParentProcessGuid":"{7653E9B2-98DE-2026-3965-B49BE200B032}","OriginalFileName":"C:\\Windows\\System32\\svchost.exe","SHA256":"a574bcd1a260333a5f9fa05f7fdfcf2048e922c8555db93376b98c227b2d0a49"}
{"UtcTime":"2026-08-12 09:42:48.000","Computer":"TN-FIN-WS042","User":"TRANSNORTE\\ops.cardoso","EventID":1,"Image":"C:\\Program Files\\Microsoft Office\\Office16\\OUTLOOK.EXE","ProcessGuid":"{52C7258F-F677-2026-BADF-5071A0C218D1}","ProcessId":2186,"CommandLine":"C:\\Program Files\\Microsoft Office\\Office16\\OUTLOOK.EXE","ParentImage":"C:\\Windows\\System32\\services.exe","ParentProcessGuid":"{AD8ED5CB-5272-2026-C4B8-F8500A5786B0}","OriginalFileName":"C:\\Program Files\\Microsoft Office\\Office16\\OUTLOOK.EXE","SHA256":"ccb96ae6a5d2fa5cbacdc639a4a9b02de008d2e5e7646177911c9bf46bc5898d"}
{"UtcTime":"2026-08-12 09:42:49.000","Computer":"TN-FIN-WS042","User":"TRANSNORTE\\ops.cardoso","EventID":13,"Image":"C:\\Program Files\\Microsoft Office\\Office16\\OUTLOOK.EXE","ProcessGuid":"{0DF30990-1E74-2026-A16E-0B7F4070DF31}","ProcessId":6770,"EventType":"SetValue","TargetObject":"HKCU\\Software\\Microsoft\\Office\\16.0\\Outlook\\Resiliency\\169","Details":"1"}
{"UtcTime":"2026-08-12 09:42:50.000","Computer":"TN-FIN-WS042","User":"TRANSNORTE\\backup_svc","EventID":13,"Image":"C:\\Program Files\\Microsoft Office\\Office16\\OUTLOOK.EXE","ProcessGuid":"{85FDBE70-E00F-2026-29ED-57C829CA003F}","ProcessId":3407,"EventType":"SetValue","TargetObject":"HKCU\\Software\\Microsoft\\Office\\16.0\\Outlook\\Resiliency\\170","Details":"1"}
{"UtcTime":"2026-08-12 09:42:51.000","Computer":"TN-FIN-WS042","User":"TRANSNORTE\\ops.cardoso","EventID":5,"Image":"C:\\Windows\\explorer.exe","ProcessGuid":"{E3C88A2C-4A2C-2026-485B-8284DE69B48E}","ProcessId":8409,"EventType":"End"}
{"UtcTime":"2026-08-12 09:42:52.000","Computer":"TN-FIN-WS042","User":"TRANSNORTE\\backup_svc","EventID":11,"Image":"C:\\Program Files\\Google\\Chrome\\Application\\chrome.exe","ProcessGuid":"{B14B2EFB-EA10-2026-7A68-2F811C9944F3}","ProcessId":3608,"TargetFilename":"C:\\Users\\ops.cardoso\\AppData\\Local\\Temp\\office-172.tmp"}
{"UtcTime":"2026-08-12 09:42:53.000","Computer":"TN-FIN-WS042","User":"TRANSNORTE\\ops.cardoso","EventID":3,"Image":"C:\\Program Files\\Google\\Chrome\\Application\\chrome.exe","ProcessGuid":"{85F3FB6C-C943-2026-958A-7C629205CC0E}","ProcessId":4369,"DestinationIp":"1.1.1.1","DestinationPort":8080,"SourceIp":"10.50.10.42","Protocol":"tcp"}
{"UtcTime":"2026-08-12 09:42:54.000","Computer":"TN-FIN-WS042","User":"TRANSNORTE\\ops.cardoso","EventID":11,"Image":"C:\\Windows\\explorer.exe","ProcessGuid":"{4AFB43FE-7CC8-2026-3A7F-B81B384EA0A1}","ProcessId":4390,"TargetFilename":"C:\\Users\\ops.cardoso\\AppData\\Local\\Temp\\office-174.tmp"}
{"UtcTime":"2026-08-12 09:42:55.000","Computer":"TN-FIN-WS042","User":"TRANSNORTE\\ops.cardoso","EventID":1,"Image":"C:\\Program Files\\Google\\Chrome\\Application\\chrome.exe","ProcessGuid":"{17D045CE-CEBE-2026-975B-E973DF282213}","ProcessId":436,"CommandLine":"C:\\Program Files\\Google\\Chrome\\Application\\chrome.exe","ParentImage":"C:\\Windows\\System32\\services.exe","ParentProcessGuid":"{211BCB4F-23C6-2026-68B7-EF4A4A790136}","OriginalFileName":"C:\\Program Files\\Google\\Chrome\\Application\\chrome.exe","SHA256":"6d3a2ed371114e1b9805a7c2de36a113dd85466fe53838d04615225f6370d212"}
{"UtcTime":"2026-08-12 09:42:56.000","Computer":"TN-FIN-WS042","User":"TRANSNORTE\\ops.cardoso","EventID":1,"Image":"C:\\Windows\\System32\\RuntimeBroker.exe","ProcessGuid":"{F8241144-A686-2026-D353-D23F488DFFBD}","ProcessId":7981,"CommandLine":"C:\\Windows\\System32\\RuntimeBroker.exe","ParentImage":"C:\\Windows\\System32\\services.exe","ParentProcessGuid":"{3CE22CF1-3713-2026-ECFA-AE11A4E5FA8B}","OriginalFileName":"C:\\Windows\\System32\\RuntimeBroker.exe","SHA256":"68068559e4d75dce82f114f9e39075625107aa72a96c45cca36d6e94db1fe06c"}
{"UtcTime":"2026-08-12 09:42:57.000","Computer":"TN-FIN-WS042","User":"TRANSNORTE\\backup_svc","EventID":13,"Image":"C:\\Windows\\System32\\RuntimeBroker.exe","ProcessGuid":"{DA001F0B-7026-2026-E683-E19DC9B88B0C}","ProcessId":2867,"EventType":"SetValue","TargetObject":"HKCU\\Software\\Microsoft\\Office\\16.0\\Outlook\\Resiliency\\177","Details":"1"}
{"UtcTime":"2026-08-12 09:42:58.000","Computer":"TN-FIN-WS042","User":"TRANSNORTE\\ops.cardoso","EventID":13,"Image":"C:\\Windows\\System32\\conhost.exe","ProcessGuid":"{3EC96987-2AD8-2026-784D-AB304580F31F}","ProcessId":1469,"EventType":"SetValue","TargetObject":"HKCU\\Software\\Microsoft\\Office\\16.0\\Outlook\\Resiliency\\178","Details":"1"}
{"UtcTime":"2026-08-12 09:42:59.000","Computer":"TN-FIN-WS042","User":"TRANSNORTE\\backup_svc","EventID":3,"Image":"C:\\Windows\\System32\\conhost.exe","ProcessGuid":"{52CE5ED5-8AC8-2026-D092-7ED94E7BAB9A}","ProcessId":7693,"DestinationIp":"1.1.1.1","DestinationPort":135,"SourceIp":"10.50.10.42","Protocol":"tcp"}
{"UtcTime":"2026-08-12 09:43:00.000","Computer":"TN-FIN-WS042","User":"TRANSNORTE\\backup_svc","EventID":3,"Image":"C:\\Windows\\explorer.exe","ProcessGuid":"{AFB4396A-E5BD-2026-3829-5E56549ABE4A}","ProcessId":8314,"DestinationIp":"10.50.10.88","DestinationPort":135,"SourceIp":"10.50.10.42","Protocol":"tcp"}
{"UtcTime":"2026-08-12 09:43:01.000","Computer":"TN-FIN-WS042","User":"TRANSNORTE\\backup_svc","EventID":13,"Image":"C:\\Windows\\System32\\RuntimeBroker.exe","ProcessGuid":"{A7260EDF-76AF-2026-2ACC-3F24567EBD0B}","ProcessId":2565,"EventType":"SetValue","TargetObject":"HKCU\\Software\\Microsoft\\Office\\16.0\\Outlook\\Resiliency\\181","Details":"1"}
{"UtcTime":"2026-08-12 09:43:02.000","Computer":"TN-FIN-WS042","User":"TRANSNORTE\\backup_svc","EventID":1,"Image":"C:\\Program Files\\Microsoft Office\\Office16\\OUTLOOK.EXE","ProcessGuid":"{534F0EE5-88F9-2026-28EA-564ADEC01B9E}","ProcessId":4283,"CommandLine":"C:\\Program Files\\Microsoft Office\\Office16\\OUTLOOK.EXE","ParentImage":"C:\\Windows\\System32\\services.exe","ParentProcessGuid":"{C69A4E2A-16BA-2026-5210-3406E54082FA}","OriginalFileName":"C:\\Program Files\\Microsoft Office\\Office16\\OUTLOOK.EXE","SHA256":"9b9fdef83b2e6557ed77eef8bcb9fb3e7d794625c79b1d26006587647c7d68d9"}
{"UtcTime":"2026-08-12 09:43:03.000","Computer":"TN-FIN-WS042","User":"TRANSNORTE\\backup_svc","EventID":1,"Image":"C:\\Program Files\\Google\\Chrome\\Application\\chrome.exe","ProcessGuid":"{D689FE69-52FB-2026-D8D9-050F70D2DA57}","ProcessId":6844,"CommandLine":"C:\\Program Files\\Google\\Chrome\\Application\\chrome.exe","ParentImage":"C:\\Windows\\System32\\services.exe","ParentProcessGuid":"{D5F0C735-FC3D-2026-0838-1B65344EA7AD}","OriginalFileName":"C:\\Program Files\\Google\\Chrome\\Application\\chrome.exe","SHA256":"a9797be110ca617970a93c39c420017a5e4ba59701f477a111a14f0ffdf5d115"}
{"UtcTime":"2026-08-12 09:43:04.000","Computer":"TN-FIN-WS042","User":"TRANSNORTE\\ops.cardoso","EventID":13,"Image":"C:\\Windows\\System32\\conhost.exe","ProcessGuid":"{98E4E0EE-1C94-2026-1CFD-2A0358451605}","ProcessId":5680,"EventType":"SetValue","TargetObject":"HKCU\\Software\\Microsoft\\Office\\16.0\\Outlook\\Resiliency\\184","Details":"1"}
{"UtcTime":"2026-08-12 09:43:05.000","Computer":"TN-FIN-WS042","User":"TRANSNORTE\\ops.cardoso","EventID":13,"Image":"C:\\Windows\\explorer.exe","ProcessGuid":"{5987E94A-9699-2026-1098-471B15A2AF4B}","ProcessId":1803,"EventType":"SetValue","TargetObject":"HKCU\\Software\\Microsoft\\Office\\16.0\\Outlook\\Resiliency\\185","Details":"1"}
{"UtcTime":"2026-08-12 09:43:06.000","Computer":"TN-FIN-WS042","User":"TRANSNORTE\\ops.cardoso","EventID":3,"Image":"C:\\Program Files\\Google\\Chrome\\Application\\chrome.exe","ProcessGuid":"{EB412910-9824-2026-147C-D62135DBC41C}","ProcessId":1372,"DestinationIp":"8.8.8.8","DestinationPort":53,"SourceIp":"10.50.10.42","Protocol":"tcp"}
{"UtcTime":"2026-08-12 09:43:07.000","Computer":"TN-FIN-WS042","User":"TRANSNORTE\\ops.cardoso","EventID":3,"Image":"C:\\Windows\\System32\\RuntimeBroker.exe","ProcessGuid":"{EDF73F03-20E0-2026-733F-797D3AA11EA9}","ProcessId":5466,"DestinationIp":"10.50.10.88","DestinationPort":443,"SourceIp":"10.50.10.42","Protocol":"tcp"}
{"UtcTime":"2026-08-12 09:43:08.000","Computer":"TN-FIN-WS042","User":"TRANSNORTE\\backup_svc","EventID":1,"Image":"C:\\Windows\\System32\\conhost.exe","ProcessGuid":"{D5FDCCD1-747C-2026-0A24-C4A0441CF975}","ProcessId":4598,"CommandLine":"C:\\Windows\\System32\\conhost.exe","ParentImage":"C:\\Windows\\System32\\services.exe","ParentProcessGuid":"{0A58A316-5E4D-2026-429D-9B0048E498E3}","OriginalFileName":"C:\\Windows\\System32\\conhost.exe","SHA256":"d4bf5d283c3e3282ba085bd10bd884727a18835ee50e2450f4a47f5296918475"}
{"UtcTime":"2026-08-12 09:43:09.000","Computer":"TN-FIN-WS042","User":"TRANSNORTE\\backup_svc","EventID":13,"Image":"C:\\Windows\\System32\\RuntimeBroker.exe","ProcessGuid":"{8B4F29A8-F9DA-2026-F395-8DB3B6CF5B5A}","ProcessId":6929,"EventType":"SetValue","TargetObject":"HKCU\\Software\\Microsoft\\Office\\16.0\\Outlook\\Resiliency\\189","Details":"1"}
{"UtcTime":"2026-08-12 09:43:10.000","Computer":"TN-FIN-WS042","User":"TRANSNORTE\\backup_svc","EventID":11,"Image":"C:\\Windows\\System32\\svchost.exe","ProcessGuid":"{392BD1F2-E5C4-2026-9BBF-60522BB7A99D}","ProcessId":6902,"TargetFilename":"C:\\Users\\ops.cardoso\\AppData\\Local\\Temp\\office-190.tmp"}
{"UtcTime":"2026-08-12 09:43:11.000","Computer":"TN-FIN-WS042","User":"TRANSNORTE\\ops.cardoso","EventID":1,"Image":"C:\\Program Files\\Google\\Chrome\\Application\\chrome.exe","ProcessGuid":"{4F707CD8-2731-2026-A0E2-B9CDD8D60EA7}","ProcessId":6473,"CommandLine":"C:\\Program Files\\Google\\Chrome\\Application\\chrome.exe","ParentImage":"C:\\Windows\\System32\\services.exe","ParentProcessGuid":"{97480058-E9DF-2026-F3EC-37EBFB9F9CE9}","OriginalFileName":"C:\\Program Files\\Google\\Chrome\\Application\\chrome.exe","SHA256":"92aae313c4788c2359646ef76b7b519a55112ef0d1644f6d51d5d87c3c54fefc"}
{"UtcTime":"2026-08-12 09:43:12.000","Computer":"TN-FIN-WS042","User":"TRANSNORTE\\backup_svc","EventID":1,"Image":"C:\\Windows\\explorer.exe","ProcessGuid":"{F4A2BD26-A486-2026-C90F-C2A6816E2D83}","ProcessId":742,"CommandLine":"C:\\Windows\\explorer.exe","ParentImage":"C:\\Windows\\System32\\services.exe","ParentProcessGuid":"{73D39E58-B568-2026-3744-03502FCC597F}","OriginalFileName":"C:\\Windows\\explorer.exe","SHA256":"4725554cf97f73b0b8ea132c5c97fbdfece43ca7fec90f60932a71751ccd984a"}
{"UtcTime":"2026-08-12 09:43:13.000","Computer":"TN-FIN-WS042","User":"TRANSNORTE\\backup_svc","EventID":1,"Image":"C:\\Program Files\\Microsoft Office\\Office16\\OUTLOOK.EXE","ProcessGuid":"{06CE3097-B226-2026-70BE-A531080897D0}","ProcessId":7003,"CommandLine":"C:\\Program Files\\Microsoft Office\\Office16\\OUTLOOK.EXE","ParentImage":"C:\\Windows\\System32\\services.exe","ParentProcessGuid":"{37E1F1F3-A4FC-2026-4D82-80126C1C0F66}","OriginalFileName":"C:\\Program Files\\Microsoft Office\\Office16\\OUTLOOK.EXE","SHA256":"9c575f7c451bac33dea86ae31db12943a0b1e3667faff65b7c2e6d09e80c4de0"}
{"UtcTime":"2026-08-12 09:43:14.000","Computer":"TN-FIN-WS042","User":"TRANSNORTE\\backup_svc","EventID":1,"Image":"C:\\Windows\\System32\\svchost.exe","ProcessGuid":"{B4ADF3BD-8F1A-2026-AA1E-3F8E7A205804}","ProcessId":2875,"CommandLine":"C:\\Windows\\System32\\svchost.exe","ParentImage":"C:\\Windows\\System32\\services.exe","ParentProcessGuid":"{0A9977B9-02C9-2026-E069-7F9F2288E77E}","OriginalFileName":"C:\\Windows\\System32\\svchost.exe","SHA256":"78b0f9976a2e9e9f6d92b9a008153eb9823e1cb1866ccf4f778bb2e80ff62686"}
{"UtcTime":"2026-08-12 09:43:15.000","Computer":"TN-FIN-WS042","User":"TRANSNORTE\\backup_svc","EventID":1,"Image":"C:\\Windows\\System32\\conhost.exe","ProcessGuid":"{07CF87E1-DE14-2026-D9EC-AC6C58B1C628}","ProcessId":5282,"CommandLine":"C:\\Windows\\System32\\conhost.exe","ParentImage":"C:\\Windows\\System32\\services.exe","ParentProcessGuid":"{A2B43675-CD19-2026-CA86-2F663959E127}","OriginalFileName":"C:\\Windows\\System32\\conhost.exe","SHA256":"41c6cf21bd475b453b1c5cd66b22ccb62e1a1cd9745ecae3a97b29662601e734"}
{"UtcTime":"2026-08-12 09:43:16.000","Computer":"TN-FIN-WS042","User":"TRANSNORTE\\backup_svc","EventID":5,"Image":"C:\\Program Files\\Google\\Chrome\\Application\\chrome.exe","ProcessGuid":"{ABF17655-BD08-2026-FE35-8398B2023717}","ProcessId":8855,"EventType":"End"}
{"UtcTime":"2026-08-12 09:43:17.000","Computer":"TN-FIN-WS042","User":"TRANSNORTE\\backup_svc","EventID":3,"Image":"C:\\Program Files\\Microsoft Office\\Office16\\OUTLOOK.EXE","ProcessGuid":"{15255AD8-5AB9-2026-0786-255ABAE55193}","ProcessId":4014,"DestinationIp":"8.8.8.8","DestinationPort":53,"SourceIp":"10.50.10.42","Protocol":"tcp"}
{"UtcTime":"2026-08-12 09:43:18.000","Computer":"TN-FIN-WS042","User":"TRANSNORTE\\ops.cardoso","EventID":1,"Image":"C:\\Windows\\System32\\RuntimeBroker.exe","ProcessGuid":"{AC523AC0-5EED-2026-E127-B0CC22CC2A24}","ProcessId":6911,"CommandLine":"C:\\Windows\\System32\\RuntimeBroker.exe","ParentImage":"C:\\Windows\\System32\\services.exe","ParentProcessGuid":"{08C16C7E-2FFD-2026-3E37-CECA31358A34}","OriginalFileName":"C:\\Windows\\System32\\RuntimeBroker.exe","SHA256":"561df4e9d90d8c2b1595323e68ff7459903b05ffb17b9f9737e8defb13f19695"}
{"UtcTime":"2026-08-12 09:43:19.000","Computer":"TN-FIN-WS042","User":"TRANSNORTE\\ops.cardoso","EventID":11,"Image":"C:\\Windows\\System32\\RuntimeBroker.exe","ProcessGuid":"{13D51F71-023E-2026-AD50-6451D565CC46}","ProcessId":6179,"TargetFilename":"C:\\Users\\ops.cardoso\\AppData\\Local\\Temp\\office-199.tmp"}
{"UtcTime":"2026-08-12 09:43:20.000","Computer":"TN-FIN-WS042","User":"TRANSNORTE\\backup_svc","EventID":11,"Image":"C:\\Windows\\System32\\RuntimeBroker.exe","ProcessGuid":"{D890D17C-0EFF-2026-970C-75DF5BD3A7D9}","ProcessId":6187,"TargetFilename":"C:\\Users\\ops.cardoso\\AppData\\Local\\Temp\\office-200.tmp"}
{"UtcTime":"2026-08-12 09:43:21.000","Computer":"TN-FIN-WS042","User":"TRANSNORTE\\backup_svc","EventID":1,"Image":"C:\\Program Files\\Microsoft Office\\Office16\\OUTLOOK.EXE","ProcessGuid":"{212255F7-3915-2026-D78A-0CDA2EFA71AB}","ProcessId":1703,"CommandLine":"C:\\Program Files\\Microsoft Office\\Office16\\OUTLOOK.EXE","ParentImage":"C:\\Windows\\System32\\services.exe","ParentProcessGuid":"{4F8A8596-5D14-2026-166E-0E605AAF7CE4}","OriginalFileName":"C:\\Program Files\\Microsoft Office\\Office16\\OUTLOOK.EXE","SHA256":"64bf6f16ada2d622761fe952442eb3e6d4ee3d42c4f1ed1bc075a4a597772b6b"}
{"UtcTime":"2026-08-12 09:43:22.000","Computer":"TN-FIN-WS042","User":"TRANSNORTE\\backup_svc","EventID":1,"Image":"C:\\Windows\\explorer.exe","ProcessGuid":"{042396F9-8401-2026-7835-0B6CD34D6D58}","ProcessId":3168,"CommandLine":"C:\\Windows\\explorer.exe","ParentImage":"C:\\Windows\\System32\\services.exe","ParentProcessGuid":"{D912FDFE-A4E0-2026-0FCE-35C9D299B389}","OriginalFileName":"C:\\Windows\\explorer.exe","SHA256":"47744c0ee73f5d1a4ada109b6f2da433689d6929b9193a247618acc21b78c67e"}
{"UtcTime":"2026-08-12 09:43:23.000","Computer":"TN-FIN-WS042","User":"TRANSNORTE\\backup_svc","EventID":11,"Image":"C:\\Program Files\\Google\\Chrome\\Application\\chrome.exe","ProcessGuid":"{BAD78D84-23E3-2026-326E-FE6C60125299}","ProcessId":5976,"TargetFilename":"C:\\Users\\ops.cardoso\\AppData\\Local\\Temp\\office-203.tmp"}
{"UtcTime":"2026-08-12 09:43:24.000","Computer":"TN-FIN-WS042","User":"TRANSNORTE\\ops.cardoso","EventID":11,"Image":"C:\\Program Files\\Microsoft Office\\Office16\\OUTLOOK.EXE","ProcessGuid":"{7F88AF9D-6F50-2026-021E-3A1A96427162}","ProcessId":3674,"TargetFilename":"C:\\Users\\ops.cardoso\\AppData\\Local\\Temp\\office-204.tmp"}
{"UtcTime":"2026-08-12 09:43:25.000","Computer":"TN-FIN-WS042","User":"TRANSNORTE\\backup_svc","EventID":5,"Image":"C:\\Windows\\System32\\conhost.exe","ProcessGuid":"{1BE3BD3E-4572-2026-B417-27187910C6E3}","ProcessId":2624,"EventType":"End"}
{"UtcTime":"2026-08-12 09:43:26.000","Computer":"TN-FIN-WS042","User":"TRANSNORTE\\ops.cardoso","EventID":1,"Image":"C:\\Windows\\System32\\svchost.exe","ProcessGuid":"{C5520965-A4C8-2026-9EA6-9761DA3EB80D}","ProcessId":4120,"CommandLine":"C:\\Windows\\System32\\svchost.exe","ParentImage":"C:\\Windows\\System32\\services.exe","ParentProcessGuid":"{FB29D0C4-2BB2-2026-8529-E9127FF1A394}","OriginalFileName":"C:\\Windows\\System32\\svchost.exe","SHA256":"14ff741e0d6bc212ffdddae39bf199bf01e18d865468c2b3a804e0a98595666f"}
{"UtcTime":"2026-08-12 09:43:27.000","Computer":"TN-FIN-WS042","User":"TRANSNORTE\\backup_svc","EventID":1,"Image":"C:\\Program Files\\Microsoft Office\\Office16\\OUTLOOK.EXE","ProcessGuid":"{33903EE9-09DB-2026-30A6-AEE6043D6CCC}","ProcessId":6108,"CommandLine":"C:\\Program Files\\Microsoft Office\\Office16\\OUTLOOK.EXE","ParentImage":"C:\\Windows\\System32\\services.exe","ParentProcessGuid":"{31711FF0-C7EC-2026-A940-A189D453F03B}","OriginalFileName":"C:\\Program Files\\Microsoft Office\\Office16\\OUTLOOK.EXE","SHA256":"6a47f2bd9578dab21276c8c3bb635ce828a39e71d96a5af202889e95a1255e95"}
{"UtcTime":"2026-08-12 09:43:28.000","Computer":"TN-FIN-WS042","User":"TRANSNORTE\\ops.cardoso","EventID":1,"Image":"C:\\Program Files\\Google\\Chrome\\Application\\chrome.exe","ProcessGuid":"{9F54A5A1-52AA-2026-F41C-3B678494F968}","ProcessId":7020,"CommandLine":"C:\\Program Files\\Google\\Chrome\\Application\\chrome.exe","ParentImage":"C:\\Windows\\System32\\services.exe","ParentProcessGuid":"{078F304D-52E5-2026-040F-6255A6FA21B6}","OriginalFileName":"C:\\Program Files\\Google\\Chrome\\Application\\chrome.exe","SHA256":"e2f45a406c642a1e3d0106931d3805c315b59095ee5ce06f9091716f3111fff9"}
{"UtcTime":"2026-08-12 09:43:29.000","Computer":"TN-FIN-WS042","User":"TRANSNORTE\\ops.cardoso","EventID":11,"Image":"C:\\Windows\\explorer.exe","ProcessGuid":"{A4F201C8-6C5E-2026-97C3-C73D0A674DB8}","ProcessId":6163,"TargetFilename":"C:\\Users\\ops.cardoso\\AppData\\Local\\Temp\\office-209.tmp"}
{"UtcTime":"2026-08-12 09:43:30.000","Computer":"TN-FIN-WS042","User":"TRANSNORTE\\backup_svc","EventID":3,"Image":"C:\\Windows\\System32\\RuntimeBroker.exe","ProcessGuid":"{095F9573-B211-2026-1335-58E506F0C259}","ProcessId":1369,"DestinationIp":"10.50.10.10","DestinationPort":443,"SourceIp":"10.50.10.42","Protocol":"tcp"}
{"UtcTime":"2026-08-12 09:43:31.000","Computer":"TN-FIN-WS042","User":"TRANSNORTE\\ops.cardoso","EventID":5,"Image":"C:\\Windows\\System32\\svchost.exe","ProcessGuid":"{5884A896-7ACD-2026-67B6-9736F676411F}","ProcessId":8009,"EventType":"End"}
{"UtcTime":"2026-08-12 09:43:32.000","Computer":"TN-FIN-WS042","User":"TRANSNORTE\\ops.cardoso","EventID":1,"Image":"C:\\Windows\\explorer.exe","ProcessGuid":"{9030D529-6964-2026-D5CD-240C9FF42724}","ProcessId":2626,"CommandLine":"C:\\Windows\\explorer.exe","ParentImage":"C:\\Windows\\System32\\services.exe","ParentProcessGuid":"{1B35F570-997E-2026-60E3-2339D7293E03}","OriginalFileName":"C:\\Windows\\explorer.exe","SHA256":"74fdfbfab8d2027339af155ee86161b26d1972bdf3674c8b135cca72bf96b5f3"}
{"UtcTime":"2026-08-12 09:43:33.000","Computer":"TN-FIN-WS042","User":"TRANSNORTE\\backup_svc","EventID":1,"Image":"C:\\Program Files\\Microsoft Office\\Office16\\OUTLOOK.EXE","ProcessGuid":"{3FC3514B-08C5-2026-92CF-3CAD9E412900}","ProcessId":7938,"CommandLine":"C:\\Program Files\\Microsoft Office\\Office16\\OUTLOOK.EXE","ParentImage":"C:\\Windows\\System32\\services.exe","ParentProcessGuid":"{4794FDA8-1A9B-2026-A7C4-219B71475A08}","OriginalFileName":"C:\\Program Files\\Microsoft Office\\Office16\\OUTLOOK.EXE","SHA256":"e49079553d8e17ceb50a06c08131e9ae568e37ab1d1dc3b87d6727167ab0d83d"}
{"UtcTime":"2026-08-12 09:43:34.000","Computer":"TN-FIN-WS042","User":"TRANSNORTE\\backup_svc","EventID":13,"Image":"C:\\Program Files\\Microsoft Office\\Office16\\OUTLOOK.EXE","ProcessGuid":"{DB0B2CB1-E6D6-2026-FD56-D2CC414B171B}","ProcessId":3624,"EventType":"SetValue","TargetObject":"HKCU\\Software\\Microsoft\\Office\\16.0\\Outlook\\Resiliency\\214","Details":"1"}
{"UtcTime":"2026-08-12 09:43:35.000","Computer":"TN-FIN-WS042","User":"TRANSNORTE\\ops.cardoso","EventID":3,"Image":"C:\\Windows\\explorer.exe","ProcessGuid":"{D02D9FDD-FD2A-2026-B8F1-7FFFAB5DE4C0}","ProcessId":1362,"DestinationIp":"10.50.10.88","DestinationPort":8080,"SourceIp":"10.50.10.42","Protocol":"tcp"}
{"UtcTime":"2026-08-12 09:43:36.000","Computer":"TN-FIN-WS042","User":"TRANSNORTE\\ops.cardoso","EventID":5,"Image":"C:\\Windows\\explorer.exe","ProcessGuid":"{E6EDB923-7EDB-2026-D5C6-E9DF9B38E2FA}","ProcessId":6120,"EventType":"End"}
{"UtcTime":"2026-08-12 09:43:37.000","Computer":"TN-FIN-WS042","User":"TRANSNORTE\\ops.cardoso","EventID":11,"Image":"C:\\Windows\\explorer.exe","ProcessGuid":"{357262EB-6F30-2026-A955-E5584E546EA8}","ProcessId":5393,"TargetFilename":"C:\\Users\\ops.cardoso\\AppData\\Local\\Temp\\office-217.tmp"}
{"UtcTime":"2026-08-12 09:43:38.000","Computer":"TN-FIN-WS042","User":"TRANSNORTE\\backup_svc","EventID":5,"Image":"C:\\Program Files\\Microsoft Office\\Office16\\OUTLOOK.EXE","ProcessGuid":"{B730AEDF-A8ED-2026-840E-368782F2C006}","ProcessId":8945,"EventType":"End"}
{"UtcTime":"2026-08-12 09:43:39.000","Computer":"TN-FIN-WS042","User":"TRANSNORTE\\backup_svc","EventID":5,"Image":"C:\\Windows\\System32\\conhost.exe","ProcessGuid":"{2239FE04-FD00-2026-1EB4-AE7334AF55E1}","ProcessId":3055,"EventType":"End"}
{"UtcTime":"2026-08-12 09:43:40.000","Computer":"TN-FIN-WS042","User":"TRANSNORTE\\ops.cardoso","EventID":13,"Image":"C:\\Windows\\explorer.exe","ProcessGuid":"{61A06026-0843-2026-8742-A6EE4FB11387}","ProcessId":3515,"EventType":"SetValue","TargetObject":"HKCU\\Software\\Microsoft\\Office\\16.0\\Outlook\\Resiliency\\220","Details":"1"}
{"UtcTime":"2026-08-12 09:43:41.000","Computer":"TN-FIN-WS042","User":"TRANSNORTE\\backup_svc","EventID":3,"Image":"C:\\Program Files\\Google\\Chrome\\Application\\chrome.exe","ProcessGuid":"{4560968C-24D6-2026-B013-C0FD2142E6FC}","ProcessId":7213,"DestinationIp":"10.50.10.88","DestinationPort":53,"SourceIp":"10.50.10.42","Protocol":"tcp"}
{"UtcTime":"2026-08-12 09:43:42.000","Computer":"TN-FIN-WS042","User":"TRANSNORTE\\backup_svc","EventID":1,"Image":"C:\\Windows\\System32\\RuntimeBroker.exe","ProcessGuid":"{9CD85155-DB8C-2026-18B4-A4CD18AD36E1}","ProcessId":6596,"CommandLine":"C:\\Windows\\System32\\RuntimeBroker.exe","ParentImage":"C:\\Windows\\System32\\services.exe","ParentProcessGuid":"{7B83C924-BA8C-2026-37A2-B022715C86CA}","OriginalFileName":"C:\\Windows\\System32\\RuntimeBroker.exe","SHA256":"a34cc8a5e1083d1396817faba289bfb730f85b1d5ce175a20266d9508cdda0ed"}
{"UtcTime":"2026-08-12 09:43:43.000","Computer":"TN-FIN-WS042","User":"TRANSNORTE\\ops.cardoso","EventID":5,"Image":"C:\\Windows\\explorer.exe","ProcessGuid":"{D4624237-8599-2026-C378-FBA1DE65B14F}","ProcessId":907,"EventType":"End"}
{"UtcTime":"2026-08-12 09:43:44.000","Computer":"TN-FIN-WS042","User":"TRANSNORTE\\ops.cardoso","EventID":1,"Image":"C:\\Windows\\System32\\svchost.exe","ProcessGuid":"{913E7129-BF74-2026-352C-EBFAC6958A04}","ProcessId":4817,"CommandLine":"C:\\Windows\\System32\\svchost.exe","ParentImage":"C:\\Windows\\System32\\services.exe","ParentProcessGuid":"{C9A90DBA-D139-2026-98C1-73E1F14A0F93}","OriginalFileName":"C:\\Windows\\System32\\svchost.exe","SHA256":"8b40f05215532a52332843bfeb928fd6fdd4cba067b2ecd30b7798c4d8f4c227"}
{"UtcTime":"2026-08-12 09:43:45.000","Computer":"TN-FIN-WS042","User":"TRANSNORTE\\backup_svc","EventID":5,"Image":"C:\\Windows\\System32\\svchost.exe","ProcessGuid":"{8B51C1B2-A4A1-2026-5DAF-2D21EE5D1DFB}","ProcessId":6782,"EventType":"End"}
{"UtcTime":"2026-08-12 09:43:46.000","Computer":"TN-FIN-WS042","User":"TRANSNORTE\\backup_svc","EventID":1,"Image":"C:\\Windows\\System32\\RuntimeBroker.exe","ProcessGuid":"{F813699F-C71D-2026-A45F-B2CF04C403DF}","ProcessId":983,"CommandLine":"C:\\Windows\\System32\\RuntimeBroker.exe","ParentImage":"C:\\Windows\\System32\\services.exe","ParentProcessGuid":"{12CA5CB3-30B7-2026-1171-6835FBBD3548}","OriginalFileName":"C:\\Windows\\System32\\RuntimeBroker.exe","SHA256":"96c47813db256d75a589d5ecfe837d856ddb39001f65e2ba48667055b3f8bdb4"}
{"UtcTime":"2026-08-12 09:43:47.000","Computer":"TN-FIN-WS042","User":"TRANSNORTE\\backup_svc","EventID":1,"Image":"C:\\Windows\\System32\\conhost.exe","ProcessGuid":"{22D77FEF-47C4-2026-9253-F46931B56B8C}","ProcessId":3682,"CommandLine":"C:\\Windows\\System32\\conhost.exe","ParentImage":"C:\\Windows\\System32\\services.exe","ParentProcessGuid":"{82388BB2-F85D-2026-DFA3-3F6EFACFE94D}","OriginalFileName":"C:\\Windows\\System32\\conhost.exe","SHA256":"c66f5aa78a7470edb734cdbe15b9f99397394ad1eda7bc87c81a5842400684a3"}
{"UtcTime":"2026-08-12 09:43:48.000","Computer":"TN-FIN-WS042","User":"TRANSNORTE\\ops.cardoso","EventID":1,"Image":"C:\\Program Files\\Microsoft Office\\Office16\\OUTLOOK.EXE","ProcessGuid":"{2640C157-3799-2026-927B-B1F88CEA4566}","ProcessId":804,"CommandLine":"C:\\Program Files\\Microsoft Office\\Office16\\OUTLOOK.EXE","ParentImage":"C:\\Windows\\System32\\services.exe","ParentProcessGuid":"{0ECF9E55-1EDA-2026-1CB0-DDFAC2B937AE}","OriginalFileName":"C:\\Program Files\\Microsoft Office\\Office16\\OUTLOOK.EXE","SHA256":"93c8bb298550e86f5cb338b88c9155d5b46d189f19d2b999bd4c7215892dc7fe"}
{"UtcTime":"2026-08-12 09:43:49.000","Computer":"TN-FIN-WS042","User":"TRANSNORTE\\ops.cardoso","EventID":11,"Image":"C:\\Program Files\\Microsoft Office\\Office16\\OUTLOOK.EXE","ProcessGuid":"{B3851B3B-5B07-2026-2640-9AB85ACBC142}","ProcessId":5475,"TargetFilename":"C:\\Users\\ops.cardoso\\AppData\\Local\\Temp\\office-229.tmp"}
{"UtcTime":"2026-08-12 09:43:50.000","Computer":"TN-FIN-WS042","User":"TRANSNORTE\\backup_svc","EventID":1,"Image":"C:\\Windows\\explorer.exe","ProcessGuid":"{AA1919A5-62DD-2026-6416-F471F6A5AEBB}","ProcessId":8141,"CommandLine":"C:\\Windows\\explorer.exe","ParentImage":"C:\\Windows\\System32\\services.exe","ParentProcessGuid":"{B4EF06FF-0165-2026-0812-445FEC297096}","OriginalFileName":"C:\\Windows\\explorer.exe","SHA256":"061990158be430c682e296e35a99b8194aa74755bc3855050a1b959942fb4ec0"}
{"UtcTime":"2026-08-12 09:43:51.000","Computer":"TN-FIN-WS042","User":"TRANSNORTE\\backup_svc","EventID":3,"Image":"C:\\Program Files\\Microsoft Office\\Office16\\OUTLOOK.EXE","ProcessGuid":"{7FE9A028-92D7-2026-18DC-068464F767DD}","ProcessId":5398,"DestinationIp":"10.50.10.10","DestinationPort":53,"SourceIp":"10.50.10.42","Protocol":"tcp"}
{"UtcTime":"2026-08-12 09:43:52.000","Computer":"TN-FIN-WS042","User":"TRANSNORTE\\backup_svc","EventID":13,"Image":"C:\\Windows\\System32\\conhost.exe","ProcessGuid":"{C24D4B35-8631-2026-6D30-1A6B04B975C9}","ProcessId":7874,"EventType":"SetValue","TargetObject":"HKCU\\Software\\Microsoft\\Office\\16.0\\Outlook\\Resiliency\\232","Details":"1"}
{"UtcTime":"2026-08-12 09:43:53.000","Computer":"TN-FIN-WS042","User":"TRANSNORTE\\backup_svc","EventID":5,"Image":"C:\\Windows\\System32\\RuntimeBroker.exe","ProcessGuid":"{A0A5CDD3-B374-2026-E861-E23FE0E8C348}","ProcessId":1960,"EventType":"End"}
{"UtcTime":"2026-08-12 09:43:54.000","Computer":"TN-FIN-WS042","User":"TRANSNORTE\\ops.cardoso","EventID":1,"Image":"C:\\Windows\\explorer.exe","ProcessGuid":"{3C6C41B9-BEDA-2026-0F81-588531CE5EAB}","ProcessId":6540,"CommandLine":"C:\\Windows\\explorer.exe","ParentImage":"C:\\Windows\\System32\\services.exe","ParentProcessGuid":"{09AFB1DE-64F4-2026-3E7E-2D6CCA9142AB}","OriginalFileName":"C:\\Windows\\explorer.exe","SHA256":"5d303f8461c37b5cbfc08b5c926ecf6d27067189c042623c51d56e3cde040134"}
{"UtcTime":"2026-08-12 09:43:55.000","Computer":"TN-FIN-WS042","User":"TRANSNORTE\\ops.cardoso","EventID":5,"Image":"C:\\Windows\\System32\\conhost.exe","ProcessGuid":"{E7266BC7-D4CA-2026-28ED-BF8FB39D7C35}","ProcessId":4023,"EventType":"End"}
{"UtcTime":"2026-08-12 09:43:56.000","Computer":"TN-FIN-WS042","User":"TRANSNORTE\\ops.cardoso","EventID":11,"Image":"C:\\Program Files\\Microsoft Office\\Office16\\OUTLOOK.EXE","ProcessGuid":"{78938C1A-4FFD-2026-D414-5D3CD676CA14}","ProcessId":3096,"TargetFilename":"C:\\Users\\ops.cardoso\\AppData\\Local\\Temp\\office-236.tmp"}
{"UtcTime":"2026-08-12 09:43:57.000","Computer":"TN-FIN-WS042","User":"TRANSNORTE\\backup_svc","EventID":11,"Image":"C:\\Windows\\System32\\svchost.exe","ProcessGuid":"{99399F4C-C451-2026-C921-BAB8348A333E}","ProcessId":8473,"TargetFilename":"C:\\Users\\ops.cardoso\\AppData\\Local\\Temp\\office-237.tmp"}
{"UtcTime":"2026-08-12 09:43:58.000","Computer":"TN-FIN-WS042","User":"TRANSNORTE\\ops.cardoso","EventID":5,"Image":"C:\\Windows\\System32\\svchost.exe","ProcessGuid":"{E7D2627A-9D64-2026-C9A5-F2C441E3C2EA}","ProcessId":8518,"EventType":"End"}
{"UtcTime":"2026-08-12 09:43:59.000","Computer":"TN-FIN-WS042","User":"TRANSNORTE\\ops.cardoso","EventID":13,"Image":"C:\\Windows\\System32\\RuntimeBroker.exe","ProcessGuid":"{16BE067F-3073-2026-4DA6-F5CFE82E0A9F}","ProcessId":460,"EventType":"SetValue","TargetObject":"HKCU\\Software\\Microsoft\\Office\\16.0\\Outlook\\Resiliency\\239","Details":"1"}
{"UtcTime":"2026-08-12 09:44:00.000","Computer":"TN-FIN-WS042","User":"TRANSNORTE\\ops.cardoso","EventID":13,"Image":"C:\\Program Files\\Google\\Chrome\\Application\\chrome.exe","ProcessGuid":"{6CB4383E-CC1A-2026-4518-0DCC752C5AED}","ProcessId":8748,"EventType":"SetValue","TargetObject":"HKCU\\Software\\Microsoft\\Office\\16.0\\Outlook\\Resiliency\\240","Details":"1"}
{"UtcTime":"2026-08-12 09:44:01.000","Computer":"TN-FIN-WS042","User":"TRANSNORTE\\ops.cardoso","EventID":1,"Image":"C:\\Windows\\System32\\conhost.exe","ProcessGuid":"{393F484C-0F17-2026-CDF0-F2706CA034D4}","ProcessId":7300,"CommandLine":"C:\\Windows\\System32\\conhost.exe","ParentImage":"C:\\Windows\\System32\\services.exe","ParentProcessGuid":"{DCCEC37D-3F79-2026-87ED-A4F1F949CA34}","OriginalFileName":"C:\\Windows\\System32\\conhost.exe","SHA256":"7e027da9b373d677b033527d56a759a59dcefd49f29777515e486354135fff2c"}
{"UtcTime":"2026-08-12 09:44:02.000","Computer":"TN-FIN-WS042","User":"TRANSNORTE\\ops.cardoso","EventID":1,"Image":"C:\\Windows\\System32\\RuntimeBroker.exe","ProcessGuid":"{329B053E-B9FD-2026-FBA6-4B7BF2962B11}","ProcessId":4646,"CommandLine":"C:\\Windows\\System32\\RuntimeBroker.exe","ParentImage":"C:\\Windows\\System32\\services.exe","ParentProcessGuid":"{8E16A4CB-5E45-2026-BA8A-A75BB46EE528}","OriginalFileName":"C:\\Windows\\System32\\RuntimeBroker.exe","SHA256":"11e2c49d4e913bd77e10b9a523dc1e069b524ac095eb20b9ac55e2bb3b3befbd"}
