{"UtcTime":"2026-08-12 15:18:22.000","Computer":"CLM-MESA-014","User":"CLM\\mesa","EventID":13,"Image":"C:\\Windows\\System32\\svchost.exe","ProcessGuid":"{9B695C1D-DE6F-2026-5AB2-47EF619B7C9F}","ProcessId":6813,"EventType":"SetValue","TargetObject":"HKCU\\Software\\CLM\\Mesa\\Pref\\4102","Details":"1"}
{"UtcTime":"2026-08-12 15:18:23.000","Computer":"CLM-MESA-014","User":"CLM\\backoffice","EventID":1,"Image":"C:\\Program Files\\Google\\Chrome\\Application\\chrome.exe","ProcessGuid":"{1417E40B-F5D6-2026-E800-9A1A81BD4B6A}","ProcessId":7401,"CommandLine":"C:\\Program Files\\Google\\Chrome\\Application\\chrome.exe","ParentImage":"C:\\Windows\\System32\\services.exe","ParentProcessGuid":"{3B8EBF23-4106-2026-4FE2-D49BF9EFCC66}","OriginalFileName":"C:\\Program Files\\Google\\Chrome\\Application\\chrome.exe"}
{"UtcTime":"2026-08-12 15:18:24.000","Computer":"CLM-MESA-014","User":"CLM\\mesa","EventID":3,"Image":"C:\\Program Files\\Microsoft Office\\Office16\\EXCEL.EXE","ProcessGuid":"{8119672A-6CBE-2026-788E-B090D38FC7A1}","ProcessId":1809,"DestinationIp":"10.70.30.1","DestinationPort":443,"DestinationHostname":"ntp.clm.liquidacao","SourceIp":"10.70.30.14","Protocol":"tcp"}
{"UtcTime":"2026-08-12 15:18:25.000","Computer":"CLM-MESA-014","User":"CLM\\backoffice","EventID":1,"Image":"C:\\Windows\\System32\\conhost.exe","ProcessGuid":"{35D6590B-8915-2026-1DB7-5D56571DBFB7}","ProcessId":7319,"CommandLine":"C:\\Windows\\System32\\conhost.exe","ParentImage":"C:\\Windows\\System32\\services.exe","ParentProcessGuid":"{6BC9AB25-68F8-2026-CD8A-E67E033D3520}","OriginalFileName":"C:\\Windows\\System32\\conhost.exe"}
{"UtcTime":"2026-08-12 15:18:26.000","Computer":"CLM-MESA-014","User":"CLM\\backoffice","EventID":5,"Image":"C:\\Program Files\\Google\\Chrome\\Application\\chrome.exe","ProcessGuid":"{6988E192-ECC8-2026-7D18-A0DF1CB3F2C2}","ProcessId":4048,"EventType":"End"}
{"UtcTime":"2026-08-12 15:18:27.000","Computer":"CLM-MESA-014","User":"CLM\\backoffice","EventID":5,"Image":"C:\\Windows\\System32\\conhost.exe","ProcessGuid":"{63318A96-F5C3-2026-2DC5-5B9C32A3CDE7}","ProcessId":5679,"EventType":"End"}
{"UtcTime":"2026-08-12 15:18:28.000","Computer":"CLM-MESA-014","User":"CLM\\mesa","EventID":1,"Image":"C:\\Windows\\System32\\svchost.exe","ProcessGuid":"{474F3713-013D-2026-15D0-2838C9FA187E}","ProcessId":4061,"CommandLine":"C:\\Windows\\System32\\svchost.exe","ParentImage":"C:\\Windows\\System32\\services.exe","ParentProcessGuid":"{A8CB33C6-8D43-2026-8CE5-6B1E7B83862D}","OriginalFileName":"C:\\Windows\\System32\\svchost.exe"}
{"UtcTime":"2026-08-12 15:18:29.000","Computer":"CLM-MESA-014","User":"CLM\\ops","EventID":13,"Image":"C:\\Windows\\System32\\RuntimeBroker.exe","ProcessGuid":"{BC064C81-95A8-2026-B41B-3D4D6D986707}","ProcessId":2325,"EventType":"SetValue","TargetObject":"HKCU\\Software\\CLM\\Mesa\\Pref\\4109","Details":"1"}
{"UtcTime":"2026-08-12 15:18:30.000","Computer":"CLM-MESA-014","User":"CLM\\mesa","EventID":1,"Image":"C:\\Program Files\\Microsoft Office\\Office16\\EXCEL.EXE","ProcessGuid":"{BF66E5F8-547A-2026-CE58-1FCCE94F4E82}","ProcessId":7324,"CommandLine":"C:\\Program Files\\Microsoft Office\\Office16\\EXCEL.EXE","ParentImage":"C:\\Windows\\System32\\services.exe","ParentProcessGuid":"{5A5A9551-70C9-2026-CF05-54C949620F85}","OriginalFileName":"C:\\Program Files\\Microsoft Office\\Office16\\EXCEL.EXE"}
{"UtcTime":"2026-08-12 15:18:31.000","Computer":"CLM-MESA-014","User":"CLM\\ops","EventID":1,"Image":"C:\\Program Files\\Microsoft Office\\Office16\\EXCEL.EXE","ProcessGuid":"{BBB89A2C-0CCD-2026-A65A-5972BD1280D3}","ProcessId":844,"CommandLine":"C:\\Program Files\\Microsoft Office\\Office16\\EXCEL.EXE","ParentImage":"C:\\Windows\\System32\\services.exe","ParentProcessGuid":"{02D1DCFB-B1F3-2026-CED2-DD2D43FDC1B8}","OriginalFileName":"C:\\Program Files\\Microsoft Office\\Office16\\EXCEL.EXE"}
{"UtcTime":"2026-08-12 15:18:32.000","Computer":"CLM-MESA-014","User":"CLM\\ops","EventID":13,"Image":"C:\\Program Files\\Google\\Chrome\\Application\\chrome.exe","ProcessGuid":"{A9217E5E-AD12-2026-3C5B-90D4360EB4DC}","ProcessId":3702,"EventType":"SetValue","TargetObject":"HKCU\\Software\\CLM\\Mesa\\Pref\\4112","Details":"1"}
{"UtcTime":"2026-08-12 15:18:33.000","Computer":"CLM-MESA-014","User":"CLM\\mesa","EventID":11,"Image":"C:\\Windows\\explorer.exe","ProcessGuid":"{0039FFB1-2D7F-2026-7FE8-F9B2EFEBEDE0}","ProcessId":666,"TargetFilename":"C:\\Users\\Public\\Temp\\mesa-4113.tmp"}
{"UtcTime":"2026-08-12 15:18:34.000","Computer":"CLM-MESA-014","User":"CLM\\mesa","EventID":1,"Image":"C:\\Windows\\System32\\svchost.exe","ProcessGuid":"{B6CAD5B4-7395-2026-1C23-63A7CFA9E867}","ProcessId":5949,"CommandLine":"C:\\Windows\\System32\\svchost.exe","ParentImage":"C:\\Windows\\System32\\services.exe","ParentProcessGuid":"{143529B7-4567-2026-A2F3-6BCFD954A057}","OriginalFileName":"C:\\Windows\\System32\\svchost.exe"}
{"UtcTime":"2026-08-12 15:18:35.000","Computer":"CLM-MESA-014","User":"CLM\\backoffice","EventID":11,"Image":"C:\\Windows\\System32\\RuntimeBroker.exe","ProcessGuid":"{3FB2B671-1B70-2026-4222-0780CB5BBE39}","ProcessId":2928,"TargetFilename":"C:\\Users\\Public\\Temp\\mesa-4115.tmp"}
{"UtcTime":"2026-08-12 15:18:36.000","Computer":"CLM-MESA-014","User":"CLM\\backoffice","EventID":3,"Image":"C:\\Windows\\System32\\svchost.exe","ProcessGuid":"{09902E78-885C-2026-0358-23681A36963F}","ProcessId":1702,"DestinationIp":"8.8.8.8","DestinationPort":53,"DestinationHostname":"portal.clm.liquidacao","SourceIp":"10.70.30.14","Protocol":"tcp"}
{"UtcTime":"2026-08-12 15:18:37.000","Computer":"CLM-MESA-014","User":"CLM\\ops","EventID":11,"Image":"C:\\Windows\\System32\\RuntimeBroker.exe","ProcessGuid":"{7180746B-478E-2026-C198-919D6A7374A0}","ProcessId":2631,"TargetFilename":"C:\\Users\\Public\\Temp\\mesa-4117.tmp"}
{"UtcTime":"2026-08-12 15:18:38.000","Computer":"CLM-MESA-014","User":"CLM\\mesa","EventID":1,"Image":"C:\\Windows\\System32\\RuntimeBroker.exe","ProcessGuid":"{46ADC50A-807A-2026-520F-EE8D13521B4A}","ProcessId":3004,"CommandLine":"C:\\Windows\\System32\\RuntimeBroker.exe","ParentImage":"C:\\Windows\\System32\\services.exe","ParentProcessGuid":"{F8A3758E-65ED-2026-D166-5ACD2529998F}","OriginalFileName":"C:\\Windows\\System32\\RuntimeBroker.exe"}
{"UtcTime":"2026-08-12 15:18:39.000","Computer":"CLM-MESA-014","User":"CLM\\ops","EventID":13,"Image":"C:\\Windows\\explorer.exe","ProcessGuid":"{25021254-395D-2026-DCF1-F6B2A9F4D06B}","ProcessId":4949,"EventType":"SetValue","TargetObject":"HKCU\\Software\\CLM\\Mesa\\Pref\\4119","Details":"1"}
{"UtcTime":"2026-08-12 15:18:40.000","Computer":"CLM-MESA-014","User":"CLM\\ops","EventID":5,"Image":"C:\\Program Files\\Microsoft Office\\Office16\\EXCEL.EXE","ProcessGuid":"{777BF26C-E05E-2026-FC6D-739C41359544}","ProcessId":4652,"EventType":"End"}
{"UtcTime":"2026-08-12 15:18:41.000","Computer":"CLM-MESA-014","User":"CLM\\backoffice","EventID":1,"Image":"C:\\Program Files\\Microsoft Office\\Office16\\EXCEL.EXE","ProcessGuid":"{3A94B12B-6788-2026-794A-BAF27BA253DA}","ProcessId":1962,"CommandLine":"C:\\Program Files\\Microsoft Office\\Office16\\EXCEL.EXE","ParentImage":"C:\\Windows\\System32\\services.exe","ParentProcessGuid":"{EBEFDAC9-3568-2026-F7A9-55EB7C02C1FA}","OriginalFileName":"C:\\Program Files\\Microsoft Office\\Office16\\EXCEL.EXE"}
{"UtcTime":"2026-08-12 15:18:42.000","Computer":"CLM-MESA-014","User":"CLM\\mesa","EventID":1,"Image":"C:\\Windows\\explorer.exe","ProcessGuid":"{60AF3829-5B1F-2026-13A2-63AE27BA955D}","ProcessId":7001,"CommandLine":"C:\\Windows\\explorer.exe","ParentImage":"C:\\Windows\\System32\\services.exe","ParentProcessGuid":"{1049F993-1CC6-2026-89D6-334E144B0290}","OriginalFileName":"C:\\Windows\\explorer.exe"}
{"UtcTime":"2026-08-12 15:18:43.000","Computer":"CLM-MESA-014","User":"CLM\\backoffice","EventID":5,"Image":"C:\\Windows\\System32\\svchost.exe","ProcessGuid":"{6E03DA99-23E2-2026-25F5-BFD025F90FE2}","ProcessId":1315,"EventType":"End"}
{"UtcTime":"2026-08-12 15:18:44.000","Computer":"CLM-MESA-014","User":"CLM\\mesa","EventID":3,"Image":"C:\\Windows\\System32\\conhost.exe","ProcessGuid":"{FE6F030E-D90A-2026-D66F-8671414AD9CD}","ProcessId":7312,"DestinationIp":"10.70.30.8","DestinationPort":8080,"DestinationHostname":"portal.clm.liquidacao","SourceIp":"10.70.30.14","Protocol":"tcp"}
{"UtcTime":"2026-08-12 15:18:45.000","Computer":"CLM-MESA-014","User":"CLM\\backoffice","EventID":1,"Image":"C:\\Windows\\explorer.exe","ProcessGuid":"{986FF706-6114-2026-511B-934615DE0A28}","ProcessId":480,"CommandLine":"C:\\Windows\\explorer.exe","ParentImage":"C:\\Windows\\System32\\services.exe","ParentProcessGuid":"{9515484C-A276-2026-0DED-74833F282A8D}","OriginalFileName":"C:\\Windows\\explorer.exe"}
{"UtcTime":"2026-08-12 15:18:46.000","Computer":"CLM-MESA-014","User":"CLM\\backoffice","EventID":13,"Image":"C:\\Windows\\System32\\conhost.exe","ProcessGuid":"{A09D2038-1E4D-2026-0708-BC2F076B6EBC}","ProcessId":3033,"EventType":"SetValue","TargetObject":"HKCU\\Software\\CLM\\Mesa\\Pref\\4126","Details":"1"}
{"UtcTime":"2026-08-12 15:18:47.000","Computer":"CLM-MESA-014","User":"CLM\\mesa","EventID":11,"Image":"C:\\Windows\\explorer.exe","ProcessGuid":"{F628C246-1DE5-2026-FCFC-572CD2C7B210}","ProcessId":980,"TargetFilename":"C:\\Users\\Public\\Temp\\mesa-4127.tmp"}
{"UtcTime":"2026-08-12 15:18:48.000","Computer":"CLM-MESA-014","User":"CLM\\ops","EventID":1,"Image":"C:\\Program Files\\Google\\Chrome\\Application\\chrome.exe","ProcessGuid":"{77433F32-6DBB-2026-9CBC-EA9017B15DDA}","ProcessId":1660,"CommandLine":"C:\\Program Files\\Google\\Chrome\\Application\\chrome.exe","ParentImage":"C:\\Windows\\System32\\services.exe","ParentProcessGuid":"{C57CE11B-F714-2026-8C36-328B8AC4F7DE}","OriginalFileName":"C:\\Program Files\\Google\\Chrome\\Application\\chrome.exe"}
{"UtcTime":"2026-08-12 15:18:49.000","Computer":"CLM-MESA-014","User":"CLM\\mesa","EventID":1,"Image":"C:\\Windows\\explorer.exe","ProcessGuid":"{D6EC3D45-3390-2026-62D7-C9DCD0F45AFA}","ProcessId":6036,"CommandLine":"C:\\Windows\\explorer.exe","ParentImage":"C:\\Windows\\System32\\services.exe","ParentProcessGuid":"{2F925C7E-0C80-2026-DF24-8045EEB17EB1}","OriginalFileName":"C:\\Windows\\explorer.exe"}
{"UtcTime":"2026-08-12 15:18:50.000","Computer":"CLM-MESA-014","User":"CLM\\mesa","EventID":1,"Image":"C:\\Windows\\System32\\RuntimeBroker.exe","ProcessGuid":"{54443503-5E32-2026-814A-0E88845E44A6}","ProcessId":8675,"CommandLine":"C:\\Windows\\System32\\RuntimeBroker.exe","ParentImage":"C:\\Windows\\System32\\services.exe","ParentProcessGuid":"{9ACD47C3-EDD4-2026-444A-B7E00C1861AF}","OriginalFileName":"C:\\Windows\\System32\\RuntimeBroker.exe"}
{"UtcTime":"2026-08-12 15:18:51.000","Computer":"CLM-MESA-014","User":"CLM\\ops","EventID":11,"Image":"C:\\Program Files\\Microsoft Office\\Office16\\EXCEL.EXE","ProcessGuid":"{8956D15F-25C9-2026-03AA-410E85728360}","ProcessId":8679,"TargetFilename":"C:\\Users\\Public\\Temp\\mesa-4131.tmp"}
{"UtcTime":"2026-08-12 15:18:52.000","Computer":"CLM-MESA-014","User":"CLM\\ops","EventID":13,"Image":"C:\\Windows\\System32\\RuntimeBroker.exe","ProcessGuid":"{55E8EC3D-C8A9-2026-DEEB-AB4DBE06BC93}","ProcessId":402,"EventType":"SetValue","TargetObject":"HKCU\\Software\\CLM\\Mesa\\Pref\\4132","Details":"1"}
{"UtcTime":"2026-08-12 15:18:53.000","Computer":"CLM-MESA-014","User":"CLM\\ops","EventID":13,"Image":"C:\\Windows\\explorer.exe","ProcessGuid":"{D5F86177-5DF7-2026-3C90-5547051D48E8}","ProcessId":5072,"EventType":"SetValue","TargetObject":"HKCU\\Software\\CLM\\Mesa\\Pref\\4133","Details":"1"}
{"UtcTime":"2026-08-12 15:18:54.000","Computer":"CLM-MESA-014","User":"CLM\\mesa","EventID":1,"Image":"C:\\Windows\\explorer.exe","ProcessGuid":"{49023112-D314-2026-F9C0-92D3E106762B}","ProcessId":559,"CommandLine":"C:\\Windows\\explorer.exe","ParentImage":"C:\\Windows\\System32\\services.exe","ParentProcessGuid":"{2462E2F4-273F-2026-F302-1826D2285B48}","OriginalFileName":"C:\\Windows\\explorer.exe"}
{"UtcTime":"2026-08-12 15:18:55.000","Computer":"CLM-MESA-014","User":"CLM\\mesa","EventID":1,"Image":"C:\\Windows\\System32\\conhost.exe","ProcessGuid":"{0861FBF4-B894-2026-1EE7-19399B4FBD2F}","ProcessId":6065,"CommandLine":"C:\\Windows\\System32\\conhost.exe","ParentImage":"C:\\Windows\\System32\\services.exe","ParentProcessGuid":"{79F618BB-F35C-2026-30F3-933858E5434E}","OriginalFileName":"C:\\Windows\\System32\\conhost.exe"}
{"UtcTime":"2026-08-12 15:18:56.000","Computer":"CLM-MESA-014","User":"CLM\\backoffice","EventID":3,"Image":"C:\\Program Files\\Microsoft Office\\Office16\\EXCEL.EXE","ProcessGuid":"{9048B311-75B8-2026-2D7B-D2414513B47A}","ProcessId":3066,"DestinationIp":"10.70.30.8","DestinationPort":53,"DestinationHostname":"ntp.clm.liquidacao","SourceIp":"10.70.30.14","Protocol":"tcp"}
{"UtcTime":"2026-08-12 15:18:57.000","Computer":"CLM-MESA-014","User":"CLM\\mesa","EventID":5,"Image":"C:\\Program Files\\Google\\Chrome\\Application\\chrome.exe","ProcessGuid":"{69CE5AE2-B3EE-2026-B55B-8633BCBA5F60}","ProcessId":2061,"EventType":"End"}
{"UtcTime":"2026-08-12 15:18:58.000","Computer":"CLM-MESA-014","User":"CLM\\mesa","EventID":1,"Image":"C:\\Windows\\explorer.exe","ProcessGuid":"{E7ABDEA4-CA5F-2026-0F76-BEAF602D6B15}","ProcessId":7993,"CommandLine":"C:\\Windows\\explorer.exe","ParentImage":"C:\\Windows\\System32\\services.exe","ParentProcessGuid":"{212F4FB4-02A5-2026-36B9-2B544E5232E9}","OriginalFileName":"C:\\Windows\\explorer.exe"}
{"UtcTime":"2026-08-12 15:18:59.000","Computer":"CLM-MESA-014","User":"CLM\\mesa","EventID":1,"Image":"C:\\Windows\\System32\\svchost.exe","ProcessGuid":"{BB14E230-CBA7-2026-66B9-8DE9C0DAF472}","ProcessId":7673,"CommandLine":"C:\\Windows\\System32\\svchost.exe","ParentImage":"C:\\Windows\\System32\\services.exe","ParentProcessGuid":"{13983950-36E2-2026-400D-4367C04346CE}","OriginalFileName":"C:\\Windows\\System32\\svchost.exe"}
{"UtcTime":"2026-08-12 15:19:00.000","Computer":"CLM-MESA-014","User":"CLM\\mesa","EventID":1,"Image":"C:\\Windows\\System32\\RuntimeBroker.exe","ProcessGuid":"{AE0E1736-747A-2026-7791-62B9E38385BD}","ProcessId":6284,"CommandLine":"C:\\Windows\\System32\\RuntimeBroker.exe","ParentImage":"C:\\Windows\\System32\\services.exe","ParentProcessGuid":"{A574A1E8-9373-2026-1873-24B268C95CE7}","OriginalFileName":"C:\\Windows\\System32\\RuntimeBroker.exe"}
{"UtcTime":"2026-08-12 15:19:01.000","Computer":"CLM-MESA-014","User":"CLM\\mesa","EventID":11,"Image":"C:\\Windows\\System32\\svchost.exe","ProcessGuid":"{F41FA9B1-E12E-2026-E9E1-B485788CEAB5}","ProcessId":3796,"TargetFilename":"C:\\Users\\Public\\Temp\\mesa-4141.tmp"}
{"UtcTime":"2026-08-12 15:19:02.000","Computer":"CLM-MESA-014","User":"CLM\\ops","EventID":1,"Image":"C:\\Program Files\\Google\\Chrome\\Application\\chrome.exe","ProcessGuid":"{40765023-DC4A-2026-86E9-A6F874123928}","ProcessId":4309,"CommandLine":"C:\\Program Files\\Google\\Chrome\\Application\\chrome.exe","ParentImage":"C:\\Windows\\System32\\services.exe","ParentProcessGuid":"{F56E8919-B5B6-2026-3E66-12C1D4EE6C83}","OriginalFileName":"C:\\Program Files\\Google\\Chrome\\Application\\chrome.exe"}
{"UtcTime":"2026-08-12 15:19:03.000","Computer":"CLM-MESA-014","User":"CLM\\backoffice","EventID":11,"Image":"C:\\Program Files\\Google\\Chrome\\Application\\chrome.exe","ProcessGuid":"{04A365D5-098B-2026-6507-846EC1222B0F}","ProcessId":3929,"TargetFilename":"C:\\Users\\Public\\Temp\\mesa-4143.tmp"}
{"UtcTime":"2026-08-12 15:19:04.000","Computer":"CLM-MESA-014","User":"CLM\\backoffice","EventID":1,"Image":"C:\\Windows\\explorer.exe","ProcessGuid":"{B56DCF5B-2BB7-2026-8F00-F7FAE4455C00}","ProcessId":3990,"CommandLine":"C:\\Windows\\explorer.exe","ParentImage":"C:\\Windows\\System32\\services.exe","ParentProcessGuid":"{90F830C1-F1C2-2026-7D62-68F26814B973}","OriginalFileName":"C:\\Windows\\explorer.exe"}
{"UtcTime":"2026-08-12 15:19:05.000","Computer":"CLM-MESA-014","User":"CLM\\mesa","EventID":11,"Image":"C:\\Program Files\\Microsoft Office\\Office16\\EXCEL.EXE","ProcessGuid":"{73411123-1D95-2026-B971-962DE0318377}","ProcessId":8301,"TargetFilename":"C:\\Users\\Public\\Temp\\mesa-4145.tmp"}
{"UtcTime":"2026-08-12 15:19:06.000","Computer":"CLM-MESA-014","User":"CLM\\backoffice","EventID":3,"Image":"C:\\Windows\\System32\\svchost.exe","ProcessGuid":"{7C62A04E-F777-2026-82B8-34F7594CFEB8}","ProcessId":3182,"DestinationIp":"1.1.1.1","DestinationPort":135,"DestinationHostname":"ntp.clm.liquidacao","SourceIp":"10.70.30.14","Protocol":"tcp"}
{"UtcTime":"2026-08-12 15:19:07.000","Computer":"CLM-MESA-014","User":"CLM\\ops","EventID":3,"Image":"C:\\Program Files\\Google\\Chrome\\Application\\chrome.exe","ProcessGuid":"{2D487792-7DE7-2026-DD31-C5DD556251C9}","ProcessId":7765,"DestinationIp":"10.70.30.1","DestinationPort":135,"DestinationHostname":"ntp.clm.liquidacao","SourceIp":"10.70.30.14","Protocol":"tcp"}
{"UtcTime":"2026-08-12 15:19:08.000","Computer":"CLM-MESA-014","User":"CLM\\ops","EventID":13,"Image":"C:\\Program Files\\Microsoft Office\\Office16\\EXCEL.EXE","ProcessGuid":"{7C6164A8-DEA3-2026-252C-57D3FAC5BCA2}","ProcessId":1156,"EventType":"SetValue","TargetObject":"HKCU\\Software\\CLM\\Mesa\\Pref\\4148","Details":"1"}
{"UtcTime":"2026-08-12 15:19:09.000","Computer":"CLM-MESA-014","User":"CLM\\backoffice","EventID":5,"Image":"C:\\Program Files\\Google\\Chrome\\Application\\chrome.exe","ProcessGuid":"{F791183A-300B-2026-1A5F-81571D7F4602}","ProcessId":1229,"EventType":"End"}
{"UtcTime":"2026-08-12 15:19:10.000","Computer":"CLM-MESA-014","User":"CLM\\ops","EventID":5,"Image":"C:\\Windows\\System32\\conhost.exe","ProcessGuid":"{4B55F8D3-B4C9-2026-AC81-9EDCFBB3C77F}","ProcessId":3348,"EventType":"End"}
{"UtcTime":"2026-08-12 15:19:11.000","Computer":"CLM-MESA-014","User":"CLM\\ops","EventID":1,"Image":"C:\\Windows\\explorer.exe","ProcessGuid":"{2067E70A-1726-2026-B986-78DFB59B6FF6}","ProcessId":7806,"CommandLine":"C:\\Windows\\explorer.exe","ParentImage":"C:\\Windows\\System32\\services.exe","ParentProcessGuid":"{7E54EC30-DC97-2026-C3A2-C7DE13AD0EDF}","OriginalFileName":"C:\\Windows\\explorer.exe"}
{"UtcTime":"2026-08-12 15:19:12.000","Computer":"CLM-MESA-014","User":"CLM\\mesa","EventID":1,"Image":"C:\\Program Files\\Google\\Chrome\\Application\\chrome.exe","ProcessGuid":"{648009AE-E4AD-2026-641C-986271F4E70B}","ProcessId":881,"CommandLine":"C:\\Program Files\\Google\\Chrome\\Application\\chrome.exe","ParentImage":"C:\\Windows\\System32\\services.exe","ParentProcessGuid":"{1D2DCB42-0998-2026-A3DA-CAE84E9FC659}","OriginalFileName":"C:\\Program Files\\Google\\Chrome\\Application\\chrome.exe"}
{"UtcTime":"2026-08-12 15:19:13.000","Computer":"CLM-MESA-014","User":"CLM\\ops","EventID":3,"Image":"C:\\Windows\\System32\\svchost.exe","ProcessGuid":"{7B99529D-7CBF-2026-69E4-0BF6067B38BE}","ProcessId":552,"DestinationIp":"10.70.30.1","DestinationPort":135,"DestinationHostname":"portal.clm.liquidacao","SourceIp":"10.70.30.14","Protocol":"tcp"}
{"UtcTime":"2026-08-12 15:19:14.000","Computer":"CLM-MESA-014","User":"CLM\\ops","EventID":3,"Image":"C:\\Program Files\\Microsoft Office\\Office16\\EXCEL.EXE","ProcessGuid":"{01A25B3A-35FD-2026-5507-C1C4A3AF9434}","ProcessId":5065,"DestinationIp":"10.70.30.1","DestinationPort":443,"DestinationHostname":"ntp.clm.liquidacao","SourceIp":"10.70.30.14","Protocol":"tcp"}
{"UtcTime":"2026-08-12 15:19:15.000","Computer":"CLM-MESA-014","User":"CLM\\backoffice","EventID":5,"Image":"C:\\Windows\\System32\\svchost.exe","ProcessGuid":"{8D982399-534F-2026-FC7F-BF88E7BB7E00}","ProcessId":1395,"EventType":"End"}
{"UtcTime":"2026-08-12 15:19:16.000","Computer":"CLM-MESA-014","User":"CLM\\mesa","EventID":11,"Image":"C:\\Program Files\\Google\\Chrome\\Application\\chrome.exe","ProcessGuid":"{A2391379-A094-2026-FDEC-F309DFEC260F}","ProcessId":8450,"TargetFilename":"C:\\Users\\Public\\Temp\\mesa-4156.tmp"}
{"UtcTime":"2026-08-12 15:19:17.000","Computer":"CLM-MESA-014","User":"CLM\\backoffice","EventID":1,"Image":"C:\\Program Files\\Microsoft Office\\Office16\\EXCEL.EXE","ProcessGuid":"{7D4DFA70-989C-2026-ECE8-CE4BD284628C}","ProcessId":8907,"CommandLine":"C:\\Program Files\\Microsoft Office\\Office16\\EXCEL.EXE","ParentImage":"C:\\Windows\\System32\\services.exe","ParentProcessGuid":"{37C87125-DACB-2026-35AA-7EBD3FB1D35C}","OriginalFileName":"C:\\Program Files\\Microsoft Office\\Office16\\EXCEL.EXE"}
{"UtcTime":"2026-08-12 15:19:18.000","Computer":"CLM-MESA-014","User":"CLM\\backoffice","EventID":11,"Image":"C:\\Program Files\\Microsoft Office\\Office16\\EXCEL.EXE","ProcessGuid":"{0378392A-904C-2026-4C6D-89BCCB6846D1}","ProcessId":6318,"TargetFilename":"C:\\Users\\Public\\Temp\\mesa-4158.tmp"}
{"UtcTime":"2026-08-12 15:19:19.000","Computer":"CLM-MESA-014","User":"CLM\\mesa","EventID":11,"Image":"C:\\Program Files\\Microsoft Office\\Office16\\EXCEL.EXE","ProcessGuid":"{61E0FA48-0DDD-2026-99F9-D36242AC9929}","ProcessId":699,"TargetFilename":"C:\\Users\\Public\\Temp\\mesa-4159.tmp"}
{"UtcTime":"2026-08-12 15:19:20.000","Computer":"CLM-MESA-014","User":"CLM\\ops","EventID":3,"Image":"C:\\Windows\\System32\\svchost.exe","ProcessGuid":"{D390F4AE-D567-2026-D7C3-54156EE923FF}","ProcessId":1574,"DestinationIp":"10.70.30.1","DestinationPort":53,"DestinationHostname":"portal.clm.liquidacao","SourceIp":"10.70.30.14","Protocol":"tcp"}
{"UtcTime":"2026-08-12 15:19:21.000","Computer":"CLM-MESA-014","User":"CLM\\backoffice","EventID":5,"Image":"C:\\Program Files\\Microsoft Office\\Office16\\EXCEL.EXE","ProcessGuid":"{D84B5B1F-F5E4-2026-1C5B-B6DB902A3CA2}","ProcessId":4768,"EventType":"End"}
{"UtcTime":"2026-08-12 15:19:22.000","Computer":"CLM-MESA-014","User":"CLM\\backoffice","EventID":3,"Image":"C:\\Program Files\\Google\\Chrome\\Application\\chrome.exe","ProcessGuid":"{60AADC53-F3C0-2026-86C1-A19DCEAAA147}","ProcessId":6112,"DestinationIp":"10.70.30.1","DestinationPort":8080,"DestinationHostname":"ntp.clm.liquidacao","SourceIp":"10.70.30.14","Protocol":"tcp"}
{"UtcTime":"2026-08-12 15:19:23.000","Computer":"CLM-MESA-014","User":"CLM\\mesa","EventID":5,"Image":"C:\\Windows\\System32\\RuntimeBroker.exe","ProcessGuid":"{3551BC79-0E48-2026-11A8-EE4DCE61A29B}","ProcessId":738,"EventType":"End"}
{"UtcTime":"2026-08-12 15:19:24.000","Computer":"CLM-MESA-014","User":"CLM\\ops","EventID":1,"Image":"C:\\Windows\\explorer.exe","ProcessGuid":"{ABE1BB09-0C3D-2026-2EFA-3D5FD2687399}","ProcessId":5495,"CommandLine":"C:\\Windows\\explorer.exe","ParentImage":"C:\\Windows\\System32\\services.exe","ParentProcessGuid":"{106E707E-FFC3-2026-3857-F11E8FC3E427}","OriginalFileName":"C:\\Windows\\explorer.exe"}
{"UtcTime":"2026-08-12 15:19:25.000","Computer":"CLM-MESA-014","User":"CLM\\ops","EventID":1,"Image":"C:\\Program Files\\Google\\Chrome\\Application\\chrome.exe","ProcessGuid":"{CF4EB31D-DCC4-2026-8723-25AA3B915F25}","ProcessId":8675,"CommandLine":"C:\\Program Files\\Google\\Chrome\\Application\\chrome.exe","ParentImage":"C:\\Windows\\System32\\services.exe","ParentProcessGuid":"{24E6F6C5-7E17-2026-BE2B-EAB519CD7FCB}","OriginalFileName":"C:\\Program Files\\Google\\Chrome\\Application\\chrome.exe"}
{"UtcTime":"2026-08-12 15:19:26.000","Computer":"CLM-MESA-014","User":"CLM\\ops","EventID":1,"Image":"C:\\Program Files\\Microsoft Office\\Office16\\EXCEL.EXE","ProcessGuid":"{9468FDB9-389D-2026-CF6D-8B8A60B00413}","ProcessId":7053,"CommandLine":"C:\\Program Files\\Microsoft Office\\Office16\\EXCEL.EXE","ParentImage":"C:\\Windows\\System32\\services.exe","ParentProcessGuid":"{27C25B94-4B72-2026-31E9-DD43BF72F4DE}","OriginalFileName":"C:\\Program Files\\Microsoft Office\\Office16\\EXCEL.EXE"}
{"UtcTime":"2026-08-12 15:19:27.000","Computer":"CLM-MESA-014","User":"CLM\\backoffice","EventID":11,"Image":"C:\\Program Files\\Microsoft Office\\Office16\\EXCEL.EXE","ProcessGuid":"{4977957D-E63F-2026-C3F4-4A5BDC73A900}","ProcessId":2388,"TargetFilename":"C:\\Users\\Public\\Temp\\mesa-4167.tmp"}
{"UtcTime":"2026-08-12 15:19:28.000","Computer":"CLM-MESA-014","User":"CLM\\mesa","EventID":13,"Image":"C:\\Program Files\\Microsoft Office\\Office16\\EXCEL.EXE","ProcessGuid":"{19816800-4422-2026-8B50-588FBDCF6965}","ProcessId":7317,"EventType":"SetValue","TargetObject":"HKCU\\Software\\CLM\\Mesa\\Pref\\4168","Details":"1"}
{"UtcTime":"2026-08-12 15:19:29.000","Computer":"CLM-MESA-014","User":"CLM\\backoffice","EventID":3,"Image":"C:\\Windows\\System32\\RuntimeBroker.exe","ProcessGuid":"{413E9E5F-921F-2026-217A-7F0E8D5565A9}","ProcessId":8485,"DestinationIp":"10.70.30.8","DestinationPort":135,"DestinationHostname":"portal.clm.liquidacao","SourceIp":"10.70.30.14","Protocol":"tcp"}
{"UtcTime":"2026-08-12 15:19:30.000","Computer":"CLM-MESA-014","User":"CLM\\mesa","EventID":1,"Image":"C:\\Program Files\\Microsoft Office\\Office16\\EXCEL.EXE","ProcessGuid":"{C78F3F48-EC71-2026-008F-5B4C8BF13E2B}","ProcessId":2356,"CommandLine":"C:\\Program Files\\Microsoft Office\\Office16\\EXCEL.EXE","ParentImage":"C:\\Windows\\System32\\services.exe","ParentProcessGuid":"{C646DD0D-DADD-2026-E9B8-4E31E5D7E7B8}","OriginalFileName":"C:\\Program Files\\Microsoft Office\\Office16\\EXCEL.EXE"}
{"UtcTime":"2026-08-12 15:19:31.000","Computer":"CLM-MESA-014","User":"CLM\\backoffice","EventID":13,"Image":"C:\\Program Files\\Microsoft Office\\Office16\\EXCEL.EXE","ProcessGuid":"{5F482FB5-D25A-2026-F26A-463EF4A5E0F9}","ProcessId":5085,"EventType":"SetValue","TargetObject":"HKCU\\Software\\CLM\\Mesa\\Pref\\4171","Details":"1"}
{"UtcTime":"2026-08-12 15:19:32.000","Computer":"CLM-MESA-014","User":"CLM\\backoffice","EventID":1,"Image":"C:\\Windows\\explorer.exe","ProcessGuid":"{DBADE430-A550-2026-11E3-B4EC0B53A0EC}","ProcessId":4248,"CommandLine":"C:\\Windows\\explorer.exe","ParentImage":"C:\\Windows\\System32\\services.exe","ParentProcessGuid":"{99D6793B-C971-2026-4C32-9830EC188390}","OriginalFileName":"C:\\Windows\\explorer.exe"}
{"UtcTime":"2026-08-12 15:19:33.000","Computer":"CLM-MESA-014","User":"CLM\\mesa","EventID":3,"Image":"C:\\Windows\\explorer.exe","ProcessGuid":"{2FAC58D1-7B0D-2026-0152-6886D7673A24}","ProcessId":2999,"DestinationIp":"8.8.8.8","DestinationPort":135,"DestinationHostname":"ntp.clm.liquidacao","SourceIp":"10.70.30.14","Protocol":"tcp"}
{"UtcTime":"2026-08-12 15:19:34.000","Computer":"CLM-MESA-014","User":"CLM\\mesa","EventID":13,"Image":"C:\\Windows\\System32\\RuntimeBroker.exe","ProcessGuid":"{2933210B-9D00-2026-265B-86F41AC626A2}","ProcessId":751,"EventType":"SetValue","TargetObject":"HKCU\\Software\\CLM\\Mesa\\Pref\\4174","Details":"1"}
{"UtcTime":"2026-08-12 15:19:35.000","Computer":"CLM-MESA-014","User":"CLM\\mesa","EventID":1,"Image":"C:\\Windows\\System32\\conhost.exe","ProcessGuid":"{9350D19E-07E2-2026-8420-CA4A59531AB5}","ProcessId":3391,"CommandLine":"C:\\Windows\\System32\\conhost.exe","ParentImage":"C:\\Windows\\System32\\services.exe","ParentProcessGuid":"{DA004C27-1C1E-2026-6CCC-263033992A98}","OriginalFileName":"C:\\Windows\\System32\\conhost.exe"}
{"UtcTime":"2026-08-12 15:19:36.000","Computer":"CLM-MESA-014","User":"CLM\\ops","EventID":11,"Image":"C:\\Windows\\explorer.exe","ProcessGuid":"{16F96E32-0A5E-2026-1736-E9A83A841123}","ProcessId":3229,"TargetFilename":"C:\\Users\\Public\\Temp\\mesa-4176.tmp"}
{"UtcTime":"2026-08-12 15:19:37.000","Computer":"CLM-MESA-014","User":"CLM\\mesa","EventID":1,"Image":"C:\\Program Files\\Microsoft Office\\Office16\\EXCEL.EXE","ProcessGuid":"{1E9ED8E2-EB4C-2026-3C87-CF652F2BAAB3}","ProcessId":8899,"CommandLine":"C:\\Program Files\\Microsoft Office\\Office16\\EXCEL.EXE","ParentImage":"C:\\Windows\\System32\\services.exe","ParentProcessGuid":"{0D9D0117-6F61-2026-E973-0CA99243B469}","OriginalFileName":"C:\\Program Files\\Microsoft Office\\Office16\\EXCEL.EXE"}
{"UtcTime":"2026-08-12 15:19:38.000","Computer":"CLM-MESA-014","User":"CLM\\mesa","EventID":1,"Image":"C:\\Program Files\\Microsoft Office\\Office16\\EXCEL.EXE","ProcessGuid":"{08E9F481-BBFF-2026-78F9-515E6CD6E5D9}","ProcessId":2586,"CommandLine":"C:\\Program Files\\Microsoft Office\\Office16\\EXCEL.EXE","ParentImage":"C:\\Windows\\System32\\services.exe","ParentProcessGuid":"{0AB0AD09-8241-2026-22AD-F70705EDD026}","OriginalFileName":"C:\\Program Files\\Microsoft Office\\Office16\\EXCEL.EXE"}
{"UtcTime":"2026-08-12 15:19:39.000","Computer":"CLM-MESA-014","User":"CLM\\mesa","EventID":13,"Image":"C:\\Program Files\\Google\\Chrome\\Application\\chrome.exe","ProcessGuid":"{BD5B733C-F96C-2026-8824-8F8619FD3573}","ProcessId":6163,"EventType":"SetValue","TargetObject":"HKCU\\Software\\CLM\\Mesa\\Pref\\4179","Details":"1"}
{"UtcTime":"2026-08-12 15:19:40.000","Computer":"CLM-MESA-014","User":"CLM\\ops","EventID":5,"Image":"C:\\Windows\\System32\\conhost.exe","ProcessGuid":"{680C4640-85A5-2026-2C2C-A4AD806EBFEB}","ProcessId":6102,"EventType":"End"}
{"UtcTime":"2026-08-12 15:19:41.000","Computer":"CLM-MESA-014","User":"CLM\\ops","EventID":1,"Image":"C:\\Program Files\\Google\\Chrome\\Application\\chrome.exe","ProcessGuid":"{2627BE9A-9CD3-2026-0F50-D690FF95AD48}","ProcessId":6484,"CommandLine":"C:\\Program Files\\Google\\Chrome\\Application\\chrome.exe","ParentImage":"C:\\Windows\\System32\\services.exe","ParentProcessGuid":"{ACE92812-EA00-2026-A785-AD2CDEBF7D5A}","OriginalFileName":"C:\\Program Files\\Google\\Chrome\\Application\\chrome.exe"}
{"UtcTime":"2026-08-12 15:19:42.000","Computer":"CLM-MESA-014","User":"CLM\\backoffice","EventID":11,"Image":"C:\\Windows\\System32\\svchost.exe","ProcessGuid":"{51AC0792-CF16-2026-0F96-D4AB0D57A5A9}","ProcessId":1719,"TargetFilename":"C:\\Users\\Public\\Temp\\mesa-4182.tmp"}
{"UtcTime":"2026-08-12 15:19:43.000","Computer":"CLM-MESA-014","User":"CLM\\backoffice","EventID":5,"Image":"C:\\Windows\\System32\\conhost.exe","ProcessGuid":"{7551CA20-D107-2026-A96D-CA52C85640F5}","ProcessId":4548,"EventType":"End"}
{"UtcTime":"2026-08-12 15:19:44.000","Computer":"CLM-MESA-014","User":"CLM\\ops","EventID":5,"Image":"C:\\Windows\\explorer.exe","ProcessGuid":"{D1FBDEC1-5D79-2026-E5E3-00E3749C1AF4}","ProcessId":2549,"EventType":"End"}
{"UtcTime":"2026-08-12 15:19:45.000","Computer":"CLM-MESA-014","User":"CLM\\ops","EventID":11,"Image":"C:\\Windows\\System32\\conhost.exe","ProcessGuid":"{A6594ECD-0B29-2026-790E-686F5197BD39}","ProcessId":1788,"TargetFilename":"C:\\Users\\Public\\Temp\\mesa-4185.tmp"}
{"UtcTime":"2026-08-12 15:19:46.000","Computer":"CLM-MESA-014","User":"CLM\\backoffice","EventID":1,"Image":"C:\\Windows\\explorer.exe","ProcessGuid":"{EFC0D1D6-610E-2026-1EB2-7AD1DCC63DE0}","ProcessId":7436,"CommandLine":"C:\\Windows\\explorer.exe","ParentImage":"C:\\Windows\\System32\\services.exe","ParentProcessGuid":"{E3AF8B4F-E29F-2026-3022-D17B1572A7E5}","OriginalFileName":"C:\\Windows\\explorer.exe"}
{"UtcTime":"2026-08-12 15:19:47.000","Computer":"CLM-MESA-014","User":"CLM\\backoffice","EventID":1,"Image":"C:\\Windows\\System32\\RuntimeBroker.exe","ProcessGuid":"{DC2F97AE-0EBD-2026-BAC4-E3180ADE72E1}","ProcessId":5233,"CommandLine":"C:\\Windows\\System32\\RuntimeBroker.exe","ParentImage":"C:\\Windows\\System32\\services.exe","ParentProcessGuid":"{E6FFC159-2368-2026-C706-32D87D1EE247}","OriginalFileName":"C:\\Windows\\System32\\RuntimeBroker.exe"}
{"UtcTime":"2026-08-12 15:19:48.000","Computer":"CLM-MESA-014","User":"CLM\\backoffice","EventID":1,"Image":"C:\\Windows\\System32\\svchost.exe","ProcessGuid":"{134891DF-8994-2026-3E18-B2D25DDBD5DC}","ProcessId":8722,"CommandLine":"C:\\Windows\\System32\\svchost.exe","ParentImage":"C:\\Windows\\System32\\services.exe","ParentProcessGuid":"{131B6635-CE94-2026-9D1A-A2C937F499FA}","OriginalFileName":"C:\\Windows\\System32\\svchost.exe"}
{"UtcTime":"2026-08-12 15:19:49.000","Computer":"CLM-MESA-014","User":"CLM\\backoffice","EventID":5,"Image":"C:\\Windows\\explorer.exe","ProcessGuid":"{555896E7-1C73-2026-3691-FA6D64EEB48E}","ProcessId":8159,"EventType":"End"}
{"UtcTime":"2026-08-12 15:19:50.000","Computer":"CLM-MESA-014","User":"CLM\\ops","EventID":11,"Image":"C:\\Windows\\System32\\RuntimeBroker.exe","ProcessGuid":"{BEAD722A-FAFC-2026-974E-1582E7EA86FD}","ProcessId":4287,"TargetFilename":"C:\\Users\\Public\\Temp\\mesa-4190.tmp"}
{"UtcTime":"2026-08-12 15:19:51.000","Computer":"CLM-MESA-014","User":"CLM\\backoffice","EventID":1,"Image":"C:\\Program Files\\Google\\Chrome\\Application\\chrome.exe","ProcessGuid":"{DAA9803B-71D1-2026-5763-42C1137C7202}","ProcessId":1535,"CommandLine":"C:\\Program Files\\Google\\Chrome\\Application\\chrome.exe","ParentImage":"C:\\Windows\\System32\\services.exe","ParentProcessGuid":"{48398F8C-98F7-2026-0EC3-134C23EB232D}","OriginalFileName":"C:\\Program Files\\Google\\Chrome\\Application\\chrome.exe"}
{"UtcTime":"2026-08-12 15:19:52.000","Computer":"CLM-MESA-014","User":"CLM\\mesa","EventID":3,"Image":"C:\\Program Files\\Microsoft Office\\Office16\\EXCEL.EXE","ProcessGuid":"{327FDBEE-6B9C-2026-25D3-CDD1E018C05D}","ProcessId":5651,"DestinationIp":"10.70.30.8","DestinationPort":8080,"DestinationHostname":"portal.clm.liquidacao","SourceIp":"10.70.30.14","Protocol":"tcp"}
{"UtcTime":"2026-08-12 15:19:53.000","Computer":"CLM-MESA-014","User":"CLM\\mesa","EventID":1,"Image":"C:\\Program Files\\Microsoft Office\\Office16\\EXCEL.EXE","ProcessGuid":"{3EA4E3CD-13EC-2026-29F3-D938AB31C97A}","ProcessId":4852,"CommandLine":"C:\\Program Files\\Microsoft Office\\Office16\\EXCEL.EXE","ParentImage":"C:\\Windows\\System32\\services.exe","ParentProcessGuid":"{CF1CF837-4B8C-2026-84D1-C76A97C93E27}","OriginalFileName":"C:\\Program Files\\Microsoft Office\\Office16\\EXCEL.EXE"}
{"UtcTime":"2026-08-12 15:19:54.000","Computer":"CLM-MESA-014","User":"CLM\\ops","EventID":1,"Image":"C:\\Windows\\System32\\conhost.exe","ProcessGuid":"{95A42668-C76F-2026-244B-BFF8A8A9ED88}","ProcessId":1104,"CommandLine":"C:\\Windows\\System32\\conhost.exe","ParentImage":"C:\\Windows\\System32\\services.exe","ParentProcessGuid":"{0708FDFB-3DF8-2026-754E-F0620F7D27C0}","OriginalFileName":"C:\\Windows\\System32\\conhost.exe"}
{"UtcTime":"2026-08-12 15:19:55.000","Computer":"CLM-MESA-014","User":"CLM\\mesa","EventID":3,"Image":"C:\\Windows\\System32\\conhost.exe","ProcessGuid":"{DFC744EC-7E10-2026-BD3D-5B6AE5C902D1}","ProcessId":4166,"DestinationIp":"1.1.1.1","DestinationPort":135,"DestinationHostname":"ntp.clm.liquidacao","SourceIp":"10.70.30.14","Protocol":"tcp"}
{"UtcTime":"2026-08-12 15:19:56.000","Computer":"CLM-MESA-014","User":"CLM\\ops","EventID":1,"Image":"C:\\Windows\\explorer.exe","ProcessGuid":"{CC6A947B-9880-2026-D849-EEA2F4BE8FB5}","ProcessId":2611,"CommandLine":"C:\\Windows\\explorer.exe","ParentImage":"C:\\Windows\\System32\\services.exe","ParentProcessGuid":"{4D10BA78-4AE8-2026-378C-7B01015CF458}","OriginalFileName":"C:\\Windows\\explorer.exe"}
{"UtcTime":"2026-08-12 15:19:57.000","Computer":"CLM-MESA-014","User":"CLM\\ops","EventID":1,"Image":"C:\\Program Files\\Google\\Chrome\\Application\\chrome.exe","ProcessGuid":"{60A36E7D-0A86-2026-2F99-24F9D08A0778}","ProcessId":6014,"CommandLine":"C:\\Program Files\\Google\\Chrome\\Application\\chrome.exe","ParentImage":"C:\\Windows\\System32\\services.exe","ParentProcessGuid":"{5B8200D0-7E9F-2026-8109-284B7F62DD4E}","OriginalFileName":"C:\\Program Files\\Google\\Chrome\\Application\\chrome.exe"}
{"UtcTime":"2026-08-12 15:19:58.000","Computer":"CLM-MESA-014","User":"CLM\\ops","EventID":5,"Image":"C:\\Windows\\explorer.exe","ProcessGuid":"{29181B87-3B07-2026-1F84-2ADC17262A28}","ProcessId":8795,"EventType":"End"}
{"UtcTime":"2026-08-12 15:19:59.000","Computer":"CLM-MESA-014","User":"CLM\\mesa","EventID":13,"Image":"C:\\Windows\\System32\\RuntimeBroker.exe","ProcessGuid":"{EDCD0128-BA25-2026-02A1-7E8CCCF97624}","ProcessId":3878,"EventType":"SetValue","TargetObject":"HKCU\\Software\\CLM\\Mesa\\Pref\\4199","Details":"1"}
{"UtcTime":"2026-08-12 15:20:00.000","Computer":"CLM-MESA-014","User":"CLM\\mesa","EventID":5,"Image":"C:\\Program Files\\Microsoft Office\\Office16\\EXCEL.EXE","ProcessGuid":"{56BEF93D-8D82-2026-001A-F41672581145}","ProcessId":5421,"EventType":"End"}
{"UtcTime":"2026-08-12 15:20:01.000","Computer":"CLM-MESA-014","User":"CLM\\mesa","EventID":1,"Image":"C:\\Program Files\\Microsoft Office\\Office16\\EXCEL.EXE","ProcessGuid":"{1F1D892E-5769-2026-B152-2A6BC5FDB241}","ProcessId":3368,"CommandLine":"C:\\Program Files\\Microsoft Office\\Office16\\EXCEL.EXE","ParentImage":"C:\\Windows\\System32\\services.exe","ParentProcessGuid":"{E4099B87-A382-2026-64DE-E747209E0476}","OriginalFileName":"C:\\Program Files\\Microsoft Office\\Office16\\EXCEL.EXE"}
{"UtcTime":"2026-08-12 15:20:02.000","Computer":"CLM-MESA-014","User":"CLM\\mesa","EventID":1,"Image":"C:\\Program Files\\Microsoft Office\\Office16\\EXCEL.EXE","ProcessGuid":"{AF767F03-BECF-2026-7B39-6695CDD4E5C3}","ProcessId":3716,"CommandLine":"C:\\Program Files\\Microsoft Office\\Office16\\EXCEL.EXE","ParentImage":"C:\\Windows\\System32\\services.exe","ParentProcessGuid":"{BA34A3BF-8B2E-2026-AB41-D286E749FF7B}","OriginalFileName":"C:\\Program Files\\Microsoft Office\\Office16\\EXCEL.EXE"}
{"UtcTime":"2026-08-12 15:20:03.000","Computer":"CLM-MESA-014","User":"CLM\\backoffice","EventID":1,"Image":"C:\\Program Files\\Microsoft Office\\Office16\\EXCEL.EXE","ProcessGuid":"{9E561FB8-967B-2026-7FED-66453B733A79}","ProcessId":6421,"CommandLine":"C:\\Program Files\\Microsoft Office\\Office16\\EXCEL.EXE","ParentImage":"C:\\Windows\\System32\\services.exe","ParentProcessGuid":"{01F0A1C7-4B44-2026-C085-BDF6931D0A99}","OriginalFileName":"C:\\Program Files\\Microsoft Office\\Office16\\EXCEL.EXE"}
{"UtcTime":"2026-08-12 15:20:04.000","Computer":"CLM-MESA-014","User":"CLM\\mesa","EventID":5,"Image":"C:\\Windows\\explorer.exe","ProcessGuid":"{B432F0EC-2718-2026-C5FC-F10AC188DB05}","ProcessId":5123,"EventType":"End"}
{"UtcTime":"2026-08-12 15:20:05.000","Computer":"CLM-MESA-014","User":"CLM\\mesa","EventID":1,"Image":"C:\\Windows\\System32\\svchost.exe","ProcessGuid":"{E618515C-DD57-2026-E8AA-360603A71D4A}","ProcessId":2452,"CommandLine":"C:\\Windows\\System32\\svchost.exe","ParentImage":"C:\\Windows\\System32\\services.exe","ParentProcessGuid":"{DABB4B3A-D809-2026-5041-558BA4511F18}","OriginalFileName":"C:\\Windows\\System32\\svchost.exe"}
{"UtcTime":"2026-08-12 15:20:06.000","Computer":"CLM-MESA-014","User":"CLM\\mesa","EventID":1,"Image":"C:\\Program Files\\Microsoft Office\\Office16\\EXCEL.EXE","ProcessGuid":"{5B1B2376-EAC4-2026-184F-09E2FEB76262}","ProcessId":5818,"CommandLine":"C:\\Program Files\\Microsoft Office\\Office16\\EXCEL.EXE","ParentImage":"C:\\Windows\\System32\\services.exe","ParentProcessGuid":"{09629DC4-8B71-2026-A58A-4074E50F52D5}","OriginalFileName":"C:\\Program Files\\Microsoft Office\\Office16\\EXCEL.EXE"}
{"UtcTime":"2026-08-12 15:20:07.000","Computer":"CLM-MESA-014","User":"CLM\\ops","EventID":3,"Image":"C:\\Windows\\explorer.exe","ProcessGuid":"{EC95A239-9B06-2026-DC23-D47A816B3D26}","ProcessId":5037,"DestinationIp":"10.70.30.8","DestinationPort":135,"DestinationHostname":"portal.clm.liquidacao","SourceIp":"10.70.30.14","Protocol":"tcp"}
{"UtcTime":"2026-08-12 15:20:08.000","Computer":"CLM-MESA-014","User":"CLM\\mesa","EventID":5,"Image":"C:\\Program Files\\Microsoft Office\\Office16\\EXCEL.EXE","ProcessGuid":"{3D3810C8-B6AC-2026-F234-9499BF41F273}","ProcessId":5909,"EventType":"End"}
{"UtcTime":"2026-08-12 15:20:09.000","Computer":"CLM-MESA-014","User":"CLM\\backoffice","EventID":1,"Image":"C:\\Windows\\System32\\conhost.exe","ProcessGuid":"{E009F7A1-E696-2026-C5A7-99697BE1F3AD}","ProcessId":5543,"CommandLine":"C:\\Windows\\System32\\conhost.exe","ParentImage":"C:\\Windows\\System32\\services.exe","ParentProcessGuid":"{385B7535-5C5D-2026-B95D-51E71286351B}","OriginalFileName":"C:\\Windows\\System32\\conhost.exe"}
{"UtcTime":"2026-08-12 15:20:10.000","Computer":"CLM-MESA-014","User":"CLM\\backoffice","EventID":5,"Image":"C:\\Windows\\System32\\conhost.exe","ProcessGuid":"{5EFBD824-3C88-2026-0B30-717BC3B3BFB3}","ProcessId":5407,"EventType":"End"}
{"UtcTime":"2026-08-12 15:20:11.000","Computer":"CLM-MESA-014","User":"CLM\\backoffice","EventID":5,"Image":"C:\\Windows\\System32\\RuntimeBroker.exe","ProcessGuid":"{02D38ADC-F2DC-2026-85C0-706255CAAD4D}","ProcessId":4631,"EventType":"End"}
{"UtcTime":"2026-08-12 15:20:12.000","Computer":"CLM-MESA-014","User":"CLM\\backoffice","EventID":3,"Image":"C:\\Windows\\System32\\conhost.exe","ProcessGuid":"{19F37A35-D179-2026-CBDD-BB7FB96735AD}","ProcessId":2087,"DestinationIp":"10.70.30.1","DestinationPort":8080,"DestinationHostname":"portal.clm.liquidacao","SourceIp":"10.70.30.14","Protocol":"tcp"}
{"UtcTime":"2026-08-12 15:20:13.000","Computer":"CLM-MESA-014","User":"CLM\\ops","EventID":13,"Image":"C:\\Windows\\System32\\RuntimeBroker.exe","ProcessGuid":"{2CED8AB5-ECA2-2026-09A9-2063682607FB}","ProcessId":3415,"EventType":"SetValue","TargetObject":"HKCU\\Software\\CLM\\Mesa\\Pref\\4213","Details":"1"}
{"UtcTime":"2026-08-12 15:20:14.000","Computer":"CLM-MESA-014","User":"CLM\\backoffice","EventID":1,"Image":"C:\\Windows\\System32\\RuntimeBroker.exe","ProcessGuid":"{021358AA-D3A5-2026-D28E-81E17482F2AA}","ProcessId":7303,"CommandLine":"C:\\Windows\\System32\\RuntimeBroker.exe","ParentImage":"C:\\Windows\\System32\\services.exe","ParentProcessGuid":"{B5A424E0-0E41-2026-ACD2-06A3A8362D61}","OriginalFileName":"C:\\Windows\\System32\\RuntimeBroker.exe"}
{"UtcTime":"2026-08-12 15:20:15.000","Computer":"CLM-MESA-014","User":"CLM\\ops","EventID":11,"Image":"C:\\Program Files\\Microsoft Office\\Office16\\EXCEL.EXE","ProcessGuid":"{6B741945-7BB9-2026-22FE-316083F38989}","ProcessId":1394,"TargetFilename":"C:\\Users\\Public\\Temp\\mesa-4215.tmp"}
{"UtcTime":"2026-08-12 15:20:16.000","Computer":"CLM-MESA-014","User":"CLM\\backoffice","EventID":1,"Image":"C:\\Windows\\System32\\RuntimeBroker.exe","ProcessGuid":"{0102776F-235F-2026-A13A-BB3BC03A06E9}","ProcessId":1778,"CommandLine":"C:\\Windows\\System32\\RuntimeBroker.exe","ParentImage":"C:\\Windows\\System32\\services.exe","ParentProcessGuid":"{82D1879D-7EFF-2026-161B-8690A448B942}","OriginalFileName":"C:\\Windows\\System32\\RuntimeBroker.exe"}
{"UtcTime":"2026-08-12 15:20:17.000","Computer":"CLM-MESA-014","User":"CLM\\backoffice","EventID":5,"Image":"C:\\Windows\\System32\\RuntimeBroker.exe","ProcessGuid":"{8908E843-8BF9-2026-40BF-BD8F5FD9A532}","ProcessId":3735,"EventType":"End"}
{"UtcTime":"2026-08-12 15:20:18.000","Computer":"CLM-MESA-014","User":"CLM\\backoffice","EventID":1,"Image":"C:\\Windows\\System32\\svchost.exe","ProcessGuid":"{C3A7948C-1F9D-2026-E9CF-7DB3618B8173}","ProcessId":6178,"CommandLine":"C:\\Windows\\System32\\svchost.exe","ParentImage":"C:\\Windows\\System32\\services.exe","ParentProcessGuid":"{8A070890-BE65-2026-31AB-8391EE3EEFED}","OriginalFileName":"C:\\Windows\\System32\\svchost.exe"}
{"UtcTime":"2026-08-12 15:20:19.000","Computer":"CLM-MESA-014","User":"CLM\\backoffice","EventID":3,"Image":"C:\\Windows\\System32\\svchost.exe","ProcessGuid":"{B7EA40E3-805B-2026-1580-B04D14636556}","ProcessId":1110,"DestinationIp":"8.8.8.8","DestinationPort":53,"DestinationHostname":"ntp.clm.liquidacao","SourceIp":"10.70.30.14","Protocol":"tcp"}
{"UtcTime":"2026-08-12 15:20:20.000","Computer":"CLM-MESA-014","User":"CLM\\backoffice","EventID":1,"Image":"C:\\Windows\\System32\\svchost.exe","ProcessGuid":"{411CD739-CCA5-2026-E8E6-BA765A1875BC}","ProcessId":1843,"CommandLine":"C:\\Windows\\System32\\svchost.exe","ParentImage":"C:\\Windows\\System32\\services.exe","ParentProcessGuid":"{ECE30A10-DAC6-2026-B2CB-8342F6B171B9}","OriginalFileName":"C:\\Windows\\System32\\svchost.exe"}
{"UtcTime":"2026-08-12 15:20:21.000","Computer":"CLM-MESA-014","User":"CLM\\ops","EventID":1,"Image":"C:\\Program Files\\Google\\Chrome\\Application\\chrome.exe","ProcessGuid":"{DCF1B6A9-E71C-2026-436B-FED359A93C7D}","ProcessId":1428,"CommandLine":"C:\\Program Files\\Google\\Chrome\\Application\\chrome.exe","ParentImage":"C:\\Windows\\System32\\services.exe","ParentProcessGuid":"{CCCF304A-1E6E-2026-D318-04A3CFA1179C}","OriginalFileName":"C:\\Program Files\\Google\\Chrome\\Application\\chrome.exe"}
{"UtcTime":"2026-08-12 15:20:22.000","Computer":"CLM-MESA-014","User":"CLM\\ops","EventID":11,"Image":"C:\\Program Files\\Google\\Chrome\\Application\\chrome.exe","ProcessGuid":"{9BD6906D-07F4-2026-A89C-C0036722BABD}","ProcessId":3766,"TargetFilename":"C:\\Users\\Public\\Temp\\mesa-4222.tmp"}
{"UtcTime":"2026-08-12 15:20:23.000","Computer":"CLM-MESA-014","User":"CLM\\ops","EventID":1,"Image":"C:\\Program Files\\Google\\Chrome\\Application\\chrome.exe","ProcessGuid":"{F0A345E1-56E1-2026-8170-572432D72A1E}","ProcessId":6261,"CommandLine":"C:\\Program Files\\Google\\Chrome\\Application\\chrome.exe","ParentImage":"C:\\Windows\\System32\\services.exe","ParentProcessGuid":"{814E163C-BF00-2026-5D44-7193AEEB6D85}","OriginalFileName":"C:\\Program Files\\Google\\Chrome\\Application\\chrome.exe"}
{"UtcTime":"2026-08-12 15:20:24.000","Computer":"CLM-MESA-014","User":"CLM\\mesa","EventID":5,"Image":"C:\\Windows\\System32\\svchost.exe","ProcessGuid":"{20AFD7B7-33C9-2026-4A90-716C1AA47EB0}","ProcessId":8323,"EventType":"End"}
{"UtcTime":"2026-08-12 15:20:25.000","Computer":"CLM-MESA-014","User":"CLM\\mesa","EventID":5,"Image":"C:\\Program Files\\Microsoft Office\\Office16\\EXCEL.EXE","ProcessGuid":"{4EE0D949-A314-2026-FCEA-AACDC38B70AF}","ProcessId":8912,"EventType":"End"}
{"UtcTime":"2026-08-12 15:20:26.000","Computer":"CLM-MESA-014","User":"CLM\\backoffice","EventID":11,"Image":"C:\\Windows\\System32\\svchost.exe","ProcessGuid":"{98807E16-A307-2026-1418-D3CE7BE4DEF5}","ProcessId":3947,"TargetFilename":"C:\\Users\\Public\\Temp\\mesa-4226.tmp"}
{"UtcTime":"2026-08-12 15:20:27.000","Computer":"CLM-MESA-014","User":"CLM\\backoffice","EventID":1,"Image":"C:\\Windows\\System32\\RuntimeBroker.exe","ProcessGuid":"{E4296137-0CF4-2026-2242-FFCFE06CBEDB}","ProcessId":6870,"CommandLine":"C:\\Windows\\System32\\RuntimeBroker.exe","ParentImage":"C:\\Windows\\System32\\services.exe","ParentProcessGuid":"{564001F8-F25A-2026-CAF6-4ED4F14DC550}","OriginalFileName":"C:\\Windows\\System32\\RuntimeBroker.exe"}
{"UtcTime":"2026-08-12 15:20:28.000","Computer":"CLM-MESA-014","User":"CLM\\ops","EventID":13,"Image":"C:\\Windows\\System32\\svchost.exe","ProcessGuid":"{1E42B669-908A-2026-F67D-5F8B0C30EE3B}","ProcessId":2293,"EventType":"SetValue","TargetObject":"HKCU\\Software\\CLM\\Mesa\\Pref\\4228","Details":"1"}
{"UtcTime":"2026-08-12 15:20:29.000","Computer":"CLM-MESA-014","User":"CLM\\ops","EventID":11,"Image":"C:\\Windows\\System32\\RuntimeBroker.exe","ProcessGuid":"{BA2F54A7-5EF3-2026-2E25-77EF69E73826}","ProcessId":3343,"TargetFilename":"C:\\Users\\Public\\Temp\\mesa-4229.tmp"}
{"UtcTime":"2026-08-12 15:20:30.000","Computer":"CLM-MESA-014","User":"CLM\\backoffice","EventID":1,"Image":"C:\\Windows\\explorer.exe","ProcessGuid":"{D1523037-44F2-2026-82D4-2548C4550CE7}","ProcessId":4068,"CommandLine":"C:\\Windows\\explorer.exe","ParentImage":"C:\\Windows\\System32\\services.exe","ParentProcessGuid":"{43E75D37-5E40-2026-FC0C-1D0E19D43C73}","OriginalFileName":"C:\\Windows\\explorer.exe"}
{"UtcTime":"2026-08-12 15:20:31.000","Computer":"CLM-MESA-014","User":"CLM\\mesa","EventID":11,"Image":"C:\\Windows\\System32\\RuntimeBroker.exe","ProcessGuid":"{3032689C-657A-2026-8CA4-647A72DB79E6}","ProcessId":6634,"TargetFilename":"C:\\Users\\Public\\Temp\\mesa-4231.tmp"}
{"UtcTime":"2026-08-12 15:20:32.000","Computer":"CLM-MESA-014","User":"CLM\\backoffice","EventID":5,"Image":"C:\\Windows\\System32\\RuntimeBroker.exe","ProcessGuid":"{EAE1D7C0-A5A8-2026-15FD-8AFD7D493C3B}","ProcessId":2681,"EventType":"End"}
{"UtcTime":"2026-08-12 15:20:33.000","Computer":"CLM-MESA-014","User":"CLM\\ops","EventID":1,"Image":"C:\\Program Files\\Google\\Chrome\\Application\\chrome.exe","ProcessGuid":"{3A6ACFB6-A141-2026-82FD-6499B9879DF2}","ProcessId":2177,"CommandLine":"C:\\Program Files\\Google\\Chrome\\Application\\chrome.exe","ParentImage":"C:\\Windows\\System32\\services.exe","ParentProcessGuid":"{8C069C03-C210-2026-7AF3-8FA454BD5EA5}","OriginalFileName":"C:\\Program Files\\Google\\Chrome\\Application\\chrome.exe"}
{"UtcTime":"2026-08-12 15:20:34.000","Computer":"CLM-MESA-014","User":"CLM\\mesa","EventID":1,"Image":"C:\\Windows\\explorer.exe","ProcessGuid":"{CCAF027C-D13F-2026-C3F9-917094BD5E0A}","ProcessId":3925,"CommandLine":"C:\\Windows\\explorer.exe","ParentImage":"C:\\Windows\\System32\\services.exe","ParentProcessGuid":"{0826056E-444B-2026-EB8F-4A05DD7DA0CA}","OriginalFileName":"C:\\Windows\\explorer.exe"}
{"UtcTime":"2026-08-12 15:20:35.000","Computer":"CLM-MESA-014","User":"CLM\\backoffice","EventID":3,"Image":"C:\\Program Files\\Google\\Chrome\\Application\\chrome.exe","ProcessGuid":"{76D3CED3-BA0C-2026-DEF7-34326674EBDC}","ProcessId":6097,"DestinationIp":"8.8.8.8","DestinationPort":8080,"DestinationHostname":"ntp.clm.liquidacao","SourceIp":"10.70.30.14","Protocol":"tcp"}
{"UtcTime":"2026-08-12 15:20:36.000","Computer":"CLM-MESA-014","User":"CLM\\mesa","EventID":1,"Image":"C:\\Windows\\System32\\svchost.exe","ProcessGuid":"{02C0C802-E8CE-2026-217D-2CDD6A912425}","ProcessId":3886,"CommandLine":"C:\\Windows\\System32\\svchost.exe","ParentImage":"C:\\Windows\\System32\\services.exe","ParentProcessGuid":"{5C473633-32ED-2026-5FAB-FEA228BA9A13}","OriginalFileName":"C:\\Windows\\System32\\svchost.exe"}
{"UtcTime":"2026-08-12 15:20:37.000","Computer":"CLM-MESA-014","User":"CLM\\backoffice","EventID":13,"Image":"C:\\Windows\\System32\\svchost.exe","ProcessGuid":"{D418E97F-1077-2026-101A-3C6C139EE459}","ProcessId":8058,"EventType":"SetValue","TargetObject":"HKCU\\Software\\CLM\\Mesa\\Pref\\4237","Details":"1"}
{"UtcTime":"2026-08-12 15:20:38.000","Computer":"CLM-MESA-014","User":"CLM\\backoffice","EventID":5,"Image":"C:\\Windows\\System32\\conhost.exe","ProcessGuid":"{7F5414FF-6674-2026-17D2-4CF622701B72}","ProcessId":8352,"EventType":"End"}
{"UtcTime":"2026-08-12 15:20:39.000","Computer":"CLM-MESA-014","User":"CLM\\backoffice","EventID":1,"Image":"C:\\Windows\\explorer.exe","ProcessGuid":"{E43E8DC9-BE41-2026-A481-CF29172EE590}","ProcessId":6448,"CommandLine":"C:\\Windows\\explorer.exe","ParentImage":"C:\\Windows\\System32\\services.exe","ParentProcessGuid":"{DD7F71EC-A0F0-2026-C175-FE1AADA0E150}","OriginalFileName":"C:\\Windows\\explorer.exe"}
