{"UtcTime":"2026-08-12 14:51:09.000","Computer":"CLM-MESA-014","User":"CLM\\ops","EventID":13,"Image":"C:\\Windows\\System32\\RuntimeBroker.exe","ProcessGuid":"{B0D77FCF-99B5-2026-33D6-31F9F27C9116}","ProcessId":5318,"EventType":"SetValue","TargetObject":"HKCU\\Software\\CLM\\Mesa\\Pref\\2469","Details":"1"}
{"UtcTime":"2026-08-12 14:51:10.000","Computer":"CLM-MESA-014","User":"CLM\\backoffice","EventID":13,"Image":"C:\\Windows\\explorer.exe","ProcessGuid":"{020AF74F-07F3-2026-F129-8F42216794D0}","ProcessId":6136,"EventType":"SetValue","TargetObject":"HKCU\\Software\\CLM\\Mesa\\Pref\\2470","Details":"1"}
{"UtcTime":"2026-08-12 14:51:11.000","Computer":"CLM-MESA-014","User":"CLM\\mesa","EventID":1,"Image":"C:\\Program Files\\Microsoft Office\\Office16\\EXCEL.EXE","ProcessGuid":"{A4B56076-3357-2026-7E69-04DEF993D7C2}","ProcessId":4741,"CommandLine":"C:\\Program Files\\Microsoft Office\\Office16\\EXCEL.EXE","ParentImage":"C:\\Windows\\System32\\services.exe","ParentProcessGuid":"{02A8099A-E9C9-2026-D8CB-8F96011A7C00}","OriginalFileName":"C:\\Program Files\\Microsoft Office\\Office16\\EXCEL.EXE"}
{"UtcTime":"2026-08-12 14:51:12.000","Computer":"CLM-MESA-014","User":"CLM\\backoffice","EventID":1,"Image":"C:\\Windows\\System32\\conhost.exe","ProcessGuid":"{0A3D7AE3-A9C9-2026-C468-285789861E3F}","ProcessId":4270,"CommandLine":"C:\\Windows\\System32\\conhost.exe","ParentImage":"C:\\Windows\\System32\\services.exe","ParentProcessGuid":"{246289C4-8A5F-2026-7EA4-C5399370174A}","OriginalFileName":"C:\\Windows\\System32\\conhost.exe"}
{"UtcTime":"2026-08-12 14:51:13.000","Computer":"CLM-MESA-014","User":"CLM\\mesa","EventID":1,"Image":"C:\\Windows\\System32\\conhost.exe","ProcessGuid":"{5BAC3D85-585E-2026-A732-EF27B7CEF3DE}","ProcessId":4576,"CommandLine":"C:\\Windows\\System32\\conhost.exe","ParentImage":"C:\\Windows\\System32\\services.exe","ParentProcessGuid":"{095E3B09-83BF-2026-C8EE-A496A7639CFA}","OriginalFileName":"C:\\Windows\\System32\\conhost.exe"}
{"UtcTime":"2026-08-12 14:51:14.000","Computer":"CLM-MESA-014","User":"CLM\\backoffice","EventID":1,"Image":"C:\\Windows\\System32\\conhost.exe","ProcessGuid":"{BFC4D888-EF35-2026-F2B6-F636D7F806AA}","ProcessId":2058,"CommandLine":"C:\\Windows\\System32\\conhost.exe","ParentImage":"C:\\Windows\\System32\\services.exe","ParentProcessGuid":"{BE6C599B-4996-2026-4EC6-79EE1EC1589A}","OriginalFileName":"C:\\Windows\\System32\\conhost.exe"}
{"UtcTime":"2026-08-12 14:51:15.000","Computer":"CLM-MESA-014","User":"CLM\\mesa","EventID":3,"Image":"C:\\Windows\\System32\\conhost.exe","ProcessGuid":"{F042CBE8-68CA-2026-9A30-3F4C95AC6AA5}","ProcessId":5765,"DestinationIp":"10.70.30.8","DestinationPort":443,"DestinationHostname":"ntp.clm.liquidacao","SourceIp":"10.70.30.14","Protocol":"tcp"}
{"UtcTime":"2026-08-12 14:51:16.000","Computer":"CLM-MESA-014","User":"CLM\\backoffice","EventID":1,"Image":"C:\\Program Files\\Microsoft Office\\Office16\\EXCEL.EXE","ProcessGuid":"{7AEB73BE-C124-2026-F627-272EB2163569}","ProcessId":5352,"CommandLine":"C:\\Program Files\\Microsoft Office\\Office16\\EXCEL.EXE","ParentImage":"C:\\Windows\\System32\\services.exe","ParentProcessGuid":"{86342C7A-7132-2026-3265-31CF6F5A337F}","OriginalFileName":"C:\\Program Files\\Microsoft Office\\Office16\\EXCEL.EXE"}
{"UtcTime":"2026-08-12 14:51:17.000","Computer":"CLM-MESA-014","User":"CLM\\backoffice","EventID":5,"Image":"C:\\Windows\\System32\\svchost.exe","ProcessGuid":"{A4E77A6B-A559-2026-4119-DBEC5F0A19CD}","ProcessId":6216,"EventType":"End"}
{"UtcTime":"2026-08-12 14:51:18.000","Computer":"CLM-MESA-014","User":"CLM\\mesa","EventID":1,"Image":"C:\\Windows\\System32\\svchost.exe","ProcessGuid":"{E9162368-E8D1-2026-7D23-38FBA83559FE}","ProcessId":3327,"CommandLine":"C:\\Windows\\System32\\svchost.exe","ParentImage":"C:\\Windows\\System32\\services.exe","ParentProcessGuid":"{D76928AD-5B17-2026-29FA-F5F50C2172DE}","OriginalFileName":"C:\\Windows\\System32\\svchost.exe"}
{"UtcTime":"2026-08-12 14:51:19.000","Computer":"CLM-MESA-014","User":"CLM\\ops","EventID":13,"Image":"C:\\Windows\\explorer.exe","ProcessGuid":"{CD5D5043-9F10-2026-888D-C28E4397DF19}","ProcessId":6453,"EventType":"SetValue","TargetObject":"HKCU\\Software\\CLM\\Mesa\\Pref\\2479","Details":"1"}
{"UtcTime":"2026-08-12 14:51:20.000","Computer":"CLM-MESA-014","User":"CLM\\backoffice","EventID":5,"Image":"C:\\Windows\\System32\\conhost.exe","ProcessGuid":"{F2DE523F-26DC-2026-FD00-8CD2170576BC}","ProcessId":4562,"EventType":"End"}
{"UtcTime":"2026-08-12 14:51:21.000","Computer":"CLM-MESA-014","User":"CLM\\ops","EventID":1,"Image":"C:\\Windows\\System32\\conhost.exe","ProcessGuid":"{E1E0E9C1-D66A-2026-F5DF-405A06273232}","ProcessId":2465,"CommandLine":"C:\\Windows\\System32\\conhost.exe","ParentImage":"C:\\Windows\\System32\\services.exe","ParentProcessGuid":"{939C3F2C-D381-2026-510B-659BD515287C}","OriginalFileName":"C:\\Windows\\System32\\conhost.exe"}
{"UtcTime":"2026-08-12 14:51:22.000","Computer":"CLM-MESA-014","User":"CLM\\ops","EventID":5,"Image":"C:\\Windows\\System32\\svchost.exe","ProcessGuid":"{95DC244F-EB45-2026-0227-3E9F2F4F7122}","ProcessId":8664,"EventType":"End"}
{"UtcTime":"2026-08-12 14:51:23.000","Computer":"CLM-MESA-014","User":"CLM\\ops","EventID":3,"Image":"C:\\Windows\\System32\\conhost.exe","ProcessGuid":"{F883373D-D5DA-2026-AF3E-3CA12C56F35E}","ProcessId":5688,"DestinationIp":"8.8.8.8","DestinationPort":135,"DestinationHostname":"ntp.clm.liquidacao","SourceIp":"10.70.30.14","Protocol":"tcp"}
{"UtcTime":"2026-08-12 14:51:24.000","Computer":"CLM-MESA-014","User":"CLM\\mesa","EventID":13,"Image":"C:\\Program Files\\Microsoft Office\\Office16\\EXCEL.EXE","ProcessGuid":"{D82A4235-5236-2026-532A-01D52044E552}","ProcessId":4551,"EventType":"SetValue","TargetObject":"HKCU\\Software\\CLM\\Mesa\\Pref\\2484","Details":"1"}
{"UtcTime":"2026-08-12 14:51:25.000","Computer":"CLM-MESA-014","User":"CLM\\backoffice","EventID":1,"Image":"C:\\Program Files\\Google\\Chrome\\Application\\chrome.exe","ProcessGuid":"{1DD0CE57-D2E0-2026-A7E1-66C5CF1F57A9}","ProcessId":3487,"CommandLine":"C:\\Program Files\\Google\\Chrome\\Application\\chrome.exe","ParentImage":"C:\\Windows\\System32\\services.exe","ParentProcessGuid":"{7CA2F935-1FB2-2026-B776-4CA7E795B08B}","OriginalFileName":"C:\\Program Files\\Google\\Chrome\\Application\\chrome.exe"}
{"UtcTime":"2026-08-12 14:51:26.000","Computer":"CLM-MESA-014","User":"CLM\\mesa","EventID":1,"Image":"C:\\Windows\\System32\\RuntimeBroker.exe","ProcessGuid":"{2769C24F-A0A9-2026-1D7D-34506C37C65F}","ProcessId":6016,"CommandLine":"C:\\Windows\\System32\\RuntimeBroker.exe","ParentImage":"C:\\Windows\\System32\\services.exe","ParentProcessGuid":"{0EF6506C-C550-2026-CE47-A7F6BB375F6D}","OriginalFileName":"C:\\Windows\\System32\\RuntimeBroker.exe"}
{"UtcTime":"2026-08-12 14:51:27.000","Computer":"CLM-MESA-014","User":"CLM\\mesa","EventID":1,"Image":"C:\\Windows\\System32\\conhost.exe","ProcessGuid":"{616D9A1D-602D-2026-DCF5-D9B8C7FE7334}","ProcessId":6493,"CommandLine":"C:\\Windows\\System32\\conhost.exe","ParentImage":"C:\\Windows\\System32\\services.exe","ParentProcessGuid":"{3432EB3C-0C65-2026-4F5F-B110F5481A31}","OriginalFileName":"C:\\Windows\\System32\\conhost.exe"}
{"UtcTime":"2026-08-12 14:51:28.000","Computer":"CLM-MESA-014","User":"CLM\\ops","EventID":13,"Image":"C:\\Program Files\\Microsoft Office\\Office16\\EXCEL.EXE","ProcessGuid":"{221BDAC5-044C-2026-2ACF-55DC97B80634}","ProcessId":5305,"EventType":"SetValue","TargetObject":"HKCU\\Software\\CLM\\Mesa\\Pref\\2488","Details":"1"}
{"UtcTime":"2026-08-12 14:51:29.000","Computer":"CLM-MESA-014","User":"CLM\\backoffice","EventID":1,"Image":"C:\\Windows\\System32\\RuntimeBroker.exe","ProcessGuid":"{1A1F1B88-4D57-2026-8433-28CABA5C4B6E}","ProcessId":4917,"CommandLine":"C:\\Windows\\System32\\RuntimeBroker.exe","ParentImage":"C:\\Windows\\System32\\services.exe","ParentProcessGuid":"{80D0AD8C-42B7-2026-0277-9B6C8E1894B5}","OriginalFileName":"C:\\Windows\\System32\\RuntimeBroker.exe"}
{"UtcTime":"2026-08-12 14:51:30.000","Computer":"CLM-MESA-014","User":"CLM\\mesa","EventID":13,"Image":"C:\\Windows\\System32\\RuntimeBroker.exe","ProcessGuid":"{642AE78D-9310-2026-EAEA-EECFB0B083A7}","ProcessId":8975,"EventType":"SetValue","TargetObject":"HKCU\\Software\\CLM\\Mesa\\Pref\\2490","Details":"1"}
{"UtcTime":"2026-08-12 14:51:31.000","Computer":"CLM-MESA-014","User":"CLM\\backoffice","EventID":1,"Image":"C:\\Windows\\System32\\conhost.exe","ProcessGuid":"{ECDB1FDF-A115-2026-1DE0-F46EC58DC00E}","ProcessId":4500,"CommandLine":"C:\\Windows\\System32\\conhost.exe","ParentImage":"C:\\Windows\\System32\\services.exe","ParentProcessGuid":"{7FC3E7B0-63FF-2026-3AA0-9CC5B96F3C19}","OriginalFileName":"C:\\Windows\\System32\\conhost.exe"}
{"UtcTime":"2026-08-12 14:51:32.000","Computer":"CLM-MESA-014","User":"CLM\\mesa","EventID":13,"Image":"C:\\Windows\\explorer.exe","ProcessGuid":"{BA9681CE-B3A5-2026-4458-1DEE6D7F3676}","ProcessId":6854,"EventType":"SetValue","TargetObject":"HKCU\\Software\\CLM\\Mesa\\Pref\\2492","Details":"1"}
{"UtcTime":"2026-08-12 14:51:33.000","Computer":"CLM-MESA-014","User":"CLM\\ops","EventID":1,"Image":"C:\\Program Files\\Microsoft Office\\Office16\\EXCEL.EXE","ProcessGuid":"{5B919E08-EDFD-2026-7126-ACA15066BECC}","ProcessId":1134,"CommandLine":"C:\\Program Files\\Microsoft Office\\Office16\\EXCEL.EXE","ParentImage":"C:\\Windows\\System32\\services.exe","ParentProcessGuid":"{94FF8491-4732-2026-C990-FB1B46051088}","OriginalFileName":"C:\\Program Files\\Microsoft Office\\Office16\\EXCEL.EXE"}
{"UtcTime":"2026-08-12 14:51:34.000","Computer":"CLM-MESA-014","User":"CLM\\ops","EventID":1,"Image":"C:\\Program Files\\Microsoft Office\\Office16\\EXCEL.EXE","ProcessGuid":"{A4C89C96-4A58-2026-5869-89DDBA5E70C0}","ProcessId":557,"CommandLine":"C:\\Program Files\\Microsoft Office\\Office16\\EXCEL.EXE","ParentImage":"C:\\Windows\\System32\\services.exe","ParentProcessGuid":"{C3133EF7-A8A6-2026-B361-96E64C855B43}","OriginalFileName":"C:\\Program Files\\Microsoft Office\\Office16\\EXCEL.EXE"}
{"UtcTime":"2026-08-12 14:51:35.000","Computer":"CLM-MESA-014","User":"CLM\\mesa","EventID":5,"Image":"C:\\Windows\\System32\\svchost.exe","ProcessGuid":"{AE8D2A7B-B4E5-2026-31DA-6A2A12B0EF20}","ProcessId":3645,"EventType":"End"}
{"UtcTime":"2026-08-12 14:51:36.000","Computer":"CLM-MESA-014","User":"CLM\\mesa","EventID":1,"Image":"C:\\Windows\\System32\\svchost.exe","ProcessGuid":"{6B909734-2E3B-2026-A335-C0CAEFC60178}","ProcessId":651,"CommandLine":"C:\\Windows\\System32\\svchost.exe","ParentImage":"C:\\Windows\\System32\\services.exe","ParentProcessGuid":"{AEB1CDE7-6747-2026-CC15-E0DA66DF34A0}","OriginalFileName":"C:\\Windows\\System32\\svchost.exe"}
{"UtcTime":"2026-08-12 14:51:37.000","Computer":"CLM-MESA-014","User":"CLM\\backoffice","EventID":13,"Image":"C:\\Windows\\explorer.exe","ProcessGuid":"{D83AF8E0-B0F5-2026-6306-D027D77DF6D6}","ProcessId":5504,"EventType":"SetValue","TargetObject":"HKCU\\Software\\CLM\\Mesa\\Pref\\2497","Details":"1"}
{"UtcTime":"2026-08-12 14:51:38.000","Computer":"CLM-MESA-014","User":"CLM\\backoffice","EventID":5,"Image":"C:\\Windows\\System32\\svchost.exe","ProcessGuid":"{A2B11771-7297-2026-8ED9-C58773451E74}","ProcessId":4914,"EventType":"End"}
{"UtcTime":"2026-08-12 14:51:39.000","Computer":"CLM-MESA-014","User":"CLM\\mesa","EventID":5,"Image":"C:\\Program Files\\Microsoft Office\\Office16\\EXCEL.EXE","ProcessGuid":"{71BF674E-3880-2026-B0BD-193BA3C906D3}","ProcessId":6554,"EventType":"End"}
{"UtcTime":"2026-08-12 14:51:40.000","Computer":"CLM-MESA-014","User":"CLM\\mesa","EventID":1,"Image":"C:\\Windows\\explorer.exe","ProcessGuid":"{4E8E8544-149F-2026-FA1C-362548714A98}","ProcessId":8643,"CommandLine":"C:\\Windows\\explorer.exe","ParentImage":"C:\\Windows\\System32\\services.exe","ParentProcessGuid":"{970FC4F2-4DDD-2026-0535-BAF64BDE85E7}","OriginalFileName":"C:\\Windows\\explorer.exe"}
{"UtcTime":"2026-08-12 14:51:41.000","Computer":"CLM-MESA-014","User":"CLM\\backoffice","EventID":11,"Image":"C:\\Program Files\\Google\\Chrome\\Application\\chrome.exe","ProcessGuid":"{2B5009AA-508B-2026-31F3-42781B99F412}","ProcessId":3999,"TargetFilename":"C:\\Users\\Public\\Temp\\mesa-2501.tmp"}
{"UtcTime":"2026-08-12 14:51:42.000","Computer":"CLM-MESA-014","User":"CLM\\backoffice","EventID":3,"Image":"C:\\Windows\\System32\\svchost.exe","ProcessGuid":"{23F01243-40AA-2026-60C9-C0C0F7296AC8}","ProcessId":3668,"DestinationIp":"10.70.30.8","DestinationPort":8080,"DestinationHostname":"ntp.clm.liquidacao","SourceIp":"10.70.30.14","Protocol":"tcp"}
{"UtcTime":"2026-08-12 14:51:43.000","Computer":"CLM-MESA-014","User":"CLM\\ops","EventID":11,"Image":"C:\\Windows\\System32\\RuntimeBroker.exe","ProcessGuid":"{4B6DE03B-A741-2026-306E-133D7B957438}","ProcessId":5714,"TargetFilename":"C:\\Users\\Public\\Temp\\mesa-2503.tmp"}
{"UtcTime":"2026-08-12 14:51:44.000","Computer":"CLM-MESA-014","User":"CLM\\backoffice","EventID":11,"Image":"C:\\Program Files\\Google\\Chrome\\Application\\chrome.exe","ProcessGuid":"{66599D57-4992-2026-A4DA-E0CE27D9AB0E}","ProcessId":6602,"TargetFilename":"C:\\Users\\Public\\Temp\\mesa-2504.tmp"}
{"UtcTime":"2026-08-12 14:51:45.000","Computer":"CLM-MESA-014","User":"CLM\\mesa","EventID":13,"Image":"C:\\Windows\\System32\\RuntimeBroker.exe","ProcessGuid":"{96D52D4F-AD8C-2026-FF25-B56ECA6D35BD}","ProcessId":2082,"EventType":"SetValue","TargetObject":"HKCU\\Software\\CLM\\Mesa\\Pref\\2505","Details":"1"}
{"UtcTime":"2026-08-12 14:51:46.000","Computer":"CLM-MESA-014","User":"CLM\\backoffice","EventID":3,"Image":"C:\\Windows\\System32\\svchost.exe","ProcessGuid":"{2ABCAFC0-E33C-2026-2CA1-7E6D5A28317F}","ProcessId":6627,"DestinationIp":"8.8.8.8","DestinationPort":8080,"DestinationHostname":"portal.clm.liquidacao","SourceIp":"10.70.30.14","Protocol":"tcp"}
{"UtcTime":"2026-08-12 14:51:47.000","Computer":"CLM-MESA-014","User":"CLM\\backoffice","EventID":5,"Image":"C:\\Windows\\System32\\RuntimeBroker.exe","ProcessGuid":"{0734B793-7FF8-2026-40D4-C71AB519D4A4}","ProcessId":538,"EventType":"End"}
{"UtcTime":"2026-08-12 14:51:48.000","Computer":"CLM-MESA-014","User":"CLM\\mesa","EventID":13,"Image":"C:\\Program Files\\Google\\Chrome\\Application\\chrome.exe","ProcessGuid":"{FE9CD406-A2B5-2026-E119-ED8368B3DA3F}","ProcessId":3559,"EventType":"SetValue","TargetObject":"HKCU\\Software\\CLM\\Mesa\\Pref\\2508","Details":"1"}
{"UtcTime":"2026-08-12 14:51:49.000","Computer":"CLM-MESA-014","User":"CLM\\backoffice","EventID":1,"Image":"C:\\Program Files\\Microsoft Office\\Office16\\EXCEL.EXE","ProcessGuid":"{3D92AAD3-A049-2026-2E55-9C6A165EAD12}","ProcessId":6428,"CommandLine":"C:\\Program Files\\Microsoft Office\\Office16\\EXCEL.EXE","ParentImage":"C:\\Windows\\System32\\services.exe","ParentProcessGuid":"{1BA5DAD3-5D0B-2026-A9B0-21B1BCE74C25}","OriginalFileName":"C:\\Program Files\\Microsoft Office\\Office16\\EXCEL.EXE"}
{"UtcTime":"2026-08-12 14:51:50.000","Computer":"CLM-MESA-014","User":"CLM\\ops","EventID":11,"Image":"C:\\Windows\\System32\\svchost.exe","ProcessGuid":"{F4C4AD07-712B-2026-607C-13E2DBA9123C}","ProcessId":6166,"TargetFilename":"C:\\Users\\Public\\Temp\\mesa-2510.tmp"}
{"UtcTime":"2026-08-12 14:51:51.000","Computer":"CLM-MESA-014","User":"CLM\\mesa","EventID":3,"Image":"C:\\Windows\\explorer.exe","ProcessGuid":"{7A8620A7-9081-2026-E8B0-2981B14CA6F9}","ProcessId":6069,"DestinationIp":"10.70.30.8","DestinationPort":53,"DestinationHostname":"portal.clm.liquidacao","SourceIp":"10.70.30.14","Protocol":"tcp"}
{"UtcTime":"2026-08-12 14:51:52.000","Computer":"CLM-MESA-014","User":"CLM\\mesa","EventID":1,"Image":"C:\\Windows\\System32\\svchost.exe","ProcessGuid":"{0C683D1C-E4DE-2026-AAE5-D6F57790606C}","ProcessId":875,"CommandLine":"C:\\Windows\\System32\\svchost.exe","ParentImage":"C:\\Windows\\System32\\services.exe","ParentProcessGuid":"{A607C5E8-1FEE-2026-62CC-F733C90EE31A}","OriginalFileName":"C:\\Windows\\System32\\svchost.exe"}
{"UtcTime":"2026-08-12 14:51:53.000","Computer":"CLM-MESA-014","User":"CLM\\mesa","EventID":13,"Image":"C:\\Windows\\System32\\RuntimeBroker.exe","ProcessGuid":"{05CB8E3F-F699-2026-FCE8-25A3A0C12301}","ProcessId":2524,"EventType":"SetValue","TargetObject":"HKCU\\Software\\CLM\\Mesa\\Pref\\2513","Details":"1"}
{"UtcTime":"2026-08-12 14:51:54.000","Computer":"CLM-MESA-014","User":"CLM\\backoffice","EventID":5,"Image":"C:\\Windows\\explorer.exe","ProcessGuid":"{2BA8BCE6-0F5B-2026-736B-BE843392B328}","ProcessId":2892,"EventType":"End"}
{"UtcTime":"2026-08-12 14:51:55.000","Computer":"CLM-MESA-014","User":"CLM\\backoffice","EventID":1,"Image":"C:\\Windows\\explorer.exe","ProcessGuid":"{8A034437-F4B3-2026-CED1-33B0D9131185}","ProcessId":2560,"CommandLine":"C:\\Windows\\explorer.exe","ParentImage":"C:\\Windows\\System32\\services.exe","ParentProcessGuid":"{B4ABFB78-F045-2026-BDC6-5422B25F1893}","OriginalFileName":"C:\\Windows\\explorer.exe"}
{"UtcTime":"2026-08-12 14:51:56.000","Computer":"CLM-MESA-014","User":"CLM\\mesa","EventID":11,"Image":"C:\\Windows\\System32\\RuntimeBroker.exe","ProcessGuid":"{C7953C8B-58CC-2026-CF8F-F72CBF68E70A}","ProcessId":8625,"TargetFilename":"C:\\Users\\Public\\Temp\\mesa-2516.tmp"}
{"UtcTime":"2026-08-12 14:51:57.000","Computer":"CLM-MESA-014","User":"CLM\\mesa","EventID":1,"Image":"C:\\Windows\\System32\\conhost.exe","ProcessGuid":"{AB4585F0-BE5C-2026-7F51-D337246BB30B}","ProcessId":1766,"CommandLine":"C:\\Windows\\System32\\conhost.exe","ParentImage":"C:\\Windows\\System32\\services.exe","ParentProcessGuid":"{50EF820E-BE95-2026-7C43-FD32F18706BF}","OriginalFileName":"C:\\Windows\\System32\\conhost.exe"}
{"UtcTime":"2026-08-12 14:51:58.000","Computer":"CLM-MESA-014","User":"CLM\\mesa","EventID":1,"Image":"C:\\Windows\\System32\\RuntimeBroker.exe","ProcessGuid":"{1E26936A-D511-2026-49BF-AFFADBADD54F}","ProcessId":4819,"CommandLine":"C:\\Windows\\System32\\RuntimeBroker.exe","ParentImage":"C:\\Windows\\System32\\services.exe","ParentProcessGuid":"{F9B7DC26-1BF1-2026-9DE7-293CD0897E27}","OriginalFileName":"C:\\Windows\\System32\\RuntimeBroker.exe"}
{"UtcTime":"2026-08-12 14:51:59.000","Computer":"CLM-MESA-014","User":"CLM\\backoffice","EventID":5,"Image":"C:\\Windows\\System32\\RuntimeBroker.exe","ProcessGuid":"{F9359876-4D83-2026-AD4A-BD9804715E33}","ProcessId":1579,"EventType":"End"}
{"UtcTime":"2026-08-12 14:52:00.000","Computer":"CLM-MESA-014","User":"CLM\\mesa","EventID":1,"Image":"C:\\Program Files\\Microsoft Office\\Office16\\EXCEL.EXE","ProcessGuid":"{64917388-B70A-2026-827E-3FE8CEDF45AA}","ProcessId":2517,"CommandLine":"C:\\Program Files\\Microsoft Office\\Office16\\EXCEL.EXE","ParentImage":"C:\\Windows\\System32\\services.exe","ParentProcessGuid":"{A7AF3E8D-E070-2026-81D8-F0DE5DBDAF84}","OriginalFileName":"C:\\Program Files\\Microsoft Office\\Office16\\EXCEL.EXE"}
{"UtcTime":"2026-08-12 14:52:01.000","Computer":"CLM-MESA-014","User":"CLM\\ops","EventID":1,"Image":"C:\\Program Files\\Google\\Chrome\\Application\\chrome.exe","ProcessGuid":"{5BD68187-3AC5-2026-BFFD-6AD1DF9A287E}","ProcessId":2313,"CommandLine":"C:\\Program Files\\Google\\Chrome\\Application\\chrome.exe","ParentImage":"C:\\Windows\\System32\\services.exe","ParentProcessGuid":"{67080D93-C0CB-2026-0607-63290EC119F9}","OriginalFileName":"C:\\Program Files\\Google\\Chrome\\Application\\chrome.exe"}
{"UtcTime":"2026-08-12 14:52:02.000","Computer":"CLM-MESA-014","User":"CLM\\ops","EventID":1,"Image":"C:\\Windows\\explorer.exe","ProcessGuid":"{EAFE374D-D34C-2026-7BAA-09C0759D3FD7}","ProcessId":8337,"CommandLine":"C:\\Windows\\explorer.exe","ParentImage":"C:\\Windows\\System32\\services.exe","ParentProcessGuid":"{F33E144B-73CC-2026-85E8-050293F0D407}","OriginalFileName":"C:\\Windows\\explorer.exe"}
{"UtcTime":"2026-08-12 14:52:03.000","Computer":"CLM-MESA-014","User":"CLM\\ops","EventID":1,"Image":"C:\\Windows\\System32\\RuntimeBroker.exe","ProcessGuid":"{5F1048FC-CCFA-2026-0160-0E56330AD80F}","ProcessId":8037,"CommandLine":"C:\\Windows\\System32\\RuntimeBroker.exe","ParentImage":"C:\\Windows\\System32\\services.exe","ParentProcessGuid":"{76620D09-4780-2026-C7C4-397CB3617D1F}","OriginalFileName":"C:\\Windows\\System32\\RuntimeBroker.exe"}
{"UtcTime":"2026-08-12 14:52:04.000","Computer":"CLM-MESA-014","User":"CLM\\backoffice","EventID":5,"Image":"C:\\Program Files\\Google\\Chrome\\Application\\chrome.exe","ProcessGuid":"{E512228D-02C0-2026-3787-4336967ADAA3}","ProcessId":5995,"EventType":"End"}
{"UtcTime":"2026-08-12 14:52:05.000","Computer":"CLM-MESA-014","User":"CLM\\mesa","EventID":13,"Image":"C:\\Windows\\System32\\svchost.exe","ProcessGuid":"{C121E6DA-F59E-2026-A79D-7CACE10FC2C6}","ProcessId":6728,"EventType":"SetValue","TargetObject":"HKCU\\Software\\CLM\\Mesa\\Pref\\2525","Details":"1"}
{"UtcTime":"2026-08-12 14:52:06.000","Computer":"CLM-MESA-014","User":"CLM\\backoffice","EventID":1,"Image":"C:\\Windows\\System32\\svchost.exe","ProcessGuid":"{DEC3A160-8A2D-2026-E60A-960FD77DD447}","ProcessId":1493,"CommandLine":"C:\\Windows\\System32\\svchost.exe","ParentImage":"C:\\Windows\\System32\\services.exe","ParentProcessGuid":"{00CF1686-E96B-2026-E4D4-848F87254852}","OriginalFileName":"C:\\Windows\\System32\\svchost.exe"}
{"UtcTime":"2026-08-12 14:52:07.000","Computer":"CLM-MESA-014","User":"CLM\\mesa","EventID":1,"Image":"C:\\Windows\\System32\\conhost.exe","ProcessGuid":"{E1D4DB32-2D5B-2026-8246-4E119898002C}","ProcessId":8622,"CommandLine":"C:\\Windows\\System32\\conhost.exe","ParentImage":"C:\\Windows\\System32\\services.exe","ParentProcessGuid":"{81308FE1-6468-2026-E7BD-83B76C5DC705}","OriginalFileName":"C:\\Windows\\System32\\conhost.exe"}
{"UtcTime":"2026-08-12 14:52:08.000","Computer":"CLM-MESA-014","User":"CLM\\mesa","EventID":1,"Image":"C:\\Windows\\explorer.exe","ProcessGuid":"{D8EAEFCC-9E6A-2026-A3C3-48F4AC731B16}","ProcessId":1172,"CommandLine":"C:\\Windows\\explorer.exe","ParentImage":"C:\\Windows\\System32\\services.exe","ParentProcessGuid":"{16A5A01E-BA09-2026-1CCB-3D2554A4E53E}","OriginalFileName":"C:\\Windows\\explorer.exe"}
{"UtcTime":"2026-08-12 14:52:09.000","Computer":"CLM-MESA-014","User":"CLM\\backoffice","EventID":1,"Image":"C:\\Windows\\System32\\conhost.exe","ProcessGuid":"{71ED6A11-56DF-2026-E548-CE31DE6CB5EF}","ProcessId":431,"CommandLine":"C:\\Windows\\System32\\conhost.exe","ParentImage":"C:\\Windows\\System32\\services.exe","ParentProcessGuid":"{94D5BA7C-8EEA-2026-4360-8B0C97DEAB8E}","OriginalFileName":"C:\\Windows\\System32\\conhost.exe"}
{"UtcTime":"2026-08-12 14:52:10.000","Computer":"CLM-MESA-014","User":"CLM\\ops","EventID":13,"Image":"C:\\Windows\\System32\\conhost.exe","ProcessGuid":"{A69252BE-8378-2026-6798-2CE8822E44DC}","ProcessId":8980,"EventType":"SetValue","TargetObject":"HKCU\\Software\\CLM\\Mesa\\Pref\\2530","Details":"1"}
{"UtcTime":"2026-08-12 14:52:11.000","Computer":"CLM-MESA-014","User":"CLM\\backoffice","EventID":1,"Image":"C:\\Program Files\\Google\\Chrome\\Application\\chrome.exe","ProcessGuid":"{2D2C9AAB-63C7-2026-1A5F-0E3E216E217A}","ProcessId":8094,"CommandLine":"C:\\Program Files\\Google\\Chrome\\Application\\chrome.exe","ParentImage":"C:\\Windows\\System32\\services.exe","ParentProcessGuid":"{A5B0801E-E076-2026-425E-160B463773F3}","OriginalFileName":"C:\\Program Files\\Google\\Chrome\\Application\\chrome.exe"}
{"UtcTime":"2026-08-12 14:52:12.000","Computer":"CLM-MESA-014","User":"CLM\\backoffice","EventID":3,"Image":"C:\\Windows\\System32\\conhost.exe","ProcessGuid":"{8BA0F5C1-4DA1-2026-4651-C91B59C88F4E}","ProcessId":732,"DestinationIp":"10.70.30.8","DestinationPort":135,"DestinationHostname":"portal.clm.liquidacao","SourceIp":"10.70.30.14","Protocol":"tcp"}
{"UtcTime":"2026-08-12 14:52:13.000","Computer":"CLM-MESA-014","User":"CLM\\backoffice","EventID":1,"Image":"C:\\Windows\\explorer.exe","ProcessGuid":"{A630AC96-2105-2026-61C5-42B3E452D8F3}","ProcessId":7426,"CommandLine":"C:\\Windows\\explorer.exe","ParentImage":"C:\\Windows\\System32\\services.exe","ParentProcessGuid":"{E4AA56C2-29C5-2026-7D64-CDFB682447DD}","OriginalFileName":"C:\\Windows\\explorer.exe"}
{"UtcTime":"2026-08-12 14:52:14.000","Computer":"CLM-MESA-014","User":"CLM\\backoffice","EventID":11,"Image":"C:\\Windows\\System32\\RuntimeBroker.exe","ProcessGuid":"{6C1AF58F-F9C7-2026-878E-806671041663}","ProcessId":7360,"TargetFilename":"C:\\Users\\Public\\Temp\\mesa-2534.tmp"}
{"UtcTime":"2026-08-12 14:52:15.000","Computer":"CLM-MESA-014","User":"CLM\\backoffice","EventID":3,"Image":"C:\\Program Files\\Microsoft Office\\Office16\\EXCEL.EXE","ProcessGuid":"{FFD1858A-2C1E-2026-40F3-7CDFCFDA6404}","ProcessId":423,"DestinationIp":"1.1.1.1","DestinationPort":135,"DestinationHostname":"ntp.clm.liquidacao","SourceIp":"10.70.30.14","Protocol":"tcp"}
{"UtcTime":"2026-08-12 14:52:16.000","Computer":"CLM-MESA-014","User":"CLM\\backoffice","EventID":11,"Image":"C:\\Windows\\System32\\RuntimeBroker.exe","ProcessGuid":"{0770BA90-D22C-2026-B37D-7B38A4E37137}","ProcessId":470,"TargetFilename":"C:\\Users\\Public\\Temp\\mesa-2536.tmp"}
{"UtcTime":"2026-08-12 14:52:17.000","Computer":"CLM-MESA-014","User":"CLM\\ops","EventID":1,"Image":"C:\\Windows\\System32\\svchost.exe","ProcessGuid":"{81BA5092-44DF-2026-79F0-767D1B331606}","ProcessId":4248,"CommandLine":"C:\\Windows\\System32\\svchost.exe","ParentImage":"C:\\Windows\\System32\\services.exe","ParentProcessGuid":"{1382EC65-EE9A-2026-F9BA-2B04FB21B8B7}","OriginalFileName":"C:\\Windows\\System32\\svchost.exe"}
{"UtcTime":"2026-08-12 14:52:18.000","Computer":"CLM-MESA-014","User":"CLM\\mesa","EventID":3,"Image":"C:\\Program Files\\Microsoft Office\\Office16\\EXCEL.EXE","ProcessGuid":"{C5593994-2046-2026-0CE9-33AD92E4DB8F}","ProcessId":3601,"DestinationIp":"8.8.8.8","DestinationPort":53,"DestinationHostname":"portal.clm.liquidacao","SourceIp":"10.70.30.14","Protocol":"tcp"}
{"UtcTime":"2026-08-12 14:52:19.000","Computer":"CLM-MESA-014","User":"CLM\\backoffice","EventID":3,"Image":"C:\\Program Files\\Microsoft Office\\Office16\\EXCEL.EXE","ProcessGuid":"{F75031AA-31EE-2026-DA9C-57589B42EF7F}","ProcessId":2669,"DestinationIp":"1.1.1.1","DestinationPort":53,"DestinationHostname":"portal.clm.liquidacao","SourceIp":"10.70.30.14","Protocol":"tcp"}
{"UtcTime":"2026-08-12 14:52:20.000","Computer":"CLM-MESA-014","User":"CLM\\backoffice","EventID":13,"Image":"C:\\Windows\\System32\\conhost.exe","ProcessGuid":"{038447B2-0FA7-2026-E710-977BF4139766}","ProcessId":7605,"EventType":"SetValue","TargetObject":"HKCU\\Software\\CLM\\Mesa\\Pref\\2540","Details":"1"}
{"UtcTime":"2026-08-12 14:52:21.000","Computer":"CLM-MESA-014","User":"CLM\\ops","EventID":1,"Image":"C:\\Windows\\System32\\conhost.exe","ProcessGuid":"{C4B44736-63BA-2026-B43B-1C6F93EA9048}","ProcessId":533,"CommandLine":"C:\\Windows\\System32\\conhost.exe","ParentImage":"C:\\Windows\\System32\\services.exe","ParentProcessGuid":"{8703CE24-0397-2026-438C-52D7A02233D6}","OriginalFileName":"C:\\Windows\\System32\\conhost.exe"}
{"UtcTime":"2026-08-12 14:52:22.000","Computer":"CLM-MESA-014","User":"CLM\\backoffice","EventID":13,"Image":"C:\\Windows\\System32\\svchost.exe","ProcessGuid":"{10EF7EBA-17FC-2026-C107-A730CC49CDA0}","ProcessId":431,"EventType":"SetValue","TargetObject":"HKCU\\Software\\CLM\\Mesa\\Pref\\2542","Details":"1"}
{"UtcTime":"2026-08-12 14:52:23.000","Computer":"CLM-MESA-014","User":"CLM\\mesa","EventID":13,"Image":"C:\\Program Files\\Microsoft Office\\Office16\\EXCEL.EXE","ProcessGuid":"{09F0363F-E1C4-2026-DFAE-19648BAB4BFE}","ProcessId":6607,"EventType":"SetValue","TargetObject":"HKCU\\Software\\CLM\\Mesa\\Pref\\2543","Details":"1"}
{"UtcTime":"2026-08-12 14:52:24.000","Computer":"CLM-MESA-014","User":"CLM\\backoffice","EventID":3,"Image":"C:\\Windows\\System32\\RuntimeBroker.exe","ProcessGuid":"{D9576B53-8F11-2026-56F8-A7F4DFF1DAF4}","ProcessId":4341,"DestinationIp":"10.70.30.1","DestinationPort":53,"DestinationHostname":"ntp.clm.liquidacao","SourceIp":"10.70.30.14","Protocol":"tcp"}
{"UtcTime":"2026-08-12 14:52:25.000","Computer":"CLM-MESA-014","User":"CLM\\mesa","EventID":5,"Image":"C:\\Program Files\\Google\\Chrome\\Application\\chrome.exe","ProcessGuid":"{09D48058-9F14-2026-5318-16DE1F3856DA}","ProcessId":3017,"EventType":"End"}
{"UtcTime":"2026-08-12 14:52:26.000","Computer":"CLM-MESA-014","User":"CLM\\ops","EventID":1,"Image":"C:\\Windows\\System32\\RuntimeBroker.exe","ProcessGuid":"{26C67377-B52F-2026-5557-AC8461F27108}","ProcessId":1852,"CommandLine":"C:\\Windows\\System32\\RuntimeBroker.exe","ParentImage":"C:\\Windows\\System32\\services.exe","ParentProcessGuid":"{8F42DF67-DE69-2026-65A6-4C43F285EBA3}","OriginalFileName":"C:\\Windows\\System32\\RuntimeBroker.exe"}
{"UtcTime":"2026-08-12 14:52:27.000","Computer":"CLM-MESA-014","User":"CLM\\backoffice","EventID":13,"Image":"C:\\Windows\\System32\\svchost.exe","ProcessGuid":"{2F1E8549-5B8E-2026-A101-C8CEA701D528}","ProcessId":3528,"EventType":"SetValue","TargetObject":"HKCU\\Software\\CLM\\Mesa\\Pref\\2547","Details":"1"}
{"UtcTime":"2026-08-12 14:52:28.000","Computer":"CLM-MESA-014","User":"CLM\\backoffice","EventID":1,"Image":"C:\\Program Files\\Google\\Chrome\\Application\\chrome.exe","ProcessGuid":"{B6924701-18BE-2026-ED54-036604955E33}","ProcessId":7199,"CommandLine":"C:\\Program Files\\Google\\Chrome\\Application\\chrome.exe","ParentImage":"C:\\Windows\\System32\\services.exe","ParentProcessGuid":"{97E112EE-BA75-2026-2079-50D133EC8457}","OriginalFileName":"C:\\Program Files\\Google\\Chrome\\Application\\chrome.exe"}
{"UtcTime":"2026-08-12 14:52:29.000","Computer":"CLM-MESA-014","User":"CLM\\ops","EventID":1,"Image":"C:\\Windows\\System32\\RuntimeBroker.exe","ProcessGuid":"{F4A33C83-31F4-2026-E62C-71596CCBC061}","ProcessId":7375,"CommandLine":"C:\\Windows\\System32\\RuntimeBroker.exe","ParentImage":"C:\\Windows\\System32\\services.exe","ParentProcessGuid":"{CD3097D5-30D8-2026-797C-6F163E0D629A}","OriginalFileName":"C:\\Windows\\System32\\RuntimeBroker.exe"}
{"UtcTime":"2026-08-12 14:52:30.000","Computer":"CLM-MESA-014","User":"CLM\\mesa","EventID":1,"Image":"C:\\Windows\\System32\\conhost.exe","ProcessGuid":"{17A2FD6F-C58C-2026-420B-B98C36760588}","ProcessId":5065,"CommandLine":"C:\\Windows\\System32\\conhost.exe","ParentImage":"C:\\Windows\\System32\\services.exe","ParentProcessGuid":"{15871EFD-833D-2026-E18C-8C3E91E6020C}","OriginalFileName":"C:\\Windows\\System32\\conhost.exe"}
{"UtcTime":"2026-08-12 14:52:31.000","Computer":"CLM-MESA-014","User":"CLM\\mesa","EventID":1,"Image":"C:\\Program Files\\Microsoft Office\\Office16\\EXCEL.EXE","ProcessGuid":"{87EA5C8C-A7DC-2026-6739-B51F123A8A8F}","ProcessId":7381,"CommandLine":"C:\\Program Files\\Microsoft Office\\Office16\\EXCEL.EXE","ParentImage":"C:\\Windows\\System32\\services.exe","ParentProcessGuid":"{3BFEE7AB-9E9E-2026-CDA6-564953390158}","OriginalFileName":"C:\\Program Files\\Microsoft Office\\Office16\\EXCEL.EXE"}
{"UtcTime":"2026-08-12 14:52:32.000","Computer":"CLM-MESA-014","User":"CLM\\ops","EventID":13,"Image":"C:\\Program Files\\Microsoft Office\\Office16\\EXCEL.EXE","ProcessGuid":"{B6CA3982-5D40-2026-7A6B-1FB54E793F9F}","ProcessId":4750,"EventType":"SetValue","TargetObject":"HKCU\\Software\\CLM\\Mesa\\Pref\\2552","Details":"1"}
{"UtcTime":"2026-08-12 14:52:33.000","Computer":"CLM-MESA-014","User":"CLM\\backoffice","EventID":11,"Image":"C:\\Windows\\System32\\RuntimeBroker.exe","ProcessGuid":"{BFDB6AD6-C5A8-2026-52F2-521516CE9CEA}","ProcessId":6607,"TargetFilename":"C:\\Users\\Public\\Temp\\mesa-2553.tmp"}
{"UtcTime":"2026-08-12 14:52:34.000","Computer":"CLM-MESA-014","User":"CLM\\mesa","EventID":13,"Image":"C:\\Program Files\\Google\\Chrome\\Application\\chrome.exe","ProcessGuid":"{D8F201CB-86C7-2026-66A9-525C1FA2B794}","ProcessId":2745,"EventType":"SetValue","TargetObject":"HKCU\\Software\\CLM\\Mesa\\Pref\\2554","Details":"1"}
{"UtcTime":"2026-08-12 14:52:35.000","Computer":"CLM-MESA-014","User":"CLM\\backoffice","EventID":3,"Image":"C:\\Program Files\\Google\\Chrome\\Application\\chrome.exe","ProcessGuid":"{A216553B-AC18-2026-43CB-F8E322389744}","ProcessId":1721,"DestinationIp":"10.70.30.1","DestinationPort":135,"DestinationHostname":"portal.clm.liquidacao","SourceIp":"10.70.30.14","Protocol":"tcp"}
{"UtcTime":"2026-08-12 14:52:36.000","Computer":"CLM-MESA-014","User":"CLM\\backoffice","EventID":11,"Image":"C:\\Program Files\\Microsoft Office\\Office16\\EXCEL.EXE","ProcessGuid":"{D84A7E37-477D-2026-77B0-31A932EA82C3}","ProcessId":6897,"TargetFilename":"C:\\Users\\Public\\Temp\\mesa-2556.tmp"}
{"UtcTime":"2026-08-12 14:52:37.000","Computer":"CLM-MESA-014","User":"CLM\\backoffice","EventID":3,"Image":"C:\\Program Files\\Google\\Chrome\\Application\\chrome.exe","ProcessGuid":"{E7626E9C-B85E-2026-2164-07D51184CD91}","ProcessId":8930,"DestinationIp":"10.70.30.1","DestinationPort":135,"DestinationHostname":"portal.clm.liquidacao","SourceIp":"10.70.30.14","Protocol":"tcp"}
{"UtcTime":"2026-08-12 14:52:38.000","Computer":"CLM-MESA-014","User":"CLM\\mesa","EventID":1,"Image":"C:\\Windows\\System32\\svchost.exe","ProcessGuid":"{AD3B100C-3875-2026-9310-A25792EEC23F}","ProcessId":3797,"CommandLine":"C:\\Windows\\System32\\svchost.exe","ParentImage":"C:\\Windows\\System32\\services.exe","ParentProcessGuid":"{C4B2147E-8225-2026-A77F-33CE193B8BA6}","OriginalFileName":"C:\\Windows\\System32\\svchost.exe"}
{"UtcTime":"2026-08-12 14:52:39.000","Computer":"CLM-MESA-014","User":"CLM\\backoffice","EventID":1,"Image":"C:\\Windows\\System32\\conhost.exe","ProcessGuid":"{10DC5FCB-B240-2026-024D-ED3610C14E77}","ProcessId":5936,"CommandLine":"C:\\Windows\\System32\\conhost.exe","ParentImage":"C:\\Windows\\System32\\services.exe","ParentProcessGuid":"{4935FB43-5DE9-2026-1DC1-69582F064E9A}","OriginalFileName":"C:\\Windows\\System32\\conhost.exe"}
{"UtcTime":"2026-08-12 14:52:40.000","Computer":"CLM-MESA-014","User":"CLM\\backoffice","EventID":11,"Image":"C:\\Windows\\System32\\conhost.exe","ProcessGuid":"{99756D23-7A3F-2026-911B-6A0005DB813E}","ProcessId":5444,"TargetFilename":"C:\\Users\\Public\\Temp\\mesa-2560.tmp"}
{"UtcTime":"2026-08-12 14:52:41.000","Computer":"CLM-MESA-014","User":"CLM\\ops","EventID":1,"Image":"C:\\Program Files\\Google\\Chrome\\Application\\chrome.exe","ProcessGuid":"{D48FAC3C-E46E-2026-CB11-171CE06E5448}","ProcessId":482,"CommandLine":"C:\\Program Files\\Google\\Chrome\\Application\\chrome.exe","ParentImage":"C:\\Windows\\System32\\services.exe","ParentProcessGuid":"{E5D17A77-77FB-2026-4BD9-77EA0BAB5835}","OriginalFileName":"C:\\Program Files\\Google\\Chrome\\Application\\chrome.exe"}
{"UtcTime":"2026-08-12 14:52:42.000","Computer":"CLM-MESA-014","User":"CLM\\mesa","EventID":11,"Image":"C:\\Windows\\explorer.exe","ProcessGuid":"{2258B1C2-17D9-2026-BE73-6D02E78A1D1F}","ProcessId":8264,"TargetFilename":"C:\\Users\\Public\\Temp\\mesa-2562.tmp"}
{"UtcTime":"2026-08-12 14:52:43.000","Computer":"CLM-MESA-014","User":"CLM\\backoffice","EventID":3,"Image":"C:\\Windows\\System32\\svchost.exe","ProcessGuid":"{9D24C2DD-014B-2026-2504-1CE2FC4EBAE7}","ProcessId":3021,"DestinationIp":"8.8.8.8","DestinationPort":53,"DestinationHostname":"portal.clm.liquidacao","SourceIp":"10.70.30.14","Protocol":"tcp"}
{"UtcTime":"2026-08-12 14:52:44.000","Computer":"CLM-MESA-014","User":"CLM\\mesa","EventID":1,"Image":"C:\\Program Files\\Google\\Chrome\\Application\\chrome.exe","ProcessGuid":"{5D5622D6-7CB8-2026-0BF1-BCF2FCA6CBCC}","ProcessId":5314,"CommandLine":"C:\\Program Files\\Google\\Chrome\\Application\\chrome.exe","ParentImage":"C:\\Windows\\System32\\services.exe","ParentProcessGuid":"{7C197334-A0E5-2026-7D6A-441BC0D35129}","OriginalFileName":"C:\\Program Files\\Google\\Chrome\\Application\\chrome.exe"}
{"UtcTime":"2026-08-12 14:52:45.000","Computer":"CLM-MESA-014","User":"CLM\\ops","EventID":1,"Image":"C:\\Windows\\System32\\conhost.exe","ProcessGuid":"{D493B344-CD6A-2026-B4F2-5596CDF46A05}","ProcessId":4748,"CommandLine":"C:\\Windows\\System32\\conhost.exe","ParentImage":"C:\\Windows\\System32\\services.exe","ParentProcessGuid":"{52E858E5-9BE9-2026-CA60-E4BA0F600C89}","OriginalFileName":"C:\\Windows\\System32\\conhost.exe"}
{"UtcTime":"2026-08-12 14:52:46.000","Computer":"CLM-MESA-014","User":"CLM\\mesa","EventID":5,"Image":"C:\\Windows\\explorer.exe","ProcessGuid":"{CFDD697B-5DA1-2026-B6BB-B4CB166A94D3}","ProcessId":7913,"EventType":"End"}
{"UtcTime":"2026-08-12 14:52:47.000","Computer":"CLM-MESA-014","User":"CLM\\backoffice","EventID":11,"Image":"C:\\Program Files\\Microsoft Office\\Office16\\EXCEL.EXE","ProcessGuid":"{D277F9DC-9C39-2026-3F91-AD7DC23579AC}","ProcessId":1995,"TargetFilename":"C:\\Users\\Public\\Temp\\mesa-2567.tmp"}
{"UtcTime":"2026-08-12 14:52:48.000","Computer":"CLM-MESA-014","User":"CLM\\mesa","EventID":1,"Image":"C:\\Windows\\System32\\conhost.exe","ProcessGuid":"{72DA2A10-43AE-2026-7B6A-AF27DB6346D3}","ProcessId":3284,"CommandLine":"C:\\Windows\\System32\\conhost.exe","ParentImage":"C:\\Windows\\System32\\services.exe","ParentProcessGuid":"{1CECEEFD-7193-2026-5AF1-78682E0761F8}","OriginalFileName":"C:\\Windows\\System32\\conhost.exe"}
{"UtcTime":"2026-08-12 14:52:49.000","Computer":"CLM-MESA-014","User":"CLM\\mesa","EventID":3,"Image":"C:\\Windows\\System32\\svchost.exe","ProcessGuid":"{789D7C78-76B3-2026-38C7-7A3CC17D5B00}","ProcessId":3864,"DestinationIp":"10.70.30.8","DestinationPort":443,"DestinationHostname":"portal.clm.liquidacao","SourceIp":"10.70.30.14","Protocol":"tcp"}
{"UtcTime":"2026-08-12 14:52:50.000","Computer":"CLM-MESA-014","User":"CLM\\backoffice","EventID":13,"Image":"C:\\Program Files\\Microsoft Office\\Office16\\EXCEL.EXE","ProcessGuid":"{EBFE89E3-4C3F-2026-160E-5F626643E402}","ProcessId":2649,"EventType":"SetValue","TargetObject":"HKCU\\Software\\CLM\\Mesa\\Pref\\2570","Details":"1"}
{"UtcTime":"2026-08-12 14:52:51.000","Computer":"CLM-MESA-014","User":"CLM\\backoffice","EventID":5,"Image":"C:\\Windows\\System32\\svchost.exe","ProcessGuid":"{9482B7B2-755B-2026-304A-A0B44A520757}","ProcessId":3123,"EventType":"End"}
{"UtcTime":"2026-08-12 14:52:52.000","Computer":"CLM-MESA-014","User":"CLM\\mesa","EventID":3,"Image":"C:\\Windows\\System32\\svchost.exe","ProcessGuid":"{85054C5B-FB4E-2026-EE99-A5F80FE7A114}","ProcessId":3398,"DestinationIp":"8.8.8.8","DestinationPort":8080,"DestinationHostname":"portal.clm.liquidacao","SourceIp":"10.70.30.14","Protocol":"tcp"}
{"UtcTime":"2026-08-12 14:52:53.000","Computer":"CLM-MESA-014","User":"CLM\\ops","EventID":3,"Image":"C:\\Windows\\explorer.exe","ProcessGuid":"{D4FA2F5F-7C5B-2026-09C6-AF85EECA1A46}","ProcessId":1276,"DestinationIp":"10.70.30.1","DestinationPort":53,"DestinationHostname":"ntp.clm.liquidacao","SourceIp":"10.70.30.14","Protocol":"tcp"}
{"UtcTime":"2026-08-12 14:52:54.000","Computer":"CLM-MESA-014","User":"CLM\\ops","EventID":1,"Image":"C:\\Windows\\System32\\RuntimeBroker.exe","ProcessGuid":"{51C60EF3-409E-2026-2E7A-592F75F12AE0}","ProcessId":4178,"CommandLine":"C:\\Windows\\System32\\RuntimeBroker.exe","ParentImage":"C:\\Windows\\System32\\services.exe","ParentProcessGuid":"{5C21EAE0-5EF4-2026-AD46-7C097AA80B24}","OriginalFileName":"C:\\Windows\\System32\\RuntimeBroker.exe"}
{"UtcTime":"2026-08-12 14:52:55.000","Computer":"CLM-MESA-014","User":"CLM\\mesa","EventID":13,"Image":"C:\\Windows\\System32\\svchost.exe","ProcessGuid":"{AAA00279-C80D-2026-664D-E4427E89B88F}","ProcessId":1714,"EventType":"SetValue","TargetObject":"HKCU\\Software\\CLM\\Mesa\\Pref\\2575","Details":"1"}
{"UtcTime":"2026-08-12 14:52:56.000","Computer":"CLM-MESA-014","User":"CLM\\ops","EventID":1,"Image":"C:\\Windows\\explorer.exe","ProcessGuid":"{4CB622E8-93F5-2026-74B4-CD20C183218E}","ProcessId":3044,"CommandLine":"C:\\Windows\\explorer.exe","ParentImage":"C:\\Windows\\System32\\services.exe","ParentProcessGuid":"{960B6F32-EB9A-2026-5728-B827E3FE5BB3}","OriginalFileName":"C:\\Windows\\explorer.exe"}
{"UtcTime":"2026-08-12 14:52:57.000","Computer":"CLM-MESA-014","User":"CLM\\backoffice","EventID":11,"Image":"C:\\Windows\\System32\\conhost.exe","ProcessGuid":"{CB7FAB93-C46C-2026-A277-88F219677F13}","ProcessId":3157,"TargetFilename":"C:\\Users\\Public\\Temp\\mesa-2577.tmp"}
{"UtcTime":"2026-08-12 14:52:58.000","Computer":"CLM-MESA-014","User":"CLM\\ops","EventID":13,"Image":"C:\\Windows\\explorer.exe","ProcessGuid":"{1DAE1002-A7BA-2026-9AED-895672FC3422}","ProcessId":3424,"EventType":"SetValue","TargetObject":"HKCU\\Software\\CLM\\Mesa\\Pref\\2578","Details":"1"}
{"UtcTime":"2026-08-12 14:52:59.000","Computer":"CLM-MESA-014","User":"CLM\\backoffice","EventID":1,"Image":"C:\\Program Files\\Microsoft Office\\Office16\\EXCEL.EXE","ProcessGuid":"{59538D79-A1C6-2026-791F-0E730BF7663C}","ProcessId":7646,"CommandLine":"C:\\Program Files\\Microsoft Office\\Office16\\EXCEL.EXE","ParentImage":"C:\\Windows\\System32\\services.exe","ParentProcessGuid":"{EB22417E-23E0-2026-4E52-BD8765D71A88}","OriginalFileName":"C:\\Program Files\\Microsoft Office\\Office16\\EXCEL.EXE"}
{"UtcTime":"2026-08-12 14:53:00.000","Computer":"CLM-MESA-014","User":"CLM\\ops","EventID":13,"Image":"C:\\Windows\\System32\\conhost.exe","ProcessGuid":"{8844DE3C-05A3-2026-CC47-3B2D2AF2A55C}","ProcessId":1505,"EventType":"SetValue","TargetObject":"HKCU\\Software\\CLM\\Mesa\\Pref\\2580","Details":"1"}
{"UtcTime":"2026-08-12 14:53:01.000","Computer":"CLM-MESA-014","User":"CLM\\backoffice","EventID":13,"Image":"C:\\Program Files\\Microsoft Office\\Office16\\EXCEL.EXE","ProcessGuid":"{FDA3E6E7-B091-2026-61B3-CB679D1BC946}","ProcessId":7856,"EventType":"SetValue","TargetObject":"HKCU\\Software\\CLM\\Mesa\\Pref\\2581","Details":"1"}
{"UtcTime":"2026-08-12 14:53:02.000","Computer":"CLM-MESA-014","User":"CLM\\mesa","EventID":1,"Image":"C:\\Windows\\System32\\RuntimeBroker.exe","ProcessGuid":"{BCE2FC38-1436-2026-C9C9-AA4A05F62893}","ProcessId":6168,"CommandLine":"C:\\Windows\\System32\\RuntimeBroker.exe","ParentImage":"C:\\Windows\\System32\\services.exe","ParentProcessGuid":"{37EBA434-A4B8-2026-B95A-05AE9EBF9011}","OriginalFileName":"C:\\Windows\\System32\\RuntimeBroker.exe"}
{"UtcTime":"2026-08-12 14:53:03.000","Computer":"CLM-MESA-014","User":"CLM\\mesa","EventID":13,"Image":"C:\\Program Files\\Microsoft Office\\Office16\\EXCEL.EXE","ProcessGuid":"{7F811BE0-912D-2026-85CC-D733C3A80251}","ProcessId":8796,"EventType":"SetValue","TargetObject":"HKCU\\Software\\CLM\\Mesa\\Pref\\2583","Details":"1"}
{"UtcTime":"2026-08-12 14:53:04.000","Computer":"CLM-MESA-014","User":"CLM\\mesa","EventID":1,"Image":"C:\\Windows\\System32\\RuntimeBroker.exe","ProcessGuid":"{3F793FED-1869-2026-1C0A-B773C63E5D39}","ProcessId":5462,"CommandLine":"C:\\Windows\\System32\\RuntimeBroker.exe","ParentImage":"C:\\Windows\\System32\\services.exe","ParentProcessGuid":"{3A00746E-5B4F-2026-92A0-3FEEF90382E5}","OriginalFileName":"C:\\Windows\\System32\\RuntimeBroker.exe"}
{"UtcTime":"2026-08-12 14:53:05.000","Computer":"CLM-MESA-014","User":"CLM\\ops","EventID":1,"Image":"C:\\Windows\\System32\\svchost.exe","ProcessGuid":"{4943E316-5BAE-2026-8DFC-7E59D96530ED}","ProcessId":5384,"CommandLine":"C:\\Windows\\System32\\svchost.exe","ParentImage":"C:\\Windows\\System32\\services.exe","ParentProcessGuid":"{B88AD05C-63D8-2026-03C3-50E143F62ED6}","OriginalFileName":"C:\\Windows\\System32\\svchost.exe"}
{"UtcTime":"2026-08-12 14:53:06.000","Computer":"CLM-MESA-014","User":"CLM\\mesa","EventID":11,"Image":"C:\\Windows\\System32\\RuntimeBroker.exe","ProcessGuid":"{D24E253C-E379-2026-8790-BC07DE9BB417}","ProcessId":6949,"TargetFilename":"C:\\Users\\Public\\Temp\\mesa-2586.tmp"}
{"UtcTime":"2026-08-12 14:53:07.000","Computer":"CLM-MESA-014","User":"CLM\\mesa","EventID":5,"Image":"C:\\Windows\\explorer.exe","ProcessGuid":"{BB27D089-6199-2026-1F3E-254B9F07FD8E}","ProcessId":6753,"EventType":"End"}
{"UtcTime":"2026-08-12 14:53:08.000","Computer":"CLM-MESA-014","User":"CLM\\mesa","EventID":1,"Image":"C:\\Program Files\\Microsoft Office\\Office16\\EXCEL.EXE","ProcessGuid":"{8B38CE34-BB91-2026-51D6-80D293AA8A01}","ProcessId":696,"CommandLine":"C:\\Program Files\\Microsoft Office\\Office16\\EXCEL.EXE","ParentImage":"C:\\Windows\\System32\\services.exe","ParentProcessGuid":"{EB804207-1FD4-2026-B853-AAB9463A5D64}","OriginalFileName":"C:\\Program Files\\Microsoft Office\\Office16\\EXCEL.EXE"}
{"UtcTime":"2026-08-12 14:53:09.000","Computer":"CLM-MESA-014","User":"CLM\\ops","EventID":11,"Image":"C:\\Windows\\explorer.exe","ProcessGuid":"{8F54853E-93B5-2026-7855-C164B4B4B577}","ProcessId":1606,"TargetFilename":"C:\\Users\\Public\\Temp\\mesa-2589.tmp"}
{"UtcTime":"2026-08-12 14:53:10.000","Computer":"CLM-MESA-014","User":"CLM\\mesa","EventID":1,"Image":"C:\\Windows\\System32\\conhost.exe","ProcessGuid":"{7894B1BE-E1EF-2026-3E96-5D623A630EB5}","ProcessId":8291,"CommandLine":"C:\\Windows\\System32\\conhost.exe","ParentImage":"C:\\Windows\\System32\\services.exe","ParentProcessGuid":"{C9E9F524-C04B-2026-D307-311B86AF02E6}","OriginalFileName":"C:\\Windows\\System32\\conhost.exe"}
{"UtcTime":"2026-08-12 14:53:11.000","Computer":"CLM-MESA-014","User":"CLM\\backoffice","EventID":5,"Image":"C:\\Program Files\\Google\\Chrome\\Application\\chrome.exe","ProcessGuid":"{778F56CD-7E03-2026-B845-8FDF4C85E87D}","ProcessId":7784,"EventType":"End"}
{"UtcTime":"2026-08-12 14:53:12.000","Computer":"CLM-MESA-014","User":"CLM\\ops","EventID":5,"Image":"C:\\Program Files\\Microsoft Office\\Office16\\EXCEL.EXE","ProcessGuid":"{9DED695B-B650-2026-E5DE-55E00383983D}","ProcessId":7922,"EventType":"End"}
{"UtcTime":"2026-08-12 14:53:13.000","Computer":"CLM-MESA-014","User":"CLM\\ops","EventID":5,"Image":"C:\\Windows\\System32\\conhost.exe","ProcessGuid":"{7E2F4FB1-93B2-2026-07CD-4F12AC391231}","ProcessId":722,"EventType":"End"}
{"UtcTime":"2026-08-12 14:53:14.000","Computer":"CLM-MESA-014","User":"CLM\\backoffice","EventID":11,"Image":"C:\\Windows\\System32\\RuntimeBroker.exe","ProcessGuid":"{BBFC5BDE-98B0-2026-1D2A-6B3A4F0FB210}","ProcessId":8712,"TargetFilename":"C:\\Users\\Public\\Temp\\mesa-2594.tmp"}
{"UtcTime":"2026-08-12 14:53:15.000","Computer":"CLM-MESA-014","User":"CLM\\mesa","EventID":13,"Image":"C:\\Windows\\explorer.exe","ProcessGuid":"{109B0A55-7E2C-2026-F08B-E07285BC8FAD}","ProcessId":3764,"EventType":"SetValue","TargetObject":"HKCU\\Software\\CLM\\Mesa\\Pref\\2595","Details":"1"}
{"UtcTime":"2026-08-12 14:53:16.000","Computer":"CLM-MESA-014","User":"CLM\\backoffice","EventID":11,"Image":"C:\\Program Files\\Google\\Chrome\\Application\\chrome.exe","ProcessGuid":"{2CA3AF89-5A62-2026-3F66-4BF0CFE91E9F}","ProcessId":2542,"TargetFilename":"C:\\Users\\Public\\Temp\\mesa-2596.tmp"}
{"UtcTime":"2026-08-12 14:53:17.000","Computer":"CLM-MESA-014","User":"CLM\\backoffice","EventID":1,"Image":"C:\\Windows\\System32\\svchost.exe","ProcessGuid":"{1CE80928-19B2-2026-3C36-D43F49D0BDBD}","ProcessId":6821,"CommandLine":"C:\\Windows\\System32\\svchost.exe","ParentImage":"C:\\Windows\\System32\\services.exe","ParentProcessGuid":"{FB562F91-C717-2026-CC21-DD9C1A21E49F}","OriginalFileName":"C:\\Windows\\System32\\svchost.exe"}
{"UtcTime":"2026-08-12 14:53:18.000","Computer":"CLM-MESA-014","User":"CLM\\mesa","EventID":1,"Image":"C:\\Windows\\System32\\RuntimeBroker.exe","ProcessGuid":"{40E083D5-054C-2026-E5DC-478EB27C06AB}","ProcessId":3319,"CommandLine":"C:\\Windows\\System32\\RuntimeBroker.exe","ParentImage":"C:\\Windows\\System32\\services.exe","ParentProcessGuid":"{BB67D80F-63F8-2026-8C3A-4E8D125E1A38}","OriginalFileName":"C:\\Windows\\System32\\RuntimeBroker.exe"}
{"UtcTime":"2026-08-12 14:53:19.000","Computer":"CLM-MESA-014","User":"CLM\\mesa","EventID":11,"Image":"C:\\Program Files\\Microsoft Office\\Office16\\EXCEL.EXE","ProcessGuid":"{D0D651AE-D673-2026-FE72-9B7262D8564B}","ProcessId":3245,"TargetFilename":"C:\\Users\\Public\\Temp\\mesa-2599.tmp"}
{"UtcTime":"2026-08-12 14:53:20.000","Computer":"CLM-MESA-014","User":"CLM\\ops","EventID":1,"Image":"C:\\Program Files\\Microsoft Office\\Office16\\EXCEL.EXE","ProcessGuid":"{1695E206-3A60-2026-7E1A-7F7158C68933}","ProcessId":7451,"CommandLine":"C:\\Program Files\\Microsoft Office\\Office16\\EXCEL.EXE","ParentImage":"C:\\Windows\\System32\\services.exe","ParentProcessGuid":"{F7F0D0C8-80BF-2026-D9FF-50899EBCCDF3}","OriginalFileName":"C:\\Program Files\\Microsoft Office\\Office16\\EXCEL.EXE"}
{"UtcTime":"2026-08-12 14:53:21.000","Computer":"CLM-MESA-014","User":"CLM\\ops","EventID":1,"Image":"C:\\Windows\\System32\\svchost.exe","ProcessGuid":"{03540B8E-0D7C-2026-FA53-50B5D434EE46}","ProcessId":2656,"CommandLine":"C:\\Windows\\System32\\svchost.exe","ParentImage":"C:\\Windows\\System32\\services.exe","ParentProcessGuid":"{31133F59-55CA-2026-D2D1-45FF0D89F9B6}","OriginalFileName":"C:\\Windows\\System32\\svchost.exe"}
{"UtcTime":"2026-08-12 14:53:22.000","Computer":"CLM-MESA-014","User":"CLM\\backoffice","EventID":11,"Image":"C:\\Program Files\\Microsoft Office\\Office16\\EXCEL.EXE","ProcessGuid":"{1CECFD03-FBFF-2026-04EF-AC7B253386C9}","ProcessId":5767,"TargetFilename":"C:\\Users\\Public\\Temp\\mesa-2602.tmp"}
{"UtcTime":"2026-08-12 14:53:23.000","Computer":"CLM-MESA-014","User":"CLM\\backoffice","EventID":3,"Image":"C:\\Windows\\explorer.exe","ProcessGuid":"{854AC9BC-F69B-2026-B28E-042A52BF3425}","ProcessId":1551,"DestinationIp":"10.70.30.1","DestinationPort":53,"DestinationHostname":"portal.clm.liquidacao","SourceIp":"10.70.30.14","Protocol":"tcp"}
{"UtcTime":"2026-08-12 14:53:24.000","Computer":"CLM-MESA-014","User":"CLM\\backoffice","EventID":11,"Image":"C:\\Windows\\System32\\svchost.exe","ProcessGuid":"{F2F64C8B-444F-2026-5C5E-334C42C911E0}","ProcessId":7701,"TargetFilename":"C:\\Users\\Public\\Temp\\mesa-2604.tmp"}
{"UtcTime":"2026-08-12 14:53:25.000","Computer":"CLM-MESA-014","User":"CLM\\ops","EventID":3,"Image":"C:\\Windows\\System32\\RuntimeBroker.exe","ProcessGuid":"{52AF6736-C702-2026-89CB-172D9F1AC614}","ProcessId":1904,"DestinationIp":"10.70.30.1","DestinationPort":135,"DestinationHostname":"ntp.clm.liquidacao","SourceIp":"10.70.30.14","Protocol":"tcp"}
