{"UtcTime":"2026-08-12 14:14:39.000","Computer":"CLM-MESA-014","User":"CLM\\backoffice","EventID":1,"Image":"C:\\Windows\\System32\\conhost.exe","ProcessGuid":"{77B9BDD7-C721-2026-B073-C83A808D4351}","ProcessId":7373,"CommandLine":"C:\\Windows\\System32\\conhost.exe","ParentImage":"C:\\Windows\\System32\\services.exe","ParentProcessGuid":"{1ACC549A-85F0-2026-A95F-90E8B73B6AED}","OriginalFileName":"C:\\Windows\\System32\\conhost.exe"}
{"UtcTime":"2026-08-12 14:14:40.000","Computer":"CLM-MESA-014","User":"CLM\\backoffice","EventID":11,"Image":"C:\\Windows\\System32\\RuntimeBroker.exe","ProcessGuid":"{C6D092D3-D2B0-2026-8375-4E3815E3909B}","ProcessId":6778,"TargetFilename":"C:\\Users\\Public\\Temp\\mesa-280.tmp"}
{"UtcTime":"2026-08-12 14:14:41.000","Computer":"CLM-MESA-014","User":"CLM\\backoffice","EventID":1,"Image":"C:\\Windows\\explorer.exe","ProcessGuid":"{F84606B8-DC5C-2026-E2F1-FDA7F7E54909}","ProcessId":786,"CommandLine":"C:\\Windows\\explorer.exe","ParentImage":"C:\\Windows\\System32\\services.exe","ParentProcessGuid":"{C81817CA-BF8F-2026-21ED-003839C270EE}","OriginalFileName":"C:\\Windows\\explorer.exe"}
{"UtcTime":"2026-08-12 14:14:42.000","Computer":"CLM-MESA-014","User":"CLM\\backoffice","EventID":1,"Image":"C:\\Windows\\explorer.exe","ProcessGuid":"{7284DC8A-C415-2026-D5C7-819057D6D90D}","ProcessId":1532,"CommandLine":"C:\\Windows\\explorer.exe","ParentImage":"C:\\Windows\\System32\\services.exe","ParentProcessGuid":"{5A114B1B-8831-2026-F950-062D8D4D3C27}","OriginalFileName":"C:\\Windows\\explorer.exe"}
{"UtcTime":"2026-08-12 14:14:43.000","Computer":"CLM-MESA-014","User":"CLM\\ops","EventID":1,"Image":"C:\\Windows\\System32\\conhost.exe","ProcessGuid":"{44F7D5D7-73BA-2026-E154-A4BCF00FF7CA}","ProcessId":5434,"CommandLine":"C:\\Windows\\System32\\conhost.exe","ParentImage":"C:\\Windows\\System32\\services.exe","ParentProcessGuid":"{867F550B-7232-2026-A775-064EA5AAB28A}","OriginalFileName":"C:\\Windows\\System32\\conhost.exe"}
{"UtcTime":"2026-08-12 14:14:44.000","Computer":"CLM-MESA-014","User":"CLM\\mesa","EventID":1,"Image":"C:\\Windows\\System32\\RuntimeBroker.exe","ProcessGuid":"{E0EF1A61-E020-2026-66CF-E6BAC6709227}","ProcessId":1721,"CommandLine":"C:\\Windows\\System32\\RuntimeBroker.exe","ParentImage":"C:\\Windows\\System32\\services.exe","ParentProcessGuid":"{D23373B6-C54B-2026-4251-EBBE4BC69B64}","OriginalFileName":"C:\\Windows\\System32\\RuntimeBroker.exe"}
{"UtcTime":"2026-08-12 14:14:45.000","Computer":"CLM-MESA-014","User":"CLM\\mesa","EventID":3,"Image":"C:\\Program Files\\Google\\Chrome\\Application\\chrome.exe","ProcessGuid":"{5F939015-FFD7-2026-BA85-06AE1B2AE49D}","ProcessId":789,"DestinationIp":"8.8.8.8","DestinationPort":443,"DestinationHostname":"portal.clm.liquidacao","SourceIp":"10.70.30.14","Protocol":"tcp"}
{"UtcTime":"2026-08-12 14:14:46.000","Computer":"CLM-MESA-014","User":"CLM\\backoffice","EventID":1,"Image":"C:\\Windows\\explorer.exe","ProcessGuid":"{BA6DFC2F-6F04-2026-A769-D6C3022400FB}","ProcessId":470,"CommandLine":"C:\\Windows\\explorer.exe","ParentImage":"C:\\Windows\\System32\\services.exe","ParentProcessGuid":"{0EECDC0D-F1FA-2026-718A-216B4BA2ED86}","OriginalFileName":"C:\\Windows\\explorer.exe"}
{"UtcTime":"2026-08-12 14:14:47.000","Computer":"CLM-MESA-014","User":"CLM\\ops","EventID":1,"Image":"C:\\Windows\\System32\\conhost.exe","ProcessGuid":"{5A48A816-9B5F-2026-9243-CB4A5B78DAEA}","ProcessId":6877,"CommandLine":"C:\\Windows\\System32\\conhost.exe","ParentImage":"C:\\Windows\\System32\\services.exe","ParentProcessGuid":"{536A0D47-71FF-2026-3510-266CF00705F5}","OriginalFileName":"C:\\Windows\\System32\\conhost.exe"}
{"UtcTime":"2026-08-12 14:14:48.000","Computer":"CLM-MESA-014","User":"CLM\\mesa","EventID":11,"Image":"C:\\Windows\\System32\\svchost.exe","ProcessGuid":"{89E8ECBE-E11D-2026-F2CC-7408904D827B}","ProcessId":8605,"TargetFilename":"C:\\Users\\Public\\Temp\\mesa-288.tmp"}
{"UtcTime":"2026-08-12 14:14:49.000","Computer":"CLM-MESA-014","User":"CLM\\ops","EventID":1,"Image":"C:\\Windows\\explorer.exe","ProcessGuid":"{9F0B2CD8-78A9-2026-5C09-344CE95A81C5}","ProcessId":534,"CommandLine":"C:\\Windows\\explorer.exe","ParentImage":"C:\\Windows\\System32\\services.exe","ParentProcessGuid":"{ECCDFF90-2975-2026-1876-94DD78928769}","OriginalFileName":"C:\\Windows\\explorer.exe"}
{"UtcTime":"2026-08-12 14:14:50.000","Computer":"CLM-MESA-014","User":"CLM\\backoffice","EventID":13,"Image":"C:\\Windows\\System32\\RuntimeBroker.exe","ProcessGuid":"{77FBBEA1-58BD-2026-0FA6-AAAC4492CFAA}","ProcessId":4242,"EventType":"SetValue","TargetObject":"HKCU\\Software\\CLM\\Mesa\\Pref\\290","Details":"1"}
{"UtcTime":"2026-08-12 14:14:51.000","Computer":"CLM-MESA-014","User":"CLM\\mesa","EventID":13,"Image":"C:\\Windows\\System32\\conhost.exe","ProcessGuid":"{2C2A0349-0C0B-2026-65DE-A2A3F33663F3}","ProcessId":4443,"EventType":"SetValue","TargetObject":"HKCU\\Software\\CLM\\Mesa\\Pref\\291","Details":"1"}
{"UtcTime":"2026-08-12 14:14:52.000","Computer":"CLM-MESA-014","User":"CLM\\mesa","EventID":3,"Image":"C:\\Program Files\\Google\\Chrome\\Application\\chrome.exe","ProcessGuid":"{B98760D7-594A-2026-8E98-103E12B8F6C5}","ProcessId":7887,"DestinationIp":"10.70.30.1","DestinationPort":443,"DestinationHostname":"portal.clm.liquidacao","SourceIp":"10.70.30.14","Protocol":"tcp"}
{"UtcTime":"2026-08-12 14:14:53.000","Computer":"CLM-MESA-014","User":"CLM\\mesa","EventID":11,"Image":"C:\\Windows\\System32\\conhost.exe","ProcessGuid":"{9C577790-C0C2-2026-85BB-3C0B705B3D26}","ProcessId":8656,"TargetFilename":"C:\\Users\\Public\\Temp\\mesa-293.tmp"}
{"UtcTime":"2026-08-12 14:14:54.000","Computer":"CLM-MESA-014","User":"CLM\\ops","EventID":5,"Image":"C:\\Windows\\explorer.exe","ProcessGuid":"{3EA3F372-4AC8-2026-29A2-007BFCBD5710}","ProcessId":1140,"EventType":"End"}
{"UtcTime":"2026-08-12 14:14:55.000","Computer":"CLM-MESA-014","User":"CLM\\mesa","EventID":13,"Image":"C:\\Windows\\explorer.exe","ProcessGuid":"{E8F29FA8-76BC-2026-E7E1-DBE73C116E03}","ProcessId":888,"EventType":"SetValue","TargetObject":"HKCU\\Software\\CLM\\Mesa\\Pref\\295","Details":"1"}
{"UtcTime":"2026-08-12 14:14:56.000","Computer":"CLM-MESA-014","User":"CLM\\mesa","EventID":1,"Image":"C:\\Windows\\System32\\svchost.exe","ProcessGuid":"{C0353D2C-9E78-2026-C1B1-516CD30D3FBD}","ProcessId":3352,"CommandLine":"C:\\Windows\\System32\\svchost.exe","ParentImage":"C:\\Windows\\System32\\services.exe","ParentProcessGuid":"{A0822A35-E0B1-2026-DE20-B1DAE8E71676}","OriginalFileName":"C:\\Windows\\System32\\svchost.exe"}
{"UtcTime":"2026-08-12 14:14:57.000","Computer":"CLM-MESA-014","User":"CLM\\mesa","EventID":3,"Image":"C:\\Windows\\System32\\RuntimeBroker.exe","ProcessGuid":"{2DB321CF-0EEF-2026-09DD-8EAA6098BBF3}","ProcessId":7940,"DestinationIp":"10.70.30.1","DestinationPort":8080,"DestinationHostname":"ntp.clm.liquidacao","SourceIp":"10.70.30.14","Protocol":"tcp"}
{"UtcTime":"2026-08-12 14:14:58.000","Computer":"CLM-MESA-014","User":"CLM\\backoffice","EventID":1,"Image":"C:\\Windows\\System32\\svchost.exe","ProcessGuid":"{E1CA4192-D4C7-2026-D677-2B9005D149C7}","ProcessId":3782,"CommandLine":"C:\\Windows\\System32\\svchost.exe","ParentImage":"C:\\Windows\\System32\\services.exe","ParentProcessGuid":"{A8298566-C812-2026-3945-FD8662A9954D}","OriginalFileName":"C:\\Windows\\System32\\svchost.exe"}
{"UtcTime":"2026-08-12 14:14:59.000","Computer":"CLM-MESA-014","User":"CLM\\mesa","EventID":11,"Image":"C:\\Windows\\System32\\RuntimeBroker.exe","ProcessGuid":"{F186F32A-1ABF-2026-9D6B-3F87A9334C05}","ProcessId":3195,"TargetFilename":"C:\\Users\\Public\\Temp\\mesa-299.tmp"}
{"UtcTime":"2026-08-12 14:15:00.000","Computer":"CLM-MESA-014","User":"CLM\\mesa","EventID":11,"Image":"C:\\Windows\\explorer.exe","ProcessGuid":"{CDAF702D-8DFC-2026-2AE0-5BF3C5450628}","ProcessId":1359,"TargetFilename":"C:\\Users\\Public\\Temp\\mesa-300.tmp"}
{"UtcTime":"2026-08-12 14:15:01.000","Computer":"CLM-MESA-014","User":"CLM\\mesa","EventID":13,"Image":"C:\\Windows\\explorer.exe","ProcessGuid":"{E78B9190-B631-2026-1E8F-80A432C378E0}","ProcessId":1616,"EventType":"SetValue","TargetObject":"HKCU\\Software\\CLM\\Mesa\\Pref\\301","Details":"1"}
{"UtcTime":"2026-08-12 14:15:02.000","Computer":"CLM-MESA-014","User":"CLM\\backoffice","EventID":1,"Image":"C:\\Windows\\explorer.exe","ProcessGuid":"{E85B2BDC-819B-2026-E4F9-B906D84DE266}","ProcessId":449,"CommandLine":"C:\\Windows\\explorer.exe","ParentImage":"C:\\Windows\\System32\\services.exe","ParentProcessGuid":"{62C69CCA-9613-2026-6C17-7DB0B1875503}","OriginalFileName":"C:\\Windows\\explorer.exe"}
{"UtcTime":"2026-08-12 14:15:03.000","Computer":"CLM-MESA-014","User":"CLM\\backoffice","EventID":3,"Image":"C:\\Program Files\\Microsoft Office\\Office16\\EXCEL.EXE","ProcessGuid":"{747FC497-3994-2026-36DC-78533537969A}","ProcessId":5896,"DestinationIp":"10.70.30.8","DestinationPort":135,"DestinationHostname":"portal.clm.liquidacao","SourceIp":"10.70.30.14","Protocol":"tcp"}
{"UtcTime":"2026-08-12 14:15:04.000","Computer":"CLM-MESA-014","User":"CLM\\backoffice","EventID":5,"Image":"C:\\Windows\\System32\\RuntimeBroker.exe","ProcessGuid":"{E7F19D12-C02A-2026-1E4B-8A605815CBAB}","ProcessId":2284,"EventType":"End"}
{"UtcTime":"2026-08-12 14:15:05.000","Computer":"CLM-MESA-014","User":"CLM\\backoffice","EventID":1,"Image":"C:\\Program Files\\Microsoft Office\\Office16\\EXCEL.EXE","ProcessGuid":"{09A20B4E-E218-2026-FEEE-0D04B14D8CF2}","ProcessId":8668,"CommandLine":"C:\\Program Files\\Microsoft Office\\Office16\\EXCEL.EXE","ParentImage":"C:\\Windows\\System32\\services.exe","ParentProcessGuid":"{D270E9B7-B596-2026-A4FF-3AB3A8C50A44}","OriginalFileName":"C:\\Program Files\\Microsoft Office\\Office16\\EXCEL.EXE"}
{"UtcTime":"2026-08-12 14:15:06.000","Computer":"CLM-MESA-014","User":"CLM\\ops","EventID":3,"Image":"C:\\Windows\\System32\\svchost.exe","ProcessGuid":"{26617C25-373B-2026-D8D4-485C20BDC0CB}","ProcessId":6745,"DestinationIp":"10.70.30.1","DestinationPort":53,"DestinationHostname":"ntp.clm.liquidacao","SourceIp":"10.70.30.14","Protocol":"tcp"}
{"UtcTime":"2026-08-12 14:15:07.000","Computer":"CLM-MESA-014","User":"CLM\\backoffice","EventID":13,"Image":"C:\\Windows\\explorer.exe","ProcessGuid":"{E7928747-C469-2026-BF5C-3DCCF13AE7DE}","ProcessId":4587,"EventType":"SetValue","TargetObject":"HKCU\\Software\\CLM\\Mesa\\Pref\\307","Details":"1"}
{"UtcTime":"2026-08-12 14:15:08.000","Computer":"CLM-MESA-014","User":"CLM\\ops","EventID":3,"Image":"C:\\Windows\\System32\\RuntimeBroker.exe","ProcessGuid":"{B53C7D7E-0063-2026-CD19-8B1F1097A337}","ProcessId":5233,"DestinationIp":"10.70.30.1","DestinationPort":135,"DestinationHostname":"ntp.clm.liquidacao","SourceIp":"10.70.30.14","Protocol":"tcp"}
{"UtcTime":"2026-08-12 14:15:09.000","Computer":"CLM-MESA-014","User":"CLM\\mesa","EventID":5,"Image":"C:\\Windows\\System32\\svchost.exe","ProcessGuid":"{9E45BA8D-F685-2026-A1F2-001E35A7911F}","ProcessId":2371,"EventType":"End"}
{"UtcTime":"2026-08-12 14:15:10.000","Computer":"CLM-MESA-014","User":"CLM\\backoffice","EventID":13,"Image":"C:\\Program Files\\Microsoft Office\\Office16\\EXCEL.EXE","ProcessGuid":"{9F489468-4396-2026-6ED7-F80FB05080C1}","ProcessId":4100,"EventType":"SetValue","TargetObject":"HKCU\\Software\\CLM\\Mesa\\Pref\\310","Details":"1"}
{"UtcTime":"2026-08-12 14:15:11.000","Computer":"CLM-MESA-014","User":"CLM\\ops","EventID":11,"Image":"C:\\Program Files\\Microsoft Office\\Office16\\EXCEL.EXE","ProcessGuid":"{1AD1A656-A4DD-2026-9420-2021FCB3EA92}","ProcessId":3690,"TargetFilename":"C:\\Users\\Public\\Temp\\mesa-311.tmp"}
{"UtcTime":"2026-08-12 14:15:12.000","Computer":"CLM-MESA-014","User":"CLM\\ops","EventID":1,"Image":"C:\\Program Files\\Microsoft Office\\Office16\\EXCEL.EXE","ProcessGuid":"{2A726C34-0143-2026-2855-A0CFD5EF0E70}","ProcessId":5797,"CommandLine":"C:\\Program Files\\Microsoft Office\\Office16\\EXCEL.EXE","ParentImage":"C:\\Windows\\System32\\services.exe","ParentProcessGuid":"{3674A487-A637-2026-A091-8A94D8C03B93}","OriginalFileName":"C:\\Program Files\\Microsoft Office\\Office16\\EXCEL.EXE"}
{"UtcTime":"2026-08-12 14:15:13.000","Computer":"CLM-MESA-014","User":"CLM\\ops","EventID":1,"Image":"C:\\Windows\\explorer.exe","ProcessGuid":"{10FB3467-304A-2026-0AB8-D26983F8E272}","ProcessId":7168,"CommandLine":"C:\\Windows\\explorer.exe","ParentImage":"C:\\Windows\\System32\\services.exe","ParentProcessGuid":"{625203CB-79AF-2026-D63C-FCDFB5B1E75E}","OriginalFileName":"C:\\Windows\\explorer.exe"}
{"UtcTime":"2026-08-12 14:15:14.000","Computer":"CLM-MESA-014","User":"CLM\\mesa","EventID":1,"Image":"C:\\Program Files\\Google\\Chrome\\Application\\chrome.exe","ProcessGuid":"{244768F6-D8B9-2026-2EFE-B67D2DF7D6D2}","ProcessId":7281,"CommandLine":"C:\\Program Files\\Google\\Chrome\\Application\\chrome.exe","ParentImage":"C:\\Windows\\System32\\services.exe","ParentProcessGuid":"{B072CEA3-F1B2-2026-F361-4AA9C5A199F3}","OriginalFileName":"C:\\Program Files\\Google\\Chrome\\Application\\chrome.exe"}
{"UtcTime":"2026-08-12 14:15:15.000","Computer":"CLM-MESA-014","User":"CLM\\ops","EventID":1,"Image":"C:\\Windows\\System32\\svchost.exe","ProcessGuid":"{47D58C16-1F11-2026-03E9-099C333CA1E9}","ProcessId":2873,"CommandLine":"C:\\Windows\\System32\\svchost.exe","ParentImage":"C:\\Windows\\System32\\services.exe","ParentProcessGuid":"{1ACB4433-5554-2026-0DBA-EFEE2579192B}","OriginalFileName":"C:\\Windows\\System32\\svchost.exe"}
{"UtcTime":"2026-08-12 14:15:16.000","Computer":"CLM-MESA-014","User":"CLM\\ops","EventID":1,"Image":"C:\\Program Files\\Microsoft Office\\Office16\\EXCEL.EXE","ProcessGuid":"{1324ACC0-75BD-2026-599F-4EEA5E129B84}","ProcessId":3456,"CommandLine":"C:\\Program Files\\Microsoft Office\\Office16\\EXCEL.EXE","ParentImage":"C:\\Windows\\System32\\services.exe","ParentProcessGuid":"{B08D3BB6-5CD8-2026-436B-011A9D893003}","OriginalFileName":"C:\\Program Files\\Microsoft Office\\Office16\\EXCEL.EXE"}
{"UtcTime":"2026-08-12 14:15:17.000","Computer":"CLM-MESA-014","User":"CLM\\mesa","EventID":5,"Image":"C:\\Windows\\explorer.exe","ProcessGuid":"{854B9C66-70FA-2026-FCDF-B50457DA3015}","ProcessId":5729,"EventType":"End"}
{"UtcTime":"2026-08-12 14:15:18.000","Computer":"CLM-MESA-014","User":"CLM\\ops","EventID":1,"Image":"C:\\Program Files\\Microsoft Office\\Office16\\EXCEL.EXE","ProcessGuid":"{D810B695-3195-2026-F90A-F66E9DEAE294}","ProcessId":4278,"CommandLine":"C:\\Program Files\\Microsoft Office\\Office16\\EXCEL.EXE","ParentImage":"C:\\Windows\\System32\\services.exe","ParentProcessGuid":"{A9D50F4F-48DA-2026-243E-EF13F44492EA}","OriginalFileName":"C:\\Program Files\\Microsoft Office\\Office16\\EXCEL.EXE"}
{"UtcTime":"2026-08-12 14:15:19.000","Computer":"CLM-MESA-014","User":"CLM\\mesa","EventID":11,"Image":"C:\\Program Files\\Google\\Chrome\\Application\\chrome.exe","ProcessGuid":"{513BFF81-09A0-2026-DD63-72EEE616CA31}","ProcessId":752,"TargetFilename":"C:\\Users\\Public\\Temp\\mesa-319.tmp"}
{"UtcTime":"2026-08-12 14:15:20.000","Computer":"CLM-MESA-014","User":"CLM\\ops","EventID":3,"Image":"C:\\Windows\\System32\\svchost.exe","ProcessGuid":"{E6F42F7F-FF4F-2026-0B03-F10BFBEC84D6}","ProcessId":1445,"DestinationIp":"10.70.30.1","DestinationPort":135,"DestinationHostname":"ntp.clm.liquidacao","SourceIp":"10.70.30.14","Protocol":"tcp"}
{"UtcTime":"2026-08-12 14:15:21.000","Computer":"CLM-MESA-014","User":"CLM\\backoffice","EventID":1,"Image":"C:\\Windows\\System32\\RuntimeBroker.exe","ProcessGuid":"{3DB474F7-9772-2026-F56A-6DF389CF93A7}","ProcessId":1338,"CommandLine":"C:\\Windows\\System32\\RuntimeBroker.exe","ParentImage":"C:\\Windows\\System32\\services.exe","ParentProcessGuid":"{E5233CFF-62B0-2026-1F95-F454B0BB7125}","OriginalFileName":"C:\\Windows\\System32\\RuntimeBroker.exe"}
{"UtcTime":"2026-08-12 14:15:22.000","Computer":"CLM-MESA-014","User":"CLM\\mesa","EventID":1,"Image":"C:\\Windows\\System32\\svchost.exe","ProcessGuid":"{DBDFEFD3-55A2-2026-6295-8E8728CD0EF9}","ProcessId":2447,"CommandLine":"C:\\Windows\\System32\\svchost.exe","ParentImage":"C:\\Windows\\System32\\services.exe","ParentProcessGuid":"{BFEC10E2-ED77-2026-6FC7-1E3E2533ECD6}","OriginalFileName":"C:\\Windows\\System32\\svchost.exe"}
{"UtcTime":"2026-08-12 14:15:23.000","Computer":"CLM-MESA-014","User":"CLM\\ops","EventID":13,"Image":"C:\\Windows\\explorer.exe","ProcessGuid":"{5A809817-20F8-2026-B3A7-2A68F8C545DC}","ProcessId":1436,"EventType":"SetValue","TargetObject":"HKCU\\Software\\CLM\\Mesa\\Pref\\323","Details":"1"}
{"UtcTime":"2026-08-12 14:15:24.000","Computer":"CLM-MESA-014","User":"CLM\\ops","EventID":1,"Image":"C:\\Windows\\System32\\RuntimeBroker.exe","ProcessGuid":"{084D7E0B-7890-2026-5314-8949CB2C75C8}","ProcessId":7061,"CommandLine":"C:\\Windows\\System32\\RuntimeBroker.exe","ParentImage":"C:\\Windows\\System32\\services.exe","ParentProcessGuid":"{6A0CEF04-7F3E-2026-F4F2-93F3BE2A77F2}","OriginalFileName":"C:\\Windows\\System32\\RuntimeBroker.exe"}
{"UtcTime":"2026-08-12 14:15:25.000","Computer":"CLM-MESA-014","User":"CLM\\ops","EventID":11,"Image":"C:\\Windows\\System32\\conhost.exe","ProcessGuid":"{AA139E70-1644-2026-8A11-5503A5BCC677}","ProcessId":2041,"TargetFilename":"C:\\Users\\Public\\Temp\\mesa-325.tmp"}
{"UtcTime":"2026-08-12 14:15:26.000","Computer":"CLM-MESA-014","User":"CLM\\mesa","EventID":3,"Image":"C:\\Windows\\System32\\RuntimeBroker.exe","ProcessGuid":"{1713C113-C2EB-2026-1D77-4D93B9F7B3C8}","ProcessId":1903,"DestinationIp":"8.8.8.8","DestinationPort":135,"DestinationHostname":"ntp.clm.liquidacao","SourceIp":"10.70.30.14","Protocol":"tcp"}
{"UtcTime":"2026-08-12 14:15:27.000","Computer":"CLM-MESA-014","User":"CLM\\mesa","EventID":1,"Image":"C:\\Windows\\System32\\conhost.exe","ProcessGuid":"{2C339A87-E3E2-2026-2191-4BE9414B158F}","ProcessId":4139,"CommandLine":"C:\\Windows\\System32\\conhost.exe","ParentImage":"C:\\Windows\\System32\\services.exe","ParentProcessGuid":"{938903E5-572D-2026-586E-4D9A57558A38}","OriginalFileName":"C:\\Windows\\System32\\conhost.exe"}
{"UtcTime":"2026-08-12 14:15:28.000","Computer":"CLM-MESA-014","User":"CLM\\backoffice","EventID":3,"Image":"C:\\Program Files\\Microsoft Office\\Office16\\EXCEL.EXE","ProcessGuid":"{85491789-8B2D-2026-635C-A5781578BD9C}","ProcessId":2396,"DestinationIp":"8.8.8.8","DestinationPort":135,"DestinationHostname":"ntp.clm.liquidacao","SourceIp":"10.70.30.14","Protocol":"tcp"}
{"UtcTime":"2026-08-12 14:15:29.000","Computer":"CLM-MESA-014","User":"CLM\\ops","EventID":13,"Image":"C:\\Windows\\System32\\svchost.exe","ProcessGuid":"{80764B96-24B8-2026-C4FF-42F653FF9876}","ProcessId":2247,"EventType":"SetValue","TargetObject":"HKCU\\Software\\CLM\\Mesa\\Pref\\329","Details":"1"}
{"UtcTime":"2026-08-12 14:15:30.000","Computer":"CLM-MESA-014","User":"CLM\\mesa","EventID":13,"Image":"C:\\Windows\\System32\\conhost.exe","ProcessGuid":"{7C81BF79-AB55-2026-6EFA-D1F9A4C217B3}","ProcessId":7807,"EventType":"SetValue","TargetObject":"HKCU\\Software\\CLM\\Mesa\\Pref\\330","Details":"1"}
{"UtcTime":"2026-08-12 14:15:31.000","Computer":"CLM-MESA-014","User":"CLM\\ops","EventID":13,"Image":"C:\\Windows\\System32\\svchost.exe","ProcessGuid":"{A6288944-8903-2026-FE18-F200399CBFAE}","ProcessId":1612,"EventType":"SetValue","TargetObject":"HKCU\\Software\\CLM\\Mesa\\Pref\\331","Details":"1"}
{"UtcTime":"2026-08-12 14:15:32.000","Computer":"CLM-MESA-014","User":"CLM\\backoffice","EventID":1,"Image":"C:\\Windows\\System32\\svchost.exe","ProcessGuid":"{0BE587FB-2D7E-2026-5122-B9F20334EE8C}","ProcessId":8901,"CommandLine":"C:\\Windows\\System32\\svchost.exe","ParentImage":"C:\\Windows\\System32\\services.exe","ParentProcessGuid":"{D7FD02F8-6DBD-2026-B698-D4CDDBEA8E1A}","OriginalFileName":"C:\\Windows\\System32\\svchost.exe"}
{"UtcTime":"2026-08-12 14:15:33.000","Computer":"CLM-MESA-014","User":"CLM\\backoffice","EventID":3,"Image":"C:\\Windows\\System32\\conhost.exe","ProcessGuid":"{E67316C0-3207-2026-7586-BD9F1CD71A2E}","ProcessId":766,"DestinationIp":"10.70.30.1","DestinationPort":8080,"DestinationHostname":"ntp.clm.liquidacao","SourceIp":"10.70.30.14","Protocol":"tcp"}
{"UtcTime":"2026-08-12 14:15:34.000","Computer":"CLM-MESA-014","User":"CLM\\mesa","EventID":5,"Image":"C:\\Windows\\System32\\RuntimeBroker.exe","ProcessGuid":"{F7E91451-EE15-2026-9781-3636488CF3C4}","ProcessId":7805,"EventType":"End"}
{"UtcTime":"2026-08-12 14:15:35.000","Computer":"CLM-MESA-014","User":"CLM\\backoffice","EventID":1,"Image":"C:\\Program Files\\Google\\Chrome\\Application\\chrome.exe","ProcessGuid":"{7F7B7F7C-6F40-2026-EF7E-3E2052BEC4E9}","ProcessId":8878,"CommandLine":"C:\\Program Files\\Google\\Chrome\\Application\\chrome.exe","ParentImage":"C:\\Windows\\System32\\services.exe","ParentProcessGuid":"{EEFDCA58-FED6-2026-5CDF-60A19A7DD874}","OriginalFileName":"C:\\Program Files\\Google\\Chrome\\Application\\chrome.exe"}
{"UtcTime":"2026-08-12 14:15:36.000","Computer":"CLM-MESA-014","User":"CLM\\ops","EventID":13,"Image":"C:\\Windows\\System32\\svchost.exe","ProcessGuid":"{F2B83A0C-5D11-2026-B75D-D4D159E72F03}","ProcessId":7562,"EventType":"SetValue","TargetObject":"HKCU\\Software\\CLM\\Mesa\\Pref\\336","Details":"1"}
{"UtcTime":"2026-08-12 14:15:37.000","Computer":"CLM-MESA-014","User":"CLM\\ops","EventID":1,"Image":"C:\\Windows\\System32\\svchost.exe","ProcessGuid":"{D83644B9-F667-2026-134E-882F1C2F2A71}","ProcessId":8753,"CommandLine":"C:\\Windows\\System32\\svchost.exe","ParentImage":"C:\\Windows\\System32\\services.exe","ParentProcessGuid":"{43A8AC8B-E2CD-2026-BCA5-8F5374682C48}","OriginalFileName":"C:\\Windows\\System32\\svchost.exe"}
{"UtcTime":"2026-08-12 14:15:38.000","Computer":"CLM-MESA-014","User":"CLM\\mesa","EventID":11,"Image":"C:\\Windows\\System32\\conhost.exe","ProcessGuid":"{4FC3B115-6811-2026-3A5D-DD3A97254F71}","ProcessId":2965,"TargetFilename":"C:\\Users\\Public\\Temp\\mesa-338.tmp"}
{"UtcTime":"2026-08-12 14:15:39.000","Computer":"CLM-MESA-014","User":"CLM\\backoffice","EventID":1,"Image":"C:\\Windows\\System32\\RuntimeBroker.exe","ProcessGuid":"{B9D2A850-EB29-2026-8D0E-BC5012E5490A}","ProcessId":6078,"CommandLine":"C:\\Windows\\System32\\RuntimeBroker.exe","ParentImage":"C:\\Windows\\System32\\services.exe","ParentProcessGuid":"{8CD377AA-4B07-2026-BFC2-C00A1C11DF0A}","OriginalFileName":"C:\\Windows\\System32\\RuntimeBroker.exe"}
{"UtcTime":"2026-08-12 14:15:40.000","Computer":"CLM-MESA-014","User":"CLM\\ops","EventID":3,"Image":"C:\\Windows\\System32\\svchost.exe","ProcessGuid":"{6CA377BA-12B9-2026-DEE1-1F03AD6A2A79}","ProcessId":8810,"DestinationIp":"1.1.1.1","DestinationPort":53,"DestinationHostname":"portal.clm.liquidacao","SourceIp":"10.70.30.14","Protocol":"tcp"}
{"UtcTime":"2026-08-12 14:15:41.000","Computer":"CLM-MESA-014","User":"CLM\\mesa","EventID":11,"Image":"C:\\Program Files\\Google\\Chrome\\Application\\chrome.exe","ProcessGuid":"{4425E8AE-2C78-2026-EF4E-3376516B0D26}","ProcessId":7785,"TargetFilename":"C:\\Users\\Public\\Temp\\mesa-341.tmp"}
{"UtcTime":"2026-08-12 14:15:42.000","Computer":"CLM-MESA-014","User":"CLM\\ops","EventID":11,"Image":"C:\\Windows\\System32\\RuntimeBroker.exe","ProcessGuid":"{72329222-E3B8-2026-787B-07C277476DAD}","ProcessId":3628,"TargetFilename":"C:\\Users\\Public\\Temp\\mesa-342.tmp"}
{"UtcTime":"2026-08-12 14:15:43.000","Computer":"CLM-MESA-014","User":"CLM\\mesa","EventID":3,"Image":"C:\\Windows\\System32\\svchost.exe","ProcessGuid":"{E54CDF81-3E4B-2026-D142-527A9EB42835}","ProcessId":2408,"DestinationIp":"1.1.1.1","DestinationPort":135,"DestinationHostname":"ntp.clm.liquidacao","SourceIp":"10.70.30.14","Protocol":"tcp"}
{"UtcTime":"2026-08-12 14:15:44.000","Computer":"CLM-MESA-014","User":"CLM\\mesa","EventID":1,"Image":"C:\\Windows\\System32\\RuntimeBroker.exe","ProcessGuid":"{154DCDA6-66DA-2026-E34F-1107C0066B68}","ProcessId":8548,"CommandLine":"C:\\Windows\\System32\\RuntimeBroker.exe","ParentImage":"C:\\Windows\\System32\\services.exe","ParentProcessGuid":"{1DE4AC46-E3AF-2026-1628-DCE564F03FDA}","OriginalFileName":"C:\\Windows\\System32\\RuntimeBroker.exe"}
{"UtcTime":"2026-08-12 14:15:45.000","Computer":"CLM-MESA-014","User":"CLM\\mesa","EventID":13,"Image":"C:\\Windows\\explorer.exe","ProcessGuid":"{DC7FC9CF-EF06-2026-0E61-528B2A5589B7}","ProcessId":2294,"EventType":"SetValue","TargetObject":"HKCU\\Software\\CLM\\Mesa\\Pref\\345","Details":"1"}
{"UtcTime":"2026-08-12 14:15:46.000","Computer":"CLM-MESA-014","User":"CLM\\backoffice","EventID":1,"Image":"C:\\Program Files\\Microsoft Office\\Office16\\EXCEL.EXE","ProcessGuid":"{1D9EE043-6453-2026-974D-A54D97A02788}","ProcessId":8692,"CommandLine":"C:\\Program Files\\Microsoft Office\\Office16\\EXCEL.EXE","ParentImage":"C:\\Windows\\System32\\services.exe","ParentProcessGuid":"{96CEC9CA-8DF2-2026-EFB3-AE4CF26BBD91}","OriginalFileName":"C:\\Program Files\\Microsoft Office\\Office16\\EXCEL.EXE"}
{"UtcTime":"2026-08-12 14:15:47.000","Computer":"CLM-MESA-014","User":"CLM\\ops","EventID":1,"Image":"C:\\Windows\\System32\\RuntimeBroker.exe","ProcessGuid":"{9CFB356B-590C-2026-9010-C8BD6CF41BDB}","ProcessId":1125,"CommandLine":"C:\\Windows\\System32\\RuntimeBroker.exe","ParentImage":"C:\\Windows\\System32\\services.exe","ParentProcessGuid":"{6D0832BD-07CC-2026-8A09-F6BC8BD57D4E}","OriginalFileName":"C:\\Windows\\System32\\RuntimeBroker.exe"}
{"UtcTime":"2026-08-12 14:15:48.000","Computer":"CLM-MESA-014","User":"CLM\\mesa","EventID":1,"Image":"C:\\Windows\\System32\\svchost.exe","ProcessGuid":"{EC3C8ECD-3867-2026-E21E-0924D118DC3F}","ProcessId":2220,"CommandLine":"C:\\Windows\\System32\\svchost.exe","ParentImage":"C:\\Windows\\System32\\services.exe","ParentProcessGuid":"{559FF583-988E-2026-7778-2B16082E8431}","OriginalFileName":"C:\\Windows\\System32\\svchost.exe"}
{"UtcTime":"2026-08-12 14:15:49.000","Computer":"CLM-MESA-014","User":"CLM\\mesa","EventID":5,"Image":"C:\\Windows\\System32\\svchost.exe","ProcessGuid":"{658D0B97-088E-2026-E49C-52FC03A0ABDA}","ProcessId":8587,"EventType":"End"}
{"UtcTime":"2026-08-12 14:15:50.000","Computer":"CLM-MESA-014","User":"CLM\\backoffice","EventID":3,"Image":"C:\\Program Files\\Google\\Chrome\\Application\\chrome.exe","ProcessGuid":"{F1B0DF3D-F488-2026-8700-600BF65B95EE}","ProcessId":4737,"DestinationIp":"1.1.1.1","DestinationPort":53,"DestinationHostname":"ntp.clm.liquidacao","SourceIp":"10.70.30.14","Protocol":"tcp"}
{"UtcTime":"2026-08-12 14:15:51.000","Computer":"CLM-MESA-014","User":"CLM\\mesa","EventID":13,"Image":"C:\\Windows\\System32\\RuntimeBroker.exe","ProcessGuid":"{616667DF-8B42-2026-78AB-2A17B4AB899B}","ProcessId":8390,"EventType":"SetValue","TargetObject":"HKCU\\Software\\CLM\\Mesa\\Pref\\351","Details":"1"}
{"UtcTime":"2026-08-12 14:15:52.000","Computer":"CLM-MESA-014","User":"CLM\\backoffice","EventID":1,"Image":"C:\\Program Files\\Google\\Chrome\\Application\\chrome.exe","ProcessGuid":"{9B24D129-317E-2026-64AD-0B5530C6ABB6}","ProcessId":8396,"CommandLine":"C:\\Program Files\\Google\\Chrome\\Application\\chrome.exe","ParentImage":"C:\\Windows\\System32\\services.exe","ParentProcessGuid":"{CE58A162-EDF7-2026-B163-220A85C9A222}","OriginalFileName":"C:\\Program Files\\Google\\Chrome\\Application\\chrome.exe"}
{"UtcTime":"2026-08-12 14:15:53.000","Computer":"CLM-MESA-014","User":"CLM\\mesa","EventID":11,"Image":"C:\\Program Files\\Google\\Chrome\\Application\\chrome.exe","ProcessGuid":"{E19BBE5D-DF7F-2026-BC33-7CB94BBC518C}","ProcessId":1804,"TargetFilename":"C:\\Users\\Public\\Temp\\mesa-353.tmp"}
{"UtcTime":"2026-08-12 14:15:54.000","Computer":"CLM-MESA-014","User":"CLM\\mesa","EventID":13,"Image":"C:\\Windows\\System32\\RuntimeBroker.exe","ProcessGuid":"{2150447C-38A2-2026-B8FC-CA9684472F18}","ProcessId":7591,"EventType":"SetValue","TargetObject":"HKCU\\Software\\CLM\\Mesa\\Pref\\354","Details":"1"}
{"UtcTime":"2026-08-12 14:15:55.000","Computer":"CLM-MESA-014","User":"CLM\\ops","EventID":1,"Image":"C:\\Windows\\explorer.exe","ProcessGuid":"{A4D8FFF2-569B-2026-6289-0DF616D74603}","ProcessId":2639,"CommandLine":"C:\\Windows\\explorer.exe","ParentImage":"C:\\Windows\\System32\\services.exe","ParentProcessGuid":"{33DF435D-6DF1-2026-F347-87A3014B812E}","OriginalFileName":"C:\\Windows\\explorer.exe"}
{"UtcTime":"2026-08-12 14:15:56.000","Computer":"CLM-MESA-014","User":"CLM\\mesa","EventID":3,"Image":"C:\\Windows\\explorer.exe","ProcessGuid":"{8398C367-2EB6-2026-9F37-03F7491D2D7F}","ProcessId":8058,"DestinationIp":"1.1.1.1","DestinationPort":53,"DestinationHostname":"portal.clm.liquidacao","SourceIp":"10.70.30.14","Protocol":"tcp"}
{"UtcTime":"2026-08-12 14:15:57.000","Computer":"CLM-MESA-014","User":"CLM\\backoffice","EventID":11,"Image":"C:\\Windows\\System32\\conhost.exe","ProcessGuid":"{5E0A19C0-A72A-2026-9032-2F972C338C58}","ProcessId":5401,"TargetFilename":"C:\\Users\\Public\\Temp\\mesa-357.tmp"}
{"UtcTime":"2026-08-12 14:15:58.000","Computer":"CLM-MESA-014","User":"CLM\\backoffice","EventID":5,"Image":"C:\\Windows\\System32\\conhost.exe","ProcessGuid":"{62E85060-66D6-2026-F303-6242D398CE0F}","ProcessId":8875,"EventType":"End"}
{"UtcTime":"2026-08-12 14:15:59.000","Computer":"CLM-MESA-014","User":"CLM\\ops","EventID":1,"Image":"C:\\Windows\\System32\\svchost.exe","ProcessGuid":"{E2295674-5A42-2026-6A63-016AE67C6616}","ProcessId":5275,"CommandLine":"C:\\Windows\\System32\\svchost.exe","ParentImage":"C:\\Windows\\System32\\services.exe","ParentProcessGuid":"{6DFC0DEE-CB89-2026-7C46-F21DC3CA2831}","OriginalFileName":"C:\\Windows\\System32\\svchost.exe"}
{"UtcTime":"2026-08-12 14:16:00.000","Computer":"CLM-MESA-014","User":"CLM\\mesa","EventID":11,"Image":"C:\\Windows\\explorer.exe","ProcessGuid":"{38403E88-6F73-2026-516E-1B9CE09E121F}","ProcessId":776,"TargetFilename":"C:\\Users\\Public\\Temp\\mesa-360.tmp"}
{"UtcTime":"2026-08-12 14:16:01.000","Computer":"CLM-MESA-014","User":"CLM\\mesa","EventID":11,"Image":"C:\\Windows\\System32\\svchost.exe","ProcessGuid":"{00459FB3-6522-2026-10CC-1529A65A2615}","ProcessId":8062,"TargetFilename":"C:\\Users\\Public\\Temp\\mesa-361.tmp"}
{"UtcTime":"2026-08-12 14:16:02.000","Computer":"CLM-MESA-014","User":"CLM\\mesa","EventID":11,"Image":"C:\\Windows\\System32\\conhost.exe","ProcessGuid":"{1313D680-6417-2026-7D16-260DF28D702C}","ProcessId":2610,"TargetFilename":"C:\\Users\\Public\\Temp\\mesa-362.tmp"}
{"UtcTime":"2026-08-12 14:16:03.000","Computer":"CLM-MESA-014","User":"CLM\\mesa","EventID":5,"Image":"C:\\Windows\\System32\\svchost.exe","ProcessGuid":"{8783ADDF-6D8C-2026-91FF-4595998BC9F0}","ProcessId":5614,"EventType":"End"}
{"UtcTime":"2026-08-12 14:16:04.000","Computer":"CLM-MESA-014","User":"CLM\\ops","EventID":1,"Image":"C:\\Windows\\System32\\RuntimeBroker.exe","ProcessGuid":"{CA94D049-3A0A-2026-063D-4B8929BA9FB7}","ProcessId":1829,"CommandLine":"C:\\Windows\\System32\\RuntimeBroker.exe","ParentImage":"C:\\Windows\\System32\\services.exe","ParentProcessGuid":"{292816C0-57C7-2026-8A06-5855E8274B3E}","OriginalFileName":"C:\\Windows\\System32\\RuntimeBroker.exe"}
{"UtcTime":"2026-08-12 14:16:05.000","Computer":"CLM-MESA-014","User":"CLM\\ops","EventID":1,"Image":"C:\\Windows\\System32\\RuntimeBroker.exe","ProcessGuid":"{B0878FED-D161-2026-BB12-BADCEEB48190}","ProcessId":925,"CommandLine":"C:\\Windows\\System32\\RuntimeBroker.exe","ParentImage":"C:\\Windows\\System32\\services.exe","ParentProcessGuid":"{851C599D-4316-2026-48A5-991D25C454F2}","OriginalFileName":"C:\\Windows\\System32\\RuntimeBroker.exe"}
{"UtcTime":"2026-08-12 14:16:06.000","Computer":"CLM-MESA-014","User":"CLM\\backoffice","EventID":5,"Image":"C:\\Windows\\explorer.exe","ProcessGuid":"{9FA3232D-8FD1-2026-C2F7-C093FC12DAB4}","ProcessId":8120,"EventType":"End"}
{"UtcTime":"2026-08-12 14:16:07.000","Computer":"CLM-MESA-014","User":"CLM\\ops","EventID":11,"Image":"C:\\Windows\\System32\\conhost.exe","ProcessGuid":"{73873125-AE85-2026-AD56-BB21BA457EE8}","ProcessId":2295,"TargetFilename":"C:\\Users\\Public\\Temp\\mesa-367.tmp"}
{"UtcTime":"2026-08-12 14:16:08.000","Computer":"CLM-MESA-014","User":"CLM\\ops","EventID":3,"Image":"C:\\Program Files\\Microsoft Office\\Office16\\EXCEL.EXE","ProcessGuid":"{F234B21F-3651-2026-A6C9-7567DD3D2BF2}","ProcessId":6929,"DestinationIp":"1.1.1.1","DestinationPort":443,"DestinationHostname":"ntp.clm.liquidacao","SourceIp":"10.70.30.14","Protocol":"tcp"}
{"UtcTime":"2026-08-12 14:16:09.000","Computer":"CLM-MESA-014","User":"CLM\\ops","EventID":5,"Image":"C:\\Windows\\explorer.exe","ProcessGuid":"{C3E70821-6C27-2026-CBD2-B7C5F7A711C6}","ProcessId":8730,"EventType":"End"}
{"UtcTime":"2026-08-12 14:16:10.000","Computer":"CLM-MESA-014","User":"CLM\\backoffice","EventID":1,"Image":"C:\\Windows\\System32\\conhost.exe","ProcessGuid":"{C6603A97-0F2C-2026-6121-BFF44D98B4A3}","ProcessId":8753,"CommandLine":"C:\\Windows\\System32\\conhost.exe","ParentImage":"C:\\Windows\\System32\\services.exe","ParentProcessGuid":"{0FC673D7-17B7-2026-0D45-D34D5E491D8D}","OriginalFileName":"C:\\Windows\\System32\\conhost.exe"}
{"UtcTime":"2026-08-12 14:16:11.000","Computer":"CLM-MESA-014","User":"CLM\\mesa","EventID":1,"Image":"C:\\Program Files\\Microsoft Office\\Office16\\EXCEL.EXE","ProcessGuid":"{A56F4003-F6D9-2026-A5AC-AFBD21E3344C}","ProcessId":5422,"CommandLine":"C:\\Program Files\\Microsoft Office\\Office16\\EXCEL.EXE","ParentImage":"C:\\Windows\\System32\\services.exe","ParentProcessGuid":"{F94A7582-0C05-2026-0B50-3A6426F95847}","OriginalFileName":"C:\\Program Files\\Microsoft Office\\Office16\\EXCEL.EXE"}
{"UtcTime":"2026-08-12 14:16:12.000","Computer":"CLM-MESA-014","User":"CLM\\mesa","EventID":1,"Image":"C:\\Windows\\explorer.exe","ProcessGuid":"{A66F5374-C327-2026-AF68-EED8035C904D}","ProcessId":3739,"CommandLine":"C:\\Windows\\explorer.exe","ParentImage":"C:\\Windows\\System32\\services.exe","ParentProcessGuid":"{C1C8CE65-FC44-2026-C03B-2C7050439A07}","OriginalFileName":"C:\\Windows\\explorer.exe"}
{"UtcTime":"2026-08-12 14:16:13.000","Computer":"CLM-MESA-014","User":"CLM\\ops","EventID":1,"Image":"C:\\Windows\\System32\\RuntimeBroker.exe","ProcessGuid":"{910A4A18-901A-2026-97F0-0BB4364C259F}","ProcessId":8961,"CommandLine":"C:\\Windows\\System32\\RuntimeBroker.exe","ParentImage":"C:\\Windows\\System32\\services.exe","ParentProcessGuid":"{4DB27F7D-95BA-2026-77D3-373EE4D92A9B}","OriginalFileName":"C:\\Windows\\System32\\RuntimeBroker.exe"}
{"UtcTime":"2026-08-12 14:16:14.000","Computer":"CLM-MESA-014","User":"CLM\\backoffice","EventID":1,"Image":"C:\\Program Files\\Microsoft Office\\Office16\\EXCEL.EXE","ProcessGuid":"{12DFBF5F-69BB-2026-32E3-F91ED206B2FF}","ProcessId":4769,"CommandLine":"C:\\Program Files\\Microsoft Office\\Office16\\EXCEL.EXE","ParentImage":"C:\\Windows\\System32\\services.exe","ParentProcessGuid":"{2D56EE2D-D8FA-2026-8262-E84A732FF426}","OriginalFileName":"C:\\Program Files\\Microsoft Office\\Office16\\EXCEL.EXE"}
{"UtcTime":"2026-08-12 14:16:15.000","Computer":"CLM-MESA-014","User":"CLM\\ops","EventID":5,"Image":"C:\\Windows\\System32\\conhost.exe","ProcessGuid":"{E4E60193-88E2-2026-C778-18094871AE2C}","ProcessId":2643,"EventType":"End"}
{"UtcTime":"2026-08-12 14:16:16.000","Computer":"CLM-MESA-014","User":"CLM\\mesa","EventID":13,"Image":"C:\\Windows\\explorer.exe","ProcessGuid":"{23691B4A-08E0-2026-A587-D4D7F84E2E48}","ProcessId":7553,"EventType":"SetValue","TargetObject":"HKCU\\Software\\CLM\\Mesa\\Pref\\376","Details":"1"}
{"UtcTime":"2026-08-12 14:16:17.000","Computer":"CLM-MESA-014","User":"CLM\\ops","EventID":1,"Image":"C:\\Windows\\explorer.exe","ProcessGuid":"{A9A8B786-3422-2026-69B0-9B549254746A}","ProcessId":3401,"CommandLine":"C:\\Windows\\explorer.exe","ParentImage":"C:\\Windows\\System32\\services.exe","ParentProcessGuid":"{53A85352-0FAC-2026-55C8-F3865F77C4C8}","OriginalFileName":"C:\\Windows\\explorer.exe"}
{"UtcTime":"2026-08-12 14:16:18.000","Computer":"CLM-MESA-014","User":"CLM\\backoffice","EventID":3,"Image":"C:\\Program Files\\Google\\Chrome\\Application\\chrome.exe","ProcessGuid":"{2C3D1E10-2A53-2026-A06D-33EDE4881EDE}","ProcessId":4161,"DestinationIp":"10.70.30.8","DestinationPort":8080,"DestinationHostname":"ntp.clm.liquidacao","SourceIp":"10.70.30.14","Protocol":"tcp"}
{"UtcTime":"2026-08-12 14:16:19.000","Computer":"CLM-MESA-014","User":"CLM\\ops","EventID":3,"Image":"C:\\Windows\\System32\\RuntimeBroker.exe","ProcessGuid":"{D8B6ACB5-DE1C-2026-193A-E59FB655DA4E}","ProcessId":7339,"DestinationIp":"10.70.30.8","DestinationPort":53,"DestinationHostname":"portal.clm.liquidacao","SourceIp":"10.70.30.14","Protocol":"tcp"}
{"UtcTime":"2026-08-12 14:16:20.000","Computer":"CLM-MESA-014","User":"CLM\\backoffice","EventID":5,"Image":"C:\\Program Files\\Google\\Chrome\\Application\\chrome.exe","ProcessGuid":"{612D7F2E-482A-2026-AA45-D38BC505C508}","ProcessId":1296,"EventType":"End"}
{"UtcTime":"2026-08-12 14:16:21.000","Computer":"CLM-MESA-014","User":"CLM\\mesa","EventID":1,"Image":"C:\\Windows\\System32\\svchost.exe","ProcessGuid":"{0FE5D255-DCA5-2026-F05F-0DDF1264A450}","ProcessId":6038,"CommandLine":"C:\\Windows\\System32\\svchost.exe","ParentImage":"C:\\Windows\\System32\\services.exe","ParentProcessGuid":"{409D1D23-B7B6-2026-FB95-DDEB04EB2CC2}","OriginalFileName":"C:\\Windows\\System32\\svchost.exe"}
{"UtcTime":"2026-08-12 14:16:22.000","Computer":"CLM-MESA-014","User":"CLM\\ops","EventID":1,"Image":"C:\\Program Files\\Google\\Chrome\\Application\\chrome.exe","ProcessGuid":"{9B4A5F61-5348-2026-9318-5E2B481FBDD1}","ProcessId":790,"CommandLine":"C:\\Program Files\\Google\\Chrome\\Application\\chrome.exe","ParentImage":"C:\\Windows\\System32\\services.exe","ParentProcessGuid":"{CCA5B1D2-3E24-2026-93C4-28AE8158B015}","OriginalFileName":"C:\\Program Files\\Google\\Chrome\\Application\\chrome.exe"}
{"UtcTime":"2026-08-12 14:16:23.000","Computer":"CLM-MESA-014","User":"CLM\\backoffice","EventID":1,"Image":"C:\\Windows\\System32\\svchost.exe","ProcessGuid":"{934A10E2-CFE6-2026-E79D-49817C2D8F45}","ProcessId":1570,"CommandLine":"C:\\Windows\\System32\\svchost.exe","ParentImage":"C:\\Windows\\System32\\services.exe","ParentProcessGuid":"{64B6D4C6-BC14-2026-F769-42961FA92622}","OriginalFileName":"C:\\Windows\\System32\\svchost.exe"}
{"UtcTime":"2026-08-12 14:16:24.000","Computer":"CLM-MESA-014","User":"CLM\\backoffice","EventID":3,"Image":"C:\\Windows\\System32\\RuntimeBroker.exe","ProcessGuid":"{01D970B9-C0F4-2026-2A20-ABDA682601CB}","ProcessId":6745,"DestinationIp":"1.1.1.1","DestinationPort":135,"DestinationHostname":"portal.clm.liquidacao","SourceIp":"10.70.30.14","Protocol":"tcp"}
{"UtcTime":"2026-08-12 14:16:25.000","Computer":"CLM-MESA-014","User":"CLM\\ops","EventID":3,"Image":"C:\\Windows\\System32\\RuntimeBroker.exe","ProcessGuid":"{52FD18CD-AECE-2026-1EC2-5C5F588680BE}","ProcessId":1868,"DestinationIp":"10.70.30.1","DestinationPort":53,"DestinationHostname":"ntp.clm.liquidacao","SourceIp":"10.70.30.14","Protocol":"tcp"}
{"UtcTime":"2026-08-12 14:16:26.000","Computer":"CLM-MESA-014","User":"CLM\\mesa","EventID":1,"Image":"C:\\Windows\\System32\\RuntimeBroker.exe","ProcessGuid":"{8850E6D7-4DA6-2026-B873-EA912F283606}","ProcessId":1259,"CommandLine":"C:\\Windows\\System32\\RuntimeBroker.exe","ParentImage":"C:\\Windows\\System32\\services.exe","ParentProcessGuid":"{BC81558B-BFEC-2026-5773-E9A79CB951A4}","OriginalFileName":"C:\\Windows\\System32\\RuntimeBroker.exe"}
{"UtcTime":"2026-08-12 14:16:27.000","Computer":"CLM-MESA-014","User":"CLM\\backoffice","EventID":1,"Image":"C:\\Program Files\\Microsoft Office\\Office16\\EXCEL.EXE","ProcessGuid":"{A838F804-4D3B-2026-3900-A4E72A5E6E94}","ProcessId":2396,"CommandLine":"C:\\Program Files\\Microsoft Office\\Office16\\EXCEL.EXE","ParentImage":"C:\\Windows\\System32\\services.exe","ParentProcessGuid":"{4C5AFF0D-3572-2026-7E68-AA6459AD7BC6}","OriginalFileName":"C:\\Program Files\\Microsoft Office\\Office16\\EXCEL.EXE"}
{"UtcTime":"2026-08-12 14:16:28.000","Computer":"CLM-MESA-014","User":"CLM\\ops","EventID":13,"Image":"C:\\Windows\\System32\\RuntimeBroker.exe","ProcessGuid":"{50D32CFD-88C7-2026-69F8-08405DD84447}","ProcessId":884,"EventType":"SetValue","TargetObject":"HKCU\\Software\\CLM\\Mesa\\Pref\\388","Details":"1"}
{"UtcTime":"2026-08-12 14:16:29.000","Computer":"CLM-MESA-014","User":"CLM\\backoffice","EventID":13,"Image":"C:\\Program Files\\Google\\Chrome\\Application\\chrome.exe","ProcessGuid":"{125BA79F-0F42-2026-4FF5-CE758152F404}","ProcessId":2373,"EventType":"SetValue","TargetObject":"HKCU\\Software\\CLM\\Mesa\\Pref\\389","Details":"1"}
{"UtcTime":"2026-08-12 14:16:30.000","Computer":"CLM-MESA-014","User":"CLM\\backoffice","EventID":13,"Image":"C:\\Windows\\System32\\conhost.exe","ProcessGuid":"{9E56A822-15C0-2026-9D84-517F5CCCD8A0}","ProcessId":3068,"EventType":"SetValue","TargetObject":"HKCU\\Software\\CLM\\Mesa\\Pref\\390","Details":"1"}
{"UtcTime":"2026-08-12 14:16:31.000","Computer":"CLM-MESA-014","User":"CLM\\ops","EventID":1,"Image":"C:\\Windows\\System32\\conhost.exe","ProcessGuid":"{336ECA9F-09C6-2026-E871-447BD2D5998A}","ProcessId":4753,"CommandLine":"C:\\Windows\\System32\\conhost.exe","ParentImage":"C:\\Windows\\System32\\services.exe","ParentProcessGuid":"{82B42659-7B39-2026-4015-6532DDA3F7B7}","OriginalFileName":"C:\\Windows\\System32\\conhost.exe"}
{"UtcTime":"2026-08-12 14:16:32.000","Computer":"CLM-MESA-014","User":"CLM\\mesa","EventID":1,"Image":"C:\\Windows\\System32\\conhost.exe","ProcessGuid":"{083C8107-277D-2026-D7C1-CB575867CC06}","ProcessId":5001,"CommandLine":"C:\\Windows\\System32\\conhost.exe","ParentImage":"C:\\Windows\\System32\\services.exe","ParentProcessGuid":"{8E14735B-C6B1-2026-02C3-1A3702C7E5AD}","OriginalFileName":"C:\\Windows\\System32\\conhost.exe"}
{"UtcTime":"2026-08-12 14:16:33.000","Computer":"CLM-MESA-014","User":"CLM\\mesa","EventID":11,"Image":"C:\\Windows\\System32\\svchost.exe","ProcessGuid":"{ACB357E6-B994-2026-825F-1C0CDFCCADE8}","ProcessId":8380,"TargetFilename":"C:\\Users\\Public\\Temp\\mesa-393.tmp"}
{"UtcTime":"2026-08-12 14:16:34.000","Computer":"CLM-MESA-014","User":"CLM\\backoffice","EventID":1,"Image":"C:\\Windows\\explorer.exe","ProcessGuid":"{3CE837BE-9F29-2026-5C19-DB5938654BD3}","ProcessId":3365,"CommandLine":"C:\\Windows\\explorer.exe","ParentImage":"C:\\Windows\\System32\\services.exe","ParentProcessGuid":"{79493651-90BF-2026-6567-A60CC12B92B9}","OriginalFileName":"C:\\Windows\\explorer.exe"}
{"UtcTime":"2026-08-12 14:16:35.000","Computer":"CLM-MESA-014","User":"CLM\\backoffice","EventID":3,"Image":"C:\\Windows\\explorer.exe","ProcessGuid":"{FF9DAC5D-7822-2026-26A1-4A0DCB81A55D}","ProcessId":3108,"DestinationIp":"10.70.30.1","DestinationPort":443,"DestinationHostname":"portal.clm.liquidacao","SourceIp":"10.70.30.14","Protocol":"tcp"}
{"UtcTime":"2026-08-12 14:16:36.000","Computer":"CLM-MESA-014","User":"CLM\\mesa","EventID":1,"Image":"C:\\Windows\\System32\\RuntimeBroker.exe","ProcessGuid":"{35EDEA0A-4670-2026-974C-9AB82BF3E597}","ProcessId":414,"CommandLine":"C:\\Windows\\System32\\RuntimeBroker.exe","ParentImage":"C:\\Windows\\System32\\services.exe","ParentProcessGuid":"{E194A241-2C95-2026-A635-4E2F37D6BD95}","OriginalFileName":"C:\\Windows\\System32\\RuntimeBroker.exe"}
{"UtcTime":"2026-08-12 14:16:37.000","Computer":"CLM-MESA-014","User":"CLM\\mesa","EventID":3,"Image":"C:\\Program Files\\Google\\Chrome\\Application\\chrome.exe","ProcessGuid":"{D1E22C31-9860-2026-92CA-D8B7D2F6E69F}","ProcessId":6781,"DestinationIp":"10.70.30.1","DestinationPort":135,"DestinationHostname":"ntp.clm.liquidacao","SourceIp":"10.70.30.14","Protocol":"tcp"}
{"UtcTime":"2026-08-12 14:16:38.000","Computer":"CLM-MESA-014","User":"CLM\\ops","EventID":1,"Image":"C:\\Windows\\System32\\RuntimeBroker.exe","ProcessGuid":"{624754B2-2DDC-2026-7F4E-B6D6FB9FCEC4}","ProcessId":4290,"CommandLine":"C:\\Windows\\System32\\RuntimeBroker.exe","ParentImage":"C:\\Windows\\System32\\services.exe","ParentProcessGuid":"{6616AC71-3123-2026-16DC-CDCA38E528A1}","OriginalFileName":"C:\\Windows\\System32\\RuntimeBroker.exe"}
{"UtcTime":"2026-08-12 14:16:39.000","Computer":"CLM-MESA-014","User":"CLM\\backoffice","EventID":1,"Image":"C:\\Program Files\\Google\\Chrome\\Application\\chrome.exe","ProcessGuid":"{EB80B297-3EEA-2026-2352-02905F185279}","ProcessId":8253,"CommandLine":"C:\\Program Files\\Google\\Chrome\\Application\\chrome.exe","ParentImage":"C:\\Windows\\System32\\services.exe","ParentProcessGuid":"{AA7357E3-92FE-2026-E54B-40A32F37839E}","OriginalFileName":"C:\\Program Files\\Google\\Chrome\\Application\\chrome.exe"}
{"UtcTime":"2026-08-12 14:16:40.000","Computer":"CLM-MESA-014","User":"CLM\\mesa","EventID":1,"Image":"C:\\Program Files\\Microsoft Office\\Office16\\EXCEL.EXE","ProcessGuid":"{33E8BE4E-7143-2026-3522-57F69E697067}","ProcessId":8918,"CommandLine":"C:\\Program Files\\Microsoft Office\\Office16\\EXCEL.EXE","ParentImage":"C:\\Windows\\System32\\services.exe","ParentProcessGuid":"{C179485B-D2B3-2026-8674-05624C219FA2}","OriginalFileName":"C:\\Program Files\\Microsoft Office\\Office16\\EXCEL.EXE"}
{"UtcTime":"2026-08-12 14:16:41.000","Computer":"CLM-MESA-014","User":"CLM\\mesa","EventID":13,"Image":"C:\\Program Files\\Google\\Chrome\\Application\\chrome.exe","ProcessGuid":"{6B5ED4FA-6B52-2026-445B-8D5AAF21C688}","ProcessId":672,"EventType":"SetValue","TargetObject":"HKCU\\Software\\CLM\\Mesa\\Pref\\401","Details":"1"}
{"UtcTime":"2026-08-12 14:16:42.000","Computer":"CLM-MESA-014","User":"CLM\\ops","EventID":1,"Image":"C:\\Program Files\\Microsoft Office\\Office16\\EXCEL.EXE","ProcessGuid":"{40A6737A-A4AA-2026-8431-2252E5528DCC}","ProcessId":6255,"CommandLine":"C:\\Program Files\\Microsoft Office\\Office16\\EXCEL.EXE","ParentImage":"C:\\Windows\\System32\\services.exe","ParentProcessGuid":"{14CFF29B-4998-2026-D58E-0E4900DEE747}","OriginalFileName":"C:\\Program Files\\Microsoft Office\\Office16\\EXCEL.EXE"}
{"UtcTime":"2026-08-12 14:16:43.000","Computer":"CLM-MESA-014","User":"CLM\\ops","EventID":3,"Image":"C:\\Windows\\System32\\conhost.exe","ProcessGuid":"{26C3819B-89FB-2026-4F2F-39FA94220C00}","ProcessId":2829,"DestinationIp":"8.8.8.8","DestinationPort":443,"DestinationHostname":"portal.clm.liquidacao","SourceIp":"10.70.30.14","Protocol":"tcp"}
{"UtcTime":"2026-08-12 14:16:44.000","Computer":"CLM-MESA-014","User":"CLM\\backoffice","EventID":3,"Image":"C:\\Program Files\\Microsoft Office\\Office16\\EXCEL.EXE","ProcessGuid":"{573B8141-FC35-2026-65B0-76A0055A1BFA}","ProcessId":3509,"DestinationIp":"8.8.8.8","DestinationPort":53,"DestinationHostname":"ntp.clm.liquidacao","SourceIp":"10.70.30.14","Protocol":"tcp"}
{"UtcTime":"2026-08-12 14:16:45.000","Computer":"CLM-MESA-014","User":"CLM\\backoffice","EventID":13,"Image":"C:\\Windows\\System32\\conhost.exe","ProcessGuid":"{FDA4DBA7-E024-2026-AA7E-641302D8CCF2}","ProcessId":2704,"EventType":"SetValue","TargetObject":"HKCU\\Software\\CLM\\Mesa\\Pref\\405","Details":"1"}
{"UtcTime":"2026-08-12 14:16:46.000","Computer":"CLM-MESA-014","User":"CLM\\ops","EventID":11,"Image":"C:\\Program Files\\Google\\Chrome\\Application\\chrome.exe","ProcessGuid":"{3304ED9B-1BEC-2026-8346-3D11C81E42D4}","ProcessId":5385,"TargetFilename":"C:\\Users\\Public\\Temp\\mesa-406.tmp"}
{"UtcTime":"2026-08-12 14:16:47.000","Computer":"CLM-MESA-014","User":"CLM\\mesa","EventID":1,"Image":"C:\\Windows\\System32\\svchost.exe","ProcessGuid":"{B93FA3D0-AC94-2026-FC39-B93A3EBC5756}","ProcessId":5708,"CommandLine":"C:\\Windows\\System32\\svchost.exe","ParentImage":"C:\\Windows\\System32\\services.exe","ParentProcessGuid":"{225429BA-D4A8-2026-AA35-2612355E52C0}","OriginalFileName":"C:\\Windows\\System32\\svchost.exe"}
{"UtcTime":"2026-08-12 14:16:48.000","Computer":"CLM-MESA-014","User":"CLM\\mesa","EventID":3,"Image":"C:\\Program Files\\Microsoft Office\\Office16\\EXCEL.EXE","ProcessGuid":"{C14083DE-25B8-2026-0D7E-74E48E6C4CFF}","ProcessId":7321,"DestinationIp":"8.8.8.8","DestinationPort":135,"DestinationHostname":"ntp.clm.liquidacao","SourceIp":"10.70.30.14","Protocol":"tcp"}
{"UtcTime":"2026-08-12 14:16:49.000","Computer":"CLM-MESA-014","User":"CLM\\ops","EventID":5,"Image":"C:\\Windows\\System32\\svchost.exe","ProcessGuid":"{12EF7484-F0E9-2026-54F0-18D864D96DA1}","ProcessId":4040,"EventType":"End"}
{"UtcTime":"2026-08-12 14:16:50.000","Computer":"CLM-MESA-014","User":"CLM\\mesa","EventID":11,"Image":"C:\\Program Files\\Google\\Chrome\\Application\\chrome.exe","ProcessGuid":"{407F3F0D-88E3-2026-6B52-0E21CD52E999}","ProcessId":3177,"TargetFilename":"C:\\Users\\Public\\Temp\\mesa-410.tmp"}
{"UtcTime":"2026-08-12 14:16:51.000","Computer":"CLM-MESA-014","User":"CLM\\backoffice","EventID":5,"Image":"C:\\Program Files\\Google\\Chrome\\Application\\chrome.exe","ProcessGuid":"{69ECAAAF-3E39-2026-BA35-56C0CFF87AF1}","ProcessId":806,"EventType":"End"}
{"UtcTime":"2026-08-12 14:16:52.000","Computer":"CLM-MESA-014","User":"CLM\\ops","EventID":5,"Image":"C:\\Windows\\System32\\svchost.exe","ProcessGuid":"{ED3FC519-919A-2026-3A10-9F1056A20996}","ProcessId":1215,"EventType":"End"}
{"UtcTime":"2026-08-12 14:16:53.000","Computer":"CLM-MESA-014","User":"CLM\\backoffice","EventID":3,"Image":"C:\\Windows\\System32\\RuntimeBroker.exe","ProcessGuid":"{CF9C0B37-2B92-2026-E247-C73AC8C3FDD5}","ProcessId":764,"DestinationIp":"1.1.1.1","DestinationPort":443,"DestinationHostname":"ntp.clm.liquidacao","SourceIp":"10.70.30.14","Protocol":"tcp"}
{"UtcTime":"2026-08-12 14:16:54.000","Computer":"CLM-MESA-014","User":"CLM\\backoffice","EventID":3,"Image":"C:\\Windows\\System32\\svchost.exe","ProcessGuid":"{E3FAC801-50E5-2026-33DB-A0D96DAC2997}","ProcessId":4199,"DestinationIp":"10.70.30.8","DestinationPort":135,"DestinationHostname":"ntp.clm.liquidacao","SourceIp":"10.70.30.14","Protocol":"tcp"}
{"UtcTime":"2026-08-12 14:16:55.000","Computer":"CLM-MESA-014","User":"CLM\\ops","EventID":5,"Image":"C:\\Program Files\\Google\\Chrome\\Application\\chrome.exe","ProcessGuid":"{7334ECCA-3DC1-2026-B5D5-47A6C8A8A251}","ProcessId":8828,"EventType":"End"}
