{"UtcTime":"2026-08-12 10:06:04.000","Computer":"TN-FIN-WS042","User":"TRANSNORTE\\ops.cardoso","EventID":5,"Image":"C:\\Program Files\\Microsoft Office\\Office16\\OUTLOOK.EXE","ProcessGuid":"{62741B3F-AF13-2026-3867-8FC02599880A}","ProcessId":2520,"EventType":"End"}
{"UtcTime":"2026-08-12 10:06:05.000","Computer":"TN-FIN-WS042","User":"TRANSNORTE\\backup_svc","EventID":13,"Image":"C:\\Program Files\\Google\\Chrome\\Application\\chrome.exe","ProcessGuid":"{56792D63-2622-2026-B34B-8852B5228756}","ProcessId":3866,"EventType":"SetValue","TargetObject":"HKCU\\Software\\Microsoft\\Office\\16.0\\Outlook\\Resiliency\\1565","Details":"1"}
{"UtcTime":"2026-08-12 10:06:06.000","Computer":"TN-FIN-WS042","User":"TRANSNORTE\\backup_svc","EventID":1,"Image":"C:\\Windows\\System32\\conhost.exe","ProcessGuid":"{18D4F7CF-A915-2026-F5E3-C26A9F46E2E9}","ProcessId":4159,"CommandLine":"C:\\Windows\\System32\\conhost.exe","ParentImage":"C:\\Windows\\System32\\services.exe","ParentProcessGuid":"{A1228E62-FF7C-2026-62ED-79A29B323833}","OriginalFileName":"C:\\Windows\\System32\\conhost.exe","SHA256":"fdbce8912cb406790e1fd20609163633c6f0b4f74b4c27476f19f9c147898e3e"}
{"UtcTime":"2026-08-12 10:06:07.000","Computer":"TN-FIN-WS042","User":"TRANSNORTE\\backup_svc","EventID":11,"Image":"C:\\Program Files\\Google\\Chrome\\Application\\chrome.exe","ProcessGuid":"{0354F34E-E301-2026-520A-FA0F1D8CEB4D}","ProcessId":5666,"TargetFilename":"C:\\Users\\ops.cardoso\\AppData\\Local\\Temp\\office-1567.tmp"}
{"UtcTime":"2026-08-12 10:06:08.000","Computer":"TN-FIN-WS042","User":"TRANSNORTE\\ops.cardoso","EventID":5,"Image":"C:\\Windows\\explorer.exe","ProcessGuid":"{D3BC9077-9DC1-2026-5C58-F4F258ACCA2A}","ProcessId":7318,"EventType":"End"}
{"UtcTime":"2026-08-12 10:06:09.000","Computer":"TN-FIN-WS042","User":"TRANSNORTE\\backup_svc","EventID":3,"Image":"C:\\Program Files\\Google\\Chrome\\Application\\chrome.exe","ProcessGuid":"{246A54BF-C99F-2026-9BDD-422C9D26D7D9}","ProcessId":4840,"DestinationIp":"1.1.1.1","DestinationPort":443,"SourceIp":"10.50.10.42","Protocol":"tcp"}
{"UtcTime":"2026-08-12 10:06:10.000","Computer":"TN-FIN-WS042","User":"TRANSNORTE\\backup_svc","EventID":1,"Image":"C:\\Windows\\System32\\svchost.exe","ProcessGuid":"{B41A8193-E6FE-2026-3518-92A976B019FB}","ProcessId":2251,"CommandLine":"C:\\Windows\\System32\\svchost.exe","ParentImage":"C:\\Windows\\System32\\services.exe","ParentProcessGuid":"{E2F01137-A155-2026-98CC-5B9D761DAB01}","OriginalFileName":"C:\\Windows\\System32\\svchost.exe","SHA256":"69591a748b5f323f845f50d83a8510b0a5142d6002f3039fcc377d3bed87db0e"}
{"UtcTime":"2026-08-12 10:06:11.000","Computer":"TN-FIN-WS042","User":"TRANSNORTE\\backup_svc","EventID":1,"Image":"C:\\Program Files\\Google\\Chrome\\Application\\chrome.exe","ProcessGuid":"{A6E411D4-55AA-2026-CE22-DD510185F908}","ProcessId":3480,"CommandLine":"C:\\Program Files\\Google\\Chrome\\Application\\chrome.exe","ParentImage":"C:\\Windows\\System32\\services.exe","ParentProcessGuid":"{AF667065-1865-2026-E645-B787D893FD71}","OriginalFileName":"C:\\Program Files\\Google\\Chrome\\Application\\chrome.exe","SHA256":"d44f1a271706a5b0d28d2004cc1a9d4e0d551b0c7514f8eff475af2867c11113"}
{"UtcTime":"2026-08-12 10:06:12.000","Computer":"TN-FIN-WS042","User":"TRANSNORTE\\backup_svc","EventID":1,"Image":"C:\\Program Files\\Google\\Chrome\\Application\\chrome.exe","ProcessGuid":"{49328BC2-DFD2-2026-813D-34A33D95582E}","ProcessId":711,"CommandLine":"C:\\Program Files\\Google\\Chrome\\Application\\chrome.exe","ParentImage":"C:\\Windows\\System32\\services.exe","ParentProcessGuid":"{4A3307A5-BEA7-2026-B57F-3AF7A900E742}","OriginalFileName":"C:\\Program Files\\Google\\Chrome\\Application\\chrome.exe","SHA256":"2c37baee4aee26d120f77895cd36199ce6ca7cdf422aec8d849276d6d2a69148"}
{"UtcTime":"2026-08-12 10:06:13.000","Computer":"TN-FIN-WS042","User":"TRANSNORTE\\backup_svc","EventID":3,"Image":"C:\\Program Files\\Google\\Chrome\\Application\\chrome.exe","ProcessGuid":"{7F73AC91-3873-2026-EE87-2ED9DAE235C7}","ProcessId":2471,"DestinationIp":"1.1.1.1","DestinationPort":135,"SourceIp":"10.50.10.42","Protocol":"tcp"}
{"UtcTime":"2026-08-12 10:06:14.000","Computer":"TN-FIN-WS042","User":"TRANSNORTE\\backup_svc","EventID":3,"Image":"C:\\Program Files\\Microsoft Office\\Office16\\OUTLOOK.EXE","ProcessGuid":"{AF0CF735-5A20-2026-D81C-FC229862AADA}","ProcessId":5595,"DestinationIp":"1.1.1.1","DestinationPort":443,"SourceIp":"10.50.10.42","Protocol":"tcp"}
{"UtcTime":"2026-08-12 10:06:15.000","Computer":"TN-FIN-WS042","User":"TRANSNORTE\\backup_svc","EventID":13,"Image":"C:\\Program Files\\Microsoft Office\\Office16\\OUTLOOK.EXE","ProcessGuid":"{16E78212-E647-2026-FA2C-85CB6F2EC69B}","ProcessId":7546,"EventType":"SetValue","TargetObject":"HKCU\\Software\\Microsoft\\Office\\16.0\\Outlook\\Resiliency\\1575","Details":"1"}
{"UtcTime":"2026-08-12 10:06:16.000","Computer":"TN-FIN-WS042","User":"TRANSNORTE\\backup_svc","EventID":13,"Image":"C:\\Windows\\System32\\conhost.exe","ProcessGuid":"{96F586CC-365C-2026-AE50-6CCD9ADE9EDD}","ProcessId":1630,"EventType":"SetValue","TargetObject":"HKCU\\Software\\Microsoft\\Office\\16.0\\Outlook\\Resiliency\\1576","Details":"1"}
{"UtcTime":"2026-08-12 10:06:17.000","Computer":"TN-FIN-WS042","User":"TRANSNORTE\\backup_svc","EventID":1,"Image":"C:\\Program Files\\Microsoft Office\\Office16\\OUTLOOK.EXE","ProcessGuid":"{99B03F9D-ED9E-2026-472C-14E46934D6C0}","ProcessId":3366,"CommandLine":"C:\\Program Files\\Microsoft Office\\Office16\\OUTLOOK.EXE","ParentImage":"C:\\Windows\\System32\\services.exe","ParentProcessGuid":"{A2C4EA6E-9A54-2026-9CC3-6B6A4865DC72}","OriginalFileName":"C:\\Program Files\\Microsoft Office\\Office16\\OUTLOOK.EXE","SHA256":"533e6517d5b87e4d71784bc667c3426d9671c2ce916f18a7e958452c15514251"}
{"UtcTime":"2026-08-12 10:06:18.000","Computer":"TN-FIN-WS042","User":"TRANSNORTE\\ops.cardoso","EventID":13,"Image":"C:\\Windows\\System32\\svchost.exe","ProcessGuid":"{9600A329-F94F-2026-17DB-AB3DF99B01D3}","ProcessId":5070,"EventType":"SetValue","TargetObject":"HKCU\\Software\\Microsoft\\Office\\16.0\\Outlook\\Resiliency\\1578","Details":"1"}
{"UtcTime":"2026-08-12 10:06:19.000","Computer":"TN-FIN-WS042","User":"TRANSNORTE\\backup_svc","EventID":5,"Image":"C:\\Windows\\System32\\RuntimeBroker.exe","ProcessGuid":"{A376E2FB-B286-2026-915A-7ED036A2B8F7}","ProcessId":1592,"EventType":"End"}
{"UtcTime":"2026-08-12 10:06:20.000","Computer":"TN-FIN-WS042","User":"TRANSNORTE\\backup_svc","EventID":1,"Image":"C:\\Windows\\System32\\conhost.exe","ProcessGuid":"{C72BA386-4447-2026-2B15-7C9F7CAE98C0}","ProcessId":3196,"CommandLine":"C:\\Windows\\System32\\conhost.exe","ParentImage":"C:\\Windows\\System32\\services.exe","ParentProcessGuid":"{2AA43A90-5E4D-2026-7920-41774DC4A5F2}","OriginalFileName":"C:\\Windows\\System32\\conhost.exe","SHA256":"328aa649a226559523e4962126dbd5b3c562ee5c2b194cdd77620609de2d78d7"}
{"UtcTime":"2026-08-12 10:06:21.000","Computer":"TN-FIN-WS042","User":"TRANSNORTE\\backup_svc","EventID":1,"Image":"C:\\Windows\\System32\\conhost.exe","ProcessGuid":"{4914FB79-0C91-2026-9AE6-38BA46B9DBED}","ProcessId":4238,"CommandLine":"C:\\Windows\\System32\\conhost.exe","ParentImage":"C:\\Windows\\System32\\services.exe","ParentProcessGuid":"{5670AEE3-6826-2026-4707-55203C696307}","OriginalFileName":"C:\\Windows\\System32\\conhost.exe","SHA256":"129e6e7e0d22f8c0a999359edcee302b6c322f605cb279a71a2543abcc115a7f"}
{"UtcTime":"2026-08-12 10:06:22.000","Computer":"TN-FIN-WS042","User":"TRANSNORTE\\backup_svc","EventID":11,"Image":"C:\\Program Files\\Microsoft Office\\Office16\\OUTLOOK.EXE","ProcessGuid":"{9200D6E3-61FD-2026-9726-CBF2B895B0BA}","ProcessId":8664,"TargetFilename":"C:\\Users\\ops.cardoso\\AppData\\Local\\Temp\\office-1582.tmp"}
{"UtcTime":"2026-08-12 10:06:23.000","Computer":"TN-FIN-WS042","User":"TRANSNORTE\\ops.cardoso","EventID":5,"Image":"C:\\Windows\\System32\\RuntimeBroker.exe","ProcessGuid":"{5AB679CF-0D72-2026-B8F2-84B137120FA2}","ProcessId":3408,"EventType":"End"}
{"UtcTime":"2026-08-12 10:06:24.000","Computer":"TN-FIN-WS042","User":"TRANSNORTE\\backup_svc","EventID":11,"Image":"C:\\Windows\\explorer.exe","ProcessGuid":"{FB6FF1DD-9061-2026-D8BB-A2CD32ED100C}","ProcessId":3282,"TargetFilename":"C:\\Users\\ops.cardoso\\AppData\\Local\\Temp\\office-1584.tmp"}
{"UtcTime":"2026-08-12 10:06:25.000","Computer":"TN-FIN-WS042","User":"TRANSNORTE\\backup_svc","EventID":1,"Image":"C:\\Windows\\System32\\RuntimeBroker.exe","ProcessGuid":"{62AE30DA-397F-2026-BAFC-3B836580B670}","ProcessId":2180,"CommandLine":"C:\\Windows\\System32\\RuntimeBroker.exe","ParentImage":"C:\\Windows\\System32\\services.exe","ParentProcessGuid":"{43FEC43E-74E0-2026-7985-E327558FECEC}","OriginalFileName":"C:\\Windows\\System32\\RuntimeBroker.exe","SHA256":"4dc2a21af8e4169c2c2eb90e32a3a2737a3149736e6a8ca39eafffbcf47f5616"}
{"UtcTime":"2026-08-12 10:06:26.000","Computer":"TN-FIN-WS042","User":"TRANSNORTE\\backup_svc","EventID":5,"Image":"C:\\Program Files\\Google\\Chrome\\Application\\chrome.exe","ProcessGuid":"{EAB9B931-3ABF-2026-6DA6-FB6A73BCA3B2}","ProcessId":8503,"EventType":"End"}
{"UtcTime":"2026-08-12 10:06:27.000","Computer":"TN-FIN-WS042","User":"TRANSNORTE\\backup_svc","EventID":13,"Image":"C:\\Windows\\System32\\conhost.exe","ProcessGuid":"{0469DDD8-0705-2026-3999-61318D53610A}","ProcessId":1948,"EventType":"SetValue","TargetObject":"HKCU\\Software\\Microsoft\\Office\\16.0\\Outlook\\Resiliency\\1587","Details":"1"}
{"UtcTime":"2026-08-12 10:06:28.000","Computer":"TN-FIN-WS042","User":"TRANSNORTE\\ops.cardoso","EventID":1,"Image":"C:\\Program Files\\Microsoft Office\\Office16\\OUTLOOK.EXE","ProcessGuid":"{20385310-416F-2026-6F7E-B834AE3D40EF}","ProcessId":2046,"CommandLine":"C:\\Program Files\\Microsoft Office\\Office16\\OUTLOOK.EXE","ParentImage":"C:\\Windows\\System32\\services.exe","ParentProcessGuid":"{7A63BD58-4B60-2026-A745-6FF292AE2FAE}","OriginalFileName":"C:\\Program Files\\Microsoft Office\\Office16\\OUTLOOK.EXE","SHA256":"71c6ab04855e6de376f6437fcbb624f4f0d4442e1e73e8977f7b9762782eeb4d"}
{"UtcTime":"2026-08-12 10:06:29.000","Computer":"TN-FIN-WS042","User":"TRANSNORTE\\backup_svc","EventID":5,"Image":"C:\\Program Files\\Microsoft Office\\Office16\\OUTLOOK.EXE","ProcessGuid":"{F699CE22-0D2E-2026-5687-B37079263CB3}","ProcessId":5644,"EventType":"End"}
{"UtcTime":"2026-08-12 10:06:30.000","Computer":"TN-FIN-WS042","User":"TRANSNORTE\\backup_svc","EventID":13,"Image":"C:\\Program Files\\Google\\Chrome\\Application\\chrome.exe","ProcessGuid":"{A23B64FF-3707-2026-36BD-79B3F698BE77}","ProcessId":8229,"EventType":"SetValue","TargetObject":"HKCU\\Software\\Microsoft\\Office\\16.0\\Outlook\\Resiliency\\1590","Details":"1"}
{"UtcTime":"2026-08-12 10:06:31.000","Computer":"TN-FIN-WS042","User":"TRANSNORTE\\ops.cardoso","EventID":5,"Image":"C:\\Program Files\\Microsoft Office\\Office16\\OUTLOOK.EXE","ProcessGuid":"{AB0D7991-FBE6-2026-788B-3BA0CA4DB1DF}","ProcessId":1674,"EventType":"End"}
{"UtcTime":"2026-08-12 10:06:32.000","Computer":"TN-FIN-WS042","User":"TRANSNORTE\\backup_svc","EventID":3,"Image":"C:\\Windows\\explorer.exe","ProcessGuid":"{361C2A6C-AA52-2026-4744-EE668C33B29D}","ProcessId":4442,"DestinationIp":"1.1.1.1","DestinationPort":443,"SourceIp":"10.50.10.42","Protocol":"tcp"}
{"UtcTime":"2026-08-12 10:06:33.000","Computer":"TN-FIN-WS042","User":"TRANSNORTE\\ops.cardoso","EventID":1,"Image":"C:\\Windows\\System32\\conhost.exe","ProcessGuid":"{4FE9E691-10F3-2026-A086-A8FCA87C1DD6}","ProcessId":539,"CommandLine":"C:\\Windows\\System32\\conhost.exe","ParentImage":"C:\\Windows\\System32\\services.exe","ParentProcessGuid":"{8C22B10C-6260-2026-B663-E9866D759D17}","OriginalFileName":"C:\\Windows\\System32\\conhost.exe","SHA256":"3fe6628e6c285b295e1c18a865f6cda1f2bbdddc2d9db18eb5185298ddc1e1c7"}
{"UtcTime":"2026-08-12 10:06:34.000","Computer":"TN-FIN-WS042","User":"TRANSNORTE\\backup_svc","EventID":1,"Image":"C:\\Windows\\System32\\conhost.exe","ProcessGuid":"{C8055B09-8741-2026-F1CA-B26735F92A4A}","ProcessId":5785,"CommandLine":"C:\\Windows\\System32\\conhost.exe","ParentImage":"C:\\Windows\\System32\\services.exe","ParentProcessGuid":"{C5F2611D-E5C3-2026-C979-2A19588F10AB}","OriginalFileName":"C:\\Windows\\System32\\conhost.exe","SHA256":"34bfa0c2007ca94a6a703922675db0923a12843bd4065ba119fc47f42899aa7e"}
{"UtcTime":"2026-08-12 10:06:35.000","Computer":"TN-FIN-WS042","User":"TRANSNORTE\\ops.cardoso","EventID":1,"Image":"C:\\Program Files\\Microsoft Office\\Office16\\OUTLOOK.EXE","ProcessGuid":"{D5CA75FE-F8C6-2026-7CE9-C760777483A6}","ProcessId":1630,"CommandLine":"C:\\Program Files\\Microsoft Office\\Office16\\OUTLOOK.EXE","ParentImage":"C:\\Windows\\System32\\services.exe","ParentProcessGuid":"{C1B2D7A3-63B8-2026-3E7A-81500067CD85}","OriginalFileName":"C:\\Program Files\\Microsoft Office\\Office16\\OUTLOOK.EXE","SHA256":"82c0f44a0724e3abc6a80ce026a2d2f2ee3b506db574c961ee4ee0a31674782e"}
{"UtcTime":"2026-08-12 10:06:36.000","Computer":"TN-FIN-WS042","User":"TRANSNORTE\\backup_svc","EventID":3,"Image":"C:\\Windows\\System32\\conhost.exe","ProcessGuid":"{8818319F-92A2-2026-7F73-A20A022C1BF3}","ProcessId":4243,"DestinationIp":"10.50.10.88","DestinationPort":443,"SourceIp":"10.50.10.42","Protocol":"tcp"}
{"UtcTime":"2026-08-12 10:06:37.000","Computer":"TN-FIN-WS042","User":"TRANSNORTE\\backup_svc","EventID":13,"Image":"C:\\Program Files\\Google\\Chrome\\Application\\chrome.exe","ProcessGuid":"{5C8C07B4-420D-2026-38D6-B4FF4BBE0E1F}","ProcessId":4909,"EventType":"SetValue","TargetObject":"HKCU\\Software\\Microsoft\\Office\\16.0\\Outlook\\Resiliency\\1597","Details":"1"}
{"UtcTime":"2026-08-12 10:06:38.000","Computer":"TN-FIN-WS042","User":"TRANSNORTE\\ops.cardoso","EventID":3,"Image":"C:\\Windows\\System32\\conhost.exe","ProcessGuid":"{0C2BA3CD-2492-2026-97D0-E05E7653F31C}","ProcessId":1055,"DestinationIp":"10.50.10.88","DestinationPort":443,"SourceIp":"10.50.10.42","Protocol":"tcp"}
{"UtcTime":"2026-08-12 10:06:39.000","Computer":"TN-FIN-WS042","User":"TRANSNORTE\\backup_svc","EventID":1,"Image":"C:\\Windows\\System32\\conhost.exe","ProcessGuid":"{9F058063-F332-2026-F3B7-E3FB475F5543}","ProcessId":938,"CommandLine":"C:\\Windows\\System32\\conhost.exe","ParentImage":"C:\\Windows\\System32\\services.exe","ParentProcessGuid":"{41ABF8E8-8A56-2026-72D9-BEB9BD721D03}","OriginalFileName":"C:\\Windows\\System32\\conhost.exe","SHA256":"478975e04da9987ff127aa8350759dafd60506b02741c9e1daf88bf157b25068"}
{"UtcTime":"2026-08-12 10:06:40.000","Computer":"TN-FIN-WS042","User":"TRANSNORTE\\ops.cardoso","EventID":3,"Image":"C:\\Windows\\System32\\svchost.exe","ProcessGuid":"{C6B7EAEB-D534-2026-BD91-AF2783CB859C}","ProcessId":8106,"DestinationIp":"10.50.10.88","DestinationPort":8080,"SourceIp":"10.50.10.42","Protocol":"tcp"}
{"UtcTime":"2026-08-12 10:06:41.000","Computer":"TN-FIN-WS042","User":"TRANSNORTE\\ops.cardoso","EventID":13,"Image":"C:\\Windows\\System32\\svchost.exe","ProcessGuid":"{0366E50D-C761-2026-D31E-F27D50E147F2}","ProcessId":3283,"EventType":"SetValue","TargetObject":"HKCU\\Software\\Microsoft\\Office\\16.0\\Outlook\\Resiliency\\1601","Details":"1"}
{"UtcTime":"2026-08-12 10:06:42.000","Computer":"TN-FIN-WS042","User":"TRANSNORTE\\backup_svc","EventID":13,"Image":"C:\\Windows\\System32\\conhost.exe","ProcessGuid":"{3C6C9764-3009-2026-6BBB-AC5466A4B23B}","ProcessId":6440,"EventType":"SetValue","TargetObject":"HKCU\\Software\\Microsoft\\Office\\16.0\\Outlook\\Resiliency\\1602","Details":"1"}
{"UtcTime":"2026-08-12 10:06:43.000","Computer":"TN-FIN-WS042","User":"TRANSNORTE\\backup_svc","EventID":11,"Image":"C:\\Program Files\\Google\\Chrome\\Application\\chrome.exe","ProcessGuid":"{A4CD18CB-25B6-2026-BF4A-40CFB5C59539}","ProcessId":6706,"TargetFilename":"C:\\Users\\ops.cardoso\\AppData\\Local\\Temp\\office-1603.tmp"}
{"UtcTime":"2026-08-12 10:06:44.000","Computer":"TN-FIN-WS042","User":"TRANSNORTE\\ops.cardoso","EventID":3,"Image":"C:\\Program Files\\Microsoft Office\\Office16\\OUTLOOK.EXE","ProcessGuid":"{46F60F6A-06A5-2026-8B72-85DB0D046061}","ProcessId":2776,"DestinationIp":"8.8.8.8","DestinationPort":8080,"SourceIp":"10.50.10.42","Protocol":"tcp"}
{"UtcTime":"2026-08-12 10:06:45.000","Computer":"TN-FIN-WS042","User":"TRANSNORTE\\backup_svc","EventID":5,"Image":"C:\\Windows\\System32\\svchost.exe","ProcessGuid":"{83CA60D9-9ACF-2026-E6B0-EC20F66FFFBA}","ProcessId":7220,"EventType":"End"}
{"UtcTime":"2026-08-12 10:06:46.000","Computer":"TN-FIN-WS042","User":"TRANSNORTE\\backup_svc","EventID":1,"Image":"C:\\Windows\\System32\\svchost.exe","ProcessGuid":"{4E002C88-345C-2026-AE4A-E564D5A7FD13}","ProcessId":538,"CommandLine":"C:\\Windows\\System32\\svchost.exe","ParentImage":"C:\\Windows\\System32\\services.exe","ParentProcessGuid":"{5978B821-E231-2026-1E59-DF15CCF6F9F9}","OriginalFileName":"C:\\Windows\\System32\\svchost.exe","SHA256":"324e0bf6fedea046bdc0aad6fde7e5a186c7d76429d7cceab6264720f773c13d"}
{"UtcTime":"2026-08-12 10:06:47.000","Computer":"TN-FIN-WS042","User":"TRANSNORTE\\backup_svc","EventID":5,"Image":"C:\\Program Files\\Google\\Chrome\\Application\\chrome.exe","ProcessGuid":"{B8488BA5-5842-2026-2FA4-5E8EB7A1E84F}","ProcessId":4956,"EventType":"End"}
{"UtcTime":"2026-08-12 10:06:48.000","Computer":"TN-FIN-WS042","User":"TRANSNORTE\\backup_svc","EventID":1,"Image":"C:\\Windows\\System32\\svchost.exe","ProcessGuid":"{C90856B2-03B9-2026-2575-D82D30BA74B9}","ProcessId":8624,"CommandLine":"C:\\Windows\\System32\\svchost.exe","ParentImage":"C:\\Windows\\System32\\services.exe","ParentProcessGuid":"{B5E30FA5-BB43-2026-4DC4-133C4C1FF8A2}","OriginalFileName":"C:\\Windows\\System32\\svchost.exe","SHA256":"4e2c3833068ca69ed1452c867894c0cf12c30ebcae94d4bc7e5b64801afb422f"}
{"UtcTime":"2026-08-12 10:06:49.000","Computer":"TN-FIN-WS042","User":"TRANSNORTE\\backup_svc","EventID":1,"Image":"C:\\Windows\\explorer.exe","ProcessGuid":"{1EB40DB3-31E7-2026-D7F6-BFA06F949F8D}","ProcessId":3317,"CommandLine":"C:\\Windows\\explorer.exe","ParentImage":"C:\\Windows\\System32\\services.exe","ParentProcessGuid":"{173080F5-A153-2026-7D72-F19FE7FF9611}","OriginalFileName":"C:\\Windows\\explorer.exe","SHA256":"858b7e7c311e977f273b49dc01cbb17cb6d92ba22bf083ae22a8d8965a361a70"}
{"UtcTime":"2026-08-12 10:06:50.000","Computer":"TN-FIN-WS042","User":"TRANSNORTE\\backup_svc","EventID":1,"Image":"C:\\Program Files\\Google\\Chrome\\Application\\chrome.exe","ProcessGuid":"{D21674A8-7F04-2026-CE85-089EDD85C6BC}","ProcessId":5958,"CommandLine":"C:\\Program Files\\Google\\Chrome\\Application\\chrome.exe","ParentImage":"C:\\Windows\\System32\\services.exe","ParentProcessGuid":"{A048B3A1-5B06-2026-53B0-4BA4A24E3A57}","OriginalFileName":"C:\\Program Files\\Google\\Chrome\\Application\\chrome.exe","SHA256":"de3d1e08bd1628998fbc1bb0ab7da6dc485740a6ae3f26b50eebc608076438d3"}
{"UtcTime":"2026-08-12 10:06:51.000","Computer":"TN-FIN-WS042","User":"TRANSNORTE\\backup_svc","EventID":1,"Image":"C:\\Windows\\System32\\conhost.exe","ProcessGuid":"{814C3A23-88D9-2026-2530-2CE016ED6BD3}","ProcessId":3262,"CommandLine":"C:\\Windows\\System32\\conhost.exe","ParentImage":"C:\\Windows\\System32\\services.exe","ParentProcessGuid":"{9C9D3C90-2784-2026-18CC-C1577C43EFFB}","OriginalFileName":"C:\\Windows\\System32\\conhost.exe","SHA256":"e5031c9c11dc6912151e3197fb1e9d27034f95c6a56bcc19a0017f4e9f4b3d88"}
{"UtcTime":"2026-08-12 10:06:52.000","Computer":"TN-FIN-WS042","User":"TRANSNORTE\\backup_svc","EventID":1,"Image":"C:\\Program Files\\Google\\Chrome\\Application\\chrome.exe","ProcessGuid":"{3A81C62D-897F-2026-4781-1DB94AD3D9B9}","ProcessId":7208,"CommandLine":"C:\\Program Files\\Google\\Chrome\\Application\\chrome.exe","ParentImage":"C:\\Windows\\System32\\services.exe","ParentProcessGuid":"{DBB5817E-34CD-2026-B9F3-CAF2919A3863}","OriginalFileName":"C:\\Program Files\\Google\\Chrome\\Application\\chrome.exe","SHA256":"6b6b1c7ecef3c804f7e06a088cd627b55b9af611add886daaa1ed0cf2a95f271"}
{"UtcTime":"2026-08-12 10:06:53.000","Computer":"TN-FIN-WS042","User":"TRANSNORTE\\ops.cardoso","EventID":13,"Image":"C:\\Windows\\System32\\svchost.exe","ProcessGuid":"{9CEA5C70-6110-2026-98E8-19D32A28E146}","ProcessId":453,"EventType":"SetValue","TargetObject":"HKCU\\Software\\Microsoft\\Office\\16.0\\Outlook\\Resiliency\\1613","Details":"1"}
{"UtcTime":"2026-08-12 10:06:54.000","Computer":"TN-FIN-WS042","User":"TRANSNORTE\\ops.cardoso","EventID":11,"Image":"C:\\Windows\\System32\\RuntimeBroker.exe","ProcessGuid":"{E652AFCC-49D8-2026-0EE1-85D37029E8D8}","ProcessId":6724,"TargetFilename":"C:\\Users\\ops.cardoso\\AppData\\Local\\Temp\\office-1614.tmp"}
{"UtcTime":"2026-08-12 10:06:55.000","Computer":"TN-FIN-WS042","User":"TRANSNORTE\\backup_svc","EventID":13,"Image":"C:\\Windows\\System32\\conhost.exe","ProcessGuid":"{A70BAA0A-D600-2026-2706-A65F8CCF8907}","ProcessId":7707,"EventType":"SetValue","TargetObject":"HKCU\\Software\\Microsoft\\Office\\16.0\\Outlook\\Resiliency\\1615","Details":"1"}
{"UtcTime":"2026-08-12 10:06:56.000","Computer":"TN-FIN-WS042","User":"TRANSNORTE\\backup_svc","EventID":1,"Image":"C:\\Windows\\System32\\svchost.exe","ProcessGuid":"{02617FD5-EDD8-2026-5456-E5D1BC2E3BEB}","ProcessId":8970,"CommandLine":"C:\\Windows\\System32\\svchost.exe","ParentImage":"C:\\Windows\\System32\\services.exe","ParentProcessGuid":"{F5F22FB7-353C-2026-D203-BF80FE8B5CBE}","OriginalFileName":"C:\\Windows\\System32\\svchost.exe","SHA256":"ef8a3163d7a00a0980f03f7228b1ed311bff23b055ecb1f0be9e8d82d8fda2cd"}
{"UtcTime":"2026-08-12 10:06:57.000","Computer":"TN-FIN-WS042","User":"TRANSNORTE\\backup_svc","EventID":1,"Image":"C:\\Program Files\\Microsoft Office\\Office16\\OUTLOOK.EXE","ProcessGuid":"{755CD037-A134-2026-8C94-CBB38FE46C54}","ProcessId":8067,"CommandLine":"C:\\Program Files\\Microsoft Office\\Office16\\OUTLOOK.EXE","ParentImage":"C:\\Windows\\System32\\services.exe","ParentProcessGuid":"{7AE4F94D-B0D0-2026-B432-6C42497222B2}","OriginalFileName":"C:\\Program Files\\Microsoft Office\\Office16\\OUTLOOK.EXE","SHA256":"3a13480a0e2bc116dbf2b76dae24d95ff104da9ae391a151838e79a4f3f52c72"}
{"UtcTime":"2026-08-12 10:06:58.000","Computer":"TN-FIN-WS042","User":"TRANSNORTE\\ops.cardoso","EventID":1,"Image":"C:\\Windows\\System32\\RuntimeBroker.exe","ProcessGuid":"{1B16FEF1-9B9A-2026-CFB0-5EB87CC2C17B}","ProcessId":8269,"CommandLine":"C:\\Windows\\System32\\RuntimeBroker.exe","ParentImage":"C:\\Windows\\System32\\services.exe","ParentProcessGuid":"{B1281038-DEF0-2026-0815-F316C4FB37D8}","OriginalFileName":"C:\\Windows\\System32\\RuntimeBroker.exe","SHA256":"3f22af1d65a0b3410a4a2f325189ad7f873a97385271c4506d39db1c0fca6cbd"}
{"UtcTime":"2026-08-12 10:06:59.000","Computer":"TN-FIN-WS042","User":"TRANSNORTE\\ops.cardoso","EventID":1,"Image":"C:\\Windows\\explorer.exe","ProcessGuid":"{5F93C550-D6AD-2026-CC54-2E8BC4F489B0}","ProcessId":795,"CommandLine":"C:\\Windows\\explorer.exe","ParentImage":"C:\\Windows\\System32\\services.exe","ParentProcessGuid":"{3D6F61F0-6EF5-2026-764A-0ED7BABEFB48}","OriginalFileName":"C:\\Windows\\explorer.exe","SHA256":"11d798d4a08b2acbda736164f5f2d7f71f3b1b4c1b2bc975c61598c4f20fa7cc"}
{"UtcTime":"2026-08-12 10:07:00.000","Computer":"TN-FIN-WS042","User":"TRANSNORTE\\backup_svc","EventID":1,"Image":"C:\\Program Files\\Microsoft Office\\Office16\\OUTLOOK.EXE","ProcessGuid":"{B5292C91-87DF-2026-09E7-F0147488EABB}","ProcessId":8022,"CommandLine":"C:\\Program Files\\Microsoft Office\\Office16\\OUTLOOK.EXE","ParentImage":"C:\\Windows\\System32\\services.exe","ParentProcessGuid":"{AA5CBD69-8E24-2026-12F0-9302E3084EEF}","OriginalFileName":"C:\\Program Files\\Microsoft Office\\Office16\\OUTLOOK.EXE","SHA256":"04a9abef4a2a89ff4b5f7aa3e47a8134cedabba7135ad943047ec4a08056a710"}
{"UtcTime":"2026-08-12 10:07:01.000","Computer":"TN-FIN-WS042","User":"TRANSNORTE\\backup_svc","EventID":1,"Image":"C:\\Program Files\\Microsoft Office\\Office16\\OUTLOOK.EXE","ProcessGuid":"{2EE50820-C344-2026-1A50-A0845C69D26D}","ProcessId":5931,"CommandLine":"C:\\Program Files\\Microsoft Office\\Office16\\OUTLOOK.EXE","ParentImage":"C:\\Windows\\System32\\services.exe","ParentProcessGuid":"{970D4CF0-EFD3-2026-BE4D-1769F140A9B1}","OriginalFileName":"C:\\Program Files\\Microsoft Office\\Office16\\OUTLOOK.EXE","SHA256":"bae2b6cf4a82152d21e953be3c0ad58b22981d367d58f715270e3f73848d031e"}
{"UtcTime":"2026-08-12 10:07:02.000","Computer":"TN-FIN-WS042","User":"TRANSNORTE\\backup_svc","EventID":1,"Image":"C:\\Program Files\\Microsoft Office\\Office16\\OUTLOOK.EXE","ProcessGuid":"{E13C6E61-5A0B-2026-4F43-ADBF24C7943B}","ProcessId":5483,"CommandLine":"C:\\Program Files\\Microsoft Office\\Office16\\OUTLOOK.EXE","ParentImage":"C:\\Windows\\System32\\services.exe","ParentProcessGuid":"{4E1E6534-1FD5-2026-EC33-028916F9B627}","OriginalFileName":"C:\\Program Files\\Microsoft Office\\Office16\\OUTLOOK.EXE","SHA256":"ae10d03636cf236bb811effd8164fe8aa743525292c113fbbecd870235535a3f"}
{"UtcTime":"2026-08-12 10:07:03.000","Computer":"TN-FIN-WS042","User":"TRANSNORTE\\ops.cardoso","EventID":1,"Image":"C:\\Program Files\\Microsoft Office\\Office16\\OUTLOOK.EXE","ProcessGuid":"{0CA9ECFC-F174-2026-FB96-86B21180826F}","ProcessId":4682,"CommandLine":"C:\\Program Files\\Microsoft Office\\Office16\\OUTLOOK.EXE","ParentImage":"C:\\Windows\\System32\\services.exe","ParentProcessGuid":"{D3AD13E3-4905-2026-A11F-8466008D4CB1}","OriginalFileName":"C:\\Program Files\\Microsoft Office\\Office16\\OUTLOOK.EXE","SHA256":"f46ec68a245815f30ec1b4f13449b9eb4e10427d017bbc1c5fe2ed5b27f34d75"}
{"UtcTime":"2026-08-12 10:07:04.000","Computer":"TN-FIN-WS042","User":"TRANSNORTE\\backup_svc","EventID":1,"Image":"C:\\Program Files\\Microsoft Office\\Office16\\OUTLOOK.EXE","ProcessGuid":"{70E33930-A22D-2026-CB36-AF61526D34BA}","ProcessId":4419,"CommandLine":"C:\\Program Files\\Microsoft Office\\Office16\\OUTLOOK.EXE","ParentImage":"C:\\Windows\\System32\\services.exe","ParentProcessGuid":"{3061E6AA-A3A1-2026-E3C7-04008495FFBB}","OriginalFileName":"C:\\Program Files\\Microsoft Office\\Office16\\OUTLOOK.EXE","SHA256":"487efebdf9fa1e8cf509a6c0b4ca2066419dc33ac44711d7e4c293545b67d86a"}
{"UtcTime":"2026-08-12 10:07:05.000","Computer":"TN-FIN-WS042","User":"TRANSNORTE\\ops.cardoso","EventID":1,"Image":"C:\\Windows\\System32\\RuntimeBroker.exe","ProcessGuid":"{0FC8242B-61F3-2026-490B-B239F73D290A}","ProcessId":7278,"CommandLine":"C:\\Windows\\System32\\RuntimeBroker.exe","ParentImage":"C:\\Windows\\System32\\services.exe","ParentProcessGuid":"{224D3292-0866-2026-CFF5-2BD0E3C7E1F7}","OriginalFileName":"C:\\Windows\\System32\\RuntimeBroker.exe","SHA256":"09a4d129945be7bcf50fec1ab47588570b0e85d92a75ea1a3a842ee2b97413cd"}
{"UtcTime":"2026-08-12 10:07:06.000","Computer":"TN-FIN-WS042","User":"TRANSNORTE\\backup_svc","EventID":1,"Image":"C:\\Windows\\explorer.exe","ProcessGuid":"{6B85816B-3646-2026-93B2-BB3E57F507B0}","ProcessId":7671,"CommandLine":"C:\\Windows\\explorer.exe","ParentImage":"C:\\Windows\\System32\\services.exe","ParentProcessGuid":"{858C05FB-F5D9-2026-8F48-F12D65770978}","OriginalFileName":"C:\\Windows\\explorer.exe","SHA256":"bbd11cf28e1a7164a1a14aed20743051ffabc25c9f08c5d4e17c0c4ad32b63a4"}
{"UtcTime":"2026-08-12 10:07:07.000","Computer":"TN-FIN-WS042","User":"TRANSNORTE\\backup_svc","EventID":13,"Image":"C:\\Windows\\System32\\conhost.exe","ProcessGuid":"{A7088E6A-F1CB-2026-F198-7BB0A78DC38A}","ProcessId":5425,"EventType":"SetValue","TargetObject":"HKCU\\Software\\Microsoft\\Office\\16.0\\Outlook\\Resiliency\\1627","Details":"1"}
{"UtcTime":"2026-08-12 10:07:08.000","Computer":"TN-FIN-WS042","User":"TRANSNORTE\\ops.cardoso","EventID":1,"Image":"C:\\Program Files\\Microsoft Office\\Office16\\OUTLOOK.EXE","ProcessGuid":"{2298AE17-4621-2026-7A07-A54FEFAB2ABF}","ProcessId":7930,"CommandLine":"C:\\Program Files\\Microsoft Office\\Office16\\OUTLOOK.EXE","ParentImage":"C:\\Windows\\System32\\services.exe","ParentProcessGuid":"{CF4EC47B-26C9-2026-8979-42920D83CF38}","OriginalFileName":"C:\\Program Files\\Microsoft Office\\Office16\\OUTLOOK.EXE","SHA256":"85e66f26f0a6080d059e4609e3b94e3719a38ce43a80d472bce967a3dbb68ebd"}
{"UtcTime":"2026-08-12 10:07:09.000","Computer":"TN-FIN-WS042","User":"TRANSNORTE\\backup_svc","EventID":11,"Image":"C:\\Windows\\explorer.exe","ProcessGuid":"{7A2DACF1-CAC2-2026-D2F8-08F0975346EC}","ProcessId":1042,"TargetFilename":"C:\\Users\\ops.cardoso\\AppData\\Local\\Temp\\office-1629.tmp"}
{"UtcTime":"2026-08-12 10:07:10.000","Computer":"TN-FIN-WS042","User":"TRANSNORTE\\backup_svc","EventID":1,"Image":"C:\\Program Files\\Microsoft Office\\Office16\\OUTLOOK.EXE","ProcessGuid":"{ED348E26-BA3B-2026-5D85-A44A34062DFC}","ProcessId":2364,"CommandLine":"C:\\Program Files\\Microsoft Office\\Office16\\OUTLOOK.EXE","ParentImage":"C:\\Windows\\System32\\services.exe","ParentProcessGuid":"{08D84CAF-4691-2026-323D-BEE33720203C}","OriginalFileName":"C:\\Program Files\\Microsoft Office\\Office16\\OUTLOOK.EXE","SHA256":"aaf62665ed34e2eb871af2043a2493602ce99141bb79076f839b9e2c054a32cd"}
{"UtcTime":"2026-08-12 10:07:11.000","Computer":"TN-FIN-WS042","User":"TRANSNORTE\\backup_svc","EventID":13,"Image":"C:\\Windows\\System32\\conhost.exe","ProcessGuid":"{C4A29FD1-914E-2026-2631-F7B4E8C1D8B8}","ProcessId":6301,"EventType":"SetValue","TargetObject":"HKCU\\Software\\Microsoft\\Office\\16.0\\Outlook\\Resiliency\\1631","Details":"1"}
{"UtcTime":"2026-08-12 10:07:12.000","Computer":"TN-FIN-WS042","User":"TRANSNORTE\\backup_svc","EventID":1,"Image":"C:\\Windows\\System32\\conhost.exe","ProcessGuid":"{145832C7-A7E1-2026-0DA6-0B92160667A4}","ProcessId":4419,"CommandLine":"C:\\Windows\\System32\\conhost.exe","ParentImage":"C:\\Windows\\System32\\services.exe","ParentProcessGuid":"{2D0564AC-D9F3-2026-C276-AF57BED9EFE9}","OriginalFileName":"C:\\Windows\\System32\\conhost.exe","SHA256":"0c5ff8b313c761f4ab982b72f6bc0684ecfeafb57803dbc8301dfc3d45d057e6"}
{"UtcTime":"2026-08-12 10:07:13.000","Computer":"TN-FIN-WS042","User":"TRANSNORTE\\backup_svc","EventID":1,"Image":"C:\\Windows\\explorer.exe","ProcessGuid":"{D6765C44-1D62-2026-B954-FFC2BC7F2053}","ProcessId":5045,"CommandLine":"C:\\Windows\\explorer.exe","ParentImage":"C:\\Windows\\System32\\services.exe","ParentProcessGuid":"{ABA8E426-DF2E-2026-D228-565775FCA64A}","OriginalFileName":"C:\\Windows\\explorer.exe","SHA256":"6cc28ac3f6f80c8e6afacc3c19165fe0f319b60bfb9c7e536da3ef9b35e66747"}
{"UtcTime":"2026-08-12 10:07:14.000","Computer":"TN-FIN-WS042","User":"TRANSNORTE\\backup_svc","EventID":11,"Image":"C:\\Windows\\System32\\RuntimeBroker.exe","ProcessGuid":"{9B97F945-2ACB-2026-3093-2AD554DEC501}","ProcessId":8402,"TargetFilename":"C:\\Users\\ops.cardoso\\AppData\\Local\\Temp\\office-1634.tmp"}
{"UtcTime":"2026-08-12 10:07:15.000","Computer":"TN-FIN-WS042","User":"TRANSNORTE\\ops.cardoso","EventID":1,"Image":"C:\\Windows\\System32\\svchost.exe","ProcessGuid":"{A4591F29-B8DC-2026-AB41-B7A2DC836649}","ProcessId":8172,"CommandLine":"C:\\Windows\\System32\\svchost.exe","ParentImage":"C:\\Windows\\System32\\services.exe","ParentProcessGuid":"{E8153848-B83E-2026-75F1-9A21A11B4AD4}","OriginalFileName":"C:\\Windows\\System32\\svchost.exe","SHA256":"9176b6af10e7c7008dadc77b705de3ad65b47e80f6d4f4ad2c244b2c623af67e"}
{"UtcTime":"2026-08-12 10:07:16.000","Computer":"TN-FIN-WS042","User":"TRANSNORTE\\backup_svc","EventID":11,"Image":"C:\\Windows\\explorer.exe","ProcessGuid":"{82264948-F0CF-2026-831D-F49C8838D1D8}","ProcessId":1876,"TargetFilename":"C:\\Users\\ops.cardoso\\AppData\\Local\\Temp\\office-1636.tmp"}
{"UtcTime":"2026-08-12 10:07:17.000","Computer":"TN-FIN-WS042","User":"TRANSNORTE\\backup_svc","EventID":1,"Image":"C:\\Windows\\explorer.exe","ProcessGuid":"{E1AB89A3-06BB-2026-AE08-A1783F8E6595}","ProcessId":1067,"CommandLine":"C:\\Windows\\explorer.exe","ParentImage":"C:\\Windows\\System32\\services.exe","ParentProcessGuid":"{68CFEB53-289A-2026-910C-D013B59A5D0D}","OriginalFileName":"C:\\Windows\\explorer.exe","SHA256":"207cb30529b887ef2ad43bb6a737d5c2b794b4e1c629b740d0c9e657ae1a152b"}
{"UtcTime":"2026-08-12 10:07:18.000","Computer":"TN-FIN-WS042","User":"TRANSNORTE\\backup_svc","EventID":1,"Image":"C:\\Windows\\System32\\svchost.exe","ProcessGuid":"{A6E9BF20-A9D7-2026-196B-0162E8A8D627}","ProcessId":428,"CommandLine":"C:\\Windows\\System32\\svchost.exe","ParentImage":"C:\\Windows\\System32\\services.exe","ParentProcessGuid":"{20C024B2-819C-2026-CF91-A601161D1418}","OriginalFileName":"C:\\Windows\\System32\\svchost.exe","SHA256":"1b81700e4d25945c8790568a0e861f2fc91040fef2ea3cd8d2f0e611d14ad82c"}
{"UtcTime":"2026-08-12 10:07:19.000","Computer":"TN-FIN-WS042","User":"TRANSNORTE\\ops.cardoso","EventID":5,"Image":"C:\\Windows\\System32\\RuntimeBroker.exe","ProcessGuid":"{E31841CB-072E-2026-75ED-BCFDE5739261}","ProcessId":5158,"EventType":"End"}
{"UtcTime":"2026-08-12 10:07:20.000","Computer":"TN-FIN-WS042","User":"TRANSNORTE\\backup_svc","EventID":1,"Image":"C:\\Windows\\System32\\RuntimeBroker.exe","ProcessGuid":"{98DB2B10-7EE6-2026-50E9-EACD4DD18480}","ProcessId":7797,"CommandLine":"C:\\Windows\\System32\\RuntimeBroker.exe","ParentImage":"C:\\Windows\\System32\\services.exe","ParentProcessGuid":"{45AE78F0-581A-2026-638F-7A59AD8528F5}","OriginalFileName":"C:\\Windows\\System32\\RuntimeBroker.exe","SHA256":"dc90a4aa16cab498a94b7b3a7eef086f82443b7e83576536107f20975209d64d"}
{"UtcTime":"2026-08-12 10:07:21.000","Computer":"TN-FIN-WS042","User":"TRANSNORTE\\backup_svc","EventID":1,"Image":"C:\\Windows\\System32\\svchost.exe","ProcessGuid":"{B982F95E-D717-2026-5CB1-38B2E0B62558}","ProcessId":7601,"CommandLine":"C:\\Windows\\System32\\svchost.exe","ParentImage":"C:\\Windows\\System32\\services.exe","ParentProcessGuid":"{1C293953-E6A3-2026-F2B4-E285865956AB}","OriginalFileName":"C:\\Windows\\System32\\svchost.exe","SHA256":"e18bf0133cfc0780b45c2620ba08a83a24122a5515ce04831092843645fca910"}
{"UtcTime":"2026-08-12 10:07:22.000","Computer":"TN-FIN-WS042","User":"TRANSNORTE\\backup_svc","EventID":1,"Image":"C:\\Windows\\System32\\RuntimeBroker.exe","ProcessGuid":"{CD0E6D89-BAF4-2026-1062-65736B3B142F}","ProcessId":1789,"CommandLine":"C:\\Windows\\System32\\RuntimeBroker.exe","ParentImage":"C:\\Windows\\System32\\services.exe","ParentProcessGuid":"{0E4A522E-3295-2026-F361-FC3F70266B29}","OriginalFileName":"C:\\Windows\\System32\\RuntimeBroker.exe","SHA256":"de6a304a95ee600c43a6530f61a2c342c843e65898418d585ccedf4f01953f01"}
{"UtcTime":"2026-08-12 10:07:23.000","Computer":"TN-FIN-WS042","User":"TRANSNORTE\\ops.cardoso","EventID":1,"Image":"C:\\Windows\\System32\\RuntimeBroker.exe","ProcessGuid":"{CFE9FDFA-BF06-2026-EC70-81AA207F8627}","ProcessId":4650,"CommandLine":"C:\\Windows\\System32\\RuntimeBroker.exe","ParentImage":"C:\\Windows\\System32\\services.exe","ParentProcessGuid":"{C2826A6B-D8BA-2026-7D99-6CFB451566C3}","OriginalFileName":"C:\\Windows\\System32\\RuntimeBroker.exe","SHA256":"a32d189c81c75c9a9bff5d2eb05c6ef988a5cb4bb14bf5d2f6974e6c00e4165f"}
{"UtcTime":"2026-08-12 10:07:24.000","Computer":"TN-FIN-WS042","User":"TRANSNORTE\\backup_svc","EventID":3,"Image":"C:\\Windows\\System32\\conhost.exe","ProcessGuid":"{C19F7B12-F626-2026-DD02-D389ED4928BE}","ProcessId":2484,"DestinationIp":"10.50.10.10","DestinationPort":135,"SourceIp":"10.50.10.42","Protocol":"tcp"}
{"UtcTime":"2026-08-12 10:07:25.000","Computer":"TN-FIN-WS042","User":"TRANSNORTE\\ops.cardoso","EventID":5,"Image":"C:\\Windows\\System32\\svchost.exe","ProcessGuid":"{7D194D70-E77C-2026-02EC-BA2867DC5D0D}","ProcessId":2575,"EventType":"End"}
{"UtcTime":"2026-08-12 10:07:26.000","Computer":"TN-FIN-WS042","User":"TRANSNORTE\\backup_svc","EventID":13,"Image":"C:\\Windows\\System32\\RuntimeBroker.exe","ProcessGuid":"{706664C4-BEE1-2026-28FF-039192CFFDBF}","ProcessId":2975,"EventType":"SetValue","TargetObject":"HKCU\\Software\\Microsoft\\Office\\16.0\\Outlook\\Resiliency\\1646","Details":"1"}
{"UtcTime":"2026-08-12 10:07:27.000","Computer":"TN-FIN-WS042","User":"TRANSNORTE\\backup_svc","EventID":1,"Image":"C:\\Windows\\System32\\svchost.exe","ProcessGuid":"{5FB77E38-D560-2026-B753-4FE9805AA0DC}","ProcessId":1488,"CommandLine":"C:\\Windows\\System32\\svchost.exe","ParentImage":"C:\\Windows\\System32\\services.exe","ParentProcessGuid":"{105A378B-6D17-2026-5C7E-60E664C4EC5D}","OriginalFileName":"C:\\Windows\\System32\\svchost.exe","SHA256":"27fc2c4b262c7339c8a6de14a288bd07a3f7899c96cb6cf28d175007f9907727"}
{"UtcTime":"2026-08-12 10:07:28.000","Computer":"TN-FIN-WS042","User":"TRANSNORTE\\backup_svc","EventID":5,"Image":"C:\\Windows\\System32\\RuntimeBroker.exe","ProcessGuid":"{A908EA4C-66AE-2026-2AFB-9F75B206C96A}","ProcessId":2902,"EventType":"End"}
{"UtcTime":"2026-08-12 10:07:29.000","Computer":"TN-FIN-WS042","User":"TRANSNORTE\\backup_svc","EventID":1,"Image":"C:\\Windows\\System32\\RuntimeBroker.exe","ProcessGuid":"{91DBDE9D-E139-2026-C664-19C9FF482D1A}","ProcessId":5437,"CommandLine":"C:\\Windows\\System32\\RuntimeBroker.exe","ParentImage":"C:\\Windows\\System32\\services.exe","ParentProcessGuid":"{983B5AD9-41D2-2026-224E-DBFA5921A235}","OriginalFileName":"C:\\Windows\\System32\\RuntimeBroker.exe","SHA256":"2210f75f519c2c030a0c49e1ed4838660760970ea5150ff612f471ee71529939"}
{"UtcTime":"2026-08-12 10:07:30.000","Computer":"TN-FIN-WS042","User":"TRANSNORTE\\ops.cardoso","EventID":13,"Image":"C:\\Windows\\explorer.exe","ProcessGuid":"{B9309515-21A8-2026-76B0-100D6E1EEAD8}","ProcessId":7387,"EventType":"SetValue","TargetObject":"HKCU\\Software\\Microsoft\\Office\\16.0\\Outlook\\Resiliency\\1650","Details":"1"}
{"UtcTime":"2026-08-12 10:07:31.000","Computer":"TN-FIN-WS042","User":"TRANSNORTE\\backup_svc","EventID":1,"Image":"C:\\Windows\\System32\\svchost.exe","ProcessGuid":"{680137E6-743D-2026-1076-25C027BA96DF}","ProcessId":744,"CommandLine":"C:\\Windows\\System32\\svchost.exe","ParentImage":"C:\\Windows\\System32\\services.exe","ParentProcessGuid":"{AA9423EA-8366-2026-621F-6CCF9C7C1C5F}","OriginalFileName":"C:\\Windows\\System32\\svchost.exe","SHA256":"9a500e6fcfa3072b40ffc05362451f2481e76266c0311f7f345b8049ab64051d"}
{"UtcTime":"2026-08-12 10:07:32.000","Computer":"TN-FIN-WS042","User":"TRANSNORTE\\backup_svc","EventID":3,"Image":"C:\\Windows\\explorer.exe","ProcessGuid":"{F9094C23-15ED-2026-D2F2-EB2AE9E632CF}","ProcessId":4195,"DestinationIp":"10.50.10.10","DestinationPort":443,"SourceIp":"10.50.10.42","Protocol":"tcp"}
{"UtcTime":"2026-08-12 10:07:33.000","Computer":"TN-FIN-WS042","User":"TRANSNORTE\\backup_svc","EventID":5,"Image":"C:\\Windows\\System32\\conhost.exe","ProcessGuid":"{60E93138-A694-2026-111B-D76E9BC6C0CE}","ProcessId":1710,"EventType":"End"}
{"UtcTime":"2026-08-12 10:07:34.000","Computer":"TN-FIN-WS042","User":"TRANSNORTE\\backup_svc","EventID":1,"Image":"C:\\Windows\\System32\\RuntimeBroker.exe","ProcessGuid":"{56BF3CB8-9EBF-2026-C50D-7A10F82FD5BF}","ProcessId":4979,"CommandLine":"C:\\Windows\\System32\\RuntimeBroker.exe","ParentImage":"C:\\Windows\\System32\\services.exe","ParentProcessGuid":"{704E68F3-0B3F-2026-6606-21D9A31E7168}","OriginalFileName":"C:\\Windows\\System32\\RuntimeBroker.exe","SHA256":"16b2d44517b1df2a881bcff0acf1ad3149953d6cef318cd4e104e233fbd6388c"}
{"UtcTime":"2026-08-12 10:07:35.000","Computer":"TN-FIN-WS042","User":"TRANSNORTE\\ops.cardoso","EventID":1,"Image":"C:\\Program Files\\Microsoft Office\\Office16\\OUTLOOK.EXE","ProcessGuid":"{4C15103E-0F76-2026-6474-2D0D9670BF90}","ProcessId":1246,"CommandLine":"C:\\Program Files\\Microsoft Office\\Office16\\OUTLOOK.EXE","ParentImage":"C:\\Windows\\System32\\services.exe","ParentProcessGuid":"{B7DF014D-E995-2026-4C36-611CBB288F8E}","OriginalFileName":"C:\\Program Files\\Microsoft Office\\Office16\\OUTLOOK.EXE","SHA256":"07667d32a2a453344749ed11838ccd34c13832c62877ae8846780f01b6603215"}
{"UtcTime":"2026-08-12 10:07:36.000","Computer":"TN-FIN-WS042","User":"TRANSNORTE\\ops.cardoso","EventID":5,"Image":"C:\\Windows\\explorer.exe","ProcessGuid":"{DA526F19-66F9-2026-2080-0DF74A4FBE45}","ProcessId":3940,"EventType":"End"}
{"UtcTime":"2026-08-12 10:07:37.000","Computer":"TN-FIN-WS042","User":"TRANSNORTE\\backup_svc","EventID":13,"Image":"C:\\Program Files\\Google\\Chrome\\Application\\chrome.exe","ProcessGuid":"{4C05463C-4FFC-2026-4EA8-8B4F2E25E852}","ProcessId":6854,"EventType":"SetValue","TargetObject":"HKCU\\Software\\Microsoft\\Office\\16.0\\Outlook\\Resiliency\\1657","Details":"1"}
{"UtcTime":"2026-08-12 10:07:38.000","Computer":"TN-FIN-WS042","User":"TRANSNORTE\\backup_svc","EventID":11,"Image":"C:\\Program Files\\Google\\Chrome\\Application\\chrome.exe","ProcessGuid":"{CF5C0CE2-095C-2026-09AA-2157B6A692E5}","ProcessId":2757,"TargetFilename":"C:\\Users\\ops.cardoso\\AppData\\Local\\Temp\\office-1658.tmp"}
{"UtcTime":"2026-08-12 10:07:39.000","Computer":"TN-FIN-WS042","User":"TRANSNORTE\\backup_svc","EventID":11,"Image":"C:\\Windows\\System32\\RuntimeBroker.exe","ProcessGuid":"{4894A3CC-D35A-2026-739F-1E31846BD371}","ProcessId":3816,"TargetFilename":"C:\\Users\\ops.cardoso\\AppData\\Local\\Temp\\office-1659.tmp"}
{"UtcTime":"2026-08-12 10:07:40.000","Computer":"TN-FIN-WS042","User":"TRANSNORTE\\backup_svc","EventID":1,"Image":"C:\\Windows\\explorer.exe","ProcessGuid":"{5BE596F4-4E8C-2026-F164-6C4012EF73F9}","ProcessId":4849,"CommandLine":"C:\\Windows\\explorer.exe","ParentImage":"C:\\Windows\\System32\\services.exe","ParentProcessGuid":"{B7155C99-A427-2026-2988-7FF2E455B540}","OriginalFileName":"C:\\Windows\\explorer.exe","SHA256":"0934d6f8a0c22e2179e9c5d5ac0dbe67c4ee0cd95d0e1ab6f3e3eba2e14baaa7"}
{"UtcTime":"2026-08-12 10:07:41.000","Computer":"TN-FIN-WS042","User":"TRANSNORTE\\backup_svc","EventID":1,"Image":"C:\\Program Files\\Microsoft Office\\Office16\\OUTLOOK.EXE","ProcessGuid":"{EA904ED9-CB08-2026-1490-B74C72ACF98A}","ProcessId":1747,"CommandLine":"C:\\Program Files\\Microsoft Office\\Office16\\OUTLOOK.EXE","ParentImage":"C:\\Windows\\System32\\services.exe","ParentProcessGuid":"{EB1F99BA-8C5E-2026-4A29-3F14C7DC4C49}","OriginalFileName":"C:\\Program Files\\Microsoft Office\\Office16\\OUTLOOK.EXE","SHA256":"72ea3d874a343f9f0d514306f77e17bf06e2a626a392d077a84abfb812f8bf5b"}
{"UtcTime":"2026-08-12 10:07:42.000","Computer":"TN-FIN-WS042","User":"TRANSNORTE\\backup_svc","EventID":13,"Image":"C:\\Windows\\System32\\conhost.exe","ProcessGuid":"{AEB7ABD0-9912-2026-5A21-75FE1628C3DC}","ProcessId":7661,"EventType":"SetValue","TargetObject":"HKCU\\Software\\Microsoft\\Office\\16.0\\Outlook\\Resiliency\\1662","Details":"1"}
{"UtcTime":"2026-08-12 10:07:43.000","Computer":"TN-FIN-WS042","User":"TRANSNORTE\\ops.cardoso","EventID":1,"Image":"C:\\Windows\\System32\\RuntimeBroker.exe","ProcessGuid":"{75781E4D-3A4C-2026-B957-14525AF8FA21}","ProcessId":7158,"CommandLine":"C:\\Windows\\System32\\RuntimeBroker.exe","ParentImage":"C:\\Windows\\System32\\services.exe","ParentProcessGuid":"{4F1C4C88-F376-2026-D838-1FF6823ED4FB}","OriginalFileName":"C:\\Windows\\System32\\RuntimeBroker.exe","SHA256":"ec1f8556a094857ebe14f40ecfbddf0e1d0c7e61990a7a27b8e76fbc82ff176e"}
{"UtcTime":"2026-08-12 10:07:44.000","Computer":"TN-FIN-WS042","User":"TRANSNORTE\\ops.cardoso","EventID":3,"Image":"C:\\Windows\\System32\\svchost.exe","ProcessGuid":"{E24236D7-53F4-2026-EF4D-A1FB50832109}","ProcessId":2006,"DestinationIp":"10.50.10.88","DestinationPort":443,"SourceIp":"10.50.10.42","Protocol":"tcp"}
{"UtcTime":"2026-08-12 10:07:45.000","Computer":"TN-FIN-WS042","User":"TRANSNORTE\\backup_svc","EventID":5,"Image":"C:\\Windows\\System32\\conhost.exe","ProcessGuid":"{D22B3889-6B09-2026-CCBD-B8650A399431}","ProcessId":6185,"EventType":"End"}
{"UtcTime":"2026-08-12 10:07:46.000","Computer":"TN-FIN-WS042","User":"TRANSNORTE\\backup_svc","EventID":1,"Image":"C:\\Windows\\System32\\RuntimeBroker.exe","ProcessGuid":"{B63DC99D-B162-2026-2A58-9E9CC4470A4D}","ProcessId":5202,"CommandLine":"C:\\Windows\\System32\\RuntimeBroker.exe","ParentImage":"C:\\Windows\\System32\\services.exe","ParentProcessGuid":"{6B3F40B8-E7BB-2026-1ABC-3D6CAE165B07}","OriginalFileName":"C:\\Windows\\System32\\RuntimeBroker.exe","SHA256":"09cd54d054dc29daeea602e3b93724a57e36f62e6171326dbe4f321fdaca6e20"}
{"UtcTime":"2026-08-12 10:07:47.000","Computer":"TN-FIN-WS042","User":"TRANSNORTE\\ops.cardoso","EventID":3,"Image":"C:\\Windows\\System32\\conhost.exe","ProcessGuid":"{7C7972AC-35FA-2026-5FBE-B95F3033642A}","ProcessId":6783,"DestinationIp":"8.8.8.8","DestinationPort":8080,"SourceIp":"10.50.10.42","Protocol":"tcp"}
{"UtcTime":"2026-08-12 10:07:48.000","Computer":"TN-FIN-WS042","User":"TRANSNORTE\\backup_svc","EventID":11,"Image":"C:\\Windows\\explorer.exe","ProcessGuid":"{4869C836-B5AE-2026-3817-1FBA3C0964A6}","ProcessId":2809,"TargetFilename":"C:\\Users\\ops.cardoso\\AppData\\Local\\Temp\\office-1668.tmp"}
{"UtcTime":"2026-08-12 10:07:49.000","Computer":"TN-FIN-WS042","User":"TRANSNORTE\\ops.cardoso","EventID":13,"Image":"C:\\Windows\\System32\\conhost.exe","ProcessGuid":"{3998FAC5-0C17-2026-D514-AC759024EEA4}","ProcessId":5407,"EventType":"SetValue","TargetObject":"HKCU\\Software\\Microsoft\\Office\\16.0\\Outlook\\Resiliency\\1669","Details":"1"}
{"UtcTime":"2026-08-12 10:07:50.000","Computer":"TN-FIN-WS042","User":"TRANSNORTE\\backup_svc","EventID":1,"Image":"C:\\Program Files\\Microsoft Office\\Office16\\OUTLOOK.EXE","ProcessGuid":"{C660C648-3C11-2026-31E7-9E50C611B88F}","ProcessId":5317,"CommandLine":"C:\\Program Files\\Microsoft Office\\Office16\\OUTLOOK.EXE","ParentImage":"C:\\Windows\\System32\\services.exe","ParentProcessGuid":"{F84595A5-1BB6-2026-3A07-AE5D8C5A4A32}","OriginalFileName":"C:\\Program Files\\Microsoft Office\\Office16\\OUTLOOK.EXE","SHA256":"bdf31f6a291c4dd24c02f3e0817f0b49ebb34e432b0b858d33fe966b47d52602"}
{"UtcTime":"2026-08-12 10:07:51.000","Computer":"TN-FIN-WS042","User":"TRANSNORTE\\backup_svc","EventID":13,"Image":"C:\\Windows\\System32\\svchost.exe","ProcessGuid":"{397F1766-FD08-2026-D50D-12966910030E}","ProcessId":5907,"EventType":"SetValue","TargetObject":"HKCU\\Software\\Microsoft\\Office\\16.0\\Outlook\\Resiliency\\1671","Details":"1"}
{"UtcTime":"2026-08-12 10:07:52.000","Computer":"TN-FIN-WS042","User":"TRANSNORTE\\backup_svc","EventID":1,"Image":"C:\\Windows\\explorer.exe","ProcessGuid":"{4E9B3BCE-3061-2026-60D4-2E7239A41A9D}","ProcessId":2285,"CommandLine":"C:\\Windows\\explorer.exe","ParentImage":"C:\\Windows\\System32\\services.exe","ParentProcessGuid":"{4A1338AE-017D-2026-EB44-BAC286575B95}","OriginalFileName":"C:\\Windows\\explorer.exe","SHA256":"52a7fa8efdb5f82080457868c371ea71d1351b930443fcccd94e15febfbe4684"}
{"UtcTime":"2026-08-12 10:07:53.000","Computer":"TN-FIN-WS042","User":"TRANSNORTE\\ops.cardoso","EventID":1,"Image":"C:\\Windows\\explorer.exe","ProcessGuid":"{AEBBAB3E-04E3-2026-1965-364F65462EB5}","ProcessId":2829,"CommandLine":"C:\\Windows\\explorer.exe","ParentImage":"C:\\Windows\\System32\\services.exe","ParentProcessGuid":"{E8E0BC57-7362-2026-08FD-B1AE78EBB0EF}","OriginalFileName":"C:\\Windows\\explorer.exe","SHA256":"f4297a3714e4bf9fac5b34225cbc633ac37312d7a7bd4f938a276fc04add8be7"}
{"UtcTime":"2026-08-12 10:07:54.000","Computer":"TN-FIN-WS042","User":"TRANSNORTE\\ops.cardoso","EventID":1,"Image":"C:\\Windows\\System32\\conhost.exe","ProcessGuid":"{3D106193-D76F-2026-777A-74C912FFB595}","ProcessId":6090,"CommandLine":"C:\\Windows\\System32\\conhost.exe","ParentImage":"C:\\Windows\\System32\\services.exe","ParentProcessGuid":"{C805EA0A-94A1-2026-3347-BAD172C3F069}","OriginalFileName":"C:\\Windows\\System32\\conhost.exe","SHA256":"27782f8d41d093f35103b85e6c4388345bd5a4a2d7f2daee3ae48c2f45ddf3ee"}
{"UtcTime":"2026-08-12 10:07:55.000","Computer":"TN-FIN-WS042","User":"TRANSNORTE\\backup_svc","EventID":1,"Image":"C:\\Program Files\\Google\\Chrome\\Application\\chrome.exe","ProcessGuid":"{F7CEEF33-C012-2026-D143-68DCF447BFCA}","ProcessId":5414,"CommandLine":"C:\\Program Files\\Google\\Chrome\\Application\\chrome.exe","ParentImage":"C:\\Windows\\System32\\services.exe","ParentProcessGuid":"{7B659CBC-8B15-2026-CA79-BA96EE991333}","OriginalFileName":"C:\\Program Files\\Google\\Chrome\\Application\\chrome.exe","SHA256":"a6926c46e2ade1b34373d945344f53877389e97c23bb7d5c92a79c9c853ecac9"}
{"UtcTime":"2026-08-12 10:07:56.000","Computer":"TN-FIN-WS042","User":"TRANSNORTE\\backup_svc","EventID":3,"Image":"C:\\Windows\\System32\\conhost.exe","ProcessGuid":"{A3B05BC7-6265-2026-431E-C39D0793E2D1}","ProcessId":3273,"DestinationIp":"1.1.1.1","DestinationPort":443,"SourceIp":"10.50.10.42","Protocol":"tcp"}
{"UtcTime":"2026-08-12 10:07:57.000","Computer":"TN-FIN-WS042","User":"TRANSNORTE\\backup_svc","EventID":3,"Image":"C:\\Windows\\System32\\svchost.exe","ProcessGuid":"{21C6C1A3-0608-2026-2361-CA7F6FD498A7}","ProcessId":1340,"DestinationIp":"8.8.8.8","DestinationPort":443,"SourceIp":"10.50.10.42","Protocol":"tcp"}
{"UtcTime":"2026-08-12 10:07:58.000","Computer":"TN-FIN-WS042","User":"TRANSNORTE\\ops.cardoso","EventID":1,"Image":"C:\\Windows\\System32\\RuntimeBroker.exe","ProcessGuid":"{CA09568E-DAD8-2026-278E-1092185156AB}","ProcessId":895,"CommandLine":"C:\\Windows\\System32\\RuntimeBroker.exe","ParentImage":"C:\\Windows\\System32\\services.exe","ParentProcessGuid":"{0087F023-A5BC-2026-96D2-B551A3A21D96}","OriginalFileName":"C:\\Windows\\System32\\RuntimeBroker.exe","SHA256":"c36f9b3fb22be64797bce02c2c42fd5ffdef89df8eebfe080230d0b7877d5ebe"}
{"UtcTime":"2026-08-12 10:07:59.000","Computer":"TN-FIN-WS042","User":"TRANSNORTE\\ops.cardoso","EventID":1,"Image":"C:\\Windows\\System32\\RuntimeBroker.exe","ProcessGuid":"{F54C4927-84B6-2026-3E79-699858D63670}","ProcessId":7009,"CommandLine":"C:\\Windows\\System32\\RuntimeBroker.exe","ParentImage":"C:\\Windows\\System32\\services.exe","ParentProcessGuid":"{85424AB5-F71B-2026-FF86-AE89D38F790E}","OriginalFileName":"C:\\Windows\\System32\\RuntimeBroker.exe","SHA256":"1635a19a44c019909dec4a86f2e3d9987e8fc4537e71b02ce22f947bb7e09522"}
{"UtcTime":"2026-08-12 10:08:00.000","Computer":"TN-FIN-WS042","User":"TRANSNORTE\\backup_svc","EventID":5,"Image":"C:\\Windows\\System32\\svchost.exe","ProcessGuid":"{62169EA9-7DCB-2026-265A-866E1C5558FD}","ProcessId":7919,"EventType":"End"}
