{"UtcTime":"2026-08-12 15:20:40.000","Computer":"CLM-MESA-014","User":"CLM\\ops","EventID":13,"Image":"C:\\Program Files\\Google\\Chrome\\Application\\chrome.exe","ProcessGuid":"{4D4BE75C-75BD-2026-8A1B-25FD2B43BD95}","ProcessId":4430,"EventType":"SetValue","TargetObject":"HKCU\\Software\\CLM\\Mesa\\Pref\\4240","Details":"1"}
{"UtcTime":"2026-08-12 15:20:41.000","Computer":"CLM-MESA-014","User":"CLM\\ops","EventID":1,"Image":"C:\\Windows\\System32\\svchost.exe","ProcessGuid":"{D59031B3-42A7-2026-A66E-AF0BFA0D43D3}","ProcessId":5564,"CommandLine":"C:\\Windows\\System32\\svchost.exe","ParentImage":"C:\\Windows\\System32\\services.exe","ParentProcessGuid":"{694B1933-26E5-2026-C36C-E2EDDC4A6397}","OriginalFileName":"C:\\Windows\\System32\\svchost.exe"}
{"UtcTime":"2026-08-12 15:20:42.000","Computer":"CLM-MESA-014","User":"CLM\\ops","EventID":5,"Image":"C:\\Windows\\System32\\svchost.exe","ProcessGuid":"{1B70B760-B23F-2026-BA56-76D7A9129644}","ProcessId":7653,"EventType":"End"}
{"UtcTime":"2026-08-12 15:20:43.000","Computer":"CLM-MESA-014","User":"CLM\\mesa","EventID":1,"Image":"C:\\Windows\\System32\\RuntimeBroker.exe","ProcessGuid":"{FED264F7-0E8C-2026-011A-82D4FD98268E}","ProcessId":2760,"CommandLine":"C:\\Windows\\System32\\RuntimeBroker.exe","ParentImage":"C:\\Windows\\System32\\services.exe","ParentProcessGuid":"{8A572AD0-C692-2026-02AF-31FBE495E99D}","OriginalFileName":"C:\\Windows\\System32\\RuntimeBroker.exe"}
{"UtcTime":"2026-08-12 15:20:44.000","Computer":"CLM-MESA-014","User":"CLM\\backoffice","EventID":5,"Image":"C:\\Windows\\System32\\conhost.exe","ProcessGuid":"{D1ABCDC2-0132-2026-5E36-522258B2D335}","ProcessId":7071,"EventType":"End"}
{"UtcTime":"2026-08-12 15:20:45.000","Computer":"CLM-MESA-014","User":"CLM\\backoffice","EventID":3,"Image":"C:\\Windows\\System32\\RuntimeBroker.exe","ProcessGuid":"{839369C8-F129-2026-9476-F9064290ED61}","ProcessId":616,"DestinationIp":"10.70.30.1","DestinationPort":8080,"DestinationHostname":"portal.clm.liquidacao","SourceIp":"10.70.30.14","Protocol":"tcp"}
{"UtcTime":"2026-08-12 15:20:46.000","Computer":"CLM-MESA-014","User":"CLM\\backoffice","EventID":3,"Image":"C:\\Windows\\explorer.exe","ProcessGuid":"{D901ACE7-B0CE-2026-E7D1-D0E254908882}","ProcessId":539,"DestinationIp":"1.1.1.1","DestinationPort":443,"DestinationHostname":"ntp.clm.liquidacao","SourceIp":"10.70.30.14","Protocol":"tcp"}
{"UtcTime":"2026-08-12 15:20:47.000","Computer":"CLM-MESA-014","User":"CLM\\backoffice","EventID":1,"Image":"C:\\Windows\\System32\\RuntimeBroker.exe","ProcessGuid":"{4DD1B18E-237A-2026-B74E-F9C034373441}","ProcessId":6407,"CommandLine":"C:\\Windows\\System32\\RuntimeBroker.exe","ParentImage":"C:\\Windows\\System32\\services.exe","ParentProcessGuid":"{911FB3FA-4129-2026-1E17-9186CBCC2EEB}","OriginalFileName":"C:\\Windows\\System32\\RuntimeBroker.exe"}
{"UtcTime":"2026-08-12 15:20:48.000","Computer":"CLM-MESA-014","User":"CLM\\ops","EventID":1,"Image":"C:\\Windows\\System32\\conhost.exe","ProcessGuid":"{5F803C13-348A-2026-B5BD-66827F41C098}","ProcessId":1912,"CommandLine":"C:\\Windows\\System32\\conhost.exe","ParentImage":"C:\\Windows\\System32\\services.exe","ParentProcessGuid":"{83DB69D6-F7F9-2026-1F68-9C5E8B2BCC1F}","OriginalFileName":"C:\\Windows\\System32\\conhost.exe"}
{"UtcTime":"2026-08-12 15:20:49.000","Computer":"CLM-MESA-014","User":"CLM\\backoffice","EventID":1,"Image":"C:\\Windows\\System32\\svchost.exe","ProcessGuid":"{9E2C15B6-0211-2026-E5F2-BC11B3C3A92F}","ProcessId":5567,"CommandLine":"C:\\Windows\\System32\\svchost.exe","ParentImage":"C:\\Windows\\System32\\services.exe","ParentProcessGuid":"{522F4A8A-8CEF-2026-73B9-FF43E928D980}","OriginalFileName":"C:\\Windows\\System32\\svchost.exe"}
{"UtcTime":"2026-08-12 15:20:50.000","Computer":"CLM-MESA-014","User":"CLM\\backoffice","EventID":11,"Image":"C:\\Program Files\\Google\\Chrome\\Application\\chrome.exe","ProcessGuid":"{3639212C-93DA-2026-0ACC-75D0AA7655EA}","ProcessId":6778,"TargetFilename":"C:\\Users\\Public\\Temp\\mesa-4250.tmp"}
{"UtcTime":"2026-08-12 15:20:51.000","Computer":"CLM-MESA-014","User":"CLM\\mesa","EventID":11,"Image":"C:\\Windows\\explorer.exe","ProcessGuid":"{784E13A3-E5DC-2026-EE95-4D34EA5B93A3}","ProcessId":8697,"TargetFilename":"C:\\Users\\Public\\Temp\\mesa-4251.tmp"}
{"UtcTime":"2026-08-12 15:20:52.000","Computer":"CLM-MESA-014","User":"CLM\\backoffice","EventID":11,"Image":"C:\\Windows\\System32\\svchost.exe","ProcessGuid":"{02061AE3-1F39-2026-0CD0-BB7A1F345BB0}","ProcessId":400,"TargetFilename":"C:\\Users\\Public\\Temp\\mesa-4252.tmp"}
{"UtcTime":"2026-08-12 15:20:53.000","Computer":"CLM-MESA-014","User":"CLM\\ops","EventID":11,"Image":"C:\\Program Files\\Google\\Chrome\\Application\\chrome.exe","ProcessGuid":"{B823A6EE-21BE-2026-F4C3-88AAF9D816A5}","ProcessId":7853,"TargetFilename":"C:\\Users\\Public\\Temp\\mesa-4253.tmp"}
{"UtcTime":"2026-08-12 15:20:54.000","Computer":"CLM-MESA-014","User":"CLM\\backoffice","EventID":11,"Image":"C:\\Windows\\System32\\svchost.exe","ProcessGuid":"{546BFAF6-2174-2026-AC8E-2F1CFD4A8959}","ProcessId":6019,"TargetFilename":"C:\\Users\\Public\\Temp\\mesa-4254.tmp"}
{"UtcTime":"2026-08-12 15:20:55.000","Computer":"CLM-MESA-014","User":"CLM\\backoffice","EventID":11,"Image":"C:\\Windows\\System32\\conhost.exe","ProcessGuid":"{074AE013-1A5F-2026-61E9-0B2BCFCB9C70}","ProcessId":3415,"TargetFilename":"C:\\Users\\Public\\Temp\\mesa-4255.tmp"}
{"UtcTime":"2026-08-12 15:20:56.000","Computer":"CLM-MESA-014","User":"CLM\\backoffice","EventID":1,"Image":"C:\\Program Files\\Google\\Chrome\\Application\\chrome.exe","ProcessGuid":"{DF882B9A-C04E-2026-670C-F963D9D18315}","ProcessId":7847,"CommandLine":"C:\\Program Files\\Google\\Chrome\\Application\\chrome.exe","ParentImage":"C:\\Windows\\System32\\services.exe","ParentProcessGuid":"{5BA1ED55-833B-2026-6C87-1B5C59516DB0}","OriginalFileName":"C:\\Program Files\\Google\\Chrome\\Application\\chrome.exe"}
{"UtcTime":"2026-08-12 15:20:57.000","Computer":"CLM-MESA-014","User":"CLM\\backoffice","EventID":3,"Image":"C:\\Windows\\System32\\RuntimeBroker.exe","ProcessGuid":"{6E304061-6CE3-2026-F723-0DDE7B78B628}","ProcessId":8272,"DestinationIp":"8.8.8.8","DestinationPort":135,"DestinationHostname":"portal.clm.liquidacao","SourceIp":"10.70.30.14","Protocol":"tcp"}
{"UtcTime":"2026-08-12 15:20:58.000","Computer":"CLM-MESA-014","User":"CLM\\ops","EventID":1,"Image":"C:\\Windows\\System32\\svchost.exe","ProcessGuid":"{839CDEA1-C2C6-2026-9C96-5FB2EA2F9601}","ProcessId":5044,"CommandLine":"C:\\Windows\\System32\\svchost.exe","ParentImage":"C:\\Windows\\System32\\services.exe","ParentProcessGuid":"{D2B4754F-6B29-2026-32E6-99D0930C0039}","OriginalFileName":"C:\\Windows\\System32\\svchost.exe"}
{"UtcTime":"2026-08-12 15:20:59.000","Computer":"CLM-MESA-014","User":"CLM\\backoffice","EventID":5,"Image":"C:\\Windows\\System32\\svchost.exe","ProcessGuid":"{D287C245-8451-2026-C041-0A26C85690F8}","ProcessId":1681,"EventType":"End"}
{"UtcTime":"2026-08-12 15:21:00.000","Computer":"CLM-MESA-014","User":"CLM\\mesa","EventID":5,"Image":"C:\\Program Files\\Microsoft Office\\Office16\\EXCEL.EXE","ProcessGuid":"{E4D4BE90-0952-2026-C7CA-86AD2B7514C7}","ProcessId":3408,"EventType":"End"}
{"UtcTime":"2026-08-12 15:21:01.000","Computer":"CLM-MESA-014","User":"CLM\\mesa","EventID":5,"Image":"C:\\Windows\\System32\\RuntimeBroker.exe","ProcessGuid":"{5B5F82D6-0462-2026-6B45-BFC098353312}","ProcessId":6570,"EventType":"End"}
{"UtcTime":"2026-08-12 15:21:02.000","Computer":"CLM-MESA-014","User":"CLM\\backoffice","EventID":11,"Image":"C:\\Program Files\\Microsoft Office\\Office16\\EXCEL.EXE","ProcessGuid":"{79835584-C9B2-2026-253F-29C0AD94EFE5}","ProcessId":8686,"TargetFilename":"C:\\Users\\Public\\Temp\\mesa-4262.tmp"}
{"UtcTime":"2026-08-12 15:21:03.000","Computer":"CLM-MESA-014","User":"CLM\\ops","EventID":1,"Image":"C:\\Program Files\\Google\\Chrome\\Application\\chrome.exe","ProcessGuid":"{91BB35BC-A79F-2026-BFD1-FC68D80C9DD1}","ProcessId":6612,"CommandLine":"C:\\Program Files\\Google\\Chrome\\Application\\chrome.exe","ParentImage":"C:\\Windows\\System32\\services.exe","ParentProcessGuid":"{0AFA9776-7A84-2026-F545-5A12C9EF59AC}","OriginalFileName":"C:\\Program Files\\Google\\Chrome\\Application\\chrome.exe"}
{"UtcTime":"2026-08-12 15:21:04.000","Computer":"CLM-MESA-014","User":"CLM\\ops","EventID":1,"Image":"C:\\Windows\\System32\\conhost.exe","ProcessGuid":"{2D589885-9620-2026-99F3-362702878200}","ProcessId":7281,"CommandLine":"C:\\Windows\\System32\\conhost.exe","ParentImage":"C:\\Windows\\System32\\services.exe","ParentProcessGuid":"{9E14D305-C97C-2026-9EBF-236DB0678C80}","OriginalFileName":"C:\\Windows\\System32\\conhost.exe"}
{"UtcTime":"2026-08-12 15:21:05.000","Computer":"CLM-MESA-014","User":"CLM\\mesa","EventID":5,"Image":"C:\\Windows\\System32\\RuntimeBroker.exe","ProcessGuid":"{6BA009BF-27E6-2026-80FD-CEEC8044C943}","ProcessId":2425,"EventType":"End"}
{"UtcTime":"2026-08-12 15:21:06.000","Computer":"CLM-MESA-014","User":"CLM\\backoffice","EventID":11,"Image":"C:\\Windows\\System32\\conhost.exe","ProcessGuid":"{99398754-7106-2026-DB00-51ED321E0115}","ProcessId":3884,"TargetFilename":"C:\\Users\\Public\\Temp\\mesa-4266.tmp"}
{"UtcTime":"2026-08-12 15:21:07.000","Computer":"CLM-MESA-014","User":"CLM\\backoffice","EventID":13,"Image":"C:\\Program Files\\Google\\Chrome\\Application\\chrome.exe","ProcessGuid":"{71610A63-B127-2026-FE40-2E8F258B740B}","ProcessId":7074,"EventType":"SetValue","TargetObject":"HKCU\\Software\\CLM\\Mesa\\Pref\\4267","Details":"1"}
{"UtcTime":"2026-08-12 15:21:08.000","Computer":"CLM-MESA-014","User":"CLM\\ops","EventID":11,"Image":"C:\\Windows\\System32\\svchost.exe","ProcessGuid":"{D1682DBD-6478-2026-F554-E6BD4386889F}","ProcessId":8693,"TargetFilename":"C:\\Users\\Public\\Temp\\mesa-4268.tmp"}
{"UtcTime":"2026-08-12 15:21:09.000","Computer":"CLM-MESA-014","User":"CLM\\backoffice","EventID":13,"Image":"C:\\Program Files\\Google\\Chrome\\Application\\chrome.exe","ProcessGuid":"{D314B98E-C576-2026-51C7-AEC2EBF5164F}","ProcessId":431,"EventType":"SetValue","TargetObject":"HKCU\\Software\\CLM\\Mesa\\Pref\\4269","Details":"1"}
{"UtcTime":"2026-08-12 15:21:10.000","Computer":"CLM-MESA-014","User":"CLM\\ops","EventID":1,"Image":"C:\\Windows\\explorer.exe","ProcessGuid":"{8CAE8591-2248-2026-4BD9-B42F0D675620}","ProcessId":8181,"CommandLine":"C:\\Windows\\explorer.exe","ParentImage":"C:\\Windows\\System32\\services.exe","ParentProcessGuid":"{1C63EF56-9170-2026-3C93-90B3D451EF6D}","OriginalFileName":"C:\\Windows\\explorer.exe"}
{"UtcTime":"2026-08-12 15:21:11.000","Computer":"CLM-MESA-014","User":"CLM\\ops","EventID":1,"Image":"C:\\Windows\\System32\\svchost.exe","ProcessGuid":"{6AC23EBE-5F1E-2026-F1FB-87044D6B2C0A}","ProcessId":3317,"CommandLine":"C:\\Windows\\System32\\svchost.exe","ParentImage":"C:\\Windows\\System32\\services.exe","ParentProcessGuid":"{86FEDC57-C36F-2026-7572-D2E755642D29}","OriginalFileName":"C:\\Windows\\System32\\svchost.exe"}
{"UtcTime":"2026-08-12 15:21:12.000","Computer":"CLM-MESA-014","User":"CLM\\backoffice","EventID":1,"Image":"C:\\Program Files\\Microsoft Office\\Office16\\EXCEL.EXE","ProcessGuid":"{62984B62-D3AE-2026-5CF7-3FE5821EABDE}","ProcessId":4633,"CommandLine":"C:\\Program Files\\Microsoft Office\\Office16\\EXCEL.EXE","ParentImage":"C:\\Windows\\System32\\services.exe","ParentProcessGuid":"{EC293DD6-F557-2026-8B4D-1119560597D8}","OriginalFileName":"C:\\Program Files\\Microsoft Office\\Office16\\EXCEL.EXE"}
{"UtcTime":"2026-08-12 15:21:13.000","Computer":"CLM-MESA-014","User":"CLM\\backoffice","EventID":13,"Image":"C:\\Program Files\\Microsoft Office\\Office16\\EXCEL.EXE","ProcessGuid":"{65230C81-BA33-2026-4AF6-92DA5A171466}","ProcessId":1987,"EventType":"SetValue","TargetObject":"HKCU\\Software\\CLM\\Mesa\\Pref\\4273","Details":"1"}
{"UtcTime":"2026-08-12 15:21:14.000","Computer":"CLM-MESA-014","User":"CLM\\ops","EventID":1,"Image":"C:\\Windows\\System32\\RuntimeBroker.exe","ProcessGuid":"{6D9F8927-9CF8-2026-4C6A-42D1609F482A}","ProcessId":1388,"CommandLine":"C:\\Windows\\System32\\RuntimeBroker.exe","ParentImage":"C:\\Windows\\System32\\services.exe","ParentProcessGuid":"{077E87B5-8195-2026-0597-903BC7BC7185}","OriginalFileName":"C:\\Windows\\System32\\RuntimeBroker.exe"}
{"UtcTime":"2026-08-12 15:21:15.000","Computer":"CLM-MESA-014","User":"CLM\\backoffice","EventID":1,"Image":"C:\\Windows\\System32\\RuntimeBroker.exe","ProcessGuid":"{20936EFB-E668-2026-5AFB-D11B8BA127CF}","ProcessId":1949,"CommandLine":"C:\\Windows\\System32\\RuntimeBroker.exe","ParentImage":"C:\\Windows\\System32\\services.exe","ParentProcessGuid":"{DE568BFF-3A83-2026-1D5B-3E3FE4C20051}","OriginalFileName":"C:\\Windows\\System32\\RuntimeBroker.exe"}
{"UtcTime":"2026-08-12 15:21:16.000","Computer":"CLM-MESA-014","User":"CLM\\mesa","EventID":1,"Image":"C:\\Program Files\\Google\\Chrome\\Application\\chrome.exe","ProcessGuid":"{6FEF1F72-7C72-2026-C9E2-4A5FD765DF7A}","ProcessId":1002,"CommandLine":"C:\\Program Files\\Google\\Chrome\\Application\\chrome.exe","ParentImage":"C:\\Windows\\System32\\services.exe","ParentProcessGuid":"{DEC0AE77-9FD1-2026-5CB1-B9143B4FA437}","OriginalFileName":"C:\\Program Files\\Google\\Chrome\\Application\\chrome.exe"}
{"UtcTime":"2026-08-12 15:21:17.000","Computer":"CLM-MESA-014","User":"CLM\\mesa","EventID":3,"Image":"C:\\Program Files\\Microsoft Office\\Office16\\EXCEL.EXE","ProcessGuid":"{C5EAB548-7775-2026-31D2-93091C64D558}","ProcessId":3112,"DestinationIp":"8.8.8.8","DestinationPort":8080,"DestinationHostname":"portal.clm.liquidacao","SourceIp":"10.70.30.14","Protocol":"tcp"}
{"UtcTime":"2026-08-12 15:21:18.000","Computer":"CLM-MESA-014","User":"CLM\\mesa","EventID":5,"Image":"C:\\Windows\\explorer.exe","ProcessGuid":"{FAA38529-E66F-2026-BC41-E10FADD8BCDE}","ProcessId":3417,"EventType":"End"}
{"UtcTime":"2026-08-12 15:21:19.000","Computer":"CLM-MESA-014","User":"CLM\\mesa","EventID":3,"Image":"C:\\Windows\\System32\\svchost.exe","ProcessGuid":"{6D9C8166-35D5-2026-7418-35CDDBAB2F13}","ProcessId":4247,"DestinationIp":"1.1.1.1","DestinationPort":135,"DestinationHostname":"ntp.clm.liquidacao","SourceIp":"10.70.30.14","Protocol":"tcp"}
{"UtcTime":"2026-08-12 15:21:20.000","Computer":"CLM-MESA-014","User":"CLM\\mesa","EventID":1,"Image":"C:\\Windows\\System32\\RuntimeBroker.exe","ProcessGuid":"{496C0489-DB1D-2026-B383-D23FDFE5749D}","ProcessId":6508,"CommandLine":"C:\\Windows\\System32\\RuntimeBroker.exe","ParentImage":"C:\\Windows\\System32\\services.exe","ParentProcessGuid":"{E283C6F4-DFD7-2026-890C-CA04DF45A230}","OriginalFileName":"C:\\Windows\\System32\\RuntimeBroker.exe"}
{"UtcTime":"2026-08-12 15:21:21.000","Computer":"CLM-MESA-014","User":"CLM\\mesa","EventID":13,"Image":"C:\\Windows\\System32\\RuntimeBroker.exe","ProcessGuid":"{00127EFE-EFE8-2026-1624-B7647C921E61}","ProcessId":933,"EventType":"SetValue","TargetObject":"HKCU\\Software\\CLM\\Mesa\\Pref\\4281","Details":"1"}
{"UtcTime":"2026-08-12 15:21:22.000","Computer":"CLM-MESA-014","User":"CLM\\mesa","EventID":5,"Image":"C:\\Windows\\explorer.exe","ProcessGuid":"{725DC810-DC49-2026-AA26-B305E89EE7D8}","ProcessId":2317,"EventType":"End"}
{"UtcTime":"2026-08-12 15:21:23.000","Computer":"CLM-MESA-014","User":"CLM\\backoffice","EventID":3,"Image":"C:\\Windows\\explorer.exe","ProcessGuid":"{AD46538C-7470-2026-079E-AE147205A531}","ProcessId":4667,"DestinationIp":"10.70.30.8","DestinationPort":135,"DestinationHostname":"ntp.clm.liquidacao","SourceIp":"10.70.30.14","Protocol":"tcp"}
{"UtcTime":"2026-08-12 15:21:24.000","Computer":"CLM-MESA-014","User":"CLM\\mesa","EventID":3,"Image":"C:\\Program Files\\Google\\Chrome\\Application\\chrome.exe","ProcessGuid":"{C1F3FF04-C6AE-2026-815D-0A86103C4508}","ProcessId":4864,"DestinationIp":"10.70.30.8","DestinationPort":8080,"DestinationHostname":"portal.clm.liquidacao","SourceIp":"10.70.30.14","Protocol":"tcp"}
{"UtcTime":"2026-08-12 15:21:25.000","Computer":"CLM-MESA-014","User":"CLM\\backoffice","EventID":1,"Image":"C:\\Windows\\System32\\conhost.exe","ProcessGuid":"{EE900501-2C37-2026-E336-E55A284216F7}","ProcessId":7440,"CommandLine":"C:\\Windows\\System32\\conhost.exe","ParentImage":"C:\\Windows\\System32\\services.exe","ParentProcessGuid":"{4E5F4667-94C3-2026-606F-50CB61D4C19A}","OriginalFileName":"C:\\Windows\\System32\\conhost.exe"}
{"UtcTime":"2026-08-12 15:21:26.000","Computer":"CLM-MESA-014","User":"CLM\\mesa","EventID":5,"Image":"C:\\Windows\\explorer.exe","ProcessGuid":"{67389EC3-302F-2026-2AE3-1824689B4288}","ProcessId":3788,"EventType":"End"}
{"UtcTime":"2026-08-12 15:21:27.000","Computer":"CLM-MESA-014","User":"CLM\\ops","EventID":1,"Image":"C:\\Program Files\\Microsoft Office\\Office16\\EXCEL.EXE","ProcessGuid":"{ED40E97D-EDB3-2026-B6D9-E65EC1990A34}","ProcessId":6460,"CommandLine":"C:\\Program Files\\Microsoft Office\\Office16\\EXCEL.EXE","ParentImage":"C:\\Windows\\System32\\services.exe","ParentProcessGuid":"{B31E2E19-4D5E-2026-5461-C79FA7F81AA9}","OriginalFileName":"C:\\Program Files\\Microsoft Office\\Office16\\EXCEL.EXE"}
{"UtcTime":"2026-08-12 15:21:28.000","Computer":"CLM-MESA-014","User":"CLM\\ops","EventID":1,"Image":"C:\\Windows\\System32\\conhost.exe","ProcessGuid":"{17E25C51-552E-2026-3EEE-C04F5F61719E}","ProcessId":3594,"CommandLine":"C:\\Windows\\System32\\conhost.exe","ParentImage":"C:\\Windows\\System32\\services.exe","ParentProcessGuid":"{A9F1A295-E6EE-2026-3705-D59AB9F88FF2}","OriginalFileName":"C:\\Windows\\System32\\conhost.exe"}
{"UtcTime":"2026-08-12 15:21:29.000","Computer":"CLM-MESA-014","User":"CLM\\mesa","EventID":13,"Image":"C:\\Windows\\System32\\conhost.exe","ProcessGuid":"{386A8C13-642B-2026-1486-2921920F50FC}","ProcessId":2729,"EventType":"SetValue","TargetObject":"HKCU\\Software\\CLM\\Mesa\\Pref\\4289","Details":"1"}
{"UtcTime":"2026-08-12 15:21:30.000","Computer":"CLM-MESA-014","User":"CLM\\mesa","EventID":1,"Image":"C:\\Program Files\\Microsoft Office\\Office16\\EXCEL.EXE","ProcessGuid":"{1A0E645D-6BC7-2026-551C-F17B4E686B46}","ProcessId":7096,"CommandLine":"C:\\Program Files\\Microsoft Office\\Office16\\EXCEL.EXE","ParentImage":"C:\\Windows\\System32\\services.exe","ParentProcessGuid":"{296BAAB4-FCF5-2026-E659-EA95BE13862E}","OriginalFileName":"C:\\Program Files\\Microsoft Office\\Office16\\EXCEL.EXE"}
{"UtcTime":"2026-08-12 15:21:31.000","Computer":"CLM-MESA-014","User":"CLM\\ops","EventID":11,"Image":"C:\\Windows\\System32\\svchost.exe","ProcessGuid":"{AE978A9E-602D-2026-67C0-B2C4B312D172}","ProcessId":7143,"TargetFilename":"C:\\Users\\Public\\Temp\\mesa-4291.tmp"}
{"UtcTime":"2026-08-12 15:21:32.000","Computer":"CLM-MESA-014","User":"CLM\\ops","EventID":5,"Image":"C:\\Windows\\System32\\svchost.exe","ProcessGuid":"{99A3530C-6286-2026-3512-646110A681B4}","ProcessId":6778,"EventType":"End"}
{"UtcTime":"2026-08-12 15:21:33.000","Computer":"CLM-MESA-014","User":"CLM\\backoffice","EventID":13,"Image":"C:\\Windows\\System32\\conhost.exe","ProcessGuid":"{21E76AB3-978A-2026-2281-9F8E74C98BBD}","ProcessId":4243,"EventType":"SetValue","TargetObject":"HKCU\\Software\\CLM\\Mesa\\Pref\\4293","Details":"1"}
{"UtcTime":"2026-08-12 15:21:34.000","Computer":"CLM-MESA-014","User":"CLM\\backoffice","EventID":1,"Image":"C:\\Program Files\\Google\\Chrome\\Application\\chrome.exe","ProcessGuid":"{E773B91D-54BE-2026-D76A-B6E1D558663C}","ProcessId":4163,"CommandLine":"C:\\Program Files\\Google\\Chrome\\Application\\chrome.exe","ParentImage":"C:\\Windows\\System32\\services.exe","ParentProcessGuid":"{68065A38-65DA-2026-DD6D-CB8D45214324}","OriginalFileName":"C:\\Program Files\\Google\\Chrome\\Application\\chrome.exe"}
{"UtcTime":"2026-08-12 15:21:35.000","Computer":"CLM-MESA-014","User":"CLM\\ops","EventID":11,"Image":"C:\\Windows\\System32\\RuntimeBroker.exe","ProcessGuid":"{67D5F381-B70A-2026-FA54-D1DAF181E68A}","ProcessId":7551,"TargetFilename":"C:\\Users\\Public\\Temp\\mesa-4295.tmp"}
{"UtcTime":"2026-08-12 15:21:36.000","Computer":"CLM-MESA-014","User":"CLM\\mesa","EventID":1,"Image":"C:\\Program Files\\Microsoft Office\\Office16\\EXCEL.EXE","ProcessGuid":"{78653E47-F825-2026-E6F3-7A8C4AF6548C}","ProcessId":7462,"CommandLine":"C:\\Program Files\\Microsoft Office\\Office16\\EXCEL.EXE","ParentImage":"C:\\Windows\\System32\\services.exe","ParentProcessGuid":"{6B734978-7100-2026-5710-420EF9662733}","OriginalFileName":"C:\\Program Files\\Microsoft Office\\Office16\\EXCEL.EXE"}
{"UtcTime":"2026-08-12 15:21:37.000","Computer":"CLM-MESA-014","User":"CLM\\backoffice","EventID":5,"Image":"C:\\Windows\\System32\\svchost.exe","ProcessGuid":"{5197F9EF-C037-2026-2EA5-C40E1394DBCD}","ProcessId":4611,"EventType":"End"}
{"UtcTime":"2026-08-12 15:21:38.000","Computer":"CLM-MESA-014","User":"CLM\\mesa","EventID":5,"Image":"C:\\Windows\\System32\\svchost.exe","ProcessGuid":"{A52A727C-BC32-2026-66DF-8BE379BE580A}","ProcessId":1206,"EventType":"End"}
{"UtcTime":"2026-08-12 15:21:39.000","Computer":"CLM-MESA-014","User":"CLM\\ops","EventID":1,"Image":"C:\\Program Files\\Google\\Chrome\\Application\\chrome.exe","ProcessGuid":"{FFB1790F-1534-2026-150D-61DB149C4FCA}","ProcessId":1515,"CommandLine":"C:\\Program Files\\Google\\Chrome\\Application\\chrome.exe","ParentImage":"C:\\Windows\\System32\\services.exe","ParentProcessGuid":"{7ACBB2FC-0136-2026-EC72-BE64F285A79C}","OriginalFileName":"C:\\Program Files\\Google\\Chrome\\Application\\chrome.exe"}
{"UtcTime":"2026-08-12 15:21:40.000","Computer":"CLM-MESA-014","User":"CLM\\ops","EventID":13,"Image":"C:\\Windows\\explorer.exe","ProcessGuid":"{0A874268-63A7-2026-821D-FBCB96584CB7}","ProcessId":1161,"EventType":"SetValue","TargetObject":"HKCU\\Software\\CLM\\Mesa\\Pref\\4300","Details":"1"}
{"UtcTime":"2026-08-12 15:21:41.000","Computer":"CLM-MESA-014","User":"CLM\\ops","EventID":13,"Image":"C:\\Windows\\System32\\svchost.exe","ProcessGuid":"{85E1DB46-675E-2026-D13E-1E44D1DB75A6}","ProcessId":5629,"EventType":"SetValue","TargetObject":"HKCU\\Software\\CLM\\Mesa\\Pref\\4301","Details":"1"}
{"UtcTime":"2026-08-12 15:21:42.000","Computer":"CLM-MESA-014","User":"CLM\\backoffice","EventID":5,"Image":"C:\\Windows\\explorer.exe","ProcessGuid":"{127E2D2D-944E-2026-95FE-9215C9F21B16}","ProcessId":6197,"EventType":"End"}
{"UtcTime":"2026-08-12 15:21:43.000","Computer":"CLM-MESA-014","User":"CLM\\ops","EventID":1,"Image":"C:\\Program Files\\Microsoft Office\\Office16\\EXCEL.EXE","ProcessGuid":"{65ED3B70-C08C-2026-585E-79C4BF3F0210}","ProcessId":4090,"CommandLine":"C:\\Program Files\\Microsoft Office\\Office16\\EXCEL.EXE","ParentImage":"C:\\Windows\\System32\\services.exe","ParentProcessGuid":"{F70EB6BE-1454-2026-30B8-8BF0523717D3}","OriginalFileName":"C:\\Program Files\\Microsoft Office\\Office16\\EXCEL.EXE"}
{"UtcTime":"2026-08-12 15:21:44.000","Computer":"CLM-MESA-014","User":"CLM\\backoffice","EventID":5,"Image":"C:\\Windows\\System32\\conhost.exe","ProcessGuid":"{9BBA1D46-51C4-2026-37BF-D7DAAAFE5B1C}","ProcessId":5421,"EventType":"End"}
{"UtcTime":"2026-08-12 15:21:45.000","Computer":"CLM-MESA-014","User":"CLM\\mesa","EventID":1,"Image":"C:\\Windows\\explorer.exe","ProcessGuid":"{36CF1D2F-117B-2026-0205-06FD01765FFD}","ProcessId":3966,"CommandLine":"C:\\Windows\\explorer.exe","ParentImage":"C:\\Windows\\System32\\services.exe","ParentProcessGuid":"{89EF4DDC-4450-2026-BE8B-10E98F0BC210}","OriginalFileName":"C:\\Windows\\explorer.exe"}
{"UtcTime":"2026-08-12 15:21:46.000","Computer":"CLM-MESA-014","User":"CLM\\ops","EventID":3,"Image":"C:\\Program Files\\Google\\Chrome\\Application\\chrome.exe","ProcessGuid":"{8760E3ED-0E5F-2026-3EE9-545D5BA90BA1}","ProcessId":8793,"DestinationIp":"10.70.30.8","DestinationPort":8080,"DestinationHostname":"portal.clm.liquidacao","SourceIp":"10.70.30.14","Protocol":"tcp"}
{"UtcTime":"2026-08-12 15:21:47.000","Computer":"CLM-MESA-014","User":"CLM\\backoffice","EventID":3,"Image":"C:\\Windows\\System32\\svchost.exe","ProcessGuid":"{4D828E67-B8E8-2026-A42E-1B4B0EE78DAA}","ProcessId":8124,"DestinationIp":"10.70.30.1","DestinationPort":53,"DestinationHostname":"portal.clm.liquidacao","SourceIp":"10.70.30.14","Protocol":"tcp"}
{"UtcTime":"2026-08-12 15:21:48.000","Computer":"CLM-MESA-014","User":"CLM\\mesa","EventID":1,"Image":"C:\\Windows\\System32\\RuntimeBroker.exe","ProcessGuid":"{7D573439-D352-2026-4BE0-430A3553AC62}","ProcessId":5093,"CommandLine":"C:\\Windows\\System32\\RuntimeBroker.exe","ParentImage":"C:\\Windows\\System32\\services.exe","ParentProcessGuid":"{719B9493-9CC7-2026-C4E8-71106C687075}","OriginalFileName":"C:\\Windows\\System32\\RuntimeBroker.exe"}
{"UtcTime":"2026-08-12 15:21:49.000","Computer":"CLM-MESA-014","User":"CLM\\mesa","EventID":11,"Image":"C:\\Program Files\\Microsoft Office\\Office16\\EXCEL.EXE","ProcessGuid":"{0B7EBA6F-69E2-2026-7A90-288F9D57533B}","ProcessId":6209,"TargetFilename":"C:\\Users\\Public\\Temp\\mesa-4309.tmp"}
{"UtcTime":"2026-08-12 15:21:50.000","Computer":"CLM-MESA-014","User":"CLM\\ops","EventID":1,"Image":"C:\\Windows\\System32\\svchost.exe","ProcessGuid":"{19B176B2-0202-2026-7106-0EEF1B21203F}","ProcessId":6095,"CommandLine":"C:\\Windows\\System32\\svchost.exe","ParentImage":"C:\\Windows\\System32\\services.exe","ParentProcessGuid":"{C2AB2EE1-E294-2026-6D4E-2ECC4BE75457}","OriginalFileName":"C:\\Windows\\System32\\svchost.exe"}
{"UtcTime":"2026-08-12 15:21:51.000","Computer":"CLM-MESA-014","User":"CLM\\backoffice","EventID":13,"Image":"C:\\Windows\\explorer.exe","ProcessGuid":"{332C92D4-D13F-2026-64D6-30D82792A4AB}","ProcessId":2982,"EventType":"SetValue","TargetObject":"HKCU\\Software\\CLM\\Mesa\\Pref\\4311","Details":"1"}
{"UtcTime":"2026-08-12 15:21:52.000","Computer":"CLM-MESA-014","User":"CLM\\mesa","EventID":1,"Image":"C:\\Windows\\System32\\conhost.exe","ProcessGuid":"{D893BE4F-944D-2026-FA1E-8ABE2AC94615}","ProcessId":3015,"CommandLine":"C:\\Windows\\System32\\conhost.exe","ParentImage":"C:\\Windows\\System32\\services.exe","ParentProcessGuid":"{C57AA554-377A-2026-4DBD-DD139117CBEF}","OriginalFileName":"C:\\Windows\\System32\\conhost.exe"}
{"UtcTime":"2026-08-12 15:21:53.000","Computer":"CLM-MESA-014","User":"CLM\\mesa","EventID":1,"Image":"C:\\Windows\\System32\\conhost.exe","ProcessGuid":"{D1860A98-0EAE-2026-FC5E-C327D78AF067}","ProcessId":2285,"CommandLine":"C:\\Windows\\System32\\conhost.exe","ParentImage":"C:\\Windows\\System32\\services.exe","ParentProcessGuid":"{A1719ED1-4B49-2026-9146-64E23E3886ED}","OriginalFileName":"C:\\Windows\\System32\\conhost.exe"}
{"UtcTime":"2026-08-12 15:21:54.000","Computer":"CLM-MESA-014","User":"CLM\\backoffice","EventID":13,"Image":"C:\\Windows\\System32\\conhost.exe","ProcessGuid":"{A4C92A0B-3F81-2026-F142-81769AA2D191}","ProcessId":8589,"EventType":"SetValue","TargetObject":"HKCU\\Software\\CLM\\Mesa\\Pref\\4314","Details":"1"}
{"UtcTime":"2026-08-12 15:21:55.000","Computer":"CLM-MESA-014","User":"CLM\\backoffice","EventID":3,"Image":"C:\\Windows\\System32\\svchost.exe","ProcessGuid":"{695AC102-B110-2026-C805-92D0CCDFB303}","ProcessId":4215,"DestinationIp":"8.8.8.8","DestinationPort":8080,"DestinationHostname":"portal.clm.liquidacao","SourceIp":"10.70.30.14","Protocol":"tcp"}
{"UtcTime":"2026-08-12 15:21:56.000","Computer":"CLM-MESA-014","User":"CLM\\mesa","EventID":1,"Image":"C:\\Windows\\System32\\conhost.exe","ProcessGuid":"{6AC284BA-DC52-2026-A88A-D98A3BD0852A}","ProcessId":2258,"CommandLine":"C:\\Windows\\System32\\conhost.exe","ParentImage":"C:\\Windows\\System32\\services.exe","ParentProcessGuid":"{7513FE16-3F2A-2026-B6AC-045909DA48B9}","OriginalFileName":"C:\\Windows\\System32\\conhost.exe"}
{"UtcTime":"2026-08-12 15:21:57.000","Computer":"CLM-MESA-014","User":"CLM\\backoffice","EventID":5,"Image":"C:\\Windows\\System32\\svchost.exe","ProcessGuid":"{496B8491-A5A3-2026-0B45-2D2C07A17620}","ProcessId":533,"EventType":"End"}
{"UtcTime":"2026-08-12 15:21:58.000","Computer":"CLM-MESA-014","User":"CLM\\ops","EventID":1,"Image":"C:\\Program Files\\Microsoft Office\\Office16\\EXCEL.EXE","ProcessGuid":"{23830CC5-037A-2026-A0C6-FD30C88C1514}","ProcessId":4378,"CommandLine":"C:\\Program Files\\Microsoft Office\\Office16\\EXCEL.EXE","ParentImage":"C:\\Windows\\System32\\services.exe","ParentProcessGuid":"{F23C0742-DAC5-2026-75A3-7A6E47B234A0}","OriginalFileName":"C:\\Program Files\\Microsoft Office\\Office16\\EXCEL.EXE"}
{"UtcTime":"2026-08-12 15:21:59.000","Computer":"CLM-MESA-014","User":"CLM\\backoffice","EventID":1,"Image":"C:\\Windows\\System32\\RuntimeBroker.exe","ProcessGuid":"{DAB699CC-CCFF-2026-D375-132781E418CA}","ProcessId":4321,"CommandLine":"C:\\Windows\\System32\\RuntimeBroker.exe","ParentImage":"C:\\Windows\\System32\\services.exe","ParentProcessGuid":"{0BC08089-E78C-2026-9D69-49D81D2A3802}","OriginalFileName":"C:\\Windows\\System32\\RuntimeBroker.exe"}
{"UtcTime":"2026-08-12 15:22:00.000","Computer":"CLM-MESA-014","User":"CLM\\backoffice","EventID":5,"Image":"C:\\Windows\\System32\\svchost.exe","ProcessGuid":"{5EAD605F-0C05-2026-38F0-781B72B744D3}","ProcessId":5409,"EventType":"End"}
{"UtcTime":"2026-08-12 15:22:01.000","Computer":"CLM-MESA-014","User":"CLM\\ops","EventID":1,"Image":"C:\\Windows\\System32\\conhost.exe","ProcessGuid":"{412C0BDA-0021-2026-4D40-0D3762C65780}","ProcessId":1818,"CommandLine":"C:\\Windows\\System32\\conhost.exe","ParentImage":"C:\\Windows\\System32\\services.exe","ParentProcessGuid":"{21586E1C-EB59-2026-97E5-B5958D0E79EA}","OriginalFileName":"C:\\Windows\\System32\\conhost.exe"}
{"UtcTime":"2026-08-12 15:22:02.000","Computer":"CLM-MESA-014","User":"CLM\\backoffice","EventID":5,"Image":"C:\\Windows\\System32\\RuntimeBroker.exe","ProcessGuid":"{D753FE05-AA8F-2026-6FCE-6B2958EBF93F}","ProcessId":3183,"EventType":"End"}
{"UtcTime":"2026-08-12 15:22:03.000","Computer":"CLM-MESA-014","User":"CLM\\backoffice","EventID":11,"Image":"C:\\Program Files\\Google\\Chrome\\Application\\chrome.exe","ProcessGuid":"{C084B0E2-4E28-2026-0280-CD8D58CBAC15}","ProcessId":1485,"TargetFilename":"C:\\Users\\Public\\Temp\\mesa-4323.tmp"}
{"UtcTime":"2026-08-12 15:22:04.000","Computer":"CLM-MESA-014","User":"CLM\\backoffice","EventID":13,"Image":"C:\\Program Files\\Google\\Chrome\\Application\\chrome.exe","ProcessGuid":"{D15A4383-6C14-2026-950D-D1772C5079FC}","ProcessId":3097,"EventType":"SetValue","TargetObject":"HKCU\\Software\\CLM\\Mesa\\Pref\\4324","Details":"1"}
{"UtcTime":"2026-08-12 15:22:05.000","Computer":"CLM-MESA-014","User":"CLM\\ops","EventID":1,"Image":"C:\\Windows\\System32\\svchost.exe","ProcessGuid":"{2F7B1C38-7360-2026-740C-EB70A889D14C}","ProcessId":1604,"CommandLine":"C:\\Windows\\System32\\svchost.exe","ParentImage":"C:\\Windows\\System32\\services.exe","ParentProcessGuid":"{F50D17E2-3DE2-2026-E8F7-799B60B29A39}","OriginalFileName":"C:\\Windows\\System32\\svchost.exe"}
{"UtcTime":"2026-08-12 15:22:06.000","Computer":"CLM-MESA-014","User":"CLM\\backoffice","EventID":1,"Image":"C:\\Program Files\\Google\\Chrome\\Application\\chrome.exe","ProcessGuid":"{EABBA7B5-E057-2026-C1AA-E8F1723F4899}","ProcessId":2741,"CommandLine":"C:\\Program Files\\Google\\Chrome\\Application\\chrome.exe","ParentImage":"C:\\Windows\\System32\\services.exe","ParentProcessGuid":"{3DF43686-ED5C-2026-0703-A833AB2B2348}","OriginalFileName":"C:\\Program Files\\Google\\Chrome\\Application\\chrome.exe"}
{"UtcTime":"2026-08-12 15:22:07.000","Computer":"CLM-MESA-014","User":"CLM\\ops","EventID":1,"Image":"C:\\Windows\\System32\\svchost.exe","ProcessGuid":"{D2487ACD-FBC2-2026-48ED-30DD9484BEEA}","ProcessId":863,"CommandLine":"C:\\Windows\\System32\\svchost.exe","ParentImage":"C:\\Windows\\System32\\services.exe","ParentProcessGuid":"{83320B30-07E0-2026-A389-1E0D6CAE53E2}","OriginalFileName":"C:\\Windows\\System32\\svchost.exe"}
{"UtcTime":"2026-08-12 15:22:08.000","Computer":"CLM-MESA-014","User":"CLM\\backoffice","EventID":11,"Image":"C:\\Program Files\\Microsoft Office\\Office16\\EXCEL.EXE","ProcessGuid":"{20CB91CD-2277-2026-A8B7-372B66C877CC}","ProcessId":6263,"TargetFilename":"C:\\Users\\Public\\Temp\\mesa-4328.tmp"}
{"UtcTime":"2026-08-12 15:22:09.000","Computer":"CLM-MESA-014","User":"CLM\\backoffice","EventID":3,"Image":"C:\\Program Files\\Google\\Chrome\\Application\\chrome.exe","ProcessGuid":"{9507A35F-753E-2026-BAD0-3429F190CDFA}","ProcessId":8502,"DestinationIp":"8.8.8.8","DestinationPort":135,"DestinationHostname":"portal.clm.liquidacao","SourceIp":"10.70.30.14","Protocol":"tcp"}
{"UtcTime":"2026-08-12 15:22:10.000","Computer":"CLM-MESA-014","User":"CLM\\ops","EventID":1,"Image":"C:\\Windows\\explorer.exe","ProcessGuid":"{3354687B-17C9-2026-DC6B-50F30DAA65D9}","ProcessId":6056,"CommandLine":"C:\\Windows\\explorer.exe","ParentImage":"C:\\Windows\\System32\\services.exe","ParentProcessGuid":"{A50151AD-D9F5-2026-DE30-A7E87838C649}","OriginalFileName":"C:\\Windows\\explorer.exe"}
{"UtcTime":"2026-08-12 15:22:11.000","Computer":"CLM-MESA-014","User":"CLM\\mesa","EventID":3,"Image":"C:\\Program Files\\Google\\Chrome\\Application\\chrome.exe","ProcessGuid":"{01311E3F-1677-2026-46F4-71E2BBC2707F}","ProcessId":6417,"DestinationIp":"10.70.30.1","DestinationPort":8080,"DestinationHostname":"portal.clm.liquidacao","SourceIp":"10.70.30.14","Protocol":"tcp"}
{"UtcTime":"2026-08-12 15:22:12.000","Computer":"CLM-MESA-014","User":"CLM\\mesa","EventID":1,"Image":"C:\\Windows\\System32\\RuntimeBroker.exe","ProcessGuid":"{27DD8D06-1A1E-2026-F02E-AA45C89ADDC0}","ProcessId":5777,"CommandLine":"C:\\Windows\\System32\\RuntimeBroker.exe","ParentImage":"C:\\Windows\\System32\\services.exe","ParentProcessGuid":"{98345B53-4BC6-2026-3FCF-C21D6BFBB465}","OriginalFileName":"C:\\Windows\\System32\\RuntimeBroker.exe"}
{"UtcTime":"2026-08-12 15:22:13.000","Computer":"CLM-MESA-014","User":"CLM\\ops","EventID":13,"Image":"C:\\Windows\\System32\\svchost.exe","ProcessGuid":"{013FC041-FB4A-2026-1982-EBACC17D0A74}","ProcessId":5138,"EventType":"SetValue","TargetObject":"HKCU\\Software\\CLM\\Mesa\\Pref\\4333","Details":"1"}
{"UtcTime":"2026-08-12 15:22:14.000","Computer":"CLM-MESA-014","User":"CLM\\ops","EventID":11,"Image":"C:\\Windows\\System32\\svchost.exe","ProcessGuid":"{9A2E0F6E-D677-2026-B4C1-E655C63D8CDA}","ProcessId":2657,"TargetFilename":"C:\\Users\\Public\\Temp\\mesa-4334.tmp"}
{"UtcTime":"2026-08-12 15:22:15.000","Computer":"CLM-MESA-014","User":"CLM\\backoffice","EventID":1,"Image":"C:\\Program Files\\Microsoft Office\\Office16\\EXCEL.EXE","ProcessGuid":"{08795F68-DD5F-2026-821C-56D188884DD9}","ProcessId":8448,"CommandLine":"C:\\Program Files\\Microsoft Office\\Office16\\EXCEL.EXE","ParentImage":"C:\\Windows\\System32\\services.exe","ParentProcessGuid":"{D008C6F5-8A82-2026-BCD3-4D4250896DEA}","OriginalFileName":"C:\\Program Files\\Microsoft Office\\Office16\\EXCEL.EXE"}
{"UtcTime":"2026-08-12 15:22:16.000","Computer":"CLM-MESA-014","User":"CLM\\ops","EventID":1,"Image":"C:\\Windows\\System32\\conhost.exe","ProcessGuid":"{0ED99167-D66D-2026-8410-00D6397EAFC5}","ProcessId":1651,"CommandLine":"C:\\Windows\\System32\\conhost.exe","ParentImage":"C:\\Windows\\System32\\services.exe","ParentProcessGuid":"{31D83A2C-191C-2026-C28D-ABDE9FC27262}","OriginalFileName":"C:\\Windows\\System32\\conhost.exe"}
{"UtcTime":"2026-08-12 15:22:17.000","Computer":"CLM-MESA-014","User":"CLM\\ops","EventID":11,"Image":"C:\\Program Files\\Microsoft Office\\Office16\\EXCEL.EXE","ProcessGuid":"{78A55399-8C0D-2026-3D26-6EBF74E88EEA}","ProcessId":5356,"TargetFilename":"C:\\Users\\Public\\Temp\\mesa-4337.tmp"}
{"UtcTime":"2026-08-12 15:22:18.000","Computer":"CLM-MESA-014","User":"CLM\\backoffice","EventID":11,"Image":"C:\\Windows\\System32\\svchost.exe","ProcessGuid":"{A27D0D23-6CAA-2026-D87B-C62E9A1597EB}","ProcessId":6479,"TargetFilename":"C:\\Users\\Public\\Temp\\mesa-4338.tmp"}
{"UtcTime":"2026-08-12 15:22:19.000","Computer":"CLM-MESA-014","User":"CLM\\ops","EventID":1,"Image":"C:\\Windows\\System32\\svchost.exe","ProcessGuid":"{01C4192A-90F4-2026-3F16-6B5D4C61FB23}","ProcessId":7371,"CommandLine":"C:\\Windows\\System32\\svchost.exe","ParentImage":"C:\\Windows\\System32\\services.exe","ParentProcessGuid":"{7CAA5C39-9606-2026-A9C1-43B5E658AD3F}","OriginalFileName":"C:\\Windows\\System32\\svchost.exe"}
{"UtcTime":"2026-08-12 15:22:20.000","Computer":"CLM-MESA-014","User":"CLM\\backoffice","EventID":13,"Image":"C:\\Windows\\System32\\svchost.exe","ProcessGuid":"{8ED61F80-A46C-2026-DFD2-6EF6BA24E119}","ProcessId":2386,"EventType":"SetValue","TargetObject":"HKCU\\Software\\CLM\\Mesa\\Pref\\4340","Details":"1"}
{"UtcTime":"2026-08-12 15:22:21.000","Computer":"CLM-MESA-014","User":"CLM\\mesa","EventID":5,"Image":"C:\\Windows\\System32\\conhost.exe","ProcessGuid":"{292DBCA1-DBB4-2026-C8D9-D653FA2E4CC2}","ProcessId":2963,"EventType":"End"}
{"UtcTime":"2026-08-12 15:22:22.000","Computer":"CLM-MESA-014","User":"CLM\\backoffice","EventID":11,"Image":"C:\\Windows\\System32\\RuntimeBroker.exe","ProcessGuid":"{C6936C00-999D-2026-9175-291096343A7B}","ProcessId":2026,"TargetFilename":"C:\\Users\\Public\\Temp\\mesa-4342.tmp"}
{"UtcTime":"2026-08-12 15:22:23.000","Computer":"CLM-MESA-014","User":"CLM\\mesa","EventID":1,"Image":"C:\\Program Files\\Google\\Chrome\\Application\\chrome.exe","ProcessGuid":"{49243F80-5D64-2026-EA32-2541BEFB4F56}","ProcessId":2848,"CommandLine":"C:\\Program Files\\Google\\Chrome\\Application\\chrome.exe","ParentImage":"C:\\Windows\\System32\\services.exe","ParentProcessGuid":"{6EEE5F50-5B25-2026-D2F3-CC838250D1AC}","OriginalFileName":"C:\\Program Files\\Google\\Chrome\\Application\\chrome.exe"}
{"UtcTime":"2026-08-12 15:22:24.000","Computer":"CLM-MESA-014","User":"CLM\\backoffice","EventID":11,"Image":"C:\\Windows\\System32\\conhost.exe","ProcessGuid":"{11D4E2D2-C5CE-2026-CA51-9C98B48C757D}","ProcessId":7016,"TargetFilename":"C:\\Users\\Public\\Temp\\mesa-4344.tmp"}
{"UtcTime":"2026-08-12 15:22:25.000","Computer":"CLM-MESA-014","User":"CLM\\ops","EventID":3,"Image":"C:\\Program Files\\Google\\Chrome\\Application\\chrome.exe","ProcessGuid":"{9C47F679-81B0-2026-C381-339A4A9A6805}","ProcessId":6918,"DestinationIp":"10.70.30.8","DestinationPort":53,"DestinationHostname":"portal.clm.liquidacao","SourceIp":"10.70.30.14","Protocol":"tcp"}
{"UtcTime":"2026-08-12 15:22:26.000","Computer":"CLM-MESA-014","User":"CLM\\mesa","EventID":13,"Image":"C:\\Windows\\System32\\RuntimeBroker.exe","ProcessGuid":"{C15E32BD-7454-2026-A122-752D05C91CD4}","ProcessId":4636,"EventType":"SetValue","TargetObject":"HKCU\\Software\\CLM\\Mesa\\Pref\\4346","Details":"1"}
{"UtcTime":"2026-08-12 15:22:27.000","Computer":"CLM-MESA-014","User":"CLM\\mesa","EventID":3,"Image":"C:\\Windows\\explorer.exe","ProcessGuid":"{E6B9817E-0E04-2026-0C6E-75224248D493}","ProcessId":7052,"DestinationIp":"10.70.30.8","DestinationPort":8080,"DestinationHostname":"portal.clm.liquidacao","SourceIp":"10.70.30.14","Protocol":"tcp"}
{"UtcTime":"2026-08-12 15:22:28.000","Computer":"CLM-MESA-014","User":"CLM\\backoffice","EventID":13,"Image":"C:\\Windows\\System32\\svchost.exe","ProcessGuid":"{2921FD92-C02D-2026-94B0-AD9530AC487E}","ProcessId":1909,"EventType":"SetValue","TargetObject":"HKCU\\Software\\CLM\\Mesa\\Pref\\4348","Details":"1"}
{"UtcTime":"2026-08-12 15:22:29.000","Computer":"CLM-MESA-014","User":"CLM\\mesa","EventID":5,"Image":"C:\\Windows\\explorer.exe","ProcessGuid":"{B36EB0EE-D8D1-2026-BF6C-F33DE44A50AA}","ProcessId":8398,"EventType":"End"}
{"UtcTime":"2026-08-12 15:22:30.000","Computer":"CLM-MESA-014","User":"CLM\\mesa","EventID":1,"Image":"C:\\Windows\\System32\\svchost.exe","ProcessGuid":"{41A335CD-F9AA-2026-B30A-9861B9B0E128}","ProcessId":2571,"CommandLine":"C:\\Windows\\System32\\svchost.exe","ParentImage":"C:\\Windows\\System32\\services.exe","ParentProcessGuid":"{CE7A1965-C8FF-2026-5572-2206788512DA}","OriginalFileName":"C:\\Windows\\System32\\svchost.exe"}
{"UtcTime":"2026-08-12 15:22:31.000","Computer":"CLM-MESA-014","User":"CLM\\ops","EventID":3,"Image":"C:\\Windows\\System32\\conhost.exe","ProcessGuid":"{AA90A636-E48F-2026-E5B4-42BEE8EAE8D6}","ProcessId":5620,"DestinationIp":"10.70.30.1","DestinationPort":53,"DestinationHostname":"portal.clm.liquidacao","SourceIp":"10.70.30.14","Protocol":"tcp"}
{"UtcTime":"2026-08-12 15:22:32.000","Computer":"CLM-MESA-014","User":"CLM\\ops","EventID":1,"Image":"C:\\Program Files\\Google\\Chrome\\Application\\chrome.exe","ProcessGuid":"{3721A62B-E978-2026-0C55-9BA0D9C90DFF}","ProcessId":3553,"CommandLine":"C:\\Program Files\\Google\\Chrome\\Application\\chrome.exe","ParentImage":"C:\\Windows\\System32\\services.exe","ParentProcessGuid":"{DE054CD6-3397-2026-B529-94C39A5BC428}","OriginalFileName":"C:\\Program Files\\Google\\Chrome\\Application\\chrome.exe"}
{"UtcTime":"2026-08-12 15:22:33.000","Computer":"CLM-MESA-014","User":"CLM\\mesa","EventID":1,"Image":"C:\\Windows\\System32\\conhost.exe","ProcessGuid":"{13B39220-A67E-2026-7C97-DC3B075BA1D0}","ProcessId":6359,"CommandLine":"C:\\Windows\\System32\\conhost.exe","ParentImage":"C:\\Windows\\System32\\services.exe","ParentProcessGuid":"{D12432E2-E2D9-2026-C3CE-C04EB88AF1F1}","OriginalFileName":"C:\\Windows\\System32\\conhost.exe"}
{"UtcTime":"2026-08-12 15:22:34.000","Computer":"CLM-MESA-014","User":"CLM\\mesa","EventID":3,"Image":"C:\\Windows\\System32\\conhost.exe","ProcessGuid":"{EAE8167D-99A8-2026-E789-04147DBF4F64}","ProcessId":829,"DestinationIp":"10.70.30.8","DestinationPort":8080,"DestinationHostname":"ntp.clm.liquidacao","SourceIp":"10.70.30.14","Protocol":"tcp"}
{"UtcTime":"2026-08-12 15:22:35.000","Computer":"CLM-MESA-014","User":"CLM\\mesa","EventID":1,"Image":"C:\\Program Files\\Google\\Chrome\\Application\\chrome.exe","ProcessGuid":"{2EAE98F2-E408-2026-5ABD-9CC26FF44347}","ProcessId":1683,"CommandLine":"C:\\Program Files\\Google\\Chrome\\Application\\chrome.exe","ParentImage":"C:\\Windows\\System32\\services.exe","ParentProcessGuid":"{269AC75E-7BF3-2026-B3F4-BA2D8E9B9A98}","OriginalFileName":"C:\\Program Files\\Google\\Chrome\\Application\\chrome.exe"}
{"UtcTime":"2026-08-12 15:22:36.000","Computer":"CLM-MESA-014","User":"CLM\\mesa","EventID":3,"Image":"C:\\Windows\\System32\\svchost.exe","ProcessGuid":"{F610C1CD-F818-2026-E995-E30A14F86B98}","ProcessId":1089,"DestinationIp":"10.70.30.8","DestinationPort":443,"DestinationHostname":"ntp.clm.liquidacao","SourceIp":"10.70.30.14","Protocol":"tcp"}
{"UtcTime":"2026-08-12 15:22:37.000","Computer":"CLM-MESA-014","User":"CLM\\mesa","EventID":13,"Image":"C:\\Windows\\System32\\conhost.exe","ProcessGuid":"{B8099E6E-2B80-2026-F874-71315D54840B}","ProcessId":8480,"EventType":"SetValue","TargetObject":"HKCU\\Software\\CLM\\Mesa\\Pref\\4357","Details":"1"}
{"UtcTime":"2026-08-12 15:22:38.000","Computer":"CLM-MESA-014","User":"CLM\\ops","EventID":1,"Image":"C:\\Windows\\System32\\svchost.exe","ProcessGuid":"{A1F3C26B-F1A3-2026-6A37-C537BD03CD61}","ProcessId":4394,"CommandLine":"C:\\Windows\\System32\\svchost.exe","ParentImage":"C:\\Windows\\System32\\services.exe","ParentProcessGuid":"{5CE2AB4F-57AB-2026-5A64-F1E8DA71C2AA}","OriginalFileName":"C:\\Windows\\System32\\svchost.exe"}
{"UtcTime":"2026-08-12 15:22:39.000","Computer":"CLM-MESA-014","User":"CLM\\mesa","EventID":1,"Image":"C:\\Windows\\System32\\svchost.exe","ProcessGuid":"{5D856154-B999-2026-EB95-CD5F8844C79E}","ProcessId":2117,"CommandLine":"C:\\Windows\\System32\\svchost.exe","ParentImage":"C:\\Windows\\System32\\services.exe","ParentProcessGuid":"{6035D3CF-5D4B-2026-E939-13F27D074EDC}","OriginalFileName":"C:\\Windows\\System32\\svchost.exe"}
{"UtcTime":"2026-08-12 15:22:40.000","Computer":"CLM-MESA-014","User":"CLM\\ops","EventID":11,"Image":"C:\\Windows\\System32\\svchost.exe","ProcessGuid":"{E6E2EF84-8BCC-2026-650B-836BD87B8F52}","ProcessId":4052,"TargetFilename":"C:\\Users\\Public\\Temp\\mesa-4360.tmp"}
{"UtcTime":"2026-08-12 15:22:41.000","Computer":"CLM-MESA-014","User":"CLM\\ops","EventID":1,"Image":"C:\\Windows\\System32\\RuntimeBroker.exe","ProcessGuid":"{6F6B13C3-E8E2-2026-CEE3-6D3A69C841EA}","ProcessId":7767,"CommandLine":"C:\\Windows\\System32\\RuntimeBroker.exe","ParentImage":"C:\\Windows\\System32\\services.exe","ParentProcessGuid":"{A54C82A5-BD9A-2026-FB42-D537E8E5C0BC}","OriginalFileName":"C:\\Windows\\System32\\RuntimeBroker.exe"}
{"UtcTime":"2026-08-12 15:22:42.000","Computer":"CLM-MESA-014","User":"CLM\\mesa","EventID":1,"Image":"C:\\Windows\\explorer.exe","ProcessGuid":"{B249AA1A-E609-2026-C86D-99A72E8AF706}","ProcessId":3161,"CommandLine":"C:\\Windows\\explorer.exe","ParentImage":"C:\\Windows\\System32\\services.exe","ParentProcessGuid":"{78815BA1-19B1-2026-DC7A-7DDD96F03CBA}","OriginalFileName":"C:\\Windows\\explorer.exe"}
{"UtcTime":"2026-08-12 15:22:43.000","Computer":"CLM-MESA-014","User":"CLM\\backoffice","EventID":13,"Image":"C:\\Windows\\System32\\RuntimeBroker.exe","ProcessGuid":"{1E7CC528-FF5B-2026-7134-98DF4F063F5E}","ProcessId":2193,"EventType":"SetValue","TargetObject":"HKCU\\Software\\CLM\\Mesa\\Pref\\4363","Details":"1"}
{"UtcTime":"2026-08-12 15:22:44.000","Computer":"CLM-MESA-014","User":"CLM\\ops","EventID":1,"Image":"C:\\Windows\\System32\\conhost.exe","ProcessGuid":"{44ABF7C2-C171-2026-C2D4-51050A7CFF9F}","ProcessId":6983,"CommandLine":"C:\\Windows\\System32\\conhost.exe","ParentImage":"C:\\Windows\\System32\\services.exe","ParentProcessGuid":"{59F096A4-C093-2026-3BF9-F59B528BBA69}","OriginalFileName":"C:\\Windows\\System32\\conhost.exe"}
{"UtcTime":"2026-08-12 15:22:45.000","Computer":"CLM-MESA-014","User":"CLM\\mesa","EventID":3,"Image":"C:\\Program Files\\Microsoft Office\\Office16\\EXCEL.EXE","ProcessGuid":"{13B667FE-30F5-2026-231B-22DA33DED746}","ProcessId":2703,"DestinationIp":"10.70.30.8","DestinationPort":8080,"DestinationHostname":"portal.clm.liquidacao","SourceIp":"10.70.30.14","Protocol":"tcp"}
{"UtcTime":"2026-08-12 15:22:46.000","Computer":"CLM-MESA-014","User":"CLM\\mesa","EventID":3,"Image":"C:\\Windows\\System32\\svchost.exe","ProcessGuid":"{7E3109A2-CBA6-2026-A119-45DA10711AD3}","ProcessId":663,"DestinationIp":"10.70.30.1","DestinationPort":135,"DestinationHostname":"ntp.clm.liquidacao","SourceIp":"10.70.30.14","Protocol":"tcp"}
{"UtcTime":"2026-08-12 15:22:47.000","Computer":"CLM-MESA-014","User":"CLM\\mesa","EventID":1,"Image":"C:\\Windows\\System32\\RuntimeBroker.exe","ProcessGuid":"{356A3CD0-23CD-2026-7827-F218ED74197F}","ProcessId":1062,"CommandLine":"C:\\Windows\\System32\\RuntimeBroker.exe","ParentImage":"C:\\Windows\\System32\\services.exe","ParentProcessGuid":"{D8247B5D-3CFB-2026-80B6-6C69F07B71A8}","OriginalFileName":"C:\\Windows\\System32\\RuntimeBroker.exe"}
{"UtcTime":"2026-08-12 15:22:48.000","Computer":"CLM-MESA-014","User":"CLM\\mesa","EventID":3,"Image":"C:\\Windows\\explorer.exe","ProcessGuid":"{1745361D-F820-2026-330A-2654679D3775}","ProcessId":1295,"DestinationIp":"8.8.8.8","DestinationPort":53,"DestinationHostname":"portal.clm.liquidacao","SourceIp":"10.70.30.14","Protocol":"tcp"}
{"UtcTime":"2026-08-12 15:22:49.000","Computer":"CLM-MESA-014","User":"CLM\\backoffice","EventID":1,"Image":"C:\\Program Files\\Microsoft Office\\Office16\\EXCEL.EXE","ProcessGuid":"{34905142-93B4-2026-28C6-DC78D71DD31B}","ProcessId":3284,"CommandLine":"C:\\Program Files\\Microsoft Office\\Office16\\EXCEL.EXE","ParentImage":"C:\\Windows\\System32\\services.exe","ParentProcessGuid":"{C75284B2-8750-2026-6BC5-B1D0EEAAB5E5}","OriginalFileName":"C:\\Program Files\\Microsoft Office\\Office16\\EXCEL.EXE"}
{"UtcTime":"2026-08-12 15:22:50.000","Computer":"CLM-MESA-014","User":"CLM\\mesa","EventID":1,"Image":"C:\\Windows\\System32\\RuntimeBroker.exe","ProcessGuid":"{11A890D1-01D1-2026-D9BA-2F8204981D42}","ProcessId":816,"CommandLine":"C:\\Windows\\System32\\RuntimeBroker.exe","ParentImage":"C:\\Windows\\System32\\services.exe","ParentProcessGuid":"{A4DDB845-1250-2026-E3E5-7070FF2CE23D}","OriginalFileName":"C:\\Windows\\System32\\RuntimeBroker.exe"}
{"UtcTime":"2026-08-12 15:22:51.000","Computer":"CLM-MESA-014","User":"CLM\\mesa","EventID":1,"Image":"C:\\Windows\\System32\\svchost.exe","ProcessGuid":"{3A879F37-42F5-2026-928D-A8875CDCEB03}","ProcessId":1401,"CommandLine":"C:\\Windows\\System32\\svchost.exe","ParentImage":"C:\\Windows\\System32\\services.exe","ParentProcessGuid":"{ABDE762B-3A14-2026-777D-ECFE9125A9B7}","OriginalFileName":"C:\\Windows\\System32\\svchost.exe"}
{"UtcTime":"2026-08-12 15:22:52.000","Computer":"CLM-MESA-014","User":"CLM\\ops","EventID":5,"Image":"C:\\Windows\\System32\\svchost.exe","ProcessGuid":"{F3CCD393-55A7-2026-4838-12623FA489E3}","ProcessId":930,"EventType":"End"}
{"UtcTime":"2026-08-12 15:22:53.000","Computer":"CLM-MESA-014","User":"CLM\\backoffice","EventID":11,"Image":"C:\\Windows\\explorer.exe","ProcessGuid":"{30F86C27-0ABA-2026-46B3-A43614141C93}","ProcessId":7630,"TargetFilename":"C:\\Users\\Public\\Temp\\mesa-4373.tmp"}
{"UtcTime":"2026-08-12 15:22:54.000","Computer":"CLM-MESA-014","User":"CLM\\ops","EventID":3,"Image":"C:\\Windows\\System32\\svchost.exe","ProcessGuid":"{C589F892-6232-2026-E0C2-8618D8036867}","ProcessId":924,"DestinationIp":"10.70.30.1","DestinationPort":53,"DestinationHostname":"portal.clm.liquidacao","SourceIp":"10.70.30.14","Protocol":"tcp"}
{"UtcTime":"2026-08-12 15:22:55.000","Computer":"CLM-MESA-014","User":"CLM\\mesa","EventID":1,"Image":"C:\\Windows\\System32\\conhost.exe","ProcessGuid":"{1E0494BD-1D7C-2026-34A2-3F5E2A744898}","ProcessId":8224,"CommandLine":"C:\\Windows\\System32\\conhost.exe","ParentImage":"C:\\Windows\\System32\\services.exe","ParentProcessGuid":"{B3C824A5-925C-2026-8232-F47AE45ECF74}","OriginalFileName":"C:\\Windows\\System32\\conhost.exe"}
{"UtcTime":"2026-08-12 15:22:56.000","Computer":"CLM-MESA-014","User":"CLM\\mesa","EventID":1,"Image":"C:\\Program Files\\Google\\Chrome\\Application\\chrome.exe","ProcessGuid":"{DDC3F10A-CCE3-2026-37C8-66676CECD55C}","ProcessId":3276,"CommandLine":"C:\\Program Files\\Google\\Chrome\\Application\\chrome.exe","ParentImage":"C:\\Windows\\System32\\services.exe","ParentProcessGuid":"{A629A6CF-BBDD-2026-3D25-BF549F332F0D}","OriginalFileName":"C:\\Program Files\\Google\\Chrome\\Application\\chrome.exe"}
{"UtcTime":"2026-08-12 15:22:57.000","Computer":"CLM-MESA-014","User":"CLM\\ops","EventID":5,"Image":"C:\\Windows\\System32\\RuntimeBroker.exe","ProcessGuid":"{CF313F71-9092-2026-E72D-554F6927DDF4}","ProcessId":4747,"EventType":"End"}
