{"UtcTime":"2026-08-12 10:12:07.000","Computer":"TN-FIN-WS042","User":"TRANSNORTE\\ops.cardoso","EventID":11,"Image":"C:\\Windows\\System32\\svchost.exe","ProcessGuid":"{EA7CF524-0812-2026-7DDB-D980FAB69979}","ProcessId":5651,"TargetFilename":"C:\\Users\\ops.cardoso\\AppData\\Local\\Temp\\office-1927.tmp"}
{"UtcTime":"2026-08-12 10:12:08.000","Computer":"TN-FIN-WS042","User":"TRANSNORTE\\ops.cardoso","EventID":11,"Image":"C:\\Program Files\\Google\\Chrome\\Application\\chrome.exe","ProcessGuid":"{C9F6BC87-6293-2026-4142-46001FADF22F}","ProcessId":2166,"TargetFilename":"C:\\Users\\ops.cardoso\\AppData\\Local\\Temp\\office-1928.tmp"}
{"UtcTime":"2026-08-12 10:12:09.000","Computer":"TN-FIN-WS042","User":"TRANSNORTE\\backup_svc","EventID":1,"Image":"C:\\Windows\\explorer.exe","ProcessGuid":"{B08A8B65-B785-2026-AF6A-1EF3B1D4A408}","ProcessId":2394,"CommandLine":"C:\\Windows\\explorer.exe","ParentImage":"C:\\Windows\\System32\\services.exe","ParentProcessGuid":"{21D45EDC-A234-2026-2113-37613BAF8E74}","OriginalFileName":"C:\\Windows\\explorer.exe","SHA256":"f8d9ecd91b675904a7119e7e8e3518c16fbeb527c51a5b198aa608fe36205828"}
{"UtcTime":"2026-08-12 10:12:10.000","Computer":"TN-FIN-WS042","User":"TRANSNORTE\\backup_svc","EventID":1,"Image":"C:\\Windows\\System32\\svchost.exe","ProcessGuid":"{1BDC5639-6E06-2026-4ECE-F3D07F230E3E}","ProcessId":4694,"CommandLine":"C:\\Windows\\System32\\svchost.exe","ParentImage":"C:\\Windows\\System32\\services.exe","ParentProcessGuid":"{B5248B4A-6982-2026-1533-A5AF5A90DAEC}","OriginalFileName":"C:\\Windows\\System32\\svchost.exe","SHA256":"354d7636049d4d796512a4a9f0456620b14ab5cee4b6129fedc9b057d24bd9ce"}
{"UtcTime":"2026-08-12 10:12:11.000","Computer":"TN-FIN-WS042","User":"TRANSNORTE\\ops.cardoso","EventID":5,"Image":"C:\\Windows\\System32\\conhost.exe","ProcessGuid":"{75602AF1-3177-2026-06ED-7F07E11DC61F}","ProcessId":4883,"EventType":"End"}
{"UtcTime":"2026-08-12 10:12:12.000","Computer":"TN-FIN-WS042","User":"TRANSNORTE\\backup_svc","EventID":1,"Image":"C:\\Windows\\System32\\conhost.exe","ProcessGuid":"{18C2AAE7-1E9D-2026-FC52-E77D88686713}","ProcessId":4684,"CommandLine":"C:\\Windows\\System32\\conhost.exe","ParentImage":"C:\\Windows\\System32\\services.exe","ParentProcessGuid":"{8E731E1E-834A-2026-3C6B-BD3C2159D398}","OriginalFileName":"C:\\Windows\\System32\\conhost.exe","SHA256":"f1f640b82ee51ffdfc448e4605a634aa7d1d6ba23fd4e13a525491583246dce2"}
{"UtcTime":"2026-08-12 10:12:13.000","Computer":"TN-FIN-WS042","User":"TRANSNORTE\\backup_svc","EventID":1,"Image":"C:\\Windows\\System32\\RuntimeBroker.exe","ProcessGuid":"{F6FDA335-4BAC-2026-0C93-DFDC2969335E}","ProcessId":1471,"CommandLine":"C:\\Windows\\System32\\RuntimeBroker.exe","ParentImage":"C:\\Windows\\System32\\services.exe","ParentProcessGuid":"{A91FA8EC-EA2B-2026-8A98-4B8798CBAE93}","OriginalFileName":"C:\\Windows\\System32\\RuntimeBroker.exe","SHA256":"0b6d1bac25ddc9f14485d0993c3127d375d75ef49ce2fb0ad8f535cd36344f16"}
{"UtcTime":"2026-08-12 10:12:14.000","Computer":"TN-FIN-WS042","User":"TRANSNORTE\\backup_svc","EventID":13,"Image":"C:\\Windows\\System32\\conhost.exe","ProcessGuid":"{07B7D4A4-98CB-2026-D3FA-774A8B322ED8}","ProcessId":1561,"EventType":"SetValue","TargetObject":"HKCU\\Software\\Microsoft\\Office\\16.0\\Outlook\\Resiliency\\1934","Details":"1"}
{"UtcTime":"2026-08-12 10:12:15.000","Computer":"TN-FIN-WS042","User":"TRANSNORTE\\backup_svc","EventID":1,"Image":"C:\\Windows\\System32\\RuntimeBroker.exe","ProcessGuid":"{EBF47CD6-779C-2026-2974-4C738C55138A}","ProcessId":4214,"CommandLine":"C:\\Windows\\System32\\RuntimeBroker.exe","ParentImage":"C:\\Windows\\System32\\services.exe","ParentProcessGuid":"{D1A2B6E9-19EE-2026-5C67-DE759C55F1DE}","OriginalFileName":"C:\\Windows\\System32\\RuntimeBroker.exe","SHA256":"21cd57956a6dfa77e2a4c260c34dde937d65959c42f0817b2260c9e8126e3340"}
{"UtcTime":"2026-08-12 10:12:16.000","Computer":"TN-FIN-WS042","User":"TRANSNORTE\\ops.cardoso","EventID":13,"Image":"C:\\Windows\\System32\\svchost.exe","ProcessGuid":"{618D2ACD-5B94-2026-5897-6164ABAE3749}","ProcessId":3768,"EventType":"SetValue","TargetObject":"HKCU\\Software\\Microsoft\\Office\\16.0\\Outlook\\Resiliency\\1936","Details":"1"}
{"UtcTime":"2026-08-12 10:12:17.000","Computer":"TN-FIN-WS042","User":"TRANSNORTE\\ops.cardoso","EventID":3,"Image":"C:\\Program Files\\Microsoft Office\\Office16\\OUTLOOK.EXE","ProcessGuid":"{EFB646FA-BFAA-2026-8D19-9128929657C5}","ProcessId":1076,"DestinationIp":"10.50.10.88","DestinationPort":443,"SourceIp":"10.50.10.42","Protocol":"tcp"}
{"UtcTime":"2026-08-12 10:12:18.000","Computer":"TN-FIN-WS042","User":"TRANSNORTE\\ops.cardoso","EventID":13,"Image":"C:\\Windows\\explorer.exe","ProcessGuid":"{98F34996-D481-2026-BBB2-3140CC36835B}","ProcessId":5405,"EventType":"SetValue","TargetObject":"HKCU\\Software\\Microsoft\\Office\\16.0\\Outlook\\Resiliency\\1938","Details":"1"}
{"UtcTime":"2026-08-12 10:12:19.000","Computer":"TN-FIN-WS042","User":"TRANSNORTE\\ops.cardoso","EventID":1,"Image":"C:\\Windows\\explorer.exe","ProcessGuid":"{62240864-2D1A-2026-7B71-2D6D548C7F9C}","ProcessId":6934,"CommandLine":"C:\\Windows\\explorer.exe","ParentImage":"C:\\Windows\\System32\\services.exe","ParentProcessGuid":"{0D0B5EB8-AA1A-2026-A7EB-266AEEC8EFE5}","OriginalFileName":"C:\\Windows\\explorer.exe","SHA256":"cf1360997c4cd24e0ecb779571ac0e726fdefbfd2f1b7bd64d3c37b3f2ecbd3e"}
{"UtcTime":"2026-08-12 10:12:20.000","Computer":"TN-FIN-WS042","User":"TRANSNORTE\\ops.cardoso","EventID":1,"Image":"C:\\Windows\\System32\\conhost.exe","ProcessGuid":"{542FB797-8953-2026-E737-BF788762D5EC}","ProcessId":6619,"CommandLine":"C:\\Windows\\System32\\conhost.exe","ParentImage":"C:\\Windows\\System32\\services.exe","ParentProcessGuid":"{E26F1B66-B22B-2026-9E76-E04171F97CA4}","OriginalFileName":"C:\\Windows\\System32\\conhost.exe","SHA256":"ad18fa5293649c0963d2241a982a6d21a285a08238ce5ee760e3134438156b62"}
{"UtcTime":"2026-08-12 10:12:21.000","Computer":"TN-FIN-WS042","User":"TRANSNORTE\\backup_svc","EventID":3,"Image":"C:\\Program Files\\Google\\Chrome\\Application\\chrome.exe","ProcessGuid":"{F9C98AF4-4E94-2026-C94E-768BB857B17A}","ProcessId":1618,"DestinationIp":"1.1.1.1","DestinationPort":8080,"SourceIp":"10.50.10.42","Protocol":"tcp"}
{"UtcTime":"2026-08-12 10:12:22.000","Computer":"TN-FIN-WS042","User":"TRANSNORTE\\ops.cardoso","EventID":1,"Image":"C:\\Windows\\System32\\RuntimeBroker.exe","ProcessGuid":"{FF8D7350-6F21-2026-311F-3BE1A03471C6}","ProcessId":6335,"CommandLine":"C:\\Windows\\System32\\RuntimeBroker.exe","ParentImage":"C:\\Windows\\System32\\services.exe","ParentProcessGuid":"{DDB6E6F5-0E9E-2026-E7A6-D887964DE565}","OriginalFileName":"C:\\Windows\\System32\\RuntimeBroker.exe","SHA256":"cff214ce8c7188ec5d358b9f7752800fc4e037428a6b765b01844d7e4bf63940"}
{"UtcTime":"2026-08-12 10:12:23.000","Computer":"TN-FIN-WS042","User":"TRANSNORTE\\backup_svc","EventID":1,"Image":"C:\\Windows\\System32\\conhost.exe","ProcessGuid":"{2A9D8384-B020-2026-E710-52C839CBCD48}","ProcessId":7673,"CommandLine":"C:\\Windows\\System32\\conhost.exe","ParentImage":"C:\\Windows\\System32\\services.exe","ParentProcessGuid":"{1D6C7161-AE15-2026-0538-8F9592B8A6E2}","OriginalFileName":"C:\\Windows\\System32\\conhost.exe","SHA256":"c2eb0c2bf84061527ce14955f1a76eb87b9c97f484b7366a25c4d0b32af0edc8"}
{"UtcTime":"2026-08-12 10:12:24.000","Computer":"TN-FIN-WS042","User":"TRANSNORTE\\ops.cardoso","EventID":13,"Image":"C:\\Windows\\System32\\svchost.exe","ProcessGuid":"{3E7CB766-0003-2026-19B6-C79AC2D864F0}","ProcessId":2907,"EventType":"SetValue","TargetObject":"HKCU\\Software\\Microsoft\\Office\\16.0\\Outlook\\Resiliency\\1944","Details":"1"}
{"UtcTime":"2026-08-12 10:12:25.000","Computer":"TN-FIN-WS042","User":"TRANSNORTE\\ops.cardoso","EventID":1,"Image":"C:\\Windows\\explorer.exe","ProcessGuid":"{6E90C55E-2308-2026-25CE-E62F83D0D04B}","ProcessId":6811,"CommandLine":"C:\\Windows\\explorer.exe","ParentImage":"C:\\Windows\\System32\\services.exe","ParentProcessGuid":"{ABE707DD-3EBD-2026-E7E1-639713EDBD7E}","OriginalFileName":"C:\\Windows\\explorer.exe","SHA256":"662954f76506e147ef8236647b152b80dddbd3e03aefb481a2babce4f1892e3e"}
{"UtcTime":"2026-08-12 10:12:26.000","Computer":"TN-FIN-WS042","User":"TRANSNORTE\\backup_svc","EventID":1,"Image":"C:\\Program Files\\Microsoft Office\\Office16\\OUTLOOK.EXE","ProcessGuid":"{3269A3AF-924C-2026-C73A-24703357F854}","ProcessId":6530,"CommandLine":"C:\\Program Files\\Microsoft Office\\Office16\\OUTLOOK.EXE","ParentImage":"C:\\Windows\\System32\\services.exe","ParentProcessGuid":"{91A06B28-DDDB-2026-3DE0-E53E2BD5FFCC}","OriginalFileName":"C:\\Program Files\\Microsoft Office\\Office16\\OUTLOOK.EXE","SHA256":"35f665dc819bd8253b3727d4f957bf0c7ac719b680a17bc3ea9eb4c837c99851"}
{"UtcTime":"2026-08-12 10:12:27.000","Computer":"TN-FIN-WS042","User":"TRANSNORTE\\ops.cardoso","EventID":3,"Image":"C:\\Program Files\\Google\\Chrome\\Application\\chrome.exe","ProcessGuid":"{B072F116-8EB3-2026-6AA4-D3EB6F5DDD61}","ProcessId":7787,"DestinationIp":"10.50.10.10","DestinationPort":443,"SourceIp":"10.50.10.42","Protocol":"tcp"}
{"UtcTime":"2026-08-12 10:12:28.000","Computer":"TN-FIN-WS042","User":"TRANSNORTE\\backup_svc","EventID":3,"Image":"C:\\Windows\\System32\\conhost.exe","ProcessGuid":"{BB386220-D77C-2026-98BB-71A04B5A7AEE}","ProcessId":7728,"DestinationIp":"10.50.10.88","DestinationPort":53,"SourceIp":"10.50.10.42","Protocol":"tcp"}
{"UtcTime":"2026-08-12 10:12:29.000","Computer":"TN-FIN-WS042","User":"TRANSNORTE\\backup_svc","EventID":3,"Image":"C:\\Windows\\System32\\RuntimeBroker.exe","ProcessGuid":"{6BF0E2E9-16EB-2026-0922-953D57982033}","ProcessId":6223,"DestinationIp":"1.1.1.1","DestinationPort":8080,"SourceIp":"10.50.10.42","Protocol":"tcp"}
{"UtcTime":"2026-08-12 10:12:30.000","Computer":"TN-FIN-WS042","User":"TRANSNORTE\\backup_svc","EventID":1,"Image":"C:\\Windows\\System32\\conhost.exe","ProcessGuid":"{4FBBFDF4-12EE-2026-783A-5BD35CCFA863}","ProcessId":8117,"CommandLine":"C:\\Windows\\System32\\conhost.exe","ParentImage":"C:\\Windows\\System32\\services.exe","ParentProcessGuid":"{60C7230F-9830-2026-66B9-A8A887769573}","OriginalFileName":"C:\\Windows\\System32\\conhost.exe","SHA256":"1002f0f57783b24edfe778f1d0e2174d36a08a676d075a1e266651e3328a4cee"}
{"UtcTime":"2026-08-12 10:12:31.000","Computer":"TN-FIN-WS042","User":"TRANSNORTE\\backup_svc","EventID":13,"Image":"C:\\Windows\\explorer.exe","ProcessGuid":"{BC80CC3D-18A3-2026-26C4-61701164BFE9}","ProcessId":426,"EventType":"SetValue","TargetObject":"HKCU\\Software\\Microsoft\\Office\\16.0\\Outlook\\Resiliency\\1951","Details":"1"}
{"UtcTime":"2026-08-12 10:12:32.000","Computer":"TN-FIN-WS042","User":"TRANSNORTE\\ops.cardoso","EventID":1,"Image":"C:\\Program Files\\Microsoft Office\\Office16\\OUTLOOK.EXE","ProcessGuid":"{2F154B09-49CF-2026-E04F-7075D4A4F90E}","ProcessId":6663,"CommandLine":"C:\\Program Files\\Microsoft Office\\Office16\\OUTLOOK.EXE","ParentImage":"C:\\Windows\\System32\\services.exe","ParentProcessGuid":"{45B31F83-DA87-2026-909E-5C4C54CB4BC4}","OriginalFileName":"C:\\Program Files\\Microsoft Office\\Office16\\OUTLOOK.EXE","SHA256":"30dfa301ba2aef3fd1c6c7acb4029b9cee7f150e74050119e98ebe6c22af5ff3"}
{"UtcTime":"2026-08-12 10:12:33.000","Computer":"TN-FIN-WS042","User":"TRANSNORTE\\ops.cardoso","EventID":3,"Image":"C:\\Windows\\explorer.exe","ProcessGuid":"{C56D9D15-4062-2026-ECB9-E91EABA732B7}","ProcessId":6831,"DestinationIp":"10.50.10.88","DestinationPort":443,"SourceIp":"10.50.10.42","Protocol":"tcp"}
{"UtcTime":"2026-08-12 10:12:34.000","Computer":"TN-FIN-WS042","User":"TRANSNORTE\\ops.cardoso","EventID":13,"Image":"C:\\Windows\\System32\\svchost.exe","ProcessGuid":"{25C8D076-9234-2026-60AF-ADDC19AD2059}","ProcessId":6765,"EventType":"SetValue","TargetObject":"HKCU\\Software\\Microsoft\\Office\\16.0\\Outlook\\Resiliency\\1954","Details":"1"}
{"UtcTime":"2026-08-12 10:12:35.000","Computer":"TN-FIN-WS042","User":"TRANSNORTE\\backup_svc","EventID":5,"Image":"C:\\Windows\\System32\\conhost.exe","ProcessGuid":"{E19195A5-5E74-2026-5834-F58D2206E7B5}","ProcessId":4614,"EventType":"End"}
{"UtcTime":"2026-08-12 10:12:36.000","Computer":"TN-FIN-WS042","User":"TRANSNORTE\\backup_svc","EventID":5,"Image":"C:\\Windows\\System32\\svchost.exe","ProcessGuid":"{28D26D66-5B7D-2026-DFD0-D2DAB4296A65}","ProcessId":4073,"EventType":"End"}
{"UtcTime":"2026-08-12 10:12:37.000","Computer":"TN-FIN-WS042","User":"TRANSNORTE\\ops.cardoso","EventID":1,"Image":"C:\\Windows\\System32\\RuntimeBroker.exe","ProcessGuid":"{7D4B491C-B4D3-2026-880D-3D24E7EE851F}","ProcessId":5201,"CommandLine":"C:\\Windows\\System32\\RuntimeBroker.exe","ParentImage":"C:\\Windows\\System32\\services.exe","ParentProcessGuid":"{7F2280D4-0D60-2026-DE47-D5FE04E1D871}","OriginalFileName":"C:\\Windows\\System32\\RuntimeBroker.exe","SHA256":"950753896dedb4acb3974f6141f4d1538d1671dde6117caae8eef8ebf4545201"}
{"UtcTime":"2026-08-12 10:12:38.000","Computer":"TN-FIN-WS042","User":"TRANSNORTE\\backup_svc","EventID":3,"Image":"C:\\Windows\\System32\\RuntimeBroker.exe","ProcessGuid":"{4DE923DE-DA02-2026-1017-1A1B9B3BEF24}","ProcessId":4531,"DestinationIp":"10.50.10.88","DestinationPort":135,"SourceIp":"10.50.10.42","Protocol":"tcp"}
{"UtcTime":"2026-08-12 10:12:39.000","Computer":"TN-FIN-WS042","User":"TRANSNORTE\\ops.cardoso","EventID":13,"Image":"C:\\Windows\\System32\\RuntimeBroker.exe","ProcessGuid":"{C3AD7FC9-263B-2026-4664-D9AEAED42AF2}","ProcessId":1582,"EventType":"SetValue","TargetObject":"HKCU\\Software\\Microsoft\\Office\\16.0\\Outlook\\Resiliency\\1959","Details":"1"}
{"UtcTime":"2026-08-12 10:12:40.000","Computer":"TN-FIN-WS042","User":"TRANSNORTE\\backup_svc","EventID":11,"Image":"C:\\Program Files\\Google\\Chrome\\Application\\chrome.exe","ProcessGuid":"{9A7E60D8-1BDF-2026-DDD4-FC9CA929F470}","ProcessId":7683,"TargetFilename":"C:\\Users\\ops.cardoso\\AppData\\Local\\Temp\\office-1960.tmp"}
{"UtcTime":"2026-08-12 10:12:41.000","Computer":"TN-FIN-WS042","User":"TRANSNORTE\\backup_svc","EventID":3,"Image":"C:\\Program Files\\Microsoft Office\\Office16\\OUTLOOK.EXE","ProcessGuid":"{051F9C0C-AC18-2026-1EF0-6A8948302FC8}","ProcessId":6245,"DestinationIp":"8.8.8.8","DestinationPort":53,"SourceIp":"10.50.10.42","Protocol":"tcp"}
{"UtcTime":"2026-08-12 10:12:42.000","Computer":"TN-FIN-WS042","User":"TRANSNORTE\\ops.cardoso","EventID":1,"Image":"C:\\Windows\\System32\\RuntimeBroker.exe","ProcessGuid":"{E85425B5-FAB6-2026-D9E1-FB5AD1CE2BEF}","ProcessId":2374,"CommandLine":"C:\\Windows\\System32\\RuntimeBroker.exe","ParentImage":"C:\\Windows\\System32\\services.exe","ParentProcessGuid":"{2F067F99-E8AD-2026-FB51-82F7EEDDFA9F}","OriginalFileName":"C:\\Windows\\System32\\RuntimeBroker.exe","SHA256":"b808f54279f9d51620d2988fd5b5da601c0242e0fc57e3b0640cf76bb424df39"}
{"UtcTime":"2026-08-12 10:12:43.000","Computer":"TN-FIN-WS042","User":"TRANSNORTE\\ops.cardoso","EventID":13,"Image":"C:\\Windows\\System32\\svchost.exe","ProcessGuid":"{A4126232-5F94-2026-EE2C-0D6FFF807076}","ProcessId":6570,"EventType":"SetValue","TargetObject":"HKCU\\Software\\Microsoft\\Office\\16.0\\Outlook\\Resiliency\\1963","Details":"1"}
{"UtcTime":"2026-08-12 10:12:44.000","Computer":"TN-FIN-WS042","User":"TRANSNORTE\\ops.cardoso","EventID":11,"Image":"C:\\Windows\\System32\\conhost.exe","ProcessGuid":"{6A258647-2D14-2026-DEA9-7E6A372FFFCA}","ProcessId":8662,"TargetFilename":"C:\\Users\\ops.cardoso\\AppData\\Local\\Temp\\office-1964.tmp"}
{"UtcTime":"2026-08-12 10:12:45.000","Computer":"TN-FIN-WS042","User":"TRANSNORTE\\backup_svc","EventID":13,"Image":"C:\\Windows\\System32\\conhost.exe","ProcessGuid":"{F1FAA8D9-3430-2026-AD5C-1FAD70F9CF12}","ProcessId":2253,"EventType":"SetValue","TargetObject":"HKCU\\Software\\Microsoft\\Office\\16.0\\Outlook\\Resiliency\\1965","Details":"1"}
{"UtcTime":"2026-08-12 10:12:46.000","Computer":"TN-FIN-WS042","User":"TRANSNORTE\\backup_svc","EventID":5,"Image":"C:\\Windows\\System32\\conhost.exe","ProcessGuid":"{6BBA8AFC-05F5-2026-6073-E2E253C563E1}","ProcessId":4949,"EventType":"End"}
{"UtcTime":"2026-08-12 10:12:47.000","Computer":"TN-FIN-WS042","User":"TRANSNORTE\\ops.cardoso","EventID":13,"Image":"C:\\Windows\\explorer.exe","ProcessGuid":"{C4FD4310-59D5-2026-D3E7-1A25F74835DF}","ProcessId":8653,"EventType":"SetValue","TargetObject":"HKCU\\Software\\Microsoft\\Office\\16.0\\Outlook\\Resiliency\\1967","Details":"1"}
{"UtcTime":"2026-08-12 10:12:48.000","Computer":"TN-FIN-WS042","User":"TRANSNORTE\\ops.cardoso","EventID":1,"Image":"C:\\Windows\\System32\\RuntimeBroker.exe","ProcessGuid":"{81067C52-9A98-2026-AA4C-EB511609F274}","ProcessId":8313,"CommandLine":"C:\\Windows\\System32\\RuntimeBroker.exe","ParentImage":"C:\\Windows\\System32\\services.exe","ParentProcessGuid":"{37488F53-ED46-2026-F7D8-FA0BCA9285C1}","OriginalFileName":"C:\\Windows\\System32\\RuntimeBroker.exe","SHA256":"7ced5f6bb83d9ef055f29d90710f58f2fa00563caeda4d36d9c3b437278c8c14"}
{"UtcTime":"2026-08-12 10:12:49.000","Computer":"TN-FIN-WS042","User":"TRANSNORTE\\backup_svc","EventID":1,"Image":"C:\\Windows\\System32\\svchost.exe","ProcessGuid":"{5F1A07D3-4503-2026-0AC0-287616474F0E}","ProcessId":508,"CommandLine":"C:\\Windows\\System32\\svchost.exe","ParentImage":"C:\\Windows\\System32\\services.exe","ParentProcessGuid":"{D84212D7-5FB9-2026-69AA-92A7CEA4A891}","OriginalFileName":"C:\\Windows\\System32\\svchost.exe","SHA256":"5261d604080738ab3555e0e69ee3b7c58659e857056535dae5bf00ff5f048ae1"}
{"UtcTime":"2026-08-12 10:12:50.000","Computer":"TN-FIN-WS042","User":"TRANSNORTE\\ops.cardoso","EventID":1,"Image":"C:\\Windows\\System32\\RuntimeBroker.exe","ProcessGuid":"{B7348C27-3C3F-2026-DA9C-5464C4BCA7C9}","ProcessId":888,"CommandLine":"C:\\Windows\\System32\\RuntimeBroker.exe","ParentImage":"C:\\Windows\\System32\\services.exe","ParentProcessGuid":"{41071174-00B2-2026-330A-F158D7930CAA}","OriginalFileName":"C:\\Windows\\System32\\RuntimeBroker.exe","SHA256":"7169cc17e39ad754fade365bd5d153fae5c91bbad1aa02cca7af6f81ed61bfe5"}
{"UtcTime":"2026-08-12 10:12:51.000","Computer":"TN-FIN-WS042","User":"TRANSNORTE\\backup_svc","EventID":1,"Image":"C:\\Windows\\System32\\RuntimeBroker.exe","ProcessGuid":"{64BC6993-25D2-2026-F78E-F1B704EEBF66}","ProcessId":6883,"CommandLine":"C:\\Windows\\System32\\RuntimeBroker.exe","ParentImage":"C:\\Windows\\System32\\services.exe","ParentProcessGuid":"{39A6318E-3354-2026-4D56-7A44C29112EC}","OriginalFileName":"C:\\Windows\\System32\\RuntimeBroker.exe","SHA256":"a975904dcaf67a306d58b1037bb633654b81551f8a2abbd490c4d8a77301f074"}
{"UtcTime":"2026-08-12 10:12:52.000","Computer":"TN-FIN-WS042","User":"TRANSNORTE\\backup_svc","EventID":11,"Image":"C:\\Windows\\System32\\conhost.exe","ProcessGuid":"{9C8152D4-CF02-2026-0E2D-B1B90B41341E}","ProcessId":7541,"TargetFilename":"C:\\Users\\ops.cardoso\\AppData\\Local\\Temp\\office-1972.tmp"}
{"UtcTime":"2026-08-12 10:12:53.000","Computer":"TN-FIN-WS042","User":"TRANSNORTE\\backup_svc","EventID":5,"Image":"C:\\Windows\\System32\\svchost.exe","ProcessGuid":"{8F937641-BF2E-2026-F3E1-C8E5AABA5970}","ProcessId":2652,"EventType":"End"}
{"UtcTime":"2026-08-12 10:12:54.000","Computer":"TN-FIN-WS042","User":"TRANSNORTE\\backup_svc","EventID":1,"Image":"C:\\Windows\\System32\\RuntimeBroker.exe","ProcessGuid":"{D61A849D-C814-2026-A7C4-B5AF04E8E058}","ProcessId":4157,"CommandLine":"C:\\Windows\\System32\\RuntimeBroker.exe","ParentImage":"C:\\Windows\\System32\\services.exe","ParentProcessGuid":"{4D7B29A6-B929-2026-D25F-B53382A7328B}","OriginalFileName":"C:\\Windows\\System32\\RuntimeBroker.exe","SHA256":"9ab47428ba855861e70f432a6ccb59165877b68829353a27eb4b840e1e47102c"}
{"UtcTime":"2026-08-12 10:12:55.000","Computer":"TN-FIN-WS042","User":"TRANSNORTE\\backup_svc","EventID":1,"Image":"C:\\Windows\\System32\\conhost.exe","ProcessGuid":"{65453F62-F4B9-2026-2834-30DA6AF5B3B0}","ProcessId":2759,"CommandLine":"C:\\Windows\\System32\\conhost.exe","ParentImage":"C:\\Windows\\System32\\services.exe","ParentProcessGuid":"{54B0E541-6FF1-2026-8E07-366D79EFD49A}","OriginalFileName":"C:\\Windows\\System32\\conhost.exe","SHA256":"97ae776acf03e4d528d5975ab1c866eafd041e7a66419f2468623ff6d0f716c1"}
{"UtcTime":"2026-08-12 10:12:56.000","Computer":"TN-FIN-WS042","User":"TRANSNORTE\\backup_svc","EventID":5,"Image":"C:\\Windows\\explorer.exe","ProcessGuid":"{598BD5D0-219A-2026-A92B-AE4D76661F28}","ProcessId":7703,"EventType":"End"}
{"UtcTime":"2026-08-12 10:12:57.000","Computer":"TN-FIN-WS042","User":"TRANSNORTE\\ops.cardoso","EventID":3,"Image":"C:\\Windows\\System32\\conhost.exe","ProcessGuid":"{F0A3C6C3-FB85-2026-9C92-7D5D5A84E9D3}","ProcessId":5939,"DestinationIp":"10.50.10.10","DestinationPort":443,"SourceIp":"10.50.10.42","Protocol":"tcp"}
{"UtcTime":"2026-08-12 10:12:58.000","Computer":"TN-FIN-WS042","User":"TRANSNORTE\\ops.cardoso","EventID":1,"Image":"C:\\Windows\\System32\\RuntimeBroker.exe","ProcessGuid":"{5AB5CAD6-BD34-2026-E9F7-38B23FED0992}","ProcessId":3224,"CommandLine":"C:\\Windows\\System32\\RuntimeBroker.exe","ParentImage":"C:\\Windows\\System32\\services.exe","ParentProcessGuid":"{3CBE0C32-77DF-2026-065E-8D65F6188A9C}","OriginalFileName":"C:\\Windows\\System32\\RuntimeBroker.exe","SHA256":"ec3538dad70b7c7a8597a11c37a99f421bd2b4724a3f6fd659c9b0c78aeb8554"}
{"UtcTime":"2026-08-12 10:12:59.000","Computer":"TN-FIN-WS042","User":"TRANSNORTE\\backup_svc","EventID":13,"Image":"C:\\Windows\\System32\\conhost.exe","ProcessGuid":"{C95C6B44-DF7D-2026-18FC-63E8A0B48C64}","ProcessId":3366,"EventType":"SetValue","TargetObject":"HKCU\\Software\\Microsoft\\Office\\16.0\\Outlook\\Resiliency\\1979","Details":"1"}
{"UtcTime":"2026-08-12 10:13:00.000","Computer":"TN-FIN-WS042","User":"TRANSNORTE\\backup_svc","EventID":3,"Image":"C:\\Program Files\\Google\\Chrome\\Application\\chrome.exe","ProcessGuid":"{508D655B-78F6-2026-7AE3-B1D4665B76E8}","ProcessId":5175,"DestinationIp":"8.8.8.8","DestinationPort":53,"SourceIp":"10.50.10.42","Protocol":"tcp"}
{"UtcTime":"2026-08-12 10:13:01.000","Computer":"TN-FIN-WS042","User":"TRANSNORTE\\backup_svc","EventID":11,"Image":"C:\\Windows\\explorer.exe","ProcessGuid":"{49B493DD-9B25-2026-76F7-E1D5299D2680}","ProcessId":8337,"TargetFilename":"C:\\Users\\ops.cardoso\\AppData\\Local\\Temp\\office-1981.tmp"}
{"UtcTime":"2026-08-12 10:13:02.000","Computer":"TN-FIN-WS042","User":"TRANSNORTE\\ops.cardoso","EventID":1,"Image":"C:\\Program Files\\Microsoft Office\\Office16\\OUTLOOK.EXE","ProcessGuid":"{BE4A7606-21B9-2026-8676-6B2193A5FA7D}","ProcessId":6547,"CommandLine":"C:\\Program Files\\Microsoft Office\\Office16\\OUTLOOK.EXE","ParentImage":"C:\\Windows\\System32\\services.exe","ParentProcessGuid":"{68CD56BA-36EB-2026-A5B7-B293858BDE0A}","OriginalFileName":"C:\\Program Files\\Microsoft Office\\Office16\\OUTLOOK.EXE","SHA256":"c506f97c406c19e95ea08220284802726fd1c10a7542c1ad9d51e468d7a7208a"}
{"UtcTime":"2026-08-12 10:13:03.000","Computer":"TN-FIN-WS042","User":"TRANSNORTE\\backup_svc","EventID":11,"Image":"C:\\Program Files\\Microsoft Office\\Office16\\OUTLOOK.EXE","ProcessGuid":"{37B0417E-5DF2-2026-582A-43BD02082EF2}","ProcessId":7952,"TargetFilename":"C:\\Users\\ops.cardoso\\AppData\\Local\\Temp\\office-1983.tmp"}
{"UtcTime":"2026-08-12 10:13:04.000","Computer":"TN-FIN-WS042","User":"TRANSNORTE\\backup_svc","EventID":3,"Image":"C:\\Windows\\System32\\conhost.exe","ProcessGuid":"{AF6FEEA9-7AF0-2026-8D7B-C8E2A25916D9}","ProcessId":6142,"DestinationIp":"1.1.1.1","DestinationPort":443,"SourceIp":"10.50.10.42","Protocol":"tcp"}
{"UtcTime":"2026-08-12 10:13:05.000","Computer":"TN-FIN-WS042","User":"TRANSNORTE\\backup_svc","EventID":11,"Image":"C:\\Windows\\explorer.exe","ProcessGuid":"{6B700D31-1BB2-2026-33E7-6D691B56A47A}","ProcessId":1064,"TargetFilename":"C:\\Users\\ops.cardoso\\AppData\\Local\\Temp\\office-1985.tmp"}
{"UtcTime":"2026-08-12 10:13:06.000","Computer":"TN-FIN-WS042","User":"TRANSNORTE\\backup_svc","EventID":1,"Image":"C:\\Windows\\System32\\conhost.exe","ProcessGuid":"{3B0FB2CD-01F2-2026-8E56-5AEB4BE7F12A}","ProcessId":8968,"CommandLine":"C:\\Windows\\System32\\conhost.exe","ParentImage":"C:\\Windows\\System32\\services.exe","ParentProcessGuid":"{3987E5C4-E93E-2026-B2C3-B556A6C574A8}","OriginalFileName":"C:\\Windows\\System32\\conhost.exe","SHA256":"f8c3cfdd9be8268ad96463dd25c21ed9231816221c2aebaf74f46c36714d1d82"}
{"UtcTime":"2026-08-12 10:13:07.000","Computer":"TN-FIN-WS042","User":"TRANSNORTE\\ops.cardoso","EventID":5,"Image":"C:\\Windows\\explorer.exe","ProcessGuid":"{9C23D66F-7F87-2026-A215-350E820F10EF}","ProcessId":446,"EventType":"End"}
{"UtcTime":"2026-08-12 10:13:08.000","Computer":"TN-FIN-WS042","User":"TRANSNORTE\\backup_svc","EventID":1,"Image":"C:\\Windows\\explorer.exe","ProcessGuid":"{6FBF3755-CAFF-2026-699A-52B4FBFEE12E}","ProcessId":5496,"CommandLine":"C:\\Windows\\explorer.exe","ParentImage":"C:\\Windows\\System32\\services.exe","ParentProcessGuid":"{8F36E5CF-9D10-2026-F152-705139048C63}","OriginalFileName":"C:\\Windows\\explorer.exe","SHA256":"0411e25549c2e4548ae8d25b36e9704739d0ee54aaefe7bd74dfbdd746f72e4c"}
{"UtcTime":"2026-08-12 10:13:09.000","Computer":"TN-FIN-WS042","User":"TRANSNORTE\\backup_svc","EventID":3,"Image":"C:\\Program Files\\Microsoft Office\\Office16\\OUTLOOK.EXE","ProcessGuid":"{1FDD4257-71FE-2026-68E4-D558280B451A}","ProcessId":1883,"DestinationIp":"8.8.8.8","DestinationPort":443,"SourceIp":"10.50.10.42","Protocol":"tcp"}
{"UtcTime":"2026-08-12 10:13:10.000","Computer":"TN-FIN-WS042","User":"TRANSNORTE\\backup_svc","EventID":3,"Image":"C:\\Windows\\explorer.exe","ProcessGuid":"{9DCABB56-BC46-2026-E6D3-43852D97D09A}","ProcessId":7206,"DestinationIp":"1.1.1.1","DestinationPort":8080,"SourceIp":"10.50.10.42","Protocol":"tcp"}
{"UtcTime":"2026-08-12 10:13:11.000","Computer":"TN-FIN-WS042","User":"TRANSNORTE\\backup_svc","EventID":5,"Image":"C:\\Windows\\System32\\svchost.exe","ProcessGuid":"{63A75B18-0817-2026-0A4D-DF1B2EB6B0A3}","ProcessId":6134,"EventType":"End"}
{"UtcTime":"2026-08-12 10:13:12.000","Computer":"TN-FIN-WS042","User":"TRANSNORTE\\ops.cardoso","EventID":5,"Image":"C:\\Windows\\System32\\svchost.exe","ProcessGuid":"{C8F43B54-6090-2026-43EA-D080B5914AA2}","ProcessId":2509,"EventType":"End"}
{"UtcTime":"2026-08-12 10:13:13.000","Computer":"TN-FIN-WS042","User":"TRANSNORTE\\ops.cardoso","EventID":13,"Image":"C:\\Windows\\System32\\conhost.exe","ProcessGuid":"{1741B1DC-DBA8-2026-1F49-6A353B824829}","ProcessId":646,"EventType":"SetValue","TargetObject":"HKCU\\Software\\Microsoft\\Office\\16.0\\Outlook\\Resiliency\\1993","Details":"1"}
{"UtcTime":"2026-08-12 10:13:14.000","Computer":"TN-FIN-WS042","User":"TRANSNORTE\\backup_svc","EventID":13,"Image":"C:\\Windows\\System32\\svchost.exe","ProcessGuid":"{8A115C1C-DFAA-2026-92EC-8FFADF392478}","ProcessId":1713,"EventType":"SetValue","TargetObject":"HKCU\\Software\\Microsoft\\Office\\16.0\\Outlook\\Resiliency\\1994","Details":"1"}
{"UtcTime":"2026-08-12 10:13:15.000","Computer":"TN-FIN-WS042","User":"TRANSNORTE\\backup_svc","EventID":13,"Image":"C:\\Windows\\explorer.exe","ProcessGuid":"{C0D17F45-5493-2026-0363-B0AC1A8DB5EE}","ProcessId":7142,"EventType":"SetValue","TargetObject":"HKCU\\Software\\Microsoft\\Office\\16.0\\Outlook\\Resiliency\\1995","Details":"1"}
{"UtcTime":"2026-08-12 10:13:16.000","Computer":"TN-FIN-WS042","User":"TRANSNORTE\\backup_svc","EventID":5,"Image":"C:\\Program Files\\Google\\Chrome\\Application\\chrome.exe","ProcessGuid":"{F49DB713-D224-2026-5C6C-1D7C7182D15B}","ProcessId":7766,"EventType":"End"}
{"UtcTime":"2026-08-12 10:13:17.000","Computer":"TN-FIN-WS042","User":"TRANSNORTE\\ops.cardoso","EventID":13,"Image":"C:\\Windows\\System32\\conhost.exe","ProcessGuid":"{ABCB8FFC-DA95-2026-F406-66C3BD0A94E2}","ProcessId":7478,"EventType":"SetValue","TargetObject":"HKCU\\Software\\Microsoft\\Office\\16.0\\Outlook\\Resiliency\\1997","Details":"1"}
{"UtcTime":"2026-08-12 10:13:18.000","Computer":"TN-FIN-WS042","User":"TRANSNORTE\\backup_svc","EventID":5,"Image":"C:\\Program Files\\Microsoft Office\\Office16\\OUTLOOK.EXE","ProcessGuid":"{1F81D953-3C73-2026-A264-2B2D9D6249AD}","ProcessId":5501,"EventType":"End"}
{"UtcTime":"2026-08-12 10:13:19.000","Computer":"TN-FIN-WS042","User":"TRANSNORTE\\ops.cardoso","EventID":13,"Image":"C:\\Program Files\\Google\\Chrome\\Application\\chrome.exe","ProcessGuid":"{83E8CB0B-2B94-2026-3BD1-0645972AD7F2}","ProcessId":1764,"EventType":"SetValue","TargetObject":"HKCU\\Software\\Microsoft\\Office\\16.0\\Outlook\\Resiliency\\1999","Details":"1"}
{"UtcTime":"2026-08-12 10:13:20.000","Computer":"TN-FIN-WS042","User":"TRANSNORTE\\ops.cardoso","EventID":1,"Image":"C:\\Windows\\System32\\RuntimeBroker.exe","ProcessGuid":"{4D90BA5D-9AF8-2026-1297-1DC8C0DFAEE5}","ProcessId":6207,"CommandLine":"C:\\Windows\\System32\\RuntimeBroker.exe","ParentImage":"C:\\Windows\\System32\\services.exe","ParentProcessGuid":"{E9F24A51-E960-2026-7539-EB4BDF3ED7BE}","OriginalFileName":"C:\\Windows\\System32\\RuntimeBroker.exe","SHA256":"448fa90a111bb6e017dc6bec5dcd3a8a5c52c3b6939e7c4cfbb0da08e347c1fc"}
{"UtcTime":"2026-08-12 10:13:21.000","Computer":"TN-FIN-WS042","User":"TRANSNORTE\\ops.cardoso","EventID":1,"Image":"C:\\Program Files\\Microsoft Office\\Office16\\OUTLOOK.EXE","ProcessGuid":"{ABC0ECF1-169D-2026-85C7-2E1C66CFDF33}","ProcessId":7231,"CommandLine":"C:\\Program Files\\Microsoft Office\\Office16\\OUTLOOK.EXE","ParentImage":"C:\\Windows\\System32\\services.exe","ParentProcessGuid":"{CDC4DEE5-90FD-2026-B4ED-528322214181}","OriginalFileName":"C:\\Program Files\\Microsoft Office\\Office16\\OUTLOOK.EXE","SHA256":"d43180e2c2b5b8ae10afbd9440c466f5e37362782b222f56fc4f4f3ba66e8553"}
{"UtcTime":"2026-08-12 10:13:22.000","Computer":"TN-FIN-WS042","User":"TRANSNORTE\\backup_svc","EventID":1,"Image":"C:\\Program Files\\Microsoft Office\\Office16\\OUTLOOK.EXE","ProcessGuid":"{8B942D14-B503-2026-FFEE-6B47D7BA8A68}","ProcessId":2013,"CommandLine":"C:\\Program Files\\Microsoft Office\\Office16\\OUTLOOK.EXE","ParentImage":"C:\\Windows\\System32\\services.exe","ParentProcessGuid":"{311D08E4-136F-2026-A108-A34AEC5EDEDA}","OriginalFileName":"C:\\Program Files\\Microsoft Office\\Office16\\OUTLOOK.EXE","SHA256":"57e678c60699e94d9710c377c731af1e91296fcd6bcba98dc7bf46d31323a617"}
{"UtcTime":"2026-08-12 10:13:23.000","Computer":"TN-FIN-WS042","User":"TRANSNORTE\\ops.cardoso","EventID":13,"Image":"C:\\Windows\\System32\\svchost.exe","ProcessGuid":"{D23548D2-4438-2026-1106-20F4FB8ECAD3}","ProcessId":7470,"EventType":"SetValue","TargetObject":"HKCU\\Software\\Microsoft\\Office\\16.0\\Outlook\\Resiliency\\2003","Details":"1"}
{"UtcTime":"2026-08-12 10:13:24.000","Computer":"TN-FIN-WS042","User":"TRANSNORTE\\backup_svc","EventID":13,"Image":"C:\\Windows\\System32\\conhost.exe","ProcessGuid":"{FFF9382D-3434-2026-09B8-76573D970E6C}","ProcessId":754,"EventType":"SetValue","TargetObject":"HKCU\\Software\\Microsoft\\Office\\16.0\\Outlook\\Resiliency\\2004","Details":"1"}
{"UtcTime":"2026-08-12 10:13:25.000","Computer":"TN-FIN-WS042","User":"TRANSNORTE\\ops.cardoso","EventID":1,"Image":"C:\\Program Files\\Microsoft Office\\Office16\\OUTLOOK.EXE","ProcessGuid":"{F9A97941-2239-2026-F87D-97F2FD1E98D7}","ProcessId":8034,"CommandLine":"C:\\Program Files\\Microsoft Office\\Office16\\OUTLOOK.EXE","ParentImage":"C:\\Windows\\System32\\services.exe","ParentProcessGuid":"{6F51A1A5-CABD-2026-B6D9-A5C1E6900E8F}","OriginalFileName":"C:\\Program Files\\Microsoft Office\\Office16\\OUTLOOK.EXE","SHA256":"47e6ba28d3b945710daa92ca660d185e2874b2c18f9734ff8fba41bd8fe2ff83"}
{"UtcTime":"2026-08-12 10:13:26.000","Computer":"TN-FIN-WS042","User":"TRANSNORTE\\backup_svc","EventID":11,"Image":"C:\\Windows\\System32\\RuntimeBroker.exe","ProcessGuid":"{792311D2-0C76-2026-A2E8-50F0802EDC7E}","ProcessId":1310,"TargetFilename":"C:\\Users\\ops.cardoso\\AppData\\Local\\Temp\\office-2006.tmp"}
{"UtcTime":"2026-08-12 10:13:27.000","Computer":"TN-FIN-WS042","User":"TRANSNORTE\\ops.cardoso","EventID":1,"Image":"C:\\Windows\\System32\\RuntimeBroker.exe","ProcessGuid":"{A01A7B1E-8C9F-2026-05FA-FB25B9F380BB}","ProcessId":1058,"CommandLine":"C:\\Windows\\System32\\RuntimeBroker.exe","ParentImage":"C:\\Windows\\System32\\services.exe","ParentProcessGuid":"{B9ED5C2B-E458-2026-E732-130FEFF56B08}","OriginalFileName":"C:\\Windows\\System32\\RuntimeBroker.exe","SHA256":"11504223b8f4c4d875d231bae8474db4aae7dfd57c621ddf47e1d4adc5ef4e42"}
{"UtcTime":"2026-08-12 10:13:28.000","Computer":"TN-FIN-WS042","User":"TRANSNORTE\\backup_svc","EventID":1,"Image":"C:\\Program Files\\Google\\Chrome\\Application\\chrome.exe","ProcessGuid":"{E21854DD-BAD6-2026-4CBC-1B9BCA1D63B8}","ProcessId":2668,"CommandLine":"C:\\Program Files\\Google\\Chrome\\Application\\chrome.exe","ParentImage":"C:\\Windows\\System32\\services.exe","ParentProcessGuid":"{C2FE6BD7-1093-2026-115D-977D0A3D6C03}","OriginalFileName":"C:\\Program Files\\Google\\Chrome\\Application\\chrome.exe","SHA256":"0a0c1408930aaf12e34d36e3245bf8facae7c1989ed44fa32fd0498743a576dc"}
{"UtcTime":"2026-08-12 10:13:29.000","Computer":"TN-FIN-WS042","User":"TRANSNORTE\\ops.cardoso","EventID":5,"Image":"C:\\Windows\\System32\\svchost.exe","ProcessGuid":"{C711EF29-5D99-2026-EEA7-1C1419DE4543}","ProcessId":3477,"EventType":"End"}
{"UtcTime":"2026-08-12 10:13:30.000","Computer":"TN-FIN-WS042","User":"TRANSNORTE\\backup_svc","EventID":3,"Image":"C:\\Program Files\\Microsoft Office\\Office16\\OUTLOOK.EXE","ProcessGuid":"{E4F13947-6FAA-2026-1299-1BC713EB3FED}","ProcessId":1433,"DestinationIp":"1.1.1.1","DestinationPort":135,"SourceIp":"10.50.10.42","Protocol":"tcp"}
{"UtcTime":"2026-08-12 10:13:31.000","Computer":"TN-FIN-WS042","User":"TRANSNORTE\\ops.cardoso","EventID":1,"Image":"C:\\Windows\\explorer.exe","ProcessGuid":"{735D9575-23D1-2026-0165-F6818F9C5BD1}","ProcessId":2772,"CommandLine":"C:\\Windows\\explorer.exe","ParentImage":"C:\\Windows\\System32\\services.exe","ParentProcessGuid":"{53F0B514-AEA6-2026-CF4D-1CF59F3CE651}","OriginalFileName":"C:\\Windows\\explorer.exe","SHA256":"65c286fc8ada00be3ee924bc9d0f3f9792457c08aeb27b6527a44d560587def2"}
{"UtcTime":"2026-08-12 10:13:32.000","Computer":"TN-FIN-WS042","User":"TRANSNORTE\\backup_svc","EventID":13,"Image":"C:\\Windows\\System32\\svchost.exe","ProcessGuid":"{2DE00812-E6C9-2026-2839-33100EAD9D2F}","ProcessId":6353,"EventType":"SetValue","TargetObject":"HKCU\\Software\\Microsoft\\Office\\16.0\\Outlook\\Resiliency\\2012","Details":"1"}
{"UtcTime":"2026-08-12 10:13:33.000","Computer":"TN-FIN-WS042","User":"TRANSNORTE\\backup_svc","EventID":13,"Image":"C:\\Windows\\explorer.exe","ProcessGuid":"{61A8DDB2-98A3-2026-F5A4-DC294EE6D4EE}","ProcessId":2213,"EventType":"SetValue","TargetObject":"HKCU\\Software\\Microsoft\\Office\\16.0\\Outlook\\Resiliency\\2013","Details":"1"}
{"UtcTime":"2026-08-12 10:13:34.000","Computer":"TN-FIN-WS042","User":"TRANSNORTE\\backup_svc","EventID":1,"Image":"C:\\Program Files\\Microsoft Office\\Office16\\OUTLOOK.EXE","ProcessGuid":"{38F49911-BC10-2026-2938-77DFFE1EB06F}","ProcessId":3083,"CommandLine":"C:\\Program Files\\Microsoft Office\\Office16\\OUTLOOK.EXE","ParentImage":"C:\\Windows\\System32\\services.exe","ParentProcessGuid":"{7A18DAF8-8066-2026-522E-F8C53974E4B5}","OriginalFileName":"C:\\Program Files\\Microsoft Office\\Office16\\OUTLOOK.EXE","SHA256":"62678b0c1f4d168802b34ee52ef703d378083f9927ca26b5699c45ab150fab21"}
{"UtcTime":"2026-08-12 10:13:35.000","Computer":"TN-FIN-WS042","User":"TRANSNORTE\\backup_svc","EventID":11,"Image":"C:\\Program Files\\Google\\Chrome\\Application\\chrome.exe","ProcessGuid":"{673CDA36-23DC-2026-4F66-CAB989EE1CA8}","ProcessId":7447,"TargetFilename":"C:\\Users\\ops.cardoso\\AppData\\Local\\Temp\\office-2015.tmp"}
{"UtcTime":"2026-08-12 10:13:36.000","Computer":"TN-FIN-WS042","User":"TRANSNORTE\\backup_svc","EventID":3,"Image":"C:\\Windows\\System32\\svchost.exe","ProcessGuid":"{656BEEFB-A2CF-2026-4477-22F364663AE1}","ProcessId":2930,"DestinationIp":"1.1.1.1","DestinationPort":443,"SourceIp":"10.50.10.42","Protocol":"tcp"}
{"UtcTime":"2026-08-12 10:13:37.000","Computer":"TN-FIN-WS042","User":"TRANSNORTE\\backup_svc","EventID":3,"Image":"C:\\Windows\\System32\\conhost.exe","ProcessGuid":"{181A246C-D20D-2026-6965-EB748FB6DEAC}","ProcessId":7956,"DestinationIp":"1.1.1.1","DestinationPort":443,"SourceIp":"10.50.10.42","Protocol":"tcp"}
{"UtcTime":"2026-08-12 10:13:38.000","Computer":"TN-FIN-WS042","User":"TRANSNORTE\\ops.cardoso","EventID":11,"Image":"C:\\Windows\\explorer.exe","ProcessGuid":"{8AAC9FF5-F517-2026-F3AE-549B9B0DB469}","ProcessId":7616,"TargetFilename":"C:\\Users\\ops.cardoso\\AppData\\Local\\Temp\\office-2018.tmp"}
{"UtcTime":"2026-08-12 10:13:39.000","Computer":"TN-FIN-WS042","User":"TRANSNORTE\\backup_svc","EventID":1,"Image":"C:\\Windows\\System32\\RuntimeBroker.exe","ProcessGuid":"{6CF51BB4-577F-2026-9571-5742A5816CCB}","ProcessId":8048,"CommandLine":"C:\\Windows\\System32\\RuntimeBroker.exe","ParentImage":"C:\\Windows\\System32\\services.exe","ParentProcessGuid":"{CD0C9720-C5FE-2026-59EB-9827CA07DDFE}","OriginalFileName":"C:\\Windows\\System32\\RuntimeBroker.exe","SHA256":"614da543ae9609f51d3d60b7eb4246964e02b217b31443b43f5dea7bc7f6c61b"}
{"UtcTime":"2026-08-12 10:13:40.000","Computer":"TN-FIN-WS042","User":"TRANSNORTE\\backup_svc","EventID":1,"Image":"C:\\Program Files\\Google\\Chrome\\Application\\chrome.exe","ProcessGuid":"{28D496FF-3A00-2026-9951-6EF6E7D2C624}","ProcessId":6434,"CommandLine":"C:\\Program Files\\Google\\Chrome\\Application\\chrome.exe","ParentImage":"C:\\Windows\\System32\\services.exe","ParentProcessGuid":"{28D423CA-311F-2026-FD0A-E459B7C67FE2}","OriginalFileName":"C:\\Program Files\\Google\\Chrome\\Application\\chrome.exe","SHA256":"1531756a061223f23d54382c11d73ecdc6d48f7b00073ccbd733db71c784748f"}
{"UtcTime":"2026-08-12 10:13:41.000","Computer":"TN-FIN-WS042","User":"TRANSNORTE\\backup_svc","EventID":5,"Image":"C:\\Windows\\explorer.exe","ProcessGuid":"{867D79D4-D6DC-2026-E3E4-AA5CD0018D5D}","ProcessId":7539,"EventType":"End"}
{"UtcTime":"2026-08-12 10:13:42.000","Computer":"TN-FIN-WS042","User":"TRANSNORTE\\ops.cardoso","EventID":11,"Image":"C:\\Program Files\\Microsoft Office\\Office16\\OUTLOOK.EXE","ProcessGuid":"{C5FCAB2E-A610-2026-2716-CC9CFC30A280}","ProcessId":6467,"TargetFilename":"C:\\Users\\ops.cardoso\\AppData\\Local\\Temp\\office-2022.tmp"}
{"UtcTime":"2026-08-12 10:13:43.000","Computer":"TN-FIN-WS042","User":"TRANSNORTE\\ops.cardoso","EventID":1,"Image":"C:\\Program Files\\Google\\Chrome\\Application\\chrome.exe","ProcessGuid":"{1DE8E513-E67C-2026-4153-44F06D2ADF0F}","ProcessId":6388,"CommandLine":"C:\\Program Files\\Google\\Chrome\\Application\\chrome.exe","ParentImage":"C:\\Windows\\System32\\services.exe","ParentProcessGuid":"{6E6F67F1-3914-2026-5649-876DF21ACB0E}","OriginalFileName":"C:\\Program Files\\Google\\Chrome\\Application\\chrome.exe","SHA256":"f01a55b89e6cd6972affc0724db5ff62f5531dd60fc70845891793b5680fde1d"}
{"UtcTime":"2026-08-12 10:13:44.000","Computer":"TN-FIN-WS042","User":"TRANSNORTE\\backup_svc","EventID":5,"Image":"C:\\Windows\\explorer.exe","ProcessGuid":"{32DA8D17-26D8-2026-5B04-8FD7314672C5}","ProcessId":8867,"EventType":"End"}
{"UtcTime":"2026-08-12 10:13:45.000","Computer":"TN-FIN-WS042","User":"TRANSNORTE\\backup_svc","EventID":1,"Image":"C:\\Windows\\System32\\RuntimeBroker.exe","ProcessGuid":"{18EEEE8D-323D-2026-72F3-8E0F989C0294}","ProcessId":7293,"CommandLine":"C:\\Windows\\System32\\RuntimeBroker.exe","ParentImage":"C:\\Windows\\System32\\services.exe","ParentProcessGuid":"{4AB1B6C8-F8A0-2026-75E5-1E224FBED2A0}","OriginalFileName":"C:\\Windows\\System32\\RuntimeBroker.exe","SHA256":"a30b85d90d8da69c8b6cca5ea55191556afd020b12dc9e7fbadec93dd55e897c"}
{"UtcTime":"2026-08-12 10:13:46.000","Computer":"TN-FIN-WS042","User":"TRANSNORTE\\ops.cardoso","EventID":5,"Image":"C:\\Program Files\\Google\\Chrome\\Application\\chrome.exe","ProcessGuid":"{BE0868EC-ECFA-2026-4C1C-E08696FB7F02}","ProcessId":8773,"EventType":"End"}
{"UtcTime":"2026-08-12 10:13:47.000","Computer":"TN-FIN-WS042","User":"TRANSNORTE\\backup_svc","EventID":5,"Image":"C:\\Program Files\\Microsoft Office\\Office16\\OUTLOOK.EXE","ProcessGuid":"{99AAA16F-86A0-2026-DF09-3A8F2D2C627D}","ProcessId":8382,"EventType":"End"}
{"UtcTime":"2026-08-12 10:13:48.000","Computer":"TN-FIN-WS042","User":"TRANSNORTE\\backup_svc","EventID":13,"Image":"C:\\Windows\\explorer.exe","ProcessGuid":"{82A9329B-1A5E-2026-1E44-9F8254AB8288}","ProcessId":580,"EventType":"SetValue","TargetObject":"HKCU\\Software\\Microsoft\\Office\\16.0\\Outlook\\Resiliency\\2028","Details":"1"}
{"UtcTime":"2026-08-12 10:13:49.000","Computer":"TN-FIN-WS042","User":"TRANSNORTE\\backup_svc","EventID":11,"Image":"C:\\Windows\\System32\\conhost.exe","ProcessGuid":"{5FD797F7-613B-2026-58EA-8B1E922F76DD}","ProcessId":1035,"TargetFilename":"C:\\Users\\ops.cardoso\\AppData\\Local\\Temp\\office-2029.tmp"}
{"UtcTime":"2026-08-12 10:13:50.000","Computer":"TN-FIN-WS042","User":"TRANSNORTE\\backup_svc","EventID":1,"Image":"C:\\Windows\\System32\\svchost.exe","ProcessGuid":"{D7FADC3E-A755-2026-F832-6E5C3D5ED0A5}","ProcessId":4377,"CommandLine":"C:\\Windows\\System32\\svchost.exe","ParentImage":"C:\\Windows\\System32\\services.exe","ParentProcessGuid":"{E8FC1D61-40D0-2026-6572-64AEEBAE876B}","OriginalFileName":"C:\\Windows\\System32\\svchost.exe","SHA256":"bca16c2ac875ec37f71b979de21dad8258b5b9bcdee99f2fbde2bb3fb9f00d44"}
{"UtcTime":"2026-08-12 10:13:51.000","Computer":"TN-FIN-WS042","User":"TRANSNORTE\\ops.cardoso","EventID":11,"Image":"C:\\Program Files\\Microsoft Office\\Office16\\OUTLOOK.EXE","ProcessGuid":"{07E1AA54-C41F-2026-9845-4E9A4EAD9740}","ProcessId":8444,"TargetFilename":"C:\\Users\\ops.cardoso\\AppData\\Local\\Temp\\office-2031.tmp"}
{"UtcTime":"2026-08-12 10:13:52.000","Computer":"TN-FIN-WS042","User":"TRANSNORTE\\backup_svc","EventID":11,"Image":"C:\\Windows\\System32\\RuntimeBroker.exe","ProcessGuid":"{6C47871D-2226-2026-3848-BEC401FEA343}","ProcessId":3960,"TargetFilename":"C:\\Users\\ops.cardoso\\AppData\\Local\\Temp\\office-2032.tmp"}
{"UtcTime":"2026-08-12 10:13:53.000","Computer":"TN-FIN-WS042","User":"TRANSNORTE\\backup_svc","EventID":1,"Image":"C:\\Program Files\\Microsoft Office\\Office16\\OUTLOOK.EXE","ProcessGuid":"{CD8A4EFC-EB37-2026-57C3-8B8C6E7D4DF8}","ProcessId":6532,"CommandLine":"C:\\Program Files\\Microsoft Office\\Office16\\OUTLOOK.EXE","ParentImage":"C:\\Windows\\System32\\services.exe","ParentProcessGuid":"{4D0AE4C2-70A4-2026-B24E-373BE49D6AAF}","OriginalFileName":"C:\\Program Files\\Microsoft Office\\Office16\\OUTLOOK.EXE","SHA256":"db15ef790ed4199ab5b822bd0bc71bf75a620c596a7f0a434db894d0e403f303"}
{"UtcTime":"2026-08-12 10:13:54.000","Computer":"TN-FIN-WS042","User":"TRANSNORTE\\backup_svc","EventID":1,"Image":"C:\\Windows\\System32\\RuntimeBroker.exe","ProcessGuid":"{B1F40898-8F38-2026-B1A9-D750261ADA60}","ProcessId":6915,"CommandLine":"C:\\Windows\\System32\\RuntimeBroker.exe","ParentImage":"C:\\Windows\\System32\\services.exe","ParentProcessGuid":"{53BA7226-576C-2026-8848-DD4F9423BE2B}","OriginalFileName":"C:\\Windows\\System32\\RuntimeBroker.exe","SHA256":"ae27b037cb1b081457f190d9024636b55cd50aba8ce62e986c3e08a2f077c21b"}
{"UtcTime":"2026-08-12 10:13:55.000","Computer":"TN-FIN-WS042","User":"TRANSNORTE\\backup_svc","EventID":1,"Image":"C:\\Windows\\System32\\RuntimeBroker.exe","ProcessGuid":"{03A8E1BD-1233-2026-1CDA-0B3931EDD6D2}","ProcessId":6861,"CommandLine":"C:\\Windows\\System32\\RuntimeBroker.exe","ParentImage":"C:\\Windows\\System32\\services.exe","ParentProcessGuid":"{00C44EB0-6391-2026-60C6-FC93FBA43612}","OriginalFileName":"C:\\Windows\\System32\\RuntimeBroker.exe","SHA256":"8b01b381c386b76e0dd7b2f54a7ff8fe9047786d46f6645084ddf8c551ea0517"}
{"UtcTime":"2026-08-12 10:13:56.000","Computer":"TN-FIN-WS042","User":"TRANSNORTE\\backup_svc","EventID":1,"Image":"C:\\Windows\\System32\\svchost.exe","ProcessGuid":"{328C86FF-C380-2026-D91C-46448A87E437}","ProcessId":2341,"CommandLine":"C:\\Windows\\System32\\svchost.exe","ParentImage":"C:\\Windows\\System32\\services.exe","ParentProcessGuid":"{08ECD5A2-BA57-2026-732E-79785B28FC9F}","OriginalFileName":"C:\\Windows\\System32\\svchost.exe","SHA256":"86e9571204a2d412dbf69eb1a9202e108746f3c8a2406f443be73144e0502cc5"}
{"UtcTime":"2026-08-12 10:13:57.000","Computer":"TN-FIN-WS042","User":"TRANSNORTE\\backup_svc","EventID":1,"Image":"C:\\Windows\\explorer.exe","ProcessGuid":"{0C593718-BA70-2026-E95F-68158FABDAA8}","ProcessId":6946,"CommandLine":"C:\\Windows\\explorer.exe","ParentImage":"C:\\Windows\\System32\\services.exe","ParentProcessGuid":"{61AC5FC1-17B0-2026-F65B-8C3C4CABFE3B}","OriginalFileName":"C:\\Windows\\explorer.exe","SHA256":"b5d9f4f5eaa272ecb1166b70a81fe37cc586688dd4c9c62552e2a08df61e9d45"}
{"UtcTime":"2026-08-12 10:13:58.000","Computer":"TN-FIN-WS042","User":"TRANSNORTE\\backup_svc","EventID":3,"Image":"C:\\Windows\\System32\\svchost.exe","ProcessGuid":"{4FB01FDA-4361-2026-E4CF-635D83C6C6B2}","ProcessId":4318,"DestinationIp":"8.8.8.8","DestinationPort":53,"SourceIp":"10.50.10.42","Protocol":"tcp"}
{"UtcTime":"2026-08-12 10:13:59.000","Computer":"TN-FIN-WS042","User":"TRANSNORTE\\ops.cardoso","EventID":1,"Image":"C:\\Windows\\System32\\conhost.exe","ProcessGuid":"{B84F0C08-A024-2026-F745-B6A297B530EF}","ProcessId":8996,"CommandLine":"C:\\Windows\\System32\\conhost.exe","ParentImage":"C:\\Windows\\System32\\services.exe","ParentProcessGuid":"{89A51413-86B1-2026-56FC-8E7061B8D99E}","OriginalFileName":"C:\\Windows\\System32\\conhost.exe","SHA256":"f7077ed3ccadae964fe5060a0a78d749bdc8419bc5abfee4ae5a6105b72600a3"}
{"UtcTime":"2026-08-12 10:14:00.000","Computer":"TN-FIN-WS042","User":"TRANSNORTE\\backup_svc","EventID":1,"Image":"C:\\Windows\\System32\\RuntimeBroker.exe","ProcessGuid":"{FDDE7FDB-B8D4-2026-77B9-109292E3FA2E}","ProcessId":8327,"CommandLine":"C:\\Windows\\System32\\RuntimeBroker.exe","ParentImage":"C:\\Windows\\System32\\services.exe","ParentProcessGuid":"{B05AF036-717D-2026-5CD3-973B70889A60}","OriginalFileName":"C:\\Windows\\System32\\RuntimeBroker.exe","SHA256":"f1265a80142a53b58fb51db2da4d2ab2f359f0ca85a8e2b9014f04e242013864"}
{"UtcTime":"2026-08-12 10:14:01.000","Computer":"TN-FIN-WS042","User":"TRANSNORTE\\backup_svc","EventID":1,"Image":"C:\\Program Files\\Microsoft Office\\Office16\\OUTLOOK.EXE","ProcessGuid":"{51008712-F899-2026-777E-80728186B2AB}","ProcessId":3960,"CommandLine":"C:\\Program Files\\Microsoft Office\\Office16\\OUTLOOK.EXE","ParentImage":"C:\\Windows\\System32\\services.exe","ParentProcessGuid":"{58E2D27E-C9A3-2026-7ECC-C78F5C48A265}","OriginalFileName":"C:\\Program Files\\Microsoft Office\\Office16\\OUTLOOK.EXE","SHA256":"c9799d5ddffdc53afc45fcac218cbf2f278b2aac898f1785ad1cb9c8c9a553e7"}
{"UtcTime":"2026-08-12 10:14:02.000","Computer":"TN-FIN-WS042","User":"TRANSNORTE\\backup_svc","EventID":1,"Image":"C:\\Windows\\System32\\RuntimeBroker.exe","ProcessGuid":"{64466A16-6033-2026-2F40-F769484FB2EE}","ProcessId":7453,"CommandLine":"C:\\Windows\\System32\\RuntimeBroker.exe","ParentImage":"C:\\Windows\\System32\\services.exe","ParentProcessGuid":"{E604D990-8EE0-2026-A315-0178C0E45AF4}","OriginalFileName":"C:\\Windows\\System32\\RuntimeBroker.exe","SHA256":"1ee453a09d61217a833f7015b26e524fedb09009cb5565146ca2c6f73be212bd"}
{"UtcTime":"2026-08-12 10:14:03.000","Computer":"TN-FIN-WS042","User":"TRANSNORTE\\ops.cardoso","EventID":3,"Image":"C:\\Windows\\System32\\RuntimeBroker.exe","ProcessGuid":"{3549EBD3-7D1D-2026-5A8E-01F0DD0D0449}","ProcessId":8909,"DestinationIp":"8.8.8.8","DestinationPort":135,"SourceIp":"10.50.10.42","Protocol":"tcp"}
{"UtcTime":"2026-08-12 10:14:04.000","Computer":"TN-FIN-WS042","User":"TRANSNORTE\\ops.cardoso","EventID":3,"Image":"C:\\Windows\\System32\\svchost.exe","ProcessGuid":"{5280353E-DFA4-2026-4C2F-A011A95D5A9E}","ProcessId":5507,"DestinationIp":"10.50.10.10","DestinationPort":8080,"SourceIp":"10.50.10.42","Protocol":"tcp"}
{"UtcTime":"2026-08-12 10:14:05.000","Computer":"TN-FIN-WS042","User":"TRANSNORTE\\ops.cardoso","EventID":1,"Image":"C:\\Windows\\explorer.exe","ProcessGuid":"{48C08E70-ACCB-2026-2595-C47421B729B9}","ProcessId":3101,"CommandLine":"C:\\Windows\\explorer.exe","ParentImage":"C:\\Windows\\System32\\services.exe","ParentProcessGuid":"{BF679715-6A9A-2026-9E39-C68E039F6EDC}","OriginalFileName":"C:\\Windows\\explorer.exe","SHA256":"138dd4bc549b37a3900ab078a822a7532b644f8213c12f5c1c373a1f3771f47f"}
{"UtcTime":"2026-08-12 10:14:06.000","Computer":"TN-FIN-WS042","User":"TRANSNORTE\\backup_svc","EventID":1,"Image":"C:\\Windows\\System32\\conhost.exe","ProcessGuid":"{EA79A140-2C83-2026-BCE7-1463800563D1}","ProcessId":7919,"CommandLine":"C:\\Windows\\System32\\conhost.exe","ParentImage":"C:\\Windows\\System32\\services.exe","ParentProcessGuid":"{4F1A72AF-BCBA-2026-CF72-9475FA78CD43}","OriginalFileName":"C:\\Windows\\System32\\conhost.exe","SHA256":"35c20449d0a85384b4607e75022e12b6639e454b8abc8418c58202229bd9e95e"}
{"UtcTime":"2026-08-12 10:14:07.000","Computer":"TN-FIN-WS042","User":"TRANSNORTE\\ops.cardoso","EventID":1,"Image":"C:\\Program Files\\Microsoft Office\\Office16\\OUTLOOK.EXE","ProcessGuid":"{D1E31B15-1CAF-2026-2538-01DC30C851B3}","ProcessId":6438,"CommandLine":"C:\\Program Files\\Microsoft Office\\Office16\\OUTLOOK.EXE","ParentImage":"C:\\Windows\\System32\\services.exe","ParentProcessGuid":"{A3C958C1-7983-2026-24E4-688ACEA35FA8}","OriginalFileName":"C:\\Program Files\\Microsoft Office\\Office16\\OUTLOOK.EXE","SHA256":"56d62161cf093b23e001a557ca0f3a33b69baff057fd9e1f1ce2a4dca286ac83"}
{"UtcTime":"2026-08-12 10:14:08.000","Computer":"TN-FIN-WS042","User":"TRANSNORTE\\ops.cardoso","EventID":1,"Image":"C:\\Windows\\System32\\svchost.exe","ProcessGuid":"{E3F4D35C-60A1-2026-1001-0601C4E77831}","ProcessId":4431,"CommandLine":"C:\\Windows\\System32\\svchost.exe","ParentImage":"C:\\Windows\\System32\\services.exe","ParentProcessGuid":"{163DF3DC-BC86-2026-617B-A287E73FF5BD}","OriginalFileName":"C:\\Windows\\System32\\svchost.exe","SHA256":"dde1012677a0e4494f3edab7f1670c050eb85e90884747d4000551bdf9e9b429"}
