{"UtcTime":"2026-08-12 10:34:17.000","Computer":"TN-FIN-WS042","User":"TRANSNORTE\\backup_svc","EventID":1,"Image":"C:\\Program Files\\Microsoft Office\\Office16\\OUTLOOK.EXE","ProcessGuid":"{DFBC2693-DA74-2026-BD49-0CCBBB3F30D1}","ProcessId":7485,"CommandLine":"C:\\Program Files\\Microsoft Office\\Office16\\OUTLOOK.EXE","ParentImage":"C:\\Windows\\System32\\services.exe","ParentProcessGuid":"{15986077-71EE-2026-0E54-0B631D38EB91}","OriginalFileName":"C:\\Program Files\\Microsoft Office\\Office16\\OUTLOOK.EXE","SHA256":"e020d76c03ecd6d38a2501b9b3fbb5d183910fa4fa1d1f756eb8ee8c5dbd5c3d"}
{"UtcTime":"2026-08-12 10:34:18.000","Computer":"TN-FIN-WS042","User":"TRANSNORTE\\ops.cardoso","EventID":13,"Image":"C:\\Windows\\System32\\conhost.exe","ProcessGuid":"{674EB446-D795-2026-B375-22210A8C6470}","ProcessId":6672,"EventType":"SetValue","TargetObject":"HKCU\\Software\\Microsoft\\Office\\16.0\\Outlook\\Resiliency\\3258","Details":"1"}
{"UtcTime":"2026-08-12 10:34:19.000","Computer":"TN-FIN-WS042","User":"TRANSNORTE\\backup_svc","EventID":1,"Image":"C:\\Windows\\System32\\conhost.exe","ProcessGuid":"{36209CFF-35AB-2026-B0DC-2611D6610198}","ProcessId":4592,"CommandLine":"C:\\Windows\\System32\\conhost.exe","ParentImage":"C:\\Windows\\System32\\services.exe","ParentProcessGuid":"{976DE9DD-1F2F-2026-0A82-887DBF951F5E}","OriginalFileName":"C:\\Windows\\System32\\conhost.exe","SHA256":"1d0cef1381a284a40646d09aab5370931bb4e3963824ee8afc75bc26e5b974ed"}
{"UtcTime":"2026-08-12 10:34:20.000","Computer":"TN-FIN-WS042","User":"TRANSNORTE\\ops.cardoso","EventID":1,"Image":"C:\\Windows\\System32\\conhost.exe","ProcessGuid":"{75487954-ECA6-2026-12CD-1A533D387743}","ProcessId":6056,"CommandLine":"C:\\Windows\\System32\\conhost.exe","ParentImage":"C:\\Windows\\System32\\services.exe","ParentProcessGuid":"{F058B394-5FF9-2026-3895-2FCD71F83C1F}","OriginalFileName":"C:\\Windows\\System32\\conhost.exe","SHA256":"cc082e22e7908c778e6e8c15b710c99d0b2c4acde56922042d84dd7ec36df6ca"}
{"UtcTime":"2026-08-12 10:34:21.000","Computer":"TN-FIN-WS042","User":"TRANSNORTE\\backup_svc","EventID":1,"Image":"C:\\Windows\\System32\\RuntimeBroker.exe","ProcessGuid":"{D858356C-5F34-2026-DFA9-9614AF20E7AF}","ProcessId":8345,"CommandLine":"C:\\Windows\\System32\\RuntimeBroker.exe","ParentImage":"C:\\Windows\\System32\\services.exe","ParentProcessGuid":"{7F40D9E6-DD88-2026-8CAA-310FE0978A59}","OriginalFileName":"C:\\Windows\\System32\\RuntimeBroker.exe","SHA256":"37b74dd49baf5513d0a3cd1d406f7f57c568a7821ff8fb4d08387d4bbf977de2"}
{"UtcTime":"2026-08-12 10:34:22.000","Computer":"TN-FIN-WS042","User":"TRANSNORTE\\backup_svc","EventID":1,"Image":"C:\\Windows\\System32\\RuntimeBroker.exe","ProcessGuid":"{1EEA5A27-1853-2026-61D1-C911D0699224}","ProcessId":6833,"CommandLine":"C:\\Windows\\System32\\RuntimeBroker.exe","ParentImage":"C:\\Windows\\System32\\services.exe","ParentProcessGuid":"{810B7AE3-0AD6-2026-9732-B831DF227DE2}","OriginalFileName":"C:\\Windows\\System32\\RuntimeBroker.exe","SHA256":"e1530c1e1150d88375360f03b95d65eeec120404239b5843f3d669b81ab40909"}
{"UtcTime":"2026-08-12 10:34:23.000","Computer":"TN-FIN-WS042","User":"TRANSNORTE\\backup_svc","EventID":1,"Image":"C:\\Program Files\\Google\\Chrome\\Application\\chrome.exe","ProcessGuid":"{856778FE-C640-2026-DCB9-3891D47E3E79}","ProcessId":6147,"CommandLine":"C:\\Program Files\\Google\\Chrome\\Application\\chrome.exe","ParentImage":"C:\\Windows\\System32\\services.exe","ParentProcessGuid":"{AA099B32-E097-2026-3F66-B7F95A459283}","OriginalFileName":"C:\\Program Files\\Google\\Chrome\\Application\\chrome.exe","SHA256":"3635d44cbad4b927a678e6c312cb7f55af5451995314bde1bf55f125680d3008"}
{"UtcTime":"2026-08-12 10:34:24.000","Computer":"TN-FIN-WS042","User":"TRANSNORTE\\backup_svc","EventID":1,"Image":"C:\\Windows\\System32\\conhost.exe","ProcessGuid":"{F3796EEC-F8CE-2026-6297-7FE40FD321BD}","ProcessId":4525,"CommandLine":"C:\\Windows\\System32\\conhost.exe","ParentImage":"C:\\Windows\\System32\\services.exe","ParentProcessGuid":"{3B3E16C6-CE56-2026-47C4-4F1BC80D9DCD}","OriginalFileName":"C:\\Windows\\System32\\conhost.exe","SHA256":"55e90ff97e0b283f8e1adbff14c298816d04b0ef3f832b97c2a2882a07157b66"}
{"UtcTime":"2026-08-12 10:34:25.000","Computer":"TN-FIN-WS042","User":"TRANSNORTE\\backup_svc","EventID":1,"Image":"C:\\Program Files\\Google\\Chrome\\Application\\chrome.exe","ProcessGuid":"{E28FD689-5A4A-2026-5BEE-D7988F72887E}","ProcessId":5708,"CommandLine":"C:\\Program Files\\Google\\Chrome\\Application\\chrome.exe","ParentImage":"C:\\Windows\\System32\\services.exe","ParentProcessGuid":"{8E5FC999-09C3-2026-8DD2-E9147695805A}","OriginalFileName":"C:\\Program Files\\Google\\Chrome\\Application\\chrome.exe","SHA256":"fa03cc9c3033763f5425dd116456806c66a8f3f262441daadc069824396e077c"}
{"UtcTime":"2026-08-12 10:34:26.000","Computer":"TN-FIN-WS042","User":"TRANSNORTE\\ops.cardoso","EventID":1,"Image":"C:\\Windows\\explorer.exe","ProcessGuid":"{E991A1D2-EAAB-2026-A3A4-5D8222156F44}","ProcessId":6757,"CommandLine":"C:\\Windows\\explorer.exe","ParentImage":"C:\\Windows\\System32\\services.exe","ParentProcessGuid":"{067BEFDD-9B84-2026-4AD7-5C41E48ECE17}","OriginalFileName":"C:\\Windows\\explorer.exe","SHA256":"32751a4e975ee8196bfad49b2fe82fbc8a21b5680f1c9cebb26ef774859805c8"}
{"UtcTime":"2026-08-12 10:34:27.000","Computer":"TN-FIN-WS042","User":"TRANSNORTE\\ops.cardoso","EventID":1,"Image":"C:\\Windows\\System32\\conhost.exe","ProcessGuid":"{6380E9FF-8B6D-2026-CEE5-731F2E245064}","ProcessId":1239,"CommandLine":"C:\\Windows\\System32\\conhost.exe","ParentImage":"C:\\Windows\\System32\\services.exe","ParentProcessGuid":"{6A818385-4664-2026-477B-78B4E75B44CC}","OriginalFileName":"C:\\Windows\\System32\\conhost.exe","SHA256":"1ade0db47787f8598afe84afbc17021cde2c6b4353fb3bb32824a30fb04eafad"}
{"UtcTime":"2026-08-12 10:34:28.000","Computer":"TN-FIN-WS042","User":"TRANSNORTE\\backup_svc","EventID":13,"Image":"C:\\Program Files\\Microsoft Office\\Office16\\OUTLOOK.EXE","ProcessGuid":"{FC67EF4B-4867-2026-6165-BB04A6D6429A}","ProcessId":5335,"EventType":"SetValue","TargetObject":"HKCU\\Software\\Microsoft\\Office\\16.0\\Outlook\\Resiliency\\3268","Details":"1"}
{"UtcTime":"2026-08-12 10:34:29.000","Computer":"TN-FIN-WS042","User":"TRANSNORTE\\backup_svc","EventID":11,"Image":"C:\\Windows\\explorer.exe","ProcessGuid":"{31AD67BF-9530-2026-B45F-EC5F049B0F83}","ProcessId":8379,"TargetFilename":"C:\\Users\\ops.cardoso\\AppData\\Local\\Temp\\office-3269.tmp"}
{"UtcTime":"2026-08-12 10:34:30.000","Computer":"TN-FIN-WS042","User":"TRANSNORTE\\backup_svc","EventID":11,"Image":"C:\\Program Files\\Microsoft Office\\Office16\\OUTLOOK.EXE","ProcessGuid":"{F33968E2-7664-2026-8F66-2B198D1D34AD}","ProcessId":8695,"TargetFilename":"C:\\Users\\ops.cardoso\\AppData\\Local\\Temp\\office-3270.tmp"}
{"UtcTime":"2026-08-12 10:34:31.000","Computer":"TN-FIN-WS042","User":"TRANSNORTE\\ops.cardoso","EventID":13,"Image":"C:\\Program Files\\Google\\Chrome\\Application\\chrome.exe","ProcessGuid":"{B1579A3A-1AE2-2026-8351-381A582974F5}","ProcessId":4524,"EventType":"SetValue","TargetObject":"HKCU\\Software\\Microsoft\\Office\\16.0\\Outlook\\Resiliency\\3271","Details":"1"}
{"UtcTime":"2026-08-12 10:34:32.000","Computer":"TN-FIN-WS042","User":"TRANSNORTE\\ops.cardoso","EventID":11,"Image":"C:\\Windows\\System32\\RuntimeBroker.exe","ProcessGuid":"{94244E5D-CEF6-2026-7973-C406B67022F2}","ProcessId":1789,"TargetFilename":"C:\\Users\\ops.cardoso\\AppData\\Local\\Temp\\office-3272.tmp"}
{"UtcTime":"2026-08-12 10:34:33.000","Computer":"TN-FIN-WS042","User":"TRANSNORTE\\backup_svc","EventID":1,"Image":"C:\\Program Files\\Google\\Chrome\\Application\\chrome.exe","ProcessGuid":"{877188C4-8A78-2026-7995-7F17B0C3399C}","ProcessId":5873,"CommandLine":"C:\\Program Files\\Google\\Chrome\\Application\\chrome.exe","ParentImage":"C:\\Windows\\System32\\services.exe","ParentProcessGuid":"{E5053F66-CA52-2026-ADEC-B04E0C5C2849}","OriginalFileName":"C:\\Program Files\\Google\\Chrome\\Application\\chrome.exe","SHA256":"44b1be1f857ea634b667c5bc553abe9d71421f6c0124da839d7110eebfaf1b44"}
{"UtcTime":"2026-08-12 10:34:34.000","Computer":"TN-FIN-WS042","User":"TRANSNORTE\\backup_svc","EventID":1,"Image":"C:\\Windows\\System32\\RuntimeBroker.exe","ProcessGuid":"{988034F6-3D67-2026-E470-3502849E93E8}","ProcessId":6912,"CommandLine":"C:\\Windows\\System32\\RuntimeBroker.exe","ParentImage":"C:\\Windows\\System32\\services.exe","ParentProcessGuid":"{543FCC5B-2141-2026-F2E0-19D4769121F0}","OriginalFileName":"C:\\Windows\\System32\\RuntimeBroker.exe","SHA256":"fccbdc8a3dd03f62d14368fb825cae073c1e1af26a6d024c07fd58b0fa343b48"}
{"UtcTime":"2026-08-12 10:34:35.000","Computer":"TN-FIN-WS042","User":"TRANSNORTE\\ops.cardoso","EventID":13,"Image":"C:\\Windows\\System32\\svchost.exe","ProcessGuid":"{FFB936D6-E950-2026-0B75-7CA7F1EFACF0}","ProcessId":1727,"EventType":"SetValue","TargetObject":"HKCU\\Software\\Microsoft\\Office\\16.0\\Outlook\\Resiliency\\3275","Details":"1"}
{"UtcTime":"2026-08-12 10:34:36.000","Computer":"TN-FIN-WS042","User":"TRANSNORTE\\backup_svc","EventID":1,"Image":"C:\\Program Files\\Microsoft Office\\Office16\\OUTLOOK.EXE","ProcessGuid":"{C49AC5C5-2A8F-2026-7B7A-F82954E63466}","ProcessId":6665,"CommandLine":"C:\\Program Files\\Microsoft Office\\Office16\\OUTLOOK.EXE","ParentImage":"C:\\Windows\\System32\\services.exe","ParentProcessGuid":"{232F0319-15A2-2026-3833-0D5C44A3D36E}","OriginalFileName":"C:\\Program Files\\Microsoft Office\\Office16\\OUTLOOK.EXE","SHA256":"76b158ccac334594419b2ddcdf075317f47b8e34d0d49199ca67f6e4c2aa903b"}
{"UtcTime":"2026-08-12 10:34:37.000","Computer":"TN-FIN-WS042","User":"TRANSNORTE\\backup_svc","EventID":5,"Image":"C:\\Program Files\\Microsoft Office\\Office16\\OUTLOOK.EXE","ProcessGuid":"{F0FC926F-0C13-2026-44D0-D35DD7AA1F4C}","ProcessId":4283,"EventType":"End"}
{"UtcTime":"2026-08-12 10:34:38.000","Computer":"TN-FIN-WS042","User":"TRANSNORTE\\ops.cardoso","EventID":5,"Image":"C:\\Program Files\\Microsoft Office\\Office16\\OUTLOOK.EXE","ProcessGuid":"{D9D7FEEB-0F25-2026-B33B-2FB53C06914B}","ProcessId":3469,"EventType":"End"}
{"UtcTime":"2026-08-12 10:34:39.000","Computer":"TN-FIN-WS042","User":"TRANSNORTE\\ops.cardoso","EventID":5,"Image":"C:\\Program Files\\Microsoft Office\\Office16\\OUTLOOK.EXE","ProcessGuid":"{09DB31CD-A887-2026-202E-13A7B88B8263}","ProcessId":2777,"EventType":"End"}
{"UtcTime":"2026-08-12 10:34:40.000","Computer":"TN-FIN-WS042","User":"TRANSNORTE\\backup_svc","EventID":1,"Image":"C:\\Program Files\\Google\\Chrome\\Application\\chrome.exe","ProcessGuid":"{35DD6993-F2DC-2026-D857-6485C35DF294}","ProcessId":4264,"CommandLine":"C:\\Program Files\\Google\\Chrome\\Application\\chrome.exe","ParentImage":"C:\\Windows\\System32\\services.exe","ParentProcessGuid":"{E12C9DFE-3691-2026-8A3B-813F5DCE1DF5}","OriginalFileName":"C:\\Program Files\\Google\\Chrome\\Application\\chrome.exe","SHA256":"da41f157313ab78a372d21dfccd674d4c9a343b58360b38461c78580d8d67e16"}
{"UtcTime":"2026-08-12 10:34:41.000","Computer":"TN-FIN-WS042","User":"TRANSNORTE\\backup_svc","EventID":1,"Image":"C:\\Windows\\explorer.exe","ProcessGuid":"{126113B0-EFC8-2026-C4AD-19D7EC00BA60}","ProcessId":6430,"CommandLine":"C:\\Windows\\explorer.exe","ParentImage":"C:\\Windows\\System32\\services.exe","ParentProcessGuid":"{4F1CAFA6-F9C7-2026-ED9F-8E818C48390D}","OriginalFileName":"C:\\Windows\\explorer.exe","SHA256":"6c9854267878709f989858c45a26ff68883fa17c73acf00a7906e98b13b6c3fd"}
{"UtcTime":"2026-08-12 10:34:42.000","Computer":"TN-FIN-WS042","User":"TRANSNORTE\\backup_svc","EventID":5,"Image":"C:\\Windows\\System32\\conhost.exe","ProcessGuid":"{1DF274BD-E065-2026-BB9E-4340820DC841}","ProcessId":5237,"EventType":"End"}
{"UtcTime":"2026-08-12 10:34:43.000","Computer":"TN-FIN-WS042","User":"TRANSNORTE\\ops.cardoso","EventID":5,"Image":"C:\\Windows\\System32\\RuntimeBroker.exe","ProcessGuid":"{E41F0897-0E64-2026-3452-4F19874E2345}","ProcessId":6740,"EventType":"End"}
{"UtcTime":"2026-08-12 10:34:44.000","Computer":"TN-FIN-WS042","User":"TRANSNORTE\\ops.cardoso","EventID":5,"Image":"C:\\Windows\\System32\\conhost.exe","ProcessGuid":"{71980FAC-1F9F-2026-E10D-77143DE0CDAB}","ProcessId":2934,"EventType":"End"}
{"UtcTime":"2026-08-12 10:34:45.000","Computer":"TN-FIN-WS042","User":"TRANSNORTE\\backup_svc","EventID":13,"Image":"C:\\Program Files\\Google\\Chrome\\Application\\chrome.exe","ProcessGuid":"{4092A185-C3CF-2026-A99F-DBE54F4438FE}","ProcessId":6193,"EventType":"SetValue","TargetObject":"HKCU\\Software\\Microsoft\\Office\\16.0\\Outlook\\Resiliency\\3285","Details":"1"}
{"UtcTime":"2026-08-12 10:34:46.000","Computer":"TN-FIN-WS042","User":"TRANSNORTE\\backup_svc","EventID":5,"Image":"C:\\Windows\\System32\\conhost.exe","ProcessGuid":"{C2111275-B940-2026-19E0-A3390BEF0D65}","ProcessId":7422,"EventType":"End"}
{"UtcTime":"2026-08-12 10:34:47.000","Computer":"TN-FIN-WS042","User":"TRANSNORTE\\backup_svc","EventID":13,"Image":"C:\\Program Files\\Microsoft Office\\Office16\\OUTLOOK.EXE","ProcessGuid":"{522347BE-51EC-2026-C9DE-952BDC880D8F}","ProcessId":4520,"EventType":"SetValue","TargetObject":"HKCU\\Software\\Microsoft\\Office\\16.0\\Outlook\\Resiliency\\3287","Details":"1"}
{"UtcTime":"2026-08-12 10:34:48.000","Computer":"TN-FIN-WS042","User":"TRANSNORTE\\backup_svc","EventID":1,"Image":"C:\\Windows\\explorer.exe","ProcessGuid":"{2FA81996-DCBC-2026-050A-F9CD7D9ACE3F}","ProcessId":2972,"CommandLine":"C:\\Windows\\explorer.exe","ParentImage":"C:\\Windows\\System32\\services.exe","ParentProcessGuid":"{058CC471-10D5-2026-DB99-7618E50826F5}","OriginalFileName":"C:\\Windows\\explorer.exe","SHA256":"5040e38ff3436abbd40d51c28691a7068bea826ac1dfa9727719a5d193c21925"}
{"UtcTime":"2026-08-12 10:34:49.000","Computer":"TN-FIN-WS042","User":"TRANSNORTE\\backup_svc","EventID":13,"Image":"C:\\Windows\\System32\\svchost.exe","ProcessGuid":"{1AF8B379-B516-2026-3B42-017E800E4011}","ProcessId":2357,"EventType":"SetValue","TargetObject":"HKCU\\Software\\Microsoft\\Office\\16.0\\Outlook\\Resiliency\\3289","Details":"1"}
{"UtcTime":"2026-08-12 10:34:50.000","Computer":"TN-FIN-WS042","User":"TRANSNORTE\\ops.cardoso","EventID":1,"Image":"C:\\Windows\\explorer.exe","ProcessGuid":"{4B95F8B8-413A-2026-6869-47F9CACB2F33}","ProcessId":3185,"CommandLine":"C:\\Windows\\explorer.exe","ParentImage":"C:\\Windows\\System32\\services.exe","ParentProcessGuid":"{432154CD-7763-2026-1885-73A69AA532B5}","OriginalFileName":"C:\\Windows\\explorer.exe","SHA256":"c2c81ce9f26f2f7616e121085c4322ca4b586cf762721b0ae69c9a0940bb9d96"}
{"UtcTime":"2026-08-12 10:34:51.000","Computer":"TN-FIN-WS042","User":"TRANSNORTE\\backup_svc","EventID":1,"Image":"C:\\Windows\\System32\\conhost.exe","ProcessGuid":"{52C479D1-2E77-2026-6718-5F557FCE3F42}","ProcessId":3875,"CommandLine":"C:\\Windows\\System32\\conhost.exe","ParentImage":"C:\\Windows\\System32\\services.exe","ParentProcessGuid":"{E16FF0DF-8B34-2026-F8DC-13EB783CE30D}","OriginalFileName":"C:\\Windows\\System32\\conhost.exe","SHA256":"3ca42fbc0293d42f12eceff0c4d69dce93f5d46c626e08cd88350b75df0d682d"}
{"UtcTime":"2026-08-12 10:34:52.000","Computer":"TN-FIN-WS042","User":"TRANSNORTE\\ops.cardoso","EventID":13,"Image":"C:\\Program Files\\Google\\Chrome\\Application\\chrome.exe","ProcessGuid":"{62D3F7C6-AA7D-2026-815D-A82FD02AE61B}","ProcessId":3475,"EventType":"SetValue","TargetObject":"HKCU\\Software\\Microsoft\\Office\\16.0\\Outlook\\Resiliency\\3292","Details":"1"}
{"UtcTime":"2026-08-12 10:34:53.000","Computer":"TN-FIN-WS042","User":"TRANSNORTE\\backup_svc","EventID":11,"Image":"C:\\Program Files\\Google\\Chrome\\Application\\chrome.exe","ProcessGuid":"{6DB29471-23B1-2026-DE9E-0E54C73409C6}","ProcessId":2792,"TargetFilename":"C:\\Users\\ops.cardoso\\AppData\\Local\\Temp\\office-3293.tmp"}
{"UtcTime":"2026-08-12 10:34:54.000","Computer":"TN-FIN-WS042","User":"TRANSNORTE\\backup_svc","EventID":3,"Image":"C:\\Program Files\\Google\\Chrome\\Application\\chrome.exe","ProcessGuid":"{8685B0D1-96C1-2026-F111-7A139879D6A2}","ProcessId":5479,"DestinationIp":"1.1.1.1","DestinationPort":8080,"SourceIp":"10.50.10.42","Protocol":"tcp"}
{"UtcTime":"2026-08-12 10:34:55.000","Computer":"TN-FIN-WS042","User":"TRANSNORTE\\backup_svc","EventID":13,"Image":"C:\\Windows\\System32\\conhost.exe","ProcessGuid":"{72117CF8-2499-2026-0F25-2FEC21A4BE0A}","ProcessId":4651,"EventType":"SetValue","TargetObject":"HKCU\\Software\\Microsoft\\Office\\16.0\\Outlook\\Resiliency\\3295","Details":"1"}
{"UtcTime":"2026-08-12 10:34:56.000","Computer":"TN-FIN-WS042","User":"TRANSNORTE\\ops.cardoso","EventID":5,"Image":"C:\\Program Files\\Google\\Chrome\\Application\\chrome.exe","ProcessGuid":"{588179F0-B382-2026-B312-3D724A7963CD}","ProcessId":6835,"EventType":"End"}
{"UtcTime":"2026-08-12 10:34:57.000","Computer":"TN-FIN-WS042","User":"TRANSNORTE\\backup_svc","EventID":5,"Image":"C:\\Windows\\System32\\RuntimeBroker.exe","ProcessGuid":"{01152DBC-6CA7-2026-5E46-727747AC49A4}","ProcessId":6870,"EventType":"End"}
{"UtcTime":"2026-08-12 10:34:58.000","Computer":"TN-FIN-WS042","User":"TRANSNORTE\\ops.cardoso","EventID":11,"Image":"C:\\Windows\\System32\\RuntimeBroker.exe","ProcessGuid":"{AFE29EAE-215D-2026-DA4C-421B9B28A9E6}","ProcessId":2117,"TargetFilename":"C:\\Users\\ops.cardoso\\AppData\\Local\\Temp\\office-3298.tmp"}
{"UtcTime":"2026-08-12 10:34:59.000","Computer":"TN-FIN-WS042","User":"TRANSNORTE\\backup_svc","EventID":1,"Image":"C:\\Windows\\System32\\RuntimeBroker.exe","ProcessGuid":"{14406ADB-30D3-2026-6641-448434C32C98}","ProcessId":7017,"CommandLine":"C:\\Windows\\System32\\RuntimeBroker.exe","ParentImage":"C:\\Windows\\System32\\services.exe","ParentProcessGuid":"{BD3D133E-82A3-2026-4473-6B1B6271CD1F}","OriginalFileName":"C:\\Windows\\System32\\RuntimeBroker.exe","SHA256":"21df1c5fcbe977e14fee49aae181f61868f798780d8a4f4465a32832c52ab6f7"}
{"UtcTime":"2026-08-12 10:35:00.000","Computer":"TN-FIN-WS042","User":"TRANSNORTE\\backup_svc","EventID":1,"Image":"C:\\Windows\\System32\\conhost.exe","ProcessGuid":"{1FEAF43F-FB74-2026-4CE5-A1F7043CA1B3}","ProcessId":3126,"CommandLine":"C:\\Windows\\System32\\conhost.exe","ParentImage":"C:\\Windows\\System32\\services.exe","ParentProcessGuid":"{AA5EE324-4C91-2026-381E-7D5E8EF4584B}","OriginalFileName":"C:\\Windows\\System32\\conhost.exe","SHA256":"5b9edd34587bc8fe2addd6855ba8f3927e78c97f57667e3e89a24a4c763d9081"}
{"UtcTime":"2026-08-12 10:35:01.000","Computer":"TN-FIN-WS042","User":"TRANSNORTE\\backup_svc","EventID":13,"Image":"C:\\Program Files\\Microsoft Office\\Office16\\OUTLOOK.EXE","ProcessGuid":"{33312E8B-B4AE-2026-1590-0AE2091BE799}","ProcessId":4905,"EventType":"SetValue","TargetObject":"HKCU\\Software\\Microsoft\\Office\\16.0\\Outlook\\Resiliency\\3301","Details":"1"}
{"UtcTime":"2026-08-12 10:35:02.000","Computer":"TN-FIN-WS042","User":"TRANSNORTE\\backup_svc","EventID":5,"Image":"C:\\Windows\\System32\\conhost.exe","ProcessGuid":"{A38B8BBC-3BBC-2026-3A35-3BD168D00B43}","ProcessId":4960,"EventType":"End"}
{"UtcTime":"2026-08-12 10:35:03.000","Computer":"TN-FIN-WS042","User":"TRANSNORTE\\ops.cardoso","EventID":1,"Image":"C:\\Program Files\\Microsoft Office\\Office16\\OUTLOOK.EXE","ProcessGuid":"{7C1EDD27-145C-2026-7A91-5473805BBEAD}","ProcessId":3095,"CommandLine":"C:\\Program Files\\Microsoft Office\\Office16\\OUTLOOK.EXE","ParentImage":"C:\\Windows\\System32\\services.exe","ParentProcessGuid":"{82EFFDFD-EAD4-2026-8294-FED6F80B7ABE}","OriginalFileName":"C:\\Program Files\\Microsoft Office\\Office16\\OUTLOOK.EXE","SHA256":"f4abc176b811178e1d55c76afefb6a8be2f915fa8e2790f9f13a2209b906735d"}
{"UtcTime":"2026-08-12 10:35:04.000","Computer":"TN-FIN-WS042","User":"TRANSNORTE\\ops.cardoso","EventID":1,"Image":"C:\\Windows\\System32\\svchost.exe","ProcessGuid":"{900987BB-2729-2026-AE61-F9DAF134D636}","ProcessId":5256,"CommandLine":"C:\\Windows\\System32\\svchost.exe","ParentImage":"C:\\Windows\\System32\\services.exe","ParentProcessGuid":"{46B16879-550F-2026-A2C4-4DC07B6B4892}","OriginalFileName":"C:\\Windows\\System32\\svchost.exe","SHA256":"2bf4a4fbcd62b16355d93579a420e2b568cef9471defb22a31b2195f4c855739"}
{"UtcTime":"2026-08-12 10:35:05.000","Computer":"TN-FIN-WS042","User":"TRANSNORTE\\ops.cardoso","EventID":3,"Image":"C:\\Windows\\explorer.exe","ProcessGuid":"{B91D0B37-E886-2026-B9B4-078B3F6EC01F}","ProcessId":1639,"DestinationIp":"10.50.10.88","DestinationPort":8080,"SourceIp":"10.50.10.42","Protocol":"tcp"}
{"UtcTime":"2026-08-12 10:35:06.000","Computer":"TN-FIN-WS042","User":"TRANSNORTE\\backup_svc","EventID":1,"Image":"C:\\Windows\\System32\\svchost.exe","ProcessGuid":"{24764039-88E4-2026-5968-7E1920CD89EE}","ProcessId":4297,"CommandLine":"C:\\Windows\\System32\\svchost.exe","ParentImage":"C:\\Windows\\System32\\services.exe","ParentProcessGuid":"{261CBD3D-3262-2026-100A-2D90BE0A7DCA}","OriginalFileName":"C:\\Windows\\System32\\svchost.exe","SHA256":"8483b3d18f2f9a63ddb660375271d4694660de13f6ee28f0658ae9e7dd780ddb"}
{"UtcTime":"2026-08-12 10:35:07.000","Computer":"TN-FIN-WS042","User":"TRANSNORTE\\backup_svc","EventID":3,"Image":"C:\\Windows\\System32\\conhost.exe","ProcessGuid":"{3D99A697-0106-2026-DDCE-B87CDA61CEE4}","ProcessId":545,"DestinationIp":"8.8.8.8","DestinationPort":443,"SourceIp":"10.50.10.42","Protocol":"tcp"}
{"UtcTime":"2026-08-12 10:35:08.000","Computer":"TN-FIN-WS042","User":"TRANSNORTE\\backup_svc","EventID":13,"Image":"C:\\Program Files\\Microsoft Office\\Office16\\OUTLOOK.EXE","ProcessGuid":"{5950A48B-B6CA-2026-4151-0CCC0BC6D089}","ProcessId":5355,"EventType":"SetValue","TargetObject":"HKCU\\Software\\Microsoft\\Office\\16.0\\Outlook\\Resiliency\\3308","Details":"1"}
{"UtcTime":"2026-08-12 10:35:09.000","Computer":"TN-FIN-WS042","User":"TRANSNORTE\\backup_svc","EventID":1,"Image":"C:\\Windows\\explorer.exe","ProcessGuid":"{C5320D4D-0EA7-2026-93BE-33A9F520D24D}","ProcessId":2696,"CommandLine":"C:\\Windows\\explorer.exe","ParentImage":"C:\\Windows\\System32\\services.exe","ParentProcessGuid":"{B96FBB2D-88F6-2026-D899-7FE5064AFC36}","OriginalFileName":"C:\\Windows\\explorer.exe","SHA256":"69080af0969bdf614aa0af1f56eff80a770ba3717875f123404d30b651e11590"}
{"UtcTime":"2026-08-12 10:35:10.000","Computer":"TN-FIN-WS042","User":"TRANSNORTE\\ops.cardoso","EventID":13,"Image":"C:\\Program Files\\Microsoft Office\\Office16\\OUTLOOK.EXE","ProcessGuid":"{4A81FDF8-281C-2026-A03C-0F769589522F}","ProcessId":5751,"EventType":"SetValue","TargetObject":"HKCU\\Software\\Microsoft\\Office\\16.0\\Outlook\\Resiliency\\3310","Details":"1"}
{"UtcTime":"2026-08-12 10:35:11.000","Computer":"TN-FIN-WS042","User":"TRANSNORTE\\backup_svc","EventID":3,"Image":"C:\\Windows\\explorer.exe","ProcessGuid":"{CF84C3BC-3B81-2026-C219-7CA4D4E0E711}","ProcessId":8403,"DestinationIp":"10.50.10.88","DestinationPort":135,"SourceIp":"10.50.10.42","Protocol":"tcp"}
{"UtcTime":"2026-08-12 10:35:12.000","Computer":"TN-FIN-WS042","User":"TRANSNORTE\\backup_svc","EventID":3,"Image":"C:\\Program Files\\Google\\Chrome\\Application\\chrome.exe","ProcessGuid":"{E1F1EED0-1277-2026-3BBA-A859004DB259}","ProcessId":1728,"DestinationIp":"10.50.10.10","DestinationPort":443,"SourceIp":"10.50.10.42","Protocol":"tcp"}
{"UtcTime":"2026-08-12 10:35:13.000","Computer":"TN-FIN-WS042","User":"TRANSNORTE\\ops.cardoso","EventID":1,"Image":"C:\\Windows\\System32\\svchost.exe","ProcessGuid":"{3D921245-E3A7-2026-20AC-4BA2BC7FEFD9}","ProcessId":3489,"CommandLine":"C:\\Windows\\System32\\svchost.exe","ParentImage":"C:\\Windows\\System32\\services.exe","ParentProcessGuid":"{51B8DA9A-4942-2026-4A08-8AF664869170}","OriginalFileName":"C:\\Windows\\System32\\svchost.exe","SHA256":"b444146729b9392e5c3516af6157e032ca200e79b9e41c51912748b420746a7b"}
{"UtcTime":"2026-08-12 10:35:14.000","Computer":"TN-FIN-WS042","User":"TRANSNORTE\\ops.cardoso","EventID":13,"Image":"C:\\Program Files\\Google\\Chrome\\Application\\chrome.exe","ProcessGuid":"{7A97CAC2-FC28-2026-E627-F6EA1CB2CF39}","ProcessId":2113,"EventType":"SetValue","TargetObject":"HKCU\\Software\\Microsoft\\Office\\16.0\\Outlook\\Resiliency\\3314","Details":"1"}
{"UtcTime":"2026-08-12 10:35:15.000","Computer":"TN-FIN-WS042","User":"TRANSNORTE\\backup_svc","EventID":1,"Image":"C:\\Windows\\explorer.exe","ProcessGuid":"{9318045E-5299-2026-5B72-ABF5264F9D61}","ProcessId":7076,"CommandLine":"C:\\Windows\\explorer.exe","ParentImage":"C:\\Windows\\System32\\services.exe","ParentProcessGuid":"{1C332A3C-A6D5-2026-C739-DF5306E55998}","OriginalFileName":"C:\\Windows\\explorer.exe","SHA256":"1d3739f6f784de0fab456b7c8da418f1f3410a580ec4262791103cb6fd637a4f"}
{"UtcTime":"2026-08-12 10:35:16.000","Computer":"TN-FIN-WS042","User":"TRANSNORTE\\backup_svc","EventID":5,"Image":"C:\\Program Files\\Microsoft Office\\Office16\\OUTLOOK.EXE","ProcessGuid":"{6E85EF87-DE7B-2026-CBC6-ABC04CF7EF7C}","ProcessId":4061,"EventType":"End"}
{"UtcTime":"2026-08-12 10:35:17.000","Computer":"TN-FIN-WS042","User":"TRANSNORTE\\ops.cardoso","EventID":5,"Image":"C:\\Windows\\System32\\conhost.exe","ProcessGuid":"{05DB23EC-AB96-2026-BB26-E1C360615D7E}","ProcessId":8786,"EventType":"End"}
{"UtcTime":"2026-08-12 10:35:18.000","Computer":"TN-FIN-WS042","User":"TRANSNORTE\\backup_svc","EventID":5,"Image":"C:\\Windows\\explorer.exe","ProcessGuid":"{069B5143-2E7F-2026-861E-6F9986BCA03E}","ProcessId":2927,"EventType":"End"}
{"UtcTime":"2026-08-12 10:35:19.000","Computer":"TN-FIN-WS042","User":"TRANSNORTE\\backup_svc","EventID":5,"Image":"C:\\Program Files\\Google\\Chrome\\Application\\chrome.exe","ProcessGuid":"{87D11D0A-8706-2026-9AD3-20F35800D5B7}","ProcessId":1530,"EventType":"End"}
{"UtcTime":"2026-08-12 10:35:20.000","Computer":"TN-FIN-WS042","User":"TRANSNORTE\\backup_svc","EventID":3,"Image":"C:\\Program Files\\Microsoft Office\\Office16\\OUTLOOK.EXE","ProcessGuid":"{0107589C-C390-2026-E69E-72791DEF2D81}","ProcessId":6700,"DestinationIp":"1.1.1.1","DestinationPort":443,"SourceIp":"10.50.10.42","Protocol":"tcp"}
{"UtcTime":"2026-08-12 10:35:21.000","Computer":"TN-FIN-WS042","User":"TRANSNORTE\\backup_svc","EventID":1,"Image":"C:\\Windows\\System32\\conhost.exe","ProcessGuid":"{552982B7-545F-2026-F520-1E973DB6E7D2}","ProcessId":6885,"CommandLine":"C:\\Windows\\System32\\conhost.exe","ParentImage":"C:\\Windows\\System32\\services.exe","ParentProcessGuid":"{6BDA9429-7118-2026-B511-73FA4C94DCC1}","OriginalFileName":"C:\\Windows\\System32\\conhost.exe","SHA256":"4884c773098f8ae5041456d9aa8420c8b595cc7ca2a4e9ed57de1fe8849c002c"}
{"UtcTime":"2026-08-12 10:35:22.000","Computer":"TN-FIN-WS042","User":"TRANSNORTE\\backup_svc","EventID":13,"Image":"C:\\Program Files\\Google\\Chrome\\Application\\chrome.exe","ProcessGuid":"{14099588-1927-2026-5BA4-F5A33EEE1AA0}","ProcessId":761,"EventType":"SetValue","TargetObject":"HKCU\\Software\\Microsoft\\Office\\16.0\\Outlook\\Resiliency\\3322","Details":"1"}
{"UtcTime":"2026-08-12 10:35:23.000","Computer":"TN-FIN-WS042","User":"TRANSNORTE\\ops.cardoso","EventID":13,"Image":"C:\\Program Files\\Microsoft Office\\Office16\\OUTLOOK.EXE","ProcessGuid":"{26746B09-63AA-2026-9DEC-A4A40BE693F9}","ProcessId":8159,"EventType":"SetValue","TargetObject":"HKCU\\Software\\Microsoft\\Office\\16.0\\Outlook\\Resiliency\\3323","Details":"1"}
{"UtcTime":"2026-08-12 10:35:24.000","Computer":"TN-FIN-WS042","User":"TRANSNORTE\\ops.cardoso","EventID":13,"Image":"C:\\Windows\\System32\\svchost.exe","ProcessGuid":"{FC809BE8-4D27-2026-DE4A-0BF863C3F434}","ProcessId":3277,"EventType":"SetValue","TargetObject":"HKCU\\Software\\Microsoft\\Office\\16.0\\Outlook\\Resiliency\\3324","Details":"1"}
{"UtcTime":"2026-08-12 10:35:25.000","Computer":"TN-FIN-WS042","User":"TRANSNORTE\\backup_svc","EventID":5,"Image":"C:\\Windows\\System32\\RuntimeBroker.exe","ProcessGuid":"{C6A7EA57-164A-2026-7BF9-15AEA9F35A54}","ProcessId":5888,"EventType":"End"}
{"UtcTime":"2026-08-12 10:35:26.000","Computer":"TN-FIN-WS042","User":"TRANSNORTE\\backup_svc","EventID":13,"Image":"C:\\Windows\\explorer.exe","ProcessGuid":"{2D48C94E-1093-2026-499F-1118DDD931D7}","ProcessId":1441,"EventType":"SetValue","TargetObject":"HKCU\\Software\\Microsoft\\Office\\16.0\\Outlook\\Resiliency\\3326","Details":"1"}
{"UtcTime":"2026-08-12 10:35:27.000","Computer":"TN-FIN-WS042","User":"TRANSNORTE\\backup_svc","EventID":1,"Image":"C:\\Program Files\\Microsoft Office\\Office16\\OUTLOOK.EXE","ProcessGuid":"{D7B27A67-9947-2026-BCCD-C27953200F2D}","ProcessId":7659,"CommandLine":"C:\\Program Files\\Microsoft Office\\Office16\\OUTLOOK.EXE","ParentImage":"C:\\Windows\\System32\\services.exe","ParentProcessGuid":"{5D9F2FA4-6A8E-2026-5E03-89E048F381FD}","OriginalFileName":"C:\\Program Files\\Microsoft Office\\Office16\\OUTLOOK.EXE","SHA256":"2d872ca2e14dc4ded3a962153e9d97c58c2d548fb66fd4ec84d4fae1a752fcd2"}
{"UtcTime":"2026-08-12 10:35:28.000","Computer":"TN-FIN-WS042","User":"TRANSNORTE\\backup_svc","EventID":1,"Image":"C:\\Program Files\\Google\\Chrome\\Application\\chrome.exe","ProcessGuid":"{DCEE8153-C0C4-2026-BCC2-420FAA73ABA6}","ProcessId":4378,"CommandLine":"C:\\Program Files\\Google\\Chrome\\Application\\chrome.exe","ParentImage":"C:\\Windows\\System32\\services.exe","ParentProcessGuid":"{DA457993-1C13-2026-B790-38E791B80777}","OriginalFileName":"C:\\Program Files\\Google\\Chrome\\Application\\chrome.exe","SHA256":"1144e8ae1af3ef42a19a9bf5d7cb314a425eebfa41b2ce73a9866b935603efe9"}
{"UtcTime":"2026-08-12 10:35:29.000","Computer":"TN-FIN-WS042","User":"TRANSNORTE\\ops.cardoso","EventID":13,"Image":"C:\\Windows\\System32\\RuntimeBroker.exe","ProcessGuid":"{512653EB-15C4-2026-653D-640E8E190E27}","ProcessId":7009,"EventType":"SetValue","TargetObject":"HKCU\\Software\\Microsoft\\Office\\16.0\\Outlook\\Resiliency\\3329","Details":"1"}
{"UtcTime":"2026-08-12 10:35:30.000","Computer":"TN-FIN-WS042","User":"TRANSNORTE\\backup_svc","EventID":1,"Image":"C:\\Program Files\\Google\\Chrome\\Application\\chrome.exe","ProcessGuid":"{E603DFCA-4933-2026-EB92-BABFCFFF803D}","ProcessId":2679,"CommandLine":"C:\\Program Files\\Google\\Chrome\\Application\\chrome.exe","ParentImage":"C:\\Windows\\System32\\services.exe","ParentProcessGuid":"{4D006EDF-E1E4-2026-66C0-30285F8BA2E3}","OriginalFileName":"C:\\Program Files\\Google\\Chrome\\Application\\chrome.exe","SHA256":"9919a3b24f221d4923aac076aff351a54d6bbdd058e79050c9760eb7bbdef371"}
{"UtcTime":"2026-08-12 10:35:31.000","Computer":"TN-FIN-WS042","User":"TRANSNORTE\\ops.cardoso","EventID":1,"Image":"C:\\Program Files\\Google\\Chrome\\Application\\chrome.exe","ProcessGuid":"{4D5E1080-ECE8-2026-5F57-CF6F1C32E178}","ProcessId":5206,"CommandLine":"C:\\Program Files\\Google\\Chrome\\Application\\chrome.exe","ParentImage":"C:\\Windows\\System32\\services.exe","ParentProcessGuid":"{0056FE97-EF62-2026-BDAC-49293AA1E8FF}","OriginalFileName":"C:\\Program Files\\Google\\Chrome\\Application\\chrome.exe","SHA256":"f905dc5eb86077908ef5ccef6b4d104adc37ef1c53951d2e03ca6489e25df1cb"}
{"UtcTime":"2026-08-12 10:35:32.000","Computer":"TN-FIN-WS042","User":"TRANSNORTE\\backup_svc","EventID":11,"Image":"C:\\Program Files\\Google\\Chrome\\Application\\chrome.exe","ProcessGuid":"{E21DF6F0-8533-2026-18F3-2CF31F853B98}","ProcessId":7980,"TargetFilename":"C:\\Users\\ops.cardoso\\AppData\\Local\\Temp\\office-3332.tmp"}
{"UtcTime":"2026-08-12 10:35:33.000","Computer":"TN-FIN-WS042","User":"TRANSNORTE\\ops.cardoso","EventID":13,"Image":"C:\\Windows\\explorer.exe","ProcessGuid":"{DA1089BB-447B-2026-EB82-A805A607AEEE}","ProcessId":2007,"EventType":"SetValue","TargetObject":"HKCU\\Software\\Microsoft\\Office\\16.0\\Outlook\\Resiliency\\3333","Details":"1"}
{"UtcTime":"2026-08-12 10:35:34.000","Computer":"TN-FIN-WS042","User":"TRANSNORTE\\backup_svc","EventID":1,"Image":"C:\\Program Files\\Microsoft Office\\Office16\\OUTLOOK.EXE","ProcessGuid":"{69DBB98F-11A7-2026-72F1-98A92E0B4A98}","ProcessId":5250,"CommandLine":"C:\\Program Files\\Microsoft Office\\Office16\\OUTLOOK.EXE","ParentImage":"C:\\Windows\\System32\\services.exe","ParentProcessGuid":"{832D337B-44BA-2026-2C88-F49240292896}","OriginalFileName":"C:\\Program Files\\Microsoft Office\\Office16\\OUTLOOK.EXE","SHA256":"3a08c73e97319ddb2c6ea0c5334f831749dfd33fdde9d5b4cd646447b900a097"}
{"UtcTime":"2026-08-12 10:35:35.000","Computer":"TN-FIN-WS042","User":"TRANSNORTE\\ops.cardoso","EventID":13,"Image":"C:\\Program Files\\Google\\Chrome\\Application\\chrome.exe","ProcessGuid":"{54E549DD-0CF1-2026-6698-B476FC85A2E0}","ProcessId":2042,"EventType":"SetValue","TargetObject":"HKCU\\Software\\Microsoft\\Office\\16.0\\Outlook\\Resiliency\\3335","Details":"1"}
{"UtcTime":"2026-08-12 10:35:36.000","Computer":"TN-FIN-WS042","User":"TRANSNORTE\\backup_svc","EventID":1,"Image":"C:\\Windows\\System32\\conhost.exe","ProcessGuid":"{139C4B66-0696-2026-4F4F-BA30E7FEE8C7}","ProcessId":2805,"CommandLine":"C:\\Windows\\System32\\conhost.exe","ParentImage":"C:\\Windows\\System32\\services.exe","ParentProcessGuid":"{961E4F55-9924-2026-2DF5-9EE7BB81FCF2}","OriginalFileName":"C:\\Windows\\System32\\conhost.exe","SHA256":"3ee0ee1bddee727c1334d5e73337455c31117c65e25856247e159505263e84d4"}
{"UtcTime":"2026-08-12 10:35:37.000","Computer":"TN-FIN-WS042","User":"TRANSNORTE\\ops.cardoso","EventID":1,"Image":"C:\\Windows\\System32\\conhost.exe","ProcessGuid":"{06FB7CEC-BA13-2026-0A55-4E0E629741D4}","ProcessId":4801,"CommandLine":"C:\\Windows\\System32\\conhost.exe","ParentImage":"C:\\Windows\\System32\\services.exe","ParentProcessGuid":"{E25E7079-E7DC-2026-46D9-0C2E43F960C1}","OriginalFileName":"C:\\Windows\\System32\\conhost.exe","SHA256":"3377201ef34fe08f2398720e78c24d814f8dd7ecee36ed88c3c3a2c561ac3468"}
{"UtcTime":"2026-08-12 10:35:38.000","Computer":"TN-FIN-WS042","User":"TRANSNORTE\\backup_svc","EventID":1,"Image":"C:\\Windows\\System32\\RuntimeBroker.exe","ProcessGuid":"{F98F78CD-CCD1-2026-DD15-29C99164775D}","ProcessId":8925,"CommandLine":"C:\\Windows\\System32\\RuntimeBroker.exe","ParentImage":"C:\\Windows\\System32\\services.exe","ParentProcessGuid":"{54596F52-4722-2026-BFB0-B3A6AF131BDA}","OriginalFileName":"C:\\Windows\\System32\\RuntimeBroker.exe","SHA256":"69559cbacb448fdced0702240c2555494448b562d0b3e57dde8d2270fec2c1cd"}
{"UtcTime":"2026-08-12 10:35:39.000","Computer":"TN-FIN-WS042","User":"TRANSNORTE\\ops.cardoso","EventID":5,"Image":"C:\\Windows\\System32\\conhost.exe","ProcessGuid":"{40633C96-A9B8-2026-4FF1-341BB3F4A39A}","ProcessId":1492,"EventType":"End"}
{"UtcTime":"2026-08-12 10:35:40.000","Computer":"TN-FIN-WS042","User":"TRANSNORTE\\backup_svc","EventID":5,"Image":"C:\\Windows\\System32\\RuntimeBroker.exe","ProcessGuid":"{F4A448A3-435B-2026-8847-249CBF1E7921}","ProcessId":7267,"EventType":"End"}
{"UtcTime":"2026-08-12 10:35:41.000","Computer":"TN-FIN-WS042","User":"TRANSNORTE\\ops.cardoso","EventID":3,"Image":"C:\\Windows\\System32\\RuntimeBroker.exe","ProcessGuid":"{C88698BC-8885-2026-401E-313491925E5C}","ProcessId":707,"DestinationIp":"8.8.8.8","DestinationPort":8080,"SourceIp":"10.50.10.42","Protocol":"tcp"}
{"UtcTime":"2026-08-12 10:35:42.000","Computer":"TN-FIN-WS042","User":"TRANSNORTE\\backup_svc","EventID":11,"Image":"C:\\Program Files\\Microsoft Office\\Office16\\OUTLOOK.EXE","ProcessGuid":"{2032A574-D9D8-2026-4FC2-CB85C8C0FDF6}","ProcessId":5527,"TargetFilename":"C:\\Users\\ops.cardoso\\AppData\\Local\\Temp\\office-3342.tmp"}
{"UtcTime":"2026-08-12 10:35:43.000","Computer":"TN-FIN-WS042","User":"TRANSNORTE\\backup_svc","EventID":5,"Image":"C:\\Windows\\System32\\conhost.exe","ProcessGuid":"{1687195A-45C0-2026-76D1-366B0B96CB9B}","ProcessId":2633,"EventType":"End"}
{"UtcTime":"2026-08-12 10:35:44.000","Computer":"TN-FIN-WS042","User":"TRANSNORTE\\ops.cardoso","EventID":13,"Image":"C:\\Program Files\\Microsoft Office\\Office16\\OUTLOOK.EXE","ProcessGuid":"{5823AEB8-566C-2026-63D4-14AE467A9198}","ProcessId":8489,"EventType":"SetValue","TargetObject":"HKCU\\Software\\Microsoft\\Office\\16.0\\Outlook\\Resiliency\\3344","Details":"1"}
{"UtcTime":"2026-08-12 10:35:45.000","Computer":"TN-FIN-WS042","User":"TRANSNORTE\\ops.cardoso","EventID":1,"Image":"C:\\Program Files\\Microsoft Office\\Office16\\OUTLOOK.EXE","ProcessGuid":"{5EBC228F-6CFB-2026-4E5C-0937DB68DF34}","ProcessId":7199,"CommandLine":"C:\\Program Files\\Microsoft Office\\Office16\\OUTLOOK.EXE","ParentImage":"C:\\Windows\\System32\\services.exe","ParentProcessGuid":"{01A0C2D1-8E16-2026-BDD7-A168FF32BC2D}","OriginalFileName":"C:\\Program Files\\Microsoft Office\\Office16\\OUTLOOK.EXE","SHA256":"1c5cc916e60ac8e22c826a27a7e56bf36537a9b06b0158fd7f765974ca5defaa"}
{"UtcTime":"2026-08-12 10:35:46.000","Computer":"TN-FIN-WS042","User":"TRANSNORTE\\ops.cardoso","EventID":11,"Image":"C:\\Program Files\\Google\\Chrome\\Application\\chrome.exe","ProcessGuid":"{0AFE4935-61F7-2026-5E01-B50ABB09F2AA}","ProcessId":3696,"TargetFilename":"C:\\Users\\ops.cardoso\\AppData\\Local\\Temp\\office-3346.tmp"}
{"UtcTime":"2026-08-12 10:35:47.000","Computer":"TN-FIN-WS042","User":"TRANSNORTE\\backup_svc","EventID":11,"Image":"C:\\Windows\\System32\\svchost.exe","ProcessGuid":"{E2B6BB5C-2C1B-2026-B485-50040A3279C5}","ProcessId":7904,"TargetFilename":"C:\\Users\\ops.cardoso\\AppData\\Local\\Temp\\office-3347.tmp"}
{"UtcTime":"2026-08-12 10:35:48.000","Computer":"TN-FIN-WS042","User":"TRANSNORTE\\backup_svc","EventID":1,"Image":"C:\\Windows\\System32\\conhost.exe","ProcessGuid":"{749460B5-9BAA-2026-5A5C-993008C8D240}","ProcessId":1424,"CommandLine":"C:\\Windows\\System32\\conhost.exe","ParentImage":"C:\\Windows\\System32\\services.exe","ParentProcessGuid":"{89D74F37-09CD-2026-950B-C659D2B687BD}","OriginalFileName":"C:\\Windows\\System32\\conhost.exe","SHA256":"9eb535f8f00b29e3a562afe7b555f5dc7fed6bafb3dc61c69bf075e8846aeea7"}
{"UtcTime":"2026-08-12 10:35:49.000","Computer":"TN-FIN-WS042","User":"TRANSNORTE\\backup_svc","EventID":1,"Image":"C:\\Windows\\System32\\svchost.exe","ProcessGuid":"{C8F51DDE-6F98-2026-E9AE-3FD00C1D1A22}","ProcessId":2492,"CommandLine":"C:\\Windows\\System32\\svchost.exe","ParentImage":"C:\\Windows\\System32\\services.exe","ParentProcessGuid":"{5CC3BFBF-DE65-2026-391E-4D5F8FA6E776}","OriginalFileName":"C:\\Windows\\System32\\svchost.exe","SHA256":"d7f98aa014abab4855d2e3bbdd9ef2ef41a6f673ccef25f708f03f0155d0bba1"}
{"UtcTime":"2026-08-12 10:35:50.000","Computer":"TN-FIN-WS042","User":"TRANSNORTE\\backup_svc","EventID":3,"Image":"C:\\Windows\\System32\\svchost.exe","ProcessGuid":"{DC67C1EC-2FCE-2026-0FD3-7D6A26C1BE90}","ProcessId":4810,"DestinationIp":"1.1.1.1","DestinationPort":135,"SourceIp":"10.50.10.42","Protocol":"tcp"}
{"UtcTime":"2026-08-12 10:35:51.000","Computer":"TN-FIN-WS042","User":"TRANSNORTE\\ops.cardoso","EventID":3,"Image":"C:\\Windows\\explorer.exe","ProcessGuid":"{FEDCB790-42D6-2026-ABD1-1B16136974E8}","ProcessId":8702,"DestinationIp":"10.50.10.10","DestinationPort":135,"SourceIp":"10.50.10.42","Protocol":"tcp"}
{"UtcTime":"2026-08-12 10:35:52.000","Computer":"TN-FIN-WS042","User":"TRANSNORTE\\ops.cardoso","EventID":1,"Image":"C:\\Program Files\\Microsoft Office\\Office16\\OUTLOOK.EXE","ProcessGuid":"{6B70B635-7A6B-2026-835F-B53057DB3C0B}","ProcessId":467,"CommandLine":"C:\\Program Files\\Microsoft Office\\Office16\\OUTLOOK.EXE","ParentImage":"C:\\Windows\\System32\\services.exe","ParentProcessGuid":"{1A6DCC16-6B4C-2026-DAEB-0621E677E5F8}","OriginalFileName":"C:\\Program Files\\Microsoft Office\\Office16\\OUTLOOK.EXE","SHA256":"949473c8669f292dae1188476a4241bdb3f9a4dc1774869ef5ea0bc476aa273e"}
{"UtcTime":"2026-08-12 10:35:53.000","Computer":"TN-FIN-WS042","User":"TRANSNORTE\\ops.cardoso","EventID":1,"Image":"C:\\Windows\\System32\\svchost.exe","ProcessGuid":"{9A561181-2A0E-2026-CB61-30DB9C4CB6D9}","ProcessId":8900,"CommandLine":"C:\\Windows\\System32\\svchost.exe","ParentImage":"C:\\Windows\\System32\\services.exe","ParentProcessGuid":"{5CD9074D-80F0-2026-E76D-8EE302D4CE6D}","OriginalFileName":"C:\\Windows\\System32\\svchost.exe","SHA256":"a23748997642719d40a62ceef1aa6da1d87a34f14cd87e1ceaeb246f43e08fc3"}
{"UtcTime":"2026-08-12 10:35:54.000","Computer":"TN-FIN-WS042","User":"TRANSNORTE\\backup_svc","EventID":1,"Image":"C:\\Windows\\System32\\RuntimeBroker.exe","ProcessGuid":"{F1F88DD0-B72F-2026-F6BD-1C19AA2032C3}","ProcessId":6134,"CommandLine":"C:\\Windows\\System32\\RuntimeBroker.exe","ParentImage":"C:\\Windows\\System32\\services.exe","ParentProcessGuid":"{9CE88520-A37A-2026-CD5A-7EB6D870CFBA}","OriginalFileName":"C:\\Windows\\System32\\RuntimeBroker.exe","SHA256":"49ecf8d67b135c6d5e00a03847b8dda7946638ac3306a9a93c02fcea43b55ea9"}
{"UtcTime":"2026-08-12 10:35:55.000","Computer":"TN-FIN-WS042","User":"TRANSNORTE\\ops.cardoso","EventID":11,"Image":"C:\\Windows\\System32\\svchost.exe","ProcessGuid":"{965C6933-E12C-2026-C733-52F122116ADF}","ProcessId":8727,"TargetFilename":"C:\\Users\\ops.cardoso\\AppData\\Local\\Temp\\office-3355.tmp"}
{"UtcTime":"2026-08-12 10:35:56.000","Computer":"TN-FIN-WS042","User":"TRANSNORTE\\backup_svc","EventID":1,"Image":"C:\\Program Files\\Microsoft Office\\Office16\\OUTLOOK.EXE","ProcessGuid":"{BD6D2AB5-9398-2026-981E-B27C1BA87FD9}","ProcessId":7498,"CommandLine":"C:\\Program Files\\Microsoft Office\\Office16\\OUTLOOK.EXE","ParentImage":"C:\\Windows\\System32\\services.exe","ParentProcessGuid":"{0E9BAC61-A9DA-2026-82C5-661A9F3E0391}","OriginalFileName":"C:\\Program Files\\Microsoft Office\\Office16\\OUTLOOK.EXE","SHA256":"7b22bb1199a6c0a520126af29141f705d072b72187c142078cdac6fa889b7614"}
{"UtcTime":"2026-08-12 10:35:57.000","Computer":"TN-FIN-WS042","User":"TRANSNORTE\\backup_svc","EventID":3,"Image":"C:\\Windows\\System32\\svchost.exe","ProcessGuid":"{8262967E-6052-2026-996B-953697F3F9CC}","ProcessId":5791,"DestinationIp":"1.1.1.1","DestinationPort":135,"SourceIp":"10.50.10.42","Protocol":"tcp"}
{"UtcTime":"2026-08-12 10:35:58.000","Computer":"TN-FIN-WS042","User":"TRANSNORTE\\backup_svc","EventID":1,"Image":"C:\\Windows\\System32\\svchost.exe","ProcessGuid":"{D83E0380-5B70-2026-F270-96FDAF808668}","ProcessId":3921,"CommandLine":"C:\\Windows\\System32\\svchost.exe","ParentImage":"C:\\Windows\\System32\\services.exe","ParentProcessGuid":"{B8F2A3B4-F102-2026-97BD-C6AF553B9098}","OriginalFileName":"C:\\Windows\\System32\\svchost.exe","SHA256":"1662a5678f9f00a6c3b87d2a7a0a704fabe7bed2d0fcd8ca9dad354e7caae0cc"}
{"UtcTime":"2026-08-12 10:35:59.000","Computer":"TN-FIN-WS042","User":"TRANSNORTE\\backup_svc","EventID":5,"Image":"C:\\Windows\\System32\\svchost.exe","ProcessGuid":"{A6A6E936-F6F2-2026-77A1-15004480123B}","ProcessId":5125,"EventType":"End"}
{"UtcTime":"2026-08-12 10:36:00.000","Computer":"TN-FIN-WS042","User":"TRANSNORTE\\ops.cardoso","EventID":13,"Image":"C:\\Windows\\explorer.exe","ProcessGuid":"{242A9AAF-6DE8-2026-D268-9408A905ACFC}","ProcessId":611,"EventType":"SetValue","TargetObject":"HKCU\\Software\\Microsoft\\Office\\16.0\\Outlook\\Resiliency\\3360","Details":"1"}
{"UtcTime":"2026-08-12 10:36:01.000","Computer":"TN-FIN-WS042","User":"TRANSNORTE\\ops.cardoso","EventID":1,"Image":"C:\\Windows\\System32\\conhost.exe","ProcessGuid":"{40A744AD-3A2B-2026-B5A7-5EA552D78474}","ProcessId":4022,"CommandLine":"C:\\Windows\\System32\\conhost.exe","ParentImage":"C:\\Windows\\System32\\services.exe","ParentProcessGuid":"{492CE0EA-D216-2026-6FC3-65C99951A563}","OriginalFileName":"C:\\Windows\\System32\\conhost.exe","SHA256":"84db58adef36b5080f45e7ab8d16d7a1952c0fa78e3625ffcac76325171fc40d"}
{"UtcTime":"2026-08-12 10:36:02.000","Computer":"TN-FIN-WS042","User":"TRANSNORTE\\ops.cardoso","EventID":11,"Image":"C:\\Windows\\System32\\conhost.exe","ProcessGuid":"{9BCC33C2-C9E9-2026-F4D5-A9520698A12A}","ProcessId":803,"TargetFilename":"C:\\Users\\ops.cardoso\\AppData\\Local\\Temp\\office-3362.tmp"}
{"UtcTime":"2026-08-12 10:36:03.000","Computer":"TN-FIN-WS042","User":"TRANSNORTE\\ops.cardoso","EventID":1,"Image":"C:\\Windows\\System32\\conhost.exe","ProcessGuid":"{B81109AC-3692-2026-3E7E-39A30CEEC807}","ProcessId":1855,"CommandLine":"C:\\Windows\\System32\\conhost.exe","ParentImage":"C:\\Windows\\System32\\services.exe","ParentProcessGuid":"{8128FE65-CEA0-2026-9F0D-0D7F5195E5F0}","OriginalFileName":"C:\\Windows\\System32\\conhost.exe","SHA256":"2f3ae5fdf7e81732037ec8b5e3484743087e8a9089dd7e6c33940295c9f09241"}
{"UtcTime":"2026-08-12 10:36:04.000","Computer":"TN-FIN-WS042","User":"TRANSNORTE\\backup_svc","EventID":3,"Image":"C:\\Windows\\System32\\svchost.exe","ProcessGuid":"{4C9F184A-D98A-2026-8427-7C5604805780}","ProcessId":1657,"DestinationIp":"8.8.8.8","DestinationPort":443,"SourceIp":"10.50.10.42","Protocol":"tcp"}
{"UtcTime":"2026-08-12 10:36:05.000","Computer":"TN-FIN-WS042","User":"TRANSNORTE\\ops.cardoso","EventID":5,"Image":"C:\\Program Files\\Google\\Chrome\\Application\\chrome.exe","ProcessGuid":"{88B639F8-4CAF-2026-2CFE-C98083A9E17E}","ProcessId":4170,"EventType":"End"}
{"UtcTime":"2026-08-12 10:36:06.000","Computer":"TN-FIN-WS042","User":"TRANSNORTE\\backup_svc","EventID":13,"Image":"C:\\Windows\\System32\\conhost.exe","ProcessGuid":"{1564B940-417C-2026-A6DD-030879034A25}","ProcessId":1407,"EventType":"SetValue","TargetObject":"HKCU\\Software\\Microsoft\\Office\\16.0\\Outlook\\Resiliency\\3366","Details":"1"}
{"UtcTime":"2026-08-12 10:36:07.000","Computer":"TN-FIN-WS042","User":"TRANSNORTE\\ops.cardoso","EventID":1,"Image":"C:\\Windows\\System32\\RuntimeBroker.exe","ProcessGuid":"{4291E44A-7651-2026-E030-461831BE79A3}","ProcessId":3227,"CommandLine":"C:\\Windows\\System32\\RuntimeBroker.exe","ParentImage":"C:\\Windows\\System32\\services.exe","ParentProcessGuid":"{A4530CD4-FE88-2026-9A79-D7C6DC23226D}","OriginalFileName":"C:\\Windows\\System32\\RuntimeBroker.exe","SHA256":"db6f56a174028c1956e6a7456c75f88af23e3ccc57d2acffad2e72f06b1ecd96"}
{"UtcTime":"2026-08-12 10:36:08.000","Computer":"TN-FIN-WS042","User":"TRANSNORTE\\ops.cardoso","EventID":1,"Image":"C:\\Windows\\explorer.exe","ProcessGuid":"{DFDC5FDE-F261-2026-5681-6DBE52327936}","ProcessId":5350,"CommandLine":"C:\\Windows\\explorer.exe","ParentImage":"C:\\Windows\\System32\\services.exe","ParentProcessGuid":"{D22700B9-058B-2026-9E41-C0CBF34F2217}","OriginalFileName":"C:\\Windows\\explorer.exe","SHA256":"215e27941e79591ba7858ddf02f980a09bcc3acd9ca6e064ae4b04e991ce60ab"}
{"UtcTime":"2026-08-12 10:36:09.000","Computer":"TN-FIN-WS042","User":"TRANSNORTE\\ops.cardoso","EventID":3,"Image":"C:\\Windows\\System32\\svchost.exe","ProcessGuid":"{63EED0E5-D56A-2026-621D-DF10DE03AF95}","ProcessId":6137,"DestinationIp":"10.50.10.88","DestinationPort":8080,"SourceIp":"10.50.10.42","Protocol":"tcp"}
{"UtcTime":"2026-08-12 10:36:10.000","Computer":"TN-FIN-WS042","User":"TRANSNORTE\\backup_svc","EventID":1,"Image":"C:\\Windows\\System32\\RuntimeBroker.exe","ProcessGuid":"{6FCD67A4-5C65-2026-D89D-6EA873270FA4}","ProcessId":5557,"CommandLine":"C:\\Windows\\System32\\RuntimeBroker.exe","ParentImage":"C:\\Windows\\System32\\services.exe","ParentProcessGuid":"{D26CFE57-5254-2026-480B-E6BCBCD4306C}","OriginalFileName":"C:\\Windows\\System32\\RuntimeBroker.exe","SHA256":"a4dd3f382e2fd60eba8da2d0a354dc5db956f3931d5ff9e03e2da51de47c817c"}
{"UtcTime":"2026-08-12 10:36:11.000","Computer":"TN-FIN-WS042","User":"TRANSNORTE\\backup_svc","EventID":13,"Image":"C:\\Windows\\System32\\svchost.exe","ProcessGuid":"{A9D7B610-E5AA-2026-05C1-C516AA91323B}","ProcessId":5394,"EventType":"SetValue","TargetObject":"HKCU\\Software\\Microsoft\\Office\\16.0\\Outlook\\Resiliency\\3371","Details":"1"}
{"UtcTime":"2026-08-12 10:36:12.000","Computer":"TN-FIN-WS042","User":"TRANSNORTE\\backup_svc","EventID":5,"Image":"C:\\Windows\\System32\\svchost.exe","ProcessGuid":"{9ADD1D8A-69F3-2026-B71B-63D1832837DE}","ProcessId":5627,"EventType":"End"}
{"UtcTime":"2026-08-12 10:36:13.000","Computer":"TN-FIN-WS042","User":"TRANSNORTE\\ops.cardoso","EventID":1,"Image":"C:\\Program Files\\Google\\Chrome\\Application\\chrome.exe","ProcessGuid":"{CDB22BE4-09EB-2026-ACC1-544B0F945ADA}","ProcessId":4927,"CommandLine":"C:\\Program Files\\Google\\Chrome\\Application\\chrome.exe","ParentImage":"C:\\Windows\\System32\\services.exe","ParentProcessGuid":"{9879554C-62BD-2026-9A02-D88D2582385F}","OriginalFileName":"C:\\Program Files\\Google\\Chrome\\Application\\chrome.exe","SHA256":"481c02d0704decec7440cef6d1fc89ad7a9ba8df7375406736279ddbd71a1d0c"}
{"UtcTime":"2026-08-12 10:36:14.000","Computer":"TN-FIN-WS042","User":"TRANSNORTE\\backup_svc","EventID":11,"Image":"C:\\Program Files\\Microsoft Office\\Office16\\OUTLOOK.EXE","ProcessGuid":"{2AD9C6A2-E466-2026-D4E6-BFC014C83F13}","ProcessId":8332,"TargetFilename":"C:\\Users\\ops.cardoso\\AppData\\Local\\Temp\\office-3374.tmp"}
{"UtcTime":"2026-08-12 10:36:15.000","Computer":"TN-FIN-WS042","User":"TRANSNORTE\\backup_svc","EventID":13,"Image":"C:\\Windows\\System32\\svchost.exe","ProcessGuid":"{CA4D5E7E-B77D-2026-3EB6-A2423A8CCC44}","ProcessId":4007,"EventType":"SetValue","TargetObject":"HKCU\\Software\\Microsoft\\Office\\16.0\\Outlook\\Resiliency\\3375","Details":"1"}
{"UtcTime":"2026-08-12 10:36:16.000","Computer":"TN-FIN-WS042","User":"TRANSNORTE\\backup_svc","EventID":1,"Image":"C:\\Windows\\System32\\RuntimeBroker.exe","ProcessGuid":"{3283023A-4C1D-2026-00E1-0560ED165078}","ProcessId":5672,"CommandLine":"C:\\Windows\\System32\\RuntimeBroker.exe","ParentImage":"C:\\Windows\\System32\\services.exe","ParentProcessGuid":"{497DBEE8-C3A9-2026-44F9-6C4D4AAB4A46}","OriginalFileName":"C:\\Windows\\System32\\RuntimeBroker.exe","SHA256":"8409aea6e73cce777a795292b84936f3a37eb316fb80e76d63add24ff7f474e7"}
{"UtcTime":"2026-08-12 10:36:17.000","Computer":"TN-FIN-WS042","User":"TRANSNORTE\\ops.cardoso","EventID":1,"Image":"C:\\Windows\\System32\\conhost.exe","ProcessGuid":"{6FDDE507-18DA-2026-22AA-654ED14084AE}","ProcessId":2490,"CommandLine":"C:\\Windows\\System32\\conhost.exe","ParentImage":"C:\\Windows\\System32\\services.exe","ParentProcessGuid":"{8DF54A9C-31B3-2026-9B18-A94C9CB4BA56}","OriginalFileName":"C:\\Windows\\System32\\conhost.exe","SHA256":"d11d5a2c9436b01029291fd2e522f8472512673fd4a841698ff9e03bb7c0577d"}
