{"UtcTime":"2026-08-12 09:44:03.000","Computer":"TN-FIN-WS042","User":"TRANSNORTE\\backup_svc","EventID":13,"Image":"C:\\Windows\\System32\\svchost.exe","ProcessGuid":"{A8EF9EC0-82CC-2026-B450-E745FE737575}","ProcessId":7572,"EventType":"SetValue","TargetObject":"HKCU\\Software\\Microsoft\\Office\\16.0\\Outlook\\Resiliency\\243","Details":"1"}
{"UtcTime":"2026-08-12 09:44:04.000","Computer":"TN-FIN-WS042","User":"TRANSNORTE\\ops.cardoso","EventID":1,"Image":"C:\\Windows\\explorer.exe","ProcessGuid":"{ED80F147-896B-2026-891D-F559BE2D3591}","ProcessId":5646,"CommandLine":"C:\\Windows\\explorer.exe","ParentImage":"C:\\Windows\\System32\\services.exe","ParentProcessGuid":"{912C5905-86D6-2026-390E-6A6CC9DD033E}","OriginalFileName":"C:\\Windows\\explorer.exe","SHA256":"5fa85eb5f3b76dded71709d9e563db8018d3221048e8aaac6a11f32f99a81bd2"}
{"UtcTime":"2026-08-12 09:44:05.000","Computer":"TN-FIN-WS042","User":"TRANSNORTE\\ops.cardoso","EventID":1,"Image":"C:\\Windows\\System32\\conhost.exe","ProcessGuid":"{79E4AFEA-F09B-2026-37B4-BB8D5117303E}","ProcessId":1380,"CommandLine":"C:\\Windows\\System32\\conhost.exe","ParentImage":"C:\\Windows\\System32\\services.exe","ParentProcessGuid":"{AD3113E4-AD3A-2026-5D56-FB5AFAA03912}","OriginalFileName":"C:\\Windows\\System32\\conhost.exe","SHA256":"b733bdf8a1234f2118af92bd82dc58439b308ffa9de928de3896191b25d6ac3e"}
{"UtcTime":"2026-08-12 09:44:06.000","Computer":"TN-FIN-WS042","User":"TRANSNORTE\\ops.cardoso","EventID":3,"Image":"C:\\Program Files\\Microsoft Office\\Office16\\OUTLOOK.EXE","ProcessGuid":"{B69A3AC8-ACD6-2026-AD84-48D3059C14FD}","ProcessId":5241,"DestinationIp":"1.1.1.1","DestinationPort":8080,"SourceIp":"10.50.10.42","Protocol":"tcp"}
{"UtcTime":"2026-08-12 09:44:07.000","Computer":"TN-FIN-WS042","User":"TRANSNORTE\\backup_svc","EventID":1,"Image":"C:\\Windows\\System32\\conhost.exe","ProcessGuid":"{2433056B-166F-2026-15D5-4465499714FD}","ProcessId":5340,"CommandLine":"C:\\Windows\\System32\\conhost.exe","ParentImage":"C:\\Windows\\System32\\services.exe","ParentProcessGuid":"{78A4F248-1BC9-2026-9DB3-FD439BBBC265}","OriginalFileName":"C:\\Windows\\System32\\conhost.exe","SHA256":"90a2e315c07fbcf6ef783da0c47dde17eb1185839b3fdec9f6ca23d0917fc7fd"}
{"UtcTime":"2026-08-12 09:44:08.000","Computer":"TN-FIN-WS042","User":"TRANSNORTE\\backup_svc","EventID":13,"Image":"C:\\Windows\\explorer.exe","ProcessGuid":"{2E7E1BCC-879F-2026-6F78-4BED4431ECF5}","ProcessId":5202,"EventType":"SetValue","TargetObject":"HKCU\\Software\\Microsoft\\Office\\16.0\\Outlook\\Resiliency\\248","Details":"1"}
{"UtcTime":"2026-08-12 09:44:09.000","Computer":"TN-FIN-WS042","User":"TRANSNORTE\\backup_svc","EventID":1,"Image":"C:\\Windows\\System32\\RuntimeBroker.exe","ProcessGuid":"{46673B49-708D-2026-55CB-A30325FBB1C0}","ProcessId":2197,"CommandLine":"C:\\Windows\\System32\\RuntimeBroker.exe","ParentImage":"C:\\Windows\\System32\\services.exe","ParentProcessGuid":"{7B3268E0-C2F0-2026-8828-ACDCEAE16FC3}","OriginalFileName":"C:\\Windows\\System32\\RuntimeBroker.exe","SHA256":"2f0c5bc51f53c048e1b786e097f29a36dfefaf4029acc996a5107f7690d5dfd5"}
{"UtcTime":"2026-08-12 09:44:10.000","Computer":"TN-FIN-WS042","User":"TRANSNORTE\\ops.cardoso","EventID":13,"Image":"C:\\Windows\\System32\\svchost.exe","ProcessGuid":"{A5EB18C0-4DCF-2026-C83E-284F8D7BC2D8}","ProcessId":3501,"EventType":"SetValue","TargetObject":"HKCU\\Software\\Microsoft\\Office\\16.0\\Outlook\\Resiliency\\250","Details":"1"}
{"UtcTime":"2026-08-12 09:44:11.000","Computer":"TN-FIN-WS042","User":"TRANSNORTE\\backup_svc","EventID":5,"Image":"C:\\Windows\\System32\\svchost.exe","ProcessGuid":"{B0E09D30-0C15-2026-DD91-5821D514F771}","ProcessId":7884,"EventType":"End"}
{"UtcTime":"2026-08-12 09:44:12.000","Computer":"TN-FIN-WS042","User":"TRANSNORTE\\backup_svc","EventID":11,"Image":"C:\\Windows\\System32\\RuntimeBroker.exe","ProcessGuid":"{235490D7-DE88-2026-EFC9-931178CCA7B7}","ProcessId":3896,"TargetFilename":"C:\\Users\\ops.cardoso\\AppData\\Local\\Temp\\office-252.tmp"}
{"UtcTime":"2026-08-12 09:44:13.000","Computer":"TN-FIN-WS042","User":"TRANSNORTE\\backup_svc","EventID":3,"Image":"C:\\Program Files\\Microsoft Office\\Office16\\OUTLOOK.EXE","ProcessGuid":"{67A5CBE0-FE2B-2026-A63F-7D30E57D7296}","ProcessId":5516,"DestinationIp":"1.1.1.1","DestinationPort":8080,"SourceIp":"10.50.10.42","Protocol":"tcp"}
{"UtcTime":"2026-08-12 09:44:14.000","Computer":"TN-FIN-WS042","User":"TRANSNORTE\\backup_svc","EventID":5,"Image":"C:\\Windows\\explorer.exe","ProcessGuid":"{32C11A65-C128-2026-BA4B-60208395EB06}","ProcessId":982,"EventType":"End"}
{"UtcTime":"2026-08-12 09:44:15.000","Computer":"TN-FIN-WS042","User":"TRANSNORTE\\backup_svc","EventID":1,"Image":"C:\\Windows\\System32\\conhost.exe","ProcessGuid":"{C414A441-A885-2026-CFFD-A885852E0D21}","ProcessId":6612,"CommandLine":"C:\\Windows\\System32\\conhost.exe","ParentImage":"C:\\Windows\\System32\\services.exe","ParentProcessGuid":"{5F178D89-C959-2026-90C5-CB7ECA767AD6}","OriginalFileName":"C:\\Windows\\System32\\conhost.exe","SHA256":"365633a8749db411ef459602c1dc08e8b45a63361619219c72e415bd99145875"}
{"UtcTime":"2026-08-12 09:44:16.000","Computer":"TN-FIN-WS042","User":"TRANSNORTE\\backup_svc","EventID":1,"Image":"C:\\Windows\\System32\\RuntimeBroker.exe","ProcessGuid":"{70246842-3FAA-2026-5351-34E8094C6EA2}","ProcessId":2657,"CommandLine":"C:\\Windows\\System32\\RuntimeBroker.exe","ParentImage":"C:\\Windows\\System32\\services.exe","ParentProcessGuid":"{A627E16A-F491-2026-D57C-A7A90CD7F7BF}","OriginalFileName":"C:\\Windows\\System32\\RuntimeBroker.exe","SHA256":"78d3ee35df988a1ab4cb70a05ca85ebcc5454b82590cb4d187283e97a63ebc3d"}
{"UtcTime":"2026-08-12 09:44:17.000","Computer":"TN-FIN-WS042","User":"TRANSNORTE\\ops.cardoso","EventID":1,"Image":"C:\\Windows\\explorer.exe","ProcessGuid":"{DDCF06D5-FAC2-2026-9DBD-880503CEBB12}","ProcessId":4295,"CommandLine":"C:\\Windows\\explorer.exe","ParentImage":"C:\\Windows\\System32\\services.exe","ParentProcessGuid":"{5E4AA7DA-010D-2026-3C28-B39A041BD076}","OriginalFileName":"C:\\Windows\\explorer.exe","SHA256":"f905f6b00c0b7d4eeac88438e6a1c7fbda52a1e574d27d641ab8ea033071ceee"}
{"UtcTime":"2026-08-12 09:44:18.000","Computer":"TN-FIN-WS042","User":"TRANSNORTE\\ops.cardoso","EventID":1,"Image":"C:\\Program Files\\Microsoft Office\\Office16\\OUTLOOK.EXE","ProcessGuid":"{5FBA5C0F-579A-2026-E0DC-18652D6FEA3F}","ProcessId":5202,"CommandLine":"C:\\Program Files\\Microsoft Office\\Office16\\OUTLOOK.EXE","ParentImage":"C:\\Windows\\System32\\services.exe","ParentProcessGuid":"{6BFAA55F-D4D9-2026-23E6-FFC7F613F92B}","OriginalFileName":"C:\\Program Files\\Microsoft Office\\Office16\\OUTLOOK.EXE","SHA256":"3433a11b86d87e6f4914bae2f28100075b68d50eb680e09f5678a5382b920870"}
{"UtcTime":"2026-08-12 09:44:19.000","Computer":"TN-FIN-WS042","User":"TRANSNORTE\\backup_svc","EventID":3,"Image":"C:\\Windows\\System32\\conhost.exe","ProcessGuid":"{600AD30C-334F-2026-85A1-75D7143EA9EB}","ProcessId":5516,"DestinationIp":"1.1.1.1","DestinationPort":53,"SourceIp":"10.50.10.42","Protocol":"tcp"}
{"UtcTime":"2026-08-12 09:44:20.000","Computer":"TN-FIN-WS042","User":"TRANSNORTE\\ops.cardoso","EventID":5,"Image":"C:\\Windows\\System32\\RuntimeBroker.exe","ProcessGuid":"{DBC40A58-86DD-2026-C523-F9CC26C4D89F}","ProcessId":1820,"EventType":"End"}
{"UtcTime":"2026-08-12 09:44:21.000","Computer":"TN-FIN-WS042","User":"TRANSNORTE\\backup_svc","EventID":1,"Image":"C:\\Windows\\explorer.exe","ProcessGuid":"{071BF632-959B-2026-80DC-65945461AFF1}","ProcessId":2977,"CommandLine":"C:\\Windows\\explorer.exe","ParentImage":"C:\\Windows\\System32\\services.exe","ParentProcessGuid":"{088E48D2-AE59-2026-7D39-1CFD551E4DDA}","OriginalFileName":"C:\\Windows\\explorer.exe","SHA256":"6208b65f6aa78129427700c69308710cb4c2d14a2d67a10714ddc8ee9661d8f0"}
{"UtcTime":"2026-08-12 09:44:22.000","Computer":"TN-FIN-WS042","User":"TRANSNORTE\\backup_svc","EventID":1,"Image":"C:\\Windows\\System32\\RuntimeBroker.exe","ProcessGuid":"{17425774-5D0D-2026-7B4B-CDEC7D177C5D}","ProcessId":7527,"CommandLine":"C:\\Windows\\System32\\RuntimeBroker.exe","ParentImage":"C:\\Windows\\System32\\services.exe","ParentProcessGuid":"{F7FBCC54-F386-2026-5610-BFFF3E2AA077}","OriginalFileName":"C:\\Windows\\System32\\RuntimeBroker.exe","SHA256":"4f5145913b2e0a920dc7d0116057c0a948095abda13c597854a2a890748ee76f"}
{"UtcTime":"2026-08-12 09:44:23.000","Computer":"TN-FIN-WS042","User":"TRANSNORTE\\ops.cardoso","EventID":1,"Image":"C:\\Windows\\explorer.exe","ProcessGuid":"{F226BD38-47F9-2026-1D60-4921B66781B9}","ProcessId":7015,"CommandLine":"C:\\Windows\\explorer.exe","ParentImage":"C:\\Windows\\System32\\services.exe","ParentProcessGuid":"{C442EC6F-7C3E-2026-F75C-80129BC6EA5B}","OriginalFileName":"C:\\Windows\\explorer.exe","SHA256":"3bd71eb6a88921d4b3a83a73625702967f63a1d64dfe49ffcef000787e45f321"}
{"UtcTime":"2026-08-12 09:44:24.000","Computer":"TN-FIN-WS042","User":"TRANSNORTE\\backup_svc","EventID":3,"Image":"C:\\Program Files\\Microsoft Office\\Office16\\OUTLOOK.EXE","ProcessGuid":"{7A741AE7-7420-2026-769F-3F7F9C19D98B}","ProcessId":8452,"DestinationIp":"1.1.1.1","DestinationPort":443,"SourceIp":"10.50.10.42","Protocol":"tcp"}
{"UtcTime":"2026-08-12 09:44:25.000","Computer":"TN-FIN-WS042","User":"TRANSNORTE\\backup_svc","EventID":1,"Image":"C:\\Windows\\System32\\svchost.exe","ProcessGuid":"{867D7D77-3370-2026-27E7-A19E9C0553EF}","ProcessId":2385,"CommandLine":"C:\\Windows\\System32\\svchost.exe","ParentImage":"C:\\Windows\\System32\\services.exe","ParentProcessGuid":"{A3E2B648-580E-2026-259B-BA5A8B726047}","OriginalFileName":"C:\\Windows\\System32\\svchost.exe","SHA256":"e4d96f02c49b3ff14c474a4189de42b3f808a8b783fe1dd3f9d184af77fa9c5c"}
{"UtcTime":"2026-08-12 09:44:26.000","Computer":"TN-FIN-WS042","User":"TRANSNORTE\\backup_svc","EventID":11,"Image":"C:\\Program Files\\Microsoft Office\\Office16\\OUTLOOK.EXE","ProcessGuid":"{00345CD2-6456-2026-EFC9-50926C500328}","ProcessId":4543,"TargetFilename":"C:\\Users\\ops.cardoso\\AppData\\Local\\Temp\\office-266.tmp"}
{"UtcTime":"2026-08-12 09:44:27.000","Computer":"TN-FIN-WS042","User":"TRANSNORTE\\backup_svc","EventID":1,"Image":"C:\\Program Files\\Google\\Chrome\\Application\\chrome.exe","ProcessGuid":"{8F65DD56-AC50-2026-7276-8BC79CD47EB6}","ProcessId":4881,"CommandLine":"C:\\Program Files\\Google\\Chrome\\Application\\chrome.exe","ParentImage":"C:\\Windows\\System32\\services.exe","ParentProcessGuid":"{E22805D0-A533-2026-F681-1BF7F45C9B4F}","OriginalFileName":"C:\\Program Files\\Google\\Chrome\\Application\\chrome.exe","SHA256":"d9f80903b2282d4515b05bb2f3b2dd4178ceb418d0aa91bb727a23ab72a97263"}
{"UtcTime":"2026-08-12 09:44:28.000","Computer":"TN-FIN-WS042","User":"TRANSNORTE\\ops.cardoso","EventID":3,"Image":"C:\\Program Files\\Google\\Chrome\\Application\\chrome.exe","ProcessGuid":"{BDE753A1-C599-2026-2AE3-E720A220C584}","ProcessId":4420,"DestinationIp":"8.8.8.8","DestinationPort":443,"SourceIp":"10.50.10.42","Protocol":"tcp"}
{"UtcTime":"2026-08-12 09:44:29.000","Computer":"TN-FIN-WS042","User":"TRANSNORTE\\backup_svc","EventID":3,"Image":"C:\\Program Files\\Google\\Chrome\\Application\\chrome.exe","ProcessGuid":"{E03292EB-C6EA-2026-69B3-B03E12EE9E79}","ProcessId":7570,"DestinationIp":"10.50.10.10","DestinationPort":443,"SourceIp":"10.50.10.42","Protocol":"tcp"}
{"UtcTime":"2026-08-12 09:44:30.000","Computer":"TN-FIN-WS042","User":"TRANSNORTE\\ops.cardoso","EventID":5,"Image":"C:\\Program Files\\Google\\Chrome\\Application\\chrome.exe","ProcessGuid":"{E6054C8C-96D9-2026-DA3F-9CA4CBCD0790}","ProcessId":3837,"EventType":"End"}
{"UtcTime":"2026-08-12 09:44:31.000","Computer":"TN-FIN-WS042","User":"TRANSNORTE\\backup_svc","EventID":3,"Image":"C:\\Windows\\explorer.exe","ProcessGuid":"{29A67CFB-8594-2026-6618-DD4B380FE465}","ProcessId":4163,"DestinationIp":"1.1.1.1","DestinationPort":443,"SourceIp":"10.50.10.42","Protocol":"tcp"}
{"UtcTime":"2026-08-12 09:44:32.000","Computer":"TN-FIN-WS042","User":"TRANSNORTE\\backup_svc","EventID":5,"Image":"C:\\Windows\\explorer.exe","ProcessGuid":"{36535A7D-08F0-2026-25EE-F03457BEDB1D}","ProcessId":6093,"EventType":"End"}
{"UtcTime":"2026-08-12 09:44:33.000","Computer":"TN-FIN-WS042","User":"TRANSNORTE\\backup_svc","EventID":1,"Image":"C:\\Program Files\\Microsoft Office\\Office16\\OUTLOOK.EXE","ProcessGuid":"{0290ADB6-A891-2026-0688-691435AB8F63}","ProcessId":1245,"CommandLine":"C:\\Program Files\\Microsoft Office\\Office16\\OUTLOOK.EXE","ParentImage":"C:\\Windows\\System32\\services.exe","ParentProcessGuid":"{18967940-443C-2026-0797-5C67BED5376E}","OriginalFileName":"C:\\Program Files\\Microsoft Office\\Office16\\OUTLOOK.EXE","SHA256":"eab7eb04b8d0337e552e80507c5cd8a69791b8d1376729660d5b2c08555a3f51"}
{"UtcTime":"2026-08-12 09:44:34.000","Computer":"TN-FIN-WS042","User":"TRANSNORTE\\backup_svc","EventID":5,"Image":"C:\\Program Files\\Microsoft Office\\Office16\\OUTLOOK.EXE","ProcessGuid":"{8F14EF18-00DA-2026-C220-F4DA6F56B548}","ProcessId":4439,"EventType":"End"}
{"UtcTime":"2026-08-12 09:44:35.000","Computer":"TN-FIN-WS042","User":"TRANSNORTE\\backup_svc","EventID":3,"Image":"C:\\Windows\\explorer.exe","ProcessGuid":"{0C5DC42D-4FDA-2026-46F7-A10DD17DDD98}","ProcessId":1159,"DestinationIp":"8.8.8.8","DestinationPort":135,"SourceIp":"10.50.10.42","Protocol":"tcp"}
{"UtcTime":"2026-08-12 09:44:36.000","Computer":"TN-FIN-WS042","User":"TRANSNORTE\\backup_svc","EventID":1,"Image":"C:\\Windows\\System32\\svchost.exe","ProcessGuid":"{8AEB5974-00D7-2026-D934-3C086CACCE80}","ProcessId":960,"CommandLine":"C:\\Windows\\System32\\svchost.exe","ParentImage":"C:\\Windows\\System32\\services.exe","ParentProcessGuid":"{1EEB8218-13FC-2026-EB32-156A62718EEB}","OriginalFileName":"C:\\Windows\\System32\\svchost.exe","SHA256":"e9e5b21233b3499b2e189ea4b8ce08d5aa3dde854821f4654ae366eccda8d3f6"}
{"UtcTime":"2026-08-12 09:44:37.000","Computer":"TN-FIN-WS042","User":"TRANSNORTE\\backup_svc","EventID":1,"Image":"C:\\Windows\\explorer.exe","ProcessGuid":"{64B41472-31F9-2026-AD18-DF8D3D0CE00F}","ProcessId":5108,"CommandLine":"C:\\Windows\\explorer.exe","ParentImage":"C:\\Windows\\System32\\services.exe","ParentProcessGuid":"{BA0DD80D-220B-2026-82EE-D46ADFFDDA9E}","OriginalFileName":"C:\\Windows\\explorer.exe","SHA256":"8e4e191345b881ff7595e747b0460c8c25728ba250ba9c25881cae260ef5be59"}
{"UtcTime":"2026-08-12 09:44:38.000","Computer":"TN-FIN-WS042","User":"TRANSNORTE\\backup_svc","EventID":1,"Image":"C:\\Windows\\System32\\svchost.exe","ProcessGuid":"{0F80EBDA-0F3B-2026-06A1-7F6AC2083B88}","ProcessId":6908,"CommandLine":"C:\\Windows\\System32\\svchost.exe","ParentImage":"C:\\Windows\\System32\\services.exe","ParentProcessGuid":"{C2527481-168A-2026-A453-69E2BF9AFA6C}","OriginalFileName":"C:\\Windows\\System32\\svchost.exe","SHA256":"64301065a6f93f177668ab5ce790c4659ceb16c3d23cf3c53d0602aba483807f"}
{"UtcTime":"2026-08-12 09:44:39.000","Computer":"TN-FIN-WS042","User":"TRANSNORTE\\backup_svc","EventID":1,"Image":"C:\\Windows\\explorer.exe","ProcessGuid":"{4A85E7CE-132A-2026-E585-9DF73F238016}","ProcessId":4087,"CommandLine":"C:\\Windows\\explorer.exe","ParentImage":"C:\\Windows\\System32\\services.exe","ParentProcessGuid":"{2C6703E1-1544-2026-921B-441FD7125B46}","OriginalFileName":"C:\\Windows\\explorer.exe","SHA256":"8aa04553002e8669a7ce2e9c2fd03e84fb2d61dcc612857056cb87cd08443c5b"}
{"UtcTime":"2026-08-12 09:44:40.000","Computer":"TN-FIN-WS042","User":"TRANSNORTE\\ops.cardoso","EventID":1,"Image":"C:\\Program Files\\Google\\Chrome\\Application\\chrome.exe","ProcessGuid":"{FF9A62C6-E897-2026-F5C5-9A56F8A80217}","ProcessId":5385,"CommandLine":"C:\\Program Files\\Google\\Chrome\\Application\\chrome.exe","ParentImage":"C:\\Windows\\System32\\services.exe","ParentProcessGuid":"{19C33EB4-19CA-2026-F019-4BC745361FFD}","OriginalFileName":"C:\\Program Files\\Google\\Chrome\\Application\\chrome.exe","SHA256":"b0697ef6282c02ab27ba3070c3d6961691253208dfe5eb846216cb4bee98f9ba"}
{"UtcTime":"2026-08-12 09:44:41.000","Computer":"TN-FIN-WS042","User":"TRANSNORTE\\backup_svc","EventID":13,"Image":"C:\\Windows\\System32\\conhost.exe","ProcessGuid":"{E4B292F4-7EF2-2026-5301-90490C4A2308}","ProcessId":3452,"EventType":"SetValue","TargetObject":"HKCU\\Software\\Microsoft\\Office\\16.0\\Outlook\\Resiliency\\281","Details":"1"}
{"UtcTime":"2026-08-12 09:44:42.000","Computer":"TN-FIN-WS042","User":"TRANSNORTE\\backup_svc","EventID":1,"Image":"C:\\Windows\\explorer.exe","ProcessGuid":"{7FBB514A-EC26-2026-DB5E-FEE590A0434F}","ProcessId":1933,"CommandLine":"C:\\Windows\\explorer.exe","ParentImage":"C:\\Windows\\System32\\services.exe","ParentProcessGuid":"{1A7278DB-420F-2026-302C-11F07A65BF3F}","OriginalFileName":"C:\\Windows\\explorer.exe","SHA256":"79bfe444e52fff1ac90bce374f22d786d92433bbebca17d556245b49c4146bcb"}
{"UtcTime":"2026-08-12 09:44:43.000","Computer":"TN-FIN-WS042","User":"TRANSNORTE\\ops.cardoso","EventID":1,"Image":"C:\\Windows\\System32\\RuntimeBroker.exe","ProcessGuid":"{975C3A1D-1892-2026-062B-010BDB96EFCE}","ProcessId":7115,"CommandLine":"C:\\Windows\\System32\\RuntimeBroker.exe","ParentImage":"C:\\Windows\\System32\\services.exe","ParentProcessGuid":"{700D6537-665F-2026-A7A2-140D25563594}","OriginalFileName":"C:\\Windows\\System32\\RuntimeBroker.exe","SHA256":"b79bdbe6f08de5e2a8c3b8bec02351343653e04aff7b18c99bd681282f68657a"}
{"UtcTime":"2026-08-12 09:44:44.000","Computer":"TN-FIN-WS042","User":"TRANSNORTE\\ops.cardoso","EventID":1,"Image":"C:\\Program Files\\Microsoft Office\\Office16\\OUTLOOK.EXE","ProcessGuid":"{156BC087-2B2C-2026-F44C-56778E7A16AA}","ProcessId":6750,"CommandLine":"C:\\Program Files\\Microsoft Office\\Office16\\OUTLOOK.EXE","ParentImage":"C:\\Windows\\System32\\services.exe","ParentProcessGuid":"{B779E6FC-C9DA-2026-2B37-D2C26407BB5A}","OriginalFileName":"C:\\Program Files\\Microsoft Office\\Office16\\OUTLOOK.EXE","SHA256":"8fbe682819e3b9c5f4ba9eccb0d5b3335d62f07763c9d102779858676ab3641c"}
{"UtcTime":"2026-08-12 09:44:45.000","Computer":"TN-FIN-WS042","User":"TRANSNORTE\\backup_svc","EventID":1,"Image":"C:\\Windows\\explorer.exe","ProcessGuid":"{9F5B6BE0-EF31-2026-64B3-704B2733D5A5}","ProcessId":8597,"CommandLine":"C:\\Windows\\explorer.exe","ParentImage":"C:\\Windows\\System32\\services.exe","ParentProcessGuid":"{1FBE32A1-12A3-2026-30FE-BEE671C66607}","OriginalFileName":"C:\\Windows\\explorer.exe","SHA256":"9b1c926269b0f00c848a9833523ee4b98b9f0166d0c08dda87de7089832376d5"}
{"UtcTime":"2026-08-12 09:44:46.000","Computer":"TN-FIN-WS042","User":"TRANSNORTE\\ops.cardoso","EventID":1,"Image":"C:\\Program Files\\Microsoft Office\\Office16\\OUTLOOK.EXE","ProcessGuid":"{0043770D-F235-2026-4B77-9EB1FD600F20}","ProcessId":2821,"CommandLine":"C:\\Program Files\\Microsoft Office\\Office16\\OUTLOOK.EXE","ParentImage":"C:\\Windows\\System32\\services.exe","ParentProcessGuid":"{B3D97EBF-EAAF-2026-4342-D39DBF4E3516}","OriginalFileName":"C:\\Program Files\\Microsoft Office\\Office16\\OUTLOOK.EXE","SHA256":"2915cf5f64299dc63ad4b4bd4081899c37e18e1500a716e8bd7ab84bf1b135fe"}
{"UtcTime":"2026-08-12 09:44:47.000","Computer":"TN-FIN-WS042","User":"TRANSNORTE\\backup_svc","EventID":1,"Image":"C:\\Program Files\\Microsoft Office\\Office16\\OUTLOOK.EXE","ProcessGuid":"{CB9FCC84-D76D-2026-ED09-31D3D1BA84BD}","ProcessId":6582,"CommandLine":"C:\\Program Files\\Microsoft Office\\Office16\\OUTLOOK.EXE","ParentImage":"C:\\Windows\\System32\\services.exe","ParentProcessGuid":"{E64B5939-A247-2026-A4FF-49FB14310E8A}","OriginalFileName":"C:\\Program Files\\Microsoft Office\\Office16\\OUTLOOK.EXE","SHA256":"b24f5ccc6f211231d8796a434363fa78d7955c7e4af77867f5e3317b174fabc3"}
{"UtcTime":"2026-08-12 09:44:48.000","Computer":"TN-FIN-WS042","User":"TRANSNORTE\\ops.cardoso","EventID":1,"Image":"C:\\Program Files\\Google\\Chrome\\Application\\chrome.exe","ProcessGuid":"{EE885F0C-5119-2026-E110-405BB83E023C}","ProcessId":3602,"CommandLine":"C:\\Program Files\\Google\\Chrome\\Application\\chrome.exe","ParentImage":"C:\\Windows\\System32\\services.exe","ParentProcessGuid":"{1990B2F3-8AA9-2026-E4F2-8D7B7DC0DBB7}","OriginalFileName":"C:\\Program Files\\Google\\Chrome\\Application\\chrome.exe","SHA256":"b606fe3890003209b8d39ca33f039742a296201be135c353eb1e44f8b9f6bd4d"}
{"UtcTime":"2026-08-12 09:44:49.000","Computer":"TN-FIN-WS042","User":"TRANSNORTE\\backup_svc","EventID":3,"Image":"C:\\Program Files\\Google\\Chrome\\Application\\chrome.exe","ProcessGuid":"{0EDCB32D-1192-2026-1DC8-FEDDE4107825}","ProcessId":8858,"DestinationIp":"10.50.10.10","DestinationPort":53,"SourceIp":"10.50.10.42","Protocol":"tcp"}
{"UtcTime":"2026-08-12 09:44:50.000","Computer":"TN-FIN-WS042","User":"TRANSNORTE\\backup_svc","EventID":1,"Image":"C:\\Windows\\System32\\svchost.exe","ProcessGuid":"{D5DE5D2B-49AF-2026-DE27-6A400B07598E}","ProcessId":2336,"CommandLine":"C:\\Windows\\System32\\svchost.exe","ParentImage":"C:\\Windows\\System32\\services.exe","ParentProcessGuid":"{DA1C87A1-F777-2026-4BF7-3609B093E9F8}","OriginalFileName":"C:\\Windows\\System32\\svchost.exe","SHA256":"31d558bd724833ab3b8784d3dcfe39b438eed60fda67e58cb9eeca4c0e866f7a"}
{"UtcTime":"2026-08-12 09:44:51.000","Computer":"TN-FIN-WS042","User":"TRANSNORTE\\backup_svc","EventID":1,"Image":"C:\\Windows\\System32\\svchost.exe","ProcessGuid":"{AAAE99E5-92F0-2026-EB95-C3EE5B5DD716}","ProcessId":7952,"CommandLine":"C:\\Windows\\System32\\svchost.exe","ParentImage":"C:\\Windows\\System32\\services.exe","ParentProcessGuid":"{D87AC709-A30F-2026-CA13-21476E054555}","OriginalFileName":"C:\\Windows\\System32\\svchost.exe","SHA256":"5af21ee356f49923135e60f45dc2efd42e57324f2a63c5a07795c9986a59b5e3"}
{"UtcTime":"2026-08-12 09:44:52.000","Computer":"TN-FIN-WS042","User":"TRANSNORTE\\ops.cardoso","EventID":13,"Image":"C:\\Windows\\System32\\svchost.exe","ProcessGuid":"{61010D5A-D4DB-2026-94F6-3523A264C39C}","ProcessId":1384,"EventType":"SetValue","TargetObject":"HKCU\\Software\\Microsoft\\Office\\16.0\\Outlook\\Resiliency\\292","Details":"1"}
{"UtcTime":"2026-08-12 09:44:53.000","Computer":"TN-FIN-WS042","User":"TRANSNORTE\\backup_svc","EventID":5,"Image":"C:\\Windows\\System32\\conhost.exe","ProcessGuid":"{D444FE12-9166-2026-3E6C-EAB2039D1AA0}","ProcessId":6615,"EventType":"End"}
{"UtcTime":"2026-08-12 09:44:54.000","Computer":"TN-FIN-WS042","User":"TRANSNORTE\\backup_svc","EventID":13,"Image":"C:\\Windows\\System32\\svchost.exe","ProcessGuid":"{E5E4E699-7933-2026-8316-53A748CF74B8}","ProcessId":1263,"EventType":"SetValue","TargetObject":"HKCU\\Software\\Microsoft\\Office\\16.0\\Outlook\\Resiliency\\294","Details":"1"}
{"UtcTime":"2026-08-12 09:44:55.000","Computer":"TN-FIN-WS042","User":"TRANSNORTE\\ops.cardoso","EventID":5,"Image":"C:\\Windows\\System32\\conhost.exe","ProcessGuid":"{C1317C07-A00B-2026-9D15-0AC0BE365044}","ProcessId":1476,"EventType":"End"}
{"UtcTime":"2026-08-12 09:44:56.000","Computer":"TN-FIN-WS042","User":"TRANSNORTE\\backup_svc","EventID":3,"Image":"C:\\Program Files\\Microsoft Office\\Office16\\OUTLOOK.EXE","ProcessGuid":"{BC99B03E-634F-2026-9153-84A8AE5107C4}","ProcessId":8341,"DestinationIp":"1.1.1.1","DestinationPort":8080,"SourceIp":"10.50.10.42","Protocol":"tcp"}
{"UtcTime":"2026-08-12 09:44:57.000","Computer":"TN-FIN-WS042","User":"TRANSNORTE\\backup_svc","EventID":5,"Image":"C:\\Windows\\System32\\svchost.exe","ProcessGuid":"{E3ED933B-A486-2026-52F9-E4029FD95A69}","ProcessId":8386,"EventType":"End"}
{"UtcTime":"2026-08-12 09:44:58.000","Computer":"TN-FIN-WS042","User":"TRANSNORTE\\backup_svc","EventID":13,"Image":"C:\\Windows\\explorer.exe","ProcessGuid":"{7F1DB20A-C98B-2026-D863-001300968007}","ProcessId":6595,"EventType":"SetValue","TargetObject":"HKCU\\Software\\Microsoft\\Office\\16.0\\Outlook\\Resiliency\\298","Details":"1"}
{"UtcTime":"2026-08-12 09:44:59.000","Computer":"TN-FIN-WS042","User":"TRANSNORTE\\backup_svc","EventID":11,"Image":"C:\\Program Files\\Microsoft Office\\Office16\\OUTLOOK.EXE","ProcessGuid":"{2224EBD2-0175-2026-0ABF-7AD2A30B5D3B}","ProcessId":6341,"TargetFilename":"C:\\Users\\ops.cardoso\\AppData\\Local\\Temp\\office-299.tmp"}
{"UtcTime":"2026-08-12 09:45:00.000","Computer":"TN-FIN-WS042","User":"TRANSNORTE\\ops.cardoso","EventID":5,"Image":"C:\\Windows\\System32\\svchost.exe","ProcessGuid":"{5ABBDA10-5C77-2026-7080-03C14E51E012}","ProcessId":2087,"EventType":"End"}
{"UtcTime":"2026-08-12 09:45:01.000","Computer":"TN-FIN-WS042","User":"TRANSNORTE\\ops.cardoso","EventID":3,"Image":"C:\\Program Files\\Google\\Chrome\\Application\\chrome.exe","ProcessGuid":"{82C52B96-599B-2026-6F87-4F3C703F716D}","ProcessId":4684,"DestinationIp":"8.8.8.8","DestinationPort":135,"SourceIp":"10.50.10.42","Protocol":"tcp"}
{"UtcTime":"2026-08-12 09:45:02.000","Computer":"TN-FIN-WS042","User":"TRANSNORTE\\backup_svc","EventID":3,"Image":"C:\\Program Files\\Google\\Chrome\\Application\\chrome.exe","ProcessGuid":"{8C853318-27E5-2026-CB88-BC31194B4DD8}","ProcessId":2025,"DestinationIp":"8.8.8.8","DestinationPort":443,"SourceIp":"10.50.10.42","Protocol":"tcp"}
{"UtcTime":"2026-08-12 09:45:03.000","Computer":"TN-FIN-WS042","User":"TRANSNORTE\\ops.cardoso","EventID":5,"Image":"C:\\Program Files\\Google\\Chrome\\Application\\chrome.exe","ProcessGuid":"{0F05E3CF-6A08-2026-6DD7-64A8763939E1}","ProcessId":663,"EventType":"End"}
{"UtcTime":"2026-08-12 09:45:04.000","Computer":"TN-FIN-WS042","User":"TRANSNORTE\\ops.cardoso","EventID":13,"Image":"C:\\Windows\\System32\\svchost.exe","ProcessGuid":"{C04F008E-86FE-2026-3E65-F4EAD367C108}","ProcessId":1688,"EventType":"SetValue","TargetObject":"HKCU\\Software\\Microsoft\\Office\\16.0\\Outlook\\Resiliency\\304","Details":"1"}
{"UtcTime":"2026-08-12 09:45:05.000","Computer":"TN-FIN-WS042","User":"TRANSNORTE\\ops.cardoso","EventID":3,"Image":"C:\\Windows\\System32\\svchost.exe","ProcessGuid":"{734F3864-22C6-2026-4209-03367B459D15}","ProcessId":2483,"DestinationIp":"10.50.10.10","DestinationPort":8080,"SourceIp":"10.50.10.42","Protocol":"tcp"}
{"UtcTime":"2026-08-12 09:45:06.000","Computer":"TN-FIN-WS042","User":"TRANSNORTE\\backup_svc","EventID":3,"Image":"C:\\Windows\\explorer.exe","ProcessGuid":"{3D984342-90CC-2026-AC74-1472D44ABC29}","ProcessId":4528,"DestinationIp":"10.50.10.88","DestinationPort":53,"SourceIp":"10.50.10.42","Protocol":"tcp"}
{"UtcTime":"2026-08-12 09:45:07.000","Computer":"TN-FIN-WS042","User":"TRANSNORTE\\backup_svc","EventID":5,"Image":"C:\\Program Files\\Google\\Chrome\\Application\\chrome.exe","ProcessGuid":"{F557F01A-4085-2026-8370-0463AAD78627}","ProcessId":8034,"EventType":"End"}
{"UtcTime":"2026-08-12 09:45:08.000","Computer":"TN-FIN-WS042","User":"TRANSNORTE\\ops.cardoso","EventID":13,"Image":"C:\\Windows\\explorer.exe","ProcessGuid":"{FBF00AD1-5C59-2026-AD92-A366F601D1EA}","ProcessId":2257,"EventType":"SetValue","TargetObject":"HKCU\\Software\\Microsoft\\Office\\16.0\\Outlook\\Resiliency\\308","Details":"1"}
{"UtcTime":"2026-08-12 09:45:09.000","Computer":"TN-FIN-WS042","User":"TRANSNORTE\\backup_svc","EventID":1,"Image":"C:\\Program Files\\Google\\Chrome\\Application\\chrome.exe","ProcessGuid":"{A2FCB2E0-A863-2026-A027-CCF84923CBAA}","ProcessId":5172,"CommandLine":"C:\\Program Files\\Google\\Chrome\\Application\\chrome.exe","ParentImage":"C:\\Windows\\System32\\services.exe","ParentProcessGuid":"{B64797DC-976C-2026-72B9-D4B9D7B64EB5}","OriginalFileName":"C:\\Program Files\\Google\\Chrome\\Application\\chrome.exe","SHA256":"881e25d4e2fb2f5d211d8513846d85fa0e7fcb58493903c70a413f2ff6d3f49a"}
{"UtcTime":"2026-08-12 09:45:10.000","Computer":"TN-FIN-WS042","User":"TRANSNORTE\\backup_svc","EventID":3,"Image":"C:\\Windows\\System32\\svchost.exe","ProcessGuid":"{34E67401-1520-2026-0EF7-F83E55F84347}","ProcessId":5421,"DestinationIp":"1.1.1.1","DestinationPort":53,"SourceIp":"10.50.10.42","Protocol":"tcp"}
{"UtcTime":"2026-08-12 09:45:11.000","Computer":"TN-FIN-WS042","User":"TRANSNORTE\\ops.cardoso","EventID":13,"Image":"C:\\Program Files\\Google\\Chrome\\Application\\chrome.exe","ProcessGuid":"{617FFE63-3301-2026-9EAD-1F987E65CBAF}","ProcessId":7967,"EventType":"SetValue","TargetObject":"HKCU\\Software\\Microsoft\\Office\\16.0\\Outlook\\Resiliency\\311","Details":"1"}
{"UtcTime":"2026-08-12 09:45:12.000","Computer":"TN-FIN-WS042","User":"TRANSNORTE\\ops.cardoso","EventID":13,"Image":"C:\\Windows\\System32\\svchost.exe","ProcessGuid":"{CCFA6833-43AA-2026-62F3-A7A54F8B78FB}","ProcessId":690,"EventType":"SetValue","TargetObject":"HKCU\\Software\\Microsoft\\Office\\16.0\\Outlook\\Resiliency\\312","Details":"1"}
{"UtcTime":"2026-08-12 09:45:13.000","Computer":"TN-FIN-WS042","User":"TRANSNORTE\\ops.cardoso","EventID":1,"Image":"C:\\Program Files\\Microsoft Office\\Office16\\OUTLOOK.EXE","ProcessGuid":"{D4B545AD-3319-2026-8ADD-1EE1935FC3B4}","ProcessId":5407,"CommandLine":"C:\\Program Files\\Microsoft Office\\Office16\\OUTLOOK.EXE","ParentImage":"C:\\Windows\\System32\\services.exe","ParentProcessGuid":"{6347DBC5-47CD-2026-86AD-3910A93C65FD}","OriginalFileName":"C:\\Program Files\\Microsoft Office\\Office16\\OUTLOOK.EXE","SHA256":"b2b21ed9f3a2b6fcf02731cd86f470dc6aabff861ade7f1a36264436c81c8daa"}
{"UtcTime":"2026-08-12 09:45:14.000","Computer":"TN-FIN-WS042","User":"TRANSNORTE\\backup_svc","EventID":3,"Image":"C:\\Program Files\\Microsoft Office\\Office16\\OUTLOOK.EXE","ProcessGuid":"{98250B2E-A604-2026-705D-9DF2F57F28FE}","ProcessId":3754,"DestinationIp":"10.50.10.88","DestinationPort":443,"SourceIp":"10.50.10.42","Protocol":"tcp"}
{"UtcTime":"2026-08-12 09:45:15.000","Computer":"TN-FIN-WS042","User":"TRANSNORTE\\backup_svc","EventID":13,"Image":"C:\\Windows\\explorer.exe","ProcessGuid":"{4A629B77-74BA-2026-CE58-71396BB0C4D2}","ProcessId":8719,"EventType":"SetValue","TargetObject":"HKCU\\Software\\Microsoft\\Office\\16.0\\Outlook\\Resiliency\\315","Details":"1"}
{"UtcTime":"2026-08-12 09:45:16.000","Computer":"TN-FIN-WS042","User":"TRANSNORTE\\ops.cardoso","EventID":13,"Image":"C:\\Windows\\explorer.exe","ProcessGuid":"{602A361B-D78E-2026-593C-5E95ABAF111B}","ProcessId":7280,"EventType":"SetValue","TargetObject":"HKCU\\Software\\Microsoft\\Office\\16.0\\Outlook\\Resiliency\\316","Details":"1"}
{"UtcTime":"2026-08-12 09:45:17.000","Computer":"TN-FIN-WS042","User":"TRANSNORTE\\backup_svc","EventID":3,"Image":"C:\\Windows\\System32\\RuntimeBroker.exe","ProcessGuid":"{9546B2E2-EED9-2026-A595-9F84FD929F53}","ProcessId":8947,"DestinationIp":"10.50.10.88","DestinationPort":53,"SourceIp":"10.50.10.42","Protocol":"tcp"}
{"UtcTime":"2026-08-12 09:45:18.000","Computer":"TN-FIN-WS042","User":"TRANSNORTE\\ops.cardoso","EventID":1,"Image":"C:\\Windows\\System32\\RuntimeBroker.exe","ProcessGuid":"{CBA223EE-1651-2026-2504-F7940EE207AB}","ProcessId":1286,"CommandLine":"C:\\Windows\\System32\\RuntimeBroker.exe","ParentImage":"C:\\Windows\\System32\\services.exe","ParentProcessGuid":"{E139C08E-53B1-2026-ADF6-674D372D7FDB}","OriginalFileName":"C:\\Windows\\System32\\RuntimeBroker.exe","SHA256":"13986c8c774bfe8a441e7bd98c345ed5f18b4bd8edac87fdd7faf5b0bb9ffbed"}
{"UtcTime":"2026-08-12 09:45:19.000","Computer":"TN-FIN-WS042","User":"TRANSNORTE\\backup_svc","EventID":13,"Image":"C:\\Windows\\System32\\RuntimeBroker.exe","ProcessGuid":"{DB9C19ED-A764-2026-028D-1590F29FDA44}","ProcessId":6838,"EventType":"SetValue","TargetObject":"HKCU\\Software\\Microsoft\\Office\\16.0\\Outlook\\Resiliency\\319","Details":"1"}
{"UtcTime":"2026-08-12 09:45:20.000","Computer":"TN-FIN-WS042","User":"TRANSNORTE\\backup_svc","EventID":1,"Image":"C:\\Program Files\\Google\\Chrome\\Application\\chrome.exe","ProcessGuid":"{372011C1-9A76-2026-A379-AB829D0D3F47}","ProcessId":4780,"CommandLine":"C:\\Program Files\\Google\\Chrome\\Application\\chrome.exe","ParentImage":"C:\\Windows\\System32\\services.exe","ParentProcessGuid":"{F6B3A59B-A507-2026-4387-1F5644CBC6AA}","OriginalFileName":"C:\\Program Files\\Google\\Chrome\\Application\\chrome.exe","SHA256":"28ad9f8d7c7204967bf0e4fec1c7e8b388a35035bba5889166c4fa4811df963e"}
{"UtcTime":"2026-08-12 09:45:21.000","Computer":"TN-FIN-WS042","User":"TRANSNORTE\\ops.cardoso","EventID":1,"Image":"C:\\Windows\\explorer.exe","ProcessGuid":"{E8CA3E60-537D-2026-5519-D185280D65F2}","ProcessId":2682,"CommandLine":"C:\\Windows\\explorer.exe","ParentImage":"C:\\Windows\\System32\\services.exe","ParentProcessGuid":"{1AE7199A-B319-2026-FEBD-C7945E0F1F84}","OriginalFileName":"C:\\Windows\\explorer.exe","SHA256":"46cdfddd0209022a8f37793ed0ee345e4d58e562b850bb8bde8e8f2ba93da97b"}
{"UtcTime":"2026-08-12 09:45:22.000","Computer":"TN-FIN-WS042","User":"TRANSNORTE\\backup_svc","EventID":1,"Image":"C:\\Program Files\\Google\\Chrome\\Application\\chrome.exe","ProcessGuid":"{8BD763E0-ACFD-2026-902F-48F258AA7E07}","ProcessId":4572,"CommandLine":"C:\\Program Files\\Google\\Chrome\\Application\\chrome.exe","ParentImage":"C:\\Windows\\System32\\services.exe","ParentProcessGuid":"{098E26C8-81F6-2026-E6A6-AD53683D15CA}","OriginalFileName":"C:\\Program Files\\Google\\Chrome\\Application\\chrome.exe","SHA256":"a0c1ea5edda117698227bc778e50c74c3810e305166dd153f44f694bb4eee78c"}
{"UtcTime":"2026-08-12 09:45:23.000","Computer":"TN-FIN-WS042","User":"TRANSNORTE\\backup_svc","EventID":1,"Image":"C:\\Windows\\System32\\svchost.exe","ProcessGuid":"{0C9101A0-5D3A-2026-869F-29286BEF45C1}","ProcessId":3609,"CommandLine":"C:\\Windows\\System32\\svchost.exe","ParentImage":"C:\\Windows\\System32\\services.exe","ParentProcessGuid":"{1BF0810B-0596-2026-B1D4-092D7315F00B}","OriginalFileName":"C:\\Windows\\System32\\svchost.exe","SHA256":"f6b15a78d5f25721bee7fe95e78ee28a443a6fa7acb3ed66bef7c82fed7a81fa"}
{"UtcTime":"2026-08-12 09:45:24.000","Computer":"TN-FIN-WS042","User":"TRANSNORTE\\backup_svc","EventID":1,"Image":"C:\\Windows\\System32\\svchost.exe","ProcessGuid":"{F0C0BEC6-C770-2026-4691-FDBCE5F20F4B}","ProcessId":7666,"CommandLine":"C:\\Windows\\System32\\svchost.exe","ParentImage":"C:\\Windows\\System32\\services.exe","ParentProcessGuid":"{598B16B2-ED02-2026-7220-3561D92772D9}","OriginalFileName":"C:\\Windows\\System32\\svchost.exe","SHA256":"8999310b032991f526b2230ee2dc798ba42c29c3442ffef1ad67ab2b94bf637c"}
{"UtcTime":"2026-08-12 09:45:25.000","Computer":"TN-FIN-WS042","User":"TRANSNORTE\\ops.cardoso","EventID":1,"Image":"C:\\Windows\\explorer.exe","ProcessGuid":"{A6E2F8C5-F263-2026-13D2-4080810142C3}","ProcessId":2589,"CommandLine":"C:\\Windows\\explorer.exe","ParentImage":"C:\\Windows\\System32\\services.exe","ParentProcessGuid":"{C07ECA71-C510-2026-ED87-505FE44DC965}","OriginalFileName":"C:\\Windows\\explorer.exe","SHA256":"473e7fbc8be78da30b7e14a6ef34ad0a6bca138109bd778443cef3a44f1cee48"}
{"UtcTime":"2026-08-12 09:45:26.000","Computer":"TN-FIN-WS042","User":"TRANSNORTE\\ops.cardoso","EventID":3,"Image":"C:\\Windows\\explorer.exe","ProcessGuid":"{558B0B1A-2505-2026-1D4E-A272B13AA864}","ProcessId":7321,"DestinationIp":"8.8.8.8","DestinationPort":8080,"SourceIp":"10.50.10.42","Protocol":"tcp"}
{"UtcTime":"2026-08-12 09:45:27.000","Computer":"TN-FIN-WS042","User":"TRANSNORTE\\ops.cardoso","EventID":5,"Image":"C:\\Windows\\System32\\conhost.exe","ProcessGuid":"{A9D896AD-B1DE-2026-D733-160956E1AF65}","ProcessId":4470,"EventType":"End"}
{"UtcTime":"2026-08-12 09:45:28.000","Computer":"TN-FIN-WS042","User":"TRANSNORTE\\backup_svc","EventID":3,"Image":"C:\\Program Files\\Google\\Chrome\\Application\\chrome.exe","ProcessGuid":"{479F1D82-893C-2026-81F2-40CFB9693FFE}","ProcessId":4683,"DestinationIp":"8.8.8.8","DestinationPort":8080,"SourceIp":"10.50.10.42","Protocol":"tcp"}
{"UtcTime":"2026-08-12 09:45:29.000","Computer":"TN-FIN-WS042","User":"TRANSNORTE\\backup_svc","EventID":1,"Image":"C:\\Program Files\\Microsoft Office\\Office16\\OUTLOOK.EXE","ProcessGuid":"{7B133BA5-1BDB-2026-446E-84B929FF62F9}","ProcessId":8428,"CommandLine":"C:\\Program Files\\Microsoft Office\\Office16\\OUTLOOK.EXE","ParentImage":"C:\\Windows\\System32\\services.exe","ParentProcessGuid":"{95F6332A-99D2-2026-BA1D-5C7988ECFA6F}","OriginalFileName":"C:\\Program Files\\Microsoft Office\\Office16\\OUTLOOK.EXE","SHA256":"683f1a74371bddcf040ea087736545c67f950eff41024a68e6c70e34b9972319"}
{"UtcTime":"2026-08-12 09:45:30.000","Computer":"TN-FIN-WS042","User":"TRANSNORTE\\ops.cardoso","EventID":11,"Image":"C:\\Windows\\System32\\conhost.exe","ProcessGuid":"{E572DE91-4669-2026-418A-184901F828CC}","ProcessId":3334,"TargetFilename":"C:\\Users\\ops.cardoso\\AppData\\Local\\Temp\\office-330.tmp"}
{"UtcTime":"2026-08-12 09:45:31.000","Computer":"TN-FIN-WS042","User":"TRANSNORTE\\ops.cardoso","EventID":1,"Image":"C:\\Windows\\System32\\conhost.exe","ProcessGuid":"{36D04F90-1CDD-2026-0A40-3275BA7EB994}","ProcessId":2415,"CommandLine":"C:\\Windows\\System32\\conhost.exe","ParentImage":"C:\\Windows\\System32\\services.exe","ParentProcessGuid":"{462E3258-D04F-2026-89E8-FC8BECC7BC1C}","OriginalFileName":"C:\\Windows\\System32\\conhost.exe","SHA256":"04336f39e0cb1392c511c396b2ad732ffd731991d81f6331ad8c7a92fd668063"}
{"UtcTime":"2026-08-12 09:45:32.000","Computer":"TN-FIN-WS042","User":"TRANSNORTE\\backup_svc","EventID":5,"Image":"C:\\Program Files\\Google\\Chrome\\Application\\chrome.exe","ProcessGuid":"{E04D4935-3F60-2026-D7CA-807271D5360F}","ProcessId":7491,"EventType":"End"}
{"UtcTime":"2026-08-12 09:45:33.000","Computer":"TN-FIN-WS042","User":"TRANSNORTE\\backup_svc","EventID":5,"Image":"C:\\Windows\\System32\\conhost.exe","ProcessGuid":"{E2EE084D-04A8-2026-C931-F144F0E1569A}","ProcessId":5353,"EventType":"End"}
{"UtcTime":"2026-08-12 09:45:34.000","Computer":"TN-FIN-WS042","User":"TRANSNORTE\\backup_svc","EventID":13,"Image":"C:\\Program Files\\Google\\Chrome\\Application\\chrome.exe","ProcessGuid":"{20131A8D-4947-2026-18FF-DBC643A0E28A}","ProcessId":5276,"EventType":"SetValue","TargetObject":"HKCU\\Software\\Microsoft\\Office\\16.0\\Outlook\\Resiliency\\334","Details":"1"}
{"UtcTime":"2026-08-12 09:45:35.000","Computer":"TN-FIN-WS042","User":"TRANSNORTE\\backup_svc","EventID":5,"Image":"C:\\Windows\\explorer.exe","ProcessGuid":"{58DF3F15-E0CE-2026-FD02-33BD71061E81}","ProcessId":8006,"EventType":"End"}
{"UtcTime":"2026-08-12 09:45:36.000","Computer":"TN-FIN-WS042","User":"TRANSNORTE\\backup_svc","EventID":11,"Image":"C:\\Windows\\explorer.exe","ProcessGuid":"{1BA4C242-2BE3-2026-16DA-C80A96AEA0B0}","ProcessId":6286,"TargetFilename":"C:\\Users\\ops.cardoso\\AppData\\Local\\Temp\\office-336.tmp"}
{"UtcTime":"2026-08-12 09:45:37.000","Computer":"TN-FIN-WS042","User":"TRANSNORTE\\backup_svc","EventID":1,"Image":"C:\\Windows\\explorer.exe","ProcessGuid":"{E9DE5293-8AA7-2026-E7E3-983E049CBEA9}","ProcessId":6833,"CommandLine":"C:\\Windows\\explorer.exe","ParentImage":"C:\\Windows\\System32\\services.exe","ParentProcessGuid":"{8B215B2D-1541-2026-E1C7-91EA2309B877}","OriginalFileName":"C:\\Windows\\explorer.exe","SHA256":"a736a12665db60a499b9811d944e00579cadf4dadf2322cfde0f23ad40bb2106"}
{"UtcTime":"2026-08-12 09:45:38.000","Computer":"TN-FIN-WS042","User":"TRANSNORTE\\ops.cardoso","EventID":13,"Image":"C:\\Windows\\System32\\conhost.exe","ProcessGuid":"{AFD5CEF3-CC71-2026-6ADF-1D2A240F5AD9}","ProcessId":8860,"EventType":"SetValue","TargetObject":"HKCU\\Software\\Microsoft\\Office\\16.0\\Outlook\\Resiliency\\338","Details":"1"}
{"UtcTime":"2026-08-12 09:45:39.000","Computer":"TN-FIN-WS042","User":"TRANSNORTE\\ops.cardoso","EventID":5,"Image":"C:\\Program Files\\Microsoft Office\\Office16\\OUTLOOK.EXE","ProcessGuid":"{AE6801CC-01C6-2026-2EAA-DC81A685EFBC}","ProcessId":451,"EventType":"End"}
{"UtcTime":"2026-08-12 09:45:40.000","Computer":"TN-FIN-WS042","User":"TRANSNORTE\\ops.cardoso","EventID":5,"Image":"C:\\Windows\\System32\\RuntimeBroker.exe","ProcessGuid":"{03B5ED8F-F2EA-2026-EA09-1486EF33BF56}","ProcessId":2066,"EventType":"End"}
{"UtcTime":"2026-08-12 09:45:41.000","Computer":"TN-FIN-WS042","User":"TRANSNORTE\\backup_svc","EventID":3,"Image":"C:\\Windows\\System32\\RuntimeBroker.exe","ProcessGuid":"{6C3A9F00-8BC5-2026-EB71-7A0656E3855C}","ProcessId":788,"DestinationIp":"8.8.8.8","DestinationPort":8080,"SourceIp":"10.50.10.42","Protocol":"tcp"}
{"UtcTime":"2026-08-12 09:45:42.000","Computer":"TN-FIN-WS042","User":"TRANSNORTE\\ops.cardoso","EventID":5,"Image":"C:\\Windows\\System32\\RuntimeBroker.exe","ProcessGuid":"{A8F68E4F-948D-2026-2140-27DEFFD3F8AC}","ProcessId":2342,"EventType":"End"}
{"UtcTime":"2026-08-12 09:45:43.000","Computer":"TN-FIN-WS042","User":"TRANSNORTE\\backup_svc","EventID":13,"Image":"C:\\Program Files\\Google\\Chrome\\Application\\chrome.exe","ProcessGuid":"{FA10ABE0-3E22-2026-7D64-5D019B244705}","ProcessId":2368,"EventType":"SetValue","TargetObject":"HKCU\\Software\\Microsoft\\Office\\16.0\\Outlook\\Resiliency\\343","Details":"1"}
{"UtcTime":"2026-08-12 09:45:44.000","Computer":"TN-FIN-WS042","User":"TRANSNORTE\\backup_svc","EventID":11,"Image":"C:\\Windows\\explorer.exe","ProcessGuid":"{8A654782-3BB6-2026-F8C5-750443A2C538}","ProcessId":4906,"TargetFilename":"C:\\Users\\ops.cardoso\\AppData\\Local\\Temp\\office-344.tmp"}
{"UtcTime":"2026-08-12 09:45:45.000","Computer":"TN-FIN-WS042","User":"TRANSNORTE\\backup_svc","EventID":3,"Image":"C:\\Windows\\System32\\conhost.exe","ProcessGuid":"{820D35BD-6FD8-2026-CC1F-F8F1E57D92C8}","ProcessId":8919,"DestinationIp":"8.8.8.8","DestinationPort":53,"SourceIp":"10.50.10.42","Protocol":"tcp"}
{"UtcTime":"2026-08-12 09:45:46.000","Computer":"TN-FIN-WS042","User":"TRANSNORTE\\backup_svc","EventID":5,"Image":"C:\\Windows\\System32\\svchost.exe","ProcessGuid":"{E716CE69-5B69-2026-D87D-C584B4170EA4}","ProcessId":8481,"EventType":"End"}
{"UtcTime":"2026-08-12 09:45:47.000","Computer":"TN-FIN-WS042","User":"TRANSNORTE\\backup_svc","EventID":13,"Image":"C:\\Windows\\System32\\svchost.exe","ProcessGuid":"{DF973FB3-3551-2026-31EE-B3AA31098D5D}","ProcessId":1886,"EventType":"SetValue","TargetObject":"HKCU\\Software\\Microsoft\\Office\\16.0\\Outlook\\Resiliency\\347","Details":"1"}
{"UtcTime":"2026-08-12 09:45:48.000","Computer":"TN-FIN-WS042","User":"TRANSNORTE\\ops.cardoso","EventID":13,"Image":"C:\\Windows\\System32\\svchost.exe","ProcessGuid":"{2E31B6A9-218B-2026-9157-F3FBAAC5788F}","ProcessId":8977,"EventType":"SetValue","TargetObject":"HKCU\\Software\\Microsoft\\Office\\16.0\\Outlook\\Resiliency\\348","Details":"1"}
{"UtcTime":"2026-08-12 09:45:49.000","Computer":"TN-FIN-WS042","User":"TRANSNORTE\\ops.cardoso","EventID":1,"Image":"C:\\Windows\\explorer.exe","ProcessGuid":"{078B4A22-00A4-2026-DFDA-D3EA1677BE9B}","ProcessId":8047,"CommandLine":"C:\\Windows\\explorer.exe","ParentImage":"C:\\Windows\\System32\\services.exe","ParentProcessGuid":"{10F7C0C4-3CD6-2026-A377-5FE2642EFDB4}","OriginalFileName":"C:\\Windows\\explorer.exe","SHA256":"5de1cd3d14faf99c9063aa059fe932e0b4011d2e083fd625fd0586ead0c2f7e0"}
{"UtcTime":"2026-08-12 09:45:50.000","Computer":"TN-FIN-WS042","User":"TRANSNORTE\\backup_svc","EventID":1,"Image":"C:\\Windows\\System32\\RuntimeBroker.exe","ProcessGuid":"{C1CAD3E5-B8F9-2026-B86B-1EC7AB1BD334}","ProcessId":2933,"CommandLine":"C:\\Windows\\System32\\RuntimeBroker.exe","ParentImage":"C:\\Windows\\System32\\services.exe","ParentProcessGuid":"{F7721DE5-8161-2026-E4DE-ED54B2FF578F}","OriginalFileName":"C:\\Windows\\System32\\RuntimeBroker.exe","SHA256":"bfeddc87c4cc47c7c6b647eec5ac8d1f7ab62fa4ab2bfa1ccde62544f8603bb0"}
{"UtcTime":"2026-08-12 09:45:51.000","Computer":"TN-FIN-WS042","User":"TRANSNORTE\\ops.cardoso","EventID":1,"Image":"C:\\Windows\\System32\\svchost.exe","ProcessGuid":"{037230F3-C95B-2026-0BCC-005ECDDC8CDB}","ProcessId":5503,"CommandLine":"C:\\Windows\\System32\\svchost.exe","ParentImage":"C:\\Windows\\System32\\services.exe","ParentProcessGuid":"{3330CE50-5250-2026-1AB7-7A2ABC3BB7C9}","OriginalFileName":"C:\\Windows\\System32\\svchost.exe","SHA256":"6cbffb11c3327b50c8134e153f2604e21e657ea535fd1eaeaa77747451b048be"}
{"UtcTime":"2026-08-12 09:45:52.000","Computer":"TN-FIN-WS042","User":"TRANSNORTE\\backup_svc","EventID":5,"Image":"C:\\Windows\\System32\\svchost.exe","ProcessGuid":"{CE1150E1-684A-2026-5E8A-AD2B4F48D341}","ProcessId":512,"EventType":"End"}
{"UtcTime":"2026-08-12 09:45:53.000","Computer":"TN-FIN-WS042","User":"TRANSNORTE\\backup_svc","EventID":1,"Image":"C:\\Program Files\\Microsoft Office\\Office16\\OUTLOOK.EXE","ProcessGuid":"{95D53206-7A6F-2026-124F-6A033835B9F6}","ProcessId":5293,"CommandLine":"C:\\Program Files\\Microsoft Office\\Office16\\OUTLOOK.EXE","ParentImage":"C:\\Windows\\System32\\services.exe","ParentProcessGuid":"{05A2CD64-5677-2026-10F1-541AF670E93D}","OriginalFileName":"C:\\Program Files\\Microsoft Office\\Office16\\OUTLOOK.EXE","SHA256":"9b45e0baab7121a0877862ab5a84860e2cf283aad28242791ac6175535a0431a"}
{"UtcTime":"2026-08-12 09:45:54.000","Computer":"TN-FIN-WS042","User":"TRANSNORTE\\backup_svc","EventID":11,"Image":"C:\\Program Files\\Google\\Chrome\\Application\\chrome.exe","ProcessGuid":"{5004D5FC-5523-2026-BE12-BB5969B660DA}","ProcessId":3104,"TargetFilename":"C:\\Users\\ops.cardoso\\AppData\\Local\\Temp\\office-354.tmp"}
{"UtcTime":"2026-08-12 09:45:55.000","Computer":"TN-FIN-WS042","User":"TRANSNORTE\\ops.cardoso","EventID":11,"Image":"C:\\Windows\\explorer.exe","ProcessGuid":"{6846278A-4BD7-2026-C772-72C112937402}","ProcessId":7804,"TargetFilename":"C:\\Users\\ops.cardoso\\AppData\\Local\\Temp\\office-355.tmp"}
{"UtcTime":"2026-08-12 09:45:56.000","Computer":"TN-FIN-WS042","User":"TRANSNORTE\\backup_svc","EventID":1,"Image":"C:\\Windows\\System32\\conhost.exe","ProcessGuid":"{CA0A3AE6-E0E6-2026-2FBA-F335305661B4}","ProcessId":7417,"CommandLine":"C:\\Windows\\System32\\conhost.exe","ParentImage":"C:\\Windows\\System32\\services.exe","ParentProcessGuid":"{948C2141-EDB2-2026-B6B4-FA04681DE404}","OriginalFileName":"C:\\Windows\\System32\\conhost.exe","SHA256":"c774c7f82eb09915b7ea2678471373a80864439b5264d4a1f32151746909b6cf"}
{"UtcTime":"2026-08-12 09:45:57.000","Computer":"TN-FIN-WS042","User":"TRANSNORTE\\backup_svc","EventID":13,"Image":"C:\\Program Files\\Google\\Chrome\\Application\\chrome.exe","ProcessGuid":"{1E2DB59C-3896-2026-A2F1-44416FAD2B9D}","ProcessId":4017,"EventType":"SetValue","TargetObject":"HKCU\\Software\\Microsoft\\Office\\16.0\\Outlook\\Resiliency\\357","Details":"1"}
{"UtcTime":"2026-08-12 09:45:58.000","Computer":"TN-FIN-WS042","User":"TRANSNORTE\\backup_svc","EventID":13,"Image":"C:\\Windows\\explorer.exe","ProcessGuid":"{7B54C9B5-ADEF-2026-D77B-47F3E1F4314F}","ProcessId":7402,"EventType":"SetValue","TargetObject":"HKCU\\Software\\Microsoft\\Office\\16.0\\Outlook\\Resiliency\\358","Details":"1"}
{"UtcTime":"2026-08-12 09:45:59.000","Computer":"TN-FIN-WS042","User":"TRANSNORTE\\backup_svc","EventID":3,"Image":"C:\\Windows\\System32\\RuntimeBroker.exe","ProcessGuid":"{35265365-88E5-2026-7DE6-12004755605E}","ProcessId":4999,"DestinationIp":"10.50.10.10","DestinationPort":135,"SourceIp":"10.50.10.42","Protocol":"tcp"}
{"UtcTime":"2026-08-12 09:46:00.000","Computer":"TN-FIN-WS042","User":"TRANSNORTE\\ops.cardoso","EventID":1,"Image":"C:\\Windows\\System32\\conhost.exe","ProcessGuid":"{0B76C987-228C-2026-E69A-CCA7C07444EF}","ProcessId":5779,"CommandLine":"C:\\Windows\\System32\\conhost.exe","ParentImage":"C:\\Windows\\System32\\services.exe","ParentProcessGuid":"{71045C71-5627-2026-D4EE-2F513AC38808}","OriginalFileName":"C:\\Windows\\System32\\conhost.exe","SHA256":"7af8257d58da298890849f9690ec351388dd03e45c057f9d47f8820f954aac3d"}
{"UtcTime":"2026-08-12 09:46:01.000","Computer":"TN-FIN-WS042","User":"TRANSNORTE\\backup_svc","EventID":13,"Image":"C:\\Windows\\explorer.exe","ProcessGuid":"{2AFCC9B9-D021-2026-959F-98E3A0143562}","ProcessId":6449,"EventType":"SetValue","TargetObject":"HKCU\\Software\\Microsoft\\Office\\16.0\\Outlook\\Resiliency\\361","Details":"1"}
{"UtcTime":"2026-08-12 09:46:02.000","Computer":"TN-FIN-WS042","User":"TRANSNORTE\\ops.cardoso","EventID":1,"Image":"C:\\Windows\\System32\\RuntimeBroker.exe","ProcessGuid":"{CAD9DD71-8718-2026-8A23-C74184141C7E}","ProcessId":5192,"CommandLine":"C:\\Windows\\System32\\RuntimeBroker.exe","ParentImage":"C:\\Windows\\System32\\services.exe","ParentProcessGuid":"{B10BFF07-DE90-2026-D1C3-D5536FF48959}","OriginalFileName":"C:\\Windows\\System32\\RuntimeBroker.exe","SHA256":"185b39ed8dd440428f492c848ce818c4d2579a13cb80469609492341e577376b"}
{"UtcTime":"2026-08-12 09:46:03.000","Computer":"TN-FIN-WS042","User":"TRANSNORTE\\backup_svc","EventID":13,"Image":"C:\\Windows\\System32\\svchost.exe","ProcessGuid":"{EA9159B6-02B4-2026-1562-E460C7C67E21}","ProcessId":2958,"EventType":"SetValue","TargetObject":"HKCU\\Software\\Microsoft\\Office\\16.0\\Outlook\\Resiliency\\363","Details":"1"}
{"UtcTime":"2026-08-12 09:46:04.000","Computer":"TN-FIN-WS042","User":"TRANSNORTE\\ops.cardoso","EventID":1,"Image":"C:\\Program Files\\Microsoft Office\\Office16\\OUTLOOK.EXE","ProcessGuid":"{1ED82B38-693C-2026-612A-D6178370D8E4}","ProcessId":5978,"CommandLine":"C:\\Program Files\\Microsoft Office\\Office16\\OUTLOOK.EXE","ParentImage":"C:\\Windows\\System32\\services.exe","ParentProcessGuid":"{CB92AF13-AFBE-2026-4D70-4B2BCCF52AD4}","OriginalFileName":"C:\\Program Files\\Microsoft Office\\Office16\\OUTLOOK.EXE","SHA256":"3702717bfbf98de9dc65c86a8ee1a976db5a446f909d0712184ae77f33a2b767"}
{"UtcTime":"2026-08-12 09:46:05.000","Computer":"TN-FIN-WS042","User":"TRANSNORTE\\ops.cardoso","EventID":13,"Image":"C:\\Windows\\System32\\conhost.exe","ProcessGuid":"{B143FC73-28CC-2026-F63B-E04CD74C9858}","ProcessId":4517,"EventType":"SetValue","TargetObject":"HKCU\\Software\\Microsoft\\Office\\16.0\\Outlook\\Resiliency\\365","Details":"1"}
{"UtcTime":"2026-08-12 09:46:06.000","Computer":"TN-FIN-WS042","User":"TRANSNORTE\\backup_svc","EventID":13,"Image":"C:\\Windows\\System32\\RuntimeBroker.exe","ProcessGuid":"{6FE6C398-300C-2026-F87E-F132C5F6AA72}","ProcessId":2399,"EventType":"SetValue","TargetObject":"HKCU\\Software\\Microsoft\\Office\\16.0\\Outlook\\Resiliency\\366","Details":"1"}
{"UtcTime":"2026-08-12 09:46:07.000","Computer":"TN-FIN-WS042","User":"TRANSNORTE\\ops.cardoso","EventID":11,"Image":"C:\\Windows\\explorer.exe","ProcessGuid":"{A19466CA-5C7B-2026-6EE9-1910602F3065}","ProcessId":6172,"TargetFilename":"C:\\Users\\ops.cardoso\\AppData\\Local\\Temp\\office-367.tmp"}
