{"UtcTime":"2026-08-12 14:57:55.000","Computer":"CLM-MESA-014","User":"CLM\\ops","EventID":11,"Image":"C:\\Program Files\\Microsoft Office\\Office16\\EXCEL.EXE","ProcessGuid":"{046767B4-5981-2026-912F-C94A1BD40870}","ProcessId":4994,"TargetFilename":"C:\\Users\\Public\\Temp\\mesa-2875.tmp"}
{"UtcTime":"2026-08-12 14:57:56.000","Computer":"CLM-MESA-014","User":"CLM\\ops","EventID":1,"Image":"C:\\Program Files\\Microsoft Office\\Office16\\EXCEL.EXE","ProcessGuid":"{0397093F-961C-2026-4740-3001BDF09137}","ProcessId":3453,"CommandLine":"C:\\Program Files\\Microsoft Office\\Office16\\EXCEL.EXE","ParentImage":"C:\\Windows\\System32\\services.exe","ParentProcessGuid":"{E8E393C8-0998-2026-96DA-7424948332BE}","OriginalFileName":"C:\\Program Files\\Microsoft Office\\Office16\\EXCEL.EXE"}
{"UtcTime":"2026-08-12 14:57:57.000","Computer":"CLM-MESA-014","User":"CLM\\mesa","EventID":11,"Image":"C:\\Program Files\\Google\\Chrome\\Application\\chrome.exe","ProcessGuid":"{0956D58F-C6D2-2026-1BC8-5836D713B205}","ProcessId":1120,"TargetFilename":"C:\\Users\\Public\\Temp\\mesa-2877.tmp"}
{"UtcTime":"2026-08-12 14:57:58.000","Computer":"CLM-MESA-014","User":"CLM\\ops","EventID":1,"Image":"C:\\Program Files\\Google\\Chrome\\Application\\chrome.exe","ProcessGuid":"{2B752D56-2080-2026-3310-7DA22E6F19B1}","ProcessId":5499,"CommandLine":"C:\\Program Files\\Google\\Chrome\\Application\\chrome.exe","ParentImage":"C:\\Windows\\System32\\services.exe","ParentProcessGuid":"{C9B45658-15C8-2026-DEE3-856FC5B8B14D}","OriginalFileName":"C:\\Program Files\\Google\\Chrome\\Application\\chrome.exe"}
{"UtcTime":"2026-08-12 14:57:59.000","Computer":"CLM-MESA-014","User":"CLM\\ops","EventID":3,"Image":"C:\\Windows\\System32\\svchost.exe","ProcessGuid":"{002437A7-9968-2026-78D9-7B92A80A3420}","ProcessId":8828,"DestinationIp":"10.70.30.1","DestinationPort":135,"DestinationHostname":"ntp.clm.liquidacao","SourceIp":"10.70.30.14","Protocol":"tcp"}
{"UtcTime":"2026-08-12 14:58:00.000","Computer":"CLM-MESA-014","User":"CLM\\ops","EventID":1,"Image":"C:\\Windows\\System32\\conhost.exe","ProcessGuid":"{5BD6B836-7BCD-2026-8B28-CDB6C7A79AC1}","ProcessId":1451,"CommandLine":"C:\\Windows\\System32\\conhost.exe","ParentImage":"C:\\Windows\\System32\\services.exe","ParentProcessGuid":"{58045175-D5F4-2026-D92E-A798B597E7D3}","OriginalFileName":"C:\\Windows\\System32\\conhost.exe"}
{"UtcTime":"2026-08-12 14:58:01.000","Computer":"CLM-MESA-014","User":"CLM\\backoffice","EventID":1,"Image":"C:\\Windows\\System32\\svchost.exe","ProcessGuid":"{746D9FDC-C55E-2026-980A-6BF0F6978F14}","ProcessId":8441,"CommandLine":"C:\\Windows\\System32\\svchost.exe","ParentImage":"C:\\Windows\\System32\\services.exe","ParentProcessGuid":"{F09726FF-346F-2026-FB93-80C7AECD469B}","OriginalFileName":"C:\\Windows\\System32\\svchost.exe"}
{"UtcTime":"2026-08-12 14:58:02.000","Computer":"CLM-MESA-014","User":"CLM\\mesa","EventID":1,"Image":"C:\\Windows\\System32\\RuntimeBroker.exe","ProcessGuid":"{B848F9DF-35A9-2026-093A-724E5AE9FD25}","ProcessId":478,"CommandLine":"C:\\Windows\\System32\\RuntimeBroker.exe","ParentImage":"C:\\Windows\\System32\\services.exe","ParentProcessGuid":"{6A8000E5-8A80-2026-572D-1AC25A65ED52}","OriginalFileName":"C:\\Windows\\System32\\RuntimeBroker.exe"}
{"UtcTime":"2026-08-12 14:58:03.000","Computer":"CLM-MESA-014","User":"CLM\\ops","EventID":3,"Image":"C:\\Windows\\System32\\conhost.exe","ProcessGuid":"{748D2C5C-1C69-2026-0DC7-6936C3ECEAF3}","ProcessId":1227,"DestinationIp":"10.70.30.1","DestinationPort":53,"DestinationHostname":"portal.clm.liquidacao","SourceIp":"10.70.30.14","Protocol":"tcp"}
{"UtcTime":"2026-08-12 14:58:04.000","Computer":"CLM-MESA-014","User":"CLM\\ops","EventID":1,"Image":"C:\\Program Files\\Microsoft Office\\Office16\\EXCEL.EXE","ProcessGuid":"{5C8FB2A7-7DA8-2026-5ED5-AC03313157E3}","ProcessId":5160,"CommandLine":"C:\\Program Files\\Microsoft Office\\Office16\\EXCEL.EXE","ParentImage":"C:\\Windows\\System32\\services.exe","ParentProcessGuid":"{FB64BF5B-7DAC-2026-8145-AB9029400402}","OriginalFileName":"C:\\Program Files\\Microsoft Office\\Office16\\EXCEL.EXE"}
{"UtcTime":"2026-08-12 14:58:05.000","Computer":"CLM-MESA-014","User":"CLM\\backoffice","EventID":1,"Image":"C:\\Program Files\\Google\\Chrome\\Application\\chrome.exe","ProcessGuid":"{ACB860A9-DA44-2026-ADDB-C396588527DB}","ProcessId":6141,"CommandLine":"C:\\Program Files\\Google\\Chrome\\Application\\chrome.exe","ParentImage":"C:\\Windows\\System32\\services.exe","ParentProcessGuid":"{3A33D55C-EB91-2026-44F1-245CA9F7B813}","OriginalFileName":"C:\\Program Files\\Google\\Chrome\\Application\\chrome.exe"}
{"UtcTime":"2026-08-12 14:58:06.000","Computer":"CLM-MESA-014","User":"CLM\\mesa","EventID":13,"Image":"C:\\Windows\\System32\\conhost.exe","ProcessGuid":"{F0D68525-03EE-2026-F91A-96478F2C165B}","ProcessId":2035,"EventType":"SetValue","TargetObject":"HKCU\\Software\\CLM\\Mesa\\Pref\\2886","Details":"1"}
{"UtcTime":"2026-08-12 14:58:07.000","Computer":"CLM-MESA-014","User":"CLM\\mesa","EventID":11,"Image":"C:\\Windows\\System32\\svchost.exe","ProcessGuid":"{C88C5ED4-DC91-2026-E73C-F73C1AA1D4EE}","ProcessId":6553,"TargetFilename":"C:\\Users\\Public\\Temp\\mesa-2887.tmp"}
{"UtcTime":"2026-08-12 14:58:08.000","Computer":"CLM-MESA-014","User":"CLM\\ops","EventID":11,"Image":"C:\\Windows\\System32\\svchost.exe","ProcessGuid":"{5397E602-04DE-2026-D424-62AA6D189169}","ProcessId":8598,"TargetFilename":"C:\\Users\\Public\\Temp\\mesa-2888.tmp"}
{"UtcTime":"2026-08-12 14:58:09.000","Computer":"CLM-MESA-014","User":"CLM\\mesa","EventID":11,"Image":"C:\\Program Files\\Microsoft Office\\Office16\\EXCEL.EXE","ProcessGuid":"{EE220EE9-6802-2026-3FB9-F45D7A61B5DD}","ProcessId":7733,"TargetFilename":"C:\\Users\\Public\\Temp\\mesa-2889.tmp"}
{"UtcTime":"2026-08-12 14:58:10.000","Computer":"CLM-MESA-014","User":"CLM\\backoffice","EventID":1,"Image":"C:\\Windows\\System32\\svchost.exe","ProcessGuid":"{051EC3A5-FFB5-2026-8347-C0BCEEFE4F37}","ProcessId":3005,"CommandLine":"C:\\Windows\\System32\\svchost.exe","ParentImage":"C:\\Windows\\System32\\services.exe","ParentProcessGuid":"{6CC52F74-26D6-2026-FA8E-BABEE070E3E5}","OriginalFileName":"C:\\Windows\\System32\\svchost.exe"}
{"UtcTime":"2026-08-12 14:58:11.000","Computer":"CLM-MESA-014","User":"CLM\\mesa","EventID":5,"Image":"C:\\Windows\\System32\\svchost.exe","ProcessGuid":"{B3F41320-F9DA-2026-266C-729CF7830E73}","ProcessId":1902,"EventType":"End"}
{"UtcTime":"2026-08-12 14:58:12.000","Computer":"CLM-MESA-014","User":"CLM\\mesa","EventID":13,"Image":"C:\\Windows\\System32\\RuntimeBroker.exe","ProcessGuid":"{F4C1F7A8-67F4-2026-76F8-DE6B379B026D}","ProcessId":3782,"EventType":"SetValue","TargetObject":"HKCU\\Software\\CLM\\Mesa\\Pref\\2892","Details":"1"}
{"UtcTime":"2026-08-12 14:58:13.000","Computer":"CLM-MESA-014","User":"CLM\\mesa","EventID":1,"Image":"C:\\Program Files\\Google\\Chrome\\Application\\chrome.exe","ProcessGuid":"{B717D496-5B04-2026-04BB-59C64CA1899E}","ProcessId":5109,"CommandLine":"C:\\Program Files\\Google\\Chrome\\Application\\chrome.exe","ParentImage":"C:\\Windows\\System32\\services.exe","ParentProcessGuid":"{BF36FEB3-2EFA-2026-5C66-734D61EFE157}","OriginalFileName":"C:\\Program Files\\Google\\Chrome\\Application\\chrome.exe"}
{"UtcTime":"2026-08-12 14:58:14.000","Computer":"CLM-MESA-014","User":"CLM\\mesa","EventID":5,"Image":"C:\\Windows\\System32\\RuntimeBroker.exe","ProcessGuid":"{2639CD7A-5001-2026-EE9F-098F7EF2BEC9}","ProcessId":8627,"EventType":"End"}
{"UtcTime":"2026-08-12 14:58:15.000","Computer":"CLM-MESA-014","User":"CLM\\mesa","EventID":3,"Image":"C:\\Program Files\\Google\\Chrome\\Application\\chrome.exe","ProcessGuid":"{E1275C52-6862-2026-2130-0357D3687757}","ProcessId":7831,"DestinationIp":"10.70.30.8","DestinationPort":8080,"DestinationHostname":"portal.clm.liquidacao","SourceIp":"10.70.30.14","Protocol":"tcp"}
{"UtcTime":"2026-08-12 14:58:16.000","Computer":"CLM-MESA-014","User":"CLM\\mesa","EventID":1,"Image":"C:\\Windows\\explorer.exe","ProcessGuid":"{3F49E584-6520-2026-BD4E-084D79990520}","ProcessId":6285,"CommandLine":"C:\\Windows\\explorer.exe","ParentImage":"C:\\Windows\\System32\\services.exe","ParentProcessGuid":"{A2409D66-6513-2026-C24F-1037AE80440B}","OriginalFileName":"C:\\Windows\\explorer.exe"}
{"UtcTime":"2026-08-12 14:58:17.000","Computer":"CLM-MESA-014","User":"CLM\\backoffice","EventID":1,"Image":"C:\\Program Files\\Google\\Chrome\\Application\\chrome.exe","ProcessGuid":"{74932C65-3D91-2026-644A-D2FE14187E06}","ProcessId":6996,"CommandLine":"C:\\Program Files\\Google\\Chrome\\Application\\chrome.exe","ParentImage":"C:\\Windows\\System32\\services.exe","ParentProcessGuid":"{7A7F546D-417A-2026-42B6-50968BFB43E8}","OriginalFileName":"C:\\Program Files\\Google\\Chrome\\Application\\chrome.exe"}
{"UtcTime":"2026-08-12 14:58:18.000","Computer":"CLM-MESA-014","User":"CLM\\ops","EventID":1,"Image":"C:\\Windows\\System32\\RuntimeBroker.exe","ProcessGuid":"{6928F9D0-7A07-2026-0A38-97DB03AE80BC}","ProcessId":8343,"CommandLine":"C:\\Windows\\System32\\RuntimeBroker.exe","ParentImage":"C:\\Windows\\System32\\services.exe","ParentProcessGuid":"{15AC9C71-1246-2026-38DB-5A732212CA05}","OriginalFileName":"C:\\Windows\\System32\\RuntimeBroker.exe"}
{"UtcTime":"2026-08-12 14:58:19.000","Computer":"CLM-MESA-014","User":"CLM\\ops","EventID":1,"Image":"C:\\Windows\\System32\\conhost.exe","ProcessGuid":"{FA28C6B1-A4FF-2026-06B0-1DF8B86DDE39}","ProcessId":4619,"CommandLine":"C:\\Windows\\System32\\conhost.exe","ParentImage":"C:\\Windows\\System32\\services.exe","ParentProcessGuid":"{9666BE97-8DD8-2026-328D-8A26A49EDCFE}","OriginalFileName":"C:\\Windows\\System32\\conhost.exe"}
{"UtcTime":"2026-08-12 14:58:20.000","Computer":"CLM-MESA-014","User":"CLM\\backoffice","EventID":1,"Image":"C:\\Program Files\\Google\\Chrome\\Application\\chrome.exe","ProcessGuid":"{72F3949A-764C-2026-D64C-5102863911E6}","ProcessId":7859,"CommandLine":"C:\\Program Files\\Google\\Chrome\\Application\\chrome.exe","ParentImage":"C:\\Windows\\System32\\services.exe","ParentProcessGuid":"{D1B1D97B-BA53-2026-07FF-144342A7F679}","OriginalFileName":"C:\\Program Files\\Google\\Chrome\\Application\\chrome.exe"}
{"UtcTime":"2026-08-12 14:58:21.000","Computer":"CLM-MESA-014","User":"CLM\\mesa","EventID":1,"Image":"C:\\Windows\\explorer.exe","ProcessGuid":"{1918D6BA-8389-2026-4FAA-F2ADE020BDB0}","ProcessId":1125,"CommandLine":"C:\\Windows\\explorer.exe","ParentImage":"C:\\Windows\\System32\\services.exe","ParentProcessGuid":"{CB630E2A-A053-2026-791D-1A20DF959BE3}","OriginalFileName":"C:\\Windows\\explorer.exe"}
{"UtcTime":"2026-08-12 14:58:22.000","Computer":"CLM-MESA-014","User":"CLM\\ops","EventID":5,"Image":"C:\\Program Files\\Microsoft Office\\Office16\\EXCEL.EXE","ProcessGuid":"{67A7CB28-0DE4-2026-1A86-F4ECF0F5FDFA}","ProcessId":2699,"EventType":"End"}
{"UtcTime":"2026-08-12 14:58:23.000","Computer":"CLM-MESA-014","User":"CLM\\mesa","EventID":1,"Image":"C:\\Windows\\explorer.exe","ProcessGuid":"{949A358C-A02A-2026-88AB-9911711753AD}","ProcessId":5999,"CommandLine":"C:\\Windows\\explorer.exe","ParentImage":"C:\\Windows\\System32\\services.exe","ParentProcessGuid":"{F623C229-D1A7-2026-0C18-811399850768}","OriginalFileName":"C:\\Windows\\explorer.exe"}
{"UtcTime":"2026-08-12 14:58:24.000","Computer":"CLM-MESA-014","User":"CLM\\mesa","EventID":11,"Image":"C:\\Windows\\System32\\RuntimeBroker.exe","ProcessGuid":"{3D9C3F80-9273-2026-4838-BEAAC098C8F3}","ProcessId":4706,"TargetFilename":"C:\\Users\\Public\\Temp\\mesa-2904.tmp"}
{"UtcTime":"2026-08-12 14:58:25.000","Computer":"CLM-MESA-014","User":"CLM\\ops","EventID":13,"Image":"C:\\Windows\\System32\\conhost.exe","ProcessGuid":"{E494586C-6BC6-2026-799C-D0743940C698}","ProcessId":7261,"EventType":"SetValue","TargetObject":"HKCU\\Software\\CLM\\Mesa\\Pref\\2905","Details":"1"}
{"UtcTime":"2026-08-12 14:58:26.000","Computer":"CLM-MESA-014","User":"CLM\\mesa","EventID":11,"Image":"C:\\Windows\\System32\\conhost.exe","ProcessGuid":"{72A443CD-2B50-2026-58E0-DE5990F62055}","ProcessId":5313,"TargetFilename":"C:\\Users\\Public\\Temp\\mesa-2906.tmp"}
{"UtcTime":"2026-08-12 14:58:27.000","Computer":"CLM-MESA-014","User":"CLM\\backoffice","EventID":1,"Image":"C:\\Windows\\System32\\svchost.exe","ProcessGuid":"{ACB21356-9E6B-2026-1DAF-E2967933510D}","ProcessId":860,"CommandLine":"C:\\Windows\\System32\\svchost.exe","ParentImage":"C:\\Windows\\System32\\services.exe","ParentProcessGuid":"{8E506322-1071-2026-AA49-AFBE7A855899}","OriginalFileName":"C:\\Windows\\System32\\svchost.exe"}
{"UtcTime":"2026-08-12 14:58:28.000","Computer":"CLM-MESA-014","User":"CLM\\backoffice","EventID":13,"Image":"C:\\Program Files\\Microsoft Office\\Office16\\EXCEL.EXE","ProcessGuid":"{DC3E9969-EE4C-2026-7AC0-CA7B2B98C32B}","ProcessId":968,"EventType":"SetValue","TargetObject":"HKCU\\Software\\CLM\\Mesa\\Pref\\2908","Details":"1"}
{"UtcTime":"2026-08-12 14:58:29.000","Computer":"CLM-MESA-014","User":"CLM\\ops","EventID":11,"Image":"C:\\Program Files\\Google\\Chrome\\Application\\chrome.exe","ProcessGuid":"{E5EEB944-CF8C-2026-2E60-B1A3D9D58B35}","ProcessId":8725,"TargetFilename":"C:\\Users\\Public\\Temp\\mesa-2909.tmp"}
{"UtcTime":"2026-08-12 14:58:30.000","Computer":"CLM-MESA-014","User":"CLM\\backoffice","EventID":1,"Image":"C:\\Program Files\\Microsoft Office\\Office16\\EXCEL.EXE","ProcessGuid":"{D172AF7F-922E-2026-20E1-8AF7126F3DB1}","ProcessId":3922,"CommandLine":"C:\\Program Files\\Microsoft Office\\Office16\\EXCEL.EXE","ParentImage":"C:\\Windows\\System32\\services.exe","ParentProcessGuid":"{3C68B3DA-4672-2026-2707-3B77922CA7ED}","OriginalFileName":"C:\\Program Files\\Microsoft Office\\Office16\\EXCEL.EXE"}
{"UtcTime":"2026-08-12 14:58:31.000","Computer":"CLM-MESA-014","User":"CLM\\mesa","EventID":1,"Image":"C:\\Program Files\\Microsoft Office\\Office16\\EXCEL.EXE","ProcessGuid":"{28773067-33A2-2026-6021-766409DEDC43}","ProcessId":4090,"CommandLine":"C:\\Program Files\\Microsoft Office\\Office16\\EXCEL.EXE","ParentImage":"C:\\Windows\\System32\\services.exe","ParentProcessGuid":"{EF516869-EA80-2026-B37A-449D7803336E}","OriginalFileName":"C:\\Program Files\\Microsoft Office\\Office16\\EXCEL.EXE"}
{"UtcTime":"2026-08-12 14:58:32.000","Computer":"CLM-MESA-014","User":"CLM\\mesa","EventID":1,"Image":"C:\\Windows\\System32\\conhost.exe","ProcessGuid":"{B5B33059-1859-2026-993D-9780D0A2A6C2}","ProcessId":8422,"CommandLine":"C:\\Windows\\System32\\conhost.exe","ParentImage":"C:\\Windows\\System32\\services.exe","ParentProcessGuid":"{872042EC-EB5E-2026-9F5B-605A39D4EBC1}","OriginalFileName":"C:\\Windows\\System32\\conhost.exe"}
{"UtcTime":"2026-08-12 14:58:33.000","Computer":"CLM-MESA-014","User":"CLM\\mesa","EventID":1,"Image":"C:\\Windows\\explorer.exe","ProcessGuid":"{4F74EB2B-50FC-2026-63C0-D8CA6FD1CCFC}","ProcessId":8719,"CommandLine":"C:\\Windows\\explorer.exe","ParentImage":"C:\\Windows\\System32\\services.exe","ParentProcessGuid":"{2F51AE3C-418C-2026-D344-FD100D72E473}","OriginalFileName":"C:\\Windows\\explorer.exe"}
{"UtcTime":"2026-08-12 14:58:34.000","Computer":"CLM-MESA-014","User":"CLM\\ops","EventID":3,"Image":"C:\\Windows\\System32\\RuntimeBroker.exe","ProcessGuid":"{451541BA-9A27-2026-BBEC-A6A217ACD468}","ProcessId":3842,"DestinationIp":"10.70.30.8","DestinationPort":443,"DestinationHostname":"ntp.clm.liquidacao","SourceIp":"10.70.30.14","Protocol":"tcp"}
{"UtcTime":"2026-08-12 14:58:35.000","Computer":"CLM-MESA-014","User":"CLM\\ops","EventID":11,"Image":"C:\\Program Files\\Microsoft Office\\Office16\\EXCEL.EXE","ProcessGuid":"{8C93F31B-59B1-2026-D13A-A70C2DE8EBDE}","ProcessId":438,"TargetFilename":"C:\\Users\\Public\\Temp\\mesa-2915.tmp"}
{"UtcTime":"2026-08-12 14:58:36.000","Computer":"CLM-MESA-014","User":"CLM\\ops","EventID":1,"Image":"C:\\Windows\\System32\\conhost.exe","ProcessGuid":"{0C8E04C1-A58F-2026-3C09-C8BBA1453D24}","ProcessId":6931,"CommandLine":"C:\\Windows\\System32\\conhost.exe","ParentImage":"C:\\Windows\\System32\\services.exe","ParentProcessGuid":"{0FDBF65A-1096-2026-3F60-350620C7E037}","OriginalFileName":"C:\\Windows\\System32\\conhost.exe"}
{"UtcTime":"2026-08-12 14:58:37.000","Computer":"CLM-MESA-014","User":"CLM\\backoffice","EventID":13,"Image":"C:\\Program Files\\Microsoft Office\\Office16\\EXCEL.EXE","ProcessGuid":"{F0C53F7B-E6AA-2026-EACD-2CF4F2F75B2A}","ProcessId":5014,"EventType":"SetValue","TargetObject":"HKCU\\Software\\CLM\\Mesa\\Pref\\2917","Details":"1"}
{"UtcTime":"2026-08-12 14:58:38.000","Computer":"CLM-MESA-014","User":"CLM\\mesa","EventID":1,"Image":"C:\\Windows\\System32\\RuntimeBroker.exe","ProcessGuid":"{5FEE04B0-EF7C-2026-7072-FD63481B67B0}","ProcessId":3399,"CommandLine":"C:\\Windows\\System32\\RuntimeBroker.exe","ParentImage":"C:\\Windows\\System32\\services.exe","ParentProcessGuid":"{2BF4E935-EDEA-2026-0F0E-57792EB62878}","OriginalFileName":"C:\\Windows\\System32\\RuntimeBroker.exe"}
{"UtcTime":"2026-08-12 14:58:39.000","Computer":"CLM-MESA-014","User":"CLM\\backoffice","EventID":13,"Image":"C:\\Windows\\System32\\svchost.exe","ProcessGuid":"{12A91150-290B-2026-FF40-4FC48F9D11AD}","ProcessId":1876,"EventType":"SetValue","TargetObject":"HKCU\\Software\\CLM\\Mesa\\Pref\\2919","Details":"1"}
{"UtcTime":"2026-08-12 14:58:40.000","Computer":"CLM-MESA-014","User":"CLM\\ops","EventID":5,"Image":"C:\\Windows\\System32\\conhost.exe","ProcessGuid":"{A854A85E-933B-2026-26C5-C155DC1C407F}","ProcessId":1241,"EventType":"End"}
{"UtcTime":"2026-08-12 14:58:41.000","Computer":"CLM-MESA-014","User":"CLM\\ops","EventID":1,"Image":"C:\\Windows\\System32\\RuntimeBroker.exe","ProcessGuid":"{702EE3FA-E452-2026-7A6D-3AE51B06DF2E}","ProcessId":4779,"CommandLine":"C:\\Windows\\System32\\RuntimeBroker.exe","ParentImage":"C:\\Windows\\System32\\services.exe","ParentProcessGuid":"{290F6056-529D-2026-EF50-4EDDEAA4F93B}","OriginalFileName":"C:\\Windows\\System32\\RuntimeBroker.exe"}
{"UtcTime":"2026-08-12 14:58:42.000","Computer":"CLM-MESA-014","User":"CLM\\backoffice","EventID":1,"Image":"C:\\Windows\\System32\\conhost.exe","ProcessGuid":"{94D72165-500F-2026-974D-402A2CB98824}","ProcessId":8382,"CommandLine":"C:\\Windows\\System32\\conhost.exe","ParentImage":"C:\\Windows\\System32\\services.exe","ParentProcessGuid":"{9DA50E68-BDD8-2026-6827-855662805AA7}","OriginalFileName":"C:\\Windows\\System32\\conhost.exe"}
{"UtcTime":"2026-08-12 14:58:43.000","Computer":"CLM-MESA-014","User":"CLM\\ops","EventID":3,"Image":"C:\\Windows\\System32\\svchost.exe","ProcessGuid":"{D3EF67EB-D03C-2026-3789-AC391A962DE3}","ProcessId":8978,"DestinationIp":"8.8.8.8","DestinationPort":8080,"DestinationHostname":"ntp.clm.liquidacao","SourceIp":"10.70.30.14","Protocol":"tcp"}
{"UtcTime":"2026-08-12 14:58:44.000","Computer":"CLM-MESA-014","User":"CLM\\ops","EventID":3,"Image":"C:\\Windows\\System32\\RuntimeBroker.exe","ProcessGuid":"{AF1CB18B-441A-2026-615B-8A3673933264}","ProcessId":2068,"DestinationIp":"10.70.30.1","DestinationPort":8080,"DestinationHostname":"portal.clm.liquidacao","SourceIp":"10.70.30.14","Protocol":"tcp"}
{"UtcTime":"2026-08-12 14:58:45.000","Computer":"CLM-MESA-014","User":"CLM\\mesa","EventID":11,"Image":"C:\\Windows\\explorer.exe","ProcessGuid":"{1A5C1A56-C266-2026-B729-C421DB447A8A}","ProcessId":6700,"TargetFilename":"C:\\Users\\Public\\Temp\\mesa-2925.tmp"}
{"UtcTime":"2026-08-12 14:58:46.000","Computer":"CLM-MESA-014","User":"CLM\\mesa","EventID":11,"Image":"C:\\Windows\\explorer.exe","ProcessGuid":"{29B3F8FA-F0CF-2026-13CB-54A553C7451F}","ProcessId":2278,"TargetFilename":"C:\\Users\\Public\\Temp\\mesa-2926.tmp"}
{"UtcTime":"2026-08-12 14:58:47.000","Computer":"CLM-MESA-014","User":"CLM\\mesa","EventID":1,"Image":"C:\\Windows\\System32\\conhost.exe","ProcessGuid":"{96250E33-B9A9-2026-FF35-960BB7F3A285}","ProcessId":3179,"CommandLine":"C:\\Windows\\System32\\conhost.exe","ParentImage":"C:\\Windows\\System32\\services.exe","ParentProcessGuid":"{EEC9AE58-B1B7-2026-8B87-3E6377FE12BC}","OriginalFileName":"C:\\Windows\\System32\\conhost.exe"}
{"UtcTime":"2026-08-12 14:58:48.000","Computer":"CLM-MESA-014","User":"CLM\\mesa","EventID":1,"Image":"C:\\Windows\\System32\\RuntimeBroker.exe","ProcessGuid":"{01242776-4EFD-2026-B099-066E5027D0FF}","ProcessId":6727,"CommandLine":"C:\\Windows\\System32\\RuntimeBroker.exe","ParentImage":"C:\\Windows\\System32\\services.exe","ParentProcessGuid":"{C180AABE-B783-2026-405C-84E821ECE010}","OriginalFileName":"C:\\Windows\\System32\\RuntimeBroker.exe"}
{"UtcTime":"2026-08-12 14:58:49.000","Computer":"CLM-MESA-014","User":"CLM\\mesa","EventID":1,"Image":"C:\\Windows\\System32\\svchost.exe","ProcessGuid":"{07FC2714-ABCC-2026-1B8C-8F466739DA33}","ProcessId":7965,"CommandLine":"C:\\Windows\\System32\\svchost.exe","ParentImage":"C:\\Windows\\System32\\services.exe","ParentProcessGuid":"{7398BEE8-362F-2026-69CF-60E43B1F27BC}","OriginalFileName":"C:\\Windows\\System32\\svchost.exe"}
{"UtcTime":"2026-08-12 14:58:50.000","Computer":"CLM-MESA-014","User":"CLM\\backoffice","EventID":1,"Image":"C:\\Windows\\explorer.exe","ProcessGuid":"{AB65DCAD-8B9E-2026-7240-244493BB7041}","ProcessId":4634,"CommandLine":"C:\\Windows\\explorer.exe","ParentImage":"C:\\Windows\\System32\\services.exe","ParentProcessGuid":"{A5A96263-2E5B-2026-9B87-A7ABB747CCFC}","OriginalFileName":"C:\\Windows\\explorer.exe"}
{"UtcTime":"2026-08-12 14:58:51.000","Computer":"CLM-MESA-014","User":"CLM\\backoffice","EventID":11,"Image":"C:\\Program Files\\Google\\Chrome\\Application\\chrome.exe","ProcessGuid":"{DAB5CC99-3D1A-2026-6803-5150310DA346}","ProcessId":3863,"TargetFilename":"C:\\Users\\Public\\Temp\\mesa-2931.tmp"}
{"UtcTime":"2026-08-12 14:58:52.000","Computer":"CLM-MESA-014","User":"CLM\\ops","EventID":1,"Image":"C:\\Windows\\explorer.exe","ProcessGuid":"{692F163C-6988-2026-2190-7C4D6EBF069F}","ProcessId":5728,"CommandLine":"C:\\Windows\\explorer.exe","ParentImage":"C:\\Windows\\System32\\services.exe","ParentProcessGuid":"{BBC6C141-605E-2026-B2B4-664C14602BB4}","OriginalFileName":"C:\\Windows\\explorer.exe"}
{"UtcTime":"2026-08-12 14:58:53.000","Computer":"CLM-MESA-014","User":"CLM\\mesa","EventID":1,"Image":"C:\\Program Files\\Google\\Chrome\\Application\\chrome.exe","ProcessGuid":"{6A4B79F6-78B8-2026-6EED-2C3467958CCF}","ProcessId":3121,"CommandLine":"C:\\Program Files\\Google\\Chrome\\Application\\chrome.exe","ParentImage":"C:\\Windows\\System32\\services.exe","ParentProcessGuid":"{90D389AD-54A5-2026-87A2-0A885D0D0253}","OriginalFileName":"C:\\Program Files\\Google\\Chrome\\Application\\chrome.exe"}
{"UtcTime":"2026-08-12 14:58:54.000","Computer":"CLM-MESA-014","User":"CLM\\ops","EventID":5,"Image":"C:\\Windows\\System32\\RuntimeBroker.exe","ProcessGuid":"{801C78E8-A0FB-2026-A9A1-8FEF76BBA2F6}","ProcessId":969,"EventType":"End"}
{"UtcTime":"2026-08-12 14:58:55.000","Computer":"CLM-MESA-014","User":"CLM\\backoffice","EventID":5,"Image":"C:\\Program Files\\Microsoft Office\\Office16\\EXCEL.EXE","ProcessGuid":"{854928C9-08CF-2026-A3A8-E9DC6A8F1A8C}","ProcessId":8617,"EventType":"End"}
{"UtcTime":"2026-08-12 14:58:56.000","Computer":"CLM-MESA-014","User":"CLM\\mesa","EventID":5,"Image":"C:\\Windows\\explorer.exe","ProcessGuid":"{7E89F309-674C-2026-D778-8A93F8E9AFD1}","ProcessId":479,"EventType":"End"}
{"UtcTime":"2026-08-12 14:58:57.000","Computer":"CLM-MESA-014","User":"CLM\\backoffice","EventID":3,"Image":"C:\\Windows\\System32\\svchost.exe","ProcessGuid":"{B50AD213-A725-2026-ADAC-D2C109764E2E}","ProcessId":6392,"DestinationIp":"1.1.1.1","DestinationPort":443,"DestinationHostname":"ntp.clm.liquidacao","SourceIp":"10.70.30.14","Protocol":"tcp"}
{"UtcTime":"2026-08-12 14:58:58.000","Computer":"CLM-MESA-014","User":"CLM\\ops","EventID":1,"Image":"C:\\Windows\\System32\\RuntimeBroker.exe","ProcessGuid":"{F20ABD24-BB05-2026-2218-B78918B9D5CB}","ProcessId":8178,"CommandLine":"C:\\Windows\\System32\\RuntimeBroker.exe","ParentImage":"C:\\Windows\\System32\\services.exe","ParentProcessGuid":"{BAD394CA-32DD-2026-B70F-7285E05AC228}","OriginalFileName":"C:\\Windows\\System32\\RuntimeBroker.exe"}
{"UtcTime":"2026-08-12 14:58:59.000","Computer":"CLM-MESA-014","User":"CLM\\backoffice","EventID":11,"Image":"C:\\Windows\\explorer.exe","ProcessGuid":"{3B801CCB-839D-2026-EFAA-CDBDFC46CEAD}","ProcessId":1841,"TargetFilename":"C:\\Users\\Public\\Temp\\mesa-2939.tmp"}
{"UtcTime":"2026-08-12 14:59:00.000","Computer":"CLM-MESA-014","User":"CLM\\backoffice","EventID":11,"Image":"C:\\Program Files\\Google\\Chrome\\Application\\chrome.exe","ProcessGuid":"{930DE37E-482A-2026-FCCF-FAEB3E6691E2}","ProcessId":8637,"TargetFilename":"C:\\Users\\Public\\Temp\\mesa-2940.tmp"}
{"UtcTime":"2026-08-12 14:59:01.000","Computer":"CLM-MESA-014","User":"CLM\\mesa","EventID":1,"Image":"C:\\Program Files\\Microsoft Office\\Office16\\EXCEL.EXE","ProcessGuid":"{950F18CC-3C23-2026-9E1C-5F56C9DF0F4E}","ProcessId":7628,"CommandLine":"C:\\Program Files\\Microsoft Office\\Office16\\EXCEL.EXE","ParentImage":"C:\\Windows\\System32\\services.exe","ParentProcessGuid":"{7F87CDE6-359E-2026-2B1B-F87395AB7BC9}","OriginalFileName":"C:\\Program Files\\Microsoft Office\\Office16\\EXCEL.EXE"}
{"UtcTime":"2026-08-12 14:59:02.000","Computer":"CLM-MESA-014","User":"CLM\\ops","EventID":1,"Image":"C:\\Windows\\System32\\RuntimeBroker.exe","ProcessGuid":"{60A1BE5E-2D4D-2026-9437-3DDCEE4EF169}","ProcessId":6323,"CommandLine":"C:\\Windows\\System32\\RuntimeBroker.exe","ParentImage":"C:\\Windows\\System32\\services.exe","ParentProcessGuid":"{58CE1E2D-C473-2026-D81A-6B2ADC72F3F2}","OriginalFileName":"C:\\Windows\\System32\\RuntimeBroker.exe"}
{"UtcTime":"2026-08-12 14:59:03.000","Computer":"CLM-MESA-014","User":"CLM\\ops","EventID":1,"Image":"C:\\Windows\\explorer.exe","ProcessGuid":"{8CA607C5-1E7C-2026-BDA5-9CC966541613}","ProcessId":4956,"CommandLine":"C:\\Windows\\explorer.exe","ParentImage":"C:\\Windows\\System32\\services.exe","ParentProcessGuid":"{04D46ABC-433F-2026-2DA0-D6E99DDE9D1B}","OriginalFileName":"C:\\Windows\\explorer.exe"}
{"UtcTime":"2026-08-12 14:59:04.000","Computer":"CLM-MESA-014","User":"CLM\\mesa","EventID":1,"Image":"C:\\Program Files\\Google\\Chrome\\Application\\chrome.exe","ProcessGuid":"{006DE837-A48D-2026-370D-FE591C868157}","ProcessId":5555,"CommandLine":"C:\\Program Files\\Google\\Chrome\\Application\\chrome.exe","ParentImage":"C:\\Windows\\System32\\services.exe","ParentProcessGuid":"{ADA9A1B4-3CB1-2026-EB08-56CD87EA3E0D}","OriginalFileName":"C:\\Program Files\\Google\\Chrome\\Application\\chrome.exe"}
{"UtcTime":"2026-08-12 14:59:05.000","Computer":"CLM-MESA-014","User":"CLM\\backoffice","EventID":1,"Image":"C:\\Windows\\System32\\svchost.exe","ProcessGuid":"{BA73BC53-9A04-2026-FC1B-BD887D61162D}","ProcessId":3787,"CommandLine":"C:\\Windows\\System32\\svchost.exe","ParentImage":"C:\\Windows\\System32\\services.exe","ParentProcessGuid":"{6C1A1873-F58C-2026-9081-0CB7BA94697E}","OriginalFileName":"C:\\Windows\\System32\\svchost.exe"}
{"UtcTime":"2026-08-12 14:59:06.000","Computer":"CLM-MESA-014","User":"CLM\\backoffice","EventID":1,"Image":"C:\\Windows\\System32\\conhost.exe","ProcessGuid":"{A43BA9A2-C0DD-2026-B894-00448B0BACD5}","ProcessId":6178,"CommandLine":"C:\\Windows\\System32\\conhost.exe","ParentImage":"C:\\Windows\\System32\\services.exe","ParentProcessGuid":"{FEA3B81E-C1F4-2026-D690-0F9252870257}","OriginalFileName":"C:\\Windows\\System32\\conhost.exe"}
{"UtcTime":"2026-08-12 14:59:07.000","Computer":"CLM-MESA-014","User":"CLM\\mesa","EventID":5,"Image":"C:\\Windows\\System32\\RuntimeBroker.exe","ProcessGuid":"{F053269F-7724-2026-CCFF-86BB15C2F527}","ProcessId":7901,"EventType":"End"}
{"UtcTime":"2026-08-12 14:59:08.000","Computer":"CLM-MESA-014","User":"CLM\\mesa","EventID":3,"Image":"C:\\Windows\\System32\\svchost.exe","ProcessGuid":"{B4482519-8C3D-2026-C70C-41863412965B}","ProcessId":2377,"DestinationIp":"1.1.1.1","DestinationPort":443,"DestinationHostname":"ntp.clm.liquidacao","SourceIp":"10.70.30.14","Protocol":"tcp"}
{"UtcTime":"2026-08-12 14:59:09.000","Computer":"CLM-MESA-014","User":"CLM\\backoffice","EventID":1,"Image":"C:\\Windows\\System32\\RuntimeBroker.exe","ProcessGuid":"{EBCA890E-C6AD-2026-575B-3783563DAC08}","ProcessId":4717,"CommandLine":"C:\\Windows\\System32\\RuntimeBroker.exe","ParentImage":"C:\\Windows\\System32\\services.exe","ParentProcessGuid":"{022DCFD3-79A9-2026-673D-02A4A067A2FD}","OriginalFileName":"C:\\Windows\\System32\\RuntimeBroker.exe"}
{"UtcTime":"2026-08-12 14:59:10.000","Computer":"CLM-MESA-014","User":"CLM\\ops","EventID":13,"Image":"C:\\Program Files\\Google\\Chrome\\Application\\chrome.exe","ProcessGuid":"{E08202F6-6EFF-2026-F37C-B3B3888D6536}","ProcessId":2319,"EventType":"SetValue","TargetObject":"HKCU\\Software\\CLM\\Mesa\\Pref\\2950","Details":"1"}
{"UtcTime":"2026-08-12 14:59:11.000","Computer":"CLM-MESA-014","User":"CLM\\ops","EventID":13,"Image":"C:\\Windows\\System32\\conhost.exe","ProcessGuid":"{69611F58-5638-2026-A160-373D6DB91838}","ProcessId":2595,"EventType":"SetValue","TargetObject":"HKCU\\Software\\CLM\\Mesa\\Pref\\2951","Details":"1"}
{"UtcTime":"2026-08-12 14:59:12.000","Computer":"CLM-MESA-014","User":"CLM\\ops","EventID":13,"Image":"C:\\Program Files\\Google\\Chrome\\Application\\chrome.exe","ProcessGuid":"{FE6557D8-991E-2026-158C-E8AA726831E1}","ProcessId":2497,"EventType":"SetValue","TargetObject":"HKCU\\Software\\CLM\\Mesa\\Pref\\2952","Details":"1"}
{"UtcTime":"2026-08-12 14:59:13.000","Computer":"CLM-MESA-014","User":"CLM\\mesa","EventID":3,"Image":"C:\\Windows\\System32\\conhost.exe","ProcessGuid":"{FA728E37-148E-2026-41F6-84793368512F}","ProcessId":6319,"DestinationIp":"1.1.1.1","DestinationPort":135,"DestinationHostname":"portal.clm.liquidacao","SourceIp":"10.70.30.14","Protocol":"tcp"}
{"UtcTime":"2026-08-12 14:59:14.000","Computer":"CLM-MESA-014","User":"CLM\\mesa","EventID":1,"Image":"C:\\Windows\\System32\\RuntimeBroker.exe","ProcessGuid":"{E51968C0-5D1C-2026-44EE-7BB3EAA5D263}","ProcessId":3102,"CommandLine":"C:\\Windows\\System32\\RuntimeBroker.exe","ParentImage":"C:\\Windows\\System32\\services.exe","ParentProcessGuid":"{FC907ED4-44D0-2026-83E6-DD03B1FD804E}","OriginalFileName":"C:\\Windows\\System32\\RuntimeBroker.exe"}
{"UtcTime":"2026-08-12 14:59:15.000","Computer":"CLM-MESA-014","User":"CLM\\mesa","EventID":11,"Image":"C:\\Program Files\\Google\\Chrome\\Application\\chrome.exe","ProcessGuid":"{F36D16C1-5D09-2026-F7FB-5F47DEE725A1}","ProcessId":1699,"TargetFilename":"C:\\Users\\Public\\Temp\\mesa-2955.tmp"}
{"UtcTime":"2026-08-12 14:59:16.000","Computer":"CLM-MESA-014","User":"CLM\\mesa","EventID":1,"Image":"C:\\Windows\\System32\\RuntimeBroker.exe","ProcessGuid":"{C20F6B67-F53A-2026-7F6A-EB88E5332BA1}","ProcessId":955,"CommandLine":"C:\\Windows\\System32\\RuntimeBroker.exe","ParentImage":"C:\\Windows\\System32\\services.exe","ParentProcessGuid":"{5C5661F6-1D78-2026-0000-606B884C4525}","OriginalFileName":"C:\\Windows\\System32\\RuntimeBroker.exe"}
{"UtcTime":"2026-08-12 14:59:17.000","Computer":"CLM-MESA-014","User":"CLM\\backoffice","EventID":1,"Image":"C:\\Program Files\\Microsoft Office\\Office16\\EXCEL.EXE","ProcessGuid":"{4E97701B-2917-2026-FE6E-EF76F6482C2E}","ProcessId":6797,"CommandLine":"C:\\Program Files\\Microsoft Office\\Office16\\EXCEL.EXE","ParentImage":"C:\\Windows\\System32\\services.exe","ParentProcessGuid":"{21624053-69DC-2026-1312-6F9E54546809}","OriginalFileName":"C:\\Program Files\\Microsoft Office\\Office16\\EXCEL.EXE"}
{"UtcTime":"2026-08-12 14:59:18.000","Computer":"CLM-MESA-014","User":"CLM\\ops","EventID":1,"Image":"C:\\Program Files\\Microsoft Office\\Office16\\EXCEL.EXE","ProcessGuid":"{DAED27A5-23F6-2026-8B83-3BDFD5006B6A}","ProcessId":5125,"CommandLine":"C:\\Program Files\\Microsoft Office\\Office16\\EXCEL.EXE","ParentImage":"C:\\Windows\\System32\\services.exe","ParentProcessGuid":"{CE4A9C1D-12DF-2026-E683-6783DE551C00}","OriginalFileName":"C:\\Program Files\\Microsoft Office\\Office16\\EXCEL.EXE"}
{"UtcTime":"2026-08-12 14:59:19.000","Computer":"CLM-MESA-014","User":"CLM\\ops","EventID":1,"Image":"C:\\Windows\\explorer.exe","ProcessGuid":"{9305BA76-DAD7-2026-ED6A-1910AACCA24E}","ProcessId":4413,"CommandLine":"C:\\Windows\\explorer.exe","ParentImage":"C:\\Windows\\System32\\services.exe","ParentProcessGuid":"{DBF7434C-026F-2026-DE4B-04ED3067F6C2}","OriginalFileName":"C:\\Windows\\explorer.exe"}
{"UtcTime":"2026-08-12 14:59:20.000","Computer":"CLM-MESA-014","User":"CLM\\mesa","EventID":13,"Image":"C:\\Windows\\System32\\svchost.exe","ProcessGuid":"{BA55ED09-F48D-2026-F9F8-9F8D1F5787C7}","ProcessId":5467,"EventType":"SetValue","TargetObject":"HKCU\\Software\\CLM\\Mesa\\Pref\\2960","Details":"1"}
{"UtcTime":"2026-08-12 14:59:21.000","Computer":"CLM-MESA-014","User":"CLM\\backoffice","EventID":1,"Image":"C:\\Windows\\explorer.exe","ProcessGuid":"{66249AEC-A00D-2026-7024-E285B4F204F0}","ProcessId":7029,"CommandLine":"C:\\Windows\\explorer.exe","ParentImage":"C:\\Windows\\System32\\services.exe","ParentProcessGuid":"{4F985D65-E044-2026-1FEF-315CE164D608}","OriginalFileName":"C:\\Windows\\explorer.exe"}
{"UtcTime":"2026-08-12 14:59:22.000","Computer":"CLM-MESA-014","User":"CLM\\mesa","EventID":3,"Image":"C:\\Program Files\\Google\\Chrome\\Application\\chrome.exe","ProcessGuid":"{2D33D938-8327-2026-EEB0-3EDD499B4EAC}","ProcessId":3020,"DestinationIp":"10.70.30.1","DestinationPort":443,"DestinationHostname":"ntp.clm.liquidacao","SourceIp":"10.70.30.14","Protocol":"tcp"}
{"UtcTime":"2026-08-12 14:59:23.000","Computer":"CLM-MESA-014","User":"CLM\\ops","EventID":1,"Image":"C:\\Windows\\System32\\RuntimeBroker.exe","ProcessGuid":"{BACA8091-6EF3-2026-CB9B-B45137D51C83}","ProcessId":8641,"CommandLine":"C:\\Windows\\System32\\RuntimeBroker.exe","ParentImage":"C:\\Windows\\System32\\services.exe","ParentProcessGuid":"{83D9DA85-4FD1-2026-A0BF-78C26E7A1C24}","OriginalFileName":"C:\\Windows\\System32\\RuntimeBroker.exe"}
{"UtcTime":"2026-08-12 14:59:24.000","Computer":"CLM-MESA-014","User":"CLM\\ops","EventID":1,"Image":"C:\\Program Files\\Microsoft Office\\Office16\\EXCEL.EXE","ProcessGuid":"{5D799110-392B-2026-15C5-D499C1172B15}","ProcessId":8757,"CommandLine":"C:\\Program Files\\Microsoft Office\\Office16\\EXCEL.EXE","ParentImage":"C:\\Windows\\System32\\services.exe","ParentProcessGuid":"{CB5EE0AB-2E03-2026-AC1E-C451E779EBAD}","OriginalFileName":"C:\\Program Files\\Microsoft Office\\Office16\\EXCEL.EXE"}
{"UtcTime":"2026-08-12 14:59:25.000","Computer":"CLM-MESA-014","User":"CLM\\ops","EventID":1,"Image":"C:\\Program Files\\Google\\Chrome\\Application\\chrome.exe","ProcessGuid":"{8D213486-0BF1-2026-11F3-C60733EB839E}","ProcessId":5066,"CommandLine":"C:\\Program Files\\Google\\Chrome\\Application\\chrome.exe","ParentImage":"C:\\Windows\\System32\\services.exe","ParentProcessGuid":"{41C2493E-886E-2026-C96B-D9578AD6F640}","OriginalFileName":"C:\\Program Files\\Google\\Chrome\\Application\\chrome.exe"}
{"UtcTime":"2026-08-12 14:59:26.000","Computer":"CLM-MESA-014","User":"CLM\\backoffice","EventID":11,"Image":"C:\\Windows\\System32\\RuntimeBroker.exe","ProcessGuid":"{5F30FE0A-71EF-2026-A804-9B1085934E6D}","ProcessId":2654,"TargetFilename":"C:\\Users\\Public\\Temp\\mesa-2966.tmp"}
{"UtcTime":"2026-08-12 14:59:27.000","Computer":"CLM-MESA-014","User":"CLM\\backoffice","EventID":13,"Image":"C:\\Program Files\\Google\\Chrome\\Application\\chrome.exe","ProcessGuid":"{A1F5B0CA-D3AC-2026-0EFA-36A15FA2B137}","ProcessId":8637,"EventType":"SetValue","TargetObject":"HKCU\\Software\\CLM\\Mesa\\Pref\\2967","Details":"1"}
{"UtcTime":"2026-08-12 14:59:28.000","Computer":"CLM-MESA-014","User":"CLM\\mesa","EventID":3,"Image":"C:\\Windows\\System32\\svchost.exe","ProcessGuid":"{90AD813C-6467-2026-971A-076CCA774CE3}","ProcessId":2393,"DestinationIp":"10.70.30.8","DestinationPort":135,"DestinationHostname":"portal.clm.liquidacao","SourceIp":"10.70.30.14","Protocol":"tcp"}
{"UtcTime":"2026-08-12 14:59:29.000","Computer":"CLM-MESA-014","User":"CLM\\backoffice","EventID":5,"Image":"C:\\Program Files\\Google\\Chrome\\Application\\chrome.exe","ProcessGuid":"{62030782-32C9-2026-C07D-27E35EBDF26A}","ProcessId":1694,"EventType":"End"}
{"UtcTime":"2026-08-12 14:59:30.000","Computer":"CLM-MESA-014","User":"CLM\\backoffice","EventID":13,"Image":"C:\\Windows\\System32\\RuntimeBroker.exe","ProcessGuid":"{78C3DD0D-BE3A-2026-9C5F-B4A0A9069CFF}","ProcessId":4171,"EventType":"SetValue","TargetObject":"HKCU\\Software\\CLM\\Mesa\\Pref\\2970","Details":"1"}
{"UtcTime":"2026-08-12 14:59:31.000","Computer":"CLM-MESA-014","User":"CLM\\backoffice","EventID":13,"Image":"C:\\Windows\\System32\\conhost.exe","ProcessGuid":"{7854D516-38E6-2026-CE56-B278F7E41BE2}","ProcessId":916,"EventType":"SetValue","TargetObject":"HKCU\\Software\\CLM\\Mesa\\Pref\\2971","Details":"1"}
{"UtcTime":"2026-08-12 14:59:32.000","Computer":"CLM-MESA-014","User":"CLM\\mesa","EventID":11,"Image":"C:\\Program Files\\Google\\Chrome\\Application\\chrome.exe","ProcessGuid":"{E64E1954-BFCA-2026-5665-55A3A7CC9407}","ProcessId":4646,"TargetFilename":"C:\\Users\\Public\\Temp\\mesa-2972.tmp"}
{"UtcTime":"2026-08-12 14:59:33.000","Computer":"CLM-MESA-014","User":"CLM\\ops","EventID":1,"Image":"C:\\Program Files\\Microsoft Office\\Office16\\EXCEL.EXE","ProcessGuid":"{2C197948-60CC-2026-CD8C-3361CC1AB262}","ProcessId":4477,"CommandLine":"C:\\Program Files\\Microsoft Office\\Office16\\EXCEL.EXE","ParentImage":"C:\\Windows\\System32\\services.exe","ParentProcessGuid":"{D96A1494-BEDB-2026-2B65-5D692F6CE963}","OriginalFileName":"C:\\Program Files\\Microsoft Office\\Office16\\EXCEL.EXE"}
{"UtcTime":"2026-08-12 14:59:34.000","Computer":"CLM-MESA-014","User":"CLM\\backoffice","EventID":3,"Image":"C:\\Windows\\System32\\conhost.exe","ProcessGuid":"{405AFB51-02D4-2026-F40F-F79DE40FAE7A}","ProcessId":8551,"DestinationIp":"10.70.30.8","DestinationPort":8080,"DestinationHostname":"portal.clm.liquidacao","SourceIp":"10.70.30.14","Protocol":"tcp"}
{"UtcTime":"2026-08-12 14:59:35.000","Computer":"CLM-MESA-014","User":"CLM\\backoffice","EventID":11,"Image":"C:\\Windows\\System32\\conhost.exe","ProcessGuid":"{77F39B81-1B66-2026-813E-9C962807DAD7}","ProcessId":6274,"TargetFilename":"C:\\Users\\Public\\Temp\\mesa-2975.tmp"}
{"UtcTime":"2026-08-12 14:59:36.000","Computer":"CLM-MESA-014","User":"CLM\\mesa","EventID":1,"Image":"C:\\Windows\\explorer.exe","ProcessGuid":"{4EF0303B-A201-2026-C0CC-B3C25BC6EC26}","ProcessId":3126,"CommandLine":"C:\\Windows\\explorer.exe","ParentImage":"C:\\Windows\\System32\\services.exe","ParentProcessGuid":"{19847820-EC98-2026-8695-6BA262E01926}","OriginalFileName":"C:\\Windows\\explorer.exe"}
{"UtcTime":"2026-08-12 14:59:37.000","Computer":"CLM-MESA-014","User":"CLM\\mesa","EventID":1,"Image":"C:\\Windows\\System32\\svchost.exe","ProcessGuid":"{EFA8C8E5-65F2-2026-2B79-2442C5729BE2}","ProcessId":6712,"CommandLine":"C:\\Windows\\System32\\svchost.exe","ParentImage":"C:\\Windows\\System32\\services.exe","ParentProcessGuid":"{E0A8580F-56C6-2026-967A-0CCF728CF082}","OriginalFileName":"C:\\Windows\\System32\\svchost.exe"}
{"UtcTime":"2026-08-12 14:59:38.000","Computer":"CLM-MESA-014","User":"CLM\\mesa","EventID":11,"Image":"C:\\Windows\\explorer.exe","ProcessGuid":"{64CF5876-0986-2026-0DAA-7602193B27BF}","ProcessId":8206,"TargetFilename":"C:\\Users\\Public\\Temp\\mesa-2978.tmp"}
{"UtcTime":"2026-08-12 14:59:39.000","Computer":"CLM-MESA-014","User":"CLM\\ops","EventID":13,"Image":"C:\\Windows\\System32\\RuntimeBroker.exe","ProcessGuid":"{0A497584-F7A7-2026-44BE-C224C8CA7237}","ProcessId":8426,"EventType":"SetValue","TargetObject":"HKCU\\Software\\CLM\\Mesa\\Pref\\2979","Details":"1"}
{"UtcTime":"2026-08-12 14:59:40.000","Computer":"CLM-MESA-014","User":"CLM\\ops","EventID":1,"Image":"C:\\Program Files\\Google\\Chrome\\Application\\chrome.exe","ProcessGuid":"{91C74AD6-330C-2026-B7F6-264DF19212A8}","ProcessId":8053,"CommandLine":"C:\\Program Files\\Google\\Chrome\\Application\\chrome.exe","ParentImage":"C:\\Windows\\System32\\services.exe","ParentProcessGuid":"{0F2E33DE-E36D-2026-68F2-080606D86121}","OriginalFileName":"C:\\Program Files\\Google\\Chrome\\Application\\chrome.exe"}
{"UtcTime":"2026-08-12 14:59:41.000","Computer":"CLM-MESA-014","User":"CLM\\backoffice","EventID":13,"Image":"C:\\Program Files\\Microsoft Office\\Office16\\EXCEL.EXE","ProcessGuid":"{0E2959BF-9843-2026-E431-0971F603EF4B}","ProcessId":3453,"EventType":"SetValue","TargetObject":"HKCU\\Software\\CLM\\Mesa\\Pref\\2981","Details":"1"}
{"UtcTime":"2026-08-12 14:59:42.000","Computer":"CLM-MESA-014","User":"CLM\\ops","EventID":1,"Image":"C:\\Windows\\System32\\svchost.exe","ProcessGuid":"{8994F3C6-20DC-2026-CC80-200D5FD87032}","ProcessId":7672,"CommandLine":"C:\\Windows\\System32\\svchost.exe","ParentImage":"C:\\Windows\\System32\\services.exe","ParentProcessGuid":"{2A93F858-3E4D-2026-3780-4FB6315D2CBD}","OriginalFileName":"C:\\Windows\\System32\\svchost.exe"}
{"UtcTime":"2026-08-12 14:59:43.000","Computer":"CLM-MESA-014","User":"CLM\\mesa","EventID":1,"Image":"C:\\Windows\\explorer.exe","ProcessGuid":"{829BA2C8-670E-2026-1F2E-61D874767456}","ProcessId":1848,"CommandLine":"C:\\Windows\\explorer.exe","ParentImage":"C:\\Windows\\System32\\services.exe","ParentProcessGuid":"{CCE999A6-435F-2026-8483-BDEE05DCB00F}","OriginalFileName":"C:\\Windows\\explorer.exe"}
{"UtcTime":"2026-08-12 14:59:44.000","Computer":"CLM-MESA-014","User":"CLM\\backoffice","EventID":1,"Image":"C:\\Program Files\\Google\\Chrome\\Application\\chrome.exe","ProcessGuid":"{A9533FD9-71B1-2026-4F46-8B8E334EE49B}","ProcessId":5238,"CommandLine":"C:\\Program Files\\Google\\Chrome\\Application\\chrome.exe","ParentImage":"C:\\Windows\\System32\\services.exe","ParentProcessGuid":"{5E20011F-38DC-2026-AADF-C13BF9408296}","OriginalFileName":"C:\\Program Files\\Google\\Chrome\\Application\\chrome.exe"}
{"UtcTime":"2026-08-12 14:59:45.000","Computer":"CLM-MESA-014","User":"CLM\\mesa","EventID":3,"Image":"C:\\Program Files\\Microsoft Office\\Office16\\EXCEL.EXE","ProcessGuid":"{6CB2E528-FF52-2026-6DF8-53A35B5101D3}","ProcessId":835,"DestinationIp":"8.8.8.8","DestinationPort":443,"DestinationHostname":"portal.clm.liquidacao","SourceIp":"10.70.30.14","Protocol":"tcp"}
{"UtcTime":"2026-08-12 14:59:46.000","Computer":"CLM-MESA-014","User":"CLM\\backoffice","EventID":5,"Image":"C:\\Windows\\explorer.exe","ProcessGuid":"{253A5B49-BB70-2026-FB73-77FD3654DDC3}","ProcessId":2976,"EventType":"End"}
{"UtcTime":"2026-08-12 14:59:47.000","Computer":"CLM-MESA-014","User":"CLM\\ops","EventID":3,"Image":"C:\\Windows\\explorer.exe","ProcessGuid":"{AE4E376E-FDC7-2026-B7ED-1AE548CD6955}","ProcessId":1738,"DestinationIp":"10.70.30.8","DestinationPort":135,"DestinationHostname":"portal.clm.liquidacao","SourceIp":"10.70.30.14","Protocol":"tcp"}
{"UtcTime":"2026-08-12 14:59:48.000","Computer":"CLM-MESA-014","User":"CLM\\backoffice","EventID":3,"Image":"C:\\Windows\\System32\\svchost.exe","ProcessGuid":"{3501821C-4242-2026-2B08-8DE6A3CA12C6}","ProcessId":1327,"DestinationIp":"1.1.1.1","DestinationPort":53,"DestinationHostname":"portal.clm.liquidacao","SourceIp":"10.70.30.14","Protocol":"tcp"}
{"UtcTime":"2026-08-12 14:59:49.000","Computer":"CLM-MESA-014","User":"CLM\\mesa","EventID":1,"Image":"C:\\Windows\\explorer.exe","ProcessGuid":"{62BE58C7-955B-2026-F3DF-011504F91E52}","ProcessId":8290,"CommandLine":"C:\\Windows\\explorer.exe","ParentImage":"C:\\Windows\\System32\\services.exe","ParentProcessGuid":"{DFE025AD-6CFF-2026-EC8B-86E89A818496}","OriginalFileName":"C:\\Windows\\explorer.exe"}
{"UtcTime":"2026-08-12 14:59:50.000","Computer":"CLM-MESA-014","User":"CLM\\backoffice","EventID":3,"Image":"C:\\Windows\\explorer.exe","ProcessGuid":"{5AA01785-05B5-2026-9D12-B60F66A521DC}","ProcessId":8325,"DestinationIp":"10.70.30.1","DestinationPort":443,"DestinationHostname":"portal.clm.liquidacao","SourceIp":"10.70.30.14","Protocol":"tcp"}
{"UtcTime":"2026-08-12 14:59:51.000","Computer":"CLM-MESA-014","User":"CLM\\mesa","EventID":11,"Image":"C:\\Windows\\System32\\svchost.exe","ProcessGuid":"{399C0EBE-9B9E-2026-02A2-F308678BC109}","ProcessId":2872,"TargetFilename":"C:\\Users\\Public\\Temp\\mesa-2991.tmp"}
{"UtcTime":"2026-08-12 14:59:52.000","Computer":"CLM-MESA-014","User":"CLM\\ops","EventID":1,"Image":"C:\\Program Files\\Google\\Chrome\\Application\\chrome.exe","ProcessGuid":"{FA804C22-A47D-2026-0BC7-3EEFC8348FA8}","ProcessId":8103,"CommandLine":"C:\\Program Files\\Google\\Chrome\\Application\\chrome.exe","ParentImage":"C:\\Windows\\System32\\services.exe","ParentProcessGuid":"{9EE4A2C9-AF1B-2026-51DE-04166B6BCEDF}","OriginalFileName":"C:\\Program Files\\Google\\Chrome\\Application\\chrome.exe"}
{"UtcTime":"2026-08-12 14:59:53.000","Computer":"CLM-MESA-014","User":"CLM\\mesa","EventID":11,"Image":"C:\\Windows\\System32\\RuntimeBroker.exe","ProcessGuid":"{49B46166-75A3-2026-A6AD-53D4FEBAF642}","ProcessId":5828,"TargetFilename":"C:\\Users\\Public\\Temp\\mesa-2993.tmp"}
{"UtcTime":"2026-08-12 14:59:54.000","Computer":"CLM-MESA-014","User":"CLM\\mesa","EventID":5,"Image":"C:\\Windows\\explorer.exe","ProcessGuid":"{981776E0-1147-2026-9150-D74F38D85DBA}","ProcessId":3081,"EventType":"End"}
{"UtcTime":"2026-08-12 14:59:55.000","Computer":"CLM-MESA-014","User":"CLM\\mesa","EventID":5,"Image":"C:\\Windows\\explorer.exe","ProcessGuid":"{EC7B8001-B758-2026-E189-83552F2C06C5}","ProcessId":8808,"EventType":"End"}
{"UtcTime":"2026-08-12 14:59:56.000","Computer":"CLM-MESA-014","User":"CLM\\mesa","EventID":13,"Image":"C:\\Windows\\System32\\conhost.exe","ProcessGuid":"{CF6ABC17-1FF8-2026-CFE9-B66B5FEF6E77}","ProcessId":3132,"EventType":"SetValue","TargetObject":"HKCU\\Software\\CLM\\Mesa\\Pref\\2996","Details":"1"}
{"UtcTime":"2026-08-12 14:59:57.000","Computer":"CLM-MESA-014","User":"CLM\\mesa","EventID":1,"Image":"C:\\Program Files\\Microsoft Office\\Office16\\EXCEL.EXE","ProcessGuid":"{D958075A-264E-2026-23FC-A5149BD40FF3}","ProcessId":3886,"CommandLine":"C:\\Program Files\\Microsoft Office\\Office16\\EXCEL.EXE","ParentImage":"C:\\Windows\\System32\\services.exe","ParentProcessGuid":"{83CC65F1-4C83-2026-AB26-AB4DC8982916}","OriginalFileName":"C:\\Program Files\\Microsoft Office\\Office16\\EXCEL.EXE"}
{"UtcTime":"2026-08-12 14:59:58.000","Computer":"CLM-MESA-014","User":"CLM\\ops","EventID":5,"Image":"C:\\Windows\\System32\\svchost.exe","ProcessGuid":"{0A094B6E-31F6-2026-AFB3-A290291AE572}","ProcessId":8710,"EventType":"End"}
{"UtcTime":"2026-08-12 14:59:59.000","Computer":"CLM-MESA-014","User":"CLM\\ops","EventID":1,"Image":"C:\\Program Files\\Google\\Chrome\\Application\\chrome.exe","ProcessGuid":"{7BE963E4-CCD6-2026-5B2D-ECAA0A5ECF86}","ProcessId":7062,"CommandLine":"C:\\Program Files\\Google\\Chrome\\Application\\chrome.exe","ParentImage":"C:\\Windows\\System32\\services.exe","ParentProcessGuid":"{E61A1CF2-2C1B-2026-A2E0-BB4752707833}","OriginalFileName":"C:\\Program Files\\Google\\Chrome\\Application\\chrome.exe"}
{"UtcTime":"2026-08-12 15:00:00.000","Computer":"CLM-MESA-014","User":"CLM\\mesa","EventID":1,"Image":"C:\\Program Files\\Microsoft Office\\Office16\\EXCEL.EXE","ProcessGuid":"{1B2EA844-CFF9-2026-4C81-8777C6B03C95}","ProcessId":746,"CommandLine":"C:\\Program Files\\Microsoft Office\\Office16\\EXCEL.EXE","ParentImage":"C:\\Windows\\System32\\services.exe","ParentProcessGuid":"{07F6DA5F-940C-2026-AC48-16EDB72C6510}","OriginalFileName":"C:\\Program Files\\Microsoft Office\\Office16\\EXCEL.EXE"}
{"UtcTime":"2026-08-12 15:00:01.000","Computer":"CLM-MESA-014","User":"CLM\\backoffice","EventID":11,"Image":"C:\\Windows\\System32\\svchost.exe","ProcessGuid":"{7C9FA461-A3F8-2026-DB7C-9481D2F706AA}","ProcessId":500,"TargetFilename":"C:\\Users\\Public\\Temp\\mesa-3001.tmp"}
{"UtcTime":"2026-08-12 15:00:02.000","Computer":"CLM-MESA-014","User":"CLM\\ops","EventID":5,"Image":"C:\\Windows\\System32\\conhost.exe","ProcessGuid":"{F2AC7B8F-9448-2026-FB56-C88E8365A534}","ProcessId":646,"EventType":"End"}
{"UtcTime":"2026-08-12 15:00:03.000","Computer":"CLM-MESA-014","User":"CLM\\backoffice","EventID":1,"Image":"C:\\Program Files\\Microsoft Office\\Office16\\EXCEL.EXE","ProcessGuid":"{4556A7BA-8F90-2026-E769-72D46D78A6F6}","ProcessId":2949,"CommandLine":"C:\\Program Files\\Microsoft Office\\Office16\\EXCEL.EXE","ParentImage":"C:\\Windows\\System32\\services.exe","ParentProcessGuid":"{8EC3AA12-7E6C-2026-84A5-0B29DE12FA03}","OriginalFileName":"C:\\Program Files\\Microsoft Office\\Office16\\EXCEL.EXE"}
{"UtcTime":"2026-08-12 15:00:04.000","Computer":"CLM-MESA-014","User":"CLM\\mesa","EventID":3,"Image":"C:\\Windows\\System32\\conhost.exe","ProcessGuid":"{1E71CC61-C3FD-2026-4AA3-8A4ECF6E62DC}","ProcessId":3706,"DestinationIp":"10.70.30.1","DestinationPort":443,"DestinationHostname":"ntp.clm.liquidacao","SourceIp":"10.70.30.14","Protocol":"tcp"}
{"UtcTime":"2026-08-12 15:00:05.000","Computer":"CLM-MESA-014","User":"CLM\\mesa","EventID":5,"Image":"C:\\Program Files\\Google\\Chrome\\Application\\chrome.exe","ProcessGuid":"{89C1EC6D-D876-2026-2114-0DABCBCFDE40}","ProcessId":6270,"EventType":"End"}
{"UtcTime":"2026-08-12 15:00:06.000","Computer":"CLM-MESA-014","User":"CLM\\ops","EventID":1,"Image":"C:\\Program Files\\Google\\Chrome\\Application\\chrome.exe","ProcessGuid":"{41FE6A8B-49A0-2026-9798-12D78B35D80E}","ProcessId":1349,"CommandLine":"C:\\Program Files\\Google\\Chrome\\Application\\chrome.exe","ParentImage":"C:\\Windows\\System32\\services.exe","ParentProcessGuid":"{F9E1D9C6-BBC0-2026-08FA-F7F6DAC28E2B}","OriginalFileName":"C:\\Program Files\\Google\\Chrome\\Application\\chrome.exe"}
{"UtcTime":"2026-08-12 15:00:07.000","Computer":"CLM-MESA-014","User":"CLM\\mesa","EventID":1,"Image":"C:\\Program Files\\Google\\Chrome\\Application\\chrome.exe","ProcessGuid":"{170FBC02-8D8B-2026-1E5E-7FA658EDA524}","ProcessId":5711,"CommandLine":"C:\\Program Files\\Google\\Chrome\\Application\\chrome.exe","ParentImage":"C:\\Windows\\System32\\services.exe","ParentProcessGuid":"{EB646B5B-10F9-2026-3A95-81C6011EC29D}","OriginalFileName":"C:\\Program Files\\Google\\Chrome\\Application\\chrome.exe"}
