{"UtcTime":"2026-08-12 10:46:14.000","Computer":"TN-FIN-WS042","User":"TRANSNORTE\\ops.cardoso","EventID":1,"Image":"C:\\Program Files\\Microsoft Office\\Office16\\OUTLOOK.EXE","ProcessGuid":"{589ECA4F-1BE2-2026-8172-88966ED3E286}","ProcessId":5840,"CommandLine":"C:\\Program Files\\Microsoft Office\\Office16\\OUTLOOK.EXE","ParentImage":"C:\\Windows\\System32\\services.exe","ParentProcessGuid":"{0BE61AF1-7C7A-2026-6B38-A11E257430AF}","OriginalFileName":"C:\\Program Files\\Microsoft Office\\Office16\\OUTLOOK.EXE","SHA256":"f5000cf13e3939ff012cabedbdbc24ff63168bab3b8cac2377d4c414e9819114"}
{"UtcTime":"2026-08-12 10:46:15.000","Computer":"TN-FIN-WS042","User":"TRANSNORTE\\backup_svc","EventID":1,"Image":"C:\\Windows\\explorer.exe","ProcessGuid":"{3C444BF4-2E86-2026-4305-8A8581C5C694}","ProcessId":2486,"CommandLine":"C:\\Windows\\explorer.exe","ParentImage":"C:\\Windows\\System32\\services.exe","ParentProcessGuid":"{5BB07659-9AB5-2026-0BE7-DC596D0C227B}","OriginalFileName":"C:\\Windows\\explorer.exe","SHA256":"70879431677aa2816b6ae526c273545da830e4f1164d00662d005234ac449d30"}
{"UtcTime":"2026-08-12 10:46:16.000","Computer":"TN-FIN-WS042","User":"TRANSNORTE\\ops.cardoso","EventID":1,"Image":"C:\\Windows\\System32\\svchost.exe","ProcessGuid":"{9C7C9645-A64B-2026-A004-EDC0349D5E9F}","ProcessId":2133,"CommandLine":"C:\\Windows\\System32\\svchost.exe","ParentImage":"C:\\Windows\\System32\\services.exe","ParentProcessGuid":"{93A8D688-0E8F-2026-FC9E-569EE6952435}","OriginalFileName":"C:\\Windows\\System32\\svchost.exe","SHA256":"7a902faf284454304137343849047e26289a4e8e71a4d238648cc278f4b7a5d0"}
{"UtcTime":"2026-08-12 10:46:17.000","Computer":"TN-FIN-WS042","User":"TRANSNORTE\\backup_svc","EventID":1,"Image":"C:\\Windows\\System32\\RuntimeBroker.exe","ProcessGuid":"{6327F096-4EAD-2026-4D15-C0CBA9823C0D}","ProcessId":2870,"CommandLine":"C:\\Windows\\System32\\RuntimeBroker.exe","ParentImage":"C:\\Windows\\System32\\services.exe","ParentProcessGuid":"{64176C89-EDFE-2026-9504-E6712C38E1C0}","OriginalFileName":"C:\\Windows\\System32\\RuntimeBroker.exe","SHA256":"1fe5b49037392f96e35fdcf4511ae0a424c31cb64d78ac77e640a3bf78506a9a"}
{"UtcTime":"2026-08-12 10:46:18.000","Computer":"TN-FIN-WS042","User":"TRANSNORTE\\ops.cardoso","EventID":3,"Image":"C:\\Windows\\System32\\svchost.exe","ProcessGuid":"{D2B7032F-43B5-2026-3BCE-E3AB5AF08562}","ProcessId":4051,"DestinationIp":"10.50.10.88","DestinationPort":443,"SourceIp":"10.50.10.42","Protocol":"tcp"}
{"UtcTime":"2026-08-12 10:46:19.000","Computer":"TN-FIN-WS042","User":"TRANSNORTE\\backup_svc","EventID":3,"Image":"C:\\Program Files\\Microsoft Office\\Office16\\OUTLOOK.EXE","ProcessGuid":"{3552796F-CED2-2026-3013-4600283121B4}","ProcessId":8006,"DestinationIp":"8.8.8.8","DestinationPort":53,"SourceIp":"10.50.10.42","Protocol":"tcp"}
{"UtcTime":"2026-08-12 10:46:20.000","Computer":"TN-FIN-WS042","User":"TRANSNORTE\\ops.cardoso","EventID":11,"Image":"C:\\Program Files\\Microsoft Office\\Office16\\OUTLOOK.EXE","ProcessGuid":"{9429CCE1-4ADB-2026-B602-81CDEE85CDE7}","ProcessId":3436,"TargetFilename":"C:\\Users\\ops.cardoso\\AppData\\Local\\Temp\\office-3980.tmp"}
{"UtcTime":"2026-08-12 10:46:21.000","Computer":"TN-FIN-WS042","User":"TRANSNORTE\\ops.cardoso","EventID":3,"Image":"C:\\Windows\\explorer.exe","ProcessGuid":"{0C12D280-56AF-2026-0B5E-C64BFED510AB}","ProcessId":7782,"DestinationIp":"10.50.10.88","DestinationPort":135,"SourceIp":"10.50.10.42","Protocol":"tcp"}
{"UtcTime":"2026-08-12 10:46:22.000","Computer":"TN-FIN-WS042","User":"TRANSNORTE\\ops.cardoso","EventID":11,"Image":"C:\\Program Files\\Microsoft Office\\Office16\\OUTLOOK.EXE","ProcessGuid":"{0B9ED3B1-C2D9-2026-2FAC-1247F65FA734}","ProcessId":6227,"TargetFilename":"C:\\Users\\ops.cardoso\\AppData\\Local\\Temp\\office-3982.tmp"}
{"UtcTime":"2026-08-12 10:46:23.000","Computer":"TN-FIN-WS042","User":"TRANSNORTE\\backup_svc","EventID":5,"Image":"C:\\Windows\\System32\\svchost.exe","ProcessGuid":"{658413A9-9025-2026-33BC-30D83F06E624}","ProcessId":4462,"EventType":"End"}
{"UtcTime":"2026-08-12 10:46:24.000","Computer":"TN-FIN-WS042","User":"TRANSNORTE\\backup_svc","EventID":5,"Image":"C:\\Program Files\\Microsoft Office\\Office16\\OUTLOOK.EXE","ProcessGuid":"{DDDC29C3-7143-2026-7A76-877CA00A9225}","ProcessId":8019,"EventType":"End"}
{"UtcTime":"2026-08-12 10:46:25.000","Computer":"TN-FIN-WS042","User":"TRANSNORTE\\ops.cardoso","EventID":5,"Image":"C:\\Windows\\explorer.exe","ProcessGuid":"{B349F618-749C-2026-A7B2-7AF87E2EF2B6}","ProcessId":8038,"EventType":"End"}
{"UtcTime":"2026-08-12 10:46:26.000","Computer":"TN-FIN-WS042","User":"TRANSNORTE\\backup_svc","EventID":1,"Image":"C:\\Windows\\System32\\svchost.exe","ProcessGuid":"{392DE0D5-AA2F-2026-7EBE-9861C4CC9CE7}","ProcessId":1384,"CommandLine":"C:\\Windows\\System32\\svchost.exe","ParentImage":"C:\\Windows\\System32\\services.exe","ParentProcessGuid":"{D2C7170C-F4C1-2026-D663-1C832BE119FA}","OriginalFileName":"C:\\Windows\\System32\\svchost.exe","SHA256":"d42499976afbc42489bf5e594221c001e9f63f18b5e2df46bd3831970c63326d"}
{"UtcTime":"2026-08-12 10:46:27.000","Computer":"TN-FIN-WS042","User":"TRANSNORTE\\backup_svc","EventID":1,"Image":"C:\\Windows\\explorer.exe","ProcessGuid":"{CD851168-C584-2026-DCBB-EC24FD2A737F}","ProcessId":4985,"CommandLine":"C:\\Windows\\explorer.exe","ParentImage":"C:\\Windows\\System32\\services.exe","ParentProcessGuid":"{C98E7B88-D566-2026-3600-3F44854DDA93}","OriginalFileName":"C:\\Windows\\explorer.exe","SHA256":"a05088748e11b914264c0b1b025076bffe3e87ca178560338a1c18796144637a"}
{"UtcTime":"2026-08-12 10:46:28.000","Computer":"TN-FIN-WS042","User":"TRANSNORTE\\ops.cardoso","EventID":5,"Image":"C:\\Windows\\explorer.exe","ProcessGuid":"{4BB48791-47EA-2026-6C52-11760201E9ED}","ProcessId":6058,"EventType":"End"}
{"UtcTime":"2026-08-12 10:46:29.000","Computer":"TN-FIN-WS042","User":"TRANSNORTE\\backup_svc","EventID":13,"Image":"C:\\Windows\\System32\\RuntimeBroker.exe","ProcessGuid":"{DD79A5EE-8C91-2026-2BF0-9C6397D88F67}","ProcessId":5844,"EventType":"SetValue","TargetObject":"HKCU\\Software\\Microsoft\\Office\\16.0\\Outlook\\Resiliency\\3989","Details":"1"}
{"UtcTime":"2026-08-12 10:46:30.000","Computer":"TN-FIN-WS042","User":"TRANSNORTE\\ops.cardoso","EventID":11,"Image":"C:\\Program Files\\Google\\Chrome\\Application\\chrome.exe","ProcessGuid":"{D40720FC-643F-2026-5A97-E229EA0A95CC}","ProcessId":6052,"TargetFilename":"C:\\Users\\ops.cardoso\\AppData\\Local\\Temp\\office-3990.tmp"}
{"UtcTime":"2026-08-12 10:46:31.000","Computer":"TN-FIN-WS042","User":"TRANSNORTE\\backup_svc","EventID":13,"Image":"C:\\Windows\\System32\\RuntimeBroker.exe","ProcessGuid":"{D5A5BF64-FB8B-2026-3DED-02E95502237A}","ProcessId":4376,"EventType":"SetValue","TargetObject":"HKCU\\Software\\Microsoft\\Office\\16.0\\Outlook\\Resiliency\\3991","Details":"1"}
{"UtcTime":"2026-08-12 10:46:32.000","Computer":"TN-FIN-WS042","User":"TRANSNORTE\\backup_svc","EventID":1,"Image":"C:\\Windows\\System32\\RuntimeBroker.exe","ProcessGuid":"{93E8D678-04A6-2026-B5FB-CE5D45A8562B}","ProcessId":7130,"CommandLine":"C:\\Windows\\System32\\RuntimeBroker.exe","ParentImage":"C:\\Windows\\System32\\services.exe","ParentProcessGuid":"{F65031CC-D685-2026-D978-C8C8FB66A93D}","OriginalFileName":"C:\\Windows\\System32\\RuntimeBroker.exe","SHA256":"1402567e20ff9a58ea331a27cd9fbc19b6e3b73c7a19577f2c91b572bc94944c"}
{"UtcTime":"2026-08-12 10:46:33.000","Computer":"TN-FIN-WS042","User":"TRANSNORTE\\backup_svc","EventID":1,"Image":"C:\\Windows\\explorer.exe","ProcessGuid":"{1BF42A70-7D30-2026-7602-79D09C3DFD73}","ProcessId":562,"CommandLine":"C:\\Windows\\explorer.exe","ParentImage":"C:\\Windows\\System32\\services.exe","ParentProcessGuid":"{4078294D-BA29-2026-DABB-49F2B718F67B}","OriginalFileName":"C:\\Windows\\explorer.exe","SHA256":"99ea64673589416084cd8ab0ea69378f9cb14a7e3f2d7fde62fa263b0dbf922f"}
{"UtcTime":"2026-08-12 10:46:34.000","Computer":"TN-FIN-WS042","User":"TRANSNORTE\\ops.cardoso","EventID":11,"Image":"C:\\Windows\\System32\\conhost.exe","ProcessGuid":"{24AE2EF0-D083-2026-1D49-AADA9A383E03}","ProcessId":3749,"TargetFilename":"C:\\Users\\ops.cardoso\\AppData\\Local\\Temp\\office-3994.tmp"}
{"UtcTime":"2026-08-12 10:46:35.000","Computer":"TN-FIN-WS042","User":"TRANSNORTE\\ops.cardoso","EventID":3,"Image":"C:\\Windows\\System32\\RuntimeBroker.exe","ProcessGuid":"{26474B7E-3A88-2026-66C7-7CCD9B52AA5B}","ProcessId":5567,"DestinationIp":"1.1.1.1","DestinationPort":53,"SourceIp":"10.50.10.42","Protocol":"tcp"}
{"UtcTime":"2026-08-12 10:46:36.000","Computer":"TN-FIN-WS042","User":"TRANSNORTE\\backup_svc","EventID":3,"Image":"C:\\Program Files\\Microsoft Office\\Office16\\OUTLOOK.EXE","ProcessGuid":"{866DE15D-74C2-2026-0EDD-B39C87806870}","ProcessId":2111,"DestinationIp":"1.1.1.1","DestinationPort":443,"SourceIp":"10.50.10.42","Protocol":"tcp"}
{"UtcTime":"2026-08-12 10:46:37.000","Computer":"TN-FIN-WS042","User":"TRANSNORTE\\ops.cardoso","EventID":3,"Image":"C:\\Program Files\\Google\\Chrome\\Application\\chrome.exe","ProcessGuid":"{3411A8B8-5258-2026-A5C7-70EA377A80DE}","ProcessId":2080,"DestinationIp":"1.1.1.1","DestinationPort":135,"SourceIp":"10.50.10.42","Protocol":"tcp"}
{"UtcTime":"2026-08-12 10:46:38.000","Computer":"TN-FIN-WS042","User":"TRANSNORTE\\backup_svc","EventID":11,"Image":"C:\\Program Files\\Microsoft Office\\Office16\\OUTLOOK.EXE","ProcessGuid":"{EDE42A73-DED8-2026-24E6-626B6DD4AEA3}","ProcessId":505,"TargetFilename":"C:\\Users\\ops.cardoso\\AppData\\Local\\Temp\\office-3998.tmp"}
{"UtcTime":"2026-08-12 10:46:39.000","Computer":"TN-FIN-WS042","User":"TRANSNORTE\\backup_svc","EventID":11,"Image":"C:\\Windows\\explorer.exe","ProcessGuid":"{348AB8F0-7E35-2026-DF04-9CA73E370792}","ProcessId":2434,"TargetFilename":"C:\\Users\\ops.cardoso\\AppData\\Local\\Temp\\office-3999.tmp"}
{"Computer":"TN-FIN-WS042","User":"TRANSNORTE\\ops.cardoso","Image":"D:\\update.bin","ProcessGuid":"{B7E4C210-0812-2026-A1B2-0A320A2A}","ProcessId":4820,"UtcTime":"2026-08-12 10:18:44.218","EventID":1,"CommandLine":"D:\\update.bin","CurrentDirectory":"D:\\","ParentImage":"C:\\Windows\\explorer.exe","ParentProcessGuid":"{E0E0E0E0-0812-2026-EEEE-0A320A2A}","ParentCommandLine":"C:\\Windows\\Explorer.EXE","OriginalFileName":"ICG4200.exe","SHA256":"d511fbd8ad61aae4f931a3261adb11859ec279800b9170610fdd36bc0da7280b","CampaignId":"CTF{sysmon_tn_relay}","IntegrityLevel":"Medium"}
{"Computer":"TN-FIN-WS042","User":"TRANSNORTE\\ops.cardoso","Image":"D:\\update.bin","ProcessGuid":"{B7E4C210-0812-2026-A1B2-0A320A2A}","ProcessId":4820,"UtcTime":"2026-08-12 10:18:44.218","EventID":3,"DestinationIp":"198.51.100.88","DestinationPort":80,"DestinationHostname":"update.induscom-cdn.net","SourceIp":"10.50.10.42","Protocol":"tcp"}
{"Computer":"TN-FIN-WS042","User":"TRANSNORTE\\ops.cardoso","Image":"D:\\update.bin","ProcessGuid":"{B7E4C210-0812-2026-A1B2-0A320A2A}","ProcessId":4820,"UtcTime":"2026-08-12 10:18:44.218","EventID":11,"TargetFilename":"C:\\Users\\ops.cardoso\\AppData\\Local\\IndusCom\\update.bin"}
{"Computer":"TN-FIN-WS042","User":"TRANSNORTE\\ops.cardoso","Image":"D:\\update.bin","ProcessGuid":"{B7E4C210-0812-2026-A1B2-0A320A2A}","ProcessId":4820,"UtcTime":"2026-08-12 10:18:44.218","EventID":13,"EventType":"SetValue","TargetObject":"HKCU\\Software\\Microsoft\\Windows\\CurrentVersion\\Run\\ObsidianUpdater","Details":"C:\\Users\\ops.cardoso\\AppData\\Local\\IndusCom\\update.bin"}
{"UtcTime":"2026-08-12 10:46:40.000","Computer":"TN-FIN-WS042","User":"TRANSNORTE\\ops.cardoso","EventID":3,"Image":"C:\\Program Files\\Microsoft Office\\Office16\\OUTLOOK.EXE","ProcessGuid":"{9746C5CC-3766-2026-4741-18425D194452}","ProcessId":8557,"DestinationIp":"8.8.8.8","DestinationPort":8080,"SourceIp":"10.50.10.42","Protocol":"tcp"}
{"UtcTime":"2026-08-12 10:46:41.000","Computer":"TN-FIN-WS042","User":"TRANSNORTE\\ops.cardoso","EventID":11,"Image":"C:\\Windows\\System32\\RuntimeBroker.exe","ProcessGuid":"{266670A1-5EA0-2026-9774-19B056696B58}","ProcessId":5216,"TargetFilename":"C:\\Users\\ops.cardoso\\AppData\\Local\\Temp\\office-4001.tmp"}
{"UtcTime":"2026-08-12 10:46:42.000","Computer":"TN-FIN-WS042","User":"TRANSNORTE\\backup_svc","EventID":1,"Image":"C:\\Windows\\System32\\svchost.exe","ProcessGuid":"{82DAC738-8C12-2026-26EB-58372A934D15}","ProcessId":8979,"CommandLine":"C:\\Windows\\System32\\svchost.exe","ParentImage":"C:\\Windows\\System32\\services.exe","ParentProcessGuid":"{63CBB92C-4072-2026-9EF4-C3344115CE84}","OriginalFileName":"C:\\Windows\\System32\\svchost.exe","SHA256":"3e66a0de34a76db6277176c4c255ca205c79fbddcec63d42789b1ff890acecc3"}
{"UtcTime":"2026-08-12 10:46:43.000","Computer":"TN-FIN-WS042","User":"TRANSNORTE\\backup_svc","EventID":1,"Image":"C:\\Windows\\System32\\RuntimeBroker.exe","ProcessGuid":"{49CF309C-63E9-2026-DFAA-68661F8C709E}","ProcessId":2178,"CommandLine":"C:\\Windows\\System32\\RuntimeBroker.exe","ParentImage":"C:\\Windows\\System32\\services.exe","ParentProcessGuid":"{DBB8D4FE-B158-2026-D739-6E7F7D428FD3}","OriginalFileName":"C:\\Windows\\System32\\RuntimeBroker.exe","SHA256":"141a1b93c6769a2acba58af8c459e68a380d23f26e2dc2717084ee11b8ed1a4f"}
{"UtcTime":"2026-08-12 10:46:44.000","Computer":"TN-FIN-WS042","User":"TRANSNORTE\\backup_svc","EventID":1,"Image":"C:\\Windows\\System32\\conhost.exe","ProcessGuid":"{D4EFE424-2136-2026-8ADE-32E2A1863762}","ProcessId":2746,"CommandLine":"C:\\Windows\\System32\\conhost.exe","ParentImage":"C:\\Windows\\System32\\services.exe","ParentProcessGuid":"{CDAF63CB-5D33-2026-00E4-C3A3BD1F0CDF}","OriginalFileName":"C:\\Windows\\System32\\conhost.exe","SHA256":"1d7354584994146063a4b6e924ecb8a33b41ef7c00f2ee85ba6f823bd9223d88"}
{"UtcTime":"2026-08-12 10:46:45.000","Computer":"TN-FIN-WS042","User":"TRANSNORTE\\ops.cardoso","EventID":1,"Image":"C:\\Program Files\\Google\\Chrome\\Application\\chrome.exe","ProcessGuid":"{8C275868-3AC7-2026-2869-66EBCD796796}","ProcessId":1958,"CommandLine":"C:\\Program Files\\Google\\Chrome\\Application\\chrome.exe","ParentImage":"C:\\Windows\\System32\\services.exe","ParentProcessGuid":"{0B02BDE2-AD2D-2026-E543-DCA884BDA03C}","OriginalFileName":"C:\\Program Files\\Google\\Chrome\\Application\\chrome.exe","SHA256":"93804f6d829461d2cbd4d25a084e2a841d5f2d566b6648ae6f30fd09d3b21dc6"}
{"UtcTime":"2026-08-12 10:46:46.000","Computer":"TN-FIN-WS042","User":"TRANSNORTE\\backup_svc","EventID":1,"Image":"C:\\Windows\\System32\\conhost.exe","ProcessGuid":"{FE5EBB38-B625-2026-7984-D19F6D3ED451}","ProcessId":8604,"CommandLine":"C:\\Windows\\System32\\conhost.exe","ParentImage":"C:\\Windows\\System32\\services.exe","ParentProcessGuid":"{13F49F65-9FCC-2026-9DE3-69A2E909DB25}","OriginalFileName":"C:\\Windows\\System32\\conhost.exe","SHA256":"ca8eb7b0b17a070259604e038d24123bb4d762fa93031ffe82939445c95ae514"}
{"UtcTime":"2026-08-12 10:46:47.000","Computer":"TN-FIN-WS042","User":"TRANSNORTE\\ops.cardoso","EventID":5,"Image":"C:\\Windows\\System32\\conhost.exe","ProcessGuid":"{8EAEC80E-7715-2026-C7AF-E537142FE3DC}","ProcessId":2557,"EventType":"End"}
{"UtcTime":"2026-08-12 10:46:48.000","Computer":"TN-FIN-WS042","User":"TRANSNORTE\\backup_svc","EventID":1,"Image":"C:\\Windows\\System32\\svchost.exe","ProcessGuid":"{F9B1DB51-AFA3-2026-6E33-A527CAAEB0C2}","ProcessId":4195,"CommandLine":"C:\\Windows\\System32\\svchost.exe","ParentImage":"C:\\Windows\\System32\\services.exe","ParentProcessGuid":"{6B1B9C2F-0F84-2026-36AB-CF75AD095460}","OriginalFileName":"C:\\Windows\\System32\\svchost.exe","SHA256":"f0de4f1025069302b9784c5c7db7db1c252b31ec9911dbca347f9ab522f9c5b6"}
{"UtcTime":"2026-08-12 10:46:49.000","Computer":"TN-FIN-WS042","User":"TRANSNORTE\\ops.cardoso","EventID":1,"Image":"C:\\Windows\\System32\\conhost.exe","ProcessGuid":"{C1650081-827A-2026-326F-9ADE225BC997}","ProcessId":6868,"CommandLine":"C:\\Windows\\System32\\conhost.exe","ParentImage":"C:\\Windows\\System32\\services.exe","ParentProcessGuid":"{56EFCA3F-7FB0-2026-BFA5-1A90BC3F955E}","OriginalFileName":"C:\\Windows\\System32\\conhost.exe","SHA256":"e2d27413476a1fea8dbe1b19f6958d6cd200df87924edfaf10e438593a66f3d1"}
{"UtcTime":"2026-08-12 10:46:50.000","Computer":"TN-FIN-WS042","User":"TRANSNORTE\\ops.cardoso","EventID":13,"Image":"C:\\Windows\\System32\\RuntimeBroker.exe","ProcessGuid":"{52342F36-3B98-2026-CAF2-B62EFDB85B1C}","ProcessId":3698,"EventType":"SetValue","TargetObject":"HKCU\\Software\\Microsoft\\Office\\16.0\\Outlook\\Resiliency\\4010","Details":"1"}
{"UtcTime":"2026-08-12 10:46:51.000","Computer":"TN-FIN-WS042","User":"TRANSNORTE\\backup_svc","EventID":1,"Image":"C:\\Program Files\\Google\\Chrome\\Application\\chrome.exe","ProcessGuid":"{8BBDC8AF-34A1-2026-54C1-E1AD7E0296E9}","ProcessId":4228,"CommandLine":"C:\\Program Files\\Google\\Chrome\\Application\\chrome.exe","ParentImage":"C:\\Windows\\System32\\services.exe","ParentProcessGuid":"{130546CC-D2D2-2026-B5C4-CD46424CE224}","OriginalFileName":"C:\\Program Files\\Google\\Chrome\\Application\\chrome.exe","SHA256":"b7986a2ef70e0b20b343e8ef0453b286bbe0ded0b255bcbf2bf65316a19348a8"}
{"UtcTime":"2026-08-12 10:46:52.000","Computer":"TN-FIN-WS042","User":"TRANSNORTE\\backup_svc","EventID":1,"Image":"C:\\Windows\\System32\\conhost.exe","ProcessGuid":"{0B75400D-E35E-2026-CB72-63EF37B33C2F}","ProcessId":5819,"CommandLine":"C:\\Windows\\System32\\conhost.exe","ParentImage":"C:\\Windows\\System32\\services.exe","ParentProcessGuid":"{BBB48262-DCF1-2026-90BE-DEAAEEF607C3}","OriginalFileName":"C:\\Windows\\System32\\conhost.exe","SHA256":"7dcff4f4c70ede552b449be5cfa2d7a850d96d069c74e09e765f10375875ea2a"}
{"UtcTime":"2026-08-12 10:46:53.000","Computer":"TN-FIN-WS042","User":"TRANSNORTE\\backup_svc","EventID":1,"Image":"C:\\Windows\\System32\\svchost.exe","ProcessGuid":"{EEFEED60-4DA1-2026-4FE5-8E3E279AE527}","ProcessId":591,"CommandLine":"C:\\Windows\\System32\\svchost.exe","ParentImage":"C:\\Windows\\System32\\services.exe","ParentProcessGuid":"{FA028986-310A-2026-4DFF-D6E6307C211B}","OriginalFileName":"C:\\Windows\\System32\\svchost.exe","SHA256":"5a74a3292d2c2b5dad6384d732da51c087e199c9bb59eb3ecdd8022716f99e92"}
{"UtcTime":"2026-08-12 10:46:54.000","Computer":"TN-FIN-WS042","User":"TRANSNORTE\\backup_svc","EventID":1,"Image":"C:\\Program Files\\Google\\Chrome\\Application\\chrome.exe","ProcessGuid":"{2CDC1897-1A65-2026-9262-76A03825704E}","ProcessId":4718,"CommandLine":"C:\\Program Files\\Google\\Chrome\\Application\\chrome.exe","ParentImage":"C:\\Windows\\System32\\services.exe","ParentProcessGuid":"{00E57DF8-7A02-2026-4CDA-FAF99EC71C73}","OriginalFileName":"C:\\Program Files\\Google\\Chrome\\Application\\chrome.exe","SHA256":"2b65871c39223549d013f88d1a5bb4a6bec510d57d620b4caf75f9d3fdefd694"}
{"UtcTime":"2026-08-12 10:46:55.000","Computer":"TN-FIN-WS042","User":"TRANSNORTE\\ops.cardoso","EventID":3,"Image":"C:\\Windows\\System32\\RuntimeBroker.exe","ProcessGuid":"{81F45A22-3E00-2026-D8CF-99D4F7EC082C}","ProcessId":3326,"DestinationIp":"10.50.10.88","DestinationPort":8080,"SourceIp":"10.50.10.42","Protocol":"tcp"}
{"UtcTime":"2026-08-12 10:46:56.000","Computer":"TN-FIN-WS042","User":"TRANSNORTE\\backup_svc","EventID":1,"Image":"C:\\Windows\\System32\\RuntimeBroker.exe","ProcessGuid":"{A56B6BB5-428C-2026-3C37-C29E394977FE}","ProcessId":8370,"CommandLine":"C:\\Windows\\System32\\RuntimeBroker.exe","ParentImage":"C:\\Windows\\System32\\services.exe","ParentProcessGuid":"{94B850C2-8268-2026-1D65-8781349FDFB2}","OriginalFileName":"C:\\Windows\\System32\\RuntimeBroker.exe","SHA256":"0bd87546cc02d804d8127a2866ae5b995e29250f8301e1f2d03c5184ab6f2f86"}
{"UtcTime":"2026-08-12 10:46:57.000","Computer":"TN-FIN-WS042","User":"TRANSNORTE\\backup_svc","EventID":3,"Image":"C:\\Program Files\\Google\\Chrome\\Application\\chrome.exe","ProcessGuid":"{0D106381-0A6C-2026-306D-C2814770A884}","ProcessId":5292,"DestinationIp":"10.50.10.10","DestinationPort":135,"SourceIp":"10.50.10.42","Protocol":"tcp"}
{"UtcTime":"2026-08-12 10:46:58.000","Computer":"TN-FIN-WS042","User":"TRANSNORTE\\backup_svc","EventID":11,"Image":"C:\\Windows\\System32\\conhost.exe","ProcessGuid":"{BDD4721C-B1BC-2026-B113-9B202CA7CEF0}","ProcessId":6111,"TargetFilename":"C:\\Users\\ops.cardoso\\AppData\\Local\\Temp\\office-4018.tmp"}
{"UtcTime":"2026-08-12 10:46:59.000","Computer":"TN-FIN-WS042","User":"TRANSNORTE\\ops.cardoso","EventID":11,"Image":"C:\\Windows\\explorer.exe","ProcessGuid":"{545C9163-1EFF-2026-D95B-CF7C8FE77017}","ProcessId":6404,"TargetFilename":"C:\\Users\\ops.cardoso\\AppData\\Local\\Temp\\office-4019.tmp"}
{"UtcTime":"2026-08-12 10:47:00.000","Computer":"TN-FIN-WS042","User":"TRANSNORTE\\ops.cardoso","EventID":3,"Image":"C:\\Program Files\\Google\\Chrome\\Application\\chrome.exe","ProcessGuid":"{D48FC206-23A1-2026-722B-8CF74DDC2200}","ProcessId":7889,"DestinationIp":"8.8.8.8","DestinationPort":53,"SourceIp":"10.50.10.42","Protocol":"tcp"}
{"UtcTime":"2026-08-12 10:47:01.000","Computer":"TN-FIN-WS042","User":"TRANSNORTE\\ops.cardoso","EventID":13,"Image":"C:\\Windows\\System32\\svchost.exe","ProcessGuid":"{9BDB528F-6D93-2026-76FE-A1A704A25F3D}","ProcessId":4074,"EventType":"SetValue","TargetObject":"HKCU\\Software\\Microsoft\\Office\\16.0\\Outlook\\Resiliency\\4021","Details":"1"}
{"UtcTime":"2026-08-12 10:47:02.000","Computer":"TN-FIN-WS042","User":"TRANSNORTE\\backup_svc","EventID":1,"Image":"C:\\Program Files\\Microsoft Office\\Office16\\OUTLOOK.EXE","ProcessGuid":"{56C00D53-6C9A-2026-FEBD-12CAA898FC45}","ProcessId":5590,"CommandLine":"C:\\Program Files\\Microsoft Office\\Office16\\OUTLOOK.EXE","ParentImage":"C:\\Windows\\System32\\services.exe","ParentProcessGuid":"{5F419199-8685-2026-30EE-EBC44298B6C9}","OriginalFileName":"C:\\Program Files\\Microsoft Office\\Office16\\OUTLOOK.EXE","SHA256":"e26eb363decf08fb7e54e3fbf61f8586a766a5e031c254a218d0280a1871a1e5"}
{"UtcTime":"2026-08-12 10:47:03.000","Computer":"TN-FIN-WS042","User":"TRANSNORTE\\ops.cardoso","EventID":1,"Image":"C:\\Windows\\System32\\svchost.exe","ProcessGuid":"{1664C59D-A702-2026-8642-AB5B8F3EB60D}","ProcessId":582,"CommandLine":"C:\\Windows\\System32\\svchost.exe","ParentImage":"C:\\Windows\\System32\\services.exe","ParentProcessGuid":"{170EBD11-AF44-2026-9089-DA4918625B29}","OriginalFileName":"C:\\Windows\\System32\\svchost.exe","SHA256":"4ec43c92b39bea491b9b1ebaf9fde6d2201cc3c661a3f0b54d3792bfc78438d3"}
{"UtcTime":"2026-08-12 10:47:04.000","Computer":"TN-FIN-WS042","User":"TRANSNORTE\\backup_svc","EventID":3,"Image":"C:\\Program Files\\Google\\Chrome\\Application\\chrome.exe","ProcessGuid":"{3247EA56-7299-2026-80B0-DD18647C4C5D}","ProcessId":4123,"DestinationIp":"8.8.8.8","DestinationPort":53,"SourceIp":"10.50.10.42","Protocol":"tcp"}
{"UtcTime":"2026-08-12 10:47:05.000","Computer":"TN-FIN-WS042","User":"TRANSNORTE\\backup_svc","EventID":1,"Image":"C:\\Program Files\\Google\\Chrome\\Application\\chrome.exe","ProcessGuid":"{743AACB0-1283-2026-523C-7D547B884982}","ProcessId":7126,"CommandLine":"C:\\Program Files\\Google\\Chrome\\Application\\chrome.exe","ParentImage":"C:\\Windows\\System32\\services.exe","ParentProcessGuid":"{4E3E21CE-A1BB-2026-9529-836E56B8712E}","OriginalFileName":"C:\\Program Files\\Google\\Chrome\\Application\\chrome.exe","SHA256":"3059a571304bc869723122192252cd344dd7cc95614e3221254f09eac5ea95fd"}
{"UtcTime":"2026-08-12 10:47:06.000","Computer":"TN-FIN-WS042","User":"TRANSNORTE\\ops.cardoso","EventID":5,"Image":"C:\\Program Files\\Microsoft Office\\Office16\\OUTLOOK.EXE","ProcessGuid":"{5653616A-A9BF-2026-3EEC-DE06F7F6D877}","ProcessId":7708,"EventType":"End"}
{"UtcTime":"2026-08-12 10:47:07.000","Computer":"TN-FIN-WS042","User":"TRANSNORTE\\ops.cardoso","EventID":11,"Image":"C:\\Program Files\\Microsoft Office\\Office16\\OUTLOOK.EXE","ProcessGuid":"{2DAC9975-CEFC-2026-9CD1-781358382E4A}","ProcessId":6716,"TargetFilename":"C:\\Users\\ops.cardoso\\AppData\\Local\\Temp\\office-4027.tmp"}
{"UtcTime":"2026-08-12 10:47:08.000","Computer":"TN-FIN-WS042","User":"TRANSNORTE\\backup_svc","EventID":1,"Image":"C:\\Program Files\\Microsoft Office\\Office16\\OUTLOOK.EXE","ProcessGuid":"{0E89841F-81C1-2026-E6EF-4405CA6B4A22}","ProcessId":1041,"CommandLine":"C:\\Program Files\\Microsoft Office\\Office16\\OUTLOOK.EXE","ParentImage":"C:\\Windows\\System32\\services.exe","ParentProcessGuid":"{2565EE20-FC85-2026-EE6D-14C0946C33F7}","OriginalFileName":"C:\\Program Files\\Microsoft Office\\Office16\\OUTLOOK.EXE","SHA256":"5a090fb03d1733ddb913711354d0cc8229e8a0530772855b50f7fec7b478ccac"}
{"UtcTime":"2026-08-12 10:47:09.000","Computer":"TN-FIN-WS042","User":"TRANSNORTE\\backup_svc","EventID":1,"Image":"C:\\Windows\\System32\\svchost.exe","ProcessGuid":"{65758AE3-7FA7-2026-9783-CE86F572C1F9}","ProcessId":3781,"CommandLine":"C:\\Windows\\System32\\svchost.exe","ParentImage":"C:\\Windows\\System32\\services.exe","ParentProcessGuid":"{323A5692-E8C9-2026-1FCA-633F9D21110A}","OriginalFileName":"C:\\Windows\\System32\\svchost.exe","SHA256":"54535002c89a021b915e92b93c4d6cd79128bceab1ce11cefaa54517213f9b07"}
{"UtcTime":"2026-08-12 10:47:10.000","Computer":"TN-FIN-WS042","User":"TRANSNORTE\\ops.cardoso","EventID":1,"Image":"C:\\Windows\\explorer.exe","ProcessGuid":"{018EE6B0-E61A-2026-3A67-4C8EA86E1474}","ProcessId":1096,"CommandLine":"C:\\Windows\\explorer.exe","ParentImage":"C:\\Windows\\System32\\services.exe","ParentProcessGuid":"{251B9D10-86B5-2026-E9A0-34E38E1F4B06}","OriginalFileName":"C:\\Windows\\explorer.exe","SHA256":"5533c27355218c0c91a9ba1eae89e5e4b8c4ce5d2c7cd50ae45d1411fe94116e"}
{"UtcTime":"2026-08-12 10:47:11.000","Computer":"TN-FIN-WS042","User":"TRANSNORTE\\backup_svc","EventID":5,"Image":"C:\\Windows\\explorer.exe","ProcessGuid":"{87D6769E-7E71-2026-F707-287A32D0BEFD}","ProcessId":5644,"EventType":"End"}
{"UtcTime":"2026-08-12 10:47:12.000","Computer":"TN-FIN-WS042","User":"TRANSNORTE\\backup_svc","EventID":11,"Image":"C:\\Windows\\System32\\RuntimeBroker.exe","ProcessGuid":"{D9718083-4AB2-2026-4044-978C51BF8EC4}","ProcessId":7745,"TargetFilename":"C:\\Users\\ops.cardoso\\AppData\\Local\\Temp\\office-4032.tmp"}
{"UtcTime":"2026-08-12 10:47:13.000","Computer":"TN-FIN-WS042","User":"TRANSNORTE\\ops.cardoso","EventID":1,"Image":"C:\\Windows\\System32\\conhost.exe","ProcessGuid":"{83331D04-772F-2026-C42F-28504E391896}","ProcessId":978,"CommandLine":"C:\\Windows\\System32\\conhost.exe","ParentImage":"C:\\Windows\\System32\\services.exe","ParentProcessGuid":"{364AD90A-D4A9-2026-644D-53BFBCEE51DC}","OriginalFileName":"C:\\Windows\\System32\\conhost.exe","SHA256":"c43743696690d9388b13253a225d41daa40bf8b10cd6dac50e53009f6ddc33c0"}
{"UtcTime":"2026-08-12 10:47:14.000","Computer":"TN-FIN-WS042","User":"TRANSNORTE\\ops.cardoso","EventID":1,"Image":"C:\\Windows\\System32\\svchost.exe","ProcessGuid":"{18210C87-0E07-2026-0004-32EDDF9CEC95}","ProcessId":7929,"CommandLine":"C:\\Windows\\System32\\svchost.exe","ParentImage":"C:\\Windows\\System32\\services.exe","ParentProcessGuid":"{6067D850-C643-2026-8C8F-2BC57CE82B33}","OriginalFileName":"C:\\Windows\\System32\\svchost.exe","SHA256":"08f3c0db1bb695e4c7c411c76a7b8bc8a7835a37eba8b4559fbb59ea35ff79ca"}
{"UtcTime":"2026-08-12 10:47:15.000","Computer":"TN-FIN-WS042","User":"TRANSNORTE\\backup_svc","EventID":13,"Image":"C:\\Windows\\System32\\RuntimeBroker.exe","ProcessGuid":"{FE96B448-6C1E-2026-CB63-E44CD92EE7CA}","ProcessId":8798,"EventType":"SetValue","TargetObject":"HKCU\\Software\\Microsoft\\Office\\16.0\\Outlook\\Resiliency\\4035","Details":"1"}
{"UtcTime":"2026-08-12 10:47:16.000","Computer":"TN-FIN-WS042","User":"TRANSNORTE\\backup_svc","EventID":1,"Image":"C:\\Windows\\explorer.exe","ProcessGuid":"{C08501FF-0E78-2026-B77F-EAE948B206CC}","ProcessId":7561,"CommandLine":"C:\\Windows\\explorer.exe","ParentImage":"C:\\Windows\\System32\\services.exe","ParentProcessGuid":"{211A2821-CFE6-2026-7C2D-1192CA40BDAC}","OriginalFileName":"C:\\Windows\\explorer.exe","SHA256":"b99304c4d985977ed6afc1061acb046568e729a0a37759fe84313e5068bbad24"}
{"UtcTime":"2026-08-12 10:47:17.000","Computer":"TN-FIN-WS042","User":"TRANSNORTE\\backup_svc","EventID":1,"Image":"C:\\Windows\\System32\\svchost.exe","ProcessGuid":"{FF9D865E-04AD-2026-22B4-761B13310787}","ProcessId":6164,"CommandLine":"C:\\Windows\\System32\\svchost.exe","ParentImage":"C:\\Windows\\System32\\services.exe","ParentProcessGuid":"{1687DE9D-F64E-2026-CB09-15ED206639AA}","OriginalFileName":"C:\\Windows\\System32\\svchost.exe","SHA256":"0d329d982feae65a8a45a64dd6dc81b58ea55320f5fe3a38668ab66d4912e169"}
{"UtcTime":"2026-08-12 10:47:18.000","Computer":"TN-FIN-WS042","User":"TRANSNORTE\\backup_svc","EventID":5,"Image":"C:\\Windows\\System32\\svchost.exe","ProcessGuid":"{B29C8168-120D-2026-328A-FBF293891945}","ProcessId":3832,"EventType":"End"}
{"UtcTime":"2026-08-12 10:47:19.000","Computer":"TN-FIN-WS042","User":"TRANSNORTE\\backup_svc","EventID":13,"Image":"C:\\Windows\\System32\\svchost.exe","ProcessGuid":"{9512DB1E-6377-2026-3365-6FA44B621220}","ProcessId":5410,"EventType":"SetValue","TargetObject":"HKCU\\Software\\Microsoft\\Office\\16.0\\Outlook\\Resiliency\\4039","Details":"1"}
{"UtcTime":"2026-08-12 10:47:20.000","Computer":"TN-FIN-WS042","User":"TRANSNORTE\\ops.cardoso","EventID":1,"Image":"C:\\Windows\\explorer.exe","ProcessGuid":"{AE8CF148-D125-2026-611B-34CFA2FD8B22}","ProcessId":8733,"CommandLine":"C:\\Windows\\explorer.exe","ParentImage":"C:\\Windows\\System32\\services.exe","ParentProcessGuid":"{F67D9704-CA30-2026-3488-48C30CC30F98}","OriginalFileName":"C:\\Windows\\explorer.exe","SHA256":"9269887ab6b7a08d9a6d26a69c72eb827b1d193bf9638f30f893f663d8449deb"}
{"UtcTime":"2026-08-12 10:47:21.000","Computer":"TN-FIN-WS042","User":"TRANSNORTE\\backup_svc","EventID":1,"Image":"C:\\Windows\\System32\\conhost.exe","ProcessGuid":"{60C4C39F-1E16-2026-4FB4-0B2E218B2EAC}","ProcessId":7096,"CommandLine":"C:\\Windows\\System32\\conhost.exe","ParentImage":"C:\\Windows\\System32\\services.exe","ParentProcessGuid":"{B1AB2800-43C3-2026-E795-D06FD80EDED2}","OriginalFileName":"C:\\Windows\\System32\\conhost.exe","SHA256":"76f3053ca4de84d5d88cc8d5effe4afedab16c99c44876d488cae95c6c747bf7"}
{"UtcTime":"2026-08-12 10:47:22.000","Computer":"TN-FIN-WS042","User":"TRANSNORTE\\backup_svc","EventID":13,"Image":"C:\\Windows\\System32\\svchost.exe","ProcessGuid":"{8A9BEE2A-F479-2026-9F69-BE27A86E19DA}","ProcessId":7646,"EventType":"SetValue","TargetObject":"HKCU\\Software\\Microsoft\\Office\\16.0\\Outlook\\Resiliency\\4042","Details":"1"}
{"UtcTime":"2026-08-12 10:47:23.000","Computer":"TN-FIN-WS042","User":"TRANSNORTE\\ops.cardoso","EventID":1,"Image":"C:\\Windows\\System32\\RuntimeBroker.exe","ProcessGuid":"{8759A724-AEDA-2026-8222-97F177920FF5}","ProcessId":6091,"CommandLine":"C:\\Windows\\System32\\RuntimeBroker.exe","ParentImage":"C:\\Windows\\System32\\services.exe","ParentProcessGuid":"{6D356E13-56CA-2026-25AE-1A7A3A448C0E}","OriginalFileName":"C:\\Windows\\System32\\RuntimeBroker.exe","SHA256":"fc9d62e03388ff709aee65ea3b984722e5b8054d3a19f782586bde60251dff83"}
{"UtcTime":"2026-08-12 10:47:24.000","Computer":"TN-FIN-WS042","User":"TRANSNORTE\\backup_svc","EventID":1,"Image":"C:\\Windows\\System32\\svchost.exe","ProcessGuid":"{928FF822-79BE-2026-5CB7-E22408CFC0AC}","ProcessId":5963,"CommandLine":"C:\\Windows\\System32\\svchost.exe","ParentImage":"C:\\Windows\\System32\\services.exe","ParentProcessGuid":"{E1ED099E-BF2B-2026-6A99-120F2DCF40D1}","OriginalFileName":"C:\\Windows\\System32\\svchost.exe","SHA256":"6d7e84ba2f3632578adf100c9e9f0afdd1187f099f6063346971b35981519742"}
{"UtcTime":"2026-08-12 10:47:25.000","Computer":"TN-FIN-WS042","User":"TRANSNORTE\\ops.cardoso","EventID":11,"Image":"C:\\Windows\\System32\\conhost.exe","ProcessGuid":"{A9BE9D28-7436-2026-820C-F63F52B0CDFC}","ProcessId":5648,"TargetFilename":"C:\\Users\\ops.cardoso\\AppData\\Local\\Temp\\office-4045.tmp"}
{"UtcTime":"2026-08-12 10:47:26.000","Computer":"TN-FIN-WS042","User":"TRANSNORTE\\backup_svc","EventID":1,"Image":"C:\\Program Files\\Google\\Chrome\\Application\\chrome.exe","ProcessGuid":"{03A23DC5-8381-2026-4FEC-FDA7523A0F3A}","ProcessId":5773,"CommandLine":"C:\\Program Files\\Google\\Chrome\\Application\\chrome.exe","ParentImage":"C:\\Windows\\System32\\services.exe","ParentProcessGuid":"{C80C8C46-608A-2026-D6AF-30B8F6FAA92B}","OriginalFileName":"C:\\Program Files\\Google\\Chrome\\Application\\chrome.exe","SHA256":"11ba0b8da2dba6572a302fdf118cd761e2664d450d86a294a286ce65af6c2482"}
{"UtcTime":"2026-08-12 10:47:27.000","Computer":"TN-FIN-WS042","User":"TRANSNORTE\\backup_svc","EventID":13,"Image":"C:\\Program Files\\Google\\Chrome\\Application\\chrome.exe","ProcessGuid":"{2E0E9C81-A8F8-2026-9ED1-B40A97799518}","ProcessId":2039,"EventType":"SetValue","TargetObject":"HKCU\\Software\\Microsoft\\Office\\16.0\\Outlook\\Resiliency\\4047","Details":"1"}
{"UtcTime":"2026-08-12 10:47:28.000","Computer":"TN-FIN-WS042","User":"TRANSNORTE\\backup_svc","EventID":11,"Image":"C:\\Program Files\\Microsoft Office\\Office16\\OUTLOOK.EXE","ProcessGuid":"{57E4ADBD-A6BA-2026-7AA2-75D4D46ACCFC}","ProcessId":6641,"TargetFilename":"C:\\Users\\ops.cardoso\\AppData\\Local\\Temp\\office-4048.tmp"}
{"UtcTime":"2026-08-12 10:47:29.000","Computer":"TN-FIN-WS042","User":"TRANSNORTE\\backup_svc","EventID":1,"Image":"C:\\Windows\\System32\\svchost.exe","ProcessGuid":"{F58FABE2-CD46-2026-97DC-320B08254D3A}","ProcessId":611,"CommandLine":"C:\\Windows\\System32\\svchost.exe","ParentImage":"C:\\Windows\\System32\\services.exe","ParentProcessGuid":"{1EDBC4D2-3D2A-2026-8C0B-1E66CB2F347C}","OriginalFileName":"C:\\Windows\\System32\\svchost.exe","SHA256":"47805254c79f6570b020d32298dd2c6d282cfb64d1357af69767fded3df97955"}
{"UtcTime":"2026-08-12 10:47:30.000","Computer":"TN-FIN-WS042","User":"TRANSNORTE\\backup_svc","EventID":1,"Image":"C:\\Windows\\System32\\conhost.exe","ProcessGuid":"{B138EFF3-8DA2-2026-476F-EB0EEA8DA706}","ProcessId":4195,"CommandLine":"C:\\Windows\\System32\\conhost.exe","ParentImage":"C:\\Windows\\System32\\services.exe","ParentProcessGuid":"{B4587C2D-70CD-2026-F99D-7E6627469884}","OriginalFileName":"C:\\Windows\\System32\\conhost.exe","SHA256":"af2e90c0ffb7d24021435adecd355c6116277baa947b538283dd942dbf19761a"}
{"UtcTime":"2026-08-12 10:47:31.000","Computer":"TN-FIN-WS042","User":"TRANSNORTE\\ops.cardoso","EventID":1,"Image":"C:\\Windows\\System32\\conhost.exe","ProcessGuid":"{B9D1A2EC-7B31-2026-CB29-F6C131A4E567}","ProcessId":3088,"CommandLine":"C:\\Windows\\System32\\conhost.exe","ParentImage":"C:\\Windows\\System32\\services.exe","ParentProcessGuid":"{155D324D-B51F-2026-E841-4536744FBC64}","OriginalFileName":"C:\\Windows\\System32\\conhost.exe","SHA256":"4cd97ccd2e01015ab3928afde33b3bc9c513485dd0b61b39c44f077d9854f974"}
{"UtcTime":"2026-08-12 10:47:32.000","Computer":"TN-FIN-WS042","User":"TRANSNORTE\\ops.cardoso","EventID":13,"Image":"C:\\Program Files\\Microsoft Office\\Office16\\OUTLOOK.EXE","ProcessGuid":"{BACFC46B-AA13-2026-6DDB-D7085292A079}","ProcessId":2347,"EventType":"SetValue","TargetObject":"HKCU\\Software\\Microsoft\\Office\\16.0\\Outlook\\Resiliency\\4052","Details":"1"}
{"UtcTime":"2026-08-12 10:47:33.000","Computer":"TN-FIN-WS042","User":"TRANSNORTE\\ops.cardoso","EventID":1,"Image":"C:\\Windows\\explorer.exe","ProcessGuid":"{BD435390-9482-2026-71DB-F0151D7F94A5}","ProcessId":1887,"CommandLine":"C:\\Windows\\explorer.exe","ParentImage":"C:\\Windows\\System32\\services.exe","ParentProcessGuid":"{A3D6E901-F2AF-2026-7BE6-776DE52ACA66}","OriginalFileName":"C:\\Windows\\explorer.exe","SHA256":"61bba5b45cc053c7677da7ed9ba0d9abb361fb3ae8f87b2d973e985ee4a01a82"}
{"UtcTime":"2026-08-12 10:47:34.000","Computer":"TN-FIN-WS042","User":"TRANSNORTE\\backup_svc","EventID":1,"Image":"C:\\Windows\\System32\\RuntimeBroker.exe","ProcessGuid":"{9F688B91-A2A7-2026-55C4-95B2648D8BA5}","ProcessId":3082,"CommandLine":"C:\\Windows\\System32\\RuntimeBroker.exe","ParentImage":"C:\\Windows\\System32\\services.exe","ParentProcessGuid":"{877324D5-1E3C-2026-E2A2-4F0665B38B2B}","OriginalFileName":"C:\\Windows\\System32\\RuntimeBroker.exe","SHA256":"f2b83f2fd5cd0a43571d06a6e083ea7a417221415886b3ff82419f4763ac6103"}
{"UtcTime":"2026-08-12 10:47:35.000","Computer":"TN-FIN-WS042","User":"TRANSNORTE\\backup_svc","EventID":1,"Image":"C:\\Windows\\System32\\svchost.exe","ProcessGuid":"{FB1DCED8-6E23-2026-7EF2-741241B920C5}","ProcessId":5145,"CommandLine":"C:\\Windows\\System32\\svchost.exe","ParentImage":"C:\\Windows\\System32\\services.exe","ParentProcessGuid":"{91BC32B3-8C73-2026-F445-36875A7825C4}","OriginalFileName":"C:\\Windows\\System32\\svchost.exe","SHA256":"76b9953d6b8de2efb777d6821529c3ae311d864b9482074178a6f4b02a862626"}
{"UtcTime":"2026-08-12 10:47:36.000","Computer":"TN-FIN-WS042","User":"TRANSNORTE\\backup_svc","EventID":3,"Image":"C:\\Windows\\explorer.exe","ProcessGuid":"{487F7228-86D3-2026-0B53-FE218081B323}","ProcessId":8601,"DestinationIp":"10.50.10.88","DestinationPort":53,"SourceIp":"10.50.10.42","Protocol":"tcp"}
{"UtcTime":"2026-08-12 10:47:37.000","Computer":"TN-FIN-WS042","User":"TRANSNORTE\\ops.cardoso","EventID":5,"Image":"C:\\Windows\\System32\\conhost.exe","ProcessGuid":"{12BA98CD-C9A5-2026-4CD7-BBD840DE7924}","ProcessId":6980,"EventType":"End"}
{"UtcTime":"2026-08-12 10:47:38.000","Computer":"TN-FIN-WS042","User":"TRANSNORTE\\ops.cardoso","EventID":13,"Image":"C:\\Windows\\System32\\conhost.exe","ProcessGuid":"{2F4781E3-F28E-2026-B578-F57BF04F4333}","ProcessId":6241,"EventType":"SetValue","TargetObject":"HKCU\\Software\\Microsoft\\Office\\16.0\\Outlook\\Resiliency\\4058","Details":"1"}
{"UtcTime":"2026-08-12 10:47:39.000","Computer":"TN-FIN-WS042","User":"TRANSNORTE\\ops.cardoso","EventID":3,"Image":"C:\\Windows\\System32\\RuntimeBroker.exe","ProcessGuid":"{777CE0A3-84DE-2026-42B2-C6D587EBF0F4}","ProcessId":8960,"DestinationIp":"10.50.10.10","DestinationPort":443,"SourceIp":"10.50.10.42","Protocol":"tcp"}
{"UtcTime":"2026-08-12 10:47:40.000","Computer":"TN-FIN-WS042","User":"TRANSNORTE\\ops.cardoso","EventID":11,"Image":"C:\\Program Files\\Google\\Chrome\\Application\\chrome.exe","ProcessGuid":"{94E3A54C-ED8A-2026-1A4F-2DFB616D6F12}","ProcessId":8550,"TargetFilename":"C:\\Users\\ops.cardoso\\AppData\\Local\\Temp\\office-4060.tmp"}
{"UtcTime":"2026-08-12 10:47:41.000","Computer":"TN-FIN-WS042","User":"TRANSNORTE\\backup_svc","EventID":13,"Image":"C:\\Program Files\\Google\\Chrome\\Application\\chrome.exe","ProcessGuid":"{BB147411-CD48-2026-4E5B-41F1787690F5}","ProcessId":2909,"EventType":"SetValue","TargetObject":"HKCU\\Software\\Microsoft\\Office\\16.0\\Outlook\\Resiliency\\4061","Details":"1"}
{"UtcTime":"2026-08-12 10:47:42.000","Computer":"TN-FIN-WS042","User":"TRANSNORTE\\ops.cardoso","EventID":1,"Image":"C:\\Windows\\explorer.exe","ProcessGuid":"{DD9DBEAA-87F0-2026-E2EC-053EA6D21768}","ProcessId":8665,"CommandLine":"C:\\Windows\\explorer.exe","ParentImage":"C:\\Windows\\System32\\services.exe","ParentProcessGuid":"{5B060197-48C8-2026-6775-D1B567420A5C}","OriginalFileName":"C:\\Windows\\explorer.exe","SHA256":"5a84331aa71ed52071c461f85ffac82274946ac72b719478e581b70c5df9fe6f"}
{"UtcTime":"2026-08-12 10:47:43.000","Computer":"TN-FIN-WS042","User":"TRANSNORTE\\backup_svc","EventID":3,"Image":"C:\\Windows\\System32\\svchost.exe","ProcessGuid":"{EB156DD9-E6C9-2026-35CB-600A3AE2F144}","ProcessId":3468,"DestinationIp":"8.8.8.8","DestinationPort":53,"SourceIp":"10.50.10.42","Protocol":"tcp"}
{"UtcTime":"2026-08-12 10:47:44.000","Computer":"TN-FIN-WS042","User":"TRANSNORTE\\ops.cardoso","EventID":3,"Image":"C:\\Program Files\\Google\\Chrome\\Application\\chrome.exe","ProcessGuid":"{ABBE624D-2142-2026-93C1-278E5F8B7365}","ProcessId":2984,"DestinationIp":"1.1.1.1","DestinationPort":53,"SourceIp":"10.50.10.42","Protocol":"tcp"}
{"UtcTime":"2026-08-12 10:47:45.000","Computer":"TN-FIN-WS042","User":"TRANSNORTE\\ops.cardoso","EventID":11,"Image":"C:\\Windows\\System32\\RuntimeBroker.exe","ProcessGuid":"{5126111C-13E3-2026-1B67-680947ABC34F}","ProcessId":5106,"TargetFilename":"C:\\Users\\ops.cardoso\\AppData\\Local\\Temp\\office-4065.tmp"}
{"UtcTime":"2026-08-12 10:47:46.000","Computer":"TN-FIN-WS042","User":"TRANSNORTE\\ops.cardoso","EventID":5,"Image":"C:\\Windows\\System32\\svchost.exe","ProcessGuid":"{B02AAFB0-2E1D-2026-8764-FE1858FEDB40}","ProcessId":7619,"EventType":"End"}
{"UtcTime":"2026-08-12 10:47:47.000","Computer":"TN-FIN-WS042","User":"TRANSNORTE\\ops.cardoso","EventID":11,"Image":"C:\\Windows\\System32\\conhost.exe","ProcessGuid":"{93057A5F-797A-2026-713A-1401E49E5A22}","ProcessId":4548,"TargetFilename":"C:\\Users\\ops.cardoso\\AppData\\Local\\Temp\\office-4067.tmp"}
{"UtcTime":"2026-08-12 10:47:48.000","Computer":"TN-FIN-WS042","User":"TRANSNORTE\\backup_svc","EventID":1,"Image":"C:\\Program Files\\Google\\Chrome\\Application\\chrome.exe","ProcessGuid":"{0AEB8892-F560-2026-02EA-804C24C967E5}","ProcessId":1546,"CommandLine":"C:\\Program Files\\Google\\Chrome\\Application\\chrome.exe","ParentImage":"C:\\Windows\\System32\\services.exe","ParentProcessGuid":"{1CEA6EFA-8DBE-2026-157D-D2676945398A}","OriginalFileName":"C:\\Program Files\\Google\\Chrome\\Application\\chrome.exe","SHA256":"b7e5d8383ba232ca1bb8b425155b914cced300099e6ae5f30697485c22ebb970"}
{"UtcTime":"2026-08-12 10:47:49.000","Computer":"TN-FIN-WS042","User":"TRANSNORTE\\backup_svc","EventID":1,"Image":"C:\\Windows\\System32\\RuntimeBroker.exe","ProcessGuid":"{214A2FF0-5D35-2026-11DD-97498F64E889}","ProcessId":8864,"CommandLine":"C:\\Windows\\System32\\RuntimeBroker.exe","ParentImage":"C:\\Windows\\System32\\services.exe","ParentProcessGuid":"{9DA235E6-F18C-2026-0A22-6A16F3BB92CD}","OriginalFileName":"C:\\Windows\\System32\\RuntimeBroker.exe","SHA256":"395c1abf05d79377a521863fd7c28fe9637ea5703caf08840b3c495ae7e7c001"}
{"UtcTime":"2026-08-12 10:47:50.000","Computer":"TN-FIN-WS042","User":"TRANSNORTE\\ops.cardoso","EventID":1,"Image":"C:\\Windows\\System32\\RuntimeBroker.exe","ProcessGuid":"{26C5B9B2-AB58-2026-8F19-985536BEAC8D}","ProcessId":3244,"CommandLine":"C:\\Windows\\System32\\RuntimeBroker.exe","ParentImage":"C:\\Windows\\System32\\services.exe","ParentProcessGuid":"{1BF4FCCE-3150-2026-C3EA-E0935D57823B}","OriginalFileName":"C:\\Windows\\System32\\RuntimeBroker.exe","SHA256":"13c4418f2284e4889bd94446737a9fcd140a7c69f89aa8b97f59669778839c09"}
{"UtcTime":"2026-08-12 10:47:51.000","Computer":"TN-FIN-WS042","User":"TRANSNORTE\\backup_svc","EventID":11,"Image":"C:\\Windows\\explorer.exe","ProcessGuid":"{06F046CC-E814-2026-C1D2-A93D45B97D92}","ProcessId":5198,"TargetFilename":"C:\\Users\\ops.cardoso\\AppData\\Local\\Temp\\office-4071.tmp"}
{"UtcTime":"2026-08-12 10:47:52.000","Computer":"TN-FIN-WS042","User":"TRANSNORTE\\backup_svc","EventID":5,"Image":"C:\\Windows\\explorer.exe","ProcessGuid":"{177EA75C-B3CA-2026-7251-D96AF420821F}","ProcessId":7419,"EventType":"End"}
{"UtcTime":"2026-08-12 10:47:53.000","Computer":"TN-FIN-WS042","User":"TRANSNORTE\\ops.cardoso","EventID":5,"Image":"C:\\Program Files\\Microsoft Office\\Office16\\OUTLOOK.EXE","ProcessGuid":"{D0565776-20A2-2026-CB41-26F8BD337CD5}","ProcessId":3605,"EventType":"End"}
{"UtcTime":"2026-08-12 10:47:54.000","Computer":"TN-FIN-WS042","User":"TRANSNORTE\\ops.cardoso","EventID":13,"Image":"C:\\Windows\\System32\\conhost.exe","ProcessGuid":"{3499C094-97D8-2026-DC6D-6005D0FD158A}","ProcessId":6116,"EventType":"SetValue","TargetObject":"HKCU\\Software\\Microsoft\\Office\\16.0\\Outlook\\Resiliency\\4074","Details":"1"}
{"UtcTime":"2026-08-12 10:47:55.000","Computer":"TN-FIN-WS042","User":"TRANSNORTE\\backup_svc","EventID":5,"Image":"C:\\Windows\\explorer.exe","ProcessGuid":"{977151AD-A1F9-2026-BA61-A6F8F2BC39C3}","ProcessId":1574,"EventType":"End"}
{"UtcTime":"2026-08-12 10:47:56.000","Computer":"TN-FIN-WS042","User":"TRANSNORTE\\ops.cardoso","EventID":13,"Image":"C:\\Windows\\System32\\svchost.exe","ProcessGuid":"{FF370CA9-0A1D-2026-EDC1-541117171137}","ProcessId":8645,"EventType":"SetValue","TargetObject":"HKCU\\Software\\Microsoft\\Office\\16.0\\Outlook\\Resiliency\\4076","Details":"1"}
{"UtcTime":"2026-08-12 10:47:57.000","Computer":"TN-FIN-WS042","User":"TRANSNORTE\\ops.cardoso","EventID":11,"Image":"C:\\Windows\\System32\\conhost.exe","ProcessGuid":"{167FA0BF-8ACB-2026-3415-167495FA663A}","ProcessId":1808,"TargetFilename":"C:\\Users\\ops.cardoso\\AppData\\Local\\Temp\\office-4077.tmp"}
{"UtcTime":"2026-08-12 10:47:58.000","Computer":"TN-FIN-WS042","User":"TRANSNORTE\\backup_svc","EventID":3,"Image":"C:\\Windows\\System32\\RuntimeBroker.exe","ProcessGuid":"{7DEDD391-5B04-2026-097A-6ADDEAFE0D1C}","ProcessId":1210,"DestinationIp":"8.8.8.8","DestinationPort":8080,"SourceIp":"10.50.10.42","Protocol":"tcp"}
{"UtcTime":"2026-08-12 10:47:59.000","Computer":"TN-FIN-WS042","User":"TRANSNORTE\\backup_svc","EventID":3,"Image":"C:\\Program Files\\Microsoft Office\\Office16\\OUTLOOK.EXE","ProcessGuid":"{B9CB4CB7-39D6-2026-7CE9-EF366FF0E505}","ProcessId":4780,"DestinationIp":"10.50.10.88","DestinationPort":135,"SourceIp":"10.50.10.42","Protocol":"tcp"}
{"UtcTime":"2026-08-12 10:48:00.000","Computer":"TN-FIN-WS042","User":"TRANSNORTE\\backup_svc","EventID":11,"Image":"C:\\Windows\\System32\\RuntimeBroker.exe","ProcessGuid":"{725F4D49-84EF-2026-EAB7-4BEEF371155B}","ProcessId":3159,"TargetFilename":"C:\\Users\\ops.cardoso\\AppData\\Local\\Temp\\office-4080.tmp"}
{"UtcTime":"2026-08-12 10:48:01.000","Computer":"TN-FIN-WS042","User":"TRANSNORTE\\ops.cardoso","EventID":13,"Image":"C:\\Windows\\System32\\RuntimeBroker.exe","ProcessGuid":"{5397B517-9EA8-2026-7713-4DD617E78067}","ProcessId":2629,"EventType":"SetValue","TargetObject":"HKCU\\Software\\Microsoft\\Office\\16.0\\Outlook\\Resiliency\\4081","Details":"1"}
{"UtcTime":"2026-08-12 10:48:02.000","Computer":"TN-FIN-WS042","User":"TRANSNORTE\\ops.cardoso","EventID":13,"Image":"C:\\Windows\\explorer.exe","ProcessGuid":"{F94E0FC2-87D7-2026-7923-046D1ACE76B5}","ProcessId":4142,"EventType":"SetValue","TargetObject":"HKCU\\Software\\Microsoft\\Office\\16.0\\Outlook\\Resiliency\\4082","Details":"1"}
{"UtcTime":"2026-08-12 10:48:03.000","Computer":"TN-FIN-WS042","User":"TRANSNORTE\\backup_svc","EventID":1,"Image":"C:\\Windows\\System32\\svchost.exe","ProcessGuid":"{DF1155A3-4158-2026-4813-9664DC6C7D81}","ProcessId":1401,"CommandLine":"C:\\Windows\\System32\\svchost.exe","ParentImage":"C:\\Windows\\System32\\services.exe","ParentProcessGuid":"{2FF072D0-00E8-2026-9EBB-DF8870A9A599}","OriginalFileName":"C:\\Windows\\System32\\svchost.exe","SHA256":"163da011748242464a77a85950fdc69f58c0f787857240c352034cccd47a7051"}
{"UtcTime":"2026-08-12 10:48:04.000","Computer":"TN-FIN-WS042","User":"TRANSNORTE\\ops.cardoso","EventID":1,"Image":"C:\\Windows\\explorer.exe","ProcessGuid":"{2D471BE4-220F-2026-6B4A-C0A904949772}","ProcessId":4006,"CommandLine":"C:\\Windows\\explorer.exe","ParentImage":"C:\\Windows\\System32\\services.exe","ParentProcessGuid":"{0EC1EC4F-E5E3-2026-F937-27219BAE7988}","OriginalFileName":"C:\\Windows\\explorer.exe","SHA256":"e084660e85a4d4f6120f30eb838ba5af55a538584e9f2d51484ad8c33f5d9e0d"}
{"UtcTime":"2026-08-12 10:48:05.000","Computer":"TN-FIN-WS042","User":"TRANSNORTE\\ops.cardoso","EventID":1,"Image":"C:\\Windows\\System32\\conhost.exe","ProcessGuid":"{AFB976D2-9120-2026-A275-F468E9627D8A}","ProcessId":5279,"CommandLine":"C:\\Windows\\System32\\conhost.exe","ParentImage":"C:\\Windows\\System32\\services.exe","ParentProcessGuid":"{BCEE381A-9E10-2026-CEA8-BDC06DC0C2A7}","OriginalFileName":"C:\\Windows\\System32\\conhost.exe","SHA256":"bf59fc61c281cf90f2e8f1502b7e6c6b7803b6fa2f1a1bc9393afdb343a4bbe2"}
{"UtcTime":"2026-08-12 10:48:06.000","Computer":"TN-FIN-WS042","User":"TRANSNORTE\\backup_svc","EventID":5,"Image":"C:\\Windows\\explorer.exe","ProcessGuid":"{80F0DC72-E25B-2026-8394-11492FE2269A}","ProcessId":7946,"EventType":"End"}
{"UtcTime":"2026-08-12 10:48:07.000","Computer":"TN-FIN-WS042","User":"TRANSNORTE\\backup_svc","EventID":1,"Image":"C:\\Windows\\System32\\svchost.exe","ProcessGuid":"{23ACAF56-D4C6-2026-6D0C-57DF5CC04E29}","ProcessId":6710,"CommandLine":"C:\\Windows\\System32\\svchost.exe","ParentImage":"C:\\Windows\\System32\\services.exe","ParentProcessGuid":"{04812E70-1B07-2026-84E8-E9B0369C8EEE}","OriginalFileName":"C:\\Windows\\System32\\svchost.exe","SHA256":"18eed81af8bbe435eb0b11543a5dcb67e63d51027655a0b5f8bed0cbecb48d79"}
{"UtcTime":"2026-08-12 10:48:08.000","Computer":"TN-FIN-WS042","User":"TRANSNORTE\\backup_svc","EventID":1,"Image":"C:\\Program Files\\Microsoft Office\\Office16\\OUTLOOK.EXE","ProcessGuid":"{FFA7D7C9-63D1-2026-E6A1-33F45BCF5D3C}","ProcessId":4992,"CommandLine":"C:\\Program Files\\Microsoft Office\\Office16\\OUTLOOK.EXE","ParentImage":"C:\\Windows\\System32\\services.exe","ParentProcessGuid":"{75989453-1819-2026-8C0D-2F9CA71BC66E}","OriginalFileName":"C:\\Program Files\\Microsoft Office\\Office16\\OUTLOOK.EXE","SHA256":"8f1fcb74b8448371fed307f6e3a6fe2c8b9e601093cc9bf86e9bbb0398549545"}
{"UtcTime":"2026-08-12 10:48:09.000","Computer":"TN-FIN-WS042","User":"TRANSNORTE\\backup_svc","EventID":5,"Image":"C:\\Program Files\\Google\\Chrome\\Application\\chrome.exe","ProcessGuid":"{F991F240-F92C-2026-DAA3-1697DA0AA042}","ProcessId":3340,"EventType":"End"}
{"UtcTime":"2026-08-12 10:48:10.000","Computer":"TN-FIN-WS042","User":"TRANSNORTE\\backup_svc","EventID":5,"Image":"C:\\Program Files\\Google\\Chrome\\Application\\chrome.exe","ProcessGuid":"{2BF4483F-B358-2026-9A5F-C7BAA39319E7}","ProcessId":2901,"EventType":"End"}
{"UtcTime":"2026-08-12 10:48:11.000","Computer":"TN-FIN-WS042","User":"TRANSNORTE\\backup_svc","EventID":13,"Image":"C:\\Windows\\explorer.exe","ProcessGuid":"{777B634F-B5E6-2026-C57D-01C891EAB780}","ProcessId":1252,"EventType":"SetValue","TargetObject":"HKCU\\Software\\Microsoft\\Office\\16.0\\Outlook\\Resiliency\\4091","Details":"1"}
