{"UtcTime":"2026-08-12 14:21:29.000","Computer":"CLM-MESA-014","User":"CLM\\mesa","EventID":3,"Image":"C:\\Windows\\System32\\svchost.exe","ProcessGuid":"{FDAAABFD-1BFE-2026-1BDF-F4EA72BB035E}","ProcessId":555,"DestinationIp":"8.8.8.8","DestinationPort":53,"DestinationHostname":"ntp.clm.liquidacao","SourceIp":"10.70.30.14","Protocol":"tcp"}
{"UtcTime":"2026-08-12 14:21:30.000","Computer":"CLM-MESA-014","User":"CLM\\mesa","EventID":13,"Image":"C:\\Program Files\\Microsoft Office\\Office16\\EXCEL.EXE","ProcessGuid":"{4FBF241F-1F96-2026-01BB-AF056A65B094}","ProcessId":6265,"EventType":"SetValue","TargetObject":"HKCU\\Software\\CLM\\Mesa\\Pref\\690","Details":"1"}
{"UtcTime":"2026-08-12 14:21:31.000","Computer":"CLM-MESA-014","User":"CLM\\backoffice","EventID":5,"Image":"C:\\Program Files\\Google\\Chrome\\Application\\chrome.exe","ProcessGuid":"{FE781E6F-C1C4-2026-91C9-31A48246B42E}","ProcessId":2277,"EventType":"End"}
{"UtcTime":"2026-08-12 14:21:32.000","Computer":"CLM-MESA-014","User":"CLM\\backoffice","EventID":5,"Image":"C:\\Windows\\System32\\svchost.exe","ProcessGuid":"{A93007FA-BB16-2026-ABEB-AC6E2B1F0886}","ProcessId":1541,"EventType":"End"}
{"UtcTime":"2026-08-12 14:21:33.000","Computer":"CLM-MESA-014","User":"CLM\\ops","EventID":1,"Image":"C:\\Windows\\explorer.exe","ProcessGuid":"{C6557328-AA4E-2026-67D9-5B4BA9F28C4F}","ProcessId":7071,"CommandLine":"C:\\Windows\\explorer.exe","ParentImage":"C:\\Windows\\System32\\services.exe","ParentProcessGuid":"{27C501FF-2775-2026-CFD7-AFC2DE8180B5}","OriginalFileName":"C:\\Windows\\explorer.exe"}
{"UtcTime":"2026-08-12 14:21:34.000","Computer":"CLM-MESA-014","User":"CLM\\backoffice","EventID":3,"Image":"C:\\Windows\\System32\\RuntimeBroker.exe","ProcessGuid":"{E8D0FE9B-BF3B-2026-06EA-230794299E15}","ProcessId":5789,"DestinationIp":"10.70.30.8","DestinationPort":8080,"DestinationHostname":"portal.clm.liquidacao","SourceIp":"10.70.30.14","Protocol":"tcp"}
{"UtcTime":"2026-08-12 14:21:35.000","Computer":"CLM-MESA-014","User":"CLM\\ops","EventID":1,"Image":"C:\\Windows\\System32\\RuntimeBroker.exe","ProcessGuid":"{D86DA20E-0E39-2026-0214-6AE827F9B2A9}","ProcessId":939,"CommandLine":"C:\\Windows\\System32\\RuntimeBroker.exe","ParentImage":"C:\\Windows\\System32\\services.exe","ParentProcessGuid":"{788E0E2E-142A-2026-9B2D-174C24D35C69}","OriginalFileName":"C:\\Windows\\System32\\RuntimeBroker.exe"}
{"UtcTime":"2026-08-12 14:21:36.000","Computer":"CLM-MESA-014","User":"CLM\\ops","EventID":1,"Image":"C:\\Windows\\System32\\conhost.exe","ProcessGuid":"{F917F3BF-3120-2026-C66A-4087A9C96AC9}","ProcessId":4162,"CommandLine":"C:\\Windows\\System32\\conhost.exe","ParentImage":"C:\\Windows\\System32\\services.exe","ParentProcessGuid":"{0B369114-0DE4-2026-8133-B8485C219546}","OriginalFileName":"C:\\Windows\\System32\\conhost.exe"}
{"UtcTime":"2026-08-12 14:21:37.000","Computer":"CLM-MESA-014","User":"CLM\\mesa","EventID":1,"Image":"C:\\Windows\\System32\\conhost.exe","ProcessGuid":"{21DE3C32-A595-2026-2BDA-289FD774415F}","ProcessId":7198,"CommandLine":"C:\\Windows\\System32\\conhost.exe","ParentImage":"C:\\Windows\\System32\\services.exe","ParentProcessGuid":"{DB6E82A0-EC8A-2026-D21A-F13E77B4C905}","OriginalFileName":"C:\\Windows\\System32\\conhost.exe"}
{"UtcTime":"2026-08-12 14:21:38.000","Computer":"CLM-MESA-014","User":"CLM\\backoffice","EventID":11,"Image":"C:\\Program Files\\Microsoft Office\\Office16\\EXCEL.EXE","ProcessGuid":"{B708ECF6-CD6E-2026-EE21-4D3CA4A1E860}","ProcessId":4846,"TargetFilename":"C:\\Users\\Public\\Temp\\mesa-698.tmp"}
{"UtcTime":"2026-08-12 14:21:39.000","Computer":"CLM-MESA-014","User":"CLM\\mesa","EventID":1,"Image":"C:\\Program Files\\Microsoft Office\\Office16\\EXCEL.EXE","ProcessGuid":"{29D9204A-9C7C-2026-B0C7-2ED5327A731D}","ProcessId":1988,"CommandLine":"C:\\Program Files\\Microsoft Office\\Office16\\EXCEL.EXE","ParentImage":"C:\\Windows\\System32\\services.exe","ParentProcessGuid":"{04FCAFD4-2C7A-2026-E692-17AA5BAD5001}","OriginalFileName":"C:\\Program Files\\Microsoft Office\\Office16\\EXCEL.EXE"}
{"UtcTime":"2026-08-12 14:21:40.000","Computer":"CLM-MESA-014","User":"CLM\\mesa","EventID":3,"Image":"C:\\Program Files\\Google\\Chrome\\Application\\chrome.exe","ProcessGuid":"{5ED251FE-C1AC-2026-0917-D7F8000D0F34}","ProcessId":7026,"DestinationIp":"8.8.8.8","DestinationPort":443,"DestinationHostname":"ntp.clm.liquidacao","SourceIp":"10.70.30.14","Protocol":"tcp"}
{"UtcTime":"2026-08-12 14:21:41.000","Computer":"CLM-MESA-014","User":"CLM\\backoffice","EventID":13,"Image":"C:\\Windows\\System32\\conhost.exe","ProcessGuid":"{2A41DE0F-FDDF-2026-6189-5CDE87EBCAD8}","ProcessId":617,"EventType":"SetValue","TargetObject":"HKCU\\Software\\CLM\\Mesa\\Pref\\701","Details":"1"}
{"UtcTime":"2026-08-12 14:21:42.000","Computer":"CLM-MESA-014","User":"CLM\\mesa","EventID":1,"Image":"C:\\Windows\\System32\\svchost.exe","ProcessGuid":"{86268CF9-1E33-2026-6A58-DC72661909DE}","ProcessId":537,"CommandLine":"C:\\Windows\\System32\\svchost.exe","ParentImage":"C:\\Windows\\System32\\services.exe","ParentProcessGuid":"{B2C0C231-BC2D-2026-C675-AF3F0D720D56}","OriginalFileName":"C:\\Windows\\System32\\svchost.exe"}
{"UtcTime":"2026-08-12 14:21:43.000","Computer":"CLM-MESA-014","User":"CLM\\mesa","EventID":13,"Image":"C:\\Windows\\System32\\svchost.exe","ProcessGuid":"{1B5A60BF-52D7-2026-99A3-3F6644EBC3C0}","ProcessId":5858,"EventType":"SetValue","TargetObject":"HKCU\\Software\\CLM\\Mesa\\Pref\\703","Details":"1"}
{"UtcTime":"2026-08-12 14:21:44.000","Computer":"CLM-MESA-014","User":"CLM\\backoffice","EventID":13,"Image":"C:\\Program Files\\Microsoft Office\\Office16\\EXCEL.EXE","ProcessGuid":"{9C812619-3B2F-2026-9B4B-3A531069F9ED}","ProcessId":2123,"EventType":"SetValue","TargetObject":"HKCU\\Software\\CLM\\Mesa\\Pref\\704","Details":"1"}
{"UtcTime":"2026-08-12 14:21:45.000","Computer":"CLM-MESA-014","User":"CLM\\mesa","EventID":1,"Image":"C:\\Windows\\System32\\conhost.exe","ProcessGuid":"{D9CB2A1F-3BED-2026-BD4B-1D3BAD2E5DF0}","ProcessId":2915,"CommandLine":"C:\\Windows\\System32\\conhost.exe","ParentImage":"C:\\Windows\\System32\\services.exe","ParentProcessGuid":"{DCE10A18-677A-2026-E3F7-190F2CF128B8}","OriginalFileName":"C:\\Windows\\System32\\conhost.exe"}
{"UtcTime":"2026-08-12 14:21:46.000","Computer":"CLM-MESA-014","User":"CLM\\backoffice","EventID":13,"Image":"C:\\Windows\\System32\\RuntimeBroker.exe","ProcessGuid":"{14D1C86C-6F08-2026-76D8-7481724E0096}","ProcessId":6428,"EventType":"SetValue","TargetObject":"HKCU\\Software\\CLM\\Mesa\\Pref\\706","Details":"1"}
{"UtcTime":"2026-08-12 14:21:47.000","Computer":"CLM-MESA-014","User":"CLM\\ops","EventID":13,"Image":"C:\\Windows\\System32\\conhost.exe","ProcessGuid":"{7231BE72-EDA8-2026-BC34-A752203FBD2C}","ProcessId":1358,"EventType":"SetValue","TargetObject":"HKCU\\Software\\CLM\\Mesa\\Pref\\707","Details":"1"}
{"UtcTime":"2026-08-12 14:21:48.000","Computer":"CLM-MESA-014","User":"CLM\\backoffice","EventID":5,"Image":"C:\\Windows\\explorer.exe","ProcessGuid":"{C6F9391A-3F63-2026-9CBC-D5D8818D6B22}","ProcessId":3995,"EventType":"End"}
{"UtcTime":"2026-08-12 14:21:49.000","Computer":"CLM-MESA-014","User":"CLM\\backoffice","EventID":3,"Image":"C:\\Windows\\System32\\RuntimeBroker.exe","ProcessGuid":"{CD0B2816-B111-2026-9609-DFA0A8331721}","ProcessId":2399,"DestinationIp":"1.1.1.1","DestinationPort":8080,"DestinationHostname":"ntp.clm.liquidacao","SourceIp":"10.70.30.14","Protocol":"tcp"}
{"UtcTime":"2026-08-12 14:21:50.000","Computer":"CLM-MESA-014","User":"CLM\\ops","EventID":3,"Image":"C:\\Windows\\explorer.exe","ProcessGuid":"{59E09C12-F525-2026-F05D-3A7FBC4B00D1}","ProcessId":8335,"DestinationIp":"1.1.1.1","DestinationPort":8080,"DestinationHostname":"ntp.clm.liquidacao","SourceIp":"10.70.30.14","Protocol":"tcp"}
{"UtcTime":"2026-08-12 14:21:51.000","Computer":"CLM-MESA-014","User":"CLM\\backoffice","EventID":11,"Image":"C:\\Windows\\explorer.exe","ProcessGuid":"{98DAE1A8-20CB-2026-053E-FD3331156761}","ProcessId":1411,"TargetFilename":"C:\\Users\\Public\\Temp\\mesa-711.tmp"}
{"UtcTime":"2026-08-12 14:21:52.000","Computer":"CLM-MESA-014","User":"CLM\\ops","EventID":5,"Image":"C:\\Program Files\\Microsoft Office\\Office16\\EXCEL.EXE","ProcessGuid":"{B30B150E-0F01-2026-60E4-57DECB044794}","ProcessId":3899,"EventType":"End"}
{"UtcTime":"2026-08-12 14:21:53.000","Computer":"CLM-MESA-014","User":"CLM\\mesa","EventID":5,"Image":"C:\\Windows\\explorer.exe","ProcessGuid":"{074F805E-3585-2026-24EE-7DF4481E2F5D}","ProcessId":5982,"EventType":"End"}
{"UtcTime":"2026-08-12 14:21:54.000","Computer":"CLM-MESA-014","User":"CLM\\backoffice","EventID":11,"Image":"C:\\Program Files\\Microsoft Office\\Office16\\EXCEL.EXE","ProcessGuid":"{8E502AE2-D324-2026-BC81-19294C401357}","ProcessId":5263,"TargetFilename":"C:\\Users\\Public\\Temp\\mesa-714.tmp"}
{"UtcTime":"2026-08-12 14:21:55.000","Computer":"CLM-MESA-014","User":"CLM\\ops","EventID":13,"Image":"C:\\Windows\\System32\\RuntimeBroker.exe","ProcessGuid":"{EE8D277B-C55F-2026-E8E9-B9AC72DE7107}","ProcessId":8108,"EventType":"SetValue","TargetObject":"HKCU\\Software\\CLM\\Mesa\\Pref\\715","Details":"1"}
{"UtcTime":"2026-08-12 14:21:56.000","Computer":"CLM-MESA-014","User":"CLM\\mesa","EventID":1,"Image":"C:\\Windows\\System32\\RuntimeBroker.exe","ProcessGuid":"{B8B2D0AC-13C0-2026-FD6E-C6852202D752}","ProcessId":7550,"CommandLine":"C:\\Windows\\System32\\RuntimeBroker.exe","ParentImage":"C:\\Windows\\System32\\services.exe","ParentProcessGuid":"{A0F1C70E-CA53-2026-E57D-888C3A5CC4CB}","OriginalFileName":"C:\\Windows\\System32\\RuntimeBroker.exe"}
{"UtcTime":"2026-08-12 14:21:57.000","Computer":"CLM-MESA-014","User":"CLM\\mesa","EventID":1,"Image":"C:\\Windows\\System32\\svchost.exe","ProcessGuid":"{FA77C1EC-3FF2-2026-841A-6F6A1D5AE9C4}","ProcessId":6181,"CommandLine":"C:\\Windows\\System32\\svchost.exe","ParentImage":"C:\\Windows\\System32\\services.exe","ParentProcessGuid":"{A4421AC7-C65F-2026-2F0B-5FC3BDD745CC}","OriginalFileName":"C:\\Windows\\System32\\svchost.exe"}
{"UtcTime":"2026-08-12 14:21:58.000","Computer":"CLM-MESA-014","User":"CLM\\ops","EventID":11,"Image":"C:\\Program Files\\Google\\Chrome\\Application\\chrome.exe","ProcessGuid":"{157BA052-72EA-2026-C8E9-924134DF7726}","ProcessId":3318,"TargetFilename":"C:\\Users\\Public\\Temp\\mesa-718.tmp"}
{"UtcTime":"2026-08-12 14:21:59.000","Computer":"CLM-MESA-014","User":"CLM\\ops","EventID":3,"Image":"C:\\Windows\\System32\\conhost.exe","ProcessGuid":"{0070521E-56D1-2026-921F-5CD13DB98D90}","ProcessId":1495,"DestinationIp":"10.70.30.8","DestinationPort":443,"DestinationHostname":"ntp.clm.liquidacao","SourceIp":"10.70.30.14","Protocol":"tcp"}
{"UtcTime":"2026-08-12 14:22:00.000","Computer":"CLM-MESA-014","User":"CLM\\mesa","EventID":1,"Image":"C:\\Windows\\System32\\conhost.exe","ProcessGuid":"{88ACEFBB-24C6-2026-EC6A-AF505BA26375}","ProcessId":792,"CommandLine":"C:\\Windows\\System32\\conhost.exe","ParentImage":"C:\\Windows\\System32\\services.exe","ParentProcessGuid":"{3E36947C-DF61-2026-4E65-8DDDE925ADB6}","OriginalFileName":"C:\\Windows\\System32\\conhost.exe"}
{"UtcTime":"2026-08-12 14:22:01.000","Computer":"CLM-MESA-014","User":"CLM\\backoffice","EventID":11,"Image":"C:\\Program Files\\Microsoft Office\\Office16\\EXCEL.EXE","ProcessGuid":"{97701456-7E84-2026-C9D6-C810FF96E0F7}","ProcessId":1520,"TargetFilename":"C:\\Users\\Public\\Temp\\mesa-721.tmp"}
{"UtcTime":"2026-08-12 14:22:02.000","Computer":"CLM-MESA-014","User":"CLM\\ops","EventID":5,"Image":"C:\\Windows\\explorer.exe","ProcessGuid":"{68EDDA90-191F-2026-28F6-6824746CD514}","ProcessId":8994,"EventType":"End"}
{"UtcTime":"2026-08-12 14:22:03.000","Computer":"CLM-MESA-014","User":"CLM\\mesa","EventID":11,"Image":"C:\\Program Files\\Google\\Chrome\\Application\\chrome.exe","ProcessGuid":"{7627EF5B-0CE0-2026-8227-E66D17F67296}","ProcessId":2951,"TargetFilename":"C:\\Users\\Public\\Temp\\mesa-723.tmp"}
{"UtcTime":"2026-08-12 14:22:04.000","Computer":"CLM-MESA-014","User":"CLM\\backoffice","EventID":5,"Image":"C:\\Program Files\\Microsoft Office\\Office16\\EXCEL.EXE","ProcessGuid":"{EC1480D7-9C2C-2026-9811-3E38C37C3795}","ProcessId":8926,"EventType":"End"}
{"UtcTime":"2026-08-12 14:22:05.000","Computer":"CLM-MESA-014","User":"CLM\\ops","EventID":5,"Image":"C:\\Windows\\System32\\conhost.exe","ProcessGuid":"{BF2A6F19-A268-2026-269F-B5C3CADBCA3B}","ProcessId":2620,"EventType":"End"}
{"UtcTime":"2026-08-12 14:22:06.000","Computer":"CLM-MESA-014","User":"CLM\\ops","EventID":11,"Image":"C:\\Windows\\explorer.exe","ProcessGuid":"{B8AFABC2-21EE-2026-2A24-A3575F6D9C17}","ProcessId":4181,"TargetFilename":"C:\\Users\\Public\\Temp\\mesa-726.tmp"}
{"UtcTime":"2026-08-12 14:22:07.000","Computer":"CLM-MESA-014","User":"CLM\\backoffice","EventID":13,"Image":"C:\\Program Files\\Google\\Chrome\\Application\\chrome.exe","ProcessGuid":"{83FDB688-5B44-2026-1431-3EA55E9317F0}","ProcessId":1862,"EventType":"SetValue","TargetObject":"HKCU\\Software\\CLM\\Mesa\\Pref\\727","Details":"1"}
{"UtcTime":"2026-08-12 14:22:08.000","Computer":"CLM-MESA-014","User":"CLM\\backoffice","EventID":1,"Image":"C:\\Windows\\explorer.exe","ProcessGuid":"{DCC21D3C-8938-2026-51BC-215F3A765780}","ProcessId":5886,"CommandLine":"C:\\Windows\\explorer.exe","ParentImage":"C:\\Windows\\System32\\services.exe","ParentProcessGuid":"{6F387824-CF50-2026-EA0B-F7E617D006A7}","OriginalFileName":"C:\\Windows\\explorer.exe"}
{"UtcTime":"2026-08-12 14:22:09.000","Computer":"CLM-MESA-014","User":"CLM\\backoffice","EventID":3,"Image":"C:\\Program Files\\Microsoft Office\\Office16\\EXCEL.EXE","ProcessGuid":"{BDCEAEAB-C1F1-2026-01BA-6585771787AF}","ProcessId":4899,"DestinationIp":"1.1.1.1","DestinationPort":443,"DestinationHostname":"portal.clm.liquidacao","SourceIp":"10.70.30.14","Protocol":"tcp"}
{"UtcTime":"2026-08-12 14:22:10.000","Computer":"CLM-MESA-014","User":"CLM\\backoffice","EventID":1,"Image":"C:\\Program Files\\Google\\Chrome\\Application\\chrome.exe","ProcessGuid":"{F80F526F-177E-2026-5062-9127B65F780D}","ProcessId":7745,"CommandLine":"C:\\Program Files\\Google\\Chrome\\Application\\chrome.exe","ParentImage":"C:\\Windows\\System32\\services.exe","ParentProcessGuid":"{5755F45B-6A37-2026-1B71-2C45999D058C}","OriginalFileName":"C:\\Program Files\\Google\\Chrome\\Application\\chrome.exe"}
{"UtcTime":"2026-08-12 14:22:11.000","Computer":"CLM-MESA-014","User":"CLM\\ops","EventID":5,"Image":"C:\\Program Files\\Google\\Chrome\\Application\\chrome.exe","ProcessGuid":"{CCE83265-9F57-2026-7CA5-21CD87DFC386}","ProcessId":2980,"EventType":"End"}
{"UtcTime":"2026-08-12 14:22:12.000","Computer":"CLM-MESA-014","User":"CLM\\ops","EventID":13,"Image":"C:\\Program Files\\Google\\Chrome\\Application\\chrome.exe","ProcessGuid":"{EE87ADC3-9BE7-2026-9237-BB432DEECC31}","ProcessId":1741,"EventType":"SetValue","TargetObject":"HKCU\\Software\\CLM\\Mesa\\Pref\\732","Details":"1"}
{"UtcTime":"2026-08-12 14:22:13.000","Computer":"CLM-MESA-014","User":"CLM\\backoffice","EventID":1,"Image":"C:\\Windows\\System32\\RuntimeBroker.exe","ProcessGuid":"{80D49BE3-584E-2026-F819-945F67BBCF2E}","ProcessId":8562,"CommandLine":"C:\\Windows\\System32\\RuntimeBroker.exe","ParentImage":"C:\\Windows\\System32\\services.exe","ParentProcessGuid":"{C841EEEC-E6EF-2026-A79A-F13B1D5F3E4B}","OriginalFileName":"C:\\Windows\\System32\\RuntimeBroker.exe"}
{"UtcTime":"2026-08-12 14:22:14.000","Computer":"CLM-MESA-014","User":"CLM\\ops","EventID":5,"Image":"C:\\Windows\\System32\\RuntimeBroker.exe","ProcessGuid":"{1BAFC0B7-34C7-2026-01AD-A0245B37DC58}","ProcessId":901,"EventType":"End"}
{"UtcTime":"2026-08-12 14:22:15.000","Computer":"CLM-MESA-014","User":"CLM\\backoffice","EventID":1,"Image":"C:\\Windows\\System32\\svchost.exe","ProcessGuid":"{C689E7D9-0875-2026-B6D3-850C615082AD}","ProcessId":3433,"CommandLine":"C:\\Windows\\System32\\svchost.exe","ParentImage":"C:\\Windows\\System32\\services.exe","ParentProcessGuid":"{2FF2DA5C-D858-2026-4481-FCFD03FD8F8A}","OriginalFileName":"C:\\Windows\\System32\\svchost.exe"}
{"UtcTime":"2026-08-12 14:22:16.000","Computer":"CLM-MESA-014","User":"CLM\\ops","EventID":11,"Image":"C:\\Windows\\System32\\RuntimeBroker.exe","ProcessGuid":"{E112A621-1869-2026-5A17-2A3D41C2D4D9}","ProcessId":7515,"TargetFilename":"C:\\Users\\Public\\Temp\\mesa-736.tmp"}
{"UtcTime":"2026-08-12 14:22:17.000","Computer":"CLM-MESA-014","User":"CLM\\mesa","EventID":3,"Image":"C:\\Windows\\System32\\RuntimeBroker.exe","ProcessGuid":"{2F01DEFF-DA0C-2026-87FB-3992A40F382E}","ProcessId":4712,"DestinationIp":"8.8.8.8","DestinationPort":53,"DestinationHostname":"portal.clm.liquidacao","SourceIp":"10.70.30.14","Protocol":"tcp"}
{"UtcTime":"2026-08-12 14:22:18.000","Computer":"CLM-MESA-014","User":"CLM\\mesa","EventID":11,"Image":"C:\\Windows\\System32\\svchost.exe","ProcessGuid":"{C840E7A8-3AFF-2026-AFD5-3BCE58EAADA0}","ProcessId":1228,"TargetFilename":"C:\\Users\\Public\\Temp\\mesa-738.tmp"}
{"UtcTime":"2026-08-12 14:22:19.000","Computer":"CLM-MESA-014","User":"CLM\\backoffice","EventID":3,"Image":"C:\\Windows\\System32\\conhost.exe","ProcessGuid":"{5B37E1CC-6C67-2026-AD63-322DFECD963C}","ProcessId":8936,"DestinationIp":"1.1.1.1","DestinationPort":53,"DestinationHostname":"ntp.clm.liquidacao","SourceIp":"10.70.30.14","Protocol":"tcp"}
{"UtcTime":"2026-08-12 14:22:20.000","Computer":"CLM-MESA-014","User":"CLM\\ops","EventID":1,"Image":"C:\\Windows\\System32\\RuntimeBroker.exe","ProcessGuid":"{3377B177-1A4E-2026-A57F-8755D8C5534F}","ProcessId":6048,"CommandLine":"C:\\Windows\\System32\\RuntimeBroker.exe","ParentImage":"C:\\Windows\\System32\\services.exe","ParentProcessGuid":"{D318C813-DAC9-2026-DF5E-665CF5CBF887}","OriginalFileName":"C:\\Windows\\System32\\RuntimeBroker.exe"}
{"UtcTime":"2026-08-12 14:22:21.000","Computer":"CLM-MESA-014","User":"CLM\\ops","EventID":13,"Image":"C:\\Program Files\\Google\\Chrome\\Application\\chrome.exe","ProcessGuid":"{333925E9-8489-2026-655E-083BA938029E}","ProcessId":7844,"EventType":"SetValue","TargetObject":"HKCU\\Software\\CLM\\Mesa\\Pref\\741","Details":"1"}
{"UtcTime":"2026-08-12 14:22:22.000","Computer":"CLM-MESA-014","User":"CLM\\ops","EventID":13,"Image":"C:\\Program Files\\Microsoft Office\\Office16\\EXCEL.EXE","ProcessGuid":"{AD5ACB05-7F39-2026-F075-D429A519DAE8}","ProcessId":3980,"EventType":"SetValue","TargetObject":"HKCU\\Software\\CLM\\Mesa\\Pref\\742","Details":"1"}
{"UtcTime":"2026-08-12 14:22:23.000","Computer":"CLM-MESA-014","User":"CLM\\mesa","EventID":1,"Image":"C:\\Windows\\System32\\conhost.exe","ProcessGuid":"{CD2202F3-17BE-2026-8698-37508285D12D}","ProcessId":7070,"CommandLine":"C:\\Windows\\System32\\conhost.exe","ParentImage":"C:\\Windows\\System32\\services.exe","ParentProcessGuid":"{5ECE41FE-BBC4-2026-0B6E-036E2EF763AA}","OriginalFileName":"C:\\Windows\\System32\\conhost.exe"}
{"UtcTime":"2026-08-12 14:22:24.000","Computer":"CLM-MESA-014","User":"CLM\\ops","EventID":3,"Image":"C:\\Windows\\System32\\conhost.exe","ProcessGuid":"{D0386A63-07EA-2026-4E25-7725B8E9C1C8}","ProcessId":7076,"DestinationIp":"8.8.8.8","DestinationPort":135,"DestinationHostname":"portal.clm.liquidacao","SourceIp":"10.70.30.14","Protocol":"tcp"}
{"UtcTime":"2026-08-12 14:22:25.000","Computer":"CLM-MESA-014","User":"CLM\\backoffice","EventID":5,"Image":"C:\\Windows\\System32\\svchost.exe","ProcessGuid":"{E1799B12-9462-2026-DDC2-CF198EC75197}","ProcessId":7092,"EventType":"End"}
{"UtcTime":"2026-08-12 14:22:26.000","Computer":"CLM-MESA-014","User":"CLM\\ops","EventID":5,"Image":"C:\\Windows\\System32\\RuntimeBroker.exe","ProcessGuid":"{9C3626E2-DEA6-2026-6E13-90DDE8D72C4B}","ProcessId":1820,"EventType":"End"}
{"UtcTime":"2026-08-12 14:22:27.000","Computer":"CLM-MESA-014","User":"CLM\\ops","EventID":3,"Image":"C:\\Windows\\System32\\conhost.exe","ProcessGuid":"{15307AD4-9648-2026-D3C7-FE45BD010A49}","ProcessId":4069,"DestinationIp":"10.70.30.8","DestinationPort":53,"DestinationHostname":"portal.clm.liquidacao","SourceIp":"10.70.30.14","Protocol":"tcp"}
{"UtcTime":"2026-08-12 14:22:28.000","Computer":"CLM-MESA-014","User":"CLM\\ops","EventID":5,"Image":"C:\\Windows\\explorer.exe","ProcessGuid":"{5BCF2300-F15C-2026-3CD7-EEDA7D7274AD}","ProcessId":2642,"EventType":"End"}
{"UtcTime":"2026-08-12 14:22:29.000","Computer":"CLM-MESA-014","User":"CLM\\mesa","EventID":11,"Image":"C:\\Windows\\explorer.exe","ProcessGuid":"{41227B65-E909-2026-8EE0-6C124EC2905D}","ProcessId":4297,"TargetFilename":"C:\\Users\\Public\\Temp\\mesa-749.tmp"}
{"UtcTime":"2026-08-12 14:22:30.000","Computer":"CLM-MESA-014","User":"CLM\\ops","EventID":13,"Image":"C:\\Windows\\System32\\conhost.exe","ProcessGuid":"{28F75754-9914-2026-5F0C-9ED1B3B5EFFA}","ProcessId":3747,"EventType":"SetValue","TargetObject":"HKCU\\Software\\CLM\\Mesa\\Pref\\750","Details":"1"}
{"UtcTime":"2026-08-12 14:22:31.000","Computer":"CLM-MESA-014","User":"CLM\\backoffice","EventID":11,"Image":"C:\\Windows\\System32\\RuntimeBroker.exe","ProcessGuid":"{92522BED-C0A2-2026-3BB4-CF136DCA3D7A}","ProcessId":4813,"TargetFilename":"C:\\Users\\Public\\Temp\\mesa-751.tmp"}
{"UtcTime":"2026-08-12 14:22:32.000","Computer":"CLM-MESA-014","User":"CLM\\ops","EventID":1,"Image":"C:\\Windows\\System32\\RuntimeBroker.exe","ProcessGuid":"{1688161E-C073-2026-1869-66CDEB1308A3}","ProcessId":7732,"CommandLine":"C:\\Windows\\System32\\RuntimeBroker.exe","ParentImage":"C:\\Windows\\System32\\services.exe","ParentProcessGuid":"{BA6D6EC6-A77F-2026-9508-41A260CFA647}","OriginalFileName":"C:\\Windows\\System32\\RuntimeBroker.exe"}
{"UtcTime":"2026-08-12 14:22:33.000","Computer":"CLM-MESA-014","User":"CLM\\backoffice","EventID":3,"Image":"C:\\Windows\\System32\\svchost.exe","ProcessGuid":"{72C43081-5B52-2026-C4CE-2026FA6843E9}","ProcessId":2677,"DestinationIp":"10.70.30.8","DestinationPort":8080,"DestinationHostname":"ntp.clm.liquidacao","SourceIp":"10.70.30.14","Protocol":"tcp"}
{"UtcTime":"2026-08-12 14:22:34.000","Computer":"CLM-MESA-014","User":"CLM\\mesa","EventID":5,"Image":"C:\\Windows\\explorer.exe","ProcessGuid":"{DDB2B69A-3CD7-2026-0E8E-89744A5B41AC}","ProcessId":558,"EventType":"End"}
{"UtcTime":"2026-08-12 14:22:35.000","Computer":"CLM-MESA-014","User":"CLM\\mesa","EventID":1,"Image":"C:\\Windows\\System32\\conhost.exe","ProcessGuid":"{5E74DBB3-F72B-2026-4177-85A177C81ED8}","ProcessId":7779,"CommandLine":"C:\\Windows\\System32\\conhost.exe","ParentImage":"C:\\Windows\\System32\\services.exe","ParentProcessGuid":"{369E5104-97AD-2026-0F2D-02F2B962AA14}","OriginalFileName":"C:\\Windows\\System32\\conhost.exe"}
{"UtcTime":"2026-08-12 14:22:36.000","Computer":"CLM-MESA-014","User":"CLM\\ops","EventID":1,"Image":"C:\\Windows\\System32\\conhost.exe","ProcessGuid":"{095A8A49-9452-2026-5BD9-3A987999B554}","ProcessId":2646,"CommandLine":"C:\\Windows\\System32\\conhost.exe","ParentImage":"C:\\Windows\\System32\\services.exe","ParentProcessGuid":"{0C061609-1DC5-2026-3011-CBBA4E8FDD9E}","OriginalFileName":"C:\\Windows\\System32\\conhost.exe"}
{"UtcTime":"2026-08-12 14:22:37.000","Computer":"CLM-MESA-014","User":"CLM\\mesa","EventID":11,"Image":"C:\\Windows\\System32\\conhost.exe","ProcessGuid":"{1048DB1C-60CF-2026-56DA-E1CF33825F77}","ProcessId":4934,"TargetFilename":"C:\\Users\\Public\\Temp\\mesa-757.tmp"}
{"UtcTime":"2026-08-12 14:22:38.000","Computer":"CLM-MESA-014","User":"CLM\\ops","EventID":13,"Image":"C:\\Windows\\System32\\conhost.exe","ProcessGuid":"{68B43789-4735-2026-80E4-5AD1E74F326C}","ProcessId":1980,"EventType":"SetValue","TargetObject":"HKCU\\Software\\CLM\\Mesa\\Pref\\758","Details":"1"}
{"UtcTime":"2026-08-12 14:22:39.000","Computer":"CLM-MESA-014","User":"CLM\\backoffice","EventID":1,"Image":"C:\\Windows\\System32\\conhost.exe","ProcessGuid":"{9ED7F14F-E272-2026-335D-6D497EFE9FDE}","ProcessId":7275,"CommandLine":"C:\\Windows\\System32\\conhost.exe","ParentImage":"C:\\Windows\\System32\\services.exe","ParentProcessGuid":"{199BCA8A-CA4B-2026-402C-70749B74680B}","OriginalFileName":"C:\\Windows\\System32\\conhost.exe"}
{"UtcTime":"2026-08-12 14:22:40.000","Computer":"CLM-MESA-014","User":"CLM\\ops","EventID":3,"Image":"C:\\Windows\\explorer.exe","ProcessGuid":"{F12F33DC-4533-2026-1D8B-2D8121596758}","ProcessId":5272,"DestinationIp":"8.8.8.8","DestinationPort":443,"DestinationHostname":"ntp.clm.liquidacao","SourceIp":"10.70.30.14","Protocol":"tcp"}
{"UtcTime":"2026-08-12 14:22:41.000","Computer":"CLM-MESA-014","User":"CLM\\ops","EventID":13,"Image":"C:\\Program Files\\Microsoft Office\\Office16\\EXCEL.EXE","ProcessGuid":"{709D9D07-53FC-2026-45B8-09F1CE89FAA1}","ProcessId":1893,"EventType":"SetValue","TargetObject":"HKCU\\Software\\CLM\\Mesa\\Pref\\761","Details":"1"}
{"UtcTime":"2026-08-12 14:22:42.000","Computer":"CLM-MESA-014","User":"CLM\\mesa","EventID":1,"Image":"C:\\Windows\\explorer.exe","ProcessGuid":"{36149398-F51A-2026-546B-807C6CFA8FFA}","ProcessId":974,"CommandLine":"C:\\Windows\\explorer.exe","ParentImage":"C:\\Windows\\System32\\services.exe","ParentProcessGuid":"{E774CD3C-E254-2026-5B8B-FDC8A43031AA}","OriginalFileName":"C:\\Windows\\explorer.exe"}
{"UtcTime":"2026-08-12 14:22:43.000","Computer":"CLM-MESA-014","User":"CLM\\mesa","EventID":1,"Image":"C:\\Program Files\\Google\\Chrome\\Application\\chrome.exe","ProcessGuid":"{47B15E98-6678-2026-FE71-B6FB274AD5C7}","ProcessId":8748,"CommandLine":"C:\\Program Files\\Google\\Chrome\\Application\\chrome.exe","ParentImage":"C:\\Windows\\System32\\services.exe","ParentProcessGuid":"{DFBECEF6-34CB-2026-D051-3DBB8BCF495D}","OriginalFileName":"C:\\Program Files\\Google\\Chrome\\Application\\chrome.exe"}
{"UtcTime":"2026-08-12 14:22:44.000","Computer":"CLM-MESA-014","User":"CLM\\mesa","EventID":13,"Image":"C:\\Windows\\explorer.exe","ProcessGuid":"{2851039A-47AF-2026-CAA5-6C1E9B957A93}","ProcessId":6141,"EventType":"SetValue","TargetObject":"HKCU\\Software\\CLM\\Mesa\\Pref\\764","Details":"1"}
{"UtcTime":"2026-08-12 14:22:45.000","Computer":"CLM-MESA-014","User":"CLM\\backoffice","EventID":1,"Image":"C:\\Windows\\System32\\svchost.exe","ProcessGuid":"{97E5BCB0-1DBC-2026-8AA4-0925C49F5D9F}","ProcessId":3825,"CommandLine":"C:\\Windows\\System32\\svchost.exe","ParentImage":"C:\\Windows\\System32\\services.exe","ParentProcessGuid":"{9577D57E-AA0D-2026-2D36-2039636E2338}","OriginalFileName":"C:\\Windows\\System32\\svchost.exe"}
{"UtcTime":"2026-08-12 14:22:46.000","Computer":"CLM-MESA-014","User":"CLM\\mesa","EventID":11,"Image":"C:\\Windows\\System32\\conhost.exe","ProcessGuid":"{3E68A64D-4C14-2026-5AA3-BFACA4FB328B}","ProcessId":3017,"TargetFilename":"C:\\Users\\Public\\Temp\\mesa-766.tmp"}
{"UtcTime":"2026-08-12 14:22:47.000","Computer":"CLM-MESA-014","User":"CLM\\backoffice","EventID":11,"Image":"C:\\Windows\\explorer.exe","ProcessGuid":"{F7F19507-BAB5-2026-9412-3FB7901D9427}","ProcessId":7702,"TargetFilename":"C:\\Users\\Public\\Temp\\mesa-767.tmp"}
{"UtcTime":"2026-08-12 14:22:48.000","Computer":"CLM-MESA-014","User":"CLM\\mesa","EventID":1,"Image":"C:\\Windows\\System32\\svchost.exe","ProcessGuid":"{BFF3AC16-60C9-2026-71A9-CA33249C4AE9}","ProcessId":6819,"CommandLine":"C:\\Windows\\System32\\svchost.exe","ParentImage":"C:\\Windows\\System32\\services.exe","ParentProcessGuid":"{3B61903E-D5A0-2026-6D69-D6530E784BB7}","OriginalFileName":"C:\\Windows\\System32\\svchost.exe"}
{"UtcTime":"2026-08-12 14:22:49.000","Computer":"CLM-MESA-014","User":"CLM\\mesa","EventID":5,"Image":"C:\\Windows\\System32\\RuntimeBroker.exe","ProcessGuid":"{E6CDF6E9-9D9C-2026-238D-9FD425D476D4}","ProcessId":1060,"EventType":"End"}
{"UtcTime":"2026-08-12 14:22:50.000","Computer":"CLM-MESA-014","User":"CLM\\mesa","EventID":3,"Image":"C:\\Windows\\System32\\svchost.exe","ProcessGuid":"{6530CD12-905E-2026-3256-88600FD7C42F}","ProcessId":6129,"DestinationIp":"10.70.30.1","DestinationPort":443,"DestinationHostname":"ntp.clm.liquidacao","SourceIp":"10.70.30.14","Protocol":"tcp"}
{"UtcTime":"2026-08-12 14:22:51.000","Computer":"CLM-MESA-014","User":"CLM\\mesa","EventID":1,"Image":"C:\\Program Files\\Microsoft Office\\Office16\\EXCEL.EXE","ProcessGuid":"{2690DB14-52DA-2026-200C-2EF45B5D6D89}","ProcessId":7907,"CommandLine":"C:\\Program Files\\Microsoft Office\\Office16\\EXCEL.EXE","ParentImage":"C:\\Windows\\System32\\services.exe","ParentProcessGuid":"{822ADBE0-00C2-2026-833C-FF8DC4A1902B}","OriginalFileName":"C:\\Program Files\\Microsoft Office\\Office16\\EXCEL.EXE"}
{"UtcTime":"2026-08-12 14:22:52.000","Computer":"CLM-MESA-014","User":"CLM\\backoffice","EventID":11,"Image":"C:\\Windows\\System32\\conhost.exe","ProcessGuid":"{BE8DFFE7-988D-2026-AB8C-78475D711877}","ProcessId":8618,"TargetFilename":"C:\\Users\\Public\\Temp\\mesa-772.tmp"}
{"UtcTime":"2026-08-12 14:22:53.000","Computer":"CLM-MESA-014","User":"CLM\\ops","EventID":1,"Image":"C:\\Windows\\explorer.exe","ProcessGuid":"{F779EA3B-8407-2026-250A-7DDBCF83E9E1}","ProcessId":1577,"CommandLine":"C:\\Windows\\explorer.exe","ParentImage":"C:\\Windows\\System32\\services.exe","ParentProcessGuid":"{57CC398C-667C-2026-A293-5069231E91AF}","OriginalFileName":"C:\\Windows\\explorer.exe"}
{"UtcTime":"2026-08-12 14:22:54.000","Computer":"CLM-MESA-014","User":"CLM\\ops","EventID":5,"Image":"C:\\Windows\\System32\\RuntimeBroker.exe","ProcessGuid":"{D5BAF5E2-B6FA-2026-2601-8A8D7E992C30}","ProcessId":7291,"EventType":"End"}
{"UtcTime":"2026-08-12 14:22:55.000","Computer":"CLM-MESA-014","User":"CLM\\ops","EventID":1,"Image":"C:\\Windows\\System32\\RuntimeBroker.exe","ProcessGuid":"{37079C8E-4016-2026-76BE-FE8611A5EA4E}","ProcessId":2488,"CommandLine":"C:\\Windows\\System32\\RuntimeBroker.exe","ParentImage":"C:\\Windows\\System32\\services.exe","ParentProcessGuid":"{4802FF40-2D42-2026-0E08-412CD190B542}","OriginalFileName":"C:\\Windows\\System32\\RuntimeBroker.exe"}
{"UtcTime":"2026-08-12 14:22:56.000","Computer":"CLM-MESA-014","User":"CLM\\ops","EventID":1,"Image":"C:\\Windows\\System32\\RuntimeBroker.exe","ProcessGuid":"{B9024D1C-2C37-2026-A6C7-C460A42EFD6B}","ProcessId":8800,"CommandLine":"C:\\Windows\\System32\\RuntimeBroker.exe","ParentImage":"C:\\Windows\\System32\\services.exe","ParentProcessGuid":"{7CC09ACD-3D4C-2026-33CB-670B8ED13C7E}","OriginalFileName":"C:\\Windows\\System32\\RuntimeBroker.exe"}
{"UtcTime":"2026-08-12 14:22:57.000","Computer":"CLM-MESA-014","User":"CLM\\backoffice","EventID":13,"Image":"C:\\Windows\\System32\\svchost.exe","ProcessGuid":"{B61B8AAF-3C03-2026-3E39-C7015BA70C12}","ProcessId":6282,"EventType":"SetValue","TargetObject":"HKCU\\Software\\CLM\\Mesa\\Pref\\777","Details":"1"}
{"UtcTime":"2026-08-12 14:22:58.000","Computer":"CLM-MESA-014","User":"CLM\\mesa","EventID":1,"Image":"C:\\Windows\\System32\\svchost.exe","ProcessGuid":"{519F1281-8098-2026-3443-FC6364F936C1}","ProcessId":4889,"CommandLine":"C:\\Windows\\System32\\svchost.exe","ParentImage":"C:\\Windows\\System32\\services.exe","ParentProcessGuid":"{9358B6AA-5709-2026-CF94-7DB892EF16AE}","OriginalFileName":"C:\\Windows\\System32\\svchost.exe"}
{"UtcTime":"2026-08-12 14:22:59.000","Computer":"CLM-MESA-014","User":"CLM\\ops","EventID":13,"Image":"C:\\Windows\\System32\\RuntimeBroker.exe","ProcessGuid":"{00363B55-AA4B-2026-21F3-EE58F804764F}","ProcessId":8658,"EventType":"SetValue","TargetObject":"HKCU\\Software\\CLM\\Mesa\\Pref\\779","Details":"1"}
{"UtcTime":"2026-08-12 14:23:00.000","Computer":"CLM-MESA-014","User":"CLM\\ops","EventID":13,"Image":"C:\\Windows\\System32\\RuntimeBroker.exe","ProcessGuid":"{3863CD30-7578-2026-AD3E-FF0AF7A1A52E}","ProcessId":7981,"EventType":"SetValue","TargetObject":"HKCU\\Software\\CLM\\Mesa\\Pref\\780","Details":"1"}
{"UtcTime":"2026-08-12 14:23:01.000","Computer":"CLM-MESA-014","User":"CLM\\mesa","EventID":5,"Image":"C:\\Windows\\System32\\conhost.exe","ProcessGuid":"{50A8D6E1-5107-2026-CAE5-922C52C201F8}","ProcessId":6228,"EventType":"End"}
{"UtcTime":"2026-08-12 14:23:02.000","Computer":"CLM-MESA-014","User":"CLM\\mesa","EventID":13,"Image":"C:\\Program Files\\Microsoft Office\\Office16\\EXCEL.EXE","ProcessGuid":"{E6355A7B-62D1-2026-2546-3F810F1F7F69}","ProcessId":5657,"EventType":"SetValue","TargetObject":"HKCU\\Software\\CLM\\Mesa\\Pref\\782","Details":"1"}
{"UtcTime":"2026-08-12 14:23:03.000","Computer":"CLM-MESA-014","User":"CLM\\mesa","EventID":1,"Image":"C:\\Program Files\\Microsoft Office\\Office16\\EXCEL.EXE","ProcessGuid":"{7347B670-2CC7-2026-1F84-A405EF8757A4}","ProcessId":8587,"CommandLine":"C:\\Program Files\\Microsoft Office\\Office16\\EXCEL.EXE","ParentImage":"C:\\Windows\\System32\\services.exe","ParentProcessGuid":"{C240AF67-CD95-2026-BC6E-9DD45F843BE3}","OriginalFileName":"C:\\Program Files\\Microsoft Office\\Office16\\EXCEL.EXE"}
{"UtcTime":"2026-08-12 14:23:04.000","Computer":"CLM-MESA-014","User":"CLM\\mesa","EventID":3,"Image":"C:\\Program Files\\Google\\Chrome\\Application\\chrome.exe","ProcessGuid":"{CFCBC748-A5B7-2026-7976-CA112AAD3FE0}","ProcessId":7783,"DestinationIp":"1.1.1.1","DestinationPort":135,"DestinationHostname":"portal.clm.liquidacao","SourceIp":"10.70.30.14","Protocol":"tcp"}
{"UtcTime":"2026-08-12 14:23:05.000","Computer":"CLM-MESA-014","User":"CLM\\mesa","EventID":5,"Image":"C:\\Windows\\System32\\RuntimeBroker.exe","ProcessGuid":"{333F0599-0D1F-2026-9CE5-60AC5CEA21F3}","ProcessId":1847,"EventType":"End"}
{"UtcTime":"2026-08-12 14:23:06.000","Computer":"CLM-MESA-014","User":"CLM\\ops","EventID":5,"Image":"C:\\Program Files\\Microsoft Office\\Office16\\EXCEL.EXE","ProcessGuid":"{6376AA28-1C43-2026-7D3E-15A6DD279B4B}","ProcessId":2818,"EventType":"End"}
{"UtcTime":"2026-08-12 14:23:07.000","Computer":"CLM-MESA-014","User":"CLM\\backoffice","EventID":13,"Image":"C:\\Windows\\System32\\conhost.exe","ProcessGuid":"{3AA7C911-E602-2026-C32B-44917C0E5D13}","ProcessId":5878,"EventType":"SetValue","TargetObject":"HKCU\\Software\\CLM\\Mesa\\Pref\\787","Details":"1"}
{"UtcTime":"2026-08-12 14:23:08.000","Computer":"CLM-MESA-014","User":"CLM\\ops","EventID":1,"Image":"C:\\Program Files\\Google\\Chrome\\Application\\chrome.exe","ProcessGuid":"{A1E16D1C-43E9-2026-D0FB-841AAF80FB10}","ProcessId":4174,"CommandLine":"C:\\Program Files\\Google\\Chrome\\Application\\chrome.exe","ParentImage":"C:\\Windows\\System32\\services.exe","ParentProcessGuid":"{DA46731B-7E9F-2026-917A-A2230BAEA615}","OriginalFileName":"C:\\Program Files\\Google\\Chrome\\Application\\chrome.exe"}
{"UtcTime":"2026-08-12 14:23:09.000","Computer":"CLM-MESA-014","User":"CLM\\ops","EventID":3,"Image":"C:\\Windows\\explorer.exe","ProcessGuid":"{0E4277F5-25FC-2026-28A0-32C721A3E415}","ProcessId":1431,"DestinationIp":"1.1.1.1","DestinationPort":135,"DestinationHostname":"portal.clm.liquidacao","SourceIp":"10.70.30.14","Protocol":"tcp"}
{"UtcTime":"2026-08-12 14:23:10.000","Computer":"CLM-MESA-014","User":"CLM\\backoffice","EventID":1,"Image":"C:\\Windows\\System32\\svchost.exe","ProcessGuid":"{6984AED4-7983-2026-27E1-AE0E2F5C7038}","ProcessId":520,"CommandLine":"C:\\Windows\\System32\\svchost.exe","ParentImage":"C:\\Windows\\System32\\services.exe","ParentProcessGuid":"{B277D81F-4DDC-2026-B581-977A4C352901}","OriginalFileName":"C:\\Windows\\System32\\svchost.exe"}
{"UtcTime":"2026-08-12 14:23:11.000","Computer":"CLM-MESA-014","User":"CLM\\backoffice","EventID":1,"Image":"C:\\Windows\\System32\\RuntimeBroker.exe","ProcessGuid":"{6D07F4B6-2FE3-2026-5740-7789F4268B4E}","ProcessId":7178,"CommandLine":"C:\\Windows\\System32\\RuntimeBroker.exe","ParentImage":"C:\\Windows\\System32\\services.exe","ParentProcessGuid":"{A672CA9D-DD84-2026-EBE1-4B8190D62B4B}","OriginalFileName":"C:\\Windows\\System32\\RuntimeBroker.exe"}
{"UtcTime":"2026-08-12 14:23:12.000","Computer":"CLM-MESA-014","User":"CLM\\backoffice","EventID":5,"Image":"C:\\Windows\\System32\\RuntimeBroker.exe","ProcessGuid":"{BAB9F89B-4625-2026-B8D3-0311AEDB05FE}","ProcessId":2880,"EventType":"End"}
{"UtcTime":"2026-08-12 14:23:13.000","Computer":"CLM-MESA-014","User":"CLM\\ops","EventID":1,"Image":"C:\\Program Files\\Google\\Chrome\\Application\\chrome.exe","ProcessGuid":"{F8BB6E99-7DED-2026-5E18-4B46733C1DB8}","ProcessId":2404,"CommandLine":"C:\\Program Files\\Google\\Chrome\\Application\\chrome.exe","ParentImage":"C:\\Windows\\System32\\services.exe","ParentProcessGuid":"{283D69D2-ED49-2026-AF6D-65921D692ACC}","OriginalFileName":"C:\\Program Files\\Google\\Chrome\\Application\\chrome.exe"}
{"UtcTime":"2026-08-12 14:23:14.000","Computer":"CLM-MESA-014","User":"CLM\\mesa","EventID":5,"Image":"C:\\Windows\\System32\\conhost.exe","ProcessGuid":"{04208535-B00E-2026-4E64-F39DE8E4A991}","ProcessId":4407,"EventType":"End"}
{"UtcTime":"2026-08-12 14:23:15.000","Computer":"CLM-MESA-014","User":"CLM\\backoffice","EventID":1,"Image":"C:\\Windows\\System32\\RuntimeBroker.exe","ProcessGuid":"{80D32E95-FF14-2026-7BB4-56C00F8AC9A7}","ProcessId":3347,"CommandLine":"C:\\Windows\\System32\\RuntimeBroker.exe","ParentImage":"C:\\Windows\\System32\\services.exe","ParentProcessGuid":"{74D5A02D-5A9E-2026-804E-9B00C990140C}","OriginalFileName":"C:\\Windows\\System32\\RuntimeBroker.exe"}
{"UtcTime":"2026-08-12 14:23:16.000","Computer":"CLM-MESA-014","User":"CLM\\backoffice","EventID":1,"Image":"C:\\Program Files\\Google\\Chrome\\Application\\chrome.exe","ProcessGuid":"{9E93538F-3F4A-2026-6D9D-854FAB6FBBB9}","ProcessId":2013,"CommandLine":"C:\\Program Files\\Google\\Chrome\\Application\\chrome.exe","ParentImage":"C:\\Windows\\System32\\services.exe","ParentProcessGuid":"{73B86783-D794-2026-7631-15B6B9127B7A}","OriginalFileName":"C:\\Program Files\\Google\\Chrome\\Application\\chrome.exe"}
{"UtcTime":"2026-08-12 14:23:17.000","Computer":"CLM-MESA-014","User":"CLM\\mesa","EventID":1,"Image":"C:\\Program Files\\Microsoft Office\\Office16\\EXCEL.EXE","ProcessGuid":"{EA02A195-56B3-2026-571A-EE43D71911DD}","ProcessId":7035,"CommandLine":"C:\\Program Files\\Microsoft Office\\Office16\\EXCEL.EXE","ParentImage":"C:\\Windows\\System32\\services.exe","ParentProcessGuid":"{27EBFC4F-B356-2026-D6C4-978677813284}","OriginalFileName":"C:\\Program Files\\Microsoft Office\\Office16\\EXCEL.EXE"}
{"UtcTime":"2026-08-12 14:23:18.000","Computer":"CLM-MESA-014","User":"CLM\\backoffice","EventID":13,"Image":"C:\\Program Files\\Google\\Chrome\\Application\\chrome.exe","ProcessGuid":"{3192F5C2-C826-2026-778A-80F2C8710896}","ProcessId":7572,"EventType":"SetValue","TargetObject":"HKCU\\Software\\CLM\\Mesa\\Pref\\798","Details":"1"}
{"UtcTime":"2026-08-12 14:23:19.000","Computer":"CLM-MESA-014","User":"CLM\\mesa","EventID":1,"Image":"C:\\Windows\\System32\\conhost.exe","ProcessGuid":"{1A67FCB8-78B0-2026-8085-7891C85766A9}","ProcessId":7133,"CommandLine":"C:\\Windows\\System32\\conhost.exe","ParentImage":"C:\\Windows\\System32\\services.exe","ParentProcessGuid":"{343EC36B-DC11-2026-1020-3A86F9C60330}","OriginalFileName":"C:\\Windows\\System32\\conhost.exe"}
{"UtcTime":"2026-08-12 14:23:20.000","Computer":"CLM-MESA-014","User":"CLM\\backoffice","EventID":11,"Image":"C:\\Windows\\System32\\conhost.exe","ProcessGuid":"{F50526DD-854B-2026-EBC0-FE6DE8C02F7F}","ProcessId":8069,"TargetFilename":"C:\\Users\\Public\\Temp\\mesa-800.tmp"}
{"UtcTime":"2026-08-12 14:23:21.000","Computer":"CLM-MESA-014","User":"CLM\\mesa","EventID":5,"Image":"C:\\Windows\\System32\\svchost.exe","ProcessGuid":"{6F2E273B-7CD7-2026-B13A-9F2C16E3855A}","ProcessId":2929,"EventType":"End"}
{"UtcTime":"2026-08-12 14:23:22.000","Computer":"CLM-MESA-014","User":"CLM\\backoffice","EventID":5,"Image":"C:\\Windows\\explorer.exe","ProcessGuid":"{27F1A188-3D0A-2026-F099-A6061A932D65}","ProcessId":4871,"EventType":"End"}
{"UtcTime":"2026-08-12 14:23:23.000","Computer":"CLM-MESA-014","User":"CLM\\ops","EventID":5,"Image":"C:\\Windows\\System32\\RuntimeBroker.exe","ProcessGuid":"{B929D6D0-BE90-2026-7BC4-DD43BE587F1B}","ProcessId":5833,"EventType":"End"}
{"UtcTime":"2026-08-12 14:23:24.000","Computer":"CLM-MESA-014","User":"CLM\\backoffice","EventID":1,"Image":"C:\\Windows\\explorer.exe","ProcessGuid":"{ACCCC8DD-EB04-2026-9186-C06A0DD8106B}","ProcessId":7459,"CommandLine":"C:\\Windows\\explorer.exe","ParentImage":"C:\\Windows\\System32\\services.exe","ParentProcessGuid":"{C8FBADD1-40EB-2026-8123-3634DC8DD3C4}","OriginalFileName":"C:\\Windows\\explorer.exe"}
{"UtcTime":"2026-08-12 14:23:25.000","Computer":"CLM-MESA-014","User":"CLM\\backoffice","EventID":1,"Image":"C:\\Windows\\System32\\svchost.exe","ProcessGuid":"{1F5D431B-8457-2026-CCD3-B80450CD40EE}","ProcessId":604,"CommandLine":"C:\\Windows\\System32\\svchost.exe","ParentImage":"C:\\Windows\\System32\\services.exe","ParentProcessGuid":"{592F49E3-0CCA-2026-4937-9D5FC67FD9BE}","OriginalFileName":"C:\\Windows\\System32\\svchost.exe"}
{"UtcTime":"2026-08-12 14:23:26.000","Computer":"CLM-MESA-014","User":"CLM\\backoffice","EventID":3,"Image":"C:\\Program Files\\Google\\Chrome\\Application\\chrome.exe","ProcessGuid":"{25CD9381-885E-2026-80C5-52B771D8E087}","ProcessId":4914,"DestinationIp":"10.70.30.8","DestinationPort":135,"DestinationHostname":"ntp.clm.liquidacao","SourceIp":"10.70.30.14","Protocol":"tcp"}
{"UtcTime":"2026-08-12 14:23:27.000","Computer":"CLM-MESA-014","User":"CLM\\mesa","EventID":1,"Image":"C:\\Program Files\\Microsoft Office\\Office16\\EXCEL.EXE","ProcessGuid":"{90DABB47-F257-2026-2DF1-4C9218ACE938}","ProcessId":7051,"CommandLine":"C:\\Program Files\\Microsoft Office\\Office16\\EXCEL.EXE","ParentImage":"C:\\Windows\\System32\\services.exe","ParentProcessGuid":"{F6C5BC0A-798F-2026-4E62-4CF0A17BA67C}","OriginalFileName":"C:\\Program Files\\Microsoft Office\\Office16\\EXCEL.EXE"}
{"UtcTime":"2026-08-12 14:23:28.000","Computer":"CLM-MESA-014","User":"CLM\\backoffice","EventID":1,"Image":"C:\\Program Files\\Microsoft Office\\Office16\\EXCEL.EXE","ProcessGuid":"{3CA63A10-A224-2026-DD19-1CE46F81DB49}","ProcessId":7114,"CommandLine":"C:\\Program Files\\Microsoft Office\\Office16\\EXCEL.EXE","ParentImage":"C:\\Windows\\System32\\services.exe","ParentProcessGuid":"{A9D51DB7-96A6-2026-6DA1-B4A41085FE18}","OriginalFileName":"C:\\Program Files\\Microsoft Office\\Office16\\EXCEL.EXE"}
{"UtcTime":"2026-08-12 14:23:29.000","Computer":"CLM-MESA-014","User":"CLM\\ops","EventID":3,"Image":"C:\\Windows\\System32\\RuntimeBroker.exe","ProcessGuid":"{6C81D992-44CA-2026-E718-78CBDABDBFC8}","ProcessId":4741,"DestinationIp":"10.70.30.1","DestinationPort":8080,"DestinationHostname":"ntp.clm.liquidacao","SourceIp":"10.70.30.14","Protocol":"tcp"}
{"UtcTime":"2026-08-12 14:23:30.000","Computer":"CLM-MESA-014","User":"CLM\\backoffice","EventID":11,"Image":"C:\\Windows\\System32\\conhost.exe","ProcessGuid":"{56C362F7-443C-2026-A88B-4544A818DB4F}","ProcessId":1730,"TargetFilename":"C:\\Users\\Public\\Temp\\mesa-810.tmp"}
{"UtcTime":"2026-08-12 14:23:31.000","Computer":"CLM-MESA-014","User":"CLM\\mesa","EventID":5,"Image":"C:\\Program Files\\Google\\Chrome\\Application\\chrome.exe","ProcessGuid":"{5416CCFA-D7EA-2026-45B4-D0CB34367275}","ProcessId":1663,"EventType":"End"}
{"UtcTime":"2026-08-12 14:23:32.000","Computer":"CLM-MESA-014","User":"CLM\\mesa","EventID":1,"Image":"C:\\Program Files\\Microsoft Office\\Office16\\EXCEL.EXE","ProcessGuid":"{27392916-5CC2-2026-1BDC-CADF27C71BD3}","ProcessId":931,"CommandLine":"C:\\Program Files\\Microsoft Office\\Office16\\EXCEL.EXE","ParentImage":"C:\\Windows\\System32\\services.exe","ParentProcessGuid":"{79B19751-3518-2026-F6C5-0A05C346E2D7}","OriginalFileName":"C:\\Program Files\\Microsoft Office\\Office16\\EXCEL.EXE"}
{"UtcTime":"2026-08-12 14:23:33.000","Computer":"CLM-MESA-014","User":"CLM\\mesa","EventID":3,"Image":"C:\\Windows\\System32\\RuntimeBroker.exe","ProcessGuid":"{D184124E-7E95-2026-4293-AFD7E0EF294A}","ProcessId":6141,"DestinationIp":"8.8.8.8","DestinationPort":53,"DestinationHostname":"ntp.clm.liquidacao","SourceIp":"10.70.30.14","Protocol":"tcp"}
{"UtcTime":"2026-08-12 14:23:34.000","Computer":"CLM-MESA-014","User":"CLM\\backoffice","EventID":13,"Image":"C:\\Program Files\\Google\\Chrome\\Application\\chrome.exe","ProcessGuid":"{1C6DB345-FD44-2026-B4B5-AA353FA62506}","ProcessId":1417,"EventType":"SetValue","TargetObject":"HKCU\\Software\\CLM\\Mesa\\Pref\\814","Details":"1"}
{"UtcTime":"2026-08-12 14:23:35.000","Computer":"CLM-MESA-014","User":"CLM\\ops","EventID":13,"Image":"C:\\Program Files\\Google\\Chrome\\Application\\chrome.exe","ProcessGuid":"{E506308A-3747-2026-83F5-A7DF17EA9419}","ProcessId":5913,"EventType":"SetValue","TargetObject":"HKCU\\Software\\CLM\\Mesa\\Pref\\815","Details":"1"}
{"UtcTime":"2026-08-12 14:23:36.000","Computer":"CLM-MESA-014","User":"CLM\\backoffice","EventID":1,"Image":"C:\\Program Files\\Google\\Chrome\\Application\\chrome.exe","ProcessGuid":"{5EDBCCCE-0F5E-2026-2C38-A29D6EDD8911}","ProcessId":4775,"CommandLine":"C:\\Program Files\\Google\\Chrome\\Application\\chrome.exe","ParentImage":"C:\\Windows\\System32\\services.exe","ParentProcessGuid":"{085D166C-7511-2026-A6D5-CA719EC37DF6}","OriginalFileName":"C:\\Program Files\\Google\\Chrome\\Application\\chrome.exe"}
{"UtcTime":"2026-08-12 14:23:37.000","Computer":"CLM-MESA-014","User":"CLM\\ops","EventID":11,"Image":"C:\\Windows\\System32\\svchost.exe","ProcessGuid":"{EC22D0F3-0432-2026-592F-A363239C402E}","ProcessId":4452,"TargetFilename":"C:\\Users\\Public\\Temp\\mesa-817.tmp"}
{"UtcTime":"2026-08-12 14:23:38.000","Computer":"CLM-MESA-014","User":"CLM\\ops","EventID":13,"Image":"C:\\Windows\\System32\\svchost.exe","ProcessGuid":"{04B3C99A-5286-2026-BD37-6BE8651D97C1}","ProcessId":5861,"EventType":"SetValue","TargetObject":"HKCU\\Software\\CLM\\Mesa\\Pref\\818","Details":"1"}
{"UtcTime":"2026-08-12 14:23:39.000","Computer":"CLM-MESA-014","User":"CLM\\backoffice","EventID":1,"Image":"C:\\Windows\\explorer.exe","ProcessGuid":"{D98F913C-0CBA-2026-E405-79B7D9D4F4CE}","ProcessId":7574,"CommandLine":"C:\\Windows\\explorer.exe","ParentImage":"C:\\Windows\\System32\\services.exe","ParentProcessGuid":"{1C68FDDD-4EDB-2026-75CD-2D705B1665EE}","OriginalFileName":"C:\\Windows\\explorer.exe"}
{"UtcTime":"2026-08-12 14:23:40.000","Computer":"CLM-MESA-014","User":"CLM\\backoffice","EventID":5,"Image":"C:\\Windows\\System32\\RuntimeBroker.exe","ProcessGuid":"{47D2CE65-0896-2026-6C58-3F93AFF12FBE}","ProcessId":4889,"EventType":"End"}
{"UtcTime":"2026-08-12 14:23:41.000","Computer":"CLM-MESA-014","User":"CLM\\backoffice","EventID":1,"Image":"C:\\Windows\\System32\\conhost.exe","ProcessGuid":"{4CDDCDF4-D984-2026-98C3-AD3B5F68084E}","ProcessId":432,"CommandLine":"C:\\Windows\\System32\\conhost.exe","ParentImage":"C:\\Windows\\System32\\services.exe","ParentProcessGuid":"{32CF7773-1A88-2026-890C-862246ECB979}","OriginalFileName":"C:\\Windows\\System32\\conhost.exe"}
{"UtcTime":"2026-08-12 14:23:42.000","Computer":"CLM-MESA-014","User":"CLM\\ops","EventID":3,"Image":"C:\\Windows\\System32\\conhost.exe","ProcessGuid":"{17210BEF-E197-2026-FB97-84CBB3AA62FC}","ProcessId":6754,"DestinationIp":"1.1.1.1","DestinationPort":8080,"DestinationHostname":"ntp.clm.liquidacao","SourceIp":"10.70.30.14","Protocol":"tcp"}
{"UtcTime":"2026-08-12 14:23:43.000","Computer":"CLM-MESA-014","User":"CLM\\mesa","EventID":3,"Image":"C:\\Program Files\\Microsoft Office\\Office16\\EXCEL.EXE","ProcessGuid":"{5D56C807-CDA2-2026-6F27-5A1EE93BB09F}","ProcessId":973,"DestinationIp":"10.70.30.8","DestinationPort":8080,"DestinationHostname":"ntp.clm.liquidacao","SourceIp":"10.70.30.14","Protocol":"tcp"}
{"UtcTime":"2026-08-12 14:23:44.000","Computer":"CLM-MESA-014","User":"CLM\\backoffice","EventID":13,"Image":"C:\\Windows\\System32\\RuntimeBroker.exe","ProcessGuid":"{5D8EBDDC-4FB9-2026-C4F1-BFBC6C312ED2}","ProcessId":7887,"EventType":"SetValue","TargetObject":"HKCU\\Software\\CLM\\Mesa\\Pref\\824","Details":"1"}
{"UtcTime":"2026-08-12 14:23:45.000","Computer":"CLM-MESA-014","User":"CLM\\ops","EventID":1,"Image":"C:\\Windows\\explorer.exe","ProcessGuid":"{D3F61243-8C11-2026-939B-BAC88ADABBE9}","ProcessId":2484,"CommandLine":"C:\\Windows\\explorer.exe","ParentImage":"C:\\Windows\\System32\\services.exe","ParentProcessGuid":"{9518EA26-32CC-2026-EC6A-7384F1474A1C}","OriginalFileName":"C:\\Windows\\explorer.exe"}
{"UtcTime":"2026-08-12 14:23:46.000","Computer":"CLM-MESA-014","User":"CLM\\mesa","EventID":11,"Image":"C:\\Program Files\\Microsoft Office\\Office16\\EXCEL.EXE","ProcessGuid":"{8C5FD22C-5157-2026-F65F-739B285EF34D}","ProcessId":7617,"TargetFilename":"C:\\Users\\Public\\Temp\\mesa-826.tmp"}
{"UtcTime":"2026-08-12 14:23:47.000","Computer":"CLM-MESA-014","User":"CLM\\mesa","EventID":1,"Image":"C:\\Windows\\explorer.exe","ProcessGuid":"{E82B4FE5-3587-2026-40E0-9E70E9681E40}","ProcessId":4571,"CommandLine":"C:\\Windows\\explorer.exe","ParentImage":"C:\\Windows\\System32\\services.exe","ParentProcessGuid":"{8CCA316B-60B3-2026-A41D-6A4F66FE4DF9}","OriginalFileName":"C:\\Windows\\explorer.exe"}
{"UtcTime":"2026-08-12 14:23:48.000","Computer":"CLM-MESA-014","User":"CLM\\mesa","EventID":1,"Image":"C:\\Program Files\\Microsoft Office\\Office16\\EXCEL.EXE","ProcessGuid":"{79BD80BE-2FF4-2026-6CCC-40D4B9202BE7}","ProcessId":7855,"CommandLine":"C:\\Program Files\\Microsoft Office\\Office16\\EXCEL.EXE","ParentImage":"C:\\Windows\\System32\\services.exe","ParentProcessGuid":"{CBF140F4-EA37-2026-0D18-846EF63DA909}","OriginalFileName":"C:\\Program Files\\Microsoft Office\\Office16\\EXCEL.EXE"}
{"UtcTime":"2026-08-12 14:23:49.000","Computer":"CLM-MESA-014","User":"CLM\\backoffice","EventID":1,"Image":"C:\\Windows\\System32\\conhost.exe","ProcessGuid":"{D50CFB02-A4EA-2026-92F9-01FC45736B25}","ProcessId":2250,"CommandLine":"C:\\Windows\\System32\\conhost.exe","ParentImage":"C:\\Windows\\System32\\services.exe","ParentProcessGuid":"{04596D1B-DA9A-2026-A4BB-FC9A6792C1C0}","OriginalFileName":"C:\\Windows\\System32\\conhost.exe"}
{"UtcTime":"2026-08-12 14:23:50.000","Computer":"CLM-MESA-014","User":"CLM\\ops","EventID":1,"Image":"C:\\Windows\\System32\\RuntimeBroker.exe","ProcessGuid":"{A658D1E9-4684-2026-645A-3402ED2DB499}","ProcessId":2154,"CommandLine":"C:\\Windows\\System32\\RuntimeBroker.exe","ParentImage":"C:\\Windows\\System32\\services.exe","ParentProcessGuid":"{B42753BE-35A4-2026-DB21-BD29C8736C8B}","OriginalFileName":"C:\\Windows\\System32\\RuntimeBroker.exe"}
