{"UtcTime":"2026-08-12 14:48:47.000","Computer":"CLM-MESA-014","User":"CLM\\backoffice","EventID":3,"Image":"C:\\Program Files\\Google\\Chrome\\Application\\chrome.exe","ProcessGuid":"{F28C2B06-B4F2-2026-BD2D-FE73C82368C8}","ProcessId":5956,"DestinationIp":"10.70.30.1","DestinationPort":135,"DestinationHostname":"portal.clm.liquidacao","SourceIp":"10.70.30.14","Protocol":"tcp"}
{"UtcTime":"2026-08-12 14:48:48.000","Computer":"CLM-MESA-014","User":"CLM\\backoffice","EventID":1,"Image":"C:\\Program Files\\Microsoft Office\\Office16\\EXCEL.EXE","ProcessGuid":"{09AC1034-85C7-2026-6E2C-92F9162B0A70}","ProcessId":605,"CommandLine":"C:\\Program Files\\Microsoft Office\\Office16\\EXCEL.EXE","ParentImage":"C:\\Windows\\System32\\services.exe","ParentProcessGuid":"{1576A97F-518A-2026-69BA-6E172000D9BC}","OriginalFileName":"C:\\Program Files\\Microsoft Office\\Office16\\EXCEL.EXE"}
{"UtcTime":"2026-08-12 14:48:49.000","Computer":"CLM-MESA-014","User":"CLM\\backoffice","EventID":3,"Image":"C:\\Windows\\System32\\svchost.exe","ProcessGuid":"{1AB0C9F6-E7C3-2026-1AFC-289FBBA632E3}","ProcessId":5365,"DestinationIp":"10.70.30.8","DestinationPort":53,"DestinationHostname":"ntp.clm.liquidacao","SourceIp":"10.70.30.14","Protocol":"tcp"}
{"UtcTime":"2026-08-12 14:48:50.000","Computer":"CLM-MESA-014","User":"CLM\\backoffice","EventID":1,"Image":"C:\\Windows\\explorer.exe","ProcessGuid":"{C7E39992-896C-2026-8223-4895556122A2}","ProcessId":6859,"CommandLine":"C:\\Windows\\explorer.exe","ParentImage":"C:\\Windows\\System32\\services.exe","ParentProcessGuid":"{BF0DBD7F-EEB1-2026-4443-B25CC7380E1E}","OriginalFileName":"C:\\Windows\\explorer.exe"}
{"UtcTime":"2026-08-12 14:48:51.000","Computer":"CLM-MESA-014","User":"CLM\\mesa","EventID":13,"Image":"C:\\Windows\\System32\\svchost.exe","ProcessGuid":"{81926DE1-C54D-2026-26B6-2661FD150B18}","ProcessId":7248,"EventType":"SetValue","TargetObject":"HKCU\\Software\\CLM\\Mesa\\Pref\\2331","Details":"1"}
{"UtcTime":"2026-08-12 14:48:52.000","Computer":"CLM-MESA-014","User":"CLM\\ops","EventID":3,"Image":"C:\\Windows\\System32\\conhost.exe","ProcessGuid":"{F03B2518-33AE-2026-6A32-6BF60DF2623F}","ProcessId":3958,"DestinationIp":"8.8.8.8","DestinationPort":135,"DestinationHostname":"ntp.clm.liquidacao","SourceIp":"10.70.30.14","Protocol":"tcp"}
{"UtcTime":"2026-08-12 14:48:53.000","Computer":"CLM-MESA-014","User":"CLM\\ops","EventID":11,"Image":"C:\\Program Files\\Google\\Chrome\\Application\\chrome.exe","ProcessGuid":"{DD3DC2EE-6B7F-2026-3435-62212216FD22}","ProcessId":4122,"TargetFilename":"C:\\Users\\Public\\Temp\\mesa-2333.tmp"}
{"UtcTime":"2026-08-12 14:48:54.000","Computer":"CLM-MESA-014","User":"CLM\\ops","EventID":11,"Image":"C:\\Program Files\\Google\\Chrome\\Application\\chrome.exe","ProcessGuid":"{D6513006-0BD0-2026-07E7-BCD8032A2AA4}","ProcessId":7037,"TargetFilename":"C:\\Users\\Public\\Temp\\mesa-2334.tmp"}
{"UtcTime":"2026-08-12 14:48:55.000","Computer":"CLM-MESA-014","User":"CLM\\backoffice","EventID":13,"Image":"C:\\Windows\\System32\\RuntimeBroker.exe","ProcessGuid":"{20A1E309-F091-2026-7A93-943D200B73B8}","ProcessId":3298,"EventType":"SetValue","TargetObject":"HKCU\\Software\\CLM\\Mesa\\Pref\\2335","Details":"1"}
{"UtcTime":"2026-08-12 14:48:56.000","Computer":"CLM-MESA-014","User":"CLM\\mesa","EventID":1,"Image":"C:\\Windows\\explorer.exe","ProcessGuid":"{AB68D923-1110-2026-86A4-48AC201D57FC}","ProcessId":7185,"CommandLine":"C:\\Windows\\explorer.exe","ParentImage":"C:\\Windows\\System32\\services.exe","ParentProcessGuid":"{18029462-2304-2026-95E4-BD9C6A3890E4}","OriginalFileName":"C:\\Windows\\explorer.exe"}
{"UtcTime":"2026-08-12 14:48:57.000","Computer":"CLM-MESA-014","User":"CLM\\mesa","EventID":1,"Image":"C:\\Windows\\System32\\svchost.exe","ProcessGuid":"{8BE65331-729F-2026-3FFC-83DCD154DE3B}","ProcessId":4293,"CommandLine":"C:\\Windows\\System32\\svchost.exe","ParentImage":"C:\\Windows\\System32\\services.exe","ParentProcessGuid":"{49B9A097-FE67-2026-A3A2-9FEE980C7BD3}","OriginalFileName":"C:\\Windows\\System32\\svchost.exe"}
{"UtcTime":"2026-08-12 14:48:58.000","Computer":"CLM-MESA-014","User":"CLM\\mesa","EventID":3,"Image":"C:\\Program Files\\Microsoft Office\\Office16\\EXCEL.EXE","ProcessGuid":"{C23B20EE-9BC6-2026-3584-1136C02690A5}","ProcessId":7079,"DestinationIp":"10.70.30.1","DestinationPort":135,"DestinationHostname":"ntp.clm.liquidacao","SourceIp":"10.70.30.14","Protocol":"tcp"}
{"UtcTime":"2026-08-12 14:48:59.000","Computer":"CLM-MESA-014","User":"CLM\\backoffice","EventID":13,"Image":"C:\\Program Files\\Google\\Chrome\\Application\\chrome.exe","ProcessGuid":"{312901F9-B4F2-2026-CDCE-4C906F02E6AF}","ProcessId":8617,"EventType":"SetValue","TargetObject":"HKCU\\Software\\CLM\\Mesa\\Pref\\2339","Details":"1"}
{"UtcTime":"2026-08-12 14:49:00.000","Computer":"CLM-MESA-014","User":"CLM\\ops","EventID":11,"Image":"C:\\Windows\\System32\\RuntimeBroker.exe","ProcessGuid":"{36D8050B-3A82-2026-E354-F69D8164C8B7}","ProcessId":2055,"TargetFilename":"C:\\Users\\Public\\Temp\\mesa-2340.tmp"}
{"UtcTime":"2026-08-12 14:49:01.000","Computer":"CLM-MESA-014","User":"CLM\\mesa","EventID":5,"Image":"C:\\Windows\\System32\\RuntimeBroker.exe","ProcessGuid":"{2D968651-C210-2026-5727-F3067777DC5E}","ProcessId":4469,"EventType":"End"}
{"UtcTime":"2026-08-12 14:49:02.000","Computer":"CLM-MESA-014","User":"CLM\\backoffice","EventID":5,"Image":"C:\\Windows\\System32\\RuntimeBroker.exe","ProcessGuid":"{002B5658-AF4A-2026-C57F-6992271F058F}","ProcessId":7782,"EventType":"End"}
{"UtcTime":"2026-08-12 14:49:03.000","Computer":"CLM-MESA-014","User":"CLM\\backoffice","EventID":11,"Image":"C:\\Windows\\System32\\svchost.exe","ProcessGuid":"{3892F6D8-824B-2026-9BFB-DCF306EBA48C}","ProcessId":3740,"TargetFilename":"C:\\Users\\Public\\Temp\\mesa-2343.tmp"}
{"UtcTime":"2026-08-12 14:49:04.000","Computer":"CLM-MESA-014","User":"CLM\\mesa","EventID":1,"Image":"C:\\Windows\\System32\\conhost.exe","ProcessGuid":"{2BCF9437-682F-2026-0E74-8E7C5DC450F5}","ProcessId":1255,"CommandLine":"C:\\Windows\\System32\\conhost.exe","ParentImage":"C:\\Windows\\System32\\services.exe","ParentProcessGuid":"{96124BAA-1608-2026-36C7-F55C40F36F29}","OriginalFileName":"C:\\Windows\\System32\\conhost.exe"}
{"UtcTime":"2026-08-12 14:49:05.000","Computer":"CLM-MESA-014","User":"CLM\\mesa","EventID":5,"Image":"C:\\Windows\\System32\\conhost.exe","ProcessGuid":"{F74A0841-6A26-2026-D682-3B2059965B06}","ProcessId":2429,"EventType":"End"}
{"UtcTime":"2026-08-12 14:49:06.000","Computer":"CLM-MESA-014","User":"CLM\\backoffice","EventID":1,"Image":"C:\\Program Files\\Google\\Chrome\\Application\\chrome.exe","ProcessGuid":"{1A1EE90C-F161-2026-1BC9-AB344FB0A806}","ProcessId":2767,"CommandLine":"C:\\Program Files\\Google\\Chrome\\Application\\chrome.exe","ParentImage":"C:\\Windows\\System32\\services.exe","ParentProcessGuid":"{F91BD774-C910-2026-B397-EB6DCF54C76D}","OriginalFileName":"C:\\Program Files\\Google\\Chrome\\Application\\chrome.exe"}
{"UtcTime":"2026-08-12 14:49:07.000","Computer":"CLM-MESA-014","User":"CLM\\backoffice","EventID":11,"Image":"C:\\Windows\\System32\\conhost.exe","ProcessGuid":"{EEB4CB2E-2B7F-2026-F848-80E648160D20}","ProcessId":7104,"TargetFilename":"C:\\Users\\Public\\Temp\\mesa-2347.tmp"}
{"UtcTime":"2026-08-12 14:49:08.000","Computer":"CLM-MESA-014","User":"CLM\\mesa","EventID":11,"Image":"C:\\Windows\\System32\\svchost.exe","ProcessGuid":"{72484FB9-0D32-2026-2FE4-2B81C360BC56}","ProcessId":2311,"TargetFilename":"C:\\Users\\Public\\Temp\\mesa-2348.tmp"}
{"UtcTime":"2026-08-12 14:49:09.000","Computer":"CLM-MESA-014","User":"CLM\\mesa","EventID":13,"Image":"C:\\Windows\\System32\\conhost.exe","ProcessGuid":"{F7EA58D0-89F9-2026-5F55-7E5A1C8781B9}","ProcessId":7646,"EventType":"SetValue","TargetObject":"HKCU\\Software\\CLM\\Mesa\\Pref\\2349","Details":"1"}
{"UtcTime":"2026-08-12 14:49:10.000","Computer":"CLM-MESA-014","User":"CLM\\ops","EventID":11,"Image":"C:\\Program Files\\Microsoft Office\\Office16\\EXCEL.EXE","ProcessGuid":"{FC75E1B9-2AEC-2026-CE20-50C0434419F9}","ProcessId":2419,"TargetFilename":"C:\\Users\\Public\\Temp\\mesa-2350.tmp"}
{"UtcTime":"2026-08-12 14:49:11.000","Computer":"CLM-MESA-014","User":"CLM\\backoffice","EventID":1,"Image":"C:\\Windows\\System32\\RuntimeBroker.exe","ProcessGuid":"{6B96BFFB-7038-2026-CDB3-D637FB19A5E4}","ProcessId":6564,"CommandLine":"C:\\Windows\\System32\\RuntimeBroker.exe","ParentImage":"C:\\Windows\\System32\\services.exe","ParentProcessGuid":"{667DBF27-B7CB-2026-3098-AD395A5F7D43}","OriginalFileName":"C:\\Windows\\System32\\RuntimeBroker.exe"}
{"UtcTime":"2026-08-12 14:49:12.000","Computer":"CLM-MESA-014","User":"CLM\\mesa","EventID":13,"Image":"C:\\Windows\\explorer.exe","ProcessGuid":"{640A0B90-82EF-2026-17AB-E2D335A97A92}","ProcessId":1878,"EventType":"SetValue","TargetObject":"HKCU\\Software\\CLM\\Mesa\\Pref\\2352","Details":"1"}
{"UtcTime":"2026-08-12 14:49:13.000","Computer":"CLM-MESA-014","User":"CLM\\mesa","EventID":11,"Image":"C:\\Windows\\System32\\conhost.exe","ProcessGuid":"{101E383A-023C-2026-1E94-D04D636DB381}","ProcessId":4646,"TargetFilename":"C:\\Users\\Public\\Temp\\mesa-2353.tmp"}
{"UtcTime":"2026-08-12 14:49:14.000","Computer":"CLM-MESA-014","User":"CLM\\ops","EventID":3,"Image":"C:\\Program Files\\Google\\Chrome\\Application\\chrome.exe","ProcessGuid":"{FBDB456C-403F-2026-4AB6-6CC7D1088BF0}","ProcessId":3640,"DestinationIp":"10.70.30.1","DestinationPort":53,"DestinationHostname":"portal.clm.liquidacao","SourceIp":"10.70.30.14","Protocol":"tcp"}
{"UtcTime":"2026-08-12 14:49:15.000","Computer":"CLM-MESA-014","User":"CLM\\mesa","EventID":1,"Image":"C:\\Windows\\System32\\RuntimeBroker.exe","ProcessGuid":"{B7BEE8E3-A815-2026-E332-CC3E53FD8085}","ProcessId":1101,"CommandLine":"C:\\Windows\\System32\\RuntimeBroker.exe","ParentImage":"C:\\Windows\\System32\\services.exe","ParentProcessGuid":"{CF788DBE-A5F9-2026-9418-3143A53869D5}","OriginalFileName":"C:\\Windows\\System32\\RuntimeBroker.exe"}
{"UtcTime":"2026-08-12 14:49:16.000","Computer":"CLM-MESA-014","User":"CLM\\mesa","EventID":1,"Image":"C:\\Program Files\\Microsoft Office\\Office16\\EXCEL.EXE","ProcessGuid":"{F6713E26-EF10-2026-44D1-7BEFC2E1EE6A}","ProcessId":1077,"CommandLine":"C:\\Program Files\\Microsoft Office\\Office16\\EXCEL.EXE","ParentImage":"C:\\Windows\\System32\\services.exe","ParentProcessGuid":"{6A082C04-C859-2026-4FE4-50E32249C097}","OriginalFileName":"C:\\Program Files\\Microsoft Office\\Office16\\EXCEL.EXE"}
{"UtcTime":"2026-08-12 14:49:17.000","Computer":"CLM-MESA-014","User":"CLM\\backoffice","EventID":11,"Image":"C:\\Program Files\\Google\\Chrome\\Application\\chrome.exe","ProcessGuid":"{3E64382C-CC86-2026-0EBE-812159FA097A}","ProcessId":555,"TargetFilename":"C:\\Users\\Public\\Temp\\mesa-2357.tmp"}
{"UtcTime":"2026-08-12 14:49:18.000","Computer":"CLM-MESA-014","User":"CLM\\backoffice","EventID":13,"Image":"C:\\Program Files\\Google\\Chrome\\Application\\chrome.exe","ProcessGuid":"{7137A7FC-63AF-2026-2D6F-25FEE03D290C}","ProcessId":2480,"EventType":"SetValue","TargetObject":"HKCU\\Software\\CLM\\Mesa\\Pref\\2358","Details":"1"}
{"UtcTime":"2026-08-12 14:49:19.000","Computer":"CLM-MESA-014","User":"CLM\\mesa","EventID":1,"Image":"C:\\Windows\\System32\\RuntimeBroker.exe","ProcessGuid":"{E71089CC-CC98-2026-9F4C-B93EAAAF4CF8}","ProcessId":5870,"CommandLine":"C:\\Windows\\System32\\RuntimeBroker.exe","ParentImage":"C:\\Windows\\System32\\services.exe","ParentProcessGuid":"{D7770B4A-EF3E-2026-73C8-97719B00F088}","OriginalFileName":"C:\\Windows\\System32\\RuntimeBroker.exe"}
{"UtcTime":"2026-08-12 14:49:20.000","Computer":"CLM-MESA-014","User":"CLM\\ops","EventID":1,"Image":"C:\\Program Files\\Microsoft Office\\Office16\\EXCEL.EXE","ProcessGuid":"{24EDE45A-8D57-2026-1A53-FD23FB9816B4}","ProcessId":4621,"CommandLine":"C:\\Program Files\\Microsoft Office\\Office16\\EXCEL.EXE","ParentImage":"C:\\Windows\\System32\\services.exe","ParentProcessGuid":"{58E79252-7DA9-2026-C80A-5E00BF499ECC}","OriginalFileName":"C:\\Program Files\\Microsoft Office\\Office16\\EXCEL.EXE"}
{"UtcTime":"2026-08-12 14:49:21.000","Computer":"CLM-MESA-014","User":"CLM\\ops","EventID":1,"Image":"C:\\Windows\\System32\\conhost.exe","ProcessGuid":"{476E024A-1059-2026-5A49-4AA440EB966C}","ProcessId":3398,"CommandLine":"C:\\Windows\\System32\\conhost.exe","ParentImage":"C:\\Windows\\System32\\services.exe","ParentProcessGuid":"{752F55C5-CB13-2026-2E9E-0153B02EF234}","OriginalFileName":"C:\\Windows\\System32\\conhost.exe"}
{"UtcTime":"2026-08-12 14:49:22.000","Computer":"CLM-MESA-014","User":"CLM\\mesa","EventID":1,"Image":"C:\\Windows\\System32\\svchost.exe","ProcessGuid":"{D4E5BD77-8D8F-2026-221D-601E4805E6EC}","ProcessId":4956,"CommandLine":"C:\\Windows\\System32\\svchost.exe","ParentImage":"C:\\Windows\\System32\\services.exe","ParentProcessGuid":"{C7FE02B6-3BBE-2026-4770-8D499EB4EE63}","OriginalFileName":"C:\\Windows\\System32\\svchost.exe"}
{"UtcTime":"2026-08-12 14:49:23.000","Computer":"CLM-MESA-014","User":"CLM\\ops","EventID":5,"Image":"C:\\Program Files\\Microsoft Office\\Office16\\EXCEL.EXE","ProcessGuid":"{976FF069-5BCD-2026-E3AB-55A14DDACBDE}","ProcessId":403,"EventType":"End"}
{"UtcTime":"2026-08-12 14:49:24.000","Computer":"CLM-MESA-014","User":"CLM\\ops","EventID":1,"Image":"C:\\Windows\\System32\\svchost.exe","ProcessGuid":"{EB8217F4-FC23-2026-CC1F-246CA2E5257C}","ProcessId":1609,"CommandLine":"C:\\Windows\\System32\\svchost.exe","ParentImage":"C:\\Windows\\System32\\services.exe","ParentProcessGuid":"{C01A9ED5-CE40-2026-C09A-59ECF4EFE6D1}","OriginalFileName":"C:\\Windows\\System32\\svchost.exe"}
{"UtcTime":"2026-08-12 14:49:25.000","Computer":"CLM-MESA-014","User":"CLM\\ops","EventID":3,"Image":"C:\\Windows\\System32\\conhost.exe","ProcessGuid":"{B776AF9F-BDE3-2026-BA91-371224BF10EE}","ProcessId":6044,"DestinationIp":"8.8.8.8","DestinationPort":8080,"DestinationHostname":"ntp.clm.liquidacao","SourceIp":"10.70.30.14","Protocol":"tcp"}
{"UtcTime":"2026-08-12 14:49:26.000","Computer":"CLM-MESA-014","User":"CLM\\backoffice","EventID":1,"Image":"C:\\Windows\\explorer.exe","ProcessGuid":"{AEC0BFF0-9C57-2026-DA5C-2767340C0AFB}","ProcessId":4836,"CommandLine":"C:\\Windows\\explorer.exe","ParentImage":"C:\\Windows\\System32\\services.exe","ParentProcessGuid":"{477A3340-33A1-2026-7B02-A845B49C3AEB}","OriginalFileName":"C:\\Windows\\explorer.exe"}
{"UtcTime":"2026-08-12 14:49:27.000","Computer":"CLM-MESA-014","User":"CLM\\backoffice","EventID":1,"Image":"C:\\Program Files\\Google\\Chrome\\Application\\chrome.exe","ProcessGuid":"{CA0B9DEB-BE15-2026-38F7-ADD18287B054}","ProcessId":5792,"CommandLine":"C:\\Program Files\\Google\\Chrome\\Application\\chrome.exe","ParentImage":"C:\\Windows\\System32\\services.exe","ParentProcessGuid":"{2BD04751-7929-2026-52D9-394C3D7A8C63}","OriginalFileName":"C:\\Program Files\\Google\\Chrome\\Application\\chrome.exe"}
{"UtcTime":"2026-08-12 14:49:28.000","Computer":"CLM-MESA-014","User":"CLM\\ops","EventID":1,"Image":"C:\\Windows\\System32\\svchost.exe","ProcessGuid":"{DAABF018-7765-2026-B247-832972E50AB2}","ProcessId":3195,"CommandLine":"C:\\Windows\\System32\\svchost.exe","ParentImage":"C:\\Windows\\System32\\services.exe","ParentProcessGuid":"{F0B81187-606F-2026-E32E-E736B06173EA}","OriginalFileName":"C:\\Windows\\System32\\svchost.exe"}
{"UtcTime":"2026-08-12 14:49:29.000","Computer":"CLM-MESA-014","User":"CLM\\ops","EventID":1,"Image":"C:\\Windows\\System32\\conhost.exe","ProcessGuid":"{397A433A-3AB3-2026-8C07-96E6CF9B8832}","ProcessId":6465,"CommandLine":"C:\\Windows\\System32\\conhost.exe","ParentImage":"C:\\Windows\\System32\\services.exe","ParentProcessGuid":"{678336BB-048B-2026-8CEC-04155CABAC8C}","OriginalFileName":"C:\\Windows\\System32\\conhost.exe"}
{"UtcTime":"2026-08-12 14:49:30.000","Computer":"CLM-MESA-014","User":"CLM\\mesa","EventID":11,"Image":"C:\\Program Files\\Google\\Chrome\\Application\\chrome.exe","ProcessGuid":"{5E8DB97C-A765-2026-A136-2C76B3009337}","ProcessId":1598,"TargetFilename":"C:\\Users\\Public\\Temp\\mesa-2370.tmp"}
{"UtcTime":"2026-08-12 14:49:31.000","Computer":"CLM-MESA-014","User":"CLM\\ops","EventID":1,"Image":"C:\\Windows\\System32\\conhost.exe","ProcessGuid":"{DAFFEFE0-4B33-2026-142E-37EC15D3B55A}","ProcessId":2561,"CommandLine":"C:\\Windows\\System32\\conhost.exe","ParentImage":"C:\\Windows\\System32\\services.exe","ParentProcessGuid":"{781FE4DA-6972-2026-3701-56261FBA1BEC}","OriginalFileName":"C:\\Windows\\System32\\conhost.exe"}
{"UtcTime":"2026-08-12 14:49:32.000","Computer":"CLM-MESA-014","User":"CLM\\ops","EventID":13,"Image":"C:\\Windows\\System32\\RuntimeBroker.exe","ProcessGuid":"{2A68D975-D03F-2026-4E48-36688B9FE326}","ProcessId":5787,"EventType":"SetValue","TargetObject":"HKCU\\Software\\CLM\\Mesa\\Pref\\2372","Details":"1"}
{"UtcTime":"2026-08-12 14:49:33.000","Computer":"CLM-MESA-014","User":"CLM\\ops","EventID":3,"Image":"C:\\Program Files\\Microsoft Office\\Office16\\EXCEL.EXE","ProcessGuid":"{8FBB3549-264C-2026-6F73-0A58DB0C11D7}","ProcessId":4657,"DestinationIp":"10.70.30.8","DestinationPort":53,"DestinationHostname":"ntp.clm.liquidacao","SourceIp":"10.70.30.14","Protocol":"tcp"}
{"UtcTime":"2026-08-12 14:49:34.000","Computer":"CLM-MESA-014","User":"CLM\\backoffice","EventID":5,"Image":"C:\\Program Files\\Microsoft Office\\Office16\\EXCEL.EXE","ProcessGuid":"{1040DB91-DA88-2026-D765-1D5273E0EC91}","ProcessId":2507,"EventType":"End"}
{"UtcTime":"2026-08-12 14:49:35.000","Computer":"CLM-MESA-014","User":"CLM\\mesa","EventID":3,"Image":"C:\\Program Files\\Microsoft Office\\Office16\\EXCEL.EXE","ProcessGuid":"{C87E8E1F-681E-2026-A24E-4EAD270CFC46}","ProcessId":6197,"DestinationIp":"10.70.30.1","DestinationPort":53,"DestinationHostname":"portal.clm.liquidacao","SourceIp":"10.70.30.14","Protocol":"tcp"}
{"UtcTime":"2026-08-12 14:49:36.000","Computer":"CLM-MESA-014","User":"CLM\\ops","EventID":1,"Image":"C:\\Windows\\explorer.exe","ProcessGuid":"{539E0439-3FE8-2026-591B-E8DF4903F372}","ProcessId":1805,"CommandLine":"C:\\Windows\\explorer.exe","ParentImage":"C:\\Windows\\System32\\services.exe","ParentProcessGuid":"{FC817FD5-8D0E-2026-CABA-0F43C3A7E789}","OriginalFileName":"C:\\Windows\\explorer.exe"}
{"UtcTime":"2026-08-12 14:49:37.000","Computer":"CLM-MESA-014","User":"CLM\\mesa","EventID":1,"Image":"C:\\Windows\\explorer.exe","ProcessGuid":"{1A7A5525-14CC-2026-BAD9-818A6868FE94}","ProcessId":8678,"CommandLine":"C:\\Windows\\explorer.exe","ParentImage":"C:\\Windows\\System32\\services.exe","ParentProcessGuid":"{4ADCE792-77C2-2026-DB92-4720D872C743}","OriginalFileName":"C:\\Windows\\explorer.exe"}
{"UtcTime":"2026-08-12 14:49:38.000","Computer":"CLM-MESA-014","User":"CLM\\mesa","EventID":11,"Image":"C:\\Program Files\\Microsoft Office\\Office16\\EXCEL.EXE","ProcessGuid":"{C2600580-A818-2026-FF4E-EF0CC1829AEF}","ProcessId":8057,"TargetFilename":"C:\\Users\\Public\\Temp\\mesa-2378.tmp"}
{"UtcTime":"2026-08-12 14:49:39.000","Computer":"CLM-MESA-014","User":"CLM\\backoffice","EventID":1,"Image":"C:\\Windows\\System32\\svchost.exe","ProcessGuid":"{FEFE27D9-647E-2026-5023-4B8369C773D1}","ProcessId":5172,"CommandLine":"C:\\Windows\\System32\\svchost.exe","ParentImage":"C:\\Windows\\System32\\services.exe","ParentProcessGuid":"{48BBC1CC-119F-2026-1B64-C81950F32272}","OriginalFileName":"C:\\Windows\\System32\\svchost.exe"}
{"UtcTime":"2026-08-12 14:49:40.000","Computer":"CLM-MESA-014","User":"CLM\\ops","EventID":1,"Image":"C:\\Windows\\System32\\svchost.exe","ProcessGuid":"{F9E38924-2475-2026-B9A3-C82F7CF90AE8}","ProcessId":5094,"CommandLine":"C:\\Windows\\System32\\svchost.exe","ParentImage":"C:\\Windows\\System32\\services.exe","ParentProcessGuid":"{77AC6073-C8A2-2026-EB40-5053754D7F6B}","OriginalFileName":"C:\\Windows\\System32\\svchost.exe"}
{"UtcTime":"2026-08-12 14:49:41.000","Computer":"CLM-MESA-014","User":"CLM\\backoffice","EventID":5,"Image":"C:\\Windows\\explorer.exe","ProcessGuid":"{FE6A33C0-4A1D-2026-D288-2976F3153F3B}","ProcessId":6571,"EventType":"End"}
{"UtcTime":"2026-08-12 14:49:42.000","Computer":"CLM-MESA-014","User":"CLM\\mesa","EventID":5,"Image":"C:\\Windows\\System32\\conhost.exe","ProcessGuid":"{A8EF8885-CC8C-2026-2A0B-45D40B1CC7D6}","ProcessId":2793,"EventType":"End"}
{"UtcTime":"2026-08-12 14:49:43.000","Computer":"CLM-MESA-014","User":"CLM\\mesa","EventID":3,"Image":"C:\\Windows\\System32\\conhost.exe","ProcessGuid":"{58EECA87-52F0-2026-28A3-B2C2E9765D1B}","ProcessId":4582,"DestinationIp":"1.1.1.1","DestinationPort":53,"DestinationHostname":"ntp.clm.liquidacao","SourceIp":"10.70.30.14","Protocol":"tcp"}
{"UtcTime":"2026-08-12 14:49:44.000","Computer":"CLM-MESA-014","User":"CLM\\mesa","EventID":5,"Image":"C:\\Windows\\System32\\RuntimeBroker.exe","ProcessGuid":"{9EBFB3A6-1B31-2026-D744-F6F2B0B58BE4}","ProcessId":4649,"EventType":"End"}
{"UtcTime":"2026-08-12 14:49:45.000","Computer":"CLM-MESA-014","User":"CLM\\ops","EventID":3,"Image":"C:\\Windows\\System32\\svchost.exe","ProcessGuid":"{5C0A306D-8FC0-2026-6961-165B4F4C792A}","ProcessId":1384,"DestinationIp":"10.70.30.8","DestinationPort":8080,"DestinationHostname":"portal.clm.liquidacao","SourceIp":"10.70.30.14","Protocol":"tcp"}
{"UtcTime":"2026-08-12 14:49:46.000","Computer":"CLM-MESA-014","User":"CLM\\ops","EventID":1,"Image":"C:\\Program Files\\Microsoft Office\\Office16\\EXCEL.EXE","ProcessGuid":"{9B670D1D-0F5E-2026-828A-6A31FDDB6899}","ProcessId":4214,"CommandLine":"C:\\Program Files\\Microsoft Office\\Office16\\EXCEL.EXE","ParentImage":"C:\\Windows\\System32\\services.exe","ParentProcessGuid":"{BF9A0F9C-90E6-2026-C21A-65C0BE2EF759}","OriginalFileName":"C:\\Program Files\\Microsoft Office\\Office16\\EXCEL.EXE"}
{"UtcTime":"2026-08-12 14:49:47.000","Computer":"CLM-MESA-014","User":"CLM\\backoffice","EventID":1,"Image":"C:\\Program Files\\Microsoft Office\\Office16\\EXCEL.EXE","ProcessGuid":"{F436551A-2580-2026-7DC4-E784DA43FFC6}","ProcessId":1611,"CommandLine":"C:\\Program Files\\Microsoft Office\\Office16\\EXCEL.EXE","ParentImage":"C:\\Windows\\System32\\services.exe","ParentProcessGuid":"{A84742E8-3FC5-2026-6616-B719DF50BC8B}","OriginalFileName":"C:\\Program Files\\Microsoft Office\\Office16\\EXCEL.EXE"}
{"UtcTime":"2026-08-12 14:49:48.000","Computer":"CLM-MESA-014","User":"CLM\\ops","EventID":5,"Image":"C:\\Windows\\System32\\svchost.exe","ProcessGuid":"{192D7F4B-ACEB-2026-CE9A-62DAD95C0B5C}","ProcessId":2916,"EventType":"End"}
{"UtcTime":"2026-08-12 14:49:49.000","Computer":"CLM-MESA-014","User":"CLM\\ops","EventID":11,"Image":"C:\\Windows\\System32\\conhost.exe","ProcessGuid":"{C322185D-5BFE-2026-EB46-C37E01CFC9BC}","ProcessId":7565,"TargetFilename":"C:\\Users\\Public\\Temp\\mesa-2389.tmp"}
{"UtcTime":"2026-08-12 14:49:50.000","Computer":"CLM-MESA-014","User":"CLM\\ops","EventID":13,"Image":"C:\\Program Files\\Google\\Chrome\\Application\\chrome.exe","ProcessGuid":"{B3B41C00-B064-2026-C75C-868BE79679D8}","ProcessId":4701,"EventType":"SetValue","TargetObject":"HKCU\\Software\\CLM\\Mesa\\Pref\\2390","Details":"1"}
{"UtcTime":"2026-08-12 14:49:51.000","Computer":"CLM-MESA-014","User":"CLM\\backoffice","EventID":1,"Image":"C:\\Windows\\System32\\svchost.exe","ProcessGuid":"{C344959A-8783-2026-FCE2-2AC449E7C7C9}","ProcessId":4685,"CommandLine":"C:\\Windows\\System32\\svchost.exe","ParentImage":"C:\\Windows\\System32\\services.exe","ParentProcessGuid":"{EE754DD6-6955-2026-67C9-4322194C7749}","OriginalFileName":"C:\\Windows\\System32\\svchost.exe"}
{"UtcTime":"2026-08-12 14:49:52.000","Computer":"CLM-MESA-014","User":"CLM\\ops","EventID":1,"Image":"C:\\Program Files\\Microsoft Office\\Office16\\EXCEL.EXE","ProcessGuid":"{373EC346-573A-2026-ECE3-DA9DAC37CB09}","ProcessId":423,"CommandLine":"C:\\Program Files\\Microsoft Office\\Office16\\EXCEL.EXE","ParentImage":"C:\\Windows\\System32\\services.exe","ParentProcessGuid":"{31838C35-D7C9-2026-9C8D-21045FD29163}","OriginalFileName":"C:\\Program Files\\Microsoft Office\\Office16\\EXCEL.EXE"}
{"UtcTime":"2026-08-12 14:49:53.000","Computer":"CLM-MESA-014","User":"CLM\\mesa","EventID":13,"Image":"C:\\Windows\\System32\\svchost.exe","ProcessGuid":"{70114410-5676-2026-DE87-17642D9B5839}","ProcessId":2009,"EventType":"SetValue","TargetObject":"HKCU\\Software\\CLM\\Mesa\\Pref\\2393","Details":"1"}
{"UtcTime":"2026-08-12 14:49:54.000","Computer":"CLM-MESA-014","User":"CLM\\backoffice","EventID":1,"Image":"C:\\Windows\\System32\\svchost.exe","ProcessGuid":"{E11E1899-6BA5-2026-A655-B90957A9EBF6}","ProcessId":4257,"CommandLine":"C:\\Windows\\System32\\svchost.exe","ParentImage":"C:\\Windows\\System32\\services.exe","ParentProcessGuid":"{34DA29DC-8664-2026-78C6-15B2635A4AB4}","OriginalFileName":"C:\\Windows\\System32\\svchost.exe"}
{"UtcTime":"2026-08-12 14:49:55.000","Computer":"CLM-MESA-014","User":"CLM\\mesa","EventID":3,"Image":"C:\\Program Files\\Microsoft Office\\Office16\\EXCEL.EXE","ProcessGuid":"{CD74AAA5-42B2-2026-0DA0-0BE23B700EF3}","ProcessId":2572,"DestinationIp":"1.1.1.1","DestinationPort":135,"DestinationHostname":"portal.clm.liquidacao","SourceIp":"10.70.30.14","Protocol":"tcp"}
{"UtcTime":"2026-08-12 14:49:56.000","Computer":"CLM-MESA-014","User":"CLM\\ops","EventID":11,"Image":"C:\\Program Files\\Microsoft Office\\Office16\\EXCEL.EXE","ProcessGuid":"{42B5B7B1-2E84-2026-6A70-1EBBC942C875}","ProcessId":7999,"TargetFilename":"C:\\Users\\Public\\Temp\\mesa-2396.tmp"}
{"UtcTime":"2026-08-12 14:49:57.000","Computer":"CLM-MESA-014","User":"CLM\\mesa","EventID":3,"Image":"C:\\Program Files\\Microsoft Office\\Office16\\EXCEL.EXE","ProcessGuid":"{E44355BB-F265-2026-E7D5-9C25D62B11D1}","ProcessId":6416,"DestinationIp":"10.70.30.1","DestinationPort":135,"DestinationHostname":"portal.clm.liquidacao","SourceIp":"10.70.30.14","Protocol":"tcp"}
{"UtcTime":"2026-08-12 14:49:58.000","Computer":"CLM-MESA-014","User":"CLM\\backoffice","EventID":1,"Image":"C:\\Windows\\System32\\RuntimeBroker.exe","ProcessGuid":"{7376B7EE-8051-2026-1E95-3312BA607DD9}","ProcessId":1795,"CommandLine":"C:\\Windows\\System32\\RuntimeBroker.exe","ParentImage":"C:\\Windows\\System32\\services.exe","ParentProcessGuid":"{6C46CBFD-CF80-2026-1E80-1FDEA63294FA}","OriginalFileName":"C:\\Windows\\System32\\RuntimeBroker.exe"}
{"UtcTime":"2026-08-12 14:49:59.000","Computer":"CLM-MESA-014","User":"CLM\\backoffice","EventID":11,"Image":"C:\\Windows\\System32\\svchost.exe","ProcessGuid":"{7AAFAF8D-5758-2026-D3FB-9A6C3EC2B736}","ProcessId":7525,"TargetFilename":"C:\\Users\\Public\\Temp\\mesa-2399.tmp"}
{"UtcTime":"2026-08-12 14:50:00.000","Computer":"CLM-MESA-014","User":"CLM\\mesa","EventID":1,"Image":"C:\\Windows\\explorer.exe","ProcessGuid":"{EB03DB08-7682-2026-E6D8-C1F0D3AE7AD8}","ProcessId":1770,"CommandLine":"C:\\Windows\\explorer.exe","ParentImage":"C:\\Windows\\System32\\services.exe","ParentProcessGuid":"{BBBD8585-F06C-2026-83E2-3B59B6AD98EC}","OriginalFileName":"C:\\Windows\\explorer.exe"}
{"UtcTime":"2026-08-12 14:50:01.000","Computer":"CLM-MESA-014","User":"CLM\\backoffice","EventID":1,"Image":"C:\\Windows\\explorer.exe","ProcessGuid":"{14C15EEC-58D3-2026-C5B3-101517F614E8}","ProcessId":4556,"CommandLine":"C:\\Windows\\explorer.exe","ParentImage":"C:\\Windows\\System32\\services.exe","ParentProcessGuid":"{4CC64D4B-7524-2026-6440-7E0316A7751F}","OriginalFileName":"C:\\Windows\\explorer.exe"}
{"UtcTime":"2026-08-12 14:50:02.000","Computer":"CLM-MESA-014","User":"CLM\\backoffice","EventID":13,"Image":"C:\\Program Files\\Microsoft Office\\Office16\\EXCEL.EXE","ProcessGuid":"{6711CE23-DA2F-2026-53A3-1F4598B4298B}","ProcessId":4640,"EventType":"SetValue","TargetObject":"HKCU\\Software\\CLM\\Mesa\\Pref\\2402","Details":"1"}
{"UtcTime":"2026-08-12 14:50:03.000","Computer":"CLM-MESA-014","User":"CLM\\backoffice","EventID":13,"Image":"C:\\Windows\\System32\\conhost.exe","ProcessGuid":"{9CCB33AD-781B-2026-CBEE-ED3E5C3C8FA7}","ProcessId":5768,"EventType":"SetValue","TargetObject":"HKCU\\Software\\CLM\\Mesa\\Pref\\2403","Details":"1"}
{"UtcTime":"2026-08-12 14:50:04.000","Computer":"CLM-MESA-014","User":"CLM\\mesa","EventID":11,"Image":"C:\\Windows\\System32\\RuntimeBroker.exe","ProcessGuid":"{31C21D8D-60C0-2026-4B04-A9C590B48BCA}","ProcessId":4347,"TargetFilename":"C:\\Users\\Public\\Temp\\mesa-2404.tmp"}
{"UtcTime":"2026-08-12 14:50:05.000","Computer":"CLM-MESA-014","User":"CLM\\mesa","EventID":13,"Image":"C:\\Program Files\\Microsoft Office\\Office16\\EXCEL.EXE","ProcessGuid":"{41D28113-8628-2026-A146-9994D7E38666}","ProcessId":6928,"EventType":"SetValue","TargetObject":"HKCU\\Software\\CLM\\Mesa\\Pref\\2405","Details":"1"}
{"UtcTime":"2026-08-12 14:50:06.000","Computer":"CLM-MESA-014","User":"CLM\\backoffice","EventID":13,"Image":"C:\\Windows\\explorer.exe","ProcessGuid":"{FA2142B1-37E2-2026-E33A-2AFA634C98C9}","ProcessId":3653,"EventType":"SetValue","TargetObject":"HKCU\\Software\\CLM\\Mesa\\Pref\\2406","Details":"1"}
{"UtcTime":"2026-08-12 14:50:07.000","Computer":"CLM-MESA-014","User":"CLM\\backoffice","EventID":5,"Image":"C:\\Windows\\System32\\conhost.exe","ProcessGuid":"{26646A26-20F4-2026-B29B-F82E3CA0917D}","ProcessId":3718,"EventType":"End"}
{"UtcTime":"2026-08-12 14:50:08.000","Computer":"CLM-MESA-014","User":"CLM\\mesa","EventID":5,"Image":"C:\\Program Files\\Google\\Chrome\\Application\\chrome.exe","ProcessGuid":"{C13140C0-C6F8-2026-9614-D52F4BEF671F}","ProcessId":5353,"EventType":"End"}
{"UtcTime":"2026-08-12 14:50:09.000","Computer":"CLM-MESA-014","User":"CLM\\mesa","EventID":5,"Image":"C:\\Program Files\\Google\\Chrome\\Application\\chrome.exe","ProcessGuid":"{E831436B-0436-2026-B96E-E272F0013018}","ProcessId":7061,"EventType":"End"}
{"UtcTime":"2026-08-12 14:50:10.000","Computer":"CLM-MESA-014","User":"CLM\\mesa","EventID":5,"Image":"C:\\Program Files\\Google\\Chrome\\Application\\chrome.exe","ProcessGuid":"{D9E90719-5F85-2026-CC3F-F72AE1857AAF}","ProcessId":2299,"EventType":"End"}
{"UtcTime":"2026-08-12 14:50:11.000","Computer":"CLM-MESA-014","User":"CLM\\mesa","EventID":3,"Image":"C:\\Windows\\explorer.exe","ProcessGuid":"{9EC346D5-FFC1-2026-BA02-4AEA9BAC5407}","ProcessId":3015,"DestinationIp":"8.8.8.8","DestinationPort":8080,"DestinationHostname":"portal.clm.liquidacao","SourceIp":"10.70.30.14","Protocol":"tcp"}
{"UtcTime":"2026-08-12 14:50:12.000","Computer":"CLM-MESA-014","User":"CLM\\backoffice","EventID":5,"Image":"C:\\Windows\\System32\\conhost.exe","ProcessGuid":"{3E6FE22A-2BA3-2026-04CB-9B4C073B314A}","ProcessId":3401,"EventType":"End"}
{"UtcTime":"2026-08-12 14:50:13.000","Computer":"CLM-MESA-014","User":"CLM\\mesa","EventID":5,"Image":"C:\\Windows\\System32\\conhost.exe","ProcessGuid":"{8B5B4826-5743-2026-C306-376ECB16D0ED}","ProcessId":8813,"EventType":"End"}
{"UtcTime":"2026-08-12 14:50:14.000","Computer":"CLM-MESA-014","User":"CLM\\ops","EventID":1,"Image":"C:\\Windows\\System32\\conhost.exe","ProcessGuid":"{D8B039D1-A602-2026-DA3A-13C969D3C227}","ProcessId":1967,"CommandLine":"C:\\Windows\\System32\\conhost.exe","ParentImage":"C:\\Windows\\System32\\services.exe","ParentProcessGuid":"{EEBD0B63-349C-2026-5A69-25F4456E24FF}","OriginalFileName":"C:\\Windows\\System32\\conhost.exe"}
{"UtcTime":"2026-08-12 14:50:15.000","Computer":"CLM-MESA-014","User":"CLM\\ops","EventID":13,"Image":"C:\\Windows\\System32\\RuntimeBroker.exe","ProcessGuid":"{C87FC777-25D9-2026-BD32-58C7F3A90E4A}","ProcessId":2467,"EventType":"SetValue","TargetObject":"HKCU\\Software\\CLM\\Mesa\\Pref\\2415","Details":"1"}
{"UtcTime":"2026-08-12 14:50:16.000","Computer":"CLM-MESA-014","User":"CLM\\ops","EventID":11,"Image":"C:\\Program Files\\Google\\Chrome\\Application\\chrome.exe","ProcessGuid":"{12340A12-E0BF-2026-00FC-7876F0B6F9AD}","ProcessId":5712,"TargetFilename":"C:\\Users\\Public\\Temp\\mesa-2416.tmp"}
{"UtcTime":"2026-08-12 14:50:17.000","Computer":"CLM-MESA-014","User":"CLM\\mesa","EventID":3,"Image":"C:\\Windows\\explorer.exe","ProcessGuid":"{05765435-96A6-2026-70F5-6550F2402144}","ProcessId":1999,"DestinationIp":"10.70.30.8","DestinationPort":8080,"DestinationHostname":"portal.clm.liquidacao","SourceIp":"10.70.30.14","Protocol":"tcp"}
{"UtcTime":"2026-08-12 14:50:18.000","Computer":"CLM-MESA-014","User":"CLM\\ops","EventID":13,"Image":"C:\\Windows\\explorer.exe","ProcessGuid":"{6878FB02-D1D8-2026-21FE-2F792E487C4F}","ProcessId":5869,"EventType":"SetValue","TargetObject":"HKCU\\Software\\CLM\\Mesa\\Pref\\2418","Details":"1"}
{"UtcTime":"2026-08-12 14:50:19.000","Computer":"CLM-MESA-014","User":"CLM\\mesa","EventID":1,"Image":"C:\\Windows\\explorer.exe","ProcessGuid":"{9A46C002-5D64-2026-147B-F8C63C450C5E}","ProcessId":2839,"CommandLine":"C:\\Windows\\explorer.exe","ParentImage":"C:\\Windows\\System32\\services.exe","ParentProcessGuid":"{BFA84616-8B41-2026-8A36-2C33F7D1060A}","OriginalFileName":"C:\\Windows\\explorer.exe"}
{"UtcTime":"2026-08-12 14:50:20.000","Computer":"CLM-MESA-014","User":"CLM\\backoffice","EventID":3,"Image":"C:\\Windows\\explorer.exe","ProcessGuid":"{090E9265-0CCF-2026-44EE-68C85D354D25}","ProcessId":3031,"DestinationIp":"10.70.30.1","DestinationPort":443,"DestinationHostname":"ntp.clm.liquidacao","SourceIp":"10.70.30.14","Protocol":"tcp"}
{"UtcTime":"2026-08-12 14:50:21.000","Computer":"CLM-MESA-014","User":"CLM\\backoffice","EventID":1,"Image":"C:\\Program Files\\Microsoft Office\\Office16\\EXCEL.EXE","ProcessGuid":"{651772A6-D4CE-2026-3166-5EE465BDB05F}","ProcessId":3145,"CommandLine":"C:\\Program Files\\Microsoft Office\\Office16\\EXCEL.EXE","ParentImage":"C:\\Windows\\System32\\services.exe","ParentProcessGuid":"{14883AF6-074E-2026-3114-301A7505B3EA}","OriginalFileName":"C:\\Program Files\\Microsoft Office\\Office16\\EXCEL.EXE"}
{"UtcTime":"2026-08-12 14:50:22.000","Computer":"CLM-MESA-014","User":"CLM\\ops","EventID":1,"Image":"C:\\Windows\\System32\\RuntimeBroker.exe","ProcessGuid":"{45DB44C4-2E14-2026-D40B-A857D60F3A8A}","ProcessId":2351,"CommandLine":"C:\\Windows\\System32\\RuntimeBroker.exe","ParentImage":"C:\\Windows\\System32\\services.exe","ParentProcessGuid":"{8FF3DA89-33C9-2026-5429-3DAF51404341}","OriginalFileName":"C:\\Windows\\System32\\RuntimeBroker.exe"}
{"UtcTime":"2026-08-12 14:50:23.000","Computer":"CLM-MESA-014","User":"CLM\\ops","EventID":1,"Image":"C:\\Windows\\System32\\conhost.exe","ProcessGuid":"{972998BF-67A6-2026-3989-095FB07B52C5}","ProcessId":5023,"CommandLine":"C:\\Windows\\System32\\conhost.exe","ParentImage":"C:\\Windows\\System32\\services.exe","ParentProcessGuid":"{665D0F33-A35A-2026-E594-A6D912607F7A}","OriginalFileName":"C:\\Windows\\System32\\conhost.exe"}
{"UtcTime":"2026-08-12 14:50:24.000","Computer":"CLM-MESA-014","User":"CLM\\backoffice","EventID":11,"Image":"C:\\Windows\\System32\\RuntimeBroker.exe","ProcessGuid":"{A537E87A-BD1E-2026-DB93-4437ADD27002}","ProcessId":8687,"TargetFilename":"C:\\Users\\Public\\Temp\\mesa-2424.tmp"}
{"UtcTime":"2026-08-12 14:50:25.000","Computer":"CLM-MESA-014","User":"CLM\\ops","EventID":5,"Image":"C:\\Windows\\System32\\RuntimeBroker.exe","ProcessGuid":"{F4B40547-2DB7-2026-15FB-99D4628049C7}","ProcessId":4186,"EventType":"End"}
{"UtcTime":"2026-08-12 14:50:26.000","Computer":"CLM-MESA-014","User":"CLM\\ops","EventID":3,"Image":"C:\\Windows\\System32\\RuntimeBroker.exe","ProcessGuid":"{0FB8F314-69D9-2026-5960-A162AD37AC72}","ProcessId":8843,"DestinationIp":"1.1.1.1","DestinationPort":53,"DestinationHostname":"ntp.clm.liquidacao","SourceIp":"10.70.30.14","Protocol":"tcp"}
{"UtcTime":"2026-08-12 14:50:27.000","Computer":"CLM-MESA-014","User":"CLM\\mesa","EventID":5,"Image":"C:\\Windows\\explorer.exe","ProcessGuid":"{349522A3-0558-2026-3CA2-4AEC1919D153}","ProcessId":1865,"EventType":"End"}
{"UtcTime":"2026-08-12 14:50:28.000","Computer":"CLM-MESA-014","User":"CLM\\mesa","EventID":1,"Image":"C:\\Windows\\explorer.exe","ProcessGuid":"{FFDF341D-7F36-2026-B6BF-2E04D3E5C081}","ProcessId":3459,"CommandLine":"C:\\Windows\\explorer.exe","ParentImage":"C:\\Windows\\System32\\services.exe","ParentProcessGuid":"{F076C9AA-C08C-2026-B1E7-EA9A8446A670}","OriginalFileName":"C:\\Windows\\explorer.exe"}
{"UtcTime":"2026-08-12 14:50:29.000","Computer":"CLM-MESA-014","User":"CLM\\mesa","EventID":5,"Image":"C:\\Program Files\\Microsoft Office\\Office16\\EXCEL.EXE","ProcessGuid":"{FF777184-5B18-2026-41BA-2ED5AC81AC67}","ProcessId":5273,"EventType":"End"}
{"UtcTime":"2026-08-12 14:50:30.000","Computer":"CLM-MESA-014","User":"CLM\\mesa","EventID":13,"Image":"C:\\Windows\\System32\\RuntimeBroker.exe","ProcessGuid":"{489E264E-75F0-2026-30BD-C97859E1C127}","ProcessId":3186,"EventType":"SetValue","TargetObject":"HKCU\\Software\\CLM\\Mesa\\Pref\\2430","Details":"1"}
{"UtcTime":"2026-08-12 14:50:31.000","Computer":"CLM-MESA-014","User":"CLM\\ops","EventID":1,"Image":"C:\\Windows\\System32\\svchost.exe","ProcessGuid":"{87FFB107-C908-2026-EA49-CE59BCDD330E}","ProcessId":5503,"CommandLine":"C:\\Windows\\System32\\svchost.exe","ParentImage":"C:\\Windows\\System32\\services.exe","ParentProcessGuid":"{3597C7F9-9560-2026-D796-DD8CEA2760F8}","OriginalFileName":"C:\\Windows\\System32\\svchost.exe"}
{"UtcTime":"2026-08-12 14:50:32.000","Computer":"CLM-MESA-014","User":"CLM\\mesa","EventID":1,"Image":"C:\\Windows\\explorer.exe","ProcessGuid":"{34E45367-4641-2026-8E21-7D2B3AED25F3}","ProcessId":3820,"CommandLine":"C:\\Windows\\explorer.exe","ParentImage":"C:\\Windows\\System32\\services.exe","ParentProcessGuid":"{5B1282F9-72D7-2026-66B3-C268BD224794}","OriginalFileName":"C:\\Windows\\explorer.exe"}
{"UtcTime":"2026-08-12 14:50:33.000","Computer":"CLM-MESA-014","User":"CLM\\backoffice","EventID":5,"Image":"C:\\Program Files\\Microsoft Office\\Office16\\EXCEL.EXE","ProcessGuid":"{C8DD283C-97E0-2026-6938-1680E1D729FC}","ProcessId":7212,"EventType":"End"}
{"UtcTime":"2026-08-12 14:50:34.000","Computer":"CLM-MESA-014","User":"CLM\\mesa","EventID":11,"Image":"C:\\Windows\\System32\\RuntimeBroker.exe","ProcessGuid":"{6D8C34D9-0DD5-2026-098F-4C5DCD570C95}","ProcessId":2085,"TargetFilename":"C:\\Users\\Public\\Temp\\mesa-2434.tmp"}
{"UtcTime":"2026-08-12 14:50:35.000","Computer":"CLM-MESA-014","User":"CLM\\ops","EventID":3,"Image":"C:\\Windows\\explorer.exe","ProcessGuid":"{D25EFA4F-5429-2026-F9B8-F674F8E2521C}","ProcessId":7787,"DestinationIp":"8.8.8.8","DestinationPort":443,"DestinationHostname":"ntp.clm.liquidacao","SourceIp":"10.70.30.14","Protocol":"tcp"}
{"UtcTime":"2026-08-12 14:50:36.000","Computer":"CLM-MESA-014","User":"CLM\\mesa","EventID":1,"Image":"C:\\Windows\\explorer.exe","ProcessGuid":"{CE874C95-964F-2026-2743-A6C900CC20C0}","ProcessId":1406,"CommandLine":"C:\\Windows\\explorer.exe","ParentImage":"C:\\Windows\\System32\\services.exe","ParentProcessGuid":"{943B1C85-D573-2026-CBAC-80D482632CA0}","OriginalFileName":"C:\\Windows\\explorer.exe"}
{"UtcTime":"2026-08-12 14:50:37.000","Computer":"CLM-MESA-014","User":"CLM\\backoffice","EventID":1,"Image":"C:\\Windows\\System32\\conhost.exe","ProcessGuid":"{50EFE5C0-7427-2026-AB44-EAE6728FC5D8}","ProcessId":7811,"CommandLine":"C:\\Windows\\System32\\conhost.exe","ParentImage":"C:\\Windows\\System32\\services.exe","ParentProcessGuid":"{86925F4C-24B4-2026-6885-C0C7289D69B3}","OriginalFileName":"C:\\Windows\\System32\\conhost.exe"}
{"UtcTime":"2026-08-12 14:50:38.000","Computer":"CLM-MESA-014","User":"CLM\\mesa","EventID":11,"Image":"C:\\Program Files\\Microsoft Office\\Office16\\EXCEL.EXE","ProcessGuid":"{5BB43C89-5004-2026-7A3E-FBB97B6094E1}","ProcessId":6223,"TargetFilename":"C:\\Users\\Public\\Temp\\mesa-2438.tmp"}
{"UtcTime":"2026-08-12 14:50:39.000","Computer":"CLM-MESA-014","User":"CLM\\backoffice","EventID":11,"Image":"C:\\Windows\\System32\\conhost.exe","ProcessGuid":"{1235ADBD-0D9F-2026-4358-6BF37A206682}","ProcessId":1960,"TargetFilename":"C:\\Users\\Public\\Temp\\mesa-2439.tmp"}
{"UtcTime":"2026-08-12 14:50:40.000","Computer":"CLM-MESA-014","User":"CLM\\mesa","EventID":11,"Image":"C:\\Windows\\explorer.exe","ProcessGuid":"{D108392F-0499-2026-826D-CCE005E92D9B}","ProcessId":7865,"TargetFilename":"C:\\Users\\Public\\Temp\\mesa-2440.tmp"}
{"UtcTime":"2026-08-12 14:50:41.000","Computer":"CLM-MESA-014","User":"CLM\\ops","EventID":11,"Image":"C:\\Windows\\System32\\svchost.exe","ProcessGuid":"{FA50A59A-BDA9-2026-2E3C-60AC6433F12F}","ProcessId":4787,"TargetFilename":"C:\\Users\\Public\\Temp\\mesa-2441.tmp"}
{"UtcTime":"2026-08-12 14:50:42.000","Computer":"CLM-MESA-014","User":"CLM\\ops","EventID":13,"Image":"C:\\Windows\\System32\\RuntimeBroker.exe","ProcessGuid":"{9A6D4035-42A3-2026-C981-E7F115FA28F4}","ProcessId":3520,"EventType":"SetValue","TargetObject":"HKCU\\Software\\CLM\\Mesa\\Pref\\2442","Details":"1"}
{"UtcTime":"2026-08-12 14:50:43.000","Computer":"CLM-MESA-014","User":"CLM\\backoffice","EventID":1,"Image":"C:\\Program Files\\Microsoft Office\\Office16\\EXCEL.EXE","ProcessGuid":"{02068C64-B188-2026-918A-3608E5E5BD9C}","ProcessId":7750,"CommandLine":"C:\\Program Files\\Microsoft Office\\Office16\\EXCEL.EXE","ParentImage":"C:\\Windows\\System32\\services.exe","ParentProcessGuid":"{A16A1FC1-CF54-2026-7E88-582F40596F95}","OriginalFileName":"C:\\Program Files\\Microsoft Office\\Office16\\EXCEL.EXE"}
{"UtcTime":"2026-08-12 14:50:44.000","Computer":"CLM-MESA-014","User":"CLM\\backoffice","EventID":13,"Image":"C:\\Windows\\System32\\RuntimeBroker.exe","ProcessGuid":"{FEA5503F-943C-2026-BE6E-6455C61EC508}","ProcessId":2267,"EventType":"SetValue","TargetObject":"HKCU\\Software\\CLM\\Mesa\\Pref\\2444","Details":"1"}
{"UtcTime":"2026-08-12 14:50:45.000","Computer":"CLM-MESA-014","User":"CLM\\ops","EventID":13,"Image":"C:\\Windows\\explorer.exe","ProcessGuid":"{9E7C3D9B-8625-2026-E93E-9454F4F5250C}","ProcessId":8194,"EventType":"SetValue","TargetObject":"HKCU\\Software\\CLM\\Mesa\\Pref\\2445","Details":"1"}
{"UtcTime":"2026-08-12 14:50:46.000","Computer":"CLM-MESA-014","User":"CLM\\ops","EventID":11,"Image":"C:\\Program Files\\Microsoft Office\\Office16\\EXCEL.EXE","ProcessGuid":"{7F77E77D-25A3-2026-4ED5-FB4F71C556C5}","ProcessId":2679,"TargetFilename":"C:\\Users\\Public\\Temp\\mesa-2446.tmp"}
{"UtcTime":"2026-08-12 14:50:47.000","Computer":"CLM-MESA-014","User":"CLM\\ops","EventID":3,"Image":"C:\\Windows\\System32\\conhost.exe","ProcessGuid":"{FFB7F766-2343-2026-EDD9-67BFC4D557A1}","ProcessId":1492,"DestinationIp":"1.1.1.1","DestinationPort":53,"DestinationHostname":"portal.clm.liquidacao","SourceIp":"10.70.30.14","Protocol":"tcp"}
{"UtcTime":"2026-08-12 14:50:48.000","Computer":"CLM-MESA-014","User":"CLM\\backoffice","EventID":11,"Image":"C:\\Windows\\explorer.exe","ProcessGuid":"{C6FF1E82-3AA1-2026-ECB6-2BEE8E45AA01}","ProcessId":3742,"TargetFilename":"C:\\Users\\Public\\Temp\\mesa-2448.tmp"}
{"UtcTime":"2026-08-12 14:50:49.000","Computer":"CLM-MESA-014","User":"CLM\\backoffice","EventID":3,"Image":"C:\\Program Files\\Microsoft Office\\Office16\\EXCEL.EXE","ProcessGuid":"{6DD5AB0F-DD98-2026-BF1B-EC0F5B328242}","ProcessId":5578,"DestinationIp":"10.70.30.1","DestinationPort":135,"DestinationHostname":"portal.clm.liquidacao","SourceIp":"10.70.30.14","Protocol":"tcp"}
{"UtcTime":"2026-08-12 14:50:50.000","Computer":"CLM-MESA-014","User":"CLM\\backoffice","EventID":1,"Image":"C:\\Windows\\System32\\conhost.exe","ProcessGuid":"{6D04B705-B5E2-2026-E2D2-CE98C9BB8B8D}","ProcessId":946,"CommandLine":"C:\\Windows\\System32\\conhost.exe","ParentImage":"C:\\Windows\\System32\\services.exe","ParentProcessGuid":"{5DF71698-2E7E-2026-B8EB-983189CB0BAA}","OriginalFileName":"C:\\Windows\\System32\\conhost.exe"}
{"UtcTime":"2026-08-12 14:50:51.000","Computer":"CLM-MESA-014","User":"CLM\\ops","EventID":13,"Image":"C:\\Windows\\explorer.exe","ProcessGuid":"{2009FD66-79B8-2026-1B03-ABD28F520699}","ProcessId":6862,"EventType":"SetValue","TargetObject":"HKCU\\Software\\CLM\\Mesa\\Pref\\2451","Details":"1"}
{"UtcTime":"2026-08-12 14:50:52.000","Computer":"CLM-MESA-014","User":"CLM\\ops","EventID":5,"Image":"C:\\Windows\\System32\\conhost.exe","ProcessGuid":"{31D3D1EA-56FB-2026-8421-44FC19D36200}","ProcessId":6001,"EventType":"End"}
{"UtcTime":"2026-08-12 14:50:53.000","Computer":"CLM-MESA-014","User":"CLM\\mesa","EventID":1,"Image":"C:\\Program Files\\Google\\Chrome\\Application\\chrome.exe","ProcessGuid":"{03FB778C-A81E-2026-30D4-093D1D11D867}","ProcessId":1871,"CommandLine":"C:\\Program Files\\Google\\Chrome\\Application\\chrome.exe","ParentImage":"C:\\Windows\\System32\\services.exe","ParentProcessGuid":"{302C92F2-2107-2026-B7C7-D5B22DBCDD12}","OriginalFileName":"C:\\Program Files\\Google\\Chrome\\Application\\chrome.exe"}
{"UtcTime":"2026-08-12 14:50:54.000","Computer":"CLM-MESA-014","User":"CLM\\ops","EventID":1,"Image":"C:\\Windows\\System32\\svchost.exe","ProcessGuid":"{D7411CE5-26CF-2026-CEF3-AB737BA8CD8A}","ProcessId":5826,"CommandLine":"C:\\Windows\\System32\\svchost.exe","ParentImage":"C:\\Windows\\System32\\services.exe","ParentProcessGuid":"{60C71CFD-980C-2026-EF9C-D329C80692FF}","OriginalFileName":"C:\\Windows\\System32\\svchost.exe"}
{"UtcTime":"2026-08-12 14:50:55.000","Computer":"CLM-MESA-014","User":"CLM\\ops","EventID":3,"Image":"C:\\Windows\\System32\\svchost.exe","ProcessGuid":"{319A2C80-73CC-2026-7D3C-EB511057FADE}","ProcessId":3033,"DestinationIp":"8.8.8.8","DestinationPort":53,"DestinationHostname":"portal.clm.liquidacao","SourceIp":"10.70.30.14","Protocol":"tcp"}
{"UtcTime":"2026-08-12 14:50:56.000","Computer":"CLM-MESA-014","User":"CLM\\backoffice","EventID":1,"Image":"C:\\Program Files\\Google\\Chrome\\Application\\chrome.exe","ProcessGuid":"{E42C7EAA-C53E-2026-296C-1D6939E93AB0}","ProcessId":3178,"CommandLine":"C:\\Program Files\\Google\\Chrome\\Application\\chrome.exe","ParentImage":"C:\\Windows\\System32\\services.exe","ParentProcessGuid":"{B8250094-AA14-2026-B952-C1D797C462D3}","OriginalFileName":"C:\\Program Files\\Google\\Chrome\\Application\\chrome.exe"}
{"UtcTime":"2026-08-12 14:50:57.000","Computer":"CLM-MESA-014","User":"CLM\\ops","EventID":1,"Image":"C:\\Program Files\\Google\\Chrome\\Application\\chrome.exe","ProcessGuid":"{0544C765-9CFA-2026-85E9-BBD30A10A05F}","ProcessId":422,"CommandLine":"C:\\Program Files\\Google\\Chrome\\Application\\chrome.exe","ParentImage":"C:\\Windows\\System32\\services.exe","ParentProcessGuid":"{FBDBFA0F-95D6-2026-A80A-3656E474829E}","OriginalFileName":"C:\\Program Files\\Google\\Chrome\\Application\\chrome.exe"}
{"UtcTime":"2026-08-12 14:50:58.000","Computer":"CLM-MESA-014","User":"CLM\\mesa","EventID":1,"Image":"C:\\Program Files\\Microsoft Office\\Office16\\EXCEL.EXE","ProcessGuid":"{F25CCC08-7977-2026-85AF-1D692DF52F9B}","ProcessId":2358,"CommandLine":"C:\\Program Files\\Microsoft Office\\Office16\\EXCEL.EXE","ParentImage":"C:\\Windows\\System32\\services.exe","ParentProcessGuid":"{5612E3F1-5DAB-2026-8668-023FF59BE469}","OriginalFileName":"C:\\Program Files\\Microsoft Office\\Office16\\EXCEL.EXE"}
{"UtcTime":"2026-08-12 14:50:59.000","Computer":"CLM-MESA-014","User":"CLM\\mesa","EventID":3,"Image":"C:\\Windows\\System32\\RuntimeBroker.exe","ProcessGuid":"{A8376A8F-D4E8-2026-7EB0-B825DEB6466B}","ProcessId":7510,"DestinationIp":"10.70.30.1","DestinationPort":53,"DestinationHostname":"ntp.clm.liquidacao","SourceIp":"10.70.30.14","Protocol":"tcp"}
{"UtcTime":"2026-08-12 14:51:00.000","Computer":"CLM-MESA-014","User":"CLM\\ops","EventID":5,"Image":"C:\\Windows\\explorer.exe","ProcessGuid":"{1E909193-A8ED-2026-FFA6-059DBD681C25}","ProcessId":5400,"EventType":"End"}
{"UtcTime":"2026-08-12 14:51:01.000","Computer":"CLM-MESA-014","User":"CLM\\mesa","EventID":13,"Image":"C:\\Program Files\\Microsoft Office\\Office16\\EXCEL.EXE","ProcessGuid":"{B7BEBE07-4565-2026-9629-F64EB37DA6D9}","ProcessId":2044,"EventType":"SetValue","TargetObject":"HKCU\\Software\\CLM\\Mesa\\Pref\\2461","Details":"1"}
{"UtcTime":"2026-08-12 14:51:02.000","Computer":"CLM-MESA-014","User":"CLM\\mesa","EventID":1,"Image":"C:\\Program Files\\Google\\Chrome\\Application\\chrome.exe","ProcessGuid":"{6F83FF28-1276-2026-C38F-D9AD009D0CA9}","ProcessId":2328,"CommandLine":"C:\\Program Files\\Google\\Chrome\\Application\\chrome.exe","ParentImage":"C:\\Windows\\System32\\services.exe","ParentProcessGuid":"{50B7141E-0E70-2026-60DA-527D1C4E6DC2}","OriginalFileName":"C:\\Program Files\\Google\\Chrome\\Application\\chrome.exe"}
{"UtcTime":"2026-08-12 14:51:03.000","Computer":"CLM-MESA-014","User":"CLM\\backoffice","EventID":5,"Image":"C:\\Windows\\System32\\svchost.exe","ProcessGuid":"{290AA5A5-797D-2026-CD75-A228D81712F5}","ProcessId":5183,"EventType":"End"}
{"UtcTime":"2026-08-12 14:51:04.000","Computer":"CLM-MESA-014","User":"CLM\\mesa","EventID":1,"Image":"C:\\Windows\\explorer.exe","ProcessGuid":"{A74A3F63-3C7A-2026-ECE4-F5509E07BDE2}","ProcessId":1949,"CommandLine":"C:\\Windows\\explorer.exe","ParentImage":"C:\\Windows\\System32\\services.exe","ParentProcessGuid":"{3DBF0CDA-6249-2026-4BF9-64BB4D3AD5F8}","OriginalFileName":"C:\\Windows\\explorer.exe"}
{"UtcTime":"2026-08-12 14:51:05.000","Computer":"CLM-MESA-014","User":"CLM\\mesa","EventID":11,"Image":"C:\\Windows\\System32\\conhost.exe","ProcessGuid":"{8D0B094F-188A-2026-9758-1E00735864E8}","ProcessId":6024,"TargetFilename":"C:\\Users\\Public\\Temp\\mesa-2465.tmp"}
{"UtcTime":"2026-08-12 14:51:06.000","Computer":"CLM-MESA-014","User":"CLM\\backoffice","EventID":13,"Image":"C:\\Windows\\System32\\RuntimeBroker.exe","ProcessGuid":"{B2380785-046B-2026-58BE-512C9D8F28FC}","ProcessId":8242,"EventType":"SetValue","TargetObject":"HKCU\\Software\\CLM\\Mesa\\Pref\\2466","Details":"1"}
{"UtcTime":"2026-08-12 14:51:07.000","Computer":"CLM-MESA-014","User":"CLM\\backoffice","EventID":5,"Image":"C:\\Program Files\\Google\\Chrome\\Application\\chrome.exe","ProcessGuid":"{B7BCA4A9-F5E2-2026-B7B5-29AC05DC139F}","ProcessId":2138,"EventType":"End"}
{"UtcTime":"2026-08-12 14:51:08.000","Computer":"CLM-MESA-014","User":"CLM\\backoffice","EventID":1,"Image":"C:\\Windows\\explorer.exe","ProcessGuid":"{5DF4EDCF-8DE4-2026-DEC2-5EE32AC8C10D}","ProcessId":8110,"CommandLine":"C:\\Windows\\explorer.exe","ParentImage":"C:\\Windows\\System32\\services.exe","ParentProcessGuid":"{2E66F702-426E-2026-5B58-FF62DE1C7DA9}","OriginalFileName":"C:\\Windows\\explorer.exe"}
