{"UtcTime":"2026-08-12 15:07:05.000","Computer":"CLM-MESA-014","User":"CLM\\ops","EventID":11,"Image":"C:\\Windows\\System32\\svchost.exe","ProcessGuid":"{1C3FF4FF-0FEA-2026-4EDE-0DC34E89FC71}","ProcessId":7634,"TargetFilename":"C:\\Users\\Public\\Temp\\mesa-3425.tmp"}
{"UtcTime":"2026-08-12 15:07:06.000","Computer":"CLM-MESA-014","User":"CLM\\mesa","EventID":11,"Image":"C:\\Windows\\explorer.exe","ProcessGuid":"{C525064C-45F0-2026-A680-70408216D6EC}","ProcessId":1910,"TargetFilename":"C:\\Users\\Public\\Temp\\mesa-3426.tmp"}
{"UtcTime":"2026-08-12 15:07:07.000","Computer":"CLM-MESA-014","User":"CLM\\backoffice","EventID":1,"Image":"C:\\Windows\\System32\\RuntimeBroker.exe","ProcessGuid":"{F687C8E4-F3F0-2026-B884-529FB164A149}","ProcessId":7021,"CommandLine":"C:\\Windows\\System32\\RuntimeBroker.exe","ParentImage":"C:\\Windows\\System32\\services.exe","ParentProcessGuid":"{9B3217B4-347C-2026-971C-48569CD0B985}","OriginalFileName":"C:\\Windows\\System32\\RuntimeBroker.exe"}
{"UtcTime":"2026-08-12 15:07:08.000","Computer":"CLM-MESA-014","User":"CLM\\mesa","EventID":13,"Image":"C:\\Windows\\System32\\conhost.exe","ProcessGuid":"{F092D3FA-D4B3-2026-1CD1-9D8C866647AA}","ProcessId":636,"EventType":"SetValue","TargetObject":"HKCU\\Software\\CLM\\Mesa\\Pref\\3428","Details":"1"}
{"UtcTime":"2026-08-12 15:07:09.000","Computer":"CLM-MESA-014","User":"CLM\\backoffice","EventID":11,"Image":"C:\\Program Files\\Google\\Chrome\\Application\\chrome.exe","ProcessGuid":"{B19BCB41-6E62-2026-C787-A4419AA9DEF2}","ProcessId":6792,"TargetFilename":"C:\\Users\\Public\\Temp\\mesa-3429.tmp"}
{"UtcTime":"2026-08-12 15:07:10.000","Computer":"CLM-MESA-014","User":"CLM\\ops","EventID":1,"Image":"C:\\Windows\\System32\\conhost.exe","ProcessGuid":"{CD725889-2B5E-2026-B60B-3D635ECCC6CE}","ProcessId":3979,"CommandLine":"C:\\Windows\\System32\\conhost.exe","ParentImage":"C:\\Windows\\System32\\services.exe","ParentProcessGuid":"{73E3A2BC-47C8-2026-E1B4-477EFFEC0DC0}","OriginalFileName":"C:\\Windows\\System32\\conhost.exe"}
{"UtcTime":"2026-08-12 15:07:11.000","Computer":"CLM-MESA-014","User":"CLM\\backoffice","EventID":3,"Image":"C:\\Program Files\\Google\\Chrome\\Application\\chrome.exe","ProcessGuid":"{4235B491-2B41-2026-8528-1E4035D0D0E2}","ProcessId":7070,"DestinationIp":"10.70.30.8","DestinationPort":443,"DestinationHostname":"portal.clm.liquidacao","SourceIp":"10.70.30.14","Protocol":"tcp"}
{"UtcTime":"2026-08-12 15:07:12.000","Computer":"CLM-MESA-014","User":"CLM\\ops","EventID":1,"Image":"C:\\Windows\\System32\\RuntimeBroker.exe","ProcessGuid":"{4D34FF83-09D1-2026-6B40-68069AD921E9}","ProcessId":6750,"CommandLine":"C:\\Windows\\System32\\RuntimeBroker.exe","ParentImage":"C:\\Windows\\System32\\services.exe","ParentProcessGuid":"{675F02AA-B14F-2026-BB03-C5937F394862}","OriginalFileName":"C:\\Windows\\System32\\RuntimeBroker.exe"}
{"UtcTime":"2026-08-12 15:07:13.000","Computer":"CLM-MESA-014","User":"CLM\\mesa","EventID":1,"Image":"C:\\Program Files\\Microsoft Office\\Office16\\EXCEL.EXE","ProcessGuid":"{B733C461-7CDD-2026-6818-136E2425CD66}","ProcessId":7560,"CommandLine":"C:\\Program Files\\Microsoft Office\\Office16\\EXCEL.EXE","ParentImage":"C:\\Windows\\System32\\services.exe","ParentProcessGuid":"{9E503A1A-90F6-2026-6D38-18AD5A472BE1}","OriginalFileName":"C:\\Program Files\\Microsoft Office\\Office16\\EXCEL.EXE"}
{"UtcTime":"2026-08-12 15:07:14.000","Computer":"CLM-MESA-014","User":"CLM\\ops","EventID":1,"Image":"C:\\Windows\\System32\\RuntimeBroker.exe","ProcessGuid":"{CE14C538-1073-2026-A7B8-3E8646CED50A}","ProcessId":8707,"CommandLine":"C:\\Windows\\System32\\RuntimeBroker.exe","ParentImage":"C:\\Windows\\System32\\services.exe","ParentProcessGuid":"{24AEF225-B366-2026-3DAD-788D22917CC2}","OriginalFileName":"C:\\Windows\\System32\\RuntimeBroker.exe"}
{"UtcTime":"2026-08-12 15:07:15.000","Computer":"CLM-MESA-014","User":"CLM\\backoffice","EventID":1,"Image":"C:\\Program Files\\Google\\Chrome\\Application\\chrome.exe","ProcessGuid":"{5F7308D9-5952-2026-C526-C904D283A3A2}","ProcessId":3147,"CommandLine":"C:\\Program Files\\Google\\Chrome\\Application\\chrome.exe","ParentImage":"C:\\Windows\\System32\\services.exe","ParentProcessGuid":"{55DAC6BF-8015-2026-94FB-213C81E8EDA8}","OriginalFileName":"C:\\Program Files\\Google\\Chrome\\Application\\chrome.exe"}
{"UtcTime":"2026-08-12 15:07:16.000","Computer":"CLM-MESA-014","User":"CLM\\ops","EventID":1,"Image":"C:\\Windows\\System32\\RuntimeBroker.exe","ProcessGuid":"{095CFF4F-FC60-2026-2D78-5AEC295E56C0}","ProcessId":8090,"CommandLine":"C:\\Windows\\System32\\RuntimeBroker.exe","ParentImage":"C:\\Windows\\System32\\services.exe","ParentProcessGuid":"{DAB0AF77-6D05-2026-3135-71DEEEEAD78C}","OriginalFileName":"C:\\Windows\\System32\\RuntimeBroker.exe"}
{"UtcTime":"2026-08-12 15:07:17.000","Computer":"CLM-MESA-014","User":"CLM\\mesa","EventID":5,"Image":"C:\\Windows\\System32\\svchost.exe","ProcessGuid":"{D1A92A16-822A-2026-EDDA-76DFCCC118D1}","ProcessId":3648,"EventType":"End"}
{"UtcTime":"2026-08-12 15:07:18.000","Computer":"CLM-MESA-014","User":"CLM\\backoffice","EventID":3,"Image":"C:\\Program Files\\Google\\Chrome\\Application\\chrome.exe","ProcessGuid":"{3A29F1F0-7576-2026-2035-4220DDAABC1D}","ProcessId":2852,"DestinationIp":"1.1.1.1","DestinationPort":135,"DestinationHostname":"portal.clm.liquidacao","SourceIp":"10.70.30.14","Protocol":"tcp"}
{"UtcTime":"2026-08-12 15:07:19.000","Computer":"CLM-MESA-014","User":"CLM\\backoffice","EventID":13,"Image":"C:\\Program Files\\Google\\Chrome\\Application\\chrome.exe","ProcessGuid":"{423B16E3-F9E6-2026-8E8E-71519A5D51F8}","ProcessId":3161,"EventType":"SetValue","TargetObject":"HKCU\\Software\\CLM\\Mesa\\Pref\\3439","Details":"1"}
{"UtcTime":"2026-08-12 15:07:20.000","Computer":"CLM-MESA-014","User":"CLM\\backoffice","EventID":1,"Image":"C:\\Windows\\System32\\svchost.exe","ProcessGuid":"{5C7675A9-0AEA-2026-BA28-6F932F584578}","ProcessId":1130,"CommandLine":"C:\\Windows\\System32\\svchost.exe","ParentImage":"C:\\Windows\\System32\\services.exe","ParentProcessGuid":"{EE06BE46-C167-2026-4C2F-7F4EB36ECEA9}","OriginalFileName":"C:\\Windows\\System32\\svchost.exe"}
{"UtcTime":"2026-08-12 15:07:21.000","Computer":"CLM-MESA-014","User":"CLM\\ops","EventID":11,"Image":"C:\\Program Files\\Google\\Chrome\\Application\\chrome.exe","ProcessGuid":"{70248AC2-B7A7-2026-976D-25D239ED6D6F}","ProcessId":868,"TargetFilename":"C:\\Users\\Public\\Temp\\mesa-3441.tmp"}
{"UtcTime":"2026-08-12 15:07:22.000","Computer":"CLM-MESA-014","User":"CLM\\backoffice","EventID":1,"Image":"C:\\Windows\\explorer.exe","ProcessGuid":"{F946EB65-7A9B-2026-E310-42EDF85EE5FE}","ProcessId":4176,"CommandLine":"C:\\Windows\\explorer.exe","ParentImage":"C:\\Windows\\System32\\services.exe","ParentProcessGuid":"{1ED81548-96CC-2026-573A-C471B77E0A0D}","OriginalFileName":"C:\\Windows\\explorer.exe"}
{"UtcTime":"2026-08-12 15:07:23.000","Computer":"CLM-MESA-014","User":"CLM\\mesa","EventID":1,"Image":"C:\\Windows\\explorer.exe","ProcessGuid":"{685812C4-90D6-2026-E6EC-4FF3EB5E686E}","ProcessId":3126,"CommandLine":"C:\\Windows\\explorer.exe","ParentImage":"C:\\Windows\\System32\\services.exe","ParentProcessGuid":"{938C859E-5F50-2026-244E-D050352B9A3A}","OriginalFileName":"C:\\Windows\\explorer.exe"}
{"UtcTime":"2026-08-12 15:07:24.000","Computer":"CLM-MESA-014","User":"CLM\\mesa","EventID":11,"Image":"C:\\Windows\\System32\\RuntimeBroker.exe","ProcessGuid":"{5FCA103E-7E26-2026-2D46-15972D62C65F}","ProcessId":4820,"TargetFilename":"C:\\Users\\Public\\Temp\\mesa-3444.tmp"}
{"UtcTime":"2026-08-12 15:07:25.000","Computer":"CLM-MESA-014","User":"CLM\\backoffice","EventID":1,"Image":"C:\\Windows\\System32\\RuntimeBroker.exe","ProcessGuid":"{DBE6BC95-ACDF-2026-DED8-828172147C6A}","ProcessId":2049,"CommandLine":"C:\\Windows\\System32\\RuntimeBroker.exe","ParentImage":"C:\\Windows\\System32\\services.exe","ParentProcessGuid":"{E429CFAE-4162-2026-AC72-4CA9BA77E998}","OriginalFileName":"C:\\Windows\\System32\\RuntimeBroker.exe"}
{"UtcTime":"2026-08-12 15:07:26.000","Computer":"CLM-MESA-014","User":"CLM\\ops","EventID":1,"Image":"C:\\Windows\\System32\\svchost.exe","ProcessGuid":"{8858F43D-DD0E-2026-ED9F-0E2A949B3A19}","ProcessId":2057,"CommandLine":"C:\\Windows\\System32\\svchost.exe","ParentImage":"C:\\Windows\\System32\\services.exe","ParentProcessGuid":"{F1C57D2D-F907-2026-923F-0EF141F1FA13}","OriginalFileName":"C:\\Windows\\System32\\svchost.exe"}
{"UtcTime":"2026-08-12 15:07:27.000","Computer":"CLM-MESA-014","User":"CLM\\backoffice","EventID":1,"Image":"C:\\Windows\\System32\\svchost.exe","ProcessGuid":"{CAF11831-F7C0-2026-456A-602718A95BA5}","ProcessId":6090,"CommandLine":"C:\\Windows\\System32\\svchost.exe","ParentImage":"C:\\Windows\\System32\\services.exe","ParentProcessGuid":"{60907F36-3E1B-2026-3662-0E425ED07FED}","OriginalFileName":"C:\\Windows\\System32\\svchost.exe"}
{"UtcTime":"2026-08-12 15:07:28.000","Computer":"CLM-MESA-014","User":"CLM\\backoffice","EventID":1,"Image":"C:\\Windows\\System32\\conhost.exe","ProcessGuid":"{82842AA0-50A6-2026-2A8D-D1E55E1356BE}","ProcessId":708,"CommandLine":"C:\\Windows\\System32\\conhost.exe","ParentImage":"C:\\Windows\\System32\\services.exe","ParentProcessGuid":"{4696172F-9214-2026-4DF3-B08A5892969F}","OriginalFileName":"C:\\Windows\\System32\\conhost.exe"}
{"UtcTime":"2026-08-12 15:07:29.000","Computer":"CLM-MESA-014","User":"CLM\\mesa","EventID":1,"Image":"C:\\Windows\\System32\\svchost.exe","ProcessGuid":"{14C9568A-5490-2026-380D-100C0A0F2584}","ProcessId":1763,"CommandLine":"C:\\Windows\\System32\\svchost.exe","ParentImage":"C:\\Windows\\System32\\services.exe","ParentProcessGuid":"{63133D73-22CA-2026-2AAA-8D7E5430257A}","OriginalFileName":"C:\\Windows\\System32\\svchost.exe"}
{"UtcTime":"2026-08-12 15:07:30.000","Computer":"CLM-MESA-014","User":"CLM\\ops","EventID":1,"Image":"C:\\Windows\\explorer.exe","ProcessGuid":"{E780A355-FAF6-2026-2750-D6098B0A514D}","ProcessId":7726,"CommandLine":"C:\\Windows\\explorer.exe","ParentImage":"C:\\Windows\\System32\\services.exe","ParentProcessGuid":"{FF67BEC8-5B2C-2026-632D-3828C96F3124}","OriginalFileName":"C:\\Windows\\explorer.exe"}
{"UtcTime":"2026-08-12 15:07:31.000","Computer":"CLM-MESA-014","User":"CLM\\ops","EventID":1,"Image":"C:\\Windows\\explorer.exe","ProcessGuid":"{AC7D64A7-9FBB-2026-80E4-CC18884AD974}","ProcessId":8589,"CommandLine":"C:\\Windows\\explorer.exe","ParentImage":"C:\\Windows\\System32\\services.exe","ParentProcessGuid":"{A10B9A53-BEEC-2026-3D9B-1C13FBB2BC99}","OriginalFileName":"C:\\Windows\\explorer.exe"}
{"UtcTime":"2026-08-12 15:07:32.000","Computer":"CLM-MESA-014","User":"CLM\\mesa","EventID":1,"Image":"C:\\Windows\\System32\\conhost.exe","ProcessGuid":"{38294204-2647-2026-23A8-36EE0F60A013}","ProcessId":7205,"CommandLine":"C:\\Windows\\System32\\conhost.exe","ParentImage":"C:\\Windows\\System32\\services.exe","ParentProcessGuid":"{A7426AAC-47DD-2026-0EED-9AE0D9CD0B49}","OriginalFileName":"C:\\Windows\\System32\\conhost.exe"}
{"UtcTime":"2026-08-12 15:07:33.000","Computer":"CLM-MESA-014","User":"CLM\\ops","EventID":3,"Image":"C:\\Windows\\System32\\RuntimeBroker.exe","ProcessGuid":"{F078491E-0351-2026-D7A3-C79EBE0A2A1B}","ProcessId":3357,"DestinationIp":"10.70.30.8","DestinationPort":135,"DestinationHostname":"ntp.clm.liquidacao","SourceIp":"10.70.30.14","Protocol":"tcp"}
{"UtcTime":"2026-08-12 15:07:34.000","Computer":"CLM-MESA-014","User":"CLM\\backoffice","EventID":1,"Image":"C:\\Windows\\System32\\conhost.exe","ProcessGuid":"{103EAF6E-5054-2026-0AAF-BEFA6B42A36D}","ProcessId":3607,"CommandLine":"C:\\Windows\\System32\\conhost.exe","ParentImage":"C:\\Windows\\System32\\services.exe","ParentProcessGuid":"{B87D7AB9-9676-2026-C542-BDF61D671539}","OriginalFileName":"C:\\Windows\\System32\\conhost.exe"}
{"UtcTime":"2026-08-12 15:07:35.000","Computer":"CLM-MESA-014","User":"CLM\\mesa","EventID":1,"Image":"C:\\Windows\\explorer.exe","ProcessGuid":"{2EFB1AA3-CB50-2026-B13D-64C68FD2F57F}","ProcessId":5505,"CommandLine":"C:\\Windows\\explorer.exe","ParentImage":"C:\\Windows\\System32\\services.exe","ParentProcessGuid":"{7527312E-04B7-2026-4C5B-FB2C881540F0}","OriginalFileName":"C:\\Windows\\explorer.exe"}
{"UtcTime":"2026-08-12 15:07:36.000","Computer":"CLM-MESA-014","User":"CLM\\backoffice","EventID":1,"Image":"C:\\Program Files\\Microsoft Office\\Office16\\EXCEL.EXE","ProcessGuid":"{312015F3-940C-2026-F01A-FF518A2F4F20}","ProcessId":2260,"CommandLine":"C:\\Program Files\\Microsoft Office\\Office16\\EXCEL.EXE","ParentImage":"C:\\Windows\\System32\\services.exe","ParentProcessGuid":"{6ECA9A91-BEBA-2026-1F57-2C496F977AB1}","OriginalFileName":"C:\\Program Files\\Microsoft Office\\Office16\\EXCEL.EXE"}
{"UtcTime":"2026-08-12 15:07:37.000","Computer":"CLM-MESA-014","User":"CLM\\ops","EventID":1,"Image":"C:\\Windows\\System32\\svchost.exe","ProcessGuid":"{95E3469C-8932-2026-64C4-8F0AF66D8519}","ProcessId":1798,"CommandLine":"C:\\Windows\\System32\\svchost.exe","ParentImage":"C:\\Windows\\System32\\services.exe","ParentProcessGuid":"{9645E50F-8A0E-2026-5E0A-03D507DC3ED8}","OriginalFileName":"C:\\Windows\\System32\\svchost.exe"}
{"UtcTime":"2026-08-12 15:07:38.000","Computer":"CLM-MESA-014","User":"CLM\\mesa","EventID":3,"Image":"C:\\Windows\\System32\\svchost.exe","ProcessGuid":"{EFA0474D-1D06-2026-1D05-741E57DDBD10}","ProcessId":7611,"DestinationIp":"10.70.30.8","DestinationPort":8080,"DestinationHostname":"portal.clm.liquidacao","SourceIp":"10.70.30.14","Protocol":"tcp"}
{"UtcTime":"2026-08-12 15:07:39.000","Computer":"CLM-MESA-014","User":"CLM\\ops","EventID":3,"Image":"C:\\Windows\\System32\\svchost.exe","ProcessGuid":"{7C88330C-A7C3-2026-0E95-2F96175B50E0}","ProcessId":2078,"DestinationIp":"10.70.30.1","DestinationPort":443,"DestinationHostname":"portal.clm.liquidacao","SourceIp":"10.70.30.14","Protocol":"tcp"}
{"UtcTime":"2026-08-12 15:07:40.000","Computer":"CLM-MESA-014","User":"CLM\\ops","EventID":1,"Image":"C:\\Program Files\\Microsoft Office\\Office16\\EXCEL.EXE","ProcessGuid":"{CF5A36CE-2E10-2026-2C2D-9D5E54F3F028}","ProcessId":7167,"CommandLine":"C:\\Program Files\\Microsoft Office\\Office16\\EXCEL.EXE","ParentImage":"C:\\Windows\\System32\\services.exe","ParentProcessGuid":"{9CBC9B6C-CA97-2026-10C1-AB27DB8EEDD9}","OriginalFileName":"C:\\Program Files\\Microsoft Office\\Office16\\EXCEL.EXE"}
{"UtcTime":"2026-08-12 15:07:41.000","Computer":"CLM-MESA-014","User":"CLM\\backoffice","EventID":1,"Image":"C:\\Windows\\System32\\svchost.exe","ProcessGuid":"{D30E98D7-F320-2026-CA61-52936271F0B7}","ProcessId":8859,"CommandLine":"C:\\Windows\\System32\\svchost.exe","ParentImage":"C:\\Windows\\System32\\services.exe","ParentProcessGuid":"{430ABECA-A8C9-2026-EA0E-989F1CAE22EF}","OriginalFileName":"C:\\Windows\\System32\\svchost.exe"}
{"UtcTime":"2026-08-12 15:07:42.000","Computer":"CLM-MESA-014","User":"CLM\\mesa","EventID":13,"Image":"C:\\Windows\\System32\\RuntimeBroker.exe","ProcessGuid":"{9AD23CE4-E4DD-2026-4F44-5E85B4CEFD09}","ProcessId":432,"EventType":"SetValue","TargetObject":"HKCU\\Software\\CLM\\Mesa\\Pref\\3462","Details":"1"}
{"UtcTime":"2026-08-12 15:07:43.000","Computer":"CLM-MESA-014","User":"CLM\\backoffice","EventID":1,"Image":"C:\\Program Files\\Google\\Chrome\\Application\\chrome.exe","ProcessGuid":"{840DF3C6-A121-2026-3E3E-2D2A3F8CF645}","ProcessId":4757,"CommandLine":"C:\\Program Files\\Google\\Chrome\\Application\\chrome.exe","ParentImage":"C:\\Windows\\System32\\services.exe","ParentProcessGuid":"{446C9C19-5034-2026-B1E2-A9CE64CCCC27}","OriginalFileName":"C:\\Program Files\\Google\\Chrome\\Application\\chrome.exe"}
{"UtcTime":"2026-08-12 15:07:44.000","Computer":"CLM-MESA-014","User":"CLM\\ops","EventID":1,"Image":"C:\\Program Files\\Google\\Chrome\\Application\\chrome.exe","ProcessGuid":"{8758E776-DCCE-2026-DD8D-A11E4A357377}","ProcessId":2014,"CommandLine":"C:\\Program Files\\Google\\Chrome\\Application\\chrome.exe","ParentImage":"C:\\Windows\\System32\\services.exe","ParentProcessGuid":"{9AA55475-8A6F-2026-9BDA-7DA2529B29C6}","OriginalFileName":"C:\\Program Files\\Google\\Chrome\\Application\\chrome.exe"}
{"UtcTime":"2026-08-12 15:07:45.000","Computer":"CLM-MESA-014","User":"CLM\\ops","EventID":1,"Image":"C:\\Windows\\System32\\conhost.exe","ProcessGuid":"{6956BAEC-F516-2026-876C-79ACAE414EFA}","ProcessId":4170,"CommandLine":"C:\\Windows\\System32\\conhost.exe","ParentImage":"C:\\Windows\\System32\\services.exe","ParentProcessGuid":"{1A8F2241-5183-2026-765B-29292C38D979}","OriginalFileName":"C:\\Windows\\System32\\conhost.exe"}
{"UtcTime":"2026-08-12 15:07:46.000","Computer":"CLM-MESA-014","User":"CLM\\ops","EventID":1,"Image":"C:\\Windows\\System32\\conhost.exe","ProcessGuid":"{D703EDC1-3E9F-2026-EF5C-BF3AC5D893AE}","ProcessId":416,"CommandLine":"C:\\Windows\\System32\\conhost.exe","ParentImage":"C:\\Windows\\System32\\services.exe","ParentProcessGuid":"{17DDDD58-5176-2026-30E3-B7617237AF04}","OriginalFileName":"C:\\Windows\\System32\\conhost.exe"}
{"UtcTime":"2026-08-12 15:07:47.000","Computer":"CLM-MESA-014","User":"CLM\\mesa","EventID":11,"Image":"C:\\Windows\\System32\\svchost.exe","ProcessGuid":"{E97F4640-343C-2026-6688-EB21C9AF4481}","ProcessId":3770,"TargetFilename":"C:\\Users\\Public\\Temp\\mesa-3467.tmp"}
{"UtcTime":"2026-08-12 15:07:48.000","Computer":"CLM-MESA-014","User":"CLM\\ops","EventID":1,"Image":"C:\\Program Files\\Google\\Chrome\\Application\\chrome.exe","ProcessGuid":"{3B501B66-73B8-2026-B8CF-F0128DBD28DC}","ProcessId":6428,"CommandLine":"C:\\Program Files\\Google\\Chrome\\Application\\chrome.exe","ParentImage":"C:\\Windows\\System32\\services.exe","ParentProcessGuid":"{08C49F2F-C95B-2026-0BDC-050CEB822D7E}","OriginalFileName":"C:\\Program Files\\Google\\Chrome\\Application\\chrome.exe"}
{"UtcTime":"2026-08-12 15:07:49.000","Computer":"CLM-MESA-014","User":"CLM\\ops","EventID":13,"Image":"C:\\Windows\\explorer.exe","ProcessGuid":"{EDD75A8F-AE20-2026-E28E-1E6ECB808E0B}","ProcessId":3289,"EventType":"SetValue","TargetObject":"HKCU\\Software\\CLM\\Mesa\\Pref\\3469","Details":"1"}
{"UtcTime":"2026-08-12 15:07:50.000","Computer":"CLM-MESA-014","User":"CLM\\backoffice","EventID":11,"Image":"C:\\Windows\\System32\\RuntimeBroker.exe","ProcessGuid":"{92740EE5-407F-2026-3937-B96629BCC765}","ProcessId":4008,"TargetFilename":"C:\\Users\\Public\\Temp\\mesa-3470.tmp"}
{"UtcTime":"2026-08-12 15:07:51.000","Computer":"CLM-MESA-014","User":"CLM\\ops","EventID":3,"Image":"C:\\Program Files\\Google\\Chrome\\Application\\chrome.exe","ProcessGuid":"{72BB8CD0-27F7-2026-8579-4B6A3EB96E2B}","ProcessId":3640,"DestinationIp":"10.70.30.1","DestinationPort":443,"DestinationHostname":"portal.clm.liquidacao","SourceIp":"10.70.30.14","Protocol":"tcp"}
{"UtcTime":"2026-08-12 15:07:52.000","Computer":"CLM-MESA-014","User":"CLM\\ops","EventID":5,"Image":"C:\\Windows\\System32\\svchost.exe","ProcessGuid":"{745B88C5-174B-2026-F741-117794577AE6}","ProcessId":7328,"EventType":"End"}
{"UtcTime":"2026-08-12 15:07:53.000","Computer":"CLM-MESA-014","User":"CLM\\ops","EventID":11,"Image":"C:\\Windows\\System32\\RuntimeBroker.exe","ProcessGuid":"{242F3CA8-9C6A-2026-269E-58A58F1CFE9D}","ProcessId":7608,"TargetFilename":"C:\\Users\\Public\\Temp\\mesa-3473.tmp"}
{"UtcTime":"2026-08-12 15:07:54.000","Computer":"CLM-MESA-014","User":"CLM\\backoffice","EventID":1,"Image":"C:\\Windows\\System32\\RuntimeBroker.exe","ProcessGuid":"{3D257C0E-2E07-2026-2043-4A56FCFF8989}","ProcessId":921,"CommandLine":"C:\\Windows\\System32\\RuntimeBroker.exe","ParentImage":"C:\\Windows\\System32\\services.exe","ParentProcessGuid":"{A78336B3-CBE5-2026-0DCF-65159FC75455}","OriginalFileName":"C:\\Windows\\System32\\RuntimeBroker.exe"}
{"UtcTime":"2026-08-12 15:07:55.000","Computer":"CLM-MESA-014","User":"CLM\\backoffice","EventID":3,"Image":"C:\\Program Files\\Microsoft Office\\Office16\\EXCEL.EXE","ProcessGuid":"{794218C4-6697-2026-BDE3-2BD18877C8FD}","ProcessId":3424,"DestinationIp":"1.1.1.1","DestinationPort":443,"DestinationHostname":"portal.clm.liquidacao","SourceIp":"10.70.30.14","Protocol":"tcp"}
{"UtcTime":"2026-08-12 15:07:56.000","Computer":"CLM-MESA-014","User":"CLM\\backoffice","EventID":11,"Image":"C:\\Program Files\\Microsoft Office\\Office16\\EXCEL.EXE","ProcessGuid":"{6CF2F43A-0286-2026-5A9C-20B917B36C1B}","ProcessId":7285,"TargetFilename":"C:\\Users\\Public\\Temp\\mesa-3476.tmp"}
{"UtcTime":"2026-08-12 15:07:57.000","Computer":"CLM-MESA-014","User":"CLM\\ops","EventID":5,"Image":"C:\\Windows\\explorer.exe","ProcessGuid":"{DCFF7E1F-0EF2-2026-B68C-FA0E8C966A81}","ProcessId":1781,"EventType":"End"}
{"UtcTime":"2026-08-12 15:07:58.000","Computer":"CLM-MESA-014","User":"CLM\\ops","EventID":3,"Image":"C:\\Program Files\\Google\\Chrome\\Application\\chrome.exe","ProcessGuid":"{6D868027-89E7-2026-533F-3C0FFE95BEBA}","ProcessId":8909,"DestinationIp":"10.70.30.1","DestinationPort":8080,"DestinationHostname":"ntp.clm.liquidacao","SourceIp":"10.70.30.14","Protocol":"tcp"}
{"UtcTime":"2026-08-12 15:07:59.000","Computer":"CLM-MESA-014","User":"CLM\\mesa","EventID":13,"Image":"C:\\Program Files\\Google\\Chrome\\Application\\chrome.exe","ProcessGuid":"{D099C164-E8B2-2026-BFB3-5423EFB2451F}","ProcessId":5186,"EventType":"SetValue","TargetObject":"HKCU\\Software\\CLM\\Mesa\\Pref\\3479","Details":"1"}
{"UtcTime":"2026-08-12 15:08:00.000","Computer":"CLM-MESA-014","User":"CLM\\mesa","EventID":1,"Image":"C:\\Program Files\\Microsoft Office\\Office16\\EXCEL.EXE","ProcessGuid":"{8DD40F5F-72C9-2026-8A68-99F625FC04A0}","ProcessId":8814,"CommandLine":"C:\\Program Files\\Microsoft Office\\Office16\\EXCEL.EXE","ParentImage":"C:\\Windows\\System32\\services.exe","ParentProcessGuid":"{1DEAC631-B561-2026-D36F-EA649EEE08A2}","OriginalFileName":"C:\\Program Files\\Microsoft Office\\Office16\\EXCEL.EXE"}
{"UtcTime":"2026-08-12 15:08:01.000","Computer":"CLM-MESA-014","User":"CLM\\ops","EventID":3,"Image":"C:\\Program Files\\Microsoft Office\\Office16\\EXCEL.EXE","ProcessGuid":"{83814256-6C92-2026-03C0-DC52686C8592}","ProcessId":2867,"DestinationIp":"8.8.8.8","DestinationPort":443,"DestinationHostname":"ntp.clm.liquidacao","SourceIp":"10.70.30.14","Protocol":"tcp"}
{"UtcTime":"2026-08-12 15:08:02.000","Computer":"CLM-MESA-014","User":"CLM\\mesa","EventID":5,"Image":"C:\\Program Files\\Google\\Chrome\\Application\\chrome.exe","ProcessGuid":"{4B24AAA8-9C9C-2026-2EDB-D258A416B7E3}","ProcessId":1093,"EventType":"End"}
{"UtcTime":"2026-08-12 15:08:03.000","Computer":"CLM-MESA-014","User":"CLM\\backoffice","EventID":11,"Image":"C:\\Program Files\\Microsoft Office\\Office16\\EXCEL.EXE","ProcessGuid":"{84F80BF3-C37C-2026-C46F-6A27D144D7F2}","ProcessId":2236,"TargetFilename":"C:\\Users\\Public\\Temp\\mesa-3483.tmp"}
{"UtcTime":"2026-08-12 15:08:04.000","Computer":"CLM-MESA-014","User":"CLM\\mesa","EventID":5,"Image":"C:\\Windows\\System32\\RuntimeBroker.exe","ProcessGuid":"{876FCF82-12A2-2026-E087-5576DEDD8EE9}","ProcessId":8678,"EventType":"End"}
{"UtcTime":"2026-08-12 15:08:05.000","Computer":"CLM-MESA-014","User":"CLM\\backoffice","EventID":13,"Image":"C:\\Program Files\\Microsoft Office\\Office16\\EXCEL.EXE","ProcessGuid":"{E47A20BD-2478-2026-26C2-48E4AA1B8801}","ProcessId":8673,"EventType":"SetValue","TargetObject":"HKCU\\Software\\CLM\\Mesa\\Pref\\3485","Details":"1"}
{"UtcTime":"2026-08-12 15:08:06.000","Computer":"CLM-MESA-014","User":"CLM\\ops","EventID":1,"Image":"C:\\Windows\\System32\\svchost.exe","ProcessGuid":"{DEB94B05-0C66-2026-0470-4096E1280271}","ProcessId":7160,"CommandLine":"C:\\Windows\\System32\\svchost.exe","ParentImage":"C:\\Windows\\System32\\services.exe","ParentProcessGuid":"{FD0FF906-F5FF-2026-D225-1A07DDE9D3A5}","OriginalFileName":"C:\\Windows\\System32\\svchost.exe"}
{"UtcTime":"2026-08-12 15:08:07.000","Computer":"CLM-MESA-014","User":"CLM\\backoffice","EventID":13,"Image":"C:\\Windows\\System32\\RuntimeBroker.exe","ProcessGuid":"{208801A4-9B6A-2026-436D-15D09F8A0123}","ProcessId":7854,"EventType":"SetValue","TargetObject":"HKCU\\Software\\CLM\\Mesa\\Pref\\3487","Details":"1"}
{"UtcTime":"2026-08-12 15:08:08.000","Computer":"CLM-MESA-014","User":"CLM\\backoffice","EventID":1,"Image":"C:\\Program Files\\Microsoft Office\\Office16\\EXCEL.EXE","ProcessGuid":"{75794569-2C5F-2026-46B5-44CD0B1A094C}","ProcessId":1449,"CommandLine":"C:\\Program Files\\Microsoft Office\\Office16\\EXCEL.EXE","ParentImage":"C:\\Windows\\System32\\services.exe","ParentProcessGuid":"{FF8DABB3-C45E-2026-9603-2C779A15BFD6}","OriginalFileName":"C:\\Program Files\\Microsoft Office\\Office16\\EXCEL.EXE"}
{"UtcTime":"2026-08-12 15:08:09.000","Computer":"CLM-MESA-014","User":"CLM\\ops","EventID":1,"Image":"C:\\Windows\\System32\\RuntimeBroker.exe","ProcessGuid":"{2295128A-B796-2026-5994-0C5B4FEA4C5E}","ProcessId":8061,"CommandLine":"C:\\Windows\\System32\\RuntimeBroker.exe","ParentImage":"C:\\Windows\\System32\\services.exe","ParentProcessGuid":"{1E69DE43-32DA-2026-6B10-61CD660C747E}","OriginalFileName":"C:\\Windows\\System32\\RuntimeBroker.exe"}
{"UtcTime":"2026-08-12 15:08:10.000","Computer":"CLM-MESA-014","User":"CLM\\ops","EventID":11,"Image":"C:\\Windows\\System32\\conhost.exe","ProcessGuid":"{852685A6-5155-2026-65F5-1D0C9F8BE70C}","ProcessId":8953,"TargetFilename":"C:\\Users\\Public\\Temp\\mesa-3490.tmp"}
{"UtcTime":"2026-08-12 15:08:11.000","Computer":"CLM-MESA-014","User":"CLM\\mesa","EventID":3,"Image":"C:\\Windows\\explorer.exe","ProcessGuid":"{A1FE04BC-56E3-2026-9ECC-547A3FC2599A}","ProcessId":2349,"DestinationIp":"1.1.1.1","DestinationPort":53,"DestinationHostname":"portal.clm.liquidacao","SourceIp":"10.70.30.14","Protocol":"tcp"}
{"UtcTime":"2026-08-12 15:08:12.000","Computer":"CLM-MESA-014","User":"CLM\\backoffice","EventID":3,"Image":"C:\\Windows\\System32\\conhost.exe","ProcessGuid":"{3BF1C124-E141-2026-8B86-6C33BA9615DF}","ProcessId":1568,"DestinationIp":"10.70.30.8","DestinationPort":443,"DestinationHostname":"portal.clm.liquidacao","SourceIp":"10.70.30.14","Protocol":"tcp"}
{"UtcTime":"2026-08-12 15:08:13.000","Computer":"CLM-MESA-014","User":"CLM\\backoffice","EventID":13,"Image":"C:\\Windows\\explorer.exe","ProcessGuid":"{B56338CD-CB1C-2026-E0BA-442325357A6F}","ProcessId":3328,"EventType":"SetValue","TargetObject":"HKCU\\Software\\CLM\\Mesa\\Pref\\3493","Details":"1"}
{"UtcTime":"2026-08-12 15:08:14.000","Computer":"CLM-MESA-014","User":"CLM\\backoffice","EventID":1,"Image":"C:\\Windows\\System32\\conhost.exe","ProcessGuid":"{E6A05C42-5C06-2026-50C4-FD89593FED25}","ProcessId":3792,"CommandLine":"C:\\Windows\\System32\\conhost.exe","ParentImage":"C:\\Windows\\System32\\services.exe","ParentProcessGuid":"{2E7A318F-B419-2026-6D29-03A7F530E69E}","OriginalFileName":"C:\\Windows\\System32\\conhost.exe"}
{"UtcTime":"2026-08-12 15:08:15.000","Computer":"CLM-MESA-014","User":"CLM\\mesa","EventID":13,"Image":"C:\\Windows\\System32\\conhost.exe","ProcessGuid":"{93EAB532-C670-2026-5DD1-EF79F4C74973}","ProcessId":2942,"EventType":"SetValue","TargetObject":"HKCU\\Software\\CLM\\Mesa\\Pref\\3495","Details":"1"}
{"UtcTime":"2026-08-12 15:08:16.000","Computer":"CLM-MESA-014","User":"CLM\\mesa","EventID":1,"Image":"C:\\Windows\\System32\\RuntimeBroker.exe","ProcessGuid":"{D3098333-7696-2026-821C-A064F0737B5F}","ProcessId":1171,"CommandLine":"C:\\Windows\\System32\\RuntimeBroker.exe","ParentImage":"C:\\Windows\\System32\\services.exe","ParentProcessGuid":"{2FEFECDE-3A42-2026-7D46-17F5ECB0612B}","OriginalFileName":"C:\\Windows\\System32\\RuntimeBroker.exe"}
{"UtcTime":"2026-08-12 15:08:17.000","Computer":"CLM-MESA-014","User":"CLM\\ops","EventID":1,"Image":"C:\\Windows\\explorer.exe","ProcessGuid":"{3E8EFCF1-001E-2026-C279-3757728F3A05}","ProcessId":7667,"CommandLine":"C:\\Windows\\explorer.exe","ParentImage":"C:\\Windows\\System32\\services.exe","ParentProcessGuid":"{3664449F-7BDF-2026-312A-0A0CCC6F5CC3}","OriginalFileName":"C:\\Windows\\explorer.exe"}
{"UtcTime":"2026-08-12 15:08:18.000","Computer":"CLM-MESA-014","User":"CLM\\mesa","EventID":1,"Image":"C:\\Program Files\\Google\\Chrome\\Application\\chrome.exe","ProcessGuid":"{1F2D419E-EFC9-2026-EA31-9B1B25779DF4}","ProcessId":4383,"CommandLine":"C:\\Program Files\\Google\\Chrome\\Application\\chrome.exe","ParentImage":"C:\\Windows\\System32\\services.exe","ParentProcessGuid":"{0B2F55D1-86F4-2026-3086-CEAA1C761698}","OriginalFileName":"C:\\Program Files\\Google\\Chrome\\Application\\chrome.exe"}
{"UtcTime":"2026-08-12 15:08:19.000","Computer":"CLM-MESA-014","User":"CLM\\mesa","EventID":5,"Image":"C:\\Program Files\\Microsoft Office\\Office16\\EXCEL.EXE","ProcessGuid":"{D070C3F7-AC7E-2026-4E6F-17B3C3A7E369}","ProcessId":5493,"EventType":"End"}
{"UtcTime":"2026-08-12 15:08:20.000","Computer":"CLM-MESA-014","User":"CLM\\mesa","EventID":1,"Image":"C:\\Windows\\System32\\RuntimeBroker.exe","ProcessGuid":"{710DB3D4-288C-2026-594A-D7E758D43637}","ProcessId":1027,"CommandLine":"C:\\Windows\\System32\\RuntimeBroker.exe","ParentImage":"C:\\Windows\\System32\\services.exe","ParentProcessGuid":"{5EB7AF40-5B7D-2026-4F55-9C5B798680BE}","OriginalFileName":"C:\\Windows\\System32\\RuntimeBroker.exe"}
{"UtcTime":"2026-08-12 15:08:21.000","Computer":"CLM-MESA-014","User":"CLM\\ops","EventID":1,"Image":"C:\\Windows\\System32\\svchost.exe","ProcessGuid":"{5A4422B0-0951-2026-3111-B3BCEA0508B7}","ProcessId":5375,"CommandLine":"C:\\Windows\\System32\\svchost.exe","ParentImage":"C:\\Windows\\System32\\services.exe","ParentProcessGuid":"{4A541826-03BC-2026-FE7B-F9E148912655}","OriginalFileName":"C:\\Windows\\System32\\svchost.exe"}
{"UtcTime":"2026-08-12 15:08:22.000","Computer":"CLM-MESA-014","User":"CLM\\backoffice","EventID":11,"Image":"C:\\Windows\\System32\\conhost.exe","ProcessGuid":"{AC887558-E987-2026-EE95-042BCB81AC85}","ProcessId":4018,"TargetFilename":"C:\\Users\\Public\\Temp\\mesa-3502.tmp"}
{"UtcTime":"2026-08-12 15:08:23.000","Computer":"CLM-MESA-014","User":"CLM\\backoffice","EventID":5,"Image":"C:\\Windows\\System32\\conhost.exe","ProcessGuid":"{D174F2AB-D498-2026-3F76-F67A18BB8E42}","ProcessId":2883,"EventType":"End"}
{"UtcTime":"2026-08-12 15:08:24.000","Computer":"CLM-MESA-014","User":"CLM\\backoffice","EventID":11,"Image":"C:\\Windows\\System32\\svchost.exe","ProcessGuid":"{965B38AA-04F7-2026-4712-7915CFDD7012}","ProcessId":2508,"TargetFilename":"C:\\Users\\Public\\Temp\\mesa-3504.tmp"}
{"UtcTime":"2026-08-12 15:08:25.000","Computer":"CLM-MESA-014","User":"CLM\\backoffice","EventID":13,"Image":"C:\\Program Files\\Google\\Chrome\\Application\\chrome.exe","ProcessGuid":"{9FB9F378-1609-2026-F2BE-94EA380316C7}","ProcessId":6737,"EventType":"SetValue","TargetObject":"HKCU\\Software\\CLM\\Mesa\\Pref\\3505","Details":"1"}
{"UtcTime":"2026-08-12 15:08:26.000","Computer":"CLM-MESA-014","User":"CLM\\mesa","EventID":13,"Image":"C:\\Windows\\explorer.exe","ProcessGuid":"{6FAE17F3-E657-2026-199C-5D98E58633F3}","ProcessId":2039,"EventType":"SetValue","TargetObject":"HKCU\\Software\\CLM\\Mesa\\Pref\\3506","Details":"1"}
{"UtcTime":"2026-08-12 15:08:27.000","Computer":"CLM-MESA-014","User":"CLM\\mesa","EventID":3,"Image":"C:\\Windows\\System32\\RuntimeBroker.exe","ProcessGuid":"{6A79D380-B74B-2026-D3E9-4DD636E0B849}","ProcessId":3318,"DestinationIp":"1.1.1.1","DestinationPort":8080,"DestinationHostname":"portal.clm.liquidacao","SourceIp":"10.70.30.14","Protocol":"tcp"}
{"UtcTime":"2026-08-12 15:08:28.000","Computer":"CLM-MESA-014","User":"CLM\\backoffice","EventID":3,"Image":"C:\\Windows\\System32\\conhost.exe","ProcessGuid":"{A212280C-5B5A-2026-5594-1A1CB8763283}","ProcessId":5322,"DestinationIp":"10.70.30.8","DestinationPort":53,"DestinationHostname":"ntp.clm.liquidacao","SourceIp":"10.70.30.14","Protocol":"tcp"}
{"UtcTime":"2026-08-12 15:08:29.000","Computer":"CLM-MESA-014","User":"CLM\\backoffice","EventID":3,"Image":"C:\\Windows\\System32\\RuntimeBroker.exe","ProcessGuid":"{7F97F92E-32A2-2026-9CB0-0BD54B136472}","ProcessId":8994,"DestinationIp":"10.70.30.8","DestinationPort":443,"DestinationHostname":"portal.clm.liquidacao","SourceIp":"10.70.30.14","Protocol":"tcp"}
{"UtcTime":"2026-08-12 15:08:30.000","Computer":"CLM-MESA-014","User":"CLM\\ops","EventID":5,"Image":"C:\\Windows\\System32\\RuntimeBroker.exe","ProcessGuid":"{4827A8E6-DB19-2026-F31B-89714B2DE53D}","ProcessId":7734,"EventType":"End"}
{"UtcTime":"2026-08-12 15:08:31.000","Computer":"CLM-MESA-014","User":"CLM\\ops","EventID":1,"Image":"C:\\Program Files\\Microsoft Office\\Office16\\EXCEL.EXE","ProcessGuid":"{5699DBE0-2992-2026-2B42-D18803FF9DB7}","ProcessId":4286,"CommandLine":"C:\\Program Files\\Microsoft Office\\Office16\\EXCEL.EXE","ParentImage":"C:\\Windows\\System32\\services.exe","ParentProcessGuid":"{B3461786-A340-2026-F24B-546D6E963E5E}","OriginalFileName":"C:\\Program Files\\Microsoft Office\\Office16\\EXCEL.EXE"}
{"UtcTime":"2026-08-12 15:08:32.000","Computer":"CLM-MESA-014","User":"CLM\\ops","EventID":13,"Image":"C:\\Windows\\System32\\svchost.exe","ProcessGuid":"{1602F41E-990C-2026-E1D4-611272C3BDA8}","ProcessId":2027,"EventType":"SetValue","TargetObject":"HKCU\\Software\\CLM\\Mesa\\Pref\\3512","Details":"1"}
{"UtcTime":"2026-08-12 15:08:33.000","Computer":"CLM-MESA-014","User":"CLM\\ops","EventID":5,"Image":"C:\\Program Files\\Google\\Chrome\\Application\\chrome.exe","ProcessGuid":"{6A48C0A5-04E7-2026-7724-7CBB7E1A26E8}","ProcessId":412,"EventType":"End"}
{"UtcTime":"2026-08-12 15:08:34.000","Computer":"CLM-MESA-014","User":"CLM\\ops","EventID":1,"Image":"C:\\Program Files\\Google\\Chrome\\Application\\chrome.exe","ProcessGuid":"{192BEE1A-48C7-2026-AF2D-2DA8BB62160A}","ProcessId":4763,"CommandLine":"C:\\Program Files\\Google\\Chrome\\Application\\chrome.exe","ParentImage":"C:\\Windows\\System32\\services.exe","ParentProcessGuid":"{F6E9A574-C5E3-2026-E85A-B1B88AF49FFC}","OriginalFileName":"C:\\Program Files\\Google\\Chrome\\Application\\chrome.exe"}
{"UtcTime":"2026-08-12 15:08:35.000","Computer":"CLM-MESA-014","User":"CLM\\backoffice","EventID":1,"Image":"C:\\Windows\\System32\\RuntimeBroker.exe","ProcessGuid":"{C1441C5A-40DA-2026-E0F7-713ABCDF80DF}","ProcessId":2339,"CommandLine":"C:\\Windows\\System32\\RuntimeBroker.exe","ParentImage":"C:\\Windows\\System32\\services.exe","ParentProcessGuid":"{BD192C75-6FA9-2026-E9FE-F6C49ED19C22}","OriginalFileName":"C:\\Windows\\System32\\RuntimeBroker.exe"}
{"UtcTime":"2026-08-12 15:08:36.000","Computer":"CLM-MESA-014","User":"CLM\\ops","EventID":1,"Image":"C:\\Program Files\\Microsoft Office\\Office16\\EXCEL.EXE","ProcessGuid":"{84C5857C-75AB-2026-92E5-E16F40F8F0EF}","ProcessId":8767,"CommandLine":"C:\\Program Files\\Microsoft Office\\Office16\\EXCEL.EXE","ParentImage":"C:\\Windows\\System32\\services.exe","ParentProcessGuid":"{D32B35B1-25A8-2026-3F45-F49075181083}","OriginalFileName":"C:\\Program Files\\Microsoft Office\\Office16\\EXCEL.EXE"}
{"UtcTime":"2026-08-12 15:08:37.000","Computer":"CLM-MESA-014","User":"CLM\\ops","EventID":1,"Image":"C:\\Program Files\\Microsoft Office\\Office16\\EXCEL.EXE","ProcessGuid":"{CE9C1813-8600-2026-E23C-ADF5DD60A49B}","ProcessId":747,"CommandLine":"C:\\Program Files\\Microsoft Office\\Office16\\EXCEL.EXE","ParentImage":"C:\\Windows\\System32\\services.exe","ParentProcessGuid":"{2E1EBD65-997D-2026-5D5A-193DA96ADD0E}","OriginalFileName":"C:\\Program Files\\Microsoft Office\\Office16\\EXCEL.EXE"}
{"UtcTime":"2026-08-12 15:08:38.000","Computer":"CLM-MESA-014","User":"CLM\\backoffice","EventID":13,"Image":"C:\\Windows\\System32\\RuntimeBroker.exe","ProcessGuid":"{E07A3F6B-C46A-2026-A7F2-A4D9D50093B9}","ProcessId":3748,"EventType":"SetValue","TargetObject":"HKCU\\Software\\CLM\\Mesa\\Pref\\3518","Details":"1"}
{"UtcTime":"2026-08-12 15:08:39.000","Computer":"CLM-MESA-014","User":"CLM\\backoffice","EventID":5,"Image":"C:\\Windows\\System32\\RuntimeBroker.exe","ProcessGuid":"{BFE39FD4-ECAA-2026-8214-2DC8E2980E15}","ProcessId":3038,"EventType":"End"}
{"UtcTime":"2026-08-12 15:08:40.000","Computer":"CLM-MESA-014","User":"CLM\\backoffice","EventID":1,"Image":"C:\\Program Files\\Google\\Chrome\\Application\\chrome.exe","ProcessGuid":"{B30399D9-D1D1-2026-D288-F871B7D9129E}","ProcessId":4973,"CommandLine":"C:\\Program Files\\Google\\Chrome\\Application\\chrome.exe","ParentImage":"C:\\Windows\\System32\\services.exe","ParentProcessGuid":"{DA363B40-DA99-2026-F663-1BAEB5319EEE}","OriginalFileName":"C:\\Program Files\\Google\\Chrome\\Application\\chrome.exe"}
{"UtcTime":"2026-08-12 15:08:41.000","Computer":"CLM-MESA-014","User":"CLM\\backoffice","EventID":3,"Image":"C:\\Program Files\\Google\\Chrome\\Application\\chrome.exe","ProcessGuid":"{A526BBB2-4705-2026-D3FF-C71B45462089}","ProcessId":5425,"DestinationIp":"10.70.30.8","DestinationPort":8080,"DestinationHostname":"ntp.clm.liquidacao","SourceIp":"10.70.30.14","Protocol":"tcp"}
{"UtcTime":"2026-08-12 15:08:42.000","Computer":"CLM-MESA-014","User":"CLM\\ops","EventID":13,"Image":"C:\\Windows\\System32\\svchost.exe","ProcessGuid":"{6ED9D834-C080-2026-752E-4AABE2C88DD3}","ProcessId":2770,"EventType":"SetValue","TargetObject":"HKCU\\Software\\CLM\\Mesa\\Pref\\3522","Details":"1"}
{"UtcTime":"2026-08-12 15:08:43.000","Computer":"CLM-MESA-014","User":"CLM\\mesa","EventID":1,"Image":"C:\\Windows\\System32\\conhost.exe","ProcessGuid":"{292E5F94-35A7-2026-8053-23F8345DF3C6}","ProcessId":8873,"CommandLine":"C:\\Windows\\System32\\conhost.exe","ParentImage":"C:\\Windows\\System32\\services.exe","ParentProcessGuid":"{F5DC3AF4-89CD-2026-4653-41D81D4A8098}","OriginalFileName":"C:\\Windows\\System32\\conhost.exe"}
{"UtcTime":"2026-08-12 15:08:44.000","Computer":"CLM-MESA-014","User":"CLM\\ops","EventID":11,"Image":"C:\\Program Files\\Google\\Chrome\\Application\\chrome.exe","ProcessGuid":"{953EAD50-F9C1-2026-8318-EDC66C1E9F8A}","ProcessId":2573,"TargetFilename":"C:\\Users\\Public\\Temp\\mesa-3524.tmp"}
{"UtcTime":"2026-08-12 15:08:45.000","Computer":"CLM-MESA-014","User":"CLM\\backoffice","EventID":11,"Image":"C:\\Windows\\System32\\svchost.exe","ProcessGuid":"{9013686C-8862-2026-951F-0F32324A827C}","ProcessId":2105,"TargetFilename":"C:\\Users\\Public\\Temp\\mesa-3525.tmp"}
{"UtcTime":"2026-08-12 15:08:46.000","Computer":"CLM-MESA-014","User":"CLM\\ops","EventID":1,"Image":"C:\\Windows\\System32\\svchost.exe","ProcessGuid":"{85CED884-57A1-2026-2DCC-DAAC7809813E}","ProcessId":7327,"CommandLine":"C:\\Windows\\System32\\svchost.exe","ParentImage":"C:\\Windows\\System32\\services.exe","ParentProcessGuid":"{1B62D1C9-C6C2-2026-0DED-31ECB138E699}","OriginalFileName":"C:\\Windows\\System32\\svchost.exe"}
{"UtcTime":"2026-08-12 15:08:47.000","Computer":"CLM-MESA-014","User":"CLM\\backoffice","EventID":3,"Image":"C:\\Program Files\\Google\\Chrome\\Application\\chrome.exe","ProcessGuid":"{76A509DB-4B64-2026-13F0-8CC0F4D8D932}","ProcessId":4549,"DestinationIp":"10.70.30.8","DestinationPort":8080,"DestinationHostname":"portal.clm.liquidacao","SourceIp":"10.70.30.14","Protocol":"tcp"}
{"UtcTime":"2026-08-12 15:08:48.000","Computer":"CLM-MESA-014","User":"CLM\\backoffice","EventID":13,"Image":"C:\\Windows\\System32\\svchost.exe","ProcessGuid":"{99D6CA0D-6FB8-2026-59F9-3CF22390D295}","ProcessId":5391,"EventType":"SetValue","TargetObject":"HKCU\\Software\\CLM\\Mesa\\Pref\\3528","Details":"1"}
{"UtcTime":"2026-08-12 15:08:49.000","Computer":"CLM-MESA-014","User":"CLM\\mesa","EventID":1,"Image":"C:\\Windows\\System32\\conhost.exe","ProcessGuid":"{E0F3A31B-E1F1-2026-B20B-4FEA929A0ED0}","ProcessId":3049,"CommandLine":"C:\\Windows\\System32\\conhost.exe","ParentImage":"C:\\Windows\\System32\\services.exe","ParentProcessGuid":"{77EC9528-E9CC-2026-A21F-921DF4253006}","OriginalFileName":"C:\\Windows\\System32\\conhost.exe"}
{"UtcTime":"2026-08-12 15:08:50.000","Computer":"CLM-MESA-014","User":"CLM\\backoffice","EventID":11,"Image":"C:\\Windows\\System32\\svchost.exe","ProcessGuid":"{357C7086-1FD9-2026-1E8A-EDF5564E73C7}","ProcessId":6147,"TargetFilename":"C:\\Users\\Public\\Temp\\mesa-3530.tmp"}
{"UtcTime":"2026-08-12 15:08:51.000","Computer":"CLM-MESA-014","User":"CLM\\ops","EventID":5,"Image":"C:\\Windows\\explorer.exe","ProcessGuid":"{6971D016-F335-2026-5DE2-0822E93D4668}","ProcessId":4685,"EventType":"End"}
{"UtcTime":"2026-08-12 15:08:52.000","Computer":"CLM-MESA-014","User":"CLM\\mesa","EventID":11,"Image":"C:\\Windows\\System32\\svchost.exe","ProcessGuid":"{E0DDB0F8-80BD-2026-2A7D-17DBC848E409}","ProcessId":6885,"TargetFilename":"C:\\Users\\Public\\Temp\\mesa-3532.tmp"}
{"UtcTime":"2026-08-12 15:08:53.000","Computer":"CLM-MESA-014","User":"CLM\\ops","EventID":1,"Image":"C:\\Program Files\\Microsoft Office\\Office16\\EXCEL.EXE","ProcessGuid":"{0A8E90D7-5028-2026-A88C-86DB8BFA2547}","ProcessId":7596,"CommandLine":"C:\\Program Files\\Microsoft Office\\Office16\\EXCEL.EXE","ParentImage":"C:\\Windows\\System32\\services.exe","ParentProcessGuid":"{1E601FFF-D483-2026-251E-DF8C393B90F3}","OriginalFileName":"C:\\Program Files\\Microsoft Office\\Office16\\EXCEL.EXE"}
{"UtcTime":"2026-08-12 15:08:54.000","Computer":"CLM-MESA-014","User":"CLM\\mesa","EventID":11,"Image":"C:\\Windows\\System32\\conhost.exe","ProcessGuid":"{88BF7BE9-04F0-2026-3317-B75A3E1198E8}","ProcessId":3692,"TargetFilename":"C:\\Users\\Public\\Temp\\mesa-3534.tmp"}
{"UtcTime":"2026-08-12 15:08:55.000","Computer":"CLM-MESA-014","User":"CLM\\mesa","EventID":11,"Image":"C:\\Windows\\System32\\conhost.exe","ProcessGuid":"{7FBBEFA1-51DD-2026-1FF1-BFACA0F6652E}","ProcessId":6026,"TargetFilename":"C:\\Users\\Public\\Temp\\mesa-3535.tmp"}
{"UtcTime":"2026-08-12 15:08:56.000","Computer":"CLM-MESA-014","User":"CLM\\ops","EventID":1,"Image":"C:\\Program Files\\Google\\Chrome\\Application\\chrome.exe","ProcessGuid":"{90B3C253-1FDC-2026-B136-A8214A1752AB}","ProcessId":6881,"CommandLine":"C:\\Program Files\\Google\\Chrome\\Application\\chrome.exe","ParentImage":"C:\\Windows\\System32\\services.exe","ParentProcessGuid":"{D3CB2740-91CD-2026-CF35-B01808D7E05E}","OriginalFileName":"C:\\Program Files\\Google\\Chrome\\Application\\chrome.exe"}
{"UtcTime":"2026-08-12 15:08:57.000","Computer":"CLM-MESA-014","User":"CLM\\backoffice","EventID":1,"Image":"C:\\Program Files\\Microsoft Office\\Office16\\EXCEL.EXE","ProcessGuid":"{72EED589-EAD3-2026-3630-A861F098D74C}","ProcessId":4039,"CommandLine":"C:\\Program Files\\Microsoft Office\\Office16\\EXCEL.EXE","ParentImage":"C:\\Windows\\System32\\services.exe","ParentProcessGuid":"{32F5E30F-5EF7-2026-F8FE-7E480977806E}","OriginalFileName":"C:\\Program Files\\Microsoft Office\\Office16\\EXCEL.EXE"}
{"UtcTime":"2026-08-12 15:08:58.000","Computer":"CLM-MESA-014","User":"CLM\\ops","EventID":1,"Image":"C:\\Windows\\System32\\svchost.exe","ProcessGuid":"{F6B6364F-651E-2026-63C8-4CDC6593126E}","ProcessId":7441,"CommandLine":"C:\\Windows\\System32\\svchost.exe","ParentImage":"C:\\Windows\\System32\\services.exe","ParentProcessGuid":"{40CE0B0B-E55D-2026-825F-48555E87E886}","OriginalFileName":"C:\\Windows\\System32\\svchost.exe"}
{"UtcTime":"2026-08-12 15:08:59.000","Computer":"CLM-MESA-014","User":"CLM\\ops","EventID":1,"Image":"C:\\Program Files\\Microsoft Office\\Office16\\EXCEL.EXE","ProcessGuid":"{A0BFD53C-274D-2026-3B81-0914095E930B}","ProcessId":3741,"CommandLine":"C:\\Program Files\\Microsoft Office\\Office16\\EXCEL.EXE","ParentImage":"C:\\Windows\\System32\\services.exe","ParentProcessGuid":"{A35E92E3-17C6-2026-EED9-BB3960714448}","OriginalFileName":"C:\\Program Files\\Microsoft Office\\Office16\\EXCEL.EXE"}
{"UtcTime":"2026-08-12 15:09:00.000","Computer":"CLM-MESA-014","User":"CLM\\backoffice","EventID":1,"Image":"C:\\Windows\\System32\\conhost.exe","ProcessGuid":"{530AE01E-10B8-2026-D30A-6DE350E8BA6D}","ProcessId":845,"CommandLine":"C:\\Windows\\System32\\conhost.exe","ParentImage":"C:\\Windows\\System32\\services.exe","ParentProcessGuid":"{D6336E11-030C-2026-E2C7-12306F50B9A1}","OriginalFileName":"C:\\Windows\\System32\\conhost.exe"}
{"UtcTime":"2026-08-12 15:09:01.000","Computer":"CLM-MESA-014","User":"CLM\\ops","EventID":13,"Image":"C:\\Windows\\System32\\RuntimeBroker.exe","ProcessGuid":"{F52FFE3E-4B76-2026-9FE8-3D755E04689E}","ProcessId":2849,"EventType":"SetValue","TargetObject":"HKCU\\Software\\CLM\\Mesa\\Pref\\3541","Details":"1"}
{"UtcTime":"2026-08-12 15:09:02.000","Computer":"CLM-MESA-014","User":"CLM\\mesa","EventID":13,"Image":"C:\\Windows\\System32\\conhost.exe","ProcessGuid":"{89E9B2EB-D75D-2026-5D5A-5A1E6135740D}","ProcessId":7859,"EventType":"SetValue","TargetObject":"HKCU\\Software\\CLM\\Mesa\\Pref\\3542","Details":"1"}
{"UtcTime":"2026-08-12 15:09:03.000","Computer":"CLM-MESA-014","User":"CLM\\ops","EventID":1,"Image":"C:\\Windows\\System32\\svchost.exe","ProcessGuid":"{9F25665E-5027-2026-0371-72B8B75B7C94}","ProcessId":7295,"CommandLine":"C:\\Windows\\System32\\svchost.exe","ParentImage":"C:\\Windows\\System32\\services.exe","ParentProcessGuid":"{DBE0E95C-054A-2026-524B-A54AA23B3F3B}","OriginalFileName":"C:\\Windows\\System32\\svchost.exe"}
{"UtcTime":"2026-08-12 15:09:04.000","Computer":"CLM-MESA-014","User":"CLM\\ops","EventID":1,"Image":"C:\\Program Files\\Google\\Chrome\\Application\\chrome.exe","ProcessGuid":"{B2575446-EF4C-2026-CFBB-328D2278FF86}","ProcessId":873,"CommandLine":"C:\\Program Files\\Google\\Chrome\\Application\\chrome.exe","ParentImage":"C:\\Windows\\System32\\services.exe","ParentProcessGuid":"{A2F3FFD9-C28B-2026-691A-B043C1AD2766}","OriginalFileName":"C:\\Program Files\\Google\\Chrome\\Application\\chrome.exe"}
{"UtcTime":"2026-08-12 15:09:05.000","Computer":"CLM-MESA-014","User":"CLM\\ops","EventID":11,"Image":"C:\\Windows\\System32\\RuntimeBroker.exe","ProcessGuid":"{D78D3DC2-8403-2026-B443-27354BF95211}","ProcessId":3145,"TargetFilename":"C:\\Users\\Public\\Temp\\mesa-3545.tmp"}
{"UtcTime":"2026-08-12 15:09:06.000","Computer":"CLM-MESA-014","User":"CLM\\ops","EventID":5,"Image":"C:\\Program Files\\Google\\Chrome\\Application\\chrome.exe","ProcessGuid":"{0DDB1C6C-009F-2026-58AF-AE04A5CE5CD1}","ProcessId":5624,"EventType":"End"}
{"UtcTime":"2026-08-12 15:09:07.000","Computer":"CLM-MESA-014","User":"CLM\\ops","EventID":3,"Image":"C:\\Windows\\System32\\svchost.exe","ProcessGuid":"{9BA69F27-9495-2026-9FFF-8767588F09BB}","ProcessId":8366,"DestinationIp":"1.1.1.1","DestinationPort":135,"DestinationHostname":"portal.clm.liquidacao","SourceIp":"10.70.30.14","Protocol":"tcp"}
{"UtcTime":"2026-08-12 15:09:08.000","Computer":"CLM-MESA-014","User":"CLM\\ops","EventID":5,"Image":"C:\\Program Files\\Google\\Chrome\\Application\\chrome.exe","ProcessGuid":"{388AB08D-1820-2026-FA72-5970E561C0FE}","ProcessId":2976,"EventType":"End"}
{"UtcTime":"2026-08-12 15:09:09.000","Computer":"CLM-MESA-014","User":"CLM\\ops","EventID":3,"Image":"C:\\Windows\\System32\\conhost.exe","ProcessGuid":"{68920FF6-E57F-2026-4CA9-E9FE4D4F4CDE}","ProcessId":1154,"DestinationIp":"10.70.30.8","DestinationPort":8080,"DestinationHostname":"ntp.clm.liquidacao","SourceIp":"10.70.30.14","Protocol":"tcp"}
{"UtcTime":"2026-08-12 15:09:10.000","Computer":"CLM-MESA-014","User":"CLM\\ops","EventID":11,"Image":"C:\\Windows\\System32\\RuntimeBroker.exe","ProcessGuid":"{723250DA-B7F1-2026-4417-B5D446F300BB}","ProcessId":1851,"TargetFilename":"C:\\Users\\Public\\Temp\\mesa-3550.tmp"}
{"UtcTime":"2026-08-12 15:09:11.000","Computer":"CLM-MESA-014","User":"CLM\\backoffice","EventID":1,"Image":"C:\\Program Files\\Google\\Chrome\\Application\\chrome.exe","ProcessGuid":"{233C7BD1-D9F3-2026-710B-946AED7C6A29}","ProcessId":3687,"CommandLine":"C:\\Program Files\\Google\\Chrome\\Application\\chrome.exe","ParentImage":"C:\\Windows\\System32\\services.exe","ParentProcessGuid":"{EF5EA21B-844A-2026-DB38-C73C4C7CC275}","OriginalFileName":"C:\\Program Files\\Google\\Chrome\\Application\\chrome.exe"}
{"UtcTime":"2026-08-12 15:09:12.000","Computer":"CLM-MESA-014","User":"CLM\\backoffice","EventID":1,"Image":"C:\\Windows\\System32\\conhost.exe","ProcessGuid":"{59E3571B-66DE-2026-DA4F-1B2DE240B6C8}","ProcessId":7893,"CommandLine":"C:\\Windows\\System32\\conhost.exe","ParentImage":"C:\\Windows\\System32\\services.exe","ParentProcessGuid":"{B29CA930-9800-2026-B164-D3E2388DB1D5}","OriginalFileName":"C:\\Windows\\System32\\conhost.exe"}
{"UtcTime":"2026-08-12 15:09:13.000","Computer":"CLM-MESA-014","User":"CLM\\mesa","EventID":1,"Image":"C:\\Program Files\\Microsoft Office\\Office16\\EXCEL.EXE","ProcessGuid":"{56395A6A-32E6-2026-431E-1498B00A4059}","ProcessId":6347,"CommandLine":"C:\\Program Files\\Microsoft Office\\Office16\\EXCEL.EXE","ParentImage":"C:\\Windows\\System32\\services.exe","ParentProcessGuid":"{9E7D0D58-2DCD-2026-8FC5-11438BABFCF3}","OriginalFileName":"C:\\Program Files\\Microsoft Office\\Office16\\EXCEL.EXE"}
{"UtcTime":"2026-08-12 15:09:14.000","Computer":"CLM-MESA-014","User":"CLM\\ops","EventID":1,"Image":"C:\\Windows\\explorer.exe","ProcessGuid":"{0C1D0AC7-E59B-2026-7CFF-D67A5DBCFC94}","ProcessId":2730,"CommandLine":"C:\\Windows\\explorer.exe","ParentImage":"C:\\Windows\\System32\\services.exe","ParentProcessGuid":"{C1448BEA-322D-2026-62EA-1B9050A05334}","OriginalFileName":"C:\\Windows\\explorer.exe"}
{"UtcTime":"2026-08-12 15:09:15.000","Computer":"CLM-MESA-014","User":"CLM\\ops","EventID":13,"Image":"C:\\Program Files\\Microsoft Office\\Office16\\EXCEL.EXE","ProcessGuid":"{72BB8471-509D-2026-E3F5-38F065C0640E}","ProcessId":5996,"EventType":"SetValue","TargetObject":"HKCU\\Software\\CLM\\Mesa\\Pref\\3555","Details":"1"}
{"UtcTime":"2026-08-12 15:09:16.000","Computer":"CLM-MESA-014","User":"CLM\\mesa","EventID":1,"Image":"C:\\Program Files\\Microsoft Office\\Office16\\EXCEL.EXE","ProcessGuid":"{1AC7C6C3-C4D7-2026-8A38-E91216003F6C}","ProcessId":1743,"CommandLine":"C:\\Program Files\\Microsoft Office\\Office16\\EXCEL.EXE","ParentImage":"C:\\Windows\\System32\\services.exe","ParentProcessGuid":"{DE4D0611-00D3-2026-9E4B-97963308D8B4}","OriginalFileName":"C:\\Program Files\\Microsoft Office\\Office16\\EXCEL.EXE"}
{"UtcTime":"2026-08-12 15:09:17.000","Computer":"CLM-MESA-014","User":"CLM\\ops","EventID":1,"Image":"C:\\Windows\\explorer.exe","ProcessGuid":"{9505BED8-DF9A-2026-1DB2-F7EAAE78FAD5}","ProcessId":7140,"CommandLine":"C:\\Windows\\explorer.exe","ParentImage":"C:\\Windows\\System32\\services.exe","ParentProcessGuid":"{A5B3987B-2B77-2026-97BF-717B65C8009D}","OriginalFileName":"C:\\Windows\\explorer.exe"}
