{"UtcTime":"2026-08-12 15:09:18.000","Computer":"CLM-MESA-014","User":"CLM\\ops","EventID":1,"Image":"C:\\Windows\\System32\\RuntimeBroker.exe","ProcessGuid":"{25B8F0FD-0823-2026-1803-0AE72C6B7426}","ProcessId":4684,"CommandLine":"C:\\Windows\\System32\\RuntimeBroker.exe","ParentImage":"C:\\Windows\\System32\\services.exe","ParentProcessGuid":"{4F636F91-2A6F-2026-D733-F4B110092C81}","OriginalFileName":"C:\\Windows\\System32\\RuntimeBroker.exe"}
{"UtcTime":"2026-08-12 15:09:19.000","Computer":"CLM-MESA-014","User":"CLM\\ops","EventID":1,"Image":"C:\\Windows\\System32\\RuntimeBroker.exe","ProcessGuid":"{A4F52DDD-2F86-2026-9C20-7EBFEC755023}","ProcessId":1567,"CommandLine":"C:\\Windows\\System32\\RuntimeBroker.exe","ParentImage":"C:\\Windows\\System32\\services.exe","ParentProcessGuid":"{D03585FC-8461-2026-8E5C-8A85A649A027}","OriginalFileName":"C:\\Windows\\System32\\RuntimeBroker.exe"}
{"UtcTime":"2026-08-12 15:09:20.000","Computer":"CLM-MESA-014","User":"CLM\\mesa","EventID":1,"Image":"C:\\Program Files\\Google\\Chrome\\Application\\chrome.exe","ProcessGuid":"{B2FA1EA2-4098-2026-8F10-1F94AA6CE47F}","ProcessId":5676,"CommandLine":"C:\\Program Files\\Google\\Chrome\\Application\\chrome.exe","ParentImage":"C:\\Windows\\System32\\services.exe","ParentProcessGuid":"{3C7A47A6-5392-2026-6E40-1DB0DEA0FAFE}","OriginalFileName":"C:\\Program Files\\Google\\Chrome\\Application\\chrome.exe"}
{"UtcTime":"2026-08-12 15:09:21.000","Computer":"CLM-MESA-014","User":"CLM\\ops","EventID":5,"Image":"C:\\Windows\\System32\\RuntimeBroker.exe","ProcessGuid":"{188DF399-BA00-2026-C0CE-E566B65FBB1A}","ProcessId":1276,"EventType":"End"}
{"UtcTime":"2026-08-12 15:09:22.000","Computer":"CLM-MESA-014","User":"CLM\\mesa","EventID":13,"Image":"C:\\Program Files\\Microsoft Office\\Office16\\EXCEL.EXE","ProcessGuid":"{5D1F5E5A-BB84-2026-2FC9-3B58CC0E0A30}","ProcessId":6635,"EventType":"SetValue","TargetObject":"HKCU\\Software\\CLM\\Mesa\\Pref\\3562","Details":"1"}
{"UtcTime":"2026-08-12 15:09:23.000","Computer":"CLM-MESA-014","User":"CLM\\ops","EventID":11,"Image":"C:\\Program Files\\Google\\Chrome\\Application\\chrome.exe","ProcessGuid":"{A883CF84-0CE5-2026-BC9E-474D575AEF74}","ProcessId":8249,"TargetFilename":"C:\\Users\\Public\\Temp\\mesa-3563.tmp"}
{"UtcTime":"2026-08-12 15:09:24.000","Computer":"CLM-MESA-014","User":"CLM\\ops","EventID":1,"Image":"C:\\Program Files\\Microsoft Office\\Office16\\EXCEL.EXE","ProcessGuid":"{B32B13FA-A7D4-2026-FE2B-6D0F84C8D20E}","ProcessId":2080,"CommandLine":"C:\\Program Files\\Microsoft Office\\Office16\\EXCEL.EXE","ParentImage":"C:\\Windows\\System32\\services.exe","ParentProcessGuid":"{E6914561-CA6D-2026-E81B-83343E4BE2D0}","OriginalFileName":"C:\\Program Files\\Microsoft Office\\Office16\\EXCEL.EXE"}
{"UtcTime":"2026-08-12 15:09:25.000","Computer":"CLM-MESA-014","User":"CLM\\backoffice","EventID":1,"Image":"C:\\Program Files\\Google\\Chrome\\Application\\chrome.exe","ProcessGuid":"{7F476969-55E3-2026-616E-2CD2583691DD}","ProcessId":5224,"CommandLine":"C:\\Program Files\\Google\\Chrome\\Application\\chrome.exe","ParentImage":"C:\\Windows\\System32\\services.exe","ParentProcessGuid":"{02C6E357-DD72-2026-13D4-7C2BDE3A91B1}","OriginalFileName":"C:\\Program Files\\Google\\Chrome\\Application\\chrome.exe"}
{"UtcTime":"2026-08-12 15:09:26.000","Computer":"CLM-MESA-014","User":"CLM\\mesa","EventID":11,"Image":"C:\\Program Files\\Google\\Chrome\\Application\\chrome.exe","ProcessGuid":"{B2A1CA5F-1E7D-2026-D1F1-8AD63947E54B}","ProcessId":842,"TargetFilename":"C:\\Users\\Public\\Temp\\mesa-3566.tmp"}
{"UtcTime":"2026-08-12 15:09:27.000","Computer":"CLM-MESA-014","User":"CLM\\ops","EventID":11,"Image":"C:\\Windows\\explorer.exe","ProcessGuid":"{A0017049-09A9-2026-4E4A-C19D28B478CC}","ProcessId":8774,"TargetFilename":"C:\\Users\\Public\\Temp\\mesa-3567.tmp"}
{"UtcTime":"2026-08-12 15:09:28.000","Computer":"CLM-MESA-014","User":"CLM\\ops","EventID":13,"Image":"C:\\Windows\\explorer.exe","ProcessGuid":"{1827F649-624F-2026-8264-7DA06FCA1055}","ProcessId":2545,"EventType":"SetValue","TargetObject":"HKCU\\Software\\CLM\\Mesa\\Pref\\3568","Details":"1"}
{"UtcTime":"2026-08-12 15:09:29.000","Computer":"CLM-MESA-014","User":"CLM\\ops","EventID":13,"Image":"C:\\Program Files\\Google\\Chrome\\Application\\chrome.exe","ProcessGuid":"{C4A3AEB8-4555-2026-6446-303DA30B8452}","ProcessId":6493,"EventType":"SetValue","TargetObject":"HKCU\\Software\\CLM\\Mesa\\Pref\\3569","Details":"1"}
{"UtcTime":"2026-08-12 15:09:30.000","Computer":"CLM-MESA-014","User":"CLM\\backoffice","EventID":13,"Image":"C:\\Program Files\\Google\\Chrome\\Application\\chrome.exe","ProcessGuid":"{506D6597-B8A3-2026-46B3-97C11E18CDE4}","ProcessId":4228,"EventType":"SetValue","TargetObject":"HKCU\\Software\\CLM\\Mesa\\Pref\\3570","Details":"1"}
{"UtcTime":"2026-08-12 15:09:31.000","Computer":"CLM-MESA-014","User":"CLM\\ops","EventID":1,"Image":"C:\\Windows\\System32\\RuntimeBroker.exe","ProcessGuid":"{EEF9508F-1A41-2026-8D8A-A8C4976AB658}","ProcessId":8061,"CommandLine":"C:\\Windows\\System32\\RuntimeBroker.exe","ParentImage":"C:\\Windows\\System32\\services.exe","ParentProcessGuid":"{C8C11BB7-D55D-2026-C325-846F59EFEE72}","OriginalFileName":"C:\\Windows\\System32\\RuntimeBroker.exe"}
{"UtcTime":"2026-08-12 15:09:32.000","Computer":"CLM-MESA-014","User":"CLM\\ops","EventID":3,"Image":"C:\\Program Files\\Google\\Chrome\\Application\\chrome.exe","ProcessGuid":"{AACB57EB-CC0A-2026-73E3-668AFB9E0F00}","ProcessId":2601,"DestinationIp":"10.70.30.1","DestinationPort":8080,"DestinationHostname":"portal.clm.liquidacao","SourceIp":"10.70.30.14","Protocol":"tcp"}
{"UtcTime":"2026-08-12 15:09:33.000","Computer":"CLM-MESA-014","User":"CLM\\ops","EventID":3,"Image":"C:\\Program Files\\Microsoft Office\\Office16\\EXCEL.EXE","ProcessGuid":"{B21AD802-831E-2026-78C9-FD12A69374B2}","ProcessId":2880,"DestinationIp":"1.1.1.1","DestinationPort":135,"DestinationHostname":"portal.clm.liquidacao","SourceIp":"10.70.30.14","Protocol":"tcp"}
{"UtcTime":"2026-08-12 15:09:34.000","Computer":"CLM-MESA-014","User":"CLM\\mesa","EventID":1,"Image":"C:\\Windows\\System32\\svchost.exe","ProcessGuid":"{7FEAB5DE-54EA-2026-40C4-6817CD509D3E}","ProcessId":6946,"CommandLine":"C:\\Windows\\System32\\svchost.exe","ParentImage":"C:\\Windows\\System32\\services.exe","ParentProcessGuid":"{F6CCEE54-1EA7-2026-9CD0-425E1CF7FC37}","OriginalFileName":"C:\\Windows\\System32\\svchost.exe"}
{"UtcTime":"2026-08-12 15:09:35.000","Computer":"CLM-MESA-014","User":"CLM\\ops","EventID":1,"Image":"C:\\Windows\\System32\\conhost.exe","ProcessGuid":"{6CAC3D84-7103-2026-593C-CA6D3D39415F}","ProcessId":1494,"CommandLine":"C:\\Windows\\System32\\conhost.exe","ParentImage":"C:\\Windows\\System32\\services.exe","ParentProcessGuid":"{24139F3C-8C6D-2026-66D1-72D0EAD5892F}","OriginalFileName":"C:\\Windows\\System32\\conhost.exe"}
{"UtcTime":"2026-08-12 15:09:36.000","Computer":"CLM-MESA-014","User":"CLM\\backoffice","EventID":3,"Image":"C:\\Windows\\System32\\svchost.exe","ProcessGuid":"{4E268DA6-5372-2026-0433-2452F99A4C0B}","ProcessId":1183,"DestinationIp":"8.8.8.8","DestinationPort":135,"DestinationHostname":"portal.clm.liquidacao","SourceIp":"10.70.30.14","Protocol":"tcp"}
{"UtcTime":"2026-08-12 15:09:37.000","Computer":"CLM-MESA-014","User":"CLM\\backoffice","EventID":5,"Image":"C:\\Windows\\System32\\conhost.exe","ProcessGuid":"{A9FDC44E-8F3B-2026-F77D-14E3A66560BC}","ProcessId":4523,"EventType":"End"}
{"UtcTime":"2026-08-12 15:09:38.000","Computer":"CLM-MESA-014","User":"CLM\\backoffice","EventID":5,"Image":"C:\\Program Files\\Microsoft Office\\Office16\\EXCEL.EXE","ProcessGuid":"{259C0F41-1D1B-2026-7C53-D9A903C31C4A}","ProcessId":8257,"EventType":"End"}
{"UtcTime":"2026-08-12 15:09:39.000","Computer":"CLM-MESA-014","User":"CLM\\backoffice","EventID":13,"Image":"C:\\Program Files\\Google\\Chrome\\Application\\chrome.exe","ProcessGuid":"{DE599FE5-B4A2-2026-28BA-A3FF5F21DE27}","ProcessId":1074,"EventType":"SetValue","TargetObject":"HKCU\\Software\\CLM\\Mesa\\Pref\\3579","Details":"1"}
{"UtcTime":"2026-08-12 15:09:40.000","Computer":"CLM-MESA-014","User":"CLM\\backoffice","EventID":13,"Image":"C:\\Program Files\\Google\\Chrome\\Application\\chrome.exe","ProcessGuid":"{86389E72-2EF9-2026-8D72-F59E83D8A904}","ProcessId":7129,"EventType":"SetValue","TargetObject":"HKCU\\Software\\CLM\\Mesa\\Pref\\3580","Details":"1"}
{"UtcTime":"2026-08-12 15:09:41.000","Computer":"CLM-MESA-014","User":"CLM\\backoffice","EventID":1,"Image":"C:\\Program Files\\Microsoft Office\\Office16\\EXCEL.EXE","ProcessGuid":"{8C387EBB-F21D-2026-B26A-9830FFC28ED2}","ProcessId":8581,"CommandLine":"C:\\Program Files\\Microsoft Office\\Office16\\EXCEL.EXE","ParentImage":"C:\\Windows\\System32\\services.exe","ParentProcessGuid":"{7A4B5526-B4F0-2026-4277-59F21A47BA3F}","OriginalFileName":"C:\\Program Files\\Microsoft Office\\Office16\\EXCEL.EXE"}
{"UtcTime":"2026-08-12 15:09:42.000","Computer":"CLM-MESA-014","User":"CLM\\mesa","EventID":13,"Image":"C:\\Windows\\System32\\svchost.exe","ProcessGuid":"{E50E8FDC-A275-2026-BE15-D200099CF704}","ProcessId":7888,"EventType":"SetValue","TargetObject":"HKCU\\Software\\CLM\\Mesa\\Pref\\3582","Details":"1"}
{"UtcTime":"2026-08-12 15:09:43.000","Computer":"CLM-MESA-014","User":"CLM\\ops","EventID":1,"Image":"C:\\Windows\\System32\\svchost.exe","ProcessGuid":"{F336D8AF-0138-2026-825C-C97A79378EF9}","ProcessId":8925,"CommandLine":"C:\\Windows\\System32\\svchost.exe","ParentImage":"C:\\Windows\\System32\\services.exe","ParentProcessGuid":"{EAAA2649-B25C-2026-7BBE-7DFC6C06A982}","OriginalFileName":"C:\\Windows\\System32\\svchost.exe"}
{"UtcTime":"2026-08-12 15:09:44.000","Computer":"CLM-MESA-014","User":"CLM\\mesa","EventID":11,"Image":"C:\\Windows\\System32\\conhost.exe","ProcessGuid":"{7B0B7091-E79D-2026-B184-A340388238F1}","ProcessId":4487,"TargetFilename":"C:\\Users\\Public\\Temp\\mesa-3584.tmp"}
{"UtcTime":"2026-08-12 15:09:45.000","Computer":"CLM-MESA-014","User":"CLM\\ops","EventID":13,"Image":"C:\\Program Files\\Microsoft Office\\Office16\\EXCEL.EXE","ProcessGuid":"{2888D49D-4459-2026-2502-3B2EAD442F4C}","ProcessId":2537,"EventType":"SetValue","TargetObject":"HKCU\\Software\\CLM\\Mesa\\Pref\\3585","Details":"1"}
{"UtcTime":"2026-08-12 15:09:46.000","Computer":"CLM-MESA-014","User":"CLM\\mesa","EventID":1,"Image":"C:\\Windows\\System32\\conhost.exe","ProcessGuid":"{7BAA6F9B-DFC2-2026-CD35-19CA24580674}","ProcessId":7313,"CommandLine":"C:\\Windows\\System32\\conhost.exe","ParentImage":"C:\\Windows\\System32\\services.exe","ParentProcessGuid":"{D47CF58B-FBC6-2026-44EC-2AC08041920B}","OriginalFileName":"C:\\Windows\\System32\\conhost.exe"}
{"UtcTime":"2026-08-12 15:09:47.000","Computer":"CLM-MESA-014","User":"CLM\\backoffice","EventID":3,"Image":"C:\\Program Files\\Google\\Chrome\\Application\\chrome.exe","ProcessGuid":"{DF27EE32-D95A-2026-6B4A-FB8091FD23E7}","ProcessId":7382,"DestinationIp":"1.1.1.1","DestinationPort":443,"DestinationHostname":"portal.clm.liquidacao","SourceIp":"10.70.30.14","Protocol":"tcp"}
{"UtcTime":"2026-08-12 15:09:48.000","Computer":"CLM-MESA-014","User":"CLM\\mesa","EventID":5,"Image":"C:\\Windows\\System32\\RuntimeBroker.exe","ProcessGuid":"{DBFAFD89-EF3E-2026-B904-93852FB47085}","ProcessId":8404,"EventType":"End"}
{"UtcTime":"2026-08-12 15:09:49.000","Computer":"CLM-MESA-014","User":"CLM\\mesa","EventID":1,"Image":"C:\\Windows\\System32\\conhost.exe","ProcessGuid":"{4B0869F7-BEC6-2026-58C2-66E8A2D4F411}","ProcessId":3912,"CommandLine":"C:\\Windows\\System32\\conhost.exe","ParentImage":"C:\\Windows\\System32\\services.exe","ParentProcessGuid":"{066DDD03-4402-2026-F68D-90CD2D7D6E1B}","OriginalFileName":"C:\\Windows\\System32\\conhost.exe"}
{"UtcTime":"2026-08-12 15:09:50.000","Computer":"CLM-MESA-014","User":"CLM\\backoffice","EventID":11,"Image":"C:\\Windows\\System32\\RuntimeBroker.exe","ProcessGuid":"{07783D74-3F99-2026-E1DE-AA0217D6A06E}","ProcessId":4812,"TargetFilename":"C:\\Users\\Public\\Temp\\mesa-3590.tmp"}
{"UtcTime":"2026-08-12 15:09:51.000","Computer":"CLM-MESA-014","User":"CLM\\ops","EventID":3,"Image":"C:\\Program Files\\Google\\Chrome\\Application\\chrome.exe","ProcessGuid":"{1D75DFAE-CDE5-2026-9912-93F772178499}","ProcessId":6191,"DestinationIp":"10.70.30.8","DestinationPort":53,"DestinationHostname":"portal.clm.liquidacao","SourceIp":"10.70.30.14","Protocol":"tcp"}
{"UtcTime":"2026-08-12 15:09:52.000","Computer":"CLM-MESA-014","User":"CLM\\mesa","EventID":1,"Image":"C:\\Windows\\System32\\svchost.exe","ProcessGuid":"{29A86BE9-F307-2026-40CD-E37F5164BB56}","ProcessId":6353,"CommandLine":"C:\\Windows\\System32\\svchost.exe","ParentImage":"C:\\Windows\\System32\\services.exe","ParentProcessGuid":"{20F273B9-F3AB-2026-B99C-75B84CD8C421}","OriginalFileName":"C:\\Windows\\System32\\svchost.exe"}
{"UtcTime":"2026-08-12 15:09:53.000","Computer":"CLM-MESA-014","User":"CLM\\backoffice","EventID":3,"Image":"C:\\Windows\\System32\\svchost.exe","ProcessGuid":"{1D3CF947-BC55-2026-524B-AC5F20621EE2}","ProcessId":8154,"DestinationIp":"1.1.1.1","DestinationPort":443,"DestinationHostname":"portal.clm.liquidacao","SourceIp":"10.70.30.14","Protocol":"tcp"}
{"UtcTime":"2026-08-12 15:09:54.000","Computer":"CLM-MESA-014","User":"CLM\\ops","EventID":13,"Image":"C:\\Windows\\System32\\svchost.exe","ProcessGuid":"{CBC80FB8-7088-2026-0CD8-95D8824A87C7}","ProcessId":868,"EventType":"SetValue","TargetObject":"HKCU\\Software\\CLM\\Mesa\\Pref\\3594","Details":"1"}
{"UtcTime":"2026-08-12 15:09:55.000","Computer":"CLM-MESA-014","User":"CLM\\backoffice","EventID":3,"Image":"C:\\Program Files\\Google\\Chrome\\Application\\chrome.exe","ProcessGuid":"{A3A98A13-C307-2026-7CDE-1B828B98F6FE}","ProcessId":1667,"DestinationIp":"1.1.1.1","DestinationPort":135,"DestinationHostname":"ntp.clm.liquidacao","SourceIp":"10.70.30.14","Protocol":"tcp"}
{"UtcTime":"2026-08-12 15:09:56.000","Computer":"CLM-MESA-014","User":"CLM\\mesa","EventID":1,"Image":"C:\\Windows\\explorer.exe","ProcessGuid":"{E7D43C7F-299B-2026-6407-BBF71F5B1F53}","ProcessId":2788,"CommandLine":"C:\\Windows\\explorer.exe","ParentImage":"C:\\Windows\\System32\\services.exe","ParentProcessGuid":"{9E3B5A46-DD68-2026-E036-71C590B6D50B}","OriginalFileName":"C:\\Windows\\explorer.exe"}
{"UtcTime":"2026-08-12 15:09:57.000","Computer":"CLM-MESA-014","User":"CLM\\backoffice","EventID":1,"Image":"C:\\Program Files\\Google\\Chrome\\Application\\chrome.exe","ProcessGuid":"{7BA27686-E169-2026-9837-6562B704C7D4}","ProcessId":6263,"CommandLine":"C:\\Program Files\\Google\\Chrome\\Application\\chrome.exe","ParentImage":"C:\\Windows\\System32\\services.exe","ParentProcessGuid":"{C75D6B18-0F82-2026-EE91-AB0480D5E16E}","OriginalFileName":"C:\\Program Files\\Google\\Chrome\\Application\\chrome.exe"}
{"UtcTime":"2026-08-12 15:09:58.000","Computer":"CLM-MESA-014","User":"CLM\\backoffice","EventID":5,"Image":"C:\\Windows\\System32\\svchost.exe","ProcessGuid":"{68E90026-C8D0-2026-3F9D-AD970DFBB80D}","ProcessId":2937,"EventType":"End"}
{"UtcTime":"2026-08-12 15:09:59.000","Computer":"CLM-MESA-014","User":"CLM\\mesa","EventID":5,"Image":"C:\\Program Files\\Google\\Chrome\\Application\\chrome.exe","ProcessGuid":"{FE2DD471-C85E-2026-7878-AEE60B7D6C8F}","ProcessId":5009,"EventType":"End"}
{"UtcTime":"2026-08-12 15:10:00.000","Computer":"CLM-MESA-014","User":"CLM\\backoffice","EventID":5,"Image":"C:\\Program Files\\Google\\Chrome\\Application\\chrome.exe","ProcessGuid":"{095F2DE4-FE5E-2026-1916-5FA94E4980F3}","ProcessId":4184,"EventType":"End"}
{"UtcTime":"2026-08-12 15:10:01.000","Computer":"CLM-MESA-014","User":"CLM\\ops","EventID":1,"Image":"C:\\Program Files\\Google\\Chrome\\Application\\chrome.exe","ProcessGuid":"{BEE1E34B-EFA7-2026-1E6C-FC7DC806FF5D}","ProcessId":5062,"CommandLine":"C:\\Program Files\\Google\\Chrome\\Application\\chrome.exe","ParentImage":"C:\\Windows\\System32\\services.exe","ParentProcessGuid":"{02B20EC3-EC14-2026-D271-D37E07D60F48}","OriginalFileName":"C:\\Program Files\\Google\\Chrome\\Application\\chrome.exe"}
{"UtcTime":"2026-08-12 15:10:02.000","Computer":"CLM-MESA-014","User":"CLM\\ops","EventID":1,"Image":"C:\\Windows\\System32\\svchost.exe","ProcessGuid":"{A28A6D28-D16C-2026-5185-BF97F92FBBE5}","ProcessId":4736,"CommandLine":"C:\\Windows\\System32\\svchost.exe","ParentImage":"C:\\Windows\\System32\\services.exe","ParentProcessGuid":"{6F78E6E9-309E-2026-DA0C-D2F263C4B2EA}","OriginalFileName":"C:\\Windows\\System32\\svchost.exe"}
{"UtcTime":"2026-08-12 15:10:03.000","Computer":"CLM-MESA-014","User":"CLM\\ops","EventID":11,"Image":"C:\\Windows\\System32\\conhost.exe","ProcessGuid":"{53E4EEE9-ACEE-2026-8CAA-162A9B0CA3CD}","ProcessId":3371,"TargetFilename":"C:\\Users\\Public\\Temp\\mesa-3603.tmp"}
{"UtcTime":"2026-08-12 15:10:04.000","Computer":"CLM-MESA-014","User":"CLM\\backoffice","EventID":1,"Image":"C:\\Program Files\\Google\\Chrome\\Application\\chrome.exe","ProcessGuid":"{32B8EB40-3E39-2026-A5A5-C5E4C5A58AB0}","ProcessId":2133,"CommandLine":"C:\\Program Files\\Google\\Chrome\\Application\\chrome.exe","ParentImage":"C:\\Windows\\System32\\services.exe","ParentProcessGuid":"{4362DD21-7CEF-2026-0BB0-4009CB03736A}","OriginalFileName":"C:\\Program Files\\Google\\Chrome\\Application\\chrome.exe"}
{"UtcTime":"2026-08-12 15:10:05.000","Computer":"CLM-MESA-014","User":"CLM\\ops","EventID":1,"Image":"C:\\Windows\\System32\\svchost.exe","ProcessGuid":"{863AFA25-0DF4-2026-F423-773753E366FA}","ProcessId":5239,"CommandLine":"C:\\Windows\\System32\\svchost.exe","ParentImage":"C:\\Windows\\System32\\services.exe","ParentProcessGuid":"{D0F95A69-8709-2026-4BAA-AE990956284A}","OriginalFileName":"C:\\Windows\\System32\\svchost.exe"}
{"UtcTime":"2026-08-12 15:10:06.000","Computer":"CLM-MESA-014","User":"CLM\\backoffice","EventID":1,"Image":"C:\\Windows\\System32\\RuntimeBroker.exe","ProcessGuid":"{735A290E-D2E7-2026-6AFD-BFD57F9DEB8E}","ProcessId":4404,"CommandLine":"C:\\Windows\\System32\\RuntimeBroker.exe","ParentImage":"C:\\Windows\\System32\\services.exe","ParentProcessGuid":"{5AC18041-2FF4-2026-B0FA-AE15195FC874}","OriginalFileName":"C:\\Windows\\System32\\RuntimeBroker.exe"}
{"UtcTime":"2026-08-12 15:10:07.000","Computer":"CLM-MESA-014","User":"CLM\\ops","EventID":5,"Image":"C:\\Program Files\\Google\\Chrome\\Application\\chrome.exe","ProcessGuid":"{469DB08D-1CA0-2026-6DA8-2F0CEA20259A}","ProcessId":722,"EventType":"End"}
{"UtcTime":"2026-08-12 15:10:08.000","Computer":"CLM-MESA-014","User":"CLM\\mesa","EventID":5,"Image":"C:\\Windows\\explorer.exe","ProcessGuid":"{98AEB649-F4E2-2026-E8BB-1E8389246866}","ProcessId":677,"EventType":"End"}
{"UtcTime":"2026-08-12 15:10:09.000","Computer":"CLM-MESA-014","User":"CLM\\mesa","EventID":3,"Image":"C:\\Windows\\System32\\conhost.exe","ProcessGuid":"{3B41D056-DA8D-2026-C4EE-51111BEE07CA}","ProcessId":518,"DestinationIp":"8.8.8.8","DestinationPort":135,"DestinationHostname":"portal.clm.liquidacao","SourceIp":"10.70.30.14","Protocol":"tcp"}
{"UtcTime":"2026-08-12 15:10:10.000","Computer":"CLM-MESA-014","User":"CLM\\backoffice","EventID":1,"Image":"C:\\Program Files\\Microsoft Office\\Office16\\EXCEL.EXE","ProcessGuid":"{B896D94E-ECBD-2026-9726-81F647B7BC6D}","ProcessId":3301,"CommandLine":"C:\\Program Files\\Microsoft Office\\Office16\\EXCEL.EXE","ParentImage":"C:\\Windows\\System32\\services.exe","ParentProcessGuid":"{A5C4FE9C-4934-2026-AE27-34C7BC5AFAA2}","OriginalFileName":"C:\\Program Files\\Microsoft Office\\Office16\\EXCEL.EXE"}
{"UtcTime":"2026-08-12 15:10:11.000","Computer":"CLM-MESA-014","User":"CLM\\mesa","EventID":3,"Image":"C:\\Windows\\System32\\svchost.exe","ProcessGuid":"{F53E310C-7A48-2026-FFE3-5BED781419A6}","ProcessId":1034,"DestinationIp":"10.70.30.1","DestinationPort":135,"DestinationHostname":"portal.clm.liquidacao","SourceIp":"10.70.30.14","Protocol":"tcp"}
{"UtcTime":"2026-08-12 15:10:12.000","Computer":"CLM-MESA-014","User":"CLM\\mesa","EventID":1,"Image":"C:\\Windows\\System32\\RuntimeBroker.exe","ProcessGuid":"{FA2FC047-D53E-2026-A91D-CE8DEA523F1C}","ProcessId":3476,"CommandLine":"C:\\Windows\\System32\\RuntimeBroker.exe","ParentImage":"C:\\Windows\\System32\\services.exe","ParentProcessGuid":"{78446DBE-1252-2026-14E3-8A1B0C054B6F}","OriginalFileName":"C:\\Windows\\System32\\RuntimeBroker.exe"}
{"UtcTime":"2026-08-12 15:10:13.000","Computer":"CLM-MESA-014","User":"CLM\\ops","EventID":5,"Image":"C:\\Program Files\\Microsoft Office\\Office16\\EXCEL.EXE","ProcessGuid":"{699D3B30-B66E-2026-B221-504608436686}","ProcessId":7041,"EventType":"End"}
{"UtcTime":"2026-08-12 15:10:14.000","Computer":"CLM-MESA-014","User":"CLM\\mesa","EventID":1,"Image":"C:\\Windows\\System32\\svchost.exe","ProcessGuid":"{9890D08C-BB08-2026-CBF2-D99207BF567C}","ProcessId":6252,"CommandLine":"C:\\Windows\\System32\\svchost.exe","ParentImage":"C:\\Windows\\System32\\services.exe","ParentProcessGuid":"{E744FCB1-AD5D-2026-4C08-20F575391BB8}","OriginalFileName":"C:\\Windows\\System32\\svchost.exe"}
{"UtcTime":"2026-08-12 15:10:15.000","Computer":"CLM-MESA-014","User":"CLM\\ops","EventID":5,"Image":"C:\\Windows\\System32\\conhost.exe","ProcessGuid":"{8CE39E91-4203-2026-8D15-279F99CF4306}","ProcessId":6386,"EventType":"End"}
{"UtcTime":"2026-08-12 15:10:16.000","Computer":"CLM-MESA-014","User":"CLM\\mesa","EventID":5,"Image":"C:\\Program Files\\Microsoft Office\\Office16\\EXCEL.EXE","ProcessGuid":"{D5064DD7-223C-2026-C99C-B0D8DBE059D7}","ProcessId":2888,"EventType":"End"}
{"UtcTime":"2026-08-12 15:10:17.000","Computer":"CLM-MESA-014","User":"CLM\\mesa","EventID":11,"Image":"C:\\Program Files\\Google\\Chrome\\Application\\chrome.exe","ProcessGuid":"{EB5CFCDA-3939-2026-E278-C2A92728DF90}","ProcessId":3339,"TargetFilename":"C:\\Users\\Public\\Temp\\mesa-3617.tmp"}
{"UtcTime":"2026-08-12 15:10:18.000","Computer":"CLM-MESA-014","User":"CLM\\ops","EventID":11,"Image":"C:\\Windows\\System32\\RuntimeBroker.exe","ProcessGuid":"{FBD442BE-97FE-2026-09A2-6BE36AA3F671}","ProcessId":3553,"TargetFilename":"C:\\Users\\Public\\Temp\\mesa-3618.tmp"}
{"UtcTime":"2026-08-12 15:10:19.000","Computer":"CLM-MESA-014","User":"CLM\\backoffice","EventID":1,"Image":"C:\\Windows\\explorer.exe","ProcessGuid":"{4CB0DA3D-CB02-2026-EC5A-29A2BDBD099D}","ProcessId":4369,"CommandLine":"C:\\Windows\\explorer.exe","ParentImage":"C:\\Windows\\System32\\services.exe","ParentProcessGuid":"{0B40BA76-227A-2026-A1E3-0866E9DBC89D}","OriginalFileName":"C:\\Windows\\explorer.exe"}
{"UtcTime":"2026-08-12 15:10:20.000","Computer":"CLM-MESA-014","User":"CLM\\backoffice","EventID":1,"Image":"C:\\Windows\\System32\\svchost.exe","ProcessGuid":"{9663F7CD-F142-2026-9298-45ED45ACE81A}","ProcessId":1074,"CommandLine":"C:\\Windows\\System32\\svchost.exe","ParentImage":"C:\\Windows\\System32\\services.exe","ParentProcessGuid":"{692847A5-5A4C-2026-5313-E26EFA7CF6DE}","OriginalFileName":"C:\\Windows\\System32\\svchost.exe"}
{"UtcTime":"2026-08-12 15:10:21.000","Computer":"CLM-MESA-014","User":"CLM\\mesa","EventID":1,"Image":"C:\\Windows\\explorer.exe","ProcessGuid":"{882917EC-4257-2026-C115-BC708A727F2F}","ProcessId":3996,"CommandLine":"C:\\Windows\\explorer.exe","ParentImage":"C:\\Windows\\System32\\services.exe","ParentProcessGuid":"{72690020-D4D2-2026-0E15-1FA9B0EF3A18}","OriginalFileName":"C:\\Windows\\explorer.exe"}
{"UtcTime":"2026-08-12 15:10:22.000","Computer":"CLM-MESA-014","User":"CLM\\mesa","EventID":11,"Image":"C:\\Program Files\\Google\\Chrome\\Application\\chrome.exe","ProcessGuid":"{D3087A3D-D56B-2026-D19A-5B2047583077}","ProcessId":4822,"TargetFilename":"C:\\Users\\Public\\Temp\\mesa-3622.tmp"}
{"UtcTime":"2026-08-12 15:10:23.000","Computer":"CLM-MESA-014","User":"CLM\\backoffice","EventID":3,"Image":"C:\\Program Files\\Microsoft Office\\Office16\\EXCEL.EXE","ProcessGuid":"{6F155DCC-2A08-2026-E0A4-8EB5B4C25381}","ProcessId":4805,"DestinationIp":"10.70.30.8","DestinationPort":443,"DestinationHostname":"portal.clm.liquidacao","SourceIp":"10.70.30.14","Protocol":"tcp"}
{"UtcTime":"2026-08-12 15:10:24.000","Computer":"CLM-MESA-014","User":"CLM\\mesa","EventID":1,"Image":"C:\\Program Files\\Microsoft Office\\Office16\\EXCEL.EXE","ProcessGuid":"{1A3AB974-E88C-2026-43AC-3AC09BC6C58D}","ProcessId":1815,"CommandLine":"C:\\Program Files\\Microsoft Office\\Office16\\EXCEL.EXE","ParentImage":"C:\\Windows\\System32\\services.exe","ParentProcessGuid":"{BC19FEE3-663A-2026-3D6A-F81AD3B7CD07}","OriginalFileName":"C:\\Program Files\\Microsoft Office\\Office16\\EXCEL.EXE"}
{"UtcTime":"2026-08-12 15:10:25.000","Computer":"CLM-MESA-014","User":"CLM\\backoffice","EventID":1,"Image":"C:\\Windows\\System32\\svchost.exe","ProcessGuid":"{5B5D0649-283C-2026-CA0D-22231C456E36}","ProcessId":8594,"CommandLine":"C:\\Windows\\System32\\svchost.exe","ParentImage":"C:\\Windows\\System32\\services.exe","ParentProcessGuid":"{F9E68C94-2F41-2026-4C1E-B669EB94CEF2}","OriginalFileName":"C:\\Windows\\System32\\svchost.exe"}
{"UtcTime":"2026-08-12 15:10:26.000","Computer":"CLM-MESA-014","User":"CLM\\mesa","EventID":1,"Image":"C:\\Windows\\System32\\conhost.exe","ProcessGuid":"{B44FCD8A-63C7-2026-7B79-BAB3507901C3}","ProcessId":3559,"CommandLine":"C:\\Windows\\System32\\conhost.exe","ParentImage":"C:\\Windows\\System32\\services.exe","ParentProcessGuid":"{F795120C-9A62-2026-7426-117EB4B50C94}","OriginalFileName":"C:\\Windows\\System32\\conhost.exe"}
{"UtcTime":"2026-08-12 15:10:27.000","Computer":"CLM-MESA-014","User":"CLM\\backoffice","EventID":5,"Image":"C:\\Windows\\explorer.exe","ProcessGuid":"{02744EC1-A652-2026-AA38-80F3E8D46B63}","ProcessId":3855,"EventType":"End"}
{"UtcTime":"2026-08-12 15:10:28.000","Computer":"CLM-MESA-014","User":"CLM\\ops","EventID":5,"Image":"C:\\Windows\\explorer.exe","ProcessGuid":"{21F3B4E3-7FDA-2026-97B6-C81138268712}","ProcessId":7249,"EventType":"End"}
{"UtcTime":"2026-08-12 15:10:29.000","Computer":"CLM-MESA-014","User":"CLM\\mesa","EventID":1,"Image":"C:\\Windows\\explorer.exe","ProcessGuid":"{634436C4-4E47-2026-46E8-2C51597C5F31}","ProcessId":4363,"CommandLine":"C:\\Windows\\explorer.exe","ParentImage":"C:\\Windows\\System32\\services.exe","ParentProcessGuid":"{896054B4-A922-2026-105B-58864EC926D1}","OriginalFileName":"C:\\Windows\\explorer.exe"}
{"UtcTime":"2026-08-12 15:10:30.000","Computer":"CLM-MESA-014","User":"CLM\\ops","EventID":1,"Image":"C:\\Program Files\\Microsoft Office\\Office16\\EXCEL.EXE","ProcessGuid":"{B42B7383-D326-2026-7C92-6F748637CE32}","ProcessId":5574,"CommandLine":"C:\\Program Files\\Microsoft Office\\Office16\\EXCEL.EXE","ParentImage":"C:\\Windows\\System32\\services.exe","ParentProcessGuid":"{A33D0826-EC19-2026-6E98-E7D375B8BFB5}","OriginalFileName":"C:\\Program Files\\Microsoft Office\\Office16\\EXCEL.EXE"}
{"UtcTime":"2026-08-12 15:10:31.000","Computer":"CLM-MESA-014","User":"CLM\\backoffice","EventID":1,"Image":"C:\\Program Files\\Google\\Chrome\\Application\\chrome.exe","ProcessGuid":"{88E1E341-50A6-2026-DAE0-97ED1911F59D}","ProcessId":5605,"CommandLine":"C:\\Program Files\\Google\\Chrome\\Application\\chrome.exe","ParentImage":"C:\\Windows\\System32\\services.exe","ParentProcessGuid":"{8D68C3AE-102A-2026-14CE-CFB3A020FEA4}","OriginalFileName":"C:\\Program Files\\Google\\Chrome\\Application\\chrome.exe"}
{"UtcTime":"2026-08-12 15:10:32.000","Computer":"CLM-MESA-014","User":"CLM\\backoffice","EventID":1,"Image":"C:\\Windows\\System32\\RuntimeBroker.exe","ProcessGuid":"{C2C89ABF-7E81-2026-4B30-167CBC7338DD}","ProcessId":1565,"CommandLine":"C:\\Windows\\System32\\RuntimeBroker.exe","ParentImage":"C:\\Windows\\System32\\services.exe","ParentProcessGuid":"{E3980B71-ACA9-2026-0539-9D68A267F44E}","OriginalFileName":"C:\\Windows\\System32\\RuntimeBroker.exe"}
{"UtcTime":"2026-08-12 15:10:33.000","Computer":"CLM-MESA-014","User":"CLM\\ops","EventID":11,"Image":"C:\\Program Files\\Microsoft Office\\Office16\\EXCEL.EXE","ProcessGuid":"{5CFB533B-F93D-2026-B8AE-199B1C205569}","ProcessId":1595,"TargetFilename":"C:\\Users\\Public\\Temp\\mesa-3633.tmp"}
{"UtcTime":"2026-08-12 15:10:34.000","Computer":"CLM-MESA-014","User":"CLM\\backoffice","EventID":1,"Image":"C:\\Windows\\System32\\conhost.exe","ProcessGuid":"{F79B9843-1953-2026-675F-8EE334FAD96E}","ProcessId":5682,"CommandLine":"C:\\Windows\\System32\\conhost.exe","ParentImage":"C:\\Windows\\System32\\services.exe","ParentProcessGuid":"{69DCBDBC-7FC7-2026-7976-366774EF7D36}","OriginalFileName":"C:\\Windows\\System32\\conhost.exe"}
{"UtcTime":"2026-08-12 15:10:35.000","Computer":"CLM-MESA-014","User":"CLM\\ops","EventID":5,"Image":"C:\\Program Files\\Google\\Chrome\\Application\\chrome.exe","ProcessGuid":"{089C0329-64C3-2026-F27E-F3FF93465CEC}","ProcessId":8545,"EventType":"End"}
{"UtcTime":"2026-08-12 15:10:36.000","Computer":"CLM-MESA-014","User":"CLM\\backoffice","EventID":1,"Image":"C:\\Program Files\\Microsoft Office\\Office16\\EXCEL.EXE","ProcessGuid":"{DA8C8143-1FB5-2026-D024-338FE848212B}","ProcessId":4155,"CommandLine":"C:\\Program Files\\Microsoft Office\\Office16\\EXCEL.EXE","ParentImage":"C:\\Windows\\System32\\services.exe","ParentProcessGuid":"{700D1976-D2FC-2026-D616-0963E0135699}","OriginalFileName":"C:\\Program Files\\Microsoft Office\\Office16\\EXCEL.EXE"}
{"UtcTime":"2026-08-12 15:10:37.000","Computer":"CLM-MESA-014","User":"CLM\\backoffice","EventID":1,"Image":"C:\\Windows\\System32\\RuntimeBroker.exe","ProcessGuid":"{193389C0-5607-2026-542F-DC278D676329}","ProcessId":3731,"CommandLine":"C:\\Windows\\System32\\RuntimeBroker.exe","ParentImage":"C:\\Windows\\System32\\services.exe","ParentProcessGuid":"{2FA0B625-F1C5-2026-17B3-4E38DC4CEAC2}","OriginalFileName":"C:\\Windows\\System32\\RuntimeBroker.exe"}
{"UtcTime":"2026-08-12 15:10:38.000","Computer":"CLM-MESA-014","User":"CLM\\mesa","EventID":3,"Image":"C:\\Windows\\System32\\conhost.exe","ProcessGuid":"{DF88CD7A-38A7-2026-0965-96218E4D132C}","ProcessId":917,"DestinationIp":"10.70.30.1","DestinationPort":443,"DestinationHostname":"portal.clm.liquidacao","SourceIp":"10.70.30.14","Protocol":"tcp"}
{"UtcTime":"2026-08-12 15:10:39.000","Computer":"CLM-MESA-014","User":"CLM\\mesa","EventID":13,"Image":"C:\\Windows\\System32\\svchost.exe","ProcessGuid":"{F5C19978-F271-2026-3617-F094F3AB6564}","ProcessId":1675,"EventType":"SetValue","TargetObject":"HKCU\\Software\\CLM\\Mesa\\Pref\\3639","Details":"1"}
{"UtcTime":"2026-08-12 15:10:40.000","Computer":"CLM-MESA-014","User":"CLM\\mesa","EventID":1,"Image":"C:\\Windows\\System32\\conhost.exe","ProcessGuid":"{935D2F73-2CB8-2026-8A5E-EDEE202925DC}","ProcessId":5585,"CommandLine":"C:\\Windows\\System32\\conhost.exe","ParentImage":"C:\\Windows\\System32\\services.exe","ParentProcessGuid":"{167B05AD-C067-2026-E3FA-EF79C0A2F6E5}","OriginalFileName":"C:\\Windows\\System32\\conhost.exe"}
{"UtcTime":"2026-08-12 15:10:41.000","Computer":"CLM-MESA-014","User":"CLM\\backoffice","EventID":13,"Image":"C:\\Windows\\System32\\svchost.exe","ProcessGuid":"{CC350ECA-5034-2026-4A90-A7733BF15877}","ProcessId":1014,"EventType":"SetValue","TargetObject":"HKCU\\Software\\CLM\\Mesa\\Pref\\3641","Details":"1"}
{"UtcTime":"2026-08-12 15:10:42.000","Computer":"CLM-MESA-014","User":"CLM\\mesa","EventID":1,"Image":"C:\\Windows\\System32\\conhost.exe","ProcessGuid":"{57863B6F-58A6-2026-5F14-37BBEDE1567D}","ProcessId":5941,"CommandLine":"C:\\Windows\\System32\\conhost.exe","ParentImage":"C:\\Windows\\System32\\services.exe","ParentProcessGuid":"{5D53C150-8398-2026-4435-C681F9467D8E}","OriginalFileName":"C:\\Windows\\System32\\conhost.exe"}
{"UtcTime":"2026-08-12 15:10:43.000","Computer":"CLM-MESA-014","User":"CLM\\ops","EventID":1,"Image":"C:\\Program Files\\Microsoft Office\\Office16\\EXCEL.EXE","ProcessGuid":"{971C652D-E530-2026-3F41-3A00C8809218}","ProcessId":7611,"CommandLine":"C:\\Program Files\\Microsoft Office\\Office16\\EXCEL.EXE","ParentImage":"C:\\Windows\\System32\\services.exe","ParentProcessGuid":"{E33027C0-20EB-2026-F32B-20418D949268}","OriginalFileName":"C:\\Program Files\\Microsoft Office\\Office16\\EXCEL.EXE"}
{"UtcTime":"2026-08-12 15:10:44.000","Computer":"CLM-MESA-014","User":"CLM\\mesa","EventID":1,"Image":"C:\\Windows\\System32\\conhost.exe","ProcessGuid":"{91AA2C15-109A-2026-BABC-010B9827F649}","ProcessId":7020,"CommandLine":"C:\\Windows\\System32\\conhost.exe","ParentImage":"C:\\Windows\\System32\\services.exe","ParentProcessGuid":"{A8C3D8A6-6447-2026-A8AB-B66D5E72925B}","OriginalFileName":"C:\\Windows\\System32\\conhost.exe"}
{"UtcTime":"2026-08-12 15:10:45.000","Computer":"CLM-MESA-014","User":"CLM\\mesa","EventID":3,"Image":"C:\\Windows\\System32\\svchost.exe","ProcessGuid":"{4EE79D63-8D90-2026-B540-1E6B4F60C8EB}","ProcessId":6193,"DestinationIp":"10.70.30.1","DestinationPort":443,"DestinationHostname":"ntp.clm.liquidacao","SourceIp":"10.70.30.14","Protocol":"tcp"}
{"UtcTime":"2026-08-12 15:10:46.000","Computer":"CLM-MESA-014","User":"CLM\\ops","EventID":1,"Image":"C:\\Windows\\explorer.exe","ProcessGuid":"{667ABB28-FDB5-2026-0313-FB842DC2AAE1}","ProcessId":4264,"CommandLine":"C:\\Windows\\explorer.exe","ParentImage":"C:\\Windows\\System32\\services.exe","ParentProcessGuid":"{51CB5D7F-77F8-2026-3434-8EBC2D4B4998}","OriginalFileName":"C:\\Windows\\explorer.exe"}
{"UtcTime":"2026-08-12 15:10:47.000","Computer":"CLM-MESA-014","User":"CLM\\ops","EventID":5,"Image":"C:\\Windows\\System32\\RuntimeBroker.exe","ProcessGuid":"{5B9D5315-85AA-2026-0871-ABE092E7B671}","ProcessId":4476,"EventType":"End"}
{"UtcTime":"2026-08-12 15:10:48.000","Computer":"CLM-MESA-014","User":"CLM\\mesa","EventID":13,"Image":"C:\\Program Files\\Microsoft Office\\Office16\\EXCEL.EXE","ProcessGuid":"{1554D7FA-A181-2026-20D3-C1901A90F4C5}","ProcessId":5641,"EventType":"SetValue","TargetObject":"HKCU\\Software\\CLM\\Mesa\\Pref\\3648","Details":"1"}
{"UtcTime":"2026-08-12 15:10:49.000","Computer":"CLM-MESA-014","User":"CLM\\backoffice","EventID":1,"Image":"C:\\Windows\\explorer.exe","ProcessGuid":"{AC3BECD4-E8BF-2026-9687-519CDF0132FD}","ProcessId":6282,"CommandLine":"C:\\Windows\\explorer.exe","ParentImage":"C:\\Windows\\System32\\services.exe","ParentProcessGuid":"{287E3790-EB6B-2026-CD41-89BB02AFEB15}","OriginalFileName":"C:\\Windows\\explorer.exe"}
{"UtcTime":"2026-08-12 15:10:50.000","Computer":"CLM-MESA-014","User":"CLM\\backoffice","EventID":11,"Image":"C:\\Windows\\System32\\svchost.exe","ProcessGuid":"{AC327EAA-660C-2026-4800-63A55AA416E7}","ProcessId":6882,"TargetFilename":"C:\\Users\\Public\\Temp\\mesa-3650.tmp"}
{"UtcTime":"2026-08-12 15:10:51.000","Computer":"CLM-MESA-014","User":"CLM\\backoffice","EventID":5,"Image":"C:\\Windows\\explorer.exe","ProcessGuid":"{33841B62-D8FA-2026-627F-5B2AD40D5215}","ProcessId":6799,"EventType":"End"}
{"UtcTime":"2026-08-12 15:10:52.000","Computer":"CLM-MESA-014","User":"CLM\\ops","EventID":11,"Image":"C:\\Windows\\explorer.exe","ProcessGuid":"{9F99F1A5-68BF-2026-E95B-A0BE20C666CE}","ProcessId":4461,"TargetFilename":"C:\\Users\\Public\\Temp\\mesa-3652.tmp"}
{"UtcTime":"2026-08-12 15:10:53.000","Computer":"CLM-MESA-014","User":"CLM\\mesa","EventID":11,"Image":"C:\\Program Files\\Google\\Chrome\\Application\\chrome.exe","ProcessGuid":"{6D0B7EEB-E035-2026-1B2D-6C758A2A0515}","ProcessId":1737,"TargetFilename":"C:\\Users\\Public\\Temp\\mesa-3653.tmp"}
{"UtcTime":"2026-08-12 15:10:54.000","Computer":"CLM-MESA-014","User":"CLM\\mesa","EventID":3,"Image":"C:\\Windows\\System32\\svchost.exe","ProcessGuid":"{CF5A21CD-AFDA-2026-2D0E-0B63ECC2A70C}","ProcessId":893,"DestinationIp":"10.70.30.1","DestinationPort":443,"DestinationHostname":"portal.clm.liquidacao","SourceIp":"10.70.30.14","Protocol":"tcp"}
{"UtcTime":"2026-08-12 15:10:55.000","Computer":"CLM-MESA-014","User":"CLM\\backoffice","EventID":5,"Image":"C:\\Program Files\\Microsoft Office\\Office16\\EXCEL.EXE","ProcessGuid":"{786E0965-2660-2026-D932-2986E2C3D820}","ProcessId":2990,"EventType":"End"}
{"UtcTime":"2026-08-12 15:10:56.000","Computer":"CLM-MESA-014","User":"CLM\\ops","EventID":5,"Image":"C:\\Windows\\explorer.exe","ProcessGuid":"{2A1594A3-5B62-2026-AB1C-03EE0BAC723B}","ProcessId":8156,"EventType":"End"}
{"UtcTime":"2026-08-12 15:10:57.000","Computer":"CLM-MESA-014","User":"CLM\\ops","EventID":11,"Image":"C:\\Windows\\explorer.exe","ProcessGuid":"{BC286304-54BA-2026-BE76-237709A3A430}","ProcessId":1498,"TargetFilename":"C:\\Users\\Public\\Temp\\mesa-3657.tmp"}
{"UtcTime":"2026-08-12 15:10:58.000","Computer":"CLM-MESA-014","User":"CLM\\backoffice","EventID":1,"Image":"C:\\Windows\\explorer.exe","ProcessGuid":"{5A2CD4D7-029C-2026-F949-FAF1A6B27D0A}","ProcessId":8221,"CommandLine":"C:\\Windows\\explorer.exe","ParentImage":"C:\\Windows\\System32\\services.exe","ParentProcessGuid":"{3EB50EF0-CE8E-2026-3D8B-49C52C9860BD}","OriginalFileName":"C:\\Windows\\explorer.exe"}
{"UtcTime":"2026-08-12 15:10:59.000","Computer":"CLM-MESA-014","User":"CLM\\ops","EventID":13,"Image":"C:\\Windows\\System32\\RuntimeBroker.exe","ProcessGuid":"{5B021619-C198-2026-6F84-68393DA8E2C1}","ProcessId":6291,"EventType":"SetValue","TargetObject":"HKCU\\Software\\CLM\\Mesa\\Pref\\3659","Details":"1"}
{"UtcTime":"2026-08-12 15:11:00.000","Computer":"CLM-MESA-014","User":"CLM\\backoffice","EventID":13,"Image":"C:\\Windows\\System32\\svchost.exe","ProcessGuid":"{30B87208-FBEC-2026-7DC1-5275C0DDCE42}","ProcessId":1342,"EventType":"SetValue","TargetObject":"HKCU\\Software\\CLM\\Mesa\\Pref\\3660","Details":"1"}
{"UtcTime":"2026-08-12 15:11:01.000","Computer":"CLM-MESA-014","User":"CLM\\ops","EventID":11,"Image":"C:\\Windows\\System32\\RuntimeBroker.exe","ProcessGuid":"{CF776628-C084-2026-3831-FA1C28EEEDB2}","ProcessId":3274,"TargetFilename":"C:\\Users\\Public\\Temp\\mesa-3661.tmp"}
{"UtcTime":"2026-08-12 15:11:02.000","Computer":"CLM-MESA-014","User":"CLM\\mesa","EventID":11,"Image":"C:\\Windows\\explorer.exe","ProcessGuid":"{26D41DD6-3D2D-2026-E227-032887493459}","ProcessId":4506,"TargetFilename":"C:\\Users\\Public\\Temp\\mesa-3662.tmp"}
{"UtcTime":"2026-08-12 15:11:03.000","Computer":"CLM-MESA-014","User":"CLM\\ops","EventID":1,"Image":"C:\\Program Files\\Google\\Chrome\\Application\\chrome.exe","ProcessGuid":"{C78978C7-F5E9-2026-3DA6-562630D98CB4}","ProcessId":1976,"CommandLine":"C:\\Program Files\\Google\\Chrome\\Application\\chrome.exe","ParentImage":"C:\\Windows\\System32\\services.exe","ParentProcessGuid":"{CDC721F1-2771-2026-80BB-ABBECFFA634C}","OriginalFileName":"C:\\Program Files\\Google\\Chrome\\Application\\chrome.exe"}
{"UtcTime":"2026-08-12 15:11:04.000","Computer":"CLM-MESA-014","User":"CLM\\backoffice","EventID":1,"Image":"C:\\Program Files\\Google\\Chrome\\Application\\chrome.exe","ProcessGuid":"{91B211DC-8FE0-2026-CA23-329EF4A6428E}","ProcessId":2119,"CommandLine":"C:\\Program Files\\Google\\Chrome\\Application\\chrome.exe","ParentImage":"C:\\Windows\\System32\\services.exe","ParentProcessGuid":"{F26E55F5-72FA-2026-B3E8-0CD7BB5CFE3D}","OriginalFileName":"C:\\Program Files\\Google\\Chrome\\Application\\chrome.exe"}
{"UtcTime":"2026-08-12 15:11:05.000","Computer":"CLM-MESA-014","User":"CLM\\backoffice","EventID":3,"Image":"C:\\Windows\\System32\\svchost.exe","ProcessGuid":"{B56084ED-1972-2026-AF4C-4E1F507CC679}","ProcessId":893,"DestinationIp":"10.70.30.8","DestinationPort":135,"DestinationHostname":"portal.clm.liquidacao","SourceIp":"10.70.30.14","Protocol":"tcp"}
{"UtcTime":"2026-08-12 15:11:06.000","Computer":"CLM-MESA-014","User":"CLM\\mesa","EventID":3,"Image":"C:\\Program Files\\Google\\Chrome\\Application\\chrome.exe","ProcessGuid":"{591FA3E0-6DE4-2026-AD76-A3FAA02B8E96}","ProcessId":902,"DestinationIp":"10.70.30.8","DestinationPort":443,"DestinationHostname":"ntp.clm.liquidacao","SourceIp":"10.70.30.14","Protocol":"tcp"}
{"UtcTime":"2026-08-12 15:11:07.000","Computer":"CLM-MESA-014","User":"CLM\\ops","EventID":1,"Image":"C:\\Program Files\\Microsoft Office\\Office16\\EXCEL.EXE","ProcessGuid":"{115C7D96-F77A-2026-8E21-6F8F8F43AB0D}","ProcessId":5964,"CommandLine":"C:\\Program Files\\Microsoft Office\\Office16\\EXCEL.EXE","ParentImage":"C:\\Windows\\System32\\services.exe","ParentProcessGuid":"{0BAE1C5D-AFFD-2026-1AB6-3C965A6F57BF}","OriginalFileName":"C:\\Program Files\\Microsoft Office\\Office16\\EXCEL.EXE"}
{"UtcTime":"2026-08-12 15:11:08.000","Computer":"CLM-MESA-014","User":"CLM\\backoffice","EventID":1,"Image":"C:\\Windows\\System32\\svchost.exe","ProcessGuid":"{F456D484-6352-2026-E7F4-680B79A4541C}","ProcessId":8923,"CommandLine":"C:\\Windows\\System32\\svchost.exe","ParentImage":"C:\\Windows\\System32\\services.exe","ParentProcessGuid":"{8E294CE0-76A4-2026-B35F-038605C3F08E}","OriginalFileName":"C:\\Windows\\System32\\svchost.exe"}
{"UtcTime":"2026-08-12 15:11:09.000","Computer":"CLM-MESA-014","User":"CLM\\ops","EventID":1,"Image":"C:\\Windows\\System32\\conhost.exe","ProcessGuid":"{45576B65-D179-2026-6130-E009BD945F8D}","ProcessId":6581,"CommandLine":"C:\\Windows\\System32\\conhost.exe","ParentImage":"C:\\Windows\\System32\\services.exe","ParentProcessGuid":"{A35B494D-96EE-2026-ECAD-D71DEF60448F}","OriginalFileName":"C:\\Windows\\System32\\conhost.exe"}
{"UtcTime":"2026-08-12 15:11:10.000","Computer":"CLM-MESA-014","User":"CLM\\mesa","EventID":3,"Image":"C:\\Program Files\\Microsoft Office\\Office16\\EXCEL.EXE","ProcessGuid":"{F40DAD70-EA2E-2026-2BBE-681746DA6D38}","ProcessId":8593,"DestinationIp":"8.8.8.8","DestinationPort":53,"DestinationHostname":"ntp.clm.liquidacao","SourceIp":"10.70.30.14","Protocol":"tcp"}
{"UtcTime":"2026-08-12 15:11:11.000","Computer":"CLM-MESA-014","User":"CLM\\ops","EventID":1,"Image":"C:\\Windows\\explorer.exe","ProcessGuid":"{4895DD49-7FAC-2026-074F-16AB4C3F8DD5}","ProcessId":4214,"CommandLine":"C:\\Windows\\explorer.exe","ParentImage":"C:\\Windows\\System32\\services.exe","ParentProcessGuid":"{25AA7CC6-9F6B-2026-E2AC-27B7BEA3828E}","OriginalFileName":"C:\\Windows\\explorer.exe"}
{"UtcTime":"2026-08-12 15:11:12.000","Computer":"CLM-MESA-014","User":"CLM\\ops","EventID":11,"Image":"C:\\Windows\\System32\\svchost.exe","ProcessGuid":"{99FC0AAB-13BB-2026-5DEF-201B96E627F3}","ProcessId":1380,"TargetFilename":"C:\\Users\\Public\\Temp\\mesa-3672.tmp"}
{"UtcTime":"2026-08-12 15:11:13.000","Computer":"CLM-MESA-014","User":"CLM\\mesa","EventID":3,"Image":"C:\\Windows\\explorer.exe","ProcessGuid":"{834098FC-B51B-2026-E671-A68DA4F14B23}","ProcessId":4623,"DestinationIp":"8.8.8.8","DestinationPort":8080,"DestinationHostname":"ntp.clm.liquidacao","SourceIp":"10.70.30.14","Protocol":"tcp"}
{"UtcTime":"2026-08-12 15:11:14.000","Computer":"CLM-MESA-014","User":"CLM\\ops","EventID":1,"Image":"C:\\Windows\\System32\\conhost.exe","ProcessGuid":"{C2BF2134-95BB-2026-32EC-F9907088621F}","ProcessId":5372,"CommandLine":"C:\\Windows\\System32\\conhost.exe","ParentImage":"C:\\Windows\\System32\\services.exe","ParentProcessGuid":"{D18CCC46-8C31-2026-BFD7-437D91D5DAA1}","OriginalFileName":"C:\\Windows\\System32\\conhost.exe"}
{"UtcTime":"2026-08-12 15:11:15.000","Computer":"CLM-MESA-014","User":"CLM\\backoffice","EventID":11,"Image":"C:\\Windows\\explorer.exe","ProcessGuid":"{E9CC1AF6-7D3D-2026-4266-5351B80ADAEC}","ProcessId":3514,"TargetFilename":"C:\\Users\\Public\\Temp\\mesa-3675.tmp"}
{"UtcTime":"2026-08-12 15:11:16.000","Computer":"CLM-MESA-014","User":"CLM\\mesa","EventID":1,"Image":"C:\\Program Files\\Google\\Chrome\\Application\\chrome.exe","ProcessGuid":"{FD1D104B-0EE5-2026-85D6-878BB600606B}","ProcessId":4100,"CommandLine":"C:\\Program Files\\Google\\Chrome\\Application\\chrome.exe","ParentImage":"C:\\Windows\\System32\\services.exe","ParentProcessGuid":"{9234E931-4BC6-2026-E700-A4B0F3C0EC5E}","OriginalFileName":"C:\\Program Files\\Google\\Chrome\\Application\\chrome.exe"}
{"UtcTime":"2026-08-12 15:11:17.000","Computer":"CLM-MESA-014","User":"CLM\\backoffice","EventID":3,"Image":"C:\\Windows\\System32\\conhost.exe","ProcessGuid":"{5AD97F67-2524-2026-5C12-D47FDDD49BA5}","ProcessId":1731,"DestinationIp":"1.1.1.1","DestinationPort":135,"DestinationHostname":"ntp.clm.liquidacao","SourceIp":"10.70.30.14","Protocol":"tcp"}
{"UtcTime":"2026-08-12 15:11:18.000","Computer":"CLM-MESA-014","User":"CLM\\ops","EventID":1,"Image":"C:\\Windows\\explorer.exe","ProcessGuid":"{E85B8827-842E-2026-6128-2D4FD4C158ED}","ProcessId":3705,"CommandLine":"C:\\Windows\\explorer.exe","ParentImage":"C:\\Windows\\System32\\services.exe","ParentProcessGuid":"{03A9E8EF-4A0D-2026-2280-E29376098F3A}","OriginalFileName":"C:\\Windows\\explorer.exe"}
{"UtcTime":"2026-08-12 15:11:19.000","Computer":"CLM-MESA-014","User":"CLM\\ops","EventID":13,"Image":"C:\\Windows\\System32\\svchost.exe","ProcessGuid":"{40A8206F-F187-2026-EEDC-B37813C50144}","ProcessId":8744,"EventType":"SetValue","TargetObject":"HKCU\\Software\\CLM\\Mesa\\Pref\\3679","Details":"1"}
{"UtcTime":"2026-08-12 15:11:20.000","Computer":"CLM-MESA-014","User":"CLM\\mesa","EventID":1,"Image":"C:\\Program Files\\Google\\Chrome\\Application\\chrome.exe","ProcessGuid":"{7BB89790-3ED9-2026-8B19-6B3E8D2F0557}","ProcessId":8448,"CommandLine":"C:\\Program Files\\Google\\Chrome\\Application\\chrome.exe","ParentImage":"C:\\Windows\\System32\\services.exe","ParentProcessGuid":"{D33E5F6C-8EB7-2026-873F-4161BE45C209}","OriginalFileName":"C:\\Program Files\\Google\\Chrome\\Application\\chrome.exe"}
{"UtcTime":"2026-08-12 15:11:21.000","Computer":"CLM-MESA-014","User":"CLM\\ops","EventID":1,"Image":"C:\\Windows\\System32\\RuntimeBroker.exe","ProcessGuid":"{0E12248B-3A42-2026-DBC9-ECE1D3E81143}","ProcessId":8733,"CommandLine":"C:\\Windows\\System32\\RuntimeBroker.exe","ParentImage":"C:\\Windows\\System32\\services.exe","ParentProcessGuid":"{A3216748-0158-2026-BE19-2401287DA63F}","OriginalFileName":"C:\\Windows\\System32\\RuntimeBroker.exe"}
{"UtcTime":"2026-08-12 15:11:22.000","Computer":"CLM-MESA-014","User":"CLM\\ops","EventID":1,"Image":"C:\\Windows\\System32\\svchost.exe","ProcessGuid":"{5635A821-FCE4-2026-C856-3A2D262C25CA}","ProcessId":2030,"CommandLine":"C:\\Windows\\System32\\svchost.exe","ParentImage":"C:\\Windows\\System32\\services.exe","ParentProcessGuid":"{B17DCF96-0CAC-2026-E734-3AD3FAF34029}","OriginalFileName":"C:\\Windows\\System32\\svchost.exe"}
{"UtcTime":"2026-08-12 15:11:23.000","Computer":"CLM-MESA-014","User":"CLM\\mesa","EventID":3,"Image":"C:\\Windows\\System32\\conhost.exe","ProcessGuid":"{82B85951-7B1D-2026-F968-A215C6A1A07C}","ProcessId":7788,"DestinationIp":"8.8.8.8","DestinationPort":135,"DestinationHostname":"ntp.clm.liquidacao","SourceIp":"10.70.30.14","Protocol":"tcp"}
{"UtcTime":"2026-08-12 15:11:24.000","Computer":"CLM-MESA-014","User":"CLM\\ops","EventID":1,"Image":"C:\\Windows\\System32\\RuntimeBroker.exe","ProcessGuid":"{3861837D-1B29-2026-A97B-A75D17C115E0}","ProcessId":4864,"CommandLine":"C:\\Windows\\System32\\RuntimeBroker.exe","ParentImage":"C:\\Windows\\System32\\services.exe","ParentProcessGuid":"{9FBB2277-12E3-2026-299C-3AE47EFB7F3A}","OriginalFileName":"C:\\Windows\\System32\\RuntimeBroker.exe"}
{"UtcTime":"2026-08-12 15:11:25.000","Computer":"CLM-MESA-014","User":"CLM\\backoffice","EventID":5,"Image":"C:\\Windows\\System32\\conhost.exe","ProcessGuid":"{F2FE2D76-D544-2026-8CDC-394E936645CC}","ProcessId":5620,"EventType":"End"}
{"UtcTime":"2026-08-12 15:11:26.000","Computer":"CLM-MESA-014","User":"CLM\\backoffice","EventID":11,"Image":"C:\\Program Files\\Microsoft Office\\Office16\\EXCEL.EXE","ProcessGuid":"{1D564619-197D-2026-6B73-9B4C0642F9B1}","ProcessId":5303,"TargetFilename":"C:\\Users\\Public\\Temp\\mesa-3686.tmp"}
{"UtcTime":"2026-08-12 15:11:27.000","Computer":"CLM-MESA-014","User":"CLM\\backoffice","EventID":11,"Image":"C:\\Windows\\System32\\RuntimeBroker.exe","ProcessGuid":"{56E9C17E-6194-2026-3A66-F71A59AE52F8}","ProcessId":3476,"TargetFilename":"C:\\Users\\Public\\Temp\\mesa-3687.tmp"}
{"UtcTime":"2026-08-12 15:11:28.000","Computer":"CLM-MESA-014","User":"CLM\\backoffice","EventID":5,"Image":"C:\\Windows\\explorer.exe","ProcessGuid":"{D7BAB59E-E7E3-2026-5AF2-53885DCF3CBC}","ProcessId":6986,"EventType":"End"}
{"UtcTime":"2026-08-12 15:11:29.000","Computer":"CLM-MESA-014","User":"CLM\\mesa","EventID":1,"Image":"C:\\Program Files\\Google\\Chrome\\Application\\chrome.exe","ProcessGuid":"{DD963628-C5AD-2026-CF73-859E17859107}","ProcessId":1459,"CommandLine":"C:\\Program Files\\Google\\Chrome\\Application\\chrome.exe","ParentImage":"C:\\Windows\\System32\\services.exe","ParentProcessGuid":"{9FD6942F-5D0B-2026-2CE3-A7A6A9D38508}","OriginalFileName":"C:\\Program Files\\Google\\Chrome\\Application\\chrome.exe"}
{"UtcTime":"2026-08-12 15:11:30.000","Computer":"CLM-MESA-014","User":"CLM\\mesa","EventID":3,"Image":"C:\\Program Files\\Google\\Chrome\\Application\\chrome.exe","ProcessGuid":"{A9DD0D74-DA86-2026-2784-A52AE2569DBE}","ProcessId":3177,"DestinationIp":"1.1.1.1","DestinationPort":53,"DestinationHostname":"portal.clm.liquidacao","SourceIp":"10.70.30.14","Protocol":"tcp"}
{"UtcTime":"2026-08-12 15:11:31.000","Computer":"CLM-MESA-014","User":"CLM\\mesa","EventID":5,"Image":"C:\\Program Files\\Microsoft Office\\Office16\\EXCEL.EXE","ProcessGuid":"{B2AC5974-2C6A-2026-DA64-650A113258CE}","ProcessId":1620,"EventType":"End"}
{"UtcTime":"2026-08-12 15:11:32.000","Computer":"CLM-MESA-014","User":"CLM\\backoffice","EventID":11,"Image":"C:\\Windows\\explorer.exe","ProcessGuid":"{DD26B5C6-E886-2026-213F-3904B9C3EFE3}","ProcessId":3396,"TargetFilename":"C:\\Users\\Public\\Temp\\mesa-3692.tmp"}
{"UtcTime":"2026-08-12 15:11:33.000","Computer":"CLM-MESA-014","User":"CLM\\ops","EventID":13,"Image":"C:\\Windows\\System32\\conhost.exe","ProcessGuid":"{155FEB2C-88A7-2026-7E09-1A0FCEBB3822}","ProcessId":5609,"EventType":"SetValue","TargetObject":"HKCU\\Software\\CLM\\Mesa\\Pref\\3693","Details":"1"}
{"UtcTime":"2026-08-12 15:11:34.000","Computer":"CLM-MESA-014","User":"CLM\\mesa","EventID":1,"Image":"C:\\Program Files\\Microsoft Office\\Office16\\EXCEL.EXE","ProcessGuid":"{F8A764D9-AEA0-2026-DB42-AF2846C8B633}","ProcessId":8452,"CommandLine":"C:\\Program Files\\Microsoft Office\\Office16\\EXCEL.EXE","ParentImage":"C:\\Windows\\System32\\services.exe","ParentProcessGuid":"{ECFE0AED-898B-2026-FB6A-EEDA78987430}","OriginalFileName":"C:\\Program Files\\Microsoft Office\\Office16\\EXCEL.EXE"}
