{"UtcTime":"2026-08-12 10:26:11.000","Computer":"TN-FIN-WS042","User":"TRANSNORTE\\backup_svc","EventID":3,"Image":"C:\\Program Files\\Microsoft Office\\Office16\\OUTLOOK.EXE","ProcessGuid":"{99B3504C-1001-2026-A330-7D1EBE81568B}","ProcessId":742,"DestinationIp":"10.50.10.10","DestinationPort":8080,"SourceIp":"10.50.10.42","Protocol":"tcp"}
{"UtcTime":"2026-08-12 10:26:12.000","Computer":"TN-FIN-WS042","User":"TRANSNORTE\\backup_svc","EventID":3,"Image":"C:\\Windows\\System32\\conhost.exe","ProcessGuid":"{F9EB04AE-0A59-2026-F735-FD635345DD4F}","ProcessId":4851,"DestinationIp":"10.50.10.10","DestinationPort":53,"SourceIp":"10.50.10.42","Protocol":"tcp"}
{"UtcTime":"2026-08-12 10:26:13.000","Computer":"TN-FIN-WS042","User":"TRANSNORTE\\ops.cardoso","EventID":13,"Image":"C:\\Program Files\\Google\\Chrome\\Application\\chrome.exe","ProcessGuid":"{03417714-7C29-2026-F1AD-CACD20B22E78}","ProcessId":8095,"EventType":"SetValue","TargetObject":"HKCU\\Software\\Microsoft\\Office\\16.0\\Outlook\\Resiliency\\2773","Details":"1"}
{"UtcTime":"2026-08-12 10:26:14.000","Computer":"TN-FIN-WS042","User":"TRANSNORTE\\ops.cardoso","EventID":13,"Image":"C:\\Windows\\explorer.exe","ProcessGuid":"{1EDC4DFD-6AB0-2026-2BD3-412F44093C01}","ProcessId":1307,"EventType":"SetValue","TargetObject":"HKCU\\Software\\Microsoft\\Office\\16.0\\Outlook\\Resiliency\\2774","Details":"1"}
{"UtcTime":"2026-08-12 10:26:15.000","Computer":"TN-FIN-WS042","User":"TRANSNORTE\\ops.cardoso","EventID":11,"Image":"C:\\Windows\\System32\\conhost.exe","ProcessGuid":"{70DC7B00-9293-2026-27F3-9D13E8AF94DD}","ProcessId":917,"TargetFilename":"C:\\Users\\ops.cardoso\\AppData\\Local\\Temp\\office-2775.tmp"}
{"UtcTime":"2026-08-12 10:26:16.000","Computer":"TN-FIN-WS042","User":"TRANSNORTE\\backup_svc","EventID":1,"Image":"C:\\Windows\\explorer.exe","ProcessGuid":"{108D66DC-556A-2026-05F2-BF91A702727E}","ProcessId":4068,"CommandLine":"C:\\Windows\\explorer.exe","ParentImage":"C:\\Windows\\System32\\services.exe","ParentProcessGuid":"{10AD8D69-CB38-2026-A619-DF13550B42CD}","OriginalFileName":"C:\\Windows\\explorer.exe","SHA256":"6537a545b9f8b4d390deaa749f039215be32747d4ad0a6a52b8c87bb9d07fc26"}
{"UtcTime":"2026-08-12 10:26:17.000","Computer":"TN-FIN-WS042","User":"TRANSNORTE\\backup_svc","EventID":11,"Image":"C:\\Windows\\System32\\svchost.exe","ProcessGuid":"{2D79BDC0-607E-2026-1347-D20BF1B030D1}","ProcessId":7275,"TargetFilename":"C:\\Users\\ops.cardoso\\AppData\\Local\\Temp\\office-2777.tmp"}
{"UtcTime":"2026-08-12 10:26:18.000","Computer":"TN-FIN-WS042","User":"TRANSNORTE\\ops.cardoso","EventID":5,"Image":"C:\\Program Files\\Google\\Chrome\\Application\\chrome.exe","ProcessGuid":"{BEB3A745-451A-2026-0B79-136CDEBDD9F8}","ProcessId":6138,"EventType":"End"}
{"UtcTime":"2026-08-12 10:26:19.000","Computer":"TN-FIN-WS042","User":"TRANSNORTE\\backup_svc","EventID":1,"Image":"C:\\Windows\\System32\\conhost.exe","ProcessGuid":"{213401C6-E9B9-2026-B6D4-B92F5D434F50}","ProcessId":5862,"CommandLine":"C:\\Windows\\System32\\conhost.exe","ParentImage":"C:\\Windows\\System32\\services.exe","ParentProcessGuid":"{B9539011-3B9E-2026-3A88-7C19A539663F}","OriginalFileName":"C:\\Windows\\System32\\conhost.exe","SHA256":"0706c83b1a1423e542907a1f516af0092dec798ccea2d920910adf8444f28f69"}
{"UtcTime":"2026-08-12 10:26:20.000","Computer":"TN-FIN-WS042","User":"TRANSNORTE\\ops.cardoso","EventID":1,"Image":"C:\\Windows\\explorer.exe","ProcessGuid":"{B93597BA-1989-2026-628D-5F73E452B161}","ProcessId":6194,"CommandLine":"C:\\Windows\\explorer.exe","ParentImage":"C:\\Windows\\System32\\services.exe","ParentProcessGuid":"{127776CC-2D52-2026-7DF2-1C81E6311A33}","OriginalFileName":"C:\\Windows\\explorer.exe","SHA256":"0334f7031db6a8ecaa07c0a40ca78e390b3834a17f2942fefc963a462488ce90"}
{"UtcTime":"2026-08-12 10:26:21.000","Computer":"TN-FIN-WS042","User":"TRANSNORTE\\ops.cardoso","EventID":1,"Image":"C:\\Windows\\System32\\conhost.exe","ProcessGuid":"{B83E336E-B144-2026-7A54-B6A78A196D94}","ProcessId":5533,"CommandLine":"C:\\Windows\\System32\\conhost.exe","ParentImage":"C:\\Windows\\System32\\services.exe","ParentProcessGuid":"{8F67E529-BC9D-2026-0CB7-4F4CE9F849BA}","OriginalFileName":"C:\\Windows\\System32\\conhost.exe","SHA256":"e925c95936fd52ed49bd00e3395d9b4510d72e126897275975e0656e758ac279"}
{"UtcTime":"2026-08-12 10:26:22.000","Computer":"TN-FIN-WS042","User":"TRANSNORTE\\backup_svc","EventID":1,"Image":"C:\\Windows\\explorer.exe","ProcessGuid":"{2268F299-C1CF-2026-ADE6-BADA476EC34F}","ProcessId":7808,"CommandLine":"C:\\Windows\\explorer.exe","ParentImage":"C:\\Windows\\System32\\services.exe","ParentProcessGuid":"{832F3DD2-C3F3-2026-5991-325905838F21}","OriginalFileName":"C:\\Windows\\explorer.exe","SHA256":"fdb27576df30034c78cff9ebb0dc693e1b0472f3f69cbbda55b3f312af06e9f4"}
{"UtcTime":"2026-08-12 10:26:23.000","Computer":"TN-FIN-WS042","User":"TRANSNORTE\\backup_svc","EventID":11,"Image":"C:\\Windows\\System32\\conhost.exe","ProcessGuid":"{456DD5C5-2369-2026-D02B-FDB9BFFDF23E}","ProcessId":5787,"TargetFilename":"C:\\Users\\ops.cardoso\\AppData\\Local\\Temp\\office-2783.tmp"}
{"UtcTime":"2026-08-12 10:26:24.000","Computer":"TN-FIN-WS042","User":"TRANSNORTE\\backup_svc","EventID":11,"Image":"C:\\Windows\\System32\\conhost.exe","ProcessGuid":"{A190E90D-38D3-2026-E3C2-183082718E43}","ProcessId":1027,"TargetFilename":"C:\\Users\\ops.cardoso\\AppData\\Local\\Temp\\office-2784.tmp"}
{"UtcTime":"2026-08-12 10:26:25.000","Computer":"TN-FIN-WS042","User":"TRANSNORTE\\backup_svc","EventID":1,"Image":"C:\\Windows\\System32\\conhost.exe","ProcessGuid":"{B6FFF8BF-FD78-2026-8762-60E49500BA23}","ProcessId":3972,"CommandLine":"C:\\Windows\\System32\\conhost.exe","ParentImage":"C:\\Windows\\System32\\services.exe","ParentProcessGuid":"{3712ADF1-27EE-2026-161E-6BAA98ABF0AE}","OriginalFileName":"C:\\Windows\\System32\\conhost.exe","SHA256":"e66b190f5e454c7d09e56bf611fe3e1143a39ec6d6b7acdbe18437424c8f8434"}
{"UtcTime":"2026-08-12 10:26:26.000","Computer":"TN-FIN-WS042","User":"TRANSNORTE\\backup_svc","EventID":5,"Image":"C:\\Windows\\explorer.exe","ProcessGuid":"{9C55C698-80BB-2026-E397-AD79C973544B}","ProcessId":5192,"EventType":"End"}
{"UtcTime":"2026-08-12 10:26:27.000","Computer":"TN-FIN-WS042","User":"TRANSNORTE\\ops.cardoso","EventID":11,"Image":"C:\\Windows\\explorer.exe","ProcessGuid":"{302E6BA9-86C8-2026-79E1-9D87BC736C85}","ProcessId":8521,"TargetFilename":"C:\\Users\\ops.cardoso\\AppData\\Local\\Temp\\office-2787.tmp"}
{"UtcTime":"2026-08-12 10:26:28.000","Computer":"TN-FIN-WS042","User":"TRANSNORTE\\ops.cardoso","EventID":1,"Image":"C:\\Windows\\explorer.exe","ProcessGuid":"{BBC08B33-6149-2026-179F-1CB1CB280B38}","ProcessId":3595,"CommandLine":"C:\\Windows\\explorer.exe","ParentImage":"C:\\Windows\\System32\\services.exe","ParentProcessGuid":"{801F1521-4E35-2026-2D2E-773122152EC4}","OriginalFileName":"C:\\Windows\\explorer.exe","SHA256":"a7a9329e6729dfc9cd55c23622abfbc3b7f88cbc2c4bb530b773d9fd3285b42e"}
{"UtcTime":"2026-08-12 10:26:29.000","Computer":"TN-FIN-WS042","User":"TRANSNORTE\\ops.cardoso","EventID":1,"Image":"C:\\Program Files\\Microsoft Office\\Office16\\OUTLOOK.EXE","ProcessGuid":"{6F133B36-07E9-2026-6FD0-C3C071CACCF8}","ProcessId":8944,"CommandLine":"C:\\Program Files\\Microsoft Office\\Office16\\OUTLOOK.EXE","ParentImage":"C:\\Windows\\System32\\services.exe","ParentProcessGuid":"{95744978-E5D0-2026-1529-0A716F3417D0}","OriginalFileName":"C:\\Program Files\\Microsoft Office\\Office16\\OUTLOOK.EXE","SHA256":"f256702bd417c823adf23102875b44c9b87d1ddb3b110670bad2a61c92779b89"}
{"UtcTime":"2026-08-12 10:26:30.000","Computer":"TN-FIN-WS042","User":"TRANSNORTE\\backup_svc","EventID":1,"Image":"C:\\Windows\\explorer.exe","ProcessGuid":"{D18A8F8F-FB25-2026-80B5-AF3291730011}","ProcessId":5197,"CommandLine":"C:\\Windows\\explorer.exe","ParentImage":"C:\\Windows\\System32\\services.exe","ParentProcessGuid":"{30D0F2E1-045F-2026-AE65-1F8CA4CE06BF}","OriginalFileName":"C:\\Windows\\explorer.exe","SHA256":"69ed19c4b625a75e5e4f2b24430fe463f7099048bf82b4da276a56243e80efea"}
{"UtcTime":"2026-08-12 10:26:31.000","Computer":"TN-FIN-WS042","User":"TRANSNORTE\\ops.cardoso","EventID":11,"Image":"C:\\Windows\\System32\\conhost.exe","ProcessGuid":"{F7447F3C-4225-2026-6F8D-BBEAB1E340D4}","ProcessId":1785,"TargetFilename":"C:\\Users\\ops.cardoso\\AppData\\Local\\Temp\\office-2791.tmp"}
{"UtcTime":"2026-08-12 10:26:32.000","Computer":"TN-FIN-WS042","User":"TRANSNORTE\\ops.cardoso","EventID":1,"Image":"C:\\Program Files\\Microsoft Office\\Office16\\OUTLOOK.EXE","ProcessGuid":"{993A5D02-05D7-2026-5753-11A22EA7236A}","ProcessId":8287,"CommandLine":"C:\\Program Files\\Microsoft Office\\Office16\\OUTLOOK.EXE","ParentImage":"C:\\Windows\\System32\\services.exe","ParentProcessGuid":"{D6337D2A-4EC2-2026-E0FB-8669F69FE5B7}","OriginalFileName":"C:\\Program Files\\Microsoft Office\\Office16\\OUTLOOK.EXE","SHA256":"8ad492a9400fe1b4d1b8d76eb2a759b7f8efddb8e56fcff2a7ed25ce7f047d8b"}
{"UtcTime":"2026-08-12 10:26:33.000","Computer":"TN-FIN-WS042","User":"TRANSNORTE\\backup_svc","EventID":1,"Image":"C:\\Program Files\\Microsoft Office\\Office16\\OUTLOOK.EXE","ProcessGuid":"{6D3C1385-B319-2026-F452-1AE85A7BA239}","ProcessId":6221,"CommandLine":"C:\\Program Files\\Microsoft Office\\Office16\\OUTLOOK.EXE","ParentImage":"C:\\Windows\\System32\\services.exe","ParentProcessGuid":"{441FA562-0410-2026-8FAA-BBFFEAF909F3}","OriginalFileName":"C:\\Program Files\\Microsoft Office\\Office16\\OUTLOOK.EXE","SHA256":"e479119ebcac7f40e0c62424523e32ade77e21ca247b9f08d7d48d220689624e"}
{"UtcTime":"2026-08-12 10:26:34.000","Computer":"TN-FIN-WS042","User":"TRANSNORTE\\ops.cardoso","EventID":13,"Image":"C:\\Windows\\System32\\svchost.exe","ProcessGuid":"{6A87FC8F-952B-2026-27B2-489132EBED88}","ProcessId":5686,"EventType":"SetValue","TargetObject":"HKCU\\Software\\Microsoft\\Office\\16.0\\Outlook\\Resiliency\\2794","Details":"1"}
{"UtcTime":"2026-08-12 10:26:35.000","Computer":"TN-FIN-WS042","User":"TRANSNORTE\\backup_svc","EventID":1,"Image":"C:\\Windows\\System32\\RuntimeBroker.exe","ProcessGuid":"{96532587-F57D-2026-5198-A35F0EE6A3D4}","ProcessId":8180,"CommandLine":"C:\\Windows\\System32\\RuntimeBroker.exe","ParentImage":"C:\\Windows\\System32\\services.exe","ParentProcessGuid":"{B67D95A0-10DE-2026-217A-8D3B237ADDE6}","OriginalFileName":"C:\\Windows\\System32\\RuntimeBroker.exe","SHA256":"dfef2038eb58d2e231760a5b2af9b84d404e804a316dbbefc6e91aade54844e8"}
{"UtcTime":"2026-08-12 10:26:36.000","Computer":"TN-FIN-WS042","User":"TRANSNORTE\\backup_svc","EventID":5,"Image":"C:\\Windows\\System32\\svchost.exe","ProcessGuid":"{9AC7E42B-AD9F-2026-934C-5CFD2A776A24}","ProcessId":636,"EventType":"End"}
{"UtcTime":"2026-08-12 10:26:37.000","Computer":"TN-FIN-WS042","User":"TRANSNORTE\\backup_svc","EventID":11,"Image":"C:\\Program Files\\Microsoft Office\\Office16\\OUTLOOK.EXE","ProcessGuid":"{93F38B01-A10F-2026-9660-4A95670C3306}","ProcessId":5332,"TargetFilename":"C:\\Users\\ops.cardoso\\AppData\\Local\\Temp\\office-2797.tmp"}
{"UtcTime":"2026-08-12 10:26:38.000","Computer":"TN-FIN-WS042","User":"TRANSNORTE\\ops.cardoso","EventID":5,"Image":"C:\\Windows\\System32\\RuntimeBroker.exe","ProcessGuid":"{DE6A40B0-EC35-2026-DB88-43F2FEF73B7A}","ProcessId":6023,"EventType":"End"}
{"UtcTime":"2026-08-12 10:26:39.000","Computer":"TN-FIN-WS042","User":"TRANSNORTE\\ops.cardoso","EventID":11,"Image":"C:\\Windows\\System32\\RuntimeBroker.exe","ProcessGuid":"{44466992-506A-2026-4978-ADC469BF1D35}","ProcessId":3794,"TargetFilename":"C:\\Users\\ops.cardoso\\AppData\\Local\\Temp\\office-2799.tmp"}
{"UtcTime":"2026-08-12 10:26:40.000","Computer":"TN-FIN-WS042","User":"TRANSNORTE\\ops.cardoso","EventID":11,"Image":"C:\\Windows\\System32\\svchost.exe","ProcessGuid":"{1A2100F8-2EF9-2026-95CB-A77C27D839A0}","ProcessId":5753,"TargetFilename":"C:\\Users\\ops.cardoso\\AppData\\Local\\Temp\\office-2800.tmp"}
{"UtcTime":"2026-08-12 10:26:41.000","Computer":"TN-FIN-WS042","User":"TRANSNORTE\\backup_svc","EventID":13,"Image":"C:\\Windows\\System32\\svchost.exe","ProcessGuid":"{DF406C90-55AA-2026-0D04-44784DC7CDA0}","ProcessId":8441,"EventType":"SetValue","TargetObject":"HKCU\\Software\\Microsoft\\Office\\16.0\\Outlook\\Resiliency\\2801","Details":"1"}
{"UtcTime":"2026-08-12 10:26:42.000","Computer":"TN-FIN-WS042","User":"TRANSNORTE\\ops.cardoso","EventID":3,"Image":"C:\\Windows\\System32\\conhost.exe","ProcessGuid":"{B6429A16-7517-2026-0F5E-36D80D0E3618}","ProcessId":686,"DestinationIp":"8.8.8.8","DestinationPort":8080,"SourceIp":"10.50.10.42","Protocol":"tcp"}
{"UtcTime":"2026-08-12 10:26:43.000","Computer":"TN-FIN-WS042","User":"TRANSNORTE\\backup_svc","EventID":1,"Image":"C:\\Program Files\\Google\\Chrome\\Application\\chrome.exe","ProcessGuid":"{E556B33F-2064-2026-7C70-E61B8B74E383}","ProcessId":4309,"CommandLine":"C:\\Program Files\\Google\\Chrome\\Application\\chrome.exe","ParentImage":"C:\\Windows\\System32\\services.exe","ParentProcessGuid":"{C7189DA3-C7CE-2026-0A62-71CA5EA25340}","OriginalFileName":"C:\\Program Files\\Google\\Chrome\\Application\\chrome.exe","SHA256":"e55d08562d9a345a22fc0c32b52f47f8ccec228d5086250f812010f078599334"}
{"UtcTime":"2026-08-12 10:26:44.000","Computer":"TN-FIN-WS042","User":"TRANSNORTE\\backup_svc","EventID":5,"Image":"C:\\Program Files\\Google\\Chrome\\Application\\chrome.exe","ProcessGuid":"{8F3BE12E-0CC4-2026-7332-05A5B798F50B}","ProcessId":1192,"EventType":"End"}
{"UtcTime":"2026-08-12 10:26:45.000","Computer":"TN-FIN-WS042","User":"TRANSNORTE\\backup_svc","EventID":1,"Image":"C:\\Windows\\explorer.exe","ProcessGuid":"{C18E1526-7004-2026-2B7A-FCF6F1E91D99}","ProcessId":5819,"CommandLine":"C:\\Windows\\explorer.exe","ParentImage":"C:\\Windows\\System32\\services.exe","ParentProcessGuid":"{B8F5998E-2E2F-2026-EA74-2C41513DFC5E}","OriginalFileName":"C:\\Windows\\explorer.exe","SHA256":"b6f2c71a9583997b5c322ada5dd0b6e0528d24bdefa765a4ec17c3c6b88ed58d"}
{"UtcTime":"2026-08-12 10:26:46.000","Computer":"TN-FIN-WS042","User":"TRANSNORTE\\backup_svc","EventID":1,"Image":"C:\\Windows\\explorer.exe","ProcessGuid":"{18A84A76-E2A5-2026-CB61-3565E41B06BA}","ProcessId":4119,"CommandLine":"C:\\Windows\\explorer.exe","ParentImage":"C:\\Windows\\System32\\services.exe","ParentProcessGuid":"{2DFDBED1-9800-2026-54CB-B0E699349F9B}","OriginalFileName":"C:\\Windows\\explorer.exe","SHA256":"225f515b7268b1d6be6e44260a8fa4676043e5fe1541f8d33b4ade47a7b28221"}
{"UtcTime":"2026-08-12 10:26:47.000","Computer":"TN-FIN-WS042","User":"TRANSNORTE\\ops.cardoso","EventID":1,"Image":"C:\\Program Files\\Google\\Chrome\\Application\\chrome.exe","ProcessGuid":"{70133285-1823-2026-6778-63017FB5118D}","ProcessId":2103,"CommandLine":"C:\\Program Files\\Google\\Chrome\\Application\\chrome.exe","ParentImage":"C:\\Windows\\System32\\services.exe","ParentProcessGuid":"{922ED03D-974A-2026-C5C9-F1ED5E927D54}","OriginalFileName":"C:\\Program Files\\Google\\Chrome\\Application\\chrome.exe","SHA256":"c29b4009cb90465ccfbfaa858b723cc8a00e36f969f9fa6c78ad9d170fd2b0b1"}
{"UtcTime":"2026-08-12 10:26:48.000","Computer":"TN-FIN-WS042","User":"TRANSNORTE\\backup_svc","EventID":1,"Image":"C:\\Windows\\System32\\svchost.exe","ProcessGuid":"{06C497A4-A3C2-2026-CE06-763C4B38FAB0}","ProcessId":8768,"CommandLine":"C:\\Windows\\System32\\svchost.exe","ParentImage":"C:\\Windows\\System32\\services.exe","ParentProcessGuid":"{7DAE5E25-05B4-2026-A207-C7235974213E}","OriginalFileName":"C:\\Windows\\System32\\svchost.exe","SHA256":"78169a32d718e06c88403a50992081760111de8b2a8431d4f74538c2246accf9"}
{"UtcTime":"2026-08-12 10:26:49.000","Computer":"TN-FIN-WS042","User":"TRANSNORTE\\backup_svc","EventID":5,"Image":"C:\\Windows\\explorer.exe","ProcessGuid":"{14DA0762-B1F6-2026-4EAB-54DA9F39F59F}","ProcessId":7771,"EventType":"End"}
{"UtcTime":"2026-08-12 10:26:50.000","Computer":"TN-FIN-WS042","User":"TRANSNORTE\\ops.cardoso","EventID":5,"Image":"C:\\Program Files\\Google\\Chrome\\Application\\chrome.exe","ProcessGuid":"{F15F38E7-53B7-2026-13D3-9F021A67ECDA}","ProcessId":3922,"EventType":"End"}
{"UtcTime":"2026-08-12 10:26:51.000","Computer":"TN-FIN-WS042","User":"TRANSNORTE\\ops.cardoso","EventID":1,"Image":"C:\\Windows\\System32\\conhost.exe","ProcessGuid":"{177F9E2C-765A-2026-64CB-DA7870369391}","ProcessId":5112,"CommandLine":"C:\\Windows\\System32\\conhost.exe","ParentImage":"C:\\Windows\\System32\\services.exe","ParentProcessGuid":"{43E30934-B9BE-2026-A5B0-7EF33159F330}","OriginalFileName":"C:\\Windows\\System32\\conhost.exe","SHA256":"64bd172431e478a98f5559a44cff0097099aa2ca2ed3be427fd554fb1bfff2d9"}
{"UtcTime":"2026-08-12 10:26:52.000","Computer":"TN-FIN-WS042","User":"TRANSNORTE\\backup_svc","EventID":1,"Image":"C:\\Windows\\System32\\RuntimeBroker.exe","ProcessGuid":"{EA95F42F-728B-2026-247C-DF16A7728BA4}","ProcessId":1342,"CommandLine":"C:\\Windows\\System32\\RuntimeBroker.exe","ParentImage":"C:\\Windows\\System32\\services.exe","ParentProcessGuid":"{7C735DED-7D1D-2026-CD39-6C40A589DEA6}","OriginalFileName":"C:\\Windows\\System32\\RuntimeBroker.exe","SHA256":"c0a17ea3ce27f14bad84d83a1e047acd1b11e1a2517c92e5e5073ac1c4b5f4a7"}
{"UtcTime":"2026-08-12 10:26:53.000","Computer":"TN-FIN-WS042","User":"TRANSNORTE\\backup_svc","EventID":1,"Image":"C:\\Program Files\\Microsoft Office\\Office16\\OUTLOOK.EXE","ProcessGuid":"{3674B7CD-C502-2026-5474-6C77C63FDAA5}","ProcessId":424,"CommandLine":"C:\\Program Files\\Microsoft Office\\Office16\\OUTLOOK.EXE","ParentImage":"C:\\Windows\\System32\\services.exe","ParentProcessGuid":"{0CFD461F-1FB7-2026-46B4-8E536E3FDEDA}","OriginalFileName":"C:\\Program Files\\Microsoft Office\\Office16\\OUTLOOK.EXE","SHA256":"f1f20ae9c4169edd122efdd322f5057a53cbd309dd88f96e87e35db85a44a3bb"}
{"UtcTime":"2026-08-12 10:26:54.000","Computer":"TN-FIN-WS042","User":"TRANSNORTE\\ops.cardoso","EventID":1,"Image":"C:\\Program Files\\Google\\Chrome\\Application\\chrome.exe","ProcessGuid":"{CCB0ABA7-4A7D-2026-A992-B761ED932511}","ProcessId":4067,"CommandLine":"C:\\Program Files\\Google\\Chrome\\Application\\chrome.exe","ParentImage":"C:\\Windows\\System32\\services.exe","ParentProcessGuid":"{5F2F708B-4F37-2026-4B82-EA31B8BF95FD}","OriginalFileName":"C:\\Program Files\\Google\\Chrome\\Application\\chrome.exe","SHA256":"9963bc867443699a2072be9c4edcddeac55019f9e7af59b16af7c4fa965057b8"}
{"UtcTime":"2026-08-12 10:26:55.000","Computer":"TN-FIN-WS042","User":"TRANSNORTE\\backup_svc","EventID":3,"Image":"C:\\Windows\\System32\\RuntimeBroker.exe","ProcessGuid":"{07882959-E4E8-2026-B661-59D8FEA35605}","ProcessId":624,"DestinationIp":"10.50.10.88","DestinationPort":443,"SourceIp":"10.50.10.42","Protocol":"tcp"}
{"UtcTime":"2026-08-12 10:26:56.000","Computer":"TN-FIN-WS042","User":"TRANSNORTE\\ops.cardoso","EventID":5,"Image":"C:\\Windows\\System32\\RuntimeBroker.exe","ProcessGuid":"{B6AB874E-5FFE-2026-DBD8-5FCB8489F642}","ProcessId":5523,"EventType":"End"}
{"UtcTime":"2026-08-12 10:26:57.000","Computer":"TN-FIN-WS042","User":"TRANSNORTE\\ops.cardoso","EventID":11,"Image":"C:\\Windows\\System32\\RuntimeBroker.exe","ProcessGuid":"{F6D74B76-2A3B-2026-7F37-3C0A1F0F0A9C}","ProcessId":1356,"TargetFilename":"C:\\Users\\ops.cardoso\\AppData\\Local\\Temp\\office-2817.tmp"}
{"UtcTime":"2026-08-12 10:26:58.000","Computer":"TN-FIN-WS042","User":"TRANSNORTE\\backup_svc","EventID":1,"Image":"C:\\Windows\\System32\\conhost.exe","ProcessGuid":"{9F609520-C13A-2026-1156-3AC93013408E}","ProcessId":5014,"CommandLine":"C:\\Windows\\System32\\conhost.exe","ParentImage":"C:\\Windows\\System32\\services.exe","ParentProcessGuid":"{1A507A67-5661-2026-3278-31D38B9840AF}","OriginalFileName":"C:\\Windows\\System32\\conhost.exe","SHA256":"f2683abd222b4e3cd7a674a95a44acb49ed1b862ce08d7f8eab3dff6575a7dd1"}
{"UtcTime":"2026-08-12 10:26:59.000","Computer":"TN-FIN-WS042","User":"TRANSNORTE\\backup_svc","EventID":13,"Image":"C:\\Windows\\explorer.exe","ProcessGuid":"{17880639-A4AD-2026-C3C7-A7FFF9635969}","ProcessId":7714,"EventType":"SetValue","TargetObject":"HKCU\\Software\\Microsoft\\Office\\16.0\\Outlook\\Resiliency\\2819","Details":"1"}
{"UtcTime":"2026-08-12 10:27:00.000","Computer":"TN-FIN-WS042","User":"TRANSNORTE\\ops.cardoso","EventID":13,"Image":"C:\\Windows\\System32\\RuntimeBroker.exe","ProcessGuid":"{AEEEC238-77C0-2026-77C4-4AB0D4BBCF3A}","ProcessId":1306,"EventType":"SetValue","TargetObject":"HKCU\\Software\\Microsoft\\Office\\16.0\\Outlook\\Resiliency\\2820","Details":"1"}
{"UtcTime":"2026-08-12 10:27:01.000","Computer":"TN-FIN-WS042","User":"TRANSNORTE\\ops.cardoso","EventID":11,"Image":"C:\\Program Files\\Microsoft Office\\Office16\\OUTLOOK.EXE","ProcessGuid":"{2D11884A-1399-2026-A8F4-DD35437EF07A}","ProcessId":1083,"TargetFilename":"C:\\Users\\ops.cardoso\\AppData\\Local\\Temp\\office-2821.tmp"}
{"UtcTime":"2026-08-12 10:27:02.000","Computer":"TN-FIN-WS042","User":"TRANSNORTE\\backup_svc","EventID":13,"Image":"C:\\Windows\\explorer.exe","ProcessGuid":"{DB6224DF-D40B-2026-0979-E550CD07A35C}","ProcessId":2917,"EventType":"SetValue","TargetObject":"HKCU\\Software\\Microsoft\\Office\\16.0\\Outlook\\Resiliency\\2822","Details":"1"}
{"UtcTime":"2026-08-12 10:27:03.000","Computer":"TN-FIN-WS042","User":"TRANSNORTE\\backup_svc","EventID":1,"Image":"C:\\Program Files\\Google\\Chrome\\Application\\chrome.exe","ProcessGuid":"{512F9469-5398-2026-6025-6627D6BB1B6F}","ProcessId":8397,"CommandLine":"C:\\Program Files\\Google\\Chrome\\Application\\chrome.exe","ParentImage":"C:\\Windows\\System32\\services.exe","ParentProcessGuid":"{983AF8C5-F3D2-2026-6C61-5C0CC3E00F1E}","OriginalFileName":"C:\\Program Files\\Google\\Chrome\\Application\\chrome.exe","SHA256":"b4b053ec0725fa29242edd4e2f6f78f8eab438fe156a41b9dd457d61d0aab6ec"}
{"UtcTime":"2026-08-12 10:27:04.000","Computer":"TN-FIN-WS042","User":"TRANSNORTE\\backup_svc","EventID":13,"Image":"C:\\Windows\\explorer.exe","ProcessGuid":"{FE6A153F-D01A-2026-7ADD-A9C4373B85D0}","ProcessId":8437,"EventType":"SetValue","TargetObject":"HKCU\\Software\\Microsoft\\Office\\16.0\\Outlook\\Resiliency\\2824","Details":"1"}
{"UtcTime":"2026-08-12 10:27:05.000","Computer":"TN-FIN-WS042","User":"TRANSNORTE\\backup_svc","EventID":1,"Image":"C:\\Program Files\\Google\\Chrome\\Application\\chrome.exe","ProcessGuid":"{6102A4AE-BA16-2026-12B2-4460DBD3E95F}","ProcessId":4922,"CommandLine":"C:\\Program Files\\Google\\Chrome\\Application\\chrome.exe","ParentImage":"C:\\Windows\\System32\\services.exe","ParentProcessGuid":"{F5066E2B-3D95-2026-18DA-878B8D7E080B}","OriginalFileName":"C:\\Program Files\\Google\\Chrome\\Application\\chrome.exe","SHA256":"240d8710838b8d3df6b8c19701bb7091123aa4d9376da93a1bd75bb6d14c09e5"}
{"UtcTime":"2026-08-12 10:27:06.000","Computer":"TN-FIN-WS042","User":"TRANSNORTE\\backup_svc","EventID":1,"Image":"C:\\Program Files\\Microsoft Office\\Office16\\OUTLOOK.EXE","ProcessGuid":"{50CE0005-8177-2026-758E-8A75B8651390}","ProcessId":4033,"CommandLine":"C:\\Program Files\\Microsoft Office\\Office16\\OUTLOOK.EXE","ParentImage":"C:\\Windows\\System32\\services.exe","ParentProcessGuid":"{4ED73183-2B52-2026-9E06-9C01FADD7897}","OriginalFileName":"C:\\Program Files\\Microsoft Office\\Office16\\OUTLOOK.EXE","SHA256":"9873b6dfaa2f142b6d74e4f6634b3b5dfc56adcccee4a6f344b0571848cdfdf1"}
{"UtcTime":"2026-08-12 10:27:07.000","Computer":"TN-FIN-WS042","User":"TRANSNORTE\\backup_svc","EventID":3,"Image":"C:\\Windows\\System32\\svchost.exe","ProcessGuid":"{3915BAD4-DF4E-2026-9B94-BA65D6362634}","ProcessId":5007,"DestinationIp":"10.50.10.88","DestinationPort":53,"SourceIp":"10.50.10.42","Protocol":"tcp"}
{"UtcTime":"2026-08-12 10:27:08.000","Computer":"TN-FIN-WS042","User":"TRANSNORTE\\ops.cardoso","EventID":3,"Image":"C:\\Program Files\\Microsoft Office\\Office16\\OUTLOOK.EXE","ProcessGuid":"{A0569945-D2AA-2026-EF0B-DD43E7F201D0}","ProcessId":8949,"DestinationIp":"10.50.10.88","DestinationPort":443,"SourceIp":"10.50.10.42","Protocol":"tcp"}
{"UtcTime":"2026-08-12 10:27:09.000","Computer":"TN-FIN-WS042","User":"TRANSNORTE\\backup_svc","EventID":1,"Image":"C:\\Windows\\explorer.exe","ProcessGuid":"{D9C7E7C3-FACD-2026-ED2D-9C664E90CBCB}","ProcessId":6553,"CommandLine":"C:\\Windows\\explorer.exe","ParentImage":"C:\\Windows\\System32\\services.exe","ParentProcessGuid":"{B0263781-5A0F-2026-B5EF-EFE87FD9EE04}","OriginalFileName":"C:\\Windows\\explorer.exe","SHA256":"47e7268dba55de4f453caa313723e2cd569c3cbc6ff1b87b80f3fdda73f2df98"}
{"UtcTime":"2026-08-12 10:27:10.000","Computer":"TN-FIN-WS042","User":"TRANSNORTE\\backup_svc","EventID":5,"Image":"C:\\Windows\\System32\\svchost.exe","ProcessGuid":"{AF9B5DCB-D5F3-2026-3A62-A1630BE02A3F}","ProcessId":6136,"EventType":"End"}
{"UtcTime":"2026-08-12 10:27:11.000","Computer":"TN-FIN-WS042","User":"TRANSNORTE\\backup_svc","EventID":1,"Image":"C:\\Windows\\System32\\RuntimeBroker.exe","ProcessGuid":"{6F1E13C3-8025-2026-CC10-043F4F7CED16}","ProcessId":4577,"CommandLine":"C:\\Windows\\System32\\RuntimeBroker.exe","ParentImage":"C:\\Windows\\System32\\services.exe","ParentProcessGuid":"{8FBF75B8-96B5-2026-CD87-FC79D41F3624}","OriginalFileName":"C:\\Windows\\System32\\RuntimeBroker.exe","SHA256":"b546b556d9154ff7275bd39bb9aa9e9945e1d46334077a6fa96bbe1a7baf4db7"}
{"UtcTime":"2026-08-12 10:27:12.000","Computer":"TN-FIN-WS042","User":"TRANSNORTE\\backup_svc","EventID":13,"Image":"C:\\Program Files\\Microsoft Office\\Office16\\OUTLOOK.EXE","ProcessGuid":"{ED91D4F3-1A16-2026-3F88-F64E6561CEF5}","ProcessId":8741,"EventType":"SetValue","TargetObject":"HKCU\\Software\\Microsoft\\Office\\16.0\\Outlook\\Resiliency\\2832","Details":"1"}
{"UtcTime":"2026-08-12 10:27:13.000","Computer":"TN-FIN-WS042","User":"TRANSNORTE\\ops.cardoso","EventID":3,"Image":"C:\\Windows\\System32\\conhost.exe","ProcessGuid":"{087C54AF-3BB3-2026-503A-CA162EFAE787}","ProcessId":6144,"DestinationIp":"10.50.10.10","DestinationPort":8080,"SourceIp":"10.50.10.42","Protocol":"tcp"}
{"UtcTime":"2026-08-12 10:27:14.000","Computer":"TN-FIN-WS042","User":"TRANSNORTE\\ops.cardoso","EventID":1,"Image":"C:\\Windows\\explorer.exe","ProcessGuid":"{9B5DA60E-BD77-2026-5CBA-0A7DE8CE776F}","ProcessId":8084,"CommandLine":"C:\\Windows\\explorer.exe","ParentImage":"C:\\Windows\\System32\\services.exe","ParentProcessGuid":"{C060B57D-BD87-2026-1F0E-B439A974FEF9}","OriginalFileName":"C:\\Windows\\explorer.exe","SHA256":"9641bb63bec33527d764658d15341c4d87c827e68397c99f57cdcda8ab3c2696"}
{"UtcTime":"2026-08-12 10:27:15.000","Computer":"TN-FIN-WS042","User":"TRANSNORTE\\backup_svc","EventID":11,"Image":"C:\\Windows\\System32\\RuntimeBroker.exe","ProcessGuid":"{F04A3CFB-EC17-2026-9283-304658EDB809}","ProcessId":8690,"TargetFilename":"C:\\Users\\ops.cardoso\\AppData\\Local\\Temp\\office-2835.tmp"}
{"UtcTime":"2026-08-12 10:27:16.000","Computer":"TN-FIN-WS042","User":"TRANSNORTE\\backup_svc","EventID":1,"Image":"C:\\Program Files\\Google\\Chrome\\Application\\chrome.exe","ProcessGuid":"{B76BD60C-FF7B-2026-F2C6-245495BA8FF0}","ProcessId":4787,"CommandLine":"C:\\Program Files\\Google\\Chrome\\Application\\chrome.exe","ParentImage":"C:\\Windows\\System32\\services.exe","ParentProcessGuid":"{BC9B018B-22F2-2026-A058-51142E5DB7B3}","OriginalFileName":"C:\\Program Files\\Google\\Chrome\\Application\\chrome.exe","SHA256":"c8b02a1319ebd653fb0bed1ad7e6d21fd88e3a06a2373fa2da600db4cc57df6f"}
{"UtcTime":"2026-08-12 10:27:17.000","Computer":"TN-FIN-WS042","User":"TRANSNORTE\\ops.cardoso","EventID":1,"Image":"C:\\Program Files\\Google\\Chrome\\Application\\chrome.exe","ProcessGuid":"{D1E32EE0-E2B9-2026-7F18-4CB64F0F661D}","ProcessId":6404,"CommandLine":"C:\\Program Files\\Google\\Chrome\\Application\\chrome.exe","ParentImage":"C:\\Windows\\System32\\services.exe","ParentProcessGuid":"{2EB18C08-C3E2-2026-80E0-37EA070F2679}","OriginalFileName":"C:\\Program Files\\Google\\Chrome\\Application\\chrome.exe","SHA256":"aa5c795b59a422c13485724e80dd36b30c6f4ed6cc0055d7040e836e69499ef4"}
{"UtcTime":"2026-08-12 10:27:18.000","Computer":"TN-FIN-WS042","User":"TRANSNORTE\\ops.cardoso","EventID":5,"Image":"C:\\Windows\\System32\\svchost.exe","ProcessGuid":"{75D6010F-A943-2026-CDDB-43A37D12C976}","ProcessId":645,"EventType":"End"}
{"UtcTime":"2026-08-12 10:27:19.000","Computer":"TN-FIN-WS042","User":"TRANSNORTE\\backup_svc","EventID":1,"Image":"C:\\Windows\\System32\\RuntimeBroker.exe","ProcessGuid":"{CB736863-428C-2026-87EA-02FAD8DB0457}","ProcessId":6645,"CommandLine":"C:\\Windows\\System32\\RuntimeBroker.exe","ParentImage":"C:\\Windows\\System32\\services.exe","ParentProcessGuid":"{3F2D086C-01C5-2026-56B7-3B12702FCAF2}","OriginalFileName":"C:\\Windows\\System32\\RuntimeBroker.exe","SHA256":"95d3f12fc8823cc779ca397646b468022fa92117cc6e11899ff1f1035fe46b96"}
{"UtcTime":"2026-08-12 10:27:20.000","Computer":"TN-FIN-WS042","User":"TRANSNORTE\\ops.cardoso","EventID":11,"Image":"C:\\Windows\\System32\\RuntimeBroker.exe","ProcessGuid":"{E59E4FA6-2FBC-2026-93E5-8CEBACB505F4}","ProcessId":5597,"TargetFilename":"C:\\Users\\ops.cardoso\\AppData\\Local\\Temp\\office-2840.tmp"}
{"UtcTime":"2026-08-12 10:27:21.000","Computer":"TN-FIN-WS042","User":"TRANSNORTE\\backup_svc","EventID":5,"Image":"C:\\Windows\\System32\\RuntimeBroker.exe","ProcessGuid":"{EA1E37C4-ECEF-2026-9F04-A7A758C8F2F0}","ProcessId":6339,"EventType":"End"}
{"UtcTime":"2026-08-12 10:27:22.000","Computer":"TN-FIN-WS042","User":"TRANSNORTE\\backup_svc","EventID":1,"Image":"C:\\Program Files\\Google\\Chrome\\Application\\chrome.exe","ProcessGuid":"{EC32AAF6-9E58-2026-7040-CB1FAA99B7D8}","ProcessId":4589,"CommandLine":"C:\\Program Files\\Google\\Chrome\\Application\\chrome.exe","ParentImage":"C:\\Windows\\System32\\services.exe","ParentProcessGuid":"{1B29DA7E-36C0-2026-2CAC-C39F1E6D9E34}","OriginalFileName":"C:\\Program Files\\Google\\Chrome\\Application\\chrome.exe","SHA256":"f4fd78d3a17d9056ae6a562a83ed3eb41c7d89377127af146cbf2809ee10c390"}
{"UtcTime":"2026-08-12 10:27:23.000","Computer":"TN-FIN-WS042","User":"TRANSNORTE\\backup_svc","EventID":1,"Image":"C:\\Program Files\\Google\\Chrome\\Application\\chrome.exe","ProcessGuid":"{00F84E68-F212-2026-587F-5C099358BD63}","ProcessId":3112,"CommandLine":"C:\\Program Files\\Google\\Chrome\\Application\\chrome.exe","ParentImage":"C:\\Windows\\System32\\services.exe","ParentProcessGuid":"{2899FFE5-2FAC-2026-681A-3496AFE82995}","OriginalFileName":"C:\\Program Files\\Google\\Chrome\\Application\\chrome.exe","SHA256":"327d36010bdb91b549994ae2182b8f22b4bd4b9a759676c137da445b85cc3143"}
{"UtcTime":"2026-08-12 10:27:24.000","Computer":"TN-FIN-WS042","User":"TRANSNORTE\\backup_svc","EventID":5,"Image":"C:\\Windows\\explorer.exe","ProcessGuid":"{13E66DBF-86EA-2026-24DB-203F7D524857}","ProcessId":6560,"EventType":"End"}
{"UtcTime":"2026-08-12 10:27:25.000","Computer":"TN-FIN-WS042","User":"TRANSNORTE\\ops.cardoso","EventID":1,"Image":"C:\\Windows\\System32\\conhost.exe","ProcessGuid":"{39D75059-69CB-2026-B685-BCB40B6F2ABA}","ProcessId":8469,"CommandLine":"C:\\Windows\\System32\\conhost.exe","ParentImage":"C:\\Windows\\System32\\services.exe","ParentProcessGuid":"{78168C35-1F4D-2026-E965-162A82BF984B}","OriginalFileName":"C:\\Windows\\System32\\conhost.exe","SHA256":"180efc497c9058019ca50a4ff222ff4356eeda3959c9bf831fe6402078624998"}
{"UtcTime":"2026-08-12 10:27:26.000","Computer":"TN-FIN-WS042","User":"TRANSNORTE\\backup_svc","EventID":13,"Image":"C:\\Windows\\System32\\conhost.exe","ProcessGuid":"{39877109-83A3-2026-930A-62D2BEFDA961}","ProcessId":1939,"EventType":"SetValue","TargetObject":"HKCU\\Software\\Microsoft\\Office\\16.0\\Outlook\\Resiliency\\2846","Details":"1"}
{"UtcTime":"2026-08-12 10:27:27.000","Computer":"TN-FIN-WS042","User":"TRANSNORTE\\backup_svc","EventID":1,"Image":"C:\\Program Files\\Google\\Chrome\\Application\\chrome.exe","ProcessGuid":"{CCD3A390-3D09-2026-511E-99C0B7EDE6BD}","ProcessId":5528,"CommandLine":"C:\\Program Files\\Google\\Chrome\\Application\\chrome.exe","ParentImage":"C:\\Windows\\System32\\services.exe","ParentProcessGuid":"{91F37E2E-8101-2026-B251-5B180CF5D282}","OriginalFileName":"C:\\Program Files\\Google\\Chrome\\Application\\chrome.exe","SHA256":"d4534a8679e4bb7ed6c3bad11199314e672f69d216aae0e2f69264be55fa82be"}
{"UtcTime":"2026-08-12 10:27:28.000","Computer":"TN-FIN-WS042","User":"TRANSNORTE\\backup_svc","EventID":1,"Image":"C:\\Windows\\System32\\RuntimeBroker.exe","ProcessGuid":"{A7338B2F-95B2-2026-5092-0524EE34FDB8}","ProcessId":996,"CommandLine":"C:\\Windows\\System32\\RuntimeBroker.exe","ParentImage":"C:\\Windows\\System32\\services.exe","ParentProcessGuid":"{CC218F8C-8115-2026-7BE6-F0C0B58C990F}","OriginalFileName":"C:\\Windows\\System32\\RuntimeBroker.exe","SHA256":"40513acb7fd2bd38f1f3a08989e2a8053ec17d641768fe91d99991116f2f4c17"}
{"UtcTime":"2026-08-12 10:27:29.000","Computer":"TN-FIN-WS042","User":"TRANSNORTE\\backup_svc","EventID":5,"Image":"C:\\Windows\\System32\\conhost.exe","ProcessGuid":"{34901B61-5F2A-2026-2B2C-4F77682ED8A7}","ProcessId":6300,"EventType":"End"}
{"UtcTime":"2026-08-12 10:27:30.000","Computer":"TN-FIN-WS042","User":"TRANSNORTE\\backup_svc","EventID":5,"Image":"C:\\Windows\\explorer.exe","ProcessGuid":"{312BACA7-86F7-2026-7E5F-ABE1BA8445D6}","ProcessId":3935,"EventType":"End"}
{"UtcTime":"2026-08-12 10:27:31.000","Computer":"TN-FIN-WS042","User":"TRANSNORTE\\ops.cardoso","EventID":5,"Image":"C:\\Windows\\System32\\svchost.exe","ProcessGuid":"{423AAA45-3B55-2026-0F41-7B605F16C24E}","ProcessId":742,"EventType":"End"}
{"UtcTime":"2026-08-12 10:27:32.000","Computer":"TN-FIN-WS042","User":"TRANSNORTE\\backup_svc","EventID":13,"Image":"C:\\Windows\\System32\\svchost.exe","ProcessGuid":"{28CF184A-7E36-2026-52C6-CCE910F5BDAA}","ProcessId":3118,"EventType":"SetValue","TargetObject":"HKCU\\Software\\Microsoft\\Office\\16.0\\Outlook\\Resiliency\\2852","Details":"1"}
{"UtcTime":"2026-08-12 10:27:33.000","Computer":"TN-FIN-WS042","User":"TRANSNORTE\\backup_svc","EventID":1,"Image":"C:\\Program Files\\Google\\Chrome\\Application\\chrome.exe","ProcessGuid":"{F72E0CA7-9B05-2026-5FC6-5E1EAC32AC75}","ProcessId":3951,"CommandLine":"C:\\Program Files\\Google\\Chrome\\Application\\chrome.exe","ParentImage":"C:\\Windows\\System32\\services.exe","ParentProcessGuid":"{3156AAEA-207E-2026-A87F-0C7B23325235}","OriginalFileName":"C:\\Program Files\\Google\\Chrome\\Application\\chrome.exe","SHA256":"7aa89295e24b1134d715ca3b89c0eef74b2b0eb1bf778f2d889025542abd67ad"}
{"UtcTime":"2026-08-12 10:27:34.000","Computer":"TN-FIN-WS042","User":"TRANSNORTE\\backup_svc","EventID":1,"Image":"C:\\Windows\\System32\\RuntimeBroker.exe","ProcessGuid":"{FBEE0286-FD49-2026-B1F2-351C7D72360A}","ProcessId":7312,"CommandLine":"C:\\Windows\\System32\\RuntimeBroker.exe","ParentImage":"C:\\Windows\\System32\\services.exe","ParentProcessGuid":"{1FACA1FF-1502-2026-D7C6-28A5F2B85EA9}","OriginalFileName":"C:\\Windows\\System32\\RuntimeBroker.exe","SHA256":"de5d6cba9c3e6437bd64da9f96f34fcee25bab1b517bef0ea6c4a38734b763e9"}
{"UtcTime":"2026-08-12 10:27:35.000","Computer":"TN-FIN-WS042","User":"TRANSNORTE\\ops.cardoso","EventID":3,"Image":"C:\\Windows\\System32\\conhost.exe","ProcessGuid":"{B33E0163-05AE-2026-6206-859E000EB891}","ProcessId":593,"DestinationIp":"10.50.10.88","DestinationPort":8080,"SourceIp":"10.50.10.42","Protocol":"tcp"}
{"UtcTime":"2026-08-12 10:27:36.000","Computer":"TN-FIN-WS042","User":"TRANSNORTE\\ops.cardoso","EventID":11,"Image":"C:\\Program Files\\Microsoft Office\\Office16\\OUTLOOK.EXE","ProcessGuid":"{C9F69912-0FE6-2026-8D4A-9403DBA7A35B}","ProcessId":1229,"TargetFilename":"C:\\Users\\ops.cardoso\\AppData\\Local\\Temp\\office-2856.tmp"}
{"UtcTime":"2026-08-12 10:27:37.000","Computer":"TN-FIN-WS042","User":"TRANSNORTE\\ops.cardoso","EventID":1,"Image":"C:\\Program Files\\Google\\Chrome\\Application\\chrome.exe","ProcessGuid":"{B514A569-9E77-2026-A48C-7B167D2D504A}","ProcessId":5254,"CommandLine":"C:\\Program Files\\Google\\Chrome\\Application\\chrome.exe","ParentImage":"C:\\Windows\\System32\\services.exe","ParentProcessGuid":"{574DDDF5-CAF7-2026-534F-DC7E51C8F85D}","OriginalFileName":"C:\\Program Files\\Google\\Chrome\\Application\\chrome.exe","SHA256":"5af6b11d782d258d7122a2c6a55831798220dd8718104e3c8bfba0f1ab549394"}
{"UtcTime":"2026-08-12 10:27:38.000","Computer":"TN-FIN-WS042","User":"TRANSNORTE\\backup_svc","EventID":13,"Image":"C:\\Program Files\\Google\\Chrome\\Application\\chrome.exe","ProcessGuid":"{4E4A94F9-4026-2026-A52C-AF69D9093A1D}","ProcessId":5529,"EventType":"SetValue","TargetObject":"HKCU\\Software\\Microsoft\\Office\\16.0\\Outlook\\Resiliency\\2858","Details":"1"}
{"UtcTime":"2026-08-12 10:27:39.000","Computer":"TN-FIN-WS042","User":"TRANSNORTE\\backup_svc","EventID":13,"Image":"C:\\Windows\\System32\\RuntimeBroker.exe","ProcessGuid":"{0EC2DFFC-38A2-2026-C312-9CAF839BC51A}","ProcessId":2351,"EventType":"SetValue","TargetObject":"HKCU\\Software\\Microsoft\\Office\\16.0\\Outlook\\Resiliency\\2859","Details":"1"}
{"UtcTime":"2026-08-12 10:27:40.000","Computer":"TN-FIN-WS042","User":"TRANSNORTE\\backup_svc","EventID":1,"Image":"C:\\Program Files\\Google\\Chrome\\Application\\chrome.exe","ProcessGuid":"{C4C6AB1F-1776-2026-D225-A500132C78B0}","ProcessId":1737,"CommandLine":"C:\\Program Files\\Google\\Chrome\\Application\\chrome.exe","ParentImage":"C:\\Windows\\System32\\services.exe","ParentProcessGuid":"{17204A10-12AC-2026-3B7B-BE9E6132919F}","OriginalFileName":"C:\\Program Files\\Google\\Chrome\\Application\\chrome.exe","SHA256":"f74d750b03251211950fc235e39d1c63cb0c866f30ab2d8554ab897a7ab7c4eb"}
{"UtcTime":"2026-08-12 10:27:41.000","Computer":"TN-FIN-WS042","User":"TRANSNORTE\\ops.cardoso","EventID":1,"Image":"C:\\Windows\\System32\\RuntimeBroker.exe","ProcessGuid":"{AF31B2D8-1B65-2026-1524-C1B1C2C04411}","ProcessId":6383,"CommandLine":"C:\\Windows\\System32\\RuntimeBroker.exe","ParentImage":"C:\\Windows\\System32\\services.exe","ParentProcessGuid":"{585D0FDE-8402-2026-B4DF-1A71CE809EA5}","OriginalFileName":"C:\\Windows\\System32\\RuntimeBroker.exe","SHA256":"de88dcb4a0430601a18860bb8ed941ca47dad6da81fb63422fd8de359159ecd8"}
{"UtcTime":"2026-08-12 10:27:42.000","Computer":"TN-FIN-WS042","User":"TRANSNORTE\\backup_svc","EventID":11,"Image":"C:\\Windows\\System32\\svchost.exe","ProcessGuid":"{20144B22-DB03-2026-3DE9-D3F2C6521B22}","ProcessId":4059,"TargetFilename":"C:\\Users\\ops.cardoso\\AppData\\Local\\Temp\\office-2862.tmp"}
{"UtcTime":"2026-08-12 10:27:43.000","Computer":"TN-FIN-WS042","User":"TRANSNORTE\\backup_svc","EventID":1,"Image":"C:\\Windows\\System32\\conhost.exe","ProcessGuid":"{0B30D087-90A2-2026-6AE3-5E3054580D80}","ProcessId":3258,"CommandLine":"C:\\Windows\\System32\\conhost.exe","ParentImage":"C:\\Windows\\System32\\services.exe","ParentProcessGuid":"{DEB33078-E2AA-2026-608D-FDAADF2130C9}","OriginalFileName":"C:\\Windows\\System32\\conhost.exe","SHA256":"b72aca3ac5680ffb32e208248bb0083978480807649a70a7b484c5b8d67ed8c4"}
{"UtcTime":"2026-08-12 10:27:44.000","Computer":"TN-FIN-WS042","User":"TRANSNORTE\\backup_svc","EventID":11,"Image":"C:\\Program Files\\Google\\Chrome\\Application\\chrome.exe","ProcessGuid":"{3D721813-E014-2026-769C-145CE6C49A93}","ProcessId":3960,"TargetFilename":"C:\\Users\\ops.cardoso\\AppData\\Local\\Temp\\office-2864.tmp"}
{"UtcTime":"2026-08-12 10:27:45.000","Computer":"TN-FIN-WS042","User":"TRANSNORTE\\ops.cardoso","EventID":5,"Image":"C:\\Windows\\System32\\svchost.exe","ProcessGuid":"{48965D0F-0CE2-2026-FACF-147795A7F400}","ProcessId":5740,"EventType":"End"}
{"UtcTime":"2026-08-12 10:27:46.000","Computer":"TN-FIN-WS042","User":"TRANSNORTE\\backup_svc","EventID":5,"Image":"C:\\Windows\\System32\\svchost.exe","ProcessGuid":"{6727EAD2-C45E-2026-2E4F-1FEC1F58A892}","ProcessId":7573,"EventType":"End"}
{"UtcTime":"2026-08-12 10:27:47.000","Computer":"TN-FIN-WS042","User":"TRANSNORTE\\backup_svc","EventID":3,"Image":"C:\\Windows\\System32\\RuntimeBroker.exe","ProcessGuid":"{F2E12D8C-ED55-2026-F337-BF3BA3706AD9}","ProcessId":8347,"DestinationIp":"8.8.8.8","DestinationPort":53,"SourceIp":"10.50.10.42","Protocol":"tcp"}
{"UtcTime":"2026-08-12 10:27:48.000","Computer":"TN-FIN-WS042","User":"TRANSNORTE\\backup_svc","EventID":11,"Image":"C:\\Program Files\\Google\\Chrome\\Application\\chrome.exe","ProcessGuid":"{84C8512B-D5D5-2026-EDE4-B8DF51A97C67}","ProcessId":4544,"TargetFilename":"C:\\Users\\ops.cardoso\\AppData\\Local\\Temp\\office-2868.tmp"}
{"UtcTime":"2026-08-12 10:27:49.000","Computer":"TN-FIN-WS042","User":"TRANSNORTE\\backup_svc","EventID":1,"Image":"C:\\Windows\\explorer.exe","ProcessGuid":"{C9598848-99CC-2026-0980-D9356A941D98}","ProcessId":6803,"CommandLine":"C:\\Windows\\explorer.exe","ParentImage":"C:\\Windows\\System32\\services.exe","ParentProcessGuid":"{64644FA8-6528-2026-0E44-84678F6C9B6C}","OriginalFileName":"C:\\Windows\\explorer.exe","SHA256":"ffcd80aa7f62cd55274cd3c39901dd8462e2e75a394a9c50f63cea36887f5226"}
{"UtcTime":"2026-08-12 10:27:50.000","Computer":"TN-FIN-WS042","User":"TRANSNORTE\\backup_svc","EventID":5,"Image":"C:\\Windows\\explorer.exe","ProcessGuid":"{FCE7C1FF-AFEB-2026-5601-AD428A17BB19}","ProcessId":7360,"EventType":"End"}
{"UtcTime":"2026-08-12 10:27:51.000","Computer":"TN-FIN-WS042","User":"TRANSNORTE\\backup_svc","EventID":1,"Image":"C:\\Program Files\\Microsoft Office\\Office16\\OUTLOOK.EXE","ProcessGuid":"{655A8D61-422E-2026-05EE-563C0A225BD6}","ProcessId":8305,"CommandLine":"C:\\Program Files\\Microsoft Office\\Office16\\OUTLOOK.EXE","ParentImage":"C:\\Windows\\System32\\services.exe","ParentProcessGuid":"{63F4C7E6-7B72-2026-C31C-29B7F296B903}","OriginalFileName":"C:\\Program Files\\Microsoft Office\\Office16\\OUTLOOK.EXE","SHA256":"70126920cf42d943686fc2718b7781cdb0301c474492f440630e5ae5d1ba88a8"}
{"UtcTime":"2026-08-12 10:27:52.000","Computer":"TN-FIN-WS042","User":"TRANSNORTE\\backup_svc","EventID":5,"Image":"C:\\Windows\\explorer.exe","ProcessGuid":"{E6EF8241-3971-2026-F0F1-179D0863323D}","ProcessId":5891,"EventType":"End"}
{"UtcTime":"2026-08-12 10:27:53.000","Computer":"TN-FIN-WS042","User":"TRANSNORTE\\backup_svc","EventID":5,"Image":"C:\\Program Files\\Microsoft Office\\Office16\\OUTLOOK.EXE","ProcessGuid":"{E5BA4ED2-B8D9-2026-124E-039CE6C00BB7}","ProcessId":3947,"EventType":"End"}
{"UtcTime":"2026-08-12 10:27:54.000","Computer":"TN-FIN-WS042","User":"TRANSNORTE\\backup_svc","EventID":3,"Image":"C:\\Windows\\System32\\RuntimeBroker.exe","ProcessGuid":"{CFCFC2DA-CD18-2026-36D7-782C5275F6B5}","ProcessId":4125,"DestinationIp":"10.50.10.10","DestinationPort":53,"SourceIp":"10.50.10.42","Protocol":"tcp"}
{"UtcTime":"2026-08-12 10:27:55.000","Computer":"TN-FIN-WS042","User":"TRANSNORTE\\backup_svc","EventID":5,"Image":"C:\\Windows\\System32\\RuntimeBroker.exe","ProcessGuid":"{8096013E-9904-2026-07A2-4A721216AFD9}","ProcessId":2999,"EventType":"End"}
{"UtcTime":"2026-08-12 10:27:56.000","Computer":"TN-FIN-WS042","User":"TRANSNORTE\\ops.cardoso","EventID":11,"Image":"C:\\Windows\\System32\\svchost.exe","ProcessGuid":"{6AB73811-C882-2026-1FC1-655A90C094FF}","ProcessId":1319,"TargetFilename":"C:\\Users\\ops.cardoso\\AppData\\Local\\Temp\\office-2876.tmp"}
{"UtcTime":"2026-08-12 10:27:57.000","Computer":"TN-FIN-WS042","User":"TRANSNORTE\\ops.cardoso","EventID":1,"Image":"C:\\Windows\\explorer.exe","ProcessGuid":"{72EAD7CC-0923-2026-BE26-DC04C798A4B8}","ProcessId":3331,"CommandLine":"C:\\Windows\\explorer.exe","ParentImage":"C:\\Windows\\System32\\services.exe","ParentProcessGuid":"{16229B35-715A-2026-695B-D3A89B958E4B}","OriginalFileName":"C:\\Windows\\explorer.exe","SHA256":"3b26f11db5ced591ff5aea0c5e33ef5fd082fcea04cdc6e3155e0b8fc95ec21a"}
{"UtcTime":"2026-08-12 10:27:58.000","Computer":"TN-FIN-WS042","User":"TRANSNORTE\\backup_svc","EventID":1,"Image":"C:\\Windows\\System32\\svchost.exe","ProcessGuid":"{086CD550-37BB-2026-1EEE-EE3D72CE90EC}","ProcessId":6858,"CommandLine":"C:\\Windows\\System32\\svchost.exe","ParentImage":"C:\\Windows\\System32\\services.exe","ParentProcessGuid":"{726E6EE3-04F8-2026-68CC-A7C935E9951B}","OriginalFileName":"C:\\Windows\\System32\\svchost.exe","SHA256":"1de3c0d24eb1ec3be3bd2d3c4cae5bbee01e9a259992a68e500cb2d54c1eb2fe"}
{"UtcTime":"2026-08-12 10:27:59.000","Computer":"TN-FIN-WS042","User":"TRANSNORTE\\backup_svc","EventID":5,"Image":"C:\\Windows\\System32\\svchost.exe","ProcessGuid":"{2C33AA4B-E58B-2026-2158-78E78FE96C88}","ProcessId":1422,"EventType":"End"}
{"UtcTime":"2026-08-12 10:28:00.000","Computer":"TN-FIN-WS042","User":"TRANSNORTE\\ops.cardoso","EventID":11,"Image":"C:\\Windows\\explorer.exe","ProcessGuid":"{430C57D8-0F37-2026-A70F-98DAAE707CB8}","ProcessId":8088,"TargetFilename":"C:\\Users\\ops.cardoso\\AppData\\Local\\Temp\\office-2880.tmp"}
{"UtcTime":"2026-08-12 10:28:01.000","Computer":"TN-FIN-WS042","User":"TRANSNORTE\\ops.cardoso","EventID":13,"Image":"C:\\Windows\\explorer.exe","ProcessGuid":"{B343D541-6267-2026-3A26-4E4A55C299DF}","ProcessId":4839,"EventType":"SetValue","TargetObject":"HKCU\\Software\\Microsoft\\Office\\16.0\\Outlook\\Resiliency\\2881","Details":"1"}
{"UtcTime":"2026-08-12 10:28:02.000","Computer":"TN-FIN-WS042","User":"TRANSNORTE\\backup_svc","EventID":3,"Image":"C:\\Program Files\\Google\\Chrome\\Application\\chrome.exe","ProcessGuid":"{88022FEA-6262-2026-C5C2-5BB855444CFA}","ProcessId":3855,"DestinationIp":"10.50.10.88","DestinationPort":53,"SourceIp":"10.50.10.42","Protocol":"tcp"}
{"UtcTime":"2026-08-12 10:28:03.000","Computer":"TN-FIN-WS042","User":"TRANSNORTE\\backup_svc","EventID":1,"Image":"C:\\Program Files\\Google\\Chrome\\Application\\chrome.exe","ProcessGuid":"{4E03CB25-186B-2026-953A-359356FF3B62}","ProcessId":4220,"CommandLine":"C:\\Program Files\\Google\\Chrome\\Application\\chrome.exe","ParentImage":"C:\\Windows\\System32\\services.exe","ParentProcessGuid":"{C01DAC6A-5B67-2026-EEB3-4F8A08386854}","OriginalFileName":"C:\\Program Files\\Google\\Chrome\\Application\\chrome.exe","SHA256":"f657c157228c4cc642a4920004730c22ee7e3a310c845f78a6d0bf0c1c1b9911"}
{"UtcTime":"2026-08-12 10:28:04.000","Computer":"TN-FIN-WS042","User":"TRANSNORTE\\backup_svc","EventID":5,"Image":"C:\\Program Files\\Microsoft Office\\Office16\\OUTLOOK.EXE","ProcessGuid":"{4EB98173-3CC3-2026-DC73-4492B0DF1126}","ProcessId":3818,"EventType":"End"}
{"UtcTime":"2026-08-12 10:28:05.000","Computer":"TN-FIN-WS042","User":"TRANSNORTE\\backup_svc","EventID":1,"Image":"C:\\Program Files\\Google\\Chrome\\Application\\chrome.exe","ProcessGuid":"{C5890AA3-06E4-2026-823E-DCDC61AB22A5}","ProcessId":1157,"CommandLine":"C:\\Program Files\\Google\\Chrome\\Application\\chrome.exe","ParentImage":"C:\\Windows\\System32\\services.exe","ParentProcessGuid":"{96D8E6E5-7C94-2026-59C6-22CA452A5B52}","OriginalFileName":"C:\\Program Files\\Google\\Chrome\\Application\\chrome.exe","SHA256":"8986eefc334ccca5ac884a314268d9ae63b88acc3f60b601f994ba9208268ab3"}
{"UtcTime":"2026-08-12 10:28:06.000","Computer":"TN-FIN-WS042","User":"TRANSNORTE\\backup_svc","EventID":3,"Image":"C:\\Program Files\\Google\\Chrome\\Application\\chrome.exe","ProcessGuid":"{755907CD-3119-2026-9E0C-460915B2031F}","ProcessId":7888,"DestinationIp":"1.1.1.1","DestinationPort":8080,"SourceIp":"10.50.10.42","Protocol":"tcp"}
{"UtcTime":"2026-08-12 10:28:07.000","Computer":"TN-FIN-WS042","User":"TRANSNORTE\\backup_svc","EventID":5,"Image":"C:\\Windows\\System32\\conhost.exe","ProcessGuid":"{B2074B64-8CB2-2026-5C28-548405816BD3}","ProcessId":1971,"EventType":"End"}
{"UtcTime":"2026-08-12 10:28:08.000","Computer":"TN-FIN-WS042","User":"TRANSNORTE\\backup_svc","EventID":3,"Image":"C:\\Program Files\\Google\\Chrome\\Application\\chrome.exe","ProcessGuid":"{43E69618-66AC-2026-50C8-EED3B0709096}","ProcessId":4274,"DestinationIp":"8.8.8.8","DestinationPort":135,"SourceIp":"10.50.10.42","Protocol":"tcp"}
{"UtcTime":"2026-08-12 10:28:09.000","Computer":"TN-FIN-WS042","User":"TRANSNORTE\\backup_svc","EventID":3,"Image":"C:\\Windows\\explorer.exe","ProcessGuid":"{A68DC112-0B72-2026-64F6-E3533ADD84FE}","ProcessId":2678,"DestinationIp":"1.1.1.1","DestinationPort":443,"SourceIp":"10.50.10.42","Protocol":"tcp"}
{"UtcTime":"2026-08-12 10:28:10.000","Computer":"TN-FIN-WS042","User":"TRANSNORTE\\ops.cardoso","EventID":1,"Image":"C:\\Windows\\explorer.exe","ProcessGuid":"{A5723A52-C2DF-2026-9003-A9CD8780A19F}","ProcessId":404,"CommandLine":"C:\\Windows\\explorer.exe","ParentImage":"C:\\Windows\\System32\\services.exe","ParentProcessGuid":"{17F6752D-B773-2026-9940-462F651DE30F}","OriginalFileName":"C:\\Windows\\explorer.exe","SHA256":"9ecfb8a076389fc16f06ba7157ba2c0bf02ddb2129a2b5eea23de6ef48223620"}
{"UtcTime":"2026-08-12 10:28:11.000","Computer":"TN-FIN-WS042","User":"TRANSNORTE\\ops.cardoso","EventID":1,"Image":"C:\\Windows\\explorer.exe","ProcessGuid":"{562AEF6A-EDAB-2026-EFE1-B0107EE809CA}","ProcessId":8692,"CommandLine":"C:\\Windows\\explorer.exe","ParentImage":"C:\\Windows\\System32\\services.exe","ParentProcessGuid":"{09C153D0-E2D1-2026-1308-D8DE20B30223}","OriginalFileName":"C:\\Windows\\explorer.exe","SHA256":"f1a5c631e2c27d7c76c37c3b226c98dab28fea42ca7f24006a51d425d9552f66"}
{"UtcTime":"2026-08-12 10:28:12.000","Computer":"TN-FIN-WS042","User":"TRANSNORTE\\ops.cardoso","EventID":13,"Image":"C:\\Windows\\explorer.exe","ProcessGuid":"{D63F2B9C-BE6B-2026-1E36-6DC3EFDA7B3C}","ProcessId":3276,"EventType":"SetValue","TargetObject":"HKCU\\Software\\Microsoft\\Office\\16.0\\Outlook\\Resiliency\\2892","Details":"1"}
{"UtcTime":"2026-08-12 10:28:13.000","Computer":"TN-FIN-WS042","User":"TRANSNORTE\\ops.cardoso","EventID":13,"Image":"C:\\Program Files\\Microsoft Office\\Office16\\OUTLOOK.EXE","ProcessGuid":"{67712961-42BD-2026-1E95-B33324EC0136}","ProcessId":6031,"EventType":"SetValue","TargetObject":"HKCU\\Software\\Microsoft\\Office\\16.0\\Outlook\\Resiliency\\2893","Details":"1"}
{"UtcTime":"2026-08-12 10:28:14.000","Computer":"TN-FIN-WS042","User":"TRANSNORTE\\backup_svc","EventID":11,"Image":"C:\\Windows\\explorer.exe","ProcessGuid":"{072CB7CF-8B03-2026-5C05-460FCF9BF1FD}","ProcessId":5160,"TargetFilename":"C:\\Users\\ops.cardoso\\AppData\\Local\\Temp\\office-2894.tmp"}
