{"UtcTime":"2026-08-12 14:10:00.000","Computer":"CLM-MESA-014","User":"CLM\\ops","EventID":11,"Image":"C:\\Windows\\System32\\svchost.exe","ProcessGuid":"{AD49FE93-36C6-2026-981A-09F3C03F411D}","ProcessId":2756,"TargetFilename":"C:\\Users\\Public\\Temp\\mesa-0.tmp"}
{"UtcTime":"2026-08-12 14:10:01.000","Computer":"CLM-MESA-014","User":"CLM\\mesa","EventID":1,"Image":"C:\\Windows\\System32\\conhost.exe","ProcessGuid":"{AA12815E-13A3-2026-E7B8-10612BA5949A}","ProcessId":2455,"CommandLine":"C:\\Windows\\System32\\conhost.exe","ParentImage":"C:\\Windows\\System32\\services.exe","ParentProcessGuid":"{A0CF4B9D-659F-2026-7F5D-3D13285AD904}","OriginalFileName":"C:\\Windows\\System32\\conhost.exe"}
{"UtcTime":"2026-08-12 14:10:02.000","Computer":"CLM-MESA-014","User":"CLM\\ops","EventID":1,"Image":"C:\\Program Files\\Microsoft Office\\Office16\\EXCEL.EXE","ProcessGuid":"{2EFF15D2-FC7D-2026-A9D7-842F5708A619}","ProcessId":3703,"CommandLine":"C:\\Program Files\\Microsoft Office\\Office16\\EXCEL.EXE","ParentImage":"C:\\Windows\\System32\\services.exe","ParentProcessGuid":"{D57D5EE3-FB35-2026-8508-D725425F2BC8}","OriginalFileName":"C:\\Program Files\\Microsoft Office\\Office16\\EXCEL.EXE"}
{"UtcTime":"2026-08-12 14:10:03.000","Computer":"CLM-MESA-014","User":"CLM\\ops","EventID":13,"Image":"C:\\Windows\\System32\\svchost.exe","ProcessGuid":"{A9B47967-5EA5-2026-9147-A14A2FFD0CAF}","ProcessId":5590,"EventType":"SetValue","TargetObject":"HKCU\\Software\\CLM\\Mesa\\Pref\\3","Details":"1"}
{"UtcTime":"2026-08-12 14:10:04.000","Computer":"CLM-MESA-014","User":"CLM\\backoffice","EventID":1,"Image":"C:\\Windows\\System32\\svchost.exe","ProcessGuid":"{EE751829-9C74-2026-4732-03C3E570C9FF}","ProcessId":6541,"CommandLine":"C:\\Windows\\System32\\svchost.exe","ParentImage":"C:\\Windows\\System32\\services.exe","ParentProcessGuid":"{0439CABA-F8F4-2026-B056-D6BD8A1FEAC6}","OriginalFileName":"C:\\Windows\\System32\\svchost.exe"}
{"UtcTime":"2026-08-12 14:10:05.000","Computer":"CLM-MESA-014","User":"CLM\\backoffice","EventID":3,"Image":"C:\\Windows\\System32\\conhost.exe","ProcessGuid":"{8FE1DF1F-3F1A-2026-CB6D-A8323F707222}","ProcessId":8447,"DestinationIp":"10.70.30.1","DestinationPort":8080,"DestinationHostname":"ntp.clm.liquidacao","SourceIp":"10.70.30.14","Protocol":"tcp"}
{"UtcTime":"2026-08-12 14:10:06.000","Computer":"CLM-MESA-014","User":"CLM\\backoffice","EventID":1,"Image":"C:\\Program Files\\Microsoft Office\\Office16\\EXCEL.EXE","ProcessGuid":"{25458EC4-19A6-2026-088D-768A4649F945}","ProcessId":1093,"CommandLine":"C:\\Program Files\\Microsoft Office\\Office16\\EXCEL.EXE","ParentImage":"C:\\Windows\\System32\\services.exe","ParentProcessGuid":"{41F1996A-9102-2026-54A4-5FB25C551B6D}","OriginalFileName":"C:\\Program Files\\Microsoft Office\\Office16\\EXCEL.EXE"}
{"UtcTime":"2026-08-12 14:10:07.000","Computer":"CLM-MESA-014","User":"CLM\\ops","EventID":13,"Image":"C:\\Program Files\\Microsoft Office\\Office16\\EXCEL.EXE","ProcessGuid":"{B8A18D86-A78D-2026-3807-AFA211172DD7}","ProcessId":8291,"EventType":"SetValue","TargetObject":"HKCU\\Software\\CLM\\Mesa\\Pref\\7","Details":"1"}
{"UtcTime":"2026-08-12 14:10:08.000","Computer":"CLM-MESA-014","User":"CLM\\backoffice","EventID":5,"Image":"C:\\Windows\\System32\\conhost.exe","ProcessGuid":"{7BD53B54-3C06-2026-1309-6120455B6DBF}","ProcessId":8306,"EventType":"End"}
{"UtcTime":"2026-08-12 14:10:09.000","Computer":"CLM-MESA-014","User":"CLM\\mesa","EventID":1,"Image":"C:\\Program Files\\Google\\Chrome\\Application\\chrome.exe","ProcessGuid":"{F3B7E9B8-72A4-2026-4C78-A388CCF33584}","ProcessId":4903,"CommandLine":"C:\\Program Files\\Google\\Chrome\\Application\\chrome.exe","ParentImage":"C:\\Windows\\System32\\services.exe","ParentProcessGuid":"{B526259E-1249-2026-1D94-C4C9AAAE5954}","OriginalFileName":"C:\\Program Files\\Google\\Chrome\\Application\\chrome.exe"}
{"UtcTime":"2026-08-12 14:10:10.000","Computer":"CLM-MESA-014","User":"CLM\\backoffice","EventID":3,"Image":"C:\\Windows\\System32\\RuntimeBroker.exe","ProcessGuid":"{D35CB149-CC77-2026-7525-C60A35C0A68F}","ProcessId":1913,"DestinationIp":"8.8.8.8","DestinationPort":135,"DestinationHostname":"ntp.clm.liquidacao","SourceIp":"10.70.30.14","Protocol":"tcp"}
{"UtcTime":"2026-08-12 14:10:11.000","Computer":"CLM-MESA-014","User":"CLM\\mesa","EventID":5,"Image":"C:\\Windows\\System32\\svchost.exe","ProcessGuid":"{96B243E5-753A-2026-BD20-7402C347C8A4}","ProcessId":5992,"EventType":"End"}
{"UtcTime":"2026-08-12 14:10:12.000","Computer":"CLM-MESA-014","User":"CLM\\mesa","EventID":11,"Image":"C:\\Windows\\System32\\conhost.exe","ProcessGuid":"{86A3AA88-F5F3-2026-2633-F37BD217A572}","ProcessId":5949,"TargetFilename":"C:\\Users\\Public\\Temp\\mesa-12.tmp"}
{"UtcTime":"2026-08-12 14:10:13.000","Computer":"CLM-MESA-014","User":"CLM\\ops","EventID":11,"Image":"C:\\Windows\\explorer.exe","ProcessGuid":"{90895ECD-3C2C-2026-82A3-98227FC32155}","ProcessId":4064,"TargetFilename":"C:\\Users\\Public\\Temp\\mesa-13.tmp"}
{"UtcTime":"2026-08-12 14:10:14.000","Computer":"CLM-MESA-014","User":"CLM\\ops","EventID":13,"Image":"C:\\Program Files\\Microsoft Office\\Office16\\EXCEL.EXE","ProcessGuid":"{BF9B58DF-805F-2026-A479-91F89245DB09}","ProcessId":869,"EventType":"SetValue","TargetObject":"HKCU\\Software\\CLM\\Mesa\\Pref\\14","Details":"1"}
{"UtcTime":"2026-08-12 14:10:15.000","Computer":"CLM-MESA-014","User":"CLM\\mesa","EventID":1,"Image":"C:\\Windows\\explorer.exe","ProcessGuid":"{641769C0-E8F0-2026-D616-1A7A916AE864}","ProcessId":4972,"CommandLine":"C:\\Windows\\explorer.exe","ParentImage":"C:\\Windows\\System32\\services.exe","ParentProcessGuid":"{FDD8DF7C-F3B2-2026-4B73-A5A249E43CAA}","OriginalFileName":"C:\\Windows\\explorer.exe"}
{"UtcTime":"2026-08-12 14:10:16.000","Computer":"CLM-MESA-014","User":"CLM\\backoffice","EventID":13,"Image":"C:\\Windows\\explorer.exe","ProcessGuid":"{B9C49A39-C1E7-2026-ADBD-AB3C14945282}","ProcessId":6478,"EventType":"SetValue","TargetObject":"HKCU\\Software\\CLM\\Mesa\\Pref\\16","Details":"1"}
{"UtcTime":"2026-08-12 14:10:17.000","Computer":"CLM-MESA-014","User":"CLM\\mesa","EventID":13,"Image":"C:\\Program Files\\Google\\Chrome\\Application\\chrome.exe","ProcessGuid":"{93EFD726-7467-2026-4988-76A674A8D050}","ProcessId":6640,"EventType":"SetValue","TargetObject":"HKCU\\Software\\CLM\\Mesa\\Pref\\17","Details":"1"}
{"UtcTime":"2026-08-12 14:10:18.000","Computer":"CLM-MESA-014","User":"CLM\\ops","EventID":13,"Image":"C:\\Windows\\System32\\RuntimeBroker.exe","ProcessGuid":"{46185281-F26A-2026-4648-980E5E66677E}","ProcessId":3900,"EventType":"SetValue","TargetObject":"HKCU\\Software\\CLM\\Mesa\\Pref\\18","Details":"1"}
{"UtcTime":"2026-08-12 14:10:19.000","Computer":"CLM-MESA-014","User":"CLM\\mesa","EventID":1,"Image":"C:\\Windows\\System32\\svchost.exe","ProcessGuid":"{5F50218B-4421-2026-F04E-D991789C1177}","ProcessId":4031,"CommandLine":"C:\\Windows\\System32\\svchost.exe","ParentImage":"C:\\Windows\\System32\\services.exe","ParentProcessGuid":"{0EF91BD1-C305-2026-BB15-4F69AA2A94B0}","OriginalFileName":"C:\\Windows\\System32\\svchost.exe"}
{"UtcTime":"2026-08-12 14:10:20.000","Computer":"CLM-MESA-014","User":"CLM\\mesa","EventID":11,"Image":"C:\\Windows\\System32\\conhost.exe","ProcessGuid":"{776C4D6F-4F14-2026-964F-E7CD7FF6D0C7}","ProcessId":3530,"TargetFilename":"C:\\Users\\Public\\Temp\\mesa-20.tmp"}
{"UtcTime":"2026-08-12 14:10:21.000","Computer":"CLM-MESA-014","User":"CLM\\ops","EventID":1,"Image":"C:\\Windows\\System32\\RuntimeBroker.exe","ProcessGuid":"{9DF5ACE4-91E1-2026-F5F1-88AF77DC69FC}","ProcessId":5071,"CommandLine":"C:\\Windows\\System32\\RuntimeBroker.exe","ParentImage":"C:\\Windows\\System32\\services.exe","ParentProcessGuid":"{2FC58EA9-50B3-2026-B966-F86474401A01}","OriginalFileName":"C:\\Windows\\System32\\RuntimeBroker.exe"}
{"UtcTime":"2026-08-12 14:10:22.000","Computer":"CLM-MESA-014","User":"CLM\\mesa","EventID":13,"Image":"C:\\Windows\\System32\\RuntimeBroker.exe","ProcessGuid":"{DFD16C9F-D874-2026-0FCD-71FAB9199037}","ProcessId":2502,"EventType":"SetValue","TargetObject":"HKCU\\Software\\CLM\\Mesa\\Pref\\22","Details":"1"}
{"UtcTime":"2026-08-12 14:10:23.000","Computer":"CLM-MESA-014","User":"CLM\\backoffice","EventID":1,"Image":"C:\\Program Files\\Google\\Chrome\\Application\\chrome.exe","ProcessGuid":"{FF2D14BD-CADC-2026-116B-21D58FB18282}","ProcessId":3392,"CommandLine":"C:\\Program Files\\Google\\Chrome\\Application\\chrome.exe","ParentImage":"C:\\Windows\\System32\\services.exe","ParentProcessGuid":"{B4125B84-F116-2026-3CA1-A57BA05F227D}","OriginalFileName":"C:\\Program Files\\Google\\Chrome\\Application\\chrome.exe"}
{"UtcTime":"2026-08-12 14:10:24.000","Computer":"CLM-MESA-014","User":"CLM\\mesa","EventID":11,"Image":"C:\\Windows\\System32\\svchost.exe","ProcessGuid":"{C3A85F4A-1D1E-2026-9609-54E3370C203C}","ProcessId":5463,"TargetFilename":"C:\\Users\\Public\\Temp\\mesa-24.tmp"}
{"UtcTime":"2026-08-12 14:10:25.000","Computer":"CLM-MESA-014","User":"CLM\\ops","EventID":11,"Image":"C:\\Windows\\explorer.exe","ProcessGuid":"{0D0FC2E5-2774-2026-FF86-9F981C7C9364}","ProcessId":4288,"TargetFilename":"C:\\Users\\Public\\Temp\\mesa-25.tmp"}
{"UtcTime":"2026-08-12 14:10:26.000","Computer":"CLM-MESA-014","User":"CLM\\backoffice","EventID":11,"Image":"C:\\Windows\\System32\\RuntimeBroker.exe","ProcessGuid":"{52C64744-27C1-2026-7779-613824ED658E}","ProcessId":3119,"TargetFilename":"C:\\Users\\Public\\Temp\\mesa-26.tmp"}
{"UtcTime":"2026-08-12 14:10:27.000","Computer":"CLM-MESA-014","User":"CLM\\ops","EventID":5,"Image":"C:\\Program Files\\Microsoft Office\\Office16\\EXCEL.EXE","ProcessGuid":"{15819496-13E3-2026-0DF3-1734B19E0FB9}","ProcessId":6989,"EventType":"End"}
{"UtcTime":"2026-08-12 14:10:28.000","Computer":"CLM-MESA-014","User":"CLM\\backoffice","EventID":5,"Image":"C:\\Windows\\System32\\RuntimeBroker.exe","ProcessGuid":"{506FEB56-73C2-2026-E182-3F98ABDD4870}","ProcessId":7307,"EventType":"End"}
{"UtcTime":"2026-08-12 14:10:29.000","Computer":"CLM-MESA-014","User":"CLM\\mesa","EventID":1,"Image":"C:\\Windows\\System32\\RuntimeBroker.exe","ProcessGuid":"{1B696CAA-D73B-2026-F0BC-501EFF77BA3D}","ProcessId":8274,"CommandLine":"C:\\Windows\\System32\\RuntimeBroker.exe","ParentImage":"C:\\Windows\\System32\\services.exe","ParentProcessGuid":"{FB4B634B-0CEE-2026-F8BB-1949D0AC8EA4}","OriginalFileName":"C:\\Windows\\System32\\RuntimeBroker.exe"}
{"UtcTime":"2026-08-12 14:10:30.000","Computer":"CLM-MESA-014","User":"CLM\\mesa","EventID":13,"Image":"C:\\Windows\\System32\\RuntimeBroker.exe","ProcessGuid":"{1FDF5B00-CF7E-2026-A934-0DF4C7D3C502}","ProcessId":3666,"EventType":"SetValue","TargetObject":"HKCU\\Software\\CLM\\Mesa\\Pref\\30","Details":"1"}
{"UtcTime":"2026-08-12 14:10:31.000","Computer":"CLM-MESA-014","User":"CLM\\ops","EventID":13,"Image":"C:\\Windows\\System32\\conhost.exe","ProcessGuid":"{05116D36-C63B-2026-1FD7-78725FDEA3C3}","ProcessId":2127,"EventType":"SetValue","TargetObject":"HKCU\\Software\\CLM\\Mesa\\Pref\\31","Details":"1"}
{"UtcTime":"2026-08-12 14:10:32.000","Computer":"CLM-MESA-014","User":"CLM\\backoffice","EventID":5,"Image":"C:\\Windows\\System32\\conhost.exe","ProcessGuid":"{CB4DC85A-F6CC-2026-F2FB-5378577E4877}","ProcessId":1417,"EventType":"End"}
{"UtcTime":"2026-08-12 14:10:33.000","Computer":"CLM-MESA-014","User":"CLM\\mesa","EventID":13,"Image":"C:\\Program Files\\Google\\Chrome\\Application\\chrome.exe","ProcessGuid":"{2B6BC206-582E-2026-6AD4-0B1FF202E75B}","ProcessId":4314,"EventType":"SetValue","TargetObject":"HKCU\\Software\\CLM\\Mesa\\Pref\\33","Details":"1"}
{"UtcTime":"2026-08-12 14:10:34.000","Computer":"CLM-MESA-014","User":"CLM\\ops","EventID":1,"Image":"C:\\Program Files\\Google\\Chrome\\Application\\chrome.exe","ProcessGuid":"{D3FB5592-2DD7-2026-7BE6-9E505E732077}","ProcessId":7131,"CommandLine":"C:\\Program Files\\Google\\Chrome\\Application\\chrome.exe","ParentImage":"C:\\Windows\\System32\\services.exe","ParentProcessGuid":"{FAF3F8C6-FDAB-2026-F5C7-75D54955C2A0}","OriginalFileName":"C:\\Program Files\\Google\\Chrome\\Application\\chrome.exe"}
{"UtcTime":"2026-08-12 14:10:35.000","Computer":"CLM-MESA-014","User":"CLM\\ops","EventID":1,"Image":"C:\\Windows\\explorer.exe","ProcessGuid":"{D4D9FDFC-32B7-2026-9C03-27957625FE20}","ProcessId":8468,"CommandLine":"C:\\Windows\\explorer.exe","ParentImage":"C:\\Windows\\System32\\services.exe","ParentProcessGuid":"{7E8B0886-75DD-2026-9EF4-D5030544717F}","OriginalFileName":"C:\\Windows\\explorer.exe"}
{"UtcTime":"2026-08-12 14:10:36.000","Computer":"CLM-MESA-014","User":"CLM\\mesa","EventID":11,"Image":"C:\\Windows\\System32\\RuntimeBroker.exe","ProcessGuid":"{801A3991-1725-2026-7053-04198B0992ED}","ProcessId":3322,"TargetFilename":"C:\\Users\\Public\\Temp\\mesa-36.tmp"}
{"UtcTime":"2026-08-12 14:10:37.000","Computer":"CLM-MESA-014","User":"CLM\\ops","EventID":1,"Image":"C:\\Windows\\System32\\RuntimeBroker.exe","ProcessGuid":"{23518978-B159-2026-0039-7912A4AD00E8}","ProcessId":626,"CommandLine":"C:\\Windows\\System32\\RuntimeBroker.exe","ParentImage":"C:\\Windows\\System32\\services.exe","ParentProcessGuid":"{B3F144A9-B60A-2026-766D-33CD080A0908}","OriginalFileName":"C:\\Windows\\System32\\RuntimeBroker.exe"}
{"UtcTime":"2026-08-12 14:10:38.000","Computer":"CLM-MESA-014","User":"CLM\\mesa","EventID":3,"Image":"C:\\Windows\\System32\\conhost.exe","ProcessGuid":"{47C179B8-9F3C-2026-AA04-CB9FBAB50B70}","ProcessId":4670,"DestinationIp":"10.70.30.8","DestinationPort":53,"DestinationHostname":"portal.clm.liquidacao","SourceIp":"10.70.30.14","Protocol":"tcp"}
{"UtcTime":"2026-08-12 14:10:39.000","Computer":"CLM-MESA-014","User":"CLM\\mesa","EventID":13,"Image":"C:\\Windows\\System32\\conhost.exe","ProcessGuid":"{0AA6EA54-1867-2026-6B92-670115B7DCD6}","ProcessId":3476,"EventType":"SetValue","TargetObject":"HKCU\\Software\\CLM\\Mesa\\Pref\\39","Details":"1"}
{"UtcTime":"2026-08-12 14:10:40.000","Computer":"CLM-MESA-014","User":"CLM\\mesa","EventID":1,"Image":"C:\\Windows\\explorer.exe","ProcessGuid":"{E594C627-4A13-2026-1B99-63AF2E80C6AC}","ProcessId":6622,"CommandLine":"C:\\Windows\\explorer.exe","ParentImage":"C:\\Windows\\System32\\services.exe","ParentProcessGuid":"{26B47DDA-ADAD-2026-F9CC-50AAC23FF363}","OriginalFileName":"C:\\Windows\\explorer.exe"}
{"UtcTime":"2026-08-12 14:10:41.000","Computer":"CLM-MESA-014","User":"CLM\\mesa","EventID":11,"Image":"C:\\Program Files\\Google\\Chrome\\Application\\chrome.exe","ProcessGuid":"{4C38C47E-6833-2026-C5A2-DFAD91E3DDBE}","ProcessId":6830,"TargetFilename":"C:\\Users\\Public\\Temp\\mesa-41.tmp"}
{"UtcTime":"2026-08-12 14:10:42.000","Computer":"CLM-MESA-014","User":"CLM\\backoffice","EventID":1,"Image":"C:\\Program Files\\Google\\Chrome\\Application\\chrome.exe","ProcessGuid":"{C2C25571-DFD4-2026-5325-7448604CEDD5}","ProcessId":2947,"CommandLine":"C:\\Program Files\\Google\\Chrome\\Application\\chrome.exe","ParentImage":"C:\\Windows\\System32\\services.exe","ParentProcessGuid":"{63447F6B-30A2-2026-6384-247B801762A9}","OriginalFileName":"C:\\Program Files\\Google\\Chrome\\Application\\chrome.exe"}
{"UtcTime":"2026-08-12 14:10:43.000","Computer":"CLM-MESA-014","User":"CLM\\backoffice","EventID":13,"Image":"C:\\Windows\\explorer.exe","ProcessGuid":"{9CC583A7-B6C9-2026-B942-9FCDD9DD7347}","ProcessId":4660,"EventType":"SetValue","TargetObject":"HKCU\\Software\\CLM\\Mesa\\Pref\\43","Details":"1"}
{"UtcTime":"2026-08-12 14:10:44.000","Computer":"CLM-MESA-014","User":"CLM\\mesa","EventID":1,"Image":"C:\\Program Files\\Google\\Chrome\\Application\\chrome.exe","ProcessGuid":"{04385EE9-9A20-2026-7BB2-DB8ABA87A0B5}","ProcessId":6417,"CommandLine":"C:\\Program Files\\Google\\Chrome\\Application\\chrome.exe","ParentImage":"C:\\Windows\\System32\\services.exe","ParentProcessGuid":"{930C09CC-99DE-2026-FB4B-4683CD0CB75F}","OriginalFileName":"C:\\Program Files\\Google\\Chrome\\Application\\chrome.exe"}
{"UtcTime":"2026-08-12 14:10:45.000","Computer":"CLM-MESA-014","User":"CLM\\backoffice","EventID":11,"Image":"C:\\Windows\\System32\\conhost.exe","ProcessGuid":"{F643DB63-1E54-2026-2002-D71AAFD7073B}","ProcessId":2889,"TargetFilename":"C:\\Users\\Public\\Temp\\mesa-45.tmp"}
{"UtcTime":"2026-08-12 14:10:46.000","Computer":"CLM-MESA-014","User":"CLM\\ops","EventID":3,"Image":"C:\\Windows\\System32\\RuntimeBroker.exe","ProcessGuid":"{2FA754F9-A1D2-2026-DA45-D7E04805C549}","ProcessId":4858,"DestinationIp":"8.8.8.8","DestinationPort":8080,"DestinationHostname":"portal.clm.liquidacao","SourceIp":"10.70.30.14","Protocol":"tcp"}
{"UtcTime":"2026-08-12 14:10:47.000","Computer":"CLM-MESA-014","User":"CLM\\mesa","EventID":3,"Image":"C:\\Program Files\\Microsoft Office\\Office16\\EXCEL.EXE","ProcessGuid":"{83A98D1E-E5FE-2026-07E4-B4DFE5317348}","ProcessId":5546,"DestinationIp":"10.70.30.8","DestinationPort":443,"DestinationHostname":"portal.clm.liquidacao","SourceIp":"10.70.30.14","Protocol":"tcp"}
{"UtcTime":"2026-08-12 14:10:48.000","Computer":"CLM-MESA-014","User":"CLM\\mesa","EventID":1,"Image":"C:\\Windows\\System32\\svchost.exe","ProcessGuid":"{A73243D7-F616-2026-94C9-813A7580A83D}","ProcessId":6031,"CommandLine":"C:\\Windows\\System32\\svchost.exe","ParentImage":"C:\\Windows\\System32\\services.exe","ParentProcessGuid":"{48645DAD-2836-2026-7695-B75965A80B07}","OriginalFileName":"C:\\Windows\\System32\\svchost.exe"}
{"UtcTime":"2026-08-12 14:10:49.000","Computer":"CLM-MESA-014","User":"CLM\\mesa","EventID":5,"Image":"C:\\Windows\\System32\\svchost.exe","ProcessGuid":"{45555C28-BDCE-2026-9829-C835A8253827}","ProcessId":1959,"EventType":"End"}
{"UtcTime":"2026-08-12 14:10:50.000","Computer":"CLM-MESA-014","User":"CLM\\backoffice","EventID":5,"Image":"C:\\Program Files\\Google\\Chrome\\Application\\chrome.exe","ProcessGuid":"{5BA95D39-88D3-2026-D33F-67C2777B339D}","ProcessId":8230,"EventType":"End"}
{"UtcTime":"2026-08-12 14:10:51.000","Computer":"CLM-MESA-014","User":"CLM\\mesa","EventID":1,"Image":"C:\\Windows\\explorer.exe","ProcessGuid":"{A65892B0-D3BB-2026-0737-1A34F6C9943D}","ProcessId":8548,"CommandLine":"C:\\Windows\\explorer.exe","ParentImage":"C:\\Windows\\System32\\services.exe","ParentProcessGuid":"{E120D5DA-0218-2026-49CB-B227696FE065}","OriginalFileName":"C:\\Windows\\explorer.exe"}
{"UtcTime":"2026-08-12 14:10:52.000","Computer":"CLM-MESA-014","User":"CLM\\mesa","EventID":13,"Image":"C:\\Program Files\\Google\\Chrome\\Application\\chrome.exe","ProcessGuid":"{6EB1AA71-9026-2026-8ACC-6A88BB686119}","ProcessId":6079,"EventType":"SetValue","TargetObject":"HKCU\\Software\\CLM\\Mesa\\Pref\\52","Details":"1"}
{"UtcTime":"2026-08-12 14:10:53.000","Computer":"CLM-MESA-014","User":"CLM\\backoffice","EventID":1,"Image":"C:\\Program Files\\Microsoft Office\\Office16\\EXCEL.EXE","ProcessGuid":"{9C706DB1-A77F-2026-C0E2-05C86D258055}","ProcessId":5659,"CommandLine":"C:\\Program Files\\Microsoft Office\\Office16\\EXCEL.EXE","ParentImage":"C:\\Windows\\System32\\services.exe","ParentProcessGuid":"{0CCEDD98-59E2-2026-F4F8-7A47F08D4018}","OriginalFileName":"C:\\Program Files\\Microsoft Office\\Office16\\EXCEL.EXE"}
{"UtcTime":"2026-08-12 14:10:54.000","Computer":"CLM-MESA-014","User":"CLM\\backoffice","EventID":13,"Image":"C:\\Windows\\explorer.exe","ProcessGuid":"{BB14B58D-3627-2026-27E0-45E9C4C515D9}","ProcessId":8190,"EventType":"SetValue","TargetObject":"HKCU\\Software\\CLM\\Mesa\\Pref\\54","Details":"1"}
{"UtcTime":"2026-08-12 14:10:55.000","Computer":"CLM-MESA-014","User":"CLM\\backoffice","EventID":5,"Image":"C:\\Windows\\explorer.exe","ProcessGuid":"{FD2FC04C-DF33-2026-0620-01B0EE1C0C60}","ProcessId":5571,"EventType":"End"}
{"UtcTime":"2026-08-12 14:10:56.000","Computer":"CLM-MESA-014","User":"CLM\\backoffice","EventID":1,"Image":"C:\\Windows\\System32\\RuntimeBroker.exe","ProcessGuid":"{AF4E7FE0-03D6-2026-6D5D-756862C6F7EC}","ProcessId":6838,"CommandLine":"C:\\Windows\\System32\\RuntimeBroker.exe","ParentImage":"C:\\Windows\\System32\\services.exe","ParentProcessGuid":"{144378E3-8B7A-2026-B997-14390EBD94AF}","OriginalFileName":"C:\\Windows\\System32\\RuntimeBroker.exe"}
{"UtcTime":"2026-08-12 14:10:57.000","Computer":"CLM-MESA-014","User":"CLM\\backoffice","EventID":3,"Image":"C:\\Windows\\System32\\RuntimeBroker.exe","ProcessGuid":"{5FC83B62-D710-2026-DF68-C4A2D582F7FE}","ProcessId":2708,"DestinationIp":"10.70.30.1","DestinationPort":443,"DestinationHostname":"portal.clm.liquidacao","SourceIp":"10.70.30.14","Protocol":"tcp"}
{"UtcTime":"2026-08-12 14:10:58.000","Computer":"CLM-MESA-014","User":"CLM\\ops","EventID":5,"Image":"C:\\Program Files\\Microsoft Office\\Office16\\EXCEL.EXE","ProcessGuid":"{0F782809-1FF2-2026-81AB-97F7A40F793B}","ProcessId":709,"EventType":"End"}
{"UtcTime":"2026-08-12 14:10:59.000","Computer":"CLM-MESA-014","User":"CLM\\backoffice","EventID":5,"Image":"C:\\Program Files\\Google\\Chrome\\Application\\chrome.exe","ProcessGuid":"{73C6E0A5-BC13-2026-B919-390007BE07B8}","ProcessId":7788,"EventType":"End"}
{"UtcTime":"2026-08-12 14:11:00.000","Computer":"CLM-MESA-014","User":"CLM\\backoffice","EventID":1,"Image":"C:\\Program Files\\Microsoft Office\\Office16\\EXCEL.EXE","ProcessGuid":"{CB261D6A-9764-2026-5230-5DEB212F713D}","ProcessId":6161,"CommandLine":"C:\\Program Files\\Microsoft Office\\Office16\\EXCEL.EXE","ParentImage":"C:\\Windows\\System32\\services.exe","ParentProcessGuid":"{F36E171E-BB5F-2026-D731-CE122EAC96EE}","OriginalFileName":"C:\\Program Files\\Microsoft Office\\Office16\\EXCEL.EXE"}
{"UtcTime":"2026-08-12 14:11:01.000","Computer":"CLM-MESA-014","User":"CLM\\ops","EventID":5,"Image":"C:\\Program Files\\Google\\Chrome\\Application\\chrome.exe","ProcessGuid":"{990CCA5B-7258-2026-EF41-494A288C2F28}","ProcessId":5479,"EventType":"End"}
{"UtcTime":"2026-08-12 14:11:02.000","Computer":"CLM-MESA-014","User":"CLM\\mesa","EventID":11,"Image":"C:\\Program Files\\Google\\Chrome\\Application\\chrome.exe","ProcessGuid":"{678BB6F4-1CE1-2026-877C-91C2D533C38D}","ProcessId":710,"TargetFilename":"C:\\Users\\Public\\Temp\\mesa-62.tmp"}
{"UtcTime":"2026-08-12 14:11:03.000","Computer":"CLM-MESA-014","User":"CLM\\mesa","EventID":5,"Image":"C:\\Windows\\System32\\conhost.exe","ProcessGuid":"{F3A6734D-7702-2026-9EF9-D035C4471B33}","ProcessId":3880,"EventType":"End"}
{"UtcTime":"2026-08-12 14:11:04.000","Computer":"CLM-MESA-014","User":"CLM\\backoffice","EventID":1,"Image":"C:\\Windows\\System32\\RuntimeBroker.exe","ProcessGuid":"{86E8B8B7-C4DF-2026-62F0-BA5317BE878F}","ProcessId":2887,"CommandLine":"C:\\Windows\\System32\\RuntimeBroker.exe","ParentImage":"C:\\Windows\\System32\\services.exe","ParentProcessGuid":"{0C855656-406F-2026-7F02-B2F31C7A9C5A}","OriginalFileName":"C:\\Windows\\System32\\RuntimeBroker.exe"}
{"UtcTime":"2026-08-12 14:11:05.000","Computer":"CLM-MESA-014","User":"CLM\\mesa","EventID":1,"Image":"C:\\Program Files\\Google\\Chrome\\Application\\chrome.exe","ProcessGuid":"{93586D94-18BE-2026-7B53-DA1AA8099783}","ProcessId":3586,"CommandLine":"C:\\Program Files\\Google\\Chrome\\Application\\chrome.exe","ParentImage":"C:\\Windows\\System32\\services.exe","ParentProcessGuid":"{45C78F87-1C5F-2026-F5D9-91A2FEDC9FEF}","OriginalFileName":"C:\\Program Files\\Google\\Chrome\\Application\\chrome.exe"}
{"UtcTime":"2026-08-12 14:11:06.000","Computer":"CLM-MESA-014","User":"CLM\\mesa","EventID":3,"Image":"C:\\Windows\\System32\\RuntimeBroker.exe","ProcessGuid":"{E6750377-4B7A-2026-CE2D-D27074E756F5}","ProcessId":2946,"DestinationIp":"10.70.30.8","DestinationPort":443,"DestinationHostname":"ntp.clm.liquidacao","SourceIp":"10.70.30.14","Protocol":"tcp"}
{"UtcTime":"2026-08-12 14:11:07.000","Computer":"CLM-MESA-014","User":"CLM\\backoffice","EventID":5,"Image":"C:\\Windows\\System32\\svchost.exe","ProcessGuid":"{137EA1AE-7D69-2026-49E1-2877AAFA9FC0}","ProcessId":1580,"EventType":"End"}
{"UtcTime":"2026-08-12 14:11:08.000","Computer":"CLM-MESA-014","User":"CLM\\ops","EventID":1,"Image":"C:\\Windows\\System32\\svchost.exe","ProcessGuid":"{B6F6405E-2EDB-2026-FB36-CA348D50034C}","ProcessId":6154,"CommandLine":"C:\\Windows\\System32\\svchost.exe","ParentImage":"C:\\Windows\\System32\\services.exe","ParentProcessGuid":"{F743A5AC-556B-2026-465A-178CB2D0AABA}","OriginalFileName":"C:\\Windows\\System32\\svchost.exe"}
{"UtcTime":"2026-08-12 14:11:09.000","Computer":"CLM-MESA-014","User":"CLM\\ops","EventID":1,"Image":"C:\\Windows\\System32\\conhost.exe","ProcessGuid":"{8DAB67BF-F675-2026-05C7-A956785FA8C7}","ProcessId":7622,"CommandLine":"C:\\Windows\\System32\\conhost.exe","ParentImage":"C:\\Windows\\System32\\services.exe","ParentProcessGuid":"{0D3EEE58-6815-2026-FD8A-644740F56EB3}","OriginalFileName":"C:\\Windows\\System32\\conhost.exe"}
{"UtcTime":"2026-08-12 14:11:10.000","Computer":"CLM-MESA-014","User":"CLM\\backoffice","EventID":3,"Image":"C:\\Program Files\\Google\\Chrome\\Application\\chrome.exe","ProcessGuid":"{377A0BDE-4260-2026-6DA3-9FC4D57AD9D6}","ProcessId":8956,"DestinationIp":"1.1.1.1","DestinationPort":443,"DestinationHostname":"ntp.clm.liquidacao","SourceIp":"10.70.30.14","Protocol":"tcp"}
{"UtcTime":"2026-08-12 14:11:11.000","Computer":"CLM-MESA-014","User":"CLM\\ops","EventID":1,"Image":"C:\\Program Files\\Google\\Chrome\\Application\\chrome.exe","ProcessGuid":"{6F909092-1546-2026-EF11-5B12BCBF7627}","ProcessId":8633,"CommandLine":"C:\\Program Files\\Google\\Chrome\\Application\\chrome.exe","ParentImage":"C:\\Windows\\System32\\services.exe","ParentProcessGuid":"{F5D35C79-DE33-2026-9D0E-484486FE935A}","OriginalFileName":"C:\\Program Files\\Google\\Chrome\\Application\\chrome.exe"}
{"UtcTime":"2026-08-12 14:11:12.000","Computer":"CLM-MESA-014","User":"CLM\\mesa","EventID":13,"Image":"C:\\Windows\\System32\\conhost.exe","ProcessGuid":"{99DD03D6-5230-2026-0A94-88286A43FEA9}","ProcessId":2853,"EventType":"SetValue","TargetObject":"HKCU\\Software\\CLM\\Mesa\\Pref\\72","Details":"1"}
{"UtcTime":"2026-08-12 14:11:13.000","Computer":"CLM-MESA-014","User":"CLM\\backoffice","EventID":5,"Image":"C:\\Windows\\System32\\RuntimeBroker.exe","ProcessGuid":"{46CA3191-364C-2026-AA73-AE058DC57111}","ProcessId":2293,"EventType":"End"}
{"UtcTime":"2026-08-12 14:11:14.000","Computer":"CLM-MESA-014","User":"CLM\\mesa","EventID":3,"Image":"C:\\Program Files\\Microsoft Office\\Office16\\EXCEL.EXE","ProcessGuid":"{5706070F-6D2D-2026-260D-D336C35774A2}","ProcessId":3149,"DestinationIp":"10.70.30.8","DestinationPort":135,"DestinationHostname":"ntp.clm.liquidacao","SourceIp":"10.70.30.14","Protocol":"tcp"}
{"UtcTime":"2026-08-12 14:11:15.000","Computer":"CLM-MESA-014","User":"CLM\\mesa","EventID":13,"Image":"C:\\Windows\\explorer.exe","ProcessGuid":"{521DD607-7CE3-2026-51A1-CC5FD8FA9ADF}","ProcessId":5154,"EventType":"SetValue","TargetObject":"HKCU\\Software\\CLM\\Mesa\\Pref\\75","Details":"1"}
{"UtcTime":"2026-08-12 14:11:16.000","Computer":"CLM-MESA-014","User":"CLM\\ops","EventID":1,"Image":"C:\\Program Files\\Microsoft Office\\Office16\\EXCEL.EXE","ProcessGuid":"{FC6C1335-F5BD-2026-5B3F-26DAC29E8BEE}","ProcessId":6674,"CommandLine":"C:\\Program Files\\Microsoft Office\\Office16\\EXCEL.EXE","ParentImage":"C:\\Windows\\System32\\services.exe","ParentProcessGuid":"{6FC90B33-3FAF-2026-9E8E-D6CB9F0E523E}","OriginalFileName":"C:\\Program Files\\Microsoft Office\\Office16\\EXCEL.EXE"}
{"UtcTime":"2026-08-12 14:11:17.000","Computer":"CLM-MESA-014","User":"CLM\\backoffice","EventID":13,"Image":"C:\\Windows\\System32\\RuntimeBroker.exe","ProcessGuid":"{4097FA16-21FD-2026-2117-0CDA7AF38076}","ProcessId":6035,"EventType":"SetValue","TargetObject":"HKCU\\Software\\CLM\\Mesa\\Pref\\77","Details":"1"}
{"UtcTime":"2026-08-12 14:11:18.000","Computer":"CLM-MESA-014","User":"CLM\\mesa","EventID":3,"Image":"C:\\Windows\\explorer.exe","ProcessGuid":"{B1673885-5908-2026-0660-F0F5948CA657}","ProcessId":8944,"DestinationIp":"10.70.30.1","DestinationPort":8080,"DestinationHostname":"ntp.clm.liquidacao","SourceIp":"10.70.30.14","Protocol":"tcp"}
{"UtcTime":"2026-08-12 14:11:19.000","Computer":"CLM-MESA-014","User":"CLM\\mesa","EventID":11,"Image":"C:\\Windows\\System32\\svchost.exe","ProcessGuid":"{E327071D-9D00-2026-913A-CD3A64D76858}","ProcessId":5703,"TargetFilename":"C:\\Users\\Public\\Temp\\mesa-79.tmp"}
{"UtcTime":"2026-08-12 14:11:20.000","Computer":"CLM-MESA-014","User":"CLM\\ops","EventID":1,"Image":"C:\\Windows\\System32\\RuntimeBroker.exe","ProcessGuid":"{235BF931-325E-2026-439E-EF1EDFAA8825}","ProcessId":6079,"CommandLine":"C:\\Windows\\System32\\RuntimeBroker.exe","ParentImage":"C:\\Windows\\System32\\services.exe","ParentProcessGuid":"{FE98D0C4-385A-2026-9117-632754AE4F27}","OriginalFileName":"C:\\Windows\\System32\\RuntimeBroker.exe"}
{"UtcTime":"2026-08-12 14:11:21.000","Computer":"CLM-MESA-014","User":"CLM\\mesa","EventID":1,"Image":"C:\\Windows\\explorer.exe","ProcessGuid":"{8BE95A40-B3A0-2026-CFF8-D612DEDA74D6}","ProcessId":700,"CommandLine":"C:\\Windows\\explorer.exe","ParentImage":"C:\\Windows\\System32\\services.exe","ParentProcessGuid":"{F841133C-C653-2026-B037-07C50F92AE4C}","OriginalFileName":"C:\\Windows\\explorer.exe"}
{"UtcTime":"2026-08-12 14:11:22.000","Computer":"CLM-MESA-014","User":"CLM\\ops","EventID":11,"Image":"C:\\Program Files\\Microsoft Office\\Office16\\EXCEL.EXE","ProcessGuid":"{C3E9984B-A472-2026-4A14-9BC41173B42B}","ProcessId":3362,"TargetFilename":"C:\\Users\\Public\\Temp\\mesa-82.tmp"}
{"UtcTime":"2026-08-12 14:11:23.000","Computer":"CLM-MESA-014","User":"CLM\\backoffice","EventID":13,"Image":"C:\\Program Files\\Microsoft Office\\Office16\\EXCEL.EXE","ProcessGuid":"{BC7040D2-D3BC-2026-BB48-873AA1087D28}","ProcessId":2901,"EventType":"SetValue","TargetObject":"HKCU\\Software\\CLM\\Mesa\\Pref\\83","Details":"1"}
{"UtcTime":"2026-08-12 14:11:24.000","Computer":"CLM-MESA-014","User":"CLM\\mesa","EventID":5,"Image":"C:\\Program Files\\Microsoft Office\\Office16\\EXCEL.EXE","ProcessGuid":"{121E0A19-5ED5-2026-2976-7CE5E840BC8F}","ProcessId":7715,"EventType":"End"}
{"UtcTime":"2026-08-12 14:11:25.000","Computer":"CLM-MESA-014","User":"CLM\\backoffice","EventID":13,"Image":"C:\\Windows\\System32\\RuntimeBroker.exe","ProcessGuid":"{84A5B12B-9269-2026-AD3C-EBFBFC6D23DC}","ProcessId":918,"EventType":"SetValue","TargetObject":"HKCU\\Software\\CLM\\Mesa\\Pref\\85","Details":"1"}
{"UtcTime":"2026-08-12 14:11:26.000","Computer":"CLM-MESA-014","User":"CLM\\mesa","EventID":3,"Image":"C:\\Program Files\\Google\\Chrome\\Application\\chrome.exe","ProcessGuid":"{02FB0CF4-3EEE-2026-ADE0-6233E7424608}","ProcessId":1495,"DestinationIp":"8.8.8.8","DestinationPort":135,"DestinationHostname":"portal.clm.liquidacao","SourceIp":"10.70.30.14","Protocol":"tcp"}
{"UtcTime":"2026-08-12 14:11:27.000","Computer":"CLM-MESA-014","User":"CLM\\ops","EventID":5,"Image":"C:\\Windows\\explorer.exe","ProcessGuid":"{C154C34D-AF22-2026-BF7C-5C28BF9FE7E8}","ProcessId":715,"EventType":"End"}
{"UtcTime":"2026-08-12 14:11:28.000","Computer":"CLM-MESA-014","User":"CLM\\mesa","EventID":3,"Image":"C:\\Windows\\explorer.exe","ProcessGuid":"{3646054B-B948-2026-643D-C9961184F496}","ProcessId":1092,"DestinationIp":"10.70.30.8","DestinationPort":8080,"DestinationHostname":"portal.clm.liquidacao","SourceIp":"10.70.30.14","Protocol":"tcp"}
{"UtcTime":"2026-08-12 14:11:29.000","Computer":"CLM-MESA-014","User":"CLM\\ops","EventID":11,"Image":"C:\\Windows\\System32\\conhost.exe","ProcessGuid":"{A0DBF266-EEB1-2026-EC0C-D6AB1B16F0AD}","ProcessId":2788,"TargetFilename":"C:\\Users\\Public\\Temp\\mesa-89.tmp"}
{"UtcTime":"2026-08-12 14:11:30.000","Computer":"CLM-MESA-014","User":"CLM\\mesa","EventID":13,"Image":"C:\\Program Files\\Google\\Chrome\\Application\\chrome.exe","ProcessGuid":"{EA9E942E-1CDA-2026-F418-D0B508E900ED}","ProcessId":1705,"EventType":"SetValue","TargetObject":"HKCU\\Software\\CLM\\Mesa\\Pref\\90","Details":"1"}
{"UtcTime":"2026-08-12 14:11:31.000","Computer":"CLM-MESA-014","User":"CLM\\mesa","EventID":1,"Image":"C:\\Windows\\System32\\RuntimeBroker.exe","ProcessGuid":"{351DB7F9-16C2-2026-1E09-CF6657BF8685}","ProcessId":6549,"CommandLine":"C:\\Windows\\System32\\RuntimeBroker.exe","ParentImage":"C:\\Windows\\System32\\services.exe","ParentProcessGuid":"{F31E6C81-EC5E-2026-763F-7B3C591D6B6C}","OriginalFileName":"C:\\Windows\\System32\\RuntimeBroker.exe"}
{"UtcTime":"2026-08-12 14:11:32.000","Computer":"CLM-MESA-014","User":"CLM\\mesa","EventID":1,"Image":"C:\\Program Files\\Microsoft Office\\Office16\\EXCEL.EXE","ProcessGuid":"{427B0A64-027C-2026-F225-308D7698C752}","ProcessId":1180,"CommandLine":"C:\\Program Files\\Microsoft Office\\Office16\\EXCEL.EXE","ParentImage":"C:\\Windows\\System32\\services.exe","ParentProcessGuid":"{07C4E02E-5DB1-2026-5240-860F3832D25F}","OriginalFileName":"C:\\Program Files\\Microsoft Office\\Office16\\EXCEL.EXE"}
{"UtcTime":"2026-08-12 14:11:33.000","Computer":"CLM-MESA-014","User":"CLM\\mesa","EventID":13,"Image":"C:\\Windows\\explorer.exe","ProcessGuid":"{C02AC732-5277-2026-F78E-1162C54128EB}","ProcessId":4703,"EventType":"SetValue","TargetObject":"HKCU\\Software\\CLM\\Mesa\\Pref\\93","Details":"1"}
{"UtcTime":"2026-08-12 14:11:34.000","Computer":"CLM-MESA-014","User":"CLM\\backoffice","EventID":1,"Image":"C:\\Windows\\System32\\RuntimeBroker.exe","ProcessGuid":"{08CE9800-0ACE-2026-2AE6-3108D4EC3037}","ProcessId":3063,"CommandLine":"C:\\Windows\\System32\\RuntimeBroker.exe","ParentImage":"C:\\Windows\\System32\\services.exe","ParentProcessGuid":"{E7FB5701-D82B-2026-C43E-75FD0D63756F}","OriginalFileName":"C:\\Windows\\System32\\RuntimeBroker.exe"}
{"UtcTime":"2026-08-12 14:11:35.000","Computer":"CLM-MESA-014","User":"CLM\\backoffice","EventID":3,"Image":"C:\\Windows\\explorer.exe","ProcessGuid":"{323A1314-A14B-2026-AA6A-106061F6C6C5}","ProcessId":5091,"DestinationIp":"10.70.30.8","DestinationPort":8080,"DestinationHostname":"ntp.clm.liquidacao","SourceIp":"10.70.30.14","Protocol":"tcp"}
{"UtcTime":"2026-08-12 14:11:36.000","Computer":"CLM-MESA-014","User":"CLM\\mesa","EventID":1,"Image":"C:\\Windows\\System32\\RuntimeBroker.exe","ProcessGuid":"{AA949336-B1F4-2026-1A40-C714E7DB43D5}","ProcessId":8503,"CommandLine":"C:\\Windows\\System32\\RuntimeBroker.exe","ParentImage":"C:\\Windows\\System32\\services.exe","ParentProcessGuid":"{75527FB6-D7BC-2026-F828-F4805244421B}","OriginalFileName":"C:\\Windows\\System32\\RuntimeBroker.exe"}
{"UtcTime":"2026-08-12 14:11:37.000","Computer":"CLM-MESA-014","User":"CLM\\backoffice","EventID":1,"Image":"C:\\Windows\\explorer.exe","ProcessGuid":"{BC152437-7252-2026-1182-7E0C2C741D7D}","ProcessId":923,"CommandLine":"C:\\Windows\\explorer.exe","ParentImage":"C:\\Windows\\System32\\services.exe","ParentProcessGuid":"{3E242CB8-3144-2026-6CB1-6F592E167B68}","OriginalFileName":"C:\\Windows\\explorer.exe"}
{"UtcTime":"2026-08-12 14:11:38.000","Computer":"CLM-MESA-014","User":"CLM\\ops","EventID":5,"Image":"C:\\Windows\\System32\\svchost.exe","ProcessGuid":"{AFB8D553-371E-2026-F78A-B4822B387BCF}","ProcessId":1186,"EventType":"End"}
{"UtcTime":"2026-08-12 14:11:39.000","Computer":"CLM-MESA-014","User":"CLM\\backoffice","EventID":1,"Image":"C:\\Windows\\explorer.exe","ProcessGuid":"{7692A21B-CFBB-2026-7003-443E9C0AEA0F}","ProcessId":4557,"CommandLine":"C:\\Windows\\explorer.exe","ParentImage":"C:\\Windows\\System32\\services.exe","ParentProcessGuid":"{8DBFFD56-2842-2026-5706-5921115E25A0}","OriginalFileName":"C:\\Windows\\explorer.exe"}
{"UtcTime":"2026-08-12 14:11:40.000","Computer":"CLM-MESA-014","User":"CLM\\ops","EventID":5,"Image":"C:\\Windows\\System32\\svchost.exe","ProcessGuid":"{BF0BD422-82B9-2026-F898-4A9C93A5A2A1}","ProcessId":6329,"EventType":"End"}
{"UtcTime":"2026-08-12 14:11:41.000","Computer":"CLM-MESA-014","User":"CLM\\mesa","EventID":13,"Image":"C:\\Windows\\System32\\conhost.exe","ProcessGuid":"{C3FCE773-A89D-2026-217B-4D8EB591337B}","ProcessId":7181,"EventType":"SetValue","TargetObject":"HKCU\\Software\\CLM\\Mesa\\Pref\\101","Details":"1"}
{"UtcTime":"2026-08-12 14:11:42.000","Computer":"CLM-MESA-014","User":"CLM\\mesa","EventID":3,"Image":"C:\\Program Files\\Google\\Chrome\\Application\\chrome.exe","ProcessGuid":"{56CC94A3-7536-2026-3B4C-6796A659A3BD}","ProcessId":976,"DestinationIp":"10.70.30.8","DestinationPort":53,"DestinationHostname":"ntp.clm.liquidacao","SourceIp":"10.70.30.14","Protocol":"tcp"}
{"UtcTime":"2026-08-12 14:11:43.000","Computer":"CLM-MESA-014","User":"CLM\\backoffice","EventID":11,"Image":"C:\\Windows\\System32\\conhost.exe","ProcessGuid":"{0FC6BDDF-0B37-2026-F848-AAE21AA7BADD}","ProcessId":2805,"TargetFilename":"C:\\Users\\Public\\Temp\\mesa-103.tmp"}
{"UtcTime":"2026-08-12 14:11:44.000","Computer":"CLM-MESA-014","User":"CLM\\backoffice","EventID":5,"Image":"C:\\Program Files\\Microsoft Office\\Office16\\EXCEL.EXE","ProcessGuid":"{BB3855DF-5386-2026-B126-493E3043684E}","ProcessId":2524,"EventType":"End"}
{"UtcTime":"2026-08-12 14:11:45.000","Computer":"CLM-MESA-014","User":"CLM\\mesa","EventID":1,"Image":"C:\\Program Files\\Microsoft Office\\Office16\\EXCEL.EXE","ProcessGuid":"{4B6E3543-AAAD-2026-B93E-2052B49EAC79}","ProcessId":4250,"CommandLine":"C:\\Program Files\\Microsoft Office\\Office16\\EXCEL.EXE","ParentImage":"C:\\Windows\\System32\\services.exe","ParentProcessGuid":"{F0971414-D818-2026-A81D-74C8A60B7E7E}","OriginalFileName":"C:\\Program Files\\Microsoft Office\\Office16\\EXCEL.EXE"}
{"UtcTime":"2026-08-12 14:11:46.000","Computer":"CLM-MESA-014","User":"CLM\\backoffice","EventID":13,"Image":"C:\\Windows\\System32\\RuntimeBroker.exe","ProcessGuid":"{D177F2F9-EC8C-2026-BFCE-F8009C56130C}","ProcessId":2476,"EventType":"SetValue","TargetObject":"HKCU\\Software\\CLM\\Mesa\\Pref\\106","Details":"1"}
{"UtcTime":"2026-08-12 14:11:47.000","Computer":"CLM-MESA-014","User":"CLM\\ops","EventID":1,"Image":"C:\\Program Files\\Microsoft Office\\Office16\\EXCEL.EXE","ProcessGuid":"{78AAD945-8156-2026-E122-3620E4FDA776}","ProcessId":7809,"CommandLine":"C:\\Program Files\\Microsoft Office\\Office16\\EXCEL.EXE","ParentImage":"C:\\Windows\\System32\\services.exe","ParentProcessGuid":"{F26A4551-1E08-2026-6F31-B0F27F71D413}","OriginalFileName":"C:\\Program Files\\Microsoft Office\\Office16\\EXCEL.EXE"}
{"UtcTime":"2026-08-12 14:11:48.000","Computer":"CLM-MESA-014","User":"CLM\\backoffice","EventID":1,"Image":"C:\\Windows\\System32\\conhost.exe","ProcessGuid":"{E77E931D-9EAA-2026-AD7C-9DCA3971FB3B}","ProcessId":8128,"CommandLine":"C:\\Windows\\System32\\conhost.exe","ParentImage":"C:\\Windows\\System32\\services.exe","ParentProcessGuid":"{F83FBB27-BDBF-2026-612D-48643EBB8CF4}","OriginalFileName":"C:\\Windows\\System32\\conhost.exe"}
{"UtcTime":"2026-08-12 14:11:49.000","Computer":"CLM-MESA-014","User":"CLM\\mesa","EventID":3,"Image":"C:\\Windows\\System32\\conhost.exe","ProcessGuid":"{F25375F7-1911-2026-7065-F94CE091E63F}","ProcessId":1832,"DestinationIp":"10.70.30.8","DestinationPort":443,"DestinationHostname":"portal.clm.liquidacao","SourceIp":"10.70.30.14","Protocol":"tcp"}
{"UtcTime":"2026-08-12 14:11:50.000","Computer":"CLM-MESA-014","User":"CLM\\ops","EventID":5,"Image":"C:\\Program Files\\Google\\Chrome\\Application\\chrome.exe","ProcessGuid":"{1067C770-82CC-2026-087D-AC50F26A4917}","ProcessId":5260,"EventType":"End"}
{"UtcTime":"2026-08-12 14:11:51.000","Computer":"CLM-MESA-014","User":"CLM\\backoffice","EventID":5,"Image":"C:\\Program Files\\Google\\Chrome\\Application\\chrome.exe","ProcessGuid":"{150581DF-36A8-2026-132A-5782E2D43BB0}","ProcessId":3811,"EventType":"End"}
{"UtcTime":"2026-08-12 14:11:52.000","Computer":"CLM-MESA-014","User":"CLM\\ops","EventID":5,"Image":"C:\\Windows\\System32\\conhost.exe","ProcessGuid":"{C4B2168C-FF6E-2026-9541-A440C9D4EA3B}","ProcessId":1858,"EventType":"End"}
{"UtcTime":"2026-08-12 14:11:53.000","Computer":"CLM-MESA-014","User":"CLM\\ops","EventID":3,"Image":"C:\\Windows\\System32\\RuntimeBroker.exe","ProcessGuid":"{82CA3D32-E947-2026-77F2-0B647042DE1F}","ProcessId":7654,"DestinationIp":"10.70.30.1","DestinationPort":135,"DestinationHostname":"ntp.clm.liquidacao","SourceIp":"10.70.30.14","Protocol":"tcp"}
{"UtcTime":"2026-08-12 14:11:54.000","Computer":"CLM-MESA-014","User":"CLM\\mesa","EventID":1,"Image":"C:\\Windows\\System32\\RuntimeBroker.exe","ProcessGuid":"{07EAE4EC-5D1D-2026-C05E-291EE628B84E}","ProcessId":4365,"CommandLine":"C:\\Windows\\System32\\RuntimeBroker.exe","ParentImage":"C:\\Windows\\System32\\services.exe","ParentProcessGuid":"{6A3848DE-DA57-2026-BFC2-62AE482955B3}","OriginalFileName":"C:\\Windows\\System32\\RuntimeBroker.exe"}
{"UtcTime":"2026-08-12 14:11:55.000","Computer":"CLM-MESA-014","User":"CLM\\ops","EventID":3,"Image":"C:\\Windows\\System32\\conhost.exe","ProcessGuid":"{8F1A1461-7492-2026-C2DA-B3DAE9E8EAC3}","ProcessId":8717,"DestinationIp":"10.70.30.1","DestinationPort":135,"DestinationHostname":"ntp.clm.liquidacao","SourceIp":"10.70.30.14","Protocol":"tcp"}
{"UtcTime":"2026-08-12 14:11:56.000","Computer":"CLM-MESA-014","User":"CLM\\backoffice","EventID":1,"Image":"C:\\Windows\\System32\\RuntimeBroker.exe","ProcessGuid":"{7FD9162A-6F6B-2026-0CE6-D8E3391A65B1}","ProcessId":1194,"CommandLine":"C:\\Windows\\System32\\RuntimeBroker.exe","ParentImage":"C:\\Windows\\System32\\services.exe","ParentProcessGuid":"{C7CB324A-7DC0-2026-E7E6-030621FB9F55}","OriginalFileName":"C:\\Windows\\System32\\RuntimeBroker.exe"}
{"UtcTime":"2026-08-12 14:11:57.000","Computer":"CLM-MESA-014","User":"CLM\\mesa","EventID":13,"Image":"C:\\Program Files\\Microsoft Office\\Office16\\EXCEL.EXE","ProcessGuid":"{424070B0-42D3-2026-258E-607B2F0F2264}","ProcessId":6098,"EventType":"SetValue","TargetObject":"HKCU\\Software\\CLM\\Mesa\\Pref\\117","Details":"1"}
{"UtcTime":"2026-08-12 14:11:58.000","Computer":"CLM-MESA-014","User":"CLM\\mesa","EventID":1,"Image":"C:\\Windows\\System32\\svchost.exe","ProcessGuid":"{9754198F-37A6-2026-718D-44DDB2E31421}","ProcessId":8432,"CommandLine":"C:\\Windows\\System32\\svchost.exe","ParentImage":"C:\\Windows\\System32\\services.exe","ParentProcessGuid":"{423264C2-A7A7-2026-FEDA-E1D3D69B12A4}","OriginalFileName":"C:\\Windows\\System32\\svchost.exe"}
{"UtcTime":"2026-08-12 14:11:59.000","Computer":"CLM-MESA-014","User":"CLM\\backoffice","EventID":5,"Image":"C:\\Windows\\System32\\conhost.exe","ProcessGuid":"{D75E7D5A-8624-2026-A929-F6FC50197393}","ProcessId":8478,"EventType":"End"}
{"UtcTime":"2026-08-12 14:12:00.000","Computer":"CLM-MESA-014","User":"CLM\\mesa","EventID":5,"Image":"C:\\Windows\\System32\\svchost.exe","ProcessGuid":"{AEB832F7-FB74-2026-F485-D5236596BCF3}","ProcessId":2276,"EventType":"End"}
{"UtcTime":"2026-08-12 14:12:01.000","Computer":"CLM-MESA-014","User":"CLM\\ops","EventID":1,"Image":"C:\\Windows\\System32\\conhost.exe","ProcessGuid":"{477E3D11-B1F8-2026-A7DE-C200DEDD88AC}","ProcessId":1701,"CommandLine":"C:\\Windows\\System32\\conhost.exe","ParentImage":"C:\\Windows\\System32\\services.exe","ParentProcessGuid":"{1675E9C9-7704-2026-D361-CC456378C3CF}","OriginalFileName":"C:\\Windows\\System32\\conhost.exe"}
{"UtcTime":"2026-08-12 14:12:02.000","Computer":"CLM-MESA-014","User":"CLM\\backoffice","EventID":5,"Image":"C:\\Windows\\System32\\RuntimeBroker.exe","ProcessGuid":"{D15CA3CE-E3F4-2026-2F3E-D3C61EACD154}","ProcessId":1654,"EventType":"End"}
{"UtcTime":"2026-08-12 14:12:03.000","Computer":"CLM-MESA-014","User":"CLM\\ops","EventID":1,"Image":"C:\\Windows\\explorer.exe","ProcessGuid":"{340F3C83-5281-2026-64CA-6CD398276133}","ProcessId":5013,"CommandLine":"C:\\Windows\\explorer.exe","ParentImage":"C:\\Windows\\System32\\services.exe","ParentProcessGuid":"{162878BC-E66E-2026-63DD-EF42555D4BCD}","OriginalFileName":"C:\\Windows\\explorer.exe"}
{"UtcTime":"2026-08-12 14:12:04.000","Computer":"CLM-MESA-014","User":"CLM\\mesa","EventID":3,"Image":"C:\\Windows\\System32\\svchost.exe","ProcessGuid":"{D233E8A5-C02A-2026-A4C2-1F417F6CF248}","ProcessId":6634,"DestinationIp":"1.1.1.1","DestinationPort":53,"DestinationHostname":"portal.clm.liquidacao","SourceIp":"10.70.30.14","Protocol":"tcp"}
{"UtcTime":"2026-08-12 14:12:05.000","Computer":"CLM-MESA-014","User":"CLM\\ops","EventID":1,"Image":"C:\\Windows\\System32\\RuntimeBroker.exe","ProcessGuid":"{3148FC3A-47FE-2026-255B-252DC7D0C2E8}","ProcessId":6868,"CommandLine":"C:\\Windows\\System32\\RuntimeBroker.exe","ParentImage":"C:\\Windows\\System32\\services.exe","ParentProcessGuid":"{6780A4C5-E7BA-2026-1E09-C27974434731}","OriginalFileName":"C:\\Windows\\System32\\RuntimeBroker.exe"}
{"UtcTime":"2026-08-12 14:12:06.000","Computer":"CLM-MESA-014","User":"CLM\\mesa","EventID":1,"Image":"C:\\Windows\\System32\\svchost.exe","ProcessGuid":"{55F9ECA6-34AA-2026-164C-515E6D6F032B}","ProcessId":7014,"CommandLine":"C:\\Windows\\System32\\svchost.exe","ParentImage":"C:\\Windows\\System32\\services.exe","ParentProcessGuid":"{BC5A0F8F-86EF-2026-36E0-37B133ACF84F}","OriginalFileName":"C:\\Windows\\System32\\svchost.exe"}
{"UtcTime":"2026-08-12 14:12:07.000","Computer":"CLM-MESA-014","User":"CLM\\backoffice","EventID":3,"Image":"C:\\Windows\\System32\\RuntimeBroker.exe","ProcessGuid":"{653A45DA-81D1-2026-0440-8A1828CB2350}","ProcessId":2173,"DestinationIp":"10.70.30.1","DestinationPort":443,"DestinationHostname":"ntp.clm.liquidacao","SourceIp":"10.70.30.14","Protocol":"tcp"}
{"UtcTime":"2026-08-12 14:12:08.000","Computer":"CLM-MESA-014","User":"CLM\\mesa","EventID":1,"Image":"C:\\Windows\\System32\\svchost.exe","ProcessGuid":"{F6FCD744-49FE-2026-BD78-2E2028E2D0E2}","ProcessId":6441,"CommandLine":"C:\\Windows\\System32\\svchost.exe","ParentImage":"C:\\Windows\\System32\\services.exe","ParentProcessGuid":"{942E87A4-3869-2026-A9A0-3B2048781E3C}","OriginalFileName":"C:\\Windows\\System32\\svchost.exe"}
{"UtcTime":"2026-08-12 14:12:09.000","Computer":"CLM-MESA-014","User":"CLM\\backoffice","EventID":11,"Image":"C:\\Program Files\\Microsoft Office\\Office16\\EXCEL.EXE","ProcessGuid":"{20E27C79-5832-2026-0067-1CC5F9892779}","ProcessId":1377,"TargetFilename":"C:\\Users\\Public\\Temp\\mesa-129.tmp"}
{"UtcTime":"2026-08-12 14:12:10.000","Computer":"CLM-MESA-014","User":"CLM\\ops","EventID":3,"Image":"C:\\Windows\\explorer.exe","ProcessGuid":"{28842384-6BB0-2026-1338-18F733851163}","ProcessId":1912,"DestinationIp":"1.1.1.1","DestinationPort":443,"DestinationHostname":"portal.clm.liquidacao","SourceIp":"10.70.30.14","Protocol":"tcp"}
{"UtcTime":"2026-08-12 14:12:11.000","Computer":"CLM-MESA-014","User":"CLM\\backoffice","EventID":11,"Image":"C:\\Windows\\System32\\RuntimeBroker.exe","ProcessGuid":"{EA6517C3-641B-2026-D47B-994C3432250C}","ProcessId":3953,"TargetFilename":"C:\\Users\\Public\\Temp\\mesa-131.tmp"}
{"UtcTime":"2026-08-12 14:12:12.000","Computer":"CLM-MESA-014","User":"CLM\\mesa","EventID":11,"Image":"C:\\Windows\\explorer.exe","ProcessGuid":"{660E9668-9C68-2026-55D1-B230D2C0B6E9}","ProcessId":4419,"TargetFilename":"C:\\Users\\Public\\Temp\\mesa-132.tmp"}
{"UtcTime":"2026-08-12 14:12:13.000","Computer":"CLM-MESA-014","User":"CLM\\mesa","EventID":3,"Image":"C:\\Program Files\\Microsoft Office\\Office16\\EXCEL.EXE","ProcessGuid":"{355E3B9B-B834-2026-763B-FFBE7D698017}","ProcessId":5463,"DestinationIp":"10.70.30.8","DestinationPort":135,"DestinationHostname":"portal.clm.liquidacao","SourceIp":"10.70.30.14","Protocol":"tcp"}
{"UtcTime":"2026-08-12 14:12:14.000","Computer":"CLM-MESA-014","User":"CLM\\backoffice","EventID":1,"Image":"C:\\Windows\\System32\\svchost.exe","ProcessGuid":"{959B667A-C0A1-2026-EDA9-2FD16C599C92}","ProcessId":2131,"CommandLine":"C:\\Windows\\System32\\svchost.exe","ParentImage":"C:\\Windows\\System32\\services.exe","ParentProcessGuid":"{93485B03-0853-2026-A9F4-52D0CA8D92BB}","OriginalFileName":"C:\\Windows\\System32\\svchost.exe"}
{"UtcTime":"2026-08-12 14:12:15.000","Computer":"CLM-MESA-014","User":"CLM\\ops","EventID":13,"Image":"C:\\Program Files\\Microsoft Office\\Office16\\EXCEL.EXE","ProcessGuid":"{1063EB15-58F0-2026-0F0C-F484731C4853}","ProcessId":5033,"EventType":"SetValue","TargetObject":"HKCU\\Software\\CLM\\Mesa\\Pref\\135","Details":"1"}
{"UtcTime":"2026-08-12 14:12:16.000","Computer":"CLM-MESA-014","User":"CLM\\ops","EventID":3,"Image":"C:\\Program Files\\Microsoft Office\\Office16\\EXCEL.EXE","ProcessGuid":"{26A933CD-4C29-2026-ED2D-85C65213985A}","ProcessId":7856,"DestinationIp":"10.70.30.1","DestinationPort":53,"DestinationHostname":"portal.clm.liquidacao","SourceIp":"10.70.30.14","Protocol":"tcp"}
{"UtcTime":"2026-08-12 14:12:17.000","Computer":"CLM-MESA-014","User":"CLM\\mesa","EventID":13,"Image":"C:\\Program Files\\Microsoft Office\\Office16\\EXCEL.EXE","ProcessGuid":"{41FAD79E-00AC-2026-FA0E-FD65172F6D89}","ProcessId":8579,"EventType":"SetValue","TargetObject":"HKCU\\Software\\CLM\\Mesa\\Pref\\137","Details":"1"}
{"UtcTime":"2026-08-12 14:12:18.000","Computer":"CLM-MESA-014","User":"CLM\\mesa","EventID":13,"Image":"C:\\Windows\\System32\\svchost.exe","ProcessGuid":"{84F37E36-B264-2026-7474-FB1A16A36DC2}","ProcessId":3169,"EventType":"SetValue","TargetObject":"HKCU\\Software\\CLM\\Mesa\\Pref\\138","Details":"1"}
{"UtcTime":"2026-08-12 14:12:19.000","Computer":"CLM-MESA-014","User":"CLM\\ops","EventID":1,"Image":"C:\\Windows\\System32\\RuntimeBroker.exe","ProcessGuid":"{111E06B0-B21E-2026-ECF2-3B84A2102025}","ProcessId":1430,"CommandLine":"C:\\Windows\\System32\\RuntimeBroker.exe","ParentImage":"C:\\Windows\\System32\\services.exe","ParentProcessGuid":"{A508AD75-EE05-2026-7B55-1E692BD44736}","OriginalFileName":"C:\\Windows\\System32\\RuntimeBroker.exe"}
{"UtcTime":"2026-08-12 14:12:20.000","Computer":"CLM-MESA-014","User":"CLM\\ops","EventID":3,"Image":"C:\\Program Files\\Microsoft Office\\Office16\\EXCEL.EXE","ProcessGuid":"{F9950DEB-3D3D-2026-1808-B1586DE64911}","ProcessId":5955,"DestinationIp":"10.70.30.1","DestinationPort":8080,"DestinationHostname":"ntp.clm.liquidacao","SourceIp":"10.70.30.14","Protocol":"tcp"}
{"UtcTime":"2026-08-12 14:12:21.000","Computer":"CLM-MESA-014","User":"CLM\\backoffice","EventID":11,"Image":"C:\\Program Files\\Microsoft Office\\Office16\\EXCEL.EXE","ProcessGuid":"{E577B141-6F87-2026-C422-E31611ABA402}","ProcessId":2307,"TargetFilename":"C:\\Users\\Public\\Temp\\mesa-141.tmp"}
