{"UtcTime":"2026-08-12 10:10:04.000","Computer":"TN-FIN-WS042","User":"TRANSNORTE\\ops.cardoso","EventID":1,"Image":"C:\\Windows\\System32\\conhost.exe","ProcessGuid":"{9DA52642-3E26-2026-4572-342543D62A44}","ProcessId":2602,"CommandLine":"C:\\Windows\\System32\\conhost.exe","ParentImage":"C:\\Windows\\System32\\services.exe","ParentProcessGuid":"{741822A5-E811-2026-938E-1B135FE8BFB7}","OriginalFileName":"C:\\Windows\\System32\\conhost.exe","SHA256":"eaa0255f732e507f20d02cc806da82c013831ad8d2fc1ec25e277577d1486a49"}
{"UtcTime":"2026-08-12 10:10:05.000","Computer":"TN-FIN-WS042","User":"TRANSNORTE\\backup_svc","EventID":5,"Image":"C:\\Windows\\System32\\conhost.exe","ProcessGuid":"{533142B2-5AA3-2026-7C42-86D7A409FA54}","ProcessId":2014,"EventType":"End"}
{"UtcTime":"2026-08-12 10:10:06.000","Computer":"TN-FIN-WS042","User":"TRANSNORTE\\backup_svc","EventID":5,"Image":"C:\\Windows\\System32\\RuntimeBroker.exe","ProcessGuid":"{B7B258DE-1E8F-2026-0D03-88CE25D7247A}","ProcessId":8983,"EventType":"End"}
{"UtcTime":"2026-08-12 10:10:07.000","Computer":"TN-FIN-WS042","User":"TRANSNORTE\\ops.cardoso","EventID":3,"Image":"C:\\Windows\\explorer.exe","ProcessGuid":"{CFC334D3-9954-2026-5F4D-65E698F32947}","ProcessId":3770,"DestinationIp":"1.1.1.1","DestinationPort":53,"SourceIp":"10.50.10.42","Protocol":"tcp"}
{"UtcTime":"2026-08-12 10:10:08.000","Computer":"TN-FIN-WS042","User":"TRANSNORTE\\backup_svc","EventID":1,"Image":"C:\\Windows\\System32\\conhost.exe","ProcessGuid":"{E24DCA6A-572B-2026-52AF-4C4846586025}","ProcessId":3266,"CommandLine":"C:\\Windows\\System32\\conhost.exe","ParentImage":"C:\\Windows\\System32\\services.exe","ParentProcessGuid":"{E35859B5-E8E3-2026-8264-DE74E071C830}","OriginalFileName":"C:\\Windows\\System32\\conhost.exe","SHA256":"cd1e705adb04e7f135b9f7441c31f7261ea17cfdbe638552c8e2589172cf6397"}
{"UtcTime":"2026-08-12 10:10:09.000","Computer":"TN-FIN-WS042","User":"TRANSNORTE\\ops.cardoso","EventID":3,"Image":"C:\\Windows\\System32\\svchost.exe","ProcessGuid":"{B455B4E8-763B-2026-E3E0-C5531542E677}","ProcessId":6135,"DestinationIp":"8.8.8.8","DestinationPort":135,"SourceIp":"10.50.10.42","Protocol":"tcp"}
{"UtcTime":"2026-08-12 10:10:10.000","Computer":"TN-FIN-WS042","User":"TRANSNORTE\\backup_svc","EventID":1,"Image":"C:\\Windows\\explorer.exe","ProcessGuid":"{A4E50D5D-9988-2026-25C9-F7620BA12244}","ProcessId":3356,"CommandLine":"C:\\Windows\\explorer.exe","ParentImage":"C:\\Windows\\System32\\services.exe","ParentProcessGuid":"{10157C20-6B5E-2026-67A1-CCDDF2EBD9A0}","OriginalFileName":"C:\\Windows\\explorer.exe","SHA256":"5d8cdf6b2a1d7aa146130f836d0575eeb77eeac4ae05be829ad8dcbf6a051923"}
{"UtcTime":"2026-08-12 10:10:11.000","Computer":"TN-FIN-WS042","User":"TRANSNORTE\\ops.cardoso","EventID":1,"Image":"C:\\Program Files\\Microsoft Office\\Office16\\OUTLOOK.EXE","ProcessGuid":"{28F6C6F5-B284-2026-4EC1-38930C5EDC9A}","ProcessId":1706,"CommandLine":"C:\\Program Files\\Microsoft Office\\Office16\\OUTLOOK.EXE","ParentImage":"C:\\Windows\\System32\\services.exe","ParentProcessGuid":"{CFD2C27F-C8CC-2026-D957-1FFBF0EFA83B}","OriginalFileName":"C:\\Program Files\\Microsoft Office\\Office16\\OUTLOOK.EXE","SHA256":"ce0711cf10726e911e8fcfcd18a61657363d3dbdbc5a8eb0616cf719ecdaaba2"}
{"UtcTime":"2026-08-12 10:10:12.000","Computer":"TN-FIN-WS042","User":"TRANSNORTE\\backup_svc","EventID":1,"Image":"C:\\Windows\\System32\\RuntimeBroker.exe","ProcessGuid":"{840D967C-0770-2026-0302-5D27457A6A57}","ProcessId":8356,"CommandLine":"C:\\Windows\\System32\\RuntimeBroker.exe","ParentImage":"C:\\Windows\\System32\\services.exe","ParentProcessGuid":"{6A9DB9E0-9ACF-2026-ECC2-36A0F72F1F33}","OriginalFileName":"C:\\Windows\\System32\\RuntimeBroker.exe","SHA256":"a9850d6c38b211b24884b109f3599803a7a6d7c6933cd6077f14693993d0c75b"}
{"UtcTime":"2026-08-12 10:10:13.000","Computer":"TN-FIN-WS042","User":"TRANSNORTE\\backup_svc","EventID":1,"Image":"C:\\Windows\\System32\\RuntimeBroker.exe","ProcessGuid":"{C9B63C15-B375-2026-DB16-795F5CA83D1D}","ProcessId":5003,"CommandLine":"C:\\Windows\\System32\\RuntimeBroker.exe","ParentImage":"C:\\Windows\\System32\\services.exe","ParentProcessGuid":"{D61C02C4-A5C8-2026-9C73-7349CFEE2186}","OriginalFileName":"C:\\Windows\\System32\\RuntimeBroker.exe","SHA256":"e91c17feecad95e9df9e2f391e02df49c48f3d05b0879f638532ba52301c026e"}
{"UtcTime":"2026-08-12 10:10:14.000","Computer":"TN-FIN-WS042","User":"TRANSNORTE\\backup_svc","EventID":1,"Image":"C:\\Windows\\System32\\RuntimeBroker.exe","ProcessGuid":"{6ACC1E4C-94E4-2026-9173-0C72AE2119D3}","ProcessId":4147,"CommandLine":"C:\\Windows\\System32\\RuntimeBroker.exe","ParentImage":"C:\\Windows\\System32\\services.exe","ParentProcessGuid":"{620C54C1-9D18-2026-BAF4-0C53D078CF1B}","OriginalFileName":"C:\\Windows\\System32\\RuntimeBroker.exe","SHA256":"a9ae6c951456650047eff4aeee2f6e8f81bc97c56a20af0ef8826a7acfa31cbc"}
{"UtcTime":"2026-08-12 10:10:15.000","Computer":"TN-FIN-WS042","User":"TRANSNORTE\\backup_svc","EventID":13,"Image":"C:\\Windows\\explorer.exe","ProcessGuid":"{46DC4963-DC97-2026-E01D-C22727AE32D7}","ProcessId":5598,"EventType":"SetValue","TargetObject":"HKCU\\Software\\Microsoft\\Office\\16.0\\Outlook\\Resiliency\\1815","Details":"1"}
{"UtcTime":"2026-08-12 10:10:16.000","Computer":"TN-FIN-WS042","User":"TRANSNORTE\\ops.cardoso","EventID":3,"Image":"C:\\Windows\\System32\\RuntimeBroker.exe","ProcessGuid":"{648B9E74-4B17-2026-5E07-FB2C7BE8A41E}","ProcessId":4154,"DestinationIp":"1.1.1.1","DestinationPort":135,"SourceIp":"10.50.10.42","Protocol":"tcp"}
{"UtcTime":"2026-08-12 10:10:17.000","Computer":"TN-FIN-WS042","User":"TRANSNORTE\\ops.cardoso","EventID":5,"Image":"C:\\Windows\\System32\\conhost.exe","ProcessGuid":"{65ED5F36-C48B-2026-6325-855B6BB00D5D}","ProcessId":4383,"EventType":"End"}
{"UtcTime":"2026-08-12 10:10:18.000","Computer":"TN-FIN-WS042","User":"TRANSNORTE\\backup_svc","EventID":1,"Image":"C:\\Windows\\explorer.exe","ProcessGuid":"{FD306E9B-267B-2026-8744-5D905491DC79}","ProcessId":8444,"CommandLine":"C:\\Windows\\explorer.exe","ParentImage":"C:\\Windows\\System32\\services.exe","ParentProcessGuid":"{5244A56D-0D61-2026-E46E-E929FEAB8008}","OriginalFileName":"C:\\Windows\\explorer.exe","SHA256":"3f93d54b6f27eeb871a794b33c357bae490845f8d707348d2c6926317aa0cb70"}
{"UtcTime":"2026-08-12 10:10:19.000","Computer":"TN-FIN-WS042","User":"TRANSNORTE\\ops.cardoso","EventID":1,"Image":"C:\\Program Files\\Microsoft Office\\Office16\\OUTLOOK.EXE","ProcessGuid":"{B4BD4E06-0905-2026-157E-18E44EE3FE81}","ProcessId":4018,"CommandLine":"C:\\Program Files\\Microsoft Office\\Office16\\OUTLOOK.EXE","ParentImage":"C:\\Windows\\System32\\services.exe","ParentProcessGuid":"{133862BB-4194-2026-6EC3-C6A6D2FF9B5C}","OriginalFileName":"C:\\Program Files\\Microsoft Office\\Office16\\OUTLOOK.EXE","SHA256":"c0ae04f7587978bc433676a3c8835732650b9416ec62d08d997f9a5f46a7905b"}
{"UtcTime":"2026-08-12 10:10:20.000","Computer":"TN-FIN-WS042","User":"TRANSNORTE\\backup_svc","EventID":1,"Image":"C:\\Windows\\System32\\RuntimeBroker.exe","ProcessGuid":"{75A90E3E-462F-2026-C9CC-AFB0B4362BF9}","ProcessId":2030,"CommandLine":"C:\\Windows\\System32\\RuntimeBroker.exe","ParentImage":"C:\\Windows\\System32\\services.exe","ParentProcessGuid":"{4CF3D258-37D6-2026-74D3-08D538D26A7F}","OriginalFileName":"C:\\Windows\\System32\\RuntimeBroker.exe","SHA256":"f73935c913b3a6dd78687ec67df2fa3b43f1f5eeb4a9d055b14dcfbf497b5f74"}
{"UtcTime":"2026-08-12 10:10:21.000","Computer":"TN-FIN-WS042","User":"TRANSNORTE\\backup_svc","EventID":5,"Image":"C:\\Windows\\System32\\svchost.exe","ProcessGuid":"{121B98F3-30FB-2026-98F8-2859DD9BCD42}","ProcessId":8701,"EventType":"End"}
{"UtcTime":"2026-08-12 10:10:22.000","Computer":"TN-FIN-WS042","User":"TRANSNORTE\\backup_svc","EventID":3,"Image":"C:\\Windows\\System32\\RuntimeBroker.exe","ProcessGuid":"{D3370E8E-4F6A-2026-115C-D495B86EAB15}","ProcessId":7499,"DestinationIp":"10.50.10.10","DestinationPort":8080,"SourceIp":"10.50.10.42","Protocol":"tcp"}
{"UtcTime":"2026-08-12 10:10:23.000","Computer":"TN-FIN-WS042","User":"TRANSNORTE\\ops.cardoso","EventID":1,"Image":"C:\\Windows\\System32\\svchost.exe","ProcessGuid":"{84E1950A-46E0-2026-64F1-B34A0609CD16}","ProcessId":5112,"CommandLine":"C:\\Windows\\System32\\svchost.exe","ParentImage":"C:\\Windows\\System32\\services.exe","ParentProcessGuid":"{4EED49FB-9A02-2026-41C9-95070B4F63DE}","OriginalFileName":"C:\\Windows\\System32\\svchost.exe","SHA256":"2fc35a5352fd50485d2f88d8a75be5b00d47400949ab9deb53c5c8e0334c9f01"}
{"UtcTime":"2026-08-12 10:10:24.000","Computer":"TN-FIN-WS042","User":"TRANSNORTE\\backup_svc","EventID":5,"Image":"C:\\Windows\\System32\\conhost.exe","ProcessGuid":"{819D4770-2822-2026-4FBD-74457FEE6D89}","ProcessId":6598,"EventType":"End"}
{"UtcTime":"2026-08-12 10:10:25.000","Computer":"TN-FIN-WS042","User":"TRANSNORTE\\backup_svc","EventID":3,"Image":"C:\\Program Files\\Google\\Chrome\\Application\\chrome.exe","ProcessGuid":"{88AF6A21-9782-2026-6763-D33E0C4A4ACB}","ProcessId":3161,"DestinationIp":"1.1.1.1","DestinationPort":443,"SourceIp":"10.50.10.42","Protocol":"tcp"}
{"UtcTime":"2026-08-12 10:10:26.000","Computer":"TN-FIN-WS042","User":"TRANSNORTE\\ops.cardoso","EventID":3,"Image":"C:\\Windows\\explorer.exe","ProcessGuid":"{15B1CE97-D472-2026-106F-1C905CDCAF78}","ProcessId":4655,"DestinationIp":"1.1.1.1","DestinationPort":53,"SourceIp":"10.50.10.42","Protocol":"tcp"}
{"UtcTime":"2026-08-12 10:10:27.000","Computer":"TN-FIN-WS042","User":"TRANSNORTE\\backup_svc","EventID":3,"Image":"C:\\Windows\\explorer.exe","ProcessGuid":"{D7DEB2B8-A086-2026-7B60-B298479322C1}","ProcessId":3569,"DestinationIp":"1.1.1.1","DestinationPort":8080,"SourceIp":"10.50.10.42","Protocol":"tcp"}
{"UtcTime":"2026-08-12 10:10:28.000","Computer":"TN-FIN-WS042","User":"TRANSNORTE\\backup_svc","EventID":11,"Image":"C:\\Windows\\System32\\RuntimeBroker.exe","ProcessGuid":"{124FCA60-A68E-2026-C585-242D0F581959}","ProcessId":4967,"TargetFilename":"C:\\Users\\ops.cardoso\\AppData\\Local\\Temp\\office-1828.tmp"}
{"UtcTime":"2026-08-12 10:10:29.000","Computer":"TN-FIN-WS042","User":"TRANSNORTE\\backup_svc","EventID":3,"Image":"C:\\Windows\\explorer.exe","ProcessGuid":"{21F0D656-B246-2026-5684-35D2399B77BE}","ProcessId":1977,"DestinationIp":"10.50.10.10","DestinationPort":53,"SourceIp":"10.50.10.42","Protocol":"tcp"}
{"UtcTime":"2026-08-12 10:10:30.000","Computer":"TN-FIN-WS042","User":"TRANSNORTE\\backup_svc","EventID":1,"Image":"C:\\Program Files\\Google\\Chrome\\Application\\chrome.exe","ProcessGuid":"{396CBE2C-9F4E-2026-BF75-90DA159515FE}","ProcessId":5119,"CommandLine":"C:\\Program Files\\Google\\Chrome\\Application\\chrome.exe","ParentImage":"C:\\Windows\\System32\\services.exe","ParentProcessGuid":"{750A3043-4A0F-2026-5114-AF2C1CD443A7}","OriginalFileName":"C:\\Program Files\\Google\\Chrome\\Application\\chrome.exe","SHA256":"03c59043bfc973a643277df63be6ee3a3243bf679fab1e4a49ec40fb7356740d"}
{"UtcTime":"2026-08-12 10:10:31.000","Computer":"TN-FIN-WS042","User":"TRANSNORTE\\ops.cardoso","EventID":5,"Image":"C:\\Windows\\System32\\conhost.exe","ProcessGuid":"{CC345AA6-E37B-2026-6377-0C88BAF40A0E}","ProcessId":6474,"EventType":"End"}
{"UtcTime":"2026-08-12 10:10:32.000","Computer":"TN-FIN-WS042","User":"TRANSNORTE\\backup_svc","EventID":1,"Image":"C:\\Windows\\System32\\conhost.exe","ProcessGuid":"{DDE531D4-2EFC-2026-C0D2-8EB470168BDD}","ProcessId":5734,"CommandLine":"C:\\Windows\\System32\\conhost.exe","ParentImage":"C:\\Windows\\System32\\services.exe","ParentProcessGuid":"{30719E6A-7967-2026-2260-A4C1F22107EF}","OriginalFileName":"C:\\Windows\\System32\\conhost.exe","SHA256":"9ca5c1c704d4169beb1f4cbfda96d2b52efdcdedd7e19ca7eaefef9c3ae8deda"}
{"UtcTime":"2026-08-12 10:10:33.000","Computer":"TN-FIN-WS042","User":"TRANSNORTE\\ops.cardoso","EventID":5,"Image":"C:\\Windows\\System32\\RuntimeBroker.exe","ProcessGuid":"{DC1AE407-D10F-2026-6DC7-B291B55C2066}","ProcessId":5586,"EventType":"End"}
{"UtcTime":"2026-08-12 10:10:34.000","Computer":"TN-FIN-WS042","User":"TRANSNORTE\\backup_svc","EventID":3,"Image":"C:\\Windows\\System32\\svchost.exe","ProcessGuid":"{EBF7C14E-502C-2026-F957-9841D3D5E758}","ProcessId":8747,"DestinationIp":"10.50.10.88","DestinationPort":135,"SourceIp":"10.50.10.42","Protocol":"tcp"}
{"UtcTime":"2026-08-12 10:10:35.000","Computer":"TN-FIN-WS042","User":"TRANSNORTE\\backup_svc","EventID":5,"Image":"C:\\Windows\\explorer.exe","ProcessGuid":"{C4A5A664-0050-2026-9BEE-CD7D5081522B}","ProcessId":3572,"EventType":"End"}
{"UtcTime":"2026-08-12 10:10:36.000","Computer":"TN-FIN-WS042","User":"TRANSNORTE\\ops.cardoso","EventID":5,"Image":"C:\\Windows\\System32\\RuntimeBroker.exe","ProcessGuid":"{EC338EE2-6EBD-2026-E9CC-D6638EC44B77}","ProcessId":5625,"EventType":"End"}
{"UtcTime":"2026-08-12 10:10:37.000","Computer":"TN-FIN-WS042","User":"TRANSNORTE\\backup_svc","EventID":3,"Image":"C:\\Program Files\\Microsoft Office\\Office16\\OUTLOOK.EXE","ProcessGuid":"{8A669B7C-E6B3-2026-1925-72847B8F7A8D}","ProcessId":5660,"DestinationIp":"8.8.8.8","DestinationPort":443,"SourceIp":"10.50.10.42","Protocol":"tcp"}
{"UtcTime":"2026-08-12 10:10:38.000","Computer":"TN-FIN-WS042","User":"TRANSNORTE\\ops.cardoso","EventID":1,"Image":"C:\\Windows\\explorer.exe","ProcessGuid":"{ACFCFBF0-C193-2026-2165-B0C5DC930BDF}","ProcessId":5550,"CommandLine":"C:\\Windows\\explorer.exe","ParentImage":"C:\\Windows\\System32\\services.exe","ParentProcessGuid":"{2A55A053-9173-2026-8A26-DF946C0D7420}","OriginalFileName":"C:\\Windows\\explorer.exe","SHA256":"3ee2e810c506ef66206210dd8bfcaa0d69a86fd610d668381931a40b761743d7"}
{"UtcTime":"2026-08-12 10:10:39.000","Computer":"TN-FIN-WS042","User":"TRANSNORTE\\backup_svc","EventID":1,"Image":"C:\\Windows\\System32\\RuntimeBroker.exe","ProcessGuid":"{AD9DA01C-731F-2026-6C35-899EDE69E248}","ProcessId":7491,"CommandLine":"C:\\Windows\\System32\\RuntimeBroker.exe","ParentImage":"C:\\Windows\\System32\\services.exe","ParentProcessGuid":"{160EF2F9-C74E-2026-8551-48919CC75D1A}","OriginalFileName":"C:\\Windows\\System32\\RuntimeBroker.exe","SHA256":"884b569972c5ca12b88b10139c5187e650f3b455c2d5e74f09290419e5c776de"}
{"UtcTime":"2026-08-12 10:10:40.000","Computer":"TN-FIN-WS042","User":"TRANSNORTE\\backup_svc","EventID":1,"Image":"C:\\Program Files\\Microsoft Office\\Office16\\OUTLOOK.EXE","ProcessGuid":"{58EFD471-F755-2026-4177-F9A3A86347D8}","ProcessId":2239,"CommandLine":"C:\\Program Files\\Microsoft Office\\Office16\\OUTLOOK.EXE","ParentImage":"C:\\Windows\\System32\\services.exe","ParentProcessGuid":"{99187143-2330-2026-8984-4BC690969C1B}","OriginalFileName":"C:\\Program Files\\Microsoft Office\\Office16\\OUTLOOK.EXE","SHA256":"6a426be904bae40c7dab33fff3343ee52dc08cf4cf555dc7bf17238951a6bb47"}
{"UtcTime":"2026-08-12 10:10:41.000","Computer":"TN-FIN-WS042","User":"TRANSNORTE\\backup_svc","EventID":1,"Image":"C:\\Windows\\System32\\conhost.exe","ProcessGuid":"{6EEF0189-EE40-2026-CDF2-F345FB2B092D}","ProcessId":4259,"CommandLine":"C:\\Windows\\System32\\conhost.exe","ParentImage":"C:\\Windows\\System32\\services.exe","ParentProcessGuid":"{F3AC47E8-E000-2026-A2D5-F780734A9EB2}","OriginalFileName":"C:\\Windows\\System32\\conhost.exe","SHA256":"72b73dad3cef638a127efc12589a5c4167add9dab3f2f90d63c07066e5561da6"}
{"UtcTime":"2026-08-12 10:10:42.000","Computer":"TN-FIN-WS042","User":"TRANSNORTE\\backup_svc","EventID":1,"Image":"C:\\Windows\\System32\\svchost.exe","ProcessGuid":"{2EA2E44B-CD42-2026-28CD-B08B80F866D0}","ProcessId":7289,"CommandLine":"C:\\Windows\\System32\\svchost.exe","ParentImage":"C:\\Windows\\System32\\services.exe","ParentProcessGuid":"{B4FF8D81-1A56-2026-16C8-6AA86FC08095}","OriginalFileName":"C:\\Windows\\System32\\svchost.exe","SHA256":"e5e4dfcf6c45dc4d6d860d30ac856ef2511acdf20e1d98c9d2868a0c77391190"}
{"UtcTime":"2026-08-12 10:10:43.000","Computer":"TN-FIN-WS042","User":"TRANSNORTE\\backup_svc","EventID":1,"Image":"C:\\Program Files\\Google\\Chrome\\Application\\chrome.exe","ProcessGuid":"{E5101464-4F18-2026-308B-2CBDF2973B18}","ProcessId":8314,"CommandLine":"C:\\Program Files\\Google\\Chrome\\Application\\chrome.exe","ParentImage":"C:\\Windows\\System32\\services.exe","ParentProcessGuid":"{C03D1975-B006-2026-0B63-B6C486925C0F}","OriginalFileName":"C:\\Program Files\\Google\\Chrome\\Application\\chrome.exe","SHA256":"c37340c7c66791f94f453cf3c0cf1186572f8dcc85a47b29808dbcd57e5fe8f6"}
{"UtcTime":"2026-08-12 10:10:44.000","Computer":"TN-FIN-WS042","User":"TRANSNORTE\\backup_svc","EventID":1,"Image":"C:\\Windows\\explorer.exe","ProcessGuid":"{E6CC025F-64B2-2026-CDF3-32FFFE7A1D0C}","ProcessId":7153,"CommandLine":"C:\\Windows\\explorer.exe","ParentImage":"C:\\Windows\\System32\\services.exe","ParentProcessGuid":"{F311CE59-9559-2026-D84D-55335E16E700}","OriginalFileName":"C:\\Windows\\explorer.exe","SHA256":"534811ccc189863a342047921e883dca7ff92337728a500e9b22f489883103c9"}
{"UtcTime":"2026-08-12 10:10:45.000","Computer":"TN-FIN-WS042","User":"TRANSNORTE\\ops.cardoso","EventID":3,"Image":"C:\\Windows\\System32\\conhost.exe","ProcessGuid":"{EB743FA1-CC4D-2026-1365-4F719D5AAEB6}","ProcessId":8139,"DestinationIp":"1.1.1.1","DestinationPort":8080,"SourceIp":"10.50.10.42","Protocol":"tcp"}
{"UtcTime":"2026-08-12 10:10:46.000","Computer":"TN-FIN-WS042","User":"TRANSNORTE\\backup_svc","EventID":1,"Image":"C:\\Windows\\System32\\svchost.exe","ProcessGuid":"{33FF8CD6-A45D-2026-7AB5-696803495CEF}","ProcessId":4623,"CommandLine":"C:\\Windows\\System32\\svchost.exe","ParentImage":"C:\\Windows\\System32\\services.exe","ParentProcessGuid":"{47282746-6C3F-2026-4684-B6ECFE551F54}","OriginalFileName":"C:\\Windows\\System32\\svchost.exe","SHA256":"1a0e04d1ad9e013b81eecec2aab9ca272e1e34b549eb42e5d3b82b396bc971d6"}
{"UtcTime":"2026-08-12 10:10:47.000","Computer":"TN-FIN-WS042","User":"TRANSNORTE\\backup_svc","EventID":5,"Image":"C:\\Windows\\explorer.exe","ProcessGuid":"{7C9F700A-B6E3-2026-A4F9-02FCEDDDAAC6}","ProcessId":7303,"EventType":"End"}
{"UtcTime":"2026-08-12 10:10:48.000","Computer":"TN-FIN-WS042","User":"TRANSNORTE\\backup_svc","EventID":1,"Image":"C:\\Windows\\System32\\RuntimeBroker.exe","ProcessGuid":"{DD4E2716-20A4-2026-5DC5-031BA9DB3712}","ProcessId":4932,"CommandLine":"C:\\Windows\\System32\\RuntimeBroker.exe","ParentImage":"C:\\Windows\\System32\\services.exe","ParentProcessGuid":"{82AD928B-8262-2026-4662-D14FEEC2E511}","OriginalFileName":"C:\\Windows\\System32\\RuntimeBroker.exe","SHA256":"04133dc979e672314ef0ca703f064d3fff6f0903d19ccb58b725dc1b9dd2e3db"}
{"UtcTime":"2026-08-12 10:10:49.000","Computer":"TN-FIN-WS042","User":"TRANSNORTE\\backup_svc","EventID":11,"Image":"C:\\Windows\\System32\\svchost.exe","ProcessGuid":"{E3128328-694F-2026-01A0-5E4754310A9E}","ProcessId":7739,"TargetFilename":"C:\\Users\\ops.cardoso\\AppData\\Local\\Temp\\office-1849.tmp"}
{"UtcTime":"2026-08-12 10:10:50.000","Computer":"TN-FIN-WS042","User":"TRANSNORTE\\backup_svc","EventID":5,"Image":"C:\\Windows\\System32\\RuntimeBroker.exe","ProcessGuid":"{BF62E03A-4280-2026-854D-0E4C5415426B}","ProcessId":2047,"EventType":"End"}
{"UtcTime":"2026-08-12 10:10:51.000","Computer":"TN-FIN-WS042","User":"TRANSNORTE\\backup_svc","EventID":3,"Image":"C:\\Program Files\\Google\\Chrome\\Application\\chrome.exe","ProcessGuid":"{36448ED0-CD4C-2026-FBE6-72E49322B935}","ProcessId":3398,"DestinationIp":"1.1.1.1","DestinationPort":8080,"SourceIp":"10.50.10.42","Protocol":"tcp"}
{"UtcTime":"2026-08-12 10:10:52.000","Computer":"TN-FIN-WS042","User":"TRANSNORTE\\backup_svc","EventID":1,"Image":"C:\\Windows\\System32\\conhost.exe","ProcessGuid":"{9DE5D273-2BC6-2026-4425-1282F20CD7BF}","ProcessId":7094,"CommandLine":"C:\\Windows\\System32\\conhost.exe","ParentImage":"C:\\Windows\\System32\\services.exe","ParentProcessGuid":"{5304FDD3-A86C-2026-4BC8-AA922828A9F3}","OriginalFileName":"C:\\Windows\\System32\\conhost.exe","SHA256":"a1701e5d5af5639c31c8ad2d7e5f0bdc15d0bb5728075828b0d4e43a4eaedc5f"}
{"UtcTime":"2026-08-12 10:10:53.000","Computer":"TN-FIN-WS042","User":"TRANSNORTE\\backup_svc","EventID":3,"Image":"C:\\Windows\\System32\\conhost.exe","ProcessGuid":"{B558D0BA-951B-2026-BC92-9FE1E1C18F6E}","ProcessId":2178,"DestinationIp":"10.50.10.10","DestinationPort":443,"SourceIp":"10.50.10.42","Protocol":"tcp"}
{"UtcTime":"2026-08-12 10:10:54.000","Computer":"TN-FIN-WS042","User":"TRANSNORTE\\ops.cardoso","EventID":5,"Image":"C:\\Windows\\System32\\RuntimeBroker.exe","ProcessGuid":"{FFD05A54-E312-2026-093D-C39F2CA3C7A4}","ProcessId":2116,"EventType":"End"}
{"UtcTime":"2026-08-12 10:10:55.000","Computer":"TN-FIN-WS042","User":"TRANSNORTE\\backup_svc","EventID":1,"Image":"C:\\Windows\\explorer.exe","ProcessGuid":"{A578D230-9AC4-2026-EC82-65985040C9E1}","ProcessId":7376,"CommandLine":"C:\\Windows\\explorer.exe","ParentImage":"C:\\Windows\\System32\\services.exe","ParentProcessGuid":"{1DEE27A9-A61D-2026-73B9-B3E23F8D9F84}","OriginalFileName":"C:\\Windows\\explorer.exe","SHA256":"cd9d4c15863db38ac0782c048bd325cb9e2fa6b451b336b8572cad840fbeaf5c"}
{"UtcTime":"2026-08-12 10:10:56.000","Computer":"TN-FIN-WS042","User":"TRANSNORTE\\backup_svc","EventID":1,"Image":"C:\\Windows\\System32\\conhost.exe","ProcessGuid":"{DD33309F-323D-2026-D2F2-BA73FD36221B}","ProcessId":8789,"CommandLine":"C:\\Windows\\System32\\conhost.exe","ParentImage":"C:\\Windows\\System32\\services.exe","ParentProcessGuid":"{D9964091-AEA4-2026-7AAF-018446CA3BAA}","OriginalFileName":"C:\\Windows\\System32\\conhost.exe","SHA256":"4076df7fafd4a8c400f725478277ab9b9b337fec9573040c2376145f85a8d2d0"}
{"UtcTime":"2026-08-12 10:10:57.000","Computer":"TN-FIN-WS042","User":"TRANSNORTE\\backup_svc","EventID":1,"Image":"C:\\Program Files\\Microsoft Office\\Office16\\OUTLOOK.EXE","ProcessGuid":"{5C0632F2-B242-2026-6E15-052A790A1A38}","ProcessId":4359,"CommandLine":"C:\\Program Files\\Microsoft Office\\Office16\\OUTLOOK.EXE","ParentImage":"C:\\Windows\\System32\\services.exe","ParentProcessGuid":"{586A6416-4404-2026-FCF9-D643F647479A}","OriginalFileName":"C:\\Program Files\\Microsoft Office\\Office16\\OUTLOOK.EXE","SHA256":"ed3559a55d91b59868a606c8923b6b112b216cbc8cdaccdc11adc8e391d2d1a6"}
{"UtcTime":"2026-08-12 10:10:58.000","Computer":"TN-FIN-WS042","User":"TRANSNORTE\\backup_svc","EventID":1,"Image":"C:\\Program Files\\Google\\Chrome\\Application\\chrome.exe","ProcessGuid":"{6063EDC2-C555-2026-C530-EABC0F7AB9B4}","ProcessId":7385,"CommandLine":"C:\\Program Files\\Google\\Chrome\\Application\\chrome.exe","ParentImage":"C:\\Windows\\System32\\services.exe","ParentProcessGuid":"{4860A17E-89A8-2026-A7D3-8E04EF5047E0}","OriginalFileName":"C:\\Program Files\\Google\\Chrome\\Application\\chrome.exe","SHA256":"d0e833c2c861a8549d4f5ae68a87fc76b2797a3258e2057d66463a92f09e768c"}
{"UtcTime":"2026-08-12 10:10:59.000","Computer":"TN-FIN-WS042","User":"TRANSNORTE\\ops.cardoso","EventID":13,"Image":"C:\\Windows\\explorer.exe","ProcessGuid":"{78BF16EC-E283-2026-531A-5624E68981CD}","ProcessId":6398,"EventType":"SetValue","TargetObject":"HKCU\\Software\\Microsoft\\Office\\16.0\\Outlook\\Resiliency\\1859","Details":"1"}
{"UtcTime":"2026-08-12 10:11:00.000","Computer":"TN-FIN-WS042","User":"TRANSNORTE\\backup_svc","EventID":11,"Image":"C:\\Windows\\System32\\RuntimeBroker.exe","ProcessGuid":"{C49A8E56-B953-2026-BB19-19B9B4A3EE78}","ProcessId":1078,"TargetFilename":"C:\\Users\\ops.cardoso\\AppData\\Local\\Temp\\office-1860.tmp"}
{"UtcTime":"2026-08-12 10:11:01.000","Computer":"TN-FIN-WS042","User":"TRANSNORTE\\backup_svc","EventID":13,"Image":"C:\\Windows\\System32\\RuntimeBroker.exe","ProcessGuid":"{7A600930-6CD6-2026-F4FB-2FAC88C1EAA0}","ProcessId":4119,"EventType":"SetValue","TargetObject":"HKCU\\Software\\Microsoft\\Office\\16.0\\Outlook\\Resiliency\\1861","Details":"1"}
{"UtcTime":"2026-08-12 10:11:02.000","Computer":"TN-FIN-WS042","User":"TRANSNORTE\\backup_svc","EventID":13,"Image":"C:\\Windows\\System32\\conhost.exe","ProcessGuid":"{C0649D0B-CA20-2026-A345-5BF0C1CEF471}","ProcessId":2846,"EventType":"SetValue","TargetObject":"HKCU\\Software\\Microsoft\\Office\\16.0\\Outlook\\Resiliency\\1862","Details":"1"}
{"UtcTime":"2026-08-12 10:11:03.000","Computer":"TN-FIN-WS042","User":"TRANSNORTE\\backup_svc","EventID":13,"Image":"C:\\Windows\\System32\\RuntimeBroker.exe","ProcessGuid":"{BF3FAB3E-44CB-2026-B8C9-5945740DAD0C}","ProcessId":1519,"EventType":"SetValue","TargetObject":"HKCU\\Software\\Microsoft\\Office\\16.0\\Outlook\\Resiliency\\1863","Details":"1"}
{"UtcTime":"2026-08-12 10:11:04.000","Computer":"TN-FIN-WS042","User":"TRANSNORTE\\backup_svc","EventID":1,"Image":"C:\\Windows\\System32\\RuntimeBroker.exe","ProcessGuid":"{350DA518-6F66-2026-8197-DE6C32D50E75}","ProcessId":1855,"CommandLine":"C:\\Windows\\System32\\RuntimeBroker.exe","ParentImage":"C:\\Windows\\System32\\services.exe","ParentProcessGuid":"{CC0A300E-7A4A-2026-C0C2-775B0D95C9D5}","OriginalFileName":"C:\\Windows\\System32\\RuntimeBroker.exe","SHA256":"42caa53b8c22e86ca6f62cb531cad21f9b4f1ed70639e7dd61a71eb398ee227d"}
{"UtcTime":"2026-08-12 10:11:05.000","Computer":"TN-FIN-WS042","User":"TRANSNORTE\\ops.cardoso","EventID":1,"Image":"C:\\Program Files\\Microsoft Office\\Office16\\OUTLOOK.EXE","ProcessGuid":"{82784BC1-89D5-2026-FFEB-CB5CB9B7CE43}","ProcessId":3423,"CommandLine":"C:\\Program Files\\Microsoft Office\\Office16\\OUTLOOK.EXE","ParentImage":"C:\\Windows\\System32\\services.exe","ParentProcessGuid":"{FDCF89BD-24FC-2026-8E0E-B71E749629B5}","OriginalFileName":"C:\\Program Files\\Microsoft Office\\Office16\\OUTLOOK.EXE","SHA256":"15da7b921aa94ad286b942889fbb99bb0ec69983176da2cb98ee1589fe530797"}
{"UtcTime":"2026-08-12 10:11:06.000","Computer":"TN-FIN-WS042","User":"TRANSNORTE\\ops.cardoso","EventID":3,"Image":"C:\\Windows\\explorer.exe","ProcessGuid":"{8360524F-6100-2026-E8B6-5B0F8DAC9CA9}","ProcessId":8930,"DestinationIp":"1.1.1.1","DestinationPort":8080,"SourceIp":"10.50.10.42","Protocol":"tcp"}
{"UtcTime":"2026-08-12 10:11:07.000","Computer":"TN-FIN-WS042","User":"TRANSNORTE\\backup_svc","EventID":1,"Image":"C:\\Windows\\explorer.exe","ProcessGuid":"{E807EBB5-72E9-2026-8E7C-5A8EABC3016D}","ProcessId":2277,"CommandLine":"C:\\Windows\\explorer.exe","ParentImage":"C:\\Windows\\System32\\services.exe","ParentProcessGuid":"{7EA8DE3B-799A-2026-5AA0-E50D66F69C91}","OriginalFileName":"C:\\Windows\\explorer.exe","SHA256":"539e42cc0e46cdaae5ea844810f00ac048b218666f25ef52674c66b6f4413bd8"}
{"UtcTime":"2026-08-12 10:11:08.000","Computer":"TN-FIN-WS042","User":"TRANSNORTE\\backup_svc","EventID":5,"Image":"C:\\Windows\\System32\\conhost.exe","ProcessGuid":"{B68D6C36-8B04-2026-6982-85BF6B9C9D56}","ProcessId":7623,"EventType":"End"}
{"UtcTime":"2026-08-12 10:11:09.000","Computer":"TN-FIN-WS042","User":"TRANSNORTE\\ops.cardoso","EventID":1,"Image":"C:\\Windows\\System32\\svchost.exe","ProcessGuid":"{C17A577B-C01D-2026-D1E0-82682811B24D}","ProcessId":2117,"CommandLine":"C:\\Windows\\System32\\svchost.exe","ParentImage":"C:\\Windows\\System32\\services.exe","ParentProcessGuid":"{A39780B4-4E14-2026-6479-54A288CF33DB}","OriginalFileName":"C:\\Windows\\System32\\svchost.exe","SHA256":"8b99af34e2f4629b34596c1c3c077f09f53580e69c56cf5fe6a82713de905cd8"}
{"UtcTime":"2026-08-12 10:11:10.000","Computer":"TN-FIN-WS042","User":"TRANSNORTE\\ops.cardoso","EventID":3,"Image":"C:\\Program Files\\Microsoft Office\\Office16\\OUTLOOK.EXE","ProcessGuid":"{7DD5965E-9CEF-2026-23CA-3579C0A94837}","ProcessId":5560,"DestinationIp":"8.8.8.8","DestinationPort":443,"SourceIp":"10.50.10.42","Protocol":"tcp"}
{"UtcTime":"2026-08-12 10:11:11.000","Computer":"TN-FIN-WS042","User":"TRANSNORTE\\backup_svc","EventID":11,"Image":"C:\\Windows\\System32\\conhost.exe","ProcessGuid":"{2E688003-A0DC-2026-5A6A-037FC59AA9A8}","ProcessId":7386,"TargetFilename":"C:\\Users\\ops.cardoso\\AppData\\Local\\Temp\\office-1871.tmp"}
{"UtcTime":"2026-08-12 10:11:12.000","Computer":"TN-FIN-WS042","User":"TRANSNORTE\\backup_svc","EventID":13,"Image":"C:\\Program Files\\Microsoft Office\\Office16\\OUTLOOK.EXE","ProcessGuid":"{A4B53102-E58A-2026-CE69-878DE2932A99}","ProcessId":3840,"EventType":"SetValue","TargetObject":"HKCU\\Software\\Microsoft\\Office\\16.0\\Outlook\\Resiliency\\1872","Details":"1"}
{"UtcTime":"2026-08-12 10:11:13.000","Computer":"TN-FIN-WS042","User":"TRANSNORTE\\ops.cardoso","EventID":11,"Image":"C:\\Windows\\System32\\conhost.exe","ProcessGuid":"{F5F48F62-61AD-2026-DF79-950B6FC4D215}","ProcessId":8923,"TargetFilename":"C:\\Users\\ops.cardoso\\AppData\\Local\\Temp\\office-1873.tmp"}
{"UtcTime":"2026-08-12 10:11:14.000","Computer":"TN-FIN-WS042","User":"TRANSNORTE\\ops.cardoso","EventID":1,"Image":"C:\\Windows\\explorer.exe","ProcessGuid":"{E84C2522-D56E-2026-BE1C-62408CF29CB6}","ProcessId":6365,"CommandLine":"C:\\Windows\\explorer.exe","ParentImage":"C:\\Windows\\System32\\services.exe","ParentProcessGuid":"{74E6FF3F-CA0B-2026-CDE0-9C51929FE33D}","OriginalFileName":"C:\\Windows\\explorer.exe","SHA256":"4a20ee2ceec6b1947f2cf85fe71bab71de0dd458fda1c8e9662182c3ae6b23ac"}
{"UtcTime":"2026-08-12 10:11:15.000","Computer":"TN-FIN-WS042","User":"TRANSNORTE\\ops.cardoso","EventID":5,"Image":"C:\\Program Files\\Microsoft Office\\Office16\\OUTLOOK.EXE","ProcessGuid":"{1D4B2B46-B82D-2026-C13E-13C1D6364070}","ProcessId":5116,"EventType":"End"}
{"UtcTime":"2026-08-12 10:11:16.000","Computer":"TN-FIN-WS042","User":"TRANSNORTE\\ops.cardoso","EventID":1,"Image":"C:\\Program Files\\Google\\Chrome\\Application\\chrome.exe","ProcessGuid":"{723C384F-1CE7-2026-DA08-250EE683863E}","ProcessId":511,"CommandLine":"C:\\Program Files\\Google\\Chrome\\Application\\chrome.exe","ParentImage":"C:\\Windows\\System32\\services.exe","ParentProcessGuid":"{E88EFA32-C08A-2026-5BC7-EAA70D2565C4}","OriginalFileName":"C:\\Program Files\\Google\\Chrome\\Application\\chrome.exe","SHA256":"2f499864013fd0433cea2bc6b0100d45b7c4d5c7f9be51d4b14cbc352997d94a"}
{"UtcTime":"2026-08-12 10:11:17.000","Computer":"TN-FIN-WS042","User":"TRANSNORTE\\backup_svc","EventID":1,"Image":"C:\\Program Files\\Microsoft Office\\Office16\\OUTLOOK.EXE","ProcessGuid":"{54446D16-2B32-2026-8CF0-55A12D178999}","ProcessId":4457,"CommandLine":"C:\\Program Files\\Microsoft Office\\Office16\\OUTLOOK.EXE","ParentImage":"C:\\Windows\\System32\\services.exe","ParentProcessGuid":"{6F34F16E-5D4F-2026-5E71-14D9316D99B5}","OriginalFileName":"C:\\Program Files\\Microsoft Office\\Office16\\OUTLOOK.EXE","SHA256":"9d37d1a8feabf3ea2bc548266e657c3ab30303445a73afc6ebd31795d4a7c980"}
{"UtcTime":"2026-08-12 10:11:18.000","Computer":"TN-FIN-WS042","User":"TRANSNORTE\\backup_svc","EventID":3,"Image":"C:\\Windows\\explorer.exe","ProcessGuid":"{540861F2-C39C-2026-C65D-7DD7008DEC5F}","ProcessId":5324,"DestinationIp":"8.8.8.8","DestinationPort":53,"SourceIp":"10.50.10.42","Protocol":"tcp"}
{"UtcTime":"2026-08-12 10:11:19.000","Computer":"TN-FIN-WS042","User":"TRANSNORTE\\ops.cardoso","EventID":1,"Image":"C:\\Windows\\System32\\svchost.exe","ProcessGuid":"{9CFE74E7-C5DB-2026-7156-C83C532C4216}","ProcessId":7678,"CommandLine":"C:\\Windows\\System32\\svchost.exe","ParentImage":"C:\\Windows\\System32\\services.exe","ParentProcessGuid":"{9313B68B-465A-2026-DC06-489C1BFA7D04}","OriginalFileName":"C:\\Windows\\System32\\svchost.exe","SHA256":"8eeaf7911d9bf4840a7b628fc738954c089b800238c582858196e38889fb1294"}
{"UtcTime":"2026-08-12 10:11:20.000","Computer":"TN-FIN-WS042","User":"TRANSNORTE\\backup_svc","EventID":1,"Image":"C:\\Windows\\System32\\conhost.exe","ProcessGuid":"{4ADE5022-373A-2026-2BD3-BB4503117E96}","ProcessId":4389,"CommandLine":"C:\\Windows\\System32\\conhost.exe","ParentImage":"C:\\Windows\\System32\\services.exe","ParentProcessGuid":"{22362ECD-8EDD-2026-6519-A3082D84D252}","OriginalFileName":"C:\\Windows\\System32\\conhost.exe","SHA256":"785e91f803416cdd4cb3b3eae6232851e7c7f96d8cfae7dbc386748514b9681f"}
{"UtcTime":"2026-08-12 10:11:21.000","Computer":"TN-FIN-WS042","User":"TRANSNORTE\\backup_svc","EventID":5,"Image":"C:\\Program Files\\Microsoft Office\\Office16\\OUTLOOK.EXE","ProcessGuid":"{21077900-7F1A-2026-AA7F-E1E9BE7FD3E6}","ProcessId":8198,"EventType":"End"}
{"UtcTime":"2026-08-12 10:11:22.000","Computer":"TN-FIN-WS042","User":"TRANSNORTE\\backup_svc","EventID":1,"Image":"C:\\Program Files\\Microsoft Office\\Office16\\OUTLOOK.EXE","ProcessGuid":"{A23AB927-06E2-2026-72AB-8A9E45EDDB1C}","ProcessId":5945,"CommandLine":"C:\\Program Files\\Microsoft Office\\Office16\\OUTLOOK.EXE","ParentImage":"C:\\Windows\\System32\\services.exe","ParentProcessGuid":"{BD3DF4C4-AD97-2026-582C-E511A1191ACB}","OriginalFileName":"C:\\Program Files\\Microsoft Office\\Office16\\OUTLOOK.EXE","SHA256":"dcd1f2b929e10734c2284d94efb57023ba8e4fd563cbd7d6c6e254d4f84b5413"}
{"UtcTime":"2026-08-12 10:11:23.000","Computer":"TN-FIN-WS042","User":"TRANSNORTE\\backup_svc","EventID":5,"Image":"C:\\Windows\\explorer.exe","ProcessGuid":"{84D55E8B-6337-2026-1CEC-7CED5881DCF2}","ProcessId":667,"EventType":"End"}
{"UtcTime":"2026-08-12 10:11:24.000","Computer":"TN-FIN-WS042","User":"TRANSNORTE\\backup_svc","EventID":13,"Image":"C:\\Windows\\explorer.exe","ProcessGuid":"{227F2AA2-325B-2026-8B90-6787E9F704D4}","ProcessId":6562,"EventType":"SetValue","TargetObject":"HKCU\\Software\\Microsoft\\Office\\16.0\\Outlook\\Resiliency\\1884","Details":"1"}
{"UtcTime":"2026-08-12 10:11:25.000","Computer":"TN-FIN-WS042","User":"TRANSNORTE\\backup_svc","EventID":11,"Image":"C:\\Windows\\System32\\svchost.exe","ProcessGuid":"{3D12DCB4-DBCF-2026-0DFA-489B8EA9D190}","ProcessId":5313,"TargetFilename":"C:\\Users\\ops.cardoso\\AppData\\Local\\Temp\\office-1885.tmp"}
{"UtcTime":"2026-08-12 10:11:26.000","Computer":"TN-FIN-WS042","User":"TRANSNORTE\\backup_svc","EventID":1,"Image":"C:\\Windows\\explorer.exe","ProcessGuid":"{E5D76C3F-3035-2026-E5B5-5EE64BB962C5}","ProcessId":565,"CommandLine":"C:\\Windows\\explorer.exe","ParentImage":"C:\\Windows\\System32\\services.exe","ParentProcessGuid":"{B336CF4A-4412-2026-0397-8C1061F48807}","OriginalFileName":"C:\\Windows\\explorer.exe","SHA256":"c2dd98bdfc2b1e7edf6c0c724ab6381bef6635f27f9ed38cfad6e81b30ad4ea5"}
{"UtcTime":"2026-08-12 10:11:27.000","Computer":"TN-FIN-WS042","User":"TRANSNORTE\\backup_svc","EventID":13,"Image":"C:\\Windows\\System32\\RuntimeBroker.exe","ProcessGuid":"{97545F74-C4A1-2026-97E5-64049899E904}","ProcessId":3660,"EventType":"SetValue","TargetObject":"HKCU\\Software\\Microsoft\\Office\\16.0\\Outlook\\Resiliency\\1887","Details":"1"}
{"UtcTime":"2026-08-12 10:11:28.000","Computer":"TN-FIN-WS042","User":"TRANSNORTE\\backup_svc","EventID":1,"Image":"C:\\Program Files\\Microsoft Office\\Office16\\OUTLOOK.EXE","ProcessGuid":"{622F5B13-9A4F-2026-E454-55A7E2D54A5F}","ProcessId":5844,"CommandLine":"C:\\Program Files\\Microsoft Office\\Office16\\OUTLOOK.EXE","ParentImage":"C:\\Windows\\System32\\services.exe","ParentProcessGuid":"{FE664D39-899B-2026-ABE6-84F8510DCCB0}","OriginalFileName":"C:\\Program Files\\Microsoft Office\\Office16\\OUTLOOK.EXE","SHA256":"282f075fbe38942b1cc4b32782a42b7c7c6c899719aa7d31975af6aeda925cea"}
{"UtcTime":"2026-08-12 10:11:29.000","Computer":"TN-FIN-WS042","User":"TRANSNORTE\\backup_svc","EventID":1,"Image":"C:\\Program Files\\Microsoft Office\\Office16\\OUTLOOK.EXE","ProcessGuid":"{677397D1-3507-2026-ABCB-E6D424B30000}","ProcessId":8647,"CommandLine":"C:\\Program Files\\Microsoft Office\\Office16\\OUTLOOK.EXE","ParentImage":"C:\\Windows\\System32\\services.exe","ParentProcessGuid":"{400ACE1C-5D79-2026-0949-F37DB5C54FE1}","OriginalFileName":"C:\\Program Files\\Microsoft Office\\Office16\\OUTLOOK.EXE","SHA256":"03af235a3b3ca65fd93b194f71183269967049ab3cf46e433047f753d11bcf2d"}
{"UtcTime":"2026-08-12 10:11:30.000","Computer":"TN-FIN-WS042","User":"TRANSNORTE\\backup_svc","EventID":1,"Image":"C:\\Program Files\\Google\\Chrome\\Application\\chrome.exe","ProcessGuid":"{C72BB4F3-703B-2026-22F0-FB5CBB1A3B73}","ProcessId":6563,"CommandLine":"C:\\Program Files\\Google\\Chrome\\Application\\chrome.exe","ParentImage":"C:\\Windows\\System32\\services.exe","ParentProcessGuid":"{7D748C33-3DFD-2026-EDDC-EB8FC5CD9EE1}","OriginalFileName":"C:\\Program Files\\Google\\Chrome\\Application\\chrome.exe","SHA256":"9a1f4c9d5850c1ce2edbd689b21e3a7a4b9e074dd9fcc9494de8b2f84bbe51fb"}
{"UtcTime":"2026-08-12 10:11:31.000","Computer":"TN-FIN-WS042","User":"TRANSNORTE\\backup_svc","EventID":5,"Image":"C:\\Windows\\System32\\RuntimeBroker.exe","ProcessGuid":"{42721B99-03C9-2026-E407-A0165F0F9250}","ProcessId":8989,"EventType":"End"}
{"UtcTime":"2026-08-12 10:11:32.000","Computer":"TN-FIN-WS042","User":"TRANSNORTE\\ops.cardoso","EventID":1,"Image":"C:\\Program Files\\Microsoft Office\\Office16\\OUTLOOK.EXE","ProcessGuid":"{3109CE85-BAD2-2026-15B7-CA9A2D9FE5CF}","ProcessId":8651,"CommandLine":"C:\\Program Files\\Microsoft Office\\Office16\\OUTLOOK.EXE","ParentImage":"C:\\Windows\\System32\\services.exe","ParentProcessGuid":"{22B599CD-87C6-2026-F1F0-5774BFFB7B19}","OriginalFileName":"C:\\Program Files\\Microsoft Office\\Office16\\OUTLOOK.EXE","SHA256":"6d3d32503e4fbbd98ab50059a53ed0ddce3afcbd1c8c22fcc3208417992b832e"}
{"UtcTime":"2026-08-12 10:11:33.000","Computer":"TN-FIN-WS042","User":"TRANSNORTE\\ops.cardoso","EventID":1,"Image":"C:\\Program Files\\Google\\Chrome\\Application\\chrome.exe","ProcessGuid":"{36C1B8BE-4546-2026-45FB-966FB3294FE1}","ProcessId":5246,"CommandLine":"C:\\Program Files\\Google\\Chrome\\Application\\chrome.exe","ParentImage":"C:\\Windows\\System32\\services.exe","ParentProcessGuid":"{E1885327-F416-2026-DC38-3573FDF2184C}","OriginalFileName":"C:\\Program Files\\Google\\Chrome\\Application\\chrome.exe","SHA256":"7e419b505c8fa6b9a6f16d4860385ab6ac20f43697f962bc08e10dc409364761"}
{"UtcTime":"2026-08-12 10:11:34.000","Computer":"TN-FIN-WS042","User":"TRANSNORTE\\ops.cardoso","EventID":1,"Image":"C:\\Windows\\System32\\conhost.exe","ProcessGuid":"{A2486E93-AE1D-2026-24E2-E817B0FC6BA5}","ProcessId":7557,"CommandLine":"C:\\Windows\\System32\\conhost.exe","ParentImage":"C:\\Windows\\System32\\services.exe","ParentProcessGuid":"{3B1E97A2-8BBB-2026-5146-C8E1E22B923D}","OriginalFileName":"C:\\Windows\\System32\\conhost.exe","SHA256":"e323b4ee990518077d9baea4e4cae3022f525c8b9104d4923497e406d3cabac7"}
{"UtcTime":"2026-08-12 10:11:35.000","Computer":"TN-FIN-WS042","User":"TRANSNORTE\\backup_svc","EventID":1,"Image":"C:\\Program Files\\Microsoft Office\\Office16\\OUTLOOK.EXE","ProcessGuid":"{273A92CB-89D8-2026-4A80-76F54CDD201D}","ProcessId":6550,"CommandLine":"C:\\Program Files\\Microsoft Office\\Office16\\OUTLOOK.EXE","ParentImage":"C:\\Windows\\System32\\services.exe","ParentProcessGuid":"{260D7023-9ECE-2026-9B00-CF4CC7FB8A58}","OriginalFileName":"C:\\Program Files\\Microsoft Office\\Office16\\OUTLOOK.EXE","SHA256":"95c45d5259e5fd47eb38f9feb13c8acf8c38709fedd92a5e016023ec233e67d8"}
{"UtcTime":"2026-08-12 10:11:36.000","Computer":"TN-FIN-WS042","User":"TRANSNORTE\\backup_svc","EventID":13,"Image":"C:\\Windows\\System32\\conhost.exe","ProcessGuid":"{30AA250D-3B73-2026-E990-FD603EB99C50}","ProcessId":1592,"EventType":"SetValue","TargetObject":"HKCU\\Software\\Microsoft\\Office\\16.0\\Outlook\\Resiliency\\1896","Details":"1"}
{"UtcTime":"2026-08-12 10:11:37.000","Computer":"TN-FIN-WS042","User":"TRANSNORTE\\backup_svc","EventID":13,"Image":"C:\\Windows\\explorer.exe","ProcessGuid":"{3435BD5D-F67C-2026-2656-2B48E99B28D6}","ProcessId":3247,"EventType":"SetValue","TargetObject":"HKCU\\Software\\Microsoft\\Office\\16.0\\Outlook\\Resiliency\\1897","Details":"1"}
{"UtcTime":"2026-08-12 10:11:38.000","Computer":"TN-FIN-WS042","User":"TRANSNORTE\\backup_svc","EventID":5,"Image":"C:\\Windows\\System32\\conhost.exe","ProcessGuid":"{B530591D-723F-2026-1F71-21AD9801D0DB}","ProcessId":3970,"EventType":"End"}
{"UtcTime":"2026-08-12 10:11:39.000","Computer":"TN-FIN-WS042","User":"TRANSNORTE\\backup_svc","EventID":1,"Image":"C:\\Windows\\System32\\svchost.exe","ProcessGuid":"{7EDF0ADD-7ADA-2026-56FB-DE9E699C5AE7}","ProcessId":7059,"CommandLine":"C:\\Windows\\System32\\svchost.exe","ParentImage":"C:\\Windows\\System32\\services.exe","ParentProcessGuid":"{6000FDCD-425B-2026-BFDA-2BB40E1346DF}","OriginalFileName":"C:\\Windows\\System32\\svchost.exe","SHA256":"3c9458ec91a3e4cf98f0928bd76b3045d3823f82380a7c919f87c5d9171c5e8c"}
{"UtcTime":"2026-08-12 10:11:40.000","Computer":"TN-FIN-WS042","User":"TRANSNORTE\\backup_svc","EventID":1,"Image":"C:\\Windows\\System32\\RuntimeBroker.exe","ProcessGuid":"{79CC7702-CD23-2026-C414-FAA3D5809EC3}","ProcessId":8086,"CommandLine":"C:\\Windows\\System32\\RuntimeBroker.exe","ParentImage":"C:\\Windows\\System32\\services.exe","ParentProcessGuid":"{2390EA6C-DF6D-2026-5FCC-95FE5DE8B0E8}","OriginalFileName":"C:\\Windows\\System32\\RuntimeBroker.exe","SHA256":"91d433b746ec565fc3aca9d9c029de483b8dbe25481be98cd31d02ef7837bd17"}
{"UtcTime":"2026-08-12 10:11:41.000","Computer":"TN-FIN-WS042","User":"TRANSNORTE\\ops.cardoso","EventID":1,"Image":"C:\\Windows\\System32\\conhost.exe","ProcessGuid":"{CA34CF20-1322-2026-8916-9C3BED23ABAB}","ProcessId":7153,"CommandLine":"C:\\Windows\\System32\\conhost.exe","ParentImage":"C:\\Windows\\System32\\services.exe","ParentProcessGuid":"{59F81E3B-D878-2026-FDE6-96327B942B24}","OriginalFileName":"C:\\Windows\\System32\\conhost.exe","SHA256":"ed433d49d1492e4618b9ffce84b8a48a9b7099c1f8f22d4f38abc3876c0ac669"}
{"UtcTime":"2026-08-12 10:11:42.000","Computer":"TN-FIN-WS042","User":"TRANSNORTE\\ops.cardoso","EventID":11,"Image":"C:\\Program Files\\Google\\Chrome\\Application\\chrome.exe","ProcessGuid":"{FCD8D8A4-332B-2026-04F6-7CA9431B2615}","ProcessId":8241,"TargetFilename":"C:\\Users\\ops.cardoso\\AppData\\Local\\Temp\\office-1902.tmp"}
{"UtcTime":"2026-08-12 10:11:43.000","Computer":"TN-FIN-WS042","User":"TRANSNORTE\\ops.cardoso","EventID":5,"Image":"C:\\Windows\\explorer.exe","ProcessGuid":"{DA663DCA-3D9C-2026-4C89-42DC93E789E3}","ProcessId":3458,"EventType":"End"}
{"UtcTime":"2026-08-12 10:11:44.000","Computer":"TN-FIN-WS042","User":"TRANSNORTE\\ops.cardoso","EventID":11,"Image":"C:\\Program Files\\Microsoft Office\\Office16\\OUTLOOK.EXE","ProcessGuid":"{4D9783DB-F3B3-2026-8A5A-690BE62E1871}","ProcessId":4540,"TargetFilename":"C:\\Users\\ops.cardoso\\AppData\\Local\\Temp\\office-1904.tmp"}
{"UtcTime":"2026-08-12 10:11:45.000","Computer":"TN-FIN-WS042","User":"TRANSNORTE\\ops.cardoso","EventID":11,"Image":"C:\\Program Files\\Google\\Chrome\\Application\\chrome.exe","ProcessGuid":"{3A3E3CE8-F683-2026-7AD9-87BADBA8725D}","ProcessId":4585,"TargetFilename":"C:\\Users\\ops.cardoso\\AppData\\Local\\Temp\\office-1905.tmp"}
{"UtcTime":"2026-08-12 10:11:46.000","Computer":"TN-FIN-WS042","User":"TRANSNORTE\\ops.cardoso","EventID":13,"Image":"C:\\Program Files\\Google\\Chrome\\Application\\chrome.exe","ProcessGuid":"{C1309647-7CA7-2026-62EE-059E8B5A18AC}","ProcessId":2980,"EventType":"SetValue","TargetObject":"HKCU\\Software\\Microsoft\\Office\\16.0\\Outlook\\Resiliency\\1906","Details":"1"}
{"UtcTime":"2026-08-12 10:11:47.000","Computer":"TN-FIN-WS042","User":"TRANSNORTE\\ops.cardoso","EventID":11,"Image":"C:\\Program Files\\Google\\Chrome\\Application\\chrome.exe","ProcessGuid":"{F1FD4D8A-72B8-2026-67AD-2CBDE7B72F30}","ProcessId":8541,"TargetFilename":"C:\\Users\\ops.cardoso\\AppData\\Local\\Temp\\office-1907.tmp"}
{"UtcTime":"2026-08-12 10:11:48.000","Computer":"TN-FIN-WS042","User":"TRANSNORTE\\ops.cardoso","EventID":3,"Image":"C:\\Windows\\System32\\conhost.exe","ProcessGuid":"{134BCE14-FA0B-2026-88E9-D1450DB219CB}","ProcessId":1760,"DestinationIp":"8.8.8.8","DestinationPort":443,"SourceIp":"10.50.10.42","Protocol":"tcp"}
{"UtcTime":"2026-08-12 10:11:49.000","Computer":"TN-FIN-WS042","User":"TRANSNORTE\\ops.cardoso","EventID":5,"Image":"C:\\Program Files\\Google\\Chrome\\Application\\chrome.exe","ProcessGuid":"{CF10C9DB-4FF0-2026-58F5-99A2F1AA4213}","ProcessId":1174,"EventType":"End"}
{"UtcTime":"2026-08-12 10:11:50.000","Computer":"TN-FIN-WS042","User":"TRANSNORTE\\ops.cardoso","EventID":11,"Image":"C:\\Windows\\System32\\conhost.exe","ProcessGuid":"{17C8E354-2F9E-2026-1084-A83255F12373}","ProcessId":1523,"TargetFilename":"C:\\Users\\ops.cardoso\\AppData\\Local\\Temp\\office-1910.tmp"}
{"UtcTime":"2026-08-12 10:11:51.000","Computer":"TN-FIN-WS042","User":"TRANSNORTE\\backup_svc","EventID":13,"Image":"C:\\Windows\\System32\\svchost.exe","ProcessGuid":"{B368A9E9-1BBB-2026-391F-CFDA07FEDBA1}","ProcessId":3505,"EventType":"SetValue","TargetObject":"HKCU\\Software\\Microsoft\\Office\\16.0\\Outlook\\Resiliency\\1911","Details":"1"}
{"UtcTime":"2026-08-12 10:11:52.000","Computer":"TN-FIN-WS042","User":"TRANSNORTE\\backup_svc","EventID":11,"Image":"C:\\Program Files\\Google\\Chrome\\Application\\chrome.exe","ProcessGuid":"{459EA90D-0270-2026-8051-FB6CAD86BE4B}","ProcessId":4704,"TargetFilename":"C:\\Users\\ops.cardoso\\AppData\\Local\\Temp\\office-1912.tmp"}
{"UtcTime":"2026-08-12 10:11:53.000","Computer":"TN-FIN-WS042","User":"TRANSNORTE\\backup_svc","EventID":1,"Image":"C:\\Windows\\System32\\RuntimeBroker.exe","ProcessGuid":"{CA03550B-BA62-2026-63CD-B910C8D2BD1E}","ProcessId":6647,"CommandLine":"C:\\Windows\\System32\\RuntimeBroker.exe","ParentImage":"C:\\Windows\\System32\\services.exe","ParentProcessGuid":"{9769FCFF-6EEC-2026-27D1-9EB2FA8BA6D3}","OriginalFileName":"C:\\Windows\\System32\\RuntimeBroker.exe","SHA256":"6dbad2634677ad4e571d89bd145e37f92a8b79b85a0ff10c9e6106d3ac98c493"}
{"UtcTime":"2026-08-12 10:11:54.000","Computer":"TN-FIN-WS042","User":"TRANSNORTE\\ops.cardoso","EventID":13,"Image":"C:\\Program Files\\Google\\Chrome\\Application\\chrome.exe","ProcessGuid":"{732C970A-480E-2026-7019-6C56A91CBB56}","ProcessId":3743,"EventType":"SetValue","TargetObject":"HKCU\\Software\\Microsoft\\Office\\16.0\\Outlook\\Resiliency\\1914","Details":"1"}
{"UtcTime":"2026-08-12 10:11:55.000","Computer":"TN-FIN-WS042","User":"TRANSNORTE\\ops.cardoso","EventID":1,"Image":"C:\\Windows\\System32\\conhost.exe","ProcessGuid":"{DF409FC1-8365-2026-0A88-E5B31C6048E1}","ProcessId":5014,"CommandLine":"C:\\Windows\\System32\\conhost.exe","ParentImage":"C:\\Windows\\System32\\services.exe","ParentProcessGuid":"{7E5A4088-379F-2026-A7D6-3739F3C29586}","OriginalFileName":"C:\\Windows\\System32\\conhost.exe","SHA256":"1447e20fd3670d6cc03df5c723bdf9a36aa7967636e09c0177c311dc329a1db7"}
{"UtcTime":"2026-08-12 10:11:56.000","Computer":"TN-FIN-WS042","User":"TRANSNORTE\\ops.cardoso","EventID":1,"Image":"C:\\Windows\\explorer.exe","ProcessGuid":"{269F7342-712E-2026-6E71-B9E00FEAFB97}","ProcessId":2602,"CommandLine":"C:\\Windows\\explorer.exe","ParentImage":"C:\\Windows\\System32\\services.exe","ParentProcessGuid":"{38ACA2FE-7823-2026-999C-407CF9DF7B61}","OriginalFileName":"C:\\Windows\\explorer.exe","SHA256":"772fde90244fb192640bf2152f35aed3dbcdba3b5dea066f52a223cf9e9b640b"}
{"UtcTime":"2026-08-12 10:11:57.000","Computer":"TN-FIN-WS042","User":"TRANSNORTE\\backup_svc","EventID":3,"Image":"C:\\Windows\\System32\\svchost.exe","ProcessGuid":"{41DC74BB-BA83-2026-57E4-4C9E8F173813}","ProcessId":1485,"DestinationIp":"10.50.10.10","DestinationPort":135,"SourceIp":"10.50.10.42","Protocol":"tcp"}
{"UtcTime":"2026-08-12 10:11:58.000","Computer":"TN-FIN-WS042","User":"TRANSNORTE\\backup_svc","EventID":3,"Image":"C:\\Program Files\\Microsoft Office\\Office16\\OUTLOOK.EXE","ProcessGuid":"{C172A5B1-BAB8-2026-A8D5-126A8DF3CABD}","ProcessId":3268,"DestinationIp":"10.50.10.10","DestinationPort":443,"SourceIp":"10.50.10.42","Protocol":"tcp"}
{"UtcTime":"2026-08-12 10:11:59.000","Computer":"TN-FIN-WS042","User":"TRANSNORTE\\ops.cardoso","EventID":11,"Image":"C:\\Program Files\\Microsoft Office\\Office16\\OUTLOOK.EXE","ProcessGuid":"{D5691595-D0F0-2026-4E04-E7612B1E0843}","ProcessId":656,"TargetFilename":"C:\\Users\\ops.cardoso\\AppData\\Local\\Temp\\office-1919.tmp"}
{"UtcTime":"2026-08-12 10:12:00.000","Computer":"TN-FIN-WS042","User":"TRANSNORTE\\backup_svc","EventID":5,"Image":"C:\\Windows\\System32\\RuntimeBroker.exe","ProcessGuid":"{4439B61E-22BE-2026-F2EA-A046E3ECF2AB}","ProcessId":5001,"EventType":"End"}
{"UtcTime":"2026-08-12 10:12:01.000","Computer":"TN-FIN-WS042","User":"TRANSNORTE\\ops.cardoso","EventID":13,"Image":"C:\\Windows\\System32\\conhost.exe","ProcessGuid":"{553830AF-22DB-2026-8778-5B370A414A17}","ProcessId":1507,"EventType":"SetValue","TargetObject":"HKCU\\Software\\Microsoft\\Office\\16.0\\Outlook\\Resiliency\\1921","Details":"1"}
{"UtcTime":"2026-08-12 10:12:02.000","Computer":"TN-FIN-WS042","User":"TRANSNORTE\\ops.cardoso","EventID":3,"Image":"C:\\Windows\\System32\\conhost.exe","ProcessGuid":"{7CB0EBE0-FA22-2026-A68F-5577C9D946A8}","ProcessId":4863,"DestinationIp":"8.8.8.8","DestinationPort":443,"SourceIp":"10.50.10.42","Protocol":"tcp"}
{"UtcTime":"2026-08-12 10:12:03.000","Computer":"TN-FIN-WS042","User":"TRANSNORTE\\ops.cardoso","EventID":11,"Image":"C:\\Windows\\explorer.exe","ProcessGuid":"{AD1AC2C1-FBD5-2026-491A-8D7E718B7E6A}","ProcessId":4187,"TargetFilename":"C:\\Users\\ops.cardoso\\AppData\\Local\\Temp\\office-1923.tmp"}
{"UtcTime":"2026-08-12 10:12:04.000","Computer":"TN-FIN-WS042","User":"TRANSNORTE\\ops.cardoso","EventID":1,"Image":"C:\\Program Files\\Google\\Chrome\\Application\\chrome.exe","ProcessGuid":"{1FC4DFDF-1C6E-2026-4ED8-48EB13EDF2F7}","ProcessId":6889,"CommandLine":"C:\\Program Files\\Google\\Chrome\\Application\\chrome.exe","ParentImage":"C:\\Windows\\System32\\services.exe","ParentProcessGuid":"{688329CC-7E9B-2026-0EC8-E4887B399A29}","OriginalFileName":"C:\\Program Files\\Google\\Chrome\\Application\\chrome.exe","SHA256":"f1d0ce09b45beebbfd0bd26e068caeab6ddc8536c8a955835dc84becbc78715e"}
{"UtcTime":"2026-08-12 10:12:05.000","Computer":"TN-FIN-WS042","User":"TRANSNORTE\\ops.cardoso","EventID":13,"Image":"C:\\Windows\\explorer.exe","ProcessGuid":"{0D41B318-F989-2026-487C-DFBDB6880357}","ProcessId":6391,"EventType":"SetValue","TargetObject":"HKCU\\Software\\Microsoft\\Office\\16.0\\Outlook\\Resiliency\\1925","Details":"1"}
{"UtcTime":"2026-08-12 10:12:06.000","Computer":"TN-FIN-WS042","User":"TRANSNORTE\\ops.cardoso","EventID":3,"Image":"C:\\Windows\\explorer.exe","ProcessGuid":"{8C282750-74F7-2026-970B-856B2DA4D7D6}","ProcessId":8361,"DestinationIp":"8.8.8.8","DestinationPort":8080,"SourceIp":"10.50.10.42","Protocol":"tcp"}
