{"UtcTime":"2026-08-12 09:46:08.000","Computer":"TN-FIN-WS042","User":"TRANSNORTE\\ops.cardoso","EventID":1,"Image":"C:\\Windows\\System32\\svchost.exe","ProcessGuid":"{641EF029-75B9-2026-1933-7C5FDA0FCE63}","ProcessId":3227,"CommandLine":"C:\\Windows\\System32\\svchost.exe","ParentImage":"C:\\Windows\\System32\\services.exe","ParentProcessGuid":"{2136EAF4-5889-2026-64B9-C424467D6A16}","OriginalFileName":"C:\\Windows\\System32\\svchost.exe","SHA256":"1b31815ea0336e9006dd3229f2d8b6e689bd3c230d436ea0ff94608df9b2758f"}
{"UtcTime":"2026-08-12 09:46:09.000","Computer":"TN-FIN-WS042","User":"TRANSNORTE\\backup_svc","EventID":13,"Image":"C:\\Windows\\System32\\conhost.exe","ProcessGuid":"{32B248A2-9FD1-2026-F47E-1CFBF42C68A0}","ProcessId":8193,"EventType":"SetValue","TargetObject":"HKCU\\Software\\Microsoft\\Office\\16.0\\Outlook\\Resiliency\\369","Details":"1"}
{"UtcTime":"2026-08-12 09:46:10.000","Computer":"TN-FIN-WS042","User":"TRANSNORTE\\backup_svc","EventID":3,"Image":"C:\\Windows\\explorer.exe","ProcessGuid":"{D5436FED-59CD-2026-0C72-FFE3521BC365}","ProcessId":3121,"DestinationIp":"10.50.10.88","DestinationPort":443,"SourceIp":"10.50.10.42","Protocol":"tcp"}
{"UtcTime":"2026-08-12 09:46:11.000","Computer":"TN-FIN-WS042","User":"TRANSNORTE\\backup_svc","EventID":5,"Image":"C:\\Windows\\System32\\conhost.exe","ProcessGuid":"{389292E8-B6AF-2026-B37D-ADC865145FFD}","ProcessId":3690,"EventType":"End"}
{"UtcTime":"2026-08-12 09:46:12.000","Computer":"TN-FIN-WS042","User":"TRANSNORTE\\backup_svc","EventID":13,"Image":"C:\\Windows\\System32\\conhost.exe","ProcessGuid":"{393991BF-3C63-2026-623A-93670FDA44B8}","ProcessId":889,"EventType":"SetValue","TargetObject":"HKCU\\Software\\Microsoft\\Office\\16.0\\Outlook\\Resiliency\\372","Details":"1"}
{"UtcTime":"2026-08-12 09:46:13.000","Computer":"TN-FIN-WS042","User":"TRANSNORTE\\ops.cardoso","EventID":3,"Image":"C:\\Windows\\System32\\RuntimeBroker.exe","ProcessGuid":"{4C316A56-E17D-2026-51BA-6305CDA2AD41}","ProcessId":2749,"DestinationIp":"10.50.10.10","DestinationPort":8080,"SourceIp":"10.50.10.42","Protocol":"tcp"}
{"UtcTime":"2026-08-12 09:46:14.000","Computer":"TN-FIN-WS042","User":"TRANSNORTE\\backup_svc","EventID":13,"Image":"C:\\Program Files\\Microsoft Office\\Office16\\OUTLOOK.EXE","ProcessGuid":"{AA4FE3C4-FA87-2026-3C1C-DC879BF2FD0E}","ProcessId":5727,"EventType":"SetValue","TargetObject":"HKCU\\Software\\Microsoft\\Office\\16.0\\Outlook\\Resiliency\\374","Details":"1"}
{"UtcTime":"2026-08-12 09:46:15.000","Computer":"TN-FIN-WS042","User":"TRANSNORTE\\ops.cardoso","EventID":1,"Image":"C:\\Windows\\System32\\conhost.exe","ProcessGuid":"{18E7E1E8-E76F-2026-789C-91F34804A7B4}","ProcessId":6645,"CommandLine":"C:\\Windows\\System32\\conhost.exe","ParentImage":"C:\\Windows\\System32\\services.exe","ParentProcessGuid":"{D624C3AC-2AB5-2026-B138-9907F220F267}","OriginalFileName":"C:\\Windows\\System32\\conhost.exe","SHA256":"269a543f25fee18c7a1cd8e5d27efc2f7ec9adf9a405a23e3cedffdd7722893a"}
{"UtcTime":"2026-08-12 09:46:16.000","Computer":"TN-FIN-WS042","User":"TRANSNORTE\\backup_svc","EventID":1,"Image":"C:\\Windows\\System32\\svchost.exe","ProcessGuid":"{2668C882-F882-2026-01AA-0D212A94EDF6}","ProcessId":5773,"CommandLine":"C:\\Windows\\System32\\svchost.exe","ParentImage":"C:\\Windows\\System32\\services.exe","ParentProcessGuid":"{8AE51B06-5845-2026-3E08-1A0068247BA6}","OriginalFileName":"C:\\Windows\\System32\\svchost.exe","SHA256":"c0c8d911c336961831dd9d0e4fe5806b9bab52ecfbc914d0a52d442d815156dc"}
{"UtcTime":"2026-08-12 09:46:17.000","Computer":"TN-FIN-WS042","User":"TRANSNORTE\\backup_svc","EventID":13,"Image":"C:\\Windows\\System32\\RuntimeBroker.exe","ProcessGuid":"{3BA2D051-5990-2026-430B-FBC3AAC8DAAB}","ProcessId":6104,"EventType":"SetValue","TargetObject":"HKCU\\Software\\Microsoft\\Office\\16.0\\Outlook\\Resiliency\\377","Details":"1"}
{"UtcTime":"2026-08-12 09:46:18.000","Computer":"TN-FIN-WS042","User":"TRANSNORTE\\backup_svc","EventID":1,"Image":"C:\\Program Files\\Google\\Chrome\\Application\\chrome.exe","ProcessGuid":"{1249C1F2-C2E8-2026-013E-25921BC7F320}","ProcessId":8712,"CommandLine":"C:\\Program Files\\Google\\Chrome\\Application\\chrome.exe","ParentImage":"C:\\Windows\\System32\\services.exe","ParentProcessGuid":"{FDF53571-3CA0-2026-B57D-5A561594FDFD}","OriginalFileName":"C:\\Program Files\\Google\\Chrome\\Application\\chrome.exe","SHA256":"05be15f19ce6765fed408d33e931c011f3cda43a9e4faa85e362de56a9dcd99e"}
{"UtcTime":"2026-08-12 09:46:19.000","Computer":"TN-FIN-WS042","User":"TRANSNORTE\\backup_svc","EventID":1,"Image":"C:\\Windows\\System32\\svchost.exe","ProcessGuid":"{0A90FF04-CAF2-2026-2590-A21925D623A9}","ProcessId":997,"CommandLine":"C:\\Windows\\System32\\svchost.exe","ParentImage":"C:\\Windows\\System32\\services.exe","ParentProcessGuid":"{783FA3BC-CC09-2026-B541-3B64CAFD3561}","OriginalFileName":"C:\\Windows\\System32\\svchost.exe","SHA256":"ba9687760adb6ee7eda5cf3986d44cb646aeff91bf2049875604ceb015a1e671"}
{"UtcTime":"2026-08-12 09:46:20.000","Computer":"TN-FIN-WS042","User":"TRANSNORTE\\backup_svc","EventID":1,"Image":"C:\\Windows\\explorer.exe","ProcessGuid":"{E2DE3D2A-5D31-2026-689F-CE70FD5934E8}","ProcessId":6368,"CommandLine":"C:\\Windows\\explorer.exe","ParentImage":"C:\\Windows\\System32\\services.exe","ParentProcessGuid":"{AE0D71B8-FC65-2026-6621-F69F42129C57}","OriginalFileName":"C:\\Windows\\explorer.exe","SHA256":"ffdf586e47ab79913939db16942a68d74f08cd0d9d63c6a1a6334080c1dd71ab"}
{"UtcTime":"2026-08-12 09:46:21.000","Computer":"TN-FIN-WS042","User":"TRANSNORTE\\backup_svc","EventID":13,"Image":"C:\\Windows\\System32\\conhost.exe","ProcessGuid":"{2E0EE773-6277-2026-466B-BA3CD177123E}","ProcessId":2536,"EventType":"SetValue","TargetObject":"HKCU\\Software\\Microsoft\\Office\\16.0\\Outlook\\Resiliency\\381","Details":"1"}
{"UtcTime":"2026-08-12 09:46:22.000","Computer":"TN-FIN-WS042","User":"TRANSNORTE\\backup_svc","EventID":13,"Image":"C:\\Windows\\explorer.exe","ProcessGuid":"{CEA9555B-45D0-2026-507E-D7413B005469}","ProcessId":7073,"EventType":"SetValue","TargetObject":"HKCU\\Software\\Microsoft\\Office\\16.0\\Outlook\\Resiliency\\382","Details":"1"}
{"UtcTime":"2026-08-12 09:46:23.000","Computer":"TN-FIN-WS042","User":"TRANSNORTE\\backup_svc","EventID":3,"Image":"C:\\Windows\\System32\\RuntimeBroker.exe","ProcessGuid":"{33D2697A-47E5-2026-37FC-90E2BB896AEF}","ProcessId":1654,"DestinationIp":"10.50.10.88","DestinationPort":135,"SourceIp":"10.50.10.42","Protocol":"tcp"}
{"UtcTime":"2026-08-12 09:46:24.000","Computer":"TN-FIN-WS042","User":"TRANSNORTE\\backup_svc","EventID":5,"Image":"C:\\Windows\\System32\\svchost.exe","ProcessGuid":"{8CED73BB-3CCA-2026-2009-DDECE91F4605}","ProcessId":6799,"EventType":"End"}
{"UtcTime":"2026-08-12 09:46:25.000","Computer":"TN-FIN-WS042","User":"TRANSNORTE\\backup_svc","EventID":11,"Image":"C:\\Windows\\explorer.exe","ProcessGuid":"{5BE580E9-4D2A-2026-80A5-3B4B96FBC844}","ProcessId":5384,"TargetFilename":"C:\\Users\\ops.cardoso\\AppData\\Local\\Temp\\office-385.tmp"}
{"UtcTime":"2026-08-12 09:46:26.000","Computer":"TN-FIN-WS042","User":"TRANSNORTE\\backup_svc","EventID":13,"Image":"C:\\Windows\\System32\\RuntimeBroker.exe","ProcessGuid":"{A692E7D2-A911-2026-C005-F347DACB706E}","ProcessId":2001,"EventType":"SetValue","TargetObject":"HKCU\\Software\\Microsoft\\Office\\16.0\\Outlook\\Resiliency\\386","Details":"1"}
{"UtcTime":"2026-08-12 09:46:27.000","Computer":"TN-FIN-WS042","User":"TRANSNORTE\\backup_svc","EventID":1,"Image":"C:\\Windows\\System32\\svchost.exe","ProcessGuid":"{E41E302B-FEFA-2026-8FB1-D838AF02CA33}","ProcessId":5363,"CommandLine":"C:\\Windows\\System32\\svchost.exe","ParentImage":"C:\\Windows\\System32\\services.exe","ParentProcessGuid":"{DEF54B13-53FF-2026-10F6-D203FAFD3F9F}","OriginalFileName":"C:\\Windows\\System32\\svchost.exe","SHA256":"9c21fef3f4e0a2baa0770936480c979abd0cde7eeacfe218bf3f6736a771581d"}
{"UtcTime":"2026-08-12 09:46:28.000","Computer":"TN-FIN-WS042","User":"TRANSNORTE\\ops.cardoso","EventID":1,"Image":"C:\\Program Files\\Google\\Chrome\\Application\\chrome.exe","ProcessGuid":"{F10C0E1C-A4E8-2026-F104-2F1836082136}","ProcessId":2203,"CommandLine":"C:\\Program Files\\Google\\Chrome\\Application\\chrome.exe","ParentImage":"C:\\Windows\\System32\\services.exe","ParentProcessGuid":"{19174192-58F6-2026-01A3-E1A52AB9C030}","OriginalFileName":"C:\\Program Files\\Google\\Chrome\\Application\\chrome.exe","SHA256":"07fb7c1d537cf5ff59d2c67167c7ddf78faa16f78d58bb3a78450c059091cb6f"}
{"UtcTime":"2026-08-12 09:46:29.000","Computer":"TN-FIN-WS042","User":"TRANSNORTE\\backup_svc","EventID":1,"Image":"C:\\Program Files\\Google\\Chrome\\Application\\chrome.exe","ProcessGuid":"{863FBDB4-5699-2026-3BED-E712E2E2FEB4}","ProcessId":4862,"CommandLine":"C:\\Program Files\\Google\\Chrome\\Application\\chrome.exe","ParentImage":"C:\\Windows\\System32\\services.exe","ParentProcessGuid":"{970D2233-793E-2026-1403-4AA62FC6F818}","OriginalFileName":"C:\\Program Files\\Google\\Chrome\\Application\\chrome.exe","SHA256":"764fb62a2fb587a2ea2cbc00a7bf9c9d5d6f7085dc8324ccfe23ec754cabad8f"}
{"UtcTime":"2026-08-12 09:46:30.000","Computer":"TN-FIN-WS042","User":"TRANSNORTE\\ops.cardoso","EventID":5,"Image":"C:\\Windows\\explorer.exe","ProcessGuid":"{B4137185-A104-2026-608C-5EB625B28CD6}","ProcessId":6733,"EventType":"End"}
{"UtcTime":"2026-08-12 09:46:31.000","Computer":"TN-FIN-WS042","User":"TRANSNORTE\\backup_svc","EventID":3,"Image":"C:\\Program Files\\Google\\Chrome\\Application\\chrome.exe","ProcessGuid":"{A22212AC-1619-2026-16C6-DAA8FFC1C1C0}","ProcessId":3800,"DestinationIp":"10.50.10.88","DestinationPort":8080,"SourceIp":"10.50.10.42","Protocol":"tcp"}
{"UtcTime":"2026-08-12 09:46:32.000","Computer":"TN-FIN-WS042","User":"TRANSNORTE\\backup_svc","EventID":11,"Image":"C:\\Windows\\System32\\svchost.exe","ProcessGuid":"{35311F26-15A7-2026-686D-6ED3DF7AB78A}","ProcessId":6179,"TargetFilename":"C:\\Users\\ops.cardoso\\AppData\\Local\\Temp\\office-392.tmp"}
{"UtcTime":"2026-08-12 09:46:33.000","Computer":"TN-FIN-WS042","User":"TRANSNORTE\\ops.cardoso","EventID":1,"Image":"C:\\Program Files\\Google\\Chrome\\Application\\chrome.exe","ProcessGuid":"{0B6B988F-157D-2026-0DB2-03FCCBE7E1BA}","ProcessId":7497,"CommandLine":"C:\\Program Files\\Google\\Chrome\\Application\\chrome.exe","ParentImage":"C:\\Windows\\System32\\services.exe","ParentProcessGuid":"{E2A6C800-5CE0-2026-D576-59E703278838}","OriginalFileName":"C:\\Program Files\\Google\\Chrome\\Application\\chrome.exe","SHA256":"cc10f5817b5426ec31d9a821edb7ef5aefad4e8dda3e3a440594cb02f350624f"}
{"UtcTime":"2026-08-12 09:46:34.000","Computer":"TN-FIN-WS042","User":"TRANSNORTE\\ops.cardoso","EventID":1,"Image":"C:\\Windows\\System32\\conhost.exe","ProcessGuid":"{E21872CF-820E-2026-5D7C-D60D8F930F44}","ProcessId":5644,"CommandLine":"C:\\Windows\\System32\\conhost.exe","ParentImage":"C:\\Windows\\System32\\services.exe","ParentProcessGuid":"{8A3B3125-EFFC-2026-BE54-1B3C1126D71D}","OriginalFileName":"C:\\Windows\\System32\\conhost.exe","SHA256":"cf7fa80ca0dd308d4a80eb8bc1bd5c375f645fbc8bddcd3dc50bf24837f239f1"}
{"UtcTime":"2026-08-12 09:46:35.000","Computer":"TN-FIN-WS042","User":"TRANSNORTE\\ops.cardoso","EventID":1,"Image":"C:\\Windows\\System32\\svchost.exe","ProcessGuid":"{2F1D66CB-4A53-2026-8B4C-F776A01C8CDF}","ProcessId":4432,"CommandLine":"C:\\Windows\\System32\\svchost.exe","ParentImage":"C:\\Windows\\System32\\services.exe","ParentProcessGuid":"{79D8997D-6C18-2026-99FC-B2329CB6A592}","OriginalFileName":"C:\\Windows\\System32\\svchost.exe","SHA256":"493aa1e22d025414f4c19a45c1f0fc6677204ab91ef9fcf40297e8357fff2941"}
{"UtcTime":"2026-08-12 09:46:36.000","Computer":"TN-FIN-WS042","User":"TRANSNORTE\\ops.cardoso","EventID":3,"Image":"C:\\Windows\\explorer.exe","ProcessGuid":"{E1262BF9-B30E-2026-9AB2-AD227CB2BEC9}","ProcessId":4934,"DestinationIp":"10.50.10.88","DestinationPort":8080,"SourceIp":"10.50.10.42","Protocol":"tcp"}
{"UtcTime":"2026-08-12 09:46:37.000","Computer":"TN-FIN-WS042","User":"TRANSNORTE\\backup_svc","EventID":3,"Image":"C:\\Windows\\explorer.exe","ProcessGuid":"{249C9BB8-2369-2026-FB12-C6D2702F4D1A}","ProcessId":3117,"DestinationIp":"8.8.8.8","DestinationPort":443,"SourceIp":"10.50.10.42","Protocol":"tcp"}
{"UtcTime":"2026-08-12 09:46:38.000","Computer":"TN-FIN-WS042","User":"TRANSNORTE\\backup_svc","EventID":1,"Image":"C:\\Windows\\System32\\conhost.exe","ProcessGuid":"{644F227B-60A4-2026-980E-A8EF497E795B}","ProcessId":7902,"CommandLine":"C:\\Windows\\System32\\conhost.exe","ParentImage":"C:\\Windows\\System32\\services.exe","ParentProcessGuid":"{BB37CE1F-FD5D-2026-5916-7C8E64161AE4}","OriginalFileName":"C:\\Windows\\System32\\conhost.exe","SHA256":"6210329f2e8764580bb7329adb38c97b9c34f77ba567c1921c6ebb26c8bb8e61"}
{"UtcTime":"2026-08-12 09:46:39.000","Computer":"TN-FIN-WS042","User":"TRANSNORTE\\backup_svc","EventID":1,"Image":"C:\\Windows\\explorer.exe","ProcessGuid":"{F0F76F9C-0D80-2026-0754-0F70AD71C42F}","ProcessId":3269,"CommandLine":"C:\\Windows\\explorer.exe","ParentImage":"C:\\Windows\\System32\\services.exe","ParentProcessGuid":"{0A0F0EA2-A942-2026-655C-9653607887B5}","OriginalFileName":"C:\\Windows\\explorer.exe","SHA256":"5280b5e2288626c930c4bcabb76677fef5a965401c1044c25e8b5f8a5c71173a"}
{"UtcTime":"2026-08-12 09:46:40.000","Computer":"TN-FIN-WS042","User":"TRANSNORTE\\backup_svc","EventID":5,"Image":"C:\\Windows\\System32\\svchost.exe","ProcessGuid":"{54F74F51-1E6E-2026-6361-52B30172FCFF}","ProcessId":2087,"EventType":"End"}
{"UtcTime":"2026-08-12 09:46:41.000","Computer":"TN-FIN-WS042","User":"TRANSNORTE\\ops.cardoso","EventID":1,"Image":"C:\\Program Files\\Google\\Chrome\\Application\\chrome.exe","ProcessGuid":"{7FDC2691-EE09-2026-77A3-3716ACA53EBC}","ProcessId":721,"CommandLine":"C:\\Program Files\\Google\\Chrome\\Application\\chrome.exe","ParentImage":"C:\\Windows\\System32\\services.exe","ParentProcessGuid":"{8136F7B5-0FA8-2026-8578-A662154F6918}","OriginalFileName":"C:\\Program Files\\Google\\Chrome\\Application\\chrome.exe","SHA256":"9652c4f4b276e6292714a6c7ab8f9bb1bc8a742ef5d06de202d8ed8599521f13"}
{"UtcTime":"2026-08-12 09:46:42.000","Computer":"TN-FIN-WS042","User":"TRANSNORTE\\ops.cardoso","EventID":5,"Image":"C:\\Windows\\System32\\RuntimeBroker.exe","ProcessGuid":"{83908658-B1AB-2026-9775-6DB33A053DB4}","ProcessId":4469,"EventType":"End"}
{"UtcTime":"2026-08-12 09:46:43.000","Computer":"TN-FIN-WS042","User":"TRANSNORTE\\backup_svc","EventID":1,"Image":"C:\\Program Files\\Microsoft Office\\Office16\\OUTLOOK.EXE","ProcessGuid":"{2A1C86DB-A8A1-2026-2E0F-31ABD0FEF6A6}","ProcessId":4251,"CommandLine":"C:\\Program Files\\Microsoft Office\\Office16\\OUTLOOK.EXE","ParentImage":"C:\\Windows\\System32\\services.exe","ParentProcessGuid":"{B81F07D6-8B23-2026-1AE6-756D5690A1E4}","OriginalFileName":"C:\\Program Files\\Microsoft Office\\Office16\\OUTLOOK.EXE","SHA256":"4bc13095f19841217e54d975423b3454e826a63d503a59c01cb6250bb5461926"}
{"UtcTime":"2026-08-12 09:46:44.000","Computer":"TN-FIN-WS042","User":"TRANSNORTE\\ops.cardoso","EventID":1,"Image":"C:\\Program Files\\Microsoft Office\\Office16\\OUTLOOK.EXE","ProcessGuid":"{95941258-C3A4-2026-A355-994947C74E43}","ProcessId":8230,"CommandLine":"C:\\Program Files\\Microsoft Office\\Office16\\OUTLOOK.EXE","ParentImage":"C:\\Windows\\System32\\services.exe","ParentProcessGuid":"{2BA7C375-8363-2026-8844-F3B62A864B13}","OriginalFileName":"C:\\Program Files\\Microsoft Office\\Office16\\OUTLOOK.EXE","SHA256":"a1183bbe6930b263ab818d5f4176618f794d30fa9d0abeb382b9ca0b35abd466"}
{"UtcTime":"2026-08-12 09:46:45.000","Computer":"TN-FIN-WS042","User":"TRANSNORTE\\backup_svc","EventID":1,"Image":"C:\\Program Files\\Microsoft Office\\Office16\\OUTLOOK.EXE","ProcessGuid":"{C99675F2-DA7C-2026-C42A-0A40EF70F47E}","ProcessId":7967,"CommandLine":"C:\\Program Files\\Microsoft Office\\Office16\\OUTLOOK.EXE","ParentImage":"C:\\Windows\\System32\\services.exe","ParentProcessGuid":"{53C52156-D454-2026-94E1-01BAACC3C71D}","OriginalFileName":"C:\\Program Files\\Microsoft Office\\Office16\\OUTLOOK.EXE","SHA256":"75bc93da59ed44e826da2accd01608953e65bb3093af3d73fd8a538f030aca54"}
{"UtcTime":"2026-08-12 09:46:46.000","Computer":"TN-FIN-WS042","User":"TRANSNORTE\\backup_svc","EventID":5,"Image":"C:\\Program Files\\Google\\Chrome\\Application\\chrome.exe","ProcessGuid":"{E3F1B376-0797-2026-676C-D0C8127CF266}","ProcessId":1725,"EventType":"End"}
{"UtcTime":"2026-08-12 09:46:47.000","Computer":"TN-FIN-WS042","User":"TRANSNORTE\\backup_svc","EventID":1,"Image":"C:\\Program Files\\Microsoft Office\\Office16\\OUTLOOK.EXE","ProcessGuid":"{86F9969C-A07D-2026-3478-F2FECA77A3C5}","ProcessId":5441,"CommandLine":"C:\\Program Files\\Microsoft Office\\Office16\\OUTLOOK.EXE","ParentImage":"C:\\Windows\\System32\\services.exe","ParentProcessGuid":"{F3A4ED43-E7C7-2026-7F14-BAE5218F7B5E}","OriginalFileName":"C:\\Program Files\\Microsoft Office\\Office16\\OUTLOOK.EXE","SHA256":"3ccb5627976ae4067340619211d8de84777f050159fb612bfb2266f0cbd9396a"}
{"UtcTime":"2026-08-12 09:46:48.000","Computer":"TN-FIN-WS042","User":"TRANSNORTE\\ops.cardoso","EventID":1,"Image":"C:\\Windows\\System32\\conhost.exe","ProcessGuid":"{61A9B5AE-62AD-2026-8035-68B0C57A7FAE}","ProcessId":6810,"CommandLine":"C:\\Windows\\System32\\conhost.exe","ParentImage":"C:\\Windows\\System32\\services.exe","ParentProcessGuid":"{9DB9EECB-CE22-2026-9221-800355428689}","OriginalFileName":"C:\\Windows\\System32\\conhost.exe","SHA256":"4dcbb45661d49aa7b79cfb37a31ecca2a5ac3b62bc7f107ba3581363b4fcf0d2"}
{"UtcTime":"2026-08-12 09:46:49.000","Computer":"TN-FIN-WS042","User":"TRANSNORTE\\backup_svc","EventID":1,"Image":"C:\\Windows\\System32\\RuntimeBroker.exe","ProcessGuid":"{FF6DDC33-9DCA-2026-8236-9A0CB12941AD}","ProcessId":3992,"CommandLine":"C:\\Windows\\System32\\RuntimeBroker.exe","ParentImage":"C:\\Windows\\System32\\services.exe","ParentProcessGuid":"{9E3D008B-D4A7-2026-CDF7-1A819D965D85}","OriginalFileName":"C:\\Windows\\System32\\RuntimeBroker.exe","SHA256":"eb0efe4f523b032b13b49cb260510202b9c26530f0f2fee614da8b2861033c73"}
{"UtcTime":"2026-08-12 09:46:50.000","Computer":"TN-FIN-WS042","User":"TRANSNORTE\\backup_svc","EventID":3,"Image":"C:\\Windows\\explorer.exe","ProcessGuid":"{84E71696-85E2-2026-1776-789109321006}","ProcessId":1080,"DestinationIp":"10.50.10.10","DestinationPort":53,"SourceIp":"10.50.10.42","Protocol":"tcp"}
{"UtcTime":"2026-08-12 09:46:51.000","Computer":"TN-FIN-WS042","User":"TRANSNORTE\\backup_svc","EventID":11,"Image":"C:\\Program Files\\Microsoft Office\\Office16\\OUTLOOK.EXE","ProcessGuid":"{CEDC044B-C9FE-2026-1AB5-C9DF1D214BFE}","ProcessId":4667,"TargetFilename":"C:\\Users\\ops.cardoso\\AppData\\Local\\Temp\\office-411.tmp"}
{"UtcTime":"2026-08-12 09:46:52.000","Computer":"TN-FIN-WS042","User":"TRANSNORTE\\backup_svc","EventID":13,"Image":"C:\\Windows\\System32\\RuntimeBroker.exe","ProcessGuid":"{E92CA590-A59F-2026-BE7F-CDCB8C852145}","ProcessId":2561,"EventType":"SetValue","TargetObject":"HKCU\\Software\\Microsoft\\Office\\16.0\\Outlook\\Resiliency\\412","Details":"1"}
{"UtcTime":"2026-08-12 09:46:53.000","Computer":"TN-FIN-WS042","User":"TRANSNORTE\\backup_svc","EventID":3,"Image":"C:\\Program Files\\Google\\Chrome\\Application\\chrome.exe","ProcessGuid":"{2C430075-2B79-2026-8150-44FA7EFF9272}","ProcessId":2487,"DestinationIp":"1.1.1.1","DestinationPort":443,"SourceIp":"10.50.10.42","Protocol":"tcp"}
{"UtcTime":"2026-08-12 09:46:54.000","Computer":"TN-FIN-WS042","User":"TRANSNORTE\\backup_svc","EventID":11,"Image":"C:\\Program Files\\Google\\Chrome\\Application\\chrome.exe","ProcessGuid":"{4C0BCC3B-AF24-2026-9259-AED1057F80B1}","ProcessId":5421,"TargetFilename":"C:\\Users\\ops.cardoso\\AppData\\Local\\Temp\\office-414.tmp"}
{"UtcTime":"2026-08-12 09:46:55.000","Computer":"TN-FIN-WS042","User":"TRANSNORTE\\ops.cardoso","EventID":1,"Image":"C:\\Windows\\explorer.exe","ProcessGuid":"{45DCA919-AC8A-2026-0172-F7585A1CF6E4}","ProcessId":3096,"CommandLine":"C:\\Windows\\explorer.exe","ParentImage":"C:\\Windows\\System32\\services.exe","ParentProcessGuid":"{16AE2F89-25EF-2026-5E38-A7888993B44E}","OriginalFileName":"C:\\Windows\\explorer.exe","SHA256":"4476472fb2ab860dbca8f502a467e720ce0502987b7782f21589bede1fb5a50e"}
{"UtcTime":"2026-08-12 09:46:56.000","Computer":"TN-FIN-WS042","User":"TRANSNORTE\\backup_svc","EventID":13,"Image":"C:\\Program Files\\Microsoft Office\\Office16\\OUTLOOK.EXE","ProcessGuid":"{FED64412-4B3C-2026-41C4-1D7A58E45436}","ProcessId":7317,"EventType":"SetValue","TargetObject":"HKCU\\Software\\Microsoft\\Office\\16.0\\Outlook\\Resiliency\\416","Details":"1"}
{"UtcTime":"2026-08-12 09:46:57.000","Computer":"TN-FIN-WS042","User":"TRANSNORTE\\backup_svc","EventID":13,"Image":"C:\\Windows\\System32\\svchost.exe","ProcessGuid":"{CFFC58FF-2083-2026-0893-9C02699D2316}","ProcessId":7558,"EventType":"SetValue","TargetObject":"HKCU\\Software\\Microsoft\\Office\\16.0\\Outlook\\Resiliency\\417","Details":"1"}
{"UtcTime":"2026-08-12 09:46:58.000","Computer":"TN-FIN-WS042","User":"TRANSNORTE\\ops.cardoso","EventID":3,"Image":"C:\\Windows\\System32\\RuntimeBroker.exe","ProcessGuid":"{4BE2D434-F237-2026-88CF-6C0085246951}","ProcessId":8934,"DestinationIp":"10.50.10.88","DestinationPort":135,"SourceIp":"10.50.10.42","Protocol":"tcp"}
{"UtcTime":"2026-08-12 09:46:59.000","Computer":"TN-FIN-WS042","User":"TRANSNORTE\\backup_svc","EventID":1,"Image":"C:\\Windows\\System32\\svchost.exe","ProcessGuid":"{46D37A05-BD9C-2026-F863-10CC65676E4E}","ProcessId":5873,"CommandLine":"C:\\Windows\\System32\\svchost.exe","ParentImage":"C:\\Windows\\System32\\services.exe","ParentProcessGuid":"{1D81A17B-B1A3-2026-9E96-B764CD54A526}","OriginalFileName":"C:\\Windows\\System32\\svchost.exe","SHA256":"1ae7e0d6de31763be93bb67a1ffe754e39b9f6ffd6c80962f7c0d54cd9d63f3f"}
{"UtcTime":"2026-08-12 09:47:00.000","Computer":"TN-FIN-WS042","User":"TRANSNORTE\\ops.cardoso","EventID":11,"Image":"C:\\Windows\\System32\\RuntimeBroker.exe","ProcessGuid":"{EC8C68AB-99F8-2026-C9EA-F176F16A8295}","ProcessId":3008,"TargetFilename":"C:\\Users\\ops.cardoso\\AppData\\Local\\Temp\\office-420.tmp"}
{"UtcTime":"2026-08-12 09:47:01.000","Computer":"TN-FIN-WS042","User":"TRANSNORTE\\backup_svc","EventID":1,"Image":"C:\\Windows\\explorer.exe","ProcessGuid":"{37CB7B16-D87A-2026-118B-8BFB73DC9848}","ProcessId":4286,"CommandLine":"C:\\Windows\\explorer.exe","ParentImage":"C:\\Windows\\System32\\services.exe","ParentProcessGuid":"{D8788920-1623-2026-58F8-7C1DD924FA08}","OriginalFileName":"C:\\Windows\\explorer.exe","SHA256":"86502de1dd4389942996f646f53ee87e5a45180b9a73a7c593d816bed8ebd36f"}
{"UtcTime":"2026-08-12 09:47:02.000","Computer":"TN-FIN-WS042","User":"TRANSNORTE\\ops.cardoso","EventID":3,"Image":"C:\\Windows\\System32\\RuntimeBroker.exe","ProcessGuid":"{01F4B7F6-1E49-2026-EBCB-108DBD78E647}","ProcessId":4693,"DestinationIp":"8.8.8.8","DestinationPort":53,"SourceIp":"10.50.10.42","Protocol":"tcp"}
{"UtcTime":"2026-08-12 09:47:03.000","Computer":"TN-FIN-WS042","User":"TRANSNORTE\\backup_svc","EventID":13,"Image":"C:\\Program Files\\Microsoft Office\\Office16\\OUTLOOK.EXE","ProcessGuid":"{36EEDA2B-3BE2-2026-6AFD-0E99329C666A}","ProcessId":4148,"EventType":"SetValue","TargetObject":"HKCU\\Software\\Microsoft\\Office\\16.0\\Outlook\\Resiliency\\423","Details":"1"}
{"UtcTime":"2026-08-12 09:47:04.000","Computer":"TN-FIN-WS042","User":"TRANSNORTE\\ops.cardoso","EventID":5,"Image":"C:\\Windows\\System32\\svchost.exe","ProcessGuid":"{D83F6B38-681E-2026-8703-631A8EC6A1D9}","ProcessId":7446,"EventType":"End"}
{"UtcTime":"2026-08-12 09:47:05.000","Computer":"TN-FIN-WS042","User":"TRANSNORTE\\ops.cardoso","EventID":13,"Image":"C:\\Program Files\\Google\\Chrome\\Application\\chrome.exe","ProcessGuid":"{7A97B5F2-3875-2026-DA08-EA381677A69D}","ProcessId":2323,"EventType":"SetValue","TargetObject":"HKCU\\Software\\Microsoft\\Office\\16.0\\Outlook\\Resiliency\\425","Details":"1"}
{"UtcTime":"2026-08-12 09:47:06.000","Computer":"TN-FIN-WS042","User":"TRANSNORTE\\backup_svc","EventID":1,"Image":"C:\\Windows\\System32\\RuntimeBroker.exe","ProcessGuid":"{594BB104-A016-2026-8EF4-3BB4D895A6E5}","ProcessId":7264,"CommandLine":"C:\\Windows\\System32\\RuntimeBroker.exe","ParentImage":"C:\\Windows\\System32\\services.exe","ParentProcessGuid":"{581B1954-8B15-2026-7BAA-56A4069C70E5}","OriginalFileName":"C:\\Windows\\System32\\RuntimeBroker.exe","SHA256":"0ddc0c64ed0d52cde378da797526a9dfa364708cd7f37df344b83a28d244c9b1"}
{"UtcTime":"2026-08-12 09:47:07.000","Computer":"TN-FIN-WS042","User":"TRANSNORTE\\backup_svc","EventID":1,"Image":"C:\\Program Files\\Google\\Chrome\\Application\\chrome.exe","ProcessGuid":"{D8F63259-E03A-2026-3446-47332F8095AA}","ProcessId":8331,"CommandLine":"C:\\Program Files\\Google\\Chrome\\Application\\chrome.exe","ParentImage":"C:\\Windows\\System32\\services.exe","ParentProcessGuid":"{D3120CE8-DF69-2026-781A-32BB08BAD1E7}","OriginalFileName":"C:\\Program Files\\Google\\Chrome\\Application\\chrome.exe","SHA256":"3e2b108487aa37996b653d94ed591243725fb0dabde8007d281a0c30554ded46"}
{"UtcTime":"2026-08-12 09:47:08.000","Computer":"TN-FIN-WS042","User":"TRANSNORTE\\backup_svc","EventID":13,"Image":"C:\\Program Files\\Microsoft Office\\Office16\\OUTLOOK.EXE","ProcessGuid":"{974A349A-D711-2026-4E16-24F96055F4F8}","ProcessId":637,"EventType":"SetValue","TargetObject":"HKCU\\Software\\Microsoft\\Office\\16.0\\Outlook\\Resiliency\\428","Details":"1"}
{"UtcTime":"2026-08-12 09:47:09.000","Computer":"TN-FIN-WS042","User":"TRANSNORTE\\ops.cardoso","EventID":5,"Image":"C:\\Program Files\\Microsoft Office\\Office16\\OUTLOOK.EXE","ProcessGuid":"{8EC1DC00-1601-2026-50BB-90A4093BCE0B}","ProcessId":7934,"EventType":"End"}
{"UtcTime":"2026-08-12 09:47:10.000","Computer":"TN-FIN-WS042","User":"TRANSNORTE\\ops.cardoso","EventID":5,"Image":"C:\\Program Files\\Microsoft Office\\Office16\\OUTLOOK.EXE","ProcessGuid":"{8F81C39A-77F2-2026-8D68-558055FDE340}","ProcessId":1840,"EventType":"End"}
{"UtcTime":"2026-08-12 09:47:11.000","Computer":"TN-FIN-WS042","User":"TRANSNORTE\\backup_svc","EventID":1,"Image":"C:\\Program Files\\Microsoft Office\\Office16\\OUTLOOK.EXE","ProcessGuid":"{346CB960-ECFE-2026-4057-5232E0EE6C2E}","ProcessId":6629,"CommandLine":"C:\\Program Files\\Microsoft Office\\Office16\\OUTLOOK.EXE","ParentImage":"C:\\Windows\\System32\\services.exe","ParentProcessGuid":"{EE17B004-9146-2026-6EB0-1E4A1D45A940}","OriginalFileName":"C:\\Program Files\\Microsoft Office\\Office16\\OUTLOOK.EXE","SHA256":"c8d4737cb148fcab7c0b4044b6b174b78f4c8611d14b423b8b9494ca2e742fa7"}
{"UtcTime":"2026-08-12 09:47:12.000","Computer":"TN-FIN-WS042","User":"TRANSNORTE\\backup_svc","EventID":1,"Image":"C:\\Windows\\System32\\RuntimeBroker.exe","ProcessGuid":"{480BCE49-D887-2026-1A4E-ED4AEAC7D002}","ProcessId":811,"CommandLine":"C:\\Windows\\System32\\RuntimeBroker.exe","ParentImage":"C:\\Windows\\System32\\services.exe","ParentProcessGuid":"{35FD6201-4CE4-2026-F9F5-6BC751E78815}","OriginalFileName":"C:\\Windows\\System32\\RuntimeBroker.exe","SHA256":"f8f13fea4fae47e5f39c69be5488159c37c0f9789100e711856347bc41a88f95"}
{"UtcTime":"2026-08-12 09:47:13.000","Computer":"TN-FIN-WS042","User":"TRANSNORTE\\backup_svc","EventID":3,"Image":"C:\\Program Files\\Google\\Chrome\\Application\\chrome.exe","ProcessGuid":"{CB692D23-2CC6-2026-73EE-B30D43EE5A63}","ProcessId":4138,"DestinationIp":"1.1.1.1","DestinationPort":443,"SourceIp":"10.50.10.42","Protocol":"tcp"}
{"UtcTime":"2026-08-12 09:47:14.000","Computer":"TN-FIN-WS042","User":"TRANSNORTE\\backup_svc","EventID":3,"Image":"C:\\Program Files\\Microsoft Office\\Office16\\OUTLOOK.EXE","ProcessGuid":"{B8F6B101-BEE6-2026-AD9D-0A6F4E513B50}","ProcessId":6215,"DestinationIp":"1.1.1.1","DestinationPort":135,"SourceIp":"10.50.10.42","Protocol":"tcp"}
{"UtcTime":"2026-08-12 09:47:15.000","Computer":"TN-FIN-WS042","User":"TRANSNORTE\\ops.cardoso","EventID":1,"Image":"C:\\Program Files\\Microsoft Office\\Office16\\OUTLOOK.EXE","ProcessGuid":"{F4836DF0-6012-2026-1BB9-5D6E01E36289}","ProcessId":1676,"CommandLine":"C:\\Program Files\\Microsoft Office\\Office16\\OUTLOOK.EXE","ParentImage":"C:\\Windows\\System32\\services.exe","ParentProcessGuid":"{C11EE300-3D50-2026-8A32-B5798A0EB688}","OriginalFileName":"C:\\Program Files\\Microsoft Office\\Office16\\OUTLOOK.EXE","SHA256":"fa5ac3e0a7b20d7c9e1490badbeb6db7a651cc3ebb5da16c82b9faa2b77127d0"}
{"UtcTime":"2026-08-12 09:47:16.000","Computer":"TN-FIN-WS042","User":"TRANSNORTE\\ops.cardoso","EventID":1,"Image":"C:\\Program Files\\Google\\Chrome\\Application\\chrome.exe","ProcessGuid":"{F9A4EAF3-B776-2026-DB9E-30993C1E99EE}","ProcessId":6401,"CommandLine":"C:\\Program Files\\Google\\Chrome\\Application\\chrome.exe","ParentImage":"C:\\Windows\\System32\\services.exe","ParentProcessGuid":"{FF320556-374F-2026-FC64-B66113C8CF18}","OriginalFileName":"C:\\Program Files\\Google\\Chrome\\Application\\chrome.exe","SHA256":"cf20b0f9c0ac9e29f2d209e70d56b1ce32ad3aa4f74134edc0bfd1b0196ebb32"}
{"UtcTime":"2026-08-12 09:47:17.000","Computer":"TN-FIN-WS042","User":"TRANSNORTE\\backup_svc","EventID":13,"Image":"C:\\Program Files\\Microsoft Office\\Office16\\OUTLOOK.EXE","ProcessGuid":"{D0121268-F819-2026-4629-7D8AD821BB34}","ProcessId":4630,"EventType":"SetValue","TargetObject":"HKCU\\Software\\Microsoft\\Office\\16.0\\Outlook\\Resiliency\\437","Details":"1"}
{"UtcTime":"2026-08-12 09:47:18.000","Computer":"TN-FIN-WS042","User":"TRANSNORTE\\backup_svc","EventID":1,"Image":"C:\\Program Files\\Microsoft Office\\Office16\\OUTLOOK.EXE","ProcessGuid":"{E9F38CA6-8625-2026-5ABF-EFC942970282}","ProcessId":1108,"CommandLine":"C:\\Program Files\\Microsoft Office\\Office16\\OUTLOOK.EXE","ParentImage":"C:\\Windows\\System32\\services.exe","ParentProcessGuid":"{E7542DAE-8B05-2026-141D-503F8A21CFFB}","OriginalFileName":"C:\\Program Files\\Microsoft Office\\Office16\\OUTLOOK.EXE","SHA256":"acb37626cf08e3735aa99fdc0f1f826f26b4e986a421aa60c6e0209d797f2612"}
{"UtcTime":"2026-08-12 09:47:19.000","Computer":"TN-FIN-WS042","User":"TRANSNORTE\\ops.cardoso","EventID":1,"Image":"C:\\Program Files\\Google\\Chrome\\Application\\chrome.exe","ProcessGuid":"{D648FD1E-504A-2026-2A90-B3BBD5164AAC}","ProcessId":2836,"CommandLine":"C:\\Program Files\\Google\\Chrome\\Application\\chrome.exe","ParentImage":"C:\\Windows\\System32\\services.exe","ParentProcessGuid":"{7D87BEB6-2573-2026-8828-4441336364BD}","OriginalFileName":"C:\\Program Files\\Google\\Chrome\\Application\\chrome.exe","SHA256":"56bf97fdc490f3ca447e5b321d85d144c03e5f3583bf6a3c558f60498eb30903"}
{"UtcTime":"2026-08-12 09:47:20.000","Computer":"TN-FIN-WS042","User":"TRANSNORTE\\backup_svc","EventID":11,"Image":"C:\\Program Files\\Google\\Chrome\\Application\\chrome.exe","ProcessGuid":"{C863B92C-6290-2026-EF98-D10F24E24088}","ProcessId":5128,"TargetFilename":"C:\\Users\\ops.cardoso\\AppData\\Local\\Temp\\office-440.tmp"}
{"UtcTime":"2026-08-12 09:47:21.000","Computer":"TN-FIN-WS042","User":"TRANSNORTE\\backup_svc","EventID":1,"Image":"C:\\Windows\\System32\\RuntimeBroker.exe","ProcessGuid":"{7D4455F6-4340-2026-B5AE-85B2DF3DAD60}","ProcessId":4026,"CommandLine":"C:\\Windows\\System32\\RuntimeBroker.exe","ParentImage":"C:\\Windows\\System32\\services.exe","ParentProcessGuid":"{EBCC36BE-F0E7-2026-8842-FEDEE6B77788}","OriginalFileName":"C:\\Windows\\System32\\RuntimeBroker.exe","SHA256":"57f1cc82aae65817fc48dc77d9e401ae8d27e7639e23954d4f8c39e06ec7c611"}
{"UtcTime":"2026-08-12 09:47:22.000","Computer":"TN-FIN-WS042","User":"TRANSNORTE\\backup_svc","EventID":13,"Image":"C:\\Program Files\\Google\\Chrome\\Application\\chrome.exe","ProcessGuid":"{412C8E91-4BBE-2026-0BCC-EA2245C511C5}","ProcessId":7500,"EventType":"SetValue","TargetObject":"HKCU\\Software\\Microsoft\\Office\\16.0\\Outlook\\Resiliency\\442","Details":"1"}
{"UtcTime":"2026-08-12 09:47:23.000","Computer":"TN-FIN-WS042","User":"TRANSNORTE\\ops.cardoso","EventID":1,"Image":"C:\\Program Files\\Microsoft Office\\Office16\\OUTLOOK.EXE","ProcessGuid":"{BE68B022-2387-2026-1679-EA74DA77C2E6}","ProcessId":8959,"CommandLine":"C:\\Program Files\\Microsoft Office\\Office16\\OUTLOOK.EXE","ParentImage":"C:\\Windows\\System32\\services.exe","ParentProcessGuid":"{EC048093-FA21-2026-281B-9A6F505E60D3}","OriginalFileName":"C:\\Program Files\\Microsoft Office\\Office16\\OUTLOOK.EXE","SHA256":"1d5430dca47716ff7b99d6b57382a31188d9b15777ca9b70a3c902252ce98236"}
{"UtcTime":"2026-08-12 09:47:24.000","Computer":"TN-FIN-WS042","User":"TRANSNORTE\\ops.cardoso","EventID":3,"Image":"C:\\Program Files\\Google\\Chrome\\Application\\chrome.exe","ProcessGuid":"{D93A089B-6721-2026-3867-EF4D807BD844}","ProcessId":6062,"DestinationIp":"8.8.8.8","DestinationPort":53,"SourceIp":"10.50.10.42","Protocol":"tcp"}
{"UtcTime":"2026-08-12 09:47:25.000","Computer":"TN-FIN-WS042","User":"TRANSNORTE\\ops.cardoso","EventID":3,"Image":"C:\\Windows\\System32\\conhost.exe","ProcessGuid":"{30FA01CE-7990-2026-9412-1CEE0A2FB965}","ProcessId":3900,"DestinationIp":"8.8.8.8","DestinationPort":135,"SourceIp":"10.50.10.42","Protocol":"tcp"}
{"UtcTime":"2026-08-12 09:47:26.000","Computer":"TN-FIN-WS042","User":"TRANSNORTE\\ops.cardoso","EventID":13,"Image":"C:\\Program Files\\Google\\Chrome\\Application\\chrome.exe","ProcessGuid":"{2114210B-22B5-2026-55D0-1735AA340451}","ProcessId":8976,"EventType":"SetValue","TargetObject":"HKCU\\Software\\Microsoft\\Office\\16.0\\Outlook\\Resiliency\\446","Details":"1"}
{"UtcTime":"2026-08-12 09:47:27.000","Computer":"TN-FIN-WS042","User":"TRANSNORTE\\ops.cardoso","EventID":1,"Image":"C:\\Windows\\System32\\conhost.exe","ProcessGuid":"{F2611E5C-59AC-2026-B729-6C76A6EB5B6F}","ProcessId":7939,"CommandLine":"C:\\Windows\\System32\\conhost.exe","ParentImage":"C:\\Windows\\System32\\services.exe","ParentProcessGuid":"{2FD7A696-97D3-2026-DFC5-62FD553B3DC4}","OriginalFileName":"C:\\Windows\\System32\\conhost.exe","SHA256":"07193db23f2e54548292e8652ebf3ad2cbf034bf6666fe64c55bd7ddf7ec9f0a"}
{"UtcTime":"2026-08-12 09:47:28.000","Computer":"TN-FIN-WS042","User":"TRANSNORTE\\backup_svc","EventID":1,"Image":"C:\\Program Files\\Google\\Chrome\\Application\\chrome.exe","ProcessGuid":"{7AF553E0-4A2B-2026-3840-EF6D5C8A715C}","ProcessId":6787,"CommandLine":"C:\\Program Files\\Google\\Chrome\\Application\\chrome.exe","ParentImage":"C:\\Windows\\System32\\services.exe","ParentProcessGuid":"{98396262-DE07-2026-9D80-909D3A792DB2}","OriginalFileName":"C:\\Program Files\\Google\\Chrome\\Application\\chrome.exe","SHA256":"516c2fde20056894c630f5d28be3245e1c50832a48735882c24706cc2a1ddf9b"}
{"UtcTime":"2026-08-12 09:47:29.000","Computer":"TN-FIN-WS042","User":"TRANSNORTE\\backup_svc","EventID":1,"Image":"C:\\Windows\\System32\\conhost.exe","ProcessGuid":"{4F98FB77-D294-2026-F4A5-358E294611B4}","ProcessId":4875,"CommandLine":"C:\\Windows\\System32\\conhost.exe","ParentImage":"C:\\Windows\\System32\\services.exe","ParentProcessGuid":"{AA52AF8B-F2E4-2026-721D-4CC9B503B26B}","OriginalFileName":"C:\\Windows\\System32\\conhost.exe","SHA256":"db5065a220a224e4476c1b4e0f7988927f9cb9f234b2a5c2375bec2563351aa2"}
{"UtcTime":"2026-08-12 09:47:30.000","Computer":"TN-FIN-WS042","User":"TRANSNORTE\\backup_svc","EventID":5,"Image":"C:\\Windows\\System32\\conhost.exe","ProcessGuid":"{D968EFB8-7591-2026-11B2-31AD06D016BD}","ProcessId":4362,"EventType":"End"}
{"UtcTime":"2026-08-12 09:47:31.000","Computer":"TN-FIN-WS042","User":"TRANSNORTE\\ops.cardoso","EventID":13,"Image":"C:\\Windows\\System32\\RuntimeBroker.exe","ProcessGuid":"{7ACD3B0A-4149-2026-08F7-6E8D5B6EC1BB}","ProcessId":7087,"EventType":"SetValue","TargetObject":"HKCU\\Software\\Microsoft\\Office\\16.0\\Outlook\\Resiliency\\451","Details":"1"}
{"UtcTime":"2026-08-12 09:47:32.000","Computer":"TN-FIN-WS042","User":"TRANSNORTE\\backup_svc","EventID":13,"Image":"C:\\Windows\\System32\\svchost.exe","ProcessGuid":"{38429188-0690-2026-B8A5-F2033AE63AA7}","ProcessId":7760,"EventType":"SetValue","TargetObject":"HKCU\\Software\\Microsoft\\Office\\16.0\\Outlook\\Resiliency\\452","Details":"1"}
{"UtcTime":"2026-08-12 09:47:33.000","Computer":"TN-FIN-WS042","User":"TRANSNORTE\\ops.cardoso","EventID":1,"Image":"C:\\Windows\\System32\\svchost.exe","ProcessGuid":"{C4E90345-C2FB-2026-FA28-C0201991D992}","ProcessId":2636,"CommandLine":"C:\\Windows\\System32\\svchost.exe","ParentImage":"C:\\Windows\\System32\\services.exe","ParentProcessGuid":"{CA3BD60D-8B43-2026-5794-66B92DA1249F}","OriginalFileName":"C:\\Windows\\System32\\svchost.exe","SHA256":"2c823e9ebad0a718eb1beab986852f022df10f4261fe00845a36eaee544ec822"}
{"UtcTime":"2026-08-12 09:47:34.000","Computer":"TN-FIN-WS042","User":"TRANSNORTE\\ops.cardoso","EventID":1,"Image":"C:\\Windows\\System32\\RuntimeBroker.exe","ProcessGuid":"{57393610-F74E-2026-88FE-C1E1D720BFE3}","ProcessId":5379,"CommandLine":"C:\\Windows\\System32\\RuntimeBroker.exe","ParentImage":"C:\\Windows\\System32\\services.exe","ParentProcessGuid":"{87689F7D-CA2B-2026-35A3-88053D29C550}","OriginalFileName":"C:\\Windows\\System32\\RuntimeBroker.exe","SHA256":"27aba44be54dbd7430a62ad8575c93146f3240aabe63f238e3ee1f1207499dfe"}
{"UtcTime":"2026-08-12 09:47:35.000","Computer":"TN-FIN-WS042","User":"TRANSNORTE\\ops.cardoso","EventID":3,"Image":"C:\\Program Files\\Google\\Chrome\\Application\\chrome.exe","ProcessGuid":"{BCA6DCA7-09F4-2026-5724-E042469A4BB0}","ProcessId":811,"DestinationIp":"10.50.10.88","DestinationPort":135,"SourceIp":"10.50.10.42","Protocol":"tcp"}
{"UtcTime":"2026-08-12 09:47:36.000","Computer":"TN-FIN-WS042","User":"TRANSNORTE\\backup_svc","EventID":1,"Image":"C:\\Windows\\System32\\conhost.exe","ProcessGuid":"{0F80F256-464A-2026-833B-A303FB118330}","ProcessId":5141,"CommandLine":"C:\\Windows\\System32\\conhost.exe","ParentImage":"C:\\Windows\\System32\\services.exe","ParentProcessGuid":"{B113A862-F15A-2026-B509-49F1DDE94755}","OriginalFileName":"C:\\Windows\\System32\\conhost.exe","SHA256":"b9e2b601933695b5e7f7e8b24a0a0f69895e60ab79ff0dfbaf6a12e3251d62ee"}
{"UtcTime":"2026-08-12 09:47:37.000","Computer":"TN-FIN-WS042","User":"TRANSNORTE\\ops.cardoso","EventID":1,"Image":"C:\\Windows\\System32\\conhost.exe","ProcessGuid":"{3A723B9D-9C7A-2026-C1CF-074D861664DF}","ProcessId":8228,"CommandLine":"C:\\Windows\\System32\\conhost.exe","ParentImage":"C:\\Windows\\System32\\services.exe","ParentProcessGuid":"{D69AEF04-3470-2026-D3CB-6F326AA5FC2F}","OriginalFileName":"C:\\Windows\\System32\\conhost.exe","SHA256":"0a8ee94444e6b17fb0fdc163f0af0944f1667f09bf1f00d638374978c8600a3e"}
{"UtcTime":"2026-08-12 09:47:38.000","Computer":"TN-FIN-WS042","User":"TRANSNORTE\\ops.cardoso","EventID":13,"Image":"C:\\Windows\\System32\\RuntimeBroker.exe","ProcessGuid":"{A5E06E1E-ED22-2026-4CA2-8DBBE7FAA9CB}","ProcessId":6973,"EventType":"SetValue","TargetObject":"HKCU\\Software\\Microsoft\\Office\\16.0\\Outlook\\Resiliency\\458","Details":"1"}
{"UtcTime":"2026-08-12 09:47:39.000","Computer":"TN-FIN-WS042","User":"TRANSNORTE\\backup_svc","EventID":1,"Image":"C:\\Windows\\System32\\RuntimeBroker.exe","ProcessGuid":"{85A78482-FF87-2026-1D43-8E66E323FC17}","ProcessId":1374,"CommandLine":"C:\\Windows\\System32\\RuntimeBroker.exe","ParentImage":"C:\\Windows\\System32\\services.exe","ParentProcessGuid":"{B43F12F3-8241-2026-70F0-7F9E80E82B2D}","OriginalFileName":"C:\\Windows\\System32\\RuntimeBroker.exe","SHA256":"0ade80e8566e9518c2ef1d2d41ea0d66554ac4f520f35e5629f79ff913371064"}
{"UtcTime":"2026-08-12 09:47:40.000","Computer":"TN-FIN-WS042","User":"TRANSNORTE\\ops.cardoso","EventID":1,"Image":"C:\\Windows\\System32\\conhost.exe","ProcessGuid":"{4F7912E0-A9F4-2026-43DE-DCE9EB3BEC98}","ProcessId":5164,"CommandLine":"C:\\Windows\\System32\\conhost.exe","ParentImage":"C:\\Windows\\System32\\services.exe","ParentProcessGuid":"{891E23D6-60F7-2026-24A6-CFB983F12DBA}","OriginalFileName":"C:\\Windows\\System32\\conhost.exe","SHA256":"0135c07ed26057094c7cff741b878dff593ba7d0231862464b63fb2b2eac3e87"}
{"UtcTime":"2026-08-12 09:47:41.000","Computer":"TN-FIN-WS042","User":"TRANSNORTE\\backup_svc","EventID":13,"Image":"C:\\Program Files\\Microsoft Office\\Office16\\OUTLOOK.EXE","ProcessGuid":"{37A831A6-37B3-2026-D211-450A9A54B64E}","ProcessId":8149,"EventType":"SetValue","TargetObject":"HKCU\\Software\\Microsoft\\Office\\16.0\\Outlook\\Resiliency\\461","Details":"1"}
{"UtcTime":"2026-08-12 09:47:42.000","Computer":"TN-FIN-WS042","User":"TRANSNORTE\\backup_svc","EventID":1,"Image":"C:\\Windows\\System32\\conhost.exe","ProcessGuid":"{AAD08456-E24C-2026-A20D-C56D0720A995}","ProcessId":3960,"CommandLine":"C:\\Windows\\System32\\conhost.exe","ParentImage":"C:\\Windows\\System32\\services.exe","ParentProcessGuid":"{79151FD0-FC9D-2026-83E2-A158E447F764}","OriginalFileName":"C:\\Windows\\System32\\conhost.exe","SHA256":"d9cf4107b67abedd596c5e421dd10013e46931104050509bbeeb0212944964b1"}
{"UtcTime":"2026-08-12 09:47:43.000","Computer":"TN-FIN-WS042","User":"TRANSNORTE\\backup_svc","EventID":1,"Image":"C:\\Windows\\System32\\RuntimeBroker.exe","ProcessGuid":"{2C8E8E83-E0F1-2026-B400-94267BB6F01B}","ProcessId":5468,"CommandLine":"C:\\Windows\\System32\\RuntimeBroker.exe","ParentImage":"C:\\Windows\\System32\\services.exe","ParentProcessGuid":"{944EC74F-890C-2026-FD79-AABF901C139C}","OriginalFileName":"C:\\Windows\\System32\\RuntimeBroker.exe","SHA256":"17c5ff9c7728b3ecc6bf5b3752fb251b0d5c5f71cf7e7750bec690fea32ad63a"}
{"UtcTime":"2026-08-12 09:47:44.000","Computer":"TN-FIN-WS042","User":"TRANSNORTE\\ops.cardoso","EventID":5,"Image":"C:\\Windows\\System32\\svchost.exe","ProcessGuid":"{682F1F11-2C4F-2026-B39E-58FEC5AF5E3E}","ProcessId":4682,"EventType":"End"}
{"UtcTime":"2026-08-12 09:47:45.000","Computer":"TN-FIN-WS042","User":"TRANSNORTE\\ops.cardoso","EventID":13,"Image":"C:\\Program Files\\Google\\Chrome\\Application\\chrome.exe","ProcessGuid":"{D3AADB83-AEBD-2026-0CBD-3546FD76FE3D}","ProcessId":4168,"EventType":"SetValue","TargetObject":"HKCU\\Software\\Microsoft\\Office\\16.0\\Outlook\\Resiliency\\465","Details":"1"}
{"UtcTime":"2026-08-12 09:47:46.000","Computer":"TN-FIN-WS042","User":"TRANSNORTE\\backup_svc","EventID":1,"Image":"C:\\Windows\\System32\\conhost.exe","ProcessGuid":"{54AD8C36-F41B-2026-6488-45B0D76ECD80}","ProcessId":622,"CommandLine":"C:\\Windows\\System32\\conhost.exe","ParentImage":"C:\\Windows\\System32\\services.exe","ParentProcessGuid":"{EA175966-E637-2026-7285-9E1DA965BD35}","OriginalFileName":"C:\\Windows\\System32\\conhost.exe","SHA256":"c36ffb74e5c66eef03738d6ff3310775b47c1a1e8628849fcb01a0809dd67c0a"}
{"UtcTime":"2026-08-12 09:47:47.000","Computer":"TN-FIN-WS042","User":"TRANSNORTE\\backup_svc","EventID":13,"Image":"C:\\Windows\\System32\\RuntimeBroker.exe","ProcessGuid":"{E00D2158-C086-2026-9B31-35043D5AB983}","ProcessId":644,"EventType":"SetValue","TargetObject":"HKCU\\Software\\Microsoft\\Office\\16.0\\Outlook\\Resiliency\\467","Details":"1"}
{"UtcTime":"2026-08-12 09:47:48.000","Computer":"TN-FIN-WS042","User":"TRANSNORTE\\backup_svc","EventID":11,"Image":"C:\\Windows\\System32\\conhost.exe","ProcessGuid":"{498EB390-59FF-2026-2359-3398AD635286}","ProcessId":4889,"TargetFilename":"C:\\Users\\ops.cardoso\\AppData\\Local\\Temp\\office-468.tmp"}
{"UtcTime":"2026-08-12 09:47:49.000","Computer":"TN-FIN-WS042","User":"TRANSNORTE\\ops.cardoso","EventID":1,"Image":"C:\\Windows\\explorer.exe","ProcessGuid":"{D403C3D7-232B-2026-582C-D8AA673285FB}","ProcessId":5615,"CommandLine":"C:\\Windows\\explorer.exe","ParentImage":"C:\\Windows\\System32\\services.exe","ParentProcessGuid":"{164F084D-4897-2026-CCE4-95B188F5A441}","OriginalFileName":"C:\\Windows\\explorer.exe","SHA256":"21b42df6f4c672636738918a32ae6f592fcd7bf01a9362a76d3f529d924f134e"}
{"UtcTime":"2026-08-12 09:47:50.000","Computer":"TN-FIN-WS042","User":"TRANSNORTE\\ops.cardoso","EventID":13,"Image":"C:\\Windows\\System32\\conhost.exe","ProcessGuid":"{27BB31F1-EE7E-2026-3CE0-3AFB8139CD35}","ProcessId":1183,"EventType":"SetValue","TargetObject":"HKCU\\Software\\Microsoft\\Office\\16.0\\Outlook\\Resiliency\\470","Details":"1"}
{"UtcTime":"2026-08-12 09:47:51.000","Computer":"TN-FIN-WS042","User":"TRANSNORTE\\ops.cardoso","EventID":1,"Image":"C:\\Windows\\System32\\svchost.exe","ProcessGuid":"{EA51C15D-0E96-2026-7625-A645352790DD}","ProcessId":4952,"CommandLine":"C:\\Windows\\System32\\svchost.exe","ParentImage":"C:\\Windows\\System32\\services.exe","ParentProcessGuid":"{93F177A0-AC0F-2026-30BF-D95567F2894C}","OriginalFileName":"C:\\Windows\\System32\\svchost.exe","SHA256":"8c2427f1653bb69cc93f134bb5d7bf0c82106d1ae5c23f40cbef154e1216275a"}
{"UtcTime":"2026-08-12 09:47:52.000","Computer":"TN-FIN-WS042","User":"TRANSNORTE\\backup_svc","EventID":13,"Image":"C:\\Windows\\System32\\RuntimeBroker.exe","ProcessGuid":"{AB562B15-E560-2026-697E-EF5D370B1A80}","ProcessId":6786,"EventType":"SetValue","TargetObject":"HKCU\\Software\\Microsoft\\Office\\16.0\\Outlook\\Resiliency\\472","Details":"1"}
{"UtcTime":"2026-08-12 09:47:53.000","Computer":"TN-FIN-WS042","User":"TRANSNORTE\\backup_svc","EventID":13,"Image":"C:\\Windows\\System32\\svchost.exe","ProcessGuid":"{5C2A0331-EBD3-2026-8666-EFB2222152B0}","ProcessId":8970,"EventType":"SetValue","TargetObject":"HKCU\\Software\\Microsoft\\Office\\16.0\\Outlook\\Resiliency\\473","Details":"1"}
{"UtcTime":"2026-08-12 09:47:54.000","Computer":"TN-FIN-WS042","User":"TRANSNORTE\\ops.cardoso","EventID":11,"Image":"C:\\Program Files\\Google\\Chrome\\Application\\chrome.exe","ProcessGuid":"{3C6E20EE-08D4-2026-D8E9-3C00647CB23D}","ProcessId":3324,"TargetFilename":"C:\\Users\\ops.cardoso\\AppData\\Local\\Temp\\office-474.tmp"}
{"UtcTime":"2026-08-12 09:47:55.000","Computer":"TN-FIN-WS042","User":"TRANSNORTE\\backup_svc","EventID":1,"Image":"C:\\Windows\\System32\\conhost.exe","ProcessGuid":"{918E9414-2E6A-2026-89D4-8A544E2B6718}","ProcessId":3230,"CommandLine":"C:\\Windows\\System32\\conhost.exe","ParentImage":"C:\\Windows\\System32\\services.exe","ParentProcessGuid":"{A263F2A7-4E2F-2026-E0EA-1DA7A511B85D}","OriginalFileName":"C:\\Windows\\System32\\conhost.exe","SHA256":"6827bf5c8f467862c5a26ae4aac7d894bb114c50fc7259c2e957cf5f58085cf2"}
{"UtcTime":"2026-08-12 09:47:56.000","Computer":"TN-FIN-WS042","User":"TRANSNORTE\\backup_svc","EventID":3,"Image":"C:\\Program Files\\Microsoft Office\\Office16\\OUTLOOK.EXE","ProcessGuid":"{5870BD5D-82FA-2026-7C54-7CF237B65B8E}","ProcessId":8169,"DestinationIp":"10.50.10.88","DestinationPort":8080,"SourceIp":"10.50.10.42","Protocol":"tcp"}
{"UtcTime":"2026-08-12 09:47:57.000","Computer":"TN-FIN-WS042","User":"TRANSNORTE\\backup_svc","EventID":1,"Image":"C:\\Windows\\System32\\svchost.exe","ProcessGuid":"{18875B28-4D29-2026-AB93-57BAF520773E}","ProcessId":1127,"CommandLine":"C:\\Windows\\System32\\svchost.exe","ParentImage":"C:\\Windows\\System32\\services.exe","ParentProcessGuid":"{3695AC51-6909-2026-E09F-E540FE8665DD}","OriginalFileName":"C:\\Windows\\System32\\svchost.exe","SHA256":"d8bb5e4a58602a27b830bfaedbb7bc7a6c90b7e6ff22ea0e865fe0561090f451"}
{"UtcTime":"2026-08-12 09:47:58.000","Computer":"TN-FIN-WS042","User":"TRANSNORTE\\backup_svc","EventID":13,"Image":"C:\\Windows\\System32\\svchost.exe","ProcessGuid":"{AC7691FB-F7F5-2026-0AE4-21DDA60D59CE}","ProcessId":6255,"EventType":"SetValue","TargetObject":"HKCU\\Software\\Microsoft\\Office\\16.0\\Outlook\\Resiliency\\478","Details":"1"}
{"UtcTime":"2026-08-12 09:47:59.000","Computer":"TN-FIN-WS042","User":"TRANSNORTE\\ops.cardoso","EventID":13,"Image":"C:\\Windows\\System32\\svchost.exe","ProcessGuid":"{200699CF-BDDA-2026-06C1-1399BE60E541}","ProcessId":3429,"EventType":"SetValue","TargetObject":"HKCU\\Software\\Microsoft\\Office\\16.0\\Outlook\\Resiliency\\479","Details":"1"}
{"UtcTime":"2026-08-12 09:48:00.000","Computer":"TN-FIN-WS042","User":"TRANSNORTE\\ops.cardoso","EventID":1,"Image":"C:\\Windows\\System32\\conhost.exe","ProcessGuid":"{1D785F05-D822-2026-92FB-ABB6B5F79D6A}","ProcessId":2251,"CommandLine":"C:\\Windows\\System32\\conhost.exe","ParentImage":"C:\\Windows\\System32\\services.exe","ParentProcessGuid":"{D9D5C93B-F1E5-2026-C419-88B646E888F8}","OriginalFileName":"C:\\Windows\\System32\\conhost.exe","SHA256":"39f9331c6132efa70f13e69b064f793238509d7dae0f21bd0eb26c10e66e8762"}
{"UtcTime":"2026-08-12 09:48:01.000","Computer":"TN-FIN-WS042","User":"TRANSNORTE\\backup_svc","EventID":1,"Image":"C:\\Windows\\System32\\conhost.exe","ProcessGuid":"{988271AA-C9F2-2026-3238-1227EBF52FB0}","ProcessId":7564,"CommandLine":"C:\\Windows\\System32\\conhost.exe","ParentImage":"C:\\Windows\\System32\\services.exe","ParentProcessGuid":"{95F5BB0B-2028-2026-4B01-B6C5A0BF283F}","OriginalFileName":"C:\\Windows\\System32\\conhost.exe","SHA256":"7952aa10176402d25552d3d58ecb7404e49daaaf60f805cfd1f554926fb2742f"}
{"UtcTime":"2026-08-12 09:48:02.000","Computer":"TN-FIN-WS042","User":"TRANSNORTE\\backup_svc","EventID":1,"Image":"C:\\Windows\\System32\\RuntimeBroker.exe","ProcessGuid":"{2D153CF6-7A1B-2026-DC45-3CEAFEE4AE4F}","ProcessId":3429,"CommandLine":"C:\\Windows\\System32\\RuntimeBroker.exe","ParentImage":"C:\\Windows\\System32\\services.exe","ParentProcessGuid":"{FFB893FA-0BAE-2026-33F7-DA4E331BEDAC}","OriginalFileName":"C:\\Windows\\System32\\RuntimeBroker.exe","SHA256":"48c411dfa9ddb6a3951e902a9be6b1570ca6fb17637534e67ddf00a2979870dc"}
{"UtcTime":"2026-08-12 09:48:03.000","Computer":"TN-FIN-WS042","User":"TRANSNORTE\\ops.cardoso","EventID":13,"Image":"C:\\Windows\\System32\\RuntimeBroker.exe","ProcessGuid":"{DD5334A6-8E44-2026-8138-4183BAEFF0F2}","ProcessId":3377,"EventType":"SetValue","TargetObject":"HKCU\\Software\\Microsoft\\Office\\16.0\\Outlook\\Resiliency\\483","Details":"1"}
{"UtcTime":"2026-08-12 09:48:04.000","Computer":"TN-FIN-WS042","User":"TRANSNORTE\\ops.cardoso","EventID":13,"Image":"C:\\Program Files\\Google\\Chrome\\Application\\chrome.exe","ProcessGuid":"{868C8305-96E9-2026-54D4-C357E29FC0B8}","ProcessId":4834,"EventType":"SetValue","TargetObject":"HKCU\\Software\\Microsoft\\Office\\16.0\\Outlook\\Resiliency\\484","Details":"1"}
