{"UtcTime":"2026-08-12 09:58:03.000","Computer":"TN-FIN-WS042","User":"TRANSNORTE\\backup_svc","EventID":13,"Image":"C:\\Program Files\\Microsoft Office\\Office16\\OUTLOOK.EXE","ProcessGuid":"{F0A99BAC-6446-2026-6D93-E7EC1E4D2401}","ProcessId":6735,"EventType":"SetValue","TargetObject":"HKCU\\Software\\Microsoft\\Office\\16.0\\Outlook\\Resiliency\\1083","Details":"1"}
{"UtcTime":"2026-08-12 09:58:04.000","Computer":"TN-FIN-WS042","User":"TRANSNORTE\\ops.cardoso","EventID":11,"Image":"C:\\Windows\\System32\\svchost.exe","ProcessGuid":"{E06B4D6B-97DD-2026-6AAE-7F980360EE96}","ProcessId":5351,"TargetFilename":"C:\\Users\\ops.cardoso\\AppData\\Local\\Temp\\office-1084.tmp"}
{"UtcTime":"2026-08-12 09:58:05.000","Computer":"TN-FIN-WS042","User":"TRANSNORTE\\backup_svc","EventID":13,"Image":"C:\\Windows\\System32\\svchost.exe","ProcessGuid":"{92F2CEAB-6CF0-2026-71C2-9BE93DC32CA3}","ProcessId":5787,"EventType":"SetValue","TargetObject":"HKCU\\Software\\Microsoft\\Office\\16.0\\Outlook\\Resiliency\\1085","Details":"1"}
{"UtcTime":"2026-08-12 09:58:06.000","Computer":"TN-FIN-WS042","User":"TRANSNORTE\\ops.cardoso","EventID":3,"Image":"C:\\Program Files\\Microsoft Office\\Office16\\OUTLOOK.EXE","ProcessGuid":"{C22F1384-8505-2026-F368-667DE94E6133}","ProcessId":1565,"DestinationIp":"10.50.10.88","DestinationPort":135,"SourceIp":"10.50.10.42","Protocol":"tcp"}
{"UtcTime":"2026-08-12 09:58:07.000","Computer":"TN-FIN-WS042","User":"TRANSNORTE\\backup_svc","EventID":3,"Image":"C:\\Program Files\\Google\\Chrome\\Application\\chrome.exe","ProcessGuid":"{A447FD7E-EA33-2026-7A6F-419E59CACC8D}","ProcessId":6918,"DestinationIp":"10.50.10.88","DestinationPort":443,"SourceIp":"10.50.10.42","Protocol":"tcp"}
{"UtcTime":"2026-08-12 09:58:08.000","Computer":"TN-FIN-WS042","User":"TRANSNORTE\\ops.cardoso","EventID":11,"Image":"C:\\Windows\\explorer.exe","ProcessGuid":"{83D9D7B8-9007-2026-1CCE-3A9FEE08540E}","ProcessId":8763,"TargetFilename":"C:\\Users\\ops.cardoso\\AppData\\Local\\Temp\\office-1088.tmp"}
{"UtcTime":"2026-08-12 09:58:09.000","Computer":"TN-FIN-WS042","User":"TRANSNORTE\\ops.cardoso","EventID":1,"Image":"C:\\Windows\\System32\\RuntimeBroker.exe","ProcessGuid":"{20916D72-8F8D-2026-2BB6-B7E215583D40}","ProcessId":6061,"CommandLine":"C:\\Windows\\System32\\RuntimeBroker.exe","ParentImage":"C:\\Windows\\System32\\services.exe","ParentProcessGuid":"{3D3FB397-24BE-2026-676D-FBA41BF820D0}","OriginalFileName":"C:\\Windows\\System32\\RuntimeBroker.exe","SHA256":"cd092683143422271bb35cbb68c13edcffe56cd4f3380c5ec494145ced1230d8"}
{"UtcTime":"2026-08-12 09:58:10.000","Computer":"TN-FIN-WS042","User":"TRANSNORTE\\backup_svc","EventID":13,"Image":"C:\\Program Files\\Microsoft Office\\Office16\\OUTLOOK.EXE","ProcessGuid":"{7A711EF2-765E-2026-2789-16A505C45334}","ProcessId":2122,"EventType":"SetValue","TargetObject":"HKCU\\Software\\Microsoft\\Office\\16.0\\Outlook\\Resiliency\\1090","Details":"1"}
{"UtcTime":"2026-08-12 09:58:11.000","Computer":"TN-FIN-WS042","User":"TRANSNORTE\\backup_svc","EventID":11,"Image":"C:\\Windows\\System32\\svchost.exe","ProcessGuid":"{80F9FE66-7A0A-2026-D22A-4972F96B8FAC}","ProcessId":2518,"TargetFilename":"C:\\Users\\ops.cardoso\\AppData\\Local\\Temp\\office-1091.tmp"}
{"UtcTime":"2026-08-12 09:58:12.000","Computer":"TN-FIN-WS042","User":"TRANSNORTE\\backup_svc","EventID":1,"Image":"C:\\Program Files\\Google\\Chrome\\Application\\chrome.exe","ProcessGuid":"{3EB87EF4-7855-2026-F044-4E7B19DB19DE}","ProcessId":6554,"CommandLine":"C:\\Program Files\\Google\\Chrome\\Application\\chrome.exe","ParentImage":"C:\\Windows\\System32\\services.exe","ParentProcessGuid":"{31A92035-C9E5-2026-E9C1-73BF3D526A1C}","OriginalFileName":"C:\\Program Files\\Google\\Chrome\\Application\\chrome.exe","SHA256":"134f11c19d3d85ca0de127baa18f89102cad1f29c5d7d15b3e1d58de663d48cc"}
{"UtcTime":"2026-08-12 09:58:13.000","Computer":"TN-FIN-WS042","User":"TRANSNORTE\\ops.cardoso","EventID":3,"Image":"C:\\Program Files\\Google\\Chrome\\Application\\chrome.exe","ProcessGuid":"{11162C4A-DA69-2026-D6D7-84051226EA3C}","ProcessId":7249,"DestinationIp":"10.50.10.10","DestinationPort":443,"SourceIp":"10.50.10.42","Protocol":"tcp"}
{"UtcTime":"2026-08-12 09:58:14.000","Computer":"TN-FIN-WS042","User":"TRANSNORTE\\backup_svc","EventID":1,"Image":"C:\\Windows\\explorer.exe","ProcessGuid":"{0C96A0D9-4E50-2026-4A6F-1509EAA8DDDF}","ProcessId":6740,"CommandLine":"C:\\Windows\\explorer.exe","ParentImage":"C:\\Windows\\System32\\services.exe","ParentProcessGuid":"{A7C7379E-CB17-2026-23E8-C23AD4FD5841}","OriginalFileName":"C:\\Windows\\explorer.exe","SHA256":"0b11bcea50ba03a17aabfbb262a6219091a1eeda846ba57923536fe00814c658"}
{"UtcTime":"2026-08-12 09:58:15.000","Computer":"TN-FIN-WS042","User":"TRANSNORTE\\backup_svc","EventID":1,"Image":"C:\\Windows\\System32\\conhost.exe","ProcessGuid":"{894F5F60-B7B7-2026-BD7C-E668CE308F84}","ProcessId":7373,"CommandLine":"C:\\Windows\\System32\\conhost.exe","ParentImage":"C:\\Windows\\System32\\services.exe","ParentProcessGuid":"{ED4A09D7-45E1-2026-BCC7-A67321C754BB}","OriginalFileName":"C:\\Windows\\System32\\conhost.exe","SHA256":"4c919d5c1e2fb39a49812c83aa06fbc3f8683154c489bc927673998e87ddff34"}
{"UtcTime":"2026-08-12 09:58:16.000","Computer":"TN-FIN-WS042","User":"TRANSNORTE\\ops.cardoso","EventID":3,"Image":"C:\\Windows\\System32\\conhost.exe","ProcessGuid":"{C26EF718-65E7-2026-4266-F06B5AD6BA8C}","ProcessId":5418,"DestinationIp":"10.50.10.10","DestinationPort":443,"SourceIp":"10.50.10.42","Protocol":"tcp"}
{"UtcTime":"2026-08-12 09:58:17.000","Computer":"TN-FIN-WS042","User":"TRANSNORTE\\backup_svc","EventID":13,"Image":"C:\\Windows\\System32\\conhost.exe","ProcessGuid":"{374A8928-587B-2026-FFF5-CF6F6EBA2B35}","ProcessId":4584,"EventType":"SetValue","TargetObject":"HKCU\\Software\\Microsoft\\Office\\16.0\\Outlook\\Resiliency\\1097","Details":"1"}
{"UtcTime":"2026-08-12 09:58:18.000","Computer":"TN-FIN-WS042","User":"TRANSNORTE\\backup_svc","EventID":1,"Image":"C:\\Windows\\System32\\svchost.exe","ProcessGuid":"{95B657AF-0170-2026-AB23-46A2576288F2}","ProcessId":5624,"CommandLine":"C:\\Windows\\System32\\svchost.exe","ParentImage":"C:\\Windows\\System32\\services.exe","ParentProcessGuid":"{2D9C93B5-914C-2026-BABC-79BB997E1B27}","OriginalFileName":"C:\\Windows\\System32\\svchost.exe","SHA256":"bb3fd52e83da2e567f3b9a90d99f95936e6b6c98128207ef7fa9320be68f4c54"}
{"UtcTime":"2026-08-12 09:58:19.000","Computer":"TN-FIN-WS042","User":"TRANSNORTE\\ops.cardoso","EventID":11,"Image":"C:\\Program Files\\Microsoft Office\\Office16\\OUTLOOK.EXE","ProcessGuid":"{60E06D04-29E6-2026-32A1-6626342107A3}","ProcessId":868,"TargetFilename":"C:\\Users\\ops.cardoso\\AppData\\Local\\Temp\\office-1099.tmp"}
{"UtcTime":"2026-08-12 09:58:20.000","Computer":"TN-FIN-WS042","User":"TRANSNORTE\\backup_svc","EventID":1,"Image":"C:\\Windows\\System32\\conhost.exe","ProcessGuid":"{991A0CA4-C522-2026-BD55-6F9B341B7E52}","ProcessId":2325,"CommandLine":"C:\\Windows\\System32\\conhost.exe","ParentImage":"C:\\Windows\\System32\\services.exe","ParentProcessGuid":"{6E9C9F92-6708-2026-20FD-C08D153B7560}","OriginalFileName":"C:\\Windows\\System32\\conhost.exe","SHA256":"f09e76c1621884cb5d646930a6a9e678c6b506fbe25b54b17ac0dbcd196d7bab"}
{"UtcTime":"2026-08-12 09:58:21.000","Computer":"TN-FIN-WS042","User":"TRANSNORTE\\ops.cardoso","EventID":3,"Image":"C:\\Windows\\System32\\RuntimeBroker.exe","ProcessGuid":"{7D41F196-B568-2026-7886-5437DFE0CB51}","ProcessId":5163,"DestinationIp":"10.50.10.10","DestinationPort":443,"SourceIp":"10.50.10.42","Protocol":"tcp"}
{"UtcTime":"2026-08-12 09:58:22.000","Computer":"TN-FIN-WS042","User":"TRANSNORTE\\ops.cardoso","EventID":1,"Image":"C:\\Windows\\System32\\conhost.exe","ProcessGuid":"{65935C60-52A8-2026-79E0-0FF3E22040C2}","ProcessId":2163,"CommandLine":"C:\\Windows\\System32\\conhost.exe","ParentImage":"C:\\Windows\\System32\\services.exe","ParentProcessGuid":"{FE9DA8D9-338A-2026-5664-6CC0A0A9C558}","OriginalFileName":"C:\\Windows\\System32\\conhost.exe","SHA256":"f82c58c70970624096f09d01273326f778c98d6eeef330e26b3295eee2007254"}
{"UtcTime":"2026-08-12 09:58:23.000","Computer":"TN-FIN-WS042","User":"TRANSNORTE\\backup_svc","EventID":1,"Image":"C:\\Windows\\System32\\RuntimeBroker.exe","ProcessGuid":"{1BE4FD16-3DBA-2026-B59C-0F713CB64CC7}","ProcessId":2896,"CommandLine":"C:\\Windows\\System32\\RuntimeBroker.exe","ParentImage":"C:\\Windows\\System32\\services.exe","ParentProcessGuid":"{5A183E49-558E-2026-A724-F3C7F86EED36}","OriginalFileName":"C:\\Windows\\System32\\RuntimeBroker.exe","SHA256":"ad46df57b6dc04f280a33c2a403dd39902314ca1954d3ac265961359e5e5902a"}
{"UtcTime":"2026-08-12 09:58:24.000","Computer":"TN-FIN-WS042","User":"TRANSNORTE\\ops.cardoso","EventID":3,"Image":"C:\\Windows\\System32\\conhost.exe","ProcessGuid":"{E9547629-3E7E-2026-96EE-8C76A7854D6B}","ProcessId":7450,"DestinationIp":"8.8.8.8","DestinationPort":53,"SourceIp":"10.50.10.42","Protocol":"tcp"}
{"UtcTime":"2026-08-12 09:58:25.000","Computer":"TN-FIN-WS042","User":"TRANSNORTE\\backup_svc","EventID":3,"Image":"C:\\Windows\\System32\\conhost.exe","ProcessGuid":"{EF677A59-A7D5-2026-AB2F-CC89A0933330}","ProcessId":4353,"DestinationIp":"8.8.8.8","DestinationPort":53,"SourceIp":"10.50.10.42","Protocol":"tcp"}
{"UtcTime":"2026-08-12 09:58:26.000","Computer":"TN-FIN-WS042","User":"TRANSNORTE\\backup_svc","EventID":13,"Image":"C:\\Windows\\System32\\RuntimeBroker.exe","ProcessGuid":"{79856E0E-5274-2026-F762-3C41B4D05453}","ProcessId":3508,"EventType":"SetValue","TargetObject":"HKCU\\Software\\Microsoft\\Office\\16.0\\Outlook\\Resiliency\\1106","Details":"1"}
{"UtcTime":"2026-08-12 09:58:27.000","Computer":"TN-FIN-WS042","User":"TRANSNORTE\\backup_svc","EventID":1,"Image":"C:\\Windows\\System32\\RuntimeBroker.exe","ProcessGuid":"{565BA8CB-B9ED-2026-FAA0-1B67A8DEC353}","ProcessId":1276,"CommandLine":"C:\\Windows\\System32\\RuntimeBroker.exe","ParentImage":"C:\\Windows\\System32\\services.exe","ParentProcessGuid":"{C6F7B5EB-02C7-2026-FB17-25E39A8081C4}","OriginalFileName":"C:\\Windows\\System32\\RuntimeBroker.exe","SHA256":"a00d2d646ffe3999718b6a072b63008e18349b0919444365df614096a0086f05"}
{"UtcTime":"2026-08-12 09:58:28.000","Computer":"TN-FIN-WS042","User":"TRANSNORTE\\backup_svc","EventID":1,"Image":"C:\\Windows\\explorer.exe","ProcessGuid":"{49666130-3B57-2026-1FC2-3722F2E87409}","ProcessId":551,"CommandLine":"C:\\Windows\\explorer.exe","ParentImage":"C:\\Windows\\System32\\services.exe","ParentProcessGuid":"{CE94C350-4EF6-2026-8172-69F512DDF48F}","OriginalFileName":"C:\\Windows\\explorer.exe","SHA256":"ac32b1b63a6192b22805148fcfa1ad17a98a971df67a9bb3ed3a16231051fe20"}
{"UtcTime":"2026-08-12 09:58:29.000","Computer":"TN-FIN-WS042","User":"TRANSNORTE\\backup_svc","EventID":1,"Image":"C:\\Windows\\System32\\svchost.exe","ProcessGuid":"{324C128A-DAF0-2026-88A2-E9151799458B}","ProcessId":4913,"CommandLine":"C:\\Windows\\System32\\svchost.exe","ParentImage":"C:\\Windows\\System32\\services.exe","ParentProcessGuid":"{3CEC0311-1D24-2026-F646-4BC5BDE1CBA0}","OriginalFileName":"C:\\Windows\\System32\\svchost.exe","SHA256":"958a6e4d598909a245a3c50dcf732deae9bb5119509a478a74559e4541b715a4"}
{"UtcTime":"2026-08-12 09:58:30.000","Computer":"TN-FIN-WS042","User":"TRANSNORTE\\backup_svc","EventID":1,"Image":"C:\\Windows\\System32\\RuntimeBroker.exe","ProcessGuid":"{7CEE65E4-8DEF-2026-6CAB-98CA5F43C806}","ProcessId":4873,"CommandLine":"C:\\Windows\\System32\\RuntimeBroker.exe","ParentImage":"C:\\Windows\\System32\\services.exe","ParentProcessGuid":"{1E101659-778D-2026-6464-7CA5B80BE7C8}","OriginalFileName":"C:\\Windows\\System32\\RuntimeBroker.exe","SHA256":"372f18ba8acca2003b10d183521b0986e746ccaa45527129f7150386a8fb62bf"}
{"UtcTime":"2026-08-12 09:58:31.000","Computer":"TN-FIN-WS042","User":"TRANSNORTE\\backup_svc","EventID":11,"Image":"C:\\Windows\\System32\\RuntimeBroker.exe","ProcessGuid":"{61E4E651-02C5-2026-93AC-298C0B544C55}","ProcessId":2234,"TargetFilename":"C:\\Users\\ops.cardoso\\AppData\\Local\\Temp\\office-1111.tmp"}
{"UtcTime":"2026-08-12 09:58:32.000","Computer":"TN-FIN-WS042","User":"TRANSNORTE\\backup_svc","EventID":1,"Image":"C:\\Program Files\\Microsoft Office\\Office16\\OUTLOOK.EXE","ProcessGuid":"{B3880167-C13F-2026-D6AD-C27A03761742}","ProcessId":2755,"CommandLine":"C:\\Program Files\\Microsoft Office\\Office16\\OUTLOOK.EXE","ParentImage":"C:\\Windows\\System32\\services.exe","ParentProcessGuid":"{A92B8CA0-EA1F-2026-1656-8317677BA294}","OriginalFileName":"C:\\Program Files\\Microsoft Office\\Office16\\OUTLOOK.EXE","SHA256":"984662463b02bff633d5dac9035204e1eaeff9cfb2dc6f4555e8192ed45d134c"}
{"UtcTime":"2026-08-12 09:58:33.000","Computer":"TN-FIN-WS042","User":"TRANSNORTE\\backup_svc","EventID":1,"Image":"C:\\Windows\\System32\\svchost.exe","ProcessGuid":"{6E29D589-701E-2026-3B74-31346D458372}","ProcessId":4434,"CommandLine":"C:\\Windows\\System32\\svchost.exe","ParentImage":"C:\\Windows\\System32\\services.exe","ParentProcessGuid":"{A8FA7057-8C19-2026-C0B9-ED43943FE860}","OriginalFileName":"C:\\Windows\\System32\\svchost.exe","SHA256":"4f552ed90b6645e53748426b48f0ad4e3fd7a7374502e54d239d342300015e49"}
{"UtcTime":"2026-08-12 09:58:34.000","Computer":"TN-FIN-WS042","User":"TRANSNORTE\\backup_svc","EventID":1,"Image":"C:\\Windows\\System32\\svchost.exe","ProcessGuid":"{D733CB30-9F9A-2026-C6FC-2C86B3A4F9DC}","ProcessId":5360,"CommandLine":"C:\\Windows\\System32\\svchost.exe","ParentImage":"C:\\Windows\\System32\\services.exe","ParentProcessGuid":"{342FA0C3-5233-2026-22AE-2D1B9E4D461C}","OriginalFileName":"C:\\Windows\\System32\\svchost.exe","SHA256":"5ab5feab2b612e64510e56f0e3790f7b2ebe175d3b0014e10568cacf2786f623"}
{"UtcTime":"2026-08-12 09:58:35.000","Computer":"TN-FIN-WS042","User":"TRANSNORTE\\ops.cardoso","EventID":1,"Image":"C:\\Program Files\\Microsoft Office\\Office16\\OUTLOOK.EXE","ProcessGuid":"{0EBC53FE-FD70-2026-6DEF-92EDBBF4FAF1}","ProcessId":1852,"CommandLine":"C:\\Program Files\\Microsoft Office\\Office16\\OUTLOOK.EXE","ParentImage":"C:\\Windows\\System32\\services.exe","ParentProcessGuid":"{6E468672-2553-2026-4AF8-6DE5FDE78916}","OriginalFileName":"C:\\Program Files\\Microsoft Office\\Office16\\OUTLOOK.EXE","SHA256":"219eb636050446cf6f8cb5dd6520b195f4b8ae5be173eedb3429a802a68f1c8f"}
{"UtcTime":"2026-08-12 09:58:36.000","Computer":"TN-FIN-WS042","User":"TRANSNORTE\\ops.cardoso","EventID":1,"Image":"C:\\Program Files\\Google\\Chrome\\Application\\chrome.exe","ProcessGuid":"{84974E63-1A35-2026-EAE4-94FFA11E5D5E}","ProcessId":2621,"CommandLine":"C:\\Program Files\\Google\\Chrome\\Application\\chrome.exe","ParentImage":"C:\\Windows\\System32\\services.exe","ParentProcessGuid":"{971D9B9B-C8FD-2026-8BE2-DD240D1C1F6C}","OriginalFileName":"C:\\Program Files\\Google\\Chrome\\Application\\chrome.exe","SHA256":"3ba3efe39246dd867a2e96910a7dae68b4e941a2aef37d50bd6c5f60cc4a6016"}
{"UtcTime":"2026-08-12 09:58:37.000","Computer":"TN-FIN-WS042","User":"TRANSNORTE\\backup_svc","EventID":13,"Image":"C:\\Windows\\System32\\RuntimeBroker.exe","ProcessGuid":"{8B11AA0C-E88F-2026-FECC-BAD513ED9CFA}","ProcessId":3338,"EventType":"SetValue","TargetObject":"HKCU\\Software\\Microsoft\\Office\\16.0\\Outlook\\Resiliency\\1117","Details":"1"}
{"UtcTime":"2026-08-12 09:58:38.000","Computer":"TN-FIN-WS042","User":"TRANSNORTE\\backup_svc","EventID":13,"Image":"C:\\Windows\\System32\\RuntimeBroker.exe","ProcessGuid":"{58B2DAA7-BA5F-2026-D0FC-FD6B1BA6FCC9}","ProcessId":5425,"EventType":"SetValue","TargetObject":"HKCU\\Software\\Microsoft\\Office\\16.0\\Outlook\\Resiliency\\1118","Details":"1"}
{"UtcTime":"2026-08-12 09:58:39.000","Computer":"TN-FIN-WS042","User":"TRANSNORTE\\backup_svc","EventID":3,"Image":"C:\\Program Files\\Microsoft Office\\Office16\\OUTLOOK.EXE","ProcessGuid":"{6FCFF114-7DD4-2026-9180-CFAEB609862C}","ProcessId":3187,"DestinationIp":"8.8.8.8","DestinationPort":443,"SourceIp":"10.50.10.42","Protocol":"tcp"}
{"UtcTime":"2026-08-12 09:58:40.000","Computer":"TN-FIN-WS042","User":"TRANSNORTE\\backup_svc","EventID":1,"Image":"C:\\Program Files\\Microsoft Office\\Office16\\OUTLOOK.EXE","ProcessGuid":"{281B074E-93C0-2026-AF78-BB232A410648}","ProcessId":1126,"CommandLine":"C:\\Program Files\\Microsoft Office\\Office16\\OUTLOOK.EXE","ParentImage":"C:\\Windows\\System32\\services.exe","ParentProcessGuid":"{8AABA375-19FF-2026-FD77-E014B2072A68}","OriginalFileName":"C:\\Program Files\\Microsoft Office\\Office16\\OUTLOOK.EXE","SHA256":"34e36a820058afd2dfff63d517b7c0ab077432e678c2ad9e7dea3b4cb5de111d"}
{"UtcTime":"2026-08-12 09:58:41.000","Computer":"TN-FIN-WS042","User":"TRANSNORTE\\backup_svc","EventID":1,"Image":"C:\\Windows\\System32\\conhost.exe","ProcessGuid":"{21E69064-36C3-2026-5F0E-6E8F0E573ECE}","ProcessId":3490,"CommandLine":"C:\\Windows\\System32\\conhost.exe","ParentImage":"C:\\Windows\\System32\\services.exe","ParentProcessGuid":"{261B00D4-240A-2026-87F5-60BCC5CD16EE}","OriginalFileName":"C:\\Windows\\System32\\conhost.exe","SHA256":"b7ffdadaaf851d9d390622918cf30316fb085969449a7a2221b4f8edc4627a9a"}
{"UtcTime":"2026-08-12 09:58:42.000","Computer":"TN-FIN-WS042","User":"TRANSNORTE\\backup_svc","EventID":13,"Image":"C:\\Program Files\\Microsoft Office\\Office16\\OUTLOOK.EXE","ProcessGuid":"{B3F637A9-34FF-2026-2B24-8EF2BF7F6C77}","ProcessId":6332,"EventType":"SetValue","TargetObject":"HKCU\\Software\\Microsoft\\Office\\16.0\\Outlook\\Resiliency\\1122","Details":"1"}
{"UtcTime":"2026-08-12 09:58:43.000","Computer":"TN-FIN-WS042","User":"TRANSNORTE\\backup_svc","EventID":1,"Image":"C:\\Program Files\\Microsoft Office\\Office16\\OUTLOOK.EXE","ProcessGuid":"{E9C819DB-4044-2026-4F83-CB868182E889}","ProcessId":6098,"CommandLine":"C:\\Program Files\\Microsoft Office\\Office16\\OUTLOOK.EXE","ParentImage":"C:\\Windows\\System32\\services.exe","ParentProcessGuid":"{7C5BD707-A033-2026-CD6D-36EF1F33D22D}","OriginalFileName":"C:\\Program Files\\Microsoft Office\\Office16\\OUTLOOK.EXE","SHA256":"c358cce4b354b72c6445080c62d6c8c7689126f5d8df04ccf0105cfbc978322f"}
{"UtcTime":"2026-08-12 09:58:44.000","Computer":"TN-FIN-WS042","User":"TRANSNORTE\\backup_svc","EventID":1,"Image":"C:\\Program Files\\Microsoft Office\\Office16\\OUTLOOK.EXE","ProcessGuid":"{BE99E53A-7FF3-2026-802C-4B10BCC53F6E}","ProcessId":3942,"CommandLine":"C:\\Program Files\\Microsoft Office\\Office16\\OUTLOOK.EXE","ParentImage":"C:\\Windows\\System32\\services.exe","ParentProcessGuid":"{A105C188-1AA3-2026-7FAD-2B4A7B83A96F}","OriginalFileName":"C:\\Program Files\\Microsoft Office\\Office16\\OUTLOOK.EXE","SHA256":"a42a7e88e2df604e7d9f8cd3561c0f14e8830543710567ab6fbbae270a30b6fd"}
{"UtcTime":"2026-08-12 09:58:45.000","Computer":"TN-FIN-WS042","User":"TRANSNORTE\\ops.cardoso","EventID":5,"Image":"C:\\Windows\\System32\\RuntimeBroker.exe","ProcessGuid":"{BDB61E3F-4535-2026-AC0E-A03798F052B2}","ProcessId":5302,"EventType":"End"}
{"UtcTime":"2026-08-12 09:58:46.000","Computer":"TN-FIN-WS042","User":"TRANSNORTE\\backup_svc","EventID":11,"Image":"C:\\Program Files\\Google\\Chrome\\Application\\chrome.exe","ProcessGuid":"{88365A4F-823A-2026-DEF1-11ACCCD57099}","ProcessId":2513,"TargetFilename":"C:\\Users\\ops.cardoso\\AppData\\Local\\Temp\\office-1126.tmp"}
{"UtcTime":"2026-08-12 09:58:47.000","Computer":"TN-FIN-WS042","User":"TRANSNORTE\\ops.cardoso","EventID":13,"Image":"C:\\Program Files\\Microsoft Office\\Office16\\OUTLOOK.EXE","ProcessGuid":"{2CFB7E73-D49C-2026-A09A-A6E8EAE56F7C}","ProcessId":1329,"EventType":"SetValue","TargetObject":"HKCU\\Software\\Microsoft\\Office\\16.0\\Outlook\\Resiliency\\1127","Details":"1"}
{"UtcTime":"2026-08-12 09:58:48.000","Computer":"TN-FIN-WS042","User":"TRANSNORTE\\ops.cardoso","EventID":11,"Image":"C:\\Windows\\System32\\conhost.exe","ProcessGuid":"{56AD3D15-F894-2026-8758-17DB854FC420}","ProcessId":5789,"TargetFilename":"C:\\Users\\ops.cardoso\\AppData\\Local\\Temp\\office-1128.tmp"}
{"UtcTime":"2026-08-12 09:58:49.000","Computer":"TN-FIN-WS042","User":"TRANSNORTE\\ops.cardoso","EventID":1,"Image":"C:\\Program Files\\Google\\Chrome\\Application\\chrome.exe","ProcessGuid":"{CE59F5EE-F217-2026-087A-5CFB89651A75}","ProcessId":8569,"CommandLine":"C:\\Program Files\\Google\\Chrome\\Application\\chrome.exe","ParentImage":"C:\\Windows\\System32\\services.exe","ParentProcessGuid":"{FAADA614-EA6D-2026-F340-00421EFC8715}","OriginalFileName":"C:\\Program Files\\Google\\Chrome\\Application\\chrome.exe","SHA256":"2a4f6c9dd9f57ed5e01617e3d228e2f7acccd76b089bc9c3f9fd9c4cf9820c33"}
{"UtcTime":"2026-08-12 09:58:50.000","Computer":"TN-FIN-WS042","User":"TRANSNORTE\\backup_svc","EventID":3,"Image":"C:\\Windows\\System32\\svchost.exe","ProcessGuid":"{019F2CB7-E7C6-2026-353C-E74C7B346E8F}","ProcessId":3935,"DestinationIp":"10.50.10.10","DestinationPort":8080,"SourceIp":"10.50.10.42","Protocol":"tcp"}
{"UtcTime":"2026-08-12 09:58:51.000","Computer":"TN-FIN-WS042","User":"TRANSNORTE\\backup_svc","EventID":11,"Image":"C:\\Windows\\System32\\RuntimeBroker.exe","ProcessGuid":"{A87D8F67-2745-2026-8115-C44DD1DFCCC5}","ProcessId":3125,"TargetFilename":"C:\\Users\\ops.cardoso\\AppData\\Local\\Temp\\office-1131.tmp"}
{"UtcTime":"2026-08-12 09:58:52.000","Computer":"TN-FIN-WS042","User":"TRANSNORTE\\backup_svc","EventID":1,"Image":"C:\\Windows\\System32\\svchost.exe","ProcessGuid":"{5A8CD5FF-71A5-2026-85F3-1A167EDB1049}","ProcessId":2170,"CommandLine":"C:\\Windows\\System32\\svchost.exe","ParentImage":"C:\\Windows\\System32\\services.exe","ParentProcessGuid":"{E6767DD6-0E15-2026-5646-4E9483ADDEB6}","OriginalFileName":"C:\\Windows\\System32\\svchost.exe","SHA256":"3238819b9dae4296e49418c96abddf59208aabed95c7aba20417e92abaa2cc76"}
{"UtcTime":"2026-08-12 09:58:53.000","Computer":"TN-FIN-WS042","User":"TRANSNORTE\\backup_svc","EventID":1,"Image":"C:\\Program Files\\Microsoft Office\\Office16\\OUTLOOK.EXE","ProcessGuid":"{DFD9EEED-EFD4-2026-36B4-EEF4AD44FC8F}","ProcessId":2613,"CommandLine":"C:\\Program Files\\Microsoft Office\\Office16\\OUTLOOK.EXE","ParentImage":"C:\\Windows\\System32\\services.exe","ParentProcessGuid":"{4FBD7D0D-7F81-2026-ACC4-6C8EA9E38609}","OriginalFileName":"C:\\Program Files\\Microsoft Office\\Office16\\OUTLOOK.EXE","SHA256":"f3edf093468244cb84a9c2dadfde7b180f0fdc416787ed8919a10423a1ead082"}
{"UtcTime":"2026-08-12 09:58:54.000","Computer":"TN-FIN-WS042","User":"TRANSNORTE\\backup_svc","EventID":13,"Image":"C:\\Windows\\System32\\conhost.exe","ProcessGuid":"{86B339CA-988C-2026-7FD6-069ACF3657AC}","ProcessId":5342,"EventType":"SetValue","TargetObject":"HKCU\\Software\\Microsoft\\Office\\16.0\\Outlook\\Resiliency\\1134","Details":"1"}
{"UtcTime":"2026-08-12 09:58:55.000","Computer":"TN-FIN-WS042","User":"TRANSNORTE\\backup_svc","EventID":1,"Image":"C:\\Program Files\\Microsoft Office\\Office16\\OUTLOOK.EXE","ProcessGuid":"{C7714C7F-A030-2026-0414-88D70B11FC35}","ProcessId":4714,"CommandLine":"C:\\Program Files\\Microsoft Office\\Office16\\OUTLOOK.EXE","ParentImage":"C:\\Windows\\System32\\services.exe","ParentProcessGuid":"{94F731F0-C753-2026-E92F-CEDAFF191236}","OriginalFileName":"C:\\Program Files\\Microsoft Office\\Office16\\OUTLOOK.EXE","SHA256":"a0d11fad3d7b712057ef4e0ed35e7fbb1677d33de039794931ea64e93358f13d"}
{"UtcTime":"2026-08-12 09:58:56.000","Computer":"TN-FIN-WS042","User":"TRANSNORTE\\backup_svc","EventID":1,"Image":"C:\\Windows\\System32\\RuntimeBroker.exe","ProcessGuid":"{36F9316C-6204-2026-2E4F-3507977F0704}","ProcessId":6166,"CommandLine":"C:\\Windows\\System32\\RuntimeBroker.exe","ParentImage":"C:\\Windows\\System32\\services.exe","ParentProcessGuid":"{F10E0332-0D4F-2026-FD8D-4CBB06CFB1B9}","OriginalFileName":"C:\\Windows\\System32\\RuntimeBroker.exe","SHA256":"69a11a3489027d04844b86f3b77561b50e35a90555bec4020e01ee6958c4538d"}
{"UtcTime":"2026-08-12 09:58:57.000","Computer":"TN-FIN-WS042","User":"TRANSNORTE\\ops.cardoso","EventID":3,"Image":"C:\\Program Files\\Google\\Chrome\\Application\\chrome.exe","ProcessGuid":"{8E80E419-1996-2026-2A6C-24BD7CB199C9}","ProcessId":5458,"DestinationIp":"10.50.10.10","DestinationPort":8080,"SourceIp":"10.50.10.42","Protocol":"tcp"}
{"UtcTime":"2026-08-12 09:58:58.000","Computer":"TN-FIN-WS042","User":"TRANSNORTE\\backup_svc","EventID":1,"Image":"C:\\Windows\\System32\\conhost.exe","ProcessGuid":"{8E995360-A3F4-2026-5E45-D60C1F297A79}","ProcessId":2733,"CommandLine":"C:\\Windows\\System32\\conhost.exe","ParentImage":"C:\\Windows\\System32\\services.exe","ParentProcessGuid":"{08617827-A47E-2026-8E62-560588637E2C}","OriginalFileName":"C:\\Windows\\System32\\conhost.exe","SHA256":"45fbcd377840af364697e85803e80d16f7437da317df67f64fecfb54c181ce83"}
{"UtcTime":"2026-08-12 09:58:59.000","Computer":"TN-FIN-WS042","User":"TRANSNORTE\\ops.cardoso","EventID":11,"Image":"C:\\Program Files\\Google\\Chrome\\Application\\chrome.exe","ProcessGuid":"{059C6225-612E-2026-A3F4-888052EC1E3B}","ProcessId":3080,"TargetFilename":"C:\\Users\\ops.cardoso\\AppData\\Local\\Temp\\office-1139.tmp"}
{"UtcTime":"2026-08-12 09:59:00.000","Computer":"TN-FIN-WS042","User":"TRANSNORTE\\backup_svc","EventID":5,"Image":"C:\\Windows\\explorer.exe","ProcessGuid":"{0B4FB2E3-C830-2026-4657-B82D8CE14243}","ProcessId":2999,"EventType":"End"}
{"UtcTime":"2026-08-12 09:59:01.000","Computer":"TN-FIN-WS042","User":"TRANSNORTE\\backup_svc","EventID":11,"Image":"C:\\Windows\\System32\\conhost.exe","ProcessGuid":"{35C9A656-6C4C-2026-F5CA-2488351E7756}","ProcessId":8258,"TargetFilename":"C:\\Users\\ops.cardoso\\AppData\\Local\\Temp\\office-1141.tmp"}
{"UtcTime":"2026-08-12 09:59:02.000","Computer":"TN-FIN-WS042","User":"TRANSNORTE\\backup_svc","EventID":1,"Image":"C:\\Windows\\System32\\conhost.exe","ProcessGuid":"{3E43E30B-5EA5-2026-1DB5-5F7178FF8578}","ProcessId":4397,"CommandLine":"C:\\Windows\\System32\\conhost.exe","ParentImage":"C:\\Windows\\System32\\services.exe","ParentProcessGuid":"{C9EC8BB7-B6D6-2026-4C0B-E14DF57C0787}","OriginalFileName":"C:\\Windows\\System32\\conhost.exe","SHA256":"b4d3d7506db8c452968c0eb5b0f3a03bbe5505a966365b1f69b2cd451064d17a"}
{"UtcTime":"2026-08-12 09:59:03.000","Computer":"TN-FIN-WS042","User":"TRANSNORTE\\backup_svc","EventID":1,"Image":"C:\\Windows\\System32\\RuntimeBroker.exe","ProcessGuid":"{BD80C981-F2FD-2026-4D1C-E3B9D185ABF3}","ProcessId":1144,"CommandLine":"C:\\Windows\\System32\\RuntimeBroker.exe","ParentImage":"C:\\Windows\\System32\\services.exe","ParentProcessGuid":"{DB8E0352-76D5-2026-3C41-AF0D886D55D6}","OriginalFileName":"C:\\Windows\\System32\\RuntimeBroker.exe","SHA256":"fa6d31b785087cd27f5841555ff5791f6c030db15e340069b929ccb3bd1eb19d"}
{"UtcTime":"2026-08-12 09:59:04.000","Computer":"TN-FIN-WS042","User":"TRANSNORTE\\backup_svc","EventID":1,"Image":"C:\\Windows\\System32\\RuntimeBroker.exe","ProcessGuid":"{F2ACE05F-08C9-2026-C1B0-21DC0373B99E}","ProcessId":1090,"CommandLine":"C:\\Windows\\System32\\RuntimeBroker.exe","ParentImage":"C:\\Windows\\System32\\services.exe","ParentProcessGuid":"{1C4E25E3-1F3B-2026-DE61-73636E0C6D4A}","OriginalFileName":"C:\\Windows\\System32\\RuntimeBroker.exe","SHA256":"f32017ee4ccb0fdc0d386de12f90620ec70c2e5b25c7f3c5c9430844e6fab60e"}
{"UtcTime":"2026-08-12 09:59:05.000","Computer":"TN-FIN-WS042","User":"TRANSNORTE\\backup_svc","EventID":11,"Image":"C:\\Windows\\System32\\conhost.exe","ProcessGuid":"{03DD7A08-DE78-2026-7249-C3BA110D0363}","ProcessId":4587,"TargetFilename":"C:\\Users\\ops.cardoso\\AppData\\Local\\Temp\\office-1145.tmp"}
{"UtcTime":"2026-08-12 09:59:06.000","Computer":"TN-FIN-WS042","User":"TRANSNORTE\\ops.cardoso","EventID":1,"Image":"C:\\Windows\\System32\\RuntimeBroker.exe","ProcessGuid":"{79B2B6FA-C20D-2026-CEB8-4C7B1FA39568}","ProcessId":730,"CommandLine":"C:\\Windows\\System32\\RuntimeBroker.exe","ParentImage":"C:\\Windows\\System32\\services.exe","ParentProcessGuid":"{C7241245-F1B1-2026-A6AD-F6AA3FC0E452}","OriginalFileName":"C:\\Windows\\System32\\RuntimeBroker.exe","SHA256":"6d4e4b050206f3e75bca988f7d05511ac053bff5d3bb35c3703f9d88940baf18"}
{"UtcTime":"2026-08-12 09:59:07.000","Computer":"TN-FIN-WS042","User":"TRANSNORTE\\backup_svc","EventID":1,"Image":"C:\\Windows\\System32\\RuntimeBroker.exe","ProcessGuid":"{F103E259-5858-2026-0570-4E219B0D1D19}","ProcessId":8423,"CommandLine":"C:\\Windows\\System32\\RuntimeBroker.exe","ParentImage":"C:\\Windows\\System32\\services.exe","ParentProcessGuid":"{BB32931A-1DED-2026-F2EF-9873C77FE4D0}","OriginalFileName":"C:\\Windows\\System32\\RuntimeBroker.exe","SHA256":"46f853cd6f78915e284fc30a059220ce60c29e919bfafd46dd85e07fd8177532"}
{"UtcTime":"2026-08-12 09:59:08.000","Computer":"TN-FIN-WS042","User":"TRANSNORTE\\ops.cardoso","EventID":5,"Image":"C:\\Windows\\System32\\RuntimeBroker.exe","ProcessGuid":"{52F15257-3459-2026-FC5B-43A752EB0384}","ProcessId":818,"EventType":"End"}
{"UtcTime":"2026-08-12 09:59:09.000","Computer":"TN-FIN-WS042","User":"TRANSNORTE\\ops.cardoso","EventID":13,"Image":"C:\\Windows\\explorer.exe","ProcessGuid":"{A27DAC4C-4E7E-2026-D07B-577FA3FD66A1}","ProcessId":3204,"EventType":"SetValue","TargetObject":"HKCU\\Software\\Microsoft\\Office\\16.0\\Outlook\\Resiliency\\1149","Details":"1"}
{"UtcTime":"2026-08-12 09:59:10.000","Computer":"TN-FIN-WS042","User":"TRANSNORTE\\ops.cardoso","EventID":5,"Image":"C:\\Windows\\explorer.exe","ProcessGuid":"{1C1A8E51-6B88-2026-B15A-8B65C9391F13}","ProcessId":8003,"EventType":"End"}
{"UtcTime":"2026-08-12 09:59:11.000","Computer":"TN-FIN-WS042","User":"TRANSNORTE\\ops.cardoso","EventID":1,"Image":"C:\\Windows\\System32\\RuntimeBroker.exe","ProcessGuid":"{9EFEB819-1A58-2026-1F47-511ACE20DED8}","ProcessId":7211,"CommandLine":"C:\\Windows\\System32\\RuntimeBroker.exe","ParentImage":"C:\\Windows\\System32\\services.exe","ParentProcessGuid":"{2DF719D4-9FFF-2026-5FAC-DF2EB171C028}","OriginalFileName":"C:\\Windows\\System32\\RuntimeBroker.exe","SHA256":"1d3cb6aa19f5bed7265559e1d7150b96ada662bdbdb475244a96003a812a34cf"}
{"UtcTime":"2026-08-12 09:59:12.000","Computer":"TN-FIN-WS042","User":"TRANSNORTE\\backup_svc","EventID":13,"Image":"C:\\Windows\\System32\\RuntimeBroker.exe","ProcessGuid":"{C880A834-1BBF-2026-1F3B-C1DF1A0DD20E}","ProcessId":6184,"EventType":"SetValue","TargetObject":"HKCU\\Software\\Microsoft\\Office\\16.0\\Outlook\\Resiliency\\1152","Details":"1"}
{"UtcTime":"2026-08-12 09:59:13.000","Computer":"TN-FIN-WS042","User":"TRANSNORTE\\backup_svc","EventID":1,"Image":"C:\\Windows\\System32\\conhost.exe","ProcessGuid":"{EB34CCA5-44F1-2026-5A78-685ED7D8D0E5}","ProcessId":4865,"CommandLine":"C:\\Windows\\System32\\conhost.exe","ParentImage":"C:\\Windows\\System32\\services.exe","ParentProcessGuid":"{1725391C-E982-2026-131B-35EF7751F0EC}","OriginalFileName":"C:\\Windows\\System32\\conhost.exe","SHA256":"7050692ed729b4e1d54029837fe9ef43fde0fb6f40104967c081d9fa989547cc"}
{"UtcTime":"2026-08-12 09:59:14.000","Computer":"TN-FIN-WS042","User":"TRANSNORTE\\ops.cardoso","EventID":1,"Image":"C:\\Windows\\System32\\RuntimeBroker.exe","ProcessGuid":"{BEC5E6EA-5D2E-2026-96F5-7C869F07CE7E}","ProcessId":7432,"CommandLine":"C:\\Windows\\System32\\RuntimeBroker.exe","ParentImage":"C:\\Windows\\System32\\services.exe","ParentProcessGuid":"{A1FF3336-321D-2026-ADB0-C98E526D9DD7}","OriginalFileName":"C:\\Windows\\System32\\RuntimeBroker.exe","SHA256":"548ce10f86633042f803dca910da4d7de016ebe459567d61373df73a01b53328"}
{"UtcTime":"2026-08-12 09:59:15.000","Computer":"TN-FIN-WS042","User":"TRANSNORTE\\backup_svc","EventID":1,"Image":"C:\\Program Files\\Google\\Chrome\\Application\\chrome.exe","ProcessGuid":"{6EDFB785-E8AF-2026-DE03-2E4DF56321F1}","ProcessId":458,"CommandLine":"C:\\Program Files\\Google\\Chrome\\Application\\chrome.exe","ParentImage":"C:\\Windows\\System32\\services.exe","ParentProcessGuid":"{A5C95728-319C-2026-107D-C811BA0F52F0}","OriginalFileName":"C:\\Program Files\\Google\\Chrome\\Application\\chrome.exe","SHA256":"a1b58687ac03381d5fc3092a86e3d14e80be7638d1edc8dc1aed2698eb15f170"}
{"UtcTime":"2026-08-12 09:59:16.000","Computer":"TN-FIN-WS042","User":"TRANSNORTE\\backup_svc","EventID":11,"Image":"C:\\Program Files\\Google\\Chrome\\Application\\chrome.exe","ProcessGuid":"{79E57A41-5BC1-2026-A025-F87C89D99B9A}","ProcessId":1672,"TargetFilename":"C:\\Users\\ops.cardoso\\AppData\\Local\\Temp\\office-1156.tmp"}
{"UtcTime":"2026-08-12 09:59:17.000","Computer":"TN-FIN-WS042","User":"TRANSNORTE\\backup_svc","EventID":13,"Image":"C:\\Program Files\\Google\\Chrome\\Application\\chrome.exe","ProcessGuid":"{EE06DD46-688C-2026-EDA0-708E81655660}","ProcessId":2888,"EventType":"SetValue","TargetObject":"HKCU\\Software\\Microsoft\\Office\\16.0\\Outlook\\Resiliency\\1157","Details":"1"}
{"UtcTime":"2026-08-12 09:59:18.000","Computer":"TN-FIN-WS042","User":"TRANSNORTE\\ops.cardoso","EventID":11,"Image":"C:\\Program Files\\Microsoft Office\\Office16\\OUTLOOK.EXE","ProcessGuid":"{AA5A3BD4-6024-2026-15C4-D618643090C4}","ProcessId":8074,"TargetFilename":"C:\\Users\\ops.cardoso\\AppData\\Local\\Temp\\office-1158.tmp"}
{"UtcTime":"2026-08-12 09:59:19.000","Computer":"TN-FIN-WS042","User":"TRANSNORTE\\ops.cardoso","EventID":5,"Image":"C:\\Program Files\\Microsoft Office\\Office16\\OUTLOOK.EXE","ProcessGuid":"{EEE5F32E-8795-2026-FB9A-9F957912AD00}","ProcessId":4504,"EventType":"End"}
{"UtcTime":"2026-08-12 09:59:20.000","Computer":"TN-FIN-WS042","User":"TRANSNORTE\\ops.cardoso","EventID":13,"Image":"C:\\Program Files\\Google\\Chrome\\Application\\chrome.exe","ProcessGuid":"{DE427574-5630-2026-3C5F-52D044FC3DD0}","ProcessId":464,"EventType":"SetValue","TargetObject":"HKCU\\Software\\Microsoft\\Office\\16.0\\Outlook\\Resiliency\\1160","Details":"1"}
{"UtcTime":"2026-08-12 09:59:21.000","Computer":"TN-FIN-WS042","User":"TRANSNORTE\\backup_svc","EventID":11,"Image":"C:\\Program Files\\Microsoft Office\\Office16\\OUTLOOK.EXE","ProcessGuid":"{513DD12E-05D7-2026-8DD4-6F3722558687}","ProcessId":3370,"TargetFilename":"C:\\Users\\ops.cardoso\\AppData\\Local\\Temp\\office-1161.tmp"}
{"UtcTime":"2026-08-12 09:59:22.000","Computer":"TN-FIN-WS042","User":"TRANSNORTE\\backup_svc","EventID":1,"Image":"C:\\Windows\\System32\\conhost.exe","ProcessGuid":"{38BE654C-F55D-2026-972E-B6AD3FA26086}","ProcessId":8052,"CommandLine":"C:\\Windows\\System32\\conhost.exe","ParentImage":"C:\\Windows\\System32\\services.exe","ParentProcessGuid":"{7038B65F-BD23-2026-F918-B82FAC40DC50}","OriginalFileName":"C:\\Windows\\System32\\conhost.exe","SHA256":"8ce07c79408d8141fddc85ee9eafbd6d950d5133f8967c9f5f4d955e84b916a2"}
{"UtcTime":"2026-08-12 09:59:23.000","Computer":"TN-FIN-WS042","User":"TRANSNORTE\\backup_svc","EventID":11,"Image":"C:\\Windows\\System32\\svchost.exe","ProcessGuid":"{9BC79DFC-D286-2026-F1F7-19F3A99434F0}","ProcessId":911,"TargetFilename":"C:\\Users\\ops.cardoso\\AppData\\Local\\Temp\\office-1163.tmp"}
{"UtcTime":"2026-08-12 09:59:24.000","Computer":"TN-FIN-WS042","User":"TRANSNORTE\\backup_svc","EventID":1,"Image":"C:\\Windows\\System32\\svchost.exe","ProcessGuid":"{790842CF-BDA3-2026-3213-B6B5D429435E}","ProcessId":2790,"CommandLine":"C:\\Windows\\System32\\svchost.exe","ParentImage":"C:\\Windows\\System32\\services.exe","ParentProcessGuid":"{EBB2DBE2-759B-2026-25CB-C7C30AF6D4BA}","OriginalFileName":"C:\\Windows\\System32\\svchost.exe","SHA256":"a9b7cb4f922992ffd05ae7551506e0a7cc3fb30c0004d6ccd85da5219a19c007"}
{"UtcTime":"2026-08-12 09:59:25.000","Computer":"TN-FIN-WS042","User":"TRANSNORTE\\backup_svc","EventID":5,"Image":"C:\\Program Files\\Google\\Chrome\\Application\\chrome.exe","ProcessGuid":"{C70C1EFF-B886-2026-266E-E4B039210D80}","ProcessId":5873,"EventType":"End"}
{"UtcTime":"2026-08-12 09:59:26.000","Computer":"TN-FIN-WS042","User":"TRANSNORTE\\backup_svc","EventID":3,"Image":"C:\\Program Files\\Microsoft Office\\Office16\\OUTLOOK.EXE","ProcessGuid":"{C120469C-CF29-2026-5D44-220896F2AD73}","ProcessId":6069,"DestinationIp":"10.50.10.88","DestinationPort":53,"SourceIp":"10.50.10.42","Protocol":"tcp"}
{"UtcTime":"2026-08-12 09:59:27.000","Computer":"TN-FIN-WS042","User":"TRANSNORTE\\backup_svc","EventID":1,"Image":"C:\\Windows\\System32\\svchost.exe","ProcessGuid":"{E9619B76-B1B5-2026-AA8E-1D94C9071FD7}","ProcessId":3739,"CommandLine":"C:\\Windows\\System32\\svchost.exe","ParentImage":"C:\\Windows\\System32\\services.exe","ParentProcessGuid":"{5EB284E4-27EB-2026-C246-C7B94614DA7B}","OriginalFileName":"C:\\Windows\\System32\\svchost.exe","SHA256":"0bd8a9abe9871d9aaf625620b885cf19598c17ff61d7ff983b6dbb9353b717bf"}
{"UtcTime":"2026-08-12 09:59:28.000","Computer":"TN-FIN-WS042","User":"TRANSNORTE\\ops.cardoso","EventID":1,"Image":"C:\\Windows\\explorer.exe","ProcessGuid":"{75550A5A-82C0-2026-2424-8CD43D619C7B}","ProcessId":8993,"CommandLine":"C:\\Windows\\explorer.exe","ParentImage":"C:\\Windows\\System32\\services.exe","ParentProcessGuid":"{68B3F69D-01FE-2026-BFD9-AA01B92D992F}","OriginalFileName":"C:\\Windows\\explorer.exe","SHA256":"3f8b4456c0389977a1f82c2bf7fde62af065f888c2e8042a1f12bcb1e69d85e2"}
{"UtcTime":"2026-08-12 09:59:29.000","Computer":"TN-FIN-WS042","User":"TRANSNORTE\\backup_svc","EventID":5,"Image":"C:\\Windows\\System32\\RuntimeBroker.exe","ProcessGuid":"{FE5FB21D-1EFF-2026-B329-6B92A820E8E3}","ProcessId":5788,"EventType":"End"}
{"UtcTime":"2026-08-12 09:59:30.000","Computer":"TN-FIN-WS042","User":"TRANSNORTE\\backup_svc","EventID":3,"Image":"C:\\Program Files\\Microsoft Office\\Office16\\OUTLOOK.EXE","ProcessGuid":"{A2DA64D7-91C6-2026-44FD-4AF82A77694B}","ProcessId":736,"DestinationIp":"1.1.1.1","DestinationPort":53,"SourceIp":"10.50.10.42","Protocol":"tcp"}
{"UtcTime":"2026-08-12 09:59:31.000","Computer":"TN-FIN-WS042","User":"TRANSNORTE\\ops.cardoso","EventID":11,"Image":"C:\\Program Files\\Microsoft Office\\Office16\\OUTLOOK.EXE","ProcessGuid":"{5A7A051A-F18B-2026-FC8B-F98DDDE54F5B}","ProcessId":2952,"TargetFilename":"C:\\Users\\ops.cardoso\\AppData\\Local\\Temp\\office-1171.tmp"}
{"UtcTime":"2026-08-12 09:59:32.000","Computer":"TN-FIN-WS042","User":"TRANSNORTE\\ops.cardoso","EventID":1,"Image":"C:\\Program Files\\Google\\Chrome\\Application\\chrome.exe","ProcessGuid":"{6CA8C23D-DEBA-2026-535C-48C697FB5AC4}","ProcessId":6349,"CommandLine":"C:\\Program Files\\Google\\Chrome\\Application\\chrome.exe","ParentImage":"C:\\Windows\\System32\\services.exe","ParentProcessGuid":"{323A2568-2BBD-2026-8DFE-A0B7340EF4A9}","OriginalFileName":"C:\\Program Files\\Google\\Chrome\\Application\\chrome.exe","SHA256":"e93478236df9ffaee4699f6d41573a749a5cb1b73f7e8363af0959de6415c96b"}
{"UtcTime":"2026-08-12 09:59:33.000","Computer":"TN-FIN-WS042","User":"TRANSNORTE\\ops.cardoso","EventID":13,"Image":"C:\\Program Files\\Google\\Chrome\\Application\\chrome.exe","ProcessGuid":"{729207E7-80BF-2026-564C-D6CF830A45C1}","ProcessId":3177,"EventType":"SetValue","TargetObject":"HKCU\\Software\\Microsoft\\Office\\16.0\\Outlook\\Resiliency\\1173","Details":"1"}
{"UtcTime":"2026-08-12 09:59:34.000","Computer":"TN-FIN-WS042","User":"TRANSNORTE\\ops.cardoso","EventID":13,"Image":"C:\\Program Files\\Google\\Chrome\\Application\\chrome.exe","ProcessGuid":"{6BCC6539-1CED-2026-29D9-BC18B62F1268}","ProcessId":6874,"EventType":"SetValue","TargetObject":"HKCU\\Software\\Microsoft\\Office\\16.0\\Outlook\\Resiliency\\1174","Details":"1"}
{"UtcTime":"2026-08-12 09:59:35.000","Computer":"TN-FIN-WS042","User":"TRANSNORTE\\ops.cardoso","EventID":11,"Image":"C:\\Windows\\System32\\RuntimeBroker.exe","ProcessGuid":"{EA303FBC-B654-2026-02AD-9459B1F8993D}","ProcessId":1517,"TargetFilename":"C:\\Users\\ops.cardoso\\AppData\\Local\\Temp\\office-1175.tmp"}
{"UtcTime":"2026-08-12 09:59:36.000","Computer":"TN-FIN-WS042","User":"TRANSNORTE\\ops.cardoso","EventID":1,"Image":"C:\\Windows\\explorer.exe","ProcessGuid":"{53DA89BC-BFEF-2026-3DF1-6A8CA940CCE4}","ProcessId":882,"CommandLine":"C:\\Windows\\explorer.exe","ParentImage":"C:\\Windows\\System32\\services.exe","ParentProcessGuid":"{EF04D618-F1B4-2026-2382-3A3F3C95F438}","OriginalFileName":"C:\\Windows\\explorer.exe","SHA256":"f9036dc8e0bf566f3ba8f7c9d68d7474173b6110779f43a3c95228383d0ff580"}
{"UtcTime":"2026-08-12 09:59:37.000","Computer":"TN-FIN-WS042","User":"TRANSNORTE\\ops.cardoso","EventID":1,"Image":"C:\\Windows\\explorer.exe","ProcessGuid":"{757BDAAA-7C5F-2026-730B-7BA75AC6731B}","ProcessId":5131,"CommandLine":"C:\\Windows\\explorer.exe","ParentImage":"C:\\Windows\\System32\\services.exe","ParentProcessGuid":"{A3682A7D-CFF9-2026-C5BC-4547C9D775F6}","OriginalFileName":"C:\\Windows\\explorer.exe","SHA256":"540223de3d50f76112aff239cb8d5361a62a824c93e6aea63b7537fc19821f9e"}
{"UtcTime":"2026-08-12 09:59:38.000","Computer":"TN-FIN-WS042","User":"TRANSNORTE\\ops.cardoso","EventID":11,"Image":"C:\\Windows\\System32\\conhost.exe","ProcessGuid":"{AF4CADA1-FA32-2026-38FB-45FF9E54833E}","ProcessId":1970,"TargetFilename":"C:\\Users\\ops.cardoso\\AppData\\Local\\Temp\\office-1178.tmp"}
{"UtcTime":"2026-08-12 09:59:39.000","Computer":"TN-FIN-WS042","User":"TRANSNORTE\\backup_svc","EventID":1,"Image":"C:\\Windows\\System32\\RuntimeBroker.exe","ProcessGuid":"{1704E190-407C-2026-C783-222710C3E6FF}","ProcessId":714,"CommandLine":"C:\\Windows\\System32\\RuntimeBroker.exe","ParentImage":"C:\\Windows\\System32\\services.exe","ParentProcessGuid":"{F4AD2E3C-4B9C-2026-4AF7-97BBAD3F414A}","OriginalFileName":"C:\\Windows\\System32\\RuntimeBroker.exe","SHA256":"d8bec75f5943eb13e16c82f679b4166a51f880be6ecd74834f502c7b1d2ad738"}
{"UtcTime":"2026-08-12 09:59:40.000","Computer":"TN-FIN-WS042","User":"TRANSNORTE\\ops.cardoso","EventID":3,"Image":"C:\\Windows\\explorer.exe","ProcessGuid":"{D2E7AF0B-493F-2026-FAF0-6472837A3752}","ProcessId":4290,"DestinationIp":"1.1.1.1","DestinationPort":53,"SourceIp":"10.50.10.42","Protocol":"tcp"}
{"UtcTime":"2026-08-12 09:59:41.000","Computer":"TN-FIN-WS042","User":"TRANSNORTE\\ops.cardoso","EventID":13,"Image":"C:\\Windows\\explorer.exe","ProcessGuid":"{9CEB7D1F-A783-2026-473B-1AF698C38C85}","ProcessId":4694,"EventType":"SetValue","TargetObject":"HKCU\\Software\\Microsoft\\Office\\16.0\\Outlook\\Resiliency\\1181","Details":"1"}
{"UtcTime":"2026-08-12 09:59:42.000","Computer":"TN-FIN-WS042","User":"TRANSNORTE\\ops.cardoso","EventID":1,"Image":"C:\\Windows\\System32\\conhost.exe","ProcessGuid":"{3496BEF9-973A-2026-5DC9-482FCD3D4B4E}","ProcessId":5943,"CommandLine":"C:\\Windows\\System32\\conhost.exe","ParentImage":"C:\\Windows\\System32\\services.exe","ParentProcessGuid":"{284CB675-DFC1-2026-A148-DE2F1EFA5347}","OriginalFileName":"C:\\Windows\\System32\\conhost.exe","SHA256":"8f8afbbcd7af670518fb1257def9568f5e87a1dcf9e8b1b5dc24f8e4ece96ad5"}
{"UtcTime":"2026-08-12 09:59:43.000","Computer":"TN-FIN-WS042","User":"TRANSNORTE\\backup_svc","EventID":1,"Image":"C:\\Program Files\\Google\\Chrome\\Application\\chrome.exe","ProcessGuid":"{DE2B4C58-8EE5-2026-0909-F5F6CAF60386}","ProcessId":6186,"CommandLine":"C:\\Program Files\\Google\\Chrome\\Application\\chrome.exe","ParentImage":"C:\\Windows\\System32\\services.exe","ParentProcessGuid":"{E00764D2-E3DE-2026-D098-1EEF7A421227}","OriginalFileName":"C:\\Program Files\\Google\\Chrome\\Application\\chrome.exe","SHA256":"af39464169703975e377c1f1063a676f97a864b9f11ba21db9f1a63e03b4e248"}
{"UtcTime":"2026-08-12 09:59:44.000","Computer":"TN-FIN-WS042","User":"TRANSNORTE\\backup_svc","EventID":1,"Image":"C:\\Windows\\System32\\svchost.exe","ProcessGuid":"{4EAF45F3-A328-2026-7769-A689BADE1291}","ProcessId":3623,"CommandLine":"C:\\Windows\\System32\\svchost.exe","ParentImage":"C:\\Windows\\System32\\services.exe","ParentProcessGuid":"{DF94F610-34D3-2026-C340-64155F4AF7FD}","OriginalFileName":"C:\\Windows\\System32\\svchost.exe","SHA256":"e8182c88aed7f364f75ce0b462c0da1e7505c81ee447b94f16abe9e8f84d6734"}
{"UtcTime":"2026-08-12 09:59:45.000","Computer":"TN-FIN-WS042","User":"TRANSNORTE\\ops.cardoso","EventID":3,"Image":"C:\\Windows\\explorer.exe","ProcessGuid":"{BE7A8241-C05D-2026-9FDE-FA285BC6E25F}","ProcessId":4548,"DestinationIp":"1.1.1.1","DestinationPort":53,"SourceIp":"10.50.10.42","Protocol":"tcp"}
{"UtcTime":"2026-08-12 09:59:46.000","Computer":"TN-FIN-WS042","User":"TRANSNORTE\\ops.cardoso","EventID":1,"Image":"C:\\Program Files\\Microsoft Office\\Office16\\OUTLOOK.EXE","ProcessGuid":"{5F610E8D-9DE8-2026-2E36-A63215F42BCE}","ProcessId":3091,"CommandLine":"C:\\Program Files\\Microsoft Office\\Office16\\OUTLOOK.EXE","ParentImage":"C:\\Windows\\System32\\services.exe","ParentProcessGuid":"{BE96C469-17B9-2026-9FE4-BD89A1654F41}","OriginalFileName":"C:\\Program Files\\Microsoft Office\\Office16\\OUTLOOK.EXE","SHA256":"9b9c6a828b1e4b786a446bb3472b72b39f815b2415be01474c6336fb8383869e"}
{"UtcTime":"2026-08-12 09:59:47.000","Computer":"TN-FIN-WS042","User":"TRANSNORTE\\ops.cardoso","EventID":11,"Image":"C:\\Program Files\\Microsoft Office\\Office16\\OUTLOOK.EXE","ProcessGuid":"{722DC884-8B3E-2026-05E7-6AECE991E263}","ProcessId":2023,"TargetFilename":"C:\\Users\\ops.cardoso\\AppData\\Local\\Temp\\office-1187.tmp"}
{"UtcTime":"2026-08-12 09:59:48.000","Computer":"TN-FIN-WS042","User":"TRANSNORTE\\backup_svc","EventID":13,"Image":"C:\\Program Files\\Google\\Chrome\\Application\\chrome.exe","ProcessGuid":"{C4B8847E-5B59-2026-D381-C18C120434AB}","ProcessId":1604,"EventType":"SetValue","TargetObject":"HKCU\\Software\\Microsoft\\Office\\16.0\\Outlook\\Resiliency\\1188","Details":"1"}
{"UtcTime":"2026-08-12 09:59:49.000","Computer":"TN-FIN-WS042","User":"TRANSNORTE\\backup_svc","EventID":5,"Image":"C:\\Windows\\explorer.exe","ProcessGuid":"{3D5D0E42-4035-2026-C844-11564B5BB98E}","ProcessId":7428,"EventType":"End"}
{"UtcTime":"2026-08-12 09:59:50.000","Computer":"TN-FIN-WS042","User":"TRANSNORTE\\backup_svc","EventID":1,"Image":"C:\\Windows\\explorer.exe","ProcessGuid":"{4B364068-DAFF-2026-597A-AD1DAE19053D}","ProcessId":3984,"CommandLine":"C:\\Windows\\explorer.exe","ParentImage":"C:\\Windows\\System32\\services.exe","ParentProcessGuid":"{C5B4C540-09A4-2026-A8FC-10071F220DE4}","OriginalFileName":"C:\\Windows\\explorer.exe","SHA256":"c37069e231527294fe46facbeb59285221c40d7b3c7ce89ae62989764bf410a2"}
{"UtcTime":"2026-08-12 09:59:51.000","Computer":"TN-FIN-WS042","User":"TRANSNORTE\\ops.cardoso","EventID":11,"Image":"C:\\Windows\\explorer.exe","ProcessGuid":"{6C556500-A940-2026-9E34-F9BB62DC6E73}","ProcessId":7506,"TargetFilename":"C:\\Users\\ops.cardoso\\AppData\\Local\\Temp\\office-1191.tmp"}
{"UtcTime":"2026-08-12 09:59:52.000","Computer":"TN-FIN-WS042","User":"TRANSNORTE\\ops.cardoso","EventID":11,"Image":"C:\\Windows\\System32\\RuntimeBroker.exe","ProcessGuid":"{DD68948E-3144-2026-B50C-C1B1B18EDF6D}","ProcessId":3782,"TargetFilename":"C:\\Users\\ops.cardoso\\AppData\\Local\\Temp\\office-1192.tmp"}
{"UtcTime":"2026-08-12 09:59:53.000","Computer":"TN-FIN-WS042","User":"TRANSNORTE\\backup_svc","EventID":3,"Image":"C:\\Windows\\System32\\conhost.exe","ProcessGuid":"{107DA0D4-2771-2026-1833-B15488086195}","ProcessId":3458,"DestinationIp":"10.50.10.10","DestinationPort":443,"SourceIp":"10.50.10.42","Protocol":"tcp"}
{"UtcTime":"2026-08-12 09:59:54.000","Computer":"TN-FIN-WS042","User":"TRANSNORTE\\backup_svc","EventID":13,"Image":"C:\\Windows\\explorer.exe","ProcessGuid":"{000A865B-0747-2026-39CD-72431D614041}","ProcessId":6106,"EventType":"SetValue","TargetObject":"HKCU\\Software\\Microsoft\\Office\\16.0\\Outlook\\Resiliency\\1194","Details":"1"}
{"UtcTime":"2026-08-12 09:59:55.000","Computer":"TN-FIN-WS042","User":"TRANSNORTE\\backup_svc","EventID":13,"Image":"C:\\Windows\\System32\\svchost.exe","ProcessGuid":"{95752E8D-CAF8-2026-5341-862C8CBFC6D0}","ProcessId":1274,"EventType":"SetValue","TargetObject":"HKCU\\Software\\Microsoft\\Office\\16.0\\Outlook\\Resiliency\\1195","Details":"1"}
{"UtcTime":"2026-08-12 09:59:56.000","Computer":"TN-FIN-WS042","User":"TRANSNORTE\\ops.cardoso","EventID":1,"Image":"C:\\Program Files\\Microsoft Office\\Office16\\OUTLOOK.EXE","ProcessGuid":"{A5A5F56E-D36A-2026-691E-AAF0F8F4E92B}","ProcessId":6241,"CommandLine":"C:\\Program Files\\Microsoft Office\\Office16\\OUTLOOK.EXE","ParentImage":"C:\\Windows\\System32\\services.exe","ParentProcessGuid":"{E9AB9219-48FB-2026-E3F5-F3E38240055B}","OriginalFileName":"C:\\Program Files\\Microsoft Office\\Office16\\OUTLOOK.EXE","SHA256":"4454a175f1f9db52fb0674d6387c2261ab9ae596afa256fafa32ee1f3a7dbbd9"}
{"UtcTime":"2026-08-12 09:59:57.000","Computer":"TN-FIN-WS042","User":"TRANSNORTE\\ops.cardoso","EventID":11,"Image":"C:\\Windows\\System32\\conhost.exe","ProcessGuid":"{C28284D5-FFB8-2026-69D7-193566AA3B2B}","ProcessId":6029,"TargetFilename":"C:\\Users\\ops.cardoso\\AppData\\Local\\Temp\\office-1197.tmp"}
{"UtcTime":"2026-08-12 09:59:58.000","Computer":"TN-FIN-WS042","User":"TRANSNORTE\\ops.cardoso","EventID":11,"Image":"C:\\Windows\\System32\\conhost.exe","ProcessGuid":"{A4594D11-4F56-2026-CA9E-3764362BCCBB}","ProcessId":5952,"TargetFilename":"C:\\Users\\ops.cardoso\\AppData\\Local\\Temp\\office-1198.tmp"}
{"UtcTime":"2026-08-12 09:59:59.000","Computer":"TN-FIN-WS042","User":"TRANSNORTE\\ops.cardoso","EventID":5,"Image":"C:\\Windows\\explorer.exe","ProcessGuid":"{59F81AB8-2FC1-2026-52C4-08A13F497D14}","ProcessId":6645,"EventType":"End"}
{"UtcTime":"2026-08-12 10:00:00.000","Computer":"TN-FIN-WS042","User":"TRANSNORTE\\ops.cardoso","EventID":1,"Image":"C:\\Windows\\System32\\svchost.exe","ProcessGuid":"{35FC0641-6FA1-2026-588B-FC7C41CB3949}","ProcessId":4819,"CommandLine":"C:\\Windows\\System32\\svchost.exe","ParentImage":"C:\\Windows\\System32\\services.exe","ParentProcessGuid":"{57115E14-689E-2026-FBCD-42105B02F377}","OriginalFileName":"C:\\Windows\\System32\\svchost.exe","SHA256":"39f3ed3496cab07229d9b9e9d082c6b36693663107e33c5fb8984bfa81ac6344"}
{"UtcTime":"2026-08-12 10:00:01.000","Computer":"TN-FIN-WS042","User":"TRANSNORTE\\ops.cardoso","EventID":5,"Image":"C:\\Program Files\\Microsoft Office\\Office16\\OUTLOOK.EXE","ProcessGuid":"{0A4B073D-34AB-2026-16B0-7D9C9F0704F3}","ProcessId":5210,"EventType":"End"}
{"UtcTime":"2026-08-12 10:00:02.000","Computer":"TN-FIN-WS042","User":"TRANSNORTE\\backup_svc","EventID":11,"Image":"C:\\Windows\\System32\\RuntimeBroker.exe","ProcessGuid":"{85EC474B-7EB8-2026-BAC0-973548355D83}","ProcessId":5734,"TargetFilename":"C:\\Users\\ops.cardoso\\AppData\\Local\\Temp\\office-1202.tmp"}
