{"UtcTime":"2026-08-12 10:08:01.000","Computer":"TN-FIN-WS042","User":"TRANSNORTE\\ops.cardoso","EventID":1,"Image":"C:\\Windows\\System32\\RuntimeBroker.exe","ProcessGuid":"{0CD4A61B-1A10-2026-4085-77AD9843AF29}","ProcessId":3756,"CommandLine":"C:\\Windows\\System32\\RuntimeBroker.exe","ParentImage":"C:\\Windows\\System32\\services.exe","ParentProcessGuid":"{D80542EA-89E3-2026-CFDD-E271AAEDDF89}","OriginalFileName":"C:\\Windows\\System32\\RuntimeBroker.exe","SHA256":"a7e34a6fae548cb53dda110436f84611a33053598dbbaa71654bbba6759c427c"}
{"UtcTime":"2026-08-12 10:08:02.000","Computer":"TN-FIN-WS042","User":"TRANSNORTE\\backup_svc","EventID":1,"Image":"C:\\Windows\\explorer.exe","ProcessGuid":"{2738A427-1846-2026-08FE-C6BB164D0559}","ProcessId":4469,"CommandLine":"C:\\Windows\\explorer.exe","ParentImage":"C:\\Windows\\System32\\services.exe","ParentProcessGuid":"{A9811B62-4D33-2026-0762-151AB3BCCCA1}","OriginalFileName":"C:\\Windows\\explorer.exe","SHA256":"7d5703f960125dc198f6de300ad67c81095b50e458ef93a8c12e9bcd740bc269"}
{"UtcTime":"2026-08-12 10:08:03.000","Computer":"TN-FIN-WS042","User":"TRANSNORTE\\ops.cardoso","EventID":3,"Image":"C:\\Windows\\System32\\conhost.exe","ProcessGuid":"{DA984791-9A75-2026-4144-F08A465A8612}","ProcessId":7379,"DestinationIp":"10.50.10.88","DestinationPort":135,"SourceIp":"10.50.10.42","Protocol":"tcp"}
{"UtcTime":"2026-08-12 10:08:04.000","Computer":"TN-FIN-WS042","User":"TRANSNORTE\\ops.cardoso","EventID":11,"Image":"C:\\Windows\\System32\\conhost.exe","ProcessGuid":"{9C0B7E42-E034-2026-B4FD-559BB9048A66}","ProcessId":7835,"TargetFilename":"C:\\Users\\ops.cardoso\\AppData\\Local\\Temp\\office-1684.tmp"}
{"UtcTime":"2026-08-12 10:08:05.000","Computer":"TN-FIN-WS042","User":"TRANSNORTE\\backup_svc","EventID":5,"Image":"C:\\Program Files\\Microsoft Office\\Office16\\OUTLOOK.EXE","ProcessGuid":"{E7114444-C663-2026-3AEE-E732FA00698C}","ProcessId":5178,"EventType":"End"}
{"UtcTime":"2026-08-12 10:08:06.000","Computer":"TN-FIN-WS042","User":"TRANSNORTE\\backup_svc","EventID":5,"Image":"C:\\Program Files\\Google\\Chrome\\Application\\chrome.exe","ProcessGuid":"{1325EB3A-2797-2026-367C-06BB402F325D}","ProcessId":7987,"EventType":"End"}
{"UtcTime":"2026-08-12 10:08:07.000","Computer":"TN-FIN-WS042","User":"TRANSNORTE\\backup_svc","EventID":11,"Image":"C:\\Windows\\System32\\RuntimeBroker.exe","ProcessGuid":"{E0DC07F3-C26D-2026-2DEA-346F4FE48E98}","ProcessId":8138,"TargetFilename":"C:\\Users\\ops.cardoso\\AppData\\Local\\Temp\\office-1687.tmp"}
{"UtcTime":"2026-08-12 10:08:08.000","Computer":"TN-FIN-WS042","User":"TRANSNORTE\\backup_svc","EventID":1,"Image":"C:\\Windows\\System32\\svchost.exe","ProcessGuid":"{C72D7888-0A70-2026-442A-8D53E098380B}","ProcessId":7876,"CommandLine":"C:\\Windows\\System32\\svchost.exe","ParentImage":"C:\\Windows\\System32\\services.exe","ParentProcessGuid":"{F0324B3A-5FA4-2026-71C1-8FFBCD5B2AFF}","OriginalFileName":"C:\\Windows\\System32\\svchost.exe","SHA256":"e9e3503d53815d73fd555241c090c79c6cf6c6e053f4dc4d95796061a4f236ba"}
{"UtcTime":"2026-08-12 10:08:09.000","Computer":"TN-FIN-WS042","User":"TRANSNORTE\\backup_svc","EventID":5,"Image":"C:\\Windows\\System32\\svchost.exe","ProcessGuid":"{2B160DE7-0179-2026-23AC-CF33BE5940FB}","ProcessId":4618,"EventType":"End"}
{"UtcTime":"2026-08-12 10:08:10.000","Computer":"TN-FIN-WS042","User":"TRANSNORTE\\backup_svc","EventID":3,"Image":"C:\\Windows\\System32\\conhost.exe","ProcessGuid":"{93E9765C-962F-2026-DE09-19BBB1776F90}","ProcessId":7295,"DestinationIp":"10.50.10.88","DestinationPort":443,"SourceIp":"10.50.10.42","Protocol":"tcp"}
{"UtcTime":"2026-08-12 10:08:11.000","Computer":"TN-FIN-WS042","User":"TRANSNORTE\\backup_svc","EventID":1,"Image":"C:\\Program Files\\Microsoft Office\\Office16\\OUTLOOK.EXE","ProcessGuid":"{0DBE5BAC-346E-2026-10B5-4A1DEE61C0FE}","ProcessId":4379,"CommandLine":"C:\\Program Files\\Microsoft Office\\Office16\\OUTLOOK.EXE","ParentImage":"C:\\Windows\\System32\\services.exe","ParentProcessGuid":"{5C358216-8E14-2026-FDBA-C5DF5428B2DE}","OriginalFileName":"C:\\Program Files\\Microsoft Office\\Office16\\OUTLOOK.EXE","SHA256":"4642f3035879a2519a361aaad4f0cc1e3dbe84c3af0eafd0b0e0c7a34abfd530"}
{"UtcTime":"2026-08-12 10:08:12.000","Computer":"TN-FIN-WS042","User":"TRANSNORTE\\backup_svc","EventID":1,"Image":"C:\\Windows\\System32\\svchost.exe","ProcessGuid":"{D2AFFE67-B9B6-2026-FD88-E0C41D06E4F6}","ProcessId":4371,"CommandLine":"C:\\Windows\\System32\\svchost.exe","ParentImage":"C:\\Windows\\System32\\services.exe","ParentProcessGuid":"{D5F9A113-C926-2026-A776-1705A0295315}","OriginalFileName":"C:\\Windows\\System32\\svchost.exe","SHA256":"58fde1b8ccb914c3ccc200e95b7e161aafb59daf39e1f9db22cd22c6bb894a0e"}
{"UtcTime":"2026-08-12 10:08:13.000","Computer":"TN-FIN-WS042","User":"TRANSNORTE\\backup_svc","EventID":1,"Image":"C:\\Windows\\System32\\conhost.exe","ProcessGuid":"{0A061948-5AC5-2026-4837-877C89DE0102}","ProcessId":8821,"CommandLine":"C:\\Windows\\System32\\conhost.exe","ParentImage":"C:\\Windows\\System32\\services.exe","ParentProcessGuid":"{636A663B-5001-2026-4CCF-25D7308EE388}","OriginalFileName":"C:\\Windows\\System32\\conhost.exe","SHA256":"3cd29d29d07fd9e8f90fe51c92c65a2908c5ec44d8eaf399de6f62f8843f0259"}
{"UtcTime":"2026-08-12 10:08:14.000","Computer":"TN-FIN-WS042","User":"TRANSNORTE\\backup_svc","EventID":5,"Image":"C:\\Windows\\System32\\svchost.exe","ProcessGuid":"{6C0CC40B-0E08-2026-CD6F-687791E01B5F}","ProcessId":3589,"EventType":"End"}
{"UtcTime":"2026-08-12 10:08:15.000","Computer":"TN-FIN-WS042","User":"TRANSNORTE\\backup_svc","EventID":13,"Image":"C:\\Program Files\\Google\\Chrome\\Application\\chrome.exe","ProcessGuid":"{2A4D2BA0-1ED7-2026-43F0-4803C739E33F}","ProcessId":7472,"EventType":"SetValue","TargetObject":"HKCU\\Software\\Microsoft\\Office\\16.0\\Outlook\\Resiliency\\1695","Details":"1"}
{"UtcTime":"2026-08-12 10:08:16.000","Computer":"TN-FIN-WS042","User":"TRANSNORTE\\backup_svc","EventID":1,"Image":"C:\\Windows\\System32\\conhost.exe","ProcessGuid":"{1C0B6CA9-24EC-2026-4404-BB3F63EBEFF6}","ProcessId":8341,"CommandLine":"C:\\Windows\\System32\\conhost.exe","ParentImage":"C:\\Windows\\System32\\services.exe","ParentProcessGuid":"{12F8813A-9337-2026-8C02-C293017EFD6F}","OriginalFileName":"C:\\Windows\\System32\\conhost.exe","SHA256":"bebd1ad99fb7538be58339c73424cd21bf0a64b4ec42aaa13c5287738aafa5a1"}
{"UtcTime":"2026-08-12 10:08:17.000","Computer":"TN-FIN-WS042","User":"TRANSNORTE\\ops.cardoso","EventID":11,"Image":"C:\\Program Files\\Google\\Chrome\\Application\\chrome.exe","ProcessGuid":"{570411FC-8CCE-2026-38E2-0F31CDF69D55}","ProcessId":1009,"TargetFilename":"C:\\Users\\ops.cardoso\\AppData\\Local\\Temp\\office-1697.tmp"}
{"UtcTime":"2026-08-12 10:08:18.000","Computer":"TN-FIN-WS042","User":"TRANSNORTE\\ops.cardoso","EventID":13,"Image":"C:\\Windows\\System32\\RuntimeBroker.exe","ProcessGuid":"{8C942C01-5FD9-2026-9186-2AAE8EF33EB0}","ProcessId":4970,"EventType":"SetValue","TargetObject":"HKCU\\Software\\Microsoft\\Office\\16.0\\Outlook\\Resiliency\\1698","Details":"1"}
{"UtcTime":"2026-08-12 10:08:19.000","Computer":"TN-FIN-WS042","User":"TRANSNORTE\\backup_svc","EventID":1,"Image":"C:\\Windows\\System32\\conhost.exe","ProcessGuid":"{7C39786E-4993-2026-95D5-CE64AE716DED}","ProcessId":5047,"CommandLine":"C:\\Windows\\System32\\conhost.exe","ParentImage":"C:\\Windows\\System32\\services.exe","ParentProcessGuid":"{DC7064E1-05B7-2026-17E9-EFFEF855BF0C}","OriginalFileName":"C:\\Windows\\System32\\conhost.exe","SHA256":"f5f31dfe8446ee89518432136dc2cdf06e64daf41e72f52536665b6a791dc0f7"}
{"UtcTime":"2026-08-12 10:08:20.000","Computer":"TN-FIN-WS042","User":"TRANSNORTE\\backup_svc","EventID":3,"Image":"C:\\Program Files\\Google\\Chrome\\Application\\chrome.exe","ProcessGuid":"{0354FE85-7FF4-2026-A0D0-E2E0B73F0072}","ProcessId":7534,"DestinationIp":"10.50.10.10","DestinationPort":443,"SourceIp":"10.50.10.42","Protocol":"tcp"}
{"UtcTime":"2026-08-12 10:08:21.000","Computer":"TN-FIN-WS042","User":"TRANSNORTE\\backup_svc","EventID":1,"Image":"C:\\Windows\\System32\\RuntimeBroker.exe","ProcessGuid":"{21DBB083-3847-2026-0FCD-79F40E6BD87E}","ProcessId":946,"CommandLine":"C:\\Windows\\System32\\RuntimeBroker.exe","ParentImage":"C:\\Windows\\System32\\services.exe","ParentProcessGuid":"{60D970D6-D560-2026-62D0-B51AEABB022B}","OriginalFileName":"C:\\Windows\\System32\\RuntimeBroker.exe","SHA256":"f33c52ef2cf866fefc2b59652fa2ef1306a455ad8082df4b844f12a8839292a2"}
{"UtcTime":"2026-08-12 10:08:22.000","Computer":"TN-FIN-WS042","User":"TRANSNORTE\\backup_svc","EventID":1,"Image":"C:\\Windows\\System32\\svchost.exe","ProcessGuid":"{6694DC7E-C246-2026-DF83-BDF00DD128BC}","ProcessId":6989,"CommandLine":"C:\\Windows\\System32\\svchost.exe","ParentImage":"C:\\Windows\\System32\\services.exe","ParentProcessGuid":"{53158FFF-91A6-2026-6529-1A11D1F50A19}","OriginalFileName":"C:\\Windows\\System32\\svchost.exe","SHA256":"495a8c12816f07531e4458c2acf20fd3507ceb3f1730f05a3f0f07d111d68bc3"}
{"UtcTime":"2026-08-12 10:08:23.000","Computer":"TN-FIN-WS042","User":"TRANSNORTE\\ops.cardoso","EventID":5,"Image":"C:\\Windows\\System32\\RuntimeBroker.exe","ProcessGuid":"{54E955D0-E642-2026-2A68-0ACA5FC73F37}","ProcessId":4978,"EventType":"End"}
{"UtcTime":"2026-08-12 10:08:24.000","Computer":"TN-FIN-WS042","User":"TRANSNORTE\\backup_svc","EventID":1,"Image":"C:\\Windows\\explorer.exe","ProcessGuid":"{7EDAF4FA-4E33-2026-4795-3F766135D580}","ProcessId":7474,"CommandLine":"C:\\Windows\\explorer.exe","ParentImage":"C:\\Windows\\System32\\services.exe","ParentProcessGuid":"{D78D21B3-27CC-2026-2489-E6C9BC148948}","OriginalFileName":"C:\\Windows\\explorer.exe","SHA256":"65a5138f31d97daba20662d0344017396c2716967257a46072606878ab1e04eb"}
{"UtcTime":"2026-08-12 10:08:25.000","Computer":"TN-FIN-WS042","User":"TRANSNORTE\\ops.cardoso","EventID":13,"Image":"C:\\Windows\\explorer.exe","ProcessGuid":"{A5634399-92B6-2026-4489-9B31A03B5AD2}","ProcessId":4115,"EventType":"SetValue","TargetObject":"HKCU\\Software\\Microsoft\\Office\\16.0\\Outlook\\Resiliency\\1705","Details":"1"}
{"UtcTime":"2026-08-12 10:08:26.000","Computer":"TN-FIN-WS042","User":"TRANSNORTE\\backup_svc","EventID":1,"Image":"C:\\Windows\\explorer.exe","ProcessGuid":"{D86C0D0E-D5DF-2026-0E49-3518C1B8A3C6}","ProcessId":6616,"CommandLine":"C:\\Windows\\explorer.exe","ParentImage":"C:\\Windows\\System32\\services.exe","ParentProcessGuid":"{E7073165-EFB8-2026-C154-CB6B576C3CAD}","OriginalFileName":"C:\\Windows\\explorer.exe","SHA256":"cacf26a0426d0575852d7dcafd3493933822762a485bacb84bbaf0df9ba26aae"}
{"UtcTime":"2026-08-12 10:08:27.000","Computer":"TN-FIN-WS042","User":"TRANSNORTE\\ops.cardoso","EventID":11,"Image":"C:\\Windows\\System32\\svchost.exe","ProcessGuid":"{FE731D29-F929-2026-F472-FD77CE4E0235}","ProcessId":1006,"TargetFilename":"C:\\Users\\ops.cardoso\\AppData\\Local\\Temp\\office-1707.tmp"}
{"UtcTime":"2026-08-12 10:08:28.000","Computer":"TN-FIN-WS042","User":"TRANSNORTE\\ops.cardoso","EventID":11,"Image":"C:\\Windows\\System32\\svchost.exe","ProcessGuid":"{5869FEB7-2D27-2026-16C0-6E0BBAE25C16}","ProcessId":4271,"TargetFilename":"C:\\Users\\ops.cardoso\\AppData\\Local\\Temp\\office-1708.tmp"}
{"UtcTime":"2026-08-12 10:08:29.000","Computer":"TN-FIN-WS042","User":"TRANSNORTE\\ops.cardoso","EventID":3,"Image":"C:\\Program Files\\Microsoft Office\\Office16\\OUTLOOK.EXE","ProcessGuid":"{9C5A8B4A-04A6-2026-B379-4B67FB7D03E4}","ProcessId":4204,"DestinationIp":"10.50.10.88","DestinationPort":443,"SourceIp":"10.50.10.42","Protocol":"tcp"}
{"UtcTime":"2026-08-12 10:08:30.000","Computer":"TN-FIN-WS042","User":"TRANSNORTE\\backup_svc","EventID":5,"Image":"C:\\Program Files\\Microsoft Office\\Office16\\OUTLOOK.EXE","ProcessGuid":"{448FE13B-2FB8-2026-B408-5FF385DF8D5F}","ProcessId":3360,"EventType":"End"}
{"UtcTime":"2026-08-12 10:08:31.000","Computer":"TN-FIN-WS042","User":"TRANSNORTE\\backup_svc","EventID":1,"Image":"C:\\Program Files\\Microsoft Office\\Office16\\OUTLOOK.EXE","ProcessGuid":"{391BE3F4-D726-2026-6782-3AD2FECA1458}","ProcessId":8162,"CommandLine":"C:\\Program Files\\Microsoft Office\\Office16\\OUTLOOK.EXE","ParentImage":"C:\\Windows\\System32\\services.exe","ParentProcessGuid":"{3B2EACD1-BCAB-2026-588D-B614E8C52DD5}","OriginalFileName":"C:\\Program Files\\Microsoft Office\\Office16\\OUTLOOK.EXE","SHA256":"7313dc6a4f6215a43612c7ba47fdbc2adbcd82a253ef8f565cc27a70244afe86"}
{"UtcTime":"2026-08-12 10:08:32.000","Computer":"TN-FIN-WS042","User":"TRANSNORTE\\ops.cardoso","EventID":13,"Image":"C:\\Windows\\explorer.exe","ProcessGuid":"{2AD4BEAB-EFEB-2026-75AF-6E3E0F1D74FD}","ProcessId":5917,"EventType":"SetValue","TargetObject":"HKCU\\Software\\Microsoft\\Office\\16.0\\Outlook\\Resiliency\\1712","Details":"1"}
{"UtcTime":"2026-08-12 10:08:33.000","Computer":"TN-FIN-WS042","User":"TRANSNORTE\\backup_svc","EventID":1,"Image":"C:\\Program Files\\Microsoft Office\\Office16\\OUTLOOK.EXE","ProcessGuid":"{F6B9B052-86C5-2026-B6E0-B5594027E2CE}","ProcessId":6192,"CommandLine":"C:\\Program Files\\Microsoft Office\\Office16\\OUTLOOK.EXE","ParentImage":"C:\\Windows\\System32\\services.exe","ParentProcessGuid":"{FCB94488-089A-2026-01F3-B71FDD3FFD52}","OriginalFileName":"C:\\Program Files\\Microsoft Office\\Office16\\OUTLOOK.EXE","SHA256":"ff66c9cb1281300940e09cda0ad4b24523ef7de26658826ed4c7bb76ac8081d0"}
{"UtcTime":"2026-08-12 10:08:34.000","Computer":"TN-FIN-WS042","User":"TRANSNORTE\\backup_svc","EventID":13,"Image":"C:\\Windows\\System32\\conhost.exe","ProcessGuid":"{03D7D7B8-C36A-2026-3D3C-02C20F477435}","ProcessId":984,"EventType":"SetValue","TargetObject":"HKCU\\Software\\Microsoft\\Office\\16.0\\Outlook\\Resiliency\\1714","Details":"1"}
{"UtcTime":"2026-08-12 10:08:35.000","Computer":"TN-FIN-WS042","User":"TRANSNORTE\\backup_svc","EventID":1,"Image":"C:\\Program Files\\Google\\Chrome\\Application\\chrome.exe","ProcessGuid":"{7D687233-075E-2026-4C79-356F568BB732}","ProcessId":6918,"CommandLine":"C:\\Program Files\\Google\\Chrome\\Application\\chrome.exe","ParentImage":"C:\\Windows\\System32\\services.exe","ParentProcessGuid":"{581EAE5B-8EB7-2026-7DB3-A71C19D8013C}","OriginalFileName":"C:\\Program Files\\Google\\Chrome\\Application\\chrome.exe","SHA256":"280a6a395e76b4c271fe24463377ab58b189b876f94349117896e00a35582b6e"}
{"UtcTime":"2026-08-12 10:08:36.000","Computer":"TN-FIN-WS042","User":"TRANSNORTE\\ops.cardoso","EventID":5,"Image":"C:\\Windows\\System32\\svchost.exe","ProcessGuid":"{9D102923-0E34-2026-60E4-0A825F2C2DFB}","ProcessId":4003,"EventType":"End"}
{"UtcTime":"2026-08-12 10:08:37.000","Computer":"TN-FIN-WS042","User":"TRANSNORTE\\backup_svc","EventID":11,"Image":"C:\\Program Files\\Microsoft Office\\Office16\\OUTLOOK.EXE","ProcessGuid":"{2EC486D7-76F9-2026-E41D-C0BC4562DE37}","ProcessId":8007,"TargetFilename":"C:\\Users\\ops.cardoso\\AppData\\Local\\Temp\\office-1717.tmp"}
{"UtcTime":"2026-08-12 10:08:38.000","Computer":"TN-FIN-WS042","User":"TRANSNORTE\\ops.cardoso","EventID":1,"Image":"C:\\Windows\\System32\\conhost.exe","ProcessGuid":"{7E872901-8E54-2026-BB76-A9341236EFD1}","ProcessId":6058,"CommandLine":"C:\\Windows\\System32\\conhost.exe","ParentImage":"C:\\Windows\\System32\\services.exe","ParentProcessGuid":"{B7669FC8-AAE9-2026-57FF-45B7E6E51590}","OriginalFileName":"C:\\Windows\\System32\\conhost.exe","SHA256":"248abd17bf96ab029c69d7089eee2aa4ff6b1bb68f0b2f3731d33583953c6dad"}
{"UtcTime":"2026-08-12 10:08:39.000","Computer":"TN-FIN-WS042","User":"TRANSNORTE\\ops.cardoso","EventID":1,"Image":"C:\\Program Files\\Microsoft Office\\Office16\\OUTLOOK.EXE","ProcessGuid":"{467CD91D-5FA5-2026-445B-5C0BF7AEF10B}","ProcessId":7656,"CommandLine":"C:\\Program Files\\Microsoft Office\\Office16\\OUTLOOK.EXE","ParentImage":"C:\\Windows\\System32\\services.exe","ParentProcessGuid":"{A244D584-3791-2026-2D88-09FAAA864126}","OriginalFileName":"C:\\Program Files\\Microsoft Office\\Office16\\OUTLOOK.EXE","SHA256":"41e1df77d54bb7a612e8b7a47a8b496c4f01b2a36af4f0dbefcc83ccf3a26b4f"}
{"UtcTime":"2026-08-12 10:08:40.000","Computer":"TN-FIN-WS042","User":"TRANSNORTE\\backup_svc","EventID":13,"Image":"C:\\Program Files\\Google\\Chrome\\Application\\chrome.exe","ProcessGuid":"{B62451D4-F4FC-2026-B065-83DCFDFE8733}","ProcessId":5228,"EventType":"SetValue","TargetObject":"HKCU\\Software\\Microsoft\\Office\\16.0\\Outlook\\Resiliency\\1720","Details":"1"}
{"UtcTime":"2026-08-12 10:08:41.000","Computer":"TN-FIN-WS042","User":"TRANSNORTE\\backup_svc","EventID":11,"Image":"C:\\Windows\\System32\\svchost.exe","ProcessGuid":"{CF63A80F-AA86-2026-8B97-039870B84199}","ProcessId":6539,"TargetFilename":"C:\\Users\\ops.cardoso\\AppData\\Local\\Temp\\office-1721.tmp"}
{"UtcTime":"2026-08-12 10:08:42.000","Computer":"TN-FIN-WS042","User":"TRANSNORTE\\backup_svc","EventID":3,"Image":"C:\\Windows\\explorer.exe","ProcessGuid":"{1F273680-9659-2026-9A9D-EFA6D1AAF35A}","ProcessId":763,"DestinationIp":"10.50.10.10","DestinationPort":135,"SourceIp":"10.50.10.42","Protocol":"tcp"}
{"UtcTime":"2026-08-12 10:08:43.000","Computer":"TN-FIN-WS042","User":"TRANSNORTE\\backup_svc","EventID":5,"Image":"C:\\Windows\\System32\\conhost.exe","ProcessGuid":"{E9B9E2C4-C76C-2026-5491-2D108CDF91E0}","ProcessId":2788,"EventType":"End"}
{"UtcTime":"2026-08-12 10:08:44.000","Computer":"TN-FIN-WS042","User":"TRANSNORTE\\backup_svc","EventID":3,"Image":"C:\\Windows\\System32\\RuntimeBroker.exe","ProcessGuid":"{E7DFF9F6-C595-2026-42C2-E65FA48FA257}","ProcessId":3821,"DestinationIp":"1.1.1.1","DestinationPort":135,"SourceIp":"10.50.10.42","Protocol":"tcp"}
{"UtcTime":"2026-08-12 10:08:45.000","Computer":"TN-FIN-WS042","User":"TRANSNORTE\\backup_svc","EventID":1,"Image":"C:\\Windows\\System32\\RuntimeBroker.exe","ProcessGuid":"{83DEE861-95AE-2026-819F-D7E00917F743}","ProcessId":8081,"CommandLine":"C:\\Windows\\System32\\RuntimeBroker.exe","ParentImage":"C:\\Windows\\System32\\services.exe","ParentProcessGuid":"{4F178FB0-7FEF-2026-A3E1-869B8FC846E1}","OriginalFileName":"C:\\Windows\\System32\\RuntimeBroker.exe","SHA256":"3a3188d53992570352ee0fd16a5048a96d35cff02faf865e00a58e6229918338"}
{"UtcTime":"2026-08-12 10:08:46.000","Computer":"TN-FIN-WS042","User":"TRANSNORTE\\backup_svc","EventID":13,"Image":"C:\\Windows\\System32\\conhost.exe","ProcessGuid":"{F00CC8A9-AD4F-2026-1845-8164CEB697CC}","ProcessId":6905,"EventType":"SetValue","TargetObject":"HKCU\\Software\\Microsoft\\Office\\16.0\\Outlook\\Resiliency\\1726","Details":"1"}
{"UtcTime":"2026-08-12 10:08:47.000","Computer":"TN-FIN-WS042","User":"TRANSNORTE\\ops.cardoso","EventID":1,"Image":"C:\\Windows\\explorer.exe","ProcessGuid":"{C6DFA9D1-9811-2026-D5B4-410624852E84}","ProcessId":8046,"CommandLine":"C:\\Windows\\explorer.exe","ParentImage":"C:\\Windows\\System32\\services.exe","ParentProcessGuid":"{67BE03EA-FFBD-2026-F0F0-BC16E189B42C}","OriginalFileName":"C:\\Windows\\explorer.exe","SHA256":"9b05e97867b4c0fc893f3815a7434e8a09e6399699ada4a5505ccee48a3d9775"}
{"UtcTime":"2026-08-12 10:08:48.000","Computer":"TN-FIN-WS042","User":"TRANSNORTE\\backup_svc","EventID":11,"Image":"C:\\Windows\\System32\\RuntimeBroker.exe","ProcessGuid":"{64A78BB4-8F5E-2026-FF86-13451B1FDAEB}","ProcessId":3628,"TargetFilename":"C:\\Users\\ops.cardoso\\AppData\\Local\\Temp\\office-1728.tmp"}
{"UtcTime":"2026-08-12 10:08:49.000","Computer":"TN-FIN-WS042","User":"TRANSNORTE\\ops.cardoso","EventID":1,"Image":"C:\\Windows\\System32\\conhost.exe","ProcessGuid":"{D397E0C8-DA1F-2026-67DD-48BBAFE4E2E1}","ProcessId":3379,"CommandLine":"C:\\Windows\\System32\\conhost.exe","ParentImage":"C:\\Windows\\System32\\services.exe","ParentProcessGuid":"{397CFE7D-6715-2026-E75B-3E68C95085EC}","OriginalFileName":"C:\\Windows\\System32\\conhost.exe","SHA256":"5b6897e7360f3f84ee1170030112b14bf865480cd69ffdf4a6db3f8812397d12"}
{"UtcTime":"2026-08-12 10:08:50.000","Computer":"TN-FIN-WS042","User":"TRANSNORTE\\backup_svc","EventID":1,"Image":"C:\\Program Files\\Microsoft Office\\Office16\\OUTLOOK.EXE","ProcessGuid":"{75DA1C16-7F0A-2026-6F14-56DDDAD79B62}","ProcessId":7034,"CommandLine":"C:\\Program Files\\Microsoft Office\\Office16\\OUTLOOK.EXE","ParentImage":"C:\\Windows\\System32\\services.exe","ParentProcessGuid":"{8BC9033D-570F-2026-C7D6-2ACD9BBE8B27}","OriginalFileName":"C:\\Program Files\\Microsoft Office\\Office16\\OUTLOOK.EXE","SHA256":"4e30fea399b138f9d5c1e99fe235178efccc943ce2155a0599619d718995fe50"}
{"UtcTime":"2026-08-12 10:08:51.000","Computer":"TN-FIN-WS042","User":"TRANSNORTE\\ops.cardoso","EventID":1,"Image":"C:\\Windows\\System32\\svchost.exe","ProcessGuid":"{75C31159-178A-2026-C69C-3DDD90C6B434}","ProcessId":3781,"CommandLine":"C:\\Windows\\System32\\svchost.exe","ParentImage":"C:\\Windows\\System32\\services.exe","ParentProcessGuid":"{1BACFE19-C0B5-2026-FF15-1D311985F9EE}","OriginalFileName":"C:\\Windows\\System32\\svchost.exe","SHA256":"43e93af34a73d97a64edda6f66bc2c33281b96289f4a2a4c9d7b82adeff4e57a"}
{"UtcTime":"2026-08-12 10:08:52.000","Computer":"TN-FIN-WS042","User":"TRANSNORTE\\ops.cardoso","EventID":1,"Image":"C:\\Windows\\System32\\svchost.exe","ProcessGuid":"{B151CCD4-470F-2026-6D0A-5A062EF050F2}","ProcessId":6932,"CommandLine":"C:\\Windows\\System32\\svchost.exe","ParentImage":"C:\\Windows\\System32\\services.exe","ParentProcessGuid":"{DD3A4E73-3239-2026-A3B6-3790E6598A85}","OriginalFileName":"C:\\Windows\\System32\\svchost.exe","SHA256":"165b7e2b0f32fa3aa7d6db7f2ba71489bb65e0e00a6b904f2423005384f25f49"}
{"UtcTime":"2026-08-12 10:08:53.000","Computer":"TN-FIN-WS042","User":"TRANSNORTE\\backup_svc","EventID":13,"Image":"C:\\Windows\\System32\\svchost.exe","ProcessGuid":"{D99A42F2-7236-2026-B4BC-01626A584973}","ProcessId":6604,"EventType":"SetValue","TargetObject":"HKCU\\Software\\Microsoft\\Office\\16.0\\Outlook\\Resiliency\\1733","Details":"1"}
{"UtcTime":"2026-08-12 10:08:54.000","Computer":"TN-FIN-WS042","User":"TRANSNORTE\\ops.cardoso","EventID":1,"Image":"C:\\Program Files\\Microsoft Office\\Office16\\OUTLOOK.EXE","ProcessGuid":"{9A970857-38D7-2026-F209-E4E86476E327}","ProcessId":4776,"CommandLine":"C:\\Program Files\\Microsoft Office\\Office16\\OUTLOOK.EXE","ParentImage":"C:\\Windows\\System32\\services.exe","ParentProcessGuid":"{F6399E24-3B47-2026-2A31-7EE7D897F874}","OriginalFileName":"C:\\Program Files\\Microsoft Office\\Office16\\OUTLOOK.EXE","SHA256":"eaa0d6f12a4c23d62afcffb049ceb2069fa85c27efe7291a3344365e54a329b9"}
{"UtcTime":"2026-08-12 10:08:55.000","Computer":"TN-FIN-WS042","User":"TRANSNORTE\\backup_svc","EventID":11,"Image":"C:\\Windows\\System32\\svchost.exe","ProcessGuid":"{92085D00-D3D0-2026-EC6F-956BE3E325E4}","ProcessId":6471,"TargetFilename":"C:\\Users\\ops.cardoso\\AppData\\Local\\Temp\\office-1735.tmp"}
{"UtcTime":"2026-08-12 10:08:56.000","Computer":"TN-FIN-WS042","User":"TRANSNORTE\\backup_svc","EventID":5,"Image":"C:\\Windows\\System32\\conhost.exe","ProcessGuid":"{34CA3C12-E81D-2026-82AC-D4C5C3213034}","ProcessId":2657,"EventType":"End"}
{"UtcTime":"2026-08-12 10:08:57.000","Computer":"TN-FIN-WS042","User":"TRANSNORTE\\backup_svc","EventID":1,"Image":"C:\\Windows\\System32\\conhost.exe","ProcessGuid":"{71979DD2-64B4-2026-1E83-8D67A684B2FE}","ProcessId":2258,"CommandLine":"C:\\Windows\\System32\\conhost.exe","ParentImage":"C:\\Windows\\System32\\services.exe","ParentProcessGuid":"{BB854CBB-8B5E-2026-6DB4-95023075C36C}","OriginalFileName":"C:\\Windows\\System32\\conhost.exe","SHA256":"bbdd8b4a51df7a09e23723d5ac8e9f76f503829ff46265c415daad4c69cfb2c2"}
{"UtcTime":"2026-08-12 10:08:58.000","Computer":"TN-FIN-WS042","User":"TRANSNORTE\\ops.cardoso","EventID":1,"Image":"C:\\Windows\\System32\\conhost.exe","ProcessGuid":"{E3D42F8F-9FEF-2026-1755-6DF80E5E4382}","ProcessId":7017,"CommandLine":"C:\\Windows\\System32\\conhost.exe","ParentImage":"C:\\Windows\\System32\\services.exe","ParentProcessGuid":"{72D4B94F-E5AF-2026-58AF-A354E6B02BE6}","OriginalFileName":"C:\\Windows\\System32\\conhost.exe","SHA256":"1c3a91ab9f157d05ebd8eed1c8d41136c6a2f3628661fdb893fe8e19e98e78f8"}
{"UtcTime":"2026-08-12 10:08:59.000","Computer":"TN-FIN-WS042","User":"TRANSNORTE\\ops.cardoso","EventID":1,"Image":"C:\\Windows\\explorer.exe","ProcessGuid":"{F2070D3D-ED98-2026-098D-312F0F2CA200}","ProcessId":2647,"CommandLine":"C:\\Windows\\explorer.exe","ParentImage":"C:\\Windows\\System32\\services.exe","ParentProcessGuid":"{F99C3E59-671F-2026-9373-B3385E181C30}","OriginalFileName":"C:\\Windows\\explorer.exe","SHA256":"03c1c550cfb621078670ce34cc7ec63de360e25acb0a2d7faf1643c604230a9b"}
{"UtcTime":"2026-08-12 10:09:00.000","Computer":"TN-FIN-WS042","User":"TRANSNORTE\\ops.cardoso","EventID":13,"Image":"C:\\Windows\\System32\\RuntimeBroker.exe","ProcessGuid":"{34E2F8A6-1452-2026-D01A-EE4EA6AF52F0}","ProcessId":1306,"EventType":"SetValue","TargetObject":"HKCU\\Software\\Microsoft\\Office\\16.0\\Outlook\\Resiliency\\1740","Details":"1"}
{"UtcTime":"2026-08-12 10:09:01.000","Computer":"TN-FIN-WS042","User":"TRANSNORTE\\backup_svc","EventID":3,"Image":"C:\\Windows\\explorer.exe","ProcessGuid":"{23B4D915-5D46-2026-43AB-48664FD4E134}","ProcessId":2857,"DestinationIp":"8.8.8.8","DestinationPort":53,"SourceIp":"10.50.10.42","Protocol":"tcp"}
{"UtcTime":"2026-08-12 10:09:02.000","Computer":"TN-FIN-WS042","User":"TRANSNORTE\\backup_svc","EventID":13,"Image":"C:\\Program Files\\Microsoft Office\\Office16\\OUTLOOK.EXE","ProcessGuid":"{C17C6576-F497-2026-845C-BCE571B65D07}","ProcessId":8841,"EventType":"SetValue","TargetObject":"HKCU\\Software\\Microsoft\\Office\\16.0\\Outlook\\Resiliency\\1742","Details":"1"}
{"UtcTime":"2026-08-12 10:09:03.000","Computer":"TN-FIN-WS042","User":"TRANSNORTE\\ops.cardoso","EventID":5,"Image":"C:\\Program Files\\Microsoft Office\\Office16\\OUTLOOK.EXE","ProcessGuid":"{102EACD6-8D61-2026-64A7-45E08CD39001}","ProcessId":2918,"EventType":"End"}
{"UtcTime":"2026-08-12 10:09:04.000","Computer":"TN-FIN-WS042","User":"TRANSNORTE\\backup_svc","EventID":1,"Image":"C:\\Windows\\System32\\RuntimeBroker.exe","ProcessGuid":"{199726DB-4D01-2026-1D10-D34C70DED29E}","ProcessId":3179,"CommandLine":"C:\\Windows\\System32\\RuntimeBroker.exe","ParentImage":"C:\\Windows\\System32\\services.exe","ParentProcessGuid":"{E7AA2667-02E8-2026-E49C-F37033EEE796}","OriginalFileName":"C:\\Windows\\System32\\RuntimeBroker.exe","SHA256":"07a6ba6f2136460bbe580e48c069ffc5002562d378f43d641413e4eaea6a5dfe"}
{"UtcTime":"2026-08-12 10:09:05.000","Computer":"TN-FIN-WS042","User":"TRANSNORTE\\backup_svc","EventID":3,"Image":"C:\\Windows\\System32\\RuntimeBroker.exe","ProcessGuid":"{C23D8E96-AD98-2026-38D8-2E79E4972C96}","ProcessId":5250,"DestinationIp":"8.8.8.8","DestinationPort":8080,"SourceIp":"10.50.10.42","Protocol":"tcp"}
{"UtcTime":"2026-08-12 10:09:06.000","Computer":"TN-FIN-WS042","User":"TRANSNORTE\\ops.cardoso","EventID":11,"Image":"C:\\Windows\\System32\\svchost.exe","ProcessGuid":"{332767F5-3E2D-2026-7607-E7B6017A2052}","ProcessId":5401,"TargetFilename":"C:\\Users\\ops.cardoso\\AppData\\Local\\Temp\\office-1746.tmp"}
{"UtcTime":"2026-08-12 10:09:07.000","Computer":"TN-FIN-WS042","User":"TRANSNORTE\\backup_svc","EventID":11,"Image":"C:\\Windows\\System32\\RuntimeBroker.exe","ProcessGuid":"{BF497EF7-CDF1-2026-4C4F-FAD83315E29B}","ProcessId":7803,"TargetFilename":"C:\\Users\\ops.cardoso\\AppData\\Local\\Temp\\office-1747.tmp"}
{"UtcTime":"2026-08-12 10:09:08.000","Computer":"TN-FIN-WS042","User":"TRANSNORTE\\backup_svc","EventID":1,"Image":"C:\\Program Files\\Google\\Chrome\\Application\\chrome.exe","ProcessGuid":"{29B15F7A-6DD3-2026-4E25-FEBF82098A85}","ProcessId":8042,"CommandLine":"C:\\Program Files\\Google\\Chrome\\Application\\chrome.exe","ParentImage":"C:\\Windows\\System32\\services.exe","ParentProcessGuid":"{B33B1F31-6D29-2026-2B26-E1C89D6487E8}","OriginalFileName":"C:\\Program Files\\Google\\Chrome\\Application\\chrome.exe","SHA256":"9e9074d6186e526baba2a0a32532ba674a07d8f7849a37168242de3b96a4e9fc"}
{"UtcTime":"2026-08-12 10:09:09.000","Computer":"TN-FIN-WS042","User":"TRANSNORTE\\backup_svc","EventID":1,"Image":"C:\\Windows\\explorer.exe","ProcessGuid":"{D60A57A6-0563-2026-0732-38C7F1F0163F}","ProcessId":2116,"CommandLine":"C:\\Windows\\explorer.exe","ParentImage":"C:\\Windows\\System32\\services.exe","ParentProcessGuid":"{434CB794-B265-2026-825E-F76FF1FFED0C}","OriginalFileName":"C:\\Windows\\explorer.exe","SHA256":"05c0e0f76326cc777421101305b949b7ec4c0a16218d688bbcf3e35b9d0e17c1"}
{"UtcTime":"2026-08-12 10:09:10.000","Computer":"TN-FIN-WS042","User":"TRANSNORTE\\backup_svc","EventID":5,"Image":"C:\\Windows\\System32\\svchost.exe","ProcessGuid":"{8EE0547A-3BDD-2026-937B-AFD8F65A7712}","ProcessId":8770,"EventType":"End"}
{"UtcTime":"2026-08-12 10:09:11.000","Computer":"TN-FIN-WS042","User":"TRANSNORTE\\backup_svc","EventID":5,"Image":"C:\\Windows\\System32\\RuntimeBroker.exe","ProcessGuid":"{1FA5CC00-4ACA-2026-BBED-4BD5060E5C15}","ProcessId":4659,"EventType":"End"}
{"UtcTime":"2026-08-12 10:09:12.000","Computer":"TN-FIN-WS042","User":"TRANSNORTE\\backup_svc","EventID":3,"Image":"C:\\Windows\\System32\\RuntimeBroker.exe","ProcessGuid":"{7BFBAE7B-2390-2026-8738-F1EE938F709A}","ProcessId":7942,"DestinationIp":"10.50.10.88","DestinationPort":8080,"SourceIp":"10.50.10.42","Protocol":"tcp"}
{"UtcTime":"2026-08-12 10:09:13.000","Computer":"TN-FIN-WS042","User":"TRANSNORTE\\ops.cardoso","EventID":1,"Image":"C:\\Windows\\System32\\conhost.exe","ProcessGuid":"{86AEE126-9A40-2026-49A0-FD02A5B6A2D8}","ProcessId":3728,"CommandLine":"C:\\Windows\\System32\\conhost.exe","ParentImage":"C:\\Windows\\System32\\services.exe","ParentProcessGuid":"{62E77153-EAF5-2026-575F-463F587A1A6F}","OriginalFileName":"C:\\Windows\\System32\\conhost.exe","SHA256":"728aca70160528eadf2012cca704be5b9ac008163cd793bb57f13d7d15c5697d"}
{"UtcTime":"2026-08-12 10:09:14.000","Computer":"TN-FIN-WS042","User":"TRANSNORTE\\ops.cardoso","EventID":1,"Image":"C:\\Program Files\\Google\\Chrome\\Application\\chrome.exe","ProcessGuid":"{98CC6A54-219C-2026-CDF1-77C87243F735}","ProcessId":7607,"CommandLine":"C:\\Program Files\\Google\\Chrome\\Application\\chrome.exe","ParentImage":"C:\\Windows\\System32\\services.exe","ParentProcessGuid":"{6E7D7FF7-3C3C-2026-74C7-E54320B3E492}","OriginalFileName":"C:\\Program Files\\Google\\Chrome\\Application\\chrome.exe","SHA256":"c616a7188446bd1a41a4e0a797d22a7cdd022507bf514cb331eed72e2f034bd3"}
{"UtcTime":"2026-08-12 10:09:15.000","Computer":"TN-FIN-WS042","User":"TRANSNORTE\\backup_svc","EventID":1,"Image":"C:\\Windows\\System32\\svchost.exe","ProcessGuid":"{D5CFD4D1-C137-2026-BA47-253194DD6A0B}","ProcessId":6667,"CommandLine":"C:\\Windows\\System32\\svchost.exe","ParentImage":"C:\\Windows\\System32\\services.exe","ParentProcessGuid":"{8CDB8CDC-41E1-2026-383D-DAF9B41B7EBC}","OriginalFileName":"C:\\Windows\\System32\\svchost.exe","SHA256":"23ba90d082f4a73b48ff69dac088f2996a55725851fb212ba21cf7597ac96439"}
{"UtcTime":"2026-08-12 10:09:16.000","Computer":"TN-FIN-WS042","User":"TRANSNORTE\\backup_svc","EventID":11,"Image":"C:\\Windows\\System32\\RuntimeBroker.exe","ProcessGuid":"{90A214BE-013C-2026-4CD0-44F9A8879D8E}","ProcessId":7704,"TargetFilename":"C:\\Users\\ops.cardoso\\AppData\\Local\\Temp\\office-1756.tmp"}
{"UtcTime":"2026-08-12 10:09:17.000","Computer":"TN-FIN-WS042","User":"TRANSNORTE\\backup_svc","EventID":1,"Image":"C:\\Program Files\\Google\\Chrome\\Application\\chrome.exe","ProcessGuid":"{43FD7D83-DF09-2026-D4A0-E8DA6248D2E3}","ProcessId":4040,"CommandLine":"C:\\Program Files\\Google\\Chrome\\Application\\chrome.exe","ParentImage":"C:\\Windows\\System32\\services.exe","ParentProcessGuid":"{DAEEA6A3-E3E2-2026-1EE3-A9FFC89F01AE}","OriginalFileName":"C:\\Program Files\\Google\\Chrome\\Application\\chrome.exe","SHA256":"5a8c9e1a863526d249932b9f0cc040427c221da054beb8bfe45177f4a50c233b"}
{"UtcTime":"2026-08-12 10:09:18.000","Computer":"TN-FIN-WS042","User":"TRANSNORTE\\backup_svc","EventID":13,"Image":"C:\\Program Files\\Google\\Chrome\\Application\\chrome.exe","ProcessGuid":"{C737CCDF-ABFA-2026-FFB9-B5C5B9DDFA85}","ProcessId":2443,"EventType":"SetValue","TargetObject":"HKCU\\Software\\Microsoft\\Office\\16.0\\Outlook\\Resiliency\\1758","Details":"1"}
{"UtcTime":"2026-08-12 10:09:19.000","Computer":"TN-FIN-WS042","User":"TRANSNORTE\\ops.cardoso","EventID":1,"Image":"C:\\Windows\\System32\\conhost.exe","ProcessGuid":"{A7A99FA1-83B9-2026-4200-B105AAD9FEB8}","ProcessId":5432,"CommandLine":"C:\\Windows\\System32\\conhost.exe","ParentImage":"C:\\Windows\\System32\\services.exe","ParentProcessGuid":"{1DF8B910-A480-2026-D305-4BF81632BDAF}","OriginalFileName":"C:\\Windows\\System32\\conhost.exe","SHA256":"8f17c87e59f6358c4ff2d5ef8427af26fb3e409430fdfc3e921fc63d26f44fe8"}
{"UtcTime":"2026-08-12 10:09:20.000","Computer":"TN-FIN-WS042","User":"TRANSNORTE\\backup_svc","EventID":11,"Image":"C:\\Program Files\\Microsoft Office\\Office16\\OUTLOOK.EXE","ProcessGuid":"{69EF9817-36E4-2026-0038-687CB0FC39E9}","ProcessId":1783,"TargetFilename":"C:\\Users\\ops.cardoso\\AppData\\Local\\Temp\\office-1760.tmp"}
{"UtcTime":"2026-08-12 10:09:21.000","Computer":"TN-FIN-WS042","User":"TRANSNORTE\\backup_svc","EventID":11,"Image":"C:\\Program Files\\Microsoft Office\\Office16\\OUTLOOK.EXE","ProcessGuid":"{4C83BF2F-0E48-2026-7E2E-A91D627F6989}","ProcessId":7131,"TargetFilename":"C:\\Users\\ops.cardoso\\AppData\\Local\\Temp\\office-1761.tmp"}
{"UtcTime":"2026-08-12 10:09:22.000","Computer":"TN-FIN-WS042","User":"TRANSNORTE\\ops.cardoso","EventID":3,"Image":"C:\\Program Files\\Microsoft Office\\Office16\\OUTLOOK.EXE","ProcessGuid":"{4869247F-C7CC-2026-AF65-FCD43988D0D1}","ProcessId":556,"DestinationIp":"10.50.10.10","DestinationPort":8080,"SourceIp":"10.50.10.42","Protocol":"tcp"}
{"UtcTime":"2026-08-12 10:09:23.000","Computer":"TN-FIN-WS042","User":"TRANSNORTE\\ops.cardoso","EventID":3,"Image":"C:\\Windows\\System32\\svchost.exe","ProcessGuid":"{C034F339-C55E-2026-6DC1-66BED76E257C}","ProcessId":7522,"DestinationIp":"8.8.8.8","DestinationPort":443,"SourceIp":"10.50.10.42","Protocol":"tcp"}
{"UtcTime":"2026-08-12 10:09:24.000","Computer":"TN-FIN-WS042","User":"TRANSNORTE\\ops.cardoso","EventID":1,"Image":"C:\\Windows\\explorer.exe","ProcessGuid":"{200A93C1-CFD2-2026-B7B4-6C4BF4A99BCF}","ProcessId":3480,"CommandLine":"C:\\Windows\\explorer.exe","ParentImage":"C:\\Windows\\System32\\services.exe","ParentProcessGuid":"{3BF75CAD-AA29-2026-9F09-44F69D50067B}","OriginalFileName":"C:\\Windows\\explorer.exe","SHA256":"a9e0bbc4784dc78b4db890653856a10075b821678b3ba43400f4f49bc7c36f4c"}
{"UtcTime":"2026-08-12 10:09:25.000","Computer":"TN-FIN-WS042","User":"TRANSNORTE\\ops.cardoso","EventID":5,"Image":"C:\\Program Files\\Google\\Chrome\\Application\\chrome.exe","ProcessGuid":"{30F49AE3-9A11-2026-185D-0A231BFABBB5}","ProcessId":1000,"EventType":"End"}
{"UtcTime":"2026-08-12 10:09:26.000","Computer":"TN-FIN-WS042","User":"TRANSNORTE\\backup_svc","EventID":13,"Image":"C:\\Program Files\\Microsoft Office\\Office16\\OUTLOOK.EXE","ProcessGuid":"{5FA65F6F-E0FD-2026-85B6-7A66662130D4}","ProcessId":461,"EventType":"SetValue","TargetObject":"HKCU\\Software\\Microsoft\\Office\\16.0\\Outlook\\Resiliency\\1766","Details":"1"}
{"UtcTime":"2026-08-12 10:09:27.000","Computer":"TN-FIN-WS042","User":"TRANSNORTE\\ops.cardoso","EventID":11,"Image":"C:\\Windows\\System32\\RuntimeBroker.exe","ProcessGuid":"{82BC5568-8B3C-2026-C681-50876E79815D}","ProcessId":3771,"TargetFilename":"C:\\Users\\ops.cardoso\\AppData\\Local\\Temp\\office-1767.tmp"}
{"UtcTime":"2026-08-12 10:09:28.000","Computer":"TN-FIN-WS042","User":"TRANSNORTE\\ops.cardoso","EventID":13,"Image":"C:\\Program Files\\Microsoft Office\\Office16\\OUTLOOK.EXE","ProcessGuid":"{C593C2B0-D964-2026-106F-FB693655A77E}","ProcessId":2584,"EventType":"SetValue","TargetObject":"HKCU\\Software\\Microsoft\\Office\\16.0\\Outlook\\Resiliency\\1768","Details":"1"}
{"UtcTime":"2026-08-12 10:09:29.000","Computer":"TN-FIN-WS042","User":"TRANSNORTE\\backup_svc","EventID":13,"Image":"C:\\Windows\\System32\\RuntimeBroker.exe","ProcessGuid":"{B3312B65-F1B0-2026-5EC8-C504023DF7A1}","ProcessId":474,"EventType":"SetValue","TargetObject":"HKCU\\Software\\Microsoft\\Office\\16.0\\Outlook\\Resiliency\\1769","Details":"1"}
{"UtcTime":"2026-08-12 10:09:30.000","Computer":"TN-FIN-WS042","User":"TRANSNORTE\\backup_svc","EventID":13,"Image":"C:\\Program Files\\Microsoft Office\\Office16\\OUTLOOK.EXE","ProcessGuid":"{87B4F236-C0DE-2026-3C57-18F962F88849}","ProcessId":7101,"EventType":"SetValue","TargetObject":"HKCU\\Software\\Microsoft\\Office\\16.0\\Outlook\\Resiliency\\1770","Details":"1"}
{"UtcTime":"2026-08-12 10:09:31.000","Computer":"TN-FIN-WS042","User":"TRANSNORTE\\backup_svc","EventID":3,"Image":"C:\\Program Files\\Microsoft Office\\Office16\\OUTLOOK.EXE","ProcessGuid":"{254EAB51-73C1-2026-43EF-7D133B8125CD}","ProcessId":7661,"DestinationIp":"1.1.1.1","DestinationPort":8080,"SourceIp":"10.50.10.42","Protocol":"tcp"}
{"UtcTime":"2026-08-12 10:09:32.000","Computer":"TN-FIN-WS042","User":"TRANSNORTE\\ops.cardoso","EventID":13,"Image":"C:\\Program Files\\Microsoft Office\\Office16\\OUTLOOK.EXE","ProcessGuid":"{76782FBC-62D0-2026-2BF5-AA2ECFF6EA55}","ProcessId":5628,"EventType":"SetValue","TargetObject":"HKCU\\Software\\Microsoft\\Office\\16.0\\Outlook\\Resiliency\\1772","Details":"1"}
{"UtcTime":"2026-08-12 10:09:33.000","Computer":"TN-FIN-WS042","User":"TRANSNORTE\\ops.cardoso","EventID":13,"Image":"C:\\Windows\\System32\\svchost.exe","ProcessGuid":"{0C0D2E76-768D-2026-E9A2-555C404776FB}","ProcessId":2592,"EventType":"SetValue","TargetObject":"HKCU\\Software\\Microsoft\\Office\\16.0\\Outlook\\Resiliency\\1773","Details":"1"}
{"UtcTime":"2026-08-12 10:09:34.000","Computer":"TN-FIN-WS042","User":"TRANSNORTE\\ops.cardoso","EventID":13,"Image":"C:\\Program Files\\Google\\Chrome\\Application\\chrome.exe","ProcessGuid":"{517DE28A-AD53-2026-840D-17D57423D19E}","ProcessId":5354,"EventType":"SetValue","TargetObject":"HKCU\\Software\\Microsoft\\Office\\16.0\\Outlook\\Resiliency\\1774","Details":"1"}
{"UtcTime":"2026-08-12 10:09:35.000","Computer":"TN-FIN-WS042","User":"TRANSNORTE\\backup_svc","EventID":5,"Image":"C:\\Windows\\explorer.exe","ProcessGuid":"{185B3E58-0793-2026-043A-14BFF90A8195}","ProcessId":4252,"EventType":"End"}
{"UtcTime":"2026-08-12 10:09:36.000","Computer":"TN-FIN-WS042","User":"TRANSNORTE\\ops.cardoso","EventID":1,"Image":"C:\\Program Files\\Google\\Chrome\\Application\\chrome.exe","ProcessGuid":"{05C74496-EDE5-2026-38FE-6B1E7F98B0CB}","ProcessId":1798,"CommandLine":"C:\\Program Files\\Google\\Chrome\\Application\\chrome.exe","ParentImage":"C:\\Windows\\System32\\services.exe","ParentProcessGuid":"{97D65FE3-35D7-2026-830F-0363E31F542B}","OriginalFileName":"C:\\Program Files\\Google\\Chrome\\Application\\chrome.exe","SHA256":"d963eede2121bd5d80bc96ea7936850cca47f7acd7ffc7613d6bc87781573a70"}
{"UtcTime":"2026-08-12 10:09:37.000","Computer":"TN-FIN-WS042","User":"TRANSNORTE\\backup_svc","EventID":11,"Image":"C:\\Windows\\System32\\conhost.exe","ProcessGuid":"{D0E17A18-4BD4-2026-3EA6-38F9E5998293}","ProcessId":4487,"TargetFilename":"C:\\Users\\ops.cardoso\\AppData\\Local\\Temp\\office-1777.tmp"}
{"UtcTime":"2026-08-12 10:09:38.000","Computer":"TN-FIN-WS042","User":"TRANSNORTE\\backup_svc","EventID":5,"Image":"C:\\Windows\\System32\\svchost.exe","ProcessGuid":"{17F1C0E5-E3C9-2026-EAEA-CF8E9438049E}","ProcessId":3369,"EventType":"End"}
{"UtcTime":"2026-08-12 10:09:39.000","Computer":"TN-FIN-WS042","User":"TRANSNORTE\\backup_svc","EventID":1,"Image":"C:\\Windows\\System32\\conhost.exe","ProcessGuid":"{4DAF5371-8331-2026-F53D-E424FA125E32}","ProcessId":7591,"CommandLine":"C:\\Windows\\System32\\conhost.exe","ParentImage":"C:\\Windows\\System32\\services.exe","ParentProcessGuid":"{02A25A21-E3E4-2026-E7E6-C95A4C2F5CE4}","OriginalFileName":"C:\\Windows\\System32\\conhost.exe","SHA256":"3c455be781a279e820e5a35f85b221cb640edb00035ef3f2c65592badfdfa0e1"}
{"UtcTime":"2026-08-12 10:09:40.000","Computer":"TN-FIN-WS042","User":"TRANSNORTE\\ops.cardoso","EventID":11,"Image":"C:\\Windows\\System32\\svchost.exe","ProcessGuid":"{21EE6272-9D10-2026-73AC-536C6FC06D3B}","ProcessId":6603,"TargetFilename":"C:\\Users\\ops.cardoso\\AppData\\Local\\Temp\\office-1780.tmp"}
{"UtcTime":"2026-08-12 10:09:41.000","Computer":"TN-FIN-WS042","User":"TRANSNORTE\\backup_svc","EventID":1,"Image":"C:\\Windows\\System32\\conhost.exe","ProcessGuid":"{9DFCD412-8A34-2026-CFFF-29C680BE3380}","ProcessId":7712,"CommandLine":"C:\\Windows\\System32\\conhost.exe","ParentImage":"C:\\Windows\\System32\\services.exe","ParentProcessGuid":"{92B9B44D-973C-2026-8A0B-C5F8AF3E02A0}","OriginalFileName":"C:\\Windows\\System32\\conhost.exe","SHA256":"c499ef671f558117292108f07d3b43995e218d1bdfefba7b26e047341d46075f"}
{"UtcTime":"2026-08-12 10:09:42.000","Computer":"TN-FIN-WS042","User":"TRANSNORTE\\ops.cardoso","EventID":13,"Image":"C:\\Program Files\\Google\\Chrome\\Application\\chrome.exe","ProcessGuid":"{E5C4DB5B-A8FB-2026-0443-24EE4EBBBA67}","ProcessId":5943,"EventType":"SetValue","TargetObject":"HKCU\\Software\\Microsoft\\Office\\16.0\\Outlook\\Resiliency\\1782","Details":"1"}
{"UtcTime":"2026-08-12 10:09:43.000","Computer":"TN-FIN-WS042","User":"TRANSNORTE\\backup_svc","EventID":13,"Image":"C:\\Windows\\explorer.exe","ProcessGuid":"{DDC59324-7D88-2026-68D0-CAA2A8331EA4}","ProcessId":1517,"EventType":"SetValue","TargetObject":"HKCU\\Software\\Microsoft\\Office\\16.0\\Outlook\\Resiliency\\1783","Details":"1"}
{"UtcTime":"2026-08-12 10:09:44.000","Computer":"TN-FIN-WS042","User":"TRANSNORTE\\backup_svc","EventID":13,"Image":"C:\\Windows\\explorer.exe","ProcessGuid":"{7723E4FF-8519-2026-4F40-C9B000389219}","ProcessId":7388,"EventType":"SetValue","TargetObject":"HKCU\\Software\\Microsoft\\Office\\16.0\\Outlook\\Resiliency\\1784","Details":"1"}
{"UtcTime":"2026-08-12 10:09:45.000","Computer":"TN-FIN-WS042","User":"TRANSNORTE\\backup_svc","EventID":5,"Image":"C:\\Program Files\\Microsoft Office\\Office16\\OUTLOOK.EXE","ProcessGuid":"{7545A365-0448-2026-91F2-F39695DEE12F}","ProcessId":7528,"EventType":"End"}
{"UtcTime":"2026-08-12 10:09:46.000","Computer":"TN-FIN-WS042","User":"TRANSNORTE\\ops.cardoso","EventID":1,"Image":"C:\\Windows\\System32\\RuntimeBroker.exe","ProcessGuid":"{F12DA6A3-5A8F-2026-1CFC-468CBA7D2107}","ProcessId":1066,"CommandLine":"C:\\Windows\\System32\\RuntimeBroker.exe","ParentImage":"C:\\Windows\\System32\\services.exe","ParentProcessGuid":"{F119CAC9-428D-2026-1C83-B6D40665CE4F}","OriginalFileName":"C:\\Windows\\System32\\RuntimeBroker.exe","SHA256":"1bc54038e65a47e6e27f16109fb9c4a97046baf591d6ef6a7ac90d4c46c22fbf"}
{"UtcTime":"2026-08-12 10:09:47.000","Computer":"TN-FIN-WS042","User":"TRANSNORTE\\backup_svc","EventID":1,"Image":"C:\\Windows\\System32\\svchost.exe","ProcessGuid":"{B0FBAE50-CE5F-2026-0C18-C41AE5869765}","ProcessId":4156,"CommandLine":"C:\\Windows\\System32\\svchost.exe","ParentImage":"C:\\Windows\\System32\\services.exe","ParentProcessGuid":"{1403D816-5CFD-2026-020A-6E6D9B208785}","OriginalFileName":"C:\\Windows\\System32\\svchost.exe","SHA256":"3ad3dd557deedd2e2879838c047844830a12e6a193ab21ac6c571e0ac49a642a"}
{"UtcTime":"2026-08-12 10:09:48.000","Computer":"TN-FIN-WS042","User":"TRANSNORTE\\ops.cardoso","EventID":5,"Image":"C:\\Windows\\System32\\RuntimeBroker.exe","ProcessGuid":"{47200994-6585-2026-2280-D796CF3A63AA}","ProcessId":7738,"EventType":"End"}
{"UtcTime":"2026-08-12 10:09:49.000","Computer":"TN-FIN-WS042","User":"TRANSNORTE\\ops.cardoso","EventID":13,"Image":"C:\\Windows\\System32\\conhost.exe","ProcessGuid":"{F3FE58BF-5FFA-2026-907C-4706E1F4A1EE}","ProcessId":4490,"EventType":"SetValue","TargetObject":"HKCU\\Software\\Microsoft\\Office\\16.0\\Outlook\\Resiliency\\1789","Details":"1"}
{"UtcTime":"2026-08-12 10:09:50.000","Computer":"TN-FIN-WS042","User":"TRANSNORTE\\ops.cardoso","EventID":1,"Image":"C:\\Program Files\\Google\\Chrome\\Application\\chrome.exe","ProcessGuid":"{20927BC5-8516-2026-776E-FF1DC662BC7C}","ProcessId":3352,"CommandLine":"C:\\Program Files\\Google\\Chrome\\Application\\chrome.exe","ParentImage":"C:\\Windows\\System32\\services.exe","ParentProcessGuid":"{4B4251AB-CF2E-2026-EB67-2FF2DA4441B6}","OriginalFileName":"C:\\Program Files\\Google\\Chrome\\Application\\chrome.exe","SHA256":"5dafa7147ce9b20b9a025096180f71b3ae5de9e63dc4435c0b1c0409c44127fb"}
{"UtcTime":"2026-08-12 10:09:51.000","Computer":"TN-FIN-WS042","User":"TRANSNORTE\\backup_svc","EventID":3,"Image":"C:\\Windows\\System32\\RuntimeBroker.exe","ProcessGuid":"{29BEB609-5412-2026-3B37-025671167270}","ProcessId":2233,"DestinationIp":"10.50.10.10","DestinationPort":443,"SourceIp":"10.50.10.42","Protocol":"tcp"}
{"UtcTime":"2026-08-12 10:09:52.000","Computer":"TN-FIN-WS042","User":"TRANSNORTE\\backup_svc","EventID":3,"Image":"C:\\Windows\\explorer.exe","ProcessGuid":"{C706E724-7DD2-2026-7663-279E02215AE6}","ProcessId":1482,"DestinationIp":"10.50.10.88","DestinationPort":53,"SourceIp":"10.50.10.42","Protocol":"tcp"}
{"UtcTime":"2026-08-12 10:09:53.000","Computer":"TN-FIN-WS042","User":"TRANSNORTE\\backup_svc","EventID":1,"Image":"C:\\Windows\\System32\\svchost.exe","ProcessGuid":"{B6A7B1AB-6A6C-2026-7142-4A346A7D0A0D}","ProcessId":8439,"CommandLine":"C:\\Windows\\System32\\svchost.exe","ParentImage":"C:\\Windows\\System32\\services.exe","ParentProcessGuid":"{177AA64C-3E8B-2026-DAC1-7DB6E6415206}","OriginalFileName":"C:\\Windows\\System32\\svchost.exe","SHA256":"847a6c323959b97df6ec85e5d8949bbf79e619bd87ede2abfb607f504587059c"}
{"UtcTime":"2026-08-12 10:09:54.000","Computer":"TN-FIN-WS042","User":"TRANSNORTE\\backup_svc","EventID":1,"Image":"C:\\Program Files\\Microsoft Office\\Office16\\OUTLOOK.EXE","ProcessGuid":"{4698E34F-656E-2026-037B-37671EEB19C9}","ProcessId":4102,"CommandLine":"C:\\Program Files\\Microsoft Office\\Office16\\OUTLOOK.EXE","ParentImage":"C:\\Windows\\System32\\services.exe","ParentProcessGuid":"{2A91338E-7569-2026-9379-930E805DF22F}","OriginalFileName":"C:\\Program Files\\Microsoft Office\\Office16\\OUTLOOK.EXE","SHA256":"cef3b4ee99cde90ca3ab222866c47744a5cfaa3937eda83160a6668245d2b6b4"}
{"UtcTime":"2026-08-12 10:09:55.000","Computer":"TN-FIN-WS042","User":"TRANSNORTE\\ops.cardoso","EventID":1,"Image":"C:\\Windows\\explorer.exe","ProcessGuid":"{B36B9673-67EE-2026-22F0-47AA0B996B3B}","ProcessId":684,"CommandLine":"C:\\Windows\\explorer.exe","ParentImage":"C:\\Windows\\System32\\services.exe","ParentProcessGuid":"{804AA484-D505-2026-DB51-507F59D95068}","OriginalFileName":"C:\\Windows\\explorer.exe","SHA256":"947d17063b8061f2b5c10c9548dedb5a4bbab2bbac14bb57df8f632ef9d736e5"}
{"UtcTime":"2026-08-12 10:09:56.000","Computer":"TN-FIN-WS042","User":"TRANSNORTE\\backup_svc","EventID":1,"Image":"C:\\Windows\\System32\\RuntimeBroker.exe","ProcessGuid":"{BD87ED3D-771F-2026-0D01-7CCC19399DF2}","ProcessId":3951,"CommandLine":"C:\\Windows\\System32\\RuntimeBroker.exe","ParentImage":"C:\\Windows\\System32\\services.exe","ParentProcessGuid":"{27AB5E8D-BA60-2026-FF85-1646F834E0C4}","OriginalFileName":"C:\\Windows\\System32\\RuntimeBroker.exe","SHA256":"6c6819aa6b140662d9f076d04cd60a3ee7bbeb5696743cdcaaa3ac48df5ba4bf"}
{"UtcTime":"2026-08-12 10:09:57.000","Computer":"TN-FIN-WS042","User":"TRANSNORTE\\backup_svc","EventID":3,"Image":"C:\\Windows\\System32\\RuntimeBroker.exe","ProcessGuid":"{B7F3B427-F011-2026-8413-18D4C3201916}","ProcessId":3352,"DestinationIp":"10.50.10.88","DestinationPort":8080,"SourceIp":"10.50.10.42","Protocol":"tcp"}
{"UtcTime":"2026-08-12 10:09:58.000","Computer":"TN-FIN-WS042","User":"TRANSNORTE\\backup_svc","EventID":13,"Image":"C:\\Windows\\System32\\conhost.exe","ProcessGuid":"{700E3009-5097-2026-0D79-63AAD038C5E6}","ProcessId":6468,"EventType":"SetValue","TargetObject":"HKCU\\Software\\Microsoft\\Office\\16.0\\Outlook\\Resiliency\\1798","Details":"1"}
{"UtcTime":"2026-08-12 10:09:59.000","Computer":"TN-FIN-WS042","User":"TRANSNORTE\\ops.cardoso","EventID":1,"Image":"C:\\Program Files\\Google\\Chrome\\Application\\chrome.exe","ProcessGuid":"{2C99495A-B8A9-2026-2576-E76647D5E79F}","ProcessId":5282,"CommandLine":"C:\\Program Files\\Google\\Chrome\\Application\\chrome.exe","ParentImage":"C:\\Windows\\System32\\services.exe","ParentProcessGuid":"{28035D5D-EA4B-2026-B157-6ED553482F80}","OriginalFileName":"C:\\Program Files\\Google\\Chrome\\Application\\chrome.exe","SHA256":"b16e602fa4c84ab3e9de8ee712ee6402ca4d3179c979f79930b998728de2449f"}
{"UtcTime":"2026-08-12 10:10:00.000","Computer":"TN-FIN-WS042","User":"TRANSNORTE\\backup_svc","EventID":11,"Image":"C:\\Windows\\explorer.exe","ProcessGuid":"{729C6C7C-26EE-2026-347F-C46872C2D95A}","ProcessId":5168,"TargetFilename":"C:\\Users\\ops.cardoso\\AppData\\Local\\Temp\\office-1800.tmp"}
{"UtcTime":"2026-08-12 10:10:01.000","Computer":"TN-FIN-WS042","User":"TRANSNORTE\\ops.cardoso","EventID":1,"Image":"C:\\Windows\\explorer.exe","ProcessGuid":"{26D1F98A-7A94-2026-E136-126B238F467D}","ProcessId":5670,"CommandLine":"C:\\Windows\\explorer.exe","ParentImage":"C:\\Windows\\System32\\services.exe","ParentProcessGuid":"{F442732B-3519-2026-D36D-0F644E389087}","OriginalFileName":"C:\\Windows\\explorer.exe","SHA256":"14ede8eb7c7740b3cd2cfec59d854626d4600048b982d1e5b87f350dc2eb3854"}
{"UtcTime":"2026-08-12 10:10:02.000","Computer":"TN-FIN-WS042","User":"TRANSNORTE\\ops.cardoso","EventID":5,"Image":"C:\\Windows\\explorer.exe","ProcessGuid":"{EAD42A33-7099-2026-DCA4-E7D25FF3FDF2}","ProcessId":1813,"EventType":"End"}
{"UtcTime":"2026-08-12 10:10:03.000","Computer":"TN-FIN-WS042","User":"TRANSNORTE\\backup_svc","EventID":1,"Image":"C:\\Windows\\System32\\RuntimeBroker.exe","ProcessGuid":"{D0904ABF-5AE2-2026-ECF0-D180638A02DD}","ProcessId":3553,"CommandLine":"C:\\Windows\\System32\\RuntimeBroker.exe","ParentImage":"C:\\Windows\\System32\\services.exe","ParentProcessGuid":"{0722E4DF-8A0B-2026-3B24-5228C315207A}","OriginalFileName":"C:\\Windows\\System32\\RuntimeBroker.exe","SHA256":"b256d6b2739a0fec549c41c33d6815d6e348df420ecb135e6da2d9b08f1df47f"}
