{"UtcTime":"2026-08-12 15:29:44.000","Computer":"CLM-MESA-014","User":"CLM\\mesa","EventID":1,"Image":"C:\\Windows\\explorer.exe","ProcessGuid":"{46C4C236-F585-2026-767A-52162C848ECA}","ProcessId":3016,"CommandLine":"C:\\Windows\\explorer.exe","ParentImage":"C:\\Windows\\System32\\services.exe","ParentProcessGuid":"{DE946741-054D-2026-8D78-140ADACC5608}","OriginalFileName":"C:\\Windows\\explorer.exe"}
{"UtcTime":"2026-08-12 15:29:45.000","Computer":"CLM-MESA-014","User":"CLM\\ops","EventID":13,"Image":"C:\\Program Files\\Microsoft Office\\Office16\\EXCEL.EXE","ProcessGuid":"{6D359D6E-0705-2026-C52B-61781C8DB15B}","ProcessId":1300,"EventType":"SetValue","TargetObject":"HKCU\\Software\\CLM\\Mesa\\Pref\\4785","Details":"1"}
{"UtcTime":"2026-08-12 15:29:46.000","Computer":"CLM-MESA-014","User":"CLM\\mesa","EventID":1,"Image":"C:\\Windows\\explorer.exe","ProcessGuid":"{A25025FC-53FB-2026-5836-262C94ED7933}","ProcessId":2083,"CommandLine":"C:\\Windows\\explorer.exe","ParentImage":"C:\\Windows\\System32\\services.exe","ParentProcessGuid":"{7138261A-E3FC-2026-9B31-B5C4B544E0DB}","OriginalFileName":"C:\\Windows\\explorer.exe"}
{"UtcTime":"2026-08-12 15:29:47.000","Computer":"CLM-MESA-014","User":"CLM\\backoffice","EventID":5,"Image":"C:\\Program Files\\Microsoft Office\\Office16\\EXCEL.EXE","ProcessGuid":"{E7A69413-95B0-2026-46B9-9D05D966997F}","ProcessId":3106,"EventType":"End"}
{"UtcTime":"2026-08-12 15:29:48.000","Computer":"CLM-MESA-014","User":"CLM\\mesa","EventID":13,"Image":"C:\\Windows\\explorer.exe","ProcessGuid":"{D3680571-9133-2026-360C-001A73CBAF47}","ProcessId":5843,"EventType":"SetValue","TargetObject":"HKCU\\Software\\CLM\\Mesa\\Pref\\4788","Details":"1"}
{"UtcTime":"2026-08-12 15:29:49.000","Computer":"CLM-MESA-014","User":"CLM\\backoffice","EventID":5,"Image":"C:\\Windows\\System32\\svchost.exe","ProcessGuid":"{37497872-CF26-2026-97CE-EEA1791345F0}","ProcessId":8532,"EventType":"End"}
{"UtcTime":"2026-08-12 15:29:50.000","Computer":"CLM-MESA-014","User":"CLM\\ops","EventID":5,"Image":"C:\\Program Files\\Microsoft Office\\Office16\\EXCEL.EXE","ProcessGuid":"{334933BE-6634-2026-AE3D-74261BA639D0}","ProcessId":7110,"EventType":"End"}
{"UtcTime":"2026-08-12 15:29:51.000","Computer":"CLM-MESA-014","User":"CLM\\backoffice","EventID":5,"Image":"C:\\Windows\\System32\\conhost.exe","ProcessGuid":"{E734C4CB-EA7D-2026-6E17-879ECFD7BCDD}","ProcessId":7401,"EventType":"End"}
{"UtcTime":"2026-08-12 15:29:52.000","Computer":"CLM-MESA-014","User":"CLM\\ops","EventID":13,"Image":"C:\\Windows\\System32\\RuntimeBroker.exe","ProcessGuid":"{FEC64338-3679-2026-02F6-746AC66E8322}","ProcessId":4874,"EventType":"SetValue","TargetObject":"HKCU\\Software\\CLM\\Mesa\\Pref\\4792","Details":"1"}
{"UtcTime":"2026-08-12 15:29:53.000","Computer":"CLM-MESA-014","User":"CLM\\mesa","EventID":11,"Image":"C:\\Windows\\System32\\RuntimeBroker.exe","ProcessGuid":"{699ED535-6D59-2026-21AB-2F6DC42FE2D5}","ProcessId":1662,"TargetFilename":"C:\\Users\\Public\\Temp\\mesa-4793.tmp"}
{"UtcTime":"2026-08-12 15:29:54.000","Computer":"CLM-MESA-014","User":"CLM\\backoffice","EventID":1,"Image":"C:\\Program Files\\Google\\Chrome\\Application\\chrome.exe","ProcessGuid":"{85A5C7A3-758C-2026-97B6-74C6A433E253}","ProcessId":1961,"CommandLine":"C:\\Program Files\\Google\\Chrome\\Application\\chrome.exe","ParentImage":"C:\\Windows\\System32\\services.exe","ParentProcessGuid":"{46E9D9D5-E82E-2026-168F-0E9BDA1E4557}","OriginalFileName":"C:\\Program Files\\Google\\Chrome\\Application\\chrome.exe"}
{"UtcTime":"2026-08-12 15:29:55.000","Computer":"CLM-MESA-014","User":"CLM\\backoffice","EventID":13,"Image":"C:\\Windows\\explorer.exe","ProcessGuid":"{237AD3A1-9E1F-2026-2D03-A27B9F415E81}","ProcessId":7716,"EventType":"SetValue","TargetObject":"HKCU\\Software\\CLM\\Mesa\\Pref\\4795","Details":"1"}
{"UtcTime":"2026-08-12 15:29:56.000","Computer":"CLM-MESA-014","User":"CLM\\ops","EventID":1,"Image":"C:\\Program Files\\Google\\Chrome\\Application\\chrome.exe","ProcessGuid":"{0FEC8DD4-8F77-2026-27D9-19978A609196}","ProcessId":7363,"CommandLine":"C:\\Program Files\\Google\\Chrome\\Application\\chrome.exe","ParentImage":"C:\\Windows\\System32\\services.exe","ParentProcessGuid":"{8CF3FDF8-4D38-2026-4C03-DBFA5773C602}","OriginalFileName":"C:\\Program Files\\Google\\Chrome\\Application\\chrome.exe"}
{"UtcTime":"2026-08-12 15:29:57.000","Computer":"CLM-MESA-014","User":"CLM\\backoffice","EventID":3,"Image":"C:\\Program Files\\Microsoft Office\\Office16\\EXCEL.EXE","ProcessGuid":"{7DCB9DD1-E172-2026-B4E1-1211E98039CA}","ProcessId":6776,"DestinationIp":"10.70.30.1","DestinationPort":8080,"DestinationHostname":"ntp.clm.liquidacao","SourceIp":"10.70.30.14","Protocol":"tcp"}
{"UtcTime":"2026-08-12 15:29:58.000","Computer":"CLM-MESA-014","User":"CLM\\ops","EventID":11,"Image":"C:\\Program Files\\Microsoft Office\\Office16\\EXCEL.EXE","ProcessGuid":"{44B932CF-14A3-2026-17EF-4AFE715DFE72}","ProcessId":4345,"TargetFilename":"C:\\Users\\Public\\Temp\\mesa-4798.tmp"}
{"UtcTime":"2026-08-12 15:29:59.000","Computer":"CLM-MESA-014","User":"CLM\\backoffice","EventID":5,"Image":"C:\\Windows\\System32\\RuntimeBroker.exe","ProcessGuid":"{EE2D1C2D-2F54-2026-9F44-42676B7FF237}","ProcessId":7753,"EventType":"End"}
{"UtcTime":"2026-08-12 15:30:00.000","Computer":"CLM-MESA-014","User":"CLM\\backoffice","EventID":3,"Image":"C:\\Windows\\System32\\conhost.exe","ProcessGuid":"{E5343C90-C85F-2026-35E2-B8D9A212F466}","ProcessId":429,"DestinationIp":"1.1.1.1","DestinationPort":8080,"DestinationHostname":"ntp.clm.liquidacao","SourceIp":"10.70.30.14","Protocol":"tcp"}
{"UtcTime":"2026-08-12 15:30:01.000","Computer":"CLM-MESA-014","User":"CLM\\ops","EventID":13,"Image":"C:\\Windows\\System32\\svchost.exe","ProcessGuid":"{889823BE-EF8C-2026-7AD6-A6F9DD7E7BB5}","ProcessId":572,"EventType":"SetValue","TargetObject":"HKCU\\Software\\CLM\\Mesa\\Pref\\4801","Details":"1"}
{"UtcTime":"2026-08-12 15:30:02.000","Computer":"CLM-MESA-014","User":"CLM\\backoffice","EventID":13,"Image":"C:\\Program Files\\Google\\Chrome\\Application\\chrome.exe","ProcessGuid":"{BFB6B34F-68B8-2026-7ACB-1326AC709AB4}","ProcessId":3804,"EventType":"SetValue","TargetObject":"HKCU\\Software\\CLM\\Mesa\\Pref\\4802","Details":"1"}
{"UtcTime":"2026-08-12 15:30:03.000","Computer":"CLM-MESA-014","User":"CLM\\backoffice","EventID":1,"Image":"C:\\Windows\\System32\\RuntimeBroker.exe","ProcessGuid":"{66571DE7-541C-2026-20B3-909D189F2972}","ProcessId":5426,"CommandLine":"C:\\Windows\\System32\\RuntimeBroker.exe","ParentImage":"C:\\Windows\\System32\\services.exe","ParentProcessGuid":"{65D5E893-885A-2026-7965-498DBCBDD4CC}","OriginalFileName":"C:\\Windows\\System32\\RuntimeBroker.exe"}
{"UtcTime":"2026-08-12 15:30:04.000","Computer":"CLM-MESA-014","User":"CLM\\backoffice","EventID":11,"Image":"C:\\Windows\\System32\\RuntimeBroker.exe","ProcessGuid":"{7A5BC172-C753-2026-6DCC-EB0EE4E778A5}","ProcessId":1251,"TargetFilename":"C:\\Users\\Public\\Temp\\mesa-4804.tmp"}
{"UtcTime":"2026-08-12 15:30:05.000","Computer":"CLM-MESA-014","User":"CLM\\mesa","EventID":1,"Image":"C:\\Windows\\System32\\conhost.exe","ProcessGuid":"{C4EBE491-80BB-2026-2A74-607868A4C514}","ProcessId":8789,"CommandLine":"C:\\Windows\\System32\\conhost.exe","ParentImage":"C:\\Windows\\System32\\services.exe","ParentProcessGuid":"{DF900E3F-3E9B-2026-1187-C1FCEAF50179}","OriginalFileName":"C:\\Windows\\System32\\conhost.exe"}
{"UtcTime":"2026-08-12 15:30:06.000","Computer":"CLM-MESA-014","User":"CLM\\mesa","EventID":5,"Image":"C:\\Windows\\System32\\svchost.exe","ProcessGuid":"{0B03ADF4-531B-2026-706D-28790B76A4F8}","ProcessId":3263,"EventType":"End"}
{"UtcTime":"2026-08-12 15:30:07.000","Computer":"CLM-MESA-014","User":"CLM\\ops","EventID":13,"Image":"C:\\Windows\\System32\\svchost.exe","ProcessGuid":"{31614C74-8C75-2026-508E-D65C2C6F211B}","ProcessId":7270,"EventType":"SetValue","TargetObject":"HKCU\\Software\\CLM\\Mesa\\Pref\\4807","Details":"1"}
{"UtcTime":"2026-08-12 15:30:08.000","Computer":"CLM-MESA-014","User":"CLM\\ops","EventID":13,"Image":"C:\\Windows\\System32\\svchost.exe","ProcessGuid":"{0D79CDB9-E5EC-2026-F82E-9289E51BF25E}","ProcessId":8340,"EventType":"SetValue","TargetObject":"HKCU\\Software\\CLM\\Mesa\\Pref\\4808","Details":"1"}
{"UtcTime":"2026-08-12 15:30:09.000","Computer":"CLM-MESA-014","User":"CLM\\backoffice","EventID":1,"Image":"C:\\Windows\\System32\\RuntimeBroker.exe","ProcessGuid":"{8E3B44B7-1133-2026-243C-9F1E205F897B}","ProcessId":2663,"CommandLine":"C:\\Windows\\System32\\RuntimeBroker.exe","ParentImage":"C:\\Windows\\System32\\services.exe","ParentProcessGuid":"{F11F228A-C5A6-2026-6D88-324951D9BC7D}","OriginalFileName":"C:\\Windows\\System32\\RuntimeBroker.exe"}
{"UtcTime":"2026-08-12 15:30:10.000","Computer":"CLM-MESA-014","User":"CLM\\backoffice","EventID":11,"Image":"C:\\Windows\\explorer.exe","ProcessGuid":"{F5061D03-2033-2026-5002-315C8897BBCB}","ProcessId":1977,"TargetFilename":"C:\\Users\\Public\\Temp\\mesa-4810.tmp"}
{"UtcTime":"2026-08-12 15:30:11.000","Computer":"CLM-MESA-014","User":"CLM\\ops","EventID":13,"Image":"C:\\Program Files\\Microsoft Office\\Office16\\EXCEL.EXE","ProcessGuid":"{549B4E20-2D0F-2026-8D2B-11ACDC6D812C}","ProcessId":6170,"EventType":"SetValue","TargetObject":"HKCU\\Software\\CLM\\Mesa\\Pref\\4811","Details":"1"}
{"UtcTime":"2026-08-12 15:30:12.000","Computer":"CLM-MESA-014","User":"CLM\\mesa","EventID":3,"Image":"C:\\Program Files\\Google\\Chrome\\Application\\chrome.exe","ProcessGuid":"{626D97A4-E3AC-2026-89BA-2D4E61A07991}","ProcessId":7916,"DestinationIp":"1.1.1.1","DestinationPort":53,"DestinationHostname":"ntp.clm.liquidacao","SourceIp":"10.70.30.14","Protocol":"tcp"}
{"UtcTime":"2026-08-12 15:30:13.000","Computer":"CLM-MESA-014","User":"CLM\\backoffice","EventID":13,"Image":"C:\\Windows\\System32\\RuntimeBroker.exe","ProcessGuid":"{3A7F26AD-D466-2026-E5C0-08BB5FCEBAA5}","ProcessId":5009,"EventType":"SetValue","TargetObject":"HKCU\\Software\\CLM\\Mesa\\Pref\\4813","Details":"1"}
{"UtcTime":"2026-08-12 15:30:14.000","Computer":"CLM-MESA-014","User":"CLM\\ops","EventID":13,"Image":"C:\\Windows\\System32\\conhost.exe","ProcessGuid":"{69CB6BCE-AD60-2026-D53B-912CFE857EE1}","ProcessId":4866,"EventType":"SetValue","TargetObject":"HKCU\\Software\\CLM\\Mesa\\Pref\\4814","Details":"1"}
{"UtcTime":"2026-08-12 15:30:15.000","Computer":"CLM-MESA-014","User":"CLM\\backoffice","EventID":13,"Image":"C:\\Program Files\\Google\\Chrome\\Application\\chrome.exe","ProcessGuid":"{4D17F85E-C3BE-2026-006F-72CBE54B4461}","ProcessId":1284,"EventType":"SetValue","TargetObject":"HKCU\\Software\\CLM\\Mesa\\Pref\\4815","Details":"1"}
{"UtcTime":"2026-08-12 15:30:16.000","Computer":"CLM-MESA-014","User":"CLM\\mesa","EventID":1,"Image":"C:\\Windows\\explorer.exe","ProcessGuid":"{ACE65A24-A7AF-2026-9E34-6FFD30380419}","ProcessId":1429,"CommandLine":"C:\\Windows\\explorer.exe","ParentImage":"C:\\Windows\\System32\\services.exe","ParentProcessGuid":"{52DC470F-191D-2026-B427-A310D7E8E329}","OriginalFileName":"C:\\Windows\\explorer.exe"}
{"UtcTime":"2026-08-12 15:30:17.000","Computer":"CLM-MESA-014","User":"CLM\\backoffice","EventID":1,"Image":"C:\\Windows\\System32\\svchost.exe","ProcessGuid":"{5D50ED04-900C-2026-ABAB-2909EA4C0952}","ProcessId":1393,"CommandLine":"C:\\Windows\\System32\\svchost.exe","ParentImage":"C:\\Windows\\System32\\services.exe","ParentProcessGuid":"{54BB90F8-0EE3-2026-365B-CF15475490FF}","OriginalFileName":"C:\\Windows\\System32\\svchost.exe"}
{"UtcTime":"2026-08-12 15:30:18.000","Computer":"CLM-MESA-014","User":"CLM\\mesa","EventID":1,"Image":"C:\\Windows\\explorer.exe","ProcessGuid":"{36EDEC88-18B0-2026-39EF-F0A1BC3ABE91}","ProcessId":8538,"CommandLine":"C:\\Windows\\explorer.exe","ParentImage":"C:\\Windows\\System32\\services.exe","ParentProcessGuid":"{80BCE12E-61FE-2026-CC23-80F2BADC611A}","OriginalFileName":"C:\\Windows\\explorer.exe"}
{"UtcTime":"2026-08-12 15:30:19.000","Computer":"CLM-MESA-014","User":"CLM\\mesa","EventID":1,"Image":"C:\\Windows\\System32\\RuntimeBroker.exe","ProcessGuid":"{9E67D3BB-3CA7-2026-4C38-4D1C3C07F6B6}","ProcessId":2057,"CommandLine":"C:\\Windows\\System32\\RuntimeBroker.exe","ParentImage":"C:\\Windows\\System32\\services.exe","ParentProcessGuid":"{7A6819BF-3739-2026-CAFF-43CFCA01BF9B}","OriginalFileName":"C:\\Windows\\System32\\RuntimeBroker.exe"}
{"UtcTime":"2026-08-12 15:30:20.000","Computer":"CLM-MESA-014","User":"CLM\\backoffice","EventID":1,"Image":"C:\\Program Files\\Google\\Chrome\\Application\\chrome.exe","ProcessGuid":"{9BB34210-3E93-2026-23BE-856A2921047A}","ProcessId":3508,"CommandLine":"C:\\Program Files\\Google\\Chrome\\Application\\chrome.exe","ParentImage":"C:\\Windows\\System32\\services.exe","ParentProcessGuid":"{D54D7178-21E1-2026-ED0D-EEC13F135CE0}","OriginalFileName":"C:\\Program Files\\Google\\Chrome\\Application\\chrome.exe"}
{"UtcTime":"2026-08-12 15:30:21.000","Computer":"CLM-MESA-014","User":"CLM\\mesa","EventID":11,"Image":"C:\\Windows\\System32\\svchost.exe","ProcessGuid":"{18BFBEE1-6FEE-2026-08DF-27DBCC404B0D}","ProcessId":3731,"TargetFilename":"C:\\Users\\Public\\Temp\\mesa-4821.tmp"}
{"UtcTime":"2026-08-12 15:30:22.000","Computer":"CLM-MESA-014","User":"CLM\\backoffice","EventID":13,"Image":"C:\\Windows\\System32\\svchost.exe","ProcessGuid":"{2DF12C41-0CCD-2026-8FF7-09D6E90BEA82}","ProcessId":2476,"EventType":"SetValue","TargetObject":"HKCU\\Software\\CLM\\Mesa\\Pref\\4822","Details":"1"}
{"UtcTime":"2026-08-12 15:30:23.000","Computer":"CLM-MESA-014","User":"CLM\\mesa","EventID":1,"Image":"C:\\Windows\\System32\\RuntimeBroker.exe","ProcessGuid":"{33E191A9-0ACC-2026-CFFE-3F01F56410D7}","ProcessId":8961,"CommandLine":"C:\\Windows\\System32\\RuntimeBroker.exe","ParentImage":"C:\\Windows\\System32\\services.exe","ParentProcessGuid":"{3087E22B-DB46-2026-306C-5C1BCFD8F6B9}","OriginalFileName":"C:\\Windows\\System32\\RuntimeBroker.exe"}
{"UtcTime":"2026-08-12 15:30:24.000","Computer":"CLM-MESA-014","User":"CLM\\mesa","EventID":5,"Image":"C:\\Program Files\\Google\\Chrome\\Application\\chrome.exe","ProcessGuid":"{A98CD3DF-1D58-2026-8D5B-F7010DE1802B}","ProcessId":5312,"EventType":"End"}
{"UtcTime":"2026-08-12 15:30:25.000","Computer":"CLM-MESA-014","User":"CLM\\ops","EventID":1,"Image":"C:\\Program Files\\Microsoft Office\\Office16\\EXCEL.EXE","ProcessGuid":"{9A6F0A47-32A9-2026-25B4-B2AADAD0DCF0}","ProcessId":652,"CommandLine":"C:\\Program Files\\Microsoft Office\\Office16\\EXCEL.EXE","ParentImage":"C:\\Windows\\System32\\services.exe","ParentProcessGuid":"{9D4A0C5E-6E1F-2026-FA01-CAC6B4655216}","OriginalFileName":"C:\\Program Files\\Microsoft Office\\Office16\\EXCEL.EXE"}
{"UtcTime":"2026-08-12 15:30:26.000","Computer":"CLM-MESA-014","User":"CLM\\ops","EventID":5,"Image":"C:\\Windows\\System32\\conhost.exe","ProcessGuid":"{2AC491ED-4AD8-2026-23DA-6C412A8B70E4}","ProcessId":1853,"EventType":"End"}
{"UtcTime":"2026-08-12 15:30:27.000","Computer":"CLM-MESA-014","User":"CLM\\backoffice","EventID":11,"Image":"C:\\Windows\\explorer.exe","ProcessGuid":"{69CF2621-AA9C-2026-D3BC-9DFBAA83206F}","ProcessId":8759,"TargetFilename":"C:\\Users\\Public\\Temp\\mesa-4827.tmp"}
{"UtcTime":"2026-08-12 15:30:28.000","Computer":"CLM-MESA-014","User":"CLM\\ops","EventID":11,"Image":"C:\\Program Files\\Google\\Chrome\\Application\\chrome.exe","ProcessGuid":"{867F52FD-6583-2026-D9AA-72C74F0E56A9}","ProcessId":6471,"TargetFilename":"C:\\Users\\Public\\Temp\\mesa-4828.tmp"}
{"UtcTime":"2026-08-12 15:30:29.000","Computer":"CLM-MESA-014","User":"CLM\\backoffice","EventID":13,"Image":"C:\\Windows\\explorer.exe","ProcessGuid":"{B89388B7-CD49-2026-B5C3-0C14E9C4CA09}","ProcessId":1445,"EventType":"SetValue","TargetObject":"HKCU\\Software\\CLM\\Mesa\\Pref\\4829","Details":"1"}
{"UtcTime":"2026-08-12 15:30:30.000","Computer":"CLM-MESA-014","User":"CLM\\mesa","EventID":3,"Image":"C:\\Program Files\\Google\\Chrome\\Application\\chrome.exe","ProcessGuid":"{8A213869-594C-2026-D187-7B4E245BFE3F}","ProcessId":4932,"DestinationIp":"10.70.30.1","DestinationPort":135,"DestinationHostname":"ntp.clm.liquidacao","SourceIp":"10.70.30.14","Protocol":"tcp"}
{"UtcTime":"2026-08-12 15:30:31.000","Computer":"CLM-MESA-014","User":"CLM\\ops","EventID":1,"Image":"C:\\Windows\\System32\\RuntimeBroker.exe","ProcessGuid":"{A3FC6B61-7A85-2026-ABDC-0FFCD8D0D9FF}","ProcessId":3783,"CommandLine":"C:\\Windows\\System32\\RuntimeBroker.exe","ParentImage":"C:\\Windows\\System32\\services.exe","ParentProcessGuid":"{A291132F-5657-2026-A913-BAD14D836D2C}","OriginalFileName":"C:\\Windows\\System32\\RuntimeBroker.exe"}
{"UtcTime":"2026-08-12 15:30:32.000","Computer":"CLM-MESA-014","User":"CLM\\ops","EventID":1,"Image":"C:\\Windows\\System32\\svchost.exe","ProcessGuid":"{5FB926DF-DF14-2026-431F-7978829D40D5}","ProcessId":1428,"CommandLine":"C:\\Windows\\System32\\svchost.exe","ParentImage":"C:\\Windows\\System32\\services.exe","ParentProcessGuid":"{C6529285-39FE-2026-25A5-D682B68019CA}","OriginalFileName":"C:\\Windows\\System32\\svchost.exe"}
{"UtcTime":"2026-08-12 15:30:33.000","Computer":"CLM-MESA-014","User":"CLM\\backoffice","EventID":3,"Image":"C:\\Windows\\System32\\svchost.exe","ProcessGuid":"{1683F1F4-7876-2026-E440-238F5A28424A}","ProcessId":3717,"DestinationIp":"8.8.8.8","DestinationPort":8080,"DestinationHostname":"ntp.clm.liquidacao","SourceIp":"10.70.30.14","Protocol":"tcp"}
{"UtcTime":"2026-08-12 15:30:34.000","Computer":"CLM-MESA-014","User":"CLM\\ops","EventID":1,"Image":"C:\\Windows\\explorer.exe","ProcessGuid":"{F07D445E-D022-2026-5179-4390B6505713}","ProcessId":2049,"CommandLine":"C:\\Windows\\explorer.exe","ParentImage":"C:\\Windows\\System32\\services.exe","ParentProcessGuid":"{B94524E4-2906-2026-3622-452EDD262CA0}","OriginalFileName":"C:\\Windows\\explorer.exe"}
{"UtcTime":"2026-08-12 15:30:35.000","Computer":"CLM-MESA-014","User":"CLM\\ops","EventID":13,"Image":"C:\\Windows\\System32\\conhost.exe","ProcessGuid":"{80E0FC7E-ADB2-2026-1ECD-9333462D540F}","ProcessId":8172,"EventType":"SetValue","TargetObject":"HKCU\\Software\\CLM\\Mesa\\Pref\\4835","Details":"1"}
{"UtcTime":"2026-08-12 15:30:36.000","Computer":"CLM-MESA-014","User":"CLM\\ops","EventID":1,"Image":"C:\\Program Files\\Microsoft Office\\Office16\\EXCEL.EXE","ProcessGuid":"{82227E90-EA5B-2026-8AAE-1BEE78FB3EE3}","ProcessId":5799,"CommandLine":"C:\\Program Files\\Microsoft Office\\Office16\\EXCEL.EXE","ParentImage":"C:\\Windows\\System32\\services.exe","ParentProcessGuid":"{3C74C0A9-94AF-2026-77B9-FCD892DBE5D6}","OriginalFileName":"C:\\Program Files\\Microsoft Office\\Office16\\EXCEL.EXE"}
{"UtcTime":"2026-08-12 15:30:37.000","Computer":"CLM-MESA-014","User":"CLM\\backoffice","EventID":1,"Image":"C:\\Windows\\explorer.exe","ProcessGuid":"{09B6972F-6D61-2026-8EDD-5A6D61610ADF}","ProcessId":5594,"CommandLine":"C:\\Windows\\explorer.exe","ParentImage":"C:\\Windows\\System32\\services.exe","ParentProcessGuid":"{B737F517-6841-2026-4507-749913922539}","OriginalFileName":"C:\\Windows\\explorer.exe"}
{"UtcTime":"2026-08-12 15:30:38.000","Computer":"CLM-MESA-014","User":"CLM\\ops","EventID":1,"Image":"C:\\Windows\\explorer.exe","ProcessGuid":"{025DE563-B097-2026-0356-A69C3AA042DB}","ProcessId":4992,"CommandLine":"C:\\Windows\\explorer.exe","ParentImage":"C:\\Windows\\System32\\services.exe","ParentProcessGuid":"{8BB2DC79-9C2E-2026-6A6F-670C7331FB17}","OriginalFileName":"C:\\Windows\\explorer.exe"}
{"UtcTime":"2026-08-12 15:30:39.000","Computer":"CLM-MESA-014","User":"CLM\\backoffice","EventID":11,"Image":"C:\\Program Files\\Microsoft Office\\Office16\\EXCEL.EXE","ProcessGuid":"{41BF3C5D-26FB-2026-6258-12470BA430D6}","ProcessId":8004,"TargetFilename":"C:\\Users\\Public\\Temp\\mesa-4839.tmp"}
{"UtcTime":"2026-08-12 15:30:40.000","Computer":"CLM-MESA-014","User":"CLM\\mesa","EventID":1,"Image":"C:\\Program Files\\Google\\Chrome\\Application\\chrome.exe","ProcessGuid":"{500ABF27-C200-2026-0CFB-E644E5DC697D}","ProcessId":5412,"CommandLine":"C:\\Program Files\\Google\\Chrome\\Application\\chrome.exe","ParentImage":"C:\\Windows\\System32\\services.exe","ParentProcessGuid":"{D043358A-5E2F-2026-4E03-431134858063}","OriginalFileName":"C:\\Program Files\\Google\\Chrome\\Application\\chrome.exe"}
{"UtcTime":"2026-08-12 15:30:41.000","Computer":"CLM-MESA-014","User":"CLM\\backoffice","EventID":1,"Image":"C:\\Program Files\\Microsoft Office\\Office16\\EXCEL.EXE","ProcessGuid":"{D896C18A-D3BB-2026-4BB7-F2A1B623CB90}","ProcessId":2821,"CommandLine":"C:\\Program Files\\Microsoft Office\\Office16\\EXCEL.EXE","ParentImage":"C:\\Windows\\System32\\services.exe","ParentProcessGuid":"{74C4E1E4-33C9-2026-E820-0F532B5B84EB}","OriginalFileName":"C:\\Program Files\\Microsoft Office\\Office16\\EXCEL.EXE"}
{"UtcTime":"2026-08-12 15:30:42.000","Computer":"CLM-MESA-014","User":"CLM\\ops","EventID":5,"Image":"C:\\Windows\\System32\\RuntimeBroker.exe","ProcessGuid":"{37288DF8-50E7-2026-667F-DD66AE67FA9E}","ProcessId":6129,"EventType":"End"}
{"UtcTime":"2026-08-12 15:30:43.000","Computer":"CLM-MESA-014","User":"CLM\\ops","EventID":11,"Image":"C:\\Windows\\System32\\svchost.exe","ProcessGuid":"{29043174-5371-2026-D6DA-EC66983AAB42}","ProcessId":7840,"TargetFilename":"C:\\Users\\Public\\Temp\\mesa-4843.tmp"}
{"UtcTime":"2026-08-12 15:30:44.000","Computer":"CLM-MESA-014","User":"CLM\\mesa","EventID":5,"Image":"C:\\Windows\\System32\\RuntimeBroker.exe","ProcessGuid":"{156AFD03-B213-2026-3161-2817EE1E1C5A}","ProcessId":2701,"EventType":"End"}
{"UtcTime":"2026-08-12 15:30:45.000","Computer":"CLM-MESA-014","User":"CLM\\mesa","EventID":5,"Image":"C:\\Program Files\\Google\\Chrome\\Application\\chrome.exe","ProcessGuid":"{C2651565-63AE-2026-7E6E-CD1176D49AE6}","ProcessId":8099,"EventType":"End"}
{"UtcTime":"2026-08-12 15:30:46.000","Computer":"CLM-MESA-014","User":"CLM\\ops","EventID":5,"Image":"C:\\Windows\\explorer.exe","ProcessGuid":"{17491D2A-C36E-2026-BE30-DBAC0AEBFE12}","ProcessId":5730,"EventType":"End"}
{"UtcTime":"2026-08-12 15:30:47.000","Computer":"CLM-MESA-014","User":"CLM\\mesa","EventID":11,"Image":"C:\\Windows\\explorer.exe","ProcessGuid":"{28A34ED1-6FFB-2026-09F4-0F98D278E981}","ProcessId":8843,"TargetFilename":"C:\\Users\\Public\\Temp\\mesa-4847.tmp"}
{"UtcTime":"2026-08-12 15:30:48.000","Computer":"CLM-MESA-014","User":"CLM\\mesa","EventID":11,"Image":"C:\\Program Files\\Microsoft Office\\Office16\\EXCEL.EXE","ProcessGuid":"{8C636482-D847-2026-8A38-AFF5CF647303}","ProcessId":4945,"TargetFilename":"C:\\Users\\Public\\Temp\\mesa-4848.tmp"}
{"UtcTime":"2026-08-12 15:30:49.000","Computer":"CLM-MESA-014","User":"CLM\\backoffice","EventID":11,"Image":"C:\\Program Files\\Google\\Chrome\\Application\\chrome.exe","ProcessGuid":"{A87DA65A-B0B5-2026-BDA7-DB076440C57F}","ProcessId":5590,"TargetFilename":"C:\\Users\\Public\\Temp\\mesa-4849.tmp"}
{"UtcTime":"2026-08-12 15:30:50.000","Computer":"CLM-MESA-014","User":"CLM\\mesa","EventID":13,"Image":"C:\\Program Files\\Microsoft Office\\Office16\\EXCEL.EXE","ProcessGuid":"{FC0659B4-A546-2026-C2E8-B29361FFFFE1}","ProcessId":8988,"EventType":"SetValue","TargetObject":"HKCU\\Software\\CLM\\Mesa\\Pref\\4850","Details":"1"}
{"UtcTime":"2026-08-12 15:30:51.000","Computer":"CLM-MESA-014","User":"CLM\\ops","EventID":13,"Image":"C:\\Program Files\\Microsoft Office\\Office16\\EXCEL.EXE","ProcessGuid":"{95599AB9-AB54-2026-F414-D4D0712DC01B}","ProcessId":5948,"EventType":"SetValue","TargetObject":"HKCU\\Software\\CLM\\Mesa\\Pref\\4851","Details":"1"}
{"UtcTime":"2026-08-12 15:30:52.000","Computer":"CLM-MESA-014","User":"CLM\\mesa","EventID":1,"Image":"C:\\Windows\\System32\\RuntimeBroker.exe","ProcessGuid":"{FA052BE2-C42A-2026-6F36-AFDFB43B4DB5}","ProcessId":8761,"CommandLine":"C:\\Windows\\System32\\RuntimeBroker.exe","ParentImage":"C:\\Windows\\System32\\services.exe","ParentProcessGuid":"{2E898796-7206-2026-944E-DA6AE3251F0E}","OriginalFileName":"C:\\Windows\\System32\\RuntimeBroker.exe"}
{"UtcTime":"2026-08-12 15:30:53.000","Computer":"CLM-MESA-014","User":"CLM\\ops","EventID":5,"Image":"C:\\Windows\\System32\\conhost.exe","ProcessGuid":"{620E66DD-A96E-2026-62C7-80CECBEAF555}","ProcessId":5698,"EventType":"End"}
{"UtcTime":"2026-08-12 15:30:54.000","Computer":"CLM-MESA-014","User":"CLM\\backoffice","EventID":1,"Image":"C:\\Windows\\System32\\RuntimeBroker.exe","ProcessGuid":"{6340BE10-AD88-2026-6C52-4BEBF319951A}","ProcessId":483,"CommandLine":"C:\\Windows\\System32\\RuntimeBroker.exe","ParentImage":"C:\\Windows\\System32\\services.exe","ParentProcessGuid":"{5CE9899D-ED60-2026-5400-A28E33CB1D09}","OriginalFileName":"C:\\Windows\\System32\\RuntimeBroker.exe"}
{"UtcTime":"2026-08-12 15:30:55.000","Computer":"CLM-MESA-014","User":"CLM\\mesa","EventID":1,"Image":"C:\\Program Files\\Microsoft Office\\Office16\\EXCEL.EXE","ProcessGuid":"{3B8CB6C4-D535-2026-B00C-D69B9D183F97}","ProcessId":978,"CommandLine":"C:\\Program Files\\Microsoft Office\\Office16\\EXCEL.EXE","ParentImage":"C:\\Windows\\System32\\services.exe","ParentProcessGuid":"{C819BFBF-63A7-2026-C376-A83396AE80A4}","OriginalFileName":"C:\\Program Files\\Microsoft Office\\Office16\\EXCEL.EXE"}
{"UtcTime":"2026-08-12 15:30:56.000","Computer":"CLM-MESA-014","User":"CLM\\backoffice","EventID":5,"Image":"C:\\Windows\\explorer.exe","ProcessGuid":"{E7496987-84A8-2026-C0A0-DAF63625B383}","ProcessId":1699,"EventType":"End"}
{"UtcTime":"2026-08-12 15:30:57.000","Computer":"CLM-MESA-014","User":"CLM\\mesa","EventID":1,"Image":"C:\\Windows\\System32\\RuntimeBroker.exe","ProcessGuid":"{E155571D-48BC-2026-4EFD-D2864CB0A52E}","ProcessId":8610,"CommandLine":"C:\\Windows\\System32\\RuntimeBroker.exe","ParentImage":"C:\\Windows\\System32\\services.exe","ParentProcessGuid":"{4BE95147-766D-2026-87CB-EFFB06FEF061}","OriginalFileName":"C:\\Windows\\System32\\RuntimeBroker.exe"}
{"UtcTime":"2026-08-12 15:30:58.000","Computer":"CLM-MESA-014","User":"CLM\\mesa","EventID":1,"Image":"C:\\Windows\\System32\\svchost.exe","ProcessGuid":"{49630B65-64AE-2026-3102-980F3C9DA0E6}","ProcessId":7347,"CommandLine":"C:\\Windows\\System32\\svchost.exe","ParentImage":"C:\\Windows\\System32\\services.exe","ParentProcessGuid":"{CA393DDA-AD03-2026-5681-EDE08CDA6B60}","OriginalFileName":"C:\\Windows\\System32\\svchost.exe"}
{"UtcTime":"2026-08-12 15:30:59.000","Computer":"CLM-MESA-014","User":"CLM\\mesa","EventID":1,"Image":"C:\\Program Files\\Google\\Chrome\\Application\\chrome.exe","ProcessGuid":"{3CCA4BF6-6D0D-2026-E61F-781713D2B202}","ProcessId":4049,"CommandLine":"C:\\Program Files\\Google\\Chrome\\Application\\chrome.exe","ParentImage":"C:\\Windows\\System32\\services.exe","ParentProcessGuid":"{64530CE4-1463-2026-1868-BAF534BE8224}","OriginalFileName":"C:\\Program Files\\Google\\Chrome\\Application\\chrome.exe"}
{"UtcTime":"2026-08-12 15:31:00.000","Computer":"CLM-MESA-014","User":"CLM\\mesa","EventID":5,"Image":"C:\\Windows\\System32\\svchost.exe","ProcessGuid":"{AB095A44-DFCF-2026-5E48-1C8E97FCBFCB}","ProcessId":5640,"EventType":"End"}
{"UtcTime":"2026-08-12 15:31:01.000","Computer":"CLM-MESA-014","User":"CLM\\mesa","EventID":11,"Image":"C:\\Windows\\System32\\RuntimeBroker.exe","ProcessGuid":"{C257BA9E-D4A6-2026-72E2-E93118337C94}","ProcessId":1463,"TargetFilename":"C:\\Users\\Public\\Temp\\mesa-4861.tmp"}
{"UtcTime":"2026-08-12 15:31:02.000","Computer":"CLM-MESA-014","User":"CLM\\mesa","EventID":1,"Image":"C:\\Windows\\System32\\RuntimeBroker.exe","ProcessGuid":"{5D6DCB00-75C4-2026-735D-DE86C5881013}","ProcessId":1325,"CommandLine":"C:\\Windows\\System32\\RuntimeBroker.exe","ParentImage":"C:\\Windows\\System32\\services.exe","ParentProcessGuid":"{D5E80995-8F16-2026-D8F0-AD01A8EBBC0E}","OriginalFileName":"C:\\Windows\\System32\\RuntimeBroker.exe"}
{"UtcTime":"2026-08-12 15:31:03.000","Computer":"CLM-MESA-014","User":"CLM\\ops","EventID":5,"Image":"C:\\Windows\\System32\\RuntimeBroker.exe","ProcessGuid":"{4FD003F9-D611-2026-6A4C-CF7E8EBEB3BF}","ProcessId":7989,"EventType":"End"}
{"UtcTime":"2026-08-12 15:31:04.000","Computer":"CLM-MESA-014","User":"CLM\\backoffice","EventID":1,"Image":"C:\\Windows\\System32\\svchost.exe","ProcessGuid":"{A6C9D728-E586-2026-83DB-E10782B76E46}","ProcessId":6208,"CommandLine":"C:\\Windows\\System32\\svchost.exe","ParentImage":"C:\\Windows\\System32\\services.exe","ParentProcessGuid":"{4F1B5231-1A9B-2026-6E18-32842CA7B23F}","OriginalFileName":"C:\\Windows\\System32\\svchost.exe"}
{"UtcTime":"2026-08-12 15:31:05.000","Computer":"CLM-MESA-014","User":"CLM\\backoffice","EventID":1,"Image":"C:\\Windows\\System32\\conhost.exe","ProcessGuid":"{54C6BECF-0040-2026-36AC-9BCD3A690845}","ProcessId":6958,"CommandLine":"C:\\Windows\\System32\\conhost.exe","ParentImage":"C:\\Windows\\System32\\services.exe","ParentProcessGuid":"{0470F3B4-0CFD-2026-6E09-9FD4915B3663}","OriginalFileName":"C:\\Windows\\System32\\conhost.exe"}
{"UtcTime":"2026-08-12 15:31:06.000","Computer":"CLM-MESA-014","User":"CLM\\mesa","EventID":1,"Image":"C:\\Program Files\\Microsoft Office\\Office16\\EXCEL.EXE","ProcessGuid":"{06FDEE68-6DF5-2026-5B98-4CE0CFCD7F4C}","ProcessId":6328,"CommandLine":"C:\\Program Files\\Microsoft Office\\Office16\\EXCEL.EXE","ParentImage":"C:\\Windows\\System32\\services.exe","ParentProcessGuid":"{AE7F03B6-C3FA-2026-A3C4-4A1C7DA28C41}","OriginalFileName":"C:\\Program Files\\Microsoft Office\\Office16\\EXCEL.EXE"}
{"UtcTime":"2026-08-12 15:31:07.000","Computer":"CLM-MESA-014","User":"CLM\\backoffice","EventID":1,"Image":"C:\\Program Files\\Microsoft Office\\Office16\\EXCEL.EXE","ProcessGuid":"{16D117F6-9508-2026-726D-D94850677374}","ProcessId":1484,"CommandLine":"C:\\Program Files\\Microsoft Office\\Office16\\EXCEL.EXE","ParentImage":"C:\\Windows\\System32\\services.exe","ParentProcessGuid":"{EC1EA7C6-730E-2026-1DE0-433F6B77F330}","OriginalFileName":"C:\\Program Files\\Microsoft Office\\Office16\\EXCEL.EXE"}
{"UtcTime":"2026-08-12 15:31:08.000","Computer":"CLM-MESA-014","User":"CLM\\mesa","EventID":5,"Image":"C:\\Windows\\System32\\conhost.exe","ProcessGuid":"{E697E33A-4A22-2026-5E24-AF41302CEB96}","ProcessId":534,"EventType":"End"}
{"UtcTime":"2026-08-12 15:31:09.000","Computer":"CLM-MESA-014","User":"CLM\\backoffice","EventID":3,"Image":"C:\\Program Files\\Microsoft Office\\Office16\\EXCEL.EXE","ProcessGuid":"{15D50A99-4205-2026-B20F-E9DC416FAEA1}","ProcessId":3680,"DestinationIp":"1.1.1.1","DestinationPort":135,"DestinationHostname":"ntp.clm.liquidacao","SourceIp":"10.70.30.14","Protocol":"tcp"}
{"UtcTime":"2026-08-12 15:31:10.000","Computer":"CLM-MESA-014","User":"CLM\\ops","EventID":1,"Image":"C:\\Windows\\System32\\conhost.exe","ProcessGuid":"{F8188594-9FC8-2026-DB35-72AED9C70567}","ProcessId":5427,"CommandLine":"C:\\Windows\\System32\\conhost.exe","ParentImage":"C:\\Windows\\System32\\services.exe","ParentProcessGuid":"{6DFD2962-3F5E-2026-2A18-D8A515F19B06}","OriginalFileName":"C:\\Windows\\System32\\conhost.exe"}
{"UtcTime":"2026-08-12 15:31:11.000","Computer":"CLM-MESA-014","User":"CLM\\mesa","EventID":3,"Image":"C:\\Windows\\System32\\conhost.exe","ProcessGuid":"{84CF9DE7-CEFA-2026-337B-2972958D50E7}","ProcessId":2384,"DestinationIp":"10.70.30.8","DestinationPort":135,"DestinationHostname":"portal.clm.liquidacao","SourceIp":"10.70.30.14","Protocol":"tcp"}
{"UtcTime":"2026-08-12 15:31:12.000","Computer":"CLM-MESA-014","User":"CLM\\ops","EventID":1,"Image":"C:\\Program Files\\Microsoft Office\\Office16\\EXCEL.EXE","ProcessGuid":"{178842E7-8F07-2026-FA4F-66F5A87E6933}","ProcessId":6496,"CommandLine":"C:\\Program Files\\Microsoft Office\\Office16\\EXCEL.EXE","ParentImage":"C:\\Windows\\System32\\services.exe","ParentProcessGuid":"{D5189C11-7658-2026-401D-C430A780B9C8}","OriginalFileName":"C:\\Program Files\\Microsoft Office\\Office16\\EXCEL.EXE"}
{"UtcTime":"2026-08-12 15:31:13.000","Computer":"CLM-MESA-014","User":"CLM\\backoffice","EventID":11,"Image":"C:\\Windows\\System32\\svchost.exe","ProcessGuid":"{E16326D5-39DE-2026-18BF-C5B3D2642027}","ProcessId":4689,"TargetFilename":"C:\\Users\\Public\\Temp\\mesa-4873.tmp"}
{"UtcTime":"2026-08-12 15:31:14.000","Computer":"CLM-MESA-014","User":"CLM\\backoffice","EventID":5,"Image":"C:\\Windows\\System32\\RuntimeBroker.exe","ProcessGuid":"{AED8819B-216E-2026-3191-C5C7093E6272}","ProcessId":1314,"EventType":"End"}
{"UtcTime":"2026-08-12 15:31:15.000","Computer":"CLM-MESA-014","User":"CLM\\mesa","EventID":1,"Image":"C:\\Windows\\System32\\RuntimeBroker.exe","ProcessGuid":"{7CA8E538-3688-2026-A4BD-8F8030E2C06F}","ProcessId":8865,"CommandLine":"C:\\Windows\\System32\\RuntimeBroker.exe","ParentImage":"C:\\Windows\\System32\\services.exe","ParentProcessGuid":"{70A0F0AB-55E2-2026-D076-0FD732EDE1A0}","OriginalFileName":"C:\\Windows\\System32\\RuntimeBroker.exe"}
{"UtcTime":"2026-08-12 15:31:16.000","Computer":"CLM-MESA-014","User":"CLM\\ops","EventID":1,"Image":"C:\\Program Files\\Google\\Chrome\\Application\\chrome.exe","ProcessGuid":"{BEA3D249-37C9-2026-1391-B956074836AC}","ProcessId":5030,"CommandLine":"C:\\Program Files\\Google\\Chrome\\Application\\chrome.exe","ParentImage":"C:\\Windows\\System32\\services.exe","ParentProcessGuid":"{7ACD34A7-65F1-2026-774D-45DE3A0B90F2}","OriginalFileName":"C:\\Program Files\\Google\\Chrome\\Application\\chrome.exe"}
{"UtcTime":"2026-08-12 15:31:17.000","Computer":"CLM-MESA-014","User":"CLM\\backoffice","EventID":5,"Image":"C:\\Program Files\\Microsoft Office\\Office16\\EXCEL.EXE","ProcessGuid":"{929A6DF6-5F24-2026-F36C-AB94BC28912B}","ProcessId":616,"EventType":"End"}
{"UtcTime":"2026-08-12 15:31:18.000","Computer":"CLM-MESA-014","User":"CLM\\ops","EventID":1,"Image":"C:\\Windows\\System32\\svchost.exe","ProcessGuid":"{03401340-8998-2026-FAD5-55292D98C9B2}","ProcessId":5325,"CommandLine":"C:\\Windows\\System32\\svchost.exe","ParentImage":"C:\\Windows\\System32\\services.exe","ParentProcessGuid":"{7BB09785-E265-2026-8ADE-6FFE725997C7}","OriginalFileName":"C:\\Windows\\System32\\svchost.exe"}
{"UtcTime":"2026-08-12 15:31:19.000","Computer":"CLM-MESA-014","User":"CLM\\mesa","EventID":11,"Image":"C:\\Windows\\explorer.exe","ProcessGuid":"{9E6E2937-5603-2026-4377-88C2DCF61972}","ProcessId":7949,"TargetFilename":"C:\\Users\\Public\\Temp\\mesa-4879.tmp"}
{"UtcTime":"2026-08-12 15:31:20.000","Computer":"CLM-MESA-014","User":"CLM\\ops","EventID":11,"Image":"C:\\Windows\\System32\\conhost.exe","ProcessGuid":"{971911BF-B40C-2026-B2EF-9CF388733721}","ProcessId":8831,"TargetFilename":"C:\\Users\\Public\\Temp\\mesa-4880.tmp"}
{"UtcTime":"2026-08-12 15:31:21.000","Computer":"CLM-MESA-014","User":"CLM\\mesa","EventID":1,"Image":"C:\\Windows\\System32\\svchost.exe","ProcessGuid":"{1692D6D0-EA3B-2026-AAD7-D1E24C0E8B44}","ProcessId":5646,"CommandLine":"C:\\Windows\\System32\\svchost.exe","ParentImage":"C:\\Windows\\System32\\services.exe","ParentProcessGuid":"{DF96FD82-53DE-2026-9018-ACD726435563}","OriginalFileName":"C:\\Windows\\System32\\svchost.exe"}
{"UtcTime":"2026-08-12 15:31:22.000","Computer":"CLM-MESA-014","User":"CLM\\ops","EventID":1,"Image":"C:\\Windows\\System32\\conhost.exe","ProcessGuid":"{CFDBFC0A-2FF2-2026-777F-CD6DFFB79426}","ProcessId":6770,"CommandLine":"C:\\Windows\\System32\\conhost.exe","ParentImage":"C:\\Windows\\System32\\services.exe","ParentProcessGuid":"{A129D367-6932-2026-941E-2900DAC358A5}","OriginalFileName":"C:\\Windows\\System32\\conhost.exe"}
{"UtcTime":"2026-08-12 15:31:23.000","Computer":"CLM-MESA-014","User":"CLM\\ops","EventID":3,"Image":"C:\\Windows\\explorer.exe","ProcessGuid":"{B9CCABA0-2E43-2026-DC83-3F2AAF4CA584}","ProcessId":8396,"DestinationIp":"8.8.8.8","DestinationPort":53,"DestinationHostname":"ntp.clm.liquidacao","SourceIp":"10.70.30.14","Protocol":"tcp"}
{"UtcTime":"2026-08-12 15:31:24.000","Computer":"CLM-MESA-014","User":"CLM\\ops","EventID":3,"Image":"C:\\Program Files\\Google\\Chrome\\Application\\chrome.exe","ProcessGuid":"{E2D4E553-4263-2026-54EB-C73E1E247440}","ProcessId":8430,"DestinationIp":"1.1.1.1","DestinationPort":53,"DestinationHostname":"ntp.clm.liquidacao","SourceIp":"10.70.30.14","Protocol":"tcp"}
{"UtcTime":"2026-08-12 15:31:25.000","Computer":"CLM-MESA-014","User":"CLM\\ops","EventID":3,"Image":"C:\\Windows\\System32\\RuntimeBroker.exe","ProcessGuid":"{E063DE93-BD9D-2026-0687-F64CD7CCCD5B}","ProcessId":1665,"DestinationIp":"10.70.30.8","DestinationPort":53,"DestinationHostname":"portal.clm.liquidacao","SourceIp":"10.70.30.14","Protocol":"tcp"}
{"UtcTime":"2026-08-12 15:31:26.000","Computer":"CLM-MESA-014","User":"CLM\\mesa","EventID":1,"Image":"C:\\Program Files\\Google\\Chrome\\Application\\chrome.exe","ProcessGuid":"{BC2E5343-A9E2-2026-3147-D741B264DDF4}","ProcessId":566,"CommandLine":"C:\\Program Files\\Google\\Chrome\\Application\\chrome.exe","ParentImage":"C:\\Windows\\System32\\services.exe","ParentProcessGuid":"{0925D1BA-6131-2026-A7B0-6B4010A0D9B1}","OriginalFileName":"C:\\Program Files\\Google\\Chrome\\Application\\chrome.exe"}
{"UtcTime":"2026-08-12 15:31:27.000","Computer":"CLM-MESA-014","User":"CLM\\backoffice","EventID":13,"Image":"C:\\Program Files\\Microsoft Office\\Office16\\EXCEL.EXE","ProcessGuid":"{9A10F625-2E97-2026-F3E8-E1A8889706E6}","ProcessId":8349,"EventType":"SetValue","TargetObject":"HKCU\\Software\\CLM\\Mesa\\Pref\\4887","Details":"1"}
{"UtcTime":"2026-08-12 15:31:28.000","Computer":"CLM-MESA-014","User":"CLM\\backoffice","EventID":11,"Image":"C:\\Windows\\explorer.exe","ProcessGuid":"{38F15E03-2DB6-2026-DA6F-92273B6700EE}","ProcessId":7830,"TargetFilename":"C:\\Users\\Public\\Temp\\mesa-4888.tmp"}
{"UtcTime":"2026-08-12 15:31:29.000","Computer":"CLM-MESA-014","User":"CLM\\ops","EventID":5,"Image":"C:\\Windows\\System32\\svchost.exe","ProcessGuid":"{EB5BFC6E-B6A3-2026-D9CC-D2BE3B3D1D83}","ProcessId":6714,"EventType":"End"}
{"UtcTime":"2026-08-12 15:31:30.000","Computer":"CLM-MESA-014","User":"CLM\\backoffice","EventID":13,"Image":"C:\\Windows\\System32\\conhost.exe","ProcessGuid":"{B4D614BE-429D-2026-C013-769CF9A1D28D}","ProcessId":1138,"EventType":"SetValue","TargetObject":"HKCU\\Software\\CLM\\Mesa\\Pref\\4890","Details":"1"}
{"UtcTime":"2026-08-12 15:31:31.000","Computer":"CLM-MESA-014","User":"CLM\\backoffice","EventID":11,"Image":"C:\\Windows\\System32\\svchost.exe","ProcessGuid":"{97BE1B94-905C-2026-912C-F07846E35ED1}","ProcessId":2140,"TargetFilename":"C:\\Users\\Public\\Temp\\mesa-4891.tmp"}
{"UtcTime":"2026-08-12 15:31:32.000","Computer":"CLM-MESA-014","User":"CLM\\mesa","EventID":1,"Image":"C:\\Windows\\System32\\svchost.exe","ProcessGuid":"{583A44FF-159C-2026-0EDD-A4A7BA0357A6}","ProcessId":6609,"CommandLine":"C:\\Windows\\System32\\svchost.exe","ParentImage":"C:\\Windows\\System32\\services.exe","ParentProcessGuid":"{3053B5DA-66BD-2026-E194-B41A96318EFD}","OriginalFileName":"C:\\Windows\\System32\\svchost.exe"}
{"UtcTime":"2026-08-12 15:31:33.000","Computer":"CLM-MESA-014","User":"CLM\\mesa","EventID":3,"Image":"C:\\Windows\\System32\\conhost.exe","ProcessGuid":"{93310494-C330-2026-AC30-E9F7DB832A17}","ProcessId":837,"DestinationIp":"10.70.30.1","DestinationPort":135,"DestinationHostname":"portal.clm.liquidacao","SourceIp":"10.70.30.14","Protocol":"tcp"}
{"UtcTime":"2026-08-12 15:31:34.000","Computer":"CLM-MESA-014","User":"CLM\\mesa","EventID":11,"Image":"C:\\Windows\\System32\\svchost.exe","ProcessGuid":"{6974E57B-5119-2026-DCD5-B2F7D31FB130}","ProcessId":5701,"TargetFilename":"C:\\Users\\Public\\Temp\\mesa-4894.tmp"}
{"UtcTime":"2026-08-12 15:31:35.000","Computer":"CLM-MESA-014","User":"CLM\\backoffice","EventID":1,"Image":"C:\\Windows\\System32\\conhost.exe","ProcessGuid":"{45312B4F-1A31-2026-D11E-0519A5ECB905}","ProcessId":5192,"CommandLine":"C:\\Windows\\System32\\conhost.exe","ParentImage":"C:\\Windows\\System32\\services.exe","ParentProcessGuid":"{5B63C8D5-C0D0-2026-E9DE-6FDBB22EB092}","OriginalFileName":"C:\\Windows\\System32\\conhost.exe"}
{"UtcTime":"2026-08-12 15:31:36.000","Computer":"CLM-MESA-014","User":"CLM\\mesa","EventID":3,"Image":"C:\\Windows\\System32\\conhost.exe","ProcessGuid":"{0774504C-7A6E-2026-1BFF-43CC17AE8F0A}","ProcessId":8395,"DestinationIp":"1.1.1.1","DestinationPort":53,"DestinationHostname":"ntp.clm.liquidacao","SourceIp":"10.70.30.14","Protocol":"tcp"}
{"UtcTime":"2026-08-12 15:31:37.000","Computer":"CLM-MESA-014","User":"CLM\\ops","EventID":5,"Image":"C:\\Windows\\explorer.exe","ProcessGuid":"{8F6796AF-B575-2026-9615-5BC367AD9340}","ProcessId":3836,"EventType":"End"}
{"UtcTime":"2026-08-12 15:31:38.000","Computer":"CLM-MESA-014","User":"CLM\\backoffice","EventID":1,"Image":"C:\\Program Files\\Microsoft Office\\Office16\\EXCEL.EXE","ProcessGuid":"{5303C562-4480-2026-5CB1-9E0E24DFDA9E}","ProcessId":4510,"CommandLine":"C:\\Program Files\\Microsoft Office\\Office16\\EXCEL.EXE","ParentImage":"C:\\Windows\\System32\\services.exe","ParentProcessGuid":"{4B30EE21-003C-2026-FC4E-4736786705A3}","OriginalFileName":"C:\\Program Files\\Microsoft Office\\Office16\\EXCEL.EXE"}
{"UtcTime":"2026-08-12 15:31:39.000","Computer":"CLM-MESA-014","User":"CLM\\ops","EventID":1,"Image":"C:\\Windows\\System32\\svchost.exe","ProcessGuid":"{AF227568-D995-2026-DB62-D46A4C10A2C5}","ProcessId":4192,"CommandLine":"C:\\Windows\\System32\\svchost.exe","ParentImage":"C:\\Windows\\System32\\services.exe","ParentProcessGuid":"{106F76CB-4078-2026-6634-7490650ABCD9}","OriginalFileName":"C:\\Windows\\System32\\svchost.exe"}
{"UtcTime":"2026-08-12 15:31:40.000","Computer":"CLM-MESA-014","User":"CLM\\ops","EventID":1,"Image":"C:\\Windows\\System32\\conhost.exe","ProcessGuid":"{69F858DB-1E46-2026-D245-6F2412355B93}","ProcessId":6718,"CommandLine":"C:\\Windows\\System32\\conhost.exe","ParentImage":"C:\\Windows\\System32\\services.exe","ParentProcessGuid":"{B7A00C47-4BB3-2026-C926-A51673560BD9}","OriginalFileName":"C:\\Windows\\System32\\conhost.exe"}
{"UtcTime":"2026-08-12 15:31:41.000","Computer":"CLM-MESA-014","User":"CLM\\backoffice","EventID":1,"Image":"C:\\Windows\\System32\\svchost.exe","ProcessGuid":"{21759A4B-736A-2026-9E4E-F0573696042C}","ProcessId":7005,"CommandLine":"C:\\Windows\\System32\\svchost.exe","ParentImage":"C:\\Windows\\System32\\services.exe","ParentProcessGuid":"{C654D453-A624-2026-0992-838498A8F774}","OriginalFileName":"C:\\Windows\\System32\\svchost.exe"}
{"UtcTime":"2026-08-12 15:31:42.000","Computer":"CLM-MESA-014","User":"CLM\\backoffice","EventID":5,"Image":"C:\\Program Files\\Microsoft Office\\Office16\\EXCEL.EXE","ProcessGuid":"{CCD40BA0-BD95-2026-FDA1-3D35994A61FB}","ProcessId":3031,"EventType":"End"}
{"UtcTime":"2026-08-12 15:31:43.000","Computer":"CLM-MESA-014","User":"CLM\\backoffice","EventID":11,"Image":"C:\\Windows\\System32\\svchost.exe","ProcessGuid":"{01EC9199-DB94-2026-354E-485D4D284AEE}","ProcessId":8824,"TargetFilename":"C:\\Users\\Public\\Temp\\mesa-4903.tmp"}
{"UtcTime":"2026-08-12 15:31:44.000","Computer":"CLM-MESA-014","User":"CLM\\ops","EventID":13,"Image":"C:\\Windows\\System32\\conhost.exe","ProcessGuid":"{28416A15-DB0F-2026-C1CA-B992D7E0572F}","ProcessId":4870,"EventType":"SetValue","TargetObject":"HKCU\\Software\\CLM\\Mesa\\Pref\\4904","Details":"1"}
{"UtcTime":"2026-08-12 15:31:45.000","Computer":"CLM-MESA-014","User":"CLM\\mesa","EventID":3,"Image":"C:\\Windows\\System32\\RuntimeBroker.exe","ProcessGuid":"{D140A823-4334-2026-AE85-750F9412ED21}","ProcessId":2123,"DestinationIp":"10.70.30.8","DestinationPort":135,"DestinationHostname":"portal.clm.liquidacao","SourceIp":"10.70.30.14","Protocol":"tcp"}
{"UtcTime":"2026-08-12 15:31:46.000","Computer":"CLM-MESA-014","User":"CLM\\ops","EventID":1,"Image":"C:\\Program Files\\Google\\Chrome\\Application\\chrome.exe","ProcessGuid":"{E4541464-011E-2026-AE5B-7F9C7A935131}","ProcessId":7876,"CommandLine":"C:\\Program Files\\Google\\Chrome\\Application\\chrome.exe","ParentImage":"C:\\Windows\\System32\\services.exe","ParentProcessGuid":"{09F4665C-0BCC-2026-1574-24091F67CF2C}","OriginalFileName":"C:\\Program Files\\Google\\Chrome\\Application\\chrome.exe"}
{"UtcTime":"2026-08-12 15:31:47.000","Computer":"CLM-MESA-014","User":"CLM\\mesa","EventID":13,"Image":"C:\\Program Files\\Microsoft Office\\Office16\\EXCEL.EXE","ProcessGuid":"{B73184AD-DF74-2026-D177-525485E493F1}","ProcessId":5711,"EventType":"SetValue","TargetObject":"HKCU\\Software\\CLM\\Mesa\\Pref\\4907","Details":"1"}
{"UtcTime":"2026-08-12 15:31:48.000","Computer":"CLM-MESA-014","User":"CLM\\backoffice","EventID":11,"Image":"C:\\Program Files\\Google\\Chrome\\Application\\chrome.exe","ProcessGuid":"{73C38667-BFB7-2026-F3DD-9CE8AD687FDF}","ProcessId":8560,"TargetFilename":"C:\\Users\\Public\\Temp\\mesa-4908.tmp"}
{"UtcTime":"2026-08-12 15:31:49.000","Computer":"CLM-MESA-014","User":"CLM\\backoffice","EventID":1,"Image":"C:\\Windows\\System32\\RuntimeBroker.exe","ProcessGuid":"{9CC801B5-C95E-2026-A8FA-9031F438AE53}","ProcessId":3969,"CommandLine":"C:\\Windows\\System32\\RuntimeBroker.exe","ParentImage":"C:\\Windows\\System32\\services.exe","ParentProcessGuid":"{A077E622-BEB3-2026-76C9-587EC6B201BE}","OriginalFileName":"C:\\Windows\\System32\\RuntimeBroker.exe"}
{"UtcTime":"2026-08-12 15:31:50.000","Computer":"CLM-MESA-014","User":"CLM\\ops","EventID":11,"Image":"C:\\Windows\\System32\\svchost.exe","ProcessGuid":"{0D84448A-9F67-2026-B7F9-4DC312111405}","ProcessId":5744,"TargetFilename":"C:\\Users\\Public\\Temp\\mesa-4910.tmp"}
{"UtcTime":"2026-08-12 15:31:51.000","Computer":"CLM-MESA-014","User":"CLM\\mesa","EventID":5,"Image":"C:\\Program Files\\Microsoft Office\\Office16\\EXCEL.EXE","ProcessGuid":"{FA1A61F8-CC4A-2026-971A-2A54AE6EC635}","ProcessId":1764,"EventType":"End"}
{"UtcTime":"2026-08-12 15:31:52.000","Computer":"CLM-MESA-014","User":"CLM\\ops","EventID":1,"Image":"C:\\Program Files\\Google\\Chrome\\Application\\chrome.exe","ProcessGuid":"{11EDDDBF-9B99-2026-E1AF-F795679A0EF9}","ProcessId":2318,"CommandLine":"C:\\Program Files\\Google\\Chrome\\Application\\chrome.exe","ParentImage":"C:\\Windows\\System32\\services.exe","ParentProcessGuid":"{BC1FA9A9-5710-2026-8919-0796C196F7F8}","OriginalFileName":"C:\\Program Files\\Google\\Chrome\\Application\\chrome.exe"}
{"UtcTime":"2026-08-12 15:31:53.000","Computer":"CLM-MESA-014","User":"CLM\\ops","EventID":5,"Image":"C:\\Program Files\\Microsoft Office\\Office16\\EXCEL.EXE","ProcessGuid":"{6003568D-A8EE-2026-B898-BCB729550477}","ProcessId":1586,"EventType":"End"}
{"UtcTime":"2026-08-12 15:31:54.000","Computer":"CLM-MESA-014","User":"CLM\\mesa","EventID":13,"Image":"C:\\Windows\\System32\\svchost.exe","ProcessGuid":"{9B913240-8D40-2026-8F22-1EE341577F5D}","ProcessId":1601,"EventType":"SetValue","TargetObject":"HKCU\\Software\\CLM\\Mesa\\Pref\\4914","Details":"1"}
{"UtcTime":"2026-08-12 15:31:55.000","Computer":"CLM-MESA-014","User":"CLM\\backoffice","EventID":1,"Image":"C:\\Windows\\System32\\svchost.exe","ProcessGuid":"{404E6546-CB6F-2026-3080-6BF78132AD2F}","ProcessId":3497,"CommandLine":"C:\\Windows\\System32\\svchost.exe","ParentImage":"C:\\Windows\\System32\\services.exe","ParentProcessGuid":"{0F365108-B8F2-2026-E6E2-E39F96A97D3C}","OriginalFileName":"C:\\Windows\\System32\\svchost.exe"}
{"UtcTime":"2026-08-12 15:31:56.000","Computer":"CLM-MESA-014","User":"CLM\\backoffice","EventID":5,"Image":"C:\\Windows\\System32\\RuntimeBroker.exe","ProcessGuid":"{EC26A16B-CCC6-2026-5C81-485CE763B1B9}","ProcessId":8712,"EventType":"End"}
{"UtcTime":"2026-08-12 15:31:57.000","Computer":"CLM-MESA-014","User":"CLM\\mesa","EventID":1,"Image":"C:\\Windows\\System32\\RuntimeBroker.exe","ProcessGuid":"{417C153D-B498-2026-59C5-CA44CA745625}","ProcessId":3207,"CommandLine":"C:\\Windows\\System32\\RuntimeBroker.exe","ParentImage":"C:\\Windows\\System32\\services.exe","ParentProcessGuid":"{A979ED2A-69C0-2026-E8CC-4A794A06D158}","OriginalFileName":"C:\\Windows\\System32\\RuntimeBroker.exe"}
{"UtcTime":"2026-08-12 15:31:58.000","Computer":"CLM-MESA-014","User":"CLM\\backoffice","EventID":1,"Image":"C:\\Windows\\explorer.exe","ProcessGuid":"{7974EC2F-ADCF-2026-EDE9-370882486B2B}","ProcessId":7216,"CommandLine":"C:\\Windows\\explorer.exe","ParentImage":"C:\\Windows\\System32\\services.exe","ParentProcessGuid":"{2CA5BEAC-323F-2026-412B-8031ECFF028B}","OriginalFileName":"C:\\Windows\\explorer.exe"}
{"UtcTime":"2026-08-12 15:31:59.000","Computer":"CLM-MESA-014","User":"CLM\\backoffice","EventID":1,"Image":"C:\\Windows\\explorer.exe","ProcessGuid":"{05596B4F-2E00-2026-1A8C-2AFB0F58B1D9}","ProcessId":3187,"CommandLine":"C:\\Windows\\explorer.exe","ParentImage":"C:\\Windows\\System32\\services.exe","ParentProcessGuid":"{26A1F0D2-CA88-2026-D744-F70F8D4BE343}","OriginalFileName":"C:\\Windows\\explorer.exe"}
{"UtcTime":"2026-08-12 15:32:00.000","Computer":"CLM-MESA-014","User":"CLM\\ops","EventID":1,"Image":"C:\\Windows\\System32\\svchost.exe","ProcessGuid":"{C7EEDD46-CEB7-2026-CD47-540107B5FA8F}","ProcessId":2808,"CommandLine":"C:\\Windows\\System32\\svchost.exe","ParentImage":"C:\\Windows\\System32\\services.exe","ParentProcessGuid":"{4C425EEE-9E44-2026-36DA-2E7FBC550085}","OriginalFileName":"C:\\Windows\\System32\\svchost.exe"}
{"UtcTime":"2026-08-12 15:32:01.000","Computer":"CLM-MESA-014","User":"CLM\\mesa","EventID":5,"Image":"C:\\Windows\\System32\\conhost.exe","ProcessGuid":"{45DA16FC-D7BB-2026-8C29-0069BADEAFBF}","ProcessId":5502,"EventType":"End"}
{"UtcTime":"2026-08-12 15:32:02.000","Computer":"CLM-MESA-014","User":"CLM\\ops","EventID":13,"Image":"C:\\Program Files\\Google\\Chrome\\Application\\chrome.exe","ProcessGuid":"{609CCD11-DE2A-2026-4628-BDED4AE3BD5A}","ProcessId":6761,"EventType":"SetValue","TargetObject":"HKCU\\Software\\CLM\\Mesa\\Pref\\4922","Details":"1"}
{"UtcTime":"2026-08-12 15:32:03.000","Computer":"CLM-MESA-014","User":"CLM\\backoffice","EventID":1,"Image":"C:\\Windows\\explorer.exe","ProcessGuid":"{82B75731-BCB6-2026-EA4C-25C6DD72D1E8}","ProcessId":8947,"CommandLine":"C:\\Windows\\explorer.exe","ParentImage":"C:\\Windows\\System32\\services.exe","ParentProcessGuid":"{94D23566-8E60-2026-2C31-9E923ED29574}","OriginalFileName":"C:\\Windows\\explorer.exe"}
{"UtcTime":"2026-08-12 15:32:04.000","Computer":"CLM-MESA-014","User":"CLM\\ops","EventID":5,"Image":"C:\\Windows\\System32\\RuntimeBroker.exe","ProcessGuid":"{6B52B51F-B1B9-2026-30DE-042C966F81B3}","ProcessId":8403,"EventType":"End"}
