{"UtcTime":"2026-08-12 09:50:07.000","Computer":"TN-FIN-WS042","User":"TRANSNORTE\\backup_svc","EventID":1,"Image":"C:\\Windows\\System32\\conhost.exe","ProcessGuid":"{6EE3A054-B34D-2026-8202-8E325C9CCA6F}","ProcessId":7943,"CommandLine":"C:\\Windows\\System32\\conhost.exe","ParentImage":"C:\\Windows\\System32\\services.exe","ParentProcessGuid":"{BC9B8277-B55C-2026-2A1E-C00F101A3220}","OriginalFileName":"C:\\Windows\\System32\\conhost.exe","SHA256":"9e8051c900139d71868e7031c216983b8123b524f2da712273d0ce858ced06fc"}
{"UtcTime":"2026-08-12 09:50:08.000","Computer":"TN-FIN-WS042","User":"TRANSNORTE\\ops.cardoso","EventID":1,"Image":"C:\\Program Files\\Microsoft Office\\Office16\\OUTLOOK.EXE","ProcessGuid":"{0F16BA09-4C3C-2026-A3AC-08F443A77257}","ProcessId":6772,"CommandLine":"C:\\Program Files\\Microsoft Office\\Office16\\OUTLOOK.EXE","ParentImage":"C:\\Windows\\System32\\services.exe","ParentProcessGuid":"{43CE4FE4-24A9-2026-F430-D620B1AD92EB}","OriginalFileName":"C:\\Program Files\\Microsoft Office\\Office16\\OUTLOOK.EXE","SHA256":"d61f26e9477cff42c78d37248d666423df76af48f50010fa95b6012e859e342c"}
{"UtcTime":"2026-08-12 09:50:09.000","Computer":"TN-FIN-WS042","User":"TRANSNORTE\\backup_svc","EventID":3,"Image":"C:\\Windows\\explorer.exe","ProcessGuid":"{0893FC8A-EC34-2026-E968-45AC054AA311}","ProcessId":5521,"DestinationIp":"8.8.8.8","DestinationPort":53,"SourceIp":"10.50.10.42","Protocol":"tcp"}
{"UtcTime":"2026-08-12 09:50:10.000","Computer":"TN-FIN-WS042","User":"TRANSNORTE\\backup_svc","EventID":11,"Image":"C:\\Windows\\explorer.exe","ProcessGuid":"{A72536D5-AC0B-2026-C38E-B9930094C61D}","ProcessId":1250,"TargetFilename":"C:\\Users\\ops.cardoso\\AppData\\Local\\Temp\\office-610.tmp"}
{"UtcTime":"2026-08-12 09:50:11.000","Computer":"TN-FIN-WS042","User":"TRANSNORTE\\backup_svc","EventID":11,"Image":"C:\\Windows\\System32\\RuntimeBroker.exe","ProcessGuid":"{AED3B61A-13C7-2026-A389-EB741B1BCDA2}","ProcessId":6525,"TargetFilename":"C:\\Users\\ops.cardoso\\AppData\\Local\\Temp\\office-611.tmp"}
{"UtcTime":"2026-08-12 09:50:12.000","Computer":"TN-FIN-WS042","User":"TRANSNORTE\\backup_svc","EventID":1,"Image":"C:\\Windows\\explorer.exe","ProcessGuid":"{EBBD5DF9-E8D0-2026-9953-F67555C756BF}","ProcessId":8536,"CommandLine":"C:\\Windows\\explorer.exe","ParentImage":"C:\\Windows\\System32\\services.exe","ParentProcessGuid":"{38606678-880E-2026-78EE-F9B02118C88F}","OriginalFileName":"C:\\Windows\\explorer.exe","SHA256":"b52a55139095f0fd459dc4eb3fa9952af59bac834131ec1d29cede56470d346e"}
{"UtcTime":"2026-08-12 09:50:13.000","Computer":"TN-FIN-WS042","User":"TRANSNORTE\\ops.cardoso","EventID":1,"Image":"C:\\Program Files\\Google\\Chrome\\Application\\chrome.exe","ProcessGuid":"{142DD52F-3E4D-2026-91B7-95DDFA13380C}","ProcessId":2530,"CommandLine":"C:\\Program Files\\Google\\Chrome\\Application\\chrome.exe","ParentImage":"C:\\Windows\\System32\\services.exe","ParentProcessGuid":"{094AF2FF-BF08-2026-3983-CF7DC5BA6F33}","OriginalFileName":"C:\\Program Files\\Google\\Chrome\\Application\\chrome.exe","SHA256":"e6a86989cc7f423c52b8102e8f3ab4e76e5bbf31351e897f88e7f83158751385"}
{"UtcTime":"2026-08-12 09:50:14.000","Computer":"TN-FIN-WS042","User":"TRANSNORTE\\ops.cardoso","EventID":1,"Image":"C:\\Windows\\explorer.exe","ProcessGuid":"{33419789-1A5A-2026-4FA2-E2FD833C8746}","ProcessId":882,"CommandLine":"C:\\Windows\\explorer.exe","ParentImage":"C:\\Windows\\System32\\services.exe","ParentProcessGuid":"{8744451B-5199-2026-134D-F7221AFB5369}","OriginalFileName":"C:\\Windows\\explorer.exe","SHA256":"61f54cf9e0d6a41e152766f06f8687a5691ff1d48d6e04e7e64f9a52d8c735b2"}
{"UtcTime":"2026-08-12 09:50:15.000","Computer":"TN-FIN-WS042","User":"TRANSNORTE\\ops.cardoso","EventID":1,"Image":"C:\\Windows\\System32\\conhost.exe","ProcessGuid":"{4D9AD2BD-89FA-2026-073E-CD07BEF6BEC5}","ProcessId":5728,"CommandLine":"C:\\Windows\\System32\\conhost.exe","ParentImage":"C:\\Windows\\System32\\services.exe","ParentProcessGuid":"{23E23B94-67D0-2026-5A34-B568C4DAAF0D}","OriginalFileName":"C:\\Windows\\System32\\conhost.exe","SHA256":"d6bac8993c2ebbc1a49d0b9998304a6d8f7c454ee0039d59856c7ba93229c92e"}
{"UtcTime":"2026-08-12 09:50:16.000","Computer":"TN-FIN-WS042","User":"TRANSNORTE\\backup_svc","EventID":3,"Image":"C:\\Windows\\System32\\svchost.exe","ProcessGuid":"{59CE0D4B-59B7-2026-47F3-C1495D5F400E}","ProcessId":1896,"DestinationIp":"8.8.8.8","DestinationPort":443,"SourceIp":"10.50.10.42","Protocol":"tcp"}
{"UtcTime":"2026-08-12 09:50:17.000","Computer":"TN-FIN-WS042","User":"TRANSNORTE\\backup_svc","EventID":11,"Image":"C:\\Windows\\explorer.exe","ProcessGuid":"{A674F478-C09B-2026-248E-395BBA058D1B}","ProcessId":8854,"TargetFilename":"C:\\Users\\ops.cardoso\\AppData\\Local\\Temp\\office-617.tmp"}
{"UtcTime":"2026-08-12 09:50:18.000","Computer":"TN-FIN-WS042","User":"TRANSNORTE\\backup_svc","EventID":1,"Image":"C:\\Windows\\System32\\RuntimeBroker.exe","ProcessGuid":"{7A0C423B-33F4-2026-C8B3-199A337E5D14}","ProcessId":5531,"CommandLine":"C:\\Windows\\System32\\RuntimeBroker.exe","ParentImage":"C:\\Windows\\System32\\services.exe","ParentProcessGuid":"{31F78CD6-1F74-2026-AE4C-A424039CE2B2}","OriginalFileName":"C:\\Windows\\System32\\RuntimeBroker.exe","SHA256":"b705bd4f70b2e0c0a0f653127ca7aca5f59ae866bba28aaa2950c8ba2331a27f"}
{"UtcTime":"2026-08-12 09:50:19.000","Computer":"TN-FIN-WS042","User":"TRANSNORTE\\backup_svc","EventID":1,"Image":"C:\\Windows\\System32\\conhost.exe","ProcessGuid":"{DB915774-9510-2026-421C-FEFC2E97CDFB}","ProcessId":458,"CommandLine":"C:\\Windows\\System32\\conhost.exe","ParentImage":"C:\\Windows\\System32\\services.exe","ParentProcessGuid":"{81BFBB3C-53A8-2026-E075-86283AEA970C}","OriginalFileName":"C:\\Windows\\System32\\conhost.exe","SHA256":"957e862cc7ca8d36895162ba78adb8a32b3f1188991363fdc6b54b13b3d8a5ac"}
{"UtcTime":"2026-08-12 09:50:20.000","Computer":"TN-FIN-WS042","User":"TRANSNORTE\\backup_svc","EventID":11,"Image":"C:\\Windows\\explorer.exe","ProcessGuid":"{489E33F0-D87A-2026-5C18-B488146E6ADE}","ProcessId":2453,"TargetFilename":"C:\\Users\\ops.cardoso\\AppData\\Local\\Temp\\office-620.tmp"}
{"UtcTime":"2026-08-12 09:50:21.000","Computer":"TN-FIN-WS042","User":"TRANSNORTE\\backup_svc","EventID":3,"Image":"C:\\Windows\\explorer.exe","ProcessGuid":"{57817EE2-9CBB-2026-537E-9F89B005CFF9}","ProcessId":7444,"DestinationIp":"1.1.1.1","DestinationPort":443,"SourceIp":"10.50.10.42","Protocol":"tcp"}
{"UtcTime":"2026-08-12 09:50:22.000","Computer":"TN-FIN-WS042","User":"TRANSNORTE\\ops.cardoso","EventID":3,"Image":"C:\\Windows\\System32\\RuntimeBroker.exe","ProcessGuid":"{8F016710-6761-2026-D558-A2F190A2700C}","ProcessId":8538,"DestinationIp":"8.8.8.8","DestinationPort":443,"SourceIp":"10.50.10.42","Protocol":"tcp"}
{"UtcTime":"2026-08-12 09:50:23.000","Computer":"TN-FIN-WS042","User":"TRANSNORTE\\ops.cardoso","EventID":3,"Image":"C:\\Windows\\System32\\RuntimeBroker.exe","ProcessGuid":"{F151E56A-8167-2026-1FD3-80B5B624E210}","ProcessId":3532,"DestinationIp":"10.50.10.88","DestinationPort":443,"SourceIp":"10.50.10.42","Protocol":"tcp"}
{"UtcTime":"2026-08-12 09:50:24.000","Computer":"TN-FIN-WS042","User":"TRANSNORTE\\ops.cardoso","EventID":1,"Image":"C:\\Windows\\System32\\RuntimeBroker.exe","ProcessGuid":"{419D6130-1653-2026-FE98-3C1ADF56E8C8}","ProcessId":4878,"CommandLine":"C:\\Windows\\System32\\RuntimeBroker.exe","ParentImage":"C:\\Windows\\System32\\services.exe","ParentProcessGuid":"{6757AC24-0B68-2026-A807-2A1F0B0703E1}","OriginalFileName":"C:\\Windows\\System32\\RuntimeBroker.exe","SHA256":"85fcf7161f2f399a20084da208d4bf1948361bfb1422a249385331da5499f374"}
{"UtcTime":"2026-08-12 09:50:25.000","Computer":"TN-FIN-WS042","User":"TRANSNORTE\\backup_svc","EventID":5,"Image":"C:\\Windows\\System32\\RuntimeBroker.exe","ProcessGuid":"{8E62D5E4-231E-2026-23EC-6F28DE8336BD}","ProcessId":4490,"EventType":"End"}
{"UtcTime":"2026-08-12 09:50:26.000","Computer":"TN-FIN-WS042","User":"TRANSNORTE\\backup_svc","EventID":3,"Image":"C:\\Windows\\explorer.exe","ProcessGuid":"{D5E1465A-EDE9-2026-4C9D-3425687B8776}","ProcessId":3273,"DestinationIp":"8.8.8.8","DestinationPort":8080,"SourceIp":"10.50.10.42","Protocol":"tcp"}
{"UtcTime":"2026-08-12 09:50:27.000","Computer":"TN-FIN-WS042","User":"TRANSNORTE\\backup_svc","EventID":13,"Image":"C:\\Program Files\\Microsoft Office\\Office16\\OUTLOOK.EXE","ProcessGuid":"{E31EA80F-BE38-2026-0DBF-E4A70B42AAE0}","ProcessId":2107,"EventType":"SetValue","TargetObject":"HKCU\\Software\\Microsoft\\Office\\16.0\\Outlook\\Resiliency\\627","Details":"1"}
{"UtcTime":"2026-08-12 09:50:28.000","Computer":"TN-FIN-WS042","User":"TRANSNORTE\\backup_svc","EventID":3,"Image":"C:\\Windows\\System32\\svchost.exe","ProcessGuid":"{005C5D20-14BD-2026-DD26-4F01035B4D7B}","ProcessId":5477,"DestinationIp":"1.1.1.1","DestinationPort":8080,"SourceIp":"10.50.10.42","Protocol":"tcp"}
{"UtcTime":"2026-08-12 09:50:29.000","Computer":"TN-FIN-WS042","User":"TRANSNORTE\\ops.cardoso","EventID":13,"Image":"C:\\Windows\\System32\\svchost.exe","ProcessGuid":"{C418D564-146E-2026-A146-58888CDB657F}","ProcessId":3334,"EventType":"SetValue","TargetObject":"HKCU\\Software\\Microsoft\\Office\\16.0\\Outlook\\Resiliency\\629","Details":"1"}
{"UtcTime":"2026-08-12 09:50:30.000","Computer":"TN-FIN-WS042","User":"TRANSNORTE\\ops.cardoso","EventID":1,"Image":"C:\\Program Files\\Google\\Chrome\\Application\\chrome.exe","ProcessGuid":"{80D2D2CA-3F4B-2026-777D-9061E4114F44}","ProcessId":5774,"CommandLine":"C:\\Program Files\\Google\\Chrome\\Application\\chrome.exe","ParentImage":"C:\\Windows\\System32\\services.exe","ParentProcessGuid":"{0EE852C4-97FD-2026-7F7B-7FA6D727DB07}","OriginalFileName":"C:\\Program Files\\Google\\Chrome\\Application\\chrome.exe","SHA256":"a066257a9f251bf0b96e42cba2d7a21e7c7b5fab01bb412bf6d0f8421078aa6e"}
{"UtcTime":"2026-08-12 09:50:31.000","Computer":"TN-FIN-WS042","User":"TRANSNORTE\\backup_svc","EventID":11,"Image":"C:\\Windows\\explorer.exe","ProcessGuid":"{721047A5-8D12-2026-4FBA-5847CA9B954B}","ProcessId":3115,"TargetFilename":"C:\\Users\\ops.cardoso\\AppData\\Local\\Temp\\office-631.tmp"}
{"UtcTime":"2026-08-12 09:50:32.000","Computer":"TN-FIN-WS042","User":"TRANSNORTE\\backup_svc","EventID":1,"Image":"C:\\Program Files\\Microsoft Office\\Office16\\OUTLOOK.EXE","ProcessGuid":"{2384791C-228A-2026-AFC5-B9086CA4D19F}","ProcessId":5936,"CommandLine":"C:\\Program Files\\Microsoft Office\\Office16\\OUTLOOK.EXE","ParentImage":"C:\\Windows\\System32\\services.exe","ParentProcessGuid":"{1F4F5CB2-A8D4-2026-8368-9CE057A79494}","OriginalFileName":"C:\\Program Files\\Microsoft Office\\Office16\\OUTLOOK.EXE","SHA256":"f7e68f15ac585d5cdc021a0987de4b63328cb05be3fa09189282ba967b541850"}
{"UtcTime":"2026-08-12 09:50:33.000","Computer":"TN-FIN-WS042","User":"TRANSNORTE\\backup_svc","EventID":1,"Image":"C:\\Windows\\explorer.exe","ProcessGuid":"{F32510E7-C5E1-2026-0248-7B75EC25C9EE}","ProcessId":4379,"CommandLine":"C:\\Windows\\explorer.exe","ParentImage":"C:\\Windows\\System32\\services.exe","ParentProcessGuid":"{6688010C-9D92-2026-3964-2BFCA87C0E32}","OriginalFileName":"C:\\Windows\\explorer.exe","SHA256":"e6fc6330931487dbfb03684f97726e89646150bca680b5de34e53c69b12a68a9"}
{"UtcTime":"2026-08-12 09:50:34.000","Computer":"TN-FIN-WS042","User":"TRANSNORTE\\ops.cardoso","EventID":3,"Image":"C:\\Windows\\System32\\svchost.exe","ProcessGuid":"{3B42E1A9-B1D6-2026-3E5A-471BA14864B0}","ProcessId":3577,"DestinationIp":"8.8.8.8","DestinationPort":8080,"SourceIp":"10.50.10.42","Protocol":"tcp"}
{"UtcTime":"2026-08-12 09:50:35.000","Computer":"TN-FIN-WS042","User":"TRANSNORTE\\ops.cardoso","EventID":1,"Image":"C:\\Windows\\explorer.exe","ProcessGuid":"{A90DA963-8A2F-2026-EA10-93EEE2F14862}","ProcessId":6245,"CommandLine":"C:\\Windows\\explorer.exe","ParentImage":"C:\\Windows\\System32\\services.exe","ParentProcessGuid":"{7AA9F4A3-5411-2026-FDDF-DA81FAB532F5}","OriginalFileName":"C:\\Windows\\explorer.exe","SHA256":"63d54969fbbae1684639483158ceb9d4d6904d416d43dda7fe3d8aa494b8563b"}
{"UtcTime":"2026-08-12 09:50:36.000","Computer":"TN-FIN-WS042","User":"TRANSNORTE\\ops.cardoso","EventID":1,"Image":"C:\\Program Files\\Google\\Chrome\\Application\\chrome.exe","ProcessGuid":"{CFAA5EE7-2850-2026-B237-710E73B34861}","ProcessId":6889,"CommandLine":"C:\\Program Files\\Google\\Chrome\\Application\\chrome.exe","ParentImage":"C:\\Windows\\System32\\services.exe","ParentProcessGuid":"{CE9FEE71-B872-2026-9256-BBF514D0F4B6}","OriginalFileName":"C:\\Program Files\\Google\\Chrome\\Application\\chrome.exe","SHA256":"a17e1c941161a26f3546ba2c9cd690bd01a98907d95e97c20e9b4c2ca2b373dd"}
{"UtcTime":"2026-08-12 09:50:37.000","Computer":"TN-FIN-WS042","User":"TRANSNORTE\\backup_svc","EventID":5,"Image":"C:\\Windows\\System32\\RuntimeBroker.exe","ProcessGuid":"{85385962-E3FA-2026-5D93-518AAA3434C4}","ProcessId":6665,"EventType":"End"}
{"UtcTime":"2026-08-12 09:50:38.000","Computer":"TN-FIN-WS042","User":"TRANSNORTE\\backup_svc","EventID":5,"Image":"C:\\Windows\\System32\\svchost.exe","ProcessGuid":"{FB295EDC-42E5-2026-80C2-D06030C6E055}","ProcessId":8815,"EventType":"End"}
{"UtcTime":"2026-08-12 09:50:39.000","Computer":"TN-FIN-WS042","User":"TRANSNORTE\\backup_svc","EventID":1,"Image":"C:\\Windows\\System32\\RuntimeBroker.exe","ProcessGuid":"{9D3AAE2E-1965-2026-D410-BFDF34D7DDEC}","ProcessId":1627,"CommandLine":"C:\\Windows\\System32\\RuntimeBroker.exe","ParentImage":"C:\\Windows\\System32\\services.exe","ParentProcessGuid":"{D7A533E3-DBF4-2026-C8AF-81EC30D859F4}","OriginalFileName":"C:\\Windows\\System32\\RuntimeBroker.exe","SHA256":"6c94f91d2266bf85644bf737f34ac81f6f8d12d8a427dd95a670dcc65dfbf773"}
{"UtcTime":"2026-08-12 09:50:40.000","Computer":"TN-FIN-WS042","User":"TRANSNORTE\\ops.cardoso","EventID":1,"Image":"C:\\Windows\\System32\\svchost.exe","ProcessGuid":"{9173F670-ACF5-2026-ADCE-60D9C2839477}","ProcessId":8895,"CommandLine":"C:\\Windows\\System32\\svchost.exe","ParentImage":"C:\\Windows\\System32\\services.exe","ParentProcessGuid":"{1A38E621-175B-2026-FA7D-A93BA026E2C7}","OriginalFileName":"C:\\Windows\\System32\\svchost.exe","SHA256":"31611b721950d5b4ade37198d86cbeca86ebda85c90e1d812c1d8554d3c70183"}
{"UtcTime":"2026-08-12 09:50:41.000","Computer":"TN-FIN-WS042","User":"TRANSNORTE\\backup_svc","EventID":1,"Image":"C:\\Program Files\\Microsoft Office\\Office16\\OUTLOOK.EXE","ProcessGuid":"{B628EC1F-514F-2026-D345-396B50EB1040}","ProcessId":8661,"CommandLine":"C:\\Program Files\\Microsoft Office\\Office16\\OUTLOOK.EXE","ParentImage":"C:\\Windows\\System32\\services.exe","ParentProcessGuid":"{7BADE217-C394-2026-AFC7-7FC5FE50D0AC}","OriginalFileName":"C:\\Program Files\\Microsoft Office\\Office16\\OUTLOOK.EXE","SHA256":"2a2f15578e958a898d2bcbdd90e5dd894ac14352335e4ae60ccf21a0c1303271"}
{"UtcTime":"2026-08-12 09:50:42.000","Computer":"TN-FIN-WS042","User":"TRANSNORTE\\backup_svc","EventID":3,"Image":"C:\\Windows\\System32\\svchost.exe","ProcessGuid":"{0C3E918A-B762-2026-1564-9233B19A75F7}","ProcessId":1765,"DestinationIp":"1.1.1.1","DestinationPort":8080,"SourceIp":"10.50.10.42","Protocol":"tcp"}
{"UtcTime":"2026-08-12 09:50:43.000","Computer":"TN-FIN-WS042","User":"TRANSNORTE\\ops.cardoso","EventID":13,"Image":"C:\\Windows\\System32\\RuntimeBroker.exe","ProcessGuid":"{FABD7821-6C0B-2026-046F-525C7347E1C5}","ProcessId":6452,"EventType":"SetValue","TargetObject":"HKCU\\Software\\Microsoft\\Office\\16.0\\Outlook\\Resiliency\\643","Details":"1"}
{"UtcTime":"2026-08-12 09:50:44.000","Computer":"TN-FIN-WS042","User":"TRANSNORTE\\backup_svc","EventID":3,"Image":"C:\\Windows\\System32\\conhost.exe","ProcessGuid":"{0616DF49-7E06-2026-4073-92A0B61CC417}","ProcessId":4547,"DestinationIp":"10.50.10.10","DestinationPort":8080,"SourceIp":"10.50.10.42","Protocol":"tcp"}
{"UtcTime":"2026-08-12 09:50:45.000","Computer":"TN-FIN-WS042","User":"TRANSNORTE\\ops.cardoso","EventID":1,"Image":"C:\\Windows\\System32\\conhost.exe","ProcessGuid":"{A5D26043-FE5C-2026-8A27-99B0F9EA2ECC}","ProcessId":4672,"CommandLine":"C:\\Windows\\System32\\conhost.exe","ParentImage":"C:\\Windows\\System32\\services.exe","ParentProcessGuid":"{B7E03225-DBB5-2026-92A0-123C74B47976}","OriginalFileName":"C:\\Windows\\System32\\conhost.exe","SHA256":"1111bfe158fecc871101c31e9050717b7341827c6bde0db95193c7ebb4366696"}
{"UtcTime":"2026-08-12 09:50:46.000","Computer":"TN-FIN-WS042","User":"TRANSNORTE\\ops.cardoso","EventID":5,"Image":"C:\\Windows\\System32\\conhost.exe","ProcessGuid":"{0613A9A6-0ADB-2026-F3E4-2F76119D5AD4}","ProcessId":8202,"EventType":"End"}
{"UtcTime":"2026-08-12 09:50:47.000","Computer":"TN-FIN-WS042","User":"TRANSNORTE\\ops.cardoso","EventID":1,"Image":"C:\\Windows\\explorer.exe","ProcessGuid":"{4102EE62-D938-2026-1246-B792C40AC6BD}","ProcessId":4111,"CommandLine":"C:\\Windows\\explorer.exe","ParentImage":"C:\\Windows\\System32\\services.exe","ParentProcessGuid":"{46CA81AA-16D4-2026-1DF4-5EAACB922A4F}","OriginalFileName":"C:\\Windows\\explorer.exe","SHA256":"21087fcb379393be95d3541425a7cc4d6d595aa9726948e2e379fde1c02f95e5"}
{"UtcTime":"2026-08-12 09:50:48.000","Computer":"TN-FIN-WS042","User":"TRANSNORTE\\ops.cardoso","EventID":1,"Image":"C:\\Program Files\\Google\\Chrome\\Application\\chrome.exe","ProcessGuid":"{7951A317-7EAA-2026-5FDF-C3321413B162}","ProcessId":2367,"CommandLine":"C:\\Program Files\\Google\\Chrome\\Application\\chrome.exe","ParentImage":"C:\\Windows\\System32\\services.exe","ParentProcessGuid":"{247FBFD2-1E24-2026-505F-A49E47B9BF8F}","OriginalFileName":"C:\\Program Files\\Google\\Chrome\\Application\\chrome.exe","SHA256":"b8547c7ed0bc52876871d96e3f7ef56a9f491b3baedbec96eec77a7dacbab700"}
{"UtcTime":"2026-08-12 09:50:49.000","Computer":"TN-FIN-WS042","User":"TRANSNORTE\\backup_svc","EventID":1,"Image":"C:\\Program Files\\Google\\Chrome\\Application\\chrome.exe","ProcessGuid":"{4B8256BF-A267-2026-AD10-0B2AD8EA917C}","ProcessId":4495,"CommandLine":"C:\\Program Files\\Google\\Chrome\\Application\\chrome.exe","ParentImage":"C:\\Windows\\System32\\services.exe","ParentProcessGuid":"{75FC2940-95E0-2026-4B18-D397D2C1FC9D}","OriginalFileName":"C:\\Program Files\\Google\\Chrome\\Application\\chrome.exe","SHA256":"743217fb604f2d73e63859e85aea9683afe2b388d387d6be6feab4b1bd751ea8"}
{"UtcTime":"2026-08-12 09:50:50.000","Computer":"TN-FIN-WS042","User":"TRANSNORTE\\backup_svc","EventID":5,"Image":"C:\\Windows\\explorer.exe","ProcessGuid":"{AD6AFFA1-B449-2026-C97C-AA2195342CBD}","ProcessId":5569,"EventType":"End"}
{"UtcTime":"2026-08-12 09:50:51.000","Computer":"TN-FIN-WS042","User":"TRANSNORTE\\backup_svc","EventID":3,"Image":"C:\\Program Files\\Microsoft Office\\Office16\\OUTLOOK.EXE","ProcessGuid":"{1895732E-2670-2026-AE70-448F0DC9FABA}","ProcessId":2098,"DestinationIp":"10.50.10.88","DestinationPort":8080,"SourceIp":"10.50.10.42","Protocol":"tcp"}
{"UtcTime":"2026-08-12 09:50:52.000","Computer":"TN-FIN-WS042","User":"TRANSNORTE\\ops.cardoso","EventID":11,"Image":"C:\\Program Files\\Microsoft Office\\Office16\\OUTLOOK.EXE","ProcessGuid":"{DB886E7B-C9F4-2026-6EDD-1789D40788ED}","ProcessId":643,"TargetFilename":"C:\\Users\\ops.cardoso\\AppData\\Local\\Temp\\office-652.tmp"}
{"UtcTime":"2026-08-12 09:50:53.000","Computer":"TN-FIN-WS042","User":"TRANSNORTE\\ops.cardoso","EventID":13,"Image":"C:\\Program Files\\Google\\Chrome\\Application\\chrome.exe","ProcessGuid":"{07C9BC00-F2E5-2026-B7F2-B5DC113F137E}","ProcessId":5970,"EventType":"SetValue","TargetObject":"HKCU\\Software\\Microsoft\\Office\\16.0\\Outlook\\Resiliency\\653","Details":"1"}
{"UtcTime":"2026-08-12 09:50:54.000","Computer":"TN-FIN-WS042","User":"TRANSNORTE\\ops.cardoso","EventID":11,"Image":"C:\\Program Files\\Google\\Chrome\\Application\\chrome.exe","ProcessGuid":"{0C32FB5D-9093-2026-6BFC-27C8E9DEA870}","ProcessId":2500,"TargetFilename":"C:\\Users\\ops.cardoso\\AppData\\Local\\Temp\\office-654.tmp"}
{"UtcTime":"2026-08-12 09:50:55.000","Computer":"TN-FIN-WS042","User":"TRANSNORTE\\backup_svc","EventID":3,"Image":"C:\\Windows\\explorer.exe","ProcessGuid":"{E8F816F6-1663-2026-3DF8-164035FFB175}","ProcessId":8816,"DestinationIp":"10.50.10.10","DestinationPort":8080,"SourceIp":"10.50.10.42","Protocol":"tcp"}
{"UtcTime":"2026-08-12 09:50:56.000","Computer":"TN-FIN-WS042","User":"TRANSNORTE\\ops.cardoso","EventID":5,"Image":"C:\\Program Files\\Microsoft Office\\Office16\\OUTLOOK.EXE","ProcessGuid":"{E7EFF096-2D9E-2026-6497-F78E46FEBCF7}","ProcessId":4787,"EventType":"End"}
{"UtcTime":"2026-08-12 09:50:57.000","Computer":"TN-FIN-WS042","User":"TRANSNORTE\\backup_svc","EventID":3,"Image":"C:\\Windows\\explorer.exe","ProcessGuid":"{925E8304-36F0-2026-FD1E-FD778F7044E1}","ProcessId":7155,"DestinationIp":"10.50.10.88","DestinationPort":135,"SourceIp":"10.50.10.42","Protocol":"tcp"}
{"UtcTime":"2026-08-12 09:50:58.000","Computer":"TN-FIN-WS042","User":"TRANSNORTE\\backup_svc","EventID":1,"Image":"C:\\Windows\\explorer.exe","ProcessGuid":"{86570CEA-9FBF-2026-DFCD-8151B3E91F60}","ProcessId":6035,"CommandLine":"C:\\Windows\\explorer.exe","ParentImage":"C:\\Windows\\System32\\services.exe","ParentProcessGuid":"{6A1E92E5-AE54-2026-B48C-9FDA78B36FAA}","OriginalFileName":"C:\\Windows\\explorer.exe","SHA256":"eb05df5470e65d2d2df1d0c42e8232488223e5c2ab68bec874d8df3b36f76ba5"}
{"UtcTime":"2026-08-12 09:50:59.000","Computer":"TN-FIN-WS042","User":"TRANSNORTE\\backup_svc","EventID":5,"Image":"C:\\Program Files\\Google\\Chrome\\Application\\chrome.exe","ProcessGuid":"{E1105836-8614-2026-A362-D853A4621801}","ProcessId":1971,"EventType":"End"}
{"UtcTime":"2026-08-12 09:51:00.000","Computer":"TN-FIN-WS042","User":"TRANSNORTE\\ops.cardoso","EventID":1,"Image":"C:\\Windows\\System32\\RuntimeBroker.exe","ProcessGuid":"{4D299DBF-498B-2026-991F-B21E63C06133}","ProcessId":4011,"CommandLine":"C:\\Windows\\System32\\RuntimeBroker.exe","ParentImage":"C:\\Windows\\System32\\services.exe","ParentProcessGuid":"{D24B8EE1-8FB6-2026-07FC-1FE21FDD0DFE}","OriginalFileName":"C:\\Windows\\System32\\RuntimeBroker.exe","SHA256":"c9212a42cc0f02c889c7b499a6ecdde7352f7706367e343a8e704f1717548ea8"}
{"UtcTime":"2026-08-12 09:51:01.000","Computer":"TN-FIN-WS042","User":"TRANSNORTE\\backup_svc","EventID":1,"Image":"C:\\Windows\\explorer.exe","ProcessGuid":"{B915C38D-0CE7-2026-B259-BC837C9280B9}","ProcessId":6379,"CommandLine":"C:\\Windows\\explorer.exe","ParentImage":"C:\\Windows\\System32\\services.exe","ParentProcessGuid":"{6691E7A1-7837-2026-BCF1-289CF6B9D850}","OriginalFileName":"C:\\Windows\\explorer.exe","SHA256":"4736198248f4e83ea51816fac528d1171a63809845e80cb826533e657ec8a8ac"}
{"UtcTime":"2026-08-12 09:51:02.000","Computer":"TN-FIN-WS042","User":"TRANSNORTE\\backup_svc","EventID":3,"Image":"C:\\Windows\\System32\\RuntimeBroker.exe","ProcessGuid":"{ED86B330-290C-2026-C94B-9AF95BD9DE05}","ProcessId":2679,"DestinationIp":"8.8.8.8","DestinationPort":443,"SourceIp":"10.50.10.42","Protocol":"tcp"}
{"UtcTime":"2026-08-12 09:51:03.000","Computer":"TN-FIN-WS042","User":"TRANSNORTE\\backup_svc","EventID":11,"Image":"C:\\Windows\\System32\\conhost.exe","ProcessGuid":"{B1C01A13-F28E-2026-4AAD-32D534A0F006}","ProcessId":921,"TargetFilename":"C:\\Users\\ops.cardoso\\AppData\\Local\\Temp\\office-663.tmp"}
{"UtcTime":"2026-08-12 09:51:04.000","Computer":"TN-FIN-WS042","User":"TRANSNORTE\\backup_svc","EventID":1,"Image":"C:\\Windows\\System32\\svchost.exe","ProcessGuid":"{3354473B-A0DE-2026-FA6B-F6B321CA82F8}","ProcessId":3746,"CommandLine":"C:\\Windows\\System32\\svchost.exe","ParentImage":"C:\\Windows\\System32\\services.exe","ParentProcessGuid":"{0231077A-C593-2026-70DE-DD9A345A9143}","OriginalFileName":"C:\\Windows\\System32\\svchost.exe","SHA256":"e1551832818719703de300479518f0ec2b032db30c45afa0cd78b724be8e534d"}
{"UtcTime":"2026-08-12 09:51:05.000","Computer":"TN-FIN-WS042","User":"TRANSNORTE\\backup_svc","EventID":1,"Image":"C:\\Windows\\System32\\svchost.exe","ProcessGuid":"{2B7E30C8-AAA0-2026-45CC-139F8C6A07D3}","ProcessId":4298,"CommandLine":"C:\\Windows\\System32\\svchost.exe","ParentImage":"C:\\Windows\\System32\\services.exe","ParentProcessGuid":"{7AAB655B-7C7B-2026-9A60-3D6E925A4BD9}","OriginalFileName":"C:\\Windows\\System32\\svchost.exe","SHA256":"e10a9ba23c9dcae9812f3083491f6f271f8663a3b849d94398b680c189ea97cb"}
{"UtcTime":"2026-08-12 09:51:06.000","Computer":"TN-FIN-WS042","User":"TRANSNORTE\\ops.cardoso","EventID":5,"Image":"C:\\Program Files\\Google\\Chrome\\Application\\chrome.exe","ProcessGuid":"{92D00919-C123-2026-1DA8-840695EBDEE1}","ProcessId":5029,"EventType":"End"}
{"UtcTime":"2026-08-12 09:51:07.000","Computer":"TN-FIN-WS042","User":"TRANSNORTE\\backup_svc","EventID":11,"Image":"C:\\Windows\\explorer.exe","ProcessGuid":"{CACFBE0C-AB44-2026-D14B-3CAC518EC5AA}","ProcessId":8467,"TargetFilename":"C:\\Users\\ops.cardoso\\AppData\\Local\\Temp\\office-667.tmp"}
{"UtcTime":"2026-08-12 09:51:08.000","Computer":"TN-FIN-WS042","User":"TRANSNORTE\\backup_svc","EventID":11,"Image":"C:\\Windows\\System32\\conhost.exe","ProcessGuid":"{EA59AAF7-6147-2026-EA05-6AF54F958913}","ProcessId":1008,"TargetFilename":"C:\\Users\\ops.cardoso\\AppData\\Local\\Temp\\office-668.tmp"}
{"UtcTime":"2026-08-12 09:51:09.000","Computer":"TN-FIN-WS042","User":"TRANSNORTE\\backup_svc","EventID":1,"Image":"C:\\Program Files\\Google\\Chrome\\Application\\chrome.exe","ProcessGuid":"{50B29604-1CE8-2026-9146-A52F484B8E16}","ProcessId":4374,"CommandLine":"C:\\Program Files\\Google\\Chrome\\Application\\chrome.exe","ParentImage":"C:\\Windows\\System32\\services.exe","ParentProcessGuid":"{F394EA0B-8BDD-2026-816F-CC3AF2754C8F}","OriginalFileName":"C:\\Program Files\\Google\\Chrome\\Application\\chrome.exe","SHA256":"7ee691d200c8698e81fcac4cc6289945291f1da8ddc6833f7722e9cfc0ca67c3"}
{"UtcTime":"2026-08-12 09:51:10.000","Computer":"TN-FIN-WS042","User":"TRANSNORTE\\backup_svc","EventID":1,"Image":"C:\\Windows\\System32\\RuntimeBroker.exe","ProcessGuid":"{E56A52C8-B0D1-2026-E292-8EA9C282246E}","ProcessId":5245,"CommandLine":"C:\\Windows\\System32\\RuntimeBroker.exe","ParentImage":"C:\\Windows\\System32\\services.exe","ParentProcessGuid":"{C1A91CD7-EE91-2026-9A53-F7E2E021856F}","OriginalFileName":"C:\\Windows\\System32\\RuntimeBroker.exe","SHA256":"f9e4f245a41216142aa9dda41abfd88d49536c0b4967a78af5b1737250675ff9"}
{"UtcTime":"2026-08-12 09:51:11.000","Computer":"TN-FIN-WS042","User":"TRANSNORTE\\backup_svc","EventID":13,"Image":"C:\\Program Files\\Google\\Chrome\\Application\\chrome.exe","ProcessGuid":"{35900969-5CC0-2026-0B76-2E0A75079FF5}","ProcessId":3205,"EventType":"SetValue","TargetObject":"HKCU\\Software\\Microsoft\\Office\\16.0\\Outlook\\Resiliency\\671","Details":"1"}
{"UtcTime":"2026-08-12 09:51:12.000","Computer":"TN-FIN-WS042","User":"TRANSNORTE\\backup_svc","EventID":13,"Image":"C:\\Windows\\System32\\svchost.exe","ProcessGuid":"{B13E1032-E7E2-2026-924C-3CFA5FBF95E4}","ProcessId":4224,"EventType":"SetValue","TargetObject":"HKCU\\Software\\Microsoft\\Office\\16.0\\Outlook\\Resiliency\\672","Details":"1"}
{"UtcTime":"2026-08-12 09:51:13.000","Computer":"TN-FIN-WS042","User":"TRANSNORTE\\backup_svc","EventID":3,"Image":"C:\\Program Files\\Google\\Chrome\\Application\\chrome.exe","ProcessGuid":"{985E4A4B-E0CA-2026-B647-65BEA87390BF}","ProcessId":1648,"DestinationIp":"1.1.1.1","DestinationPort":443,"SourceIp":"10.50.10.42","Protocol":"tcp"}
{"UtcTime":"2026-08-12 09:51:14.000","Computer":"TN-FIN-WS042","User":"TRANSNORTE\\ops.cardoso","EventID":3,"Image":"C:\\Windows\\explorer.exe","ProcessGuid":"{0E792513-14AD-2026-A095-BC70DA829CB8}","ProcessId":8015,"DestinationIp":"8.8.8.8","DestinationPort":53,"SourceIp":"10.50.10.42","Protocol":"tcp"}
{"UtcTime":"2026-08-12 09:51:15.000","Computer":"TN-FIN-WS042","User":"TRANSNORTE\\ops.cardoso","EventID":3,"Image":"C:\\Windows\\explorer.exe","ProcessGuid":"{FD3520BD-F50E-2026-F61D-536D96FBE6D0}","ProcessId":7729,"DestinationIp":"10.50.10.88","DestinationPort":443,"SourceIp":"10.50.10.42","Protocol":"tcp"}
{"UtcTime":"2026-08-12 09:51:16.000","Computer":"TN-FIN-WS042","User":"TRANSNORTE\\backup_svc","EventID":1,"Image":"C:\\Windows\\System32\\conhost.exe","ProcessGuid":"{2A354128-010F-2026-9F79-476D2052DE9B}","ProcessId":1989,"CommandLine":"C:\\Windows\\System32\\conhost.exe","ParentImage":"C:\\Windows\\System32\\services.exe","ParentProcessGuid":"{0BF844D0-835D-2026-5444-0DC73914FCC8}","OriginalFileName":"C:\\Windows\\System32\\conhost.exe","SHA256":"e6ee77cc5e3ea89a1a1d27647cdb2f030de28fb387592fb213e95ee2b2657b90"}
{"UtcTime":"2026-08-12 09:51:17.000","Computer":"TN-FIN-WS042","User":"TRANSNORTE\\ops.cardoso","EventID":5,"Image":"C:\\Program Files\\Microsoft Office\\Office16\\OUTLOOK.EXE","ProcessGuid":"{1D4BF4E9-2C0C-2026-ECDF-3B3F6B1B8928}","ProcessId":3962,"EventType":"End"}
{"UtcTime":"2026-08-12 09:51:18.000","Computer":"TN-FIN-WS042","User":"TRANSNORTE\\ops.cardoso","EventID":1,"Image":"C:\\Program Files\\Google\\Chrome\\Application\\chrome.exe","ProcessGuid":"{865524A3-2127-2026-956A-3B64ECEFE835}","ProcessId":1202,"CommandLine":"C:\\Program Files\\Google\\Chrome\\Application\\chrome.exe","ParentImage":"C:\\Windows\\System32\\services.exe","ParentProcessGuid":"{753BDE52-100F-2026-59F1-315B48A3684D}","OriginalFileName":"C:\\Program Files\\Google\\Chrome\\Application\\chrome.exe","SHA256":"b2abfff6dac1a54457fe328d930667a6fa33960cad2b6eb586d1b53413fc1b1d"}
{"UtcTime":"2026-08-12 09:51:19.000","Computer":"TN-FIN-WS042","User":"TRANSNORTE\\backup_svc","EventID":1,"Image":"C:\\Windows\\explorer.exe","ProcessGuid":"{A8CEC3B9-F63A-2026-C383-6ED65A368A0F}","ProcessId":6677,"CommandLine":"C:\\Windows\\explorer.exe","ParentImage":"C:\\Windows\\System32\\services.exe","ParentProcessGuid":"{4413CA01-8C13-2026-29B3-E1C01DD43086}","OriginalFileName":"C:\\Windows\\explorer.exe","SHA256":"8615902ad8f1a8d494dafa928d666a2bb52f1b1c05d3e5fb9c84a7d9a6526045"}
{"UtcTime":"2026-08-12 09:51:20.000","Computer":"TN-FIN-WS042","User":"TRANSNORTE\\backup_svc","EventID":5,"Image":"C:\\Windows\\System32\\conhost.exe","ProcessGuid":"{40F95E35-07C1-2026-99CF-E2163A2306F0}","ProcessId":7922,"EventType":"End"}
{"UtcTime":"2026-08-12 09:51:21.000","Computer":"TN-FIN-WS042","User":"TRANSNORTE\\backup_svc","EventID":13,"Image":"C:\\Program Files\\Google\\Chrome\\Application\\chrome.exe","ProcessGuid":"{9FAD5271-B70D-2026-1FE7-112D5A2EACE8}","ProcessId":5557,"EventType":"SetValue","TargetObject":"HKCU\\Software\\Microsoft\\Office\\16.0\\Outlook\\Resiliency\\681","Details":"1"}
{"UtcTime":"2026-08-12 09:51:22.000","Computer":"TN-FIN-WS042","User":"TRANSNORTE\\backup_svc","EventID":1,"Image":"C:\\Windows\\System32\\svchost.exe","ProcessGuid":"{DD683D0A-C358-2026-0B1C-B2667F1B2498}","ProcessId":2937,"CommandLine":"C:\\Windows\\System32\\svchost.exe","ParentImage":"C:\\Windows\\System32\\services.exe","ParentProcessGuid":"{A6B1CBE2-1315-2026-21D6-BFE33C63337E}","OriginalFileName":"C:\\Windows\\System32\\svchost.exe","SHA256":"6054bcdcb84eab43523da770926d004c89ee07fa26ea698a5e7e0156a95824c0"}
{"UtcTime":"2026-08-12 09:51:23.000","Computer":"TN-FIN-WS042","User":"TRANSNORTE\\ops.cardoso","EventID":3,"Image":"C:\\Windows\\System32\\RuntimeBroker.exe","ProcessGuid":"{766419D7-9005-2026-6481-0DC82DF68C5A}","ProcessId":2778,"DestinationIp":"10.50.10.88","DestinationPort":53,"SourceIp":"10.50.10.42","Protocol":"tcp"}
{"UtcTime":"2026-08-12 09:51:24.000","Computer":"TN-FIN-WS042","User":"TRANSNORTE\\backup_svc","EventID":3,"Image":"C:\\Program Files\\Microsoft Office\\Office16\\OUTLOOK.EXE","ProcessGuid":"{F390AFFB-789C-2026-08E9-D0C178003EF8}","ProcessId":4607,"DestinationIp":"8.8.8.8","DestinationPort":443,"SourceIp":"10.50.10.42","Protocol":"tcp"}
{"UtcTime":"2026-08-12 09:51:25.000","Computer":"TN-FIN-WS042","User":"TRANSNORTE\\ops.cardoso","EventID":11,"Image":"C:\\Windows\\System32\\conhost.exe","ProcessGuid":"{8B25170D-3FF1-2026-A8BB-113BECA72223}","ProcessId":4960,"TargetFilename":"C:\\Users\\ops.cardoso\\AppData\\Local\\Temp\\office-685.tmp"}
{"UtcTime":"2026-08-12 09:51:26.000","Computer":"TN-FIN-WS042","User":"TRANSNORTE\\backup_svc","EventID":11,"Image":"C:\\Windows\\explorer.exe","ProcessGuid":"{EB042C00-EA24-2026-03F7-6C781D039A06}","ProcessId":4020,"TargetFilename":"C:\\Users\\ops.cardoso\\AppData\\Local\\Temp\\office-686.tmp"}
{"UtcTime":"2026-08-12 09:51:27.000","Computer":"TN-FIN-WS042","User":"TRANSNORTE\\backup_svc","EventID":1,"Image":"C:\\Program Files\\Microsoft Office\\Office16\\OUTLOOK.EXE","ProcessGuid":"{4AE7D2CA-0DA3-2026-F35C-AD2E5D31D854}","ProcessId":2446,"CommandLine":"C:\\Program Files\\Microsoft Office\\Office16\\OUTLOOK.EXE","ParentImage":"C:\\Windows\\System32\\services.exe","ParentProcessGuid":"{1BD989BE-8430-2026-D92D-D58E4AD6A1A5}","OriginalFileName":"C:\\Program Files\\Microsoft Office\\Office16\\OUTLOOK.EXE","SHA256":"018d775ac213b0ef1b6ca9eaa9409379b734c7e64415c0db39d43c315b997238"}
{"UtcTime":"2026-08-12 09:51:28.000","Computer":"TN-FIN-WS042","User":"TRANSNORTE\\ops.cardoso","EventID":1,"Image":"C:\\Windows\\explorer.exe","ProcessGuid":"{4157E4D2-3483-2026-87E9-6172078D05D7}","ProcessId":4521,"CommandLine":"C:\\Windows\\explorer.exe","ParentImage":"C:\\Windows\\System32\\services.exe","ParentProcessGuid":"{43B24035-71F1-2026-2DEF-632A8FB369B2}","OriginalFileName":"C:\\Windows\\explorer.exe","SHA256":"6c06076fcf6b38a69259220587af1d932db1ca7293b73558997ea7734b8d2baa"}
{"UtcTime":"2026-08-12 09:51:29.000","Computer":"TN-FIN-WS042","User":"TRANSNORTE\\backup_svc","EventID":13,"Image":"C:\\Windows\\System32\\RuntimeBroker.exe","ProcessGuid":"{304BA42E-F41A-2026-1666-3A01F82999EB}","ProcessId":599,"EventType":"SetValue","TargetObject":"HKCU\\Software\\Microsoft\\Office\\16.0\\Outlook\\Resiliency\\689","Details":"1"}
{"UtcTime":"2026-08-12 09:51:30.000","Computer":"TN-FIN-WS042","User":"TRANSNORTE\\ops.cardoso","EventID":1,"Image":"C:\\Windows\\System32\\RuntimeBroker.exe","ProcessGuid":"{EA6F231F-9097-2026-B1DA-C372B9CF1AA0}","ProcessId":1653,"CommandLine":"C:\\Windows\\System32\\RuntimeBroker.exe","ParentImage":"C:\\Windows\\System32\\services.exe","ParentProcessGuid":"{06575F13-8F88-2026-C01A-0B2DD24C02E9}","OriginalFileName":"C:\\Windows\\System32\\RuntimeBroker.exe","SHA256":"e0bb40b99b5326b473cacc6a20f8bc260f1ae446c2d06a2a1bc9c42a2dcbecb3"}
{"UtcTime":"2026-08-12 09:51:31.000","Computer":"TN-FIN-WS042","User":"TRANSNORTE\\ops.cardoso","EventID":11,"Image":"C:\\Program Files\\Google\\Chrome\\Application\\chrome.exe","ProcessGuid":"{5CBEB420-9D24-2026-DAF9-0B14DB9A176F}","ProcessId":4858,"TargetFilename":"C:\\Users\\ops.cardoso\\AppData\\Local\\Temp\\office-691.tmp"}
{"UtcTime":"2026-08-12 09:51:32.000","Computer":"TN-FIN-WS042","User":"TRANSNORTE\\backup_svc","EventID":13,"Image":"C:\\Windows\\System32\\RuntimeBroker.exe","ProcessGuid":"{F14CC8B9-D8A4-2026-168E-06F345CC0723}","ProcessId":5756,"EventType":"SetValue","TargetObject":"HKCU\\Software\\Microsoft\\Office\\16.0\\Outlook\\Resiliency\\692","Details":"1"}
{"UtcTime":"2026-08-12 09:51:33.000","Computer":"TN-FIN-WS042","User":"TRANSNORTE\\backup_svc","EventID":1,"Image":"C:\\Program Files\\Google\\Chrome\\Application\\chrome.exe","ProcessGuid":"{1FB96515-5A9C-2026-BF4E-CA7C28AB38A1}","ProcessId":4581,"CommandLine":"C:\\Program Files\\Google\\Chrome\\Application\\chrome.exe","ParentImage":"C:\\Windows\\System32\\services.exe","ParentProcessGuid":"{77A45612-22A1-2026-5AA5-E8FC6FEB4257}","OriginalFileName":"C:\\Program Files\\Google\\Chrome\\Application\\chrome.exe","SHA256":"37ea677a8356d6357c3899635e4b72c4eee6317dd7860ce569d1c19c0f2c4217"}
{"UtcTime":"2026-08-12 09:51:34.000","Computer":"TN-FIN-WS042","User":"TRANSNORTE\\backup_svc","EventID":13,"Image":"C:\\Windows\\explorer.exe","ProcessGuid":"{8698271F-1317-2026-816A-2607A7291308}","ProcessId":6114,"EventType":"SetValue","TargetObject":"HKCU\\Software\\Microsoft\\Office\\16.0\\Outlook\\Resiliency\\694","Details":"1"}
{"UtcTime":"2026-08-12 09:51:35.000","Computer":"TN-FIN-WS042","User":"TRANSNORTE\\backup_svc","EventID":11,"Image":"C:\\Windows\\System32\\conhost.exe","ProcessGuid":"{07798549-817E-2026-6B23-8A34555516AD}","ProcessId":3573,"TargetFilename":"C:\\Users\\ops.cardoso\\AppData\\Local\\Temp\\office-695.tmp"}
{"UtcTime":"2026-08-12 09:51:36.000","Computer":"TN-FIN-WS042","User":"TRANSNORTE\\backup_svc","EventID":3,"Image":"C:\\Windows\\explorer.exe","ProcessGuid":"{04439DC4-3269-2026-176C-D55E279CD55B}","ProcessId":1813,"DestinationIp":"1.1.1.1","DestinationPort":53,"SourceIp":"10.50.10.42","Protocol":"tcp"}
{"UtcTime":"2026-08-12 09:51:37.000","Computer":"TN-FIN-WS042","User":"TRANSNORTE\\ops.cardoso","EventID":13,"Image":"C:\\Windows\\explorer.exe","ProcessGuid":"{33329A51-E155-2026-BE5E-91FDCBFFCD27}","ProcessId":7128,"EventType":"SetValue","TargetObject":"HKCU\\Software\\Microsoft\\Office\\16.0\\Outlook\\Resiliency\\697","Details":"1"}
{"UtcTime":"2026-08-12 09:51:38.000","Computer":"TN-FIN-WS042","User":"TRANSNORTE\\backup_svc","EventID":1,"Image":"C:\\Program Files\\Google\\Chrome\\Application\\chrome.exe","ProcessGuid":"{974867D5-ADE0-2026-4A69-7FBAD5B0DDC4}","ProcessId":6270,"CommandLine":"C:\\Program Files\\Google\\Chrome\\Application\\chrome.exe","ParentImage":"C:\\Windows\\System32\\services.exe","ParentProcessGuid":"{0DD7A568-B7E1-2026-B35F-165626D53AD7}","OriginalFileName":"C:\\Program Files\\Google\\Chrome\\Application\\chrome.exe","SHA256":"d748678c01186b628c5a92ff86810e1df4b7a2b440a3d108fdb3ab67f58d40c5"}
{"UtcTime":"2026-08-12 09:51:39.000","Computer":"TN-FIN-WS042","User":"TRANSNORTE\\ops.cardoso","EventID":5,"Image":"C:\\Windows\\System32\\RuntimeBroker.exe","ProcessGuid":"{9B5D9C34-3D18-2026-AD9E-4180B054EA71}","ProcessId":1972,"EventType":"End"}
{"UtcTime":"2026-08-12 09:51:40.000","Computer":"TN-FIN-WS042","User":"TRANSNORTE\\backup_svc","EventID":1,"Image":"C:\\Windows\\System32\\svchost.exe","ProcessGuid":"{BAE97A83-EA70-2026-8337-0163D45198AA}","ProcessId":4122,"CommandLine":"C:\\Windows\\System32\\svchost.exe","ParentImage":"C:\\Windows\\System32\\services.exe","ParentProcessGuid":"{A7038714-C2D5-2026-AA9B-AABAD7BC0CDF}","OriginalFileName":"C:\\Windows\\System32\\svchost.exe","SHA256":"f1cf3483af42b958874d1beb037ae74cd702ad3be0d4691ea4771a521c96052e"}
{"UtcTime":"2026-08-12 09:51:41.000","Computer":"TN-FIN-WS042","User":"TRANSNORTE\\backup_svc","EventID":11,"Image":"C:\\Program Files\\Microsoft Office\\Office16\\OUTLOOK.EXE","ProcessGuid":"{C1A5383D-3A04-2026-F645-5A8D054F4A09}","ProcessId":3361,"TargetFilename":"C:\\Users\\ops.cardoso\\AppData\\Local\\Temp\\office-701.tmp"}
{"UtcTime":"2026-08-12 09:51:42.000","Computer":"TN-FIN-WS042","User":"TRANSNORTE\\backup_svc","EventID":1,"Image":"C:\\Program Files\\Microsoft Office\\Office16\\OUTLOOK.EXE","ProcessGuid":"{A6221C4A-A0F6-2026-C320-26C668396472}","ProcessId":903,"CommandLine":"C:\\Program Files\\Microsoft Office\\Office16\\OUTLOOK.EXE","ParentImage":"C:\\Windows\\System32\\services.exe","ParentProcessGuid":"{1535900D-0378-2026-9A10-0E8E66C7AB6C}","OriginalFileName":"C:\\Program Files\\Microsoft Office\\Office16\\OUTLOOK.EXE","SHA256":"20fe792b07d5caba5409f927e9b47f529fc2026d16feeabea7712576b4da5d13"}
{"UtcTime":"2026-08-12 09:51:43.000","Computer":"TN-FIN-WS042","User":"TRANSNORTE\\ops.cardoso","EventID":1,"Image":"C:\\Windows\\System32\\svchost.exe","ProcessGuid":"{82828141-F79E-2026-2F59-E85F32540671}","ProcessId":2016,"CommandLine":"C:\\Windows\\System32\\svchost.exe","ParentImage":"C:\\Windows\\System32\\services.exe","ParentProcessGuid":"{B0B55B4C-5973-2026-F7D6-E3AA97C21E61}","OriginalFileName":"C:\\Windows\\System32\\svchost.exe","SHA256":"4435fd7b784cf297a70467204e5ae4a3fb5c34ba672246a403a90e3d50d66bed"}
{"UtcTime":"2026-08-12 09:51:44.000","Computer":"TN-FIN-WS042","User":"TRANSNORTE\\backup_svc","EventID":11,"Image":"C:\\Program Files\\Microsoft Office\\Office16\\OUTLOOK.EXE","ProcessGuid":"{4834C8E1-AA00-2026-8A48-0C9E32AD209A}","ProcessId":7999,"TargetFilename":"C:\\Users\\ops.cardoso\\AppData\\Local\\Temp\\office-704.tmp"}
{"UtcTime":"2026-08-12 09:51:45.000","Computer":"TN-FIN-WS042","User":"TRANSNORTE\\backup_svc","EventID":3,"Image":"C:\\Windows\\System32\\conhost.exe","ProcessGuid":"{47FCE3C8-E814-2026-68F5-22000AFBC91A}","ProcessId":5725,"DestinationIp":"1.1.1.1","DestinationPort":135,"SourceIp":"10.50.10.42","Protocol":"tcp"}
{"UtcTime":"2026-08-12 09:51:46.000","Computer":"TN-FIN-WS042","User":"TRANSNORTE\\backup_svc","EventID":5,"Image":"C:\\Program Files\\Microsoft Office\\Office16\\OUTLOOK.EXE","ProcessGuid":"{3A1DE9DE-A1A9-2026-D949-55BE774E5D99}","ProcessId":5591,"EventType":"End"}
{"UtcTime":"2026-08-12 09:51:47.000","Computer":"TN-FIN-WS042","User":"TRANSNORTE\\backup_svc","EventID":3,"Image":"C:\\Windows\\explorer.exe","ProcessGuid":"{24E5CAB4-99DD-2026-088F-A7105B519594}","ProcessId":4347,"DestinationIp":"10.50.10.88","DestinationPort":443,"SourceIp":"10.50.10.42","Protocol":"tcp"}
{"UtcTime":"2026-08-12 09:51:48.000","Computer":"TN-FIN-WS042","User":"TRANSNORTE\\backup_svc","EventID":5,"Image":"C:\\Windows\\System32\\conhost.exe","ProcessGuid":"{B040F7B3-0DF5-2026-CF2D-B2423006A34E}","ProcessId":5022,"EventType":"End"}
{"UtcTime":"2026-08-12 09:51:49.000","Computer":"TN-FIN-WS042","User":"TRANSNORTE\\ops.cardoso","EventID":1,"Image":"C:\\Windows\\System32\\svchost.exe","ProcessGuid":"{CBC3E936-5FAB-2026-9119-72F283EBAA0C}","ProcessId":6398,"CommandLine":"C:\\Windows\\System32\\svchost.exe","ParentImage":"C:\\Windows\\System32\\services.exe","ParentProcessGuid":"{7108F241-75EE-2026-61FD-7C4695A5E165}","OriginalFileName":"C:\\Windows\\System32\\svchost.exe","SHA256":"b57dc25e535047e7d99d90b1f2db773d57db43f11d3ba1505c38ade6933f371a"}
{"UtcTime":"2026-08-12 09:51:50.000","Computer":"TN-FIN-WS042","User":"TRANSNORTE\\backup_svc","EventID":1,"Image":"C:\\Windows\\explorer.exe","ProcessGuid":"{44BFEC45-3B3D-2026-3EFE-03E1747033CB}","ProcessId":6918,"CommandLine":"C:\\Windows\\explorer.exe","ParentImage":"C:\\Windows\\System32\\services.exe","ParentProcessGuid":"{10F5637A-F6A5-2026-CAFA-FF49EA00C429}","OriginalFileName":"C:\\Windows\\explorer.exe","SHA256":"a339963d5c41641c4df2061e688aae795f8a1b932999665eb956b2c2dcded089"}
{"UtcTime":"2026-08-12 09:51:51.000","Computer":"TN-FIN-WS042","User":"TRANSNORTE\\backup_svc","EventID":1,"Image":"C:\\Windows\\System32\\conhost.exe","ProcessGuid":"{34A93994-0A25-2026-3EC9-52085AFE0F59}","ProcessId":7156,"CommandLine":"C:\\Windows\\System32\\conhost.exe","ParentImage":"C:\\Windows\\System32\\services.exe","ParentProcessGuid":"{E9593B73-75DA-2026-1F9C-9F16AD67EDD7}","OriginalFileName":"C:\\Windows\\System32\\conhost.exe","SHA256":"59b4d1d4288f0e149a20dd26d65c97eb4ec2ea19eec347bdeae3e54d6bd07f6f"}
{"UtcTime":"2026-08-12 09:51:52.000","Computer":"TN-FIN-WS042","User":"TRANSNORTE\\backup_svc","EventID":5,"Image":"C:\\Windows\\System32\\RuntimeBroker.exe","ProcessGuid":"{6B500286-9DD9-2026-C578-5DD31AC82C44}","ProcessId":4259,"EventType":"End"}
{"UtcTime":"2026-08-12 09:51:53.000","Computer":"TN-FIN-WS042","User":"TRANSNORTE\\ops.cardoso","EventID":3,"Image":"C:\\Windows\\System32\\conhost.exe","ProcessGuid":"{F69EEC16-D5FA-2026-0B66-B5CD965397AE}","ProcessId":4427,"DestinationIp":"10.50.10.10","DestinationPort":443,"SourceIp":"10.50.10.42","Protocol":"tcp"}
{"UtcTime":"2026-08-12 09:51:54.000","Computer":"TN-FIN-WS042","User":"TRANSNORTE\\backup_svc","EventID":13,"Image":"C:\\Windows\\System32\\RuntimeBroker.exe","ProcessGuid":"{E39A6908-25EB-2026-185D-3BE2BCC6E6E8}","ProcessId":7656,"EventType":"SetValue","TargetObject":"HKCU\\Software\\Microsoft\\Office\\16.0\\Outlook\\Resiliency\\714","Details":"1"}
{"UtcTime":"2026-08-12 09:51:55.000","Computer":"TN-FIN-WS042","User":"TRANSNORTE\\backup_svc","EventID":13,"Image":"C:\\Program Files\\Google\\Chrome\\Application\\chrome.exe","ProcessGuid":"{EAD85F62-BE3B-2026-1F25-31608E2505EF}","ProcessId":888,"EventType":"SetValue","TargetObject":"HKCU\\Software\\Microsoft\\Office\\16.0\\Outlook\\Resiliency\\715","Details":"1"}
{"UtcTime":"2026-08-12 09:51:56.000","Computer":"TN-FIN-WS042","User":"TRANSNORTE\\backup_svc","EventID":1,"Image":"C:\\Program Files\\Microsoft Office\\Office16\\OUTLOOK.EXE","ProcessGuid":"{A57E1073-E904-2026-4C77-A153D56CBA11}","ProcessId":1328,"CommandLine":"C:\\Program Files\\Microsoft Office\\Office16\\OUTLOOK.EXE","ParentImage":"C:\\Windows\\System32\\services.exe","ParentProcessGuid":"{66062F8F-3F7F-2026-158B-1E6F58EF3893}","OriginalFileName":"C:\\Program Files\\Microsoft Office\\Office16\\OUTLOOK.EXE","SHA256":"db8dc8497da079c5f3a6473ac011e6e90960e4d06c0cbf9d2736ace8f424e0fe"}
{"UtcTime":"2026-08-12 09:51:57.000","Computer":"TN-FIN-WS042","User":"TRANSNORTE\\ops.cardoso","EventID":3,"Image":"C:\\Windows\\System32\\conhost.exe","ProcessGuid":"{5EE5A4BF-0FC2-2026-6A8F-EFDE3F34537D}","ProcessId":5282,"DestinationIp":"10.50.10.88","DestinationPort":8080,"SourceIp":"10.50.10.42","Protocol":"tcp"}
{"UtcTime":"2026-08-12 09:51:58.000","Computer":"TN-FIN-WS042","User":"TRANSNORTE\\ops.cardoso","EventID":1,"Image":"C:\\Windows\\System32\\RuntimeBroker.exe","ProcessGuid":"{D04CB641-81BE-2026-8321-64FE981F5364}","ProcessId":3088,"CommandLine":"C:\\Windows\\System32\\RuntimeBroker.exe","ParentImage":"C:\\Windows\\System32\\services.exe","ParentProcessGuid":"{45DE2C62-AF97-2026-D5D9-C04ED5C14858}","OriginalFileName":"C:\\Windows\\System32\\RuntimeBroker.exe","SHA256":"fe3e7e30d8741dc2a02f8e6506c320bd4043283c874dca2443919d1ed6b6c4ed"}
{"UtcTime":"2026-08-12 09:51:59.000","Computer":"TN-FIN-WS042","User":"TRANSNORTE\\backup_svc","EventID":13,"Image":"C:\\Program Files\\Google\\Chrome\\Application\\chrome.exe","ProcessGuid":"{AE40080C-8624-2026-0F8F-289FB6016FFE}","ProcessId":5322,"EventType":"SetValue","TargetObject":"HKCU\\Software\\Microsoft\\Office\\16.0\\Outlook\\Resiliency\\719","Details":"1"}
{"UtcTime":"2026-08-12 09:52:00.000","Computer":"TN-FIN-WS042","User":"TRANSNORTE\\ops.cardoso","EventID":1,"Image":"C:\\Windows\\explorer.exe","ProcessGuid":"{659BD142-6ABB-2026-4C98-44FC2D690EC4}","ProcessId":3377,"CommandLine":"C:\\Windows\\explorer.exe","ParentImage":"C:\\Windows\\System32\\services.exe","ParentProcessGuid":"{90DB5B13-0F9E-2026-F001-B9FAF717D94A}","OriginalFileName":"C:\\Windows\\explorer.exe","SHA256":"f0ea18cc47fc369e46e849cec519297545f5daaeb0271897780fce5dfeebb8b7"}
{"UtcTime":"2026-08-12 09:52:01.000","Computer":"TN-FIN-WS042","User":"TRANSNORTE\\backup_svc","EventID":13,"Image":"C:\\Windows\\System32\\conhost.exe","ProcessGuid":"{B53A5962-A40C-2026-125B-59BEF1DC3E48}","ProcessId":913,"EventType":"SetValue","TargetObject":"HKCU\\Software\\Microsoft\\Office\\16.0\\Outlook\\Resiliency\\721","Details":"1"}
{"UtcTime":"2026-08-12 09:52:02.000","Computer":"TN-FIN-WS042","User":"TRANSNORTE\\ops.cardoso","EventID":13,"Image":"C:\\Windows\\explorer.exe","ProcessGuid":"{7537AEF7-8971-2026-C86E-0E5A8143C40D}","ProcessId":7743,"EventType":"SetValue","TargetObject":"HKCU\\Software\\Microsoft\\Office\\16.0\\Outlook\\Resiliency\\722","Details":"1"}
{"UtcTime":"2026-08-12 09:52:03.000","Computer":"TN-FIN-WS042","User":"TRANSNORTE\\ops.cardoso","EventID":13,"Image":"C:\\Program Files\\Google\\Chrome\\Application\\chrome.exe","ProcessGuid":"{1AC23A7F-2F0E-2026-208E-53F09B269D88}","ProcessId":6241,"EventType":"SetValue","TargetObject":"HKCU\\Software\\Microsoft\\Office\\16.0\\Outlook\\Resiliency\\723","Details":"1"}
{"UtcTime":"2026-08-12 09:52:04.000","Computer":"TN-FIN-WS042","User":"TRANSNORTE\\ops.cardoso","EventID":1,"Image":"C:\\Program Files\\Google\\Chrome\\Application\\chrome.exe","ProcessGuid":"{2076984D-66B4-2026-66CC-533547933385}","ProcessId":2269,"CommandLine":"C:\\Program Files\\Google\\Chrome\\Application\\chrome.exe","ParentImage":"C:\\Windows\\System32\\services.exe","ParentProcessGuid":"{21752474-C4E4-2026-65F7-908A03C3B4E5}","OriginalFileName":"C:\\Program Files\\Google\\Chrome\\Application\\chrome.exe","SHA256":"84d2aae50b1cfdf122b539b651bd9023a37f91cf9031dab71802eea8f3d51051"}
{"UtcTime":"2026-08-12 09:52:05.000","Computer":"TN-FIN-WS042","User":"TRANSNORTE\\backup_svc","EventID":3,"Image":"C:\\Windows\\explorer.exe","ProcessGuid":"{BE96F126-6B4F-2026-0F18-B68BA42D9ECE}","ProcessId":1144,"DestinationIp":"10.50.10.88","DestinationPort":443,"SourceIp":"10.50.10.42","Protocol":"tcp"}
{"UtcTime":"2026-08-12 09:52:06.000","Computer":"TN-FIN-WS042","User":"TRANSNORTE\\backup_svc","EventID":11,"Image":"C:\\Windows\\System32\\svchost.exe","ProcessGuid":"{02BE26D9-4B4B-2026-502F-9AAF466A4934}","ProcessId":5661,"TargetFilename":"C:\\Users\\ops.cardoso\\AppData\\Local\\Temp\\office-726.tmp"}
{"UtcTime":"2026-08-12 09:52:07.000","Computer":"TN-FIN-WS042","User":"TRANSNORTE\\ops.cardoso","EventID":1,"Image":"C:\\Windows\\System32\\conhost.exe","ProcessGuid":"{7B70FB8F-5456-2026-1C8E-76DBFA8F5398}","ProcessId":6641,"CommandLine":"C:\\Windows\\System32\\conhost.exe","ParentImage":"C:\\Windows\\System32\\services.exe","ParentProcessGuid":"{1349B7A5-19BE-2026-91E4-BCE4D855D3A0}","OriginalFileName":"C:\\Windows\\System32\\conhost.exe","SHA256":"adc30c3a4e8cfc4856ddaed9c06d93166731a9fbfc501b87ffe7227d16655db0"}
{"UtcTime":"2026-08-12 09:52:08.000","Computer":"TN-FIN-WS042","User":"TRANSNORTE\\backup_svc","EventID":11,"Image":"C:\\Program Files\\Microsoft Office\\Office16\\OUTLOOK.EXE","ProcessGuid":"{3439DE8B-7907-2026-8367-5468FEC8E4C0}","ProcessId":4708,"TargetFilename":"C:\\Users\\ops.cardoso\\AppData\\Local\\Temp\\office-728.tmp"}
{"UtcTime":"2026-08-12 09:52:09.000","Computer":"TN-FIN-WS042","User":"TRANSNORTE\\backup_svc","EventID":1,"Image":"C:\\Windows\\explorer.exe","ProcessGuid":"{17EE5D6A-6629-2026-7D72-003F6A2587AC}","ProcessId":5018,"CommandLine":"C:\\Windows\\explorer.exe","ParentImage":"C:\\Windows\\System32\\services.exe","ParentProcessGuid":"{75646EFB-1F01-2026-D65D-DEC6DA0E4DAF}","OriginalFileName":"C:\\Windows\\explorer.exe","SHA256":"adedec702d07ac1bef36f858074a1c2269ba9d1a899a9dfa33e0d43982df527c"}
{"UtcTime":"2026-08-12 09:52:10.000","Computer":"TN-FIN-WS042","User":"TRANSNORTE\\backup_svc","EventID":5,"Image":"C:\\Windows\\System32\\RuntimeBroker.exe","ProcessGuid":"{5D59D533-85B8-2026-CAF7-A3AA0BE82C6F}","ProcessId":547,"EventType":"End"}
