{"UtcTime":"2026-08-12 14:23:51.000","Computer":"CLM-MESA-014","User":"CLM\\mesa","EventID":1,"Image":"C:\\Windows\\System32\\RuntimeBroker.exe","ProcessGuid":"{0199AAC8-017C-2026-B24E-36ED53775A0C}","ProcessId":1548,"CommandLine":"C:\\Windows\\System32\\RuntimeBroker.exe","ParentImage":"C:\\Windows\\System32\\services.exe","ParentProcessGuid":"{4EF2DC01-2A24-2026-B2A1-2B76825A8441}","OriginalFileName":"C:\\Windows\\System32\\RuntimeBroker.exe"}
{"UtcTime":"2026-08-12 14:23:52.000","Computer":"CLM-MESA-014","User":"CLM\\ops","EventID":3,"Image":"C:\\Windows\\System32\\RuntimeBroker.exe","ProcessGuid":"{38EF47CD-BC16-2026-9964-CF204D4AD615}","ProcessId":449,"DestinationIp":"10.70.30.8","DestinationPort":53,"DestinationHostname":"ntp.clm.liquidacao","SourceIp":"10.70.30.14","Protocol":"tcp"}
{"UtcTime":"2026-08-12 14:23:53.000","Computer":"CLM-MESA-014","User":"CLM\\ops","EventID":5,"Image":"C:\\Windows\\System32\\svchost.exe","ProcessGuid":"{9ECDBB39-0329-2026-76E0-D5B561221C03}","ProcessId":6940,"EventType":"End"}
{"UtcTime":"2026-08-12 14:23:54.000","Computer":"CLM-MESA-014","User":"CLM\\mesa","EventID":5,"Image":"C:\\Windows\\System32\\svchost.exe","ProcessGuid":"{A27A0BA9-BBAB-2026-CF7A-67CCFED78959}","ProcessId":2912,"EventType":"End"}
{"UtcTime":"2026-08-12 14:23:55.000","Computer":"CLM-MESA-014","User":"CLM\\backoffice","EventID":1,"Image":"C:\\Program Files\\Google\\Chrome\\Application\\chrome.exe","ProcessGuid":"{FAB817AE-B330-2026-AE06-1BB7405DC58B}","ProcessId":7799,"CommandLine":"C:\\Program Files\\Google\\Chrome\\Application\\chrome.exe","ParentImage":"C:\\Windows\\System32\\services.exe","ParentProcessGuid":"{23FDFFE2-B827-2026-C7BA-4F7EB437CF4A}","OriginalFileName":"C:\\Program Files\\Google\\Chrome\\Application\\chrome.exe"}
{"UtcTime":"2026-08-12 14:23:56.000","Computer":"CLM-MESA-014","User":"CLM\\mesa","EventID":1,"Image":"C:\\Program Files\\Google\\Chrome\\Application\\chrome.exe","ProcessGuid":"{CC4D33F1-589D-2026-5DED-06C2A76ABC22}","ProcessId":7994,"CommandLine":"C:\\Program Files\\Google\\Chrome\\Application\\chrome.exe","ParentImage":"C:\\Windows\\System32\\services.exe","ParentProcessGuid":"{EDA4CB77-839F-2026-136C-0E208B7ACA18}","OriginalFileName":"C:\\Program Files\\Google\\Chrome\\Application\\chrome.exe"}
{"UtcTime":"2026-08-12 14:23:57.000","Computer":"CLM-MESA-014","User":"CLM\\backoffice","EventID":1,"Image":"C:\\Program Files\\Google\\Chrome\\Application\\chrome.exe","ProcessGuid":"{69F26E1D-FFD4-2026-7DB7-A365118ADD7E}","ProcessId":3821,"CommandLine":"C:\\Program Files\\Google\\Chrome\\Application\\chrome.exe","ParentImage":"C:\\Windows\\System32\\services.exe","ParentProcessGuid":"{025DD749-7069-2026-C8DD-1FEB2BFAB6E8}","OriginalFileName":"C:\\Program Files\\Google\\Chrome\\Application\\chrome.exe"}
{"UtcTime":"2026-08-12 14:23:58.000","Computer":"CLM-MESA-014","User":"CLM\\mesa","EventID":11,"Image":"C:\\Program Files\\Google\\Chrome\\Application\\chrome.exe","ProcessGuid":"{BEEEFD5D-156B-2026-A661-8B8481CBFC59}","ProcessId":785,"TargetFilename":"C:\\Users\\Public\\Temp\\mesa-838.tmp"}
{"UtcTime":"2026-08-12 14:23:59.000","Computer":"CLM-MESA-014","User":"CLM\\mesa","EventID":5,"Image":"C:\\Windows\\System32\\svchost.exe","ProcessGuid":"{0D01DD9E-7F68-2026-7FF5-BB416D5005A6}","ProcessId":6921,"EventType":"End"}
{"UtcTime":"2026-08-12 14:24:00.000","Computer":"CLM-MESA-014","User":"CLM\\mesa","EventID":5,"Image":"C:\\Windows\\System32\\RuntimeBroker.exe","ProcessGuid":"{09FF6C97-91AC-2026-0901-348F58FC336E}","ProcessId":8463,"EventType":"End"}
{"UtcTime":"2026-08-12 14:24:01.000","Computer":"CLM-MESA-014","User":"CLM\\backoffice","EventID":13,"Image":"C:\\Windows\\System32\\RuntimeBroker.exe","ProcessGuid":"{2DF2F8E0-9B6C-2026-6E2C-B91E07C85447}","ProcessId":5095,"EventType":"SetValue","TargetObject":"HKCU\\Software\\CLM\\Mesa\\Pref\\841","Details":"1"}
{"UtcTime":"2026-08-12 14:24:02.000","Computer":"CLM-MESA-014","User":"CLM\\backoffice","EventID":1,"Image":"C:\\Windows\\System32\\conhost.exe","ProcessGuid":"{4FE84960-FAD1-2026-2E46-00FB1389ED9B}","ProcessId":2187,"CommandLine":"C:\\Windows\\System32\\conhost.exe","ParentImage":"C:\\Windows\\System32\\services.exe","ParentProcessGuid":"{FA14FBED-7A1D-2026-F874-68022FD58097}","OriginalFileName":"C:\\Windows\\System32\\conhost.exe"}
{"UtcTime":"2026-08-12 14:24:03.000","Computer":"CLM-MESA-014","User":"CLM\\backoffice","EventID":5,"Image":"C:\\Windows\\System32\\svchost.exe","ProcessGuid":"{853BC8AD-BA4B-2026-1697-2511D475C62C}","ProcessId":3332,"EventType":"End"}
{"UtcTime":"2026-08-12 14:24:04.000","Computer":"CLM-MESA-014","User":"CLM\\mesa","EventID":1,"Image":"C:\\Windows\\System32\\conhost.exe","ProcessGuid":"{5AAA54B9-075F-2026-FA4C-E4A313A954CE}","ProcessId":2979,"CommandLine":"C:\\Windows\\System32\\conhost.exe","ParentImage":"C:\\Windows\\System32\\services.exe","ParentProcessGuid":"{281C39FF-5009-2026-B299-F6FA5D491E19}","OriginalFileName":"C:\\Windows\\System32\\conhost.exe"}
{"UtcTime":"2026-08-12 14:24:05.000","Computer":"CLM-MESA-014","User":"CLM\\mesa","EventID":11,"Image":"C:\\Windows\\explorer.exe","ProcessGuid":"{2CBB3ADB-B0BB-2026-1585-476834966886}","ProcessId":7520,"TargetFilename":"C:\\Users\\Public\\Temp\\mesa-845.tmp"}
{"UtcTime":"2026-08-12 14:24:06.000","Computer":"CLM-MESA-014","User":"CLM\\mesa","EventID":1,"Image":"C:\\Program Files\\Google\\Chrome\\Application\\chrome.exe","ProcessGuid":"{A2F432DE-67AB-2026-AFF5-79349C79B049}","ProcessId":8107,"CommandLine":"C:\\Program Files\\Google\\Chrome\\Application\\chrome.exe","ParentImage":"C:\\Windows\\System32\\services.exe","ParentProcessGuid":"{CF9FCE9E-6998-2026-8898-4EDE8F755B98}","OriginalFileName":"C:\\Program Files\\Google\\Chrome\\Application\\chrome.exe"}
{"UtcTime":"2026-08-12 14:24:07.000","Computer":"CLM-MESA-014","User":"CLM\\ops","EventID":3,"Image":"C:\\Windows\\System32\\conhost.exe","ProcessGuid":"{6006D0DA-FFBF-2026-EA54-113E5A5E400A}","ProcessId":1177,"DestinationIp":"10.70.30.1","DestinationPort":8080,"DestinationHostname":"portal.clm.liquidacao","SourceIp":"10.70.30.14","Protocol":"tcp"}
{"UtcTime":"2026-08-12 14:24:08.000","Computer":"CLM-MESA-014","User":"CLM\\mesa","EventID":1,"Image":"C:\\Windows\\System32\\RuntimeBroker.exe","ProcessGuid":"{A52311E2-4FE8-2026-4257-E42112D371D6}","ProcessId":1861,"CommandLine":"C:\\Windows\\System32\\RuntimeBroker.exe","ParentImage":"C:\\Windows\\System32\\services.exe","ParentProcessGuid":"{F9C857FB-D7BD-2026-F300-21E1DD803B2B}","OriginalFileName":"C:\\Windows\\System32\\RuntimeBroker.exe"}
{"UtcTime":"2026-08-12 14:24:09.000","Computer":"CLM-MESA-014","User":"CLM\\ops","EventID":1,"Image":"C:\\Windows\\System32\\svchost.exe","ProcessGuid":"{127D4A6A-26FD-2026-2A4B-3CBDBC628D12}","ProcessId":1164,"CommandLine":"C:\\Windows\\System32\\svchost.exe","ParentImage":"C:\\Windows\\System32\\services.exe","ParentProcessGuid":"{5C6B3297-7417-2026-DEC4-2A2FF3D97973}","OriginalFileName":"C:\\Windows\\System32\\svchost.exe"}
{"UtcTime":"2026-08-12 14:24:10.000","Computer":"CLM-MESA-014","User":"CLM\\ops","EventID":3,"Image":"C:\\Windows\\System32\\svchost.exe","ProcessGuid":"{303AD2A0-4692-2026-6AFE-9F15F7BC70AF}","ProcessId":8449,"DestinationIp":"10.70.30.8","DestinationPort":443,"DestinationHostname":"ntp.clm.liquidacao","SourceIp":"10.70.30.14","Protocol":"tcp"}
{"UtcTime":"2026-08-12 14:24:11.000","Computer":"CLM-MESA-014","User":"CLM\\backoffice","EventID":1,"Image":"C:\\Windows\\System32\\RuntimeBroker.exe","ProcessGuid":"{A9A07116-9B5F-2026-C36E-F376C10034E7}","ProcessId":1409,"CommandLine":"C:\\Windows\\System32\\RuntimeBroker.exe","ParentImage":"C:\\Windows\\System32\\services.exe","ParentProcessGuid":"{5C79FE25-832F-2026-F356-F93F16584AD6}","OriginalFileName":"C:\\Windows\\System32\\RuntimeBroker.exe"}
{"UtcTime":"2026-08-12 14:24:12.000","Computer":"CLM-MESA-014","User":"CLM\\mesa","EventID":1,"Image":"C:\\Program Files\\Google\\Chrome\\Application\\chrome.exe","ProcessGuid":"{D40F2E76-85AB-2026-52FD-FC758969563C}","ProcessId":6477,"CommandLine":"C:\\Program Files\\Google\\Chrome\\Application\\chrome.exe","ParentImage":"C:\\Windows\\System32\\services.exe","ParentProcessGuid":"{EBC12570-135C-2026-2314-2C22CD37B70C}","OriginalFileName":"C:\\Program Files\\Google\\Chrome\\Application\\chrome.exe"}
{"UtcTime":"2026-08-12 14:24:13.000","Computer":"CLM-MESA-014","User":"CLM\\ops","EventID":11,"Image":"C:\\Windows\\System32\\conhost.exe","ProcessGuid":"{0BBCD625-F99B-2026-8477-1318F8FA9356}","ProcessId":6356,"TargetFilename":"C:\\Users\\Public\\Temp\\mesa-853.tmp"}
{"UtcTime":"2026-08-12 14:24:14.000","Computer":"CLM-MESA-014","User":"CLM\\ops","EventID":5,"Image":"C:\\Windows\\System32\\svchost.exe","ProcessGuid":"{7D321115-4C1A-2026-9ABC-EE9A5522CD33}","ProcessId":1077,"EventType":"End"}
{"UtcTime":"2026-08-12 14:24:15.000","Computer":"CLM-MESA-014","User":"CLM\\mesa","EventID":3,"Image":"C:\\Windows\\System32\\RuntimeBroker.exe","ProcessGuid":"{A2863E65-2A15-2026-F19A-17CB4163B6F9}","ProcessId":3644,"DestinationIp":"10.70.30.1","DestinationPort":8080,"DestinationHostname":"portal.clm.liquidacao","SourceIp":"10.70.30.14","Protocol":"tcp"}
{"UtcTime":"2026-08-12 14:24:16.000","Computer":"CLM-MESA-014","User":"CLM\\ops","EventID":3,"Image":"C:\\Windows\\System32\\conhost.exe","ProcessGuid":"{2D35D311-71E0-2026-29AC-A0D367A549BA}","ProcessId":5879,"DestinationIp":"1.1.1.1","DestinationPort":53,"DestinationHostname":"ntp.clm.liquidacao","SourceIp":"10.70.30.14","Protocol":"tcp"}
{"UtcTime":"2026-08-12 14:24:17.000","Computer":"CLM-MESA-014","User":"CLM\\backoffice","EventID":11,"Image":"C:\\Program Files\\Google\\Chrome\\Application\\chrome.exe","ProcessGuid":"{D5E3B963-67B9-2026-CC54-DC8420A542CD}","ProcessId":3216,"TargetFilename":"C:\\Users\\Public\\Temp\\mesa-857.tmp"}
{"UtcTime":"2026-08-12 14:24:18.000","Computer":"CLM-MESA-014","User":"CLM\\ops","EventID":1,"Image":"C:\\Windows\\System32\\svchost.exe","ProcessGuid":"{726054D5-175A-2026-F29E-447F1A60F939}","ProcessId":3610,"CommandLine":"C:\\Windows\\System32\\svchost.exe","ParentImage":"C:\\Windows\\System32\\services.exe","ParentProcessGuid":"{1443CB6B-78DF-2026-2A53-EE76FA06609D}","OriginalFileName":"C:\\Windows\\System32\\svchost.exe"}
{"UtcTime":"2026-08-12 14:24:19.000","Computer":"CLM-MESA-014","User":"CLM\\backoffice","EventID":1,"Image":"C:\\Windows\\System32\\svchost.exe","ProcessGuid":"{4B9B06B0-46F9-2026-FBD2-148C1B85A700}","ProcessId":7935,"CommandLine":"C:\\Windows\\System32\\svchost.exe","ParentImage":"C:\\Windows\\System32\\services.exe","ParentProcessGuid":"{6997433E-0319-2026-D97D-5D598A86AD61}","OriginalFileName":"C:\\Windows\\System32\\svchost.exe"}
{"UtcTime":"2026-08-12 14:24:20.000","Computer":"CLM-MESA-014","User":"CLM\\ops","EventID":1,"Image":"C:\\Windows\\explorer.exe","ProcessGuid":"{E8724DA5-D9A2-2026-02D6-5DFA8FFAE4C4}","ProcessId":8898,"CommandLine":"C:\\Windows\\explorer.exe","ParentImage":"C:\\Windows\\System32\\services.exe","ParentProcessGuid":"{90E33F95-B6F5-2026-4242-4D740CD6A03D}","OriginalFileName":"C:\\Windows\\explorer.exe"}
{"UtcTime":"2026-08-12 14:24:21.000","Computer":"CLM-MESA-014","User":"CLM\\backoffice","EventID":1,"Image":"C:\\Windows\\System32\\svchost.exe","ProcessGuid":"{6C62063C-B254-2026-9710-303638C53A84}","ProcessId":7924,"CommandLine":"C:\\Windows\\System32\\svchost.exe","ParentImage":"C:\\Windows\\System32\\services.exe","ParentProcessGuid":"{BD54B878-5B8E-2026-9D22-2BCF1562D61C}","OriginalFileName":"C:\\Windows\\System32\\svchost.exe"}
{"UtcTime":"2026-08-12 14:24:22.000","Computer":"CLM-MESA-014","User":"CLM\\backoffice","EventID":5,"Image":"C:\\Windows\\explorer.exe","ProcessGuid":"{E0880C04-F4A7-2026-E6A8-0984B199C480}","ProcessId":2727,"EventType":"End"}
{"UtcTime":"2026-08-12 14:24:23.000","Computer":"CLM-MESA-014","User":"CLM\\ops","EventID":13,"Image":"C:\\Program Files\\Google\\Chrome\\Application\\chrome.exe","ProcessGuid":"{3AE3649F-60AA-2026-F00E-844D78EA9B73}","ProcessId":5191,"EventType":"SetValue","TargetObject":"HKCU\\Software\\CLM\\Mesa\\Pref\\863","Details":"1"}
{"UtcTime":"2026-08-12 14:24:24.000","Computer":"CLM-MESA-014","User":"CLM\\mesa","EventID":1,"Image":"C:\\Program Files\\Microsoft Office\\Office16\\EXCEL.EXE","ProcessGuid":"{213F8CB3-8B70-2026-9A9D-1B8B590D7A42}","ProcessId":1442,"CommandLine":"C:\\Program Files\\Microsoft Office\\Office16\\EXCEL.EXE","ParentImage":"C:\\Windows\\System32\\services.exe","ParentProcessGuid":"{E85DE454-2E63-2026-89F0-8643DEC6DB1F}","OriginalFileName":"C:\\Program Files\\Microsoft Office\\Office16\\EXCEL.EXE"}
{"UtcTime":"2026-08-12 14:24:25.000","Computer":"CLM-MESA-014","User":"CLM\\ops","EventID":1,"Image":"C:\\Windows\\System32\\svchost.exe","ProcessGuid":"{24737A7B-4863-2026-F5CF-D7E209A46320}","ProcessId":4378,"CommandLine":"C:\\Windows\\System32\\svchost.exe","ParentImage":"C:\\Windows\\System32\\services.exe","ParentProcessGuid":"{4EB47120-B0DB-2026-23A6-9AAA54A43C86}","OriginalFileName":"C:\\Windows\\System32\\svchost.exe"}
{"UtcTime":"2026-08-12 14:24:26.000","Computer":"CLM-MESA-014","User":"CLM\\ops","EventID":3,"Image":"C:\\Windows\\System32\\RuntimeBroker.exe","ProcessGuid":"{4F3FFC6E-3E84-2026-3E1C-957050F0843B}","ProcessId":2923,"DestinationIp":"10.70.30.8","DestinationPort":53,"DestinationHostname":"ntp.clm.liquidacao","SourceIp":"10.70.30.14","Protocol":"tcp"}
{"UtcTime":"2026-08-12 14:24:27.000","Computer":"CLM-MESA-014","User":"CLM\\backoffice","EventID":11,"Image":"C:\\Windows\\System32\\svchost.exe","ProcessGuid":"{22C5FD73-4B41-2026-19B2-A6E2A91BA612}","ProcessId":6662,"TargetFilename":"C:\\Users\\Public\\Temp\\mesa-867.tmp"}
{"UtcTime":"2026-08-12 14:24:28.000","Computer":"CLM-MESA-014","User":"CLM\\backoffice","EventID":13,"Image":"C:\\Windows\\System32\\RuntimeBroker.exe","ProcessGuid":"{23639710-C259-2026-C4B0-E5BCD2CFD561}","ProcessId":2698,"EventType":"SetValue","TargetObject":"HKCU\\Software\\CLM\\Mesa\\Pref\\868","Details":"1"}
{"UtcTime":"2026-08-12 14:24:29.000","Computer":"CLM-MESA-014","User":"CLM\\mesa","EventID":1,"Image":"C:\\Windows\\System32\\conhost.exe","ProcessGuid":"{38FF66A2-BF7A-2026-E886-C576853FFC56}","ProcessId":4932,"CommandLine":"C:\\Windows\\System32\\conhost.exe","ParentImage":"C:\\Windows\\System32\\services.exe","ParentProcessGuid":"{8591EC04-4E38-2026-3E42-BC9797CE45E4}","OriginalFileName":"C:\\Windows\\System32\\conhost.exe"}
{"UtcTime":"2026-08-12 14:24:30.000","Computer":"CLM-MESA-014","User":"CLM\\ops","EventID":11,"Image":"C:\\Program Files\\Google\\Chrome\\Application\\chrome.exe","ProcessGuid":"{23BA58A9-26C1-2026-029A-B9E42160E3A2}","ProcessId":430,"TargetFilename":"C:\\Users\\Public\\Temp\\mesa-870.tmp"}
{"UtcTime":"2026-08-12 14:24:31.000","Computer":"CLM-MESA-014","User":"CLM\\backoffice","EventID":1,"Image":"C:\\Windows\\System32\\conhost.exe","ProcessGuid":"{380FB6B0-D1C0-2026-07C7-5E9565F094B7}","ProcessId":2305,"CommandLine":"C:\\Windows\\System32\\conhost.exe","ParentImage":"C:\\Windows\\System32\\services.exe","ParentProcessGuid":"{8CA7B2B6-5334-2026-5BF1-2B4F42A417D5}","OriginalFileName":"C:\\Windows\\System32\\conhost.exe"}
{"UtcTime":"2026-08-12 14:24:32.000","Computer":"CLM-MESA-014","User":"CLM\\ops","EventID":3,"Image":"C:\\Windows\\System32\\RuntimeBroker.exe","ProcessGuid":"{F93E8372-BF72-2026-35E7-D211174D3D15}","ProcessId":4810,"DestinationIp":"8.8.8.8","DestinationPort":8080,"DestinationHostname":"ntp.clm.liquidacao","SourceIp":"10.70.30.14","Protocol":"tcp"}
{"UtcTime":"2026-08-12 14:24:33.000","Computer":"CLM-MESA-014","User":"CLM\\ops","EventID":1,"Image":"C:\\Windows\\System32\\conhost.exe","ProcessGuid":"{434ABC9F-A9C0-2026-871B-4EFC447BB61F}","ProcessId":458,"CommandLine":"C:\\Windows\\System32\\conhost.exe","ParentImage":"C:\\Windows\\System32\\services.exe","ParentProcessGuid":"{D2C61C44-D997-2026-745D-8A3CE76A9081}","OriginalFileName":"C:\\Windows\\System32\\conhost.exe"}
{"UtcTime":"2026-08-12 14:24:34.000","Computer":"CLM-MESA-014","User":"CLM\\ops","EventID":1,"Image":"C:\\Windows\\System32\\svchost.exe","ProcessGuid":"{2AC4CB40-9FD2-2026-2084-B651AE304017}","ProcessId":2023,"CommandLine":"C:\\Windows\\System32\\svchost.exe","ParentImage":"C:\\Windows\\System32\\services.exe","ParentProcessGuid":"{6FDE6402-C9A0-2026-3D65-CEE2E232E7BB}","OriginalFileName":"C:\\Windows\\System32\\svchost.exe"}
{"UtcTime":"2026-08-12 14:24:35.000","Computer":"CLM-MESA-014","User":"CLM\\backoffice","EventID":1,"Image":"C:\\Program Files\\Google\\Chrome\\Application\\chrome.exe","ProcessGuid":"{47BC6846-94D6-2026-2E79-0EB092ED460F}","ProcessId":7747,"CommandLine":"C:\\Program Files\\Google\\Chrome\\Application\\chrome.exe","ParentImage":"C:\\Windows\\System32\\services.exe","ParentProcessGuid":"{CC73CC0F-2930-2026-E165-D52295A773B8}","OriginalFileName":"C:\\Program Files\\Google\\Chrome\\Application\\chrome.exe"}
{"UtcTime":"2026-08-12 14:24:36.000","Computer":"CLM-MESA-014","User":"CLM\\backoffice","EventID":11,"Image":"C:\\Windows\\System32\\RuntimeBroker.exe","ProcessGuid":"{50B99BBA-6CA0-2026-578E-DF0A72379783}","ProcessId":8322,"TargetFilename":"C:\\Users\\Public\\Temp\\mesa-876.tmp"}
{"UtcTime":"2026-08-12 14:24:37.000","Computer":"CLM-MESA-014","User":"CLM\\backoffice","EventID":1,"Image":"C:\\Windows\\explorer.exe","ProcessGuid":"{BF8F3896-D47D-2026-9377-FDE1C4D7441F}","ProcessId":4277,"CommandLine":"C:\\Windows\\explorer.exe","ParentImage":"C:\\Windows\\System32\\services.exe","ParentProcessGuid":"{59223820-96E0-2026-03F1-BAA73D12567A}","OriginalFileName":"C:\\Windows\\explorer.exe"}
{"UtcTime":"2026-08-12 14:24:38.000","Computer":"CLM-MESA-014","User":"CLM\\backoffice","EventID":13,"Image":"C:\\Windows\\System32\\RuntimeBroker.exe","ProcessGuid":"{38E5FDF7-F1DA-2026-0158-EC7B7213202F}","ProcessId":760,"EventType":"SetValue","TargetObject":"HKCU\\Software\\CLM\\Mesa\\Pref\\878","Details":"1"}
{"UtcTime":"2026-08-12 14:24:39.000","Computer":"CLM-MESA-014","User":"CLM\\backoffice","EventID":1,"Image":"C:\\Program Files\\Google\\Chrome\\Application\\chrome.exe","ProcessGuid":"{215D91EB-8256-2026-EB25-FFBB4977BD34}","ProcessId":4238,"CommandLine":"C:\\Program Files\\Google\\Chrome\\Application\\chrome.exe","ParentImage":"C:\\Windows\\System32\\services.exe","ParentProcessGuid":"{57E67319-CA66-2026-86EF-C355B208FE44}","OriginalFileName":"C:\\Program Files\\Google\\Chrome\\Application\\chrome.exe"}
{"UtcTime":"2026-08-12 14:24:40.000","Computer":"CLM-MESA-014","User":"CLM\\mesa","EventID":13,"Image":"C:\\Program Files\\Microsoft Office\\Office16\\EXCEL.EXE","ProcessGuid":"{17332D89-9EE2-2026-D176-E58BDFFB8A73}","ProcessId":411,"EventType":"SetValue","TargetObject":"HKCU\\Software\\CLM\\Mesa\\Pref\\880","Details":"1"}
{"UtcTime":"2026-08-12 14:24:41.000","Computer":"CLM-MESA-014","User":"CLM\\ops","EventID":1,"Image":"C:\\Windows\\System32\\svchost.exe","ProcessGuid":"{78FE2556-1BEC-2026-FD39-B7DFF2743877}","ProcessId":8893,"CommandLine":"C:\\Windows\\System32\\svchost.exe","ParentImage":"C:\\Windows\\System32\\services.exe","ParentProcessGuid":"{9C7918B9-7DDC-2026-A408-856F6E148D1E}","OriginalFileName":"C:\\Windows\\System32\\svchost.exe"}
{"UtcTime":"2026-08-12 14:24:42.000","Computer":"CLM-MESA-014","User":"CLM\\ops","EventID":1,"Image":"C:\\Program Files\\Microsoft Office\\Office16\\EXCEL.EXE","ProcessGuid":"{63A7FD1D-5C80-2026-3876-DFAFF87482CE}","ProcessId":4971,"CommandLine":"C:\\Program Files\\Microsoft Office\\Office16\\EXCEL.EXE","ParentImage":"C:\\Windows\\System32\\services.exe","ParentProcessGuid":"{7043257E-6E5D-2026-B1DB-45340525CC4B}","OriginalFileName":"C:\\Program Files\\Microsoft Office\\Office16\\EXCEL.EXE"}
{"UtcTime":"2026-08-12 14:24:43.000","Computer":"CLM-MESA-014","User":"CLM\\mesa","EventID":13,"Image":"C:\\Program Files\\Google\\Chrome\\Application\\chrome.exe","ProcessGuid":"{E965D306-5955-2026-D564-D3CC4F5AC4C2}","ProcessId":5961,"EventType":"SetValue","TargetObject":"HKCU\\Software\\CLM\\Mesa\\Pref\\883","Details":"1"}
{"UtcTime":"2026-08-12 14:24:44.000","Computer":"CLM-MESA-014","User":"CLM\\backoffice","EventID":11,"Image":"C:\\Program Files\\Microsoft Office\\Office16\\EXCEL.EXE","ProcessGuid":"{8D904370-CC14-2026-5041-55B6C446A67B}","ProcessId":980,"TargetFilename":"C:\\Users\\Public\\Temp\\mesa-884.tmp"}
{"UtcTime":"2026-08-12 14:24:45.000","Computer":"CLM-MESA-014","User":"CLM\\mesa","EventID":1,"Image":"C:\\Windows\\System32\\RuntimeBroker.exe","ProcessGuid":"{617EA295-8E86-2026-8E4D-A11556B6C8B3}","ProcessId":7451,"CommandLine":"C:\\Windows\\System32\\RuntimeBroker.exe","ParentImage":"C:\\Windows\\System32\\services.exe","ParentProcessGuid":"{D92038C4-6DCF-2026-2138-FC22C3BE47E9}","OriginalFileName":"C:\\Windows\\System32\\RuntimeBroker.exe"}
{"UtcTime":"2026-08-12 14:24:46.000","Computer":"CLM-MESA-014","User":"CLM\\backoffice","EventID":1,"Image":"C:\\Windows\\System32\\svchost.exe","ProcessGuid":"{A0DEDE58-E964-2026-07F5-D4F40589D636}","ProcessId":4929,"CommandLine":"C:\\Windows\\System32\\svchost.exe","ParentImage":"C:\\Windows\\System32\\services.exe","ParentProcessGuid":"{E71D7D9C-8433-2026-2921-0D65D4359B4A}","OriginalFileName":"C:\\Windows\\System32\\svchost.exe"}
{"UtcTime":"2026-08-12 14:24:47.000","Computer":"CLM-MESA-014","User":"CLM\\mesa","EventID":1,"Image":"C:\\Program Files\\Google\\Chrome\\Application\\chrome.exe","ProcessGuid":"{BBD25985-E5E9-2026-6FF8-3722A7D75A2C}","ProcessId":4573,"CommandLine":"C:\\Program Files\\Google\\Chrome\\Application\\chrome.exe","ParentImage":"C:\\Windows\\System32\\services.exe","ParentProcessGuid":"{A50127D5-49B3-2026-6127-BDEF64208913}","OriginalFileName":"C:\\Program Files\\Google\\Chrome\\Application\\chrome.exe"}
{"UtcTime":"2026-08-12 14:24:48.000","Computer":"CLM-MESA-014","User":"CLM\\mesa","EventID":1,"Image":"C:\\Program Files\\Google\\Chrome\\Application\\chrome.exe","ProcessGuid":"{8AD6CFE6-C881-2026-3BA9-5088F7DD2860}","ProcessId":4624,"CommandLine":"C:\\Program Files\\Google\\Chrome\\Application\\chrome.exe","ParentImage":"C:\\Windows\\System32\\services.exe","ParentProcessGuid":"{C42A7D6C-B22D-2026-D736-E3760B636C6D}","OriginalFileName":"C:\\Program Files\\Google\\Chrome\\Application\\chrome.exe"}
{"UtcTime":"2026-08-12 14:24:49.000","Computer":"CLM-MESA-014","User":"CLM\\mesa","EventID":3,"Image":"C:\\Windows\\explorer.exe","ProcessGuid":"{731AA43B-9882-2026-BB21-90B9E78DA2AD}","ProcessId":4240,"DestinationIp":"10.70.30.1","DestinationPort":443,"DestinationHostname":"portal.clm.liquidacao","SourceIp":"10.70.30.14","Protocol":"tcp"}
{"UtcTime":"2026-08-12 14:24:50.000","Computer":"CLM-MESA-014","User":"CLM\\ops","EventID":11,"Image":"C:\\Program Files\\Microsoft Office\\Office16\\EXCEL.EXE","ProcessGuid":"{33A46364-FFDB-2026-5C3E-7513574826DC}","ProcessId":6179,"TargetFilename":"C:\\Users\\Public\\Temp\\mesa-890.tmp"}
{"UtcTime":"2026-08-12 14:24:51.000","Computer":"CLM-MESA-014","User":"CLM\\backoffice","EventID":1,"Image":"C:\\Windows\\System32\\conhost.exe","ProcessGuid":"{797A5CB5-1874-2026-3B51-EA37D2B6E58D}","ProcessId":2948,"CommandLine":"C:\\Windows\\System32\\conhost.exe","ParentImage":"C:\\Windows\\System32\\services.exe","ParentProcessGuid":"{2DBDBC00-DC40-2026-C780-24381A0EBD79}","OriginalFileName":"C:\\Windows\\System32\\conhost.exe"}
{"UtcTime":"2026-08-12 14:24:52.000","Computer":"CLM-MESA-014","User":"CLM\\mesa","EventID":13,"Image":"C:\\Windows\\explorer.exe","ProcessGuid":"{215AE356-2C5E-2026-6AD9-63D0969227A1}","ProcessId":5607,"EventType":"SetValue","TargetObject":"HKCU\\Software\\CLM\\Mesa\\Pref\\892","Details":"1"}
{"UtcTime":"2026-08-12 14:24:53.000","Computer":"CLM-MESA-014","User":"CLM\\backoffice","EventID":1,"Image":"C:\\Windows\\System32\\conhost.exe","ProcessGuid":"{5BF0281C-2963-2026-44B3-4338049A7A02}","ProcessId":7751,"CommandLine":"C:\\Windows\\System32\\conhost.exe","ParentImage":"C:\\Windows\\System32\\services.exe","ParentProcessGuid":"{B48980C5-81E2-2026-1A1E-C20167CF26F4}","OriginalFileName":"C:\\Windows\\System32\\conhost.exe"}
{"UtcTime":"2026-08-12 14:24:54.000","Computer":"CLM-MESA-014","User":"CLM\\ops","EventID":3,"Image":"C:\\Windows\\explorer.exe","ProcessGuid":"{D470B0FA-5641-2026-1782-FB6727B5676F}","ProcessId":5760,"DestinationIp":"10.70.30.8","DestinationPort":443,"DestinationHostname":"portal.clm.liquidacao","SourceIp":"10.70.30.14","Protocol":"tcp"}
{"UtcTime":"2026-08-12 14:24:55.000","Computer":"CLM-MESA-014","User":"CLM\\mesa","EventID":11,"Image":"C:\\Windows\\System32\\RuntimeBroker.exe","ProcessGuid":"{56372519-0249-2026-4F7F-5BE37A31CC56}","ProcessId":4259,"TargetFilename":"C:\\Users\\Public\\Temp\\mesa-895.tmp"}
{"UtcTime":"2026-08-12 14:24:56.000","Computer":"CLM-MESA-014","User":"CLM\\ops","EventID":11,"Image":"C:\\Program Files\\Google\\Chrome\\Application\\chrome.exe","ProcessGuid":"{32582606-A7B5-2026-CF15-CCE987151731}","ProcessId":888,"TargetFilename":"C:\\Users\\Public\\Temp\\mesa-896.tmp"}
{"UtcTime":"2026-08-12 14:24:57.000","Computer":"CLM-MESA-014","User":"CLM\\ops","EventID":3,"Image":"C:\\Windows\\System32\\svchost.exe","ProcessGuid":"{8D7C80B5-FF31-2026-BA8D-627434AE734B}","ProcessId":6426,"DestinationIp":"10.70.30.8","DestinationPort":8080,"DestinationHostname":"ntp.clm.liquidacao","SourceIp":"10.70.30.14","Protocol":"tcp"}
{"UtcTime":"2026-08-12 14:24:58.000","Computer":"CLM-MESA-014","User":"CLM\\ops","EventID":5,"Image":"C:\\Program Files\\Google\\Chrome\\Application\\chrome.exe","ProcessGuid":"{3E555FEA-B161-2026-E931-88A272C0D064}","ProcessId":497,"EventType":"End"}
{"UtcTime":"2026-08-12 14:24:59.000","Computer":"CLM-MESA-014","User":"CLM\\backoffice","EventID":3,"Image":"C:\\Windows\\explorer.exe","ProcessGuid":"{EBDEAF45-6BA7-2026-DE6E-D7C8A1A7F1BA}","ProcessId":6557,"DestinationIp":"8.8.8.8","DestinationPort":135,"DestinationHostname":"portal.clm.liquidacao","SourceIp":"10.70.30.14","Protocol":"tcp"}
{"UtcTime":"2026-08-12 14:25:00.000","Computer":"CLM-MESA-014","User":"CLM\\backoffice","EventID":5,"Image":"C:\\Program Files\\Google\\Chrome\\Application\\chrome.exe","ProcessGuid":"{2B23B318-4FC2-2026-F677-FAE68E5EF0B9}","ProcessId":3323,"EventType":"End"}
{"UtcTime":"2026-08-12 14:25:01.000","Computer":"CLM-MESA-014","User":"CLM\\mesa","EventID":13,"Image":"C:\\Program Files\\Microsoft Office\\Office16\\EXCEL.EXE","ProcessGuid":"{E24E7C2F-3D49-2026-EBC3-8F2247AAAFA2}","ProcessId":3775,"EventType":"SetValue","TargetObject":"HKCU\\Software\\CLM\\Mesa\\Pref\\901","Details":"1"}
{"UtcTime":"2026-08-12 14:25:02.000","Computer":"CLM-MESA-014","User":"CLM\\mesa","EventID":13,"Image":"C:\\Windows\\explorer.exe","ProcessGuid":"{AE238ECC-B827-2026-730F-57F706A2A160}","ProcessId":1381,"EventType":"SetValue","TargetObject":"HKCU\\Software\\CLM\\Mesa\\Pref\\902","Details":"1"}
{"UtcTime":"2026-08-12 14:25:03.000","Computer":"CLM-MESA-014","User":"CLM\\ops","EventID":1,"Image":"C:\\Windows\\System32\\RuntimeBroker.exe","ProcessGuid":"{86BD30B8-83E8-2026-D2D4-23F6F17DF215}","ProcessId":3887,"CommandLine":"C:\\Windows\\System32\\RuntimeBroker.exe","ParentImage":"C:\\Windows\\System32\\services.exe","ParentProcessGuid":"{A595F0A3-28E3-2026-5D43-EC0F4FF84A81}","OriginalFileName":"C:\\Windows\\System32\\RuntimeBroker.exe"}
{"UtcTime":"2026-08-12 14:25:04.000","Computer":"CLM-MESA-014","User":"CLM\\ops","EventID":11,"Image":"C:\\Program Files\\Google\\Chrome\\Application\\chrome.exe","ProcessGuid":"{877A8528-21B2-2026-04F2-9CE3EB06CB67}","ProcessId":1988,"TargetFilename":"C:\\Users\\Public\\Temp\\mesa-904.tmp"}
{"UtcTime":"2026-08-12 14:25:05.000","Computer":"CLM-MESA-014","User":"CLM\\mesa","EventID":13,"Image":"C:\\Windows\\System32\\svchost.exe","ProcessGuid":"{A3DAFD19-866E-2026-B10D-861616447EDA}","ProcessId":3528,"EventType":"SetValue","TargetObject":"HKCU\\Software\\CLM\\Mesa\\Pref\\905","Details":"1"}
{"UtcTime":"2026-08-12 14:25:06.000","Computer":"CLM-MESA-014","User":"CLM\\mesa","EventID":13,"Image":"C:\\Windows\\System32\\conhost.exe","ProcessGuid":"{B2A36F7C-04B5-2026-1132-5F65E2C9C1F8}","ProcessId":3244,"EventType":"SetValue","TargetObject":"HKCU\\Software\\CLM\\Mesa\\Pref\\906","Details":"1"}
{"UtcTime":"2026-08-12 14:25:07.000","Computer":"CLM-MESA-014","User":"CLM\\ops","EventID":13,"Image":"C:\\Program Files\\Microsoft Office\\Office16\\EXCEL.EXE","ProcessGuid":"{0D89F3E6-CA4A-2026-BF15-F12D13E8A2D8}","ProcessId":6467,"EventType":"SetValue","TargetObject":"HKCU\\Software\\CLM\\Mesa\\Pref\\907","Details":"1"}
{"UtcTime":"2026-08-12 14:25:08.000","Computer":"CLM-MESA-014","User":"CLM\\backoffice","EventID":11,"Image":"C:\\Windows\\System32\\conhost.exe","ProcessGuid":"{8AA67203-A672-2026-4843-3C823F48FFB7}","ProcessId":8911,"TargetFilename":"C:\\Users\\Public\\Temp\\mesa-908.tmp"}
{"UtcTime":"2026-08-12 14:25:09.000","Computer":"CLM-MESA-014","User":"CLM\\backoffice","EventID":11,"Image":"C:\\Program Files\\Microsoft Office\\Office16\\EXCEL.EXE","ProcessGuid":"{E79D5173-F830-2026-4DF2-A039A72AD190}","ProcessId":2637,"TargetFilename":"C:\\Users\\Public\\Temp\\mesa-909.tmp"}
{"UtcTime":"2026-08-12 14:25:10.000","Computer":"CLM-MESA-014","User":"CLM\\ops","EventID":13,"Image":"C:\\Program Files\\Microsoft Office\\Office16\\EXCEL.EXE","ProcessGuid":"{FE4C5B8D-0474-2026-1D8C-7301EBC6A06F}","ProcessId":7108,"EventType":"SetValue","TargetObject":"HKCU\\Software\\CLM\\Mesa\\Pref\\910","Details":"1"}
{"UtcTime":"2026-08-12 14:25:11.000","Computer":"CLM-MESA-014","User":"CLM\\ops","EventID":13,"Image":"C:\\Windows\\explorer.exe","ProcessGuid":"{0A711B70-FBBF-2026-C1E4-C96070BD2755}","ProcessId":7811,"EventType":"SetValue","TargetObject":"HKCU\\Software\\CLM\\Mesa\\Pref\\911","Details":"1"}
{"UtcTime":"2026-08-12 14:25:12.000","Computer":"CLM-MESA-014","User":"CLM\\mesa","EventID":3,"Image":"C:\\Windows\\System32\\conhost.exe","ProcessGuid":"{885E4BC8-3AA9-2026-1324-D34887DAF4BE}","ProcessId":3231,"DestinationIp":"8.8.8.8","DestinationPort":53,"DestinationHostname":"portal.clm.liquidacao","SourceIp":"10.70.30.14","Protocol":"tcp"}
{"UtcTime":"2026-08-12 14:25:13.000","Computer":"CLM-MESA-014","User":"CLM\\mesa","EventID":1,"Image":"C:\\Windows\\System32\\conhost.exe","ProcessGuid":"{53F388EE-23F8-2026-7A5C-8445E84AE18B}","ProcessId":4685,"CommandLine":"C:\\Windows\\System32\\conhost.exe","ParentImage":"C:\\Windows\\System32\\services.exe","ParentProcessGuid":"{001CFB3D-2584-2026-6F2E-EBE72E9DB9DE}","OriginalFileName":"C:\\Windows\\System32\\conhost.exe"}
{"UtcTime":"2026-08-12 14:25:14.000","Computer":"CLM-MESA-014","User":"CLM\\backoffice","EventID":5,"Image":"C:\\Windows\\explorer.exe","ProcessGuid":"{5D765080-8A1B-2026-6F73-47683CF02B26}","ProcessId":7106,"EventType":"End"}
{"UtcTime":"2026-08-12 14:25:15.000","Computer":"CLM-MESA-014","User":"CLM\\mesa","EventID":13,"Image":"C:\\Program Files\\Google\\Chrome\\Application\\chrome.exe","ProcessGuid":"{D46340CF-7227-2026-9766-BBA53AA61870}","ProcessId":5146,"EventType":"SetValue","TargetObject":"HKCU\\Software\\CLM\\Mesa\\Pref\\915","Details":"1"}
{"UtcTime":"2026-08-12 14:25:16.000","Computer":"CLM-MESA-014","User":"CLM\\mesa","EventID":5,"Image":"C:\\Windows\\System32\\RuntimeBroker.exe","ProcessGuid":"{3CFE5CA5-8407-2026-F138-BADD97B42135}","ProcessId":4680,"EventType":"End"}
{"UtcTime":"2026-08-12 14:25:17.000","Computer":"CLM-MESA-014","User":"CLM\\ops","EventID":1,"Image":"C:\\Windows\\System32\\svchost.exe","ProcessGuid":"{BD18753E-32A1-2026-AED2-20E1C351F319}","ProcessId":8583,"CommandLine":"C:\\Windows\\System32\\svchost.exe","ParentImage":"C:\\Windows\\System32\\services.exe","ParentProcessGuid":"{7C531FB2-6F84-2026-1626-6FA421CE2344}","OriginalFileName":"C:\\Windows\\System32\\svchost.exe"}
{"UtcTime":"2026-08-12 14:25:18.000","Computer":"CLM-MESA-014","User":"CLM\\backoffice","EventID":3,"Image":"C:\\Program Files\\Microsoft Office\\Office16\\EXCEL.EXE","ProcessGuid":"{BCC7A608-58BA-2026-A424-941FCB72DFF0}","ProcessId":8748,"DestinationIp":"10.70.30.1","DestinationPort":8080,"DestinationHostname":"portal.clm.liquidacao","SourceIp":"10.70.30.14","Protocol":"tcp"}
{"UtcTime":"2026-08-12 14:25:19.000","Computer":"CLM-MESA-014","User":"CLM\\backoffice","EventID":1,"Image":"C:\\Windows\\System32\\RuntimeBroker.exe","ProcessGuid":"{28765C52-5CB3-2026-8F16-EFAEF0AEAF1F}","ProcessId":2319,"CommandLine":"C:\\Windows\\System32\\RuntimeBroker.exe","ParentImage":"C:\\Windows\\System32\\services.exe","ParentProcessGuid":"{E6BB4514-2215-2026-330E-B091C2E17C4E}","OriginalFileName":"C:\\Windows\\System32\\RuntimeBroker.exe"}
{"UtcTime":"2026-08-12 14:25:20.000","Computer":"CLM-MESA-014","User":"CLM\\backoffice","EventID":13,"Image":"C:\\Windows\\System32\\conhost.exe","ProcessGuid":"{2F518367-1C27-2026-5953-14D506F517EC}","ProcessId":1409,"EventType":"SetValue","TargetObject":"HKCU\\Software\\CLM\\Mesa\\Pref\\920","Details":"1"}
{"UtcTime":"2026-08-12 14:25:21.000","Computer":"CLM-MESA-014","User":"CLM\\ops","EventID":5,"Image":"C:\\Windows\\System32\\conhost.exe","ProcessGuid":"{A84F7E9C-EB2D-2026-75C1-692375ABBC2D}","ProcessId":2399,"EventType":"End"}
{"UtcTime":"2026-08-12 14:25:22.000","Computer":"CLM-MESA-014","User":"CLM\\backoffice","EventID":5,"Image":"C:\\Windows\\System32\\svchost.exe","ProcessGuid":"{BAE40F28-ECF8-2026-F742-B75A2D0564AB}","ProcessId":5679,"EventType":"End"}
{"UtcTime":"2026-08-12 14:25:23.000","Computer":"CLM-MESA-014","User":"CLM\\backoffice","EventID":3,"Image":"C:\\Program Files\\Google\\Chrome\\Application\\chrome.exe","ProcessGuid":"{11B07B90-AE5D-2026-4977-630D1E7A07B6}","ProcessId":5173,"DestinationIp":"10.70.30.1","DestinationPort":135,"DestinationHostname":"portal.clm.liquidacao","SourceIp":"10.70.30.14","Protocol":"tcp"}
{"UtcTime":"2026-08-12 14:25:24.000","Computer":"CLM-MESA-014","User":"CLM\\ops","EventID":1,"Image":"C:\\Windows\\System32\\conhost.exe","ProcessGuid":"{CC100F26-7BD1-2026-26A7-91F4D32463E8}","ProcessId":4490,"CommandLine":"C:\\Windows\\System32\\conhost.exe","ParentImage":"C:\\Windows\\System32\\services.exe","ParentProcessGuid":"{DAA71936-56F3-2026-AE42-EB07EBE024BC}","OriginalFileName":"C:\\Windows\\System32\\conhost.exe"}
{"UtcTime":"2026-08-12 14:25:25.000","Computer":"CLM-MESA-014","User":"CLM\\backoffice","EventID":1,"Image":"C:\\Program Files\\Google\\Chrome\\Application\\chrome.exe","ProcessGuid":"{F7F32228-C180-2026-1A4D-0D4D98F374CA}","ProcessId":7668,"CommandLine":"C:\\Program Files\\Google\\Chrome\\Application\\chrome.exe","ParentImage":"C:\\Windows\\System32\\services.exe","ParentProcessGuid":"{5E940F6B-3E8D-2026-88C9-3968638FFCCE}","OriginalFileName":"C:\\Program Files\\Google\\Chrome\\Application\\chrome.exe"}
{"UtcTime":"2026-08-12 14:25:26.000","Computer":"CLM-MESA-014","User":"CLM\\backoffice","EventID":13,"Image":"C:\\Windows\\System32\\conhost.exe","ProcessGuid":"{2EB2144A-35B6-2026-3937-9CD8B38F6B5D}","ProcessId":2376,"EventType":"SetValue","TargetObject":"HKCU\\Software\\CLM\\Mesa\\Pref\\926","Details":"1"}
{"UtcTime":"2026-08-12 14:25:27.000","Computer":"CLM-MESA-014","User":"CLM\\ops","EventID":13,"Image":"C:\\Windows\\System32\\RuntimeBroker.exe","ProcessGuid":"{61FBA042-7329-2026-A94F-8219C74BF2A3}","ProcessId":3693,"EventType":"SetValue","TargetObject":"HKCU\\Software\\CLM\\Mesa\\Pref\\927","Details":"1"}
{"UtcTime":"2026-08-12 14:25:28.000","Computer":"CLM-MESA-014","User":"CLM\\ops","EventID":11,"Image":"C:\\Program Files\\Microsoft Office\\Office16\\EXCEL.EXE","ProcessGuid":"{D561243C-1438-2026-BE43-9A78D1B47316}","ProcessId":8191,"TargetFilename":"C:\\Users\\Public\\Temp\\mesa-928.tmp"}
{"UtcTime":"2026-08-12 14:25:29.000","Computer":"CLM-MESA-014","User":"CLM\\mesa","EventID":11,"Image":"C:\\Windows\\System32\\svchost.exe","ProcessGuid":"{7B164007-6C8A-2026-C1F9-38D669FAF7B7}","ProcessId":8047,"TargetFilename":"C:\\Users\\Public\\Temp\\mesa-929.tmp"}
{"UtcTime":"2026-08-12 14:25:30.000","Computer":"CLM-MESA-014","User":"CLM\\ops","EventID":1,"Image":"C:\\Program Files\\Google\\Chrome\\Application\\chrome.exe","ProcessGuid":"{9A0B45EE-8E23-2026-E50E-EE4A3C5622B3}","ProcessId":6768,"CommandLine":"C:\\Program Files\\Google\\Chrome\\Application\\chrome.exe","ParentImage":"C:\\Windows\\System32\\services.exe","ParentProcessGuid":"{1DE394CA-31A2-2026-3E11-CC936B7A0E88}","OriginalFileName":"C:\\Program Files\\Google\\Chrome\\Application\\chrome.exe"}
{"UtcTime":"2026-08-12 14:25:31.000","Computer":"CLM-MESA-014","User":"CLM\\ops","EventID":3,"Image":"C:\\Windows\\System32\\svchost.exe","ProcessGuid":"{88A86CE2-CB0D-2026-2722-F2F11EB512D2}","ProcessId":1756,"DestinationIp":"10.70.30.8","DestinationPort":53,"DestinationHostname":"portal.clm.liquidacao","SourceIp":"10.70.30.14","Protocol":"tcp"}
{"UtcTime":"2026-08-12 14:25:32.000","Computer":"CLM-MESA-014","User":"CLM\\backoffice","EventID":5,"Image":"C:\\Windows\\explorer.exe","ProcessGuid":"{360EFEE5-DA60-2026-0CA4-57F7417BACA7}","ProcessId":4998,"EventType":"End"}
{"UtcTime":"2026-08-12 14:25:33.000","Computer":"CLM-MESA-014","User":"CLM\\backoffice","EventID":1,"Image":"C:\\Windows\\explorer.exe","ProcessGuid":"{0625A811-211A-2026-E080-0C4CB8970ABD}","ProcessId":6426,"CommandLine":"C:\\Windows\\explorer.exe","ParentImage":"C:\\Windows\\System32\\services.exe","ParentProcessGuid":"{D3EC8A26-1331-2026-5F1B-E9281560147D}","OriginalFileName":"C:\\Windows\\explorer.exe"}
{"UtcTime":"2026-08-12 14:25:34.000","Computer":"CLM-MESA-014","User":"CLM\\mesa","EventID":13,"Image":"C:\\Program Files\\Google\\Chrome\\Application\\chrome.exe","ProcessGuid":"{1BAB8286-F26D-2026-9B1C-A0E1F6EF9BEE}","ProcessId":4867,"EventType":"SetValue","TargetObject":"HKCU\\Software\\CLM\\Mesa\\Pref\\934","Details":"1"}
{"UtcTime":"2026-08-12 14:25:35.000","Computer":"CLM-MESA-014","User":"CLM\\ops","EventID":1,"Image":"C:\\Program Files\\Google\\Chrome\\Application\\chrome.exe","ProcessGuid":"{78BB1F93-B0A4-2026-CDF2-9628BBA9EF83}","ProcessId":7850,"CommandLine":"C:\\Program Files\\Google\\Chrome\\Application\\chrome.exe","ParentImage":"C:\\Windows\\System32\\services.exe","ParentProcessGuid":"{460227CD-810A-2026-7B12-968E10B43010}","OriginalFileName":"C:\\Program Files\\Google\\Chrome\\Application\\chrome.exe"}
{"UtcTime":"2026-08-12 14:25:36.000","Computer":"CLM-MESA-014","User":"CLM\\mesa","EventID":13,"Image":"C:\\Windows\\explorer.exe","ProcessGuid":"{D163B4ED-D6DC-2026-16AD-6D863BAB7CE9}","ProcessId":7222,"EventType":"SetValue","TargetObject":"HKCU\\Software\\CLM\\Mesa\\Pref\\936","Details":"1"}
{"UtcTime":"2026-08-12 14:25:37.000","Computer":"CLM-MESA-014","User":"CLM\\mesa","EventID":13,"Image":"C:\\Program Files\\Google\\Chrome\\Application\\chrome.exe","ProcessGuid":"{759EFA17-BCDE-2026-278C-F76EFF769B4C}","ProcessId":3586,"EventType":"SetValue","TargetObject":"HKCU\\Software\\CLM\\Mesa\\Pref\\937","Details":"1"}
{"UtcTime":"2026-08-12 14:25:38.000","Computer":"CLM-MESA-014","User":"CLM\\mesa","EventID":11,"Image":"C:\\Program Files\\Microsoft Office\\Office16\\EXCEL.EXE","ProcessGuid":"{D92828BA-C7C2-2026-8CB8-D42B632DFDF6}","ProcessId":1620,"TargetFilename":"C:\\Users\\Public\\Temp\\mesa-938.tmp"}
{"UtcTime":"2026-08-12 14:25:39.000","Computer":"CLM-MESA-014","User":"CLM\\backoffice","EventID":13,"Image":"C:\\Program Files\\Google\\Chrome\\Application\\chrome.exe","ProcessGuid":"{9C58FCB8-0752-2026-7D02-CFD89DD76B71}","ProcessId":4051,"EventType":"SetValue","TargetObject":"HKCU\\Software\\CLM\\Mesa\\Pref\\939","Details":"1"}
{"UtcTime":"2026-08-12 14:25:40.000","Computer":"CLM-MESA-014","User":"CLM\\ops","EventID":1,"Image":"C:\\Program Files\\Google\\Chrome\\Application\\chrome.exe","ProcessGuid":"{603D2E33-6974-2026-541A-A1563FAA0A65}","ProcessId":1965,"CommandLine":"C:\\Program Files\\Google\\Chrome\\Application\\chrome.exe","ParentImage":"C:\\Windows\\System32\\services.exe","ParentProcessGuid":"{FDC3E672-CEF0-2026-476C-ECEC5B62A844}","OriginalFileName":"C:\\Program Files\\Google\\Chrome\\Application\\chrome.exe"}
{"UtcTime":"2026-08-12 14:25:41.000","Computer":"CLM-MESA-014","User":"CLM\\ops","EventID":5,"Image":"C:\\Windows\\explorer.exe","ProcessGuid":"{3DD91455-4C41-2026-FA2E-183B6ABA4DA0}","ProcessId":5355,"EventType":"End"}
{"UtcTime":"2026-08-12 14:25:42.000","Computer":"CLM-MESA-014","User":"CLM\\ops","EventID":13,"Image":"C:\\Program Files\\Google\\Chrome\\Application\\chrome.exe","ProcessGuid":"{4CC76F00-D608-2026-E695-FBD2E7D8B416}","ProcessId":2022,"EventType":"SetValue","TargetObject":"HKCU\\Software\\CLM\\Mesa\\Pref\\942","Details":"1"}
{"UtcTime":"2026-08-12 14:25:43.000","Computer":"CLM-MESA-014","User":"CLM\\ops","EventID":11,"Image":"C:\\Program Files\\Google\\Chrome\\Application\\chrome.exe","ProcessGuid":"{0699FE91-EC5F-2026-71BA-F6ED3F8863D8}","ProcessId":2903,"TargetFilename":"C:\\Users\\Public\\Temp\\mesa-943.tmp"}
{"UtcTime":"2026-08-12 14:25:44.000","Computer":"CLM-MESA-014","User":"CLM\\backoffice","EventID":3,"Image":"C:\\Program Files\\Microsoft Office\\Office16\\EXCEL.EXE","ProcessGuid":"{88AEF86A-17D5-2026-16F8-6808E51A5961}","ProcessId":4490,"DestinationIp":"10.70.30.8","DestinationPort":443,"DestinationHostname":"ntp.clm.liquidacao","SourceIp":"10.70.30.14","Protocol":"tcp"}
{"UtcTime":"2026-08-12 14:25:45.000","Computer":"CLM-MESA-014","User":"CLM\\ops","EventID":1,"Image":"C:\\Windows\\System32\\RuntimeBroker.exe","ProcessGuid":"{DCBC694B-E16C-2026-F5AF-82DC17CF1E93}","ProcessId":4063,"CommandLine":"C:\\Windows\\System32\\RuntimeBroker.exe","ParentImage":"C:\\Windows\\System32\\services.exe","ParentProcessGuid":"{DC25FBAA-B0F8-2026-3B94-06820B36FCB0}","OriginalFileName":"C:\\Windows\\System32\\RuntimeBroker.exe"}
{"UtcTime":"2026-08-12 14:25:46.000","Computer":"CLM-MESA-014","User":"CLM\\mesa","EventID":3,"Image":"C:\\Program Files\\Google\\Chrome\\Application\\chrome.exe","ProcessGuid":"{B1D16313-0150-2026-53BB-98E6ACAE26B5}","ProcessId":2201,"DestinationIp":"1.1.1.1","DestinationPort":53,"DestinationHostname":"portal.clm.liquidacao","SourceIp":"10.70.30.14","Protocol":"tcp"}
{"UtcTime":"2026-08-12 14:25:47.000","Computer":"CLM-MESA-014","User":"CLM\\mesa","EventID":1,"Image":"C:\\Windows\\System32\\RuntimeBroker.exe","ProcessGuid":"{AC007BD3-32BC-2026-7AA3-BD84CAEE62EC}","ProcessId":8202,"CommandLine":"C:\\Windows\\System32\\RuntimeBroker.exe","ParentImage":"C:\\Windows\\System32\\services.exe","ParentProcessGuid":"{00B7E365-C2D7-2026-5E8C-1C76228167AA}","OriginalFileName":"C:\\Windows\\System32\\RuntimeBroker.exe"}
{"UtcTime":"2026-08-12 14:25:48.000","Computer":"CLM-MESA-014","User":"CLM\\mesa","EventID":5,"Image":"C:\\Windows\\System32\\conhost.exe","ProcessGuid":"{C962484B-D4F7-2026-1376-AF997A269D1B}","ProcessId":2549,"EventType":"End"}
{"UtcTime":"2026-08-12 14:25:49.000","Computer":"CLM-MESA-014","User":"CLM\\backoffice","EventID":3,"Image":"C:\\Windows\\System32\\RuntimeBroker.exe","ProcessGuid":"{D3507D29-C401-2026-E79E-82E3E92666F1}","ProcessId":8690,"DestinationIp":"8.8.8.8","DestinationPort":8080,"DestinationHostname":"ntp.clm.liquidacao","SourceIp":"10.70.30.14","Protocol":"tcp"}
{"UtcTime":"2026-08-12 14:25:50.000","Computer":"CLM-MESA-014","User":"CLM\\mesa","EventID":1,"Image":"C:\\Program Files\\Microsoft Office\\Office16\\EXCEL.EXE","ProcessGuid":"{3164EE5B-2AEF-2026-3DB5-45581559E49E}","ProcessId":2279,"CommandLine":"C:\\Program Files\\Microsoft Office\\Office16\\EXCEL.EXE","ParentImage":"C:\\Windows\\System32\\services.exe","ParentProcessGuid":"{19A56182-8411-2026-B5C4-1BC1F4B6032A}","OriginalFileName":"C:\\Program Files\\Microsoft Office\\Office16\\EXCEL.EXE"}
{"UtcTime":"2026-08-12 14:25:51.000","Computer":"CLM-MESA-014","User":"CLM\\backoffice","EventID":11,"Image":"C:\\Windows\\explorer.exe","ProcessGuid":"{C6F74201-9F03-2026-F9C0-B647F8BF90A5}","ProcessId":8000,"TargetFilename":"C:\\Users\\Public\\Temp\\mesa-951.tmp"}
{"UtcTime":"2026-08-12 14:25:52.000","Computer":"CLM-MESA-014","User":"CLM\\ops","EventID":3,"Image":"C:\\Windows\\System32\\RuntimeBroker.exe","ProcessGuid":"{54C14A94-FF46-2026-471E-3F0543E76A6F}","ProcessId":8440,"DestinationIp":"8.8.8.8","DestinationPort":53,"DestinationHostname":"ntp.clm.liquidacao","SourceIp":"10.70.30.14","Protocol":"tcp"}
{"UtcTime":"2026-08-12 14:25:53.000","Computer":"CLM-MESA-014","User":"CLM\\backoffice","EventID":1,"Image":"C:\\Windows\\System32\\svchost.exe","ProcessGuid":"{6A24D58D-9566-2026-C7C7-D84E0EAAB6BD}","ProcessId":4737,"CommandLine":"C:\\Windows\\System32\\svchost.exe","ParentImage":"C:\\Windows\\System32\\services.exe","ParentProcessGuid":"{5CF2F937-9A11-2026-311F-49F4DBE116E1}","OriginalFileName":"C:\\Windows\\System32\\svchost.exe"}
{"UtcTime":"2026-08-12 14:25:54.000","Computer":"CLM-MESA-014","User":"CLM\\mesa","EventID":13,"Image":"C:\\Windows\\System32\\svchost.exe","ProcessGuid":"{FD1D58EC-E68A-2026-DEB1-E0F30CF67A3E}","ProcessId":5052,"EventType":"SetValue","TargetObject":"HKCU\\Software\\CLM\\Mesa\\Pref\\954","Details":"1"}
{"UtcTime":"2026-08-12 14:25:55.000","Computer":"CLM-MESA-014","User":"CLM\\ops","EventID":5,"Image":"C:\\Windows\\System32\\conhost.exe","ProcessGuid":"{993E5859-EDAE-2026-69A9-416F31A644F1}","ProcessId":8913,"EventType":"End"}
{"UtcTime":"2026-08-12 14:25:56.000","Computer":"CLM-MESA-014","User":"CLM\\ops","EventID":13,"Image":"C:\\Windows\\System32\\svchost.exe","ProcessGuid":"{9F2BEA48-F71B-2026-373A-96CDE18AC27C}","ProcessId":3949,"EventType":"SetValue","TargetObject":"HKCU\\Software\\CLM\\Mesa\\Pref\\956","Details":"1"}
{"UtcTime":"2026-08-12 14:25:57.000","Computer":"CLM-MESA-014","User":"CLM\\ops","EventID":1,"Image":"C:\\Windows\\explorer.exe","ProcessGuid":"{CECE358E-0DC5-2026-A8AE-D273748E93CF}","ProcessId":5844,"CommandLine":"C:\\Windows\\explorer.exe","ParentImage":"C:\\Windows\\System32\\services.exe","ParentProcessGuid":"{E6819754-31AE-2026-AB08-9A650B19DE9A}","OriginalFileName":"C:\\Windows\\explorer.exe"}
{"UtcTime":"2026-08-12 14:25:58.000","Computer":"CLM-MESA-014","User":"CLM\\backoffice","EventID":1,"Image":"C:\\Windows\\System32\\conhost.exe","ProcessGuid":"{5C197099-50DC-2026-0BD2-33F97C07C784}","ProcessId":3334,"CommandLine":"C:\\Windows\\System32\\conhost.exe","ParentImage":"C:\\Windows\\System32\\services.exe","ParentProcessGuid":"{4CBE429E-D901-2026-1FAC-1FA1D71450C8}","OriginalFileName":"C:\\Windows\\System32\\conhost.exe"}
{"UtcTime":"2026-08-12 14:25:59.000","Computer":"CLM-MESA-014","User":"CLM\\mesa","EventID":13,"Image":"C:\\Windows\\System32\\RuntimeBroker.exe","ProcessGuid":"{6D9D6253-D039-2026-9A67-FB47C342B84E}","ProcessId":4027,"EventType":"SetValue","TargetObject":"HKCU\\Software\\CLM\\Mesa\\Pref\\959","Details":"1"}
{"UtcTime":"2026-08-12 14:26:00.000","Computer":"CLM-MESA-014","User":"CLM\\backoffice","EventID":11,"Image":"C:\\Windows\\System32\\svchost.exe","ProcessGuid":"{E34B6C9D-AD11-2026-F9A3-B880D52D4C5D}","ProcessId":3962,"TargetFilename":"C:\\Users\\Public\\Temp\\mesa-960.tmp"}
{"UtcTime":"2026-08-12 14:26:01.000","Computer":"CLM-MESA-014","User":"CLM\\mesa","EventID":3,"Image":"C:\\Windows\\System32\\svchost.exe","ProcessGuid":"{B94B61BC-C69D-2026-92E0-24856811FF06}","ProcessId":3021,"DestinationIp":"8.8.8.8","DestinationPort":135,"DestinationHostname":"ntp.clm.liquidacao","SourceIp":"10.70.30.14","Protocol":"tcp"}
{"UtcTime":"2026-08-12 14:26:02.000","Computer":"CLM-MESA-014","User":"CLM\\backoffice","EventID":3,"Image":"C:\\Program Files\\Google\\Chrome\\Application\\chrome.exe","ProcessGuid":"{DF84CD52-4B78-2026-0413-047EA33331BA}","ProcessId":1531,"DestinationIp":"1.1.1.1","DestinationPort":135,"DestinationHostname":"portal.clm.liquidacao","SourceIp":"10.70.30.14","Protocol":"tcp"}
{"UtcTime":"2026-08-12 14:26:03.000","Computer":"CLM-MESA-014","User":"CLM\\mesa","EventID":11,"Image":"C:\\Windows\\explorer.exe","ProcessGuid":"{DB2BEBBD-0FFB-2026-60B8-214C5152E93B}","ProcessId":5502,"TargetFilename":"C:\\Users\\Public\\Temp\\mesa-963.tmp"}
{"UtcTime":"2026-08-12 14:26:04.000","Computer":"CLM-MESA-014","User":"CLM\\backoffice","EventID":1,"Image":"C:\\Windows\\explorer.exe","ProcessGuid":"{4A869F45-AFE4-2026-2B70-018AFDBE91F0}","ProcessId":2479,"CommandLine":"C:\\Windows\\explorer.exe","ParentImage":"C:\\Windows\\System32\\services.exe","ParentProcessGuid":"{1575F0D5-86D6-2026-6BEF-8F453606BE21}","OriginalFileName":"C:\\Windows\\explorer.exe"}
{"UtcTime":"2026-08-12 14:26:05.000","Computer":"CLM-MESA-014","User":"CLM\\ops","EventID":1,"Image":"C:\\Windows\\System32\\svchost.exe","ProcessGuid":"{649C7829-0F44-2026-8E64-FF09A1170AAA}","ProcessId":7005,"CommandLine":"C:\\Windows\\System32\\svchost.exe","ParentImage":"C:\\Windows\\System32\\services.exe","ParentProcessGuid":"{7871296A-90E9-2026-E956-3051B5C562F0}","OriginalFileName":"C:\\Windows\\System32\\svchost.exe"}
{"UtcTime":"2026-08-12 14:26:06.000","Computer":"CLM-MESA-014","User":"CLM\\ops","EventID":1,"Image":"C:\\Program Files\\Microsoft Office\\Office16\\EXCEL.EXE","ProcessGuid":"{49F2F06B-F67F-2026-1721-38A0B998EBF8}","ProcessId":4654,"CommandLine":"C:\\Program Files\\Microsoft Office\\Office16\\EXCEL.EXE","ParentImage":"C:\\Windows\\System32\\services.exe","ParentProcessGuid":"{52B8CB1E-E711-2026-06C9-40E5FE020999}","OriginalFileName":"C:\\Program Files\\Microsoft Office\\Office16\\EXCEL.EXE"}
{"UtcTime":"2026-08-12 14:26:07.000","Computer":"CLM-MESA-014","User":"CLM\\backoffice","EventID":5,"Image":"C:\\Program Files\\Microsoft Office\\Office16\\EXCEL.EXE","ProcessGuid":"{6FD8021C-2CBF-2026-2710-5C9A7F84D2D9}","ProcessId":7269,"EventType":"End"}
{"UtcTime":"2026-08-12 14:26:08.000","Computer":"CLM-MESA-014","User":"CLM\\ops","EventID":1,"Image":"C:\\Windows\\System32\\conhost.exe","ProcessGuid":"{FB4FB3E7-341A-2026-D256-950FBFB9BF79}","ProcessId":7186,"CommandLine":"C:\\Windows\\System32\\conhost.exe","ParentImage":"C:\\Windows\\System32\\services.exe","ParentProcessGuid":"{0A0A5300-5E94-2026-5A44-C892C0DC69BE}","OriginalFileName":"C:\\Windows\\System32\\conhost.exe"}
{"UtcTime":"2026-08-12 14:26:09.000","Computer":"CLM-MESA-014","User":"CLM\\ops","EventID":13,"Image":"C:\\Windows\\System32\\conhost.exe","ProcessGuid":"{4398C61B-5EE9-2026-22D3-317A66B7206A}","ProcessId":1827,"EventType":"SetValue","TargetObject":"HKCU\\Software\\CLM\\Mesa\\Pref\\969","Details":"1"}
