{"UtcTime":"2026-08-12 15:27:30.000","Computer":"CLM-MESA-014","User":"CLM\\ops","EventID":11,"Image":"C:\\Windows\\System32\\conhost.exe","ProcessGuid":"{17872418-E4EA-2026-610B-57773EE1455D}","ProcessId":1529,"TargetFilename":"C:\\Users\\Public\\Temp\\mesa-4650.tmp"}
{"UtcTime":"2026-08-12 15:27:31.000","Computer":"CLM-MESA-014","User":"CLM\\ops","EventID":11,"Image":"C:\\Program Files\\Google\\Chrome\\Application\\chrome.exe","ProcessGuid":"{9BA74C50-3364-2026-0F56-A967F27A6AF9}","ProcessId":6749,"TargetFilename":"C:\\Users\\Public\\Temp\\mesa-4651.tmp"}
{"UtcTime":"2026-08-12 15:27:32.000","Computer":"CLM-MESA-014","User":"CLM\\ops","EventID":3,"Image":"C:\\Windows\\System32\\svchost.exe","ProcessGuid":"{F3F76911-5008-2026-4504-AAB13F9CDC47}","ProcessId":8860,"DestinationIp":"10.70.30.8","DestinationPort":8080,"DestinationHostname":"portal.clm.liquidacao","SourceIp":"10.70.30.14","Protocol":"tcp"}
{"UtcTime":"2026-08-12 15:27:33.000","Computer":"CLM-MESA-014","User":"CLM\\mesa","EventID":1,"Image":"C:\\Windows\\explorer.exe","ProcessGuid":"{398A568E-5BCE-2026-74C5-310379C9FE90}","ProcessId":4721,"CommandLine":"C:\\Windows\\explorer.exe","ParentImage":"C:\\Windows\\System32\\services.exe","ParentProcessGuid":"{39F77112-77B4-2026-0B99-CD79CEA4F62D}","OriginalFileName":"C:\\Windows\\explorer.exe"}
{"UtcTime":"2026-08-12 15:27:34.000","Computer":"CLM-MESA-014","User":"CLM\\mesa","EventID":1,"Image":"C:\\Windows\\System32\\conhost.exe","ProcessGuid":"{51EAC135-5786-2026-1682-DACA6CFBAEFE}","ProcessId":1049,"CommandLine":"C:\\Windows\\System32\\conhost.exe","ParentImage":"C:\\Windows\\System32\\services.exe","ParentProcessGuid":"{9539A649-05DA-2026-7009-1401C3CAB09A}","OriginalFileName":"C:\\Windows\\System32\\conhost.exe"}
{"UtcTime":"2026-08-12 15:27:35.000","Computer":"CLM-MESA-014","User":"CLM\\mesa","EventID":1,"Image":"C:\\Windows\\explorer.exe","ProcessGuid":"{4B9F45C9-017B-2026-F626-700E36E31FD8}","ProcessId":7056,"CommandLine":"C:\\Windows\\explorer.exe","ParentImage":"C:\\Windows\\System32\\services.exe","ParentProcessGuid":"{06C39C29-09D8-2026-91A5-1C30090FFA89}","OriginalFileName":"C:\\Windows\\explorer.exe"}
{"UtcTime":"2026-08-12 15:27:36.000","Computer":"CLM-MESA-014","User":"CLM\\ops","EventID":1,"Image":"C:\\Windows\\System32\\svchost.exe","ProcessGuid":"{213C621E-95B8-2026-90E4-8103A0582B8A}","ProcessId":4739,"CommandLine":"C:\\Windows\\System32\\svchost.exe","ParentImage":"C:\\Windows\\System32\\services.exe","ParentProcessGuid":"{12EFAFF8-D42A-2026-B9A1-784B9B1FAD95}","OriginalFileName":"C:\\Windows\\System32\\svchost.exe"}
{"UtcTime":"2026-08-12 15:27:37.000","Computer":"CLM-MESA-014","User":"CLM\\ops","EventID":5,"Image":"C:\\Program Files\\Microsoft Office\\Office16\\EXCEL.EXE","ProcessGuid":"{4A1BB12A-EAF2-2026-5D05-AACDF44C1026}","ProcessId":4357,"EventType":"End"}
{"UtcTime":"2026-08-12 15:27:38.000","Computer":"CLM-MESA-014","User":"CLM\\ops","EventID":1,"Image":"C:\\Windows\\explorer.exe","ProcessGuid":"{FC8D6D31-ED00-2026-92B2-C8CAD4E98BBB}","ProcessId":6181,"CommandLine":"C:\\Windows\\explorer.exe","ParentImage":"C:\\Windows\\System32\\services.exe","ParentProcessGuid":"{0B7F6347-ABBA-2026-2A2D-527967EE3853}","OriginalFileName":"C:\\Windows\\explorer.exe"}
{"UtcTime":"2026-08-12 15:27:39.000","Computer":"CLM-MESA-014","User":"CLM\\backoffice","EventID":1,"Image":"C:\\Program Files\\Microsoft Office\\Office16\\EXCEL.EXE","ProcessGuid":"{F52E902B-2D17-2026-1AFA-959B20192CC8}","ProcessId":5932,"CommandLine":"C:\\Program Files\\Microsoft Office\\Office16\\EXCEL.EXE","ParentImage":"C:\\Windows\\System32\\services.exe","ParentProcessGuid":"{701A058D-3467-2026-E2FE-733005D2199C}","OriginalFileName":"C:\\Program Files\\Microsoft Office\\Office16\\EXCEL.EXE"}
{"UtcTime":"2026-08-12 15:27:40.000","Computer":"CLM-MESA-014","User":"CLM\\ops","EventID":1,"Image":"C:\\Windows\\System32\\RuntimeBroker.exe","ProcessGuid":"{9965E035-ACCA-2026-7494-AB04611EE5BE}","ProcessId":5305,"CommandLine":"C:\\Windows\\System32\\RuntimeBroker.exe","ParentImage":"C:\\Windows\\System32\\services.exe","ParentProcessGuid":"{BCCBEE48-CD50-2026-4A01-9A4B8F50003F}","OriginalFileName":"C:\\Windows\\System32\\RuntimeBroker.exe"}
{"UtcTime":"2026-08-12 15:27:41.000","Computer":"CLM-MESA-014","User":"CLM\\ops","EventID":1,"Image":"C:\\Program Files\\Google\\Chrome\\Application\\chrome.exe","ProcessGuid":"{E70AC2B1-9A7D-2026-0D98-DE52EE505F66}","ProcessId":2504,"CommandLine":"C:\\Program Files\\Google\\Chrome\\Application\\chrome.exe","ParentImage":"C:\\Windows\\System32\\services.exe","ParentProcessGuid":"{AA53BAEA-965C-2026-8449-C9B96700D105}","OriginalFileName":"C:\\Program Files\\Google\\Chrome\\Application\\chrome.exe"}
{"UtcTime":"2026-08-12 15:27:42.000","Computer":"CLM-MESA-014","User":"CLM\\ops","EventID":1,"Image":"C:\\Windows\\System32\\svchost.exe","ProcessGuid":"{52A61ACA-F3C9-2026-2DDA-75105876E054}","ProcessId":6875,"CommandLine":"C:\\Windows\\System32\\svchost.exe","ParentImage":"C:\\Windows\\System32\\services.exe","ParentProcessGuid":"{A19DF414-7FB6-2026-39D0-2EEF3F18B5BC}","OriginalFileName":"C:\\Windows\\System32\\svchost.exe"}
{"UtcTime":"2026-08-12 15:27:43.000","Computer":"CLM-MESA-014","User":"CLM\\backoffice","EventID":3,"Image":"C:\\Windows\\explorer.exe","ProcessGuid":"{97431984-D9FB-2026-CE1B-1734ED38774B}","ProcessId":1911,"DestinationIp":"10.70.30.8","DestinationPort":135,"DestinationHostname":"ntp.clm.liquidacao","SourceIp":"10.70.30.14","Protocol":"tcp"}
{"UtcTime":"2026-08-12 15:27:44.000","Computer":"CLM-MESA-014","User":"CLM\\mesa","EventID":1,"Image":"C:\\Program Files\\Google\\Chrome\\Application\\chrome.exe","ProcessGuid":"{882D2FCF-93F9-2026-48F9-D3B0729EA8BF}","ProcessId":5031,"CommandLine":"C:\\Program Files\\Google\\Chrome\\Application\\chrome.exe","ParentImage":"C:\\Windows\\System32\\services.exe","ParentProcessGuid":"{ECAA008F-FBB9-2026-F798-FB15E30E109C}","OriginalFileName":"C:\\Program Files\\Google\\Chrome\\Application\\chrome.exe"}
{"UtcTime":"2026-08-12 15:27:45.000","Computer":"CLM-MESA-014","User":"CLM\\ops","EventID":5,"Image":"C:\\Windows\\explorer.exe","ProcessGuid":"{A29211A4-4312-2026-8F91-6A993D6B91EB}","ProcessId":5580,"EventType":"End"}
{"UtcTime":"2026-08-12 15:27:46.000","Computer":"CLM-MESA-014","User":"CLM\\ops","EventID":3,"Image":"C:\\Windows\\System32\\RuntimeBroker.exe","ProcessGuid":"{AE378B78-FD0A-2026-8A00-7AD465C5F032}","ProcessId":2296,"DestinationIp":"8.8.8.8","DestinationPort":53,"DestinationHostname":"ntp.clm.liquidacao","SourceIp":"10.70.30.14","Protocol":"tcp"}
{"UtcTime":"2026-08-12 15:27:47.000","Computer":"CLM-MESA-014","User":"CLM\\ops","EventID":1,"Image":"C:\\Windows\\explorer.exe","ProcessGuid":"{878700E4-35E3-2026-9AAF-F2AC8353C259}","ProcessId":5158,"CommandLine":"C:\\Windows\\explorer.exe","ParentImage":"C:\\Windows\\System32\\services.exe","ParentProcessGuid":"{723D60E9-A2A6-2026-4FB7-2223219D88E4}","OriginalFileName":"C:\\Windows\\explorer.exe"}
{"UtcTime":"2026-08-12 15:27:48.000","Computer":"CLM-MESA-014","User":"CLM\\mesa","EventID":11,"Image":"C:\\Windows\\System32\\conhost.exe","ProcessGuid":"{AA91C8C4-EAB6-2026-7C33-93738FE67434}","ProcessId":6947,"TargetFilename":"C:\\Users\\Public\\Temp\\mesa-4668.tmp"}
{"UtcTime":"2026-08-12 15:27:49.000","Computer":"CLM-MESA-014","User":"CLM\\backoffice","EventID":1,"Image":"C:\\Windows\\explorer.exe","ProcessGuid":"{97164301-8CD2-2026-F516-FB98B2D1C8CD}","ProcessId":8782,"CommandLine":"C:\\Windows\\explorer.exe","ParentImage":"C:\\Windows\\System32\\services.exe","ParentProcessGuid":"{04D6E9E6-05C2-2026-FD00-B410703CC01C}","OriginalFileName":"C:\\Windows\\explorer.exe"}
{"UtcTime":"2026-08-12 15:27:50.000","Computer":"CLM-MESA-014","User":"CLM\\ops","EventID":13,"Image":"C:\\Windows\\System32\\conhost.exe","ProcessGuid":"{1B769772-CFD7-2026-ED3F-096E93FDDEDB}","ProcessId":4186,"EventType":"SetValue","TargetObject":"HKCU\\Software\\CLM\\Mesa\\Pref\\4670","Details":"1"}
{"UtcTime":"2026-08-12 15:27:51.000","Computer":"CLM-MESA-014","User":"CLM\\backoffice","EventID":1,"Image":"C:\\Windows\\System32\\RuntimeBroker.exe","ProcessGuid":"{E1DBC9AC-1AA7-2026-519C-DF95A2A822D2}","ProcessId":3637,"CommandLine":"C:\\Windows\\System32\\RuntimeBroker.exe","ParentImage":"C:\\Windows\\System32\\services.exe","ParentProcessGuid":"{0BEF7D39-F541-2026-9D4D-6AA99661DF34}","OriginalFileName":"C:\\Windows\\System32\\RuntimeBroker.exe"}
{"UtcTime":"2026-08-12 15:27:52.000","Computer":"CLM-MESA-014","User":"CLM\\ops","EventID":3,"Image":"C:\\Windows\\System32\\conhost.exe","ProcessGuid":"{E1C0845B-BA45-2026-FE5E-8D0C8079DDC1}","ProcessId":2595,"DestinationIp":"10.70.30.1","DestinationPort":135,"DestinationHostname":"ntp.clm.liquidacao","SourceIp":"10.70.30.14","Protocol":"tcp"}
{"UtcTime":"2026-08-12 15:27:53.000","Computer":"CLM-MESA-014","User":"CLM\\mesa","EventID":1,"Image":"C:\\Windows\\System32\\conhost.exe","ProcessGuid":"{55C322EC-4CE9-2026-B45F-7390679FE7F2}","ProcessId":6777,"CommandLine":"C:\\Windows\\System32\\conhost.exe","ParentImage":"C:\\Windows\\System32\\services.exe","ParentProcessGuid":"{3D673514-56AA-2026-7B5C-672589DCB2ED}","OriginalFileName":"C:\\Windows\\System32\\conhost.exe"}
{"UtcTime":"2026-08-12 15:27:54.000","Computer":"CLM-MESA-014","User":"CLM\\backoffice","EventID":3,"Image":"C:\\Windows\\System32\\RuntimeBroker.exe","ProcessGuid":"{4932E4E4-2D16-2026-70E6-4692363D2F6F}","ProcessId":3731,"DestinationIp":"1.1.1.1","DestinationPort":53,"DestinationHostname":"ntp.clm.liquidacao","SourceIp":"10.70.30.14","Protocol":"tcp"}
{"UtcTime":"2026-08-12 15:27:55.000","Computer":"CLM-MESA-014","User":"CLM\\backoffice","EventID":11,"Image":"C:\\Windows\\System32\\svchost.exe","ProcessGuid":"{776A97B2-A242-2026-1EFF-41C0E0DF7623}","ProcessId":8352,"TargetFilename":"C:\\Users\\Public\\Temp\\mesa-4675.tmp"}
{"UtcTime":"2026-08-12 15:27:56.000","Computer":"CLM-MESA-014","User":"CLM\\ops","EventID":1,"Image":"C:\\Windows\\explorer.exe","ProcessGuid":"{B3820B05-AB9F-2026-9BFB-9497146DB383}","ProcessId":3188,"CommandLine":"C:\\Windows\\explorer.exe","ParentImage":"C:\\Windows\\System32\\services.exe","ParentProcessGuid":"{6A382037-F9F9-2026-D7AF-4A49FFE25487}","OriginalFileName":"C:\\Windows\\explorer.exe"}
{"UtcTime":"2026-08-12 15:27:57.000","Computer":"CLM-MESA-014","User":"CLM\\ops","EventID":5,"Image":"C:\\Windows\\System32\\RuntimeBroker.exe","ProcessGuid":"{E43DE7B5-F2FD-2026-EF9F-B5B152AC4AAB}","ProcessId":7092,"EventType":"End"}
{"UtcTime":"2026-08-12 15:27:58.000","Computer":"CLM-MESA-014","User":"CLM\\backoffice","EventID":5,"Image":"C:\\Windows\\System32\\conhost.exe","ProcessGuid":"{98EC8464-70C4-2026-5A91-5AF3B98AE015}","ProcessId":7917,"EventType":"End"}
{"UtcTime":"2026-08-12 15:27:59.000","Computer":"CLM-MESA-014","User":"CLM\\ops","EventID":1,"Image":"C:\\Windows\\System32\\svchost.exe","ProcessGuid":"{DD67003B-200C-2026-5247-73DAFC53F414}","ProcessId":1126,"CommandLine":"C:\\Windows\\System32\\svchost.exe","ParentImage":"C:\\Windows\\System32\\services.exe","ParentProcessGuid":"{5CFBCB9F-0D13-2026-4E9A-342245B3EAEA}","OriginalFileName":"C:\\Windows\\System32\\svchost.exe"}
{"UtcTime":"2026-08-12 15:28:00.000","Computer":"CLM-MESA-014","User":"CLM\\backoffice","EventID":1,"Image":"C:\\Program Files\\Microsoft Office\\Office16\\EXCEL.EXE","ProcessGuid":"{6A978BAF-437B-2026-48D0-C5C35F04E561}","ProcessId":2886,"CommandLine":"C:\\Program Files\\Microsoft Office\\Office16\\EXCEL.EXE","ParentImage":"C:\\Windows\\System32\\services.exe","ParentProcessGuid":"{7C623867-0B28-2026-A0BD-446905E41186}","OriginalFileName":"C:\\Program Files\\Microsoft Office\\Office16\\EXCEL.EXE"}
{"UtcTime":"2026-08-12 15:28:01.000","Computer":"CLM-MESA-014","User":"CLM\\mesa","EventID":1,"Image":"C:\\Windows\\explorer.exe","ProcessGuid":"{1C74328B-162F-2026-5C7D-960E675BC5FD}","ProcessId":8076,"CommandLine":"C:\\Windows\\explorer.exe","ParentImage":"C:\\Windows\\System32\\services.exe","ParentProcessGuid":"{3A3686D6-E67A-2026-AFD9-387B8B9E8939}","OriginalFileName":"C:\\Windows\\explorer.exe"}
{"UtcTime":"2026-08-12 15:28:02.000","Computer":"CLM-MESA-014","User":"CLM\\ops","EventID":3,"Image":"C:\\Program Files\\Microsoft Office\\Office16\\EXCEL.EXE","ProcessGuid":"{9679597F-DDA2-2026-BF1E-D23F473C14AE}","ProcessId":2647,"DestinationIp":"10.70.30.1","DestinationPort":8080,"DestinationHostname":"portal.clm.liquidacao","SourceIp":"10.70.30.14","Protocol":"tcp"}
{"UtcTime":"2026-08-12 15:28:03.000","Computer":"CLM-MESA-014","User":"CLM\\ops","EventID":5,"Image":"C:\\Windows\\System32\\svchost.exe","ProcessGuid":"{C247DA4A-0A02-2026-CCE4-9E66B001FC2E}","ProcessId":7630,"EventType":"End"}
{"UtcTime":"2026-08-12 15:28:04.000","Computer":"CLM-MESA-014","User":"CLM\\backoffice","EventID":3,"Image":"C:\\Windows\\explorer.exe","ProcessGuid":"{3E833575-A19C-2026-D26D-1B81CF7A903C}","ProcessId":8418,"DestinationIp":"8.8.8.8","DestinationPort":8080,"DestinationHostname":"ntp.clm.liquidacao","SourceIp":"10.70.30.14","Protocol":"tcp"}
{"UtcTime":"2026-08-12 15:28:05.000","Computer":"CLM-MESA-014","User":"CLM\\mesa","EventID":1,"Image":"C:\\Windows\\System32\\RuntimeBroker.exe","ProcessGuid":"{2719DCF3-7486-2026-BE93-1DA7F868B564}","ProcessId":8063,"CommandLine":"C:\\Windows\\System32\\RuntimeBroker.exe","ParentImage":"C:\\Windows\\System32\\services.exe","ParentProcessGuid":"{963F1C33-D29D-2026-40AC-05EDCE867D93}","OriginalFileName":"C:\\Windows\\System32\\RuntimeBroker.exe"}
{"UtcTime":"2026-08-12 15:28:06.000","Computer":"CLM-MESA-014","User":"CLM\\mesa","EventID":1,"Image":"C:\\Windows\\System32\\RuntimeBroker.exe","ProcessGuid":"{5B1E3F73-329F-2026-DE1D-1FDA1AE9B0CF}","ProcessId":6260,"CommandLine":"C:\\Windows\\System32\\RuntimeBroker.exe","ParentImage":"C:\\Windows\\System32\\services.exe","ParentProcessGuid":"{C1D7752B-2CFE-2026-A491-2437503D894C}","OriginalFileName":"C:\\Windows\\System32\\RuntimeBroker.exe"}
{"UtcTime":"2026-08-12 15:28:07.000","Computer":"CLM-MESA-014","User":"CLM\\mesa","EventID":1,"Image":"C:\\Windows\\explorer.exe","ProcessGuid":"{D4A6B691-ED40-2026-0D9C-C5C020D70AAE}","ProcessId":5890,"CommandLine":"C:\\Windows\\explorer.exe","ParentImage":"C:\\Windows\\System32\\services.exe","ParentProcessGuid":"{D7E273C7-0EB1-2026-8622-BCCAE23BBC20}","OriginalFileName":"C:\\Windows\\explorer.exe"}
{"UtcTime":"2026-08-12 15:28:08.000","Computer":"CLM-MESA-014","User":"CLM\\backoffice","EventID":5,"Image":"C:\\Windows\\System32\\conhost.exe","ProcessGuid":"{40BB2B67-37ED-2026-E317-5A68632FBA00}","ProcessId":4925,"EventType":"End"}
{"UtcTime":"2026-08-12 15:28:09.000","Computer":"CLM-MESA-014","User":"CLM\\ops","EventID":1,"Image":"C:\\Program Files\\Microsoft Office\\Office16\\EXCEL.EXE","ProcessGuid":"{0A33D492-6C14-2026-5EBA-4273BA7A1203}","ProcessId":8887,"CommandLine":"C:\\Program Files\\Microsoft Office\\Office16\\EXCEL.EXE","ParentImage":"C:\\Windows\\System32\\services.exe","ParentProcessGuid":"{7385995E-5C4B-2026-19BD-6E613F0231CC}","OriginalFileName":"C:\\Program Files\\Microsoft Office\\Office16\\EXCEL.EXE"}
{"UtcTime":"2026-08-12 15:28:10.000","Computer":"CLM-MESA-014","User":"CLM\\mesa","EventID":5,"Image":"C:\\Windows\\System32\\RuntimeBroker.exe","ProcessGuid":"{2B879B66-B43D-2026-F02F-466E1E9D013D}","ProcessId":2040,"EventType":"End"}
{"UtcTime":"2026-08-12 15:28:11.000","Computer":"CLM-MESA-014","User":"CLM\\backoffice","EventID":1,"Image":"C:\\Windows\\System32\\RuntimeBroker.exe","ProcessGuid":"{FD31479F-354E-2026-90FA-DBB24E8B0A66}","ProcessId":1512,"CommandLine":"C:\\Windows\\System32\\RuntimeBroker.exe","ParentImage":"C:\\Windows\\System32\\services.exe","ParentProcessGuid":"{354B4994-8EB5-2026-B5EF-0B4BFC10C3F0}","OriginalFileName":"C:\\Windows\\System32\\RuntimeBroker.exe"}
{"UtcTime":"2026-08-12 15:28:12.000","Computer":"CLM-MESA-014","User":"CLM\\backoffice","EventID":1,"Image":"C:\\Windows\\System32\\RuntimeBroker.exe","ProcessGuid":"{26D1F8D6-9F11-2026-1CFD-4F6A61966BA7}","ProcessId":5532,"CommandLine":"C:\\Windows\\System32\\RuntimeBroker.exe","ParentImage":"C:\\Windows\\System32\\services.exe","ParentProcessGuid":"{F16E410A-41D8-2026-6E0E-8E5AE420618B}","OriginalFileName":"C:\\Windows\\System32\\RuntimeBroker.exe"}
{"UtcTime":"2026-08-12 15:28:13.000","Computer":"CLM-MESA-014","User":"CLM\\ops","EventID":11,"Image":"C:\\Windows\\System32\\conhost.exe","ProcessGuid":"{8027EE5D-2C8A-2026-8DC6-C569AB9E4DF8}","ProcessId":1563,"TargetFilename":"C:\\Users\\Public\\Temp\\mesa-4693.tmp"}
{"UtcTime":"2026-08-12 15:28:14.000","Computer":"CLM-MESA-014","User":"CLM\\ops","EventID":1,"Image":"C:\\Windows\\System32\\conhost.exe","ProcessGuid":"{3DC4E920-8F9D-2026-B737-D10F438B2393}","ProcessId":5318,"CommandLine":"C:\\Windows\\System32\\conhost.exe","ParentImage":"C:\\Windows\\System32\\services.exe","ParentProcessGuid":"{96785C92-34BB-2026-6C3A-BBEADCA8BED9}","OriginalFileName":"C:\\Windows\\System32\\conhost.exe"}
{"UtcTime":"2026-08-12 15:28:15.000","Computer":"CLM-MESA-014","User":"CLM\\backoffice","EventID":1,"Image":"C:\\Windows\\explorer.exe","ProcessGuid":"{551528D6-0879-2026-A21F-DBCBEF0D7E51}","ProcessId":717,"CommandLine":"C:\\Windows\\explorer.exe","ParentImage":"C:\\Windows\\System32\\services.exe","ParentProcessGuid":"{6AB15B42-BC47-2026-7A9D-2AEA466CCDB7}","OriginalFileName":"C:\\Windows\\explorer.exe"}
{"UtcTime":"2026-08-12 15:28:16.000","Computer":"CLM-MESA-014","User":"CLM\\ops","EventID":11,"Image":"C:\\Windows\\System32\\RuntimeBroker.exe","ProcessGuid":"{C0FA1F82-693D-2026-19A5-39E3CCF3AF1B}","ProcessId":4158,"TargetFilename":"C:\\Users\\Public\\Temp\\mesa-4696.tmp"}
{"UtcTime":"2026-08-12 15:28:17.000","Computer":"CLM-MESA-014","User":"CLM\\ops","EventID":11,"Image":"C:\\Windows\\System32\\RuntimeBroker.exe","ProcessGuid":"{82655C5F-B145-2026-F383-543BC4A2FC48}","ProcessId":7255,"TargetFilename":"C:\\Users\\Public\\Temp\\mesa-4697.tmp"}
{"UtcTime":"2026-08-12 15:28:18.000","Computer":"CLM-MESA-014","User":"CLM\\mesa","EventID":1,"Image":"C:\\Windows\\System32\\svchost.exe","ProcessGuid":"{B8C53E98-4C6A-2026-C845-8F8571095994}","ProcessId":2157,"CommandLine":"C:\\Windows\\System32\\svchost.exe","ParentImage":"C:\\Windows\\System32\\services.exe","ParentProcessGuid":"{F0153F8E-783B-2026-A901-239D1639CF5D}","OriginalFileName":"C:\\Windows\\System32\\svchost.exe"}
{"UtcTime":"2026-08-12 15:28:19.000","Computer":"CLM-MESA-014","User":"CLM\\ops","EventID":13,"Image":"C:\\Windows\\System32\\RuntimeBroker.exe","ProcessGuid":"{A80EA8A6-320E-2026-E379-1717FD99C476}","ProcessId":6545,"EventType":"SetValue","TargetObject":"HKCU\\Software\\CLM\\Mesa\\Pref\\4699","Details":"1"}
{"UtcTime":"2026-08-12 15:28:20.000","Computer":"CLM-MESA-014","User":"CLM\\backoffice","EventID":13,"Image":"C:\\Windows\\explorer.exe","ProcessGuid":"{5F207F19-D466-2026-4C8D-A4588960CAC7}","ProcessId":3566,"EventType":"SetValue","TargetObject":"HKCU\\Software\\CLM\\Mesa\\Pref\\4700","Details":"1"}
{"UtcTime":"2026-08-12 15:28:21.000","Computer":"CLM-MESA-014","User":"CLM\\backoffice","EventID":13,"Image":"C:\\Windows\\explorer.exe","ProcessGuid":"{C05E4AFD-0252-2026-6560-1043E3BADF2C}","ProcessId":5623,"EventType":"SetValue","TargetObject":"HKCU\\Software\\CLM\\Mesa\\Pref\\4701","Details":"1"}
{"UtcTime":"2026-08-12 15:28:22.000","Computer":"CLM-MESA-014","User":"CLM\\mesa","EventID":1,"Image":"C:\\Windows\\System32\\RuntimeBroker.exe","ProcessGuid":"{34445644-6AA3-2026-F026-266578BF09C3}","ProcessId":5857,"CommandLine":"C:\\Windows\\System32\\RuntimeBroker.exe","ParentImage":"C:\\Windows\\System32\\services.exe","ParentProcessGuid":"{E51030FA-38BE-2026-C2A0-0A79D9678ED2}","OriginalFileName":"C:\\Windows\\System32\\RuntimeBroker.exe"}
{"UtcTime":"2026-08-12 15:28:23.000","Computer":"CLM-MESA-014","User":"CLM\\backoffice","EventID":5,"Image":"C:\\Windows\\System32\\conhost.exe","ProcessGuid":"{5C9526E3-AB70-2026-16AB-BDD9D011CDC1}","ProcessId":3978,"EventType":"End"}
{"UtcTime":"2026-08-12 15:28:24.000","Computer":"CLM-MESA-014","User":"CLM\\ops","EventID":13,"Image":"C:\\Windows\\System32\\svchost.exe","ProcessGuid":"{D4C8FA2C-E691-2026-555B-60A42E9D0C81}","ProcessId":7201,"EventType":"SetValue","TargetObject":"HKCU\\Software\\CLM\\Mesa\\Pref\\4704","Details":"1"}
{"UtcTime":"2026-08-12 15:28:25.000","Computer":"CLM-MESA-014","User":"CLM\\ops","EventID":3,"Image":"C:\\Program Files\\Google\\Chrome\\Application\\chrome.exe","ProcessGuid":"{AE28BAAE-024F-2026-1F1B-8D410848093A}","ProcessId":4538,"DestinationIp":"1.1.1.1","DestinationPort":135,"DestinationHostname":"ntp.clm.liquidacao","SourceIp":"10.70.30.14","Protocol":"tcp"}
{"UtcTime":"2026-08-12 15:28:26.000","Computer":"CLM-MESA-014","User":"CLM\\mesa","EventID":3,"Image":"C:\\Windows\\System32\\svchost.exe","ProcessGuid":"{F37C271C-E5B2-2026-ADD3-BE35CEB1A9DB}","ProcessId":8050,"DestinationIp":"8.8.8.8","DestinationPort":135,"DestinationHostname":"ntp.clm.liquidacao","SourceIp":"10.70.30.14","Protocol":"tcp"}
{"UtcTime":"2026-08-12 15:28:27.000","Computer":"CLM-MESA-014","User":"CLM\\backoffice","EventID":1,"Image":"C:\\Windows\\System32\\RuntimeBroker.exe","ProcessGuid":"{3C408D8C-BFC0-2026-23EF-E8FA1473153C}","ProcessId":7898,"CommandLine":"C:\\Windows\\System32\\RuntimeBroker.exe","ParentImage":"C:\\Windows\\System32\\services.exe","ParentProcessGuid":"{63DABDB9-5F20-2026-A86A-16376FAA963C}","OriginalFileName":"C:\\Windows\\System32\\RuntimeBroker.exe"}
{"UtcTime":"2026-08-12 15:28:28.000","Computer":"CLM-MESA-014","User":"CLM\\backoffice","EventID":13,"Image":"C:\\Windows\\System32\\conhost.exe","ProcessGuid":"{DB1B92DA-7D18-2026-3FF2-44CA97FB0FDB}","ProcessId":2012,"EventType":"SetValue","TargetObject":"HKCU\\Software\\CLM\\Mesa\\Pref\\4708","Details":"1"}
{"UtcTime":"2026-08-12 15:28:29.000","Computer":"CLM-MESA-014","User":"CLM\\ops","EventID":1,"Image":"C:\\Windows\\explorer.exe","ProcessGuid":"{5A1D08C9-E349-2026-D609-6F2F4A6F1D00}","ProcessId":4873,"CommandLine":"C:\\Windows\\explorer.exe","ParentImage":"C:\\Windows\\System32\\services.exe","ParentProcessGuid":"{73A70758-C892-2026-FCCE-515C91F2E0CC}","OriginalFileName":"C:\\Windows\\explorer.exe"}
{"UtcTime":"2026-08-12 15:28:30.000","Computer":"CLM-MESA-014","User":"CLM\\backoffice","EventID":1,"Image":"C:\\Windows\\System32\\conhost.exe","ProcessGuid":"{FA949655-DFF0-2026-1656-CE76AE19316B}","ProcessId":3686,"CommandLine":"C:\\Windows\\System32\\conhost.exe","ParentImage":"C:\\Windows\\System32\\services.exe","ParentProcessGuid":"{0296CA09-6CFD-2026-6FC2-5E1B684EC26B}","OriginalFileName":"C:\\Windows\\System32\\conhost.exe"}
{"UtcTime":"2026-08-12 15:28:31.000","Computer":"CLM-MESA-014","User":"CLM\\ops","EventID":1,"Image":"C:\\Program Files\\Microsoft Office\\Office16\\EXCEL.EXE","ProcessGuid":"{0B9E2859-9F2F-2026-D928-19E8B76D521E}","ProcessId":6134,"CommandLine":"C:\\Program Files\\Microsoft Office\\Office16\\EXCEL.EXE","ParentImage":"C:\\Windows\\System32\\services.exe","ParentProcessGuid":"{346157E7-AED4-2026-723E-C5AC73DA5049}","OriginalFileName":"C:\\Program Files\\Microsoft Office\\Office16\\EXCEL.EXE"}
{"UtcTime":"2026-08-12 15:28:32.000","Computer":"CLM-MESA-014","User":"CLM\\ops","EventID":5,"Image":"C:\\Windows\\System32\\svchost.exe","ProcessGuid":"{9CC6F58D-A38F-2026-8CCD-4D97E3A46C5E}","ProcessId":6505,"EventType":"End"}
{"UtcTime":"2026-08-12 15:28:33.000","Computer":"CLM-MESA-014","User":"CLM\\ops","EventID":13,"Image":"C:\\Windows\\explorer.exe","ProcessGuid":"{B76ED546-6B7B-2026-5D7A-568DC48C706C}","ProcessId":2057,"EventType":"SetValue","TargetObject":"HKCU\\Software\\CLM\\Mesa\\Pref\\4713","Details":"1"}
{"UtcTime":"2026-08-12 15:28:34.000","Computer":"CLM-MESA-014","User":"CLM\\mesa","EventID":1,"Image":"C:\\Program Files\\Microsoft Office\\Office16\\EXCEL.EXE","ProcessGuid":"{12A624B5-5472-2026-F06E-46E2422A3C95}","ProcessId":2074,"CommandLine":"C:\\Program Files\\Microsoft Office\\Office16\\EXCEL.EXE","ParentImage":"C:\\Windows\\System32\\services.exe","ParentProcessGuid":"{38B20295-5406-2026-2831-F9263A181ADB}","OriginalFileName":"C:\\Program Files\\Microsoft Office\\Office16\\EXCEL.EXE"}
{"UtcTime":"2026-08-12 15:28:35.000","Computer":"CLM-MESA-014","User":"CLM\\ops","EventID":3,"Image":"C:\\Windows\\explorer.exe","ProcessGuid":"{9E4AA5CE-DBFB-2026-F604-6CA66672C26E}","ProcessId":2573,"DestinationIp":"8.8.8.8","DestinationPort":135,"DestinationHostname":"ntp.clm.liquidacao","SourceIp":"10.70.30.14","Protocol":"tcp"}
{"UtcTime":"2026-08-12 15:28:36.000","Computer":"CLM-MESA-014","User":"CLM\\ops","EventID":13,"Image":"C:\\Windows\\System32\\RuntimeBroker.exe","ProcessGuid":"{EE7289BF-B335-2026-F30B-477ED2DE47DB}","ProcessId":415,"EventType":"SetValue","TargetObject":"HKCU\\Software\\CLM\\Mesa\\Pref\\4716","Details":"1"}
{"UtcTime":"2026-08-12 15:28:37.000","Computer":"CLM-MESA-014","User":"CLM\\backoffice","EventID":1,"Image":"C:\\Program Files\\Google\\Chrome\\Application\\chrome.exe","ProcessGuid":"{257431C6-F408-2026-3E2D-6A21645BF2D1}","ProcessId":5961,"CommandLine":"C:\\Program Files\\Google\\Chrome\\Application\\chrome.exe","ParentImage":"C:\\Windows\\System32\\services.exe","ParentProcessGuid":"{4630E7B0-B6A2-2026-5D06-A19C2A6869B8}","OriginalFileName":"C:\\Program Files\\Google\\Chrome\\Application\\chrome.exe"}
{"UtcTime":"2026-08-12 15:28:38.000","Computer":"CLM-MESA-014","User":"CLM\\backoffice","EventID":1,"Image":"C:\\Windows\\System32\\conhost.exe","ProcessGuid":"{DD7D084B-630B-2026-2923-D27A4CFB8819}","ProcessId":4048,"CommandLine":"C:\\Windows\\System32\\conhost.exe","ParentImage":"C:\\Windows\\System32\\services.exe","ParentProcessGuid":"{1F6F6948-5F60-2026-63B8-659EAEB748E6}","OriginalFileName":"C:\\Windows\\System32\\conhost.exe"}
{"UtcTime":"2026-08-12 15:28:39.000","Computer":"CLM-MESA-014","User":"CLM\\ops","EventID":1,"Image":"C:\\Windows\\System32\\conhost.exe","ProcessGuid":"{A3C3F6E2-798D-2026-6A85-8B8BA463C39D}","ProcessId":1893,"CommandLine":"C:\\Windows\\System32\\conhost.exe","ParentImage":"C:\\Windows\\System32\\services.exe","ParentProcessGuid":"{222EB1F6-D1B1-2026-7DA6-14970E1DF2CE}","OriginalFileName":"C:\\Windows\\System32\\conhost.exe"}
{"UtcTime":"2026-08-12 15:28:40.000","Computer":"CLM-MESA-014","User":"CLM\\backoffice","EventID":1,"Image":"C:\\Program Files\\Microsoft Office\\Office16\\EXCEL.EXE","ProcessGuid":"{A04CBBC7-A909-2026-8517-A63C72D24650}","ProcessId":1894,"CommandLine":"C:\\Program Files\\Microsoft Office\\Office16\\EXCEL.EXE","ParentImage":"C:\\Windows\\System32\\services.exe","ParentProcessGuid":"{9CF00BA4-24B3-2026-89D0-9C5124C99A4C}","OriginalFileName":"C:\\Program Files\\Microsoft Office\\Office16\\EXCEL.EXE"}
{"UtcTime":"2026-08-12 15:28:41.000","Computer":"CLM-MESA-014","User":"CLM\\mesa","EventID":13,"Image":"C:\\Windows\\System32\\conhost.exe","ProcessGuid":"{21E1E9AE-D259-2026-F272-F21CEDC6C355}","ProcessId":8907,"EventType":"SetValue","TargetObject":"HKCU\\Software\\CLM\\Mesa\\Pref\\4721","Details":"1"}
{"UtcTime":"2026-08-12 15:28:42.000","Computer":"CLM-MESA-014","User":"CLM\\backoffice","EventID":13,"Image":"C:\\Windows\\explorer.exe","ProcessGuid":"{32D7FA3E-DF18-2026-68D1-C6BC3D1E9C31}","ProcessId":6706,"EventType":"SetValue","TargetObject":"HKCU\\Software\\CLM\\Mesa\\Pref\\4722","Details":"1"}
{"UtcTime":"2026-08-12 15:28:43.000","Computer":"CLM-MESA-014","User":"CLM\\backoffice","EventID":1,"Image":"C:\\Windows\\System32\\RuntimeBroker.exe","ProcessGuid":"{9111857E-1564-2026-5933-5D5B0AC6E7E7}","ProcessId":4092,"CommandLine":"C:\\Windows\\System32\\RuntimeBroker.exe","ParentImage":"C:\\Windows\\System32\\services.exe","ParentProcessGuid":"{5D881503-60D1-2026-5E0B-146BC5C27468}","OriginalFileName":"C:\\Windows\\System32\\RuntimeBroker.exe"}
{"UtcTime":"2026-08-12 15:28:44.000","Computer":"CLM-MESA-014","User":"CLM\\mesa","EventID":1,"Image":"C:\\Program Files\\Microsoft Office\\Office16\\EXCEL.EXE","ProcessGuid":"{F16B15A8-63CD-2026-EF21-63E5DC9A75E6}","ProcessId":4190,"CommandLine":"C:\\Program Files\\Microsoft Office\\Office16\\EXCEL.EXE","ParentImage":"C:\\Windows\\System32\\services.exe","ParentProcessGuid":"{83EBBF4A-3A0F-2026-53EE-1F098520304D}","OriginalFileName":"C:\\Program Files\\Microsoft Office\\Office16\\EXCEL.EXE"}
{"UtcTime":"2026-08-12 15:28:45.000","Computer":"CLM-MESA-014","User":"CLM\\ops","EventID":3,"Image":"C:\\Program Files\\Google\\Chrome\\Application\\chrome.exe","ProcessGuid":"{AB9AFC67-9701-2026-EFA6-24EDB531FB8F}","ProcessId":8306,"DestinationIp":"10.70.30.8","DestinationPort":135,"DestinationHostname":"portal.clm.liquidacao","SourceIp":"10.70.30.14","Protocol":"tcp"}
{"UtcTime":"2026-08-12 15:28:46.000","Computer":"CLM-MESA-014","User":"CLM\\ops","EventID":5,"Image":"C:\\Windows\\System32\\svchost.exe","ProcessGuid":"{F0714B35-16CA-2026-F5AE-F55FBFB22E5C}","ProcessId":813,"EventType":"End"}
{"UtcTime":"2026-08-12 15:28:47.000","Computer":"CLM-MESA-014","User":"CLM\\backoffice","EventID":5,"Image":"C:\\Windows\\explorer.exe","ProcessGuid":"{90747382-702A-2026-4874-2719F0B69221}","ProcessId":1783,"EventType":"End"}
{"UtcTime":"2026-08-12 15:28:48.000","Computer":"CLM-MESA-014","User":"CLM\\ops","EventID":13,"Image":"C:\\Program Files\\Microsoft Office\\Office16\\EXCEL.EXE","ProcessGuid":"{AF4E86AD-88A9-2026-7D26-F753B76181F6}","ProcessId":5970,"EventType":"SetValue","TargetObject":"HKCU\\Software\\CLM\\Mesa\\Pref\\4728","Details":"1"}
{"UtcTime":"2026-08-12 15:28:49.000","Computer":"CLM-MESA-014","User":"CLM\\backoffice","EventID":11,"Image":"C:\\Windows\\explorer.exe","ProcessGuid":"{69A8B654-3C94-2026-50B6-4D9083C72A48}","ProcessId":1371,"TargetFilename":"C:\\Users\\Public\\Temp\\mesa-4729.tmp"}
{"UtcTime":"2026-08-12 15:28:50.000","Computer":"CLM-MESA-014","User":"CLM\\mesa","EventID":3,"Image":"C:\\Windows\\System32\\RuntimeBroker.exe","ProcessGuid":"{A172163C-AE9E-2026-DD1D-06330F80490B}","ProcessId":6108,"DestinationIp":"10.70.30.8","DestinationPort":443,"DestinationHostname":"ntp.clm.liquidacao","SourceIp":"10.70.30.14","Protocol":"tcp"}
{"UtcTime":"2026-08-12 15:28:51.000","Computer":"CLM-MESA-014","User":"CLM\\mesa","EventID":11,"Image":"C:\\Windows\\System32\\RuntimeBroker.exe","ProcessGuid":"{D35A6C3C-3253-2026-1D64-7037D0AEEE24}","ProcessId":8105,"TargetFilename":"C:\\Users\\Public\\Temp\\mesa-4731.tmp"}
{"UtcTime":"2026-08-12 15:28:52.000","Computer":"CLM-MESA-014","User":"CLM\\backoffice","EventID":1,"Image":"C:\\Windows\\System32\\svchost.exe","ProcessGuid":"{1C3B4B0D-A48D-2026-74F5-5EE241A94FD4}","ProcessId":8847,"CommandLine":"C:\\Windows\\System32\\svchost.exe","ParentImage":"C:\\Windows\\System32\\services.exe","ParentProcessGuid":"{FCCC91DA-E541-2026-46EA-E63F4D691A8E}","OriginalFileName":"C:\\Windows\\System32\\svchost.exe"}
{"UtcTime":"2026-08-12 15:28:53.000","Computer":"CLM-MESA-014","User":"CLM\\mesa","EventID":3,"Image":"C:\\Windows\\System32\\RuntimeBroker.exe","ProcessGuid":"{E4FA1080-0D06-2026-F599-7C9A3D4405EA}","ProcessId":4461,"DestinationIp":"1.1.1.1","DestinationPort":53,"DestinationHostname":"portal.clm.liquidacao","SourceIp":"10.70.30.14","Protocol":"tcp"}
{"UtcTime":"2026-08-12 15:28:54.000","Computer":"CLM-MESA-014","User":"CLM\\ops","EventID":1,"Image":"C:\\Program Files\\Microsoft Office\\Office16\\EXCEL.EXE","ProcessGuid":"{3411B136-4C47-2026-1526-36B6BE02C067}","ProcessId":5927,"CommandLine":"C:\\Program Files\\Microsoft Office\\Office16\\EXCEL.EXE","ParentImage":"C:\\Windows\\System32\\services.exe","ParentProcessGuid":"{9D9830E7-9A6C-2026-A6CC-C18F68E535B6}","OriginalFileName":"C:\\Program Files\\Microsoft Office\\Office16\\EXCEL.EXE"}
{"UtcTime":"2026-08-12 15:28:55.000","Computer":"CLM-MESA-014","User":"CLM\\ops","EventID":1,"Image":"C:\\Windows\\System32\\RuntimeBroker.exe","ProcessGuid":"{53090B1A-98D2-2026-72BE-FB7192B3DFF6}","ProcessId":4103,"CommandLine":"C:\\Windows\\System32\\RuntimeBroker.exe","ParentImage":"C:\\Windows\\System32\\services.exe","ParentProcessGuid":"{0EB34C98-27DB-2026-C7CA-10A552771EBC}","OriginalFileName":"C:\\Windows\\System32\\RuntimeBroker.exe"}
{"UtcTime":"2026-08-12 15:28:56.000","Computer":"CLM-MESA-014","User":"CLM\\ops","EventID":5,"Image":"C:\\Windows\\System32\\conhost.exe","ProcessGuid":"{265FB68E-2C85-2026-F99C-9456FC9E9B96}","ProcessId":8461,"EventType":"End"}
{"UtcTime":"2026-08-12 15:28:57.000","Computer":"CLM-MESA-014","User":"CLM\\mesa","EventID":13,"Image":"C:\\Windows\\System32\\svchost.exe","ProcessGuid":"{9272BC33-79D2-2026-2EDB-D537A3BDBDD0}","ProcessId":1754,"EventType":"SetValue","TargetObject":"HKCU\\Software\\CLM\\Mesa\\Pref\\4737","Details":"1"}
{"UtcTime":"2026-08-12 15:28:58.000","Computer":"CLM-MESA-014","User":"CLM\\backoffice","EventID":13,"Image":"C:\\Program Files\\Google\\Chrome\\Application\\chrome.exe","ProcessGuid":"{19D90FC3-F18B-2026-4AF6-12F0FB28109B}","ProcessId":8929,"EventType":"SetValue","TargetObject":"HKCU\\Software\\CLM\\Mesa\\Pref\\4738","Details":"1"}
{"UtcTime":"2026-08-12 15:28:59.000","Computer":"CLM-MESA-014","User":"CLM\\backoffice","EventID":5,"Image":"C:\\Program Files\\Microsoft Office\\Office16\\EXCEL.EXE","ProcessGuid":"{43F80C71-E1BD-2026-F076-A1A7F5F90A00}","ProcessId":648,"EventType":"End"}
{"UtcTime":"2026-08-12 15:29:00.000","Computer":"CLM-MESA-014","User":"CLM\\mesa","EventID":1,"Image":"C:\\Program Files\\Microsoft Office\\Office16\\EXCEL.EXE","ProcessGuid":"{D323F7DB-9685-2026-6F80-51242368C55B}","ProcessId":6339,"CommandLine":"C:\\Program Files\\Microsoft Office\\Office16\\EXCEL.EXE","ParentImage":"C:\\Windows\\System32\\services.exe","ParentProcessGuid":"{CC2F883D-5BF5-2026-2079-DB5FB5476BBB}","OriginalFileName":"C:\\Program Files\\Microsoft Office\\Office16\\EXCEL.EXE"}
{"UtcTime":"2026-08-12 15:29:01.000","Computer":"CLM-MESA-014","User":"CLM\\mesa","EventID":3,"Image":"C:\\Program Files\\Microsoft Office\\Office16\\EXCEL.EXE","ProcessGuid":"{005138BC-C449-2026-F6F9-CF5E1BB7E074}","ProcessId":817,"DestinationIp":"10.70.30.8","DestinationPort":53,"DestinationHostname":"ntp.clm.liquidacao","SourceIp":"10.70.30.14","Protocol":"tcp"}
{"UtcTime":"2026-08-12 15:29:02.000","Computer":"CLM-MESA-014","User":"CLM\\backoffice","EventID":1,"Image":"C:\\Windows\\explorer.exe","ProcessGuid":"{29487662-A8D8-2026-D43B-BF6E1AA26711}","ProcessId":1733,"CommandLine":"C:\\Windows\\explorer.exe","ParentImage":"C:\\Windows\\System32\\services.exe","ParentProcessGuid":"{044CCAD8-5C87-2026-B4C3-93B93EB07C16}","OriginalFileName":"C:\\Windows\\explorer.exe"}
{"UtcTime":"2026-08-12 15:29:03.000","Computer":"CLM-MESA-014","User":"CLM\\mesa","EventID":13,"Image":"C:\\Windows\\System32\\svchost.exe","ProcessGuid":"{0661600A-28F9-2026-A638-680FCFDEE5C8}","ProcessId":1662,"EventType":"SetValue","TargetObject":"HKCU\\Software\\CLM\\Mesa\\Pref\\4743","Details":"1"}
{"UtcTime":"2026-08-12 15:29:04.000","Computer":"CLM-MESA-014","User":"CLM\\ops","EventID":3,"Image":"C:\\Program Files\\Microsoft Office\\Office16\\EXCEL.EXE","ProcessGuid":"{6262A46D-46FD-2026-D195-66218799C1B9}","ProcessId":1724,"DestinationIp":"8.8.8.8","DestinationPort":53,"DestinationHostname":"ntp.clm.liquidacao","SourceIp":"10.70.30.14","Protocol":"tcp"}
{"UtcTime":"2026-08-12 15:29:05.000","Computer":"CLM-MESA-014","User":"CLM\\mesa","EventID":1,"Image":"C:\\Program Files\\Google\\Chrome\\Application\\chrome.exe","ProcessGuid":"{83EF53CD-9278-2026-A3E5-F7F7969749D0}","ProcessId":5100,"CommandLine":"C:\\Program Files\\Google\\Chrome\\Application\\chrome.exe","ParentImage":"C:\\Windows\\System32\\services.exe","ParentProcessGuid":"{8585FB3D-239B-2026-FD14-E6F119E12C20}","OriginalFileName":"C:\\Program Files\\Google\\Chrome\\Application\\chrome.exe"}
{"UtcTime":"2026-08-12 15:29:06.000","Computer":"CLM-MESA-014","User":"CLM\\mesa","EventID":13,"Image":"C:\\Windows\\System32\\RuntimeBroker.exe","ProcessGuid":"{02151507-7B41-2026-4CB6-D7B488F7105F}","ProcessId":8473,"EventType":"SetValue","TargetObject":"HKCU\\Software\\CLM\\Mesa\\Pref\\4746","Details":"1"}
{"UtcTime":"2026-08-12 15:29:07.000","Computer":"CLM-MESA-014","User":"CLM\\backoffice","EventID":1,"Image":"C:\\Program Files\\Microsoft Office\\Office16\\EXCEL.EXE","ProcessGuid":"{A1D2481A-9764-2026-6043-6524D533ABBC}","ProcessId":2545,"CommandLine":"C:\\Program Files\\Microsoft Office\\Office16\\EXCEL.EXE","ParentImage":"C:\\Windows\\System32\\services.exe","ParentProcessGuid":"{17F83F8E-0D4D-2026-B905-3C4555ED08F8}","OriginalFileName":"C:\\Program Files\\Microsoft Office\\Office16\\EXCEL.EXE"}
{"UtcTime":"2026-08-12 15:29:08.000","Computer":"CLM-MESA-014","User":"CLM\\ops","EventID":1,"Image":"C:\\Windows\\System32\\RuntimeBroker.exe","ProcessGuid":"{03082119-CC9F-2026-C094-B6B26954C870}","ProcessId":1530,"CommandLine":"C:\\Windows\\System32\\RuntimeBroker.exe","ParentImage":"C:\\Windows\\System32\\services.exe","ParentProcessGuid":"{98451D39-AAA1-2026-7124-6CAA11651B1C}","OriginalFileName":"C:\\Windows\\System32\\RuntimeBroker.exe"}
{"UtcTime":"2026-08-12 15:29:09.000","Computer":"CLM-MESA-014","User":"CLM\\mesa","EventID":1,"Image":"C:\\Program Files\\Microsoft Office\\Office16\\EXCEL.EXE","ProcessGuid":"{B310CD0D-AE4E-2026-CFD0-453EC2CEF883}","ProcessId":6183,"CommandLine":"C:\\Program Files\\Microsoft Office\\Office16\\EXCEL.EXE","ParentImage":"C:\\Windows\\System32\\services.exe","ParentProcessGuid":"{C09E2D0B-A199-2026-0AF2-42C12B855AFD}","OriginalFileName":"C:\\Program Files\\Microsoft Office\\Office16\\EXCEL.EXE"}
{"UtcTime":"2026-08-12 15:29:10.000","Computer":"CLM-MESA-014","User":"CLM\\backoffice","EventID":1,"Image":"C:\\Windows\\System32\\svchost.exe","ProcessGuid":"{F610B36A-35F6-2026-4A86-2A8A0F68CCDC}","ProcessId":1917,"CommandLine":"C:\\Windows\\System32\\svchost.exe","ParentImage":"C:\\Windows\\System32\\services.exe","ParentProcessGuid":"{72DDC300-93D6-2026-8101-E76604001B16}","OriginalFileName":"C:\\Windows\\System32\\svchost.exe"}
{"UtcTime":"2026-08-12 15:29:11.000","Computer":"CLM-MESA-014","User":"CLM\\mesa","EventID":13,"Image":"C:\\Windows\\System32\\RuntimeBroker.exe","ProcessGuid":"{6FB16D1E-0E21-2026-54DC-20ED699F98A5}","ProcessId":4749,"EventType":"SetValue","TargetObject":"HKCU\\Software\\CLM\\Mesa\\Pref\\4751","Details":"1"}
{"UtcTime":"2026-08-12 15:29:12.000","Computer":"CLM-MESA-014","User":"CLM\\mesa","EventID":1,"Image":"C:\\Windows\\System32\\RuntimeBroker.exe","ProcessGuid":"{125E7AE3-FCEC-2026-BC5E-336E03A30998}","ProcessId":6989,"CommandLine":"C:\\Windows\\System32\\RuntimeBroker.exe","ParentImage":"C:\\Windows\\System32\\services.exe","ParentProcessGuid":"{7F12FC23-B64F-2026-3DE9-D8A289A2E8AA}","OriginalFileName":"C:\\Windows\\System32\\RuntimeBroker.exe"}
{"UtcTime":"2026-08-12 15:29:13.000","Computer":"CLM-MESA-014","User":"CLM\\mesa","EventID":1,"Image":"C:\\Program Files\\Microsoft Office\\Office16\\EXCEL.EXE","ProcessGuid":"{3DBEBE66-B435-2026-8E3E-BD2D790EB793}","ProcessId":8665,"CommandLine":"C:\\Program Files\\Microsoft Office\\Office16\\EXCEL.EXE","ParentImage":"C:\\Windows\\System32\\services.exe","ParentProcessGuid":"{7910105E-5E43-2026-91A0-7BCF17BD752B}","OriginalFileName":"C:\\Program Files\\Microsoft Office\\Office16\\EXCEL.EXE"}
{"UtcTime":"2026-08-12 15:29:14.000","Computer":"CLM-MESA-014","User":"CLM\\backoffice","EventID":11,"Image":"C:\\Windows\\System32\\RuntimeBroker.exe","ProcessGuid":"{581BFBDE-853C-2026-A751-894A961008F7}","ProcessId":8028,"TargetFilename":"C:\\Users\\Public\\Temp\\mesa-4754.tmp"}
{"UtcTime":"2026-08-12 15:29:15.000","Computer":"CLM-MESA-014","User":"CLM\\mesa","EventID":1,"Image":"C:\\Windows\\explorer.exe","ProcessGuid":"{DDC8B69B-8A3E-2026-B9F1-16538ABE1DCD}","ProcessId":3542,"CommandLine":"C:\\Windows\\explorer.exe","ParentImage":"C:\\Windows\\System32\\services.exe","ParentProcessGuid":"{0D11E7AC-9185-2026-7BCF-6D71E7A67E9A}","OriginalFileName":"C:\\Windows\\explorer.exe"}
{"UtcTime":"2026-08-12 15:29:16.000","Computer":"CLM-MESA-014","User":"CLM\\backoffice","EventID":1,"Image":"C:\\Program Files\\Microsoft Office\\Office16\\EXCEL.EXE","ProcessGuid":"{DCA793A7-CCEB-2026-13A9-84A6069D20AD}","ProcessId":5515,"CommandLine":"C:\\Program Files\\Microsoft Office\\Office16\\EXCEL.EXE","ParentImage":"C:\\Windows\\System32\\services.exe","ParentProcessGuid":"{77417DEB-6106-2026-5B37-F9A217C2A61B}","OriginalFileName":"C:\\Program Files\\Microsoft Office\\Office16\\EXCEL.EXE"}
{"UtcTime":"2026-08-12 15:29:17.000","Computer":"CLM-MESA-014","User":"CLM\\backoffice","EventID":1,"Image":"C:\\Windows\\explorer.exe","ProcessGuid":"{66B2CAF5-8519-2026-D262-517F8B9B7F5A}","ProcessId":1555,"CommandLine":"C:\\Windows\\explorer.exe","ParentImage":"C:\\Windows\\System32\\services.exe","ParentProcessGuid":"{EBF884EB-EDD1-2026-C8B2-F4F31BE89C99}","OriginalFileName":"C:\\Windows\\explorer.exe"}
{"UtcTime":"2026-08-12 15:29:18.000","Computer":"CLM-MESA-014","User":"CLM\\backoffice","EventID":1,"Image":"C:\\Program Files\\Microsoft Office\\Office16\\EXCEL.EXE","ProcessGuid":"{C945456D-D839-2026-BBB4-F4B8E1B437B7}","ProcessId":8033,"CommandLine":"C:\\Program Files\\Microsoft Office\\Office16\\EXCEL.EXE","ParentImage":"C:\\Windows\\System32\\services.exe","ParentProcessGuid":"{EBDF687C-5EB0-2026-CC6E-A9B0A564D9B5}","OriginalFileName":"C:\\Program Files\\Microsoft Office\\Office16\\EXCEL.EXE"}
{"UtcTime":"2026-08-12 15:29:19.000","Computer":"CLM-MESA-014","User":"CLM\\mesa","EventID":1,"Image":"C:\\Windows\\System32\\RuntimeBroker.exe","ProcessGuid":"{0183C0B4-D290-2026-5C21-7B4BD304B150}","ProcessId":7742,"CommandLine":"C:\\Windows\\System32\\RuntimeBroker.exe","ParentImage":"C:\\Windows\\System32\\services.exe","ParentProcessGuid":"{B3AE5D92-16FD-2026-7038-5A1427294A16}","OriginalFileName":"C:\\Windows\\System32\\RuntimeBroker.exe"}
{"UtcTime":"2026-08-12 15:29:20.000","Computer":"CLM-MESA-014","User":"CLM\\ops","EventID":13,"Image":"C:\\Windows\\System32\\svchost.exe","ProcessGuid":"{C312C3B2-9845-2026-7799-EE7A57C6EA6D}","ProcessId":973,"EventType":"SetValue","TargetObject":"HKCU\\Software\\CLM\\Mesa\\Pref\\4760","Details":"1"}
{"UtcTime":"2026-08-12 15:29:21.000","Computer":"CLM-MESA-014","User":"CLM\\mesa","EventID":1,"Image":"C:\\Windows\\explorer.exe","ProcessGuid":"{D5A96FCF-8FBC-2026-7FB5-4999A6FFE8CC}","ProcessId":5750,"CommandLine":"C:\\Windows\\explorer.exe","ParentImage":"C:\\Windows\\System32\\services.exe","ParentProcessGuid":"{437897B7-472E-2026-1776-97A1B3C77D0C}","OriginalFileName":"C:\\Windows\\explorer.exe"}
{"UtcTime":"2026-08-12 15:29:22.000","Computer":"CLM-MESA-014","User":"CLM\\ops","EventID":11,"Image":"C:\\Windows\\explorer.exe","ProcessGuid":"{E5D9A478-9CE3-2026-7809-33831AD4A685}","ProcessId":4951,"TargetFilename":"C:\\Users\\Public\\Temp\\mesa-4762.tmp"}
{"UtcTime":"2026-08-12 15:29:23.000","Computer":"CLM-MESA-014","User":"CLM\\backoffice","EventID":1,"Image":"C:\\Windows\\explorer.exe","ProcessGuid":"{5FEBA8D6-CA31-2026-ACD7-0484EC2B2B13}","ProcessId":2726,"CommandLine":"C:\\Windows\\explorer.exe","ParentImage":"C:\\Windows\\System32\\services.exe","ParentProcessGuid":"{89232157-F96C-2026-234F-F4342B2F19E5}","OriginalFileName":"C:\\Windows\\explorer.exe"}
{"UtcTime":"2026-08-12 15:29:24.000","Computer":"CLM-MESA-014","User":"CLM\\backoffice","EventID":11,"Image":"C:\\Windows\\System32\\svchost.exe","ProcessGuid":"{00F76FEF-A6E9-2026-BCC8-3FB14978A22B}","ProcessId":4271,"TargetFilename":"C:\\Users\\Public\\Temp\\mesa-4764.tmp"}
{"UtcTime":"2026-08-12 15:29:25.000","Computer":"CLM-MESA-014","User":"CLM\\mesa","EventID":5,"Image":"C:\\Program Files\\Google\\Chrome\\Application\\chrome.exe","ProcessGuid":"{C63E45BA-AB0E-2026-2270-0D4860C479D1}","ProcessId":4704,"EventType":"End"}
{"UtcTime":"2026-08-12 15:29:26.000","Computer":"CLM-MESA-014","User":"CLM\\mesa","EventID":1,"Image":"C:\\Windows\\System32\\conhost.exe","ProcessGuid":"{8A0427FB-9B04-2026-2208-C0766C2FDBF7}","ProcessId":4580,"CommandLine":"C:\\Windows\\System32\\conhost.exe","ParentImage":"C:\\Windows\\System32\\services.exe","ParentProcessGuid":"{88BDD9FF-22F4-2026-9774-5423472F3EF1}","OriginalFileName":"C:\\Windows\\System32\\conhost.exe"}
{"UtcTime":"2026-08-12 15:29:27.000","Computer":"CLM-MESA-014","User":"CLM\\mesa","EventID":1,"Image":"C:\\Windows\\explorer.exe","ProcessGuid":"{7551DA15-474E-2026-84E4-A91A8B448A3A}","ProcessId":3158,"CommandLine":"C:\\Windows\\explorer.exe","ParentImage":"C:\\Windows\\System32\\services.exe","ParentProcessGuid":"{383DF0BA-CD68-2026-2857-138DC7FDF4DF}","OriginalFileName":"C:\\Windows\\explorer.exe"}
{"UtcTime":"2026-08-12 15:29:28.000","Computer":"CLM-MESA-014","User":"CLM\\ops","EventID":1,"Image":"C:\\Windows\\System32\\RuntimeBroker.exe","ProcessGuid":"{3AFE189B-3C03-2026-5A5B-640740B30E76}","ProcessId":7376,"CommandLine":"C:\\Windows\\System32\\RuntimeBroker.exe","ParentImage":"C:\\Windows\\System32\\services.exe","ParentProcessGuid":"{01B06AF2-16E0-2026-1FCA-A1EBB5A5B2DA}","OriginalFileName":"C:\\Windows\\System32\\RuntimeBroker.exe"}
{"UtcTime":"2026-08-12 15:29:29.000","Computer":"CLM-MESA-014","User":"CLM\\ops","EventID":13,"Image":"C:\\Program Files\\Google\\Chrome\\Application\\chrome.exe","ProcessGuid":"{5E76E0E5-7632-2026-1F16-4ECA750ABE4A}","ProcessId":4013,"EventType":"SetValue","TargetObject":"HKCU\\Software\\CLM\\Mesa\\Pref\\4769","Details":"1"}
{"UtcTime":"2026-08-12 15:29:30.000","Computer":"CLM-MESA-014","User":"CLM\\ops","EventID":13,"Image":"C:\\Program Files\\Microsoft Office\\Office16\\EXCEL.EXE","ProcessGuid":"{3D74AB16-045A-2026-1138-CD0277E09064}","ProcessId":1062,"EventType":"SetValue","TargetObject":"HKCU\\Software\\CLM\\Mesa\\Pref\\4770","Details":"1"}
{"UtcTime":"2026-08-12 15:29:31.000","Computer":"CLM-MESA-014","User":"CLM\\mesa","EventID":13,"Image":"C:\\Windows\\System32\\svchost.exe","ProcessGuid":"{4B617D1E-353A-2026-15F2-6537C3EB12A1}","ProcessId":2022,"EventType":"SetValue","TargetObject":"HKCU\\Software\\CLM\\Mesa\\Pref\\4771","Details":"1"}
{"UtcTime":"2026-08-12 15:29:32.000","Computer":"CLM-MESA-014","User":"CLM\\mesa","EventID":3,"Image":"C:\\Program Files\\Google\\Chrome\\Application\\chrome.exe","ProcessGuid":"{4D051ECD-7CE7-2026-E8B3-CD4FD13D278F}","ProcessId":1674,"DestinationIp":"10.70.30.1","DestinationPort":443,"DestinationHostname":"ntp.clm.liquidacao","SourceIp":"10.70.30.14","Protocol":"tcp"}
{"UtcTime":"2026-08-12 15:29:33.000","Computer":"CLM-MESA-014","User":"CLM\\mesa","EventID":5,"Image":"C:\\Windows\\System32\\RuntimeBroker.exe","ProcessGuid":"{55BA74FE-A611-2026-4AC9-76AEE6ED6C90}","ProcessId":8356,"EventType":"End"}
{"UtcTime":"2026-08-12 15:29:34.000","Computer":"CLM-MESA-014","User":"CLM\\backoffice","EventID":1,"Image":"C:\\Program Files\\Microsoft Office\\Office16\\EXCEL.EXE","ProcessGuid":"{754623AC-F886-2026-CEA9-5CDB79D70102}","ProcessId":2542,"CommandLine":"C:\\Program Files\\Microsoft Office\\Office16\\EXCEL.EXE","ParentImage":"C:\\Windows\\System32\\services.exe","ParentProcessGuid":"{BDF0B87C-0815-2026-41F4-E7B2F37ECCB5}","OriginalFileName":"C:\\Program Files\\Microsoft Office\\Office16\\EXCEL.EXE"}
{"UtcTime":"2026-08-12 15:29:35.000","Computer":"CLM-MESA-014","User":"CLM\\mesa","EventID":1,"Image":"C:\\Windows\\explorer.exe","ProcessGuid":"{8E3006BC-9C59-2026-F1CB-ADF610F58F28}","ProcessId":3547,"CommandLine":"C:\\Windows\\explorer.exe","ParentImage":"C:\\Windows\\System32\\services.exe","ParentProcessGuid":"{A350F3F2-0F61-2026-76C3-AC8EAB298DF1}","OriginalFileName":"C:\\Windows\\explorer.exe"}
{"UtcTime":"2026-08-12 15:29:36.000","Computer":"CLM-MESA-014","User":"CLM\\mesa","EventID":3,"Image":"C:\\Program Files\\Microsoft Office\\Office16\\EXCEL.EXE","ProcessGuid":"{85FFF25A-2F62-2026-18AF-2BD65D862127}","ProcessId":2456,"DestinationIp":"10.70.30.8","DestinationPort":53,"DestinationHostname":"portal.clm.liquidacao","SourceIp":"10.70.30.14","Protocol":"tcp"}
{"UtcTime":"2026-08-12 15:29:37.000","Computer":"CLM-MESA-014","User":"CLM\\backoffice","EventID":5,"Image":"C:\\Program Files\\Google\\Chrome\\Application\\chrome.exe","ProcessGuid":"{75F34A9E-7F19-2026-9843-AABE5A6A2056}","ProcessId":7681,"EventType":"End"}
{"UtcTime":"2026-08-12 15:29:38.000","Computer":"CLM-MESA-014","User":"CLM\\backoffice","EventID":1,"Image":"C:\\Windows\\System32\\conhost.exe","ProcessGuid":"{3C0D500E-F5F6-2026-2FDE-8499594C97F0}","ProcessId":6141,"CommandLine":"C:\\Windows\\System32\\conhost.exe","ParentImage":"C:\\Windows\\System32\\services.exe","ParentProcessGuid":"{F124E477-E1A7-2026-FC5A-946191F74493}","OriginalFileName":"C:\\Windows\\System32\\conhost.exe"}
{"UtcTime":"2026-08-12 15:29:39.000","Computer":"CLM-MESA-014","User":"CLM\\backoffice","EventID":1,"Image":"C:\\Program Files\\Microsoft Office\\Office16\\EXCEL.EXE","ProcessGuid":"{55A86292-B5B9-2026-937D-EAD5E43DAAA1}","ProcessId":3472,"CommandLine":"C:\\Program Files\\Microsoft Office\\Office16\\EXCEL.EXE","ParentImage":"C:\\Windows\\System32\\services.exe","ParentProcessGuid":"{ED48775C-B753-2026-548A-C5F797FE1715}","OriginalFileName":"C:\\Program Files\\Microsoft Office\\Office16\\EXCEL.EXE"}
{"UtcTime":"2026-08-12 15:29:40.000","Computer":"CLM-MESA-014","User":"CLM\\mesa","EventID":5,"Image":"C:\\Program Files\\Microsoft Office\\Office16\\EXCEL.EXE","ProcessGuid":"{58C46080-6135-2026-85D4-7D230F49F5E0}","ProcessId":3481,"EventType":"End"}
{"UtcTime":"2026-08-12 15:29:41.000","Computer":"CLM-MESA-014","User":"CLM\\ops","EventID":1,"Image":"C:\\Windows\\explorer.exe","ProcessGuid":"{D49CCFDC-90AA-2026-49F0-6643CFFF355E}","ProcessId":4757,"CommandLine":"C:\\Windows\\explorer.exe","ParentImage":"C:\\Windows\\System32\\services.exe","ParentProcessGuid":"{9FFC615B-C014-2026-87C9-11E334321A2E}","OriginalFileName":"C:\\Windows\\explorer.exe"}
{"UtcTime":"2026-08-12 15:29:42.000","Computer":"CLM-MESA-014","User":"CLM\\backoffice","EventID":11,"Image":"C:\\Windows\\System32\\svchost.exe","ProcessGuid":"{E6E610C7-323E-2026-20AC-A7DFC1E89DF1}","ProcessId":4804,"TargetFilename":"C:\\Users\\Public\\Temp\\mesa-4782.tmp"}
{"UtcTime":"2026-08-12 15:29:43.000","Computer":"CLM-MESA-014","User":"CLM\\backoffice","EventID":11,"Image":"C:\\Program Files\\Google\\Chrome\\Application\\chrome.exe","ProcessGuid":"{64F7748D-55A9-2026-5E55-5C597638BCA1}","ProcessId":2845,"TargetFilename":"C:\\Users\\Public\\Temp\\mesa-4783.tmp"}
