{"UtcTime":"2026-08-12 10:20:13.000","Computer":"TN-FIN-WS042","User":"TRANSNORTE\\backup_svc","EventID":5,"Image":"C:\\Program Files\\Google\\Chrome\\Application\\chrome.exe","ProcessGuid":"{D0456889-30D5-2026-4ED2-22F501C1406A}","ProcessId":6729,"EventType":"End"}
{"UtcTime":"2026-08-12 10:20:14.000","Computer":"TN-FIN-WS042","User":"TRANSNORTE\\backup_svc","EventID":1,"Image":"C:\\Windows\\System32\\svchost.exe","ProcessGuid":"{ED7BC868-34F6-2026-0D93-426EF29CD1B2}","ProcessId":5172,"CommandLine":"C:\\Windows\\System32\\svchost.exe","ParentImage":"C:\\Windows\\System32\\services.exe","ParentProcessGuid":"{FA8E7D37-5D3E-2026-9195-47177C775718}","OriginalFileName":"C:\\Windows\\System32\\svchost.exe","SHA256":"b4a9cdfbbe4a8b9f4834d23e137f54c177c205a28c6579b0ede4c7c9ac463804"}
{"UtcTime":"2026-08-12 10:20:15.000","Computer":"TN-FIN-WS042","User":"TRANSNORTE\\backup_svc","EventID":1,"Image":"C:\\Windows\\System32\\RuntimeBroker.exe","ProcessGuid":"{E29B5136-125D-2026-58BB-DED6DD55D11A}","ProcessId":705,"CommandLine":"C:\\Windows\\System32\\RuntimeBroker.exe","ParentImage":"C:\\Windows\\System32\\services.exe","ParentProcessGuid":"{85EFF0DB-C37B-2026-AB7F-2C0FD683E175}","OriginalFileName":"C:\\Windows\\System32\\RuntimeBroker.exe","SHA256":"d71efa850f3de987f71f020ae1549620057d60cb7c099402e974c021ac0c2fb9"}
{"UtcTime":"2026-08-12 10:20:16.000","Computer":"TN-FIN-WS042","User":"TRANSNORTE\\backup_svc","EventID":3,"Image":"C:\\Windows\\explorer.exe","ProcessGuid":"{1081C264-0636-2026-C429-EF4E252C7FCF}","ProcessId":7645,"DestinationIp":"10.50.10.88","DestinationPort":443,"SourceIp":"10.50.10.42","Protocol":"tcp"}
{"UtcTime":"2026-08-12 10:20:17.000","Computer":"TN-FIN-WS042","User":"TRANSNORTE\\backup_svc","EventID":13,"Image":"C:\\Program Files\\Microsoft Office\\Office16\\OUTLOOK.EXE","ProcessGuid":"{AE6077B5-7D51-2026-3896-2CCD1DDC0D1D}","ProcessId":6831,"EventType":"SetValue","TargetObject":"HKCU\\Software\\Microsoft\\Office\\16.0\\Outlook\\Resiliency\\2417","Details":"1"}
{"UtcTime":"2026-08-12 10:20:18.000","Computer":"TN-FIN-WS042","User":"TRANSNORTE\\ops.cardoso","EventID":1,"Image":"C:\\Program Files\\Google\\Chrome\\Application\\chrome.exe","ProcessGuid":"{AEC763CD-8D90-2026-DF54-3D42AC83C9A3}","ProcessId":5533,"CommandLine":"C:\\Program Files\\Google\\Chrome\\Application\\chrome.exe","ParentImage":"C:\\Windows\\System32\\services.exe","ParentProcessGuid":"{A530A9C5-CC5E-2026-DFA4-6F4EB73FF5F0}","OriginalFileName":"C:\\Program Files\\Google\\Chrome\\Application\\chrome.exe","SHA256":"e9acb3c68b442c20ce67c1f1bf58b73aa795d3d3d248b2cf4870e70a29f53cfd"}
{"UtcTime":"2026-08-12 10:20:19.000","Computer":"TN-FIN-WS042","User":"TRANSNORTE\\backup_svc","EventID":1,"Image":"C:\\Windows\\System32\\RuntimeBroker.exe","ProcessGuid":"{09E976F0-BCA8-2026-FBD2-38F4A0FC339C}","ProcessId":7264,"CommandLine":"C:\\Windows\\System32\\RuntimeBroker.exe","ParentImage":"C:\\Windows\\System32\\services.exe","ParentProcessGuid":"{1E6107F5-3A9B-2026-128D-922F03484362}","OriginalFileName":"C:\\Windows\\System32\\RuntimeBroker.exe","SHA256":"de9625c05e503b8862cd721c87c345dd4763ddaf591a05c54c95152fedd1ca86"}
{"UtcTime":"2026-08-12 10:20:20.000","Computer":"TN-FIN-WS042","User":"TRANSNORTE\\ops.cardoso","EventID":5,"Image":"C:\\Windows\\System32\\RuntimeBroker.exe","ProcessGuid":"{E6CC76B8-2B1A-2026-61E6-3585D1A3705B}","ProcessId":2436,"EventType":"End"}
{"UtcTime":"2026-08-12 10:20:21.000","Computer":"TN-FIN-WS042","User":"TRANSNORTE\\backup_svc","EventID":3,"Image":"C:\\Windows\\System32\\svchost.exe","ProcessGuid":"{E9061125-1088-2026-3FD1-DC6DE90CAC95}","ProcessId":8751,"DestinationIp":"10.50.10.88","DestinationPort":135,"SourceIp":"10.50.10.42","Protocol":"tcp"}
{"UtcTime":"2026-08-12 10:20:22.000","Computer":"TN-FIN-WS042","User":"TRANSNORTE\\ops.cardoso","EventID":11,"Image":"C:\\Windows\\System32\\RuntimeBroker.exe","ProcessGuid":"{FD84C2A0-DD96-2026-D391-22C88A4B60D8}","ProcessId":2674,"TargetFilename":"C:\\Users\\ops.cardoso\\AppData\\Local\\Temp\\office-2422.tmp"}
{"UtcTime":"2026-08-12 10:20:23.000","Computer":"TN-FIN-WS042","User":"TRANSNORTE\\backup_svc","EventID":11,"Image":"C:\\Program Files\\Microsoft Office\\Office16\\OUTLOOK.EXE","ProcessGuid":"{57F8A24A-8399-2026-2984-E16074270367}","ProcessId":8210,"TargetFilename":"C:\\Users\\ops.cardoso\\AppData\\Local\\Temp\\office-2423.tmp"}
{"UtcTime":"2026-08-12 10:20:24.000","Computer":"TN-FIN-WS042","User":"TRANSNORTE\\ops.cardoso","EventID":3,"Image":"C:\\Program Files\\Microsoft Office\\Office16\\OUTLOOK.EXE","ProcessGuid":"{2008C15F-9FCA-2026-A5C2-B1F497957DBF}","ProcessId":3292,"DestinationIp":"1.1.1.1","DestinationPort":8080,"SourceIp":"10.50.10.42","Protocol":"tcp"}
{"UtcTime":"2026-08-12 10:20:25.000","Computer":"TN-FIN-WS042","User":"TRANSNORTE\\backup_svc","EventID":1,"Image":"C:\\Windows\\System32\\RuntimeBroker.exe","ProcessGuid":"{00C334D9-11D0-2026-F694-28D382437A31}","ProcessId":4287,"CommandLine":"C:\\Windows\\System32\\RuntimeBroker.exe","ParentImage":"C:\\Windows\\System32\\services.exe","ParentProcessGuid":"{DE35530C-4CDF-2026-79BA-2A6A8D14A0E0}","OriginalFileName":"C:\\Windows\\System32\\RuntimeBroker.exe","SHA256":"d68f1bc1ba3b0886953a3c105aba282955a53547590a0c5f4de4e2f0410a80ab"}
{"UtcTime":"2026-08-12 10:20:26.000","Computer":"TN-FIN-WS042","User":"TRANSNORTE\\ops.cardoso","EventID":1,"Image":"C:\\Windows\\System32\\RuntimeBroker.exe","ProcessGuid":"{2E1EB3E1-01A7-2026-B7A3-F829025C562E}","ProcessId":1154,"CommandLine":"C:\\Windows\\System32\\RuntimeBroker.exe","ParentImage":"C:\\Windows\\System32\\services.exe","ParentProcessGuid":"{77AA86B8-CBB2-2026-ED2C-700B4DCE0EDA}","OriginalFileName":"C:\\Windows\\System32\\RuntimeBroker.exe","SHA256":"0045c254412890b0f5fc8ee16129f063c4b871a4c4d11af0d28b35e153f56a2c"}
{"UtcTime":"2026-08-12 10:20:27.000","Computer":"TN-FIN-WS042","User":"TRANSNORTE\\ops.cardoso","EventID":13,"Image":"C:\\Windows\\System32\\svchost.exe","ProcessGuid":"{F714EA39-5C60-2026-2277-FE00C38B3FA0}","ProcessId":4719,"EventType":"SetValue","TargetObject":"HKCU\\Software\\Microsoft\\Office\\16.0\\Outlook\\Resiliency\\2427","Details":"1"}
{"UtcTime":"2026-08-12 10:20:28.000","Computer":"TN-FIN-WS042","User":"TRANSNORTE\\ops.cardoso","EventID":13,"Image":"C:\\Windows\\System32\\conhost.exe","ProcessGuid":"{8774D860-9FEF-2026-F155-940B972F757F}","ProcessId":8362,"EventType":"SetValue","TargetObject":"HKCU\\Software\\Microsoft\\Office\\16.0\\Outlook\\Resiliency\\2428","Details":"1"}
{"UtcTime":"2026-08-12 10:20:29.000","Computer":"TN-FIN-WS042","User":"TRANSNORTE\\backup_svc","EventID":1,"Image":"C:\\Windows\\System32\\RuntimeBroker.exe","ProcessGuid":"{7F23E94A-20D6-2026-9C53-E01AFF521BD2}","ProcessId":955,"CommandLine":"C:\\Windows\\System32\\RuntimeBroker.exe","ParentImage":"C:\\Windows\\System32\\services.exe","ParentProcessGuid":"{978B895B-381C-2026-3826-3A3EA3D0FE8B}","OriginalFileName":"C:\\Windows\\System32\\RuntimeBroker.exe","SHA256":"fb5852ace8097ad818a97db1f1b067a92f2c173636979bcae7ec6495c1ccc4e4"}
{"UtcTime":"2026-08-12 10:20:30.000","Computer":"TN-FIN-WS042","User":"TRANSNORTE\\ops.cardoso","EventID":1,"Image":"C:\\Program Files\\Microsoft Office\\Office16\\OUTLOOK.EXE","ProcessGuid":"{0FD1D2D7-205B-2026-4AED-6A91CDE1F6B6}","ProcessId":4045,"CommandLine":"C:\\Program Files\\Microsoft Office\\Office16\\OUTLOOK.EXE","ParentImage":"C:\\Windows\\System32\\services.exe","ParentProcessGuid":"{4EFA95A8-BB9B-2026-3EEC-68BE84578A26}","OriginalFileName":"C:\\Program Files\\Microsoft Office\\Office16\\OUTLOOK.EXE","SHA256":"d7a7b9e00ff526095ea3848718727f88dfd4b59f1cc875439d06bc53b7c78e9b"}
{"UtcTime":"2026-08-12 10:20:31.000","Computer":"TN-FIN-WS042","User":"TRANSNORTE\\backup_svc","EventID":1,"Image":"C:\\Windows\\System32\\RuntimeBroker.exe","ProcessGuid":"{17CAF564-FB8A-2026-E394-89897D185EB8}","ProcessId":4324,"CommandLine":"C:\\Windows\\System32\\RuntimeBroker.exe","ParentImage":"C:\\Windows\\System32\\services.exe","ParentProcessGuid":"{12F4812E-8ABF-2026-A872-139F1FDE9CBA}","OriginalFileName":"C:\\Windows\\System32\\RuntimeBroker.exe","SHA256":"b303c46c760a0ec201c3b70fbd53347ba67acbcfd2bf3568e6296b0509afe92d"}
{"UtcTime":"2026-08-12 10:20:32.000","Computer":"TN-FIN-WS042","User":"TRANSNORTE\\ops.cardoso","EventID":1,"Image":"C:\\Windows\\explorer.exe","ProcessGuid":"{72D851B8-B07C-2026-84F5-99DB41A55D79}","ProcessId":1356,"CommandLine":"C:\\Windows\\explorer.exe","ParentImage":"C:\\Windows\\System32\\services.exe","ParentProcessGuid":"{466D5434-A6A7-2026-F9AA-F0A4B041221F}","OriginalFileName":"C:\\Windows\\explorer.exe","SHA256":"ccaa6b5a86fa373f3733587c97d1343b52141ae460b3c0c40f0ad504698de226"}
{"UtcTime":"2026-08-12 10:20:33.000","Computer":"TN-FIN-WS042","User":"TRANSNORTE\\ops.cardoso","EventID":5,"Image":"C:\\Windows\\System32\\RuntimeBroker.exe","ProcessGuid":"{663120B3-6AF0-2026-9556-399BE9F0D27D}","ProcessId":4124,"EventType":"End"}
{"UtcTime":"2026-08-12 10:20:34.000","Computer":"TN-FIN-WS042","User":"TRANSNORTE\\ops.cardoso","EventID":11,"Image":"C:\\Windows\\System32\\RuntimeBroker.exe","ProcessGuid":"{01EC22F8-2269-2026-49E3-77DC3405545E}","ProcessId":6323,"TargetFilename":"C:\\Users\\ops.cardoso\\AppData\\Local\\Temp\\office-2434.tmp"}
{"UtcTime":"2026-08-12 10:20:35.000","Computer":"TN-FIN-WS042","User":"TRANSNORTE\\backup_svc","EventID":1,"Image":"C:\\Program Files\\Google\\Chrome\\Application\\chrome.exe","ProcessGuid":"{EDDC2FD7-AC1A-2026-2F4E-4AC118E9602A}","ProcessId":703,"CommandLine":"C:\\Program Files\\Google\\Chrome\\Application\\chrome.exe","ParentImage":"C:\\Windows\\System32\\services.exe","ParentProcessGuid":"{14579144-2B8E-2026-8C7C-07C61AD4B48D}","OriginalFileName":"C:\\Program Files\\Google\\Chrome\\Application\\chrome.exe","SHA256":"fd230d27e8596403318cb7fc74e89cf77b879e6b2bf941e4fff1000b2e3cd875"}
{"UtcTime":"2026-08-12 10:20:36.000","Computer":"TN-FIN-WS042","User":"TRANSNORTE\\backup_svc","EventID":1,"Image":"C:\\Program Files\\Google\\Chrome\\Application\\chrome.exe","ProcessGuid":"{505D487E-ED50-2026-405A-4D092813A10F}","ProcessId":8395,"CommandLine":"C:\\Program Files\\Google\\Chrome\\Application\\chrome.exe","ParentImage":"C:\\Windows\\System32\\services.exe","ParentProcessGuid":"{E34EAE1A-A8A5-2026-D17B-3E606054594C}","OriginalFileName":"C:\\Program Files\\Google\\Chrome\\Application\\chrome.exe","SHA256":"3714e2236674ef98efd3a67a3bb3ed4f7da732a8a5d3e8e1ef8a94656dec92e8"}
{"UtcTime":"2026-08-12 10:20:37.000","Computer":"TN-FIN-WS042","User":"TRANSNORTE\\backup_svc","EventID":1,"Image":"C:\\Windows\\explorer.exe","ProcessGuid":"{6979012F-B744-2026-B929-25A88403EF90}","ProcessId":3131,"CommandLine":"C:\\Windows\\explorer.exe","ParentImage":"C:\\Windows\\System32\\services.exe","ParentProcessGuid":"{CDB02F43-C5B7-2026-C814-FE848EA13E31}","OriginalFileName":"C:\\Windows\\explorer.exe","SHA256":"e527dc7b75ecee737a69ddeb917439e7ba22f875a2e9573266de5cfe2f9b9289"}
{"UtcTime":"2026-08-12 10:20:38.000","Computer":"TN-FIN-WS042","User":"TRANSNORTE\\ops.cardoso","EventID":1,"Image":"C:\\Program Files\\Microsoft Office\\Office16\\OUTLOOK.EXE","ProcessGuid":"{6A304B33-DA37-2026-BB68-5590C0BF1C93}","ProcessId":8180,"CommandLine":"C:\\Program Files\\Microsoft Office\\Office16\\OUTLOOK.EXE","ParentImage":"C:\\Windows\\System32\\services.exe","ParentProcessGuid":"{6CB172F0-3470-2026-D5A2-A29A74D41161}","OriginalFileName":"C:\\Program Files\\Microsoft Office\\Office16\\OUTLOOK.EXE","SHA256":"1cc6ff85c394018c961999adbffed43ec4b3f6260392ee1e0c9537c004989fd0"}
{"UtcTime":"2026-08-12 10:20:39.000","Computer":"TN-FIN-WS042","User":"TRANSNORTE\\ops.cardoso","EventID":1,"Image":"C:\\Windows\\System32\\svchost.exe","ProcessGuid":"{046F9721-2815-2026-2834-80FE0A531AC6}","ProcessId":866,"CommandLine":"C:\\Windows\\System32\\svchost.exe","ParentImage":"C:\\Windows\\System32\\services.exe","ParentProcessGuid":"{423E178A-E653-2026-DEE4-EACE4BA30A56}","OriginalFileName":"C:\\Windows\\System32\\svchost.exe","SHA256":"e55a800e1254893ff38526e756db7afaf4d26f7db94598dbceaad123edcc2f20"}
{"UtcTime":"2026-08-12 10:20:40.000","Computer":"TN-FIN-WS042","User":"TRANSNORTE\\backup_svc","EventID":13,"Image":"C:\\Program Files\\Google\\Chrome\\Application\\chrome.exe","ProcessGuid":"{B4D00A8B-6893-2026-7846-F979B744EDEE}","ProcessId":5379,"EventType":"SetValue","TargetObject":"HKCU\\Software\\Microsoft\\Office\\16.0\\Outlook\\Resiliency\\2440","Details":"1"}
{"UtcTime":"2026-08-12 10:20:41.000","Computer":"TN-FIN-WS042","User":"TRANSNORTE\\ops.cardoso","EventID":1,"Image":"C:\\Windows\\System32\\conhost.exe","ProcessGuid":"{933893B9-6157-2026-58F0-8277D35B70BC}","ProcessId":3700,"CommandLine":"C:\\Windows\\System32\\conhost.exe","ParentImage":"C:\\Windows\\System32\\services.exe","ParentProcessGuid":"{5981EA35-172E-2026-D0CD-C545886FF208}","OriginalFileName":"C:\\Windows\\System32\\conhost.exe","SHA256":"01f244e06014aed1f9c61cc6a9b0d7b0ec7904a14915c535395a40ba35d13fe5"}
{"UtcTime":"2026-08-12 10:20:42.000","Computer":"TN-FIN-WS042","User":"TRANSNORTE\\backup_svc","EventID":3,"Image":"C:\\Windows\\System32\\RuntimeBroker.exe","ProcessGuid":"{4393EFB1-6219-2026-5B3E-612D70106334}","ProcessId":6999,"DestinationIp":"1.1.1.1","DestinationPort":135,"SourceIp":"10.50.10.42","Protocol":"tcp"}
{"UtcTime":"2026-08-12 10:20:43.000","Computer":"TN-FIN-WS042","User":"TRANSNORTE\\ops.cardoso","EventID":3,"Image":"C:\\Windows\\System32\\svchost.exe","ProcessGuid":"{1A73C535-9816-2026-EC38-80926E4F040B}","ProcessId":8268,"DestinationIp":"10.50.10.88","DestinationPort":53,"SourceIp":"10.50.10.42","Protocol":"tcp"}
{"UtcTime":"2026-08-12 10:20:44.000","Computer":"TN-FIN-WS042","User":"TRANSNORTE\\ops.cardoso","EventID":1,"Image":"C:\\Windows\\explorer.exe","ProcessGuid":"{A6F0B000-5121-2026-2441-16290CE65872}","ProcessId":4204,"CommandLine":"C:\\Windows\\explorer.exe","ParentImage":"C:\\Windows\\System32\\services.exe","ParentProcessGuid":"{D92BFF9B-CF64-2026-21BE-6E14B8DD2EDC}","OriginalFileName":"C:\\Windows\\explorer.exe","SHA256":"969f99ef3a82201b58f20edc428f61084bb52a6eb9e3a3678eff820f7fcf1a20"}
{"UtcTime":"2026-08-12 10:20:45.000","Computer":"TN-FIN-WS042","User":"TRANSNORTE\\backup_svc","EventID":13,"Image":"C:\\Windows\\System32\\RuntimeBroker.exe","ProcessGuid":"{5501F9A7-E3A1-2026-19E2-A3124BD14690}","ProcessId":1219,"EventType":"SetValue","TargetObject":"HKCU\\Software\\Microsoft\\Office\\16.0\\Outlook\\Resiliency\\2445","Details":"1"}
{"UtcTime":"2026-08-12 10:20:46.000","Computer":"TN-FIN-WS042","User":"TRANSNORTE\\ops.cardoso","EventID":11,"Image":"C:\\Windows\\System32\\svchost.exe","ProcessGuid":"{0ED1E20E-F048-2026-6010-42AD1B034FBB}","ProcessId":4337,"TargetFilename":"C:\\Users\\ops.cardoso\\AppData\\Local\\Temp\\office-2446.tmp"}
{"UtcTime":"2026-08-12 10:20:47.000","Computer":"TN-FIN-WS042","User":"TRANSNORTE\\backup_svc","EventID":13,"Image":"C:\\Windows\\System32\\svchost.exe","ProcessGuid":"{E03C6772-9EB1-2026-E482-3DDBBB96B24E}","ProcessId":1840,"EventType":"SetValue","TargetObject":"HKCU\\Software\\Microsoft\\Office\\16.0\\Outlook\\Resiliency\\2447","Details":"1"}
{"UtcTime":"2026-08-12 10:20:48.000","Computer":"TN-FIN-WS042","User":"TRANSNORTE\\backup_svc","EventID":11,"Image":"C:\\Windows\\System32\\svchost.exe","ProcessGuid":"{0E9C4B7D-AF81-2026-919B-AEBD9ACCFB21}","ProcessId":4405,"TargetFilename":"C:\\Users\\ops.cardoso\\AppData\\Local\\Temp\\office-2448.tmp"}
{"UtcTime":"2026-08-12 10:20:49.000","Computer":"TN-FIN-WS042","User":"TRANSNORTE\\ops.cardoso","EventID":13,"Image":"C:\\Windows\\System32\\svchost.exe","ProcessGuid":"{2B329105-276B-2026-4F9A-2BFE023D7677}","ProcessId":7651,"EventType":"SetValue","TargetObject":"HKCU\\Software\\Microsoft\\Office\\16.0\\Outlook\\Resiliency\\2449","Details":"1"}
{"UtcTime":"2026-08-12 10:20:50.000","Computer":"TN-FIN-WS042","User":"TRANSNORTE\\backup_svc","EventID":1,"Image":"C:\\Program Files\\Google\\Chrome\\Application\\chrome.exe","ProcessGuid":"{63F04079-1BE5-2026-08FF-D3EF19A1ED03}","ProcessId":1269,"CommandLine":"C:\\Program Files\\Google\\Chrome\\Application\\chrome.exe","ParentImage":"C:\\Windows\\System32\\services.exe","ParentProcessGuid":"{B4313637-BA64-2026-B151-14F5536B36ED}","OriginalFileName":"C:\\Program Files\\Google\\Chrome\\Application\\chrome.exe","SHA256":"c4da874a81b3d040a057e05f92b7cfe00a66ed6efb6c37cb6a480426a3fb51fd"}
{"UtcTime":"2026-08-12 10:20:51.000","Computer":"TN-FIN-WS042","User":"TRANSNORTE\\ops.cardoso","EventID":1,"Image":"C:\\Windows\\System32\\conhost.exe","ProcessGuid":"{A42B96E2-DA79-2026-AAE0-9B6ACFBF93E0}","ProcessId":1877,"CommandLine":"C:\\Windows\\System32\\conhost.exe","ParentImage":"C:\\Windows\\System32\\services.exe","ParentProcessGuid":"{A53BC6D2-C7BA-2026-39E1-151531BA96D1}","OriginalFileName":"C:\\Windows\\System32\\conhost.exe","SHA256":"29611c970ed24588bd5f7472a66ec752277784e0d764ea9b730dadda2f92b827"}
{"UtcTime":"2026-08-12 10:20:52.000","Computer":"TN-FIN-WS042","User":"TRANSNORTE\\ops.cardoso","EventID":1,"Image":"C:\\Program Files\\Microsoft Office\\Office16\\OUTLOOK.EXE","ProcessGuid":"{535A9620-A4FF-2026-DE58-9C413F01A8D6}","ProcessId":8844,"CommandLine":"C:\\Program Files\\Microsoft Office\\Office16\\OUTLOOK.EXE","ParentImage":"C:\\Windows\\System32\\services.exe","ParentProcessGuid":"{3D2A530C-0D9A-2026-E414-77A95279A16D}","OriginalFileName":"C:\\Program Files\\Microsoft Office\\Office16\\OUTLOOK.EXE","SHA256":"88311189a1d3c3224af55bf859062241edb9999ad61cca8e4940fceab91a4c70"}
{"UtcTime":"2026-08-12 10:20:53.000","Computer":"TN-FIN-WS042","User":"TRANSNORTE\\ops.cardoso","EventID":1,"Image":"C:\\Program Files\\Google\\Chrome\\Application\\chrome.exe","ProcessGuid":"{49153E0E-6785-2026-A093-D2185B833EE3}","ProcessId":1094,"CommandLine":"C:\\Program Files\\Google\\Chrome\\Application\\chrome.exe","ParentImage":"C:\\Windows\\System32\\services.exe","ParentProcessGuid":"{822203EA-C8C5-2026-6D21-504B0B49DFC3}","OriginalFileName":"C:\\Program Files\\Google\\Chrome\\Application\\chrome.exe","SHA256":"da40ec835c4194c2e1f593913019c78c6912858e541cf0604455a16e215a33db"}
{"UtcTime":"2026-08-12 10:20:54.000","Computer":"TN-FIN-WS042","User":"TRANSNORTE\\ops.cardoso","EventID":1,"Image":"C:\\Program Files\\Microsoft Office\\Office16\\OUTLOOK.EXE","ProcessGuid":"{6F5D9419-62F8-2026-4004-C273E5A7DE83}","ProcessId":8281,"CommandLine":"C:\\Program Files\\Microsoft Office\\Office16\\OUTLOOK.EXE","ParentImage":"C:\\Windows\\System32\\services.exe","ParentProcessGuid":"{70BD736F-D0E9-2026-94FC-9DC15FA69644}","OriginalFileName":"C:\\Program Files\\Microsoft Office\\Office16\\OUTLOOK.EXE","SHA256":"2442817b13b0a8d2e0f2c7cf52d29fcfc5061b59deee9a68ceca6a03a38cce5a"}
{"UtcTime":"2026-08-12 10:20:55.000","Computer":"TN-FIN-WS042","User":"TRANSNORTE\\backup_svc","EventID":3,"Image":"C:\\Windows\\System32\\RuntimeBroker.exe","ProcessGuid":"{428B21C9-183B-2026-F662-2AA403F14929}","ProcessId":1967,"DestinationIp":"8.8.8.8","DestinationPort":53,"SourceIp":"10.50.10.42","Protocol":"tcp"}
{"UtcTime":"2026-08-12 10:20:56.000","Computer":"TN-FIN-WS042","User":"TRANSNORTE\\backup_svc","EventID":1,"Image":"C:\\Program Files\\Google\\Chrome\\Application\\chrome.exe","ProcessGuid":"{F5136990-F26B-2026-EFC0-62785D27AD2A}","ProcessId":2433,"CommandLine":"C:\\Program Files\\Google\\Chrome\\Application\\chrome.exe","ParentImage":"C:\\Windows\\System32\\services.exe","ParentProcessGuid":"{0447FA92-0409-2026-D5AF-9B4FFDB7964C}","OriginalFileName":"C:\\Program Files\\Google\\Chrome\\Application\\chrome.exe","SHA256":"252855295de13f51df5fc44452b008841b4bea9041dc2ca0375797b3e19805e1"}
{"UtcTime":"2026-08-12 10:20:57.000","Computer":"TN-FIN-WS042","User":"TRANSNORTE\\backup_svc","EventID":5,"Image":"C:\\Windows\\System32\\conhost.exe","ProcessGuid":"{5B3BEDF4-1D66-2026-E99E-797FEBEC0B63}","ProcessId":1102,"EventType":"End"}
{"UtcTime":"2026-08-12 10:20:58.000","Computer":"TN-FIN-WS042","User":"TRANSNORTE\\backup_svc","EventID":1,"Image":"C:\\Windows\\System32\\RuntimeBroker.exe","ProcessGuid":"{A1AA076D-14C8-2026-3405-5C2D8457B584}","ProcessId":5801,"CommandLine":"C:\\Windows\\System32\\RuntimeBroker.exe","ParentImage":"C:\\Windows\\System32\\services.exe","ParentProcessGuid":"{C0A3ACC7-4406-2026-D1F9-BC49B14F4EB9}","OriginalFileName":"C:\\Windows\\System32\\RuntimeBroker.exe","SHA256":"6cf0209b8d3765e1f73cdf99d85d690937725982f6c147633a46e3a313203fa4"}
{"UtcTime":"2026-08-12 10:20:59.000","Computer":"TN-FIN-WS042","User":"TRANSNORTE\\ops.cardoso","EventID":11,"Image":"C:\\Program Files\\Google\\Chrome\\Application\\chrome.exe","ProcessGuid":"{E504513D-A1B3-2026-CDDF-A42F94109A2E}","ProcessId":2042,"TargetFilename":"C:\\Users\\ops.cardoso\\AppData\\Local\\Temp\\office-2459.tmp"}
{"UtcTime":"2026-08-12 10:21:00.000","Computer":"TN-FIN-WS042","User":"TRANSNORTE\\backup_svc","EventID":1,"Image":"C:\\Windows\\System32\\conhost.exe","ProcessGuid":"{825584F1-E203-2026-20CA-A57503263283}","ProcessId":4339,"CommandLine":"C:\\Windows\\System32\\conhost.exe","ParentImage":"C:\\Windows\\System32\\services.exe","ParentProcessGuid":"{239026B5-3FD3-2026-D0F2-00799C2632DE}","OriginalFileName":"C:\\Windows\\System32\\conhost.exe","SHA256":"4b9609b18c4a3966c086ba06ff6c7c6b884a4ac4bb26476ff3f2847b32be303d"}
{"UtcTime":"2026-08-12 10:21:01.000","Computer":"TN-FIN-WS042","User":"TRANSNORTE\\backup_svc","EventID":1,"Image":"C:\\Windows\\System32\\RuntimeBroker.exe","ProcessGuid":"{CEA663B8-25D2-2026-6A41-EBA5D5ECB074}","ProcessId":2944,"CommandLine":"C:\\Windows\\System32\\RuntimeBroker.exe","ParentImage":"C:\\Windows\\System32\\services.exe","ParentProcessGuid":"{4E703B8E-5927-2026-979A-9E215E71BD1E}","OriginalFileName":"C:\\Windows\\System32\\RuntimeBroker.exe","SHA256":"1fb48785bdbfccfdc4506796243d109b8bf5bb9674c207052b8f5628bfd60c88"}
{"UtcTime":"2026-08-12 10:21:02.000","Computer":"TN-FIN-WS042","User":"TRANSNORTE\\ops.cardoso","EventID":1,"Image":"C:\\Program Files\\Microsoft Office\\Office16\\OUTLOOK.EXE","ProcessGuid":"{B400F70D-39F1-2026-0780-2AB8EFDA4E15}","ProcessId":8147,"CommandLine":"C:\\Program Files\\Microsoft Office\\Office16\\OUTLOOK.EXE","ParentImage":"C:\\Windows\\System32\\services.exe","ParentProcessGuid":"{D4BEDEE1-93FB-2026-486D-D480F0D637FB}","OriginalFileName":"C:\\Program Files\\Microsoft Office\\Office16\\OUTLOOK.EXE","SHA256":"6027e1e44771252e32b880f9471cfb2eb4600871584a2a5c3298bae3d050db48"}
{"UtcTime":"2026-08-12 10:21:03.000","Computer":"TN-FIN-WS042","User":"TRANSNORTE\\backup_svc","EventID":1,"Image":"C:\\Windows\\System32\\svchost.exe","ProcessGuid":"{70EFF4AA-CEF9-2026-8540-8B8481D93492}","ProcessId":2852,"CommandLine":"C:\\Windows\\System32\\svchost.exe","ParentImage":"C:\\Windows\\System32\\services.exe","ParentProcessGuid":"{1B52F9D8-1B2B-2026-7E18-ED34026A09BF}","OriginalFileName":"C:\\Windows\\System32\\svchost.exe","SHA256":"0fa9d9d1de9437c81c72cdbfbeea0db759b05d6651b17767b5d35491cd0dabf4"}
{"UtcTime":"2026-08-12 10:21:04.000","Computer":"TN-FIN-WS042","User":"TRANSNORTE\\ops.cardoso","EventID":1,"Image":"C:\\Windows\\System32\\conhost.exe","ProcessGuid":"{592392AE-8EC2-2026-EF92-12FBB2EB3CEF}","ProcessId":7396,"CommandLine":"C:\\Windows\\System32\\conhost.exe","ParentImage":"C:\\Windows\\System32\\services.exe","ParentProcessGuid":"{B7FCCAA8-E5A2-2026-6234-5B3D098BFA47}","OriginalFileName":"C:\\Windows\\System32\\conhost.exe","SHA256":"2d0d879ded5f172b3a76006976331802bee49218e0f7fb747ddaa5cc664543c7"}
{"UtcTime":"2026-08-12 10:21:05.000","Computer":"TN-FIN-WS042","User":"TRANSNORTE\\ops.cardoso","EventID":13,"Image":"C:\\Program Files\\Microsoft Office\\Office16\\OUTLOOK.EXE","ProcessGuid":"{CE750CC6-19B3-2026-6C8D-526811304179}","ProcessId":1934,"EventType":"SetValue","TargetObject":"HKCU\\Software\\Microsoft\\Office\\16.0\\Outlook\\Resiliency\\2465","Details":"1"}
{"UtcTime":"2026-08-12 10:21:06.000","Computer":"TN-FIN-WS042","User":"TRANSNORTE\\backup_svc","EventID":3,"Image":"C:\\Program Files\\Google\\Chrome\\Application\\chrome.exe","ProcessGuid":"{CD345D4B-1EC0-2026-94A4-3549D0A2C21F}","ProcessId":3575,"DestinationIp":"8.8.8.8","DestinationPort":8080,"SourceIp":"10.50.10.42","Protocol":"tcp"}
{"UtcTime":"2026-08-12 10:21:07.000","Computer":"TN-FIN-WS042","User":"TRANSNORTE\\ops.cardoso","EventID":3,"Image":"C:\\Windows\\System32\\conhost.exe","ProcessGuid":"{411D86CE-3099-2026-BB46-E1DC20024529}","ProcessId":1505,"DestinationIp":"10.50.10.88","DestinationPort":53,"SourceIp":"10.50.10.42","Protocol":"tcp"}
{"UtcTime":"2026-08-12 10:21:08.000","Computer":"TN-FIN-WS042","User":"TRANSNORTE\\ops.cardoso","EventID":1,"Image":"C:\\Program Files\\Microsoft Office\\Office16\\OUTLOOK.EXE","ProcessGuid":"{41E067BE-CE48-2026-7442-04D9E94A154E}","ProcessId":8782,"CommandLine":"C:\\Program Files\\Microsoft Office\\Office16\\OUTLOOK.EXE","ParentImage":"C:\\Windows\\System32\\services.exe","ParentProcessGuid":"{083ED5D1-A453-2026-6EFC-0AA3A4DC0BB6}","OriginalFileName":"C:\\Program Files\\Microsoft Office\\Office16\\OUTLOOK.EXE","SHA256":"23cb41ccc248d6125617400e82108415bf94f6562490f45fe920ba25a758b9b5"}
{"UtcTime":"2026-08-12 10:21:09.000","Computer":"TN-FIN-WS042","User":"TRANSNORTE\\ops.cardoso","EventID":11,"Image":"C:\\Program Files\\Google\\Chrome\\Application\\chrome.exe","ProcessGuid":"{9A9DB7B8-5743-2026-702F-560AF7042306}","ProcessId":7804,"TargetFilename":"C:\\Users\\ops.cardoso\\AppData\\Local\\Temp\\office-2469.tmp"}
{"UtcTime":"2026-08-12 10:21:10.000","Computer":"TN-FIN-WS042","User":"TRANSNORTE\\backup_svc","EventID":13,"Image":"C:\\Program Files\\Google\\Chrome\\Application\\chrome.exe","ProcessGuid":"{898C1144-0AE9-2026-62E1-55DCB55D0E7B}","ProcessId":4041,"EventType":"SetValue","TargetObject":"HKCU\\Software\\Microsoft\\Office\\16.0\\Outlook\\Resiliency\\2470","Details":"1"}
{"UtcTime":"2026-08-12 10:21:11.000","Computer":"TN-FIN-WS042","User":"TRANSNORTE\\ops.cardoso","EventID":1,"Image":"C:\\Windows\\System32\\conhost.exe","ProcessGuid":"{7D6FDDBD-0128-2026-100A-F6F50408095D}","ProcessId":1500,"CommandLine":"C:\\Windows\\System32\\conhost.exe","ParentImage":"C:\\Windows\\System32\\services.exe","ParentProcessGuid":"{5729C175-759A-2026-084A-2C0C389B4B49}","OriginalFileName":"C:\\Windows\\System32\\conhost.exe","SHA256":"e6f3cb8eb6047ff19944af5f7998999ecf1191793fccbba625fec57c46a7291f"}
{"UtcTime":"2026-08-12 10:21:12.000","Computer":"TN-FIN-WS042","User":"TRANSNORTE\\ops.cardoso","EventID":1,"Image":"C:\\Program Files\\Microsoft Office\\Office16\\OUTLOOK.EXE","ProcessGuid":"{82C2276D-2DAE-2026-D90C-A264C5021AB9}","ProcessId":2851,"CommandLine":"C:\\Program Files\\Microsoft Office\\Office16\\OUTLOOK.EXE","ParentImage":"C:\\Windows\\System32\\services.exe","ParentProcessGuid":"{DFDED574-5F3C-2026-C44A-8753468B0773}","OriginalFileName":"C:\\Program Files\\Microsoft Office\\Office16\\OUTLOOK.EXE","SHA256":"36765bfd3df4e5b405a82f3f611781e1441934c4ebf11e6065064a1729c61d9d"}
{"UtcTime":"2026-08-12 10:21:13.000","Computer":"TN-FIN-WS042","User":"TRANSNORTE\\backup_svc","EventID":5,"Image":"C:\\Windows\\System32\\svchost.exe","ProcessGuid":"{4D8E6003-97EE-2026-8C0E-7DEAC2D538F9}","ProcessId":8698,"EventType":"End"}
{"UtcTime":"2026-08-12 10:21:14.000","Computer":"TN-FIN-WS042","User":"TRANSNORTE\\ops.cardoso","EventID":11,"Image":"C:\\Windows\\System32\\RuntimeBroker.exe","ProcessGuid":"{F6E44439-090A-2026-F5A3-0179CBE58C30}","ProcessId":6003,"TargetFilename":"C:\\Users\\ops.cardoso\\AppData\\Local\\Temp\\office-2474.tmp"}
{"UtcTime":"2026-08-12 10:21:15.000","Computer":"TN-FIN-WS042","User":"TRANSNORTE\\ops.cardoso","EventID":5,"Image":"C:\\Windows\\System32\\svchost.exe","ProcessGuid":"{4057E0E2-F546-2026-A314-FA045E2A27B0}","ProcessId":8534,"EventType":"End"}
{"UtcTime":"2026-08-12 10:21:16.000","Computer":"TN-FIN-WS042","User":"TRANSNORTE\\ops.cardoso","EventID":3,"Image":"C:\\Program Files\\Google\\Chrome\\Application\\chrome.exe","ProcessGuid":"{A6704487-25EE-2026-2ED7-3D3D48880665}","ProcessId":3825,"DestinationIp":"1.1.1.1","DestinationPort":8080,"SourceIp":"10.50.10.42","Protocol":"tcp"}
{"UtcTime":"2026-08-12 10:21:17.000","Computer":"TN-FIN-WS042","User":"TRANSNORTE\\ops.cardoso","EventID":13,"Image":"C:\\Windows\\System32\\svchost.exe","ProcessGuid":"{40E26031-6AFF-2026-3F32-95A7655D6345}","ProcessId":7135,"EventType":"SetValue","TargetObject":"HKCU\\Software\\Microsoft\\Office\\16.0\\Outlook\\Resiliency\\2477","Details":"1"}
{"UtcTime":"2026-08-12 10:21:18.000","Computer":"TN-FIN-WS042","User":"TRANSNORTE\\ops.cardoso","EventID":1,"Image":"C:\\Program Files\\Google\\Chrome\\Application\\chrome.exe","ProcessGuid":"{0CFA1763-AF62-2026-447B-4BB576831568}","ProcessId":3490,"CommandLine":"C:\\Program Files\\Google\\Chrome\\Application\\chrome.exe","ParentImage":"C:\\Windows\\System32\\services.exe","ParentProcessGuid":"{49E87B9C-C9CD-2026-51F7-15648FCE81CD}","OriginalFileName":"C:\\Program Files\\Google\\Chrome\\Application\\chrome.exe","SHA256":"b90e5614c49586511a1ca3c59a0c9454733f57ae7f6176097c11e66879201e5c"}
{"UtcTime":"2026-08-12 10:21:19.000","Computer":"TN-FIN-WS042","User":"TRANSNORTE\\ops.cardoso","EventID":3,"Image":"C:\\Windows\\System32\\svchost.exe","ProcessGuid":"{B36D6E3C-A011-2026-798D-CA18B1A9669B}","ProcessId":1784,"DestinationIp":"8.8.8.8","DestinationPort":8080,"SourceIp":"10.50.10.42","Protocol":"tcp"}
{"UtcTime":"2026-08-12 10:21:20.000","Computer":"TN-FIN-WS042","User":"TRANSNORTE\\backup_svc","EventID":13,"Image":"C:\\Program Files\\Google\\Chrome\\Application\\chrome.exe","ProcessGuid":"{B3EFCAA8-D0BA-2026-750D-518C28BFB781}","ProcessId":6869,"EventType":"SetValue","TargetObject":"HKCU\\Software\\Microsoft\\Office\\16.0\\Outlook\\Resiliency\\2480","Details":"1"}
{"UtcTime":"2026-08-12 10:21:21.000","Computer":"TN-FIN-WS042","User":"TRANSNORTE\\backup_svc","EventID":1,"Image":"C:\\Windows\\System32\\conhost.exe","ProcessGuid":"{51DA9311-3ED1-2026-50A8-7D975CF93507}","ProcessId":1299,"CommandLine":"C:\\Windows\\System32\\conhost.exe","ParentImage":"C:\\Windows\\System32\\services.exe","ParentProcessGuid":"{8A684108-D3B7-2026-324D-5B01E4162D77}","OriginalFileName":"C:\\Windows\\System32\\conhost.exe","SHA256":"00b467f331d75dd9fb607c87baae1ede7a25d8824e21d0ea606b22e0fd067e1e"}
{"UtcTime":"2026-08-12 10:21:22.000","Computer":"TN-FIN-WS042","User":"TRANSNORTE\\ops.cardoso","EventID":1,"Image":"C:\\Windows\\System32\\svchost.exe","ProcessGuid":"{085D19AA-C8F4-2026-22DE-BF8A115AA3E2}","ProcessId":3465,"CommandLine":"C:\\Windows\\System32\\svchost.exe","ParentImage":"C:\\Windows\\System32\\services.exe","ParentProcessGuid":"{3E19F415-1273-2026-5F2F-62F8A103B686}","OriginalFileName":"C:\\Windows\\System32\\svchost.exe","SHA256":"7d2eab493cb765d461dcdd4a37573c6a1e0ed2a163dbe11fa94522258efc65b2"}
{"UtcTime":"2026-08-12 10:21:23.000","Computer":"TN-FIN-WS042","User":"TRANSNORTE\\ops.cardoso","EventID":13,"Image":"C:\\Windows\\System32\\RuntimeBroker.exe","ProcessGuid":"{71DADCDD-E5CC-2026-7EB5-C5695DB240A6}","ProcessId":3213,"EventType":"SetValue","TargetObject":"HKCU\\Software\\Microsoft\\Office\\16.0\\Outlook\\Resiliency\\2483","Details":"1"}
{"UtcTime":"2026-08-12 10:21:24.000","Computer":"TN-FIN-WS042","User":"TRANSNORTE\\backup_svc","EventID":11,"Image":"C:\\Program Files\\Google\\Chrome\\Application\\chrome.exe","ProcessGuid":"{21FA4CC4-7C8A-2026-FEFF-EBC69621452A}","ProcessId":1424,"TargetFilename":"C:\\Users\\ops.cardoso\\AppData\\Local\\Temp\\office-2484.tmp"}
{"UtcTime":"2026-08-12 10:21:25.000","Computer":"TN-FIN-WS042","User":"TRANSNORTE\\backup_svc","EventID":3,"Image":"C:\\Windows\\System32\\RuntimeBroker.exe","ProcessGuid":"{0FFFF19A-70C9-2026-6B8B-7E1D3E9B6106}","ProcessId":6554,"DestinationIp":"1.1.1.1","DestinationPort":53,"SourceIp":"10.50.10.42","Protocol":"tcp"}
{"UtcTime":"2026-08-12 10:21:26.000","Computer":"TN-FIN-WS042","User":"TRANSNORTE\\ops.cardoso","EventID":1,"Image":"C:\\Windows\\explorer.exe","ProcessGuid":"{F4E8A2FE-A12D-2026-B3B7-1EF4774A2AF7}","ProcessId":2370,"CommandLine":"C:\\Windows\\explorer.exe","ParentImage":"C:\\Windows\\System32\\services.exe","ParentProcessGuid":"{967BBF53-EB22-2026-27D4-A4DD5AAC0625}","OriginalFileName":"C:\\Windows\\explorer.exe","SHA256":"e76737162aadcade39d9c4d89691f83d5c785cb9b460458c3a9e3023dd661796"}
{"UtcTime":"2026-08-12 10:21:27.000","Computer":"TN-FIN-WS042","User":"TRANSNORTE\\backup_svc","EventID":13,"Image":"C:\\Windows\\System32\\RuntimeBroker.exe","ProcessGuid":"{C3EDF7BE-ADD0-2026-47B2-BDB4A3F36BDE}","ProcessId":3404,"EventType":"SetValue","TargetObject":"HKCU\\Software\\Microsoft\\Office\\16.0\\Outlook\\Resiliency\\2487","Details":"1"}
{"UtcTime":"2026-08-12 10:21:28.000","Computer":"TN-FIN-WS042","User":"TRANSNORTE\\ops.cardoso","EventID":3,"Image":"C:\\Windows\\System32\\svchost.exe","ProcessGuid":"{2FD18F69-5299-2026-0C36-3F8A498BA751}","ProcessId":2055,"DestinationIp":"1.1.1.1","DestinationPort":135,"SourceIp":"10.50.10.42","Protocol":"tcp"}
{"UtcTime":"2026-08-12 10:21:29.000","Computer":"TN-FIN-WS042","User":"TRANSNORTE\\ops.cardoso","EventID":13,"Image":"C:\\Program Files\\Google\\Chrome\\Application\\chrome.exe","ProcessGuid":"{D2BAC0B5-C9F6-2026-86B8-EA83EC9477A3}","ProcessId":4060,"EventType":"SetValue","TargetObject":"HKCU\\Software\\Microsoft\\Office\\16.0\\Outlook\\Resiliency\\2489","Details":"1"}
{"UtcTime":"2026-08-12 10:21:30.000","Computer":"TN-FIN-WS042","User":"TRANSNORTE\\backup_svc","EventID":3,"Image":"C:\\Windows\\System32\\conhost.exe","ProcessGuid":"{01BEFF5A-8E49-2026-9CE7-1EBC2CC27F37}","ProcessId":8516,"DestinationIp":"10.50.10.88","DestinationPort":8080,"SourceIp":"10.50.10.42","Protocol":"tcp"}
{"UtcTime":"2026-08-12 10:21:31.000","Computer":"TN-FIN-WS042","User":"TRANSNORTE\\backup_svc","EventID":3,"Image":"C:\\Windows\\System32\\svchost.exe","ProcessGuid":"{4BE8EB45-A817-2026-8CC6-4271B9CF67FA}","ProcessId":7581,"DestinationIp":"10.50.10.10","DestinationPort":135,"SourceIp":"10.50.10.42","Protocol":"tcp"}
{"UtcTime":"2026-08-12 10:21:32.000","Computer":"TN-FIN-WS042","User":"TRANSNORTE\\backup_svc","EventID":3,"Image":"C:\\Windows\\System32\\RuntimeBroker.exe","ProcessGuid":"{0E93290D-14F1-2026-8F21-72220266FA8C}","ProcessId":1498,"DestinationIp":"8.8.8.8","DestinationPort":8080,"SourceIp":"10.50.10.42","Protocol":"tcp"}
{"UtcTime":"2026-08-12 10:21:33.000","Computer":"TN-FIN-WS042","User":"TRANSNORTE\\ops.cardoso","EventID":1,"Image":"C:\\Windows\\System32\\svchost.exe","ProcessGuid":"{490D4841-1EBA-2026-B13F-000319BFECB1}","ProcessId":6151,"CommandLine":"C:\\Windows\\System32\\svchost.exe","ParentImage":"C:\\Windows\\System32\\services.exe","ParentProcessGuid":"{70DD55E1-4A00-2026-A40A-216BA6CB6D2E}","OriginalFileName":"C:\\Windows\\System32\\svchost.exe","SHA256":"90f01044ff1d594314197d227cce257e96ccb9579b36f3dc909216bec79f41b4"}
{"UtcTime":"2026-08-12 10:21:34.000","Computer":"TN-FIN-WS042","User":"TRANSNORTE\\backup_svc","EventID":13,"Image":"C:\\Program Files\\Google\\Chrome\\Application\\chrome.exe","ProcessGuid":"{BD724D92-56C2-2026-EDDF-151A9F44A155}","ProcessId":5456,"EventType":"SetValue","TargetObject":"HKCU\\Software\\Microsoft\\Office\\16.0\\Outlook\\Resiliency\\2494","Details":"1"}
{"UtcTime":"2026-08-12 10:21:35.000","Computer":"TN-FIN-WS042","User":"TRANSNORTE\\backup_svc","EventID":11,"Image":"C:\\Windows\\System32\\RuntimeBroker.exe","ProcessGuid":"{9038FA84-9688-2026-E576-00638E2F0FF8}","ProcessId":1888,"TargetFilename":"C:\\Users\\ops.cardoso\\AppData\\Local\\Temp\\office-2495.tmp"}
{"UtcTime":"2026-08-12 10:21:36.000","Computer":"TN-FIN-WS042","User":"TRANSNORTE\\backup_svc","EventID":11,"Image":"C:\\Program Files\\Microsoft Office\\Office16\\OUTLOOK.EXE","ProcessGuid":"{17F9FB1E-68FD-2026-EC79-75B33CBA6FBB}","ProcessId":5561,"TargetFilename":"C:\\Users\\ops.cardoso\\AppData\\Local\\Temp\\office-2496.tmp"}
{"UtcTime":"2026-08-12 10:21:37.000","Computer":"TN-FIN-WS042","User":"TRANSNORTE\\ops.cardoso","EventID":11,"Image":"C:\\Windows\\System32\\svchost.exe","ProcessGuid":"{DA3669F2-C64C-2026-977D-59EC41C25974}","ProcessId":4784,"TargetFilename":"C:\\Users\\ops.cardoso\\AppData\\Local\\Temp\\office-2497.tmp"}
{"UtcTime":"2026-08-12 10:21:38.000","Computer":"TN-FIN-WS042","User":"TRANSNORTE\\backup_svc","EventID":1,"Image":"C:\\Program Files\\Google\\Chrome\\Application\\chrome.exe","ProcessGuid":"{26B50642-C00F-2026-54F5-028321C136F2}","ProcessId":3957,"CommandLine":"C:\\Program Files\\Google\\Chrome\\Application\\chrome.exe","ParentImage":"C:\\Windows\\System32\\services.exe","ParentProcessGuid":"{F2B0FCD0-A0EF-2026-1AD7-D5E7CA178E00}","OriginalFileName":"C:\\Program Files\\Google\\Chrome\\Application\\chrome.exe","SHA256":"b4e15cca2486a5f0c92ed511fe0ed938091123f32830ba8e98de0e116cc9b14d"}
{"UtcTime":"2026-08-12 10:21:39.000","Computer":"TN-FIN-WS042","User":"TRANSNORTE\\backup_svc","EventID":1,"Image":"C:\\Windows\\System32\\RuntimeBroker.exe","ProcessGuid":"{2562BAB7-3139-2026-830C-F3C7EB33BB62}","ProcessId":4878,"CommandLine":"C:\\Windows\\System32\\RuntimeBroker.exe","ParentImage":"C:\\Windows\\System32\\services.exe","ParentProcessGuid":"{599E093E-5352-2026-7738-B5F37617A224}","OriginalFileName":"C:\\Windows\\System32\\RuntimeBroker.exe","SHA256":"e5ea4f7d1eadff1a30487ec86b7fdca37aac9d1f1d3ef195ba955a935265b926"}
{"UtcTime":"2026-08-12 10:21:40.000","Computer":"TN-FIN-WS042","User":"TRANSNORTE\\backup_svc","EventID":1,"Image":"C:\\Windows\\System32\\conhost.exe","ProcessGuid":"{42AAEB6B-36D2-2026-77F4-9D09AE7C3D23}","ProcessId":1174,"CommandLine":"C:\\Windows\\System32\\conhost.exe","ParentImage":"C:\\Windows\\System32\\services.exe","ParentProcessGuid":"{318E79F2-D2A8-2026-2064-779E0353DF31}","OriginalFileName":"C:\\Windows\\System32\\conhost.exe","SHA256":"264802fbfab309c48cce675e22e6187172aec121dbe0d5f2df8c51848e1cf7fc"}
{"UtcTime":"2026-08-12 10:21:41.000","Computer":"TN-FIN-WS042","User":"TRANSNORTE\\ops.cardoso","EventID":5,"Image":"C:\\Windows\\System32\\svchost.exe","ProcessGuid":"{31D4E517-97F0-2026-E978-C1D2F59B4DB4}","ProcessId":6879,"EventType":"End"}
{"UtcTime":"2026-08-12 10:21:42.000","Computer":"TN-FIN-WS042","User":"TRANSNORTE\\ops.cardoso","EventID":1,"Image":"C:\\Program Files\\Google\\Chrome\\Application\\chrome.exe","ProcessGuid":"{1ABFC30C-E8D8-2026-0C30-77604D4171F5}","ProcessId":5719,"CommandLine":"C:\\Program Files\\Google\\Chrome\\Application\\chrome.exe","ParentImage":"C:\\Windows\\System32\\services.exe","ParentProcessGuid":"{39A2400A-EBED-2026-70DB-BF345A14584D}","OriginalFileName":"C:\\Program Files\\Google\\Chrome\\Application\\chrome.exe","SHA256":"8c5c0052aa9dbd936385812a88d97f8bbbad13ac075f549f6c36f48685b54112"}
{"UtcTime":"2026-08-12 10:21:43.000","Computer":"TN-FIN-WS042","User":"TRANSNORTE\\backup_svc","EventID":5,"Image":"C:\\Windows\\System32\\conhost.exe","ProcessGuid":"{202FA163-DCA3-2026-D1B4-79F406F8E537}","ProcessId":7550,"EventType":"End"}
{"UtcTime":"2026-08-12 10:21:44.000","Computer":"TN-FIN-WS042","User":"TRANSNORTE\\backup_svc","EventID":3,"Image":"C:\\Windows\\System32\\svchost.exe","ProcessGuid":"{FD6AEEFC-0F10-2026-75A2-747361B10397}","ProcessId":4222,"DestinationIp":"10.50.10.10","DestinationPort":135,"SourceIp":"10.50.10.42","Protocol":"tcp"}
{"UtcTime":"2026-08-12 10:21:45.000","Computer":"TN-FIN-WS042","User":"TRANSNORTE\\ops.cardoso","EventID":1,"Image":"C:\\Windows\\System32\\conhost.exe","ProcessGuid":"{04DD1711-D04A-2026-1C9A-491D6DDD0762}","ProcessId":8203,"CommandLine":"C:\\Windows\\System32\\conhost.exe","ParentImage":"C:\\Windows\\System32\\services.exe","ParentProcessGuid":"{63B1DEE9-329A-2026-401E-69EF793BA797}","OriginalFileName":"C:\\Windows\\System32\\conhost.exe","SHA256":"ab79c03bc58b967d2c68988b5c4008f7def3dfdbbecffa8f82911e432c2062c0"}
{"UtcTime":"2026-08-12 10:21:46.000","Computer":"TN-FIN-WS042","User":"TRANSNORTE\\backup_svc","EventID":1,"Image":"C:\\Windows\\System32\\svchost.exe","ProcessGuid":"{B3B65100-57C9-2026-09AF-18C6D52E2BC2}","ProcessId":1311,"CommandLine":"C:\\Windows\\System32\\svchost.exe","ParentImage":"C:\\Windows\\System32\\services.exe","ParentProcessGuid":"{EDB06733-FC79-2026-8320-F852BFEBCA3C}","OriginalFileName":"C:\\Windows\\System32\\svchost.exe","SHA256":"18f0e8c88a6f7c34df84b72169f89cca50a76c34370e0591f40d73b07b024f52"}
{"UtcTime":"2026-08-12 10:21:47.000","Computer":"TN-FIN-WS042","User":"TRANSNORTE\\backup_svc","EventID":13,"Image":"C:\\Windows\\explorer.exe","ProcessGuid":"{F5A0399F-49E1-2026-73F5-802689A29089}","ProcessId":4164,"EventType":"SetValue","TargetObject":"HKCU\\Software\\Microsoft\\Office\\16.0\\Outlook\\Resiliency\\2507","Details":"1"}
{"UtcTime":"2026-08-12 10:21:48.000","Computer":"TN-FIN-WS042","User":"TRANSNORTE\\backup_svc","EventID":13,"Image":"C:\\Windows\\explorer.exe","ProcessGuid":"{F54905C7-1E37-2026-33D4-E55943348DC2}","ProcessId":673,"EventType":"SetValue","TargetObject":"HKCU\\Software\\Microsoft\\Office\\16.0\\Outlook\\Resiliency\\2508","Details":"1"}
{"UtcTime":"2026-08-12 10:21:49.000","Computer":"TN-FIN-WS042","User":"TRANSNORTE\\backup_svc","EventID":5,"Image":"C:\\Windows\\System32\\svchost.exe","ProcessGuid":"{B4815509-E389-2026-3F2E-0BF52885626C}","ProcessId":1437,"EventType":"End"}
{"UtcTime":"2026-08-12 10:21:50.000","Computer":"TN-FIN-WS042","User":"TRANSNORTE\\backup_svc","EventID":13,"Image":"C:\\Program Files\\Google\\Chrome\\Application\\chrome.exe","ProcessGuid":"{9ED085DF-A58A-2026-5055-F6C8ACC4C819}","ProcessId":6331,"EventType":"SetValue","TargetObject":"HKCU\\Software\\Microsoft\\Office\\16.0\\Outlook\\Resiliency\\2510","Details":"1"}
{"UtcTime":"2026-08-12 10:21:51.000","Computer":"TN-FIN-WS042","User":"TRANSNORTE\\backup_svc","EventID":3,"Image":"C:\\Program Files\\Microsoft Office\\Office16\\OUTLOOK.EXE","ProcessGuid":"{0AF1E36D-9122-2026-A5DF-31403373839C}","ProcessId":8097,"DestinationIp":"1.1.1.1","DestinationPort":8080,"SourceIp":"10.50.10.42","Protocol":"tcp"}
{"UtcTime":"2026-08-12 10:21:52.000","Computer":"TN-FIN-WS042","User":"TRANSNORTE\\ops.cardoso","EventID":1,"Image":"C:\\Windows\\System32\\conhost.exe","ProcessGuid":"{AADF4D58-630A-2026-AA8C-9C0ED0796718}","ProcessId":3196,"CommandLine":"C:\\Windows\\System32\\conhost.exe","ParentImage":"C:\\Windows\\System32\\services.exe","ParentProcessGuid":"{EEB45893-6A4A-2026-634F-757D0C7A0CEF}","OriginalFileName":"C:\\Windows\\System32\\conhost.exe","SHA256":"9342828d7b437006fab85b948b555abefeca6aba37b925475663457910ee5602"}
{"UtcTime":"2026-08-12 10:21:53.000","Computer":"TN-FIN-WS042","User":"TRANSNORTE\\ops.cardoso","EventID":1,"Image":"C:\\Program Files\\Google\\Chrome\\Application\\chrome.exe","ProcessGuid":"{6E435CFE-6EEF-2026-8465-CA3F9705E168}","ProcessId":3662,"CommandLine":"C:\\Program Files\\Google\\Chrome\\Application\\chrome.exe","ParentImage":"C:\\Windows\\System32\\services.exe","ParentProcessGuid":"{2388A535-1C5C-2026-1DAB-9CC02B5AC699}","OriginalFileName":"C:\\Program Files\\Google\\Chrome\\Application\\chrome.exe","SHA256":"9aa88ad1a5539d3140bc86291a89fda967a7d66f070c3aaa98863705053dce13"}
{"UtcTime":"2026-08-12 10:21:54.000","Computer":"TN-FIN-WS042","User":"TRANSNORTE\\ops.cardoso","EventID":5,"Image":"C:\\Windows\\System32\\conhost.exe","ProcessGuid":"{38C0EDFA-838C-2026-0945-E4120A362AE8}","ProcessId":2601,"EventType":"End"}
{"UtcTime":"2026-08-12 10:21:55.000","Computer":"TN-FIN-WS042","User":"TRANSNORTE\\backup_svc","EventID":13,"Image":"C:\\Program Files\\Google\\Chrome\\Application\\chrome.exe","ProcessGuid":"{F71B6318-6907-2026-3325-B9D32F16B392}","ProcessId":1371,"EventType":"SetValue","TargetObject":"HKCU\\Software\\Microsoft\\Office\\16.0\\Outlook\\Resiliency\\2515","Details":"1"}
{"UtcTime":"2026-08-12 10:21:56.000","Computer":"TN-FIN-WS042","User":"TRANSNORTE\\backup_svc","EventID":11,"Image":"C:\\Windows\\explorer.exe","ProcessGuid":"{CBC919E5-FD88-2026-955C-5B0858156585}","ProcessId":7143,"TargetFilename":"C:\\Users\\ops.cardoso\\AppData\\Local\\Temp\\office-2516.tmp"}
{"UtcTime":"2026-08-12 10:21:57.000","Computer":"TN-FIN-WS042","User":"TRANSNORTE\\backup_svc","EventID":11,"Image":"C:\\Windows\\System32\\svchost.exe","ProcessGuid":"{62F3C4E1-3250-2026-5DFB-853895C07376}","ProcessId":3194,"TargetFilename":"C:\\Users\\ops.cardoso\\AppData\\Local\\Temp\\office-2517.tmp"}
{"UtcTime":"2026-08-12 10:21:58.000","Computer":"TN-FIN-WS042","User":"TRANSNORTE\\backup_svc","EventID":5,"Image":"C:\\Windows\\System32\\RuntimeBroker.exe","ProcessGuid":"{6AAE3C27-D230-2026-4EF7-7E771A2BE8C8}","ProcessId":6527,"EventType":"End"}
{"UtcTime":"2026-08-12 10:21:59.000","Computer":"TN-FIN-WS042","User":"TRANSNORTE\\ops.cardoso","EventID":13,"Image":"C:\\Program Files\\Google\\Chrome\\Application\\chrome.exe","ProcessGuid":"{7FD1F05D-3E7A-2026-CCE6-3D5E58A56D87}","ProcessId":2221,"EventType":"SetValue","TargetObject":"HKCU\\Software\\Microsoft\\Office\\16.0\\Outlook\\Resiliency\\2519","Details":"1"}
{"UtcTime":"2026-08-12 10:22:00.000","Computer":"TN-FIN-WS042","User":"TRANSNORTE\\ops.cardoso","EventID":13,"Image":"C:\\Windows\\System32\\svchost.exe","ProcessGuid":"{6C06C6A9-425E-2026-5AC4-AE786ED0B11D}","ProcessId":1203,"EventType":"SetValue","TargetObject":"HKCU\\Software\\Microsoft\\Office\\16.0\\Outlook\\Resiliency\\2520","Details":"1"}
{"UtcTime":"2026-08-12 10:22:01.000","Computer":"TN-FIN-WS042","User":"TRANSNORTE\\backup_svc","EventID":1,"Image":"C:\\Program Files\\Microsoft Office\\Office16\\OUTLOOK.EXE","ProcessGuid":"{5A9B04A5-C90C-2026-A7DB-987549F4FE24}","ProcessId":7892,"CommandLine":"C:\\Program Files\\Microsoft Office\\Office16\\OUTLOOK.EXE","ParentImage":"C:\\Windows\\System32\\services.exe","ParentProcessGuid":"{1CAB26A8-7717-2026-85BD-B6C03AC2C0CF}","OriginalFileName":"C:\\Program Files\\Microsoft Office\\Office16\\OUTLOOK.EXE","SHA256":"067ef47143fd7ec3a50d350f32a58c9849a5af59f39c9c1f2f76eb3375410645"}
{"UtcTime":"2026-08-12 10:22:02.000","Computer":"TN-FIN-WS042","User":"TRANSNORTE\\backup_svc","EventID":1,"Image":"C:\\Windows\\System32\\RuntimeBroker.exe","ProcessGuid":"{6E392F87-F215-2026-7C03-DF807DE72591}","ProcessId":7177,"CommandLine":"C:\\Windows\\System32\\RuntimeBroker.exe","ParentImage":"C:\\Windows\\System32\\services.exe","ParentProcessGuid":"{06389B16-44E7-2026-BBF6-F1A86C4B8B92}","OriginalFileName":"C:\\Windows\\System32\\RuntimeBroker.exe","SHA256":"df88324683d5457c710fa1483da9b053e518daf87d5ce9233edace2e34c92481"}
{"UtcTime":"2026-08-12 10:22:03.000","Computer":"TN-FIN-WS042","User":"TRANSNORTE\\ops.cardoso","EventID":1,"Image":"C:\\Program Files\\Microsoft Office\\Office16\\OUTLOOK.EXE","ProcessGuid":"{C464448D-56D4-2026-F71D-4BAC4F9D3F47}","ProcessId":6657,"CommandLine":"C:\\Program Files\\Microsoft Office\\Office16\\OUTLOOK.EXE","ParentImage":"C:\\Windows\\System32\\services.exe","ParentProcessGuid":"{BBB37D2E-A758-2026-0270-65C617F77574}","OriginalFileName":"C:\\Program Files\\Microsoft Office\\Office16\\OUTLOOK.EXE","SHA256":"86e8d73e0d13b53e078ed93d3a850707d5c5a2a6db6ac65183ba76966e4360a6"}
{"UtcTime":"2026-08-12 10:22:04.000","Computer":"TN-FIN-WS042","User":"TRANSNORTE\\ops.cardoso","EventID":3,"Image":"C:\\Windows\\System32\\RuntimeBroker.exe","ProcessGuid":"{D750F930-9565-2026-A3CF-6112B8A424FA}","ProcessId":7778,"DestinationIp":"10.50.10.88","DestinationPort":53,"SourceIp":"10.50.10.42","Protocol":"tcp"}
{"UtcTime":"2026-08-12 10:22:05.000","Computer":"TN-FIN-WS042","User":"TRANSNORTE\\backup_svc","EventID":13,"Image":"C:\\Windows\\explorer.exe","ProcessGuid":"{984BA4AB-214C-2026-4A97-7168CE5D0852}","ProcessId":5883,"EventType":"SetValue","TargetObject":"HKCU\\Software\\Microsoft\\Office\\16.0\\Outlook\\Resiliency\\2525","Details":"1"}
{"UtcTime":"2026-08-12 10:22:06.000","Computer":"TN-FIN-WS042","User":"TRANSNORTE\\ops.cardoso","EventID":11,"Image":"C:\\Windows\\System32\\RuntimeBroker.exe","ProcessGuid":"{E01CA85D-DA50-2026-251F-9044BE03CFC2}","ProcessId":5209,"TargetFilename":"C:\\Users\\ops.cardoso\\AppData\\Local\\Temp\\office-2526.tmp"}
{"UtcTime":"2026-08-12 10:22:07.000","Computer":"TN-FIN-WS042","User":"TRANSNORTE\\backup_svc","EventID":1,"Image":"C:\\Windows\\System32\\RuntimeBroker.exe","ProcessGuid":"{DC88AB7E-089F-2026-7379-3F8358DF96D9}","ProcessId":575,"CommandLine":"C:\\Windows\\System32\\RuntimeBroker.exe","ParentImage":"C:\\Windows\\System32\\services.exe","ParentProcessGuid":"{847EDD81-4733-2026-6FA4-1BC1E069E91C}","OriginalFileName":"C:\\Windows\\System32\\RuntimeBroker.exe","SHA256":"f82a2f24eb7897249d14961b7977be4c4974508eaf0a71ee026606521c59c1b4"}
{"UtcTime":"2026-08-12 10:22:08.000","Computer":"TN-FIN-WS042","User":"TRANSNORTE\\ops.cardoso","EventID":1,"Image":"C:\\Windows\\System32\\svchost.exe","ProcessGuid":"{5B4BB24E-8AAE-2026-D639-A7C2CBD674F9}","ProcessId":7236,"CommandLine":"C:\\Windows\\System32\\svchost.exe","ParentImage":"C:\\Windows\\System32\\services.exe","ParentProcessGuid":"{D0C369D5-9534-2026-6E95-4E905C7D0813}","OriginalFileName":"C:\\Windows\\System32\\svchost.exe","SHA256":"f1e64b10e766c168a50f0e066a5de5a89e4532627a50945e282f1923b5b792a9"}
{"UtcTime":"2026-08-12 10:22:09.000","Computer":"TN-FIN-WS042","User":"TRANSNORTE\\ops.cardoso","EventID":1,"Image":"C:\\Program Files\\Google\\Chrome\\Application\\chrome.exe","ProcessGuid":"{1C8F2AC3-D9D0-2026-4AC6-D93D6E16E3C7}","ProcessId":8426,"CommandLine":"C:\\Program Files\\Google\\Chrome\\Application\\chrome.exe","ParentImage":"C:\\Windows\\System32\\services.exe","ParentProcessGuid":"{325ACC23-9E22-2026-F163-390BCD6D3313}","OriginalFileName":"C:\\Program Files\\Google\\Chrome\\Application\\chrome.exe","SHA256":"39877e9ca9adce7d5a9e2d32dc06fb56dfba11249f1cb5e6875ccf2beade4bff"}
{"UtcTime":"2026-08-12 10:22:10.000","Computer":"TN-FIN-WS042","User":"TRANSNORTE\\backup_svc","EventID":1,"Image":"C:\\Windows\\System32\\RuntimeBroker.exe","ProcessGuid":"{78E19E85-4B18-2026-2BDA-CA0C1A820CC6}","ProcessId":7286,"CommandLine":"C:\\Windows\\System32\\RuntimeBroker.exe","ParentImage":"C:\\Windows\\System32\\services.exe","ParentProcessGuid":"{90A41D95-CF62-2026-2796-9DAE8EE9C15F}","OriginalFileName":"C:\\Windows\\System32\\RuntimeBroker.exe","SHA256":"38ace4fc3ed8f92a74012c092f986e12ddb1410d0468fb4db658041896ca7063"}
