{"UtcTime":"2026-08-12 10:38:14.000","Computer":"TN-FIN-WS042","User":"TRANSNORTE\\backup_svc","EventID":3,"Image":"C:\\Windows\\explorer.exe","ProcessGuid":"{2D2385A1-5184-2026-CDF4-B95BBA68F34E}","ProcessId":3540,"DestinationIp":"8.8.8.8","DestinationPort":53,"SourceIp":"10.50.10.42","Protocol":"tcp"}
{"UtcTime":"2026-08-12 10:38:15.000","Computer":"TN-FIN-WS042","User":"TRANSNORTE\\ops.cardoso","EventID":1,"Image":"C:\\Program Files\\Microsoft Office\\Office16\\OUTLOOK.EXE","ProcessGuid":"{4447E57C-8B0F-2026-F25F-A71BB9803675}","ProcessId":8917,"CommandLine":"C:\\Program Files\\Microsoft Office\\Office16\\OUTLOOK.EXE","ParentImage":"C:\\Windows\\System32\\services.exe","ParentProcessGuid":"{BC7AA0C0-906F-2026-2563-B4B40797DB23}","OriginalFileName":"C:\\Program Files\\Microsoft Office\\Office16\\OUTLOOK.EXE","SHA256":"7e69e39f2a60fa230a6089aa342101dc6945effdf847891cf234ee5216aa6a73"}
{"UtcTime":"2026-08-12 10:38:16.000","Computer":"TN-FIN-WS042","User":"TRANSNORTE\\ops.cardoso","EventID":3,"Image":"C:\\Windows\\explorer.exe","ProcessGuid":"{B462F815-D5A0-2026-5F27-22B956CF225B}","ProcessId":5229,"DestinationIp":"10.50.10.88","DestinationPort":8080,"SourceIp":"10.50.10.42","Protocol":"tcp"}
{"UtcTime":"2026-08-12 10:38:17.000","Computer":"TN-FIN-WS042","User":"TRANSNORTE\\backup_svc","EventID":5,"Image":"C:\\Windows\\explorer.exe","ProcessGuid":"{1B0585F6-F340-2026-695B-44E05B109457}","ProcessId":748,"EventType":"End"}
{"UtcTime":"2026-08-12 10:38:18.000","Computer":"TN-FIN-WS042","User":"TRANSNORTE\\ops.cardoso","EventID":1,"Image":"C:\\Program Files\\Microsoft Office\\Office16\\OUTLOOK.EXE","ProcessGuid":"{155D1E21-990D-2026-F14E-74B530347993}","ProcessId":419,"CommandLine":"C:\\Program Files\\Microsoft Office\\Office16\\OUTLOOK.EXE","ParentImage":"C:\\Windows\\System32\\services.exe","ParentProcessGuid":"{802C7CAC-3E2B-2026-D148-F360C8E9B4A0}","OriginalFileName":"C:\\Program Files\\Microsoft Office\\Office16\\OUTLOOK.EXE","SHA256":"4a756d18721c49555753f48a478f0e35939cb62fc034a0cc653160b27801bae5"}
{"UtcTime":"2026-08-12 10:38:19.000","Computer":"TN-FIN-WS042","User":"TRANSNORTE\\backup_svc","EventID":3,"Image":"C:\\Windows\\System32\\RuntimeBroker.exe","ProcessGuid":"{9E2DC389-B702-2026-FD8A-D7A94F70BF03}","ProcessId":5789,"DestinationIp":"10.50.10.10","DestinationPort":8080,"SourceIp":"10.50.10.42","Protocol":"tcp"}
{"UtcTime":"2026-08-12 10:38:20.000","Computer":"TN-FIN-WS042","User":"TRANSNORTE\\ops.cardoso","EventID":13,"Image":"C:\\Windows\\System32\\RuntimeBroker.exe","ProcessGuid":"{56FEA4C5-4CB1-2026-9784-5248F391690B}","ProcessId":1341,"EventType":"SetValue","TargetObject":"HKCU\\Software\\Microsoft\\Office\\16.0\\Outlook\\Resiliency\\3500","Details":"1"}
{"UtcTime":"2026-08-12 10:38:21.000","Computer":"TN-FIN-WS042","User":"TRANSNORTE\\backup_svc","EventID":11,"Image":"C:\\Program Files\\Google\\Chrome\\Application\\chrome.exe","ProcessGuid":"{6D7A43F4-AB5F-2026-A6F5-8EE4ABFD2FFF}","ProcessId":7095,"TargetFilename":"C:\\Users\\ops.cardoso\\AppData\\Local\\Temp\\office-3501.tmp"}
{"UtcTime":"2026-08-12 10:38:22.000","Computer":"TN-FIN-WS042","User":"TRANSNORTE\\backup_svc","EventID":13,"Image":"C:\\Windows\\explorer.exe","ProcessGuid":"{B13A42C7-E45C-2026-8334-F0AF150BC859}","ProcessId":8871,"EventType":"SetValue","TargetObject":"HKCU\\Software\\Microsoft\\Office\\16.0\\Outlook\\Resiliency\\3502","Details":"1"}
{"UtcTime":"2026-08-12 10:38:23.000","Computer":"TN-FIN-WS042","User":"TRANSNORTE\\backup_svc","EventID":3,"Image":"C:\\Windows\\System32\\svchost.exe","ProcessGuid":"{9452CE08-3989-2026-2CDA-B09ED4A1301A}","ProcessId":8870,"DestinationIp":"8.8.8.8","DestinationPort":8080,"SourceIp":"10.50.10.42","Protocol":"tcp"}
{"UtcTime":"2026-08-12 10:38:24.000","Computer":"TN-FIN-WS042","User":"TRANSNORTE\\ops.cardoso","EventID":11,"Image":"C:\\Program Files\\Google\\Chrome\\Application\\chrome.exe","ProcessGuid":"{38325558-081C-2026-AA58-53D58DE29B08}","ProcessId":2501,"TargetFilename":"C:\\Users\\ops.cardoso\\AppData\\Local\\Temp\\office-3504.tmp"}
{"UtcTime":"2026-08-12 10:38:25.000","Computer":"TN-FIN-WS042","User":"TRANSNORTE\\backup_svc","EventID":13,"Image":"C:\\Windows\\System32\\RuntimeBroker.exe","ProcessGuid":"{A770D9D6-E256-2026-9398-CB408B8AF5FF}","ProcessId":4480,"EventType":"SetValue","TargetObject":"HKCU\\Software\\Microsoft\\Office\\16.0\\Outlook\\Resiliency\\3505","Details":"1"}
{"UtcTime":"2026-08-12 10:38:26.000","Computer":"TN-FIN-WS042","User":"TRANSNORTE\\ops.cardoso","EventID":5,"Image":"C:\\Program Files\\Google\\Chrome\\Application\\chrome.exe","ProcessGuid":"{A7211452-5F0F-2026-EF29-9A8EA32D6177}","ProcessId":3750,"EventType":"End"}
{"UtcTime":"2026-08-12 10:38:27.000","Computer":"TN-FIN-WS042","User":"TRANSNORTE\\backup_svc","EventID":11,"Image":"C:\\Windows\\System32\\conhost.exe","ProcessGuid":"{78C98140-F1BF-2026-15F4-417CF0E1392C}","ProcessId":7397,"TargetFilename":"C:\\Users\\ops.cardoso\\AppData\\Local\\Temp\\office-3507.tmp"}
{"UtcTime":"2026-08-12 10:38:28.000","Computer":"TN-FIN-WS042","User":"TRANSNORTE\\ops.cardoso","EventID":5,"Image":"C:\\Windows\\System32\\conhost.exe","ProcessGuid":"{65D66E33-F29B-2026-E430-4DEE250CC480}","ProcessId":4304,"EventType":"End"}
{"UtcTime":"2026-08-12 10:38:29.000","Computer":"TN-FIN-WS042","User":"TRANSNORTE\\backup_svc","EventID":1,"Image":"C:\\Windows\\explorer.exe","ProcessGuid":"{7796C829-FF5F-2026-AA7D-785E998A6482}","ProcessId":2936,"CommandLine":"C:\\Windows\\explorer.exe","ParentImage":"C:\\Windows\\System32\\services.exe","ParentProcessGuid":"{F73E3BD1-C5FB-2026-A942-E6C3B8AA3E6A}","OriginalFileName":"C:\\Windows\\explorer.exe","SHA256":"774e2e772802e3bbe5c6b33ac0420b0b7e26fecf6a63ad693a2912545b5f43d6"}
{"UtcTime":"2026-08-12 10:38:30.000","Computer":"TN-FIN-WS042","User":"TRANSNORTE\\ops.cardoso","EventID":11,"Image":"C:\\Windows\\System32\\svchost.exe","ProcessGuid":"{E547B149-0F78-2026-E4AF-99A12C31C02F}","ProcessId":6305,"TargetFilename":"C:\\Users\\ops.cardoso\\AppData\\Local\\Temp\\office-3510.tmp"}
{"UtcTime":"2026-08-12 10:38:31.000","Computer":"TN-FIN-WS042","User":"TRANSNORTE\\backup_svc","EventID":1,"Image":"C:\\Windows\\explorer.exe","ProcessGuid":"{A42F0097-B7A3-2026-094F-ED4562C908BD}","ProcessId":4111,"CommandLine":"C:\\Windows\\explorer.exe","ParentImage":"C:\\Windows\\System32\\services.exe","ParentProcessGuid":"{935CA890-2A5B-2026-4C4E-999EFDD12232}","OriginalFileName":"C:\\Windows\\explorer.exe","SHA256":"2583df436e2216427685fc4bd16db76490114307a6477f6c0af4d6503f0b9618"}
{"UtcTime":"2026-08-12 10:38:32.000","Computer":"TN-FIN-WS042","User":"TRANSNORTE\\backup_svc","EventID":5,"Image":"C:\\Windows\\System32\\svchost.exe","ProcessGuid":"{B6928E68-4389-2026-8A9D-2542C8A305EC}","ProcessId":7361,"EventType":"End"}
{"UtcTime":"2026-08-12 10:38:33.000","Computer":"TN-FIN-WS042","User":"TRANSNORTE\\backup_svc","EventID":5,"Image":"C:\\Windows\\System32\\RuntimeBroker.exe","ProcessGuid":"{71C7DD90-5092-2026-A0B0-CF9B74166F05}","ProcessId":8172,"EventType":"End"}
{"UtcTime":"2026-08-12 10:38:34.000","Computer":"TN-FIN-WS042","User":"TRANSNORTE\\ops.cardoso","EventID":5,"Image":"C:\\Program Files\\Microsoft Office\\Office16\\OUTLOOK.EXE","ProcessGuid":"{098C8DF8-E28D-2026-540F-66728DCC86FA}","ProcessId":1348,"EventType":"End"}
{"UtcTime":"2026-08-12 10:38:35.000","Computer":"TN-FIN-WS042","User":"TRANSNORTE\\backup_svc","EventID":1,"Image":"C:\\Windows\\System32\\conhost.exe","ProcessGuid":"{110E7D4C-D9D2-2026-82DF-B6655795F1B2}","ProcessId":2396,"CommandLine":"C:\\Windows\\System32\\conhost.exe","ParentImage":"C:\\Windows\\System32\\services.exe","ParentProcessGuid":"{E8FD4EE7-8D19-2026-0867-17E8941448F4}","OriginalFileName":"C:\\Windows\\System32\\conhost.exe","SHA256":"e6785c1b2f431c18678bbbd86839da8506808ab0e63e6a436c979381a29a56c9"}
{"UtcTime":"2026-08-12 10:38:36.000","Computer":"TN-FIN-WS042","User":"TRANSNORTE\\ops.cardoso","EventID":11,"Image":"C:\\Program Files\\Google\\Chrome\\Application\\chrome.exe","ProcessGuid":"{3E974DFF-726B-2026-87E5-86E82594EDBA}","ProcessId":4577,"TargetFilename":"C:\\Users\\ops.cardoso\\AppData\\Local\\Temp\\office-3516.tmp"}
{"UtcTime":"2026-08-12 10:38:37.000","Computer":"TN-FIN-WS042","User":"TRANSNORTE\\ops.cardoso","EventID":3,"Image":"C:\\Windows\\explorer.exe","ProcessGuid":"{65BED0AB-DD68-2026-7DDC-3B94F117BDB3}","ProcessId":6348,"DestinationIp":"1.1.1.1","DestinationPort":135,"SourceIp":"10.50.10.42","Protocol":"tcp"}
{"UtcTime":"2026-08-12 10:38:38.000","Computer":"TN-FIN-WS042","User":"TRANSNORTE\\backup_svc","EventID":3,"Image":"C:\\Windows\\System32\\RuntimeBroker.exe","ProcessGuid":"{E77E31B6-D16F-2026-9502-516D0BB2A941}","ProcessId":2515,"DestinationIp":"1.1.1.1","DestinationPort":8080,"SourceIp":"10.50.10.42","Protocol":"tcp"}
{"UtcTime":"2026-08-12 10:38:39.000","Computer":"TN-FIN-WS042","User":"TRANSNORTE\\backup_svc","EventID":11,"Image":"C:\\Windows\\System32\\RuntimeBroker.exe","ProcessGuid":"{ACA63910-4333-2026-5D7F-7DE08603D1DD}","ProcessId":8065,"TargetFilename":"C:\\Users\\ops.cardoso\\AppData\\Local\\Temp\\office-3519.tmp"}
{"UtcTime":"2026-08-12 10:38:40.000","Computer":"TN-FIN-WS042","User":"TRANSNORTE\\backup_svc","EventID":13,"Image":"C:\\Windows\\System32\\svchost.exe","ProcessGuid":"{15E830EE-A916-2026-F148-823497CB9457}","ProcessId":2194,"EventType":"SetValue","TargetObject":"HKCU\\Software\\Microsoft\\Office\\16.0\\Outlook\\Resiliency\\3520","Details":"1"}
{"UtcTime":"2026-08-12 10:38:41.000","Computer":"TN-FIN-WS042","User":"TRANSNORTE\\backup_svc","EventID":13,"Image":"C:\\Windows\\explorer.exe","ProcessGuid":"{3423B237-C4D0-2026-8117-E5EE19C9B71F}","ProcessId":455,"EventType":"SetValue","TargetObject":"HKCU\\Software\\Microsoft\\Office\\16.0\\Outlook\\Resiliency\\3521","Details":"1"}
{"UtcTime":"2026-08-12 10:38:42.000","Computer":"TN-FIN-WS042","User":"TRANSNORTE\\backup_svc","EventID":13,"Image":"C:\\Windows\\System32\\svchost.exe","ProcessGuid":"{C92B9ED8-1BA5-2026-ABC8-CB947C5667C9}","ProcessId":8798,"EventType":"SetValue","TargetObject":"HKCU\\Software\\Microsoft\\Office\\16.0\\Outlook\\Resiliency\\3522","Details":"1"}
{"UtcTime":"2026-08-12 10:38:43.000","Computer":"TN-FIN-WS042","User":"TRANSNORTE\\backup_svc","EventID":5,"Image":"C:\\Program Files\\Microsoft Office\\Office16\\OUTLOOK.EXE","ProcessGuid":"{37F5853C-59FB-2026-AE2D-939CBA24D19E}","ProcessId":8209,"EventType":"End"}
{"UtcTime":"2026-08-12 10:38:44.000","Computer":"TN-FIN-WS042","User":"TRANSNORTE\\ops.cardoso","EventID":3,"Image":"C:\\Windows\\System32\\RuntimeBroker.exe","ProcessGuid":"{0EF15A36-9FE1-2026-518F-C50A5B20E8CB}","ProcessId":7471,"DestinationIp":"10.50.10.10","DestinationPort":135,"SourceIp":"10.50.10.42","Protocol":"tcp"}
{"UtcTime":"2026-08-12 10:38:45.000","Computer":"TN-FIN-WS042","User":"TRANSNORTE\\ops.cardoso","EventID":1,"Image":"C:\\Program Files\\Google\\Chrome\\Application\\chrome.exe","ProcessGuid":"{C7FB9B26-A384-2026-9281-8FA5FDF9CD9A}","ProcessId":1650,"CommandLine":"C:\\Program Files\\Google\\Chrome\\Application\\chrome.exe","ParentImage":"C:\\Windows\\System32\\services.exe","ParentProcessGuid":"{8BB40059-C1E2-2026-954C-648EFD2908CA}","OriginalFileName":"C:\\Program Files\\Google\\Chrome\\Application\\chrome.exe","SHA256":"eb646f60049913a4c6b11bfbb5fb635fcca4de219aca16db7c649acdf19cd361"}
{"UtcTime":"2026-08-12 10:38:46.000","Computer":"TN-FIN-WS042","User":"TRANSNORTE\\backup_svc","EventID":1,"Image":"C:\\Windows\\System32\\conhost.exe","ProcessGuid":"{A22C93B3-057D-2026-27D8-FAA581B6DBBF}","ProcessId":1843,"CommandLine":"C:\\Windows\\System32\\conhost.exe","ParentImage":"C:\\Windows\\System32\\services.exe","ParentProcessGuid":"{42804056-1D5D-2026-6B78-36C6F141A855}","OriginalFileName":"C:\\Windows\\System32\\conhost.exe","SHA256":"1b6ff392114a1a740942e421dfb8dd1b267b4ca863440dd7f1570254c9b49ce5"}
{"UtcTime":"2026-08-12 10:38:47.000","Computer":"TN-FIN-WS042","User":"TRANSNORTE\\backup_svc","EventID":1,"Image":"C:\\Windows\\System32\\RuntimeBroker.exe","ProcessGuid":"{60F2E51E-91F0-2026-21B6-A8220DF9465E}","ProcessId":7590,"CommandLine":"C:\\Windows\\System32\\RuntimeBroker.exe","ParentImage":"C:\\Windows\\System32\\services.exe","ParentProcessGuid":"{68832712-361E-2026-98DF-A8BE92BA8E92}","OriginalFileName":"C:\\Windows\\System32\\RuntimeBroker.exe","SHA256":"3bdcd4a17b247486aa911f6815d2ae71b5adc77604e66af693e4ab4882d0d537"}
{"UtcTime":"2026-08-12 10:38:48.000","Computer":"TN-FIN-WS042","User":"TRANSNORTE\\ops.cardoso","EventID":5,"Image":"C:\\Windows\\System32\\RuntimeBroker.exe","ProcessGuid":"{A198FCE9-CA89-2026-4961-3A21F1C9A2E1}","ProcessId":4800,"EventType":"End"}
{"UtcTime":"2026-08-12 10:38:49.000","Computer":"TN-FIN-WS042","User":"TRANSNORTE\\backup_svc","EventID":5,"Image":"C:\\Windows\\System32\\svchost.exe","ProcessGuid":"{F9340B38-21D0-2026-DE83-F78154450FBA}","ProcessId":5642,"EventType":"End"}
{"UtcTime":"2026-08-12 10:38:50.000","Computer":"TN-FIN-WS042","User":"TRANSNORTE\\backup_svc","EventID":1,"Image":"C:\\Program Files\\Microsoft Office\\Office16\\OUTLOOK.EXE","ProcessGuid":"{1B6D034F-C28F-2026-1940-F21789E5CA81}","ProcessId":5430,"CommandLine":"C:\\Program Files\\Microsoft Office\\Office16\\OUTLOOK.EXE","ParentImage":"C:\\Windows\\System32\\services.exe","ParentProcessGuid":"{485FE698-9E8F-2026-0ACE-8EF370EC838D}","OriginalFileName":"C:\\Program Files\\Microsoft Office\\Office16\\OUTLOOK.EXE","SHA256":"80dff4e40537868a5c34050b168a5e1d17db6e2c37a29cbfe7076f301bc30b16"}
{"UtcTime":"2026-08-12 10:38:51.000","Computer":"TN-FIN-WS042","User":"TRANSNORTE\\backup_svc","EventID":13,"Image":"C:\\Windows\\System32\\svchost.exe","ProcessGuid":"{41CE046B-1665-2026-F217-9B5E9130F27C}","ProcessId":5663,"EventType":"SetValue","TargetObject":"HKCU\\Software\\Microsoft\\Office\\16.0\\Outlook\\Resiliency\\3531","Details":"1"}
{"UtcTime":"2026-08-12 10:38:52.000","Computer":"TN-FIN-WS042","User":"TRANSNORTE\\backup_svc","EventID":1,"Image":"C:\\Program Files\\Microsoft Office\\Office16\\OUTLOOK.EXE","ProcessGuid":"{6A618B1A-E62D-2026-613A-22A8013255DA}","ProcessId":6182,"CommandLine":"C:\\Program Files\\Microsoft Office\\Office16\\OUTLOOK.EXE","ParentImage":"C:\\Windows\\System32\\services.exe","ParentProcessGuid":"{86B67B9B-CB7C-2026-AD8F-FC6F79D08EA9}","OriginalFileName":"C:\\Program Files\\Microsoft Office\\Office16\\OUTLOOK.EXE","SHA256":"949758b9cb179fece04f4b9360e072a7dda81a45bd23923f336b82cdf04ff79a"}
{"UtcTime":"2026-08-12 10:38:53.000","Computer":"TN-FIN-WS042","User":"TRANSNORTE\\backup_svc","EventID":3,"Image":"C:\\Windows\\explorer.exe","ProcessGuid":"{3EE97B41-1EB1-2026-8D34-154303DA23FC}","ProcessId":8412,"DestinationIp":"10.50.10.88","DestinationPort":53,"SourceIp":"10.50.10.42","Protocol":"tcp"}
{"UtcTime":"2026-08-12 10:38:54.000","Computer":"TN-FIN-WS042","User":"TRANSNORTE\\backup_svc","EventID":1,"Image":"C:\\Windows\\System32\\RuntimeBroker.exe","ProcessGuid":"{ECBA6CC9-5B9E-2026-3802-32362EA6137E}","ProcessId":6546,"CommandLine":"C:\\Windows\\System32\\RuntimeBroker.exe","ParentImage":"C:\\Windows\\System32\\services.exe","ParentProcessGuid":"{318C358A-75A9-2026-B30E-0B0BAD48398C}","OriginalFileName":"C:\\Windows\\System32\\RuntimeBroker.exe","SHA256":"4fd993772aeb27c88212573c7e32f10d120f08b3ba81dc00c09f21c1ad00c434"}
{"UtcTime":"2026-08-12 10:38:55.000","Computer":"TN-FIN-WS042","User":"TRANSNORTE\\ops.cardoso","EventID":1,"Image":"C:\\Windows\\System32\\conhost.exe","ProcessGuid":"{AADFE4F9-8913-2026-24D1-D752BFABFB18}","ProcessId":734,"CommandLine":"C:\\Windows\\System32\\conhost.exe","ParentImage":"C:\\Windows\\System32\\services.exe","ParentProcessGuid":"{1FE04142-BB19-2026-3809-1166325CF8E8}","OriginalFileName":"C:\\Windows\\System32\\conhost.exe","SHA256":"07d062e451a9f544e1a3c6f96200d144ab88987a771633f6d0ed88ec1f2ded9a"}
{"UtcTime":"2026-08-12 10:38:56.000","Computer":"TN-FIN-WS042","User":"TRANSNORTE\\backup_svc","EventID":3,"Image":"C:\\Program Files\\Microsoft Office\\Office16\\OUTLOOK.EXE","ProcessGuid":"{F94CB2BE-E96D-2026-E35A-2D04E5B1FEE0}","ProcessId":8861,"DestinationIp":"10.50.10.88","DestinationPort":443,"SourceIp":"10.50.10.42","Protocol":"tcp"}
{"UtcTime":"2026-08-12 10:38:57.000","Computer":"TN-FIN-WS042","User":"TRANSNORTE\\ops.cardoso","EventID":13,"Image":"C:\\Windows\\System32\\RuntimeBroker.exe","ProcessGuid":"{66ADC4E3-ABA7-2026-BAB3-7C5E703F13BA}","ProcessId":3499,"EventType":"SetValue","TargetObject":"HKCU\\Software\\Microsoft\\Office\\16.0\\Outlook\\Resiliency\\3537","Details":"1"}
{"UtcTime":"2026-08-12 10:38:58.000","Computer":"TN-FIN-WS042","User":"TRANSNORTE\\backup_svc","EventID":3,"Image":"C:\\Windows\\System32\\conhost.exe","ProcessGuid":"{CA6F3B43-CB6D-2026-17E2-7AA8457039E6}","ProcessId":979,"DestinationIp":"10.50.10.10","DestinationPort":135,"SourceIp":"10.50.10.42","Protocol":"tcp"}
{"UtcTime":"2026-08-12 10:38:59.000","Computer":"TN-FIN-WS042","User":"TRANSNORTE\\backup_svc","EventID":1,"Image":"C:\\Program Files\\Microsoft Office\\Office16\\OUTLOOK.EXE","ProcessGuid":"{1C1A0441-5FF2-2026-6E08-F467979201A8}","ProcessId":8822,"CommandLine":"C:\\Program Files\\Microsoft Office\\Office16\\OUTLOOK.EXE","ParentImage":"C:\\Windows\\System32\\services.exe","ParentProcessGuid":"{396C41FE-5F47-2026-BC2C-F2B948D6E2DE}","OriginalFileName":"C:\\Program Files\\Microsoft Office\\Office16\\OUTLOOK.EXE","SHA256":"c0083770c1bbe2ac85667370d6c0b96631036dd111b33731c333eacb71f532ab"}
{"UtcTime":"2026-08-12 10:39:00.000","Computer":"TN-FIN-WS042","User":"TRANSNORTE\\backup_svc","EventID":1,"Image":"C:\\Windows\\explorer.exe","ProcessGuid":"{FDBB25B5-B4E1-2026-55FA-7C3B707E0A63}","ProcessId":5066,"CommandLine":"C:\\Windows\\explorer.exe","ParentImage":"C:\\Windows\\System32\\services.exe","ParentProcessGuid":"{5F1C0B67-1F92-2026-8D19-6A7020003A91}","OriginalFileName":"C:\\Windows\\explorer.exe","SHA256":"aa4d24ce1cc5455ca01df4f53ee17db49a09cc9d01ced79a1b90b85108f6b0d0"}
{"UtcTime":"2026-08-12 10:39:01.000","Computer":"TN-FIN-WS042","User":"TRANSNORTE\\ops.cardoso","EventID":1,"Image":"C:\\Windows\\System32\\RuntimeBroker.exe","ProcessGuid":"{06413F59-7355-2026-B946-57907AB5CA32}","ProcessId":2465,"CommandLine":"C:\\Windows\\System32\\RuntimeBroker.exe","ParentImage":"C:\\Windows\\System32\\services.exe","ParentProcessGuid":"{FC85D2F3-C415-2026-F723-690BE23FBD6C}","OriginalFileName":"C:\\Windows\\System32\\RuntimeBroker.exe","SHA256":"887455e809ab5dd8c06afa2165727991d70a2d4b914efa09a48b5efb1d040d4a"}
{"UtcTime":"2026-08-12 10:39:02.000","Computer":"TN-FIN-WS042","User":"TRANSNORTE\\backup_svc","EventID":13,"Image":"C:\\Program Files\\Google\\Chrome\\Application\\chrome.exe","ProcessGuid":"{F1BE2C41-54C5-2026-10EB-843E4011850C}","ProcessId":7933,"EventType":"SetValue","TargetObject":"HKCU\\Software\\Microsoft\\Office\\16.0\\Outlook\\Resiliency\\3542","Details":"1"}
{"UtcTime":"2026-08-12 10:39:03.000","Computer":"TN-FIN-WS042","User":"TRANSNORTE\\backup_svc","EventID":5,"Image":"C:\\Windows\\explorer.exe","ProcessGuid":"{68AD5C2E-8A0E-2026-EF9D-76F54907F33E}","ProcessId":3248,"EventType":"End"}
{"UtcTime":"2026-08-12 10:39:04.000","Computer":"TN-FIN-WS042","User":"TRANSNORTE\\backup_svc","EventID":1,"Image":"C:\\Windows\\System32\\conhost.exe","ProcessGuid":"{2BB9D478-068C-2026-B000-4B3864E6EC5E}","ProcessId":5610,"CommandLine":"C:\\Windows\\System32\\conhost.exe","ParentImage":"C:\\Windows\\System32\\services.exe","ParentProcessGuid":"{046E95F1-680F-2026-3343-266EF86E828E}","OriginalFileName":"C:\\Windows\\System32\\conhost.exe","SHA256":"a1269cdf5454c1708ade6f66accdd58c48ac279918d64b3a8ab959f31b722236"}
{"UtcTime":"2026-08-12 10:39:05.000","Computer":"TN-FIN-WS042","User":"TRANSNORTE\\backup_svc","EventID":11,"Image":"C:\\Windows\\explorer.exe","ProcessGuid":"{7A78F09F-2E92-2026-E85D-4E1C4FAD54EA}","ProcessId":451,"TargetFilename":"C:\\Users\\ops.cardoso\\AppData\\Local\\Temp\\office-3545.tmp"}
{"UtcTime":"2026-08-12 10:39:06.000","Computer":"TN-FIN-WS042","User":"TRANSNORTE\\ops.cardoso","EventID":1,"Image":"C:\\Windows\\System32\\svchost.exe","ProcessGuid":"{43D048FC-02A8-2026-2EA7-1BE63445E4D4}","ProcessId":4669,"CommandLine":"C:\\Windows\\System32\\svchost.exe","ParentImage":"C:\\Windows\\System32\\services.exe","ParentProcessGuid":"{8F775ED5-41A4-2026-7F07-B38C2A27CAE6}","OriginalFileName":"C:\\Windows\\System32\\svchost.exe","SHA256":"69f0f3954701c886ca93f7bad591f65605410375da8884678a260447fb482a8a"}
{"UtcTime":"2026-08-12 10:39:07.000","Computer":"TN-FIN-WS042","User":"TRANSNORTE\\backup_svc","EventID":13,"Image":"C:\\Windows\\System32\\conhost.exe","ProcessGuid":"{D36C2B69-2A6C-2026-D554-246198AAE1B9}","ProcessId":930,"EventType":"SetValue","TargetObject":"HKCU\\Software\\Microsoft\\Office\\16.0\\Outlook\\Resiliency\\3547","Details":"1"}
{"UtcTime":"2026-08-12 10:39:08.000","Computer":"TN-FIN-WS042","User":"TRANSNORTE\\backup_svc","EventID":11,"Image":"C:\\Program Files\\Microsoft Office\\Office16\\OUTLOOK.EXE","ProcessGuid":"{5FC0F375-00E7-2026-5B4B-6F73B224915E}","ProcessId":1561,"TargetFilename":"C:\\Users\\ops.cardoso\\AppData\\Local\\Temp\\office-3548.tmp"}
{"UtcTime":"2026-08-12 10:39:09.000","Computer":"TN-FIN-WS042","User":"TRANSNORTE\\backup_svc","EventID":1,"Image":"C:\\Windows\\System32\\RuntimeBroker.exe","ProcessGuid":"{A6F7F460-8551-2026-3509-26190885381F}","ProcessId":6395,"CommandLine":"C:\\Windows\\System32\\RuntimeBroker.exe","ParentImage":"C:\\Windows\\System32\\services.exe","ParentProcessGuid":"{9D003654-ECF3-2026-AB08-A3051BE8EF69}","OriginalFileName":"C:\\Windows\\System32\\RuntimeBroker.exe","SHA256":"014022b1c4cfa8e4e4f146e900af1b58da24e4aa25796d1d92e11f49f9b75165"}
{"UtcTime":"2026-08-12 10:39:10.000","Computer":"TN-FIN-WS042","User":"TRANSNORTE\\backup_svc","EventID":1,"Image":"C:\\Program Files\\Google\\Chrome\\Application\\chrome.exe","ProcessGuid":"{9734836B-3A99-2026-62E3-A28D3457D601}","ProcessId":1892,"CommandLine":"C:\\Program Files\\Google\\Chrome\\Application\\chrome.exe","ParentImage":"C:\\Windows\\System32\\services.exe","ParentProcessGuid":"{F4F4FEDC-DF47-2026-CDBC-5E5595AE37DF}","OriginalFileName":"C:\\Program Files\\Google\\Chrome\\Application\\chrome.exe","SHA256":"04454a35622e8acc18fd0f7310f430c5f7af31be7fa95a631958b423e119120d"}
{"UtcTime":"2026-08-12 10:39:11.000","Computer":"TN-FIN-WS042","User":"TRANSNORTE\\backup_svc","EventID":1,"Image":"C:\\Program Files\\Microsoft Office\\Office16\\OUTLOOK.EXE","ProcessGuid":"{31826D23-124D-2026-C476-A19B952EBF65}","ProcessId":4938,"CommandLine":"C:\\Program Files\\Microsoft Office\\Office16\\OUTLOOK.EXE","ParentImage":"C:\\Windows\\System32\\services.exe","ParentProcessGuid":"{A009FE23-0BAF-2026-A8A6-FD992334A9EB}","OriginalFileName":"C:\\Program Files\\Microsoft Office\\Office16\\OUTLOOK.EXE","SHA256":"2f04a65624558295aeef8022db327a8b74ac398b2c50455e08b2d0892f6628ba"}
{"UtcTime":"2026-08-12 10:39:12.000","Computer":"TN-FIN-WS042","User":"TRANSNORTE\\ops.cardoso","EventID":5,"Image":"C:\\Windows\\System32\\conhost.exe","ProcessGuid":"{082D455D-5EAD-2026-E608-F46E38E93C69}","ProcessId":7349,"EventType":"End"}
{"UtcTime":"2026-08-12 10:39:13.000","Computer":"TN-FIN-WS042","User":"TRANSNORTE\\backup_svc","EventID":11,"Image":"C:\\Program Files\\Microsoft Office\\Office16\\OUTLOOK.EXE","ProcessGuid":"{502994B4-7647-2026-1245-AB51C791D081}","ProcessId":6078,"TargetFilename":"C:\\Users\\ops.cardoso\\AppData\\Local\\Temp\\office-3553.tmp"}
{"UtcTime":"2026-08-12 10:39:14.000","Computer":"TN-FIN-WS042","User":"TRANSNORTE\\backup_svc","EventID":1,"Image":"C:\\Windows\\explorer.exe","ProcessGuid":"{0ABC67B0-8F9C-2026-BF72-470A0FE95FE2}","ProcessId":1360,"CommandLine":"C:\\Windows\\explorer.exe","ParentImage":"C:\\Windows\\System32\\services.exe","ParentProcessGuid":"{6C43737B-365B-2026-26F0-6B338E605D0A}","OriginalFileName":"C:\\Windows\\explorer.exe","SHA256":"89fd994149a124f0705b48296a32594f2a65829e556de64155d1abb1bbc9a15b"}
{"UtcTime":"2026-08-12 10:39:15.000","Computer":"TN-FIN-WS042","User":"TRANSNORTE\\backup_svc","EventID":1,"Image":"C:\\Windows\\System32\\RuntimeBroker.exe","ProcessGuid":"{4DBB0F2F-9B9A-2026-A569-2953B2ADFF98}","ProcessId":5255,"CommandLine":"C:\\Windows\\System32\\RuntimeBroker.exe","ParentImage":"C:\\Windows\\System32\\services.exe","ParentProcessGuid":"{6A4B37EA-808A-2026-9C2A-4FCC5275999F}","OriginalFileName":"C:\\Windows\\System32\\RuntimeBroker.exe","SHA256":"fb5fd13ecb62049ef386f0760bbc49cfe6e51f0377962d204eceea230d33c83f"}
{"UtcTime":"2026-08-12 10:39:16.000","Computer":"TN-FIN-WS042","User":"TRANSNORTE\\ops.cardoso","EventID":3,"Image":"C:\\Program Files\\Microsoft Office\\Office16\\OUTLOOK.EXE","ProcessGuid":"{C632E0B5-A8F3-2026-916A-4F5E67DBFC1F}","ProcessId":1789,"DestinationIp":"1.1.1.1","DestinationPort":53,"SourceIp":"10.50.10.42","Protocol":"tcp"}
{"UtcTime":"2026-08-12 10:39:17.000","Computer":"TN-FIN-WS042","User":"TRANSNORTE\\backup_svc","EventID":3,"Image":"C:\\Windows\\explorer.exe","ProcessGuid":"{1121D7E7-42EE-2026-25CD-BDBAA37FA0D6}","ProcessId":3708,"DestinationIp":"10.50.10.88","DestinationPort":8080,"SourceIp":"10.50.10.42","Protocol":"tcp"}
{"UtcTime":"2026-08-12 10:39:18.000","Computer":"TN-FIN-WS042","User":"TRANSNORTE\\ops.cardoso","EventID":11,"Image":"C:\\Windows\\System32\\RuntimeBroker.exe","ProcessGuid":"{F3A05CCB-9A6E-2026-8040-9AFD4B6CF8CF}","ProcessId":8896,"TargetFilename":"C:\\Users\\ops.cardoso\\AppData\\Local\\Temp\\office-3558.tmp"}
{"UtcTime":"2026-08-12 10:39:19.000","Computer":"TN-FIN-WS042","User":"TRANSNORTE\\ops.cardoso","EventID":13,"Image":"C:\\Windows\\System32\\RuntimeBroker.exe","ProcessGuid":"{A273DADA-57A7-2026-79BA-3C11CB27D9AA}","ProcessId":8025,"EventType":"SetValue","TargetObject":"HKCU\\Software\\Microsoft\\Office\\16.0\\Outlook\\Resiliency\\3559","Details":"1"}
{"UtcTime":"2026-08-12 10:39:20.000","Computer":"TN-FIN-WS042","User":"TRANSNORTE\\backup_svc","EventID":1,"Image":"C:\\Program Files\\Microsoft Office\\Office16\\OUTLOOK.EXE","ProcessGuid":"{8818E8AF-7A0E-2026-F588-A2AF13D74DBF}","ProcessId":6463,"CommandLine":"C:\\Program Files\\Microsoft Office\\Office16\\OUTLOOK.EXE","ParentImage":"C:\\Windows\\System32\\services.exe","ParentProcessGuid":"{3DF82849-BCAF-2026-E6E7-FE57663631F0}","OriginalFileName":"C:\\Program Files\\Microsoft Office\\Office16\\OUTLOOK.EXE","SHA256":"28a1d5cacd3049eb04e004a332f56f11c925a342a08f254b602d240ab85b476e"}
{"UtcTime":"2026-08-12 10:39:21.000","Computer":"TN-FIN-WS042","User":"TRANSNORTE\\backup_svc","EventID":1,"Image":"C:\\Windows\\System32\\RuntimeBroker.exe","ProcessGuid":"{B91CE360-5FA4-2026-FA8D-C49F8EFE2280}","ProcessId":517,"CommandLine":"C:\\Windows\\System32\\RuntimeBroker.exe","ParentImage":"C:\\Windows\\System32\\services.exe","ParentProcessGuid":"{170C441D-B87A-2026-6388-5A15B8517A2A}","OriginalFileName":"C:\\Windows\\System32\\RuntimeBroker.exe","SHA256":"fc244d67db67788cb165145d5e1cc6a869dc13abb53c3ca4a96f671ec6239003"}
{"UtcTime":"2026-08-12 10:39:22.000","Computer":"TN-FIN-WS042","User":"TRANSNORTE\\backup_svc","EventID":13,"Image":"C:\\Windows\\System32\\conhost.exe","ProcessGuid":"{01360A5D-F280-2026-0689-F0225295DF70}","ProcessId":8520,"EventType":"SetValue","TargetObject":"HKCU\\Software\\Microsoft\\Office\\16.0\\Outlook\\Resiliency\\3562","Details":"1"}
{"UtcTime":"2026-08-12 10:39:23.000","Computer":"TN-FIN-WS042","User":"TRANSNORTE\\ops.cardoso","EventID":1,"Image":"C:\\Windows\\explorer.exe","ProcessGuid":"{8B21BB7B-28C9-2026-A317-A0409F5723D3}","ProcessId":1889,"CommandLine":"C:\\Windows\\explorer.exe","ParentImage":"C:\\Windows\\System32\\services.exe","ParentProcessGuid":"{AE22BE3B-469F-2026-3FFE-4738EB1389E1}","OriginalFileName":"C:\\Windows\\explorer.exe","SHA256":"ad02c54916f652c7a9cfdbb9752708e735551232c8f50b45ae2a353dcc65579d"}
{"UtcTime":"2026-08-12 10:39:24.000","Computer":"TN-FIN-WS042","User":"TRANSNORTE\\backup_svc","EventID":1,"Image":"C:\\Windows\\System32\\svchost.exe","ProcessGuid":"{8E994B76-1207-2026-291E-80214FA3EC9B}","ProcessId":756,"CommandLine":"C:\\Windows\\System32\\svchost.exe","ParentImage":"C:\\Windows\\System32\\services.exe","ParentProcessGuid":"{7BF13C8C-418B-2026-C887-40A4922F9244}","OriginalFileName":"C:\\Windows\\System32\\svchost.exe","SHA256":"72b1f01b7386724acccb110bd6c5cc5e169675fa345862306cf63d0225f0fd50"}
{"UtcTime":"2026-08-12 10:39:25.000","Computer":"TN-FIN-WS042","User":"TRANSNORTE\\backup_svc","EventID":13,"Image":"C:\\Windows\\System32\\svchost.exe","ProcessGuid":"{06E0CC3A-A650-2026-A2C4-01F948437972}","ProcessId":1825,"EventType":"SetValue","TargetObject":"HKCU\\Software\\Microsoft\\Office\\16.0\\Outlook\\Resiliency\\3565","Details":"1"}
{"UtcTime":"2026-08-12 10:39:26.000","Computer":"TN-FIN-WS042","User":"TRANSNORTE\\backup_svc","EventID":1,"Image":"C:\\Windows\\System32\\RuntimeBroker.exe","ProcessGuid":"{8152A0F9-23F8-2026-3425-3E21118902A2}","ProcessId":3940,"CommandLine":"C:\\Windows\\System32\\RuntimeBroker.exe","ParentImage":"C:\\Windows\\System32\\services.exe","ParentProcessGuid":"{0B52B294-5EF4-2026-5CAE-272066F6E923}","OriginalFileName":"C:\\Windows\\System32\\RuntimeBroker.exe","SHA256":"f790b50453860cf32ca52aa9ceaa95600582d88ef3fb3798e74ad2dac8f22696"}
{"UtcTime":"2026-08-12 10:39:27.000","Computer":"TN-FIN-WS042","User":"TRANSNORTE\\backup_svc","EventID":1,"Image":"C:\\Program Files\\Google\\Chrome\\Application\\chrome.exe","ProcessGuid":"{642FAFE8-5450-2026-65FC-B05272E292B5}","ProcessId":540,"CommandLine":"C:\\Program Files\\Google\\Chrome\\Application\\chrome.exe","ParentImage":"C:\\Windows\\System32\\services.exe","ParentProcessGuid":"{A58C412A-435B-2026-0871-7ED2F4D24513}","OriginalFileName":"C:\\Program Files\\Google\\Chrome\\Application\\chrome.exe","SHA256":"a55a62875decd91e79f65d7633a63010250a3afe67a5df838c8080954e30be08"}
{"UtcTime":"2026-08-12 10:39:28.000","Computer":"TN-FIN-WS042","User":"TRANSNORTE\\ops.cardoso","EventID":3,"Image":"C:\\Program Files\\Google\\Chrome\\Application\\chrome.exe","ProcessGuid":"{D6AA91BD-5E61-2026-43FA-B18BF6956976}","ProcessId":2025,"DestinationIp":"10.50.10.88","DestinationPort":8080,"SourceIp":"10.50.10.42","Protocol":"tcp"}
{"UtcTime":"2026-08-12 10:39:29.000","Computer":"TN-FIN-WS042","User":"TRANSNORTE\\backup_svc","EventID":1,"Image":"C:\\Windows\\System32\\RuntimeBroker.exe","ProcessGuid":"{A16C6E2D-EBCD-2026-2366-B1845F94E95E}","ProcessId":2213,"CommandLine":"C:\\Windows\\System32\\RuntimeBroker.exe","ParentImage":"C:\\Windows\\System32\\services.exe","ParentProcessGuid":"{177EB875-9A83-2026-28E3-E885DACF33E8}","OriginalFileName":"C:\\Windows\\System32\\RuntimeBroker.exe","SHA256":"9f01885857f8c9bc26ee2b162a27e588f1e6bae4ec1788256eb1924352b73a88"}
{"UtcTime":"2026-08-12 10:39:30.000","Computer":"TN-FIN-WS042","User":"TRANSNORTE\\backup_svc","EventID":13,"Image":"C:\\Windows\\System32\\RuntimeBroker.exe","ProcessGuid":"{2D76CE42-16AB-2026-3F04-035775FE8682}","ProcessId":983,"EventType":"SetValue","TargetObject":"HKCU\\Software\\Microsoft\\Office\\16.0\\Outlook\\Resiliency\\3570","Details":"1"}
{"UtcTime":"2026-08-12 10:39:31.000","Computer":"TN-FIN-WS042","User":"TRANSNORTE\\backup_svc","EventID":11,"Image":"C:\\Program Files\\Microsoft Office\\Office16\\OUTLOOK.EXE","ProcessGuid":"{AE0B65F6-C68C-2026-A54C-AB98879231E1}","ProcessId":3692,"TargetFilename":"C:\\Users\\ops.cardoso\\AppData\\Local\\Temp\\office-3571.tmp"}
{"UtcTime":"2026-08-12 10:39:32.000","Computer":"TN-FIN-WS042","User":"TRANSNORTE\\backup_svc","EventID":3,"Image":"C:\\Windows\\System32\\svchost.exe","ProcessGuid":"{D682E4B2-0F23-2026-7F8E-133D7C5012DA}","ProcessId":6392,"DestinationIp":"1.1.1.1","DestinationPort":135,"SourceIp":"10.50.10.42","Protocol":"tcp"}
{"UtcTime":"2026-08-12 10:39:33.000","Computer":"TN-FIN-WS042","User":"TRANSNORTE\\backup_svc","EventID":1,"Image":"C:\\Program Files\\Microsoft Office\\Office16\\OUTLOOK.EXE","ProcessGuid":"{F92632E5-5A7B-2026-8D44-B4BC5A6B0D7F}","ProcessId":3357,"CommandLine":"C:\\Program Files\\Microsoft Office\\Office16\\OUTLOOK.EXE","ParentImage":"C:\\Windows\\System32\\services.exe","ParentProcessGuid":"{A5CC0577-A0B1-2026-CC59-A6DEF31B8744}","OriginalFileName":"C:\\Program Files\\Microsoft Office\\Office16\\OUTLOOK.EXE","SHA256":"5e7d4643960bd51d8d4376dab241fb27895586115e872edebc0db01f851c950a"}
{"UtcTime":"2026-08-12 10:39:34.000","Computer":"TN-FIN-WS042","User":"TRANSNORTE\\ops.cardoso","EventID":13,"Image":"C:\\Windows\\explorer.exe","ProcessGuid":"{6DC033D2-9505-2026-E4F8-F2ADC5C6DCD2}","ProcessId":1810,"EventType":"SetValue","TargetObject":"HKCU\\Software\\Microsoft\\Office\\16.0\\Outlook\\Resiliency\\3574","Details":"1"}
{"UtcTime":"2026-08-12 10:39:35.000","Computer":"TN-FIN-WS042","User":"TRANSNORTE\\ops.cardoso","EventID":3,"Image":"C:\\Program Files\\Google\\Chrome\\Application\\chrome.exe","ProcessGuid":"{520E6C15-5B3E-2026-F246-2AB01B5682BB}","ProcessId":3176,"DestinationIp":"10.50.10.10","DestinationPort":135,"SourceIp":"10.50.10.42","Protocol":"tcp"}
{"UtcTime":"2026-08-12 10:39:36.000","Computer":"TN-FIN-WS042","User":"TRANSNORTE\\backup_svc","EventID":1,"Image":"C:\\Windows\\System32\\RuntimeBroker.exe","ProcessGuid":"{5AE1AF24-2B13-2026-F7A3-8AE7E92C055D}","ProcessId":4545,"CommandLine":"C:\\Windows\\System32\\RuntimeBroker.exe","ParentImage":"C:\\Windows\\System32\\services.exe","ParentProcessGuid":"{0C79E537-BBCE-2026-E790-E322770EA2B5}","OriginalFileName":"C:\\Windows\\System32\\RuntimeBroker.exe","SHA256":"b005ffc999392527639ba7817478eac02a0a594b009734564cf4014a2174a12d"}
{"UtcTime":"2026-08-12 10:39:37.000","Computer":"TN-FIN-WS042","User":"TRANSNORTE\\backup_svc","EventID":1,"Image":"C:\\Program Files\\Google\\Chrome\\Application\\chrome.exe","ProcessGuid":"{6784CF23-D45D-2026-DD33-EBCCB3F3A3E4}","ProcessId":8778,"CommandLine":"C:\\Program Files\\Google\\Chrome\\Application\\chrome.exe","ParentImage":"C:\\Windows\\System32\\services.exe","ParentProcessGuid":"{AC1A2087-25EF-2026-BCD8-B832E5091FCE}","OriginalFileName":"C:\\Program Files\\Google\\Chrome\\Application\\chrome.exe","SHA256":"ead9a60327dc471999051c49b84e40f614080625f2071946cf5a8e641d03d8de"}
{"UtcTime":"2026-08-12 10:39:38.000","Computer":"TN-FIN-WS042","User":"TRANSNORTE\\backup_svc","EventID":5,"Image":"C:\\Windows\\System32\\RuntimeBroker.exe","ProcessGuid":"{57113889-CE08-2026-A2F3-DD0788000278}","ProcessId":2608,"EventType":"End"}
{"UtcTime":"2026-08-12 10:39:39.000","Computer":"TN-FIN-WS042","User":"TRANSNORTE\\backup_svc","EventID":1,"Image":"C:\\Windows\\System32\\conhost.exe","ProcessGuid":"{C86BF34F-8022-2026-983B-9AAA590734FA}","ProcessId":1315,"CommandLine":"C:\\Windows\\System32\\conhost.exe","ParentImage":"C:\\Windows\\System32\\services.exe","ParentProcessGuid":"{0E5A7F07-E9F3-2026-3CF8-CB049495AF46}","OriginalFileName":"C:\\Windows\\System32\\conhost.exe","SHA256":"e4867807fa29731c0184ef2a1f80a37149f8ea463629e3cad346bd8cd880f070"}
{"UtcTime":"2026-08-12 10:39:40.000","Computer":"TN-FIN-WS042","User":"TRANSNORTE\\ops.cardoso","EventID":1,"Image":"C:\\Program Files\\Microsoft Office\\Office16\\OUTLOOK.EXE","ProcessGuid":"{4C9D670A-FF37-2026-3FD3-AEF25FCD2399}","ProcessId":1657,"CommandLine":"C:\\Program Files\\Microsoft Office\\Office16\\OUTLOOK.EXE","ParentImage":"C:\\Windows\\System32\\services.exe","ParentProcessGuid":"{B66CD1A7-7B80-2026-37F5-A706B1DD24F1}","OriginalFileName":"C:\\Program Files\\Microsoft Office\\Office16\\OUTLOOK.EXE","SHA256":"354e65e920fe983e6a79a50e0557578a526b915ae97b4ccc9d5ca23db686bc1b"}
{"UtcTime":"2026-08-12 10:39:41.000","Computer":"TN-FIN-WS042","User":"TRANSNORTE\\ops.cardoso","EventID":1,"Image":"C:\\Windows\\System32\\svchost.exe","ProcessGuid":"{543AC8B4-C33D-2026-9710-EE0E1D2FF2CD}","ProcessId":7131,"CommandLine":"C:\\Windows\\System32\\svchost.exe","ParentImage":"C:\\Windows\\System32\\services.exe","ParentProcessGuid":"{8832D9F5-141B-2026-AAC7-876A61A7CFF2}","OriginalFileName":"C:\\Windows\\System32\\svchost.exe","SHA256":"483db9e2e7d837c191a6aa4d65ad9d284f3fdb2752940640213730b4881e98f9"}
{"UtcTime":"2026-08-12 10:39:42.000","Computer":"TN-FIN-WS042","User":"TRANSNORTE\\ops.cardoso","EventID":11,"Image":"C:\\Windows\\System32\\svchost.exe","ProcessGuid":"{739A555D-3602-2026-993F-9C19AD544574}","ProcessId":6277,"TargetFilename":"C:\\Users\\ops.cardoso\\AppData\\Local\\Temp\\office-3582.tmp"}
{"UtcTime":"2026-08-12 10:39:43.000","Computer":"TN-FIN-WS042","User":"TRANSNORTE\\backup_svc","EventID":5,"Image":"C:\\Windows\\explorer.exe","ProcessGuid":"{FE497885-F800-2026-9F2E-E8A3C63B4CDE}","ProcessId":7100,"EventType":"End"}
{"UtcTime":"2026-08-12 10:39:44.000","Computer":"TN-FIN-WS042","User":"TRANSNORTE\\backup_svc","EventID":5,"Image":"C:\\Program Files\\Microsoft Office\\Office16\\OUTLOOK.EXE","ProcessGuid":"{A4251C38-1BB9-2026-6382-6BDB6F2755FD}","ProcessId":4376,"EventType":"End"}
{"UtcTime":"2026-08-12 10:39:45.000","Computer":"TN-FIN-WS042","User":"TRANSNORTE\\backup_svc","EventID":13,"Image":"C:\\Program Files\\Google\\Chrome\\Application\\chrome.exe","ProcessGuid":"{24D20B20-1E08-2026-DEFF-564C63BCA5B4}","ProcessId":4941,"EventType":"SetValue","TargetObject":"HKCU\\Software\\Microsoft\\Office\\16.0\\Outlook\\Resiliency\\3585","Details":"1"}
{"UtcTime":"2026-08-12 10:39:46.000","Computer":"TN-FIN-WS042","User":"TRANSNORTE\\ops.cardoso","EventID":13,"Image":"C:\\Windows\\System32\\RuntimeBroker.exe","ProcessGuid":"{A6DDC63A-48D6-2026-89F4-5840950DA400}","ProcessId":3783,"EventType":"SetValue","TargetObject":"HKCU\\Software\\Microsoft\\Office\\16.0\\Outlook\\Resiliency\\3586","Details":"1"}
{"UtcTime":"2026-08-12 10:39:47.000","Computer":"TN-FIN-WS042","User":"TRANSNORTE\\backup_svc","EventID":11,"Image":"C:\\Windows\\explorer.exe","ProcessGuid":"{2CA6961E-3EAD-2026-5A7B-1F66DF124064}","ProcessId":7635,"TargetFilename":"C:\\Users\\ops.cardoso\\AppData\\Local\\Temp\\office-3587.tmp"}
{"UtcTime":"2026-08-12 10:39:48.000","Computer":"TN-FIN-WS042","User":"TRANSNORTE\\ops.cardoso","EventID":3,"Image":"C:\\Program Files\\Google\\Chrome\\Application\\chrome.exe","ProcessGuid":"{5C44A78A-9ABD-2026-EE76-2C94631E2463}","ProcessId":551,"DestinationIp":"10.50.10.10","DestinationPort":53,"SourceIp":"10.50.10.42","Protocol":"tcp"}
{"UtcTime":"2026-08-12 10:39:49.000","Computer":"TN-FIN-WS042","User":"TRANSNORTE\\ops.cardoso","EventID":1,"Image":"C:\\Windows\\System32\\RuntimeBroker.exe","ProcessGuid":"{305F458D-28C8-2026-B214-FA1997167766}","ProcessId":5689,"CommandLine":"C:\\Windows\\System32\\RuntimeBroker.exe","ParentImage":"C:\\Windows\\System32\\services.exe","ParentProcessGuid":"{09FD1137-66AA-2026-084E-20D8479DA5A0}","OriginalFileName":"C:\\Windows\\System32\\RuntimeBroker.exe","SHA256":"61da8028c2887d91f56e4da031070b86cf83405fc9dedb1c441ded0cc613ac4f"}
{"UtcTime":"2026-08-12 10:39:50.000","Computer":"TN-FIN-WS042","User":"TRANSNORTE\\ops.cardoso","EventID":5,"Image":"C:\\Windows\\System32\\svchost.exe","ProcessGuid":"{8654F3BC-1BCD-2026-0B01-DF419DD7BC2F}","ProcessId":7738,"EventType":"End"}
{"UtcTime":"2026-08-12 10:39:51.000","Computer":"TN-FIN-WS042","User":"TRANSNORTE\\ops.cardoso","EventID":1,"Image":"C:\\Windows\\System32\\conhost.exe","ProcessGuid":"{D379E47A-150B-2026-9E0C-868F9949460D}","ProcessId":1430,"CommandLine":"C:\\Windows\\System32\\conhost.exe","ParentImage":"C:\\Windows\\System32\\services.exe","ParentProcessGuid":"{88835255-EDB4-2026-CEE7-EF59048CFB1E}","OriginalFileName":"C:\\Windows\\System32\\conhost.exe","SHA256":"95b108a6f7a4b8ffc07dbcfd8ae6e05883c7ac38afede065b4caff5ee39463d2"}
{"UtcTime":"2026-08-12 10:39:52.000","Computer":"TN-FIN-WS042","User":"TRANSNORTE\\backup_svc","EventID":11,"Image":"C:\\Windows\\System32\\RuntimeBroker.exe","ProcessGuid":"{4CF082F2-820A-2026-8ED9-253ED8E740DC}","ProcessId":6572,"TargetFilename":"C:\\Users\\ops.cardoso\\AppData\\Local\\Temp\\office-3592.tmp"}
{"UtcTime":"2026-08-12 10:39:53.000","Computer":"TN-FIN-WS042","User":"TRANSNORTE\\backup_svc","EventID":1,"Image":"C:\\Program Files\\Google\\Chrome\\Application\\chrome.exe","ProcessGuid":"{BDF138B2-4738-2026-21EC-4B35365976EA}","ProcessId":744,"CommandLine":"C:\\Program Files\\Google\\Chrome\\Application\\chrome.exe","ParentImage":"C:\\Windows\\System32\\services.exe","ParentProcessGuid":"{718A663A-8C49-2026-9451-76FAE66C7642}","OriginalFileName":"C:\\Program Files\\Google\\Chrome\\Application\\chrome.exe","SHA256":"045b42108b011fc110d57cbae8d7bfe9a113747b443561723fe7d2d5e09816a7"}
{"UtcTime":"2026-08-12 10:39:54.000","Computer":"TN-FIN-WS042","User":"TRANSNORTE\\ops.cardoso","EventID":1,"Image":"C:\\Windows\\explorer.exe","ProcessGuid":"{725E765F-0C04-2026-058A-3E184E7F4DC0}","ProcessId":8922,"CommandLine":"C:\\Windows\\explorer.exe","ParentImage":"C:\\Windows\\System32\\services.exe","ParentProcessGuid":"{24798C5C-A286-2026-2D84-0B7F4EF60B16}","OriginalFileName":"C:\\Windows\\explorer.exe","SHA256":"a41beefb51cf7a47496188d84d17809de7c82900c12d0f4d392890d1a01ca5d4"}
{"UtcTime":"2026-08-12 10:39:55.000","Computer":"TN-FIN-WS042","User":"TRANSNORTE\\backup_svc","EventID":11,"Image":"C:\\Program Files\\Microsoft Office\\Office16\\OUTLOOK.EXE","ProcessGuid":"{18553045-3C0E-2026-566C-CBB1B7B85A44}","ProcessId":2358,"TargetFilename":"C:\\Users\\ops.cardoso\\AppData\\Local\\Temp\\office-3595.tmp"}
{"UtcTime":"2026-08-12 10:39:56.000","Computer":"TN-FIN-WS042","User":"TRANSNORTE\\backup_svc","EventID":11,"Image":"C:\\Windows\\System32\\svchost.exe","ProcessGuid":"{216D5124-84BB-2026-37B3-40A724F01D31}","ProcessId":1989,"TargetFilename":"C:\\Users\\ops.cardoso\\AppData\\Local\\Temp\\office-3596.tmp"}
{"UtcTime":"2026-08-12 10:39:57.000","Computer":"TN-FIN-WS042","User":"TRANSNORTE\\backup_svc","EventID":1,"Image":"C:\\Windows\\System32\\svchost.exe","ProcessGuid":"{E5F539A7-757C-2026-95E8-E935A487D354}","ProcessId":7219,"CommandLine":"C:\\Windows\\System32\\svchost.exe","ParentImage":"C:\\Windows\\System32\\services.exe","ParentProcessGuid":"{41297408-266B-2026-E48D-09DE6CF4AE47}","OriginalFileName":"C:\\Windows\\System32\\svchost.exe","SHA256":"53db17d76d6f6cc9271c022d0fb7746021bc52ae4691e345d719b989f877b065"}
{"UtcTime":"2026-08-12 10:39:58.000","Computer":"TN-FIN-WS042","User":"TRANSNORTE\\backup_svc","EventID":1,"Image":"C:\\Windows\\explorer.exe","ProcessGuid":"{4BE85780-E768-2026-DEC5-0C458E155848}","ProcessId":4308,"CommandLine":"C:\\Windows\\explorer.exe","ParentImage":"C:\\Windows\\System32\\services.exe","ParentProcessGuid":"{06B5E885-35C0-2026-2608-ED38D5AFD8E7}","OriginalFileName":"C:\\Windows\\explorer.exe","SHA256":"0aab598596a50c62b99cafca887a05eec520733105a548f01102799ec5a3a367"}
{"UtcTime":"2026-08-12 10:39:59.000","Computer":"TN-FIN-WS042","User":"TRANSNORTE\\ops.cardoso","EventID":11,"Image":"C:\\Windows\\System32\\svchost.exe","ProcessGuid":"{1A346D01-13E3-2026-8EE7-000541CE117D}","ProcessId":752,"TargetFilename":"C:\\Users\\ops.cardoso\\AppData\\Local\\Temp\\office-3599.tmp"}
{"UtcTime":"2026-08-12 10:40:00.000","Computer":"TN-FIN-WS042","User":"TRANSNORTE\\backup_svc","EventID":3,"Image":"C:\\Program Files\\Microsoft Office\\Office16\\OUTLOOK.EXE","ProcessGuid":"{178C06B4-DC73-2026-94E6-EB2C3EFA17F7}","ProcessId":2765,"DestinationIp":"10.50.10.10","DestinationPort":8080,"SourceIp":"10.50.10.42","Protocol":"tcp"}
{"UtcTime":"2026-08-12 10:40:01.000","Computer":"TN-FIN-WS042","User":"TRANSNORTE\\backup_svc","EventID":5,"Image":"C:\\Windows\\System32\\RuntimeBroker.exe","ProcessGuid":"{1427E6A4-D36F-2026-E886-5FFE5A17F8DF}","ProcessId":6210,"EventType":"End"}
{"UtcTime":"2026-08-12 10:40:02.000","Computer":"TN-FIN-WS042","User":"TRANSNORTE\\backup_svc","EventID":11,"Image":"C:\\Windows\\explorer.exe","ProcessGuid":"{8E47AB52-16F8-2026-EEB2-B8E5163CAC38}","ProcessId":5159,"TargetFilename":"C:\\Users\\ops.cardoso\\AppData\\Local\\Temp\\office-3602.tmp"}
{"UtcTime":"2026-08-12 10:40:03.000","Computer":"TN-FIN-WS042","User":"TRANSNORTE\\backup_svc","EventID":5,"Image":"C:\\Program Files\\Google\\Chrome\\Application\\chrome.exe","ProcessGuid":"{C4D77D41-B1AB-2026-BAAA-6CE91F378222}","ProcessId":2424,"EventType":"End"}
{"UtcTime":"2026-08-12 10:40:04.000","Computer":"TN-FIN-WS042","User":"TRANSNORTE\\ops.cardoso","EventID":13,"Image":"C:\\Windows\\explorer.exe","ProcessGuid":"{FFE4DD6E-BE22-2026-35FC-25636462A717}","ProcessId":2025,"EventType":"SetValue","TargetObject":"HKCU\\Software\\Microsoft\\Office\\16.0\\Outlook\\Resiliency\\3604","Details":"1"}
{"UtcTime":"2026-08-12 10:40:05.000","Computer":"TN-FIN-WS042","User":"TRANSNORTE\\backup_svc","EventID":11,"Image":"C:\\Program Files\\Microsoft Office\\Office16\\OUTLOOK.EXE","ProcessGuid":"{425BC1EF-719B-2026-63DB-7D256DD16E77}","ProcessId":5789,"TargetFilename":"C:\\Users\\ops.cardoso\\AppData\\Local\\Temp\\office-3605.tmp"}
{"UtcTime":"2026-08-12 10:40:06.000","Computer":"TN-FIN-WS042","User":"TRANSNORTE\\backup_svc","EventID":1,"Image":"C:\\Windows\\System32\\RuntimeBroker.exe","ProcessGuid":"{833F076F-9480-2026-46D1-3D76893B89AF}","ProcessId":8814,"CommandLine":"C:\\Windows\\System32\\RuntimeBroker.exe","ParentImage":"C:\\Windows\\System32\\services.exe","ParentProcessGuid":"{3E26C4DD-262D-2026-7AA6-FD4A53F4A1C7}","OriginalFileName":"C:\\Windows\\System32\\RuntimeBroker.exe","SHA256":"f33be50b4ca06579643a6c90725e01b667d7ebdfbf2cf97ef6805288371bc251"}
{"UtcTime":"2026-08-12 10:40:07.000","Computer":"TN-FIN-WS042","User":"TRANSNORTE\\ops.cardoso","EventID":3,"Image":"C:\\Program Files\\Google\\Chrome\\Application\\chrome.exe","ProcessGuid":"{27A14157-5686-2026-3D5F-5B82F985E851}","ProcessId":1847,"DestinationIp":"10.50.10.10","DestinationPort":135,"SourceIp":"10.50.10.42","Protocol":"tcp"}
{"UtcTime":"2026-08-12 10:40:08.000","Computer":"TN-FIN-WS042","User":"TRANSNORTE\\backup_svc","EventID":1,"Image":"C:\\Windows\\System32\\svchost.exe","ProcessGuid":"{E64C8B15-FE2C-2026-C0D3-64763511DAD8}","ProcessId":8783,"CommandLine":"C:\\Windows\\System32\\svchost.exe","ParentImage":"C:\\Windows\\System32\\services.exe","ParentProcessGuid":"{63405D5C-EAA6-2026-E8D5-EFAC569DDBB5}","OriginalFileName":"C:\\Windows\\System32\\svchost.exe","SHA256":"e92ffc58b7d34ad62f3c8b495f6b622ef50363daa37a4d51dc2fe0172c7ba4e6"}
{"UtcTime":"2026-08-12 10:40:09.000","Computer":"TN-FIN-WS042","User":"TRANSNORTE\\backup_svc","EventID":11,"Image":"C:\\Program Files\\Google\\Chrome\\Application\\chrome.exe","ProcessGuid":"{8AAC0BEB-7020-2026-2072-CBC0F8DCED68}","ProcessId":8982,"TargetFilename":"C:\\Users\\ops.cardoso\\AppData\\Local\\Temp\\office-3609.tmp"}
{"UtcTime":"2026-08-12 10:40:10.000","Computer":"TN-FIN-WS042","User":"TRANSNORTE\\ops.cardoso","EventID":1,"Image":"C:\\Windows\\System32\\RuntimeBroker.exe","ProcessGuid":"{26371FAE-66B6-2026-6000-A4D76A4FCB95}","ProcessId":3890,"CommandLine":"C:\\Windows\\System32\\RuntimeBroker.exe","ParentImage":"C:\\Windows\\System32\\services.exe","ParentProcessGuid":"{6F923377-DC57-2026-40FC-E26899D0ED80}","OriginalFileName":"C:\\Windows\\System32\\RuntimeBroker.exe","SHA256":"62b1e253318765ca1935d7028a27765ad374cd0a9616b53183c575dd6107a322"}
{"UtcTime":"2026-08-12 10:40:11.000","Computer":"TN-FIN-WS042","User":"TRANSNORTE\\ops.cardoso","EventID":1,"Image":"C:\\Windows\\System32\\RuntimeBroker.exe","ProcessGuid":"{5E73BC94-10C4-2026-6E42-4B6609292347}","ProcessId":7730,"CommandLine":"C:\\Windows\\System32\\RuntimeBroker.exe","ParentImage":"C:\\Windows\\System32\\services.exe","ParentProcessGuid":"{771F35E4-36D3-2026-C315-B92B8B904C3B}","OriginalFileName":"C:\\Windows\\System32\\RuntimeBroker.exe","SHA256":"df6940a04a6b544f69c7f6c954a5c15151d19d067b7065d26c93fb48c25d48f2"}
{"UtcTime":"2026-08-12 10:40:12.000","Computer":"TN-FIN-WS042","User":"TRANSNORTE\\ops.cardoso","EventID":11,"Image":"C:\\Windows\\System32\\svchost.exe","ProcessGuid":"{6B2DA71B-DA51-2026-C32F-8E250E220421}","ProcessId":5039,"TargetFilename":"C:\\Users\\ops.cardoso\\AppData\\Local\\Temp\\office-3612.tmp"}
{"UtcTime":"2026-08-12 10:40:13.000","Computer":"TN-FIN-WS042","User":"TRANSNORTE\\ops.cardoso","EventID":1,"Image":"C:\\Windows\\System32\\conhost.exe","ProcessGuid":"{108B26C0-E97C-2026-D279-9F9F3D4FC0CD}","ProcessId":1697,"CommandLine":"C:\\Windows\\System32\\conhost.exe","ParentImage":"C:\\Windows\\System32\\services.exe","ParentProcessGuid":"{225BFDD0-446F-2026-41E5-366E5762740B}","OriginalFileName":"C:\\Windows\\System32\\conhost.exe","SHA256":"30a052f80c26b795464607f1978f5301f374a8a0e9eee47854bf40d20df6e936"}
{"UtcTime":"2026-08-12 10:40:14.000","Computer":"TN-FIN-WS042","User":"TRANSNORTE\\backup_svc","EventID":1,"Image":"C:\\Program Files\\Google\\Chrome\\Application\\chrome.exe","ProcessGuid":"{84C3F7F7-16B8-2026-FB73-1B9DBFC99FD3}","ProcessId":4733,"CommandLine":"C:\\Program Files\\Google\\Chrome\\Application\\chrome.exe","ParentImage":"C:\\Windows\\System32\\services.exe","ParentProcessGuid":"{E7E89393-244E-2026-C0EE-6964A7D9F94D}","OriginalFileName":"C:\\Program Files\\Google\\Chrome\\Application\\chrome.exe","SHA256":"9c26252327bd49d5af222da4f6d05bc9647dd8ab07a707ad067e60993cb8af71"}
{"UtcTime":"2026-08-12 10:40:15.000","Computer":"TN-FIN-WS042","User":"TRANSNORTE\\backup_svc","EventID":1,"Image":"C:\\Windows\\System32\\svchost.exe","ProcessGuid":"{9BBD051D-230A-2026-3C72-BBFBD77ED6CC}","ProcessId":2075,"CommandLine":"C:\\Windows\\System32\\svchost.exe","ParentImage":"C:\\Windows\\System32\\services.exe","ParentProcessGuid":"{9D6DAE72-F3DA-2026-6623-CC551CA46369}","OriginalFileName":"C:\\Windows\\System32\\svchost.exe","SHA256":"7604f9fc486f65484ff80b81919f1e7bd155780f5326d52a21b2ab17955e1e76"}
{"UtcTime":"2026-08-12 10:40:16.000","Computer":"TN-FIN-WS042","User":"TRANSNORTE\\backup_svc","EventID":1,"Image":"C:\\Windows\\System32\\RuntimeBroker.exe","ProcessGuid":"{AD2DDB91-832E-2026-F72A-925AC31F1E4F}","ProcessId":8363,"CommandLine":"C:\\Windows\\System32\\RuntimeBroker.exe","ParentImage":"C:\\Windows\\System32\\services.exe","ParentProcessGuid":"{B8C84D73-080B-2026-93EC-7F45C1CFAD3D}","OriginalFileName":"C:\\Windows\\System32\\RuntimeBroker.exe","SHA256":"6e906269c2e702545d82ea76a704dc860ce7de7962e3138d93ee05fd6ecbe1f6"}
