{"UtcTime":"2026-08-12 09:56:08.000","Computer":"TN-FIN-WS042","User":"TRANSNORTE\\backup_svc","EventID":3,"Image":"C:\\Windows\\System32\\conhost.exe","ProcessGuid":"{926B3D97-4562-2026-EB99-83CB50F5EF8A}","ProcessId":3284,"DestinationIp":"8.8.8.8","DestinationPort":443,"SourceIp":"10.50.10.42","Protocol":"tcp"}
{"UtcTime":"2026-08-12 09:56:09.000","Computer":"TN-FIN-WS042","User":"TRANSNORTE\\backup_svc","EventID":1,"Image":"C:\\Windows\\System32\\RuntimeBroker.exe","ProcessGuid":"{5DD0B288-7DD2-2026-8E57-8564A49800B0}","ProcessId":7265,"CommandLine":"C:\\Windows\\System32\\RuntimeBroker.exe","ParentImage":"C:\\Windows\\System32\\services.exe","ParentProcessGuid":"{2FE73387-41A7-2026-178A-647B5AD69FAF}","OriginalFileName":"C:\\Windows\\System32\\RuntimeBroker.exe","SHA256":"a77bfdf45693dbbdb735e07299407a0aee413afac7433277c64c0f90d4304e6c"}
{"UtcTime":"2026-08-12 09:56:10.000","Computer":"TN-FIN-WS042","User":"TRANSNORTE\\ops.cardoso","EventID":11,"Image":"C:\\Program Files\\Microsoft Office\\Office16\\OUTLOOK.EXE","ProcessGuid":"{20AD8F43-DEEB-2026-7CE2-F1172A767775}","ProcessId":3607,"TargetFilename":"C:\\Users\\ops.cardoso\\AppData\\Local\\Temp\\office-970.tmp"}
{"UtcTime":"2026-08-12 09:56:11.000","Computer":"TN-FIN-WS042","User":"TRANSNORTE\\backup_svc","EventID":5,"Image":"C:\\Windows\\System32\\RuntimeBroker.exe","ProcessGuid":"{1EC36BE0-0E1D-2026-34AD-1B08C874B531}","ProcessId":3291,"EventType":"End"}
{"UtcTime":"2026-08-12 09:56:12.000","Computer":"TN-FIN-WS042","User":"TRANSNORTE\\ops.cardoso","EventID":1,"Image":"C:\\Windows\\System32\\RuntimeBroker.exe","ProcessGuid":"{BEA7787E-DD12-2026-313E-707671D8DE33}","ProcessId":8122,"CommandLine":"C:\\Windows\\System32\\RuntimeBroker.exe","ParentImage":"C:\\Windows\\System32\\services.exe","ParentProcessGuid":"{641AEAA3-A4FB-2026-A419-02E3C22FB43A}","OriginalFileName":"C:\\Windows\\System32\\RuntimeBroker.exe","SHA256":"fba772811961783922317286c45f8f4d640f538c36940c2c5de78aee032f5341"}
{"UtcTime":"2026-08-12 09:56:13.000","Computer":"TN-FIN-WS042","User":"TRANSNORTE\\ops.cardoso","EventID":1,"Image":"C:\\Program Files\\Google\\Chrome\\Application\\chrome.exe","ProcessGuid":"{162DD132-868A-2026-D18F-274593CC5D40}","ProcessId":7408,"CommandLine":"C:\\Program Files\\Google\\Chrome\\Application\\chrome.exe","ParentImage":"C:\\Windows\\System32\\services.exe","ParentProcessGuid":"{3F159044-7819-2026-2EE3-17A365B16C8C}","OriginalFileName":"C:\\Program Files\\Google\\Chrome\\Application\\chrome.exe","SHA256":"2f4336efe2ed6b2625174bfdab418169f1fc8f254a924f719d81d93c8ee8ebe2"}
{"UtcTime":"2026-08-12 09:56:14.000","Computer":"TN-FIN-WS042","User":"TRANSNORTE\\backup_svc","EventID":1,"Image":"C:\\Program Files\\Google\\Chrome\\Application\\chrome.exe","ProcessGuid":"{2C30654D-D5AF-2026-90AD-675325DBF8BD}","ProcessId":4411,"CommandLine":"C:\\Program Files\\Google\\Chrome\\Application\\chrome.exe","ParentImage":"C:\\Windows\\System32\\services.exe","ParentProcessGuid":"{4AA3A054-27A9-2026-FC10-0E7610F81FFF}","OriginalFileName":"C:\\Program Files\\Google\\Chrome\\Application\\chrome.exe","SHA256":"60c32d3c26965dfa2bb8d4e60dbcf8d82aa226b3361dc35db3302a7e41ab9acc"}
{"UtcTime":"2026-08-12 09:56:15.000","Computer":"TN-FIN-WS042","User":"TRANSNORTE\\ops.cardoso","EventID":13,"Image":"C:\\Program Files\\Microsoft Office\\Office16\\OUTLOOK.EXE","ProcessGuid":"{D23BF5A7-343D-2026-B3E8-648EE1BE215C}","ProcessId":3529,"EventType":"SetValue","TargetObject":"HKCU\\Software\\Microsoft\\Office\\16.0\\Outlook\\Resiliency\\975","Details":"1"}
{"UtcTime":"2026-08-12 09:56:16.000","Computer":"TN-FIN-WS042","User":"TRANSNORTE\\backup_svc","EventID":5,"Image":"C:\\Windows\\explorer.exe","ProcessGuid":"{047447BE-1015-2026-B6F0-C98B166A69A6}","ProcessId":2885,"EventType":"End"}
{"UtcTime":"2026-08-12 09:56:17.000","Computer":"TN-FIN-WS042","User":"TRANSNORTE\\backup_svc","EventID":3,"Image":"C:\\Windows\\System32\\svchost.exe","ProcessGuid":"{DC2923C6-E2FF-2026-9A71-AA2007FBC21A}","ProcessId":5365,"DestinationIp":"10.50.10.10","DestinationPort":443,"SourceIp":"10.50.10.42","Protocol":"tcp"}
{"UtcTime":"2026-08-12 09:56:18.000","Computer":"TN-FIN-WS042","User":"TRANSNORTE\\backup_svc","EventID":5,"Image":"C:\\Program Files\\Google\\Chrome\\Application\\chrome.exe","ProcessGuid":"{3184062D-BD7F-2026-B53B-CB4E3D7340F0}","ProcessId":3221,"EventType":"End"}
{"UtcTime":"2026-08-12 09:56:19.000","Computer":"TN-FIN-WS042","User":"TRANSNORTE\\ops.cardoso","EventID":5,"Image":"C:\\Windows\\System32\\RuntimeBroker.exe","ProcessGuid":"{7C701009-08D2-2026-AAA2-DFFDEF0A8E73}","ProcessId":8795,"EventType":"End"}
{"UtcTime":"2026-08-12 09:56:20.000","Computer":"TN-FIN-WS042","User":"TRANSNORTE\\ops.cardoso","EventID":3,"Image":"C:\\Windows\\explorer.exe","ProcessGuid":"{5911657B-5EFD-2026-FB5B-21354FACDAD5}","ProcessId":5363,"DestinationIp":"1.1.1.1","DestinationPort":135,"SourceIp":"10.50.10.42","Protocol":"tcp"}
{"UtcTime":"2026-08-12 09:56:21.000","Computer":"TN-FIN-WS042","User":"TRANSNORTE\\ops.cardoso","EventID":3,"Image":"C:\\Program Files\\Google\\Chrome\\Application\\chrome.exe","ProcessGuid":"{5C49F502-DE18-2026-B822-C39874A3D6D3}","ProcessId":1226,"DestinationIp":"8.8.8.8","DestinationPort":135,"SourceIp":"10.50.10.42","Protocol":"tcp"}
{"UtcTime":"2026-08-12 09:56:22.000","Computer":"TN-FIN-WS042","User":"TRANSNORTE\\ops.cardoso","EventID":1,"Image":"C:\\Program Files\\Google\\Chrome\\Application\\chrome.exe","ProcessGuid":"{014FA8B1-30D6-2026-4B63-E58138DA0CA5}","ProcessId":8643,"CommandLine":"C:\\Program Files\\Google\\Chrome\\Application\\chrome.exe","ParentImage":"C:\\Windows\\System32\\services.exe","ParentProcessGuid":"{4A401EB6-2640-2026-46CC-480D9CFEF889}","OriginalFileName":"C:\\Program Files\\Google\\Chrome\\Application\\chrome.exe","SHA256":"cbca8e093ca1f255920db0ca7d2762e0ab355c825899ff5c246ee6c99a7d152f"}
{"UtcTime":"2026-08-12 09:56:23.000","Computer":"TN-FIN-WS042","User":"TRANSNORTE\\ops.cardoso","EventID":1,"Image":"C:\\Windows\\System32\\RuntimeBroker.exe","ProcessGuid":"{7F4AA01E-235C-2026-5BC7-A6C3B5D57E77}","ProcessId":4874,"CommandLine":"C:\\Windows\\System32\\RuntimeBroker.exe","ParentImage":"C:\\Windows\\System32\\services.exe","ParentProcessGuid":"{A562FA6B-DA06-2026-1CF6-14092334F9B6}","OriginalFileName":"C:\\Windows\\System32\\RuntimeBroker.exe","SHA256":"2e8b241af1bba822eadd5261a3bafb0d4468cbc56392b9f80d6c65e781be1716"}
{"UtcTime":"2026-08-12 09:56:24.000","Computer":"TN-FIN-WS042","User":"TRANSNORTE\\ops.cardoso","EventID":1,"Image":"C:\\Windows\\System32\\svchost.exe","ProcessGuid":"{1C6DE701-0B13-2026-7804-1A05ADAFB24D}","ProcessId":5356,"CommandLine":"C:\\Windows\\System32\\svchost.exe","ParentImage":"C:\\Windows\\System32\\services.exe","ParentProcessGuid":"{B28D9C4B-7947-2026-2B4A-F2B5DFB1F2DA}","OriginalFileName":"C:\\Windows\\System32\\svchost.exe","SHA256":"1be44850b66999e7fe8ac4e38e053c9823fae1573e1688fd44a632efd819b4b6"}
{"UtcTime":"2026-08-12 09:56:25.000","Computer":"TN-FIN-WS042","User":"TRANSNORTE\\ops.cardoso","EventID":11,"Image":"C:\\Windows\\System32\\conhost.exe","ProcessGuid":"{75D84216-F9AC-2026-4E89-3733EF397372}","ProcessId":2346,"TargetFilename":"C:\\Users\\ops.cardoso\\AppData\\Local\\Temp\\office-985.tmp"}
{"UtcTime":"2026-08-12 09:56:26.000","Computer":"TN-FIN-WS042","User":"TRANSNORTE\\backup_svc","EventID":5,"Image":"C:\\Windows\\System32\\conhost.exe","ProcessGuid":"{98823079-7BD7-2026-4F4D-4BC1AC1A4E71}","ProcessId":908,"EventType":"End"}
{"UtcTime":"2026-08-12 09:56:27.000","Computer":"TN-FIN-WS042","User":"TRANSNORTE\\backup_svc","EventID":1,"Image":"C:\\Program Files\\Google\\Chrome\\Application\\chrome.exe","ProcessGuid":"{7C2DB4C1-36CE-2026-51BB-CF4700EE997A}","ProcessId":863,"CommandLine":"C:\\Program Files\\Google\\Chrome\\Application\\chrome.exe","ParentImage":"C:\\Windows\\System32\\services.exe","ParentProcessGuid":"{AEEC4AF1-241C-2026-4266-926357757531}","OriginalFileName":"C:\\Program Files\\Google\\Chrome\\Application\\chrome.exe","SHA256":"a4fef31137cb478b023869a8636aea78df23ff550974dc099a260e48f4d24b64"}
{"UtcTime":"2026-08-12 09:56:28.000","Computer":"TN-FIN-WS042","User":"TRANSNORTE\\backup_svc","EventID":1,"Image":"C:\\Windows\\System32\\svchost.exe","ProcessGuid":"{34E8538F-7865-2026-2F38-A5F96F30266B}","ProcessId":2213,"CommandLine":"C:\\Windows\\System32\\svchost.exe","ParentImage":"C:\\Windows\\System32\\services.exe","ParentProcessGuid":"{BA8A8101-B4F1-2026-0678-95ECBDC7DA57}","OriginalFileName":"C:\\Windows\\System32\\svchost.exe","SHA256":"75d4432edc089e2ca437e9085adcc7a43ee4a3e026e31374d0017cae9153a16d"}
{"UtcTime":"2026-08-12 09:56:29.000","Computer":"TN-FIN-WS042","User":"TRANSNORTE\\backup_svc","EventID":1,"Image":"C:\\Program Files\\Microsoft Office\\Office16\\OUTLOOK.EXE","ProcessGuid":"{20390045-93AE-2026-84EB-63D5AF4A7B4B}","ProcessId":3635,"CommandLine":"C:\\Program Files\\Microsoft Office\\Office16\\OUTLOOK.EXE","ParentImage":"C:\\Windows\\System32\\services.exe","ParentProcessGuid":"{BABE5CBF-BDCD-2026-E0E6-FD747995FF9C}","OriginalFileName":"C:\\Program Files\\Microsoft Office\\Office16\\OUTLOOK.EXE","SHA256":"fc8eec1197a5d64ace7fedc633414d8ee424e72558de55e2644dc7c814b69237"}
{"UtcTime":"2026-08-12 09:56:30.000","Computer":"TN-FIN-WS042","User":"TRANSNORTE\\backup_svc","EventID":5,"Image":"C:\\Windows\\System32\\svchost.exe","ProcessGuid":"{F2D0010A-C5EB-2026-A251-51B6C28550E3}","ProcessId":1979,"EventType":"End"}
{"UtcTime":"2026-08-12 09:56:31.000","Computer":"TN-FIN-WS042","User":"TRANSNORTE\\backup_svc","EventID":1,"Image":"C:\\Program Files\\Microsoft Office\\Office16\\OUTLOOK.EXE","ProcessGuid":"{0D673922-E9FC-2026-AD4D-74862CDCB874}","ProcessId":4471,"CommandLine":"C:\\Program Files\\Microsoft Office\\Office16\\OUTLOOK.EXE","ParentImage":"C:\\Windows\\System32\\services.exe","ParentProcessGuid":"{1A37B498-D0EB-2026-8122-ED6D5FC8E8FC}","OriginalFileName":"C:\\Program Files\\Microsoft Office\\Office16\\OUTLOOK.EXE","SHA256":"4347e1817c55414837258059d4f2e25a57c7a49f8b1b289e43dbf070b4e9f056"}
{"UtcTime":"2026-08-12 09:56:32.000","Computer":"TN-FIN-WS042","User":"TRANSNORTE\\backup_svc","EventID":1,"Image":"C:\\Windows\\System32\\RuntimeBroker.exe","ProcessGuid":"{527232F6-64C5-2026-BAA6-8BEF54658BA5}","ProcessId":8632,"CommandLine":"C:\\Windows\\System32\\RuntimeBroker.exe","ParentImage":"C:\\Windows\\System32\\services.exe","ParentProcessGuid":"{5EEB8F2E-2541-2026-F4A5-4987DCEB8BED}","OriginalFileName":"C:\\Windows\\System32\\RuntimeBroker.exe","SHA256":"abd41bdccdfd70d0c03bc654621fa12f2317cef6c5da7fbbb2c169657f5f9194"}
{"UtcTime":"2026-08-12 09:56:33.000","Computer":"TN-FIN-WS042","User":"TRANSNORTE\\backup_svc","EventID":1,"Image":"C:\\Program Files\\Microsoft Office\\Office16\\OUTLOOK.EXE","ProcessGuid":"{4698CC7E-485F-2026-CE92-808BB7A660C6}","ProcessId":6584,"CommandLine":"C:\\Program Files\\Microsoft Office\\Office16\\OUTLOOK.EXE","ParentImage":"C:\\Windows\\System32\\services.exe","ParentProcessGuid":"{BE535AF9-4F81-2026-92A2-52E9C2DE4A99}","OriginalFileName":"C:\\Program Files\\Microsoft Office\\Office16\\OUTLOOK.EXE","SHA256":"9b260c3826f570b242a7eb622d8dbe7e987c1a94b033dcb9de3ada330c06487e"}
{"UtcTime":"2026-08-12 09:56:34.000","Computer":"TN-FIN-WS042","User":"TRANSNORTE\\backup_svc","EventID":3,"Image":"C:\\Windows\\System32\\svchost.exe","ProcessGuid":"{5E1C4A98-38A8-2026-02D6-9EA599485910}","ProcessId":7170,"DestinationIp":"1.1.1.1","DestinationPort":53,"SourceIp":"10.50.10.42","Protocol":"tcp"}
{"UtcTime":"2026-08-12 09:56:35.000","Computer":"TN-FIN-WS042","User":"TRANSNORTE\\backup_svc","EventID":1,"Image":"C:\\Windows\\System32\\svchost.exe","ProcessGuid":"{32D2D769-C55D-2026-4AAA-4C0CF6F99A42}","ProcessId":6771,"CommandLine":"C:\\Windows\\System32\\svchost.exe","ParentImage":"C:\\Windows\\System32\\services.exe","ParentProcessGuid":"{0D88CF1F-AB98-2026-71E6-B5B1CC1C557B}","OriginalFileName":"C:\\Windows\\System32\\svchost.exe","SHA256":"f713b7da186fd6635902875cef6a41328dcd6caee32350afb1073a03197094bb"}
{"UtcTime":"2026-08-12 09:56:36.000","Computer":"TN-FIN-WS042","User":"TRANSNORTE\\backup_svc","EventID":1,"Image":"C:\\Windows\\explorer.exe","ProcessGuid":"{CB4D7DD7-F278-2026-CAE3-AF22F0202385}","ProcessId":7755,"CommandLine":"C:\\Windows\\explorer.exe","ParentImage":"C:\\Windows\\System32\\services.exe","ParentProcessGuid":"{04A2DB1A-9475-2026-8332-A28E6854949B}","OriginalFileName":"C:\\Windows\\explorer.exe","SHA256":"083f40c2ff7b6856aa3d98e08fe0f9336c53b1388353e83b7f4426458b1bb29b"}
{"UtcTime":"2026-08-12 09:56:37.000","Computer":"TN-FIN-WS042","User":"TRANSNORTE\\backup_svc","EventID":11,"Image":"C:\\Windows\\explorer.exe","ProcessGuid":"{345F529F-73CE-2026-F354-3C51A8E04B7A}","ProcessId":4245,"TargetFilename":"C:\\Users\\ops.cardoso\\AppData\\Local\\Temp\\office-997.tmp"}
{"UtcTime":"2026-08-12 09:56:38.000","Computer":"TN-FIN-WS042","User":"TRANSNORTE\\ops.cardoso","EventID":1,"Image":"C:\\Program Files\\Google\\Chrome\\Application\\chrome.exe","ProcessGuid":"{E6D8DA1C-3A45-2026-F013-E8F6EE5142BC}","ProcessId":6711,"CommandLine":"C:\\Program Files\\Google\\Chrome\\Application\\chrome.exe","ParentImage":"C:\\Windows\\System32\\services.exe","ParentProcessGuid":"{E1653C9A-2144-2026-D37B-DDF1E5DD0253}","OriginalFileName":"C:\\Program Files\\Google\\Chrome\\Application\\chrome.exe","SHA256":"ed6b43f4e8a55ee70fd065f941f745b816269e935d8f42a1d641ad41fd4ccbef"}
{"UtcTime":"2026-08-12 09:56:39.000","Computer":"TN-FIN-WS042","User":"TRANSNORTE\\backup_svc","EventID":1,"Image":"C:\\Program Files\\Microsoft Office\\Office16\\OUTLOOK.EXE","ProcessGuid":"{B59A2A31-0D39-2026-98AE-6F951CA553E3}","ProcessId":1767,"CommandLine":"C:\\Program Files\\Microsoft Office\\Office16\\OUTLOOK.EXE","ParentImage":"C:\\Windows\\System32\\services.exe","ParentProcessGuid":"{3D287711-F3DB-2026-A872-69ECEEBE3550}","OriginalFileName":"C:\\Program Files\\Microsoft Office\\Office16\\OUTLOOK.EXE","SHA256":"9e5ca0000dc5f3e2e97f88341136795b2c6ae4aeff80a2838c844dd0e14aea49"}
{"UtcTime":"2026-08-12 09:56:40.000","Computer":"TN-FIN-WS042","User":"TRANSNORTE\\backup_svc","EventID":11,"Image":"C:\\Windows\\System32\\RuntimeBroker.exe","ProcessGuid":"{8FEB18D1-9E35-2026-0EE1-E916E84D4AAB}","ProcessId":3670,"TargetFilename":"C:\\Users\\ops.cardoso\\AppData\\Local\\Temp\\office-1000.tmp"}
{"UtcTime":"2026-08-12 09:56:41.000","Computer":"TN-FIN-WS042","User":"TRANSNORTE\\backup_svc","EventID":1,"Image":"C:\\Program Files\\Microsoft Office\\Office16\\OUTLOOK.EXE","ProcessGuid":"{92D71DF5-B32E-2026-F387-4FD4157495FF}","ProcessId":1208,"CommandLine":"C:\\Program Files\\Microsoft Office\\Office16\\OUTLOOK.EXE","ParentImage":"C:\\Windows\\System32\\services.exe","ParentProcessGuid":"{BF3ED31A-1CA8-2026-DBF2-62B4ECCF5F51}","OriginalFileName":"C:\\Program Files\\Microsoft Office\\Office16\\OUTLOOK.EXE","SHA256":"bba531d474efebf5f9abdde7e526f454baf9b89f6ddfe22971de41b7d5105cd4"}
{"UtcTime":"2026-08-12 09:56:42.000","Computer":"TN-FIN-WS042","User":"TRANSNORTE\\backup_svc","EventID":13,"Image":"C:\\Program Files\\Google\\Chrome\\Application\\chrome.exe","ProcessGuid":"{6141343E-8C42-2026-37B4-38AF9D5F1609}","ProcessId":7395,"EventType":"SetValue","TargetObject":"HKCU\\Software\\Microsoft\\Office\\16.0\\Outlook\\Resiliency\\1002","Details":"1"}
{"UtcTime":"2026-08-12 09:56:43.000","Computer":"TN-FIN-WS042","User":"TRANSNORTE\\ops.cardoso","EventID":11,"Image":"C:\\Program Files\\Microsoft Office\\Office16\\OUTLOOK.EXE","ProcessGuid":"{545C6F9F-A99A-2026-2FDF-4F044AE690D4}","ProcessId":4444,"TargetFilename":"C:\\Users\\ops.cardoso\\AppData\\Local\\Temp\\office-1003.tmp"}
{"UtcTime":"2026-08-12 09:56:44.000","Computer":"TN-FIN-WS042","User":"TRANSNORTE\\backup_svc","EventID":1,"Image":"C:\\Program Files\\Google\\Chrome\\Application\\chrome.exe","ProcessGuid":"{EA63DBE1-595E-2026-5ECF-A4726761F97F}","ProcessId":7146,"CommandLine":"C:\\Program Files\\Google\\Chrome\\Application\\chrome.exe","ParentImage":"C:\\Windows\\System32\\services.exe","ParentProcessGuid":"{6E6B6B32-E0ED-2026-5871-36D97AE4E1BF}","OriginalFileName":"C:\\Program Files\\Google\\Chrome\\Application\\chrome.exe","SHA256":"c2c764540c66709d1e2813cbb09b6925c6cecbf98cf584681a78519005eb2084"}
{"UtcTime":"2026-08-12 09:56:45.000","Computer":"TN-FIN-WS042","User":"TRANSNORTE\\backup_svc","EventID":1,"Image":"C:\\Program Files\\Microsoft Office\\Office16\\OUTLOOK.EXE","ProcessGuid":"{092B7C52-E5C1-2026-E08D-7D912BB44CD8}","ProcessId":629,"CommandLine":"C:\\Program Files\\Microsoft Office\\Office16\\OUTLOOK.EXE","ParentImage":"C:\\Windows\\System32\\services.exe","ParentProcessGuid":"{FE37D8D5-888D-2026-945B-CEEEE4C798D6}","OriginalFileName":"C:\\Program Files\\Microsoft Office\\Office16\\OUTLOOK.EXE","SHA256":"cf456e4065aa7313ae6bd56fdeec399af310d3cd8d09f839505eb70134051840"}
{"UtcTime":"2026-08-12 09:56:46.000","Computer":"TN-FIN-WS042","User":"TRANSNORTE\\backup_svc","EventID":13,"Image":"C:\\Windows\\System32\\svchost.exe","ProcessGuid":"{3542FB58-51E8-2026-6D0F-624442E27914}","ProcessId":5368,"EventType":"SetValue","TargetObject":"HKCU\\Software\\Microsoft\\Office\\16.0\\Outlook\\Resiliency\\1006","Details":"1"}
{"UtcTime":"2026-08-12 09:56:47.000","Computer":"TN-FIN-WS042","User":"TRANSNORTE\\backup_svc","EventID":5,"Image":"C:\\Windows\\System32\\svchost.exe","ProcessGuid":"{374473BF-B041-2026-5E8D-C7C2AE6B4889}","ProcessId":2107,"EventType":"End"}
{"UtcTime":"2026-08-12 09:56:48.000","Computer":"TN-FIN-WS042","User":"TRANSNORTE\\backup_svc","EventID":1,"Image":"C:\\Windows\\explorer.exe","ProcessGuid":"{AD1E5389-03C9-2026-C9AF-E32E02C1CF62}","ProcessId":6505,"CommandLine":"C:\\Windows\\explorer.exe","ParentImage":"C:\\Windows\\System32\\services.exe","ParentProcessGuid":"{2DDD0862-C6D8-2026-AE98-FA0A8D10E04C}","OriginalFileName":"C:\\Windows\\explorer.exe","SHA256":"dce28967b85181500a2739c9b738cd205637830de02d6cbff5d95af2adba565f"}
{"UtcTime":"2026-08-12 09:56:49.000","Computer":"TN-FIN-WS042","User":"TRANSNORTE\\backup_svc","EventID":3,"Image":"C:\\Windows\\System32\\RuntimeBroker.exe","ProcessGuid":"{695DF1ED-10AF-2026-7FE9-A9F59204BCB7}","ProcessId":3260,"DestinationIp":"8.8.8.8","DestinationPort":53,"SourceIp":"10.50.10.42","Protocol":"tcp"}
{"UtcTime":"2026-08-12 09:56:50.000","Computer":"TN-FIN-WS042","User":"TRANSNORTE\\ops.cardoso","EventID":1,"Image":"C:\\Windows\\System32\\RuntimeBroker.exe","ProcessGuid":"{33920E6F-EC20-2026-5B69-FF436EB70B09}","ProcessId":7996,"CommandLine":"C:\\Windows\\System32\\RuntimeBroker.exe","ParentImage":"C:\\Windows\\System32\\services.exe","ParentProcessGuid":"{F51B8A79-FAC7-2026-6D2E-E0C2098A8ACF}","OriginalFileName":"C:\\Windows\\System32\\RuntimeBroker.exe","SHA256":"992a232a2aa22faf285ce8fcb9ebf256b128b135984ad6a9abf67e0e49d4a53c"}
{"UtcTime":"2026-08-12 09:56:51.000","Computer":"TN-FIN-WS042","User":"TRANSNORTE\\backup_svc","EventID":1,"Image":"C:\\Program Files\\Microsoft Office\\Office16\\OUTLOOK.EXE","ProcessGuid":"{061A7FA0-4774-2026-8214-015A44A5F442}","ProcessId":3665,"CommandLine":"C:\\Program Files\\Microsoft Office\\Office16\\OUTLOOK.EXE","ParentImage":"C:\\Windows\\System32\\services.exe","ParentProcessGuid":"{0E7694EB-F22F-2026-85DF-AB3B3609D44C}","OriginalFileName":"C:\\Program Files\\Microsoft Office\\Office16\\OUTLOOK.EXE","SHA256":"9e9653119be1bd87ab4b43033adcaf54fd14390fb9eb32d7433fe238d3e2b843"}
{"UtcTime":"2026-08-12 09:56:52.000","Computer":"TN-FIN-WS042","User":"TRANSNORTE\\backup_svc","EventID":3,"Image":"C:\\Windows\\explorer.exe","ProcessGuid":"{99BFB291-C1C6-2026-8BD1-4BFE73AE661B}","ProcessId":2657,"DestinationIp":"10.50.10.88","DestinationPort":135,"SourceIp":"10.50.10.42","Protocol":"tcp"}
{"UtcTime":"2026-08-12 09:56:53.000","Computer":"TN-FIN-WS042","User":"TRANSNORTE\\backup_svc","EventID":1,"Image":"C:\\Windows\\explorer.exe","ProcessGuid":"{744D94FD-DED5-2026-CAEB-E9CDBD426141}","ProcessId":1473,"CommandLine":"C:\\Windows\\explorer.exe","ParentImage":"C:\\Windows\\System32\\services.exe","ParentProcessGuid":"{364B69BB-220B-2026-3C15-C6D80B7E8D2E}","OriginalFileName":"C:\\Windows\\explorer.exe","SHA256":"54e591b652f84666bf400885c21988855065f85d3a42ac9252a90e7b05ad3ba3"}
{"UtcTime":"2026-08-12 09:56:54.000","Computer":"TN-FIN-WS042","User":"TRANSNORTE\\backup_svc","EventID":1,"Image":"C:\\Windows\\System32\\conhost.exe","ProcessGuid":"{78CE0624-97B5-2026-990B-55561DB4B137}","ProcessId":2443,"CommandLine":"C:\\Windows\\System32\\conhost.exe","ParentImage":"C:\\Windows\\System32\\services.exe","ParentProcessGuid":"{335A00F3-EA6B-2026-4E7B-0F28CB5E3738}","OriginalFileName":"C:\\Windows\\System32\\conhost.exe","SHA256":"9bf31ffd1074fd34774ccec2c45f54df7a4de3ad1ccd1eb9fac286485305c8da"}
{"UtcTime":"2026-08-12 09:56:55.000","Computer":"TN-FIN-WS042","User":"TRANSNORTE\\backup_svc","EventID":1,"Image":"C:\\Windows\\explorer.exe","ProcessGuid":"{70D0F49B-2291-2026-B1CC-DC2A2E3DA90A}","ProcessId":604,"CommandLine":"C:\\Windows\\explorer.exe","ParentImage":"C:\\Windows\\System32\\services.exe","ParentProcessGuid":"{5982B1A4-45E3-2026-73E5-84691FABD7B8}","OriginalFileName":"C:\\Windows\\explorer.exe","SHA256":"f1006b78ee213c9a4dcffa3462b677c2b06bce0e2e0444fd567c92cb1cef7ff7"}
{"UtcTime":"2026-08-12 09:56:56.000","Computer":"TN-FIN-WS042","User":"TRANSNORTE\\backup_svc","EventID":1,"Image":"C:\\Program Files\\Microsoft Office\\Office16\\OUTLOOK.EXE","ProcessGuid":"{4C100C53-E565-2026-0D6B-9A3BB5E2F067}","ProcessId":3035,"CommandLine":"C:\\Program Files\\Microsoft Office\\Office16\\OUTLOOK.EXE","ParentImage":"C:\\Windows\\System32\\services.exe","ParentProcessGuid":"{44B34DF7-A81A-2026-2D54-A1557AB47349}","OriginalFileName":"C:\\Program Files\\Microsoft Office\\Office16\\OUTLOOK.EXE","SHA256":"77417a92e161d8e075efc5c54d7f4d55941da0d81f99ac15c27fb41839248e73"}
{"UtcTime":"2026-08-12 09:56:57.000","Computer":"TN-FIN-WS042","User":"TRANSNORTE\\backup_svc","EventID":11,"Image":"C:\\Windows\\System32\\svchost.exe","ProcessGuid":"{B0657C35-111B-2026-6FDD-552F46535B7D}","ProcessId":8213,"TargetFilename":"C:\\Users\\ops.cardoso\\AppData\\Local\\Temp\\office-1017.tmp"}
{"UtcTime":"2026-08-12 09:56:58.000","Computer":"TN-FIN-WS042","User":"TRANSNORTE\\ops.cardoso","EventID":1,"Image":"C:\\Windows\\System32\\svchost.exe","ProcessGuid":"{46302AA5-C945-2026-333B-C0D12028E85F}","ProcessId":8271,"CommandLine":"C:\\Windows\\System32\\svchost.exe","ParentImage":"C:\\Windows\\System32\\services.exe","ParentProcessGuid":"{47BA736E-9705-2026-A11B-4209ED47D731}","OriginalFileName":"C:\\Windows\\System32\\svchost.exe","SHA256":"de8a726ce197e69d4633a6566238af5a725081b6f90d637c620476581703dbb0"}
{"UtcTime":"2026-08-12 09:56:59.000","Computer":"TN-FIN-WS042","User":"TRANSNORTE\\backup_svc","EventID":1,"Image":"C:\\Program Files\\Google\\Chrome\\Application\\chrome.exe","ProcessGuid":"{79E82EA7-6F51-2026-C9EB-CE1BF3F4E55A}","ProcessId":1121,"CommandLine":"C:\\Program Files\\Google\\Chrome\\Application\\chrome.exe","ParentImage":"C:\\Windows\\System32\\services.exe","ParentProcessGuid":"{4B3AED56-5EAC-2026-9D4F-D80D89414973}","OriginalFileName":"C:\\Program Files\\Google\\Chrome\\Application\\chrome.exe","SHA256":"71becace45869a503723b8d2c51d37b7d2dbb014bbd47e7bb59ca9277f5be683"}
{"UtcTime":"2026-08-12 09:57:00.000","Computer":"TN-FIN-WS042","User":"TRANSNORTE\\backup_svc","EventID":1,"Image":"C:\\Program Files\\Microsoft Office\\Office16\\OUTLOOK.EXE","ProcessGuid":"{7EBF4163-C636-2026-8F1F-D61A9EB458A0}","ProcessId":4760,"CommandLine":"C:\\Program Files\\Microsoft Office\\Office16\\OUTLOOK.EXE","ParentImage":"C:\\Windows\\System32\\services.exe","ParentProcessGuid":"{0EA2B592-4773-2026-093F-7F55DCF10A20}","OriginalFileName":"C:\\Program Files\\Microsoft Office\\Office16\\OUTLOOK.EXE","SHA256":"5e194560b983caa06ebba92ed756ac8d24b39fa43fb68f7b693ff894947c3a5b"}
{"UtcTime":"2026-08-12 09:57:01.000","Computer":"TN-FIN-WS042","User":"TRANSNORTE\\backup_svc","EventID":11,"Image":"C:\\Windows\\System32\\svchost.exe","ProcessGuid":"{923491E2-E491-2026-2F12-09B7D5ABFEE2}","ProcessId":6215,"TargetFilename":"C:\\Users\\ops.cardoso\\AppData\\Local\\Temp\\office-1021.tmp"}
{"UtcTime":"2026-08-12 09:57:02.000","Computer":"TN-FIN-WS042","User":"TRANSNORTE\\backup_svc","EventID":1,"Image":"C:\\Program Files\\Microsoft Office\\Office16\\OUTLOOK.EXE","ProcessGuid":"{AE6F5096-98F6-2026-33B5-01CFE0FD9235}","ProcessId":8732,"CommandLine":"C:\\Program Files\\Microsoft Office\\Office16\\OUTLOOK.EXE","ParentImage":"C:\\Windows\\System32\\services.exe","ParentProcessGuid":"{075E2935-1B4C-2026-622C-AD63D83CF44E}","OriginalFileName":"C:\\Program Files\\Microsoft Office\\Office16\\OUTLOOK.EXE","SHA256":"862e62fd45c8f85a13d2b4530fc687fa9b056fb5b15d98c80adbfe90648013a4"}
{"UtcTime":"2026-08-12 09:57:03.000","Computer":"TN-FIN-WS042","User":"TRANSNORTE\\ops.cardoso","EventID":11,"Image":"C:\\Windows\\explorer.exe","ProcessGuid":"{CF36B28E-0F3D-2026-C3AE-23A6303AFED3}","ProcessId":1714,"TargetFilename":"C:\\Users\\ops.cardoso\\AppData\\Local\\Temp\\office-1023.tmp"}
{"UtcTime":"2026-08-12 09:57:04.000","Computer":"TN-FIN-WS042","User":"TRANSNORTE\\ops.cardoso","EventID":11,"Image":"C:\\Windows\\explorer.exe","ProcessGuid":"{CE843CE9-4CF9-2026-F6CA-1D78ADA61B96}","ProcessId":8659,"TargetFilename":"C:\\Users\\ops.cardoso\\AppData\\Local\\Temp\\office-1024.tmp"}
{"UtcTime":"2026-08-12 09:57:05.000","Computer":"TN-FIN-WS042","User":"TRANSNORTE\\backup_svc","EventID":13,"Image":"C:\\Windows\\explorer.exe","ProcessGuid":"{50AD8A9C-B88E-2026-0910-85B481EC4654}","ProcessId":1085,"EventType":"SetValue","TargetObject":"HKCU\\Software\\Microsoft\\Office\\16.0\\Outlook\\Resiliency\\1025","Details":"1"}
{"UtcTime":"2026-08-12 09:57:06.000","Computer":"TN-FIN-WS042","User":"TRANSNORTE\\backup_svc","EventID":5,"Image":"C:\\Program Files\\Google\\Chrome\\Application\\chrome.exe","ProcessGuid":"{AD2F9F97-D830-2026-DB4B-D85AD54B1E7A}","ProcessId":5659,"EventType":"End"}
{"UtcTime":"2026-08-12 09:57:07.000","Computer":"TN-FIN-WS042","User":"TRANSNORTE\\ops.cardoso","EventID":13,"Image":"C:\\Windows\\System32\\conhost.exe","ProcessGuid":"{C697DA46-F70B-2026-7572-8DD0018F96F1}","ProcessId":6059,"EventType":"SetValue","TargetObject":"HKCU\\Software\\Microsoft\\Office\\16.0\\Outlook\\Resiliency\\1027","Details":"1"}
{"UtcTime":"2026-08-12 09:57:08.000","Computer":"TN-FIN-WS042","User":"TRANSNORTE\\backup_svc","EventID":1,"Image":"C:\\Windows\\System32\\conhost.exe","ProcessGuid":"{20EFA10D-2A2A-2026-524E-7C7F6F64545C}","ProcessId":8122,"CommandLine":"C:\\Windows\\System32\\conhost.exe","ParentImage":"C:\\Windows\\System32\\services.exe","ParentProcessGuid":"{4B536C61-FCF8-2026-CB43-0B0F61FE3705}","OriginalFileName":"C:\\Windows\\System32\\conhost.exe","SHA256":"b7fcd2cedc9ba080a007fde7bdfa1ebac5d7f34760e0fc9636e677e6a58d0eb9"}
{"UtcTime":"2026-08-12 09:57:09.000","Computer":"TN-FIN-WS042","User":"TRANSNORTE\\backup_svc","EventID":1,"Image":"C:\\Program Files\\Google\\Chrome\\Application\\chrome.exe","ProcessGuid":"{DCDF041A-D707-2026-0A1A-DD08564F79EE}","ProcessId":7161,"CommandLine":"C:\\Program Files\\Google\\Chrome\\Application\\chrome.exe","ParentImage":"C:\\Windows\\System32\\services.exe","ParentProcessGuid":"{A107088B-89CC-2026-0DB1-90A929E68ABE}","OriginalFileName":"C:\\Program Files\\Google\\Chrome\\Application\\chrome.exe","SHA256":"a773397ce740e06cd5508ece26800c6f8446d409a57b6688bca35700c18364fd"}
{"UtcTime":"2026-08-12 09:57:10.000","Computer":"TN-FIN-WS042","User":"TRANSNORTE\\backup_svc","EventID":1,"Image":"C:\\Program Files\\Microsoft Office\\Office16\\OUTLOOK.EXE","ProcessGuid":"{17E8F805-6DDA-2026-F7D0-1D5B33B60751}","ProcessId":2789,"CommandLine":"C:\\Program Files\\Microsoft Office\\Office16\\OUTLOOK.EXE","ParentImage":"C:\\Windows\\System32\\services.exe","ParentProcessGuid":"{4B503D74-07D1-2026-B355-ED35E4BFF857}","OriginalFileName":"C:\\Program Files\\Microsoft Office\\Office16\\OUTLOOK.EXE","SHA256":"1dbd9eb98c14a6e1ce07bb369b0894c11bdab9851d843cb178b698039be3c77c"}
{"UtcTime":"2026-08-12 09:57:11.000","Computer":"TN-FIN-WS042","User":"TRANSNORTE\\backup_svc","EventID":1,"Image":"C:\\Windows\\System32\\RuntimeBroker.exe","ProcessGuid":"{AC6CD879-6BA1-2026-AE4B-262CD937089F}","ProcessId":2384,"CommandLine":"C:\\Windows\\System32\\RuntimeBroker.exe","ParentImage":"C:\\Windows\\System32\\services.exe","ParentProcessGuid":"{A7B52F5B-154A-2026-DAA6-8CBB4C33CAB8}","OriginalFileName":"C:\\Windows\\System32\\RuntimeBroker.exe","SHA256":"9d0b6bd2cdb92dea790ab4d8bca171825ecb5db5833504ae4f28aeb970d13e55"}
{"UtcTime":"2026-08-12 09:57:12.000","Computer":"TN-FIN-WS042","User":"TRANSNORTE\\backup_svc","EventID":13,"Image":"C:\\Windows\\System32\\conhost.exe","ProcessGuid":"{CDD5D6F3-AE84-2026-118F-1854CB178DCB}","ProcessId":3958,"EventType":"SetValue","TargetObject":"HKCU\\Software\\Microsoft\\Office\\16.0\\Outlook\\Resiliency\\1032","Details":"1"}
{"UtcTime":"2026-08-12 09:57:13.000","Computer":"TN-FIN-WS042","User":"TRANSNORTE\\backup_svc","EventID":1,"Image":"C:\\Windows\\System32\\RuntimeBroker.exe","ProcessGuid":"{294194AF-B7E3-2026-E0FD-C0C034AFE96C}","ProcessId":6727,"CommandLine":"C:\\Windows\\System32\\RuntimeBroker.exe","ParentImage":"C:\\Windows\\System32\\services.exe","ParentProcessGuid":"{D395CA9A-1AFC-2026-CCEF-AFD5CA6A18F4}","OriginalFileName":"C:\\Windows\\System32\\RuntimeBroker.exe","SHA256":"705ee1f14c500d318f9233a5ad6abbd2bed6a614a990c65c93306c97879cb3ca"}
{"UtcTime":"2026-08-12 09:57:14.000","Computer":"TN-FIN-WS042","User":"TRANSNORTE\\backup_svc","EventID":1,"Image":"C:\\Program Files\\Microsoft Office\\Office16\\OUTLOOK.EXE","ProcessGuid":"{965C8B62-A177-2026-6335-C6769C54AA15}","ProcessId":8180,"CommandLine":"C:\\Program Files\\Microsoft Office\\Office16\\OUTLOOK.EXE","ParentImage":"C:\\Windows\\System32\\services.exe","ParentProcessGuid":"{772AA668-4418-2026-DF02-1A478A319245}","OriginalFileName":"C:\\Program Files\\Microsoft Office\\Office16\\OUTLOOK.EXE","SHA256":"e69c4f476e043b61277d29fbce43132790a433b0513926fb9b3270c8acb7a0f5"}
{"UtcTime":"2026-08-12 09:57:15.000","Computer":"TN-FIN-WS042","User":"TRANSNORTE\\backup_svc","EventID":1,"Image":"C:\\Windows\\System32\\RuntimeBroker.exe","ProcessGuid":"{AB8ED814-F514-2026-9D1C-BB382C7506F0}","ProcessId":2474,"CommandLine":"C:\\Windows\\System32\\RuntimeBroker.exe","ParentImage":"C:\\Windows\\System32\\services.exe","ParentProcessGuid":"{07C1AB6C-0210-2026-6B0B-1701CB09B270}","OriginalFileName":"C:\\Windows\\System32\\RuntimeBroker.exe","SHA256":"ad061475e6edbf715caa5c13c03981eb54ddbfc0ef8d9f61275fc6a90cd43eee"}
{"UtcTime":"2026-08-12 09:57:16.000","Computer":"TN-FIN-WS042","User":"TRANSNORTE\\ops.cardoso","EventID":3,"Image":"C:\\Program Files\\Microsoft Office\\Office16\\OUTLOOK.EXE","ProcessGuid":"{A1C98953-8E48-2026-FBFA-E565FF314C01}","ProcessId":1310,"DestinationIp":"1.1.1.1","DestinationPort":53,"SourceIp":"10.50.10.42","Protocol":"tcp"}
{"UtcTime":"2026-08-12 09:57:17.000","Computer":"TN-FIN-WS042","User":"TRANSNORTE\\ops.cardoso","EventID":1,"Image":"C:\\Program Files\\Google\\Chrome\\Application\\chrome.exe","ProcessGuid":"{32A122E0-2F10-2026-4861-3478F37B3B18}","ProcessId":4097,"CommandLine":"C:\\Program Files\\Google\\Chrome\\Application\\chrome.exe","ParentImage":"C:\\Windows\\System32\\services.exe","ParentProcessGuid":"{83161CFB-BDAA-2026-27B1-2A890945FEA8}","OriginalFileName":"C:\\Program Files\\Google\\Chrome\\Application\\chrome.exe","SHA256":"458ea7f6b4ed7a668317a9e4b757fd368b5953f89f2a34e0e2b0180d7b0979d5"}
{"UtcTime":"2026-08-12 09:57:18.000","Computer":"TN-FIN-WS042","User":"TRANSNORTE\\backup_svc","EventID":5,"Image":"C:\\Windows\\System32\\conhost.exe","ProcessGuid":"{3E5A8EAC-8C3A-2026-2B9F-B0555B25FF38}","ProcessId":6221,"EventType":"End"}
{"UtcTime":"2026-08-12 09:57:19.000","Computer":"TN-FIN-WS042","User":"TRANSNORTE\\ops.cardoso","EventID":5,"Image":"C:\\Windows\\System32\\conhost.exe","ProcessGuid":"{A1BA16E9-41D7-2026-EE7E-A4B273C1AB14}","ProcessId":777,"EventType":"End"}
{"UtcTime":"2026-08-12 09:57:20.000","Computer":"TN-FIN-WS042","User":"TRANSNORTE\\backup_svc","EventID":1,"Image":"C:\\Program Files\\Google\\Chrome\\Application\\chrome.exe","ProcessGuid":"{CC2F0D78-8F27-2026-D481-CF4E8D65865E}","ProcessId":6471,"CommandLine":"C:\\Program Files\\Google\\Chrome\\Application\\chrome.exe","ParentImage":"C:\\Windows\\System32\\services.exe","ParentProcessGuid":"{C66F6EB2-1DFB-2026-F386-FFD1D8DE3619}","OriginalFileName":"C:\\Program Files\\Google\\Chrome\\Application\\chrome.exe","SHA256":"e26ba29f873d6e7a974241e5ccc237bb18bfa661c9a5d53ee30abaa0e47ff8a4"}
{"UtcTime":"2026-08-12 09:57:21.000","Computer":"TN-FIN-WS042","User":"TRANSNORTE\\backup_svc","EventID":1,"Image":"C:\\Windows\\System32\\svchost.exe","ProcessGuid":"{A10C1DE1-4BA9-2026-3412-3689530DB692}","ProcessId":4786,"CommandLine":"C:\\Windows\\System32\\svchost.exe","ParentImage":"C:\\Windows\\System32\\services.exe","ParentProcessGuid":"{D15179F7-BF77-2026-5619-B98A726B6A82}","OriginalFileName":"C:\\Windows\\System32\\svchost.exe","SHA256":"e966188f8d480059e31d28476bf52838b22c4286dc4da493b4a6e5bfb289558f"}
{"UtcTime":"2026-08-12 09:57:22.000","Computer":"TN-FIN-WS042","User":"TRANSNORTE\\backup_svc","EventID":13,"Image":"C:\\Windows\\explorer.exe","ProcessGuid":"{C522B08F-1475-2026-AB16-7ED95B3F738E}","ProcessId":2417,"EventType":"SetValue","TargetObject":"HKCU\\Software\\Microsoft\\Office\\16.0\\Outlook\\Resiliency\\1042","Details":"1"}
{"UtcTime":"2026-08-12 09:57:23.000","Computer":"TN-FIN-WS042","User":"TRANSNORTE\\backup_svc","EventID":3,"Image":"C:\\Windows\\System32\\conhost.exe","ProcessGuid":"{BD6F8EC0-30D4-2026-E9D3-4DF53316B68A}","ProcessId":5560,"DestinationIp":"1.1.1.1","DestinationPort":8080,"SourceIp":"10.50.10.42","Protocol":"tcp"}
{"UtcTime":"2026-08-12 09:57:24.000","Computer":"TN-FIN-WS042","User":"TRANSNORTE\\ops.cardoso","EventID":5,"Image":"C:\\Windows\\System32\\RuntimeBroker.exe","ProcessGuid":"{9803D687-9980-2026-2B31-8CDEC615D098}","ProcessId":4851,"EventType":"End"}
{"UtcTime":"2026-08-12 09:57:25.000","Computer":"TN-FIN-WS042","User":"TRANSNORTE\\backup_svc","EventID":5,"Image":"C:\\Windows\\System32\\conhost.exe","ProcessGuid":"{2738F62C-005F-2026-7508-86AA5BF4381A}","ProcessId":1392,"EventType":"End"}
{"UtcTime":"2026-08-12 09:57:26.000","Computer":"TN-FIN-WS042","User":"TRANSNORTE\\ops.cardoso","EventID":1,"Image":"C:\\Windows\\System32\\conhost.exe","ProcessGuid":"{BBF20772-5824-2026-5AE1-2F5FFF610992}","ProcessId":3301,"CommandLine":"C:\\Windows\\System32\\conhost.exe","ParentImage":"C:\\Windows\\System32\\services.exe","ParentProcessGuid":"{1BD6E460-A1CF-2026-5889-059A1C33EBE8}","OriginalFileName":"C:\\Windows\\System32\\conhost.exe","SHA256":"c9d77c5fc67668465bb2d0ca8f236330bf10d47e146678782b97ea5b36edbd45"}
{"UtcTime":"2026-08-12 09:57:27.000","Computer":"TN-FIN-WS042","User":"TRANSNORTE\\backup_svc","EventID":3,"Image":"C:\\Program Files\\Google\\Chrome\\Application\\chrome.exe","ProcessGuid":"{EB82680E-B864-2026-A15D-10CFA33CB719}","ProcessId":2443,"DestinationIp":"10.50.10.88","DestinationPort":8080,"SourceIp":"10.50.10.42","Protocol":"tcp"}
{"UtcTime":"2026-08-12 09:57:28.000","Computer":"TN-FIN-WS042","User":"TRANSNORTE\\backup_svc","EventID":1,"Image":"C:\\Program Files\\Google\\Chrome\\Application\\chrome.exe","ProcessGuid":"{47AF873A-9B0B-2026-8DFC-734E9424AD28}","ProcessId":4544,"CommandLine":"C:\\Program Files\\Google\\Chrome\\Application\\chrome.exe","ParentImage":"C:\\Windows\\System32\\services.exe","ParentProcessGuid":"{5B9C3315-368E-2026-16DB-C74BC11D14DF}","OriginalFileName":"C:\\Program Files\\Google\\Chrome\\Application\\chrome.exe","SHA256":"a91bf790b2d66ccbc7ca3e8e611336ca6abfa3a47bfb5ae7f4a80ce3a015ebb0"}
{"UtcTime":"2026-08-12 09:57:29.000","Computer":"TN-FIN-WS042","User":"TRANSNORTE\\ops.cardoso","EventID":1,"Image":"C:\\Windows\\System32\\conhost.exe","ProcessGuid":"{C211A481-CF15-2026-C3E1-254F7D7395B6}","ProcessId":593,"CommandLine":"C:\\Windows\\System32\\conhost.exe","ParentImage":"C:\\Windows\\System32\\services.exe","ParentProcessGuid":"{F595C874-C92C-2026-15C6-19D1A713FA74}","OriginalFileName":"C:\\Windows\\System32\\conhost.exe","SHA256":"2680fd6a8c5c1f19b394a1618e89ad0beba44ce1ca62172f3c691df8a26bb839"}
{"UtcTime":"2026-08-12 09:57:30.000","Computer":"TN-FIN-WS042","User":"TRANSNORTE\\backup_svc","EventID":13,"Image":"C:\\Windows\\System32\\RuntimeBroker.exe","ProcessGuid":"{E77CB662-8FCC-2026-BC04-8B81BBC9E2D6}","ProcessId":3579,"EventType":"SetValue","TargetObject":"HKCU\\Software\\Microsoft\\Office\\16.0\\Outlook\\Resiliency\\1050","Details":"1"}
{"UtcTime":"2026-08-12 09:57:31.000","Computer":"TN-FIN-WS042","User":"TRANSNORTE\\ops.cardoso","EventID":1,"Image":"C:\\Program Files\\Microsoft Office\\Office16\\OUTLOOK.EXE","ProcessGuid":"{828DB8C3-AE80-2026-226C-743951B8CFEC}","ProcessId":3716,"CommandLine":"C:\\Program Files\\Microsoft Office\\Office16\\OUTLOOK.EXE","ParentImage":"C:\\Windows\\System32\\services.exe","ParentProcessGuid":"{BC3056E1-085E-2026-C6FA-C5E379D9F5E9}","OriginalFileName":"C:\\Program Files\\Microsoft Office\\Office16\\OUTLOOK.EXE","SHA256":"123c0ec041c1d5f9209f54f005b48a2144502162d28919214e248d70565449b1"}
{"UtcTime":"2026-08-12 09:57:32.000","Computer":"TN-FIN-WS042","User":"TRANSNORTE\\ops.cardoso","EventID":1,"Image":"C:\\Windows\\System32\\conhost.exe","ProcessGuid":"{C0E4790B-DB45-2026-2B3D-3EEF08AD064B}","ProcessId":829,"CommandLine":"C:\\Windows\\System32\\conhost.exe","ParentImage":"C:\\Windows\\System32\\services.exe","ParentProcessGuid":"{D39D4768-5266-2026-419A-DD3531178AFB}","OriginalFileName":"C:\\Windows\\System32\\conhost.exe","SHA256":"0ebb22275bc451853ed50a843712ffb801ee2f67ee1f27431e0240cdd5168e92"}
{"UtcTime":"2026-08-12 09:57:33.000","Computer":"TN-FIN-WS042","User":"TRANSNORTE\\backup_svc","EventID":13,"Image":"C:\\Windows\\System32\\RuntimeBroker.exe","ProcessGuid":"{080C4CBD-BF34-2026-3CAD-D67F7F5F365B}","ProcessId":3822,"EventType":"SetValue","TargetObject":"HKCU\\Software\\Microsoft\\Office\\16.0\\Outlook\\Resiliency\\1053","Details":"1"}
{"UtcTime":"2026-08-12 09:57:34.000","Computer":"TN-FIN-WS042","User":"TRANSNORTE\\backup_svc","EventID":13,"Image":"C:\\Windows\\System32\\RuntimeBroker.exe","ProcessGuid":"{F05723AE-504C-2026-B199-D5BFC86DC1F1}","ProcessId":2983,"EventType":"SetValue","TargetObject":"HKCU\\Software\\Microsoft\\Office\\16.0\\Outlook\\Resiliency\\1054","Details":"1"}
{"UtcTime":"2026-08-12 09:57:35.000","Computer":"TN-FIN-WS042","User":"TRANSNORTE\\backup_svc","EventID":3,"Image":"C:\\Windows\\System32\\RuntimeBroker.exe","ProcessGuid":"{90A1453B-C1A6-2026-66BF-B91CE9DBB9FA}","ProcessId":7578,"DestinationIp":"8.8.8.8","DestinationPort":53,"SourceIp":"10.50.10.42","Protocol":"tcp"}
{"UtcTime":"2026-08-12 09:57:36.000","Computer":"TN-FIN-WS042","User":"TRANSNORTE\\backup_svc","EventID":1,"Image":"C:\\Windows\\System32\\RuntimeBroker.exe","ProcessGuid":"{60F04F62-5263-2026-BD7B-D3A3229AAB94}","ProcessId":8805,"CommandLine":"C:\\Windows\\System32\\RuntimeBroker.exe","ParentImage":"C:\\Windows\\System32\\services.exe","ParentProcessGuid":"{E63E670A-F7CD-2026-79E3-6041A53D88EC}","OriginalFileName":"C:\\Windows\\System32\\RuntimeBroker.exe","SHA256":"671da982af0ac822f9b697539c5bfab1de630aba8a04a2a67c95cad2e6935869"}
{"UtcTime":"2026-08-12 09:57:37.000","Computer":"TN-FIN-WS042","User":"TRANSNORTE\\backup_svc","EventID":3,"Image":"C:\\Windows\\explorer.exe","ProcessGuid":"{2DA527C5-DE3C-2026-5DDA-4DF3A860DF0E}","ProcessId":7007,"DestinationIp":"8.8.8.8","DestinationPort":443,"SourceIp":"10.50.10.42","Protocol":"tcp"}
{"UtcTime":"2026-08-12 09:57:38.000","Computer":"TN-FIN-WS042","User":"TRANSNORTE\\backup_svc","EventID":11,"Image":"C:\\Windows\\System32\\conhost.exe","ProcessGuid":"{83843115-6AFB-2026-D367-4D607D3BB1ED}","ProcessId":1675,"TargetFilename":"C:\\Users\\ops.cardoso\\AppData\\Local\\Temp\\office-1058.tmp"}
{"UtcTime":"2026-08-12 09:57:39.000","Computer":"TN-FIN-WS042","User":"TRANSNORTE\\backup_svc","EventID":1,"Image":"C:\\Program Files\\Google\\Chrome\\Application\\chrome.exe","ProcessGuid":"{27EA45B8-D41F-2026-BA85-FA46892822B6}","ProcessId":3036,"CommandLine":"C:\\Program Files\\Google\\Chrome\\Application\\chrome.exe","ParentImage":"C:\\Windows\\System32\\services.exe","ParentProcessGuid":"{D5A6712D-F241-2026-7075-CC245BF3873D}","OriginalFileName":"C:\\Program Files\\Google\\Chrome\\Application\\chrome.exe","SHA256":"5b8ab00c352bdcc2d80eb2978c4cb404d19ac370a27fa94fba1d5242aa43fac3"}
{"UtcTime":"2026-08-12 09:57:40.000","Computer":"TN-FIN-WS042","User":"TRANSNORTE\\ops.cardoso","EventID":13,"Image":"C:\\Windows\\System32\\conhost.exe","ProcessGuid":"{7F68A845-C36F-2026-FA93-9C274F1E4F46}","ProcessId":3929,"EventType":"SetValue","TargetObject":"HKCU\\Software\\Microsoft\\Office\\16.0\\Outlook\\Resiliency\\1060","Details":"1"}
{"UtcTime":"2026-08-12 09:57:41.000","Computer":"TN-FIN-WS042","User":"TRANSNORTE\\ops.cardoso","EventID":11,"Image":"C:\\Windows\\System32\\conhost.exe","ProcessGuid":"{8FBB1027-E791-2026-BDE5-C42D19B4D655}","ProcessId":5800,"TargetFilename":"C:\\Users\\ops.cardoso\\AppData\\Local\\Temp\\office-1061.tmp"}
{"UtcTime":"2026-08-12 09:57:42.000","Computer":"TN-FIN-WS042","User":"TRANSNORTE\\backup_svc","EventID":3,"Image":"C:\\Windows\\System32\\RuntimeBroker.exe","ProcessGuid":"{E2C51F28-CF54-2026-41A3-DA4B20A1D531}","ProcessId":4705,"DestinationIp":"10.50.10.88","DestinationPort":53,"SourceIp":"10.50.10.42","Protocol":"tcp"}
{"UtcTime":"2026-08-12 09:57:43.000","Computer":"TN-FIN-WS042","User":"TRANSNORTE\\backup_svc","EventID":3,"Image":"C:\\Windows\\System32\\RuntimeBroker.exe","ProcessGuid":"{55AA93C5-0B16-2026-223D-D85378D0192C}","ProcessId":2097,"DestinationIp":"10.50.10.10","DestinationPort":135,"SourceIp":"10.50.10.42","Protocol":"tcp"}
{"UtcTime":"2026-08-12 09:57:44.000","Computer":"TN-FIN-WS042","User":"TRANSNORTE\\backup_svc","EventID":13,"Image":"C:\\Program Files\\Microsoft Office\\Office16\\OUTLOOK.EXE","ProcessGuid":"{F25AE2D1-A4D3-2026-3479-510ACAD29F94}","ProcessId":4047,"EventType":"SetValue","TargetObject":"HKCU\\Software\\Microsoft\\Office\\16.0\\Outlook\\Resiliency\\1064","Details":"1"}
{"UtcTime":"2026-08-12 09:57:45.000","Computer":"TN-FIN-WS042","User":"TRANSNORTE\\backup_svc","EventID":1,"Image":"C:\\Windows\\System32\\RuntimeBroker.exe","ProcessGuid":"{4F41D540-5931-2026-C3FB-07B76C4BDEEA}","ProcessId":4118,"CommandLine":"C:\\Windows\\System32\\RuntimeBroker.exe","ParentImage":"C:\\Windows\\System32\\services.exe","ParentProcessGuid":"{B60B8B75-B604-2026-A803-0688192A9256}","OriginalFileName":"C:\\Windows\\System32\\RuntimeBroker.exe","SHA256":"10ecd4f77936e71180aa5bdca67db8e3e6f1f5adb155de83b7018695823b8b00"}
{"UtcTime":"2026-08-12 09:57:46.000","Computer":"TN-FIN-WS042","User":"TRANSNORTE\\backup_svc","EventID":5,"Image":"C:\\Windows\\System32\\conhost.exe","ProcessGuid":"{09EEC76D-FD3F-2026-39B4-4CDED336FB89}","ProcessId":6912,"EventType":"End"}
{"UtcTime":"2026-08-12 09:57:47.000","Computer":"TN-FIN-WS042","User":"TRANSNORTE\\backup_svc","EventID":13,"Image":"C:\\Program Files\\Google\\Chrome\\Application\\chrome.exe","ProcessGuid":"{77F91EE5-8F1E-2026-614D-E2DCDBF33C8A}","ProcessId":5658,"EventType":"SetValue","TargetObject":"HKCU\\Software\\Microsoft\\Office\\16.0\\Outlook\\Resiliency\\1067","Details":"1"}
{"UtcTime":"2026-08-12 09:57:48.000","Computer":"TN-FIN-WS042","User":"TRANSNORTE\\ops.cardoso","EventID":1,"Image":"C:\\Program Files\\Google\\Chrome\\Application\\chrome.exe","ProcessGuid":"{5DFC40AB-9F05-2026-1A97-2A2C22B2FBC1}","ProcessId":1713,"CommandLine":"C:\\Program Files\\Google\\Chrome\\Application\\chrome.exe","ParentImage":"C:\\Windows\\System32\\services.exe","ParentProcessGuid":"{4EE53664-25F1-2026-5FFE-F7E30459215E}","OriginalFileName":"C:\\Program Files\\Google\\Chrome\\Application\\chrome.exe","SHA256":"be9bc845e75b8d39f16aaf1b717446e8a4b6ce7bc99e172e42a2412af9d6a9f1"}
{"UtcTime":"2026-08-12 09:57:49.000","Computer":"TN-FIN-WS042","User":"TRANSNORTE\\backup_svc","EventID":1,"Image":"C:\\Windows\\System32\\svchost.exe","ProcessGuid":"{33BB47EB-1B42-2026-760A-2DF5152609C6}","ProcessId":5202,"CommandLine":"C:\\Windows\\System32\\svchost.exe","ParentImage":"C:\\Windows\\System32\\services.exe","ParentProcessGuid":"{1B4D8A5C-C7BF-2026-C852-8E63F2E25590}","OriginalFileName":"C:\\Windows\\System32\\svchost.exe","SHA256":"5e889b0711b7d629440f640006503330edbb1b764427e8c3cf4adddbef558a6b"}
{"UtcTime":"2026-08-12 09:57:50.000","Computer":"TN-FIN-WS042","User":"TRANSNORTE\\backup_svc","EventID":13,"Image":"C:\\Program Files\\Google\\Chrome\\Application\\chrome.exe","ProcessGuid":"{207AD4F5-DBCA-2026-1AA4-D0A863339CB6}","ProcessId":8631,"EventType":"SetValue","TargetObject":"HKCU\\Software\\Microsoft\\Office\\16.0\\Outlook\\Resiliency\\1070","Details":"1"}
{"UtcTime":"2026-08-12 09:57:51.000","Computer":"TN-FIN-WS042","User":"TRANSNORTE\\ops.cardoso","EventID":1,"Image":"C:\\Windows\\System32\\svchost.exe","ProcessGuid":"{88C123C5-7257-2026-867D-176624DAE41D}","ProcessId":6103,"CommandLine":"C:\\Windows\\System32\\svchost.exe","ParentImage":"C:\\Windows\\System32\\services.exe","ParentProcessGuid":"{A2102107-70C2-2026-CD35-9BBE3C81BBA9}","OriginalFileName":"C:\\Windows\\System32\\svchost.exe","SHA256":"da9c90b107305f1f249bfa3ccde1df0452460ca21f386ce60fb1a73aa0dcd743"}
{"UtcTime":"2026-08-12 09:57:52.000","Computer":"TN-FIN-WS042","User":"TRANSNORTE\\backup_svc","EventID":3,"Image":"C:\\Windows\\explorer.exe","ProcessGuid":"{496448E6-E669-2026-53C8-FFE1B4C711D6}","ProcessId":4086,"DestinationIp":"10.50.10.10","DestinationPort":53,"SourceIp":"10.50.10.42","Protocol":"tcp"}
{"UtcTime":"2026-08-12 09:57:53.000","Computer":"TN-FIN-WS042","User":"TRANSNORTE\\ops.cardoso","EventID":11,"Image":"C:\\Windows\\System32\\conhost.exe","ProcessGuid":"{470EACA5-4E33-2026-FBBB-FDDBCD53B0B5}","ProcessId":2709,"TargetFilename":"C:\\Users\\ops.cardoso\\AppData\\Local\\Temp\\office-1073.tmp"}
{"UtcTime":"2026-08-12 09:57:54.000","Computer":"TN-FIN-WS042","User":"TRANSNORTE\\backup_svc","EventID":1,"Image":"C:\\Windows\\System32\\conhost.exe","ProcessGuid":"{496BC201-DBC2-2026-B605-BCD184B6F1B1}","ProcessId":2130,"CommandLine":"C:\\Windows\\System32\\conhost.exe","ParentImage":"C:\\Windows\\System32\\services.exe","ParentProcessGuid":"{58B0F6AD-3126-2026-2D34-EC7312C28BEA}","OriginalFileName":"C:\\Windows\\System32\\conhost.exe","SHA256":"5ec9e92f7e395c726b24cd17e7b5c09c80acf6b4773bee90d79aacc31e89a90a"}
{"UtcTime":"2026-08-12 09:57:55.000","Computer":"TN-FIN-WS042","User":"TRANSNORTE\\ops.cardoso","EventID":1,"Image":"C:\\Windows\\explorer.exe","ProcessGuid":"{066782C8-1555-2026-3C29-E58B5810DE69}","ProcessId":3400,"CommandLine":"C:\\Windows\\explorer.exe","ParentImage":"C:\\Windows\\System32\\services.exe","ParentProcessGuid":"{4D02B3D8-09F5-2026-2DEB-7D9B6AFE4B55}","OriginalFileName":"C:\\Windows\\explorer.exe","SHA256":"a0a3a345719347830621f9ade1712b380a550223753dd4600be3759402825f7d"}
{"UtcTime":"2026-08-12 09:57:56.000","Computer":"TN-FIN-WS042","User":"TRANSNORTE\\ops.cardoso","EventID":1,"Image":"C:\\Program Files\\Google\\Chrome\\Application\\chrome.exe","ProcessGuid":"{854A1167-41BF-2026-CA72-AE7CDC6F2780}","ProcessId":8930,"CommandLine":"C:\\Program Files\\Google\\Chrome\\Application\\chrome.exe","ParentImage":"C:\\Windows\\System32\\services.exe","ParentProcessGuid":"{96312996-15C7-2026-CE43-5819DBADFAC1}","OriginalFileName":"C:\\Program Files\\Google\\Chrome\\Application\\chrome.exe","SHA256":"baee4799eb0f73019d1559757bd0fcdfb90150a5d0ac88407469d79bd631cb74"}
{"UtcTime":"2026-08-12 09:57:57.000","Computer":"TN-FIN-WS042","User":"TRANSNORTE\\backup_svc","EventID":11,"Image":"C:\\Windows\\System32\\conhost.exe","ProcessGuid":"{B43AE7F8-F2E3-2026-E38A-31FDEFB65A68}","ProcessId":8104,"TargetFilename":"C:\\Users\\ops.cardoso\\AppData\\Local\\Temp\\office-1077.tmp"}
{"UtcTime":"2026-08-12 09:57:58.000","Computer":"TN-FIN-WS042","User":"TRANSNORTE\\ops.cardoso","EventID":1,"Image":"C:\\Windows\\System32\\svchost.exe","ProcessGuid":"{CBA8D1BB-02C1-2026-3131-C75A8325B5AE}","ProcessId":4044,"CommandLine":"C:\\Windows\\System32\\svchost.exe","ParentImage":"C:\\Windows\\System32\\services.exe","ParentProcessGuid":"{49CC315A-322F-2026-6EDA-CB1C8269211D}","OriginalFileName":"C:\\Windows\\System32\\svchost.exe","SHA256":"0c66732e1b2c365cb99ab186b4309efdc7feb12306ea2fab4d59c5b71dee82f9"}
{"UtcTime":"2026-08-12 09:57:59.000","Computer":"TN-FIN-WS042","User":"TRANSNORTE\\ops.cardoso","EventID":5,"Image":"C:\\Program Files\\Google\\Chrome\\Application\\chrome.exe","ProcessGuid":"{CA094C77-3512-2026-A4D9-2D9CCE7795C5}","ProcessId":7700,"EventType":"End"}
{"UtcTime":"2026-08-12 09:58:00.000","Computer":"TN-FIN-WS042","User":"TRANSNORTE\\backup_svc","EventID":1,"Image":"C:\\Program Files\\Microsoft Office\\Office16\\OUTLOOK.EXE","ProcessGuid":"{72D96A53-0D1A-2026-F0E7-4F1179A7FF6B}","ProcessId":3779,"CommandLine":"C:\\Program Files\\Microsoft Office\\Office16\\OUTLOOK.EXE","ParentImage":"C:\\Windows\\System32\\services.exe","ParentProcessGuid":"{561D04E4-470C-2026-5BF6-CE099F543751}","OriginalFileName":"C:\\Program Files\\Microsoft Office\\Office16\\OUTLOOK.EXE","SHA256":"d3a4d6a9447ab87cce70100a20830a6ebc4ccc3b647de41e227bbbd6eda3cc64"}
{"UtcTime":"2026-08-12 09:58:01.000","Computer":"TN-FIN-WS042","User":"TRANSNORTE\\backup_svc","EventID":11,"Image":"C:\\Windows\\explorer.exe","ProcessGuid":"{AE8ADB14-4053-2026-A365-07BBC50C6C17}","ProcessId":7343,"TargetFilename":"C:\\Users\\ops.cardoso\\AppData\\Local\\Temp\\office-1081.tmp"}
{"UtcTime":"2026-08-12 09:58:02.000","Computer":"TN-FIN-WS042","User":"TRANSNORTE\\backup_svc","EventID":13,"Image":"C:\\Program Files\\Microsoft Office\\Office16\\OUTLOOK.EXE","ProcessGuid":"{25B10352-4701-2026-2BFD-80F8452B1D1D}","ProcessId":4095,"EventType":"SetValue","TargetObject":"HKCU\\Software\\Microsoft\\Office\\16.0\\Outlook\\Resiliency\\1082","Details":"1"}
