{"UtcTime":"2026-08-12 10:48:12.000","Computer":"TN-FIN-WS042","User":"TRANSNORTE\\ops.cardoso","EventID":1,"Image":"C:\\Windows\\System32\\RuntimeBroker.exe","ProcessGuid":"{3C0FA3D6-C788-2026-A57C-071FBDFFD62E}","ProcessId":414,"CommandLine":"C:\\Windows\\System32\\RuntimeBroker.exe","ParentImage":"C:\\Windows\\System32\\services.exe","ParentProcessGuid":"{BE59320E-A144-2026-45C2-E51D8F375F3D}","OriginalFileName":"C:\\Windows\\System32\\RuntimeBroker.exe","SHA256":"2c528f6c5be03a7d05d17ff53b2808151793e1867db8981f82584335cc79449f"}
{"UtcTime":"2026-08-12 10:48:13.000","Computer":"TN-FIN-WS042","User":"TRANSNORTE\\backup_svc","EventID":1,"Image":"C:\\Windows\\System32\\conhost.exe","ProcessGuid":"{2402B00C-6CD7-2026-388E-077A84898DA6}","ProcessId":2228,"CommandLine":"C:\\Windows\\System32\\conhost.exe","ParentImage":"C:\\Windows\\System32\\services.exe","ParentProcessGuid":"{3A9D6083-5942-2026-DE23-6783FF1F2140}","OriginalFileName":"C:\\Windows\\System32\\conhost.exe","SHA256":"5e2340349b7756b17505cd0ff9e246b290777440f891ccb4fd78ee4370db721f"}
{"UtcTime":"2026-08-12 10:48:14.000","Computer":"TN-FIN-WS042","User":"TRANSNORTE\\backup_svc","EventID":11,"Image":"C:\\Windows\\explorer.exe","ProcessGuid":"{60293426-D25F-2026-C026-5C9884EB9E80}","ProcessId":1035,"TargetFilename":"C:\\Users\\ops.cardoso\\AppData\\Local\\Temp\\office-4094.tmp"}
{"UtcTime":"2026-08-12 10:48:15.000","Computer":"TN-FIN-WS042","User":"TRANSNORTE\\ops.cardoso","EventID":5,"Image":"C:\\Program Files\\Microsoft Office\\Office16\\OUTLOOK.EXE","ProcessGuid":"{271AD2F3-5277-2026-C3FB-7CDC2C7A6992}","ProcessId":1495,"EventType":"End"}
{"UtcTime":"2026-08-12 10:48:16.000","Computer":"TN-FIN-WS042","User":"TRANSNORTE\\backup_svc","EventID":11,"Image":"C:\\Windows\\System32\\RuntimeBroker.exe","ProcessGuid":"{CF6B8549-1E99-2026-64C8-B2AB305B414B}","ProcessId":4378,"TargetFilename":"C:\\Users\\ops.cardoso\\AppData\\Local\\Temp\\office-4096.tmp"}
{"UtcTime":"2026-08-12 10:48:17.000","Computer":"TN-FIN-WS042","User":"TRANSNORTE\\backup_svc","EventID":1,"Image":"C:\\Program Files\\Google\\Chrome\\Application\\chrome.exe","ProcessGuid":"{830D120E-4CDF-2026-2BC1-B61ED28B9C00}","ProcessId":8353,"CommandLine":"C:\\Program Files\\Google\\Chrome\\Application\\chrome.exe","ParentImage":"C:\\Windows\\System32\\services.exe","ParentProcessGuid":"{28EBA3A5-4156-2026-2D92-8DF426BD3FBC}","OriginalFileName":"C:\\Program Files\\Google\\Chrome\\Application\\chrome.exe","SHA256":"725f0d96684f6202482d08e1789a2d19de6045ae487d682491a1da9b0c4fe89d"}
{"UtcTime":"2026-08-12 10:48:18.000","Computer":"TN-FIN-WS042","User":"TRANSNORTE\\ops.cardoso","EventID":11,"Image":"C:\\Windows\\System32\\conhost.exe","ProcessGuid":"{BDD2109D-87ED-2026-A76B-3568FAAC90A7}","ProcessId":2617,"TargetFilename":"C:\\Users\\ops.cardoso\\AppData\\Local\\Temp\\office-4098.tmp"}
{"UtcTime":"2026-08-12 10:48:19.000","Computer":"TN-FIN-WS042","User":"TRANSNORTE\\backup_svc","EventID":3,"Image":"C:\\Windows\\System32\\RuntimeBroker.exe","ProcessGuid":"{2B5FF6A7-7428-2026-7383-0E189366C538}","ProcessId":1372,"DestinationIp":"1.1.1.1","DestinationPort":8080,"SourceIp":"10.50.10.42","Protocol":"tcp"}
{"UtcTime":"2026-08-12 10:48:20.000","Computer":"TN-FIN-WS042","User":"TRANSNORTE\\backup_svc","EventID":5,"Image":"C:\\Windows\\System32\\RuntimeBroker.exe","ProcessGuid":"{8765AA94-FBBD-2026-0A08-588EBBE57407}","ProcessId":1283,"EventType":"End"}
{"UtcTime":"2026-08-12 10:48:21.000","Computer":"TN-FIN-WS042","User":"TRANSNORTE\\ops.cardoso","EventID":11,"Image":"C:\\Program Files\\Microsoft Office\\Office16\\OUTLOOK.EXE","ProcessGuid":"{9716A792-04BD-2026-4E45-9DC9B05EA6FA}","ProcessId":2532,"TargetFilename":"C:\\Users\\ops.cardoso\\AppData\\Local\\Temp\\office-4101.tmp"}
{"UtcTime":"2026-08-12 10:48:22.000","Computer":"TN-FIN-WS042","User":"TRANSNORTE\\ops.cardoso","EventID":11,"Image":"C:\\Program Files\\Google\\Chrome\\Application\\chrome.exe","ProcessGuid":"{1F9C087E-7CE8-2026-B4C4-94ABE48B4616}","ProcessId":2385,"TargetFilename":"C:\\Users\\ops.cardoso\\AppData\\Local\\Temp\\office-4102.tmp"}
{"UtcTime":"2026-08-12 10:48:23.000","Computer":"TN-FIN-WS042","User":"TRANSNORTE\\backup_svc","EventID":1,"Image":"C:\\Windows\\System32\\svchost.exe","ProcessGuid":"{C9F7EF72-6A78-2026-E16D-1B612ED5DEFB}","ProcessId":1149,"CommandLine":"C:\\Windows\\System32\\svchost.exe","ParentImage":"C:\\Windows\\System32\\services.exe","ParentProcessGuid":"{D1D16E04-FE11-2026-28FE-C736079124F0}","OriginalFileName":"C:\\Windows\\System32\\svchost.exe","SHA256":"4fed88cf8a1afdb2c6241fb52990a7f7a57f897cb06b46a4866386484fc89a0c"}
{"UtcTime":"2026-08-12 10:48:24.000","Computer":"TN-FIN-WS042","User":"TRANSNORTE\\ops.cardoso","EventID":3,"Image":"C:\\Windows\\System32\\RuntimeBroker.exe","ProcessGuid":"{B2D9CE19-A4D8-2026-57BA-0FFBC58A99E7}","ProcessId":2191,"DestinationIp":"10.50.10.88","DestinationPort":53,"SourceIp":"10.50.10.42","Protocol":"tcp"}
{"UtcTime":"2026-08-12 10:48:25.000","Computer":"TN-FIN-WS042","User":"TRANSNORTE\\backup_svc","EventID":3,"Image":"C:\\Windows\\System32\\svchost.exe","ProcessGuid":"{CBBA53AA-5417-2026-02D0-2C4EE0DF7ADB}","ProcessId":6913,"DestinationIp":"8.8.8.8","DestinationPort":135,"SourceIp":"10.50.10.42","Protocol":"tcp"}
{"UtcTime":"2026-08-12 10:48:26.000","Computer":"TN-FIN-WS042","User":"TRANSNORTE\\ops.cardoso","EventID":1,"Image":"C:\\Windows\\explorer.exe","ProcessGuid":"{489E6496-4D1A-2026-5778-0DF6ABBF3A79}","ProcessId":807,"CommandLine":"C:\\Windows\\explorer.exe","ParentImage":"C:\\Windows\\System32\\services.exe","ParentProcessGuid":"{D9BC3D21-D030-2026-9F05-7E3585F1F5D3}","OriginalFileName":"C:\\Windows\\explorer.exe","SHA256":"7706b7d42884e0775fa36c0312a78be66cd653ffbe549ee2e4f7ce3b7cb475fa"}
{"UtcTime":"2026-08-12 10:48:27.000","Computer":"TN-FIN-WS042","User":"TRANSNORTE\\backup_svc","EventID":1,"Image":"C:\\Program Files\\Microsoft Office\\Office16\\OUTLOOK.EXE","ProcessGuid":"{62CD6294-D642-2026-B0B8-3A9F05DA3399}","ProcessId":3145,"CommandLine":"C:\\Program Files\\Microsoft Office\\Office16\\OUTLOOK.EXE","ParentImage":"C:\\Windows\\System32\\services.exe","ParentProcessGuid":"{3A25A475-96D9-2026-1FE3-DC136A6BFF04}","OriginalFileName":"C:\\Program Files\\Microsoft Office\\Office16\\OUTLOOK.EXE","SHA256":"f20acf17b5d749fbafb3261c81ed8fdb1259d1d985bd571d81a027cd43588494"}
{"UtcTime":"2026-08-12 10:48:28.000","Computer":"TN-FIN-WS042","User":"TRANSNORTE\\backup_svc","EventID":13,"Image":"C:\\Program Files\\Google\\Chrome\\Application\\chrome.exe","ProcessGuid":"{03F515B8-5F79-2026-34AE-D912C24F5134}","ProcessId":8723,"EventType":"SetValue","TargetObject":"HKCU\\Software\\Microsoft\\Office\\16.0\\Outlook\\Resiliency\\4108","Details":"1"}
{"UtcTime":"2026-08-12 10:48:29.000","Computer":"TN-FIN-WS042","User":"TRANSNORTE\\backup_svc","EventID":13,"Image":"C:\\Windows\\System32\\conhost.exe","ProcessGuid":"{98108AAF-8D0D-2026-1433-676773CEA3E9}","ProcessId":990,"EventType":"SetValue","TargetObject":"HKCU\\Software\\Microsoft\\Office\\16.0\\Outlook\\Resiliency\\4109","Details":"1"}
{"UtcTime":"2026-08-12 10:48:30.000","Computer":"TN-FIN-WS042","User":"TRANSNORTE\\backup_svc","EventID":13,"Image":"C:\\Program Files\\Microsoft Office\\Office16\\OUTLOOK.EXE","ProcessGuid":"{DC09739C-D33F-2026-9B72-1F6554B7F500}","ProcessId":8752,"EventType":"SetValue","TargetObject":"HKCU\\Software\\Microsoft\\Office\\16.0\\Outlook\\Resiliency\\4110","Details":"1"}
{"UtcTime":"2026-08-12 10:48:31.000","Computer":"TN-FIN-WS042","User":"TRANSNORTE\\backup_svc","EventID":1,"Image":"C:\\Windows\\System32\\svchost.exe","ProcessGuid":"{00DE278B-E481-2026-8A61-A5A30A1F0D2B}","ProcessId":6156,"CommandLine":"C:\\Windows\\System32\\svchost.exe","ParentImage":"C:\\Windows\\System32\\services.exe","ParentProcessGuid":"{41224D38-2004-2026-E162-3B32A4CDBA79}","OriginalFileName":"C:\\Windows\\System32\\svchost.exe","SHA256":"b82ec7d128dfd154b42bbc959694c6e3872ba49a8b4834089e1e69dea7bf3f15"}
{"UtcTime":"2026-08-12 10:48:32.000","Computer":"TN-FIN-WS042","User":"TRANSNORTE\\backup_svc","EventID":1,"Image":"C:\\Windows\\System32\\RuntimeBroker.exe","ProcessGuid":"{19E3AEE1-F4FD-2026-0AB5-F14B2E5349A0}","ProcessId":6934,"CommandLine":"C:\\Windows\\System32\\RuntimeBroker.exe","ParentImage":"C:\\Windows\\System32\\services.exe","ParentProcessGuid":"{FFB986A3-A86E-2026-8099-D8C0F1840EC0}","OriginalFileName":"C:\\Windows\\System32\\RuntimeBroker.exe","SHA256":"98b55c9eb0c2f72af5caafd4329dce17e8578f750129b98b4dc42717b6a44034"}
{"UtcTime":"2026-08-12 10:48:33.000","Computer":"TN-FIN-WS042","User":"TRANSNORTE\\ops.cardoso","EventID":1,"Image":"C:\\Windows\\explorer.exe","ProcessGuid":"{78225935-4A82-2026-61EC-7914B336454B}","ProcessId":2149,"CommandLine":"C:\\Windows\\explorer.exe","ParentImage":"C:\\Windows\\System32\\services.exe","ParentProcessGuid":"{673E65EC-CE60-2026-C5FE-778F4727B6BC}","OriginalFileName":"C:\\Windows\\explorer.exe","SHA256":"e804414b2871faa4743f97c19b0ea685cee0749bfdbf5371a9e5a0172359b47a"}
{"UtcTime":"2026-08-12 10:48:34.000","Computer":"TN-FIN-WS042","User":"TRANSNORTE\\backup_svc","EventID":1,"Image":"C:\\Windows\\explorer.exe","ProcessGuid":"{F11DB0E1-0585-2026-2C3C-0B6FE7011F2B}","ProcessId":6324,"CommandLine":"C:\\Windows\\explorer.exe","ParentImage":"C:\\Windows\\System32\\services.exe","ParentProcessGuid":"{BB26B736-1E9C-2026-BE04-262BFD103A9E}","OriginalFileName":"C:\\Windows\\explorer.exe","SHA256":"3a1e6ab5f76a779c43a4e3138c19a0e7833e3a1e8ba0f3d4b7a9c43ce5db3d7c"}
{"UtcTime":"2026-08-12 10:48:35.000","Computer":"TN-FIN-WS042","User":"TRANSNORTE\\ops.cardoso","EventID":1,"Image":"C:\\Program Files\\Google\\Chrome\\Application\\chrome.exe","ProcessGuid":"{1F5E5D49-6375-2026-602D-2F242DC715C7}","ProcessId":2366,"CommandLine":"C:\\Program Files\\Google\\Chrome\\Application\\chrome.exe","ParentImage":"C:\\Windows\\System32\\services.exe","ParentProcessGuid":"{06C6CF4B-0664-2026-7156-678E29D72A24}","OriginalFileName":"C:\\Program Files\\Google\\Chrome\\Application\\chrome.exe","SHA256":"69835e1e849f87bd1a9da255fdd0e9d657ad44ea2ae1379bfa7f08f5fe1bd195"}
{"UtcTime":"2026-08-12 10:48:36.000","Computer":"TN-FIN-WS042","User":"TRANSNORTE\\backup_svc","EventID":1,"Image":"C:\\Windows\\explorer.exe","ProcessGuid":"{17B345C3-9E3E-2026-38C7-87E185403F5C}","ProcessId":5277,"CommandLine":"C:\\Windows\\explorer.exe","ParentImage":"C:\\Windows\\System32\\services.exe","ParentProcessGuid":"{4B1A3A54-CCE0-2026-6109-8ADD0385877D}","OriginalFileName":"C:\\Windows\\explorer.exe","SHA256":"0402a6f17f5e4affce3b1ab9e825410fc639abadcf298ec7056db3ca5d60daff"}
{"UtcTime":"2026-08-12 10:48:37.000","Computer":"TN-FIN-WS042","User":"TRANSNORTE\\backup_svc","EventID":11,"Image":"C:\\Program Files\\Microsoft Office\\Office16\\OUTLOOK.EXE","ProcessGuid":"{AC613CAE-E6AA-2026-8695-1F6144D4CC0C}","ProcessId":935,"TargetFilename":"C:\\Users\\ops.cardoso\\AppData\\Local\\Temp\\office-4117.tmp"}
{"UtcTime":"2026-08-12 10:48:38.000","Computer":"TN-FIN-WS042","User":"TRANSNORTE\\ops.cardoso","EventID":1,"Image":"C:\\Program Files\\Google\\Chrome\\Application\\chrome.exe","ProcessGuid":"{A471EC2D-0E75-2026-B351-008AB06DF494}","ProcessId":8008,"CommandLine":"C:\\Program Files\\Google\\Chrome\\Application\\chrome.exe","ParentImage":"C:\\Windows\\System32\\services.exe","ParentProcessGuid":"{63BCAD79-1BC5-2026-E993-F076A5B2844F}","OriginalFileName":"C:\\Program Files\\Google\\Chrome\\Application\\chrome.exe","SHA256":"40b728c088a19653292b6f7ef297b52a9ec93b3075de9bc4d63d1dc41c92ff9b"}
{"UtcTime":"2026-08-12 10:48:39.000","Computer":"TN-FIN-WS042","User":"TRANSNORTE\\ops.cardoso","EventID":1,"Image":"C:\\Program Files\\Microsoft Office\\Office16\\OUTLOOK.EXE","ProcessGuid":"{00E261AB-D30E-2026-5F51-B18D7A24967D}","ProcessId":2925,"CommandLine":"C:\\Program Files\\Microsoft Office\\Office16\\OUTLOOK.EXE","ParentImage":"C:\\Windows\\System32\\services.exe","ParentProcessGuid":"{DD6CCE95-2AEE-2026-8168-FA744376F983}","OriginalFileName":"C:\\Program Files\\Microsoft Office\\Office16\\OUTLOOK.EXE","SHA256":"9a5b51c8576e36de2f50a23f40636b40f309e4c999efbaef76d353ac23081465"}
{"UtcTime":"2026-08-12 10:48:40.000","Computer":"TN-FIN-WS042","User":"TRANSNORTE\\backup_svc","EventID":13,"Image":"C:\\Program Files\\Google\\Chrome\\Application\\chrome.exe","ProcessGuid":"{8C35043D-6557-2026-BD75-9400DD2BD768}","ProcessId":1448,"EventType":"SetValue","TargetObject":"HKCU\\Software\\Microsoft\\Office\\16.0\\Outlook\\Resiliency\\4120","Details":"1"}
{"UtcTime":"2026-08-12 10:48:41.000","Computer":"TN-FIN-WS042","User":"TRANSNORTE\\backup_svc","EventID":11,"Image":"C:\\Windows\\explorer.exe","ProcessGuid":"{19F5DDD5-D4DD-2026-EA4F-8186557ED020}","ProcessId":6726,"TargetFilename":"C:\\Users\\ops.cardoso\\AppData\\Local\\Temp\\office-4121.tmp"}
{"UtcTime":"2026-08-12 10:48:42.000","Computer":"TN-FIN-WS042","User":"TRANSNORTE\\backup_svc","EventID":1,"Image":"C:\\Windows\\explorer.exe","ProcessGuid":"{702E232A-5E29-2026-6BAF-FB1CF9252C58}","ProcessId":5468,"CommandLine":"C:\\Windows\\explorer.exe","ParentImage":"C:\\Windows\\System32\\services.exe","ParentProcessGuid":"{C95C2830-068C-2026-31C9-90C6ACA4278A}","OriginalFileName":"C:\\Windows\\explorer.exe","SHA256":"47845e1ff70d2e58f2cbd14c3ed5f6ea9b47b936c7151a461c53f29e227bb8d6"}
{"UtcTime":"2026-08-12 10:48:43.000","Computer":"TN-FIN-WS042","User":"TRANSNORTE\\ops.cardoso","EventID":5,"Image":"C:\\Windows\\System32\\conhost.exe","ProcessGuid":"{D7151462-69B8-2026-A894-EF3741099EEA}","ProcessId":7985,"EventType":"End"}
{"UtcTime":"2026-08-12 10:48:44.000","Computer":"TN-FIN-WS042","User":"TRANSNORTE\\backup_svc","EventID":1,"Image":"C:\\Program Files\\Microsoft Office\\Office16\\OUTLOOK.EXE","ProcessGuid":"{3524E76C-63B4-2026-D16E-0B8BAC4113B1}","ProcessId":8195,"CommandLine":"C:\\Program Files\\Microsoft Office\\Office16\\OUTLOOK.EXE","ParentImage":"C:\\Windows\\System32\\services.exe","ParentProcessGuid":"{552EEE05-C233-2026-ECBF-E3055E33329E}","OriginalFileName":"C:\\Program Files\\Microsoft Office\\Office16\\OUTLOOK.EXE","SHA256":"245ef1698e07be3a24cabe249ca8a1e2afd71195813705a4a05cd8aebe3f856b"}
{"UtcTime":"2026-08-12 10:48:45.000","Computer":"TN-FIN-WS042","User":"TRANSNORTE\\ops.cardoso","EventID":3,"Image":"C:\\Windows\\System32\\conhost.exe","ProcessGuid":"{DE57857D-36CE-2026-B43C-90E08A95711E}","ProcessId":1898,"DestinationIp":"8.8.8.8","DestinationPort":443,"SourceIp":"10.50.10.42","Protocol":"tcp"}
{"UtcTime":"2026-08-12 10:48:46.000","Computer":"TN-FIN-WS042","User":"TRANSNORTE\\ops.cardoso","EventID":11,"Image":"C:\\Windows\\System32\\svchost.exe","ProcessGuid":"{B36C81AA-B39B-2026-7424-AFD80B9E4464}","ProcessId":1936,"TargetFilename":"C:\\Users\\ops.cardoso\\AppData\\Local\\Temp\\office-4126.tmp"}
{"UtcTime":"2026-08-12 10:48:47.000","Computer":"TN-FIN-WS042","User":"TRANSNORTE\\ops.cardoso","EventID":1,"Image":"C:\\Windows\\System32\\svchost.exe","ProcessGuid":"{FFB79080-0D6A-2026-A139-F2EF2A5777D8}","ProcessId":8077,"CommandLine":"C:\\Windows\\System32\\svchost.exe","ParentImage":"C:\\Windows\\System32\\services.exe","ParentProcessGuid":"{3745499D-6E7D-2026-4876-4BEDBFD8C7A8}","OriginalFileName":"C:\\Windows\\System32\\svchost.exe","SHA256":"7ee84f8d1ab418dc0f7ec94ba9cb187a3840c11149d9d4e35c19219f6a7b3d87"}
{"UtcTime":"2026-08-12 10:48:48.000","Computer":"TN-FIN-WS042","User":"TRANSNORTE\\backup_svc","EventID":13,"Image":"C:\\Program Files\\Microsoft Office\\Office16\\OUTLOOK.EXE","ProcessGuid":"{A248C87C-FE80-2026-A144-4776378D09FB}","ProcessId":7264,"EventType":"SetValue","TargetObject":"HKCU\\Software\\Microsoft\\Office\\16.0\\Outlook\\Resiliency\\4128","Details":"1"}
{"UtcTime":"2026-08-12 10:48:49.000","Computer":"TN-FIN-WS042","User":"TRANSNORTE\\ops.cardoso","EventID":11,"Image":"C:\\Windows\\explorer.exe","ProcessGuid":"{D4593DC9-02DA-2026-A0D7-B1268491CC1E}","ProcessId":6198,"TargetFilename":"C:\\Users\\ops.cardoso\\AppData\\Local\\Temp\\office-4129.tmp"}
{"UtcTime":"2026-08-12 10:48:50.000","Computer":"TN-FIN-WS042","User":"TRANSNORTE\\backup_svc","EventID":11,"Image":"C:\\Windows\\System32\\conhost.exe","ProcessGuid":"{7C5B17EB-3CBF-2026-C544-A75707F8179A}","ProcessId":811,"TargetFilename":"C:\\Users\\ops.cardoso\\AppData\\Local\\Temp\\office-4130.tmp"}
{"UtcTime":"2026-08-12 10:48:51.000","Computer":"TN-FIN-WS042","User":"TRANSNORTE\\backup_svc","EventID":13,"Image":"C:\\Windows\\System32\\RuntimeBroker.exe","ProcessGuid":"{19486C5A-B65E-2026-7BDB-E6306A60CC3F}","ProcessId":2694,"EventType":"SetValue","TargetObject":"HKCU\\Software\\Microsoft\\Office\\16.0\\Outlook\\Resiliency\\4131","Details":"1"}
{"UtcTime":"2026-08-12 10:48:52.000","Computer":"TN-FIN-WS042","User":"TRANSNORTE\\backup_svc","EventID":1,"Image":"C:\\Windows\\explorer.exe","ProcessGuid":"{B3655B9B-917C-2026-B01B-8656F2923C16}","ProcessId":5322,"CommandLine":"C:\\Windows\\explorer.exe","ParentImage":"C:\\Windows\\System32\\services.exe","ParentProcessGuid":"{757CF91E-F2AE-2026-BDE8-275A5F8FE1BF}","OriginalFileName":"C:\\Windows\\explorer.exe","SHA256":"9876ff65d512841a53a2b4c652788fb59116058c2afdf2dd29e5c297d07dae8b"}
{"UtcTime":"2026-08-12 10:48:53.000","Computer":"TN-FIN-WS042","User":"TRANSNORTE\\ops.cardoso","EventID":1,"Image":"C:\\Windows\\System32\\RuntimeBroker.exe","ProcessGuid":"{F9800D7D-8B7C-2026-CAD0-F870757E06A7}","ProcessId":8658,"CommandLine":"C:\\Windows\\System32\\RuntimeBroker.exe","ParentImage":"C:\\Windows\\System32\\services.exe","ParentProcessGuid":"{41A0FE2F-0101-2026-A809-019562FB3360}","OriginalFileName":"C:\\Windows\\System32\\RuntimeBroker.exe","SHA256":"ed9779125bde9a8830f0305cba629a28900509d8f6c4b129e90f0dade5132b64"}
{"UtcTime":"2026-08-12 10:48:54.000","Computer":"TN-FIN-WS042","User":"TRANSNORTE\\backup_svc","EventID":5,"Image":"C:\\Windows\\System32\\svchost.exe","ProcessGuid":"{514604E4-6AE9-2026-3059-736B67257236}","ProcessId":5545,"EventType":"End"}
{"UtcTime":"2026-08-12 10:48:55.000","Computer":"TN-FIN-WS042","User":"TRANSNORTE\\backup_svc","EventID":3,"Image":"C:\\Windows\\explorer.exe","ProcessGuid":"{92E95FE6-458F-2026-41D9-FC47CB00C86C}","ProcessId":1430,"DestinationIp":"1.1.1.1","DestinationPort":135,"SourceIp":"10.50.10.42","Protocol":"tcp"}
{"UtcTime":"2026-08-12 10:48:56.000","Computer":"TN-FIN-WS042","User":"TRANSNORTE\\backup_svc","EventID":5,"Image":"C:\\Program Files\\Google\\Chrome\\Application\\chrome.exe","ProcessGuid":"{1385F1EB-8EA3-2026-74B7-A73885BB9FBE}","ProcessId":1585,"EventType":"End"}
{"UtcTime":"2026-08-12 10:48:57.000","Computer":"TN-FIN-WS042","User":"TRANSNORTE\\backup_svc","EventID":13,"Image":"C:\\Program Files\\Google\\Chrome\\Application\\chrome.exe","ProcessGuid":"{6D38BFCE-FBA5-2026-5CBB-9CF65134856B}","ProcessId":704,"EventType":"SetValue","TargetObject":"HKCU\\Software\\Microsoft\\Office\\16.0\\Outlook\\Resiliency\\4137","Details":"1"}
{"UtcTime":"2026-08-12 10:48:58.000","Computer":"TN-FIN-WS042","User":"TRANSNORTE\\ops.cardoso","EventID":1,"Image":"C:\\Program Files\\Microsoft Office\\Office16\\OUTLOOK.EXE","ProcessGuid":"{134641AE-E646-2026-3D8E-6289C0C40489}","ProcessId":4115,"CommandLine":"C:\\Program Files\\Microsoft Office\\Office16\\OUTLOOK.EXE","ParentImage":"C:\\Windows\\System32\\services.exe","ParentProcessGuid":"{C9115AF3-C641-2026-45D9-9C92A817EC43}","OriginalFileName":"C:\\Program Files\\Microsoft Office\\Office16\\OUTLOOK.EXE","SHA256":"c0c8707ee5e0e35fbb0700eb233644ff20b40d98897b5602b1046fbf3343f3a7"}
{"UtcTime":"2026-08-12 10:48:59.000","Computer":"TN-FIN-WS042","User":"TRANSNORTE\\ops.cardoso","EventID":1,"Image":"C:\\Windows\\explorer.exe","ProcessGuid":"{3EB95896-7D8B-2026-BCB1-57D9154654BB}","ProcessId":6401,"CommandLine":"C:\\Windows\\explorer.exe","ParentImage":"C:\\Windows\\System32\\services.exe","ParentProcessGuid":"{3E594996-1F39-2026-77DB-4993E442A57E}","OriginalFileName":"C:\\Windows\\explorer.exe","SHA256":"0085725f81da23797b4307edfd595b688af48c54b84dfe482915f405b8414119"}
{"UtcTime":"2026-08-12 10:49:00.000","Computer":"TN-FIN-WS042","User":"TRANSNORTE\\ops.cardoso","EventID":13,"Image":"C:\\Program Files\\Google\\Chrome\\Application\\chrome.exe","ProcessGuid":"{1ECE463F-4F6C-2026-1BA1-9CB04DE8BDD2}","ProcessId":1946,"EventType":"SetValue","TargetObject":"HKCU\\Software\\Microsoft\\Office\\16.0\\Outlook\\Resiliency\\4140","Details":"1"}
{"UtcTime":"2026-08-12 10:49:01.000","Computer":"TN-FIN-WS042","User":"TRANSNORTE\\backup_svc","EventID":1,"Image":"C:\\Windows\\System32\\RuntimeBroker.exe","ProcessGuid":"{9DB6011C-AC24-2026-34A6-3A3A148956F9}","ProcessId":3090,"CommandLine":"C:\\Windows\\System32\\RuntimeBroker.exe","ParentImage":"C:\\Windows\\System32\\services.exe","ParentProcessGuid":"{DC8366C8-E0E3-2026-7973-BD40C044BDD5}","OriginalFileName":"C:\\Windows\\System32\\RuntimeBroker.exe","SHA256":"e6837c22d1282bda63ee155a555c1d275f758fc95feefa72f60a6614f9db0ce5"}
{"UtcTime":"2026-08-12 10:49:02.000","Computer":"TN-FIN-WS042","User":"TRANSNORTE\\ops.cardoso","EventID":1,"Image":"C:\\Windows\\System32\\RuntimeBroker.exe","ProcessGuid":"{4943896C-6AE0-2026-4D61-261878255533}","ProcessId":6322,"CommandLine":"C:\\Windows\\System32\\RuntimeBroker.exe","ParentImage":"C:\\Windows\\System32\\services.exe","ParentProcessGuid":"{37A8790C-FEB1-2026-2FC2-411EE8BF7D4C}","OriginalFileName":"C:\\Windows\\System32\\RuntimeBroker.exe","SHA256":"b359552a9ddc2c162f123c3a36028ce87dacda3309b2e690cc4a2709a5cbe2e5"}
{"UtcTime":"2026-08-12 10:49:03.000","Computer":"TN-FIN-WS042","User":"TRANSNORTE\\ops.cardoso","EventID":13,"Image":"C:\\Program Files\\Microsoft Office\\Office16\\OUTLOOK.EXE","ProcessGuid":"{9FC89580-3750-2026-1111-6EFB249BF054}","ProcessId":1726,"EventType":"SetValue","TargetObject":"HKCU\\Software\\Microsoft\\Office\\16.0\\Outlook\\Resiliency\\4143","Details":"1"}
{"UtcTime":"2026-08-12 10:49:04.000","Computer":"TN-FIN-WS042","User":"TRANSNORTE\\backup_svc","EventID":1,"Image":"C:\\Windows\\explorer.exe","ProcessGuid":"{18F44EA1-384F-2026-41D1-58F0DFDAA1B9}","ProcessId":1874,"CommandLine":"C:\\Windows\\explorer.exe","ParentImage":"C:\\Windows\\System32\\services.exe","ParentProcessGuid":"{0CC1E5C9-1E1A-2026-2B19-6FCDE7F60193}","OriginalFileName":"C:\\Windows\\explorer.exe","SHA256":"adb77ae08e92b254d2bc3d57c2c98c7b315e85c0aef886e59bec2593854fc1a2"}
{"UtcTime":"2026-08-12 10:49:05.000","Computer":"TN-FIN-WS042","User":"TRANSNORTE\\ops.cardoso","EventID":3,"Image":"C:\\Program Files\\Google\\Chrome\\Application\\chrome.exe","ProcessGuid":"{9BA2F612-5BFD-2026-8844-0B6007DC3103}","ProcessId":9000,"DestinationIp":"1.1.1.1","DestinationPort":8080,"SourceIp":"10.50.10.42","Protocol":"tcp"}
{"UtcTime":"2026-08-12 10:49:06.000","Computer":"TN-FIN-WS042","User":"TRANSNORTE\\ops.cardoso","EventID":11,"Image":"C:\\Windows\\System32\\svchost.exe","ProcessGuid":"{B570A985-0499-2026-3A7F-C892EEB09475}","ProcessId":8264,"TargetFilename":"C:\\Users\\ops.cardoso\\AppData\\Local\\Temp\\office-4146.tmp"}
{"UtcTime":"2026-08-12 10:49:07.000","Computer":"TN-FIN-WS042","User":"TRANSNORTE\\backup_svc","EventID":11,"Image":"C:\\Program Files\\Microsoft Office\\Office16\\OUTLOOK.EXE","ProcessGuid":"{3A9B5BB9-E5EE-2026-F63B-C385395DDC64}","ProcessId":8017,"TargetFilename":"C:\\Users\\ops.cardoso\\AppData\\Local\\Temp\\office-4147.tmp"}
{"UtcTime":"2026-08-12 10:49:08.000","Computer":"TN-FIN-WS042","User":"TRANSNORTE\\ops.cardoso","EventID":3,"Image":"C:\\Windows\\System32\\RuntimeBroker.exe","ProcessGuid":"{9F148FC8-FE2E-2026-0E4A-60D67CF6CB4E}","ProcessId":8369,"DestinationIp":"10.50.10.88","DestinationPort":8080,"SourceIp":"10.50.10.42","Protocol":"tcp"}
{"UtcTime":"2026-08-12 10:49:09.000","Computer":"TN-FIN-WS042","User":"TRANSNORTE\\ops.cardoso","EventID":13,"Image":"C:\\Windows\\System32\\RuntimeBroker.exe","ProcessGuid":"{6EA575B3-3EA8-2026-A14C-9356F6BB5C0F}","ProcessId":1294,"EventType":"SetValue","TargetObject":"HKCU\\Software\\Microsoft\\Office\\16.0\\Outlook\\Resiliency\\4149","Details":"1"}
{"UtcTime":"2026-08-12 10:49:10.000","Computer":"TN-FIN-WS042","User":"TRANSNORTE\\backup_svc","EventID":1,"Image":"C:\\Program Files\\Microsoft Office\\Office16\\OUTLOOK.EXE","ProcessGuid":"{887FC780-32C3-2026-2384-0F198ACA4357}","ProcessId":7962,"CommandLine":"C:\\Program Files\\Microsoft Office\\Office16\\OUTLOOK.EXE","ParentImage":"C:\\Windows\\System32\\services.exe","ParentProcessGuid":"{E3493A33-F863-2026-37B0-7A27831E6703}","OriginalFileName":"C:\\Program Files\\Microsoft Office\\Office16\\OUTLOOK.EXE","SHA256":"13f07ac61b7987c2ff21a79aeb6f182a8e1aa7555e3bfccdcc6ee691b7ea2af7"}
{"UtcTime":"2026-08-12 10:49:11.000","Computer":"TN-FIN-WS042","User":"TRANSNORTE\\backup_svc","EventID":11,"Image":"C:\\Windows\\explorer.exe","ProcessGuid":"{5A2A0CEE-22EF-2026-2DA8-21E7C329B64A}","ProcessId":869,"TargetFilename":"C:\\Users\\ops.cardoso\\AppData\\Local\\Temp\\office-4151.tmp"}
{"UtcTime":"2026-08-12 10:49:12.000","Computer":"TN-FIN-WS042","User":"TRANSNORTE\\backup_svc","EventID":5,"Image":"C:\\Windows\\explorer.exe","ProcessGuid":"{79477DFF-4ECB-2026-1962-E513458C076A}","ProcessId":592,"EventType":"End"}
{"UtcTime":"2026-08-12 10:49:13.000","Computer":"TN-FIN-WS042","User":"TRANSNORTE\\backup_svc","EventID":1,"Image":"C:\\Program Files\\Google\\Chrome\\Application\\chrome.exe","ProcessGuid":"{35765DB9-A622-2026-1A24-32716A96C7B0}","ProcessId":8191,"CommandLine":"C:\\Program Files\\Google\\Chrome\\Application\\chrome.exe","ParentImage":"C:\\Windows\\System32\\services.exe","ParentProcessGuid":"{A39DF708-5DB6-2026-8FA0-82AB3FF04F96}","OriginalFileName":"C:\\Program Files\\Google\\Chrome\\Application\\chrome.exe","SHA256":"298d0631768616793e5a3c601b7e9c4b03cd94ee6cefb7e2285ea4b98f824868"}
{"UtcTime":"2026-08-12 10:49:14.000","Computer":"TN-FIN-WS042","User":"TRANSNORTE\\backup_svc","EventID":3,"Image":"C:\\Windows\\System32\\conhost.exe","ProcessGuid":"{8CE21917-E598-2026-27F2-54F27E31E75A}","ProcessId":5202,"DestinationIp":"10.50.10.88","DestinationPort":443,"SourceIp":"10.50.10.42","Protocol":"tcp"}
{"UtcTime":"2026-08-12 10:49:15.000","Computer":"TN-FIN-WS042","User":"TRANSNORTE\\backup_svc","EventID":1,"Image":"C:\\Windows\\System32\\conhost.exe","ProcessGuid":"{B590A016-9F8F-2026-0391-845B21B12BBF}","ProcessId":1047,"CommandLine":"C:\\Windows\\System32\\conhost.exe","ParentImage":"C:\\Windows\\System32\\services.exe","ParentProcessGuid":"{81DA2A37-1128-2026-9220-E65E9842707A}","OriginalFileName":"C:\\Windows\\System32\\conhost.exe","SHA256":"0e3b84d744d7a64ed0965a838bb65b8ffceccddaed903c5be1b9d196151b4ea2"}
{"UtcTime":"2026-08-12 10:49:16.000","Computer":"TN-FIN-WS042","User":"TRANSNORTE\\ops.cardoso","EventID":3,"Image":"C:\\Program Files\\Google\\Chrome\\Application\\chrome.exe","ProcessGuid":"{64B9E6C3-CD9F-2026-E34F-66CE333BF9CD}","ProcessId":2751,"DestinationIp":"10.50.10.10","DestinationPort":443,"SourceIp":"10.50.10.42","Protocol":"tcp"}
{"UtcTime":"2026-08-12 10:49:17.000","Computer":"TN-FIN-WS042","User":"TRANSNORTE\\backup_svc","EventID":1,"Image":"C:\\Windows\\System32\\RuntimeBroker.exe","ProcessGuid":"{E2F9854C-893B-2026-9222-C1BAF79374E6}","ProcessId":3274,"CommandLine":"C:\\Windows\\System32\\RuntimeBroker.exe","ParentImage":"C:\\Windows\\System32\\services.exe","ParentProcessGuid":"{72280A3C-96E9-2026-CF01-CD211A885DDA}","OriginalFileName":"C:\\Windows\\System32\\RuntimeBroker.exe","SHA256":"d13d21bcafdc81331d126385a2ae521d77da1ba1f8b8d36ee47bb17161035c96"}
{"UtcTime":"2026-08-12 10:49:18.000","Computer":"TN-FIN-WS042","User":"TRANSNORTE\\backup_svc","EventID":1,"Image":"C:\\Program Files\\Microsoft Office\\Office16\\OUTLOOK.EXE","ProcessGuid":"{C39ACAB6-668D-2026-9785-8FC14FC815FB}","ProcessId":2178,"CommandLine":"C:\\Program Files\\Microsoft Office\\Office16\\OUTLOOK.EXE","ParentImage":"C:\\Windows\\System32\\services.exe","ParentProcessGuid":"{33969E4B-CCAD-2026-EC03-C99D89DEB6B9}","OriginalFileName":"C:\\Program Files\\Microsoft Office\\Office16\\OUTLOOK.EXE","SHA256":"ebaab0466fda77b6f081673eaa83d6a36402c819562ff35d0a7f15899dcd5f04"}
{"UtcTime":"2026-08-12 10:49:19.000","Computer":"TN-FIN-WS042","User":"TRANSNORTE\\backup_svc","EventID":1,"Image":"C:\\Windows\\System32\\conhost.exe","ProcessGuid":"{085E26F4-6E05-2026-FDE6-86EA565FA934}","ProcessId":2001,"CommandLine":"C:\\Windows\\System32\\conhost.exe","ParentImage":"C:\\Windows\\System32\\services.exe","ParentProcessGuid":"{82F8C5E2-AF15-2026-730B-F995F96F2790}","OriginalFileName":"C:\\Windows\\System32\\conhost.exe","SHA256":"b7e2ec20684552bbdf9fe911fc9b8f1cb2aa03828cf5c103e1c5ac37f20eaa4f"}
{"UtcTime":"2026-08-12 10:49:20.000","Computer":"TN-FIN-WS042","User":"TRANSNORTE\\ops.cardoso","EventID":5,"Image":"C:\\Windows\\System32\\svchost.exe","ProcessGuid":"{37BA5410-CEEE-2026-56B5-785F7DB767AA}","ProcessId":8209,"EventType":"End"}
{"UtcTime":"2026-08-12 10:49:21.000","Computer":"TN-FIN-WS042","User":"TRANSNORTE\\ops.cardoso","EventID":3,"Image":"C:\\Windows\\explorer.exe","ProcessGuid":"{DE978D01-4BD4-2026-39F7-B3878DC32FD7}","ProcessId":7422,"DestinationIp":"1.1.1.1","DestinationPort":53,"SourceIp":"10.50.10.42","Protocol":"tcp"}
{"UtcTime":"2026-08-12 10:49:22.000","Computer":"TN-FIN-WS042","User":"TRANSNORTE\\backup_svc","EventID":13,"Image":"C:\\Program Files\\Google\\Chrome\\Application\\chrome.exe","ProcessGuid":"{A57E9F96-518A-2026-746A-B4B766318B95}","ProcessId":5713,"EventType":"SetValue","TargetObject":"HKCU\\Software\\Microsoft\\Office\\16.0\\Outlook\\Resiliency\\4162","Details":"1"}
{"UtcTime":"2026-08-12 10:49:23.000","Computer":"TN-FIN-WS042","User":"TRANSNORTE\\ops.cardoso","EventID":11,"Image":"C:\\Windows\\System32\\conhost.exe","ProcessGuid":"{FA086EBD-FED6-2026-7DDE-FD6BE549F81C}","ProcessId":4680,"TargetFilename":"C:\\Users\\ops.cardoso\\AppData\\Local\\Temp\\office-4163.tmp"}
{"UtcTime":"2026-08-12 10:49:24.000","Computer":"TN-FIN-WS042","User":"TRANSNORTE\\backup_svc","EventID":1,"Image":"C:\\Windows\\System32\\conhost.exe","ProcessGuid":"{D64BBC20-6ABB-2026-A130-38A35084AE9D}","ProcessId":5385,"CommandLine":"C:\\Windows\\System32\\conhost.exe","ParentImage":"C:\\Windows\\System32\\services.exe","ParentProcessGuid":"{C6DE890B-B3E2-2026-7366-BCB22F3F4A22}","OriginalFileName":"C:\\Windows\\System32\\conhost.exe","SHA256":"64e128caf7d77c97682b321ae03e2fcdf10edc766788983a57dd8b64eabdcf30"}
{"UtcTime":"2026-08-12 10:49:25.000","Computer":"TN-FIN-WS042","User":"TRANSNORTE\\backup_svc","EventID":5,"Image":"C:\\Program Files\\Google\\Chrome\\Application\\chrome.exe","ProcessGuid":"{EAFD4ADB-6FC6-2026-E01D-1C725206B765}","ProcessId":8456,"EventType":"End"}
{"UtcTime":"2026-08-12 10:49:26.000","Computer":"TN-FIN-WS042","User":"TRANSNORTE\\backup_svc","EventID":13,"Image":"C:\\Windows\\System32\\conhost.exe","ProcessGuid":"{2552F278-749C-2026-A235-EA108379EE5E}","ProcessId":4391,"EventType":"SetValue","TargetObject":"HKCU\\Software\\Microsoft\\Office\\16.0\\Outlook\\Resiliency\\4166","Details":"1"}
{"UtcTime":"2026-08-12 10:49:27.000","Computer":"TN-FIN-WS042","User":"TRANSNORTE\\ops.cardoso","EventID":11,"Image":"C:\\Program Files\\Microsoft Office\\Office16\\OUTLOOK.EXE","ProcessGuid":"{A8C3D82C-B831-2026-6366-FB783CF9A76C}","ProcessId":6127,"TargetFilename":"C:\\Users\\ops.cardoso\\AppData\\Local\\Temp\\office-4167.tmp"}
{"UtcTime":"2026-08-12 10:49:28.000","Computer":"TN-FIN-WS042","User":"TRANSNORTE\\backup_svc","EventID":13,"Image":"C:\\Windows\\System32\\RuntimeBroker.exe","ProcessGuid":"{ECC18538-041C-2026-560F-2FA354192A20}","ProcessId":8689,"EventType":"SetValue","TargetObject":"HKCU\\Software\\Microsoft\\Office\\16.0\\Outlook\\Resiliency\\4168","Details":"1"}
{"UtcTime":"2026-08-12 10:49:29.000","Computer":"TN-FIN-WS042","User":"TRANSNORTE\\ops.cardoso","EventID":1,"Image":"C:\\Windows\\System32\\svchost.exe","ProcessGuid":"{45CCABEC-8445-2026-3231-8C03CCF9179B}","ProcessId":1606,"CommandLine":"C:\\Windows\\System32\\svchost.exe","ParentImage":"C:\\Windows\\System32\\services.exe","ParentProcessGuid":"{B3F7E677-F1E7-2026-2369-5B6EFB4ACD43}","OriginalFileName":"C:\\Windows\\System32\\svchost.exe","SHA256":"99873c8170c70bc31c46cc3b5b91ffaf76544619c584dbfd9e66ebdce4eeaac7"}
{"UtcTime":"2026-08-12 10:49:30.000","Computer":"TN-FIN-WS042","User":"TRANSNORTE\\backup_svc","EventID":3,"Image":"C:\\Program Files\\Microsoft Office\\Office16\\OUTLOOK.EXE","ProcessGuid":"{ACB0B159-8A86-2026-A6F3-BBC4EA315F9C}","ProcessId":1344,"DestinationIp":"1.1.1.1","DestinationPort":8080,"SourceIp":"10.50.10.42","Protocol":"tcp"}
{"UtcTime":"2026-08-12 10:49:31.000","Computer":"TN-FIN-WS042","User":"TRANSNORTE\\backup_svc","EventID":3,"Image":"C:\\Windows\\System32\\conhost.exe","ProcessGuid":"{B293F1F8-1125-2026-0AA6-1031A9B4C403}","ProcessId":7036,"DestinationIp":"10.50.10.10","DestinationPort":8080,"SourceIp":"10.50.10.42","Protocol":"tcp"}
{"UtcTime":"2026-08-12 10:49:32.000","Computer":"TN-FIN-WS042","User":"TRANSNORTE\\backup_svc","EventID":1,"Image":"C:\\Windows\\System32\\conhost.exe","ProcessGuid":"{44113D77-FA7F-2026-2FFD-C3121E634CB4}","ProcessId":724,"CommandLine":"C:\\Windows\\System32\\conhost.exe","ParentImage":"C:\\Windows\\System32\\services.exe","ParentProcessGuid":"{C2F9AECA-2B0C-2026-B3FA-3A273E5480E9}","OriginalFileName":"C:\\Windows\\System32\\conhost.exe","SHA256":"5fc2c41e4a6659fa77c962ee7cbfb22ba916953b6b5fcdd16ae46f1a122f0663"}
{"UtcTime":"2026-08-12 10:49:33.000","Computer":"TN-FIN-WS042","User":"TRANSNORTE\\backup_svc","EventID":13,"Image":"C:\\Windows\\System32\\RuntimeBroker.exe","ProcessGuid":"{B035343B-A46E-2026-6AB8-485147B73814}","ProcessId":4051,"EventType":"SetValue","TargetObject":"HKCU\\Software\\Microsoft\\Office\\16.0\\Outlook\\Resiliency\\4173","Details":"1"}
{"UtcTime":"2026-08-12 10:49:34.000","Computer":"TN-FIN-WS042","User":"TRANSNORTE\\backup_svc","EventID":11,"Image":"C:\\Program Files\\Google\\Chrome\\Application\\chrome.exe","ProcessGuid":"{51D1F4D1-B0E3-2026-4703-5C2641117AD0}","ProcessId":4332,"TargetFilename":"C:\\Users\\ops.cardoso\\AppData\\Local\\Temp\\office-4174.tmp"}
{"UtcTime":"2026-08-12 10:49:35.000","Computer":"TN-FIN-WS042","User":"TRANSNORTE\\ops.cardoso","EventID":13,"Image":"C:\\Windows\\explorer.exe","ProcessGuid":"{76DE72CF-CFF3-2026-AB9E-84158D768000}","ProcessId":4413,"EventType":"SetValue","TargetObject":"HKCU\\Software\\Microsoft\\Office\\16.0\\Outlook\\Resiliency\\4175","Details":"1"}
{"UtcTime":"2026-08-12 10:49:36.000","Computer":"TN-FIN-WS042","User":"TRANSNORTE\\backup_svc","EventID":13,"Image":"C:\\Windows\\System32\\svchost.exe","ProcessGuid":"{99C960BF-DFA0-2026-A5B8-B092C3094160}","ProcessId":8343,"EventType":"SetValue","TargetObject":"HKCU\\Software\\Microsoft\\Office\\16.0\\Outlook\\Resiliency\\4176","Details":"1"}
{"UtcTime":"2026-08-12 10:49:37.000","Computer":"TN-FIN-WS042","User":"TRANSNORTE\\backup_svc","EventID":3,"Image":"C:\\Windows\\System32\\svchost.exe","ProcessGuid":"{1D1B0CB8-41AF-2026-8DF5-4C38F1B35B7C}","ProcessId":3202,"DestinationIp":"10.50.10.10","DestinationPort":135,"SourceIp":"10.50.10.42","Protocol":"tcp"}
{"UtcTime":"2026-08-12 10:49:38.000","Computer":"TN-FIN-WS042","User":"TRANSNORTE\\backup_svc","EventID":1,"Image":"C:\\Program Files\\Microsoft Office\\Office16\\OUTLOOK.EXE","ProcessGuid":"{19089D20-EABB-2026-5758-E26975992F53}","ProcessId":5256,"CommandLine":"C:\\Program Files\\Microsoft Office\\Office16\\OUTLOOK.EXE","ParentImage":"C:\\Windows\\System32\\services.exe","ParentProcessGuid":"{B2D2B119-0B0C-2026-AA81-C21A0F188FBE}","OriginalFileName":"C:\\Program Files\\Microsoft Office\\Office16\\OUTLOOK.EXE","SHA256":"94029861d0fa0fd5dc7431252687c4b2368a64e081d952fabc23a31d421baa10"}
{"UtcTime":"2026-08-12 10:49:39.000","Computer":"TN-FIN-WS042","User":"TRANSNORTE\\backup_svc","EventID":13,"Image":"C:\\Windows\\System32\\RuntimeBroker.exe","ProcessGuid":"{354A1B0A-6980-2026-CC05-FA14599128A6}","ProcessId":2431,"EventType":"SetValue","TargetObject":"HKCU\\Software\\Microsoft\\Office\\16.0\\Outlook\\Resiliency\\4179","Details":"1"}
{"UtcTime":"2026-08-12 10:49:40.000","Computer":"TN-FIN-WS042","User":"TRANSNORTE\\backup_svc","EventID":13,"Image":"C:\\Program Files\\Microsoft Office\\Office16\\OUTLOOK.EXE","ProcessGuid":"{E27CE399-63B6-2026-166C-A6AF72D66ABC}","ProcessId":579,"EventType":"SetValue","TargetObject":"HKCU\\Software\\Microsoft\\Office\\16.0\\Outlook\\Resiliency\\4180","Details":"1"}
{"UtcTime":"2026-08-12 10:49:41.000","Computer":"TN-FIN-WS042","User":"TRANSNORTE\\backup_svc","EventID":13,"Image":"C:\\Program Files\\Google\\Chrome\\Application\\chrome.exe","ProcessGuid":"{DB74E62F-2461-2026-0865-D4F3BDDBBFE8}","ProcessId":2189,"EventType":"SetValue","TargetObject":"HKCU\\Software\\Microsoft\\Office\\16.0\\Outlook\\Resiliency\\4181","Details":"1"}
{"UtcTime":"2026-08-12 10:49:42.000","Computer":"TN-FIN-WS042","User":"TRANSNORTE\\ops.cardoso","EventID":1,"Image":"C:\\Windows\\System32\\RuntimeBroker.exe","ProcessGuid":"{928D6105-F2B2-2026-B3E3-6CF7D3DAC7F7}","ProcessId":6498,"CommandLine":"C:\\Windows\\System32\\RuntimeBroker.exe","ParentImage":"C:\\Windows\\System32\\services.exe","ParentProcessGuid":"{73070716-4235-2026-7B29-8E6C89F82813}","OriginalFileName":"C:\\Windows\\System32\\RuntimeBroker.exe","SHA256":"e5f90a28ef686b7b93f4549bb4a3c6909924fbdb781d2f7f0275284d320d53f8"}
{"UtcTime":"2026-08-12 10:49:43.000","Computer":"TN-FIN-WS042","User":"TRANSNORTE\\ops.cardoso","EventID":1,"Image":"C:\\Windows\\explorer.exe","ProcessGuid":"{95F174BE-FD45-2026-C2B2-D9013984A8AA}","ProcessId":1418,"CommandLine":"C:\\Windows\\explorer.exe","ParentImage":"C:\\Windows\\System32\\services.exe","ParentProcessGuid":"{A8148B9A-A432-2026-16B1-6F59CDE5AB78}","OriginalFileName":"C:\\Windows\\explorer.exe","SHA256":"63f34120c31cef2cad6284536da9467572997158f8cfdae6545e430a7dc32fba"}
{"UtcTime":"2026-08-12 10:49:44.000","Computer":"TN-FIN-WS042","User":"TRANSNORTE\\ops.cardoso","EventID":3,"Image":"C:\\Windows\\explorer.exe","ProcessGuid":"{98820057-2D45-2026-BF2B-08C835E69988}","ProcessId":3600,"DestinationIp":"1.1.1.1","DestinationPort":53,"SourceIp":"10.50.10.42","Protocol":"tcp"}
{"UtcTime":"2026-08-12 10:49:45.000","Computer":"TN-FIN-WS042","User":"TRANSNORTE\\ops.cardoso","EventID":13,"Image":"C:\\Program Files\\Microsoft Office\\Office16\\OUTLOOK.EXE","ProcessGuid":"{75327298-F48C-2026-96A2-C4436270897B}","ProcessId":2747,"EventType":"SetValue","TargetObject":"HKCU\\Software\\Microsoft\\Office\\16.0\\Outlook\\Resiliency\\4185","Details":"1"}
{"UtcTime":"2026-08-12 10:49:46.000","Computer":"TN-FIN-WS042","User":"TRANSNORTE\\backup_svc","EventID":1,"Image":"C:\\Windows\\explorer.exe","ProcessGuid":"{C9EE0DDB-0A33-2026-FE00-E3F2829F941B}","ProcessId":1474,"CommandLine":"C:\\Windows\\explorer.exe","ParentImage":"C:\\Windows\\System32\\services.exe","ParentProcessGuid":"{42F5F563-0CD0-2026-CC24-E90BAAF34492}","OriginalFileName":"C:\\Windows\\explorer.exe","SHA256":"785730825195ca13680fd65cfce157b07105781ca83329df2f8f83c97d9c2103"}
{"UtcTime":"2026-08-12 10:49:47.000","Computer":"TN-FIN-WS042","User":"TRANSNORTE\\backup_svc","EventID":1,"Image":"C:\\Program Files\\Microsoft Office\\Office16\\OUTLOOK.EXE","ProcessGuid":"{3FE0FCBB-E4DD-2026-C835-4BE5B31C2EBD}","ProcessId":3422,"CommandLine":"C:\\Program Files\\Microsoft Office\\Office16\\OUTLOOK.EXE","ParentImage":"C:\\Windows\\System32\\services.exe","ParentProcessGuid":"{F7A5956F-30CF-2026-EADA-EE45C1D1EC35}","OriginalFileName":"C:\\Program Files\\Microsoft Office\\Office16\\OUTLOOK.EXE","SHA256":"6a5357f12fa9cce3c1fde54bc8f27f579fa40ed4922338a8977fce36ba1a8488"}
{"UtcTime":"2026-08-12 10:49:48.000","Computer":"TN-FIN-WS042","User":"TRANSNORTE\\backup_svc","EventID":11,"Image":"C:\\Windows\\System32\\RuntimeBroker.exe","ProcessGuid":"{3C824F00-9716-2026-B940-064D9F58B796}","ProcessId":2194,"TargetFilename":"C:\\Users\\ops.cardoso\\AppData\\Local\\Temp\\office-4188.tmp"}
{"UtcTime":"2026-08-12 10:49:49.000","Computer":"TN-FIN-WS042","User":"TRANSNORTE\\ops.cardoso","EventID":13,"Image":"C:\\Windows\\System32\\svchost.exe","ProcessGuid":"{1F2C9955-9F4D-2026-8EA9-07FD417AA37A}","ProcessId":7994,"EventType":"SetValue","TargetObject":"HKCU\\Software\\Microsoft\\Office\\16.0\\Outlook\\Resiliency\\4189","Details":"1"}
{"UtcTime":"2026-08-12 10:49:50.000","Computer":"TN-FIN-WS042","User":"TRANSNORTE\\ops.cardoso","EventID":13,"Image":"C:\\Program Files\\Google\\Chrome\\Application\\chrome.exe","ProcessGuid":"{16242D9F-3A09-2026-4184-6F3D3F62BB86}","ProcessId":1003,"EventType":"SetValue","TargetObject":"HKCU\\Software\\Microsoft\\Office\\16.0\\Outlook\\Resiliency\\4190","Details":"1"}
{"UtcTime":"2026-08-12 10:49:51.000","Computer":"TN-FIN-WS042","User":"TRANSNORTE\\backup_svc","EventID":1,"Image":"C:\\Program Files\\Microsoft Office\\Office16\\OUTLOOK.EXE","ProcessGuid":"{855053AE-A5E1-2026-D216-1543FEE01765}","ProcessId":6998,"CommandLine":"C:\\Program Files\\Microsoft Office\\Office16\\OUTLOOK.EXE","ParentImage":"C:\\Windows\\System32\\services.exe","ParentProcessGuid":"{9F827989-9541-2026-5D09-21F399BA3F31}","OriginalFileName":"C:\\Program Files\\Microsoft Office\\Office16\\OUTLOOK.EXE","SHA256":"8d7e347bbfbbb2ded3fa3c86bd4b220e5ceece5d7cb041734450d8e11219dcdf"}
{"UtcTime":"2026-08-12 10:49:52.000","Computer":"TN-FIN-WS042","User":"TRANSNORTE\\backup_svc","EventID":1,"Image":"C:\\Program Files\\Microsoft Office\\Office16\\OUTLOOK.EXE","ProcessGuid":"{9D3927E4-5FF9-2026-ED46-65E0012F7D4F}","ProcessId":8101,"CommandLine":"C:\\Program Files\\Microsoft Office\\Office16\\OUTLOOK.EXE","ParentImage":"C:\\Windows\\System32\\services.exe","ParentProcessGuid":"{AC7E9376-91C4-2026-0E6A-F17886F52CFA}","OriginalFileName":"C:\\Program Files\\Microsoft Office\\Office16\\OUTLOOK.EXE","SHA256":"220c2d8e5786f0897dde66952e652c03d0fa9ff83c9d487b891d794795341f54"}
{"UtcTime":"2026-08-12 10:49:53.000","Computer":"TN-FIN-WS042","User":"TRANSNORTE\\backup_svc","EventID":3,"Image":"C:\\Windows\\System32\\RuntimeBroker.exe","ProcessGuid":"{C24018D3-E620-2026-23AB-1311055CFD48}","ProcessId":2610,"DestinationIp":"10.50.10.88","DestinationPort":135,"SourceIp":"10.50.10.42","Protocol":"tcp"}
{"UtcTime":"2026-08-12 10:49:54.000","Computer":"TN-FIN-WS042","User":"TRANSNORTE\\backup_svc","EventID":1,"Image":"C:\\Windows\\System32\\conhost.exe","ProcessGuid":"{FAC80E4A-0020-2026-CFDF-F9897C0D330F}","ProcessId":6680,"CommandLine":"C:\\Windows\\System32\\conhost.exe","ParentImage":"C:\\Windows\\System32\\services.exe","ParentProcessGuid":"{5ABFFE97-A021-2026-9FE6-39E4FCA913D0}","OriginalFileName":"C:\\Windows\\System32\\conhost.exe","SHA256":"d9cf29d1dba9b40c92f8a41735e77321b96ec9fbe8bc502f9719ec7c21eac1f6"}
{"UtcTime":"2026-08-12 10:49:55.000","Computer":"TN-FIN-WS042","User":"TRANSNORTE\\backup_svc","EventID":1,"Image":"C:\\Windows\\System32\\svchost.exe","ProcessGuid":"{641210FC-99E5-2026-9EF8-B387B81D7106}","ProcessId":8081,"CommandLine":"C:\\Windows\\System32\\svchost.exe","ParentImage":"C:\\Windows\\System32\\services.exe","ParentProcessGuid":"{1F094A74-CB96-2026-3482-6AF5C76968DE}","OriginalFileName":"C:\\Windows\\System32\\svchost.exe","SHA256":"6be89cd5f90c53f14cfad42068dbd2f8b4959df032dffcd2d59deeb1bbf5e408"}
{"UtcTime":"2026-08-12 10:49:56.000","Computer":"TN-FIN-WS042","User":"TRANSNORTE\\backup_svc","EventID":3,"Image":"C:\\Program Files\\Microsoft Office\\Office16\\OUTLOOK.EXE","ProcessGuid":"{12CCD506-4117-2026-F5D0-73098688E52B}","ProcessId":7641,"DestinationIp":"10.50.10.88","DestinationPort":53,"SourceIp":"10.50.10.42","Protocol":"tcp"}
{"UtcTime":"2026-08-12 10:49:57.000","Computer":"TN-FIN-WS042","User":"TRANSNORTE\\backup_svc","EventID":13,"Image":"C:\\Windows\\System32\\conhost.exe","ProcessGuid":"{CA31DEE8-1D38-2026-1979-EA52ED2398BB}","ProcessId":6741,"EventType":"SetValue","TargetObject":"HKCU\\Software\\Microsoft\\Office\\16.0\\Outlook\\Resiliency\\4197","Details":"1"}
{"UtcTime":"2026-08-12 10:49:58.000","Computer":"TN-FIN-WS042","User":"TRANSNORTE\\ops.cardoso","EventID":5,"Image":"C:\\Windows\\System32\\conhost.exe","ProcessGuid":"{711CB4B6-BF8E-2026-D4C4-16DBC4C2ED1E}","ProcessId":7728,"EventType":"End"}
{"UtcTime":"2026-08-12 10:49:59.000","Computer":"TN-FIN-WS042","User":"TRANSNORTE\\backup_svc","EventID":5,"Image":"C:\\Windows\\System32\\svchost.exe","ProcessGuid":"{8CC2773F-DB79-2026-7015-0476F1FF2C75}","ProcessId":4955,"EventType":"End"}
{"UtcTime":"2026-08-12 10:50:00.000","Computer":"TN-FIN-WS042","User":"TRANSNORTE\\backup_svc","EventID":11,"Image":"C:\\Windows\\System32\\svchost.exe","ProcessGuid":"{4DD0EE04-E1CB-2026-4C35-74B779830857}","ProcessId":1263,"TargetFilename":"C:\\Users\\ops.cardoso\\AppData\\Local\\Temp\\office-4200.tmp"}
{"UtcTime":"2026-08-12 10:50:01.000","Computer":"TN-FIN-WS042","User":"TRANSNORTE\\backup_svc","EventID":1,"Image":"C:\\Program Files\\Microsoft Office\\Office16\\OUTLOOK.EXE","ProcessGuid":"{D190968D-A274-2026-8409-4FA34DA77243}","ProcessId":2534,"CommandLine":"C:\\Program Files\\Microsoft Office\\Office16\\OUTLOOK.EXE","ParentImage":"C:\\Windows\\System32\\services.exe","ParentProcessGuid":"{AD452323-FAE9-2026-2BB9-822E3FD9596A}","OriginalFileName":"C:\\Program Files\\Microsoft Office\\Office16\\OUTLOOK.EXE","SHA256":"b5a9b4af95e8e1d29eda0821446b35d2bcafc6d4d3cbdd852c0a7295f37a0bd4"}
{"UtcTime":"2026-08-12 10:50:02.000","Computer":"TN-FIN-WS042","User":"TRANSNORTE\\backup_svc","EventID":1,"Image":"C:\\Program Files\\Microsoft Office\\Office16\\OUTLOOK.EXE","ProcessGuid":"{88441358-B42D-2026-D93A-BE9F9A590F81}","ProcessId":2833,"CommandLine":"C:\\Program Files\\Microsoft Office\\Office16\\OUTLOOK.EXE","ParentImage":"C:\\Windows\\System32\\services.exe","ParentProcessGuid":"{7B92459D-8DF0-2026-4E68-371BD6E83AFA}","OriginalFileName":"C:\\Program Files\\Microsoft Office\\Office16\\OUTLOOK.EXE","SHA256":"f5f3f7a3f2897f6b41f1c04eb84624a9c989d5844780da68be815f8117ba9d18"}
{"UtcTime":"2026-08-12 10:50:03.000","Computer":"TN-FIN-WS042","User":"TRANSNORTE\\backup_svc","EventID":3,"Image":"C:\\Program Files\\Microsoft Office\\Office16\\OUTLOOK.EXE","ProcessGuid":"{66AC672C-3B56-2026-764A-3A13877A8A51}","ProcessId":7443,"DestinationIp":"10.50.10.88","DestinationPort":53,"SourceIp":"10.50.10.42","Protocol":"tcp"}
{"UtcTime":"2026-08-12 10:50:04.000","Computer":"TN-FIN-WS042","User":"TRANSNORTE\\backup_svc","EventID":1,"Image":"C:\\Windows\\System32\\RuntimeBroker.exe","ProcessGuid":"{8E54EA5A-94E7-2026-7106-573EBD004386}","ProcessId":4840,"CommandLine":"C:\\Windows\\System32\\RuntimeBroker.exe","ParentImage":"C:\\Windows\\System32\\services.exe","ParentProcessGuid":"{F102AD8B-B185-2026-5790-6849705F2A48}","OriginalFileName":"C:\\Windows\\System32\\RuntimeBroker.exe","SHA256":"d3a9cb9107de05e11a86ba3f9b8c8ed84e4822c5f52b9e938e80f2aff4311a21"}
{"UtcTime":"2026-08-12 10:50:05.000","Computer":"TN-FIN-WS042","User":"TRANSNORTE\\ops.cardoso","EventID":11,"Image":"C:\\Windows\\System32\\conhost.exe","ProcessGuid":"{41FFFD7B-20D1-2026-EDF4-8386738E56E3}","ProcessId":2260,"TargetFilename":"C:\\Users\\ops.cardoso\\AppData\\Local\\Temp\\office-4205.tmp"}
{"UtcTime":"2026-08-12 10:50:06.000","Computer":"TN-FIN-WS042","User":"TRANSNORTE\\backup_svc","EventID":1,"Image":"C:\\Windows\\System32\\conhost.exe","ProcessGuid":"{3F50698C-6959-2026-779F-80A38A70BC5F}","ProcessId":7972,"CommandLine":"C:\\Windows\\System32\\conhost.exe","ParentImage":"C:\\Windows\\System32\\services.exe","ParentProcessGuid":"{A422BA37-7515-2026-1972-ECA49DC5C533}","OriginalFileName":"C:\\Windows\\System32\\conhost.exe","SHA256":"e454032d5abe1d2436288ddd8fda49584ce67680d1b5f2e0090b3aa1b4ea689c"}
{"UtcTime":"2026-08-12 10:50:07.000","Computer":"TN-FIN-WS042","User":"TRANSNORTE\\ops.cardoso","EventID":11,"Image":"C:\\Windows\\System32\\conhost.exe","ProcessGuid":"{C627ADDF-98E1-2026-A9AE-F4FA7BF488A1}","ProcessId":8717,"TargetFilename":"C:\\Users\\ops.cardoso\\AppData\\Local\\Temp\\office-4207.tmp"}
{"UtcTime":"2026-08-12 10:50:08.000","Computer":"TN-FIN-WS042","User":"TRANSNORTE\\backup_svc","EventID":5,"Image":"C:\\Program Files\\Google\\Chrome\\Application\\chrome.exe","ProcessGuid":"{F9FDD4C3-53FC-2026-1D93-888071BD31BB}","ProcessId":8294,"EventType":"End"}
{"UtcTime":"2026-08-12 10:50:09.000","Computer":"TN-FIN-WS042","User":"TRANSNORTE\\ops.cardoso","EventID":1,"Image":"C:\\Windows\\System32\\svchost.exe","ProcessGuid":"{319D530D-2A1F-2026-948E-7604650C1D87}","ProcessId":2143,"CommandLine":"C:\\Windows\\System32\\svchost.exe","ParentImage":"C:\\Windows\\System32\\services.exe","ParentProcessGuid":"{EE673BC9-EA73-2026-37DA-0B44D1753385}","OriginalFileName":"C:\\Windows\\System32\\svchost.exe","SHA256":"55af2abecff50daa8be316006981be54bd6a24441a4104bb31d2a6a1edb18c98"}
{"UtcTime":"2026-08-12 10:50:10.000","Computer":"TN-FIN-WS042","User":"TRANSNORTE\\backup_svc","EventID":13,"Image":"C:\\Windows\\explorer.exe","ProcessGuid":"{E0E6D516-7A23-2026-5CD5-6806A14117F0}","ProcessId":7710,"EventType":"SetValue","TargetObject":"HKCU\\Software\\Microsoft\\Office\\16.0\\Outlook\\Resiliency\\4210","Details":"1"}
{"UtcTime":"2026-08-12 10:50:11.000","Computer":"TN-FIN-WS042","User":"TRANSNORTE\\backup_svc","EventID":5,"Image":"C:\\Windows\\System32\\conhost.exe","ProcessGuid":"{8D86C84B-ED07-2026-C21A-58DAC1D74010}","ProcessId":8370,"EventType":"End"}
{"UtcTime":"2026-08-12 10:50:12.000","Computer":"TN-FIN-WS042","User":"TRANSNORTE\\ops.cardoso","EventID":3,"Image":"C:\\Program Files\\Microsoft Office\\Office16\\OUTLOOK.EXE","ProcessGuid":"{ECF77455-8B84-2026-0356-313E1238E48F}","ProcessId":8555,"DestinationIp":"10.50.10.88","DestinationPort":8080,"SourceIp":"10.50.10.42","Protocol":"tcp"}
{"UtcTime":"2026-08-12 10:50:13.000","Computer":"TN-FIN-WS042","User":"TRANSNORTE\\backup_svc","EventID":11,"Image":"C:\\Program Files\\Google\\Chrome\\Application\\chrome.exe","ProcessGuid":"{034FED14-D037-2026-C4D1-E5C02018459C}","ProcessId":2523,"TargetFilename":"C:\\Users\\ops.cardoso\\AppData\\Local\\Temp\\office-4213.tmp"}
{"UtcTime":"2026-08-12 10:50:14.000","Computer":"TN-FIN-WS042","User":"TRANSNORTE\\backup_svc","EventID":5,"Image":"C:\\Program Files\\Google\\Chrome\\Application\\chrome.exe","ProcessGuid":"{784C8794-F6F8-2026-27DF-D296814D3FD6}","ProcessId":1590,"EventType":"End"}
