{"UtcTime":"2026-08-12 14:19:13.000","Computer":"CLM-MESA-014","User":"CLM\\ops","EventID":1,"Image":"C:\\Windows\\System32\\conhost.exe","ProcessGuid":"{BFA4E9AC-3FA2-2026-290D-820705FAAC7F}","ProcessId":4675,"CommandLine":"C:\\Windows\\System32\\conhost.exe","ParentImage":"C:\\Windows\\System32\\services.exe","ParentProcessGuid":"{3EA8FAEE-F3DB-2026-5D20-D0BAB859270A}","OriginalFileName":"C:\\Windows\\System32\\conhost.exe"}
{"UtcTime":"2026-08-12 14:19:14.000","Computer":"CLM-MESA-014","User":"CLM\\mesa","EventID":11,"Image":"C:\\Windows\\System32\\RuntimeBroker.exe","ProcessGuid":"{EF69E6AC-2814-2026-308F-CEEC9180266F}","ProcessId":6787,"TargetFilename":"C:\\Users\\Public\\Temp\\mesa-554.tmp"}
{"UtcTime":"2026-08-12 14:19:15.000","Computer":"CLM-MESA-014","User":"CLM\\mesa","EventID":3,"Image":"C:\\Windows\\System32\\conhost.exe","ProcessGuid":"{00F6D2F2-3C7E-2026-5C4B-5683EFB98555}","ProcessId":532,"DestinationIp":"8.8.8.8","DestinationPort":135,"DestinationHostname":"portal.clm.liquidacao","SourceIp":"10.70.30.14","Protocol":"tcp"}
{"UtcTime":"2026-08-12 14:19:16.000","Computer":"CLM-MESA-014","User":"CLM\\ops","EventID":1,"Image":"C:\\Windows\\explorer.exe","ProcessGuid":"{0647F2D3-1BD6-2026-E51E-F24E17AAAC4C}","ProcessId":4707,"CommandLine":"C:\\Windows\\explorer.exe","ParentImage":"C:\\Windows\\System32\\services.exe","ParentProcessGuid":"{57F491AE-3620-2026-B3CB-23AA829F285C}","OriginalFileName":"C:\\Windows\\explorer.exe"}
{"UtcTime":"2026-08-12 14:19:17.000","Computer":"CLM-MESA-014","User":"CLM\\backoffice","EventID":13,"Image":"C:\\Windows\\explorer.exe","ProcessGuid":"{32FA68E5-66D0-2026-EF79-2EA6DC65FF75}","ProcessId":2824,"EventType":"SetValue","TargetObject":"HKCU\\Software\\CLM\\Mesa\\Pref\\557","Details":"1"}
{"UtcTime":"2026-08-12 14:19:18.000","Computer":"CLM-MESA-014","User":"CLM\\ops","EventID":3,"Image":"C:\\Program Files\\Google\\Chrome\\Application\\chrome.exe","ProcessGuid":"{87129689-6EBE-2026-7A32-F9E8EE39A001}","ProcessId":3401,"DestinationIp":"10.70.30.8","DestinationPort":53,"DestinationHostname":"portal.clm.liquidacao","SourceIp":"10.70.30.14","Protocol":"tcp"}
{"UtcTime":"2026-08-12 14:19:19.000","Computer":"CLM-MESA-014","User":"CLM\\ops","EventID":1,"Image":"C:\\Program Files\\Microsoft Office\\Office16\\EXCEL.EXE","ProcessGuid":"{0A150937-D6A2-2026-D21C-5930EF079B06}","ProcessId":719,"CommandLine":"C:\\Program Files\\Microsoft Office\\Office16\\EXCEL.EXE","ParentImage":"C:\\Windows\\System32\\services.exe","ParentProcessGuid":"{866EFA13-5BC0-2026-07FB-680E19327EF9}","OriginalFileName":"C:\\Program Files\\Microsoft Office\\Office16\\EXCEL.EXE"}
{"UtcTime":"2026-08-12 14:19:20.000","Computer":"CLM-MESA-014","User":"CLM\\ops","EventID":3,"Image":"C:\\Windows\\System32\\svchost.exe","ProcessGuid":"{B696DBE1-0ABB-2026-E173-2BFBA3D48AC1}","ProcessId":4902,"DestinationIp":"8.8.8.8","DestinationPort":8080,"DestinationHostname":"portal.clm.liquidacao","SourceIp":"10.70.30.14","Protocol":"tcp"}
{"UtcTime":"2026-08-12 14:19:21.000","Computer":"CLM-MESA-014","User":"CLM\\ops","EventID":1,"Image":"C:\\Windows\\System32\\conhost.exe","ProcessGuid":"{2BB653A5-1FEA-2026-472F-2D8A83524DC9}","ProcessId":951,"CommandLine":"C:\\Windows\\System32\\conhost.exe","ParentImage":"C:\\Windows\\System32\\services.exe","ParentProcessGuid":"{B74353F1-F515-2026-1BAB-4898F2CAA8FA}","OriginalFileName":"C:\\Windows\\System32\\conhost.exe"}
{"UtcTime":"2026-08-12 14:19:22.000","Computer":"CLM-MESA-014","User":"CLM\\backoffice","EventID":1,"Image":"C:\\Windows\\System32\\svchost.exe","ProcessGuid":"{64F68F22-4E47-2026-5751-FD72CB8D6D85}","ProcessId":1503,"CommandLine":"C:\\Windows\\System32\\svchost.exe","ParentImage":"C:\\Windows\\System32\\services.exe","ParentProcessGuid":"{42B88CF5-1A84-2026-4F25-CCCDAC3DB0DB}","OriginalFileName":"C:\\Windows\\System32\\svchost.exe"}
{"UtcTime":"2026-08-12 14:19:23.000","Computer":"CLM-MESA-014","User":"CLM\\mesa","EventID":1,"Image":"C:\\Windows\\explorer.exe","ProcessGuid":"{DF1B85AB-2FD3-2026-57E3-D4B83635127B}","ProcessId":6999,"CommandLine":"C:\\Windows\\explorer.exe","ParentImage":"C:\\Windows\\System32\\services.exe","ParentProcessGuid":"{6DB23021-CCA6-2026-7BCC-B280A677D65B}","OriginalFileName":"C:\\Windows\\explorer.exe"}
{"UtcTime":"2026-08-12 14:19:24.000","Computer":"CLM-MESA-014","User":"CLM\\ops","EventID":1,"Image":"C:\\Program Files\\Microsoft Office\\Office16\\EXCEL.EXE","ProcessGuid":"{A3964462-8F3F-2026-6391-BD29A82E255D}","ProcessId":6324,"CommandLine":"C:\\Program Files\\Microsoft Office\\Office16\\EXCEL.EXE","ParentImage":"C:\\Windows\\System32\\services.exe","ParentProcessGuid":"{A1E35582-EEC1-2026-B1FF-2A1720AD04EE}","OriginalFileName":"C:\\Program Files\\Microsoft Office\\Office16\\EXCEL.EXE"}
{"UtcTime":"2026-08-12 14:19:25.000","Computer":"CLM-MESA-014","User":"CLM\\ops","EventID":5,"Image":"C:\\Windows\\System32\\conhost.exe","ProcessGuid":"{86C967B1-3ADA-2026-A917-E2894E41B630}","ProcessId":1036,"EventType":"End"}
{"UtcTime":"2026-08-12 14:19:26.000","Computer":"CLM-MESA-014","User":"CLM\\ops","EventID":3,"Image":"C:\\Windows\\System32\\conhost.exe","ProcessGuid":"{EA8F1FE3-A6C4-2026-A7CD-7C6813EF440F}","ProcessId":1329,"DestinationIp":"1.1.1.1","DestinationPort":8080,"DestinationHostname":"ntp.clm.liquidacao","SourceIp":"10.70.30.14","Protocol":"tcp"}
{"UtcTime":"2026-08-12 14:19:27.000","Computer":"CLM-MESA-014","User":"CLM\\ops","EventID":5,"Image":"C:\\Program Files\\Google\\Chrome\\Application\\chrome.exe","ProcessGuid":"{9B4B2A14-F691-2026-E4E6-55E021F58227}","ProcessId":3780,"EventType":"End"}
{"UtcTime":"2026-08-12 14:19:28.000","Computer":"CLM-MESA-014","User":"CLM\\mesa","EventID":3,"Image":"C:\\Windows\\System32\\RuntimeBroker.exe","ProcessGuid":"{8AB31AAB-869D-2026-FC28-1C2E67E406DA}","ProcessId":6883,"DestinationIp":"1.1.1.1","DestinationPort":135,"DestinationHostname":"portal.clm.liquidacao","SourceIp":"10.70.30.14","Protocol":"tcp"}
{"UtcTime":"2026-08-12 14:19:29.000","Computer":"CLM-MESA-014","User":"CLM\\ops","EventID":1,"Image":"C:\\Windows\\explorer.exe","ProcessGuid":"{107121C9-CDAA-2026-D488-CFC484830E61}","ProcessId":741,"CommandLine":"C:\\Windows\\explorer.exe","ParentImage":"C:\\Windows\\System32\\services.exe","ParentProcessGuid":"{DAAF3FAA-9669-2026-136F-E334B85AEF3D}","OriginalFileName":"C:\\Windows\\explorer.exe"}
{"UtcTime":"2026-08-12 14:19:30.000","Computer":"CLM-MESA-014","User":"CLM\\backoffice","EventID":13,"Image":"C:\\Windows\\System32\\svchost.exe","ProcessGuid":"{7677BD9B-FF19-2026-016B-99EADB3F791C}","ProcessId":7676,"EventType":"SetValue","TargetObject":"HKCU\\Software\\CLM\\Mesa\\Pref\\570","Details":"1"}
{"UtcTime":"2026-08-12 14:19:31.000","Computer":"CLM-MESA-014","User":"CLM\\mesa","EventID":13,"Image":"C:\\Windows\\System32\\conhost.exe","ProcessGuid":"{61D61A39-1ACD-2026-0CB1-B73F01162E40}","ProcessId":6335,"EventType":"SetValue","TargetObject":"HKCU\\Software\\CLM\\Mesa\\Pref\\571","Details":"1"}
{"UtcTime":"2026-08-12 14:19:32.000","Computer":"CLM-MESA-014","User":"CLM\\backoffice","EventID":1,"Image":"C:\\Windows\\System32\\conhost.exe","ProcessGuid":"{81538292-38AB-2026-E6F4-42F8D5E39CDD}","ProcessId":8599,"CommandLine":"C:\\Windows\\System32\\conhost.exe","ParentImage":"C:\\Windows\\System32\\services.exe","ParentProcessGuid":"{4AC41B7D-77C5-2026-60EE-2951D71E2123}","OriginalFileName":"C:\\Windows\\System32\\conhost.exe"}
{"UtcTime":"2026-08-12 14:19:33.000","Computer":"CLM-MESA-014","User":"CLM\\mesa","EventID":3,"Image":"C:\\Windows\\System32\\svchost.exe","ProcessGuid":"{C86CB094-ACCC-2026-FEDB-7415B6A9DB60}","ProcessId":2972,"DestinationIp":"10.70.30.1","DestinationPort":135,"DestinationHostname":"ntp.clm.liquidacao","SourceIp":"10.70.30.14","Protocol":"tcp"}
{"UtcTime":"2026-08-12 14:19:34.000","Computer":"CLM-MESA-014","User":"CLM\\mesa","EventID":13,"Image":"C:\\Program Files\\Microsoft Office\\Office16\\EXCEL.EXE","ProcessGuid":"{597FBAA1-653F-2026-2CB9-41E2EE15F0E1}","ProcessId":1601,"EventType":"SetValue","TargetObject":"HKCU\\Software\\CLM\\Mesa\\Pref\\574","Details":"1"}
{"UtcTime":"2026-08-12 14:19:35.000","Computer":"CLM-MESA-014","User":"CLM\\backoffice","EventID":13,"Image":"C:\\Program Files\\Google\\Chrome\\Application\\chrome.exe","ProcessGuid":"{1C940274-990F-2026-0A2C-B6895418F779}","ProcessId":4987,"EventType":"SetValue","TargetObject":"HKCU\\Software\\CLM\\Mesa\\Pref\\575","Details":"1"}
{"UtcTime":"2026-08-12 14:19:36.000","Computer":"CLM-MESA-014","User":"CLM\\ops","EventID":3,"Image":"C:\\Windows\\System32\\conhost.exe","ProcessGuid":"{4A75EA3C-3115-2026-171F-9DEC5569B03C}","ProcessId":5638,"DestinationIp":"10.70.30.1","DestinationPort":135,"DestinationHostname":"ntp.clm.liquidacao","SourceIp":"10.70.30.14","Protocol":"tcp"}
{"UtcTime":"2026-08-12 14:19:37.000","Computer":"CLM-MESA-014","User":"CLM\\ops","EventID":1,"Image":"C:\\Windows\\explorer.exe","ProcessGuid":"{AFF189C0-CE19-2026-A755-3698E1E6BB11}","ProcessId":4238,"CommandLine":"C:\\Windows\\explorer.exe","ParentImage":"C:\\Windows\\System32\\services.exe","ParentProcessGuid":"{83230474-1C67-2026-46AF-C5FE95FCD87A}","OriginalFileName":"C:\\Windows\\explorer.exe"}
{"UtcTime":"2026-08-12 14:19:38.000","Computer":"CLM-MESA-014","User":"CLM\\backoffice","EventID":1,"Image":"C:\\Windows\\System32\\svchost.exe","ProcessGuid":"{BE89E144-94C9-2026-43E1-F53A61B2B155}","ProcessId":2604,"CommandLine":"C:\\Windows\\System32\\svchost.exe","ParentImage":"C:\\Windows\\System32\\services.exe","ParentProcessGuid":"{BA20C367-8317-2026-77B0-518B411B25B7}","OriginalFileName":"C:\\Windows\\System32\\svchost.exe"}
{"UtcTime":"2026-08-12 14:19:39.000","Computer":"CLM-MESA-014","User":"CLM\\mesa","EventID":5,"Image":"C:\\Windows\\System32\\conhost.exe","ProcessGuid":"{6437724F-FB24-2026-A1CA-704FB1EB4230}","ProcessId":2418,"EventType":"End"}
{"UtcTime":"2026-08-12 14:19:40.000","Computer":"CLM-MESA-014","User":"CLM\\backoffice","EventID":1,"Image":"C:\\Windows\\explorer.exe","ProcessGuid":"{9D214293-E1E1-2026-446B-2ABDE384C618}","ProcessId":7456,"CommandLine":"C:\\Windows\\explorer.exe","ParentImage":"C:\\Windows\\System32\\services.exe","ParentProcessGuid":"{EC0EF27F-7FFB-2026-04BE-AC57BA21BA00}","OriginalFileName":"C:\\Windows\\explorer.exe"}
{"UtcTime":"2026-08-12 14:19:41.000","Computer":"CLM-MESA-014","User":"CLM\\ops","EventID":5,"Image":"C:\\Windows\\explorer.exe","ProcessGuid":"{B61D718A-AE06-2026-CD20-8239EDFB5498}","ProcessId":1879,"EventType":"End"}
{"UtcTime":"2026-08-12 14:19:42.000","Computer":"CLM-MESA-014","User":"CLM\\ops","EventID":11,"Image":"C:\\Program Files\\Google\\Chrome\\Application\\chrome.exe","ProcessGuid":"{8EB03F4C-FFDB-2026-43CF-D17F0D68CC87}","ProcessId":3940,"TargetFilename":"C:\\Users\\Public\\Temp\\mesa-582.tmp"}
{"UtcTime":"2026-08-12 14:19:43.000","Computer":"CLM-MESA-014","User":"CLM\\ops","EventID":1,"Image":"C:\\Windows\\System32\\svchost.exe","ProcessGuid":"{554C661C-C73C-2026-CBBB-A4CB2675A47F}","ProcessId":6780,"CommandLine":"C:\\Windows\\System32\\svchost.exe","ParentImage":"C:\\Windows\\System32\\services.exe","ParentProcessGuid":"{1EC6AFB2-F541-2026-3125-E64B53777CEA}","OriginalFileName":"C:\\Windows\\System32\\svchost.exe"}
{"UtcTime":"2026-08-12 14:19:44.000","Computer":"CLM-MESA-014","User":"CLM\\backoffice","EventID":1,"Image":"C:\\Windows\\System32\\conhost.exe","ProcessGuid":"{FA3717EE-3B54-2026-11A0-711CEFDE4516}","ProcessId":7516,"CommandLine":"C:\\Windows\\System32\\conhost.exe","ParentImage":"C:\\Windows\\System32\\services.exe","ParentProcessGuid":"{6D0D128C-24C0-2026-442A-61B552F495E2}","OriginalFileName":"C:\\Windows\\System32\\conhost.exe"}
{"UtcTime":"2026-08-12 14:19:45.000","Computer":"CLM-MESA-014","User":"CLM\\ops","EventID":1,"Image":"C:\\Program Files\\Google\\Chrome\\Application\\chrome.exe","ProcessGuid":"{D4BF8281-3E90-2026-9FE5-C8321DB686EF}","ProcessId":5191,"CommandLine":"C:\\Program Files\\Google\\Chrome\\Application\\chrome.exe","ParentImage":"C:\\Windows\\System32\\services.exe","ParentProcessGuid":"{C367029A-B9CE-2026-928B-3EA9023E1747}","OriginalFileName":"C:\\Program Files\\Google\\Chrome\\Application\\chrome.exe"}
{"UtcTime":"2026-08-12 14:19:46.000","Computer":"CLM-MESA-014","User":"CLM\\ops","EventID":11,"Image":"C:\\Windows\\System32\\conhost.exe","ProcessGuid":"{66634B53-6859-2026-9C88-CD8CBE513DF9}","ProcessId":6258,"TargetFilename":"C:\\Users\\Public\\Temp\\mesa-586.tmp"}
{"UtcTime":"2026-08-12 14:19:47.000","Computer":"CLM-MESA-014","User":"CLM\\ops","EventID":3,"Image":"C:\\Program Files\\Microsoft Office\\Office16\\EXCEL.EXE","ProcessGuid":"{946CA110-D606-2026-768D-B16222845786}","ProcessId":3060,"DestinationIp":"1.1.1.1","DestinationPort":53,"DestinationHostname":"portal.clm.liquidacao","SourceIp":"10.70.30.14","Protocol":"tcp"}
{"UtcTime":"2026-08-12 14:19:48.000","Computer":"CLM-MESA-014","User":"CLM\\ops","EventID":5,"Image":"C:\\Program Files\\Microsoft Office\\Office16\\EXCEL.EXE","ProcessGuid":"{B443F32B-B1CB-2026-EDB8-6014A9792D34}","ProcessId":1945,"EventType":"End"}
{"UtcTime":"2026-08-12 14:19:49.000","Computer":"CLM-MESA-014","User":"CLM\\backoffice","EventID":1,"Image":"C:\\Windows\\System32\\svchost.exe","ProcessGuid":"{F3E0AF87-A9B6-2026-9C7B-BF15EAD77B36}","ProcessId":6341,"CommandLine":"C:\\Windows\\System32\\svchost.exe","ParentImage":"C:\\Windows\\System32\\services.exe","ParentProcessGuid":"{B7C65090-94B6-2026-C225-F9D28A832B89}","OriginalFileName":"C:\\Windows\\System32\\svchost.exe"}
{"UtcTime":"2026-08-12 14:19:50.000","Computer":"CLM-MESA-014","User":"CLM\\mesa","EventID":5,"Image":"C:\\Program Files\\Microsoft Office\\Office16\\EXCEL.EXE","ProcessGuid":"{73C23ADB-2833-2026-3BC1-45B6483A7ED4}","ProcessId":2805,"EventType":"End"}
{"UtcTime":"2026-08-12 14:19:51.000","Computer":"CLM-MESA-014","User":"CLM\\mesa","EventID":1,"Image":"C:\\Windows\\System32\\svchost.exe","ProcessGuid":"{29F57061-F07F-2026-CB93-14408FAC440D}","ProcessId":4222,"CommandLine":"C:\\Windows\\System32\\svchost.exe","ParentImage":"C:\\Windows\\System32\\services.exe","ParentProcessGuid":"{ABAB9BEC-419E-2026-C061-D0C14C8C2176}","OriginalFileName":"C:\\Windows\\System32\\svchost.exe"}
{"UtcTime":"2026-08-12 14:19:52.000","Computer":"CLM-MESA-014","User":"CLM\\ops","EventID":1,"Image":"C:\\Windows\\System32\\svchost.exe","ProcessGuid":"{B802E5FD-128D-2026-C32C-48F964A30C3D}","ProcessId":5584,"CommandLine":"C:\\Windows\\System32\\svchost.exe","ParentImage":"C:\\Windows\\System32\\services.exe","ParentProcessGuid":"{DA58D5F7-696D-2026-0776-6D9DC94A1FA4}","OriginalFileName":"C:\\Windows\\System32\\svchost.exe"}
{"UtcTime":"2026-08-12 14:19:53.000","Computer":"CLM-MESA-014","User":"CLM\\ops","EventID":3,"Image":"C:\\Windows\\System32\\RuntimeBroker.exe","ProcessGuid":"{722E88A9-9061-2026-A22D-D7804C52F823}","ProcessId":2095,"DestinationIp":"1.1.1.1","DestinationPort":53,"DestinationHostname":"ntp.clm.liquidacao","SourceIp":"10.70.30.14","Protocol":"tcp"}
{"UtcTime":"2026-08-12 14:19:54.000","Computer":"CLM-MESA-014","User":"CLM\\mesa","EventID":11,"Image":"C:\\Windows\\System32\\RuntimeBroker.exe","ProcessGuid":"{48FEE80B-28C5-2026-D48F-24FCA0BBE4BD}","ProcessId":2523,"TargetFilename":"C:\\Users\\Public\\Temp\\mesa-594.tmp"}
{"UtcTime":"2026-08-12 14:19:55.000","Computer":"CLM-MESA-014","User":"CLM\\mesa","EventID":13,"Image":"C:\\Windows\\System32\\svchost.exe","ProcessGuid":"{7A83DDD9-317C-2026-4A8A-6E7079B9AAB7}","ProcessId":7861,"EventType":"SetValue","TargetObject":"HKCU\\Software\\CLM\\Mesa\\Pref\\595","Details":"1"}
{"UtcTime":"2026-08-12 14:19:56.000","Computer":"CLM-MESA-014","User":"CLM\\mesa","EventID":11,"Image":"C:\\Windows\\explorer.exe","ProcessGuid":"{5BF11F16-1F70-2026-EBE4-B77578FA2308}","ProcessId":1761,"TargetFilename":"C:\\Users\\Public\\Temp\\mesa-596.tmp"}
{"UtcTime":"2026-08-12 14:19:57.000","Computer":"CLM-MESA-014","User":"CLM\\backoffice","EventID":1,"Image":"C:\\Windows\\System32\\conhost.exe","ProcessGuid":"{91A83B55-1013-2026-00F8-1B3D33F24A12}","ProcessId":3607,"CommandLine":"C:\\Windows\\System32\\conhost.exe","ParentImage":"C:\\Windows\\System32\\services.exe","ParentProcessGuid":"{7F2BF4F7-748C-2026-D7A2-4C9643E24498}","OriginalFileName":"C:\\Windows\\System32\\conhost.exe"}
{"UtcTime":"2026-08-12 14:19:58.000","Computer":"CLM-MESA-014","User":"CLM\\ops","EventID":13,"Image":"C:\\Windows\\explorer.exe","ProcessGuid":"{F1A42B90-2C03-2026-E198-9B0EBA7D9BB9}","ProcessId":435,"EventType":"SetValue","TargetObject":"HKCU\\Software\\CLM\\Mesa\\Pref\\598","Details":"1"}
{"UtcTime":"2026-08-12 14:19:59.000","Computer":"CLM-MESA-014","User":"CLM\\ops","EventID":1,"Image":"C:\\Windows\\System32\\conhost.exe","ProcessGuid":"{4F10C7F1-C192-2026-407D-01433E2AC6A4}","ProcessId":4128,"CommandLine":"C:\\Windows\\System32\\conhost.exe","ParentImage":"C:\\Windows\\System32\\services.exe","ParentProcessGuid":"{F1E5A2EE-B369-2026-A168-21275A8502AA}","OriginalFileName":"C:\\Windows\\System32\\conhost.exe"}
{"UtcTime":"2026-08-12 14:20:00.000","Computer":"CLM-MESA-014","User":"CLM\\ops","EventID":3,"Image":"C:\\Windows\\System32\\RuntimeBroker.exe","ProcessGuid":"{BCCDCEFD-E361-2026-B2E8-5AF9032FE26D}","ProcessId":2210,"DestinationIp":"1.1.1.1","DestinationPort":135,"DestinationHostname":"ntp.clm.liquidacao","SourceIp":"10.70.30.14","Protocol":"tcp"}
{"UtcTime":"2026-08-12 14:20:01.000","Computer":"CLM-MESA-014","User":"CLM\\ops","EventID":1,"Image":"C:\\Windows\\System32\\svchost.exe","ProcessGuid":"{54220CBE-F21F-2026-13BF-5A066061E7CC}","ProcessId":8146,"CommandLine":"C:\\Windows\\System32\\svchost.exe","ParentImage":"C:\\Windows\\System32\\services.exe","ParentProcessGuid":"{CBAF6EEC-FB7B-2026-AD91-AB53840DEEC9}","OriginalFileName":"C:\\Windows\\System32\\svchost.exe"}
{"UtcTime":"2026-08-12 14:20:02.000","Computer":"CLM-MESA-014","User":"CLM\\backoffice","EventID":11,"Image":"C:\\Windows\\System32\\RuntimeBroker.exe","ProcessGuid":"{CFCEFE20-256C-2026-DDB6-DF13D3A7714C}","ProcessId":5616,"TargetFilename":"C:\\Users\\Public\\Temp\\mesa-602.tmp"}
{"UtcTime":"2026-08-12 14:20:03.000","Computer":"CLM-MESA-014","User":"CLM\\ops","EventID":1,"Image":"C:\\Windows\\System32\\RuntimeBroker.exe","ProcessGuid":"{75157990-136F-2026-0283-23CE82BD5C4A}","ProcessId":1867,"CommandLine":"C:\\Windows\\System32\\RuntimeBroker.exe","ParentImage":"C:\\Windows\\System32\\services.exe","ParentProcessGuid":"{F41C324A-095C-2026-20EA-D83A0CA42C37}","OriginalFileName":"C:\\Windows\\System32\\RuntimeBroker.exe"}
{"UtcTime":"2026-08-12 14:20:04.000","Computer":"CLM-MESA-014","User":"CLM\\backoffice","EventID":3,"Image":"C:\\Windows\\explorer.exe","ProcessGuid":"{46FEC130-F4B6-2026-A977-EF03FAD90FF1}","ProcessId":4439,"DestinationIp":"10.70.30.8","DestinationPort":135,"DestinationHostname":"ntp.clm.liquidacao","SourceIp":"10.70.30.14","Protocol":"tcp"}
{"UtcTime":"2026-08-12 14:20:05.000","Computer":"CLM-MESA-014","User":"CLM\\backoffice","EventID":5,"Image":"C:\\Program Files\\Google\\Chrome\\Application\\chrome.exe","ProcessGuid":"{B04D2287-8A15-2026-4059-D16171D97C6D}","ProcessId":5465,"EventType":"End"}
{"UtcTime":"2026-08-12 14:20:06.000","Computer":"CLM-MESA-014","User":"CLM\\ops","EventID":1,"Image":"C:\\Windows\\System32\\RuntimeBroker.exe","ProcessGuid":"{1302472E-9D88-2026-FE9C-7CABCBE5E126}","ProcessId":7781,"CommandLine":"C:\\Windows\\System32\\RuntimeBroker.exe","ParentImage":"C:\\Windows\\System32\\services.exe","ParentProcessGuid":"{9A7CE53C-6C06-2026-0757-DDAC6EC2A7C5}","OriginalFileName":"C:\\Windows\\System32\\RuntimeBroker.exe"}
{"UtcTime":"2026-08-12 14:20:07.000","Computer":"CLM-MESA-014","User":"CLM\\backoffice","EventID":1,"Image":"C:\\Program Files\\Google\\Chrome\\Application\\chrome.exe","ProcessGuid":"{248862FC-3711-2026-6E1F-EC7344068B74}","ProcessId":1737,"CommandLine":"C:\\Program Files\\Google\\Chrome\\Application\\chrome.exe","ParentImage":"C:\\Windows\\System32\\services.exe","ParentProcessGuid":"{2AEDA428-A1A7-2026-938B-66D16E357EAF}","OriginalFileName":"C:\\Program Files\\Google\\Chrome\\Application\\chrome.exe"}
{"UtcTime":"2026-08-12 14:20:08.000","Computer":"CLM-MESA-014","User":"CLM\\ops","EventID":5,"Image":"C:\\Windows\\System32\\RuntimeBroker.exe","ProcessGuid":"{FECFD221-30FE-2026-9CCC-245AD6AF48BB}","ProcessId":4416,"EventType":"End"}
{"UtcTime":"2026-08-12 14:20:09.000","Computer":"CLM-MESA-014","User":"CLM\\ops","EventID":5,"Image":"C:\\Program Files\\Microsoft Office\\Office16\\EXCEL.EXE","ProcessGuid":"{5CEF3B8F-9E9D-2026-0E2B-E8669D002B98}","ProcessId":2628,"EventType":"End"}
{"UtcTime":"2026-08-12 14:20:10.000","Computer":"CLM-MESA-014","User":"CLM\\mesa","EventID":11,"Image":"C:\\Windows\\System32\\svchost.exe","ProcessGuid":"{E6AC9E66-6723-2026-ED11-AF36731B2CD2}","ProcessId":5909,"TargetFilename":"C:\\Users\\Public\\Temp\\mesa-610.tmp"}
{"UtcTime":"2026-08-12 14:20:11.000","Computer":"CLM-MESA-014","User":"CLM\\ops","EventID":5,"Image":"C:\\Windows\\explorer.exe","ProcessGuid":"{8A7E4391-FE47-2026-5AF1-C80560AD28F4}","ProcessId":4388,"EventType":"End"}
{"UtcTime":"2026-08-12 14:20:12.000","Computer":"CLM-MESA-014","User":"CLM\\mesa","EventID":1,"Image":"C:\\Windows\\System32\\svchost.exe","ProcessGuid":"{D4935DB8-48C0-2026-C460-E805871BDCEF}","ProcessId":6992,"CommandLine":"C:\\Windows\\System32\\svchost.exe","ParentImage":"C:\\Windows\\System32\\services.exe","ParentProcessGuid":"{1D089B07-5D86-2026-BBA5-C5940D5F66AF}","OriginalFileName":"C:\\Windows\\System32\\svchost.exe"}
{"UtcTime":"2026-08-12 14:20:13.000","Computer":"CLM-MESA-014","User":"CLM\\mesa","EventID":3,"Image":"C:\\Windows\\System32\\RuntimeBroker.exe","ProcessGuid":"{AC825038-CBE3-2026-90F3-1B800940B5B6}","ProcessId":3792,"DestinationIp":"1.1.1.1","DestinationPort":8080,"DestinationHostname":"portal.clm.liquidacao","SourceIp":"10.70.30.14","Protocol":"tcp"}
{"UtcTime":"2026-08-12 14:20:14.000","Computer":"CLM-MESA-014","User":"CLM\\backoffice","EventID":11,"Image":"C:\\Windows\\System32\\conhost.exe","ProcessGuid":"{B3676F0A-7420-2026-1704-70EF6ACE20F9}","ProcessId":719,"TargetFilename":"C:\\Users\\Public\\Temp\\mesa-614.tmp"}
{"UtcTime":"2026-08-12 14:20:15.000","Computer":"CLM-MESA-014","User":"CLM\\mesa","EventID":1,"Image":"C:\\Windows\\System32\\conhost.exe","ProcessGuid":"{AC9B5E8A-0272-2026-9AB4-570E5B048474}","ProcessId":5164,"CommandLine":"C:\\Windows\\System32\\conhost.exe","ParentImage":"C:\\Windows\\System32\\services.exe","ParentProcessGuid":"{22155A1C-2ABE-2026-56E4-99A06B23B005}","OriginalFileName":"C:\\Windows\\System32\\conhost.exe"}
{"UtcTime":"2026-08-12 14:20:16.000","Computer":"CLM-MESA-014","User":"CLM\\mesa","EventID":5,"Image":"C:\\Windows\\explorer.exe","ProcessGuid":"{09E09E7F-5C60-2026-787C-D7544E1D0A93}","ProcessId":6424,"EventType":"End"}
{"UtcTime":"2026-08-12 14:20:17.000","Computer":"CLM-MESA-014","User":"CLM\\ops","EventID":1,"Image":"C:\\Program Files\\Microsoft Office\\Office16\\EXCEL.EXE","ProcessGuid":"{03F52614-BF79-2026-CB27-9CC00BCA6578}","ProcessId":5890,"CommandLine":"C:\\Program Files\\Microsoft Office\\Office16\\EXCEL.EXE","ParentImage":"C:\\Windows\\System32\\services.exe","ParentProcessGuid":"{BA657EFB-4B58-2026-C24C-9AC2E90516BC}","OriginalFileName":"C:\\Program Files\\Microsoft Office\\Office16\\EXCEL.EXE"}
{"UtcTime":"2026-08-12 14:20:18.000","Computer":"CLM-MESA-014","User":"CLM\\ops","EventID":1,"Image":"C:\\Windows\\System32\\conhost.exe","ProcessGuid":"{66B55C27-781A-2026-ED65-D6F000EA5352}","ProcessId":7454,"CommandLine":"C:\\Windows\\System32\\conhost.exe","ParentImage":"C:\\Windows\\System32\\services.exe","ParentProcessGuid":"{9655276B-538C-2026-DAC0-9E4DF919F94A}","OriginalFileName":"C:\\Windows\\System32\\conhost.exe"}
{"UtcTime":"2026-08-12 14:20:19.000","Computer":"CLM-MESA-014","User":"CLM\\ops","EventID":1,"Image":"C:\\Program Files\\Microsoft Office\\Office16\\EXCEL.EXE","ProcessGuid":"{D6DE5C9C-A159-2026-BDBE-14A4D1EC9F98}","ProcessId":8706,"CommandLine":"C:\\Program Files\\Microsoft Office\\Office16\\EXCEL.EXE","ParentImage":"C:\\Windows\\System32\\services.exe","ParentProcessGuid":"{E3350C0E-E804-2026-D4F4-5044B699477E}","OriginalFileName":"C:\\Program Files\\Microsoft Office\\Office16\\EXCEL.EXE"}
{"UtcTime":"2026-08-12 14:20:20.000","Computer":"CLM-MESA-014","User":"CLM\\mesa","EventID":5,"Image":"C:\\Windows\\System32\\svchost.exe","ProcessGuid":"{C30B5992-40B8-2026-91A4-79FDE1EBDB39}","ProcessId":8034,"EventType":"End"}
{"UtcTime":"2026-08-12 14:20:21.000","Computer":"CLM-MESA-014","User":"CLM\\backoffice","EventID":5,"Image":"C:\\Program Files\\Google\\Chrome\\Application\\chrome.exe","ProcessGuid":"{B995BB01-2E43-2026-42B7-F5BF0456EF4D}","ProcessId":8638,"EventType":"End"}
{"UtcTime":"2026-08-12 14:20:22.000","Computer":"CLM-MESA-014","User":"CLM\\mesa","EventID":11,"Image":"C:\\Program Files\\Microsoft Office\\Office16\\EXCEL.EXE","ProcessGuid":"{98752CCF-B009-2026-AA15-634D6B69B5E2}","ProcessId":4554,"TargetFilename":"C:\\Users\\Public\\Temp\\mesa-622.tmp"}
{"UtcTime":"2026-08-12 14:20:23.000","Computer":"CLM-MESA-014","User":"CLM\\ops","EventID":1,"Image":"C:\\Windows\\System32\\conhost.exe","ProcessGuid":"{A5E72704-F3DD-2026-BAD1-D08847CB4234}","ProcessId":1557,"CommandLine":"C:\\Windows\\System32\\conhost.exe","ParentImage":"C:\\Windows\\System32\\services.exe","ParentProcessGuid":"{7DB9544D-4622-2026-7F8B-579DFA31FFA9}","OriginalFileName":"C:\\Windows\\System32\\conhost.exe"}
{"UtcTime":"2026-08-12 14:20:24.000","Computer":"CLM-MESA-014","User":"CLM\\mesa","EventID":1,"Image":"C:\\Windows\\explorer.exe","ProcessGuid":"{F59D7F9E-4AA8-2026-B685-765AE30840E8}","ProcessId":6886,"CommandLine":"C:\\Windows\\explorer.exe","ParentImage":"C:\\Windows\\System32\\services.exe","ParentProcessGuid":"{C1EBC195-2FEB-2026-8844-FC2FC61AA550}","OriginalFileName":"C:\\Windows\\explorer.exe"}
{"UtcTime":"2026-08-12 14:20:25.000","Computer":"CLM-MESA-014","User":"CLM\\backoffice","EventID":1,"Image":"C:\\Windows\\explorer.exe","ProcessGuid":"{92A85391-131C-2026-7AFB-C708FA77C3D3}","ProcessId":6417,"CommandLine":"C:\\Windows\\explorer.exe","ParentImage":"C:\\Windows\\System32\\services.exe","ParentProcessGuid":"{2C1F67DC-D14C-2026-AEC2-4BD167C0E33C}","OriginalFileName":"C:\\Windows\\explorer.exe"}
{"UtcTime":"2026-08-12 14:20:26.000","Computer":"CLM-MESA-014","User":"CLM\\mesa","EventID":1,"Image":"C:\\Windows\\System32\\RuntimeBroker.exe","ProcessGuid":"{0FB1B3AD-CE5B-2026-D236-A8257827F2F9}","ProcessId":8929,"CommandLine":"C:\\Windows\\System32\\RuntimeBroker.exe","ParentImage":"C:\\Windows\\System32\\services.exe","ParentProcessGuid":"{1A13C989-8129-2026-29C6-99241A18A6EB}","OriginalFileName":"C:\\Windows\\System32\\RuntimeBroker.exe"}
{"UtcTime":"2026-08-12 14:20:27.000","Computer":"CLM-MESA-014","User":"CLM\\mesa","EventID":13,"Image":"C:\\Windows\\System32\\svchost.exe","ProcessGuid":"{A99952AC-F38A-2026-1A66-646F56DF2594}","ProcessId":5704,"EventType":"SetValue","TargetObject":"HKCU\\Software\\CLM\\Mesa\\Pref\\627","Details":"1"}
{"UtcTime":"2026-08-12 14:20:28.000","Computer":"CLM-MESA-014","User":"CLM\\ops","EventID":5,"Image":"C:\\Windows\\explorer.exe","ProcessGuid":"{C34E776C-06DD-2026-E8C8-CFCA01543F01}","ProcessId":5037,"EventType":"End"}
{"UtcTime":"2026-08-12 14:20:29.000","Computer":"CLM-MESA-014","User":"CLM\\backoffice","EventID":1,"Image":"C:\\Windows\\System32\\conhost.exe","ProcessGuid":"{55D68C42-BE70-2026-97B0-C219184689FC}","ProcessId":5886,"CommandLine":"C:\\Windows\\System32\\conhost.exe","ParentImage":"C:\\Windows\\System32\\services.exe","ParentProcessGuid":"{D21CF038-C661-2026-7852-9D3A757023A2}","OriginalFileName":"C:\\Windows\\System32\\conhost.exe"}
{"UtcTime":"2026-08-12 14:20:30.000","Computer":"CLM-MESA-014","User":"CLM\\ops","EventID":1,"Image":"C:\\Windows\\System32\\svchost.exe","ProcessGuid":"{91E9B994-2EA1-2026-9DD2-E840F055CE3E}","ProcessId":7458,"CommandLine":"C:\\Windows\\System32\\svchost.exe","ParentImage":"C:\\Windows\\System32\\services.exe","ParentProcessGuid":"{33F9BCEE-BAAF-2026-61F0-192A205C4161}","OriginalFileName":"C:\\Windows\\System32\\svchost.exe"}
{"UtcTime":"2026-08-12 14:20:31.000","Computer":"CLM-MESA-014","User":"CLM\\backoffice","EventID":11,"Image":"C:\\Windows\\System32\\svchost.exe","ProcessGuid":"{C649DE87-A22A-2026-B9AF-6D2CD98A42D5}","ProcessId":8902,"TargetFilename":"C:\\Users\\Public\\Temp\\mesa-631.tmp"}
{"UtcTime":"2026-08-12 14:20:32.000","Computer":"CLM-MESA-014","User":"CLM\\mesa","EventID":11,"Image":"C:\\Windows\\explorer.exe","ProcessGuid":"{9ED9372F-8036-2026-5F82-5EEF5441D974}","ProcessId":2521,"TargetFilename":"C:\\Users\\Public\\Temp\\mesa-632.tmp"}
{"UtcTime":"2026-08-12 14:20:33.000","Computer":"CLM-MESA-014","User":"CLM\\mesa","EventID":5,"Image":"C:\\Windows\\System32\\conhost.exe","ProcessGuid":"{6047B4E7-02B7-2026-35F9-CC60C41D39EA}","ProcessId":7252,"EventType":"End"}
{"UtcTime":"2026-08-12 14:20:34.000","Computer":"CLM-MESA-014","User":"CLM\\ops","EventID":13,"Image":"C:\\Windows\\System32\\svchost.exe","ProcessGuid":"{5BD683CF-FE82-2026-A7DA-003FC650216A}","ProcessId":2451,"EventType":"SetValue","TargetObject":"HKCU\\Software\\CLM\\Mesa\\Pref\\634","Details":"1"}
{"UtcTime":"2026-08-12 14:20:35.000","Computer":"CLM-MESA-014","User":"CLM\\backoffice","EventID":1,"Image":"C:\\Program Files\\Microsoft Office\\Office16\\EXCEL.EXE","ProcessGuid":"{FD91644E-7D3C-2026-4BC0-1D8090D18526}","ProcessId":5345,"CommandLine":"C:\\Program Files\\Microsoft Office\\Office16\\EXCEL.EXE","ParentImage":"C:\\Windows\\System32\\services.exe","ParentProcessGuid":"{30988E2E-0E38-2026-41FF-3716EB354FB0}","OriginalFileName":"C:\\Program Files\\Microsoft Office\\Office16\\EXCEL.EXE"}
{"UtcTime":"2026-08-12 14:20:36.000","Computer":"CLM-MESA-014","User":"CLM\\ops","EventID":11,"Image":"C:\\Windows\\System32\\RuntimeBroker.exe","ProcessGuid":"{5BC9D1DF-A846-2026-A3D4-99302E52629A}","ProcessId":2663,"TargetFilename":"C:\\Users\\Public\\Temp\\mesa-636.tmp"}
{"UtcTime":"2026-08-12 14:20:37.000","Computer":"CLM-MESA-014","User":"CLM\\mesa","EventID":1,"Image":"C:\\Program Files\\Microsoft Office\\Office16\\EXCEL.EXE","ProcessGuid":"{DFFB0008-FDFD-2026-FA35-945ACE10CCD8}","ProcessId":8305,"CommandLine":"C:\\Program Files\\Microsoft Office\\Office16\\EXCEL.EXE","ParentImage":"C:\\Windows\\System32\\services.exe","ParentProcessGuid":"{04E0FDCD-896B-2026-F65C-94AE38FF2E81}","OriginalFileName":"C:\\Program Files\\Microsoft Office\\Office16\\EXCEL.EXE"}
{"UtcTime":"2026-08-12 14:20:38.000","Computer":"CLM-MESA-014","User":"CLM\\mesa","EventID":1,"Image":"C:\\Program Files\\Microsoft Office\\Office16\\EXCEL.EXE","ProcessGuid":"{4980961B-03A0-2026-4E65-A6091E30DB7F}","ProcessId":5497,"CommandLine":"C:\\Program Files\\Microsoft Office\\Office16\\EXCEL.EXE","ParentImage":"C:\\Windows\\System32\\services.exe","ParentProcessGuid":"{484A4F25-1F5C-2026-BDED-7B71F8ED9724}","OriginalFileName":"C:\\Program Files\\Microsoft Office\\Office16\\EXCEL.EXE"}
{"UtcTime":"2026-08-12 14:20:39.000","Computer":"CLM-MESA-014","User":"CLM\\ops","EventID":1,"Image":"C:\\Windows\\explorer.exe","ProcessGuid":"{DE635722-3649-2026-AF1A-8501835A3BC1}","ProcessId":2438,"CommandLine":"C:\\Windows\\explorer.exe","ParentImage":"C:\\Windows\\System32\\services.exe","ParentProcessGuid":"{562C7766-B68F-2026-4244-DF635C1053B1}","OriginalFileName":"C:\\Windows\\explorer.exe"}
{"UtcTime":"2026-08-12 14:20:40.000","Computer":"CLM-MESA-014","User":"CLM\\ops","EventID":1,"Image":"C:\\Windows\\explorer.exe","ProcessGuid":"{4B3C8289-7683-2026-DBBB-840307AD0F70}","ProcessId":2958,"CommandLine":"C:\\Windows\\explorer.exe","ParentImage":"C:\\Windows\\System32\\services.exe","ParentProcessGuid":"{D49F8A5F-10E9-2026-718D-F6BA3E09281E}","OriginalFileName":"C:\\Windows\\explorer.exe"}
{"UtcTime":"2026-08-12 14:20:41.000","Computer":"CLM-MESA-014","User":"CLM\\mesa","EventID":11,"Image":"C:\\Windows\\System32\\conhost.exe","ProcessGuid":"{7A115AC1-52EF-2026-ADB1-CE3F61D23C41}","ProcessId":8580,"TargetFilename":"C:\\Users\\Public\\Temp\\mesa-641.tmp"}
{"UtcTime":"2026-08-12 14:20:42.000","Computer":"CLM-MESA-014","User":"CLM\\ops","EventID":3,"Image":"C:\\Windows\\explorer.exe","ProcessGuid":"{52F003E0-872C-2026-C123-922D572A4971}","ProcessId":2045,"DestinationIp":"10.70.30.8","DestinationPort":8080,"DestinationHostname":"ntp.clm.liquidacao","SourceIp":"10.70.30.14","Protocol":"tcp"}
{"UtcTime":"2026-08-12 14:20:43.000","Computer":"CLM-MESA-014","User":"CLM\\backoffice","EventID":5,"Image":"C:\\Windows\\System32\\RuntimeBroker.exe","ProcessGuid":"{503DC9BE-A691-2026-328F-0F685DA6937B}","ProcessId":4072,"EventType":"End"}
{"UtcTime":"2026-08-12 14:20:44.000","Computer":"CLM-MESA-014","User":"CLM\\backoffice","EventID":1,"Image":"C:\\Windows\\System32\\svchost.exe","ProcessGuid":"{77A9F082-59E0-2026-3B66-4B3CB7698101}","ProcessId":7529,"CommandLine":"C:\\Windows\\System32\\svchost.exe","ParentImage":"C:\\Windows\\System32\\services.exe","ParentProcessGuid":"{F0EB63C6-84FF-2026-D585-2E24C1373929}","OriginalFileName":"C:\\Windows\\System32\\svchost.exe"}
{"UtcTime":"2026-08-12 14:20:45.000","Computer":"CLM-MESA-014","User":"CLM\\backoffice","EventID":1,"Image":"C:\\Program Files\\Microsoft Office\\Office16\\EXCEL.EXE","ProcessGuid":"{A060BFFF-01B4-2026-9ED5-9D2BE9C2EBE7}","ProcessId":6641,"CommandLine":"C:\\Program Files\\Microsoft Office\\Office16\\EXCEL.EXE","ParentImage":"C:\\Windows\\System32\\services.exe","ParentProcessGuid":"{F64490A2-A092-2026-9B4E-5E867078E8B3}","OriginalFileName":"C:\\Program Files\\Microsoft Office\\Office16\\EXCEL.EXE"}
{"UtcTime":"2026-08-12 14:20:46.000","Computer":"CLM-MESA-014","User":"CLM\\ops","EventID":1,"Image":"C:\\Program Files\\Google\\Chrome\\Application\\chrome.exe","ProcessGuid":"{9BD4FADA-1798-2026-441E-917E706A666D}","ProcessId":3638,"CommandLine":"C:\\Program Files\\Google\\Chrome\\Application\\chrome.exe","ParentImage":"C:\\Windows\\System32\\services.exe","ParentProcessGuid":"{9965B25A-093C-2026-FFB9-30E08EF48009}","OriginalFileName":"C:\\Program Files\\Google\\Chrome\\Application\\chrome.exe"}
{"UtcTime":"2026-08-12 14:20:47.000","Computer":"CLM-MESA-014","User":"CLM\\backoffice","EventID":3,"Image":"C:\\Windows\\System32\\conhost.exe","ProcessGuid":"{64B1FF13-869A-2026-EBE6-CF84D0F806BF}","ProcessId":5566,"DestinationIp":"10.70.30.8","DestinationPort":8080,"DestinationHostname":"portal.clm.liquidacao","SourceIp":"10.70.30.14","Protocol":"tcp"}
{"UtcTime":"2026-08-12 14:20:48.000","Computer":"CLM-MESA-014","User":"CLM\\mesa","EventID":1,"Image":"C:\\Windows\\System32\\svchost.exe","ProcessGuid":"{0F0F1A82-AC83-2026-0362-1CE8CC10A06A}","ProcessId":4073,"CommandLine":"C:\\Windows\\System32\\svchost.exe","ParentImage":"C:\\Windows\\System32\\services.exe","ParentProcessGuid":"{96205C20-4393-2026-832B-DB01588FFFE5}","OriginalFileName":"C:\\Windows\\System32\\svchost.exe"}
{"UtcTime":"2026-08-12 14:20:49.000","Computer":"CLM-MESA-014","User":"CLM\\mesa","EventID":1,"Image":"C:\\Windows\\System32\\RuntimeBroker.exe","ProcessGuid":"{5AAB852A-1B2B-2026-E6F0-272BBF21F128}","ProcessId":5059,"CommandLine":"C:\\Windows\\System32\\RuntimeBroker.exe","ParentImage":"C:\\Windows\\System32\\services.exe","ParentProcessGuid":"{2338FEA9-D4F9-2026-4491-7EF9D383699D}","OriginalFileName":"C:\\Windows\\System32\\RuntimeBroker.exe"}
{"UtcTime":"2026-08-12 14:20:50.000","Computer":"CLM-MESA-014","User":"CLM\\mesa","EventID":3,"Image":"C:\\Windows\\explorer.exe","ProcessGuid":"{01009DF8-C0CA-2026-1D11-380A6FB0CE02}","ProcessId":7881,"DestinationIp":"8.8.8.8","DestinationPort":135,"DestinationHostname":"ntp.clm.liquidacao","SourceIp":"10.70.30.14","Protocol":"tcp"}
{"UtcTime":"2026-08-12 14:20:51.000","Computer":"CLM-MESA-014","User":"CLM\\backoffice","EventID":1,"Image":"C:\\Windows\\System32\\RuntimeBroker.exe","ProcessGuid":"{2DC3AA7A-E31E-2026-B1D8-E122DD554704}","ProcessId":8900,"CommandLine":"C:\\Windows\\System32\\RuntimeBroker.exe","ParentImage":"C:\\Windows\\System32\\services.exe","ParentProcessGuid":"{F4803EF3-E717-2026-817D-032C9EEE7324}","OriginalFileName":"C:\\Windows\\System32\\RuntimeBroker.exe"}
{"UtcTime":"2026-08-12 14:20:52.000","Computer":"CLM-MESA-014","User":"CLM\\mesa","EventID":11,"Image":"C:\\Windows\\System32\\svchost.exe","ProcessGuid":"{E4409E49-9ECB-2026-711A-15D1C008E4C0}","ProcessId":872,"TargetFilename":"C:\\Users\\Public\\Temp\\mesa-652.tmp"}
{"UtcTime":"2026-08-12 14:20:53.000","Computer":"CLM-MESA-014","User":"CLM\\mesa","EventID":1,"Image":"C:\\Windows\\System32\\conhost.exe","ProcessGuid":"{17A69B91-EC31-2026-CADE-749E9F28A462}","ProcessId":6352,"CommandLine":"C:\\Windows\\System32\\conhost.exe","ParentImage":"C:\\Windows\\System32\\services.exe","ParentProcessGuid":"{FF0DDA3F-7C95-2026-688B-8570887377E7}","OriginalFileName":"C:\\Windows\\System32\\conhost.exe"}
{"UtcTime":"2026-08-12 14:20:54.000","Computer":"CLM-MESA-014","User":"CLM\\ops","EventID":1,"Image":"C:\\Windows\\System32\\svchost.exe","ProcessGuid":"{A5A484DE-B1D5-2026-29D9-2C03F424D6DD}","ProcessId":2534,"CommandLine":"C:\\Windows\\System32\\svchost.exe","ParentImage":"C:\\Windows\\System32\\services.exe","ParentProcessGuid":"{CF5ABED3-6F42-2026-3780-688700288B49}","OriginalFileName":"C:\\Windows\\System32\\svchost.exe"}
{"UtcTime":"2026-08-12 14:20:55.000","Computer":"CLM-MESA-014","User":"CLM\\ops","EventID":5,"Image":"C:\\Windows\\System32\\RuntimeBroker.exe","ProcessGuid":"{A9E653F4-A52C-2026-F9D1-05D0EF01EF3F}","ProcessId":6304,"EventType":"End"}
{"UtcTime":"2026-08-12 14:20:56.000","Computer":"CLM-MESA-014","User":"CLM\\ops","EventID":13,"Image":"C:\\Windows\\System32\\RuntimeBroker.exe","ProcessGuid":"{A9AEE408-78A2-2026-A000-253E9ED32DFC}","ProcessId":2776,"EventType":"SetValue","TargetObject":"HKCU\\Software\\CLM\\Mesa\\Pref\\656","Details":"1"}
{"UtcTime":"2026-08-12 14:20:57.000","Computer":"CLM-MESA-014","User":"CLM\\ops","EventID":3,"Image":"C:\\Program Files\\Microsoft Office\\Office16\\EXCEL.EXE","ProcessGuid":"{9A75F491-1ACF-2026-4FC1-1B79DE3F4CAF}","ProcessId":6681,"DestinationIp":"10.70.30.1","DestinationPort":53,"DestinationHostname":"portal.clm.liquidacao","SourceIp":"10.70.30.14","Protocol":"tcp"}
{"UtcTime":"2026-08-12 14:20:58.000","Computer":"CLM-MESA-014","User":"CLM\\mesa","EventID":1,"Image":"C:\\Windows\\System32\\RuntimeBroker.exe","ProcessGuid":"{53E9FA7C-73BC-2026-3622-192427195B9D}","ProcessId":6293,"CommandLine":"C:\\Windows\\System32\\RuntimeBroker.exe","ParentImage":"C:\\Windows\\System32\\services.exe","ParentProcessGuid":"{1CEE86E7-EA31-2026-33E2-122D06EF7216}","OriginalFileName":"C:\\Windows\\System32\\RuntimeBroker.exe"}
{"UtcTime":"2026-08-12 14:20:59.000","Computer":"CLM-MESA-014","User":"CLM\\ops","EventID":11,"Image":"C:\\Windows\\System32\\RuntimeBroker.exe","ProcessGuid":"{564E027D-D229-2026-1770-D9AD18F51290}","ProcessId":5309,"TargetFilename":"C:\\Users\\Public\\Temp\\mesa-659.tmp"}
{"UtcTime":"2026-08-12 14:21:00.000","Computer":"CLM-MESA-014","User":"CLM\\backoffice","EventID":11,"Image":"C:\\Windows\\System32\\svchost.exe","ProcessGuid":"{0CA6A4B3-7B90-2026-BF17-83D20239A6F0}","ProcessId":488,"TargetFilename":"C:\\Users\\Public\\Temp\\mesa-660.tmp"}
{"UtcTime":"2026-08-12 14:21:01.000","Computer":"CLM-MESA-014","User":"CLM\\mesa","EventID":13,"Image":"C:\\Windows\\System32\\RuntimeBroker.exe","ProcessGuid":"{358FEF03-D576-2026-2AB2-1EA4AFE08F6F}","ProcessId":8769,"EventType":"SetValue","TargetObject":"HKCU\\Software\\CLM\\Mesa\\Pref\\661","Details":"1"}
{"UtcTime":"2026-08-12 14:21:02.000","Computer":"CLM-MESA-014","User":"CLM\\ops","EventID":3,"Image":"C:\\Windows\\System32\\svchost.exe","ProcessGuid":"{FE0D0189-EF8A-2026-7008-0AB3A9CF9D8D}","ProcessId":5934,"DestinationIp":"8.8.8.8","DestinationPort":135,"DestinationHostname":"ntp.clm.liquidacao","SourceIp":"10.70.30.14","Protocol":"tcp"}
{"UtcTime":"2026-08-12 14:21:03.000","Computer":"CLM-MESA-014","User":"CLM\\mesa","EventID":1,"Image":"C:\\Windows\\System32\\RuntimeBroker.exe","ProcessGuid":"{D905A2AF-D562-2026-1FB2-20B305CDDA3D}","ProcessId":7214,"CommandLine":"C:\\Windows\\System32\\RuntimeBroker.exe","ParentImage":"C:\\Windows\\System32\\services.exe","ParentProcessGuid":"{F63B89BD-9912-2026-62F3-1DC49754918A}","OriginalFileName":"C:\\Windows\\System32\\RuntimeBroker.exe"}
{"UtcTime":"2026-08-12 14:21:04.000","Computer":"CLM-MESA-014","User":"CLM\\backoffice","EventID":3,"Image":"C:\\Windows\\System32\\svchost.exe","ProcessGuid":"{063E6A9C-B1C2-2026-FCFC-78E7F5468901}","ProcessId":7032,"DestinationIp":"10.70.30.8","DestinationPort":443,"DestinationHostname":"portal.clm.liquidacao","SourceIp":"10.70.30.14","Protocol":"tcp"}
{"UtcTime":"2026-08-12 14:21:05.000","Computer":"CLM-MESA-014","User":"CLM\\backoffice","EventID":13,"Image":"C:\\Program Files\\Google\\Chrome\\Application\\chrome.exe","ProcessGuid":"{D1FB7CF8-260D-2026-FC9E-11CD294DB3F1}","ProcessId":2931,"EventType":"SetValue","TargetObject":"HKCU\\Software\\CLM\\Mesa\\Pref\\665","Details":"1"}
{"UtcTime":"2026-08-12 14:21:06.000","Computer":"CLM-MESA-014","User":"CLM\\backoffice","EventID":3,"Image":"C:\\Windows\\System32\\svchost.exe","ProcessGuid":"{49A189DD-B7EB-2026-CEDF-9C70AA6BEC8C}","ProcessId":1366,"DestinationIp":"1.1.1.1","DestinationPort":135,"DestinationHostname":"ntp.clm.liquidacao","SourceIp":"10.70.30.14","Protocol":"tcp"}
{"UtcTime":"2026-08-12 14:21:07.000","Computer":"CLM-MESA-014","User":"CLM\\ops","EventID":1,"Image":"C:\\Windows\\System32\\svchost.exe","ProcessGuid":"{6A931F61-A29F-2026-7261-DEDCD82AADA3}","ProcessId":8486,"CommandLine":"C:\\Windows\\System32\\svchost.exe","ParentImage":"C:\\Windows\\System32\\services.exe","ParentProcessGuid":"{5E860CC0-F30E-2026-D42F-E75A34F025BC}","OriginalFileName":"C:\\Windows\\System32\\svchost.exe"}
{"UtcTime":"2026-08-12 14:21:08.000","Computer":"CLM-MESA-014","User":"CLM\\backoffice","EventID":3,"Image":"C:\\Windows\\System32\\conhost.exe","ProcessGuid":"{1071AD33-4CA3-2026-06AB-0DD644388E6F}","ProcessId":817,"DestinationIp":"8.8.8.8","DestinationPort":443,"DestinationHostname":"portal.clm.liquidacao","SourceIp":"10.70.30.14","Protocol":"tcp"}
{"UtcTime":"2026-08-12 14:21:09.000","Computer":"CLM-MESA-014","User":"CLM\\backoffice","EventID":1,"Image":"C:\\Windows\\System32\\svchost.exe","ProcessGuid":"{C941685E-70AC-2026-08E3-1F9567703E8A}","ProcessId":508,"CommandLine":"C:\\Windows\\System32\\svchost.exe","ParentImage":"C:\\Windows\\System32\\services.exe","ParentProcessGuid":"{B438E691-D6FF-2026-9918-2FA6685E693F}","OriginalFileName":"C:\\Windows\\System32\\svchost.exe"}
{"UtcTime":"2026-08-12 14:21:10.000","Computer":"CLM-MESA-014","User":"CLM\\ops","EventID":1,"Image":"C:\\Windows\\explorer.exe","ProcessGuid":"{A918C3D4-4F38-2026-411C-952778647A2C}","ProcessId":7796,"CommandLine":"C:\\Windows\\explorer.exe","ParentImage":"C:\\Windows\\System32\\services.exe","ParentProcessGuid":"{3B1796BC-9441-2026-7DAB-D564D0A16842}","OriginalFileName":"C:\\Windows\\explorer.exe"}
{"UtcTime":"2026-08-12 14:21:11.000","Computer":"CLM-MESA-014","User":"CLM\\backoffice","EventID":3,"Image":"C:\\Program Files\\Google\\Chrome\\Application\\chrome.exe","ProcessGuid":"{68FEB3CE-01C6-2026-AEAD-0CA4B48350DB}","ProcessId":6396,"DestinationIp":"8.8.8.8","DestinationPort":135,"DestinationHostname":"ntp.clm.liquidacao","SourceIp":"10.70.30.14","Protocol":"tcp"}
{"UtcTime":"2026-08-12 14:21:12.000","Computer":"CLM-MESA-014","User":"CLM\\mesa","EventID":1,"Image":"C:\\Windows\\System32\\RuntimeBroker.exe","ProcessGuid":"{B7F02265-8DA2-2026-9D36-83D68CFEA4D1}","ProcessId":681,"CommandLine":"C:\\Windows\\System32\\RuntimeBroker.exe","ParentImage":"C:\\Windows\\System32\\services.exe","ParentProcessGuid":"{AE5EBEC7-2701-2026-EAD5-89E1545263B5}","OriginalFileName":"C:\\Windows\\System32\\RuntimeBroker.exe"}
{"UtcTime":"2026-08-12 14:21:13.000","Computer":"CLM-MESA-014","User":"CLM\\ops","EventID":1,"Image":"C:\\Windows\\System32\\conhost.exe","ProcessGuid":"{35B3EADC-58BF-2026-379A-3F3F16B56FF2}","ProcessId":5320,"CommandLine":"C:\\Windows\\System32\\conhost.exe","ParentImage":"C:\\Windows\\System32\\services.exe","ParentProcessGuid":"{3F1FA2DA-1476-2026-82AD-6A4C885E5740}","OriginalFileName":"C:\\Windows\\System32\\conhost.exe"}
{"UtcTime":"2026-08-12 14:21:14.000","Computer":"CLM-MESA-014","User":"CLM\\backoffice","EventID":1,"Image":"C:\\Windows\\System32\\conhost.exe","ProcessGuid":"{B5BCCA2C-3FB3-2026-3425-8696A6C05FC5}","ProcessId":4434,"CommandLine":"C:\\Windows\\System32\\conhost.exe","ParentImage":"C:\\Windows\\System32\\services.exe","ParentProcessGuid":"{0A05B98D-D780-2026-48A9-A430898AFEE6}","OriginalFileName":"C:\\Windows\\System32\\conhost.exe"}
{"UtcTime":"2026-08-12 14:21:15.000","Computer":"CLM-MESA-014","User":"CLM\\ops","EventID":1,"Image":"C:\\Program Files\\Google\\Chrome\\Application\\chrome.exe","ProcessGuid":"{510EE56A-37B9-2026-91BB-6ADFB6597D44}","ProcessId":1038,"CommandLine":"C:\\Program Files\\Google\\Chrome\\Application\\chrome.exe","ParentImage":"C:\\Windows\\System32\\services.exe","ParentProcessGuid":"{7FF29B69-C3BD-2026-F972-D7063AEA9DD0}","OriginalFileName":"C:\\Program Files\\Google\\Chrome\\Application\\chrome.exe"}
{"UtcTime":"2026-08-12 14:21:16.000","Computer":"CLM-MESA-014","User":"CLM\\mesa","EventID":3,"Image":"C:\\Program Files\\Google\\Chrome\\Application\\chrome.exe","ProcessGuid":"{C7CE1C59-57CD-2026-3D81-6F52CA7AEFD7}","ProcessId":4253,"DestinationIp":"10.70.30.1","DestinationPort":8080,"DestinationHostname":"portal.clm.liquidacao","SourceIp":"10.70.30.14","Protocol":"tcp"}
{"UtcTime":"2026-08-12 14:21:17.000","Computer":"CLM-MESA-014","User":"CLM\\ops","EventID":1,"Image":"C:\\Windows\\System32\\svchost.exe","ProcessGuid":"{06490D9F-645D-2026-FEFE-9CF62FB511AC}","ProcessId":5443,"CommandLine":"C:\\Windows\\System32\\svchost.exe","ParentImage":"C:\\Windows\\System32\\services.exe","ParentProcessGuid":"{A1435FBC-94FB-2026-A75E-63C29CBD88AD}","OriginalFileName":"C:\\Windows\\System32\\svchost.exe"}
{"UtcTime":"2026-08-12 14:21:18.000","Computer":"CLM-MESA-014","User":"CLM\\ops","EventID":1,"Image":"C:\\Windows\\System32\\RuntimeBroker.exe","ProcessGuid":"{F02F1175-FD0F-2026-35F2-45FD39BE8783}","ProcessId":3193,"CommandLine":"C:\\Windows\\System32\\RuntimeBroker.exe","ParentImage":"C:\\Windows\\System32\\services.exe","ParentProcessGuid":"{613CD207-0F3B-2026-8322-0A869D8071E2}","OriginalFileName":"C:\\Windows\\System32\\RuntimeBroker.exe"}
{"UtcTime":"2026-08-12 14:21:19.000","Computer":"CLM-MESA-014","User":"CLM\\mesa","EventID":13,"Image":"C:\\Windows\\System32\\conhost.exe","ProcessGuid":"{1967D750-DD2E-2026-DF70-BD1167937632}","ProcessId":425,"EventType":"SetValue","TargetObject":"HKCU\\Software\\CLM\\Mesa\\Pref\\679","Details":"1"}
{"UtcTime":"2026-08-12 14:21:20.000","Computer":"CLM-MESA-014","User":"CLM\\ops","EventID":13,"Image":"C:\\Windows\\System32\\conhost.exe","ProcessGuid":"{8D2A6FBD-EED6-2026-69AC-B90B6E3DBDF1}","ProcessId":4484,"EventType":"SetValue","TargetObject":"HKCU\\Software\\CLM\\Mesa\\Pref\\680","Details":"1"}
{"UtcTime":"2026-08-12 14:21:21.000","Computer":"CLM-MESA-014","User":"CLM\\mesa","EventID":3,"Image":"C:\\Program Files\\Microsoft Office\\Office16\\EXCEL.EXE","ProcessGuid":"{BC387EC9-1F75-2026-3FDF-301E7631419B}","ProcessId":4217,"DestinationIp":"10.70.30.1","DestinationPort":443,"DestinationHostname":"portal.clm.liquidacao","SourceIp":"10.70.30.14","Protocol":"tcp"}
{"UtcTime":"2026-08-12 14:21:22.000","Computer":"CLM-MESA-014","User":"CLM\\mesa","EventID":1,"Image":"C:\\Program Files\\Google\\Chrome\\Application\\chrome.exe","ProcessGuid":"{2C68ED2E-5B12-2026-169B-67FBC9E37FC0}","ProcessId":8634,"CommandLine":"C:\\Program Files\\Google\\Chrome\\Application\\chrome.exe","ParentImage":"C:\\Windows\\System32\\services.exe","ParentProcessGuid":"{E09A5644-D55F-2026-33A9-135DAB650176}","OriginalFileName":"C:\\Program Files\\Google\\Chrome\\Application\\chrome.exe"}
{"UtcTime":"2026-08-12 14:21:23.000","Computer":"CLM-MESA-014","User":"CLM\\mesa","EventID":3,"Image":"C:\\Windows\\System32\\RuntimeBroker.exe","ProcessGuid":"{066525CE-87D5-2026-62EE-F44B1FA7C0C0}","ProcessId":6827,"DestinationIp":"8.8.8.8","DestinationPort":8080,"DestinationHostname":"ntp.clm.liquidacao","SourceIp":"10.70.30.14","Protocol":"tcp"}
{"UtcTime":"2026-08-12 14:21:24.000","Computer":"CLM-MESA-014","User":"CLM\\backoffice","EventID":13,"Image":"C:\\Windows\\System32\\svchost.exe","ProcessGuid":"{8C214A41-3917-2026-7815-EB522B6BAD72}","ProcessId":4117,"EventType":"SetValue","TargetObject":"HKCU\\Software\\CLM\\Mesa\\Pref\\684","Details":"1"}
{"UtcTime":"2026-08-12 14:21:25.000","Computer":"CLM-MESA-014","User":"CLM\\mesa","EventID":1,"Image":"C:\\Windows\\System32\\RuntimeBroker.exe","ProcessGuid":"{68168CD1-1706-2026-2C61-4F4C939EBE79}","ProcessId":6414,"CommandLine":"C:\\Windows\\System32\\RuntimeBroker.exe","ParentImage":"C:\\Windows\\System32\\services.exe","ParentProcessGuid":"{E064CA3E-2974-2026-3049-25B2A5E8F2B7}","OriginalFileName":"C:\\Windows\\System32\\RuntimeBroker.exe"}
{"UtcTime":"2026-08-12 14:21:26.000","Computer":"CLM-MESA-014","User":"CLM\\ops","EventID":1,"Image":"C:\\Windows\\explorer.exe","ProcessGuid":"{B32A94C2-C86E-2026-CFD3-CBE014B6D4AA}","ProcessId":7882,"CommandLine":"C:\\Windows\\explorer.exe","ParentImage":"C:\\Windows\\System32\\services.exe","ParentProcessGuid":"{A982CB86-D5B1-2026-2AB0-EEAC4435A0E4}","OriginalFileName":"C:\\Windows\\explorer.exe"}
{"UtcTime":"2026-08-12 14:21:27.000","Computer":"CLM-MESA-014","User":"CLM\\ops","EventID":1,"Image":"C:\\Windows\\System32\\RuntimeBroker.exe","ProcessGuid":"{B306D801-DFA4-2026-A124-28CC19660F98}","ProcessId":7182,"CommandLine":"C:\\Windows\\System32\\RuntimeBroker.exe","ParentImage":"C:\\Windows\\System32\\services.exe","ParentProcessGuid":"{E551BDCE-8279-2026-8F42-4DDDCB0606D8}","OriginalFileName":"C:\\Windows\\System32\\RuntimeBroker.exe"}
{"UtcTime":"2026-08-12 14:21:28.000","Computer":"CLM-MESA-014","User":"CLM\\ops","EventID":13,"Image":"C:\\Windows\\System32\\conhost.exe","ProcessGuid":"{B14EF28B-380D-2026-B523-0F7A3D4FAFA4}","ProcessId":5618,"EventType":"SetValue","TargetObject":"HKCU\\Software\\CLM\\Mesa\\Pref\\688","Details":"1"}
