{"UtcTime":"2026-08-12 15:16:11.000","Computer":"CLM-MESA-014","User":"CLM\\ops","EventID":1,"Image":"C:\\Program Files\\Microsoft Office\\Office16\\EXCEL.EXE","ProcessGuid":"{B7F3F884-19AE-2026-DBBA-F71DCADCD4BE}","ProcessId":7588,"CommandLine":"C:\\Program Files\\Microsoft Office\\Office16\\EXCEL.EXE","ParentImage":"C:\\Windows\\System32\\services.exe","ParentProcessGuid":"{CE7FAFB4-7A9E-2026-605A-2F3DC7FC9814}","OriginalFileName":"C:\\Program Files\\Microsoft Office\\Office16\\EXCEL.EXE"}
{"UtcTime":"2026-08-12 15:16:12.000","Computer":"CLM-MESA-014","User":"CLM\\mesa","EventID":1,"Image":"C:\\Windows\\explorer.exe","ProcessGuid":"{1149870D-BDBC-2026-5525-85EA9E3129B7}","ProcessId":4351,"CommandLine":"C:\\Windows\\explorer.exe","ParentImage":"C:\\Windows\\System32\\services.exe","ParentProcessGuid":"{DD5FC0A3-70F8-2026-35B7-6EC35C0E8AF8}","OriginalFileName":"C:\\Windows\\explorer.exe"}
{"UtcTime":"2026-08-12 15:16:13.000","Computer":"CLM-MESA-014","User":"CLM\\backoffice","EventID":1,"Image":"C:\\Windows\\System32\\RuntimeBroker.exe","ProcessGuid":"{D8F6DC66-FC3D-2026-A9ED-C7E03B992890}","ProcessId":5537,"CommandLine":"C:\\Windows\\System32\\RuntimeBroker.exe","ParentImage":"C:\\Windows\\System32\\services.exe","ParentProcessGuid":"{06D48B55-6E05-2026-04E1-BECDDF30BD00}","OriginalFileName":"C:\\Windows\\System32\\RuntimeBroker.exe"}
{"UtcTime":"2026-08-12 15:16:14.000","Computer":"CLM-MESA-014","User":"CLM\\mesa","EventID":11,"Image":"C:\\Windows\\System32\\conhost.exe","ProcessGuid":"{84AF6982-9A61-2026-C9C8-751230B974EE}","ProcessId":7906,"TargetFilename":"C:\\Users\\Public\\Temp\\mesa-3974.tmp"}
{"UtcTime":"2026-08-12 15:16:15.000","Computer":"CLM-MESA-014","User":"CLM\\backoffice","EventID":13,"Image":"C:\\Windows\\explorer.exe","ProcessGuid":"{AF4B73BB-A9F3-2026-BE85-685FE8386D73}","ProcessId":585,"EventType":"SetValue","TargetObject":"HKCU\\Software\\CLM\\Mesa\\Pref\\3975","Details":"1"}
{"UtcTime":"2026-08-12 15:16:16.000","Computer":"CLM-MESA-014","User":"CLM\\backoffice","EventID":1,"Image":"C:\\Program Files\\Google\\Chrome\\Application\\chrome.exe","ProcessGuid":"{37800945-8C32-2026-3929-69ED6CBFF018}","ProcessId":4305,"CommandLine":"C:\\Program Files\\Google\\Chrome\\Application\\chrome.exe","ParentImage":"C:\\Windows\\System32\\services.exe","ParentProcessGuid":"{876894D4-720D-2026-5F72-D539C66C2CB7}","OriginalFileName":"C:\\Program Files\\Google\\Chrome\\Application\\chrome.exe"}
{"UtcTime":"2026-08-12 15:16:17.000","Computer":"CLM-MESA-014","User":"CLM\\ops","EventID":1,"Image":"C:\\Program Files\\Microsoft Office\\Office16\\EXCEL.EXE","ProcessGuid":"{879C8424-D0E9-2026-59FB-F9C1D183E36D}","ProcessId":3665,"CommandLine":"C:\\Program Files\\Microsoft Office\\Office16\\EXCEL.EXE","ParentImage":"C:\\Windows\\System32\\services.exe","ParentProcessGuid":"{89F61999-ADD2-2026-91E9-FBBBAECFD6CA}","OriginalFileName":"C:\\Program Files\\Microsoft Office\\Office16\\EXCEL.EXE"}
{"UtcTime":"2026-08-12 15:16:18.000","Computer":"CLM-MESA-014","User":"CLM\\mesa","EventID":5,"Image":"C:\\Program Files\\Google\\Chrome\\Application\\chrome.exe","ProcessGuid":"{20A560A2-9366-2026-D84F-26BBFB1BE6B4}","ProcessId":8002,"EventType":"End"}
{"UtcTime":"2026-08-12 15:16:19.000","Computer":"CLM-MESA-014","User":"CLM\\backoffice","EventID":1,"Image":"C:\\Windows\\System32\\conhost.exe","ProcessGuid":"{F70DED7C-F166-2026-D145-BABAA94BF193}","ProcessId":6678,"CommandLine":"C:\\Windows\\System32\\conhost.exe","ParentImage":"C:\\Windows\\System32\\services.exe","ParentProcessGuid":"{4C158B88-C021-2026-C857-845AD41C2371}","OriginalFileName":"C:\\Windows\\System32\\conhost.exe"}
{"UtcTime":"2026-08-12 15:16:20.000","Computer":"CLM-MESA-014","User":"CLM\\backoffice","EventID":1,"Image":"C:\\Windows\\System32\\conhost.exe","ProcessGuid":"{58E070CF-4A9D-2026-5609-BC64856EECF5}","ProcessId":5643,"CommandLine":"C:\\Windows\\System32\\conhost.exe","ParentImage":"C:\\Windows\\System32\\services.exe","ParentProcessGuid":"{DE700220-417C-2026-C137-1AAD6B7D3DFD}","OriginalFileName":"C:\\Windows\\System32\\conhost.exe"}
{"UtcTime":"2026-08-12 15:16:21.000","Computer":"CLM-MESA-014","User":"CLM\\ops","EventID":1,"Image":"C:\\Windows\\explorer.exe","ProcessGuid":"{F9E853C4-158B-2026-223E-BBB6805812B1}","ProcessId":7197,"CommandLine":"C:\\Windows\\explorer.exe","ParentImage":"C:\\Windows\\System32\\services.exe","ParentProcessGuid":"{529EBF43-FBA7-2026-1766-F03A2780AAA9}","OriginalFileName":"C:\\Windows\\explorer.exe"}
{"UtcTime":"2026-08-12 15:16:22.000","Computer":"CLM-MESA-014","User":"CLM\\mesa","EventID":1,"Image":"C:\\Windows\\System32\\RuntimeBroker.exe","ProcessGuid":"{08E37DB3-E705-2026-6DE0-12D42DF2B16F}","ProcessId":3692,"CommandLine":"C:\\Windows\\System32\\RuntimeBroker.exe","ParentImage":"C:\\Windows\\System32\\services.exe","ParentProcessGuid":"{4C4702C3-8F2F-2026-D545-F6992FEC2E23}","OriginalFileName":"C:\\Windows\\System32\\RuntimeBroker.exe"}
{"UtcTime":"2026-08-12 15:16:23.000","Computer":"CLM-MESA-014","User":"CLM\\backoffice","EventID":1,"Image":"C:\\Windows\\System32\\RuntimeBroker.exe","ProcessGuid":"{62AAA9B7-679D-2026-49CF-41D41B683936}","ProcessId":3543,"CommandLine":"C:\\Windows\\System32\\RuntimeBroker.exe","ParentImage":"C:\\Windows\\System32\\services.exe","ParentProcessGuid":"{485AD019-9BA1-2026-5EA7-605BDEE9E074}","OriginalFileName":"C:\\Windows\\System32\\RuntimeBroker.exe"}
{"UtcTime":"2026-08-12 15:16:24.000","Computer":"CLM-MESA-014","User":"CLM\\ops","EventID":1,"Image":"C:\\Program Files\\Google\\Chrome\\Application\\chrome.exe","ProcessGuid":"{E9A80C53-0444-2026-6BB9-C3AB5DB4649E}","ProcessId":7119,"CommandLine":"C:\\Program Files\\Google\\Chrome\\Application\\chrome.exe","ParentImage":"C:\\Windows\\System32\\services.exe","ParentProcessGuid":"{B8B6A3D8-FEDA-2026-DB7D-7E087AD25F51}","OriginalFileName":"C:\\Program Files\\Google\\Chrome\\Application\\chrome.exe"}
{"UtcTime":"2026-08-12 15:16:25.000","Computer":"CLM-MESA-014","User":"CLM\\ops","EventID":3,"Image":"C:\\Windows\\System32\\conhost.exe","ProcessGuid":"{7792F9AD-D6F2-2026-0C8C-264A9511242F}","ProcessId":560,"DestinationIp":"1.1.1.1","DestinationPort":135,"DestinationHostname":"portal.clm.liquidacao","SourceIp":"10.70.30.14","Protocol":"tcp"}
{"UtcTime":"2026-08-12 15:16:26.000","Computer":"CLM-MESA-014","User":"CLM\\ops","EventID":1,"Image":"C:\\Program Files\\Microsoft Office\\Office16\\EXCEL.EXE","ProcessGuid":"{ADA571BB-23C0-2026-0D26-62700E902A18}","ProcessId":1990,"CommandLine":"C:\\Program Files\\Microsoft Office\\Office16\\EXCEL.EXE","ParentImage":"C:\\Windows\\System32\\services.exe","ParentProcessGuid":"{B50E3BCE-74BB-2026-D0C8-C11CFF5EDA9E}","OriginalFileName":"C:\\Program Files\\Microsoft Office\\Office16\\EXCEL.EXE"}
{"UtcTime":"2026-08-12 15:16:27.000","Computer":"CLM-MESA-014","User":"CLM\\ops","EventID":11,"Image":"C:\\Program Files\\Google\\Chrome\\Application\\chrome.exe","ProcessGuid":"{1C2A4A40-4C6C-2026-974D-C1FDB0C08AB7}","ProcessId":2607,"TargetFilename":"C:\\Users\\Public\\Temp\\mesa-3987.tmp"}
{"UtcTime":"2026-08-12 15:16:28.000","Computer":"CLM-MESA-014","User":"CLM\\backoffice","EventID":11,"Image":"C:\\Program Files\\Microsoft Office\\Office16\\EXCEL.EXE","ProcessGuid":"{808002C1-06DC-2026-E317-430BCA6FA2AD}","ProcessId":5733,"TargetFilename":"C:\\Users\\Public\\Temp\\mesa-3988.tmp"}
{"UtcTime":"2026-08-12 15:16:29.000","Computer":"CLM-MESA-014","User":"CLM\\mesa","EventID":13,"Image":"C:\\Windows\\explorer.exe","ProcessGuid":"{AB0D4C9D-A041-2026-CDC0-971D297D197A}","ProcessId":5357,"EventType":"SetValue","TargetObject":"HKCU\\Software\\CLM\\Mesa\\Pref\\3989","Details":"1"}
{"UtcTime":"2026-08-12 15:16:30.000","Computer":"CLM-MESA-014","User":"CLM\\mesa","EventID":1,"Image":"C:\\Windows\\System32\\svchost.exe","ProcessGuid":"{D44CEF5E-7A47-2026-6826-13823F614776}","ProcessId":3751,"CommandLine":"C:\\Windows\\System32\\svchost.exe","ParentImage":"C:\\Windows\\System32\\services.exe","ParentProcessGuid":"{04F23A91-C564-2026-4559-13BBB037BA16}","OriginalFileName":"C:\\Windows\\System32\\svchost.exe"}
{"UtcTime":"2026-08-12 15:16:31.000","Computer":"CLM-MESA-014","User":"CLM\\backoffice","EventID":1,"Image":"C:\\Windows\\System32\\svchost.exe","ProcessGuid":"{86F78D14-AB79-2026-392A-B4665BA8A7BD}","ProcessId":8528,"CommandLine":"C:\\Windows\\System32\\svchost.exe","ParentImage":"C:\\Windows\\System32\\services.exe","ParentProcessGuid":"{E2C6C1B4-628F-2026-AC37-3F403D00D153}","OriginalFileName":"C:\\Windows\\System32\\svchost.exe"}
{"UtcTime":"2026-08-12 15:16:32.000","Computer":"CLM-MESA-014","User":"CLM\\backoffice","EventID":1,"Image":"C:\\Program Files\\Microsoft Office\\Office16\\EXCEL.EXE","ProcessGuid":"{D91B61FE-1D38-2026-2074-69724041ED76}","ProcessId":1325,"CommandLine":"C:\\Program Files\\Microsoft Office\\Office16\\EXCEL.EXE","ParentImage":"C:\\Windows\\System32\\services.exe","ParentProcessGuid":"{1F2A5669-F25E-2026-C311-D181E699A41C}","OriginalFileName":"C:\\Program Files\\Microsoft Office\\Office16\\EXCEL.EXE"}
{"UtcTime":"2026-08-12 15:16:33.000","Computer":"CLM-MESA-014","User":"CLM\\backoffice","EventID":5,"Image":"C:\\Program Files\\Microsoft Office\\Office16\\EXCEL.EXE","ProcessGuid":"{33281577-C7E7-2026-5DD7-3BB2432F856B}","ProcessId":7462,"EventType":"End"}
{"UtcTime":"2026-08-12 15:16:34.000","Computer":"CLM-MESA-014","User":"CLM\\backoffice","EventID":11,"Image":"C:\\Program Files\\Google\\Chrome\\Application\\chrome.exe","ProcessGuid":"{08AF0031-47BE-2026-F995-4E8D51C184D4}","ProcessId":5669,"TargetFilename":"C:\\Users\\Public\\Temp\\mesa-3994.tmp"}
{"UtcTime":"2026-08-12 15:16:35.000","Computer":"CLM-MESA-014","User":"CLM\\backoffice","EventID":3,"Image":"C:\\Windows\\System32\\svchost.exe","ProcessGuid":"{329B0F44-E63F-2026-A5AC-E4F1BF5D0EC2}","ProcessId":7888,"DestinationIp":"8.8.8.8","DestinationPort":53,"DestinationHostname":"portal.clm.liquidacao","SourceIp":"10.70.30.14","Protocol":"tcp"}
{"UtcTime":"2026-08-12 15:16:36.000","Computer":"CLM-MESA-014","User":"CLM\\backoffice","EventID":5,"Image":"C:\\Windows\\explorer.exe","ProcessGuid":"{225DEB8C-C274-2026-C111-C1616F8C482D}","ProcessId":5159,"EventType":"End"}
{"UtcTime":"2026-08-12 15:16:37.000","Computer":"CLM-MESA-014","User":"CLM\\mesa","EventID":1,"Image":"C:\\Windows\\System32\\conhost.exe","ProcessGuid":"{35E7FDCA-6953-2026-C3F3-DB1BD1C19480}","ProcessId":3138,"CommandLine":"C:\\Windows\\System32\\conhost.exe","ParentImage":"C:\\Windows\\System32\\services.exe","ParentProcessGuid":"{AF828A2F-886A-2026-E1FB-BF7013FF57F1}","OriginalFileName":"C:\\Windows\\System32\\conhost.exe"}
{"UtcTime":"2026-08-12 15:16:38.000","Computer":"CLM-MESA-014","User":"CLM\\ops","EventID":3,"Image":"C:\\Program Files\\Google\\Chrome\\Application\\chrome.exe","ProcessGuid":"{2490B4C5-9180-2026-F794-77EC62CE1B59}","ProcessId":7749,"DestinationIp":"8.8.8.8","DestinationPort":8080,"DestinationHostname":"ntp.clm.liquidacao","SourceIp":"10.70.30.14","Protocol":"tcp"}
{"UtcTime":"2026-08-12 15:16:39.000","Computer":"CLM-MESA-014","User":"CLM\\backoffice","EventID":1,"Image":"C:\\Windows\\explorer.exe","ProcessGuid":"{349E9C19-EC93-2026-6070-570BA563FD7D}","ProcessId":4092,"CommandLine":"C:\\Windows\\explorer.exe","ParentImage":"C:\\Windows\\System32\\services.exe","ParentProcessGuid":"{C6447954-346D-2026-53DE-2F893F49EFDE}","OriginalFileName":"C:\\Windows\\explorer.exe"}
{"UtcTime":"2026-08-12 14:40:36.100","Computer":"CLM-MESA-014","User":"CLM\\marina.alves","EventID":1,"Image":"C:\\Windows\\System32\\mshta.exe","CommandLine":"C:\\Windows\\System32\\mshta.exe C:\\Users\\marina.alves\\Downloads\\clm-login.hta","CurrentDirectory":"C:\\Users\\marina.alves\\Downloads","ProcessGuid":"{D1D1D1D2-0812-2026-AAAA-0C1E1E0E}","ProcessId":6208,"ParentImage":"C:\\Windows\\explorer.exe","ParentProcessGuid":"{D1D1D1D1-0812-2026-EEEE-0C1E1E0E}","ParentCommandLine":"C:\\Windows\\Explorer.EXE","OriginalFileName":"mshta.exe","CampaignId":"CTF{sysmon_clm_relay}"}
{"UtcTime":"2026-08-12 14:40:36.440","Computer":"CLM-MESA-014","User":"CLM\\marina.alves","EventID":1,"Image":"C:\\Users\\marina.alves\\AppData\\Local\\IndusCom\\clm-agent.bin","CommandLine":"C:\\Users\\marina.alves\\AppData\\Local\\IndusCom\\clm-agent.bin","ProcessGuid":"{D1D1D1D3-0812-2026-BBBB-0C1E1E0E}","ProcessId":6280,"ParentImage":"C:\\Windows\\System32\\mshta.exe","ParentProcessGuid":"{D1D1D1D2-0812-2026-AAAA-0C1E1E0E}","OriginalFileName":"CLMClient.exe"}
{"UtcTime":"2026-08-12 14:40:36.440","Computer":"CLM-MESA-014","User":"CLM\\marina.alves","EventID":3,"Image":"C:\\Users\\marina.alves\\AppData\\Local\\IndusCom\\clm-agent.bin","ProcessGuid":"{D1D1D1D3-0812-2026-BBBB-0C1E1E0E}","ProcessId":6280,"DestinationIp":"198.51.100.88","DestinationPort":80,"DestinationHostname":"update.induscom-cdn.net","SourceIp":"10.70.30.14","Protocol":"tcp"}
{"UtcTime":"2026-08-12 14:40:36.440","Computer":"CLM-MESA-014","User":"CLM\\marina.alves","EventID":11,"Image":"C:\\Windows\\System32\\mshta.exe","ProcessGuid":"{D1D1D1D2-0812-2026-AAAA-0C1E1E0E}","ProcessId":6208,"TargetFilename":"C:\\Users\\marina.alves\\AppData\\Local\\IndusCom\\clm-agent.bin"}
{"UtcTime":"2026-08-12 14:40:37.010","Computer":"CLM-MESA-014","User":"CLM\\marina.alves","EventID":13,"Image":"C:\\Windows\\System32\\mshta.exe","ProcessGuid":"{D1D1D1D2-0812-2026-AAAA-0C1E1E0E}","ProcessId":6208,"EventType":"SetValue","TargetObject":"HKCU\\Software\\Microsoft\\Windows\\CurrentVersion\\Run\\CLMClient","Details":"C:\\Users\\marina.alves\\Downloads\\clm-login.hta"}
{"UtcTime":"2026-08-12 15:16:40.000","Computer":"CLM-MESA-014","User":"CLM\\backoffice","EventID":11,"Image":"C:\\Windows\\System32\\conhost.exe","ProcessGuid":"{50E7AF46-A3BA-2026-C25C-5C6483BD1ADF}","ProcessId":7440,"TargetFilename":"C:\\Users\\Public\\Temp\\mesa-4000.tmp"}
{"UtcTime":"2026-08-12 15:16:41.000","Computer":"CLM-MESA-014","User":"CLM\\backoffice","EventID":13,"Image":"C:\\Windows\\explorer.exe","ProcessGuid":"{83F19303-2D06-2026-01C4-8E2DC937649D}","ProcessId":8969,"EventType":"SetValue","TargetObject":"HKCU\\Software\\CLM\\Mesa\\Pref\\4001","Details":"1"}
{"UtcTime":"2026-08-12 15:16:42.000","Computer":"CLM-MESA-014","User":"CLM\\ops","EventID":5,"Image":"C:\\Windows\\explorer.exe","ProcessGuid":"{6A515F01-24BA-2026-A8BD-081332D3044A}","ProcessId":7223,"EventType":"End"}
{"UtcTime":"2026-08-12 15:16:43.000","Computer":"CLM-MESA-014","User":"CLM\\mesa","EventID":5,"Image":"C:\\Windows\\System32\\conhost.exe","ProcessGuid":"{F1423764-8FEF-2026-6562-82A24F0843D2}","ProcessId":7878,"EventType":"End"}
{"UtcTime":"2026-08-12 15:16:44.000","Computer":"CLM-MESA-014","User":"CLM\\mesa","EventID":1,"Image":"C:\\Windows\\explorer.exe","ProcessGuid":"{C08EF66A-E5D4-2026-BB1D-04BC1DA7AB9C}","ProcessId":3404,"CommandLine":"C:\\Windows\\explorer.exe","ParentImage":"C:\\Windows\\System32\\services.exe","ParentProcessGuid":"{62ACA705-BD6F-2026-4FA4-D38971948D85}","OriginalFileName":"C:\\Windows\\explorer.exe"}
{"UtcTime":"2026-08-12 15:16:45.000","Computer":"CLM-MESA-014","User":"CLM\\ops","EventID":1,"Image":"C:\\Windows\\System32\\conhost.exe","ProcessGuid":"{352AC17A-24B1-2026-8713-B36C6B6A41D6}","ProcessId":7815,"CommandLine":"C:\\Windows\\System32\\conhost.exe","ParentImage":"C:\\Windows\\System32\\services.exe","ParentProcessGuid":"{F9112D6D-64D7-2026-41D8-9BB46F0C3194}","OriginalFileName":"C:\\Windows\\System32\\conhost.exe"}
{"UtcTime":"2026-08-12 15:16:46.000","Computer":"CLM-MESA-014","User":"CLM\\ops","EventID":5,"Image":"C:\\Windows\\System32\\svchost.exe","ProcessGuid":"{B649E03C-CC3E-2026-8203-3016D622E363}","ProcessId":1514,"EventType":"End"}
{"UtcTime":"2026-08-12 15:16:47.000","Computer":"CLM-MESA-014","User":"CLM\\mesa","EventID":1,"Image":"C:\\Windows\\System32\\svchost.exe","ProcessGuid":"{49CE0A85-BBC8-2026-A429-FAA35EF9959A}","ProcessId":2003,"CommandLine":"C:\\Windows\\System32\\svchost.exe","ParentImage":"C:\\Windows\\System32\\services.exe","ParentProcessGuid":"{F8FE8749-B92A-2026-D3F6-6FA470B7DE7C}","OriginalFileName":"C:\\Windows\\System32\\svchost.exe"}
{"UtcTime":"2026-08-12 15:16:48.000","Computer":"CLM-MESA-014","User":"CLM\\mesa","EventID":1,"Image":"C:\\Program Files\\Microsoft Office\\Office16\\EXCEL.EXE","ProcessGuid":"{A03768DC-5DAC-2026-A414-6E4C975CA0B1}","ProcessId":8364,"CommandLine":"C:\\Program Files\\Microsoft Office\\Office16\\EXCEL.EXE","ParentImage":"C:\\Windows\\System32\\services.exe","ParentProcessGuid":"{9E9A952D-EB7D-2026-F325-C1EB8D3A314C}","OriginalFileName":"C:\\Program Files\\Microsoft Office\\Office16\\EXCEL.EXE"}
{"UtcTime":"2026-08-12 15:16:49.000","Computer":"CLM-MESA-014","User":"CLM\\ops","EventID":1,"Image":"C:\\Program Files\\Microsoft Office\\Office16\\EXCEL.EXE","ProcessGuid":"{08EF0F1F-8F78-2026-6819-EDEC61DE175C}","ProcessId":1280,"CommandLine":"C:\\Program Files\\Microsoft Office\\Office16\\EXCEL.EXE","ParentImage":"C:\\Windows\\System32\\services.exe","ParentProcessGuid":"{05E65C50-BFB1-2026-B94C-613AE36C502B}","OriginalFileName":"C:\\Program Files\\Microsoft Office\\Office16\\EXCEL.EXE"}
{"UtcTime":"2026-08-12 15:16:50.000","Computer":"CLM-MESA-014","User":"CLM\\ops","EventID":1,"Image":"C:\\Windows\\explorer.exe","ProcessGuid":"{D995AB4B-0450-2026-C1FB-9E701ACD8462}","ProcessId":3832,"CommandLine":"C:\\Windows\\explorer.exe","ParentImage":"C:\\Windows\\System32\\services.exe","ParentProcessGuid":"{AE0719F0-0FEE-2026-4612-9359CB66C027}","OriginalFileName":"C:\\Windows\\explorer.exe"}
{"UtcTime":"2026-08-12 15:16:51.000","Computer":"CLM-MESA-014","User":"CLM\\backoffice","EventID":1,"Image":"C:\\Program Files\\Google\\Chrome\\Application\\chrome.exe","ProcessGuid":"{4CDD485E-BD4A-2026-BDFD-F034DC7615AF}","ProcessId":2927,"CommandLine":"C:\\Program Files\\Google\\Chrome\\Application\\chrome.exe","ParentImage":"C:\\Windows\\System32\\services.exe","ParentProcessGuid":"{2CF514A4-3A5C-2026-E6A5-D30610C19EB4}","OriginalFileName":"C:\\Program Files\\Google\\Chrome\\Application\\chrome.exe"}
{"UtcTime":"2026-08-12 15:16:52.000","Computer":"CLM-MESA-014","User":"CLM\\mesa","EventID":11,"Image":"C:\\Windows\\explorer.exe","ProcessGuid":"{AAA7BCE6-E437-2026-72D0-E44E3F4F43C4}","ProcessId":5877,"TargetFilename":"C:\\Users\\Public\\Temp\\mesa-4012.tmp"}
{"UtcTime":"2026-08-12 15:16:53.000","Computer":"CLM-MESA-014","User":"CLM\\mesa","EventID":5,"Image":"C:\\Windows\\System32\\svchost.exe","ProcessGuid":"{5DE29382-D9ED-2026-C749-2D7FDE3BC60D}","ProcessId":1733,"EventType":"End"}
{"UtcTime":"2026-08-12 15:16:54.000","Computer":"CLM-MESA-014","User":"CLM\\ops","EventID":13,"Image":"C:\\Windows\\System32\\RuntimeBroker.exe","ProcessGuid":"{30021687-86E3-2026-D3EA-2E6DC43164F8}","ProcessId":2213,"EventType":"SetValue","TargetObject":"HKCU\\Software\\CLM\\Mesa\\Pref\\4014","Details":"1"}
{"UtcTime":"2026-08-12 15:16:55.000","Computer":"CLM-MESA-014","User":"CLM\\ops","EventID":5,"Image":"C:\\Program Files\\Google\\Chrome\\Application\\chrome.exe","ProcessGuid":"{A9EA7794-2B62-2026-F9D7-B63E9BC40F26}","ProcessId":6051,"EventType":"End"}
{"UtcTime":"2026-08-12 15:16:56.000","Computer":"CLM-MESA-014","User":"CLM\\ops","EventID":3,"Image":"C:\\Windows\\System32\\conhost.exe","ProcessGuid":"{B47BE8CC-4556-2026-A8A3-A7015751FB31}","ProcessId":5813,"DestinationIp":"10.70.30.1","DestinationPort":135,"DestinationHostname":"ntp.clm.liquidacao","SourceIp":"10.70.30.14","Protocol":"tcp"}
{"UtcTime":"2026-08-12 15:16:57.000","Computer":"CLM-MESA-014","User":"CLM\\backoffice","EventID":5,"Image":"C:\\Program Files\\Google\\Chrome\\Application\\chrome.exe","ProcessGuid":"{31170480-83A0-2026-5C20-E2EBB77C2604}","ProcessId":8002,"EventType":"End"}
{"UtcTime":"2026-08-12 15:16:58.000","Computer":"CLM-MESA-014","User":"CLM\\backoffice","EventID":13,"Image":"C:\\Windows\\System32\\svchost.exe","ProcessGuid":"{E259DA10-5E05-2026-18E0-28AE24701B83}","ProcessId":8245,"EventType":"SetValue","TargetObject":"HKCU\\Software\\CLM\\Mesa\\Pref\\4018","Details":"1"}
{"UtcTime":"2026-08-12 15:16:59.000","Computer":"CLM-MESA-014","User":"CLM\\mesa","EventID":11,"Image":"C:\\Program Files\\Microsoft Office\\Office16\\EXCEL.EXE","ProcessGuid":"{AEF843BF-06AE-2026-EF43-34ADA470F461}","ProcessId":6067,"TargetFilename":"C:\\Users\\Public\\Temp\\mesa-4019.tmp"}
{"UtcTime":"2026-08-12 15:17:00.000","Computer":"CLM-MESA-014","User":"CLM\\ops","EventID":3,"Image":"C:\\Program Files\\Microsoft Office\\Office16\\EXCEL.EXE","ProcessGuid":"{1931F551-787B-2026-51D6-AB6DDCBDA936}","ProcessId":6481,"DestinationIp":"8.8.8.8","DestinationPort":8080,"DestinationHostname":"ntp.clm.liquidacao","SourceIp":"10.70.30.14","Protocol":"tcp"}
{"UtcTime":"2026-08-12 15:17:01.000","Computer":"CLM-MESA-014","User":"CLM\\backoffice","EventID":1,"Image":"C:\\Windows\\explorer.exe","ProcessGuid":"{3953BB9E-A226-2026-9AB4-48D4DCDACA60}","ProcessId":459,"CommandLine":"C:\\Windows\\explorer.exe","ParentImage":"C:\\Windows\\System32\\services.exe","ParentProcessGuid":"{F0CE20BE-0083-2026-92EE-85858A800DD9}","OriginalFileName":"C:\\Windows\\explorer.exe"}
{"UtcTime":"2026-08-12 15:17:02.000","Computer":"CLM-MESA-014","User":"CLM\\backoffice","EventID":3,"Image":"C:\\Program Files\\Google\\Chrome\\Application\\chrome.exe","ProcessGuid":"{7A51A2BE-DF11-2026-32E5-0109881CCE7D}","ProcessId":1628,"DestinationIp":"1.1.1.1","DestinationPort":53,"DestinationHostname":"portal.clm.liquidacao","SourceIp":"10.70.30.14","Protocol":"tcp"}
{"UtcTime":"2026-08-12 15:17:03.000","Computer":"CLM-MESA-014","User":"CLM\\ops","EventID":5,"Image":"C:\\Windows\\explorer.exe","ProcessGuid":"{65FAD9DD-4E98-2026-5B9C-518456F69E65}","ProcessId":2459,"EventType":"End"}
{"UtcTime":"2026-08-12 15:17:04.000","Computer":"CLM-MESA-014","User":"CLM\\ops","EventID":11,"Image":"C:\\Windows\\explorer.exe","ProcessGuid":"{8705D59E-B780-2026-B765-B23910905CFC}","ProcessId":5871,"TargetFilename":"C:\\Users\\Public\\Temp\\mesa-4024.tmp"}
{"UtcTime":"2026-08-12 15:17:05.000","Computer":"CLM-MESA-014","User":"CLM\\mesa","EventID":11,"Image":"C:\\Windows\\System32\\RuntimeBroker.exe","ProcessGuid":"{1B1EEEC6-F310-2026-6C06-168E157F343C}","ProcessId":8955,"TargetFilename":"C:\\Users\\Public\\Temp\\mesa-4025.tmp"}
{"UtcTime":"2026-08-12 15:17:06.000","Computer":"CLM-MESA-014","User":"CLM\\mesa","EventID":11,"Image":"C:\\Windows\\System32\\RuntimeBroker.exe","ProcessGuid":"{D7A08CE3-8B01-2026-E8E7-978B8CC4643F}","ProcessId":8699,"TargetFilename":"C:\\Users\\Public\\Temp\\mesa-4026.tmp"}
{"UtcTime":"2026-08-12 15:17:07.000","Computer":"CLM-MESA-014","User":"CLM\\mesa","EventID":11,"Image":"C:\\Program Files\\Google\\Chrome\\Application\\chrome.exe","ProcessGuid":"{CB32716B-5026-2026-B601-26F7DED383EA}","ProcessId":5183,"TargetFilename":"C:\\Users\\Public\\Temp\\mesa-4027.tmp"}
{"UtcTime":"2026-08-12 15:17:08.000","Computer":"CLM-MESA-014","User":"CLM\\backoffice","EventID":13,"Image":"C:\\Windows\\System32\\conhost.exe","ProcessGuid":"{645DFABF-0F35-2026-99ED-F821FD455ABA}","ProcessId":7875,"EventType":"SetValue","TargetObject":"HKCU\\Software\\CLM\\Mesa\\Pref\\4028","Details":"1"}
{"UtcTime":"2026-08-12 15:17:09.000","Computer":"CLM-MESA-014","User":"CLM\\mesa","EventID":11,"Image":"C:\\Program Files\\Google\\Chrome\\Application\\chrome.exe","ProcessGuid":"{097E3D5E-F4FE-2026-0F15-836B149D1544}","ProcessId":7648,"TargetFilename":"C:\\Users\\Public\\Temp\\mesa-4029.tmp"}
{"UtcTime":"2026-08-12 15:17:10.000","Computer":"CLM-MESA-014","User":"CLM\\backoffice","EventID":1,"Image":"C:\\Windows\\System32\\conhost.exe","ProcessGuid":"{750DD19B-07B2-2026-C1FE-47A5A84E6A3F}","ProcessId":2078,"CommandLine":"C:\\Windows\\System32\\conhost.exe","ParentImage":"C:\\Windows\\System32\\services.exe","ParentProcessGuid":"{6F9A8E95-8014-2026-C74A-1505C4C18CBA}","OriginalFileName":"C:\\Windows\\System32\\conhost.exe"}
{"UtcTime":"2026-08-12 15:17:11.000","Computer":"CLM-MESA-014","User":"CLM\\ops","EventID":1,"Image":"C:\\Windows\\System32\\RuntimeBroker.exe","ProcessGuid":"{AD49201B-57BA-2026-D2A0-EC8AFFDCED7B}","ProcessId":2123,"CommandLine":"C:\\Windows\\System32\\RuntimeBroker.exe","ParentImage":"C:\\Windows\\System32\\services.exe","ParentProcessGuid":"{8E8E6F5B-9CE9-2026-C9AE-2267714126AE}","OriginalFileName":"C:\\Windows\\System32\\RuntimeBroker.exe"}
{"UtcTime":"2026-08-12 15:17:12.000","Computer":"CLM-MESA-014","User":"CLM\\ops","EventID":1,"Image":"C:\\Program Files\\Microsoft Office\\Office16\\EXCEL.EXE","ProcessGuid":"{69F93905-0146-2026-B926-9E83CFE1D30C}","ProcessId":5316,"CommandLine":"C:\\Program Files\\Microsoft Office\\Office16\\EXCEL.EXE","ParentImage":"C:\\Windows\\System32\\services.exe","ParentProcessGuid":"{9BCBC5A3-FE66-2026-EF2C-617E5F76596D}","OriginalFileName":"C:\\Program Files\\Microsoft Office\\Office16\\EXCEL.EXE"}
{"UtcTime":"2026-08-12 15:17:13.000","Computer":"CLM-MESA-014","User":"CLM\\backoffice","EventID":1,"Image":"C:\\Windows\\System32\\conhost.exe","ProcessGuid":"{3F967050-1D44-2026-6C02-C986A3357C81}","ProcessId":3252,"CommandLine":"C:\\Windows\\System32\\conhost.exe","ParentImage":"C:\\Windows\\System32\\services.exe","ParentProcessGuid":"{BF5BE9DC-188A-2026-EF5F-73DE12335EA5}","OriginalFileName":"C:\\Windows\\System32\\conhost.exe"}
{"UtcTime":"2026-08-12 15:17:14.000","Computer":"CLM-MESA-014","User":"CLM\\ops","EventID":1,"Image":"C:\\Program Files\\Google\\Chrome\\Application\\chrome.exe","ProcessGuid":"{D511C3E0-6CAF-2026-E6F7-D3EC71BD0BBD}","ProcessId":3739,"CommandLine":"C:\\Program Files\\Google\\Chrome\\Application\\chrome.exe","ParentImage":"C:\\Windows\\System32\\services.exe","ParentProcessGuid":"{9D9F32E3-6D07-2026-9539-B0205F25BD38}","OriginalFileName":"C:\\Program Files\\Google\\Chrome\\Application\\chrome.exe"}
{"UtcTime":"2026-08-12 15:17:15.000","Computer":"CLM-MESA-014","User":"CLM\\ops","EventID":1,"Image":"C:\\Windows\\System32\\conhost.exe","ProcessGuid":"{ECE71FE7-9628-2026-FC32-CC4E31F6819B}","ProcessId":1001,"CommandLine":"C:\\Windows\\System32\\conhost.exe","ParentImage":"C:\\Windows\\System32\\services.exe","ParentProcessGuid":"{1F8DAA81-4C2E-2026-513D-11CEF1D08AB7}","OriginalFileName":"C:\\Windows\\System32\\conhost.exe"}
{"UtcTime":"2026-08-12 15:17:16.000","Computer":"CLM-MESA-014","User":"CLM\\backoffice","EventID":1,"Image":"C:\\Program Files\\Google\\Chrome\\Application\\chrome.exe","ProcessGuid":"{9F919DC3-2FAA-2026-ED90-CD41F6D61197}","ProcessId":4643,"CommandLine":"C:\\Program Files\\Google\\Chrome\\Application\\chrome.exe","ParentImage":"C:\\Windows\\System32\\services.exe","ParentProcessGuid":"{997353AB-A2DD-2026-9EFA-EBCE5E4D1F31}","OriginalFileName":"C:\\Program Files\\Google\\Chrome\\Application\\chrome.exe"}
{"UtcTime":"2026-08-12 15:17:17.000","Computer":"CLM-MESA-014","User":"CLM\\ops","EventID":13,"Image":"C:\\Program Files\\Microsoft Office\\Office16\\EXCEL.EXE","ProcessGuid":"{3252AA27-10C3-2026-ACE4-AEF4AD0D3C93}","ProcessId":7029,"EventType":"SetValue","TargetObject":"HKCU\\Software\\CLM\\Mesa\\Pref\\4037","Details":"1"}
{"UtcTime":"2026-08-12 15:17:18.000","Computer":"CLM-MESA-014","User":"CLM\\backoffice","EventID":1,"Image":"C:\\Windows\\System32\\svchost.exe","ProcessGuid":"{8D8D4CC7-C802-2026-3AF7-AC3E7BB42C28}","ProcessId":3792,"CommandLine":"C:\\Windows\\System32\\svchost.exe","ParentImage":"C:\\Windows\\System32\\services.exe","ParentProcessGuid":"{DF63602B-5DAD-2026-C77F-ADEFBBFD0079}","OriginalFileName":"C:\\Windows\\System32\\svchost.exe"}
{"UtcTime":"2026-08-12 15:17:19.000","Computer":"CLM-MESA-014","User":"CLM\\ops","EventID":1,"Image":"C:\\Windows\\System32\\svchost.exe","ProcessGuid":"{05B1D034-39BC-2026-C4AB-2D0B7DEBE1F0}","ProcessId":1845,"CommandLine":"C:\\Windows\\System32\\svchost.exe","ParentImage":"C:\\Windows\\System32\\services.exe","ParentProcessGuid":"{D6ABCF62-5D85-2026-B9FB-A7C6B190C994}","OriginalFileName":"C:\\Windows\\System32\\svchost.exe"}
{"UtcTime":"2026-08-12 15:17:20.000","Computer":"CLM-MESA-014","User":"CLM\\backoffice","EventID":3,"Image":"C:\\Windows\\System32\\svchost.exe","ProcessGuid":"{278DF084-C17F-2026-D3D5-8A61EA2A9877}","ProcessId":4691,"DestinationIp":"1.1.1.1","DestinationPort":443,"DestinationHostname":"portal.clm.liquidacao","SourceIp":"10.70.30.14","Protocol":"tcp"}
{"UtcTime":"2026-08-12 15:17:21.000","Computer":"CLM-MESA-014","User":"CLM\\mesa","EventID":5,"Image":"C:\\Program Files\\Google\\Chrome\\Application\\chrome.exe","ProcessGuid":"{A454FDF2-8A9D-2026-0E54-88A1C5032F30}","ProcessId":2297,"EventType":"End"}
{"UtcTime":"2026-08-12 15:17:22.000","Computer":"CLM-MESA-014","User":"CLM\\mesa","EventID":13,"Image":"C:\\Program Files\\Google\\Chrome\\Application\\chrome.exe","ProcessGuid":"{E7EE89B6-509C-2026-5782-DCA20FBA18CA}","ProcessId":3559,"EventType":"SetValue","TargetObject":"HKCU\\Software\\CLM\\Mesa\\Pref\\4042","Details":"1"}
{"UtcTime":"2026-08-12 15:17:23.000","Computer":"CLM-MESA-014","User":"CLM\\ops","EventID":1,"Image":"C:\\Program Files\\Google\\Chrome\\Application\\chrome.exe","ProcessGuid":"{D0418BC3-4147-2026-0B61-29484B2382C7}","ProcessId":8699,"CommandLine":"C:\\Program Files\\Google\\Chrome\\Application\\chrome.exe","ParentImage":"C:\\Windows\\System32\\services.exe","ParentProcessGuid":"{10C02D02-B87D-2026-C7A3-A0A67F2C9B74}","OriginalFileName":"C:\\Program Files\\Google\\Chrome\\Application\\chrome.exe"}
{"UtcTime":"2026-08-12 15:17:24.000","Computer":"CLM-MESA-014","User":"CLM\\backoffice","EventID":5,"Image":"C:\\Windows\\System32\\conhost.exe","ProcessGuid":"{CD573666-F201-2026-6B60-8EF95F5703D5}","ProcessId":7687,"EventType":"End"}
{"UtcTime":"2026-08-12 15:17:25.000","Computer":"CLM-MESA-014","User":"CLM\\mesa","EventID":1,"Image":"C:\\Program Files\\Microsoft Office\\Office16\\EXCEL.EXE","ProcessGuid":"{905563C2-3D9E-2026-F9BB-A1B5B82BA8D6}","ProcessId":8099,"CommandLine":"C:\\Program Files\\Microsoft Office\\Office16\\EXCEL.EXE","ParentImage":"C:\\Windows\\System32\\services.exe","ParentProcessGuid":"{64EF55B6-940F-2026-FEA1-5520E2CC1EF7}","OriginalFileName":"C:\\Program Files\\Microsoft Office\\Office16\\EXCEL.EXE"}
{"UtcTime":"2026-08-12 15:17:26.000","Computer":"CLM-MESA-014","User":"CLM\\backoffice","EventID":1,"Image":"C:\\Windows\\System32\\conhost.exe","ProcessGuid":"{C96D26D4-8DBF-2026-45AF-4A6005416CAC}","ProcessId":4579,"CommandLine":"C:\\Windows\\System32\\conhost.exe","ParentImage":"C:\\Windows\\System32\\services.exe","ParentProcessGuid":"{99F1CCBD-558C-2026-CBA6-61822FA280EC}","OriginalFileName":"C:\\Windows\\System32\\conhost.exe"}
{"UtcTime":"2026-08-12 15:17:27.000","Computer":"CLM-MESA-014","User":"CLM\\mesa","EventID":5,"Image":"C:\\Windows\\explorer.exe","ProcessGuid":"{2C62C25C-E0A7-2026-E016-24CA52523406}","ProcessId":1609,"EventType":"End"}
{"UtcTime":"2026-08-12 15:17:28.000","Computer":"CLM-MESA-014","User":"CLM\\backoffice","EventID":3,"Image":"C:\\Windows\\System32\\RuntimeBroker.exe","ProcessGuid":"{3F4F5A86-FB90-2026-EEC7-6F5CF984F6F2}","ProcessId":1916,"DestinationIp":"10.70.30.8","DestinationPort":53,"DestinationHostname":"portal.clm.liquidacao","SourceIp":"10.70.30.14","Protocol":"tcp"}
{"UtcTime":"2026-08-12 15:17:29.000","Computer":"CLM-MESA-014","User":"CLM\\backoffice","EventID":11,"Image":"C:\\Program Files\\Microsoft Office\\Office16\\EXCEL.EXE","ProcessGuid":"{D3A59BF1-6CB2-2026-C76F-09E1F05BA604}","ProcessId":5736,"TargetFilename":"C:\\Users\\Public\\Temp\\mesa-4049.tmp"}
{"UtcTime":"2026-08-12 15:17:30.000","Computer":"CLM-MESA-014","User":"CLM\\mesa","EventID":1,"Image":"C:\\Program Files\\Microsoft Office\\Office16\\EXCEL.EXE","ProcessGuid":"{D24C4541-7E56-2026-B915-F8105C0163A8}","ProcessId":8454,"CommandLine":"C:\\Program Files\\Microsoft Office\\Office16\\EXCEL.EXE","ParentImage":"C:\\Windows\\System32\\services.exe","ParentProcessGuid":"{15361848-1B2C-2026-B079-07550B447254}","OriginalFileName":"C:\\Program Files\\Microsoft Office\\Office16\\EXCEL.EXE"}
{"UtcTime":"2026-08-12 15:17:31.000","Computer":"CLM-MESA-014","User":"CLM\\mesa","EventID":1,"Image":"C:\\Windows\\System32\\svchost.exe","ProcessGuid":"{28F8AFE0-6FFE-2026-517D-6DB89E237379}","ProcessId":5615,"CommandLine":"C:\\Windows\\System32\\svchost.exe","ParentImage":"C:\\Windows\\System32\\services.exe","ParentProcessGuid":"{557A758F-F118-2026-B43C-A1A093C06EA5}","OriginalFileName":"C:\\Windows\\System32\\svchost.exe"}
{"UtcTime":"2026-08-12 15:17:32.000","Computer":"CLM-MESA-014","User":"CLM\\mesa","EventID":1,"Image":"C:\\Windows\\explorer.exe","ProcessGuid":"{A171D198-B26B-2026-4E85-5AEA0AB26607}","ProcessId":4596,"CommandLine":"C:\\Windows\\explorer.exe","ParentImage":"C:\\Windows\\System32\\services.exe","ParentProcessGuid":"{07A8356F-5759-2026-36F6-3E69AD37B6F2}","OriginalFileName":"C:\\Windows\\explorer.exe"}
{"UtcTime":"2026-08-12 15:17:33.000","Computer":"CLM-MESA-014","User":"CLM\\ops","EventID":5,"Image":"C:\\Program Files\\Google\\Chrome\\Application\\chrome.exe","ProcessGuid":"{8768D4BB-78E4-2026-3A2C-A05027A7B4AC}","ProcessId":3290,"EventType":"End"}
{"UtcTime":"2026-08-12 15:17:34.000","Computer":"CLM-MESA-014","User":"CLM\\ops","EventID":1,"Image":"C:\\Program Files\\Google\\Chrome\\Application\\chrome.exe","ProcessGuid":"{9DCFAA34-ABFA-2026-EBC5-8177DB0B81EC}","ProcessId":4461,"CommandLine":"C:\\Program Files\\Google\\Chrome\\Application\\chrome.exe","ParentImage":"C:\\Windows\\System32\\services.exe","ParentProcessGuid":"{6DD34597-00CE-2026-4B8C-83482F661F25}","OriginalFileName":"C:\\Program Files\\Google\\Chrome\\Application\\chrome.exe"}
{"UtcTime":"2026-08-12 15:17:35.000","Computer":"CLM-MESA-014","User":"CLM\\mesa","EventID":1,"Image":"C:\\Program Files\\Microsoft Office\\Office16\\EXCEL.EXE","ProcessGuid":"{DBB2E7FB-2BA7-2026-48FD-88D08FDC302F}","ProcessId":2460,"CommandLine":"C:\\Program Files\\Microsoft Office\\Office16\\EXCEL.EXE","ParentImage":"C:\\Windows\\System32\\services.exe","ParentProcessGuid":"{77C5C67C-70DC-2026-BA3E-F25F7EC8504B}","OriginalFileName":"C:\\Program Files\\Microsoft Office\\Office16\\EXCEL.EXE"}
{"UtcTime":"2026-08-12 15:17:36.000","Computer":"CLM-MESA-014","User":"CLM\\mesa","EventID":5,"Image":"C:\\Program Files\\Google\\Chrome\\Application\\chrome.exe","ProcessGuid":"{AAD3A5FA-93D8-2026-3466-1D9B451887E6}","ProcessId":5557,"EventType":"End"}
{"UtcTime":"2026-08-12 15:17:37.000","Computer":"CLM-MESA-014","User":"CLM\\backoffice","EventID":1,"Image":"C:\\Windows\\System32\\RuntimeBroker.exe","ProcessGuid":"{04A5C7CD-F19C-2026-43A8-A48C3F4F8FBB}","ProcessId":8998,"CommandLine":"C:\\Windows\\System32\\RuntimeBroker.exe","ParentImage":"C:\\Windows\\System32\\services.exe","ParentProcessGuid":"{D37C201E-ECEF-2026-3F07-E62CC06DCE0E}","OriginalFileName":"C:\\Windows\\System32\\RuntimeBroker.exe"}
{"UtcTime":"2026-08-12 15:17:38.000","Computer":"CLM-MESA-014","User":"CLM\\ops","EventID":1,"Image":"C:\\Windows\\System32\\conhost.exe","ProcessGuid":"{5D1BC6F2-B10F-2026-D5FA-43B99C42A14E}","ProcessId":4470,"CommandLine":"C:\\Windows\\System32\\conhost.exe","ParentImage":"C:\\Windows\\System32\\services.exe","ParentProcessGuid":"{6F91A555-806A-2026-97DB-182A7C9AB057}","OriginalFileName":"C:\\Windows\\System32\\conhost.exe"}
{"UtcTime":"2026-08-12 15:17:39.000","Computer":"CLM-MESA-014","User":"CLM\\ops","EventID":1,"Image":"C:\\Program Files\\Google\\Chrome\\Application\\chrome.exe","ProcessGuid":"{DE213B38-156C-2026-04F5-80E0AA930623}","ProcessId":1975,"CommandLine":"C:\\Program Files\\Google\\Chrome\\Application\\chrome.exe","ParentImage":"C:\\Windows\\System32\\services.exe","ParentProcessGuid":"{6D6F74F7-9213-2026-B4C3-E10773C97D5F}","OriginalFileName":"C:\\Program Files\\Google\\Chrome\\Application\\chrome.exe"}
{"UtcTime":"2026-08-12 15:17:40.000","Computer":"CLM-MESA-014","User":"CLM\\ops","EventID":13,"Image":"C:\\Windows\\explorer.exe","ProcessGuid":"{FDC00798-5A3E-2026-13C5-C1B260D1E7D8}","ProcessId":4985,"EventType":"SetValue","TargetObject":"HKCU\\Software\\CLM\\Mesa\\Pref\\4060","Details":"1"}
{"UtcTime":"2026-08-12 15:17:41.000","Computer":"CLM-MESA-014","User":"CLM\\backoffice","EventID":11,"Image":"C:\\Windows\\System32\\svchost.exe","ProcessGuid":"{FDFC3C31-1DF2-2026-3E10-E460462CC7EF}","ProcessId":4579,"TargetFilename":"C:\\Users\\Public\\Temp\\mesa-4061.tmp"}
{"UtcTime":"2026-08-12 15:17:42.000","Computer":"CLM-MESA-014","User":"CLM\\ops","EventID":13,"Image":"C:\\Program Files\\Google\\Chrome\\Application\\chrome.exe","ProcessGuid":"{07B562FF-9DB5-2026-C260-9962559FC793}","ProcessId":8704,"EventType":"SetValue","TargetObject":"HKCU\\Software\\CLM\\Mesa\\Pref\\4062","Details":"1"}
{"UtcTime":"2026-08-12 15:17:43.000","Computer":"CLM-MESA-014","User":"CLM\\backoffice","EventID":11,"Image":"C:\\Windows\\System32\\RuntimeBroker.exe","ProcessGuid":"{1A43F5AF-CC41-2026-49B8-3EB3BDC23288}","ProcessId":5425,"TargetFilename":"C:\\Users\\Public\\Temp\\mesa-4063.tmp"}
{"UtcTime":"2026-08-12 15:17:44.000","Computer":"CLM-MESA-014","User":"CLM\\backoffice","EventID":5,"Image":"C:\\Windows\\System32\\svchost.exe","ProcessGuid":"{8D27CB19-307A-2026-95AE-6DB2888D0D00}","ProcessId":3362,"EventType":"End"}
{"UtcTime":"2026-08-12 15:17:45.000","Computer":"CLM-MESA-014","User":"CLM\\ops","EventID":3,"Image":"C:\\Windows\\explorer.exe","ProcessGuid":"{D635BD32-C1C4-2026-D853-55666B9203DC}","ProcessId":3824,"DestinationIp":"10.70.30.1","DestinationPort":443,"DestinationHostname":"ntp.clm.liquidacao","SourceIp":"10.70.30.14","Protocol":"tcp"}
{"UtcTime":"2026-08-12 15:17:46.000","Computer":"CLM-MESA-014","User":"CLM\\mesa","EventID":11,"Image":"C:\\Program Files\\Google\\Chrome\\Application\\chrome.exe","ProcessGuid":"{0577F3F0-B1EE-2026-4878-802E5E97FCF7}","ProcessId":7262,"TargetFilename":"C:\\Users\\Public\\Temp\\mesa-4066.tmp"}
{"UtcTime":"2026-08-12 15:17:47.000","Computer":"CLM-MESA-014","User":"CLM\\ops","EventID":1,"Image":"C:\\Windows\\explorer.exe","ProcessGuid":"{36E004A7-E56E-2026-CA04-AED8640433F1}","ProcessId":4622,"CommandLine":"C:\\Windows\\explorer.exe","ParentImage":"C:\\Windows\\System32\\services.exe","ParentProcessGuid":"{653A6600-BD5C-2026-C0D3-770AD06567B0}","OriginalFileName":"C:\\Windows\\explorer.exe"}
{"UtcTime":"2026-08-12 15:17:48.000","Computer":"CLM-MESA-014","User":"CLM\\mesa","EventID":5,"Image":"C:\\Windows\\System32\\svchost.exe","ProcessGuid":"{35D44B9E-C1BB-2026-1955-C8CBC94B747F}","ProcessId":3595,"EventType":"End"}
{"UtcTime":"2026-08-12 15:17:49.000","Computer":"CLM-MESA-014","User":"CLM\\ops","EventID":5,"Image":"C:\\Windows\\System32\\svchost.exe","ProcessGuid":"{6CE766DB-156B-2026-252F-C03C726AA667}","ProcessId":1715,"EventType":"End"}
{"UtcTime":"2026-08-12 15:17:50.000","Computer":"CLM-MESA-014","User":"CLM\\mesa","EventID":13,"Image":"C:\\Windows\\explorer.exe","ProcessGuid":"{691F3E5B-C10B-2026-B9A4-EC5F8D6A9A5D}","ProcessId":1159,"EventType":"SetValue","TargetObject":"HKCU\\Software\\CLM\\Mesa\\Pref\\4070","Details":"1"}
{"UtcTime":"2026-08-12 15:17:51.000","Computer":"CLM-MESA-014","User":"CLM\\ops","EventID":1,"Image":"C:\\Windows\\explorer.exe","ProcessGuid":"{1ED0035C-629D-2026-C458-82406AE5F42D}","ProcessId":2761,"CommandLine":"C:\\Windows\\explorer.exe","ParentImage":"C:\\Windows\\System32\\services.exe","ParentProcessGuid":"{06F4B2B2-8920-2026-523F-BEB19E7D8D73}","OriginalFileName":"C:\\Windows\\explorer.exe"}
{"UtcTime":"2026-08-12 15:17:52.000","Computer":"CLM-MESA-014","User":"CLM\\ops","EventID":13,"Image":"C:\\Windows\\explorer.exe","ProcessGuid":"{92798F5A-B1D9-2026-B6E2-A757FBF3A6EE}","ProcessId":2700,"EventType":"SetValue","TargetObject":"HKCU\\Software\\CLM\\Mesa\\Pref\\4072","Details":"1"}
{"UtcTime":"2026-08-12 15:17:53.000","Computer":"CLM-MESA-014","User":"CLM\\mesa","EventID":11,"Image":"C:\\Program Files\\Google\\Chrome\\Application\\chrome.exe","ProcessGuid":"{CB50CBA7-BBA8-2026-140F-92175D3F7851}","ProcessId":8117,"TargetFilename":"C:\\Users\\Public\\Temp\\mesa-4073.tmp"}
{"UtcTime":"2026-08-12 15:17:54.000","Computer":"CLM-MESA-014","User":"CLM\\ops","EventID":3,"Image":"C:\\Windows\\System32\\svchost.exe","ProcessGuid":"{63E5C98A-42D5-2026-43F1-8A41BC052693}","ProcessId":6925,"DestinationIp":"8.8.8.8","DestinationPort":135,"DestinationHostname":"portal.clm.liquidacao","SourceIp":"10.70.30.14","Protocol":"tcp"}
{"UtcTime":"2026-08-12 15:17:55.000","Computer":"CLM-MESA-014","User":"CLM\\mesa","EventID":1,"Image":"C:\\Program Files\\Google\\Chrome\\Application\\chrome.exe","ProcessGuid":"{D7C2A7FA-3C6B-2026-20A7-B98ACEC06BA9}","ProcessId":3261,"CommandLine":"C:\\Program Files\\Google\\Chrome\\Application\\chrome.exe","ParentImage":"C:\\Windows\\System32\\services.exe","ParentProcessGuid":"{B0DF8F4E-8B12-2026-7C68-9DDB5296BA34}","OriginalFileName":"C:\\Program Files\\Google\\Chrome\\Application\\chrome.exe"}
{"UtcTime":"2026-08-12 15:17:56.000","Computer":"CLM-MESA-014","User":"CLM\\ops","EventID":13,"Image":"C:\\Windows\\System32\\RuntimeBroker.exe","ProcessGuid":"{86BA0CFE-1910-2026-E40D-820B12382BED}","ProcessId":5493,"EventType":"SetValue","TargetObject":"HKCU\\Software\\CLM\\Mesa\\Pref\\4076","Details":"1"}
{"UtcTime":"2026-08-12 15:17:57.000","Computer":"CLM-MESA-014","User":"CLM\\ops","EventID":3,"Image":"C:\\Windows\\System32\\svchost.exe","ProcessGuid":"{9C5ABD9B-09CE-2026-2766-51F2013CEACC}","ProcessId":496,"DestinationIp":"1.1.1.1","DestinationPort":135,"DestinationHostname":"ntp.clm.liquidacao","SourceIp":"10.70.30.14","Protocol":"tcp"}
{"UtcTime":"2026-08-12 15:17:58.000","Computer":"CLM-MESA-014","User":"CLM\\backoffice","EventID":13,"Image":"C:\\Windows\\System32\\conhost.exe","ProcessGuid":"{6277629C-4A59-2026-C8E5-5AFAA5797B7B}","ProcessId":3935,"EventType":"SetValue","TargetObject":"HKCU\\Software\\CLM\\Mesa\\Pref\\4078","Details":"1"}
{"UtcTime":"2026-08-12 15:17:59.000","Computer":"CLM-MESA-014","User":"CLM\\backoffice","EventID":1,"Image":"C:\\Windows\\System32\\svchost.exe","ProcessGuid":"{0A48E5A6-9FC3-2026-D4B1-DCD9B11A9742}","ProcessId":512,"CommandLine":"C:\\Windows\\System32\\svchost.exe","ParentImage":"C:\\Windows\\System32\\services.exe","ParentProcessGuid":"{7838EE8B-0CC8-2026-CDD9-8DD839327B4F}","OriginalFileName":"C:\\Windows\\System32\\svchost.exe"}
{"UtcTime":"2026-08-12 15:18:00.000","Computer":"CLM-MESA-014","User":"CLM\\backoffice","EventID":5,"Image":"C:\\Program Files\\Google\\Chrome\\Application\\chrome.exe","ProcessGuid":"{A8FB9C20-92B9-2026-FDD2-7E998E7AAD53}","ProcessId":5128,"EventType":"End"}
{"UtcTime":"2026-08-12 15:18:01.000","Computer":"CLM-MESA-014","User":"CLM\\mesa","EventID":3,"Image":"C:\\Windows\\System32\\RuntimeBroker.exe","ProcessGuid":"{3F6156D4-DEDF-2026-FE86-AA656CD9DDD4}","ProcessId":2262,"DestinationIp":"1.1.1.1","DestinationPort":135,"DestinationHostname":"portal.clm.liquidacao","SourceIp":"10.70.30.14","Protocol":"tcp"}
{"UtcTime":"2026-08-12 15:18:02.000","Computer":"CLM-MESA-014","User":"CLM\\ops","EventID":1,"Image":"C:\\Windows\\System32\\svchost.exe","ProcessGuid":"{26C23B07-411A-2026-DE30-3A8ABA12777F}","ProcessId":1253,"CommandLine":"C:\\Windows\\System32\\svchost.exe","ParentImage":"C:\\Windows\\System32\\services.exe","ParentProcessGuid":"{45329EB7-C74F-2026-D833-EA8A0C0F15BB}","OriginalFileName":"C:\\Windows\\System32\\svchost.exe"}
{"UtcTime":"2026-08-12 15:18:03.000","Computer":"CLM-MESA-014","User":"CLM\\mesa","EventID":1,"Image":"C:\\Windows\\System32\\RuntimeBroker.exe","ProcessGuid":"{45755198-47E6-2026-488A-AFEE2FD0D8EF}","ProcessId":8587,"CommandLine":"C:\\Windows\\System32\\RuntimeBroker.exe","ParentImage":"C:\\Windows\\System32\\services.exe","ParentProcessGuid":"{12B22890-DECF-2026-5550-D5D6823C07A2}","OriginalFileName":"C:\\Windows\\System32\\RuntimeBroker.exe"}
{"UtcTime":"2026-08-12 15:18:04.000","Computer":"CLM-MESA-014","User":"CLM\\ops","EventID":3,"Image":"C:\\Windows\\explorer.exe","ProcessGuid":"{AE7EAF55-2745-2026-5AE7-A991B3A9DC66}","ProcessId":4355,"DestinationIp":"10.70.30.8","DestinationPort":53,"DestinationHostname":"ntp.clm.liquidacao","SourceIp":"10.70.30.14","Protocol":"tcp"}
{"UtcTime":"2026-08-12 15:18:05.000","Computer":"CLM-MESA-014","User":"CLM\\mesa","EventID":13,"Image":"C:\\Program Files\\Google\\Chrome\\Application\\chrome.exe","ProcessGuid":"{AF796898-6842-2026-E37C-93086D3DB753}","ProcessId":8656,"EventType":"SetValue","TargetObject":"HKCU\\Software\\CLM\\Mesa\\Pref\\4085","Details":"1"}
{"UtcTime":"2026-08-12 15:18:06.000","Computer":"CLM-MESA-014","User":"CLM\\backoffice","EventID":13,"Image":"C:\\Windows\\System32\\conhost.exe","ProcessGuid":"{F14D4447-0B13-2026-BC35-E0A557EE8771}","ProcessId":8705,"EventType":"SetValue","TargetObject":"HKCU\\Software\\CLM\\Mesa\\Pref\\4086","Details":"1"}
{"UtcTime":"2026-08-12 15:18:07.000","Computer":"CLM-MESA-014","User":"CLM\\backoffice","EventID":1,"Image":"C:\\Windows\\System32\\RuntimeBroker.exe","ProcessGuid":"{6BD8E40B-4A66-2026-EB0B-151C38661CE0}","ProcessId":5356,"CommandLine":"C:\\Windows\\System32\\RuntimeBroker.exe","ParentImage":"C:\\Windows\\System32\\services.exe","ParentProcessGuid":"{3AA863DC-99C8-2026-AEAE-F901B1DBEEC8}","OriginalFileName":"C:\\Windows\\System32\\RuntimeBroker.exe"}
{"UtcTime":"2026-08-12 15:18:08.000","Computer":"CLM-MESA-014","User":"CLM\\ops","EventID":1,"Image":"C:\\Windows\\System32\\conhost.exe","ProcessGuid":"{17F1AC8B-2A82-2026-A62A-E321E16FCEDD}","ProcessId":1843,"CommandLine":"C:\\Windows\\System32\\conhost.exe","ParentImage":"C:\\Windows\\System32\\services.exe","ParentProcessGuid":"{15FBA189-D851-2026-F178-D0B67D37C798}","OriginalFileName":"C:\\Windows\\System32\\conhost.exe"}
{"UtcTime":"2026-08-12 15:18:09.000","Computer":"CLM-MESA-014","User":"CLM\\ops","EventID":1,"Image":"C:\\Windows\\System32\\svchost.exe","ProcessGuid":"{48545AE1-401A-2026-CEE4-6B1E8A5B7FD4}","ProcessId":5643,"CommandLine":"C:\\Windows\\System32\\svchost.exe","ParentImage":"C:\\Windows\\System32\\services.exe","ParentProcessGuid":"{B9404E50-D773-2026-38AD-066E3730DE57}","OriginalFileName":"C:\\Windows\\System32\\svchost.exe"}
{"UtcTime":"2026-08-12 15:18:10.000","Computer":"CLM-MESA-014","User":"CLM\\mesa","EventID":11,"Image":"C:\\Windows\\System32\\RuntimeBroker.exe","ProcessGuid":"{6BCDA45A-F075-2026-4995-1F5E977A7742}","ProcessId":4396,"TargetFilename":"C:\\Users\\Public\\Temp\\mesa-4090.tmp"}
{"UtcTime":"2026-08-12 15:18:11.000","Computer":"CLM-MESA-014","User":"CLM\\mesa","EventID":13,"Image":"C:\\Windows\\explorer.exe","ProcessGuid":"{534E9A76-CC6D-2026-0998-C92F40BBB754}","ProcessId":5910,"EventType":"SetValue","TargetObject":"HKCU\\Software\\CLM\\Mesa\\Pref\\4091","Details":"1"}
{"UtcTime":"2026-08-12 15:18:12.000","Computer":"CLM-MESA-014","User":"CLM\\backoffice","EventID":1,"Image":"C:\\Windows\\explorer.exe","ProcessGuid":"{9BEB98BC-CF99-2026-72FB-0B16F3EFBB9A}","ProcessId":6057,"CommandLine":"C:\\Windows\\explorer.exe","ParentImage":"C:\\Windows\\System32\\services.exe","ParentProcessGuid":"{10C3E9A5-758C-2026-F3C0-50DE6B961F53}","OriginalFileName":"C:\\Windows\\explorer.exe"}
{"UtcTime":"2026-08-12 15:18:13.000","Computer":"CLM-MESA-014","User":"CLM\\mesa","EventID":11,"Image":"C:\\Program Files\\Microsoft Office\\Office16\\EXCEL.EXE","ProcessGuid":"{08EEAD2E-D88E-2026-51E3-1A84575CB061}","ProcessId":3756,"TargetFilename":"C:\\Users\\Public\\Temp\\mesa-4093.tmp"}
{"UtcTime":"2026-08-12 15:18:14.000","Computer":"CLM-MESA-014","User":"CLM\\backoffice","EventID":1,"Image":"C:\\Windows\\System32\\svchost.exe","ProcessGuid":"{B0092F44-86C3-2026-A3DA-26F729B1B40F}","ProcessId":8608,"CommandLine":"C:\\Windows\\System32\\svchost.exe","ParentImage":"C:\\Windows\\System32\\services.exe","ParentProcessGuid":"{FCFA51E0-995F-2026-F936-50894AD20854}","OriginalFileName":"C:\\Windows\\System32\\svchost.exe"}
{"UtcTime":"2026-08-12 15:18:15.000","Computer":"CLM-MESA-014","User":"CLM\\ops","EventID":1,"Image":"C:\\Windows\\explorer.exe","ProcessGuid":"{71213CA3-198F-2026-197C-A1FAFEE893C1}","ProcessId":8055,"CommandLine":"C:\\Windows\\explorer.exe","ParentImage":"C:\\Windows\\System32\\services.exe","ParentProcessGuid":"{CCB4A3C1-7F69-2026-3888-19D28CB9FED6}","OriginalFileName":"C:\\Windows\\explorer.exe"}
{"UtcTime":"2026-08-12 15:18:16.000","Computer":"CLM-MESA-014","User":"CLM\\mesa","EventID":1,"Image":"C:\\Program Files\\Google\\Chrome\\Application\\chrome.exe","ProcessGuid":"{8BBBE790-92AF-2026-F64E-E75B07D43F36}","ProcessId":1753,"CommandLine":"C:\\Program Files\\Google\\Chrome\\Application\\chrome.exe","ParentImage":"C:\\Windows\\System32\\services.exe","ParentProcessGuid":"{642555C5-EB21-2026-F184-7D98C286D2AC}","OriginalFileName":"C:\\Program Files\\Google\\Chrome\\Application\\chrome.exe"}
{"UtcTime":"2026-08-12 15:18:17.000","Computer":"CLM-MESA-014","User":"CLM\\mesa","EventID":1,"Image":"C:\\Windows\\System32\\conhost.exe","ProcessGuid":"{9DD22E77-768A-2026-DDF3-013AC4B8A0EA}","ProcessId":5604,"CommandLine":"C:\\Windows\\System32\\conhost.exe","ParentImage":"C:\\Windows\\System32\\services.exe","ParentProcessGuid":"{A49E5534-538F-2026-F3E6-375E6CAD0298}","OriginalFileName":"C:\\Windows\\System32\\conhost.exe"}
{"UtcTime":"2026-08-12 15:18:18.000","Computer":"CLM-MESA-014","User":"CLM\\backoffice","EventID":5,"Image":"C:\\Program Files\\Microsoft Office\\Office16\\EXCEL.EXE","ProcessGuid":"{4FC673A8-A1B1-2026-7AC6-D03268FD0603}","ProcessId":596,"EventType":"End"}
{"UtcTime":"2026-08-12 15:18:19.000","Computer":"CLM-MESA-014","User":"CLM\\mesa","EventID":1,"Image":"C:\\Windows\\System32\\conhost.exe","ProcessGuid":"{36F9927C-0549-2026-9396-20FD8540CEE3}","ProcessId":6903,"CommandLine":"C:\\Windows\\System32\\conhost.exe","ParentImage":"C:\\Windows\\System32\\services.exe","ParentProcessGuid":"{8C2B848A-AEC7-2026-EFDE-999E29E18149}","OriginalFileName":"C:\\Windows\\System32\\conhost.exe"}
{"UtcTime":"2026-08-12 15:18:20.000","Computer":"CLM-MESA-014","User":"CLM\\ops","EventID":11,"Image":"C:\\Program Files\\Microsoft Office\\Office16\\EXCEL.EXE","ProcessGuid":"{F584E66C-8902-2026-70D4-B9E3931DEDD2}","ProcessId":6883,"TargetFilename":"C:\\Users\\Public\\Temp\\mesa-4100.tmp"}
{"UtcTime":"2026-08-12 15:18:21.000","Computer":"CLM-MESA-014","User":"CLM\\mesa","EventID":5,"Image":"C:\\Program Files\\Google\\Chrome\\Application\\chrome.exe","ProcessGuid":"{3EAB4025-0A4D-2026-FA2E-3E6E51032E55}","ProcessId":3069,"EventType":"End"}
