{"UtcTime":"2026-08-12 10:40:17.000","Computer":"TN-FIN-WS042","User":"TRANSNORTE\\backup_svc","EventID":11,"Image":"C:\\Windows\\explorer.exe","ProcessGuid":"{ADDC8A25-73A1-2026-E7A5-0CD10BC0CFD6}","ProcessId":1042,"TargetFilename":"C:\\Users\\ops.cardoso\\AppData\\Local\\Temp\\office-3617.tmp"}
{"UtcTime":"2026-08-12 10:40:18.000","Computer":"TN-FIN-WS042","User":"TRANSNORTE\\ops.cardoso","EventID":1,"Image":"C:\\Windows\\explorer.exe","ProcessGuid":"{9BB645F2-6478-2026-DB4F-2C211F98E302}","ProcessId":3444,"CommandLine":"C:\\Windows\\explorer.exe","ParentImage":"C:\\Windows\\System32\\services.exe","ParentProcessGuid":"{E9FE2FB3-707A-2026-428B-937DBF54E1EA}","OriginalFileName":"C:\\Windows\\explorer.exe","SHA256":"3a7abdb14e45e981839a8656fbfb3aa2ade6bcdacc3de211d58eca3afaf547d7"}
{"UtcTime":"2026-08-12 10:40:19.000","Computer":"TN-FIN-WS042","User":"TRANSNORTE\\backup_svc","EventID":13,"Image":"C:\\Windows\\System32\\svchost.exe","ProcessGuid":"{48F2869D-992D-2026-64DA-F03FF7717A2C}","ProcessId":5150,"EventType":"SetValue","TargetObject":"HKCU\\Software\\Microsoft\\Office\\16.0\\Outlook\\Resiliency\\3619","Details":"1"}
{"UtcTime":"2026-08-12 10:40:20.000","Computer":"TN-FIN-WS042","User":"TRANSNORTE\\backup_svc","EventID":5,"Image":"C:\\Windows\\System32\\svchost.exe","ProcessGuid":"{1B2FEBF8-16AA-2026-AE31-B9E7A3C47381}","ProcessId":5476,"EventType":"End"}
{"UtcTime":"2026-08-12 10:40:21.000","Computer":"TN-FIN-WS042","User":"TRANSNORTE\\ops.cardoso","EventID":1,"Image":"C:\\Windows\\System32\\svchost.exe","ProcessGuid":"{9A3CF4CE-4CB6-2026-0187-43A7D15B7A95}","ProcessId":3683,"CommandLine":"C:\\Windows\\System32\\svchost.exe","ParentImage":"C:\\Windows\\System32\\services.exe","ParentProcessGuid":"{DDBACF22-26C3-2026-E869-0ED26966AD18}","OriginalFileName":"C:\\Windows\\System32\\svchost.exe","SHA256":"be1bd3c59fe3c114138211595c5f4196f5ad67372261351c6b976eea632729c5"}
{"UtcTime":"2026-08-12 10:40:22.000","Computer":"TN-FIN-WS042","User":"TRANSNORTE\\ops.cardoso","EventID":11,"Image":"C:\\Windows\\System32\\conhost.exe","ProcessGuid":"{33010ECB-30AF-2026-53F6-6A8BD0E2253B}","ProcessId":8293,"TargetFilename":"C:\\Users\\ops.cardoso\\AppData\\Local\\Temp\\office-3622.tmp"}
{"UtcTime":"2026-08-12 10:40:23.000","Computer":"TN-FIN-WS042","User":"TRANSNORTE\\ops.cardoso","EventID":3,"Image":"C:\\Windows\\System32\\conhost.exe","ProcessGuid":"{35124DD7-94BB-2026-ECF3-CB84C1398EFE}","ProcessId":5803,"DestinationIp":"10.50.10.88","DestinationPort":8080,"SourceIp":"10.50.10.42","Protocol":"tcp"}
{"UtcTime":"2026-08-12 10:40:24.000","Computer":"TN-FIN-WS042","User":"TRANSNORTE\\backup_svc","EventID":1,"Image":"C:\\Windows\\explorer.exe","ProcessGuid":"{AA64E30E-3CF2-2026-4F59-24FD1A3E760B}","ProcessId":4161,"CommandLine":"C:\\Windows\\explorer.exe","ParentImage":"C:\\Windows\\System32\\services.exe","ParentProcessGuid":"{D11B83C5-E7C2-2026-420E-BF4E91AF08AA}","OriginalFileName":"C:\\Windows\\explorer.exe","SHA256":"47fdf9042671f95d16a7fe2093f9ff3f4547d42e78acf19a912b3ae6125fc0ac"}
{"UtcTime":"2026-08-12 10:40:25.000","Computer":"TN-FIN-WS042","User":"TRANSNORTE\\ops.cardoso","EventID":1,"Image":"C:\\Program Files\\Microsoft Office\\Office16\\OUTLOOK.EXE","ProcessGuid":"{F159CB72-97BA-2026-90B1-98EEE32F4A6D}","ProcessId":3708,"CommandLine":"C:\\Program Files\\Microsoft Office\\Office16\\OUTLOOK.EXE","ParentImage":"C:\\Windows\\System32\\services.exe","ParentProcessGuid":"{E2F1E529-95E2-2026-D888-0C395430A3E2}","OriginalFileName":"C:\\Program Files\\Microsoft Office\\Office16\\OUTLOOK.EXE","SHA256":"04363156fadab822259a8ba655e69b1c9520437dde6f885c9a3b77362d6b312c"}
{"UtcTime":"2026-08-12 10:40:26.000","Computer":"TN-FIN-WS042","User":"TRANSNORTE\\backup_svc","EventID":1,"Image":"C:\\Windows\\explorer.exe","ProcessGuid":"{20D935BB-0B54-2026-4DC9-480F3517DEFD}","ProcessId":8516,"CommandLine":"C:\\Windows\\explorer.exe","ParentImage":"C:\\Windows\\System32\\services.exe","ParentProcessGuid":"{8B6D2302-B910-2026-9780-BA8C73DDDEBD}","OriginalFileName":"C:\\Windows\\explorer.exe","SHA256":"9375c0b6e0bb897e6fcdfbd907ea675912bb3e827e2aabf1ae3904b23d5bd657"}
{"UtcTime":"2026-08-12 10:40:27.000","Computer":"TN-FIN-WS042","User":"TRANSNORTE\\ops.cardoso","EventID":3,"Image":"C:\\Windows\\System32\\RuntimeBroker.exe","ProcessGuid":"{8599046C-6C36-2026-17C6-A2293FB57541}","ProcessId":4492,"DestinationIp":"1.1.1.1","DestinationPort":53,"SourceIp":"10.50.10.42","Protocol":"tcp"}
{"UtcTime":"2026-08-12 10:40:28.000","Computer":"TN-FIN-WS042","User":"TRANSNORTE\\backup_svc","EventID":1,"Image":"C:\\Windows\\System32\\conhost.exe","ProcessGuid":"{D4757625-9E94-2026-D385-958ACF454652}","ProcessId":6676,"CommandLine":"C:\\Windows\\System32\\conhost.exe","ParentImage":"C:\\Windows\\System32\\services.exe","ParentProcessGuid":"{548C1155-6D3B-2026-EBE7-0AA6B2F7CAC3}","OriginalFileName":"C:\\Windows\\System32\\conhost.exe","SHA256":"86bbbab0783a895a45eff4b1556838c96b6107a68c0d119e47a38436852ca58c"}
{"UtcTime":"2026-08-12 10:40:29.000","Computer":"TN-FIN-WS042","User":"TRANSNORTE\\backup_svc","EventID":11,"Image":"C:\\Windows\\System32\\svchost.exe","ProcessGuid":"{58E97EC3-FAE3-2026-84F0-FE2C905668BD}","ProcessId":2785,"TargetFilename":"C:\\Users\\ops.cardoso\\AppData\\Local\\Temp\\office-3629.tmp"}
{"UtcTime":"2026-08-12 10:40:30.000","Computer":"TN-FIN-WS042","User":"TRANSNORTE\\backup_svc","EventID":11,"Image":"C:\\Windows\\System32\\RuntimeBroker.exe","ProcessGuid":"{065C5FFE-6CC8-2026-CCF5-050E3CDC648D}","ProcessId":8372,"TargetFilename":"C:\\Users\\ops.cardoso\\AppData\\Local\\Temp\\office-3630.tmp"}
{"UtcTime":"2026-08-12 10:40:31.000","Computer":"TN-FIN-WS042","User":"TRANSNORTE\\ops.cardoso","EventID":1,"Image":"C:\\Windows\\System32\\conhost.exe","ProcessGuid":"{7A5B3712-58BC-2026-F61F-ACADA3F22FB5}","ProcessId":4012,"CommandLine":"C:\\Windows\\System32\\conhost.exe","ParentImage":"C:\\Windows\\System32\\services.exe","ParentProcessGuid":"{FE2CD0CF-4ADB-2026-3165-7C2722FBDB7D}","OriginalFileName":"C:\\Windows\\System32\\conhost.exe","SHA256":"fe1b3c8a5b507f5e33f70bc4d19c7d750eaf8877696a5501d2397f2045449f87"}
{"UtcTime":"2026-08-12 10:40:32.000","Computer":"TN-FIN-WS042","User":"TRANSNORTE\\ops.cardoso","EventID":5,"Image":"C:\\Windows\\explorer.exe","ProcessGuid":"{06797B68-B077-2026-49F2-EE9E80DF349F}","ProcessId":4001,"EventType":"End"}
{"UtcTime":"2026-08-12 10:40:33.000","Computer":"TN-FIN-WS042","User":"TRANSNORTE\\ops.cardoso","EventID":3,"Image":"C:\\Windows\\System32\\conhost.exe","ProcessGuid":"{1EF8EE5F-5260-2026-D22C-B78D310FB961}","ProcessId":8316,"DestinationIp":"10.50.10.10","DestinationPort":135,"SourceIp":"10.50.10.42","Protocol":"tcp"}
{"UtcTime":"2026-08-12 10:40:34.000","Computer":"TN-FIN-WS042","User":"TRANSNORTE\\ops.cardoso","EventID":1,"Image":"C:\\Windows\\System32\\conhost.exe","ProcessGuid":"{D526ADDA-3B8B-2026-DD9B-46BE704CFD1F}","ProcessId":5745,"CommandLine":"C:\\Windows\\System32\\conhost.exe","ParentImage":"C:\\Windows\\System32\\services.exe","ParentProcessGuid":"{8CB264E4-7169-2026-6C4E-885ADCA8ABEE}","OriginalFileName":"C:\\Windows\\System32\\conhost.exe","SHA256":"02770c32d75e05c429f206af452e338a7240a5ce46e4721a52e5ac9bf865147c"}
{"UtcTime":"2026-08-12 10:40:35.000","Computer":"TN-FIN-WS042","User":"TRANSNORTE\\backup_svc","EventID":1,"Image":"C:\\Windows\\System32\\RuntimeBroker.exe","ProcessGuid":"{9294D0D7-83AD-2026-43E9-EFA527AE6B95}","ProcessId":2526,"CommandLine":"C:\\Windows\\System32\\RuntimeBroker.exe","ParentImage":"C:\\Windows\\System32\\services.exe","ParentProcessGuid":"{33FCBECA-25CC-2026-702C-785800F1AAB6}","OriginalFileName":"C:\\Windows\\System32\\RuntimeBroker.exe","SHA256":"5395a3c005ef294e3cfd5b0fc23c98f23a7414a431b2ee68494c9fd4d5f4c484"}
{"UtcTime":"2026-08-12 10:40:36.000","Computer":"TN-FIN-WS042","User":"TRANSNORTE\\ops.cardoso","EventID":13,"Image":"C:\\Windows\\System32\\conhost.exe","ProcessGuid":"{9C08E6DD-5F0E-2026-601B-D3881F9CCCF0}","ProcessId":8788,"EventType":"SetValue","TargetObject":"HKCU\\Software\\Microsoft\\Office\\16.0\\Outlook\\Resiliency\\3636","Details":"1"}
{"UtcTime":"2026-08-12 10:40:37.000","Computer":"TN-FIN-WS042","User":"TRANSNORTE\\ops.cardoso","EventID":1,"Image":"C:\\Windows\\System32\\RuntimeBroker.exe","ProcessGuid":"{AE112CDA-77C7-2026-B703-DC82A1EE8996}","ProcessId":4499,"CommandLine":"C:\\Windows\\System32\\RuntimeBroker.exe","ParentImage":"C:\\Windows\\System32\\services.exe","ParentProcessGuid":"{C261C4E6-3EE3-2026-A04A-39D4FED8CCDF}","OriginalFileName":"C:\\Windows\\System32\\RuntimeBroker.exe","SHA256":"63d9574a689ddf7cd5b3d74599b060ccaffd42c6196a5f4878b1ca31ae0325f8"}
{"UtcTime":"2026-08-12 10:40:38.000","Computer":"TN-FIN-WS042","User":"TRANSNORTE\\backup_svc","EventID":1,"Image":"C:\\Windows\\System32\\svchost.exe","ProcessGuid":"{361CE7DB-DFC2-2026-5AC4-71CBDFF9DABA}","ProcessId":4011,"CommandLine":"C:\\Windows\\System32\\svchost.exe","ParentImage":"C:\\Windows\\System32\\services.exe","ParentProcessGuid":"{73FB7632-DCD3-2026-22F0-4B90D9BCF7F5}","OriginalFileName":"C:\\Windows\\System32\\svchost.exe","SHA256":"14f522bf4132247cb6727cafb8bd7082fdd7ad9282bef9c78873d7128a3a2b13"}
{"UtcTime":"2026-08-12 10:40:39.000","Computer":"TN-FIN-WS042","User":"TRANSNORTE\\ops.cardoso","EventID":5,"Image":"C:\\Program Files\\Microsoft Office\\Office16\\OUTLOOK.EXE","ProcessGuid":"{0E0BE12A-D7CD-2026-513E-B0C53EF0C175}","ProcessId":5985,"EventType":"End"}
{"UtcTime":"2026-08-12 10:40:40.000","Computer":"TN-FIN-WS042","User":"TRANSNORTE\\backup_svc","EventID":11,"Image":"C:\\Windows\\System32\\RuntimeBroker.exe","ProcessGuid":"{758DF5BD-C889-2026-DAFF-D787A9FA1C96}","ProcessId":1393,"TargetFilename":"C:\\Users\\ops.cardoso\\AppData\\Local\\Temp\\office-3640.tmp"}
{"UtcTime":"2026-08-12 10:40:41.000","Computer":"TN-FIN-WS042","User":"TRANSNORTE\\backup_svc","EventID":1,"Image":"C:\\Windows\\explorer.exe","ProcessGuid":"{A1E97032-E7A2-2026-660C-73D196636806}","ProcessId":916,"CommandLine":"C:\\Windows\\explorer.exe","ParentImage":"C:\\Windows\\System32\\services.exe","ParentProcessGuid":"{CF771CDF-D84E-2026-96C9-1F1E30889BE6}","OriginalFileName":"C:\\Windows\\explorer.exe","SHA256":"fbe11a21d7517d6dd5f0da40b87f6d4fd4510a2a83ec8f6866103a07161759fa"}
{"UtcTime":"2026-08-12 10:40:42.000","Computer":"TN-FIN-WS042","User":"TRANSNORTE\\backup_svc","EventID":3,"Image":"C:\\Windows\\explorer.exe","ProcessGuid":"{2A852BDD-5DC7-2026-C8CD-85282ACAE980}","ProcessId":2689,"DestinationIp":"1.1.1.1","DestinationPort":443,"SourceIp":"10.50.10.42","Protocol":"tcp"}
{"UtcTime":"2026-08-12 10:40:43.000","Computer":"TN-FIN-WS042","User":"TRANSNORTE\\ops.cardoso","EventID":1,"Image":"C:\\Program Files\\Microsoft Office\\Office16\\OUTLOOK.EXE","ProcessGuid":"{D169C9C7-D967-2026-03FF-39BDABACF4A3}","ProcessId":8722,"CommandLine":"C:\\Program Files\\Microsoft Office\\Office16\\OUTLOOK.EXE","ParentImage":"C:\\Windows\\System32\\services.exe","ParentProcessGuid":"{9ABC1947-715F-2026-FDAD-9B4FDADEACC1}","OriginalFileName":"C:\\Program Files\\Microsoft Office\\Office16\\OUTLOOK.EXE","SHA256":"397e91e7bb8b7e4fc15a4d3cb58c559b5c698135cb785e8ab7230d23aab99ed9"}
{"UtcTime":"2026-08-12 10:40:44.000","Computer":"TN-FIN-WS042","User":"TRANSNORTE\\backup_svc","EventID":11,"Image":"C:\\Windows\\System32\\conhost.exe","ProcessGuid":"{8ED26BA4-0748-2026-B7F3-7F2CF9ED5A50}","ProcessId":546,"TargetFilename":"C:\\Users\\ops.cardoso\\AppData\\Local\\Temp\\office-3644.tmp"}
{"UtcTime":"2026-08-12 10:40:45.000","Computer":"TN-FIN-WS042","User":"TRANSNORTE\\ops.cardoso","EventID":1,"Image":"C:\\Windows\\System32\\svchost.exe","ProcessGuid":"{C4B0B85E-B2E6-2026-083C-56EF76DD5451}","ProcessId":5087,"CommandLine":"C:\\Windows\\System32\\svchost.exe","ParentImage":"C:\\Windows\\System32\\services.exe","ParentProcessGuid":"{C79E1E3B-3FAE-2026-C2B7-865F3B78FE54}","OriginalFileName":"C:\\Windows\\System32\\svchost.exe","SHA256":"9aa44f688ea191ad15eee9d7212dca8c64987b912e96711455ee94bf8d7c7f57"}
{"UtcTime":"2026-08-12 10:40:46.000","Computer":"TN-FIN-WS042","User":"TRANSNORTE\\backup_svc","EventID":1,"Image":"C:\\Program Files\\Google\\Chrome\\Application\\chrome.exe","ProcessGuid":"{E0D33C2E-52BA-2026-03B3-B7FEDE313253}","ProcessId":6086,"CommandLine":"C:\\Program Files\\Google\\Chrome\\Application\\chrome.exe","ParentImage":"C:\\Windows\\System32\\services.exe","ParentProcessGuid":"{1A300C6C-E697-2026-6CBA-8D0A703A3EBF}","OriginalFileName":"C:\\Program Files\\Google\\Chrome\\Application\\chrome.exe","SHA256":"92f7ec19c679cf8e41482058cc8549bf1c10b11cd635f5d03064d36aa596a7eb"}
{"UtcTime":"2026-08-12 10:40:47.000","Computer":"TN-FIN-WS042","User":"TRANSNORTE\\backup_svc","EventID":3,"Image":"C:\\Windows\\System32\\RuntimeBroker.exe","ProcessGuid":"{8F98524D-748B-2026-7657-DC94F77A7A1F}","ProcessId":4534,"DestinationIp":"8.8.8.8","DestinationPort":53,"SourceIp":"10.50.10.42","Protocol":"tcp"}
{"UtcTime":"2026-08-12 10:40:48.000","Computer":"TN-FIN-WS042","User":"TRANSNORTE\\backup_svc","EventID":1,"Image":"C:\\Windows\\System32\\conhost.exe","ProcessGuid":"{96A71197-AD94-2026-C5FA-A17AA231BDE4}","ProcessId":8924,"CommandLine":"C:\\Windows\\System32\\conhost.exe","ParentImage":"C:\\Windows\\System32\\services.exe","ParentProcessGuid":"{F9D39107-A6E9-2026-17A7-171B52F9FA6D}","OriginalFileName":"C:\\Windows\\System32\\conhost.exe","SHA256":"e383dbe3341e39363db44dff3387b3951c5e8260d302e6551ea48371256b6d64"}
{"UtcTime":"2026-08-12 10:40:49.000","Computer":"TN-FIN-WS042","User":"TRANSNORTE\\backup_svc","EventID":3,"Image":"C:\\Program Files\\Microsoft Office\\Office16\\OUTLOOK.EXE","ProcessGuid":"{475384FA-20AA-2026-59B5-ACC988E44726}","ProcessId":8621,"DestinationIp":"10.50.10.88","DestinationPort":135,"SourceIp":"10.50.10.42","Protocol":"tcp"}
{"UtcTime":"2026-08-12 10:40:50.000","Computer":"TN-FIN-WS042","User":"TRANSNORTE\\ops.cardoso","EventID":1,"Image":"C:\\Windows\\System32\\RuntimeBroker.exe","ProcessGuid":"{BD9647AE-FEAF-2026-0871-0BC647764DD5}","ProcessId":4884,"CommandLine":"C:\\Windows\\System32\\RuntimeBroker.exe","ParentImage":"C:\\Windows\\System32\\services.exe","ParentProcessGuid":"{6B90C4C1-3866-2026-EA99-181F6046BA18}","OriginalFileName":"C:\\Windows\\System32\\RuntimeBroker.exe","SHA256":"b914c2c77b3440bc84c44d9d271d2b616ba6e3d48ab901852e1e0cd076613ecf"}
{"UtcTime":"2026-08-12 10:40:51.000","Computer":"TN-FIN-WS042","User":"TRANSNORTE\\backup_svc","EventID":13,"Image":"C:\\Windows\\System32\\RuntimeBroker.exe","ProcessGuid":"{9CFF026B-ACFF-2026-6F8F-539CBCD54FDE}","ProcessId":4963,"EventType":"SetValue","TargetObject":"HKCU\\Software\\Microsoft\\Office\\16.0\\Outlook\\Resiliency\\3651","Details":"1"}
{"UtcTime":"2026-08-12 10:40:52.000","Computer":"TN-FIN-WS042","User":"TRANSNORTE\\backup_svc","EventID":13,"Image":"C:\\Windows\\System32\\RuntimeBroker.exe","ProcessGuid":"{483743FC-B97A-2026-49A0-2C1110A33219}","ProcessId":5638,"EventType":"SetValue","TargetObject":"HKCU\\Software\\Microsoft\\Office\\16.0\\Outlook\\Resiliency\\3652","Details":"1"}
{"UtcTime":"2026-08-12 10:40:53.000","Computer":"TN-FIN-WS042","User":"TRANSNORTE\\backup_svc","EventID":1,"Image":"C:\\Program Files\\Google\\Chrome\\Application\\chrome.exe","ProcessGuid":"{4D4134FC-148B-2026-C192-6EE940381673}","ProcessId":6696,"CommandLine":"C:\\Program Files\\Google\\Chrome\\Application\\chrome.exe","ParentImage":"C:\\Windows\\System32\\services.exe","ParentProcessGuid":"{43EF7F35-067D-2026-7F11-73081532713C}","OriginalFileName":"C:\\Program Files\\Google\\Chrome\\Application\\chrome.exe","SHA256":"9307ec0691407b3eefcea3fd1325afcf9b130b66b7cee7bae04ad2ccad40726a"}
{"UtcTime":"2026-08-12 10:40:54.000","Computer":"TN-FIN-WS042","User":"TRANSNORTE\\ops.cardoso","EventID":1,"Image":"C:\\Windows\\explorer.exe","ProcessGuid":"{9CEA0D32-AE04-2026-41DC-5A64CAD3D04C}","ProcessId":4113,"CommandLine":"C:\\Windows\\explorer.exe","ParentImage":"C:\\Windows\\System32\\services.exe","ParentProcessGuid":"{F77F2D79-ED87-2026-17F5-2F57DB03BB52}","OriginalFileName":"C:\\Windows\\explorer.exe","SHA256":"015f135473782051976b6bce6cafcab6398936f48a1bb884769cd64c4f2922c7"}
{"UtcTime":"2026-08-12 10:40:55.000","Computer":"TN-FIN-WS042","User":"TRANSNORTE\\ops.cardoso","EventID":11,"Image":"C:\\Windows\\System32\\conhost.exe","ProcessGuid":"{24D85CB9-8AE2-2026-C72D-47052E890DD5}","ProcessId":7561,"TargetFilename":"C:\\Users\\ops.cardoso\\AppData\\Local\\Temp\\office-3655.tmp"}
{"UtcTime":"2026-08-12 10:40:56.000","Computer":"TN-FIN-WS042","User":"TRANSNORTE\\backup_svc","EventID":1,"Image":"C:\\Program Files\\Google\\Chrome\\Application\\chrome.exe","ProcessGuid":"{7A047779-E539-2026-1895-07375313804F}","ProcessId":4593,"CommandLine":"C:\\Program Files\\Google\\Chrome\\Application\\chrome.exe","ParentImage":"C:\\Windows\\System32\\services.exe","ParentProcessGuid":"{BD47729D-5A00-2026-BC2F-52BC74E9BB2D}","OriginalFileName":"C:\\Program Files\\Google\\Chrome\\Application\\chrome.exe","SHA256":"41a5d4b2fd8a45546119b538990516de017abbec78bc06160daeca736dd25792"}
{"UtcTime":"2026-08-12 10:40:57.000","Computer":"TN-FIN-WS042","User":"TRANSNORTE\\ops.cardoso","EventID":1,"Image":"C:\\Windows\\System32\\RuntimeBroker.exe","ProcessGuid":"{CC70EFEF-BE01-2026-5E36-E71412A31BD5}","ProcessId":7565,"CommandLine":"C:\\Windows\\System32\\RuntimeBroker.exe","ParentImage":"C:\\Windows\\System32\\services.exe","ParentProcessGuid":"{E33137AA-A8D7-2026-A8C3-B810BF119999}","OriginalFileName":"C:\\Windows\\System32\\RuntimeBroker.exe","SHA256":"101f2286aa5a8d3fed37d0c16ace7368ef858204b196825e9d903f3bdad3fbff"}
{"UtcTime":"2026-08-12 10:40:58.000","Computer":"TN-FIN-WS042","User":"TRANSNORTE\\backup_svc","EventID":1,"Image":"C:\\Program Files\\Google\\Chrome\\Application\\chrome.exe","ProcessGuid":"{31406ECB-D694-2026-E769-C284628E7CAB}","ProcessId":7991,"CommandLine":"C:\\Program Files\\Google\\Chrome\\Application\\chrome.exe","ParentImage":"C:\\Windows\\System32\\services.exe","ParentProcessGuid":"{014A1305-DB4D-2026-8090-7DF55828A9E2}","OriginalFileName":"C:\\Program Files\\Google\\Chrome\\Application\\chrome.exe","SHA256":"ea1ae8cc687f5addbb44e496857a6864ef042fa0fcbd4d6c28230358bf94bc48"}
{"UtcTime":"2026-08-12 10:40:59.000","Computer":"TN-FIN-WS042","User":"TRANSNORTE\\backup_svc","EventID":1,"Image":"C:\\Windows\\System32\\conhost.exe","ProcessGuid":"{3C812D0F-32E4-2026-153B-5D2EE1F19B6C}","ProcessId":7255,"CommandLine":"C:\\Windows\\System32\\conhost.exe","ParentImage":"C:\\Windows\\System32\\services.exe","ParentProcessGuid":"{884262A9-4384-2026-2026-D6F7068A88A6}","OriginalFileName":"C:\\Windows\\System32\\conhost.exe","SHA256":"ce829fbb1184b6910e1a8a29291b5a6824336fee00561fc1d5b57fca2a95658a"}
{"UtcTime":"2026-08-12 10:41:00.000","Computer":"TN-FIN-WS042","User":"TRANSNORTE\\ops.cardoso","EventID":1,"Image":"C:\\Program Files\\Microsoft Office\\Office16\\OUTLOOK.EXE","ProcessGuid":"{1BD6718A-E2BE-2026-777C-E7BA618CD6A3}","ProcessId":3818,"CommandLine":"C:\\Program Files\\Microsoft Office\\Office16\\OUTLOOK.EXE","ParentImage":"C:\\Windows\\System32\\services.exe","ParentProcessGuid":"{C522FAF0-7E98-2026-3501-AD0E41646059}","OriginalFileName":"C:\\Program Files\\Microsoft Office\\Office16\\OUTLOOK.EXE","SHA256":"cd0356f3000690fbeb50dbbdea85978708be44211925888e211e1262e939abd8"}
{"UtcTime":"2026-08-12 10:41:01.000","Computer":"TN-FIN-WS042","User":"TRANSNORTE\\ops.cardoso","EventID":1,"Image":"C:\\Windows\\System32\\conhost.exe","ProcessGuid":"{BE36BCD8-9E25-2026-2C21-9153373E6036}","ProcessId":2427,"CommandLine":"C:\\Windows\\System32\\conhost.exe","ParentImage":"C:\\Windows\\System32\\services.exe","ParentProcessGuid":"{61F0B960-8A7D-2026-129B-D93633CEC7B3}","OriginalFileName":"C:\\Windows\\System32\\conhost.exe","SHA256":"27e9abec4f8e1d81f05532c73c63904ff7e7362df8a89c296c51eca7758963ca"}
{"UtcTime":"2026-08-12 10:41:02.000","Computer":"TN-FIN-WS042","User":"TRANSNORTE\\backup_svc","EventID":1,"Image":"C:\\Windows\\explorer.exe","ProcessGuid":"{22FBD674-109D-2026-1A09-3C66132BFBE5}","ProcessId":5775,"CommandLine":"C:\\Windows\\explorer.exe","ParentImage":"C:\\Windows\\System32\\services.exe","ParentProcessGuid":"{94B3B7E7-8145-2026-444C-6118EF6E348D}","OriginalFileName":"C:\\Windows\\explorer.exe","SHA256":"31ff52c338d87586c86f08b85469c5bd0a263f9e528b638b19b0f83ca69a96c0"}
{"UtcTime":"2026-08-12 10:41:03.000","Computer":"TN-FIN-WS042","User":"TRANSNORTE\\ops.cardoso","EventID":1,"Image":"C:\\Windows\\System32\\svchost.exe","ProcessGuid":"{E10B94EE-C1B3-2026-C029-9EE50CE36421}","ProcessId":1665,"CommandLine":"C:\\Windows\\System32\\svchost.exe","ParentImage":"C:\\Windows\\System32\\services.exe","ParentProcessGuid":"{A529FB3F-BA2D-2026-90FE-EE99F671A40B}","OriginalFileName":"C:\\Windows\\System32\\svchost.exe","SHA256":"41382849592929e4afcf6c955d7892712f31918a5fb28c1f72cbdc10217ec994"}
{"UtcTime":"2026-08-12 10:41:04.000","Computer":"TN-FIN-WS042","User":"TRANSNORTE\\backup_svc","EventID":13,"Image":"C:\\Windows\\explorer.exe","ProcessGuid":"{F1990EB6-DF55-2026-6A83-A3277B7C4E1E}","ProcessId":4531,"EventType":"SetValue","TargetObject":"HKCU\\Software\\Microsoft\\Office\\16.0\\Outlook\\Resiliency\\3664","Details":"1"}
{"UtcTime":"2026-08-12 10:41:05.000","Computer":"TN-FIN-WS042","User":"TRANSNORTE\\backup_svc","EventID":3,"Image":"C:\\Program Files\\Microsoft Office\\Office16\\OUTLOOK.EXE","ProcessGuid":"{0C8A56C3-1B69-2026-4407-B9316A2BE0A4}","ProcessId":4672,"DestinationIp":"10.50.10.10","DestinationPort":135,"SourceIp":"10.50.10.42","Protocol":"tcp"}
{"UtcTime":"2026-08-12 10:41:06.000","Computer":"TN-FIN-WS042","User":"TRANSNORTE\\backup_svc","EventID":1,"Image":"C:\\Program Files\\Microsoft Office\\Office16\\OUTLOOK.EXE","ProcessGuid":"{2D1EF1D7-18EF-2026-DE43-61F943EF240E}","ProcessId":6670,"CommandLine":"C:\\Program Files\\Microsoft Office\\Office16\\OUTLOOK.EXE","ParentImage":"C:\\Windows\\System32\\services.exe","ParentProcessGuid":"{CE660559-87A2-2026-030A-F65E5CC7EA98}","OriginalFileName":"C:\\Program Files\\Microsoft Office\\Office16\\OUTLOOK.EXE","SHA256":"26b10e85f925cffca2a5c5c18a7ae628684a681d77526e1b045af262db05aa9f"}
{"UtcTime":"2026-08-12 10:41:07.000","Computer":"TN-FIN-WS042","User":"TRANSNORTE\\ops.cardoso","EventID":1,"Image":"C:\\Windows\\explorer.exe","ProcessGuid":"{8C554539-57DB-2026-376C-F141E251E73F}","ProcessId":8210,"CommandLine":"C:\\Windows\\explorer.exe","ParentImage":"C:\\Windows\\System32\\services.exe","ParentProcessGuid":"{19210424-4853-2026-0884-F25B9E47D368}","OriginalFileName":"C:\\Windows\\explorer.exe","SHA256":"0a99d74bcdc0a02a8901c6bbe12d94584d2ae1ec74f286cd0c809587c3de269a"}
{"UtcTime":"2026-08-12 10:41:08.000","Computer":"TN-FIN-WS042","User":"TRANSNORTE\\backup_svc","EventID":5,"Image":"C:\\Windows\\System32\\RuntimeBroker.exe","ProcessGuid":"{1C71CA42-9457-2026-C50A-6E6C366D83C5}","ProcessId":7782,"EventType":"End"}
{"UtcTime":"2026-08-12 10:41:09.000","Computer":"TN-FIN-WS042","User":"TRANSNORTE\\ops.cardoso","EventID":1,"Image":"C:\\Program Files\\Google\\Chrome\\Application\\chrome.exe","ProcessGuid":"{7D471AEB-1CCB-2026-E8D0-6DD7A797E77E}","ProcessId":8596,"CommandLine":"C:\\Program Files\\Google\\Chrome\\Application\\chrome.exe","ParentImage":"C:\\Windows\\System32\\services.exe","ParentProcessGuid":"{24C1DA4D-4929-2026-17FF-5C00F5D1AA2C}","OriginalFileName":"C:\\Program Files\\Google\\Chrome\\Application\\chrome.exe","SHA256":"6ce9e71fb5212b066e70fc8416098513730c048fa3bdf3f54a9afd64d19f7518"}
{"UtcTime":"2026-08-12 10:41:10.000","Computer":"TN-FIN-WS042","User":"TRANSNORTE\\backup_svc","EventID":13,"Image":"C:\\Program Files\\Microsoft Office\\Office16\\OUTLOOK.EXE","ProcessGuid":"{943753CA-E7CE-2026-1953-8B112757C91E}","ProcessId":8508,"EventType":"SetValue","TargetObject":"HKCU\\Software\\Microsoft\\Office\\16.0\\Outlook\\Resiliency\\3670","Details":"1"}
{"UtcTime":"2026-08-12 10:41:11.000","Computer":"TN-FIN-WS042","User":"TRANSNORTE\\ops.cardoso","EventID":1,"Image":"C:\\Windows\\System32\\svchost.exe","ProcessGuid":"{29A686D5-C387-2026-88AC-9976FFB60B62}","ProcessId":534,"CommandLine":"C:\\Windows\\System32\\svchost.exe","ParentImage":"C:\\Windows\\System32\\services.exe","ParentProcessGuid":"{975C696A-0A54-2026-407F-C0531376EB0B}","OriginalFileName":"C:\\Windows\\System32\\svchost.exe","SHA256":"1331b441096378747a46c88fd1a23d431bc686fdf62b16f5700dd23d48b8d076"}
{"UtcTime":"2026-08-12 10:41:12.000","Computer":"TN-FIN-WS042","User":"TRANSNORTE\\ops.cardoso","EventID":1,"Image":"C:\\Program Files\\Google\\Chrome\\Application\\chrome.exe","ProcessGuid":"{BAB9F7B5-5F92-2026-2E12-F663AE13FD4A}","ProcessId":8142,"CommandLine":"C:\\Program Files\\Google\\Chrome\\Application\\chrome.exe","ParentImage":"C:\\Windows\\System32\\services.exe","ParentProcessGuid":"{E0E575B4-E9B3-2026-3A7B-863E96DDA33D}","OriginalFileName":"C:\\Program Files\\Google\\Chrome\\Application\\chrome.exe","SHA256":"efcbe6f162966ba9808639394db3192aba9fddd155b930eee23e3b894022e7ac"}
{"UtcTime":"2026-08-12 10:41:13.000","Computer":"TN-FIN-WS042","User":"TRANSNORTE\\ops.cardoso","EventID":1,"Image":"C:\\Windows\\explorer.exe","ProcessGuid":"{F798A65C-9683-2026-813C-9CEFF69C75CB}","ProcessId":1682,"CommandLine":"C:\\Windows\\explorer.exe","ParentImage":"C:\\Windows\\System32\\services.exe","ParentProcessGuid":"{ABF17DBF-745E-2026-28DE-0B55A3756EB7}","OriginalFileName":"C:\\Windows\\explorer.exe","SHA256":"a0b480bad2f5cdd876ae670d0edb81a1d802628dd998bc1a27cb79e7cef6911b"}
{"UtcTime":"2026-08-12 10:41:14.000","Computer":"TN-FIN-WS042","User":"TRANSNORTE\\ops.cardoso","EventID":1,"Image":"C:\\Windows\\System32\\RuntimeBroker.exe","ProcessGuid":"{634FF45D-65D3-2026-FDA3-9F707624B258}","ProcessId":3270,"CommandLine":"C:\\Windows\\System32\\RuntimeBroker.exe","ParentImage":"C:\\Windows\\System32\\services.exe","ParentProcessGuid":"{58925CED-464A-2026-6D46-5587480C5B5F}","OriginalFileName":"C:\\Windows\\System32\\RuntimeBroker.exe","SHA256":"96efa2eef98d40d9deda4c1f6707c21b5b45153b9573afd27539d3408203e4b0"}
{"UtcTime":"2026-08-12 10:41:15.000","Computer":"TN-FIN-WS042","User":"TRANSNORTE\\ops.cardoso","EventID":13,"Image":"C:\\Windows\\System32\\RuntimeBroker.exe","ProcessGuid":"{1CC62EEB-CB2E-2026-519D-953264057AEA}","ProcessId":3746,"EventType":"SetValue","TargetObject":"HKCU\\Software\\Microsoft\\Office\\16.0\\Outlook\\Resiliency\\3675","Details":"1"}
{"UtcTime":"2026-08-12 10:41:16.000","Computer":"TN-FIN-WS042","User":"TRANSNORTE\\ops.cardoso","EventID":3,"Image":"C:\\Windows\\System32\\conhost.exe","ProcessGuid":"{46EB58A4-BD19-2026-CD1A-73E182787A59}","ProcessId":8513,"DestinationIp":"10.50.10.10","DestinationPort":135,"SourceIp":"10.50.10.42","Protocol":"tcp"}
{"UtcTime":"2026-08-12 10:41:17.000","Computer":"TN-FIN-WS042","User":"TRANSNORTE\\backup_svc","EventID":13,"Image":"C:\\Windows\\System32\\RuntimeBroker.exe","ProcessGuid":"{619EBDFB-81FA-2026-F5F7-7C71594B1B25}","ProcessId":6214,"EventType":"SetValue","TargetObject":"HKCU\\Software\\Microsoft\\Office\\16.0\\Outlook\\Resiliency\\3677","Details":"1"}
{"UtcTime":"2026-08-12 10:41:18.000","Computer":"TN-FIN-WS042","User":"TRANSNORTE\\backup_svc","EventID":1,"Image":"C:\\Windows\\System32\\RuntimeBroker.exe","ProcessGuid":"{8612EA05-A056-2026-4F7A-BF436DBF8ADD}","ProcessId":4630,"CommandLine":"C:\\Windows\\System32\\RuntimeBroker.exe","ParentImage":"C:\\Windows\\System32\\services.exe","ParentProcessGuid":"{6890A4FD-F6D1-2026-19C7-958B4B10BB6E}","OriginalFileName":"C:\\Windows\\System32\\RuntimeBroker.exe","SHA256":"a9e38b62ac76df318949220873b594854cd6c28cd27987886f0155cc1785b313"}
{"UtcTime":"2026-08-12 10:41:19.000","Computer":"TN-FIN-WS042","User":"TRANSNORTE\\ops.cardoso","EventID":1,"Image":"C:\\Program Files\\Google\\Chrome\\Application\\chrome.exe","ProcessGuid":"{6590887B-0BEB-2026-FCAA-EFC9C8FF5569}","ProcessId":422,"CommandLine":"C:\\Program Files\\Google\\Chrome\\Application\\chrome.exe","ParentImage":"C:\\Windows\\System32\\services.exe","ParentProcessGuid":"{39B22F1A-246C-2026-BD71-CFD018B5D669}","OriginalFileName":"C:\\Program Files\\Google\\Chrome\\Application\\chrome.exe","SHA256":"432a08b886fc8b5b71bd76dae99c4a735362114c9bbad9df5b2ff488df4863ef"}
{"UtcTime":"2026-08-12 10:41:20.000","Computer":"TN-FIN-WS042","User":"TRANSNORTE\\backup_svc","EventID":13,"Image":"C:\\Program Files\\Google\\Chrome\\Application\\chrome.exe","ProcessGuid":"{0B0DB70C-0CDC-2026-64A2-D875C3539EBC}","ProcessId":5401,"EventType":"SetValue","TargetObject":"HKCU\\Software\\Microsoft\\Office\\16.0\\Outlook\\Resiliency\\3680","Details":"1"}
{"UtcTime":"2026-08-12 10:41:21.000","Computer":"TN-FIN-WS042","User":"TRANSNORTE\\backup_svc","EventID":1,"Image":"C:\\Program Files\\Microsoft Office\\Office16\\OUTLOOK.EXE","ProcessGuid":"{7AF0ACCE-8F73-2026-FC3D-B5931009CFCE}","ProcessId":2986,"CommandLine":"C:\\Program Files\\Microsoft Office\\Office16\\OUTLOOK.EXE","ParentImage":"C:\\Windows\\System32\\services.exe","ParentProcessGuid":"{54FC4710-6A39-2026-92D0-EE9AB62E24DF}","OriginalFileName":"C:\\Program Files\\Microsoft Office\\Office16\\OUTLOOK.EXE","SHA256":"49ef4eca62072c45d2ea1582c054c24fe1c0bcb600a429055538a4916028c51a"}
{"UtcTime":"2026-08-12 10:41:22.000","Computer":"TN-FIN-WS042","User":"TRANSNORTE\\ops.cardoso","EventID":11,"Image":"C:\\Windows\\explorer.exe","ProcessGuid":"{E564D1C6-4473-2026-94C2-8B6A20AFB196}","ProcessId":3043,"TargetFilename":"C:\\Users\\ops.cardoso\\AppData\\Local\\Temp\\office-3682.tmp"}
{"UtcTime":"2026-08-12 10:41:23.000","Computer":"TN-FIN-WS042","User":"TRANSNORTE\\ops.cardoso","EventID":11,"Image":"C:\\Windows\\System32\\conhost.exe","ProcessGuid":"{E2F517E1-6F0C-2026-EA21-FE5B21BA7B17}","ProcessId":3083,"TargetFilename":"C:\\Users\\ops.cardoso\\AppData\\Local\\Temp\\office-3683.tmp"}
{"UtcTime":"2026-08-12 10:41:24.000","Computer":"TN-FIN-WS042","User":"TRANSNORTE\\ops.cardoso","EventID":13,"Image":"C:\\Windows\\System32\\RuntimeBroker.exe","ProcessGuid":"{93E0A9DB-79F8-2026-6249-DEA616B5AFC7}","ProcessId":730,"EventType":"SetValue","TargetObject":"HKCU\\Software\\Microsoft\\Office\\16.0\\Outlook\\Resiliency\\3684","Details":"1"}
{"UtcTime":"2026-08-12 10:41:25.000","Computer":"TN-FIN-WS042","User":"TRANSNORTE\\backup_svc","EventID":3,"Image":"C:\\Windows\\explorer.exe","ProcessGuid":"{F6C3049E-C2A0-2026-68B2-F372940687FC}","ProcessId":5806,"DestinationIp":"10.50.10.88","DestinationPort":135,"SourceIp":"10.50.10.42","Protocol":"tcp"}
{"UtcTime":"2026-08-12 10:41:26.000","Computer":"TN-FIN-WS042","User":"TRANSNORTE\\backup_svc","EventID":1,"Image":"C:\\Program Files\\Google\\Chrome\\Application\\chrome.exe","ProcessGuid":"{992FBF9B-B0F4-2026-6A13-D3258F2F0524}","ProcessId":3872,"CommandLine":"C:\\Program Files\\Google\\Chrome\\Application\\chrome.exe","ParentImage":"C:\\Windows\\System32\\services.exe","ParentProcessGuid":"{3FC4CDFA-D5E9-2026-D692-019AED79984A}","OriginalFileName":"C:\\Program Files\\Google\\Chrome\\Application\\chrome.exe","SHA256":"3cf36fded0bb8fca1d29fd0d4c8b048a066b07000f95f0d972553472973b2f0b"}
{"UtcTime":"2026-08-12 10:41:27.000","Computer":"TN-FIN-WS042","User":"TRANSNORTE\\ops.cardoso","EventID":1,"Image":"C:\\Windows\\System32\\RuntimeBroker.exe","ProcessGuid":"{55AA40B5-1EB0-2026-1B4A-0EE5B6E80086}","ProcessId":6669,"CommandLine":"C:\\Windows\\System32\\RuntimeBroker.exe","ParentImage":"C:\\Windows\\System32\\services.exe","ParentProcessGuid":"{2920FB13-929E-2026-B762-2E90073AB1F9}","OriginalFileName":"C:\\Windows\\System32\\RuntimeBroker.exe","SHA256":"3d5c7246fbcc784b7303a759ac041eafeff1b288fb0116753846b4f9a7404010"}
{"UtcTime":"2026-08-12 10:41:28.000","Computer":"TN-FIN-WS042","User":"TRANSNORTE\\ops.cardoso","EventID":5,"Image":"C:\\Program Files\\Google\\Chrome\\Application\\chrome.exe","ProcessGuid":"{67D8417A-9B05-2026-062D-5CD9901A5EC8}","ProcessId":5436,"EventType":"End"}
{"UtcTime":"2026-08-12 10:41:29.000","Computer":"TN-FIN-WS042","User":"TRANSNORTE\\ops.cardoso","EventID":11,"Image":"C:\\Windows\\System32\\RuntimeBroker.exe","ProcessGuid":"{B8A02DE0-E278-2026-A375-7961B62DAC90}","ProcessId":4938,"TargetFilename":"C:\\Users\\ops.cardoso\\AppData\\Local\\Temp\\office-3689.tmp"}
{"UtcTime":"2026-08-12 10:41:30.000","Computer":"TN-FIN-WS042","User":"TRANSNORTE\\backup_svc","EventID":1,"Image":"C:\\Program Files\\Google\\Chrome\\Application\\chrome.exe","ProcessGuid":"{4C383B08-3549-2026-349A-A3BF3C07AED3}","ProcessId":5589,"CommandLine":"C:\\Program Files\\Google\\Chrome\\Application\\chrome.exe","ParentImage":"C:\\Windows\\System32\\services.exe","ParentProcessGuid":"{18D63AE4-9C3B-2026-D794-1BCEC0BF3770}","OriginalFileName":"C:\\Program Files\\Google\\Chrome\\Application\\chrome.exe","SHA256":"e3d3b3e9bd47a92fd71e8a66dea65daaa48fd14ea05ab274e8857a33602a3836"}
{"UtcTime":"2026-08-12 10:41:31.000","Computer":"TN-FIN-WS042","User":"TRANSNORTE\\backup_svc","EventID":5,"Image":"C:\\Program Files\\Microsoft Office\\Office16\\OUTLOOK.EXE","ProcessGuid":"{BA8BBD64-AEC9-2026-95AB-024CA91F1A8B}","ProcessId":2391,"EventType":"End"}
{"UtcTime":"2026-08-12 10:41:32.000","Computer":"TN-FIN-WS042","User":"TRANSNORTE\\backup_svc","EventID":1,"Image":"C:\\Windows\\System32\\conhost.exe","ProcessGuid":"{90F25BCC-BA72-2026-E461-1F4ABC267F9F}","ProcessId":4276,"CommandLine":"C:\\Windows\\System32\\conhost.exe","ParentImage":"C:\\Windows\\System32\\services.exe","ParentProcessGuid":"{7B291DA7-E6CC-2026-BF42-0EEFF26260AB}","OriginalFileName":"C:\\Windows\\System32\\conhost.exe","SHA256":"cb09eb96d2b10ad2fa3db07c1999fdf94b76058c2f052802d751fa130067010d"}
{"UtcTime":"2026-08-12 10:41:33.000","Computer":"TN-FIN-WS042","User":"TRANSNORTE\\ops.cardoso","EventID":5,"Image":"C:\\Windows\\System32\\svchost.exe","ProcessGuid":"{CD147041-8690-2026-8EA2-17B2D38B4503}","ProcessId":7719,"EventType":"End"}
{"UtcTime":"2026-08-12 10:41:34.000","Computer":"TN-FIN-WS042","User":"TRANSNORTE\\backup_svc","EventID":3,"Image":"C:\\Windows\\System32\\svchost.exe","ProcessGuid":"{E4DBEE8F-A0D6-2026-FF9C-A22CE4A4FD73}","ProcessId":1711,"DestinationIp":"10.50.10.88","DestinationPort":8080,"SourceIp":"10.50.10.42","Protocol":"tcp"}
{"UtcTime":"2026-08-12 10:41:35.000","Computer":"TN-FIN-WS042","User":"TRANSNORTE\\ops.cardoso","EventID":1,"Image":"C:\\Program Files\\Google\\Chrome\\Application\\chrome.exe","ProcessGuid":"{DE399B58-09DB-2026-3699-6FD97CDA7F25}","ProcessId":3465,"CommandLine":"C:\\Program Files\\Google\\Chrome\\Application\\chrome.exe","ParentImage":"C:\\Windows\\System32\\services.exe","ParentProcessGuid":"{1EE7F1EE-E502-2026-BE74-1790C2FE1F1D}","OriginalFileName":"C:\\Program Files\\Google\\Chrome\\Application\\chrome.exe","SHA256":"d379ec4aa6145d832de96055bf8baa1f880559a596a4644fd638c9477684bff4"}
{"UtcTime":"2026-08-12 10:41:36.000","Computer":"TN-FIN-WS042","User":"TRANSNORTE\\backup_svc","EventID":13,"Image":"C:\\Windows\\System32\\RuntimeBroker.exe","ProcessGuid":"{2245A6C0-8C72-2026-2DF1-2D5DCB583377}","ProcessId":520,"EventType":"SetValue","TargetObject":"HKCU\\Software\\Microsoft\\Office\\16.0\\Outlook\\Resiliency\\3696","Details":"1"}
{"UtcTime":"2026-08-12 10:41:37.000","Computer":"TN-FIN-WS042","User":"TRANSNORTE\\ops.cardoso","EventID":13,"Image":"C:\\Windows\\System32\\conhost.exe","ProcessGuid":"{25F88D6F-A02F-2026-AAAB-183AF8794C6F}","ProcessId":5261,"EventType":"SetValue","TargetObject":"HKCU\\Software\\Microsoft\\Office\\16.0\\Outlook\\Resiliency\\3697","Details":"1"}
{"UtcTime":"2026-08-12 10:41:38.000","Computer":"TN-FIN-WS042","User":"TRANSNORTE\\backup_svc","EventID":13,"Image":"C:\\Windows\\explorer.exe","ProcessGuid":"{24D30CE9-B7B7-2026-D64F-1E71407458EC}","ProcessId":1306,"EventType":"SetValue","TargetObject":"HKCU\\Software\\Microsoft\\Office\\16.0\\Outlook\\Resiliency\\3698","Details":"1"}
{"UtcTime":"2026-08-12 10:41:39.000","Computer":"TN-FIN-WS042","User":"TRANSNORTE\\ops.cardoso","EventID":1,"Image":"C:\\Windows\\System32\\conhost.exe","ProcessGuid":"{70CD2B4F-D340-2026-321F-59945C016907}","ProcessId":5984,"CommandLine":"C:\\Windows\\System32\\conhost.exe","ParentImage":"C:\\Windows\\System32\\services.exe","ParentProcessGuid":"{E5BE618E-560E-2026-0F3C-088D78C62C78}","OriginalFileName":"C:\\Windows\\System32\\conhost.exe","SHA256":"9624f7e66856b3ce0912da8a0f90a40c351dbb3c7dfd291f65fd95b524ea285d"}
{"UtcTime":"2026-08-12 10:41:40.000","Computer":"TN-FIN-WS042","User":"TRANSNORTE\\ops.cardoso","EventID":5,"Image":"C:\\Windows\\System32\\RuntimeBroker.exe","ProcessGuid":"{44BBFD57-DA9B-2026-B95E-CD978793572F}","ProcessId":5919,"EventType":"End"}
{"UtcTime":"2026-08-12 10:41:41.000","Computer":"TN-FIN-WS042","User":"TRANSNORTE\\ops.cardoso","EventID":13,"Image":"C:\\Windows\\System32\\conhost.exe","ProcessGuid":"{28869E2E-E29F-2026-97BE-2EA7AF704795}","ProcessId":2719,"EventType":"SetValue","TargetObject":"HKCU\\Software\\Microsoft\\Office\\16.0\\Outlook\\Resiliency\\3701","Details":"1"}
{"UtcTime":"2026-08-12 10:41:42.000","Computer":"TN-FIN-WS042","User":"TRANSNORTE\\ops.cardoso","EventID":5,"Image":"C:\\Program Files\\Microsoft Office\\Office16\\OUTLOOK.EXE","ProcessGuid":"{FF2AC5B9-1298-2026-913C-2388211B4E54}","ProcessId":5600,"EventType":"End"}
{"UtcTime":"2026-08-12 10:41:43.000","Computer":"TN-FIN-WS042","User":"TRANSNORTE\\ops.cardoso","EventID":11,"Image":"C:\\Windows\\explorer.exe","ProcessGuid":"{45AA7F6B-67FA-2026-D00D-D41B91E34A51}","ProcessId":2795,"TargetFilename":"C:\\Users\\ops.cardoso\\AppData\\Local\\Temp\\office-3703.tmp"}
{"UtcTime":"2026-08-12 10:41:44.000","Computer":"TN-FIN-WS042","User":"TRANSNORTE\\ops.cardoso","EventID":1,"Image":"C:\\Program Files\\Google\\Chrome\\Application\\chrome.exe","ProcessGuid":"{6AE511C8-6775-2026-8171-B27E69E0156B}","ProcessId":3062,"CommandLine":"C:\\Program Files\\Google\\Chrome\\Application\\chrome.exe","ParentImage":"C:\\Windows\\System32\\services.exe","ParentProcessGuid":"{792508EF-B83E-2026-FFD9-7597FA6A340B}","OriginalFileName":"C:\\Program Files\\Google\\Chrome\\Application\\chrome.exe","SHA256":"b4aafbf7ae8e6fac75c93d4719569bbf04faa626de768dc560883a38ce6238a1"}
{"UtcTime":"2026-08-12 10:41:45.000","Computer":"TN-FIN-WS042","User":"TRANSNORTE\\ops.cardoso","EventID":3,"Image":"C:\\Program Files\\Microsoft Office\\Office16\\OUTLOOK.EXE","ProcessGuid":"{B7D31B6D-3705-2026-CF50-043177442E73}","ProcessId":7131,"DestinationIp":"1.1.1.1","DestinationPort":443,"SourceIp":"10.50.10.42","Protocol":"tcp"}
{"UtcTime":"2026-08-12 10:41:46.000","Computer":"TN-FIN-WS042","User":"TRANSNORTE\\backup_svc","EventID":5,"Image":"C:\\Program Files\\Google\\Chrome\\Application\\chrome.exe","ProcessGuid":"{FF45B7C0-F87F-2026-8421-C82AB2FBB93A}","ProcessId":7618,"EventType":"End"}
{"UtcTime":"2026-08-12 10:41:47.000","Computer":"TN-FIN-WS042","User":"TRANSNORTE\\backup_svc","EventID":3,"Image":"C:\\Program Files\\Microsoft Office\\Office16\\OUTLOOK.EXE","ProcessGuid":"{1959B8EE-7A94-2026-82B6-29D1820B61FB}","ProcessId":2600,"DestinationIp":"8.8.8.8","DestinationPort":8080,"SourceIp":"10.50.10.42","Protocol":"tcp"}
{"UtcTime":"2026-08-12 10:41:48.000","Computer":"TN-FIN-WS042","User":"TRANSNORTE\\ops.cardoso","EventID":5,"Image":"C:\\Windows\\System32\\svchost.exe","ProcessGuid":"{12AE7BFC-68D4-2026-725E-9C4B4FD41F29}","ProcessId":687,"EventType":"End"}
{"UtcTime":"2026-08-12 10:41:49.000","Computer":"TN-FIN-WS042","User":"TRANSNORTE\\backup_svc","EventID":1,"Image":"C:\\Windows\\System32\\conhost.exe","ProcessGuid":"{C5E4F1B8-2A8F-2026-77BF-BD79D2318D55}","ProcessId":8303,"CommandLine":"C:\\Windows\\System32\\conhost.exe","ParentImage":"C:\\Windows\\System32\\services.exe","ParentProcessGuid":"{40F8E195-79A4-2026-2809-477B7F0D5A2E}","OriginalFileName":"C:\\Windows\\System32\\conhost.exe","SHA256":"08ecdf9a0bce9bf1bcf80cfb7b860b5aa4767063943fcf5f31697b94a7d58014"}
{"UtcTime":"2026-08-12 10:41:50.000","Computer":"TN-FIN-WS042","User":"TRANSNORTE\\ops.cardoso","EventID":1,"Image":"C:\\Program Files\\Microsoft Office\\Office16\\OUTLOOK.EXE","ProcessGuid":"{97C214EA-935F-2026-7B4F-B8AA140EECD4}","ProcessId":8681,"CommandLine":"C:\\Program Files\\Microsoft Office\\Office16\\OUTLOOK.EXE","ParentImage":"C:\\Windows\\System32\\services.exe","ParentProcessGuid":"{3128B3E5-A24E-2026-1DC0-EB656A5043F2}","OriginalFileName":"C:\\Program Files\\Microsoft Office\\Office16\\OUTLOOK.EXE","SHA256":"49542aa03dc494b5678433f8013212ab2a44bdf441b4328e4f4000ec5a12a2f7"}
{"UtcTime":"2026-08-12 10:41:51.000","Computer":"TN-FIN-WS042","User":"TRANSNORTE\\backup_svc","EventID":13,"Image":"C:\\Windows\\System32\\svchost.exe","ProcessGuid":"{F11F364A-A152-2026-3D6A-B8DB8EFEC0D9}","ProcessId":2120,"EventType":"SetValue","TargetObject":"HKCU\\Software\\Microsoft\\Office\\16.0\\Outlook\\Resiliency\\3711","Details":"1"}
{"UtcTime":"2026-08-12 10:41:52.000","Computer":"TN-FIN-WS042","User":"TRANSNORTE\\ops.cardoso","EventID":1,"Image":"C:\\Windows\\System32\\conhost.exe","ProcessGuid":"{D73C4B83-6472-2026-9DD4-5532872BB4AF}","ProcessId":4916,"CommandLine":"C:\\Windows\\System32\\conhost.exe","ParentImage":"C:\\Windows\\System32\\services.exe","ParentProcessGuid":"{40E91CD3-479F-2026-158B-F54AD44D2784}","OriginalFileName":"C:\\Windows\\System32\\conhost.exe","SHA256":"9fc6f91533590217300b58375e734866d53dd55604aaf8d3a8fd7de38c258e00"}
{"UtcTime":"2026-08-12 10:41:53.000","Computer":"TN-FIN-WS042","User":"TRANSNORTE\\backup_svc","EventID":13,"Image":"C:\\Program Files\\Google\\Chrome\\Application\\chrome.exe","ProcessGuid":"{8ABCD1F2-7CDB-2026-917A-AE5C37F35D00}","ProcessId":7538,"EventType":"SetValue","TargetObject":"HKCU\\Software\\Microsoft\\Office\\16.0\\Outlook\\Resiliency\\3713","Details":"1"}
{"UtcTime":"2026-08-12 10:41:54.000","Computer":"TN-FIN-WS042","User":"TRANSNORTE\\backup_svc","EventID":1,"Image":"C:\\Program Files\\Microsoft Office\\Office16\\OUTLOOK.EXE","ProcessGuid":"{B590287B-9D61-2026-2A53-DA146AE00468}","ProcessId":877,"CommandLine":"C:\\Program Files\\Microsoft Office\\Office16\\OUTLOOK.EXE","ParentImage":"C:\\Windows\\System32\\services.exe","ParentProcessGuid":"{7CEA32DF-C65F-2026-5FDA-EB8351FACB9D}","OriginalFileName":"C:\\Program Files\\Microsoft Office\\Office16\\OUTLOOK.EXE","SHA256":"dabe9d1f1771fcf43fda20b8a05d0f59536af2c078e634fc6612edf52675324b"}
{"UtcTime":"2026-08-12 10:41:55.000","Computer":"TN-FIN-WS042","User":"TRANSNORTE\\backup_svc","EventID":3,"Image":"C:\\Windows\\explorer.exe","ProcessGuid":"{E36BCAD4-3128-2026-C804-F27ED15148AA}","ProcessId":3416,"DestinationIp":"10.50.10.88","DestinationPort":8080,"SourceIp":"10.50.10.42","Protocol":"tcp"}
{"UtcTime":"2026-08-12 10:41:56.000","Computer":"TN-FIN-WS042","User":"TRANSNORTE\\ops.cardoso","EventID":3,"Image":"C:\\Windows\\System32\\conhost.exe","ProcessGuid":"{BF341F1E-328F-2026-48B2-3412A8589972}","ProcessId":7793,"DestinationIp":"8.8.8.8","DestinationPort":135,"SourceIp":"10.50.10.42","Protocol":"tcp"}
{"UtcTime":"2026-08-12 10:41:57.000","Computer":"TN-FIN-WS042","User":"TRANSNORTE\\backup_svc","EventID":3,"Image":"C:\\Windows\\System32\\conhost.exe","ProcessGuid":"{E7B0AF08-6CAE-2026-0E09-969B2516880A}","ProcessId":3945,"DestinationIp":"10.50.10.88","DestinationPort":53,"SourceIp":"10.50.10.42","Protocol":"tcp"}
{"UtcTime":"2026-08-12 10:41:58.000","Computer":"TN-FIN-WS042","User":"TRANSNORTE\\ops.cardoso","EventID":13,"Image":"C:\\Program Files\\Google\\Chrome\\Application\\chrome.exe","ProcessGuid":"{262F5679-64D8-2026-D82C-2EE452EF2364}","ProcessId":8379,"EventType":"SetValue","TargetObject":"HKCU\\Software\\Microsoft\\Office\\16.0\\Outlook\\Resiliency\\3718","Details":"1"}
{"UtcTime":"2026-08-12 10:41:59.000","Computer":"TN-FIN-WS042","User":"TRANSNORTE\\backup_svc","EventID":1,"Image":"C:\\Windows\\System32\\RuntimeBroker.exe","ProcessGuid":"{B5D30436-AEB7-2026-3F5F-1C0BDA686349}","ProcessId":8699,"CommandLine":"C:\\Windows\\System32\\RuntimeBroker.exe","ParentImage":"C:\\Windows\\System32\\services.exe","ParentProcessGuid":"{283D0ACD-6052-2026-5DFB-09176AAA6B1E}","OriginalFileName":"C:\\Windows\\System32\\RuntimeBroker.exe","SHA256":"9d0da550e0d3a88be45f76329c32adf8206db69bf1e4fc9b5bd30dbf8b08e65b"}
{"UtcTime":"2026-08-12 10:42:00.000","Computer":"TN-FIN-WS042","User":"TRANSNORTE\\backup_svc","EventID":1,"Image":"C:\\Windows\\System32\\RuntimeBroker.exe","ProcessGuid":"{9FCFA1D8-D543-2026-EA54-B643F2D65BB1}","ProcessId":7008,"CommandLine":"C:\\Windows\\System32\\RuntimeBroker.exe","ParentImage":"C:\\Windows\\System32\\services.exe","ParentProcessGuid":"{2B975A9B-F95D-2026-443F-63C9BAADE1B0}","OriginalFileName":"C:\\Windows\\System32\\RuntimeBroker.exe","SHA256":"99d6bbc703a2ae2f26acc7e68411dc9414c60d3fe7985ecb6dc2fddd0b566f47"}
{"UtcTime":"2026-08-12 10:42:01.000","Computer":"TN-FIN-WS042","User":"TRANSNORTE\\ops.cardoso","EventID":1,"Image":"C:\\Windows\\System32\\conhost.exe","ProcessGuid":"{71389059-F258-2026-A848-998C8D69ABDF}","ProcessId":8935,"CommandLine":"C:\\Windows\\System32\\conhost.exe","ParentImage":"C:\\Windows\\System32\\services.exe","ParentProcessGuid":"{5826D389-305E-2026-9700-C8F59C1EBCCD}","OriginalFileName":"C:\\Windows\\System32\\conhost.exe","SHA256":"a75c001d23182a6d9e8bd845cd4802406b31e99b2ce8fb663d6931398bc8db1a"}
{"UtcTime":"2026-08-12 10:42:02.000","Computer":"TN-FIN-WS042","User":"TRANSNORTE\\ops.cardoso","EventID":1,"Image":"C:\\Program Files\\Microsoft Office\\Office16\\OUTLOOK.EXE","ProcessGuid":"{6E21CEC8-854A-2026-F877-F2A369277C6E}","ProcessId":7415,"CommandLine":"C:\\Program Files\\Microsoft Office\\Office16\\OUTLOOK.EXE","ParentImage":"C:\\Windows\\System32\\services.exe","ParentProcessGuid":"{78A164FC-1254-2026-5776-86671B3C4CCF}","OriginalFileName":"C:\\Program Files\\Microsoft Office\\Office16\\OUTLOOK.EXE","SHA256":"a4bdf6ba211d99cd8bdefc06941f3465f6dcf51ff57c12073332fbb4b395bd50"}
{"UtcTime":"2026-08-12 10:42:03.000","Computer":"TN-FIN-WS042","User":"TRANSNORTE\\ops.cardoso","EventID":1,"Image":"C:\\Windows\\System32\\RuntimeBroker.exe","ProcessGuid":"{8516E49E-249C-2026-3BD0-64E416CA5DF5}","ProcessId":4732,"CommandLine":"C:\\Windows\\System32\\RuntimeBroker.exe","ParentImage":"C:\\Windows\\System32\\services.exe","ParentProcessGuid":"{8D004B02-5B3D-2026-6406-162FE4CD9AD8}","OriginalFileName":"C:\\Windows\\System32\\RuntimeBroker.exe","SHA256":"e5e88c0ae58ae636784e70e7e48a3b9630361ea1f190834feed552e69a5b46d0"}
{"UtcTime":"2026-08-12 10:42:04.000","Computer":"TN-FIN-WS042","User":"TRANSNORTE\\ops.cardoso","EventID":3,"Image":"C:\\Windows\\System32\\svchost.exe","ProcessGuid":"{E30D8E40-BFB0-2026-9993-AA530A6C18E2}","ProcessId":8611,"DestinationIp":"1.1.1.1","DestinationPort":53,"SourceIp":"10.50.10.42","Protocol":"tcp"}
{"UtcTime":"2026-08-12 10:42:05.000","Computer":"TN-FIN-WS042","User":"TRANSNORTE\\backup_svc","EventID":3,"Image":"C:\\Program Files\\Google\\Chrome\\Application\\chrome.exe","ProcessGuid":"{66D95276-3D2A-2026-E448-3978411D2E0B}","ProcessId":3924,"DestinationIp":"8.8.8.8","DestinationPort":135,"SourceIp":"10.50.10.42","Protocol":"tcp"}
{"UtcTime":"2026-08-12 10:42:06.000","Computer":"TN-FIN-WS042","User":"TRANSNORTE\\backup_svc","EventID":1,"Image":"C:\\Windows\\System32\\RuntimeBroker.exe","ProcessGuid":"{75AC8E51-A741-2026-8492-DAD834D66BA3}","ProcessId":1254,"CommandLine":"C:\\Windows\\System32\\RuntimeBroker.exe","ParentImage":"C:\\Windows\\System32\\services.exe","ParentProcessGuid":"{80C43432-5C1C-2026-F79E-D763ACC87AA7}","OriginalFileName":"C:\\Windows\\System32\\RuntimeBroker.exe","SHA256":"11af66099db669982258dbc17caeadc5a9e2cf22d3ac38b867932651cb70cef5"}
{"UtcTime":"2026-08-12 10:42:07.000","Computer":"TN-FIN-WS042","User":"TRANSNORTE\\backup_svc","EventID":1,"Image":"C:\\Windows\\System32\\RuntimeBroker.exe","ProcessGuid":"{5921A9C7-E86F-2026-E300-5409D16E8330}","ProcessId":6266,"CommandLine":"C:\\Windows\\System32\\RuntimeBroker.exe","ParentImage":"C:\\Windows\\System32\\services.exe","ParentProcessGuid":"{5D0F41F1-6901-2026-98BE-91EC403C8341}","OriginalFileName":"C:\\Windows\\System32\\RuntimeBroker.exe","SHA256":"aec4077736507f16657c142224541acc0829a22ff6639c08ba36f0807d3a7f5a"}
{"UtcTime":"2026-08-12 10:42:08.000","Computer":"TN-FIN-WS042","User":"TRANSNORTE\\ops.cardoso","EventID":1,"Image":"C:\\Program Files\\Microsoft Office\\Office16\\OUTLOOK.EXE","ProcessGuid":"{01555E90-B293-2026-3135-3EAE86CCC39F}","ProcessId":6974,"CommandLine":"C:\\Program Files\\Microsoft Office\\Office16\\OUTLOOK.EXE","ParentImage":"C:\\Windows\\System32\\services.exe","ParentProcessGuid":"{B5C86201-B459-2026-E88F-AD13553C9666}","OriginalFileName":"C:\\Program Files\\Microsoft Office\\Office16\\OUTLOOK.EXE","SHA256":"0aec9d33ae2f0b6ae9defe50ebce9dae354e1b3922c2ad2774253776931dac18"}
{"UtcTime":"2026-08-12 10:42:09.000","Computer":"TN-FIN-WS042","User":"TRANSNORTE\\backup_svc","EventID":13,"Image":"C:\\Windows\\explorer.exe","ProcessGuid":"{635DC1B1-D7EC-2026-0A75-3DA93D79B895}","ProcessId":7507,"EventType":"SetValue","TargetObject":"HKCU\\Software\\Microsoft\\Office\\16.0\\Outlook\\Resiliency\\3729","Details":"1"}
{"UtcTime":"2026-08-12 10:42:10.000","Computer":"TN-FIN-WS042","User":"TRANSNORTE\\backup_svc","EventID":13,"Image":"C:\\Windows\\System32\\RuntimeBroker.exe","ProcessGuid":"{0C6C372A-DCD1-2026-2400-50F169350DF6}","ProcessId":1130,"EventType":"SetValue","TargetObject":"HKCU\\Software\\Microsoft\\Office\\16.0\\Outlook\\Resiliency\\3730","Details":"1"}
{"UtcTime":"2026-08-12 10:42:11.000","Computer":"TN-FIN-WS042","User":"TRANSNORTE\\backup_svc","EventID":11,"Image":"C:\\Program Files\\Google\\Chrome\\Application\\chrome.exe","ProcessGuid":"{D6CF1DCB-541A-2026-E75C-B989EE18C236}","ProcessId":5471,"TargetFilename":"C:\\Users\\ops.cardoso\\AppData\\Local\\Temp\\office-3731.tmp"}
{"UtcTime":"2026-08-12 10:42:12.000","Computer":"TN-FIN-WS042","User":"TRANSNORTE\\backup_svc","EventID":5,"Image":"C:\\Windows\\System32\\RuntimeBroker.exe","ProcessGuid":"{DDB2B1B7-814B-2026-F9B8-61C52E9076A2}","ProcessId":7821,"EventType":"End"}
