{"UtcTime":"2026-08-12 10:30:16.000","Computer":"TN-FIN-WS042","User":"TRANSNORTE\\ops.cardoso","EventID":1,"Image":"C:\\Windows\\System32\\RuntimeBroker.exe","ProcessGuid":"{D4E2CEDF-BC20-2026-1562-41C28AFA91EF}","ProcessId":6561,"CommandLine":"C:\\Windows\\System32\\RuntimeBroker.exe","ParentImage":"C:\\Windows\\System32\\services.exe","ParentProcessGuid":"{7902A86B-64E8-2026-F4B8-983A2C549A04}","OriginalFileName":"C:\\Windows\\System32\\RuntimeBroker.exe","SHA256":"9a63961f0b6ce3fb63ac7472cb874f222d64fa80145a7041bb53e304cfce95b4"}
{"UtcTime":"2026-08-12 10:30:17.000","Computer":"TN-FIN-WS042","User":"TRANSNORTE\\ops.cardoso","EventID":11,"Image":"C:\\Program Files\\Microsoft Office\\Office16\\OUTLOOK.EXE","ProcessGuid":"{B80C2D55-FA7C-2026-D009-3839FB1F2E3D}","ProcessId":5018,"TargetFilename":"C:\\Users\\ops.cardoso\\AppData\\Local\\Temp\\office-3017.tmp"}
{"UtcTime":"2026-08-12 10:30:18.000","Computer":"TN-FIN-WS042","User":"TRANSNORTE\\ops.cardoso","EventID":5,"Image":"C:\\Windows\\System32\\svchost.exe","ProcessGuid":"{88A6D1FF-0BA4-2026-8D79-A343ADBFB075}","ProcessId":3654,"EventType":"End"}
{"UtcTime":"2026-08-12 10:30:19.000","Computer":"TN-FIN-WS042","User":"TRANSNORTE\\ops.cardoso","EventID":3,"Image":"C:\\Windows\\explorer.exe","ProcessGuid":"{F52EB81D-6DAB-2026-632F-5530642F8B4F}","ProcessId":4427,"DestinationIp":"10.50.10.88","DestinationPort":8080,"SourceIp":"10.50.10.42","Protocol":"tcp"}
{"UtcTime":"2026-08-12 10:30:20.000","Computer":"TN-FIN-WS042","User":"TRANSNORTE\\backup_svc","EventID":13,"Image":"C:\\Windows\\System32\\conhost.exe","ProcessGuid":"{C1C9584D-CA13-2026-715F-3130E01C2069}","ProcessId":1966,"EventType":"SetValue","TargetObject":"HKCU\\Software\\Microsoft\\Office\\16.0\\Outlook\\Resiliency\\3020","Details":"1"}
{"UtcTime":"2026-08-12 10:30:21.000","Computer":"TN-FIN-WS042","User":"TRANSNORTE\\backup_svc","EventID":1,"Image":"C:\\Program Files\\Google\\Chrome\\Application\\chrome.exe","ProcessGuid":"{100BF966-4ED5-2026-27DA-D76194E3BCCC}","ProcessId":2542,"CommandLine":"C:\\Program Files\\Google\\Chrome\\Application\\chrome.exe","ParentImage":"C:\\Windows\\System32\\services.exe","ParentProcessGuid":"{C2645CD1-448A-2026-2139-96742711F95E}","OriginalFileName":"C:\\Program Files\\Google\\Chrome\\Application\\chrome.exe","SHA256":"65908bb7e851f2ee5afbf163d3cca2ef6051de728281a428048d74383269b379"}
{"UtcTime":"2026-08-12 10:30:22.000","Computer":"TN-FIN-WS042","User":"TRANSNORTE\\backup_svc","EventID":5,"Image":"C:\\Windows\\System32\\svchost.exe","ProcessGuid":"{43B8D462-EFC8-2026-6EF7-F2370006BFC7}","ProcessId":7936,"EventType":"End"}
{"UtcTime":"2026-08-12 10:30:23.000","Computer":"TN-FIN-WS042","User":"TRANSNORTE\\ops.cardoso","EventID":13,"Image":"C:\\Windows\\System32\\conhost.exe","ProcessGuid":"{28911893-F189-2026-E3E6-F9792A00E05D}","ProcessId":2989,"EventType":"SetValue","TargetObject":"HKCU\\Software\\Microsoft\\Office\\16.0\\Outlook\\Resiliency\\3023","Details":"1"}
{"UtcTime":"2026-08-12 10:30:24.000","Computer":"TN-FIN-WS042","User":"TRANSNORTE\\backup_svc","EventID":5,"Image":"C:\\Windows\\System32\\conhost.exe","ProcessGuid":"{48317DFE-410D-2026-7B49-B91156FABE3A}","ProcessId":2348,"EventType":"End"}
{"UtcTime":"2026-08-12 10:30:25.000","Computer":"TN-FIN-WS042","User":"TRANSNORTE\\backup_svc","EventID":13,"Image":"C:\\Program Files\\Google\\Chrome\\Application\\chrome.exe","ProcessGuid":"{F0B7A8E6-9CD8-2026-F505-8BD21E450778}","ProcessId":5284,"EventType":"SetValue","TargetObject":"HKCU\\Software\\Microsoft\\Office\\16.0\\Outlook\\Resiliency\\3025","Details":"1"}
{"UtcTime":"2026-08-12 10:30:26.000","Computer":"TN-FIN-WS042","User":"TRANSNORTE\\backup_svc","EventID":1,"Image":"C:\\Windows\\System32\\conhost.exe","ProcessGuid":"{D416458A-9BB5-2026-4DCC-B52D8C76DC3D}","ProcessId":2021,"CommandLine":"C:\\Windows\\System32\\conhost.exe","ParentImage":"C:\\Windows\\System32\\services.exe","ParentProcessGuid":"{54A5F998-CBB1-2026-10A8-3FC1B130633E}","OriginalFileName":"C:\\Windows\\System32\\conhost.exe","SHA256":"a79ace2098e4f514e8c1a7491c0dbfee60ead3672ee6719c203f739a95d6dec8"}
{"UtcTime":"2026-08-12 10:30:27.000","Computer":"TN-FIN-WS042","User":"TRANSNORTE\\backup_svc","EventID":1,"Image":"C:\\Windows\\System32\\conhost.exe","ProcessGuid":"{94625CED-56F2-2026-9520-25A43BFA27E7}","ProcessId":6174,"CommandLine":"C:\\Windows\\System32\\conhost.exe","ParentImage":"C:\\Windows\\System32\\services.exe","ParentProcessGuid":"{95178F3B-CD01-2026-0E02-DB190D96639D}","OriginalFileName":"C:\\Windows\\System32\\conhost.exe","SHA256":"a18b2c6f3d7b2bb2a89d31b42ef260e4913b3dbd61cd6b69494f3e68bdd5ac14"}
{"UtcTime":"2026-08-12 10:30:28.000","Computer":"TN-FIN-WS042","User":"TRANSNORTE\\ops.cardoso","EventID":13,"Image":"C:\\Program Files\\Google\\Chrome\\Application\\chrome.exe","ProcessGuid":"{F62D19FF-85CB-2026-1DEF-4561152893F9}","ProcessId":8222,"EventType":"SetValue","TargetObject":"HKCU\\Software\\Microsoft\\Office\\16.0\\Outlook\\Resiliency\\3028","Details":"1"}
{"UtcTime":"2026-08-12 10:30:29.000","Computer":"TN-FIN-WS042","User":"TRANSNORTE\\backup_svc","EventID":1,"Image":"C:\\Windows\\System32\\conhost.exe","ProcessGuid":"{7E43B521-B69E-2026-916A-93AAB2CDEA5D}","ProcessId":5424,"CommandLine":"C:\\Windows\\System32\\conhost.exe","ParentImage":"C:\\Windows\\System32\\services.exe","ParentProcessGuid":"{13356199-F49B-2026-CE01-DB80D80213CC}","OriginalFileName":"C:\\Windows\\System32\\conhost.exe","SHA256":"261b460266e8a6a48acd39c0438a799ad880c04b7a2f59435e8fdba2930b1552"}
{"UtcTime":"2026-08-12 10:30:30.000","Computer":"TN-FIN-WS042","User":"TRANSNORTE\\backup_svc","EventID":1,"Image":"C:\\Windows\\System32\\RuntimeBroker.exe","ProcessGuid":"{2CF22054-A39E-2026-4427-2F7D4092ACA4}","ProcessId":8993,"CommandLine":"C:\\Windows\\System32\\RuntimeBroker.exe","ParentImage":"C:\\Windows\\System32\\services.exe","ParentProcessGuid":"{015EF12B-5D2F-2026-CE61-5E13AC231E9C}","OriginalFileName":"C:\\Windows\\System32\\RuntimeBroker.exe","SHA256":"48201acd4132742594bb6eff0cab9e0989bcd2e5ce06f21ff81fa9651944c260"}
{"UtcTime":"2026-08-12 10:30:31.000","Computer":"TN-FIN-WS042","User":"TRANSNORTE\\ops.cardoso","EventID":11,"Image":"C:\\Windows\\System32\\svchost.exe","ProcessGuid":"{21D9ABDB-5C0C-2026-64F8-A297620F80F0}","ProcessId":7482,"TargetFilename":"C:\\Users\\ops.cardoso\\AppData\\Local\\Temp\\office-3031.tmp"}
{"UtcTime":"2026-08-12 10:30:32.000","Computer":"TN-FIN-WS042","User":"TRANSNORTE\\backup_svc","EventID":1,"Image":"C:\\Windows\\System32\\svchost.exe","ProcessGuid":"{9333AFFA-50E6-2026-7ABD-D6228A61247E}","ProcessId":1877,"CommandLine":"C:\\Windows\\System32\\svchost.exe","ParentImage":"C:\\Windows\\System32\\services.exe","ParentProcessGuid":"{70B22729-D7AF-2026-90BA-7E53607F826F}","OriginalFileName":"C:\\Windows\\System32\\svchost.exe","SHA256":"1d341511539d478429ba43c5580cdd9c4011330aa02fef0429c46b650c0428ba"}
{"UtcTime":"2026-08-12 10:30:33.000","Computer":"TN-FIN-WS042","User":"TRANSNORTE\\backup_svc","EventID":5,"Image":"C:\\Windows\\System32\\conhost.exe","ProcessGuid":"{A42C2FEE-98F2-2026-5B7F-A22EB908A612}","ProcessId":4669,"EventType":"End"}
{"UtcTime":"2026-08-12 10:30:34.000","Computer":"TN-FIN-WS042","User":"TRANSNORTE\\ops.cardoso","EventID":5,"Image":"C:\\Windows\\System32\\svchost.exe","ProcessGuid":"{6AEBA586-35D5-2026-583C-7AE197119938}","ProcessId":4593,"EventType":"End"}
{"UtcTime":"2026-08-12 10:30:35.000","Computer":"TN-FIN-WS042","User":"TRANSNORTE\\backup_svc","EventID":13,"Image":"C:\\Windows\\System32\\RuntimeBroker.exe","ProcessGuid":"{72228E04-DD1F-2026-C7D7-85233653FA16}","ProcessId":1479,"EventType":"SetValue","TargetObject":"HKCU\\Software\\Microsoft\\Office\\16.0\\Outlook\\Resiliency\\3035","Details":"1"}
{"UtcTime":"2026-08-12 10:30:36.000","Computer":"TN-FIN-WS042","User":"TRANSNORTE\\backup_svc","EventID":1,"Image":"C:\\Windows\\System32\\svchost.exe","ProcessGuid":"{D17A51ED-7FC3-2026-800B-62DB8E039969}","ProcessId":1390,"CommandLine":"C:\\Windows\\System32\\svchost.exe","ParentImage":"C:\\Windows\\System32\\services.exe","ParentProcessGuid":"{239BE6EB-3526-2026-E2B8-53C91D8F99FB}","OriginalFileName":"C:\\Windows\\System32\\svchost.exe","SHA256":"6a3d681a3b87e2005f8080273567556b07b7fe21f5f145f3142d1319980ae51a"}
{"UtcTime":"2026-08-12 10:30:37.000","Computer":"TN-FIN-WS042","User":"TRANSNORTE\\ops.cardoso","EventID":1,"Image":"C:\\Program Files\\Microsoft Office\\Office16\\OUTLOOK.EXE","ProcessGuid":"{901AEFBE-E988-2026-C339-60144CD59D8B}","ProcessId":5211,"CommandLine":"C:\\Program Files\\Microsoft Office\\Office16\\OUTLOOK.EXE","ParentImage":"C:\\Windows\\System32\\services.exe","ParentProcessGuid":"{2C71B43F-8A31-2026-FDA4-9693EC5DB2BE}","OriginalFileName":"C:\\Program Files\\Microsoft Office\\Office16\\OUTLOOK.EXE","SHA256":"9337cee3af37daf007d39f0a077ddab5a1f628678a36a96d54055cc544341b67"}
{"UtcTime":"2026-08-12 10:30:38.000","Computer":"TN-FIN-WS042","User":"TRANSNORTE\\backup_svc","EventID":3,"Image":"C:\\Windows\\explorer.exe","ProcessGuid":"{8BEADCE2-AFBB-2026-43C6-2E2520450946}","ProcessId":7313,"DestinationIp":"10.50.10.88","DestinationPort":135,"SourceIp":"10.50.10.42","Protocol":"tcp"}
{"UtcTime":"2026-08-12 10:30:39.000","Computer":"TN-FIN-WS042","User":"TRANSNORTE\\ops.cardoso","EventID":1,"Image":"C:\\Windows\\explorer.exe","ProcessGuid":"{B2C3860B-E588-2026-DAA5-B9C736C413C3}","ProcessId":4487,"CommandLine":"C:\\Windows\\explorer.exe","ParentImage":"C:\\Windows\\System32\\services.exe","ParentProcessGuid":"{993C36B7-2892-2026-1EF2-8E3F7747C19F}","OriginalFileName":"C:\\Windows\\explorer.exe","SHA256":"2bfacc116eeaadbc0fc3bd06750ac070000d5bb16c3feae26dc72031a6b0170a"}
{"UtcTime":"2026-08-12 10:30:40.000","Computer":"TN-FIN-WS042","User":"TRANSNORTE\\ops.cardoso","EventID":3,"Image":"C:\\Windows\\System32\\svchost.exe","ProcessGuid":"{658F934A-1DFC-2026-39DF-874787A68313}","ProcessId":3165,"DestinationIp":"10.50.10.88","DestinationPort":135,"SourceIp":"10.50.10.42","Protocol":"tcp"}
{"UtcTime":"2026-08-12 10:30:41.000","Computer":"TN-FIN-WS042","User":"TRANSNORTE\\backup_svc","EventID":1,"Image":"C:\\Program Files\\Microsoft Office\\Office16\\OUTLOOK.EXE","ProcessGuid":"{4BA28D2D-55EB-2026-0ED6-FC924B98A350}","ProcessId":1116,"CommandLine":"C:\\Program Files\\Microsoft Office\\Office16\\OUTLOOK.EXE","ParentImage":"C:\\Windows\\System32\\services.exe","ParentProcessGuid":"{3707D846-392F-2026-23CA-8E57255CC6FD}","OriginalFileName":"C:\\Program Files\\Microsoft Office\\Office16\\OUTLOOK.EXE","SHA256":"9091d445a244e45ea24552462ec8c2d57fe7e9e25300638c80a0283f878580de"}
{"UtcTime":"2026-08-12 10:30:42.000","Computer":"TN-FIN-WS042","User":"TRANSNORTE\\ops.cardoso","EventID":1,"Image":"C:\\Program Files\\Google\\Chrome\\Application\\chrome.exe","ProcessGuid":"{6A33F64C-55B8-2026-9D0B-AB04186EB1AA}","ProcessId":2417,"CommandLine":"C:\\Program Files\\Google\\Chrome\\Application\\chrome.exe","ParentImage":"C:\\Windows\\System32\\services.exe","ParentProcessGuid":"{2CDCD342-F380-2026-23C6-338E4ECFE4FB}","OriginalFileName":"C:\\Program Files\\Google\\Chrome\\Application\\chrome.exe","SHA256":"43700d2a3398b1a483f9ceb6b06c91358aa799b9c859c97e4358294e6fdf2ee7"}
{"UtcTime":"2026-08-12 10:30:43.000","Computer":"TN-FIN-WS042","User":"TRANSNORTE\\backup_svc","EventID":1,"Image":"C:\\Windows\\System32\\svchost.exe","ProcessGuid":"{B7B7115D-9B9E-2026-F6A8-B86049F20C11}","ProcessId":3333,"CommandLine":"C:\\Windows\\System32\\svchost.exe","ParentImage":"C:\\Windows\\System32\\services.exe","ParentProcessGuid":"{30EBF129-C4BB-2026-9814-A0225945E6B9}","OriginalFileName":"C:\\Windows\\System32\\svchost.exe","SHA256":"3b1258125f9ef897d95ead3a2ae0ced087e6ba2b2beb0fcd96213bae137c6e40"}
{"UtcTime":"2026-08-12 10:30:44.000","Computer":"TN-FIN-WS042","User":"TRANSNORTE\\backup_svc","EventID":1,"Image":"C:\\Windows\\explorer.exe","ProcessGuid":"{36C07282-4064-2026-416B-FE2E947769B8}","ProcessId":4218,"CommandLine":"C:\\Windows\\explorer.exe","ParentImage":"C:\\Windows\\System32\\services.exe","ParentProcessGuid":"{029B129A-B1BD-2026-6459-980022A6872C}","OriginalFileName":"C:\\Windows\\explorer.exe","SHA256":"02a2322b1aafe824defeb7bd6ca729332afc144a5bfa06fdeca0d420b0c6214a"}
{"UtcTime":"2026-08-12 10:30:45.000","Computer":"TN-FIN-WS042","User":"TRANSNORTE\\ops.cardoso","EventID":13,"Image":"C:\\Windows\\System32\\svchost.exe","ProcessGuid":"{13DE3AA5-0C5B-2026-2E2A-D94BDD6CEE82}","ProcessId":8523,"EventType":"SetValue","TargetObject":"HKCU\\Software\\Microsoft\\Office\\16.0\\Outlook\\Resiliency\\3045","Details":"1"}
{"UtcTime":"2026-08-12 10:30:46.000","Computer":"TN-FIN-WS042","User":"TRANSNORTE\\ops.cardoso","EventID":1,"Image":"C:\\Program Files\\Google\\Chrome\\Application\\chrome.exe","ProcessGuid":"{67C920C9-B212-2026-0FCF-250ABA2086DA}","ProcessId":5725,"CommandLine":"C:\\Program Files\\Google\\Chrome\\Application\\chrome.exe","ParentImage":"C:\\Windows\\System32\\services.exe","ParentProcessGuid":"{76EF48B6-06C1-2026-2CB0-63C44BEE96F9}","OriginalFileName":"C:\\Program Files\\Google\\Chrome\\Application\\chrome.exe","SHA256":"f99f3e5c3e768ef95c6fab5c72a11ff00461b66cf04fabd55202004270979bdc"}
{"UtcTime":"2026-08-12 10:30:47.000","Computer":"TN-FIN-WS042","User":"TRANSNORTE\\backup_svc","EventID":11,"Image":"C:\\Windows\\System32\\RuntimeBroker.exe","ProcessGuid":"{D8020BAD-0D7E-2026-9A61-86CF6295B732}","ProcessId":7087,"TargetFilename":"C:\\Users\\ops.cardoso\\AppData\\Local\\Temp\\office-3047.tmp"}
{"UtcTime":"2026-08-12 10:30:48.000","Computer":"TN-FIN-WS042","User":"TRANSNORTE\\backup_svc","EventID":3,"Image":"C:\\Windows\\System32\\svchost.exe","ProcessGuid":"{F037FD7A-DAF2-2026-54C6-E6642D5CAF1D}","ProcessId":8691,"DestinationIp":"8.8.8.8","DestinationPort":443,"SourceIp":"10.50.10.42","Protocol":"tcp"}
{"UtcTime":"2026-08-12 10:30:49.000","Computer":"TN-FIN-WS042","User":"TRANSNORTE\\backup_svc","EventID":3,"Image":"C:\\Windows\\explorer.exe","ProcessGuid":"{B8F97B17-B7CC-2026-07B1-CED0EF6D614F}","ProcessId":1063,"DestinationIp":"8.8.8.8","DestinationPort":135,"SourceIp":"10.50.10.42","Protocol":"tcp"}
{"UtcTime":"2026-08-12 10:30:50.000","Computer":"TN-FIN-WS042","User":"TRANSNORTE\\backup_svc","EventID":1,"Image":"C:\\Program Files\\Google\\Chrome\\Application\\chrome.exe","ProcessGuid":"{6CD862B6-D591-2026-E496-F656F282CB53}","ProcessId":8482,"CommandLine":"C:\\Program Files\\Google\\Chrome\\Application\\chrome.exe","ParentImage":"C:\\Windows\\System32\\services.exe","ParentProcessGuid":"{F17954FD-5E29-2026-2A64-2D849C5E93DD}","OriginalFileName":"C:\\Program Files\\Google\\Chrome\\Application\\chrome.exe","SHA256":"24850f752d03d666bbf2ab2a7b0e57b1532868db9b5bef962b55791233ac4f06"}
{"UtcTime":"2026-08-12 10:30:51.000","Computer":"TN-FIN-WS042","User":"TRANSNORTE\\ops.cardoso","EventID":13,"Image":"C:\\Program Files\\Google\\Chrome\\Application\\chrome.exe","ProcessGuid":"{BF6EF492-8925-2026-08C0-82336D94E355}","ProcessId":8945,"EventType":"SetValue","TargetObject":"HKCU\\Software\\Microsoft\\Office\\16.0\\Outlook\\Resiliency\\3051","Details":"1"}
{"UtcTime":"2026-08-12 10:30:52.000","Computer":"TN-FIN-WS042","User":"TRANSNORTE\\backup_svc","EventID":11,"Image":"C:\\Program Files\\Google\\Chrome\\Application\\chrome.exe","ProcessGuid":"{A2CF3F52-E244-2026-C3BE-3BA4343BFEC4}","ProcessId":959,"TargetFilename":"C:\\Users\\ops.cardoso\\AppData\\Local\\Temp\\office-3052.tmp"}
{"UtcTime":"2026-08-12 10:30:53.000","Computer":"TN-FIN-WS042","User":"TRANSNORTE\\backup_svc","EventID":1,"Image":"C:\\Program Files\\Google\\Chrome\\Application\\chrome.exe","ProcessGuid":"{B335FFAD-E296-2026-4AF7-E379A5E9BEEB}","ProcessId":6068,"CommandLine":"C:\\Program Files\\Google\\Chrome\\Application\\chrome.exe","ParentImage":"C:\\Windows\\System32\\services.exe","ParentProcessGuid":"{0164DF15-FAE5-2026-C5A3-5E92B1F0F3C9}","OriginalFileName":"C:\\Program Files\\Google\\Chrome\\Application\\chrome.exe","SHA256":"fa34200cf950bfbde2e6f36257703063797c8eda9117768b6fc3fb94933c3993"}
{"UtcTime":"2026-08-12 10:30:54.000","Computer":"TN-FIN-WS042","User":"TRANSNORTE\\ops.cardoso","EventID":5,"Image":"C:\\Windows\\System32\\svchost.exe","ProcessGuid":"{8C4DAF63-5A3F-2026-66DD-5144CB94A606}","ProcessId":5452,"EventType":"End"}
{"UtcTime":"2026-08-12 10:30:55.000","Computer":"TN-FIN-WS042","User":"TRANSNORTE\\backup_svc","EventID":1,"Image":"C:\\Windows\\System32\\conhost.exe","ProcessGuid":"{18033DA4-67B5-2026-818B-5F1E20E5DFCD}","ProcessId":1353,"CommandLine":"C:\\Windows\\System32\\conhost.exe","ParentImage":"C:\\Windows\\System32\\services.exe","ParentProcessGuid":"{118A7ECD-9F7C-2026-86C1-741269AAF83E}","OriginalFileName":"C:\\Windows\\System32\\conhost.exe","SHA256":"930c1591002308d849dc32a2f4a740dff3227a4e325c636cb4870bda8d79f3d3"}
{"UtcTime":"2026-08-12 10:30:56.000","Computer":"TN-FIN-WS042","User":"TRANSNORTE\\ops.cardoso","EventID":1,"Image":"C:\\Windows\\System32\\RuntimeBroker.exe","ProcessGuid":"{B89141F9-F1B2-2026-5F47-862C29BF6F49}","ProcessId":8801,"CommandLine":"C:\\Windows\\System32\\RuntimeBroker.exe","ParentImage":"C:\\Windows\\System32\\services.exe","ParentProcessGuid":"{55C252ED-13A3-2026-AF21-81F857B7D709}","OriginalFileName":"C:\\Windows\\System32\\RuntimeBroker.exe","SHA256":"538952c6d1255866b19244f13fda10e1743b2e58ffee3016056e165e195272ee"}
{"UtcTime":"2026-08-12 10:30:57.000","Computer":"TN-FIN-WS042","User":"TRANSNORTE\\backup_svc","EventID":5,"Image":"C:\\Windows\\System32\\RuntimeBroker.exe","ProcessGuid":"{FEC3A27E-AC66-2026-882A-94C6D7DD723F}","ProcessId":3532,"EventType":"End"}
{"UtcTime":"2026-08-12 10:30:58.000","Computer":"TN-FIN-WS042","User":"TRANSNORTE\\ops.cardoso","EventID":1,"Image":"C:\\Windows\\System32\\RuntimeBroker.exe","ProcessGuid":"{941607FE-5FA9-2026-9517-E2059FB1106F}","ProcessId":4492,"CommandLine":"C:\\Windows\\System32\\RuntimeBroker.exe","ParentImage":"C:\\Windows\\System32\\services.exe","ParentProcessGuid":"{9CB6F279-2857-2026-AA13-D96B769827EE}","OriginalFileName":"C:\\Windows\\System32\\RuntimeBroker.exe","SHA256":"c31cffbfa9cf625d6d3a906d054f19d65a58300b1f7879d53d9f14f1a664d65e"}
{"UtcTime":"2026-08-12 10:30:59.000","Computer":"TN-FIN-WS042","User":"TRANSNORTE\\backup_svc","EventID":5,"Image":"C:\\Windows\\System32\\RuntimeBroker.exe","ProcessGuid":"{E8042B21-D2DD-2026-EB94-9E93EA004511}","ProcessId":1239,"EventType":"End"}
{"UtcTime":"2026-08-12 10:31:00.000","Computer":"TN-FIN-WS042","User":"TRANSNORTE\\backup_svc","EventID":1,"Image":"C:\\Windows\\System32\\svchost.exe","ProcessGuid":"{8C31450A-4062-2026-A0D3-4BDA543A7DAC}","ProcessId":1989,"CommandLine":"C:\\Windows\\System32\\svchost.exe","ParentImage":"C:\\Windows\\System32\\services.exe","ParentProcessGuid":"{6EECB108-B6DD-2026-16E1-B621B032AC2E}","OriginalFileName":"C:\\Windows\\System32\\svchost.exe","SHA256":"67595e4d15984ce3e88f25634eda96eeddaa5cd8cdc3040c8a6de75c3bdbf27b"}
{"UtcTime":"2026-08-12 10:31:01.000","Computer":"TN-FIN-WS042","User":"TRANSNORTE\\ops.cardoso","EventID":1,"Image":"C:\\Program Files\\Google\\Chrome\\Application\\chrome.exe","ProcessGuid":"{0DC2252C-0E7A-2026-3FC9-FA606C3B8A9F}","ProcessId":5197,"CommandLine":"C:\\Program Files\\Google\\Chrome\\Application\\chrome.exe","ParentImage":"C:\\Windows\\System32\\services.exe","ParentProcessGuid":"{E219290E-57BD-2026-BF9D-3BC9863313FE}","OriginalFileName":"C:\\Program Files\\Google\\Chrome\\Application\\chrome.exe","SHA256":"c3ba6a36ef3115f8ae422ec9515a4a57162c7e6f1b937614e5102edfcf220ffe"}
{"UtcTime":"2026-08-12 10:31:02.000","Computer":"TN-FIN-WS042","User":"TRANSNORTE\\backup_svc","EventID":11,"Image":"C:\\Windows\\System32\\RuntimeBroker.exe","ProcessGuid":"{56BCD5CE-1D56-2026-2517-BFA40BD7B33C}","ProcessId":422,"TargetFilename":"C:\\Users\\ops.cardoso\\AppData\\Local\\Temp\\office-3062.tmp"}
{"UtcTime":"2026-08-12 10:31:03.000","Computer":"TN-FIN-WS042","User":"TRANSNORTE\\backup_svc","EventID":1,"Image":"C:\\Windows\\explorer.exe","ProcessGuid":"{1B256C29-8729-2026-738C-8F4666D1A987}","ProcessId":4292,"CommandLine":"C:\\Windows\\explorer.exe","ParentImage":"C:\\Windows\\System32\\services.exe","ParentProcessGuid":"{AFD3678D-B530-2026-BB75-E7D02E3DF8E0}","OriginalFileName":"C:\\Windows\\explorer.exe","SHA256":"d2630de6435348677f6c2ec2058ac528f93d62ca489fc0485865038cc1f82c71"}
{"UtcTime":"2026-08-12 10:31:04.000","Computer":"TN-FIN-WS042","User":"TRANSNORTE\\backup_svc","EventID":11,"Image":"C:\\Program Files\\Google\\Chrome\\Application\\chrome.exe","ProcessGuid":"{ED66799A-5D86-2026-0F6E-73E891F32EB2}","ProcessId":466,"TargetFilename":"C:\\Users\\ops.cardoso\\AppData\\Local\\Temp\\office-3064.tmp"}
{"UtcTime":"2026-08-12 10:31:05.000","Computer":"TN-FIN-WS042","User":"TRANSNORTE\\ops.cardoso","EventID":1,"Image":"C:\\Windows\\System32\\conhost.exe","ProcessGuid":"{CE560457-D946-2026-767B-79704D6EA9D0}","ProcessId":5819,"CommandLine":"C:\\Windows\\System32\\conhost.exe","ParentImage":"C:\\Windows\\System32\\services.exe","ParentProcessGuid":"{029FBCDB-224E-2026-4F87-BD557AD5617F}","OriginalFileName":"C:\\Windows\\System32\\conhost.exe","SHA256":"75fdbfe0ed25e2acc4a32a604277a4772192ee49e3686ea1cf92a9903ee231fa"}
{"UtcTime":"2026-08-12 10:31:06.000","Computer":"TN-FIN-WS042","User":"TRANSNORTE\\ops.cardoso","EventID":1,"Image":"C:\\Program Files\\Google\\Chrome\\Application\\chrome.exe","ProcessGuid":"{515B255E-44D1-2026-A7D8-0BC2F527A602}","ProcessId":8683,"CommandLine":"C:\\Program Files\\Google\\Chrome\\Application\\chrome.exe","ParentImage":"C:\\Windows\\System32\\services.exe","ParentProcessGuid":"{C2CEDC84-02E6-2026-23FE-484E49FC70F2}","OriginalFileName":"C:\\Program Files\\Google\\Chrome\\Application\\chrome.exe","SHA256":"48939da7eaf971818f7abc63d2798984a45c64a225ba3022573a2e2cb24db8f4"}
{"UtcTime":"2026-08-12 10:31:07.000","Computer":"TN-FIN-WS042","User":"TRANSNORTE\\backup_svc","EventID":5,"Image":"C:\\Program Files\\Microsoft Office\\Office16\\OUTLOOK.EXE","ProcessGuid":"{BFC8D392-D18F-2026-F1D7-66B6DC080E74}","ProcessId":7305,"EventType":"End"}
{"UtcTime":"2026-08-12 10:31:08.000","Computer":"TN-FIN-WS042","User":"TRANSNORTE\\ops.cardoso","EventID":1,"Image":"C:\\Windows\\explorer.exe","ProcessGuid":"{EB4AA333-A6F7-2026-A860-547D235C3565}","ProcessId":7144,"CommandLine":"C:\\Windows\\explorer.exe","ParentImage":"C:\\Windows\\System32\\services.exe","ParentProcessGuid":"{53AEBBC8-FD11-2026-F37A-B8973FB0F300}","OriginalFileName":"C:\\Windows\\explorer.exe","SHA256":"c78aafd239ec0193a65772a3a17e51bbf7a8a0a7bc236a296e45cb029c10d432"}
{"UtcTime":"2026-08-12 10:31:09.000","Computer":"TN-FIN-WS042","User":"TRANSNORTE\\backup_svc","EventID":13,"Image":"C:\\Windows\\System32\\conhost.exe","ProcessGuid":"{F3DAEE26-783D-2026-C9E1-3B1AE07F485B}","ProcessId":1885,"EventType":"SetValue","TargetObject":"HKCU\\Software\\Microsoft\\Office\\16.0\\Outlook\\Resiliency\\3069","Details":"1"}
{"UtcTime":"2026-08-12 10:31:10.000","Computer":"TN-FIN-WS042","User":"TRANSNORTE\\ops.cardoso","EventID":1,"Image":"C:\\Windows\\System32\\RuntimeBroker.exe","ProcessGuid":"{9D450C11-ABEB-2026-4F96-F9747191A0E4}","ProcessId":2254,"CommandLine":"C:\\Windows\\System32\\RuntimeBroker.exe","ParentImage":"C:\\Windows\\System32\\services.exe","ParentProcessGuid":"{65FDF081-420D-2026-7073-8BF8F782FB81}","OriginalFileName":"C:\\Windows\\System32\\RuntimeBroker.exe","SHA256":"a5d5114285655006d17fd617bf1cb7d5f11efc51bb605a1ca875842141384997"}
{"UtcTime":"2026-08-12 10:31:11.000","Computer":"TN-FIN-WS042","User":"TRANSNORTE\\backup_svc","EventID":13,"Image":"C:\\Windows\\System32\\RuntimeBroker.exe","ProcessGuid":"{D2C6EF88-7C63-2026-F9E0-922A21A0A00B}","ProcessId":8651,"EventType":"SetValue","TargetObject":"HKCU\\Software\\Microsoft\\Office\\16.0\\Outlook\\Resiliency\\3071","Details":"1"}
{"UtcTime":"2026-08-12 10:31:12.000","Computer":"TN-FIN-WS042","User":"TRANSNORTE\\backup_svc","EventID":1,"Image":"C:\\Windows\\System32\\RuntimeBroker.exe","ProcessGuid":"{6C557932-10EF-2026-DCCF-863179D7EAD5}","ProcessId":1751,"CommandLine":"C:\\Windows\\System32\\RuntimeBroker.exe","ParentImage":"C:\\Windows\\System32\\services.exe","ParentProcessGuid":"{0F033471-BDBB-2026-243D-E80B06D04F7C}","OriginalFileName":"C:\\Windows\\System32\\RuntimeBroker.exe","SHA256":"c07ee36d4437d80d2e859018133f1fa09e19c9b8ac887c04f5d53203a3c88bbf"}
{"UtcTime":"2026-08-12 10:31:13.000","Computer":"TN-FIN-WS042","User":"TRANSNORTE\\ops.cardoso","EventID":1,"Image":"C:\\Windows\\explorer.exe","ProcessGuid":"{B0D41C59-D736-2026-FED7-F3625554C17A}","ProcessId":1921,"CommandLine":"C:\\Windows\\explorer.exe","ParentImage":"C:\\Windows\\System32\\services.exe","ParentProcessGuid":"{FDE70E52-9128-2026-D4CA-5517488DB46F}","OriginalFileName":"C:\\Windows\\explorer.exe","SHA256":"550c8e5259a71c868ccc2d1465e25005b0b9e405ab889c8883d17bb11bd501d4"}
{"UtcTime":"2026-08-12 10:31:14.000","Computer":"TN-FIN-WS042","User":"TRANSNORTE\\backup_svc","EventID":13,"Image":"C:\\Program Files\\Google\\Chrome\\Application\\chrome.exe","ProcessGuid":"{D72B5342-5148-2026-0B6D-EA011EB5AD59}","ProcessId":2715,"EventType":"SetValue","TargetObject":"HKCU\\Software\\Microsoft\\Office\\16.0\\Outlook\\Resiliency\\3074","Details":"1"}
{"UtcTime":"2026-08-12 10:31:15.000","Computer":"TN-FIN-WS042","User":"TRANSNORTE\\backup_svc","EventID":1,"Image":"C:\\Windows\\System32\\svchost.exe","ProcessGuid":"{431383BC-3999-2026-AE28-FB56A5E44AA7}","ProcessId":8228,"CommandLine":"C:\\Windows\\System32\\svchost.exe","ParentImage":"C:\\Windows\\System32\\services.exe","ParentProcessGuid":"{80B1325F-6D10-2026-7501-E11D34AED90F}","OriginalFileName":"C:\\Windows\\System32\\svchost.exe","SHA256":"ed19a7a0d517297589706566548dbf396feb508ae54b143a1b606c695745a548"}
{"UtcTime":"2026-08-12 10:31:16.000","Computer":"TN-FIN-WS042","User":"TRANSNORTE\\ops.cardoso","EventID":1,"Image":"C:\\Program Files\\Microsoft Office\\Office16\\OUTLOOK.EXE","ProcessGuid":"{1184310D-9CF0-2026-F63D-ACDC51303C84}","ProcessId":1716,"CommandLine":"C:\\Program Files\\Microsoft Office\\Office16\\OUTLOOK.EXE","ParentImage":"C:\\Windows\\System32\\services.exe","ParentProcessGuid":"{3EB082A2-14FC-2026-BF2F-69195C0036AA}","OriginalFileName":"C:\\Program Files\\Microsoft Office\\Office16\\OUTLOOK.EXE","SHA256":"7bca7a76cdc643933a1c7c7c16d502388f205d34425c01c9fb8a1f83a90c86dc"}
{"UtcTime":"2026-08-12 10:31:17.000","Computer":"TN-FIN-WS042","User":"TRANSNORTE\\ops.cardoso","EventID":1,"Image":"C:\\Windows\\System32\\conhost.exe","ProcessGuid":"{B750FD08-C5F8-2026-E6FB-CF91E78A5800}","ProcessId":5417,"CommandLine":"C:\\Windows\\System32\\conhost.exe","ParentImage":"C:\\Windows\\System32\\services.exe","ParentProcessGuid":"{96ED68E6-5111-2026-37CE-82FD8D8A1182}","OriginalFileName":"C:\\Windows\\System32\\conhost.exe","SHA256":"ef23c3a8574c23560858ff267fb3fd0a240b6eaacc0c8f49c892f847316ecfde"}
{"UtcTime":"2026-08-12 10:31:18.000","Computer":"TN-FIN-WS042","User":"TRANSNORTE\\ops.cardoso","EventID":1,"Image":"C:\\Windows\\System32\\svchost.exe","ProcessGuid":"{9D73DBB6-0BCD-2026-E4E8-52D34C99AA10}","ProcessId":1032,"CommandLine":"C:\\Windows\\System32\\svchost.exe","ParentImage":"C:\\Windows\\System32\\services.exe","ParentProcessGuid":"{8367AE71-52DA-2026-0201-A1B263D787F7}","OriginalFileName":"C:\\Windows\\System32\\svchost.exe","SHA256":"4428c8a5a71f62ada7225b0f9cb964b2c5dda8ab86f6df42bd38f315a53f4126"}
{"UtcTime":"2026-08-12 10:31:19.000","Computer":"TN-FIN-WS042","User":"TRANSNORTE\\backup_svc","EventID":11,"Image":"C:\\Program Files\\Google\\Chrome\\Application\\chrome.exe","ProcessGuid":"{47739369-0C91-2026-0412-A0FAEA3DDD1D}","ProcessId":1760,"TargetFilename":"C:\\Users\\ops.cardoso\\AppData\\Local\\Temp\\office-3079.tmp"}
{"UtcTime":"2026-08-12 10:31:20.000","Computer":"TN-FIN-WS042","User":"TRANSNORTE\\backup_svc","EventID":1,"Image":"C:\\Windows\\System32\\RuntimeBroker.exe","ProcessGuid":"{926BE785-53F6-2026-9592-6F7131F09110}","ProcessId":4510,"CommandLine":"C:\\Windows\\System32\\RuntimeBroker.exe","ParentImage":"C:\\Windows\\System32\\services.exe","ParentProcessGuid":"{63E53AFD-D390-2026-8FB3-456BD7115BC3}","OriginalFileName":"C:\\Windows\\System32\\RuntimeBroker.exe","SHA256":"1357f0f82253329f1cd66e2561a10995f132580f79e622d97ec04ee9fb6b6771"}
{"UtcTime":"2026-08-12 10:31:21.000","Computer":"TN-FIN-WS042","User":"TRANSNORTE\\ops.cardoso","EventID":13,"Image":"C:\\Windows\\System32\\conhost.exe","ProcessGuid":"{E510C8E2-D42D-2026-73DA-B1432EBCF09B}","ProcessId":4327,"EventType":"SetValue","TargetObject":"HKCU\\Software\\Microsoft\\Office\\16.0\\Outlook\\Resiliency\\3081","Details":"1"}
{"UtcTime":"2026-08-12 10:31:22.000","Computer":"TN-FIN-WS042","User":"TRANSNORTE\\backup_svc","EventID":3,"Image":"C:\\Windows\\System32\\svchost.exe","ProcessGuid":"{D587AA8B-14CA-2026-82B3-10A1E809B0AE}","ProcessId":5859,"DestinationIp":"10.50.10.88","DestinationPort":53,"SourceIp":"10.50.10.42","Protocol":"tcp"}
{"UtcTime":"2026-08-12 10:31:23.000","Computer":"TN-FIN-WS042","User":"TRANSNORTE\\ops.cardoso","EventID":1,"Image":"C:\\Windows\\System32\\svchost.exe","ProcessGuid":"{82E09D52-90A8-2026-4D8D-B41D200E1342}","ProcessId":6170,"CommandLine":"C:\\Windows\\System32\\svchost.exe","ParentImage":"C:\\Windows\\System32\\services.exe","ParentProcessGuid":"{FF27A9F3-5B76-2026-671A-A57BA34159EA}","OriginalFileName":"C:\\Windows\\System32\\svchost.exe","SHA256":"92fc43147a67a311fc309e8859afe8ca8ddbd8b0608717deb406167b889037a6"}
{"UtcTime":"2026-08-12 10:31:24.000","Computer":"TN-FIN-WS042","User":"TRANSNORTE\\ops.cardoso","EventID":3,"Image":"C:\\Windows\\explorer.exe","ProcessGuid":"{A1D56136-3E4E-2026-806D-61260A846FC0}","ProcessId":6029,"DestinationIp":"10.50.10.88","DestinationPort":135,"SourceIp":"10.50.10.42","Protocol":"tcp"}
{"UtcTime":"2026-08-12 10:31:25.000","Computer":"TN-FIN-WS042","User":"TRANSNORTE\\ops.cardoso","EventID":1,"Image":"C:\\Windows\\System32\\svchost.exe","ProcessGuid":"{1271276F-1FE9-2026-4225-5F8D523E711F}","ProcessId":6387,"CommandLine":"C:\\Windows\\System32\\svchost.exe","ParentImage":"C:\\Windows\\System32\\services.exe","ParentProcessGuid":"{FC58952D-0677-2026-EF1F-D989DA760910}","OriginalFileName":"C:\\Windows\\System32\\svchost.exe","SHA256":"02f7ad9139048c2b0b1022f31f07df174334411604eadc8c51def5b31b3f562a"}
{"UtcTime":"2026-08-12 10:31:26.000","Computer":"TN-FIN-WS042","User":"TRANSNORTE\\backup_svc","EventID":5,"Image":"C:\\Windows\\System32\\svchost.exe","ProcessGuid":"{3CF97F67-BEF5-2026-A49B-07B5B42BA41E}","ProcessId":5944,"EventType":"End"}
{"UtcTime":"2026-08-12 10:31:27.000","Computer":"TN-FIN-WS042","User":"TRANSNORTE\\backup_svc","EventID":13,"Image":"C:\\Windows\\System32\\conhost.exe","ProcessGuid":"{811B6E65-A0E8-2026-B32B-4AAF00E4257A}","ProcessId":3398,"EventType":"SetValue","TargetObject":"HKCU\\Software\\Microsoft\\Office\\16.0\\Outlook\\Resiliency\\3087","Details":"1"}
{"UtcTime":"2026-08-12 10:31:28.000","Computer":"TN-FIN-WS042","User":"TRANSNORTE\\backup_svc","EventID":1,"Image":"C:\\Program Files\\Microsoft Office\\Office16\\OUTLOOK.EXE","ProcessGuid":"{82184B06-11EF-2026-FF71-BFB58712404D}","ProcessId":6767,"CommandLine":"C:\\Program Files\\Microsoft Office\\Office16\\OUTLOOK.EXE","ParentImage":"C:\\Windows\\System32\\services.exe","ParentProcessGuid":"{1B110B90-75E6-2026-4D59-39F6443AF2E2}","OriginalFileName":"C:\\Program Files\\Microsoft Office\\Office16\\OUTLOOK.EXE","SHA256":"dbb282e807f1406d847348b15e0d170dc140acea7a068980b69635c3ce876515"}
{"UtcTime":"2026-08-12 10:31:29.000","Computer":"TN-FIN-WS042","User":"TRANSNORTE\\ops.cardoso","EventID":1,"Image":"C:\\Program Files\\Google\\Chrome\\Application\\chrome.exe","ProcessGuid":"{56099D33-E55D-2026-0411-64DE06AC4437}","ProcessId":5542,"CommandLine":"C:\\Program Files\\Google\\Chrome\\Application\\chrome.exe","ParentImage":"C:\\Windows\\System32\\services.exe","ParentProcessGuid":"{CB3A53BA-AE53-2026-DAC3-2DAE4F1FF11C}","OriginalFileName":"C:\\Program Files\\Google\\Chrome\\Application\\chrome.exe","SHA256":"cfa339b1d3fbfd5c175d9488e63b6e07934969480b5771974113e06c7e7071b8"}
{"UtcTime":"2026-08-12 10:31:30.000","Computer":"TN-FIN-WS042","User":"TRANSNORTE\\ops.cardoso","EventID":5,"Image":"C:\\Windows\\System32\\conhost.exe","ProcessGuid":"{0070D9DF-D626-2026-006B-1D5E5A58386C}","ProcessId":4049,"EventType":"End"}
{"UtcTime":"2026-08-12 10:31:31.000","Computer":"TN-FIN-WS042","User":"TRANSNORTE\\ops.cardoso","EventID":3,"Image":"C:\\Program Files\\Microsoft Office\\Office16\\OUTLOOK.EXE","ProcessGuid":"{4E3EA2DE-36CD-2026-6003-604BD4904B8B}","ProcessId":1990,"DestinationIp":"1.1.1.1","DestinationPort":135,"SourceIp":"10.50.10.42","Protocol":"tcp"}
{"UtcTime":"2026-08-12 10:31:32.000","Computer":"TN-FIN-WS042","User":"TRANSNORTE\\ops.cardoso","EventID":13,"Image":"C:\\Windows\\System32\\svchost.exe","ProcessGuid":"{89E01994-E5DA-2026-09CF-B9F2D8328380}","ProcessId":3487,"EventType":"SetValue","TargetObject":"HKCU\\Software\\Microsoft\\Office\\16.0\\Outlook\\Resiliency\\3092","Details":"1"}
{"UtcTime":"2026-08-12 10:31:33.000","Computer":"TN-FIN-WS042","User":"TRANSNORTE\\backup_svc","EventID":3,"Image":"C:\\Program Files\\Google\\Chrome\\Application\\chrome.exe","ProcessGuid":"{E197F69C-FCBE-2026-462E-3E8C16C6CF1A}","ProcessId":1326,"DestinationIp":"1.1.1.1","DestinationPort":135,"SourceIp":"10.50.10.42","Protocol":"tcp"}
{"UtcTime":"2026-08-12 10:31:34.000","Computer":"TN-FIN-WS042","User":"TRANSNORTE\\backup_svc","EventID":5,"Image":"C:\\Windows\\System32\\conhost.exe","ProcessGuid":"{0FA45158-6C0A-2026-B62B-BA550C6A22B9}","ProcessId":1777,"EventType":"End"}
{"UtcTime":"2026-08-12 10:31:35.000","Computer":"TN-FIN-WS042","User":"TRANSNORTE\\backup_svc","EventID":13,"Image":"C:\\Windows\\System32\\RuntimeBroker.exe","ProcessGuid":"{6D67EAA6-AA91-2026-6FF2-0FD6457523A5}","ProcessId":5171,"EventType":"SetValue","TargetObject":"HKCU\\Software\\Microsoft\\Office\\16.0\\Outlook\\Resiliency\\3095","Details":"1"}
{"UtcTime":"2026-08-12 10:31:36.000","Computer":"TN-FIN-WS042","User":"TRANSNORTE\\backup_svc","EventID":5,"Image":"C:\\Program Files\\Google\\Chrome\\Application\\chrome.exe","ProcessGuid":"{371843E9-BBA8-2026-334B-BE053BAACDC1}","ProcessId":6373,"EventType":"End"}
{"UtcTime":"2026-08-12 10:31:37.000","Computer":"TN-FIN-WS042","User":"TRANSNORTE\\ops.cardoso","EventID":11,"Image":"C:\\Windows\\explorer.exe","ProcessGuid":"{53BC991E-EE7C-2026-4750-7DC26FE25DF7}","ProcessId":1634,"TargetFilename":"C:\\Users\\ops.cardoso\\AppData\\Local\\Temp\\office-3097.tmp"}
{"UtcTime":"2026-08-12 10:31:38.000","Computer":"TN-FIN-WS042","User":"TRANSNORTE\\backup_svc","EventID":13,"Image":"C:\\Windows\\System32\\svchost.exe","ProcessGuid":"{0F62F45A-6840-2026-15D1-4BE642805156}","ProcessId":728,"EventType":"SetValue","TargetObject":"HKCU\\Software\\Microsoft\\Office\\16.0\\Outlook\\Resiliency\\3098","Details":"1"}
{"UtcTime":"2026-08-12 10:31:39.000","Computer":"TN-FIN-WS042","User":"TRANSNORTE\\backup_svc","EventID":3,"Image":"C:\\Windows\\explorer.exe","ProcessGuid":"{57282F95-9D89-2026-72D2-41C3B2EF468F}","ProcessId":614,"DestinationIp":"10.50.10.10","DestinationPort":135,"SourceIp":"10.50.10.42","Protocol":"tcp"}
{"UtcTime":"2026-08-12 10:31:40.000","Computer":"TN-FIN-WS042","User":"TRANSNORTE\\ops.cardoso","EventID":1,"Image":"C:\\Program Files\\Microsoft Office\\Office16\\OUTLOOK.EXE","ProcessGuid":"{73F93D9E-2C70-2026-17B0-013039ADFEEA}","ProcessId":3146,"CommandLine":"C:\\Program Files\\Microsoft Office\\Office16\\OUTLOOK.EXE","ParentImage":"C:\\Windows\\System32\\services.exe","ParentProcessGuid":"{ECA7C2E4-792C-2026-BE56-0A7CE6E31533}","OriginalFileName":"C:\\Program Files\\Microsoft Office\\Office16\\OUTLOOK.EXE","SHA256":"4966e3d11ac9cdbcfee28c8b00718fc46a82c448d92435e2591c9387e92f9e3c"}
{"UtcTime":"2026-08-12 10:31:41.000","Computer":"TN-FIN-WS042","User":"TRANSNORTE\\ops.cardoso","EventID":1,"Image":"C:\\Program Files\\Google\\Chrome\\Application\\chrome.exe","ProcessGuid":"{CB46ADF8-8C15-2026-2118-DF02EB2B2214}","ProcessId":5262,"CommandLine":"C:\\Program Files\\Google\\Chrome\\Application\\chrome.exe","ParentImage":"C:\\Windows\\System32\\services.exe","ParentProcessGuid":"{CA6249DE-7E81-2026-1945-B1486F743329}","OriginalFileName":"C:\\Program Files\\Google\\Chrome\\Application\\chrome.exe","SHA256":"152a27ffa66f358ca9fc11e85ba95aacf31e242e65dac13adbe9c81a7b658836"}
{"UtcTime":"2026-08-12 10:31:42.000","Computer":"TN-FIN-WS042","User":"TRANSNORTE\\ops.cardoso","EventID":1,"Image":"C:\\Windows\\explorer.exe","ProcessGuid":"{A299D6CF-F3F4-2026-B0B5-69A90CA21124}","ProcessId":2117,"CommandLine":"C:\\Windows\\explorer.exe","ParentImage":"C:\\Windows\\System32\\services.exe","ParentProcessGuid":"{B154ADFF-1F0B-2026-0D47-98068ECA429E}","OriginalFileName":"C:\\Windows\\explorer.exe","SHA256":"0a9e81a90b9404e67fb49f156723a5b958c8390cbca385be0cdb95b739398f2b"}
{"UtcTime":"2026-08-12 10:31:43.000","Computer":"TN-FIN-WS042","User":"TRANSNORTE\\backup_svc","EventID":1,"Image":"C:\\Program Files\\Microsoft Office\\Office16\\OUTLOOK.EXE","ProcessGuid":"{6C8BA97A-0350-2026-7338-7BCD09437499}","ProcessId":1014,"CommandLine":"C:\\Program Files\\Microsoft Office\\Office16\\OUTLOOK.EXE","ParentImage":"C:\\Windows\\System32\\services.exe","ParentProcessGuid":"{6AC33B05-F930-2026-188A-9CC6581C2CF4}","OriginalFileName":"C:\\Program Files\\Microsoft Office\\Office16\\OUTLOOK.EXE","SHA256":"6b4f44eee9a0db38844123369bf0df199dca14a85fe87f84ae39bd2f60cc757e"}
{"UtcTime":"2026-08-12 10:31:44.000","Computer":"TN-FIN-WS042","User":"TRANSNORTE\\backup_svc","EventID":11,"Image":"C:\\Windows\\System32\\conhost.exe","ProcessGuid":"{4CCF4A0C-29EC-2026-AF8D-8DAF61AA2ED4}","ProcessId":2390,"TargetFilename":"C:\\Users\\ops.cardoso\\AppData\\Local\\Temp\\office-3104.tmp"}
{"UtcTime":"2026-08-12 10:31:45.000","Computer":"TN-FIN-WS042","User":"TRANSNORTE\\backup_svc","EventID":11,"Image":"C:\\Windows\\explorer.exe","ProcessGuid":"{150AE2E9-E171-2026-5296-4B257F5FBDCD}","ProcessId":2033,"TargetFilename":"C:\\Users\\ops.cardoso\\AppData\\Local\\Temp\\office-3105.tmp"}
{"UtcTime":"2026-08-12 10:31:46.000","Computer":"TN-FIN-WS042","User":"TRANSNORTE\\ops.cardoso","EventID":5,"Image":"C:\\Program Files\\Google\\Chrome\\Application\\chrome.exe","ProcessGuid":"{1DF2875D-DF68-2026-730F-EF00A96FFAD1}","ProcessId":7026,"EventType":"End"}
{"UtcTime":"2026-08-12 10:31:47.000","Computer":"TN-FIN-WS042","User":"TRANSNORTE\\backup_svc","EventID":1,"Image":"C:\\Windows\\explorer.exe","ProcessGuid":"{6C218DD5-BB5C-2026-C425-8E5B2E268EB9}","ProcessId":6944,"CommandLine":"C:\\Windows\\explorer.exe","ParentImage":"C:\\Windows\\System32\\services.exe","ParentProcessGuid":"{59D5599E-F1B7-2026-4A7D-2D7D2F1B1DCE}","OriginalFileName":"C:\\Windows\\explorer.exe","SHA256":"f05024a33f1fe0234e45e9cc6312d345ad3760a0882f1db2b9f9a9805a773064"}
{"UtcTime":"2026-08-12 10:31:48.000","Computer":"TN-FIN-WS042","User":"TRANSNORTE\\backup_svc","EventID":3,"Image":"C:\\Windows\\System32\\RuntimeBroker.exe","ProcessGuid":"{51CD2CC6-7DE8-2026-4852-1F7E04D9A9FA}","ProcessId":1132,"DestinationIp":"10.50.10.88","DestinationPort":53,"SourceIp":"10.50.10.42","Protocol":"tcp"}
{"UtcTime":"2026-08-12 10:31:49.000","Computer":"TN-FIN-WS042","User":"TRANSNORTE\\backup_svc","EventID":11,"Image":"C:\\Program Files\\Google\\Chrome\\Application\\chrome.exe","ProcessGuid":"{EF513A0B-CF33-2026-6AE6-6345F2FBB2A3}","ProcessId":2543,"TargetFilename":"C:\\Users\\ops.cardoso\\AppData\\Local\\Temp\\office-3109.tmp"}
{"UtcTime":"2026-08-12 10:31:50.000","Computer":"TN-FIN-WS042","User":"TRANSNORTE\\backup_svc","EventID":3,"Image":"C:\\Program Files\\Microsoft Office\\Office16\\OUTLOOK.EXE","ProcessGuid":"{BB3EA140-4BB7-2026-44D7-E1EB95295ED8}","ProcessId":1587,"DestinationIp":"1.1.1.1","DestinationPort":443,"SourceIp":"10.50.10.42","Protocol":"tcp"}
{"UtcTime":"2026-08-12 10:31:51.000","Computer":"TN-FIN-WS042","User":"TRANSNORTE\\backup_svc","EventID":3,"Image":"C:\\Windows\\explorer.exe","ProcessGuid":"{DF17FFEF-486D-2026-DAED-F5AFF90F7A90}","ProcessId":4887,"DestinationIp":"1.1.1.1","DestinationPort":53,"SourceIp":"10.50.10.42","Protocol":"tcp"}
{"UtcTime":"2026-08-12 10:31:52.000","Computer":"TN-FIN-WS042","User":"TRANSNORTE\\ops.cardoso","EventID":1,"Image":"C:\\Windows\\System32\\conhost.exe","ProcessGuid":"{7BC16BCC-F6DA-2026-6614-CC63CBFF8199}","ProcessId":2777,"CommandLine":"C:\\Windows\\System32\\conhost.exe","ParentImage":"C:\\Windows\\System32\\services.exe","ParentProcessGuid":"{486A3033-8AB9-2026-521A-7CF667F93820}","OriginalFileName":"C:\\Windows\\System32\\conhost.exe","SHA256":"cdd0d67a635fb3d53b5655cae0405120d80d6c010d042b4cc044e72554d236d6"}
{"UtcTime":"2026-08-12 10:31:53.000","Computer":"TN-FIN-WS042","User":"TRANSNORTE\\backup_svc","EventID":3,"Image":"C:\\Windows\\System32\\svchost.exe","ProcessGuid":"{E52D1AD8-8E98-2026-9B07-E1A122A52E51}","ProcessId":5182,"DestinationIp":"10.50.10.10","DestinationPort":8080,"SourceIp":"10.50.10.42","Protocol":"tcp"}
{"UtcTime":"2026-08-12 10:31:54.000","Computer":"TN-FIN-WS042","User":"TRANSNORTE\\ops.cardoso","EventID":1,"Image":"C:\\Program Files\\Microsoft Office\\Office16\\OUTLOOK.EXE","ProcessGuid":"{5A9CF5BA-3805-2026-BE62-AD4E27117DF4}","ProcessId":7827,"CommandLine":"C:\\Program Files\\Microsoft Office\\Office16\\OUTLOOK.EXE","ParentImage":"C:\\Windows\\System32\\services.exe","ParentProcessGuid":"{D15B0CDC-CA0A-2026-40D7-97955426B067}","OriginalFileName":"C:\\Program Files\\Microsoft Office\\Office16\\OUTLOOK.EXE","SHA256":"210974a06504445347641005d67d5ae3e22e1f79a3945300e151d41ded28043e"}
{"UtcTime":"2026-08-12 10:31:55.000","Computer":"TN-FIN-WS042","User":"TRANSNORTE\\backup_svc","EventID":5,"Image":"C:\\Program Files\\Microsoft Office\\Office16\\OUTLOOK.EXE","ProcessGuid":"{B616FB3A-82DA-2026-C07A-4FFE5E62A231}","ProcessId":4207,"EventType":"End"}
{"UtcTime":"2026-08-12 10:31:56.000","Computer":"TN-FIN-WS042","User":"TRANSNORTE\\backup_svc","EventID":5,"Image":"C:\\Program Files\\Microsoft Office\\Office16\\OUTLOOK.EXE","ProcessGuid":"{75260433-76B6-2026-0914-220058DAAFAE}","ProcessId":8034,"EventType":"End"}
{"UtcTime":"2026-08-12 10:31:57.000","Computer":"TN-FIN-WS042","User":"TRANSNORTE\\ops.cardoso","EventID":3,"Image":"C:\\Program Files\\Microsoft Office\\Office16\\OUTLOOK.EXE","ProcessGuid":"{EFD6945F-BA1D-2026-51CA-4A27910C222E}","ProcessId":2269,"DestinationIp":"10.50.10.10","DestinationPort":8080,"SourceIp":"10.50.10.42","Protocol":"tcp"}
{"UtcTime":"2026-08-12 10:31:58.000","Computer":"TN-FIN-WS042","User":"TRANSNORTE\\ops.cardoso","EventID":5,"Image":"C:\\Windows\\explorer.exe","ProcessGuid":"{D7FBF917-EFB9-2026-89F8-16FA98425C3A}","ProcessId":2422,"EventType":"End"}
{"UtcTime":"2026-08-12 10:31:59.000","Computer":"TN-FIN-WS042","User":"TRANSNORTE\\backup_svc","EventID":1,"Image":"C:\\Windows\\System32\\conhost.exe","ProcessGuid":"{26A02055-E216-2026-0035-D41D84CE6DBD}","ProcessId":6144,"CommandLine":"C:\\Windows\\System32\\conhost.exe","ParentImage":"C:\\Windows\\System32\\services.exe","ParentProcessGuid":"{D1C3F257-F2C9-2026-EE32-553B346EFDDD}","OriginalFileName":"C:\\Windows\\System32\\conhost.exe","SHA256":"ab106248eea0fec06b5352e1bca02994dcb50b9e804efec8c194c96fc594720b"}
{"UtcTime":"2026-08-12 10:32:00.000","Computer":"TN-FIN-WS042","User":"TRANSNORTE\\backup_svc","EventID":13,"Image":"C:\\Windows\\System32\\conhost.exe","ProcessGuid":"{5DF5B4BB-FC42-2026-E667-CE3B14BC9742}","ProcessId":5932,"EventType":"SetValue","TargetObject":"HKCU\\Software\\Microsoft\\Office\\16.0\\Outlook\\Resiliency\\3120","Details":"1"}
{"UtcTime":"2026-08-12 10:32:01.000","Computer":"TN-FIN-WS042","User":"TRANSNORTE\\backup_svc","EventID":11,"Image":"C:\\Windows\\System32\\conhost.exe","ProcessGuid":"{9A3AB07B-4047-2026-C48E-F89CC4124E0D}","ProcessId":7117,"TargetFilename":"C:\\Users\\ops.cardoso\\AppData\\Local\\Temp\\office-3121.tmp"}
{"UtcTime":"2026-08-12 10:32:02.000","Computer":"TN-FIN-WS042","User":"TRANSNORTE\\backup_svc","EventID":11,"Image":"C:\\Windows\\System32\\conhost.exe","ProcessGuid":"{A5B645E8-C69B-2026-777F-603DA26CFE61}","ProcessId":1362,"TargetFilename":"C:\\Users\\ops.cardoso\\AppData\\Local\\Temp\\office-3122.tmp"}
{"UtcTime":"2026-08-12 10:32:03.000","Computer":"TN-FIN-WS042","User":"TRANSNORTE\\ops.cardoso","EventID":3,"Image":"C:\\Program Files\\Google\\Chrome\\Application\\chrome.exe","ProcessGuid":"{D8FBFA55-8DFD-2026-84B9-C394BD806644}","ProcessId":5796,"DestinationIp":"8.8.8.8","DestinationPort":135,"SourceIp":"10.50.10.42","Protocol":"tcp"}
{"UtcTime":"2026-08-12 10:32:04.000","Computer":"TN-FIN-WS042","User":"TRANSNORTE\\ops.cardoso","EventID":3,"Image":"C:\\Program Files\\Google\\Chrome\\Application\\chrome.exe","ProcessGuid":"{6B479BF4-3B67-2026-1A0C-B756C4A3CEE8}","ProcessId":3711,"DestinationIp":"8.8.8.8","DestinationPort":443,"SourceIp":"10.50.10.42","Protocol":"tcp"}
{"UtcTime":"2026-08-12 10:32:05.000","Computer":"TN-FIN-WS042","User":"TRANSNORTE\\ops.cardoso","EventID":1,"Image":"C:\\Program Files\\Google\\Chrome\\Application\\chrome.exe","ProcessGuid":"{A2C9F783-99AA-2026-5CF2-CB45B294AF23}","ProcessId":5440,"CommandLine":"C:\\Program Files\\Google\\Chrome\\Application\\chrome.exe","ParentImage":"C:\\Windows\\System32\\services.exe","ParentProcessGuid":"{E6418DB2-39C2-2026-8C8A-AFE6B8357B97}","OriginalFileName":"C:\\Program Files\\Google\\Chrome\\Application\\chrome.exe","SHA256":"35da0e81423574226a8ce52a50832cd98aaabab9e0dffeba9f040cea7c42adc4"}
{"UtcTime":"2026-08-12 10:32:06.000","Computer":"TN-FIN-WS042","User":"TRANSNORTE\\ops.cardoso","EventID":13,"Image":"C:\\Windows\\System32\\svchost.exe","ProcessGuid":"{BD360B62-AB33-2026-D07A-6525B112F957}","ProcessId":1562,"EventType":"SetValue","TargetObject":"HKCU\\Software\\Microsoft\\Office\\16.0\\Outlook\\Resiliency\\3126","Details":"1"}
{"UtcTime":"2026-08-12 10:32:07.000","Computer":"TN-FIN-WS042","User":"TRANSNORTE\\backup_svc","EventID":1,"Image":"C:\\Program Files\\Microsoft Office\\Office16\\OUTLOOK.EXE","ProcessGuid":"{7887569E-D285-2026-028A-2543B2739309}","ProcessId":4570,"CommandLine":"C:\\Program Files\\Microsoft Office\\Office16\\OUTLOOK.EXE","ParentImage":"C:\\Windows\\System32\\services.exe","ParentProcessGuid":"{A26C7576-7ED3-2026-8F3E-E359DC59ADAC}","OriginalFileName":"C:\\Program Files\\Microsoft Office\\Office16\\OUTLOOK.EXE","SHA256":"4a81c7c493dd37d349d77848c9b3a7d18e9549a34ce360f96c91b49b9c8131f2"}
{"UtcTime":"2026-08-12 10:32:08.000","Computer":"TN-FIN-WS042","User":"TRANSNORTE\\ops.cardoso","EventID":5,"Image":"C:\\Windows\\System32\\conhost.exe","ProcessGuid":"{240D5D58-55AF-2026-5305-D4857EE47E35}","ProcessId":5522,"EventType":"End"}
{"UtcTime":"2026-08-12 10:32:09.000","Computer":"TN-FIN-WS042","User":"TRANSNORTE\\backup_svc","EventID":1,"Image":"C:\\Program Files\\Microsoft Office\\Office16\\OUTLOOK.EXE","ProcessGuid":"{EE2D2C5D-7CC4-2026-5045-0923CDE7D7DF}","ProcessId":7361,"CommandLine":"C:\\Program Files\\Microsoft Office\\Office16\\OUTLOOK.EXE","ParentImage":"C:\\Windows\\System32\\services.exe","ParentProcessGuid":"{8FC82913-9BEE-2026-DC87-2C804E4611C1}","OriginalFileName":"C:\\Program Files\\Microsoft Office\\Office16\\OUTLOOK.EXE","SHA256":"4b9c7e8bbadfe16afb68b4fa1a4b10844c1ec9c62a9de90827b11e2c273c053b"}
{"UtcTime":"2026-08-12 10:32:10.000","Computer":"TN-FIN-WS042","User":"TRANSNORTE\\backup_svc","EventID":1,"Image":"C:\\Windows\\System32\\conhost.exe","ProcessGuid":"{B6CA7C61-3557-2026-CF3A-0EC986CC1D31}","ProcessId":846,"CommandLine":"C:\\Windows\\System32\\conhost.exe","ParentImage":"C:\\Windows\\System32\\services.exe","ParentProcessGuid":"{60C040E2-CAD0-2026-A9D4-948077CF7BF0}","OriginalFileName":"C:\\Windows\\System32\\conhost.exe","SHA256":"945d93bfa19a7e7257511ab7e118e423b966629db1a76f7d2e8ad2bbdb51c169"}
{"UtcTime":"2026-08-12 10:32:11.000","Computer":"TN-FIN-WS042","User":"TRANSNORTE\\ops.cardoso","EventID":13,"Image":"C:\\Program Files\\Microsoft Office\\Office16\\OUTLOOK.EXE","ProcessGuid":"{9ADF9848-D31D-2026-206E-2D2BEF1BB7A7}","ProcessId":3198,"EventType":"SetValue","TargetObject":"HKCU\\Software\\Microsoft\\Office\\16.0\\Outlook\\Resiliency\\3131","Details":"1"}
{"UtcTime":"2026-08-12 10:32:12.000","Computer":"TN-FIN-WS042","User":"TRANSNORTE\\backup_svc","EventID":11,"Image":"C:\\Windows\\System32\\RuntimeBroker.exe","ProcessGuid":"{2BA4B779-1C38-2026-01C2-B776B4EC2875}","ProcessId":2941,"TargetFilename":"C:\\Users\\ops.cardoso\\AppData\\Local\\Temp\\office-3132.tmp"}
{"UtcTime":"2026-08-12 10:32:13.000","Computer":"TN-FIN-WS042","User":"TRANSNORTE\\ops.cardoso","EventID":1,"Image":"C:\\Program Files\\Microsoft Office\\Office16\\OUTLOOK.EXE","ProcessGuid":"{74254D0A-E34C-2026-303F-6F80BA0CB3C2}","ProcessId":8402,"CommandLine":"C:\\Program Files\\Microsoft Office\\Office16\\OUTLOOK.EXE","ParentImage":"C:\\Windows\\System32\\services.exe","ParentProcessGuid":"{069065DE-253D-2026-B004-87392F5F2C90}","OriginalFileName":"C:\\Program Files\\Microsoft Office\\Office16\\OUTLOOK.EXE","SHA256":"b39ce6ba8af940f0d0fe5eed9af50040a0977d4a503096f622bb00ac50640f2d"}
{"UtcTime":"2026-08-12 10:32:14.000","Computer":"TN-FIN-WS042","User":"TRANSNORTE\\ops.cardoso","EventID":11,"Image":"C:\\Windows\\System32\\conhost.exe","ProcessGuid":"{8DF4E9EA-DCE2-2026-0B92-6FA47B3A4D3A}","ProcessId":2824,"TargetFilename":"C:\\Users\\ops.cardoso\\AppData\\Local\\Temp\\office-3134.tmp"}
{"UtcTime":"2026-08-12 10:32:15.000","Computer":"TN-FIN-WS042","User":"TRANSNORTE\\backup_svc","EventID":11,"Image":"C:\\Windows\\System32\\RuntimeBroker.exe","ProcessGuid":"{0DEFF5EC-B50D-2026-686A-7F496DB34D92}","ProcessId":5731,"TargetFilename":"C:\\Users\\ops.cardoso\\AppData\\Local\\Temp\\office-3135.tmp"}
{"UtcTime":"2026-08-12 10:32:16.000","Computer":"TN-FIN-WS042","User":"TRANSNORTE\\backup_svc","EventID":1,"Image":"C:\\Windows\\System32\\RuntimeBroker.exe","ProcessGuid":"{79E07B6F-8769-2026-0E7D-164C7227BB84}","ProcessId":4688,"CommandLine":"C:\\Windows\\System32\\RuntimeBroker.exe","ParentImage":"C:\\Windows\\System32\\services.exe","ParentProcessGuid":"{4914B77C-3783-2026-E8FE-E9981E59D3A8}","OriginalFileName":"C:\\Windows\\System32\\RuntimeBroker.exe","SHA256":"b41718439770d59ade60408ab4e5e1054d5bea0ca25b232e435f026f8e4eaea1"}
