{"UtcTime":"2026-08-12 15:13:53.000","Computer":"CLM-MESA-014","User":"CLM\\ops","EventID":3,"Image":"C:\\Windows\\System32\\RuntimeBroker.exe","ProcessGuid":"{58EC1851-2846-2026-3970-E41E5845AE7B}","ProcessId":8914,"DestinationIp":"10.70.30.8","DestinationPort":443,"DestinationHostname":"portal.clm.liquidacao","SourceIp":"10.70.30.14","Protocol":"tcp"}
{"UtcTime":"2026-08-12 15:13:54.000","Computer":"CLM-MESA-014","User":"CLM\\mesa","EventID":11,"Image":"C:\\Windows\\System32\\RuntimeBroker.exe","ProcessGuid":"{E85C0D64-D448-2026-6AC0-B2FCCD5A0D19}","ProcessId":5133,"TargetFilename":"C:\\Users\\Public\\Temp\\mesa-3834.tmp"}
{"UtcTime":"2026-08-12 15:13:55.000","Computer":"CLM-MESA-014","User":"CLM\\mesa","EventID":1,"Image":"C:\\Windows\\System32\\RuntimeBroker.exe","ProcessGuid":"{3CA287ED-94AF-2026-4B4A-E4673DBE4F24}","ProcessId":6248,"CommandLine":"C:\\Windows\\System32\\RuntimeBroker.exe","ParentImage":"C:\\Windows\\System32\\services.exe","ParentProcessGuid":"{8CCDB969-8145-2026-3BA3-B53C3BEE1C27}","OriginalFileName":"C:\\Windows\\System32\\RuntimeBroker.exe"}
{"UtcTime":"2026-08-12 15:13:56.000","Computer":"CLM-MESA-014","User":"CLM\\backoffice","EventID":1,"Image":"C:\\Program Files\\Google\\Chrome\\Application\\chrome.exe","ProcessGuid":"{06469DC0-01FC-2026-9E1B-0F0210F710EC}","ProcessId":5524,"CommandLine":"C:\\Program Files\\Google\\Chrome\\Application\\chrome.exe","ParentImage":"C:\\Windows\\System32\\services.exe","ParentProcessGuid":"{49883F4E-D5F6-2026-E58F-D6CFD76A9961}","OriginalFileName":"C:\\Program Files\\Google\\Chrome\\Application\\chrome.exe"}
{"UtcTime":"2026-08-12 15:13:57.000","Computer":"CLM-MESA-014","User":"CLM\\ops","EventID":1,"Image":"C:\\Windows\\System32\\svchost.exe","ProcessGuid":"{BFB3E2BA-0AF8-2026-2305-6E0BE0AC75EC}","ProcessId":2864,"CommandLine":"C:\\Windows\\System32\\svchost.exe","ParentImage":"C:\\Windows\\System32\\services.exe","ParentProcessGuid":"{66AE0C27-E8AE-2026-AECA-576F2A7A57F1}","OriginalFileName":"C:\\Windows\\System32\\svchost.exe"}
{"UtcTime":"2026-08-12 15:13:58.000","Computer":"CLM-MESA-014","User":"CLM\\backoffice","EventID":13,"Image":"C:\\Windows\\System32\\conhost.exe","ProcessGuid":"{1A15EDCB-CA52-2026-0045-CA36CA96E186}","ProcessId":6454,"EventType":"SetValue","TargetObject":"HKCU\\Software\\CLM\\Mesa\\Pref\\3838","Details":"1"}
{"UtcTime":"2026-08-12 15:13:59.000","Computer":"CLM-MESA-014","User":"CLM\\ops","EventID":1,"Image":"C:\\Program Files\\Google\\Chrome\\Application\\chrome.exe","ProcessGuid":"{84348539-406E-2026-D947-67BF3B2B9B4A}","ProcessId":6688,"CommandLine":"C:\\Program Files\\Google\\Chrome\\Application\\chrome.exe","ParentImage":"C:\\Windows\\System32\\services.exe","ParentProcessGuid":"{FA704B60-FAB4-2026-0E7A-DFD3A5461C5A}","OriginalFileName":"C:\\Program Files\\Google\\Chrome\\Application\\chrome.exe"}
{"UtcTime":"2026-08-12 15:14:00.000","Computer":"CLM-MESA-014","User":"CLM\\backoffice","EventID":13,"Image":"C:\\Windows\\explorer.exe","ProcessGuid":"{212B0FCB-51FA-2026-A501-5D44ACC420F4}","ProcessId":3717,"EventType":"SetValue","TargetObject":"HKCU\\Software\\CLM\\Mesa\\Pref\\3840","Details":"1"}
{"UtcTime":"2026-08-12 15:14:01.000","Computer":"CLM-MESA-014","User":"CLM\\backoffice","EventID":1,"Image":"C:\\Windows\\explorer.exe","ProcessGuid":"{B78C3F3C-EB3D-2026-D134-6F012B8B8B93}","ProcessId":4347,"CommandLine":"C:\\Windows\\explorer.exe","ParentImage":"C:\\Windows\\System32\\services.exe","ParentProcessGuid":"{9A6F4C82-D436-2026-5264-F75D788F0A26}","OriginalFileName":"C:\\Windows\\explorer.exe"}
{"UtcTime":"2026-08-12 15:14:02.000","Computer":"CLM-MESA-014","User":"CLM\\ops","EventID":3,"Image":"C:\\Windows\\System32\\svchost.exe","ProcessGuid":"{B180FB60-17DC-2026-DB48-423EC0288D54}","ProcessId":3232,"DestinationIp":"10.70.30.8","DestinationPort":8080,"DestinationHostname":"ntp.clm.liquidacao","SourceIp":"10.70.30.14","Protocol":"tcp"}
{"UtcTime":"2026-08-12 15:14:03.000","Computer":"CLM-MESA-014","User":"CLM\\backoffice","EventID":5,"Image":"C:\\Windows\\System32\\svchost.exe","ProcessGuid":"{DDFEC02F-B0AA-2026-2C53-CCDED0138835}","ProcessId":4459,"EventType":"End"}
{"UtcTime":"2026-08-12 15:14:04.000","Computer":"CLM-MESA-014","User":"CLM\\ops","EventID":1,"Image":"C:\\Program Files\\Google\\Chrome\\Application\\chrome.exe","ProcessGuid":"{1ACC4D9A-EAE5-2026-024D-1FC01392B295}","ProcessId":6177,"CommandLine":"C:\\Program Files\\Google\\Chrome\\Application\\chrome.exe","ParentImage":"C:\\Windows\\System32\\services.exe","ParentProcessGuid":"{C2AA7501-5E12-2026-A627-08DA171C5DFB}","OriginalFileName":"C:\\Program Files\\Google\\Chrome\\Application\\chrome.exe"}
{"UtcTime":"2026-08-12 15:14:05.000","Computer":"CLM-MESA-014","User":"CLM\\mesa","EventID":11,"Image":"C:\\Program Files\\Microsoft Office\\Office16\\EXCEL.EXE","ProcessGuid":"{28291557-82F0-2026-0866-205420850F4E}","ProcessId":2799,"TargetFilename":"C:\\Users\\Public\\Temp\\mesa-3845.tmp"}
{"UtcTime":"2026-08-12 15:14:06.000","Computer":"CLM-MESA-014","User":"CLM\\backoffice","EventID":13,"Image":"C:\\Windows\\explorer.exe","ProcessGuid":"{84D1B375-B518-2026-BA3A-69D092DF0C6C}","ProcessId":5288,"EventType":"SetValue","TargetObject":"HKCU\\Software\\CLM\\Mesa\\Pref\\3846","Details":"1"}
{"UtcTime":"2026-08-12 15:14:07.000","Computer":"CLM-MESA-014","User":"CLM\\mesa","EventID":11,"Image":"C:\\Windows\\System32\\svchost.exe","ProcessGuid":"{75969A54-8005-2026-0AE1-85E48DA88F97}","ProcessId":817,"TargetFilename":"C:\\Users\\Public\\Temp\\mesa-3847.tmp"}
{"UtcTime":"2026-08-12 15:14:08.000","Computer":"CLM-MESA-014","User":"CLM\\backoffice","EventID":11,"Image":"C:\\Program Files\\Microsoft Office\\Office16\\EXCEL.EXE","ProcessGuid":"{C455659F-0374-2026-7818-683ECC1FA113}","ProcessId":4086,"TargetFilename":"C:\\Users\\Public\\Temp\\mesa-3848.tmp"}
{"UtcTime":"2026-08-12 15:14:09.000","Computer":"CLM-MESA-014","User":"CLM\\backoffice","EventID":3,"Image":"C:\\Windows\\System32\\RuntimeBroker.exe","ProcessGuid":"{2272F630-D912-2026-62BE-C2BF4C0C9E9D}","ProcessId":7478,"DestinationIp":"1.1.1.1","DestinationPort":53,"DestinationHostname":"ntp.clm.liquidacao","SourceIp":"10.70.30.14","Protocol":"tcp"}
{"UtcTime":"2026-08-12 15:14:10.000","Computer":"CLM-MESA-014","User":"CLM\\ops","EventID":1,"Image":"C:\\Windows\\System32\\RuntimeBroker.exe","ProcessGuid":"{C2E45590-4660-2026-4701-CC00BF80D918}","ProcessId":4958,"CommandLine":"C:\\Windows\\System32\\RuntimeBroker.exe","ParentImage":"C:\\Windows\\System32\\services.exe","ParentProcessGuid":"{5B4C8449-7FE6-2026-0A84-AC855605693B}","OriginalFileName":"C:\\Windows\\System32\\RuntimeBroker.exe"}
{"UtcTime":"2026-08-12 15:14:11.000","Computer":"CLM-MESA-014","User":"CLM\\mesa","EventID":11,"Image":"C:\\Program Files\\Microsoft Office\\Office16\\EXCEL.EXE","ProcessGuid":"{BE0B6821-B3D0-2026-0F6F-2DD788A4D075}","ProcessId":2092,"TargetFilename":"C:\\Users\\Public\\Temp\\mesa-3851.tmp"}
{"UtcTime":"2026-08-12 15:14:12.000","Computer":"CLM-MESA-014","User":"CLM\\ops","EventID":13,"Image":"C:\\Program Files\\Google\\Chrome\\Application\\chrome.exe","ProcessGuid":"{BF07FD2C-16CD-2026-BA73-E21BD8EB0BC6}","ProcessId":3957,"EventType":"SetValue","TargetObject":"HKCU\\Software\\CLM\\Mesa\\Pref\\3852","Details":"1"}
{"UtcTime":"2026-08-12 15:14:13.000","Computer":"CLM-MESA-014","User":"CLM\\ops","EventID":1,"Image":"C:\\Windows\\System32\\svchost.exe","ProcessGuid":"{05D08D04-B6CC-2026-6C71-3754706D5B9C}","ProcessId":8337,"CommandLine":"C:\\Windows\\System32\\svchost.exe","ParentImage":"C:\\Windows\\System32\\services.exe","ParentProcessGuid":"{7C8A149E-CDD8-2026-E1C2-41B4EAA83688}","OriginalFileName":"C:\\Windows\\System32\\svchost.exe"}
{"UtcTime":"2026-08-12 15:14:14.000","Computer":"CLM-MESA-014","User":"CLM\\ops","EventID":11,"Image":"C:\\Windows\\System32\\conhost.exe","ProcessGuid":"{D7BBEF99-D2F9-2026-F43D-3FD1B71C4686}","ProcessId":6638,"TargetFilename":"C:\\Users\\Public\\Temp\\mesa-3854.tmp"}
{"UtcTime":"2026-08-12 15:14:15.000","Computer":"CLM-MESA-014","User":"CLM\\ops","EventID":5,"Image":"C:\\Program Files\\Google\\Chrome\\Application\\chrome.exe","ProcessGuid":"{C3D086F9-8662-2026-516F-EEBC73ADB6EA}","ProcessId":4950,"EventType":"End"}
{"UtcTime":"2026-08-12 15:14:16.000","Computer":"CLM-MESA-014","User":"CLM\\mesa","EventID":13,"Image":"C:\\Program Files\\Microsoft Office\\Office16\\EXCEL.EXE","ProcessGuid":"{0553594B-B365-2026-403B-70FC007ECD54}","ProcessId":1006,"EventType":"SetValue","TargetObject":"HKCU\\Software\\CLM\\Mesa\\Pref\\3856","Details":"1"}
{"UtcTime":"2026-08-12 15:14:17.000","Computer":"CLM-MESA-014","User":"CLM\\backoffice","EventID":1,"Image":"C:\\Program Files\\Google\\Chrome\\Application\\chrome.exe","ProcessGuid":"{442A1F74-A929-2026-687D-0244AE98CF4D}","ProcessId":4037,"CommandLine":"C:\\Program Files\\Google\\Chrome\\Application\\chrome.exe","ParentImage":"C:\\Windows\\System32\\services.exe","ParentProcessGuid":"{C20C13B4-637E-2026-EFB0-12B027BF6868}","OriginalFileName":"C:\\Program Files\\Google\\Chrome\\Application\\chrome.exe"}
{"UtcTime":"2026-08-12 15:14:18.000","Computer":"CLM-MESA-014","User":"CLM\\mesa","EventID":5,"Image":"C:\\Program Files\\Microsoft Office\\Office16\\EXCEL.EXE","ProcessGuid":"{EED06029-8BFA-2026-2241-D59F82D1BFC5}","ProcessId":1951,"EventType":"End"}
{"UtcTime":"2026-08-12 15:14:19.000","Computer":"CLM-MESA-014","User":"CLM\\backoffice","EventID":3,"Image":"C:\\Program Files\\Microsoft Office\\Office16\\EXCEL.EXE","ProcessGuid":"{AB434D58-BE1E-2026-9336-0B99D23EB6F9}","ProcessId":1955,"DestinationIp":"8.8.8.8","DestinationPort":443,"DestinationHostname":"ntp.clm.liquidacao","SourceIp":"10.70.30.14","Protocol":"tcp"}
{"UtcTime":"2026-08-12 15:14:20.000","Computer":"CLM-MESA-014","User":"CLM\\mesa","EventID":1,"Image":"C:\\Windows\\System32\\conhost.exe","ProcessGuid":"{337FC5FA-CE14-2026-C5F4-4C8520C35A41}","ProcessId":7076,"CommandLine":"C:\\Windows\\System32\\conhost.exe","ParentImage":"C:\\Windows\\System32\\services.exe","ParentProcessGuid":"{3F6DCEED-C543-2026-6E54-D32618194344}","OriginalFileName":"C:\\Windows\\System32\\conhost.exe"}
{"UtcTime":"2026-08-12 15:14:21.000","Computer":"CLM-MESA-014","User":"CLM\\ops","EventID":5,"Image":"C:\\Windows\\System32\\RuntimeBroker.exe","ProcessGuid":"{B3CA44DF-9AAF-2026-3133-107584A92C8E}","ProcessId":3923,"EventType":"End"}
{"UtcTime":"2026-08-12 15:14:22.000","Computer":"CLM-MESA-014","User":"CLM\\mesa","EventID":13,"Image":"C:\\Windows\\explorer.exe","ProcessGuid":"{C75D43C9-EE8A-2026-F352-DBA3ABF79CF5}","ProcessId":1515,"EventType":"SetValue","TargetObject":"HKCU\\Software\\CLM\\Mesa\\Pref\\3862","Details":"1"}
{"UtcTime":"2026-08-12 15:14:23.000","Computer":"CLM-MESA-014","User":"CLM\\backoffice","EventID":5,"Image":"C:\\Windows\\System32\\RuntimeBroker.exe","ProcessGuid":"{7E068835-2B70-2026-02DA-4725B3BF42DB}","ProcessId":4195,"EventType":"End"}
{"UtcTime":"2026-08-12 15:14:24.000","Computer":"CLM-MESA-014","User":"CLM\\backoffice","EventID":1,"Image":"C:\\Windows\\System32\\RuntimeBroker.exe","ProcessGuid":"{DDFCF4AF-10F1-2026-CAD1-BFA4C36AA6FA}","ProcessId":4504,"CommandLine":"C:\\Windows\\System32\\RuntimeBroker.exe","ParentImage":"C:\\Windows\\System32\\services.exe","ParentProcessGuid":"{E853FB3D-4A74-2026-ED2B-F58122DAB1DC}","OriginalFileName":"C:\\Windows\\System32\\RuntimeBroker.exe"}
{"UtcTime":"2026-08-12 15:14:25.000","Computer":"CLM-MESA-014","User":"CLM\\ops","EventID":5,"Image":"C:\\Windows\\System32\\svchost.exe","ProcessGuid":"{4FAB5F90-11DF-2026-02E4-A66DE283C58D}","ProcessId":4709,"EventType":"End"}
{"UtcTime":"2026-08-12 15:14:26.000","Computer":"CLM-MESA-014","User":"CLM\\ops","EventID":1,"Image":"C:\\Windows\\explorer.exe","ProcessGuid":"{159C9D07-E5FD-2026-27D6-E292E411206E}","ProcessId":6129,"CommandLine":"C:\\Windows\\explorer.exe","ParentImage":"C:\\Windows\\System32\\services.exe","ParentProcessGuid":"{F3833572-2099-2026-2CAC-887F7A59C99E}","OriginalFileName":"C:\\Windows\\explorer.exe"}
{"UtcTime":"2026-08-12 15:14:27.000","Computer":"CLM-MESA-014","User":"CLM\\ops","EventID":3,"Image":"C:\\Windows\\System32\\conhost.exe","ProcessGuid":"{DBAAD734-7FF1-2026-8420-60CC273C2093}","ProcessId":5996,"DestinationIp":"8.8.8.8","DestinationPort":135,"DestinationHostname":"portal.clm.liquidacao","SourceIp":"10.70.30.14","Protocol":"tcp"}
{"UtcTime":"2026-08-12 15:14:28.000","Computer":"CLM-MESA-014","User":"CLM\\ops","EventID":3,"Image":"C:\\Windows\\System32\\conhost.exe","ProcessGuid":"{536A0E0C-AC12-2026-A00A-0D9B1203933A}","ProcessId":4977,"DestinationIp":"1.1.1.1","DestinationPort":53,"DestinationHostname":"portal.clm.liquidacao","SourceIp":"10.70.30.14","Protocol":"tcp"}
{"UtcTime":"2026-08-12 15:14:29.000","Computer":"CLM-MESA-014","User":"CLM\\ops","EventID":5,"Image":"C:\\Windows\\System32\\conhost.exe","ProcessGuid":"{A13A7C50-8DCB-2026-E90E-F76D09C5C758}","ProcessId":3933,"EventType":"End"}
{"UtcTime":"2026-08-12 15:14:30.000","Computer":"CLM-MESA-014","User":"CLM\\ops","EventID":13,"Image":"C:\\Windows\\explorer.exe","ProcessGuid":"{4B094E94-4CE6-2026-0621-599F2DB326A7}","ProcessId":2446,"EventType":"SetValue","TargetObject":"HKCU\\Software\\CLM\\Mesa\\Pref\\3870","Details":"1"}
{"UtcTime":"2026-08-12 15:14:31.000","Computer":"CLM-MESA-014","User":"CLM\\ops","EventID":1,"Image":"C:\\Program Files\\Google\\Chrome\\Application\\chrome.exe","ProcessGuid":"{5092AC04-0130-2026-42B3-71F9127F08D2}","ProcessId":1654,"CommandLine":"C:\\Program Files\\Google\\Chrome\\Application\\chrome.exe","ParentImage":"C:\\Windows\\System32\\services.exe","ParentProcessGuid":"{1E082C52-81DD-2026-C85B-3F9134B0713B}","OriginalFileName":"C:\\Program Files\\Google\\Chrome\\Application\\chrome.exe"}
{"UtcTime":"2026-08-12 15:14:32.000","Computer":"CLM-MESA-014","User":"CLM\\backoffice","EventID":3,"Image":"C:\\Program Files\\Google\\Chrome\\Application\\chrome.exe","ProcessGuid":"{E6BFE60C-2180-2026-0F6C-6449EA6D81F1}","ProcessId":2613,"DestinationIp":"10.70.30.1","DestinationPort":8080,"DestinationHostname":"portal.clm.liquidacao","SourceIp":"10.70.30.14","Protocol":"tcp"}
{"UtcTime":"2026-08-12 15:14:33.000","Computer":"CLM-MESA-014","User":"CLM\\ops","EventID":1,"Image":"C:\\Program Files\\Google\\Chrome\\Application\\chrome.exe","ProcessGuid":"{E448916B-C078-2026-5083-ED81B9DAEE04}","ProcessId":1136,"CommandLine":"C:\\Program Files\\Google\\Chrome\\Application\\chrome.exe","ParentImage":"C:\\Windows\\System32\\services.exe","ParentProcessGuid":"{3F39B9EE-AC83-2026-562F-3B58589D3744}","OriginalFileName":"C:\\Program Files\\Google\\Chrome\\Application\\chrome.exe"}
{"UtcTime":"2026-08-12 15:14:34.000","Computer":"CLM-MESA-014","User":"CLM\\ops","EventID":1,"Image":"C:\\Windows\\explorer.exe","ProcessGuid":"{D7A9E990-A421-2026-79E2-8DE50A6D4DCB}","ProcessId":4326,"CommandLine":"C:\\Windows\\explorer.exe","ParentImage":"C:\\Windows\\System32\\services.exe","ParentProcessGuid":"{DFBBF841-E063-2026-173F-3AC123FAF469}","OriginalFileName":"C:\\Windows\\explorer.exe"}
{"UtcTime":"2026-08-12 15:14:35.000","Computer":"CLM-MESA-014","User":"CLM\\mesa","EventID":1,"Image":"C:\\Program Files\\Google\\Chrome\\Application\\chrome.exe","ProcessGuid":"{A0AC512B-11B7-2026-3E89-A3AEA039F744}","ProcessId":6546,"CommandLine":"C:\\Program Files\\Google\\Chrome\\Application\\chrome.exe","ParentImage":"C:\\Windows\\System32\\services.exe","ParentProcessGuid":"{22EEBCFB-4FA8-2026-A429-1D54A585DE76}","OriginalFileName":"C:\\Program Files\\Google\\Chrome\\Application\\chrome.exe"}
{"UtcTime":"2026-08-12 15:14:36.000","Computer":"CLM-MESA-014","User":"CLM\\backoffice","EventID":1,"Image":"C:\\Program Files\\Microsoft Office\\Office16\\EXCEL.EXE","ProcessGuid":"{698D8DFD-E805-2026-DD6E-1A928A0EF02D}","ProcessId":3402,"CommandLine":"C:\\Program Files\\Microsoft Office\\Office16\\EXCEL.EXE","ParentImage":"C:\\Windows\\System32\\services.exe","ParentProcessGuid":"{3150ED95-ABC3-2026-A7D0-B18D3BCE792C}","OriginalFileName":"C:\\Program Files\\Microsoft Office\\Office16\\EXCEL.EXE"}
{"UtcTime":"2026-08-12 15:14:37.000","Computer":"CLM-MESA-014","User":"CLM\\backoffice","EventID":5,"Image":"C:\\Program Files\\Google\\Chrome\\Application\\chrome.exe","ProcessGuid":"{AD8B5226-6B94-2026-0EED-16C6E6F0CA13}","ProcessId":4573,"EventType":"End"}
{"UtcTime":"2026-08-12 15:14:38.000","Computer":"CLM-MESA-014","User":"CLM\\ops","EventID":1,"Image":"C:\\Windows\\explorer.exe","ProcessGuid":"{B5C00AB3-CCB1-2026-EAAF-45556EFB2D3D}","ProcessId":4937,"CommandLine":"C:\\Windows\\explorer.exe","ParentImage":"C:\\Windows\\System32\\services.exe","ParentProcessGuid":"{915038F7-FF5A-2026-6ABB-A56CC4FB95D6}","OriginalFileName":"C:\\Windows\\explorer.exe"}
{"UtcTime":"2026-08-12 15:14:39.000","Computer":"CLM-MESA-014","User":"CLM\\ops","EventID":5,"Image":"C:\\Windows\\explorer.exe","ProcessGuid":"{9CAB2166-B081-2026-11B3-0FF1E7808E16}","ProcessId":7490,"EventType":"End"}
{"UtcTime":"2026-08-12 15:14:40.000","Computer":"CLM-MESA-014","User":"CLM\\backoffice","EventID":3,"Image":"C:\\Program Files\\Microsoft Office\\Office16\\EXCEL.EXE","ProcessGuid":"{99B265E7-B09E-2026-C3EE-52FFB56E5655}","ProcessId":2594,"DestinationIp":"10.70.30.1","DestinationPort":135,"DestinationHostname":"portal.clm.liquidacao","SourceIp":"10.70.30.14","Protocol":"tcp"}
{"UtcTime":"2026-08-12 15:14:41.000","Computer":"CLM-MESA-014","User":"CLM\\ops","EventID":1,"Image":"C:\\Program Files\\Google\\Chrome\\Application\\chrome.exe","ProcessGuid":"{8A347C17-1733-2026-AF67-A00B97F88CB6}","ProcessId":7069,"CommandLine":"C:\\Program Files\\Google\\Chrome\\Application\\chrome.exe","ParentImage":"C:\\Windows\\System32\\services.exe","ParentProcessGuid":"{DA25319B-8255-2026-7C64-C1A286A77270}","OriginalFileName":"C:\\Program Files\\Google\\Chrome\\Application\\chrome.exe"}
{"UtcTime":"2026-08-12 15:14:42.000","Computer":"CLM-MESA-014","User":"CLM\\backoffice","EventID":5,"Image":"C:\\Windows\\System32\\conhost.exe","ProcessGuid":"{278F02FF-359A-2026-4C35-8DECDEB7F0E4}","ProcessId":8913,"EventType":"End"}
{"UtcTime":"2026-08-12 15:14:43.000","Computer":"CLM-MESA-014","User":"CLM\\backoffice","EventID":3,"Image":"C:\\Windows\\System32\\conhost.exe","ProcessGuid":"{3661CE9E-2176-2026-B022-28B106ED91B0}","ProcessId":8376,"DestinationIp":"10.70.30.8","DestinationPort":53,"DestinationHostname":"ntp.clm.liquidacao","SourceIp":"10.70.30.14","Protocol":"tcp"}
{"UtcTime":"2026-08-12 15:14:44.000","Computer":"CLM-MESA-014","User":"CLM\\mesa","EventID":1,"Image":"C:\\Program Files\\Microsoft Office\\Office16\\EXCEL.EXE","ProcessGuid":"{E33A0151-D4E2-2026-15D7-F2604D1D2BAA}","ProcessId":3850,"CommandLine":"C:\\Program Files\\Microsoft Office\\Office16\\EXCEL.EXE","ParentImage":"C:\\Windows\\System32\\services.exe","ParentProcessGuid":"{FEA16EE6-2881-2026-7798-6D68ED1983C7}","OriginalFileName":"C:\\Program Files\\Microsoft Office\\Office16\\EXCEL.EXE"}
{"UtcTime":"2026-08-12 15:14:45.000","Computer":"CLM-MESA-014","User":"CLM\\ops","EventID":3,"Image":"C:\\Program Files\\Microsoft Office\\Office16\\EXCEL.EXE","ProcessGuid":"{467BFB8F-5226-2026-ED0F-BEC953EC4194}","ProcessId":3950,"DestinationIp":"10.70.30.1","DestinationPort":8080,"DestinationHostname":"ntp.clm.liquidacao","SourceIp":"10.70.30.14","Protocol":"tcp"}
{"UtcTime":"2026-08-12 15:14:46.000","Computer":"CLM-MESA-014","User":"CLM\\mesa","EventID":11,"Image":"C:\\Windows\\System32\\svchost.exe","ProcessGuid":"{2E0D017B-8011-2026-56E4-AE6E715FC49C}","ProcessId":5123,"TargetFilename":"C:\\Users\\Public\\Temp\\mesa-3886.tmp"}
{"UtcTime":"2026-08-12 15:14:47.000","Computer":"CLM-MESA-014","User":"CLM\\ops","EventID":1,"Image":"C:\\Program Files\\Google\\Chrome\\Application\\chrome.exe","ProcessGuid":"{745F6C4E-2948-2026-D8FC-598F7902786B}","ProcessId":3232,"CommandLine":"C:\\Program Files\\Google\\Chrome\\Application\\chrome.exe","ParentImage":"C:\\Windows\\System32\\services.exe","ParentProcessGuid":"{C1974D8C-F719-2026-68D2-C90D68366560}","OriginalFileName":"C:\\Program Files\\Google\\Chrome\\Application\\chrome.exe"}
{"UtcTime":"2026-08-12 15:14:48.000","Computer":"CLM-MESA-014","User":"CLM\\ops","EventID":1,"Image":"C:\\Program Files\\Microsoft Office\\Office16\\EXCEL.EXE","ProcessGuid":"{4C7B2208-4385-2026-B9DB-A48470BF10BE}","ProcessId":3313,"CommandLine":"C:\\Program Files\\Microsoft Office\\Office16\\EXCEL.EXE","ParentImage":"C:\\Windows\\System32\\services.exe","ParentProcessGuid":"{4E23BB6B-C381-2026-806D-347C1C787764}","OriginalFileName":"C:\\Program Files\\Microsoft Office\\Office16\\EXCEL.EXE"}
{"UtcTime":"2026-08-12 15:14:49.000","Computer":"CLM-MESA-014","User":"CLM\\backoffice","EventID":13,"Image":"C:\\Windows\\System32\\RuntimeBroker.exe","ProcessGuid":"{C2D830D7-3621-2026-8D4D-E714C361B8A7}","ProcessId":3015,"EventType":"SetValue","TargetObject":"HKCU\\Software\\CLM\\Mesa\\Pref\\3889","Details":"1"}
{"UtcTime":"2026-08-12 15:14:50.000","Computer":"CLM-MESA-014","User":"CLM\\ops","EventID":3,"Image":"C:\\Windows\\System32\\svchost.exe","ProcessGuid":"{59F4867D-20AA-2026-3396-339CA8882860}","ProcessId":6152,"DestinationIp":"10.70.30.1","DestinationPort":8080,"DestinationHostname":"portal.clm.liquidacao","SourceIp":"10.70.30.14","Protocol":"tcp"}
{"UtcTime":"2026-08-12 15:14:51.000","Computer":"CLM-MESA-014","User":"CLM\\mesa","EventID":11,"Image":"C:\\Windows\\System32\\svchost.exe","ProcessGuid":"{AB123963-EC5B-2026-6FA1-D3916AEA1879}","ProcessId":2519,"TargetFilename":"C:\\Users\\Public\\Temp\\mesa-3891.tmp"}
{"UtcTime":"2026-08-12 15:14:52.000","Computer":"CLM-MESA-014","User":"CLM\\ops","EventID":1,"Image":"C:\\Windows\\System32\\RuntimeBroker.exe","ProcessGuid":"{6C642063-474C-2026-5AD5-7DC2D80A28EF}","ProcessId":1001,"CommandLine":"C:\\Windows\\System32\\RuntimeBroker.exe","ParentImage":"C:\\Windows\\System32\\services.exe","ParentProcessGuid":"{BA0E2D10-027A-2026-5504-A5AAC3D78F70}","OriginalFileName":"C:\\Windows\\System32\\RuntimeBroker.exe"}
{"UtcTime":"2026-08-12 15:14:53.000","Computer":"CLM-MESA-014","User":"CLM\\mesa","EventID":5,"Image":"C:\\Windows\\System32\\svchost.exe","ProcessGuid":"{1237F9DC-BD20-2026-5C73-C631D9AA68A6}","ProcessId":918,"EventType":"End"}
{"UtcTime":"2026-08-12 15:14:54.000","Computer":"CLM-MESA-014","User":"CLM\\backoffice","EventID":13,"Image":"C:\\Windows\\System32\\RuntimeBroker.exe","ProcessGuid":"{B3A61325-318D-2026-2BA6-019F57B91211}","ProcessId":8230,"EventType":"SetValue","TargetObject":"HKCU\\Software\\CLM\\Mesa\\Pref\\3894","Details":"1"}
{"UtcTime":"2026-08-12 15:14:55.000","Computer":"CLM-MESA-014","User":"CLM\\backoffice","EventID":3,"Image":"C:\\Windows\\System32\\conhost.exe","ProcessGuid":"{C23B4B9A-5D93-2026-E40D-34E8D0467F22}","ProcessId":8092,"DestinationIp":"10.70.30.8","DestinationPort":135,"DestinationHostname":"ntp.clm.liquidacao","SourceIp":"10.70.30.14","Protocol":"tcp"}
{"UtcTime":"2026-08-12 15:14:56.000","Computer":"CLM-MESA-014","User":"CLM\\mesa","EventID":5,"Image":"C:\\Windows\\System32\\svchost.exe","ProcessGuid":"{2FEEE769-5D23-2026-7BF8-A0AB09DDA980}","ProcessId":2381,"EventType":"End"}
{"UtcTime":"2026-08-12 15:14:57.000","Computer":"CLM-MESA-014","User":"CLM\\ops","EventID":13,"Image":"C:\\Windows\\System32\\conhost.exe","ProcessGuid":"{5D9000BC-8515-2026-6E31-8D9C7FAD0E17}","ProcessId":4051,"EventType":"SetValue","TargetObject":"HKCU\\Software\\CLM\\Mesa\\Pref\\3897","Details":"1"}
{"UtcTime":"2026-08-12 15:14:58.000","Computer":"CLM-MESA-014","User":"CLM\\mesa","EventID":1,"Image":"C:\\Windows\\explorer.exe","ProcessGuid":"{A77A0D9B-C4EA-2026-C049-CE034F1C73E4}","ProcessId":8678,"CommandLine":"C:\\Windows\\explorer.exe","ParentImage":"C:\\Windows\\System32\\services.exe","ParentProcessGuid":"{841B928F-7E8B-2026-75E7-1224C91ED8A0}","OriginalFileName":"C:\\Windows\\explorer.exe"}
{"UtcTime":"2026-08-12 15:14:59.000","Computer":"CLM-MESA-014","User":"CLM\\backoffice","EventID":3,"Image":"C:\\Program Files\\Microsoft Office\\Office16\\EXCEL.EXE","ProcessGuid":"{0519FD51-27C0-2026-F346-B52C59422D5B}","ProcessId":2220,"DestinationIp":"1.1.1.1","DestinationPort":443,"DestinationHostname":"ntp.clm.liquidacao","SourceIp":"10.70.30.14","Protocol":"tcp"}
{"UtcTime":"2026-08-12 15:15:00.000","Computer":"CLM-MESA-014","User":"CLM\\ops","EventID":1,"Image":"C:\\Windows\\explorer.exe","ProcessGuid":"{C5C13C0A-41D1-2026-7150-76904FA8F04B}","ProcessId":1983,"CommandLine":"C:\\Windows\\explorer.exe","ParentImage":"C:\\Windows\\System32\\services.exe","ParentProcessGuid":"{6CD4DC60-EABB-2026-8CE9-2B42D30FC866}","OriginalFileName":"C:\\Windows\\explorer.exe"}
{"UtcTime":"2026-08-12 15:15:01.000","Computer":"CLM-MESA-014","User":"CLM\\ops","EventID":11,"Image":"C:\\Windows\\System32\\RuntimeBroker.exe","ProcessGuid":"{3D4080B9-8CBA-2026-8EB5-57F66DDC3519}","ProcessId":7976,"TargetFilename":"C:\\Users\\Public\\Temp\\mesa-3901.tmp"}
{"UtcTime":"2026-08-12 15:15:02.000","Computer":"CLM-MESA-014","User":"CLM\\ops","EventID":13,"Image":"C:\\Program Files\\Microsoft Office\\Office16\\EXCEL.EXE","ProcessGuid":"{6CE96D3C-62D0-2026-DFCE-3E5453C6733B}","ProcessId":3847,"EventType":"SetValue","TargetObject":"HKCU\\Software\\CLM\\Mesa\\Pref\\3902","Details":"1"}
{"UtcTime":"2026-08-12 15:15:03.000","Computer":"CLM-MESA-014","User":"CLM\\mesa","EventID":1,"Image":"C:\\Program Files\\Google\\Chrome\\Application\\chrome.exe","ProcessGuid":"{D505EAD4-D883-2026-BA77-D828F46605D6}","ProcessId":4043,"CommandLine":"C:\\Program Files\\Google\\Chrome\\Application\\chrome.exe","ParentImage":"C:\\Windows\\System32\\services.exe","ParentProcessGuid":"{60194CE7-7420-2026-BB0B-66B8D79EF46D}","OriginalFileName":"C:\\Program Files\\Google\\Chrome\\Application\\chrome.exe"}
{"UtcTime":"2026-08-12 15:15:04.000","Computer":"CLM-MESA-014","User":"CLM\\ops","EventID":1,"Image":"C:\\Windows\\System32\\RuntimeBroker.exe","ProcessGuid":"{9A107A34-9A13-2026-4C74-FAA8B2A002D7}","ProcessId":5760,"CommandLine":"C:\\Windows\\System32\\RuntimeBroker.exe","ParentImage":"C:\\Windows\\System32\\services.exe","ParentProcessGuid":"{E792D425-02F6-2026-CDF4-8086F405256F}","OriginalFileName":"C:\\Windows\\System32\\RuntimeBroker.exe"}
{"UtcTime":"2026-08-12 15:15:05.000","Computer":"CLM-MESA-014","User":"CLM\\ops","EventID":1,"Image":"C:\\Windows\\System32\\svchost.exe","ProcessGuid":"{0CFD7010-51C9-2026-D87F-5BA2CE2A0A29}","ProcessId":6778,"CommandLine":"C:\\Windows\\System32\\svchost.exe","ParentImage":"C:\\Windows\\System32\\services.exe","ParentProcessGuid":"{C01FA0F0-25D6-2026-0A29-875B0258EF1B}","OriginalFileName":"C:\\Windows\\System32\\svchost.exe"}
{"UtcTime":"2026-08-12 15:15:06.000","Computer":"CLM-MESA-014","User":"CLM\\ops","EventID":1,"Image":"C:\\Windows\\System32\\svchost.exe","ProcessGuid":"{F30AE244-28FB-2026-2D91-6A42635492A8}","ProcessId":3796,"CommandLine":"C:\\Windows\\System32\\svchost.exe","ParentImage":"C:\\Windows\\System32\\services.exe","ParentProcessGuid":"{6527AFFC-3CC0-2026-6267-B9258E517B00}","OriginalFileName":"C:\\Windows\\System32\\svchost.exe"}
{"UtcTime":"2026-08-12 15:15:07.000","Computer":"CLM-MESA-014","User":"CLM\\mesa","EventID":5,"Image":"C:\\Windows\\System32\\RuntimeBroker.exe","ProcessGuid":"{2F98158C-3125-2026-1930-1C2FF006E80B}","ProcessId":6889,"EventType":"End"}
{"UtcTime":"2026-08-12 15:15:08.000","Computer":"CLM-MESA-014","User":"CLM\\ops","EventID":11,"Image":"C:\\Windows\\System32\\svchost.exe","ProcessGuid":"{C6A952F8-5D2B-2026-E554-E92DEB7C956B}","ProcessId":1075,"TargetFilename":"C:\\Users\\Public\\Temp\\mesa-3908.tmp"}
{"UtcTime":"2026-08-12 15:15:09.000","Computer":"CLM-MESA-014","User":"CLM\\mesa","EventID":11,"Image":"C:\\Windows\\System32\\svchost.exe","ProcessGuid":"{4B97FD8E-8A9E-2026-8BD8-9A7E9E2861B4}","ProcessId":7351,"TargetFilename":"C:\\Users\\Public\\Temp\\mesa-3909.tmp"}
{"UtcTime":"2026-08-12 15:15:10.000","Computer":"CLM-MESA-014","User":"CLM\\ops","EventID":3,"Image":"C:\\Program Files\\Google\\Chrome\\Application\\chrome.exe","ProcessGuid":"{C7C220AC-5B35-2026-01F5-F96CA218D25C}","ProcessId":6678,"DestinationIp":"1.1.1.1","DestinationPort":8080,"DestinationHostname":"ntp.clm.liquidacao","SourceIp":"10.70.30.14","Protocol":"tcp"}
{"UtcTime":"2026-08-12 15:15:11.000","Computer":"CLM-MESA-014","User":"CLM\\backoffice","EventID":11,"Image":"C:\\Windows\\System32\\conhost.exe","ProcessGuid":"{9BFFA0B5-B475-2026-63D3-98BE7011DA9D}","ProcessId":2821,"TargetFilename":"C:\\Users\\Public\\Temp\\mesa-3911.tmp"}
{"UtcTime":"2026-08-12 15:15:12.000","Computer":"CLM-MESA-014","User":"CLM\\ops","EventID":5,"Image":"C:\\Program Files\\Microsoft Office\\Office16\\EXCEL.EXE","ProcessGuid":"{3CC1EA74-0567-2026-DBA0-F2651A44814B}","ProcessId":8006,"EventType":"End"}
{"UtcTime":"2026-08-12 15:15:13.000","Computer":"CLM-MESA-014","User":"CLM\\mesa","EventID":1,"Image":"C:\\Windows\\explorer.exe","ProcessGuid":"{1EA57E60-E1EF-2026-2E6C-44D6F6E97749}","ProcessId":5467,"CommandLine":"C:\\Windows\\explorer.exe","ParentImage":"C:\\Windows\\System32\\services.exe","ParentProcessGuid":"{AD77867D-5044-2026-9FC5-BE39968B8826}","OriginalFileName":"C:\\Windows\\explorer.exe"}
{"UtcTime":"2026-08-12 15:15:14.000","Computer":"CLM-MESA-014","User":"CLM\\mesa","EventID":1,"Image":"C:\\Windows\\System32\\conhost.exe","ProcessGuid":"{B03A9DE8-C875-2026-4EED-DC5B7B425382}","ProcessId":2036,"CommandLine":"C:\\Windows\\System32\\conhost.exe","ParentImage":"C:\\Windows\\System32\\services.exe","ParentProcessGuid":"{6ADA4C28-FFBA-2026-FE4A-4AD8A6ED1EC1}","OriginalFileName":"C:\\Windows\\System32\\conhost.exe"}
{"UtcTime":"2026-08-12 15:15:15.000","Computer":"CLM-MESA-014","User":"CLM\\ops","EventID":1,"Image":"C:\\Program Files\\Microsoft Office\\Office16\\EXCEL.EXE","ProcessGuid":"{752E460B-FBA0-2026-573C-36287DBB91F7}","ProcessId":2247,"CommandLine":"C:\\Program Files\\Microsoft Office\\Office16\\EXCEL.EXE","ParentImage":"C:\\Windows\\System32\\services.exe","ParentProcessGuid":"{759C58CD-BD4C-2026-FEBB-8AA642B222F8}","OriginalFileName":"C:\\Program Files\\Microsoft Office\\Office16\\EXCEL.EXE"}
{"UtcTime":"2026-08-12 15:15:16.000","Computer":"CLM-MESA-014","User":"CLM\\mesa","EventID":5,"Image":"C:\\Windows\\explorer.exe","ProcessGuid":"{8492D217-DE40-2026-384C-308132055774}","ProcessId":7707,"EventType":"End"}
{"UtcTime":"2026-08-12 15:15:17.000","Computer":"CLM-MESA-014","User":"CLM\\ops","EventID":3,"Image":"C:\\Windows\\System32\\svchost.exe","ProcessGuid":"{A0B1B80B-06BD-2026-BB1C-B984EE202031}","ProcessId":4193,"DestinationIp":"1.1.1.1","DestinationPort":8080,"DestinationHostname":"portal.clm.liquidacao","SourceIp":"10.70.30.14","Protocol":"tcp"}
{"UtcTime":"2026-08-12 15:15:18.000","Computer":"CLM-MESA-014","User":"CLM\\backoffice","EventID":11,"Image":"C:\\Windows\\System32\\conhost.exe","ProcessGuid":"{5E7B8081-6F8C-2026-6CDD-3B0EC38D51F2}","ProcessId":3930,"TargetFilename":"C:\\Users\\Public\\Temp\\mesa-3918.tmp"}
{"UtcTime":"2026-08-12 15:15:19.000","Computer":"CLM-MESA-014","User":"CLM\\mesa","EventID":11,"Image":"C:\\Program Files\\Microsoft Office\\Office16\\EXCEL.EXE","ProcessGuid":"{A82FDDB6-CF53-2026-2C0C-4F6EB22FA0C2}","ProcessId":2718,"TargetFilename":"C:\\Users\\Public\\Temp\\mesa-3919.tmp"}
{"UtcTime":"2026-08-12 15:15:20.000","Computer":"CLM-MESA-014","User":"CLM\\backoffice","EventID":1,"Image":"C:\\Program Files\\Google\\Chrome\\Application\\chrome.exe","ProcessGuid":"{76A249FC-6A66-2026-29EC-2342FB6F2E37}","ProcessId":3046,"CommandLine":"C:\\Program Files\\Google\\Chrome\\Application\\chrome.exe","ParentImage":"C:\\Windows\\System32\\services.exe","ParentProcessGuid":"{5C8BB199-6DF4-2026-A1B6-91FB79B35E3A}","OriginalFileName":"C:\\Program Files\\Google\\Chrome\\Application\\chrome.exe"}
{"UtcTime":"2026-08-12 15:15:21.000","Computer":"CLM-MESA-014","User":"CLM\\ops","EventID":1,"Image":"C:\\Program Files\\Microsoft Office\\Office16\\EXCEL.EXE","ProcessGuid":"{F9CBD057-5E83-2026-30F0-0585ABFD2700}","ProcessId":8500,"CommandLine":"C:\\Program Files\\Microsoft Office\\Office16\\EXCEL.EXE","ParentImage":"C:\\Windows\\System32\\services.exe","ParentProcessGuid":"{F0DF238C-F7CF-2026-8E41-1D0FE61B16A6}","OriginalFileName":"C:\\Program Files\\Microsoft Office\\Office16\\EXCEL.EXE"}
{"UtcTime":"2026-08-12 15:15:22.000","Computer":"CLM-MESA-014","User":"CLM\\backoffice","EventID":1,"Image":"C:\\Windows\\System32\\svchost.exe","ProcessGuid":"{EC4299C0-382D-2026-E2CF-23D05B483DA2}","ProcessId":5216,"CommandLine":"C:\\Windows\\System32\\svchost.exe","ParentImage":"C:\\Windows\\System32\\services.exe","ParentProcessGuid":"{9BE036EC-1F6E-2026-A1DC-C7CE83D6BA29}","OriginalFileName":"C:\\Windows\\System32\\svchost.exe"}
{"UtcTime":"2026-08-12 15:15:23.000","Computer":"CLM-MESA-014","User":"CLM\\ops","EventID":1,"Image":"C:\\Program Files\\Microsoft Office\\Office16\\EXCEL.EXE","ProcessGuid":"{91D77C01-67E4-2026-018D-7572D41BEBDC}","ProcessId":409,"CommandLine":"C:\\Program Files\\Microsoft Office\\Office16\\EXCEL.EXE","ParentImage":"C:\\Windows\\System32\\services.exe","ParentProcessGuid":"{04C9529B-8C93-2026-7839-83B17D0B7323}","OriginalFileName":"C:\\Program Files\\Microsoft Office\\Office16\\EXCEL.EXE"}
{"UtcTime":"2026-08-12 15:15:24.000","Computer":"CLM-MESA-014","User":"CLM\\backoffice","EventID":3,"Image":"C:\\Windows\\System32\\conhost.exe","ProcessGuid":"{7A3C0215-65A9-2026-88B3-987C3D989FDE}","ProcessId":5676,"DestinationIp":"1.1.1.1","DestinationPort":8080,"DestinationHostname":"portal.clm.liquidacao","SourceIp":"10.70.30.14","Protocol":"tcp"}
{"UtcTime":"2026-08-12 15:15:25.000","Computer":"CLM-MESA-014","User":"CLM\\backoffice","EventID":11,"Image":"C:\\Windows\\System32\\conhost.exe","ProcessGuid":"{B2D33313-4787-2026-A9C5-890247135D4E}","ProcessId":809,"TargetFilename":"C:\\Users\\Public\\Temp\\mesa-3925.tmp"}
{"UtcTime":"2026-08-12 15:15:26.000","Computer":"CLM-MESA-014","User":"CLM\\mesa","EventID":13,"Image":"C:\\Windows\\System32\\RuntimeBroker.exe","ProcessGuid":"{2A5770B2-4D9B-2026-8155-6B56BD84C04D}","ProcessId":5032,"EventType":"SetValue","TargetObject":"HKCU\\Software\\CLM\\Mesa\\Pref\\3926","Details":"1"}
{"UtcTime":"2026-08-12 15:15:27.000","Computer":"CLM-MESA-014","User":"CLM\\ops","EventID":1,"Image":"C:\\Windows\\System32\\RuntimeBroker.exe","ProcessGuid":"{1CE4A766-DA40-2026-F856-3185F54EBC67}","ProcessId":4581,"CommandLine":"C:\\Windows\\System32\\RuntimeBroker.exe","ParentImage":"C:\\Windows\\System32\\services.exe","ParentProcessGuid":"{9187EEA1-887F-2026-65E0-60A2F44598E6}","OriginalFileName":"C:\\Windows\\System32\\RuntimeBroker.exe"}
{"UtcTime":"2026-08-12 15:15:28.000","Computer":"CLM-MESA-014","User":"CLM\\mesa","EventID":3,"Image":"C:\\Program Files\\Google\\Chrome\\Application\\chrome.exe","ProcessGuid":"{F29C9E52-A15D-2026-FA84-6B4EE7C54E16}","ProcessId":6498,"DestinationIp":"10.70.30.8","DestinationPort":8080,"DestinationHostname":"portal.clm.liquidacao","SourceIp":"10.70.30.14","Protocol":"tcp"}
{"UtcTime":"2026-08-12 15:15:29.000","Computer":"CLM-MESA-014","User":"CLM\\ops","EventID":11,"Image":"C:\\Windows\\System32\\svchost.exe","ProcessGuid":"{F0406A7B-53B0-2026-21C3-BA2162547FD6}","ProcessId":575,"TargetFilename":"C:\\Users\\Public\\Temp\\mesa-3929.tmp"}
{"UtcTime":"2026-08-12 15:15:30.000","Computer":"CLM-MESA-014","User":"CLM\\backoffice","EventID":3,"Image":"C:\\Program Files\\Google\\Chrome\\Application\\chrome.exe","ProcessGuid":"{790E88C8-6EF4-2026-F18B-150CB0392603}","ProcessId":3598,"DestinationIp":"8.8.8.8","DestinationPort":53,"DestinationHostname":"ntp.clm.liquidacao","SourceIp":"10.70.30.14","Protocol":"tcp"}
{"UtcTime":"2026-08-12 15:15:31.000","Computer":"CLM-MESA-014","User":"CLM\\backoffice","EventID":13,"Image":"C:\\Windows\\System32\\conhost.exe","ProcessGuid":"{6B0EEE35-7089-2026-02BB-7BDBA277FAC2}","ProcessId":6043,"EventType":"SetValue","TargetObject":"HKCU\\Software\\CLM\\Mesa\\Pref\\3931","Details":"1"}
{"UtcTime":"2026-08-12 15:15:32.000","Computer":"CLM-MESA-014","User":"CLM\\mesa","EventID":3,"Image":"C:\\Program Files\\Google\\Chrome\\Application\\chrome.exe","ProcessGuid":"{917943A1-7633-2026-7E94-849AF9A78586}","ProcessId":1204,"DestinationIp":"10.70.30.1","DestinationPort":135,"DestinationHostname":"portal.clm.liquidacao","SourceIp":"10.70.30.14","Protocol":"tcp"}
{"UtcTime":"2026-08-12 15:15:33.000","Computer":"CLM-MESA-014","User":"CLM\\backoffice","EventID":1,"Image":"C:\\Windows\\explorer.exe","ProcessGuid":"{C16ACA52-8AF3-2026-D53F-BD5334B16F21}","ProcessId":4090,"CommandLine":"C:\\Windows\\explorer.exe","ParentImage":"C:\\Windows\\System32\\services.exe","ParentProcessGuid":"{2F4EED53-B55C-2026-EC92-81197D454145}","OriginalFileName":"C:\\Windows\\explorer.exe"}
{"UtcTime":"2026-08-12 15:15:34.000","Computer":"CLM-MESA-014","User":"CLM\\ops","EventID":1,"Image":"C:\\Windows\\System32\\svchost.exe","ProcessGuid":"{C2973953-C1DB-2026-DDC3-B996CB5DA531}","ProcessId":6810,"CommandLine":"C:\\Windows\\System32\\svchost.exe","ParentImage":"C:\\Windows\\System32\\services.exe","ParentProcessGuid":"{F0C5C593-56EB-2026-890F-01B0E45EB01E}","OriginalFileName":"C:\\Windows\\System32\\svchost.exe"}
{"UtcTime":"2026-08-12 15:15:35.000","Computer":"CLM-MESA-014","User":"CLM\\ops","EventID":13,"Image":"C:\\Program Files\\Microsoft Office\\Office16\\EXCEL.EXE","ProcessGuid":"{F1A93B32-11C5-2026-9F96-73BC04727426}","ProcessId":413,"EventType":"SetValue","TargetObject":"HKCU\\Software\\CLM\\Mesa\\Pref\\3935","Details":"1"}
{"UtcTime":"2026-08-12 15:15:36.000","Computer":"CLM-MESA-014","User":"CLM\\mesa","EventID":1,"Image":"C:\\Program Files\\Google\\Chrome\\Application\\chrome.exe","ProcessGuid":"{4AAEB747-EE79-2026-6415-E9D4715ED80B}","ProcessId":2448,"CommandLine":"C:\\Program Files\\Google\\Chrome\\Application\\chrome.exe","ParentImage":"C:\\Windows\\System32\\services.exe","ParentProcessGuid":"{146C5633-0941-2026-BD51-5C1DA4B5A625}","OriginalFileName":"C:\\Program Files\\Google\\Chrome\\Application\\chrome.exe"}
{"UtcTime":"2026-08-12 15:15:37.000","Computer":"CLM-MESA-014","User":"CLM\\mesa","EventID":13,"Image":"C:\\Program Files\\Google\\Chrome\\Application\\chrome.exe","ProcessGuid":"{D59108C8-AC8B-2026-9CDD-C4311AC205A1}","ProcessId":8500,"EventType":"SetValue","TargetObject":"HKCU\\Software\\CLM\\Mesa\\Pref\\3937","Details":"1"}
{"UtcTime":"2026-08-12 15:15:38.000","Computer":"CLM-MESA-014","User":"CLM\\mesa","EventID":11,"Image":"C:\\Program Files\\Google\\Chrome\\Application\\chrome.exe","ProcessGuid":"{39004911-050F-2026-E234-52EAC06A01CC}","ProcessId":3614,"TargetFilename":"C:\\Users\\Public\\Temp\\mesa-3938.tmp"}
{"UtcTime":"2026-08-12 15:15:39.000","Computer":"CLM-MESA-014","User":"CLM\\backoffice","EventID":1,"Image":"C:\\Program Files\\Google\\Chrome\\Application\\chrome.exe","ProcessGuid":"{AD35C260-2E62-2026-E829-9953BB3BE54B}","ProcessId":439,"CommandLine":"C:\\Program Files\\Google\\Chrome\\Application\\chrome.exe","ParentImage":"C:\\Windows\\System32\\services.exe","ParentProcessGuid":"{BB4D0432-4176-2026-703C-BA426139C3C4}","OriginalFileName":"C:\\Program Files\\Google\\Chrome\\Application\\chrome.exe"}
{"UtcTime":"2026-08-12 15:15:40.000","Computer":"CLM-MESA-014","User":"CLM\\ops","EventID":13,"Image":"C:\\Program Files\\Google\\Chrome\\Application\\chrome.exe","ProcessGuid":"{5C80B9E0-6AEA-2026-3385-79CC7CDF9CA9}","ProcessId":8284,"EventType":"SetValue","TargetObject":"HKCU\\Software\\CLM\\Mesa\\Pref\\3940","Details":"1"}
{"UtcTime":"2026-08-12 15:15:41.000","Computer":"CLM-MESA-014","User":"CLM\\mesa","EventID":11,"Image":"C:\\Windows\\System32\\svchost.exe","ProcessGuid":"{C5822EAA-E926-2026-A136-9F0968904DF0}","ProcessId":4148,"TargetFilename":"C:\\Users\\Public\\Temp\\mesa-3941.tmp"}
{"UtcTime":"2026-08-12 15:15:42.000","Computer":"CLM-MESA-014","User":"CLM\\ops","EventID":5,"Image":"C:\\Windows\\System32\\RuntimeBroker.exe","ProcessGuid":"{BDF4DA7F-FCEF-2026-55BB-DDC18E79A3A3}","ProcessId":6108,"EventType":"End"}
{"UtcTime":"2026-08-12 15:15:43.000","Computer":"CLM-MESA-014","User":"CLM\\mesa","EventID":1,"Image":"C:\\Windows\\System32\\RuntimeBroker.exe","ProcessGuid":"{972612FD-CBAB-2026-422A-E2F2841434BA}","ProcessId":6620,"CommandLine":"C:\\Windows\\System32\\RuntimeBroker.exe","ParentImage":"C:\\Windows\\System32\\services.exe","ParentProcessGuid":"{A673FF06-68B4-2026-82F9-C2970BEB50D2}","OriginalFileName":"C:\\Windows\\System32\\RuntimeBroker.exe"}
{"UtcTime":"2026-08-12 15:15:44.000","Computer":"CLM-MESA-014","User":"CLM\\backoffice","EventID":13,"Image":"C:\\Program Files\\Microsoft Office\\Office16\\EXCEL.EXE","ProcessGuid":"{70D71B6B-22B5-2026-7F4F-1D0E0412FF39}","ProcessId":8330,"EventType":"SetValue","TargetObject":"HKCU\\Software\\CLM\\Mesa\\Pref\\3944","Details":"1"}
{"UtcTime":"2026-08-12 15:15:45.000","Computer":"CLM-MESA-014","User":"CLM\\ops","EventID":1,"Image":"C:\\Program Files\\Microsoft Office\\Office16\\EXCEL.EXE","ProcessGuid":"{A267C4A4-658A-2026-C281-807138CE447D}","ProcessId":834,"CommandLine":"C:\\Program Files\\Microsoft Office\\Office16\\EXCEL.EXE","ParentImage":"C:\\Windows\\System32\\services.exe","ParentProcessGuid":"{1F1FFA1E-B3CA-2026-D862-4FFE99D17446}","OriginalFileName":"C:\\Program Files\\Microsoft Office\\Office16\\EXCEL.EXE"}
{"UtcTime":"2026-08-12 15:15:46.000","Computer":"CLM-MESA-014","User":"CLM\\mesa","EventID":5,"Image":"C:\\Windows\\explorer.exe","ProcessGuid":"{E0C4C23B-2C32-2026-0ADB-23F1F1012A9D}","ProcessId":7618,"EventType":"End"}
{"UtcTime":"2026-08-12 15:15:47.000","Computer":"CLM-MESA-014","User":"CLM\\mesa","EventID":3,"Image":"C:\\Program Files\\Microsoft Office\\Office16\\EXCEL.EXE","ProcessGuid":"{F90742B2-B10F-2026-52D2-C78C4AACE7A7}","ProcessId":7393,"DestinationIp":"8.8.8.8","DestinationPort":53,"DestinationHostname":"ntp.clm.liquidacao","SourceIp":"10.70.30.14","Protocol":"tcp"}
{"UtcTime":"2026-08-12 15:15:48.000","Computer":"CLM-MESA-014","User":"CLM\\backoffice","EventID":11,"Image":"C:\\Windows\\System32\\conhost.exe","ProcessGuid":"{007F69DB-2142-2026-ABF1-3D048D5A2E68}","ProcessId":709,"TargetFilename":"C:\\Users\\Public\\Temp\\mesa-3948.tmp"}
{"UtcTime":"2026-08-12 15:15:49.000","Computer":"CLM-MESA-014","User":"CLM\\ops","EventID":1,"Image":"C:\\Windows\\System32\\svchost.exe","ProcessGuid":"{D6F99E7D-01DC-2026-8981-1A201474950C}","ProcessId":5728,"CommandLine":"C:\\Windows\\System32\\svchost.exe","ParentImage":"C:\\Windows\\System32\\services.exe","ParentProcessGuid":"{6ABCFBC0-9871-2026-C75B-A73BB72D3B9B}","OriginalFileName":"C:\\Windows\\System32\\svchost.exe"}
{"UtcTime":"2026-08-12 15:15:50.000","Computer":"CLM-MESA-014","User":"CLM\\ops","EventID":13,"Image":"C:\\Program Files\\Microsoft Office\\Office16\\EXCEL.EXE","ProcessGuid":"{3ED8EDB5-5C42-2026-A898-35FCA06D208D}","ProcessId":8692,"EventType":"SetValue","TargetObject":"HKCU\\Software\\CLM\\Mesa\\Pref\\3950","Details":"1"}
{"UtcTime":"2026-08-12 15:15:51.000","Computer":"CLM-MESA-014","User":"CLM\\mesa","EventID":5,"Image":"C:\\Windows\\System32\\conhost.exe","ProcessGuid":"{15427AE9-0C1D-2026-3B53-A5F8C7299DB0}","ProcessId":4489,"EventType":"End"}
{"UtcTime":"2026-08-12 15:15:52.000","Computer":"CLM-MESA-014","User":"CLM\\mesa","EventID":1,"Image":"C:\\Windows\\explorer.exe","ProcessGuid":"{78811B21-DAA3-2026-F7B6-081A727D115E}","ProcessId":3781,"CommandLine":"C:\\Windows\\explorer.exe","ParentImage":"C:\\Windows\\System32\\services.exe","ParentProcessGuid":"{6E30CD3C-FA7B-2026-ABBD-80168E2FE429}","OriginalFileName":"C:\\Windows\\explorer.exe"}
{"UtcTime":"2026-08-12 15:15:53.000","Computer":"CLM-MESA-014","User":"CLM\\mesa","EventID":11,"Image":"C:\\Windows\\System32\\conhost.exe","ProcessGuid":"{4826DC92-D0D0-2026-00AA-5050050E1CEA}","ProcessId":1138,"TargetFilename":"C:\\Users\\Public\\Temp\\mesa-3953.tmp"}
{"UtcTime":"2026-08-12 15:15:54.000","Computer":"CLM-MESA-014","User":"CLM\\ops","EventID":1,"Image":"C:\\Windows\\explorer.exe","ProcessGuid":"{06D8376C-BADA-2026-DE5B-12FA52EA633B}","ProcessId":8730,"CommandLine":"C:\\Windows\\explorer.exe","ParentImage":"C:\\Windows\\System32\\services.exe","ParentProcessGuid":"{E6A1A925-55CD-2026-31BD-B6DD0BA0CBA0}","OriginalFileName":"C:\\Windows\\explorer.exe"}
{"UtcTime":"2026-08-12 15:15:55.000","Computer":"CLM-MESA-014","User":"CLM\\ops","EventID":1,"Image":"C:\\Windows\\System32\\conhost.exe","ProcessGuid":"{70BFFBA5-094E-2026-54DC-678A2641B8A3}","ProcessId":3469,"CommandLine":"C:\\Windows\\System32\\conhost.exe","ParentImage":"C:\\Windows\\System32\\services.exe","ParentProcessGuid":"{0F046ADD-3013-2026-E4A0-1BBB41012154}","OriginalFileName":"C:\\Windows\\System32\\conhost.exe"}
{"UtcTime":"2026-08-12 15:15:56.000","Computer":"CLM-MESA-014","User":"CLM\\ops","EventID":1,"Image":"C:\\Program Files\\Microsoft Office\\Office16\\EXCEL.EXE","ProcessGuid":"{9C320F64-7AB9-2026-89DD-BBEB42D87700}","ProcessId":3086,"CommandLine":"C:\\Program Files\\Microsoft Office\\Office16\\EXCEL.EXE","ParentImage":"C:\\Windows\\System32\\services.exe","ParentProcessGuid":"{4FEB49FC-1BE4-2026-18F9-D2D8C7495F5F}","OriginalFileName":"C:\\Program Files\\Microsoft Office\\Office16\\EXCEL.EXE"}
{"UtcTime":"2026-08-12 15:15:57.000","Computer":"CLM-MESA-014","User":"CLM\\ops","EventID":3,"Image":"C:\\Program Files\\Microsoft Office\\Office16\\EXCEL.EXE","ProcessGuid":"{7B75AF19-C6B1-2026-22BA-68E647600535}","ProcessId":3890,"DestinationIp":"10.70.30.1","DestinationPort":53,"DestinationHostname":"portal.clm.liquidacao","SourceIp":"10.70.30.14","Protocol":"tcp"}
{"UtcTime":"2026-08-12 15:15:58.000","Computer":"CLM-MESA-014","User":"CLM\\ops","EventID":11,"Image":"C:\\Windows\\explorer.exe","ProcessGuid":"{5B2524BC-2660-2026-FF72-17A4D1332E4E}","ProcessId":572,"TargetFilename":"C:\\Users\\Public\\Temp\\mesa-3958.tmp"}
{"UtcTime":"2026-08-12 15:15:59.000","Computer":"CLM-MESA-014","User":"CLM\\backoffice","EventID":13,"Image":"C:\\Program Files\\Google\\Chrome\\Application\\chrome.exe","ProcessGuid":"{F7EE6B4F-E81D-2026-CBC0-F6FEA67DEF98}","ProcessId":5522,"EventType":"SetValue","TargetObject":"HKCU\\Software\\CLM\\Mesa\\Pref\\3959","Details":"1"}
{"UtcTime":"2026-08-12 15:16:00.000","Computer":"CLM-MESA-014","User":"CLM\\backoffice","EventID":1,"Image":"C:\\Windows\\System32\\RuntimeBroker.exe","ProcessGuid":"{66CF22A3-6276-2026-C42F-B4FB391319F0}","ProcessId":5885,"CommandLine":"C:\\Windows\\System32\\RuntimeBroker.exe","ParentImage":"C:\\Windows\\System32\\services.exe","ParentProcessGuid":"{9CB51911-0CCB-2026-8131-38D4B9400EC9}","OriginalFileName":"C:\\Windows\\System32\\RuntimeBroker.exe"}
{"UtcTime":"2026-08-12 15:16:01.000","Computer":"CLM-MESA-014","User":"CLM\\backoffice","EventID":1,"Image":"C:\\Program Files\\Microsoft Office\\Office16\\EXCEL.EXE","ProcessGuid":"{91085771-4C32-2026-CB31-132B081EAE6A}","ProcessId":1465,"CommandLine":"C:\\Program Files\\Microsoft Office\\Office16\\EXCEL.EXE","ParentImage":"C:\\Windows\\System32\\services.exe","ParentProcessGuid":"{1D13D767-167F-2026-76F0-6DB11B6A6303}","OriginalFileName":"C:\\Program Files\\Microsoft Office\\Office16\\EXCEL.EXE"}
{"UtcTime":"2026-08-12 15:16:02.000","Computer":"CLM-MESA-014","User":"CLM\\mesa","EventID":5,"Image":"C:\\Program Files\\Google\\Chrome\\Application\\chrome.exe","ProcessGuid":"{ADF3D33F-6F0E-2026-31F9-4FE441CB8F04}","ProcessId":596,"EventType":"End"}
{"UtcTime":"2026-08-12 15:16:03.000","Computer":"CLM-MESA-014","User":"CLM\\mesa","EventID":1,"Image":"C:\\Windows\\System32\\conhost.exe","ProcessGuid":"{982B98A6-70C0-2026-98C3-CF8F899D1A10}","ProcessId":8264,"CommandLine":"C:\\Windows\\System32\\conhost.exe","ParentImage":"C:\\Windows\\System32\\services.exe","ParentProcessGuid":"{51876958-84A6-2026-3EC3-86137997B22B}","OriginalFileName":"C:\\Windows\\System32\\conhost.exe"}
{"UtcTime":"2026-08-12 15:16:04.000","Computer":"CLM-MESA-014","User":"CLM\\backoffice","EventID":11,"Image":"C:\\Program Files\\Microsoft Office\\Office16\\EXCEL.EXE","ProcessGuid":"{234147E6-B1D3-2026-242A-D66261C2A3F5}","ProcessId":2585,"TargetFilename":"C:\\Users\\Public\\Temp\\mesa-3964.tmp"}
{"UtcTime":"2026-08-12 15:16:05.000","Computer":"CLM-MESA-014","User":"CLM\\mesa","EventID":11,"Image":"C:\\Windows\\System32\\RuntimeBroker.exe","ProcessGuid":"{3BD8A438-94B8-2026-F93F-F01513F464DF}","ProcessId":1656,"TargetFilename":"C:\\Users\\Public\\Temp\\mesa-3965.tmp"}
{"UtcTime":"2026-08-12 15:16:06.000","Computer":"CLM-MESA-014","User":"CLM\\ops","EventID":13,"Image":"C:\\Windows\\System32\\RuntimeBroker.exe","ProcessGuid":"{F4CC8E94-6DE4-2026-35F1-BAF695B49A1A}","ProcessId":1841,"EventType":"SetValue","TargetObject":"HKCU\\Software\\CLM\\Mesa\\Pref\\3966","Details":"1"}
{"UtcTime":"2026-08-12 15:16:07.000","Computer":"CLM-MESA-014","User":"CLM\\mesa","EventID":1,"Image":"C:\\Windows\\System32\\svchost.exe","ProcessGuid":"{A729BC7B-8E5A-2026-C7FE-67A660FA1365}","ProcessId":5102,"CommandLine":"C:\\Windows\\System32\\svchost.exe","ParentImage":"C:\\Windows\\System32\\services.exe","ParentProcessGuid":"{EC24A4FA-D342-2026-008C-54E3ABA4C818}","OriginalFileName":"C:\\Windows\\System32\\svchost.exe"}
{"UtcTime":"2026-08-12 15:16:08.000","Computer":"CLM-MESA-014","User":"CLM\\ops","EventID":11,"Image":"C:\\Windows\\explorer.exe","ProcessGuid":"{26718D5D-85E7-2026-72D3-326D441F31FE}","ProcessId":3300,"TargetFilename":"C:\\Users\\Public\\Temp\\mesa-3968.tmp"}
{"UtcTime":"2026-08-12 15:16:09.000","Computer":"CLM-MESA-014","User":"CLM\\mesa","EventID":1,"Image":"C:\\Windows\\explorer.exe","ProcessGuid":"{CF60C08C-8FF4-2026-1D3C-A7E3576CD485}","ProcessId":1081,"CommandLine":"C:\\Windows\\explorer.exe","ParentImage":"C:\\Windows\\System32\\services.exe","ParentProcessGuid":"{C963CE62-B8A7-2026-0A41-8F78339E0828}","OriginalFileName":"C:\\Windows\\explorer.exe"}
{"UtcTime":"2026-08-12 15:16:10.000","Computer":"CLM-MESA-014","User":"CLM\\mesa","EventID":5,"Image":"C:\\Windows\\System32\\conhost.exe","ProcessGuid":"{F71AB8D9-254B-2026-CA5D-C8B2AF22614E}","ProcessId":1071,"EventType":"End"}
