{"UtcTime":"2026-08-12 10:44:14.000","Computer":"TN-FIN-WS042","User":"TRANSNORTE\\ops.cardoso","EventID":1,"Image":"C:\\Windows\\System32\\conhost.exe","ProcessGuid":"{DA7471DB-F99D-2026-D357-8BA9EC418366}","ProcessId":6500,"CommandLine":"C:\\Windows\\System32\\conhost.exe","ParentImage":"C:\\Windows\\System32\\services.exe","ParentProcessGuid":"{11A60B35-62AA-2026-2AE1-0CB212DCFE61}","OriginalFileName":"C:\\Windows\\System32\\conhost.exe","SHA256":"0d58ae20c0e0cefea8cb24ff350fefb3f2ab5d82e19ce54e149c06f8d72fa5a1"}
{"UtcTime":"2026-08-12 10:44:15.000","Computer":"TN-FIN-WS042","User":"TRANSNORTE\\backup_svc","EventID":1,"Image":"C:\\Windows\\System32\\svchost.exe","ProcessGuid":"{43B99EB6-E257-2026-237D-1A3829AD0BB4}","ProcessId":2215,"CommandLine":"C:\\Windows\\System32\\svchost.exe","ParentImage":"C:\\Windows\\System32\\services.exe","ParentProcessGuid":"{DB3D8D1B-277E-2026-77CF-E398306E413D}","OriginalFileName":"C:\\Windows\\System32\\svchost.exe","SHA256":"a2ddcf8eb0e452f528457ac70a7ca9fcdd9bfe7761a02e5bbd6ca49c56060a7f"}
{"UtcTime":"2026-08-12 10:44:16.000","Computer":"TN-FIN-WS042","User":"TRANSNORTE\\ops.cardoso","EventID":13,"Image":"C:\\Windows\\System32\\svchost.exe","ProcessGuid":"{D2DE8783-D34F-2026-AF77-75097973DC88}","ProcessId":3283,"EventType":"SetValue","TargetObject":"HKCU\\Software\\Microsoft\\Office\\16.0\\Outlook\\Resiliency\\3856","Details":"1"}
{"UtcTime":"2026-08-12 10:44:17.000","Computer":"TN-FIN-WS042","User":"TRANSNORTE\\backup_svc","EventID":5,"Image":"C:\\Program Files\\Microsoft Office\\Office16\\OUTLOOK.EXE","ProcessGuid":"{B6153AF6-719B-2026-D40A-C601392B5804}","ProcessId":3579,"EventType":"End"}
{"UtcTime":"2026-08-12 10:44:18.000","Computer":"TN-FIN-WS042","User":"TRANSNORTE\\ops.cardoso","EventID":13,"Image":"C:\\Windows\\System32\\conhost.exe","ProcessGuid":"{B847FA7C-4271-2026-4477-4ACEFEC4D3A7}","ProcessId":1197,"EventType":"SetValue","TargetObject":"HKCU\\Software\\Microsoft\\Office\\16.0\\Outlook\\Resiliency\\3858","Details":"1"}
{"UtcTime":"2026-08-12 10:44:19.000","Computer":"TN-FIN-WS042","User":"TRANSNORTE\\backup_svc","EventID":3,"Image":"C:\\Program Files\\Microsoft Office\\Office16\\OUTLOOK.EXE","ProcessGuid":"{68D03717-88D0-2026-5F75-7E32D86A1CA7}","ProcessId":8386,"DestinationIp":"8.8.8.8","DestinationPort":8080,"SourceIp":"10.50.10.42","Protocol":"tcp"}
{"UtcTime":"2026-08-12 10:44:20.000","Computer":"TN-FIN-WS042","User":"TRANSNORTE\\backup_svc","EventID":1,"Image":"C:\\Windows\\System32\\RuntimeBroker.exe","ProcessGuid":"{067FC4C6-C37D-2026-FCBF-30D4A6A5E8FA}","ProcessId":8946,"CommandLine":"C:\\Windows\\System32\\RuntimeBroker.exe","ParentImage":"C:\\Windows\\System32\\services.exe","ParentProcessGuid":"{B7BB2DA6-63FE-2026-D152-6B0FA2F907C9}","OriginalFileName":"C:\\Windows\\System32\\RuntimeBroker.exe","SHA256":"9a5ee5bc46c9d7f3cfd4df408049ca3aef39777fb69b9326b06d1716ad15f3aa"}
{"UtcTime":"2026-08-12 10:44:21.000","Computer":"TN-FIN-WS042","User":"TRANSNORTE\\ops.cardoso","EventID":3,"Image":"C:\\Windows\\System32\\conhost.exe","ProcessGuid":"{F70F48E6-B404-2026-E1A1-B2ECC2BD19A7}","ProcessId":5709,"DestinationIp":"1.1.1.1","DestinationPort":53,"SourceIp":"10.50.10.42","Protocol":"tcp"}
{"UtcTime":"2026-08-12 10:44:22.000","Computer":"TN-FIN-WS042","User":"TRANSNORTE\\ops.cardoso","EventID":3,"Image":"C:\\Windows\\System32\\RuntimeBroker.exe","ProcessGuid":"{C317D642-02CF-2026-E94C-AF67EC16B742}","ProcessId":1606,"DestinationIp":"10.50.10.88","DestinationPort":53,"SourceIp":"10.50.10.42","Protocol":"tcp"}
{"UtcTime":"2026-08-12 10:44:23.000","Computer":"TN-FIN-WS042","User":"TRANSNORTE\\backup_svc","EventID":13,"Image":"C:\\Windows\\explorer.exe","ProcessGuid":"{D7340CB1-83C4-2026-A761-FC7FE5BA5777}","ProcessId":1886,"EventType":"SetValue","TargetObject":"HKCU\\Software\\Microsoft\\Office\\16.0\\Outlook\\Resiliency\\3863","Details":"1"}
{"UtcTime":"2026-08-12 10:44:24.000","Computer":"TN-FIN-WS042","User":"TRANSNORTE\\backup_svc","EventID":11,"Image":"C:\\Program Files\\Microsoft Office\\Office16\\OUTLOOK.EXE","ProcessGuid":"{C3FCCAD6-DAEB-2026-BB05-82B6D27E5A4C}","ProcessId":7435,"TargetFilename":"C:\\Users\\ops.cardoso\\AppData\\Local\\Temp\\office-3864.tmp"}
{"UtcTime":"2026-08-12 10:44:25.000","Computer":"TN-FIN-WS042","User":"TRANSNORTE\\backup_svc","EventID":13,"Image":"C:\\Program Files\\Microsoft Office\\Office16\\OUTLOOK.EXE","ProcessGuid":"{8F6AF95E-21AF-2026-D9C7-604AA2EAC266}","ProcessId":5191,"EventType":"SetValue","TargetObject":"HKCU\\Software\\Microsoft\\Office\\16.0\\Outlook\\Resiliency\\3865","Details":"1"}
{"UtcTime":"2026-08-12 10:44:26.000","Computer":"TN-FIN-WS042","User":"TRANSNORTE\\backup_svc","EventID":1,"Image":"C:\\Windows\\System32\\conhost.exe","ProcessGuid":"{26F7A3E7-988F-2026-DBCF-73F77B164E13}","ProcessId":6528,"CommandLine":"C:\\Windows\\System32\\conhost.exe","ParentImage":"C:\\Windows\\System32\\services.exe","ParentProcessGuid":"{C67E433F-7B01-2026-DA42-BFEFF0A355DA}","OriginalFileName":"C:\\Windows\\System32\\conhost.exe","SHA256":"39c55dfd8983f512b0799b52fb93e84d31f76f11bec16606d99872f31e34cf8d"}
{"UtcTime":"2026-08-12 10:44:27.000","Computer":"TN-FIN-WS042","User":"TRANSNORTE\\backup_svc","EventID":5,"Image":"C:\\Windows\\System32\\RuntimeBroker.exe","ProcessGuid":"{6F6DC438-D176-2026-8CFE-B3C7030FE183}","ProcessId":2680,"EventType":"End"}
{"UtcTime":"2026-08-12 10:44:28.000","Computer":"TN-FIN-WS042","User":"TRANSNORTE\\backup_svc","EventID":11,"Image":"C:\\Windows\\System32\\conhost.exe","ProcessGuid":"{6B73F30E-92A6-2026-BE89-CFCB11C279E7}","ProcessId":3898,"TargetFilename":"C:\\Users\\ops.cardoso\\AppData\\Local\\Temp\\office-3868.tmp"}
{"UtcTime":"2026-08-12 10:44:29.000","Computer":"TN-FIN-WS042","User":"TRANSNORTE\\ops.cardoso","EventID":1,"Image":"C:\\Windows\\System32\\svchost.exe","ProcessGuid":"{64A24384-DCE6-2026-F47E-B4427FE00C9D}","ProcessId":1103,"CommandLine":"C:\\Windows\\System32\\svchost.exe","ParentImage":"C:\\Windows\\System32\\services.exe","ParentProcessGuid":"{5EF3946E-6FF0-2026-05FC-A9C61ED88B71}","OriginalFileName":"C:\\Windows\\System32\\svchost.exe","SHA256":"082c64b19e3f7e15ba138973206669cc517a4dc0fc812de2a0991c83f7d66e8e"}
{"UtcTime":"2026-08-12 10:44:30.000","Computer":"TN-FIN-WS042","User":"TRANSNORTE\\ops.cardoso","EventID":13,"Image":"C:\\Windows\\System32\\svchost.exe","ProcessGuid":"{CCB1818E-E3FB-2026-40CA-C1184A5B395A}","ProcessId":6567,"EventType":"SetValue","TargetObject":"HKCU\\Software\\Microsoft\\Office\\16.0\\Outlook\\Resiliency\\3870","Details":"1"}
{"UtcTime":"2026-08-12 10:44:31.000","Computer":"TN-FIN-WS042","User":"TRANSNORTE\\ops.cardoso","EventID":13,"Image":"C:\\Windows\\System32\\RuntimeBroker.exe","ProcessGuid":"{77CA580E-DDB6-2026-CA02-027EF860F970}","ProcessId":6700,"EventType":"SetValue","TargetObject":"HKCU\\Software\\Microsoft\\Office\\16.0\\Outlook\\Resiliency\\3871","Details":"1"}
{"UtcTime":"2026-08-12 10:44:32.000","Computer":"TN-FIN-WS042","User":"TRANSNORTE\\ops.cardoso","EventID":5,"Image":"C:\\Windows\\System32\\RuntimeBroker.exe","ProcessGuid":"{08C5098A-97CE-2026-6E8C-6B4D58136717}","ProcessId":3643,"EventType":"End"}
{"UtcTime":"2026-08-12 10:44:33.000","Computer":"TN-FIN-WS042","User":"TRANSNORTE\\backup_svc","EventID":5,"Image":"C:\\Windows\\System32\\conhost.exe","ProcessGuid":"{3D6F555C-75BE-2026-7446-240C586C0A31}","ProcessId":2731,"EventType":"End"}
{"UtcTime":"2026-08-12 10:44:34.000","Computer":"TN-FIN-WS042","User":"TRANSNORTE\\backup_svc","EventID":3,"Image":"C:\\Windows\\System32\\conhost.exe","ProcessGuid":"{139CEB81-8481-2026-2CC2-A5E128D5EBC9}","ProcessId":8133,"DestinationIp":"10.50.10.10","DestinationPort":8080,"SourceIp":"10.50.10.42","Protocol":"tcp"}
{"UtcTime":"2026-08-12 10:44:35.000","Computer":"TN-FIN-WS042","User":"TRANSNORTE\\backup_svc","EventID":1,"Image":"C:\\Windows\\System32\\conhost.exe","ProcessGuid":"{EF7AB369-620B-2026-4071-04BE8D9687EF}","ProcessId":3252,"CommandLine":"C:\\Windows\\System32\\conhost.exe","ParentImage":"C:\\Windows\\System32\\services.exe","ParentProcessGuid":"{0ED2876C-48B9-2026-EC82-4515992E2020}","OriginalFileName":"C:\\Windows\\System32\\conhost.exe","SHA256":"9cd9f799371f4e0d4878f82e44a51b3b5bf224f7f469fcd3b657d019b8e86c51"}
{"UtcTime":"2026-08-12 10:44:36.000","Computer":"TN-FIN-WS042","User":"TRANSNORTE\\backup_svc","EventID":1,"Image":"C:\\Windows\\System32\\RuntimeBroker.exe","ProcessGuid":"{6E2283BC-135C-2026-A673-D9B8425F0CEB}","ProcessId":1979,"CommandLine":"C:\\Windows\\System32\\RuntimeBroker.exe","ParentImage":"C:\\Windows\\System32\\services.exe","ParentProcessGuid":"{2E0921C4-FFFA-2026-DDD5-853B0F41BD56}","OriginalFileName":"C:\\Windows\\System32\\RuntimeBroker.exe","SHA256":"43cd1db47766c746d1ba0257a8776a54097410ca216f9cdc301c80f5d49d8523"}
{"UtcTime":"2026-08-12 10:44:37.000","Computer":"TN-FIN-WS042","User":"TRANSNORTE\\ops.cardoso","EventID":11,"Image":"C:\\Windows\\System32\\RuntimeBroker.exe","ProcessGuid":"{33DDF5FC-A388-2026-D126-5DC6B0DB5FCE}","ProcessId":4910,"TargetFilename":"C:\\Users\\ops.cardoso\\AppData\\Local\\Temp\\office-3877.tmp"}
{"UtcTime":"2026-08-12 10:44:38.000","Computer":"TN-FIN-WS042","User":"TRANSNORTE\\backup_svc","EventID":1,"Image":"C:\\Windows\\System32\\svchost.exe","ProcessGuid":"{46D11F34-E8B1-2026-CD55-3E704BA526B5}","ProcessId":7094,"CommandLine":"C:\\Windows\\System32\\svchost.exe","ParentImage":"C:\\Windows\\System32\\services.exe","ParentProcessGuid":"{5BEFDE25-DFD0-2026-8852-AB785516E71D}","OriginalFileName":"C:\\Windows\\System32\\svchost.exe","SHA256":"bcad8bd1bd936fead46d356ca3ceff79201b0867fbbb47c61df5925769141362"}
{"UtcTime":"2026-08-12 10:44:39.000","Computer":"TN-FIN-WS042","User":"TRANSNORTE\\backup_svc","EventID":11,"Image":"C:\\Program Files\\Google\\Chrome\\Application\\chrome.exe","ProcessGuid":"{23CABCEC-E5FA-2026-A638-7837E84980C5}","ProcessId":3358,"TargetFilename":"C:\\Users\\ops.cardoso\\AppData\\Local\\Temp\\office-3879.tmp"}
{"UtcTime":"2026-08-12 10:44:40.000","Computer":"TN-FIN-WS042","User":"TRANSNORTE\\backup_svc","EventID":1,"Image":"C:\\Windows\\System32\\svchost.exe","ProcessGuid":"{F72916B1-11BA-2026-821C-1D3B4877F75E}","ProcessId":8857,"CommandLine":"C:\\Windows\\System32\\svchost.exe","ParentImage":"C:\\Windows\\System32\\services.exe","ParentProcessGuid":"{77E73B6A-277A-2026-331D-C476C19B4024}","OriginalFileName":"C:\\Windows\\System32\\svchost.exe","SHA256":"199ce3b96a604d8ca519396813a380efb34d8972a9c9dd40d851f3146a80252e"}
{"UtcTime":"2026-08-12 10:44:41.000","Computer":"TN-FIN-WS042","User":"TRANSNORTE\\backup_svc","EventID":13,"Image":"C:\\Windows\\System32\\RuntimeBroker.exe","ProcessGuid":"{EAA0CB60-F2A4-2026-DD6C-3E0F686BD84D}","ProcessId":4193,"EventType":"SetValue","TargetObject":"HKCU\\Software\\Microsoft\\Office\\16.0\\Outlook\\Resiliency\\3881","Details":"1"}
{"UtcTime":"2026-08-12 10:44:42.000","Computer":"TN-FIN-WS042","User":"TRANSNORTE\\backup_svc","EventID":13,"Image":"C:\\Windows\\System32\\conhost.exe","ProcessGuid":"{1C9E6703-859B-2026-AF8D-62F129AE70F7}","ProcessId":8846,"EventType":"SetValue","TargetObject":"HKCU\\Software\\Microsoft\\Office\\16.0\\Outlook\\Resiliency\\3882","Details":"1"}
{"UtcTime":"2026-08-12 10:44:43.000","Computer":"TN-FIN-WS042","User":"TRANSNORTE\\backup_svc","EventID":1,"Image":"C:\\Program Files\\Microsoft Office\\Office16\\OUTLOOK.EXE","ProcessGuid":"{BE9095F9-B9AA-2026-5A88-E867B2DF194D}","ProcessId":3336,"CommandLine":"C:\\Program Files\\Microsoft Office\\Office16\\OUTLOOK.EXE","ParentImage":"C:\\Windows\\System32\\services.exe","ParentProcessGuid":"{A39B7D29-9563-2026-AD23-2ABF868BF36A}","OriginalFileName":"C:\\Program Files\\Microsoft Office\\Office16\\OUTLOOK.EXE","SHA256":"dd5ab104d8b03867c116311789c4d90be909846d4acaa41ec01e1c26adaf179b"}
{"UtcTime":"2026-08-12 10:44:44.000","Computer":"TN-FIN-WS042","User":"TRANSNORTE\\backup_svc","EventID":1,"Image":"C:\\Windows\\System32\\svchost.exe","ProcessGuid":"{FA4FD3AF-9A3D-2026-67F5-2A21B2A25C6E}","ProcessId":1060,"CommandLine":"C:\\Windows\\System32\\svchost.exe","ParentImage":"C:\\Windows\\System32\\services.exe","ParentProcessGuid":"{B2D52D6A-40D0-2026-53F6-3C334CFB5F7D}","OriginalFileName":"C:\\Windows\\System32\\svchost.exe","SHA256":"785692249f6ccaaf7d83aca53de133bdf77d4fcd8a8e746619672b98c8d915ed"}
{"UtcTime":"2026-08-12 10:44:45.000","Computer":"TN-FIN-WS042","User":"TRANSNORTE\\backup_svc","EventID":1,"Image":"C:\\Program Files\\Google\\Chrome\\Application\\chrome.exe","ProcessGuid":"{634E120D-7649-2026-7FCD-67EB8D64D50B}","ProcessId":6234,"CommandLine":"C:\\Program Files\\Google\\Chrome\\Application\\chrome.exe","ParentImage":"C:\\Windows\\System32\\services.exe","ParentProcessGuid":"{4B4371FD-96EA-2026-7E62-F85F9F580397}","OriginalFileName":"C:\\Program Files\\Google\\Chrome\\Application\\chrome.exe","SHA256":"56808c9bcd54d216e37a6a105a34bd0b9825eee5b931ca1ccef3973c8031be01"}
{"UtcTime":"2026-08-12 10:44:46.000","Computer":"TN-FIN-WS042","User":"TRANSNORTE\\backup_svc","EventID":1,"Image":"C:\\Windows\\System32\\RuntimeBroker.exe","ProcessGuid":"{F65037EE-A7F7-2026-5190-A01B823B5596}","ProcessId":3186,"CommandLine":"C:\\Windows\\System32\\RuntimeBroker.exe","ParentImage":"C:\\Windows\\System32\\services.exe","ParentProcessGuid":"{4C76470E-1F65-2026-E030-27150808AE93}","OriginalFileName":"C:\\Windows\\System32\\RuntimeBroker.exe","SHA256":"e8070624000ad310f5373b4bbab3a5907f3a9022a97b741029783b8c71842a16"}
{"UtcTime":"2026-08-12 10:44:47.000","Computer":"TN-FIN-WS042","User":"TRANSNORTE\\backup_svc","EventID":13,"Image":"C:\\Program Files\\Microsoft Office\\Office16\\OUTLOOK.EXE","ProcessGuid":"{ACFA4D98-EF26-2026-2F24-0DB38DFA28D6}","ProcessId":7654,"EventType":"SetValue","TargetObject":"HKCU\\Software\\Microsoft\\Office\\16.0\\Outlook\\Resiliency\\3887","Details":"1"}
{"UtcTime":"2026-08-12 10:44:48.000","Computer":"TN-FIN-WS042","User":"TRANSNORTE\\ops.cardoso","EventID":5,"Image":"C:\\Windows\\System32\\RuntimeBroker.exe","ProcessGuid":"{1BEF1D1E-DC01-2026-FCCF-B6E20FF598E9}","ProcessId":1658,"EventType":"End"}
{"UtcTime":"2026-08-12 10:44:49.000","Computer":"TN-FIN-WS042","User":"TRANSNORTE\\ops.cardoso","EventID":1,"Image":"C:\\Windows\\System32\\conhost.exe","ProcessGuid":"{85608069-3CE7-2026-5F0E-CF5D1E88EF8C}","ProcessId":1332,"CommandLine":"C:\\Windows\\System32\\conhost.exe","ParentImage":"C:\\Windows\\System32\\services.exe","ParentProcessGuid":"{0396D3C8-65A6-2026-F878-4F10508FCD32}","OriginalFileName":"C:\\Windows\\System32\\conhost.exe","SHA256":"0350e9b270e4b2eee6af830f101540a647825ee3d4af10b2c6889c17f94aa4a4"}
{"UtcTime":"2026-08-12 10:44:50.000","Computer":"TN-FIN-WS042","User":"TRANSNORTE\\ops.cardoso","EventID":1,"Image":"C:\\Windows\\System32\\conhost.exe","ProcessGuid":"{AC44ABC9-1A28-2026-8E0A-6A1EFA3F5E45}","ProcessId":1430,"CommandLine":"C:\\Windows\\System32\\conhost.exe","ParentImage":"C:\\Windows\\System32\\services.exe","ParentProcessGuid":"{F25F41A1-EB12-2026-8A9E-317EF1B152F8}","OriginalFileName":"C:\\Windows\\System32\\conhost.exe","SHA256":"0ede9cce6b2591124142e2b9f97b5182218284189c2383119a1f23d0aec2833e"}
{"UtcTime":"2026-08-12 10:44:51.000","Computer":"TN-FIN-WS042","User":"TRANSNORTE\\backup_svc","EventID":1,"Image":"C:\\Windows\\System32\\svchost.exe","ProcessGuid":"{60A83194-0658-2026-9D4F-6F03892766C0}","ProcessId":749,"CommandLine":"C:\\Windows\\System32\\svchost.exe","ParentImage":"C:\\Windows\\System32\\services.exe","ParentProcessGuid":"{F42443BA-4FBF-2026-DA36-8917997546D2}","OriginalFileName":"C:\\Windows\\System32\\svchost.exe","SHA256":"45c86aa668aa40a417e94c9e99de1e2a04d44df02684918f7903bc8bab08e391"}
{"UtcTime":"2026-08-12 10:44:52.000","Computer":"TN-FIN-WS042","User":"TRANSNORTE\\backup_svc","EventID":5,"Image":"C:\\Windows\\explorer.exe","ProcessGuid":"{E0DEEC57-6CE1-2026-364F-5E2347999827}","ProcessId":8586,"EventType":"End"}
{"UtcTime":"2026-08-12 10:44:53.000","Computer":"TN-FIN-WS042","User":"TRANSNORTE\\ops.cardoso","EventID":5,"Image":"C:\\Windows\\explorer.exe","ProcessGuid":"{2304A749-53F8-2026-1A0C-BEC7E70FCE5E}","ProcessId":8527,"EventType":"End"}
{"UtcTime":"2026-08-12 10:44:54.000","Computer":"TN-FIN-WS042","User":"TRANSNORTE\\ops.cardoso","EventID":1,"Image":"C:\\Windows\\explorer.exe","ProcessGuid":"{8B628F9A-B9BB-2026-4EAB-486CD94B4314}","ProcessId":7898,"CommandLine":"C:\\Windows\\explorer.exe","ParentImage":"C:\\Windows\\System32\\services.exe","ParentProcessGuid":"{34D21A5E-F002-2026-9644-3DE78439D431}","OriginalFileName":"C:\\Windows\\explorer.exe","SHA256":"720fea302448765b2ffc1a5171943fb17108bbedbe22869b0a69c27c011a6727"}
{"UtcTime":"2026-08-12 10:44:55.000","Computer":"TN-FIN-WS042","User":"TRANSNORTE\\backup_svc","EventID":5,"Image":"C:\\Program Files\\Google\\Chrome\\Application\\chrome.exe","ProcessGuid":"{4DFFA49B-0BED-2026-C9ED-4FD8CD7334A7}","ProcessId":3358,"EventType":"End"}
{"UtcTime":"2026-08-12 10:44:56.000","Computer":"TN-FIN-WS042","User":"TRANSNORTE\\backup_svc","EventID":5,"Image":"C:\\Windows\\System32\\RuntimeBroker.exe","ProcessGuid":"{0255EB7B-16FB-2026-4EF8-BB25C4ACEEE6}","ProcessId":850,"EventType":"End"}
{"UtcTime":"2026-08-12 10:44:57.000","Computer":"TN-FIN-WS042","User":"TRANSNORTE\\backup_svc","EventID":1,"Image":"C:\\Windows\\explorer.exe","ProcessGuid":"{F3B45973-6478-2026-72B9-D0DFF24FA821}","ProcessId":7113,"CommandLine":"C:\\Windows\\explorer.exe","ParentImage":"C:\\Windows\\System32\\services.exe","ParentProcessGuid":"{31A5C3B0-BE5A-2026-F59C-EC3B2EBFC433}","OriginalFileName":"C:\\Windows\\explorer.exe","SHA256":"5853b5d44d8d29683c4db69c90544174781e06e584069624e5c29a47fbf7b0f0"}
{"UtcTime":"2026-08-12 10:44:58.000","Computer":"TN-FIN-WS042","User":"TRANSNORTE\\backup_svc","EventID":1,"Image":"C:\\Windows\\System32\\conhost.exe","ProcessGuid":"{83007846-9D95-2026-75D3-53E2395D6AF5}","ProcessId":7857,"CommandLine":"C:\\Windows\\System32\\conhost.exe","ParentImage":"C:\\Windows\\System32\\services.exe","ParentProcessGuid":"{4C2BEC73-9D20-2026-0462-605EEDE9F7D2}","OriginalFileName":"C:\\Windows\\System32\\conhost.exe","SHA256":"1af622c97c7eacc0ef2ce1b9ba05bb0e7b70833c2d90ccce7ae3089717f85e5f"}
{"UtcTime":"2026-08-12 10:44:59.000","Computer":"TN-FIN-WS042","User":"TRANSNORTE\\backup_svc","EventID":3,"Image":"C:\\Program Files\\Microsoft Office\\Office16\\OUTLOOK.EXE","ProcessGuid":"{93CEC749-F077-2026-B189-7E36D6171036}","ProcessId":2872,"DestinationIp":"1.1.1.1","DestinationPort":8080,"SourceIp":"10.50.10.42","Protocol":"tcp"}
{"UtcTime":"2026-08-12 10:45:00.000","Computer":"TN-FIN-WS042","User":"TRANSNORTE\\ops.cardoso","EventID":1,"Image":"C:\\Windows\\explorer.exe","ProcessGuid":"{6D39A1FA-916A-2026-BB15-694EAE75E954}","ProcessId":808,"CommandLine":"C:\\Windows\\explorer.exe","ParentImage":"C:\\Windows\\System32\\services.exe","ParentProcessGuid":"{E38E504F-0B3C-2026-C3AE-F11E0848664A}","OriginalFileName":"C:\\Windows\\explorer.exe","SHA256":"b70833fd2bde6aefbfd769c0f1a0cfebbfee6fa35bbb89464d8dcd8bc727b8db"}
{"UtcTime":"2026-08-12 10:45:01.000","Computer":"TN-FIN-WS042","User":"TRANSNORTE\\backup_svc","EventID":5,"Image":"C:\\Windows\\System32\\svchost.exe","ProcessGuid":"{05665386-7EE6-2026-FF21-B35754FBAE8F}","ProcessId":8043,"EventType":"End"}
{"UtcTime":"2026-08-12 10:45:02.000","Computer":"TN-FIN-WS042","User":"TRANSNORTE\\backup_svc","EventID":13,"Image":"C:\\Program Files\\Microsoft Office\\Office16\\OUTLOOK.EXE","ProcessGuid":"{2E7AE348-4FC5-2026-AB5D-2FE06C314C57}","ProcessId":5398,"EventType":"SetValue","TargetObject":"HKCU\\Software\\Microsoft\\Office\\16.0\\Outlook\\Resiliency\\3902","Details":"1"}
{"UtcTime":"2026-08-12 10:45:03.000","Computer":"TN-FIN-WS042","User":"TRANSNORTE\\ops.cardoso","EventID":13,"Image":"C:\\Windows\\System32\\svchost.exe","ProcessGuid":"{C200890D-9CB9-2026-57CB-6DB8A33237FA}","ProcessId":4949,"EventType":"SetValue","TargetObject":"HKCU\\Software\\Microsoft\\Office\\16.0\\Outlook\\Resiliency\\3903","Details":"1"}
{"UtcTime":"2026-08-12 10:45:04.000","Computer":"TN-FIN-WS042","User":"TRANSNORTE\\ops.cardoso","EventID":1,"Image":"C:\\Windows\\System32\\svchost.exe","ProcessGuid":"{459DD9DB-5E87-2026-BFC4-E5B5E280C4D3}","ProcessId":6637,"CommandLine":"C:\\Windows\\System32\\svchost.exe","ParentImage":"C:\\Windows\\System32\\services.exe","ParentProcessGuid":"{244A65BB-E091-2026-C567-91515CC4DFD3}","OriginalFileName":"C:\\Windows\\System32\\svchost.exe","SHA256":"778fa7c47665a02229f823f4c51e5dc606bdbb20b29362e230831d7614fa4e8a"}
{"UtcTime":"2026-08-12 10:45:05.000","Computer":"TN-FIN-WS042","User":"TRANSNORTE\\ops.cardoso","EventID":11,"Image":"C:\\Windows\\explorer.exe","ProcessGuid":"{B248EA1B-EFCE-2026-8CA4-44EEF242647B}","ProcessId":4590,"TargetFilename":"C:\\Users\\ops.cardoso\\AppData\\Local\\Temp\\office-3905.tmp"}
{"UtcTime":"2026-08-12 10:45:06.000","Computer":"TN-FIN-WS042","User":"TRANSNORTE\\backup_svc","EventID":1,"Image":"C:\\Windows\\explorer.exe","ProcessGuid":"{17E5DBD3-EB52-2026-D7C5-5A1813D0C7F4}","ProcessId":4720,"CommandLine":"C:\\Windows\\explorer.exe","ParentImage":"C:\\Windows\\System32\\services.exe","ParentProcessGuid":"{71BBDC7F-169D-2026-6C54-58A21859DFDC}","OriginalFileName":"C:\\Windows\\explorer.exe","SHA256":"90da757ce378299d330a2f1a58e1bda24154e51bf47e9324a9444a3286b4a087"}
{"UtcTime":"2026-08-12 10:45:07.000","Computer":"TN-FIN-WS042","User":"TRANSNORTE\\ops.cardoso","EventID":1,"Image":"C:\\Windows\\System32\\conhost.exe","ProcessGuid":"{7D37BD25-B0DB-2026-791E-412E1321DDAE}","ProcessId":2142,"CommandLine":"C:\\Windows\\System32\\conhost.exe","ParentImage":"C:\\Windows\\System32\\services.exe","ParentProcessGuid":"{E682DEEF-AEE3-2026-1229-D7D4DEC00DAF}","OriginalFileName":"C:\\Windows\\System32\\conhost.exe","SHA256":"4e683795f284bc6059886d93041523cbf18a2eb6cdae3289a70e5723a7136d3a"}
{"UtcTime":"2026-08-12 10:45:08.000","Computer":"TN-FIN-WS042","User":"TRANSNORTE\\backup_svc","EventID":13,"Image":"C:\\Program Files\\Google\\Chrome\\Application\\chrome.exe","ProcessGuid":"{934F2A91-2CC2-2026-FD1E-577BA6A7C6F6}","ProcessId":7766,"EventType":"SetValue","TargetObject":"HKCU\\Software\\Microsoft\\Office\\16.0\\Outlook\\Resiliency\\3908","Details":"1"}
{"UtcTime":"2026-08-12 10:45:09.000","Computer":"TN-FIN-WS042","User":"TRANSNORTE\\ops.cardoso","EventID":1,"Image":"C:\\Windows\\System32\\conhost.exe","ProcessGuid":"{20F35870-D2FD-2026-CF66-39BBE7EFD2CA}","ProcessId":1225,"CommandLine":"C:\\Windows\\System32\\conhost.exe","ParentImage":"C:\\Windows\\System32\\services.exe","ParentProcessGuid":"{376B48AE-FCB7-2026-E9F4-3A58AD4BCAAE}","OriginalFileName":"C:\\Windows\\System32\\conhost.exe","SHA256":"a6a0ec94a832de2cb2407bf9627f48dfb567bdf7ac274d433b2e4941dd833ad5"}
{"UtcTime":"2026-08-12 10:45:10.000","Computer":"TN-FIN-WS042","User":"TRANSNORTE\\ops.cardoso","EventID":11,"Image":"C:\\Windows\\explorer.exe","ProcessGuid":"{EEAFC1E8-00B7-2026-1EAB-775535339E4A}","ProcessId":1712,"TargetFilename":"C:\\Users\\ops.cardoso\\AppData\\Local\\Temp\\office-3910.tmp"}
{"UtcTime":"2026-08-12 10:45:11.000","Computer":"TN-FIN-WS042","User":"TRANSNORTE\\backup_svc","EventID":13,"Image":"C:\\Windows\\System32\\conhost.exe","ProcessGuid":"{6807BCD7-CC83-2026-DA69-D1BFB0027AF9}","ProcessId":5736,"EventType":"SetValue","TargetObject":"HKCU\\Software\\Microsoft\\Office\\16.0\\Outlook\\Resiliency\\3911","Details":"1"}
{"UtcTime":"2026-08-12 10:45:12.000","Computer":"TN-FIN-WS042","User":"TRANSNORTE\\backup_svc","EventID":13,"Image":"C:\\Program Files\\Microsoft Office\\Office16\\OUTLOOK.EXE","ProcessGuid":"{284FE949-E250-2026-D018-5E43E1F90D4E}","ProcessId":910,"EventType":"SetValue","TargetObject":"HKCU\\Software\\Microsoft\\Office\\16.0\\Outlook\\Resiliency\\3912","Details":"1"}
{"UtcTime":"2026-08-12 10:45:13.000","Computer":"TN-FIN-WS042","User":"TRANSNORTE\\backup_svc","EventID":11,"Image":"C:\\Windows\\explorer.exe","ProcessGuid":"{A5F25102-4DFE-2026-6EBD-98A45D97888E}","ProcessId":5814,"TargetFilename":"C:\\Users\\ops.cardoso\\AppData\\Local\\Temp\\office-3913.tmp"}
{"UtcTime":"2026-08-12 10:45:14.000","Computer":"TN-FIN-WS042","User":"TRANSNORTE\\ops.cardoso","EventID":1,"Image":"C:\\Program Files\\Microsoft Office\\Office16\\OUTLOOK.EXE","ProcessGuid":"{D343BE42-13D7-2026-0436-056AA933D0A2}","ProcessId":3539,"CommandLine":"C:\\Program Files\\Microsoft Office\\Office16\\OUTLOOK.EXE","ParentImage":"C:\\Windows\\System32\\services.exe","ParentProcessGuid":"{5ADE342F-6D81-2026-6D34-B582DECC5374}","OriginalFileName":"C:\\Program Files\\Microsoft Office\\Office16\\OUTLOOK.EXE","SHA256":"5f9820353e25b9c4e7c374c6303b8136900f7e3a408181264fca19990b2c34ed"}
{"UtcTime":"2026-08-12 10:45:15.000","Computer":"TN-FIN-WS042","User":"TRANSNORTE\\backup_svc","EventID":11,"Image":"C:\\Windows\\System32\\svchost.exe","ProcessGuid":"{0CC1B49B-4E51-2026-2C16-536F0C4CF57F}","ProcessId":8786,"TargetFilename":"C:\\Users\\ops.cardoso\\AppData\\Local\\Temp\\office-3915.tmp"}
{"UtcTime":"2026-08-12 10:45:16.000","Computer":"TN-FIN-WS042","User":"TRANSNORTE\\backup_svc","EventID":3,"Image":"C:\\Program Files\\Microsoft Office\\Office16\\OUTLOOK.EXE","ProcessGuid":"{A6548DD9-438D-2026-5AFB-11B7B986672F}","ProcessId":8602,"DestinationIp":"8.8.8.8","DestinationPort":53,"SourceIp":"10.50.10.42","Protocol":"tcp"}
{"UtcTime":"2026-08-12 10:45:17.000","Computer":"TN-FIN-WS042","User":"TRANSNORTE\\ops.cardoso","EventID":1,"Image":"C:\\Windows\\System32\\conhost.exe","ProcessGuid":"{E049CAF7-C5F7-2026-1B58-5842F14A4F41}","ProcessId":4182,"CommandLine":"C:\\Windows\\System32\\conhost.exe","ParentImage":"C:\\Windows\\System32\\services.exe","ParentProcessGuid":"{FEFCA976-122B-2026-F014-3382E25A4DC7}","OriginalFileName":"C:\\Windows\\System32\\conhost.exe","SHA256":"e9e44b64d39269a8b16aa45f2206c394806eb468647f30685a6c1838d60f12df"}
{"UtcTime":"2026-08-12 10:45:18.000","Computer":"TN-FIN-WS042","User":"TRANSNORTE\\backup_svc","EventID":5,"Image":"C:\\Windows\\System32\\conhost.exe","ProcessGuid":"{964475C0-396B-2026-A479-2F3A392929BB}","ProcessId":6078,"EventType":"End"}
{"UtcTime":"2026-08-12 10:45:19.000","Computer":"TN-FIN-WS042","User":"TRANSNORTE\\backup_svc","EventID":3,"Image":"C:\\Windows\\System32\\RuntimeBroker.exe","ProcessGuid":"{4783C61A-26C8-2026-5C74-69BF70D50F1C}","ProcessId":539,"DestinationIp":"10.50.10.10","DestinationPort":53,"SourceIp":"10.50.10.42","Protocol":"tcp"}
{"UtcTime":"2026-08-12 10:45:20.000","Computer":"TN-FIN-WS042","User":"TRANSNORTE\\backup_svc","EventID":1,"Image":"C:\\Program Files\\Google\\Chrome\\Application\\chrome.exe","ProcessGuid":"{8110CB73-36EE-2026-092A-806C481E22A6}","ProcessId":1356,"CommandLine":"C:\\Program Files\\Google\\Chrome\\Application\\chrome.exe","ParentImage":"C:\\Windows\\System32\\services.exe","ParentProcessGuid":"{1A4C66C3-49E4-2026-2F33-EAB8E71F5A21}","OriginalFileName":"C:\\Program Files\\Google\\Chrome\\Application\\chrome.exe","SHA256":"d088366d7ffe97bf3e02e40e25946100f707bc24babb1101523b12d0a4ec2774"}
{"UtcTime":"2026-08-12 10:45:21.000","Computer":"TN-FIN-WS042","User":"TRANSNORTE\\backup_svc","EventID":1,"Image":"C:\\Windows\\System32\\svchost.exe","ProcessGuid":"{54210336-95E8-2026-42B8-B57B250503EA}","ProcessId":2199,"CommandLine":"C:\\Windows\\System32\\svchost.exe","ParentImage":"C:\\Windows\\System32\\services.exe","ParentProcessGuid":"{B415250E-DADD-2026-F7CA-BA3F0BF3F250}","OriginalFileName":"C:\\Windows\\System32\\svchost.exe","SHA256":"5dd607e395ca99a46d3c1cfc5ca3c3bb58591181248405607351561a86b89c24"}
{"UtcTime":"2026-08-12 10:45:22.000","Computer":"TN-FIN-WS042","User":"TRANSNORTE\\backup_svc","EventID":3,"Image":"C:\\Windows\\System32\\svchost.exe","ProcessGuid":"{EB36F897-930D-2026-1E41-78D139ACEBF1}","ProcessId":6349,"DestinationIp":"8.8.8.8","DestinationPort":53,"SourceIp":"10.50.10.42","Protocol":"tcp"}
{"UtcTime":"2026-08-12 10:45:23.000","Computer":"TN-FIN-WS042","User":"TRANSNORTE\\backup_svc","EventID":5,"Image":"C:\\Windows\\System32\\RuntimeBroker.exe","ProcessGuid":"{D407CB8F-04E2-2026-2F9B-FCFC593EEE79}","ProcessId":4830,"EventType":"End"}
{"UtcTime":"2026-08-12 10:45:24.000","Computer":"TN-FIN-WS042","User":"TRANSNORTE\\backup_svc","EventID":1,"Image":"C:\\Windows\\explorer.exe","ProcessGuid":"{C0B891B7-5EB8-2026-F69A-E25B044D5620}","ProcessId":4448,"CommandLine":"C:\\Windows\\explorer.exe","ParentImage":"C:\\Windows\\System32\\services.exe","ParentProcessGuid":"{BF9BA564-E4EE-2026-160B-72C806A0749C}","OriginalFileName":"C:\\Windows\\explorer.exe","SHA256":"f297b60d3fc6a887a6806319bf5cadb6c6e071c3daa42c2f9a7e2be7b7d60d2c"}
{"UtcTime":"2026-08-12 10:45:25.000","Computer":"TN-FIN-WS042","User":"TRANSNORTE\\backup_svc","EventID":1,"Image":"C:\\Program Files\\Google\\Chrome\\Application\\chrome.exe","ProcessGuid":"{69D8C40E-B314-2026-F346-F11CA9E17831}","ProcessId":7378,"CommandLine":"C:\\Program Files\\Google\\Chrome\\Application\\chrome.exe","ParentImage":"C:\\Windows\\System32\\services.exe","ParentProcessGuid":"{3C5E89D4-9801-2026-5906-22CD1520A6DE}","OriginalFileName":"C:\\Program Files\\Google\\Chrome\\Application\\chrome.exe","SHA256":"813aef08b59dc0df2d26f698a40f46ed99ee369583e18b8ac3a52b11404150eb"}
{"UtcTime":"2026-08-12 10:45:26.000","Computer":"TN-FIN-WS042","User":"TRANSNORTE\\backup_svc","EventID":1,"Image":"C:\\Windows\\explorer.exe","ProcessGuid":"{EA277FC2-F286-2026-D8DD-8FA5FBBB7130}","ProcessId":5166,"CommandLine":"C:\\Windows\\explorer.exe","ParentImage":"C:\\Windows\\System32\\services.exe","ParentProcessGuid":"{9C908417-2ACF-2026-D9B9-1F6149761D42}","OriginalFileName":"C:\\Windows\\explorer.exe","SHA256":"98a5510c32250cb0e995aeb484ccde85c31078558392260f02f5992ed42beedc"}
{"UtcTime":"2026-08-12 10:45:27.000","Computer":"TN-FIN-WS042","User":"TRANSNORTE\\backup_svc","EventID":3,"Image":"C:\\Windows\\System32\\svchost.exe","ProcessGuid":"{5701B4B0-4CF1-2026-4A64-C7020C87F383}","ProcessId":7197,"DestinationIp":"10.50.10.88","DestinationPort":53,"SourceIp":"10.50.10.42","Protocol":"tcp"}
{"UtcTime":"2026-08-12 10:45:28.000","Computer":"TN-FIN-WS042","User":"TRANSNORTE\\backup_svc","EventID":1,"Image":"C:\\Program Files\\Microsoft Office\\Office16\\OUTLOOK.EXE","ProcessGuid":"{D905731F-1849-2026-6600-1BED9900F02B}","ProcessId":4381,"CommandLine":"C:\\Program Files\\Microsoft Office\\Office16\\OUTLOOK.EXE","ParentImage":"C:\\Windows\\System32\\services.exe","ParentProcessGuid":"{6BB5930D-96DD-2026-4931-DF9253C34701}","OriginalFileName":"C:\\Program Files\\Microsoft Office\\Office16\\OUTLOOK.EXE","SHA256":"2c6fa57483dc89d37d7b0e426f479dc17fe7bd2804e2e1d7b82dfba5cf6a2dc2"}
{"UtcTime":"2026-08-12 10:45:29.000","Computer":"TN-FIN-WS042","User":"TRANSNORTE\\backup_svc","EventID":5,"Image":"C:\\Program Files\\Google\\Chrome\\Application\\chrome.exe","ProcessGuid":"{7E955BFD-7B5D-2026-826A-C034E9857850}","ProcessId":8929,"EventType":"End"}
{"UtcTime":"2026-08-12 10:45:30.000","Computer":"TN-FIN-WS042","User":"TRANSNORTE\\backup_svc","EventID":5,"Image":"C:\\Windows\\explorer.exe","ProcessGuid":"{3334B1B4-20F6-2026-EBE0-AC5ED06ABB44}","ProcessId":2058,"EventType":"End"}
{"UtcTime":"2026-08-12 10:45:31.000","Computer":"TN-FIN-WS042","User":"TRANSNORTE\\ops.cardoso","EventID":1,"Image":"C:\\Program Files\\Google\\Chrome\\Application\\chrome.exe","ProcessGuid":"{346CEC1D-F78C-2026-CF12-55DCF40456FB}","ProcessId":5375,"CommandLine":"C:\\Program Files\\Google\\Chrome\\Application\\chrome.exe","ParentImage":"C:\\Windows\\System32\\services.exe","ParentProcessGuid":"{35FD73CB-E95C-2026-25D9-C9BA85845745}","OriginalFileName":"C:\\Program Files\\Google\\Chrome\\Application\\chrome.exe","SHA256":"92df1908cc9d3056655cd5176d39547f6cee833f269ef1a7f9c8fbb20894970f"}
{"UtcTime":"2026-08-12 10:45:32.000","Computer":"TN-FIN-WS042","User":"TRANSNORTE\\ops.cardoso","EventID":13,"Image":"C:\\Windows\\explorer.exe","ProcessGuid":"{DA6334E9-9826-2026-708E-D3A310BAC529}","ProcessId":8797,"EventType":"SetValue","TargetObject":"HKCU\\Software\\Microsoft\\Office\\16.0\\Outlook\\Resiliency\\3932","Details":"1"}
{"UtcTime":"2026-08-12 10:45:33.000","Computer":"TN-FIN-WS042","User":"TRANSNORTE\\ops.cardoso","EventID":11,"Image":"C:\\Program Files\\Google\\Chrome\\Application\\chrome.exe","ProcessGuid":"{92C0FA28-35E9-2026-6E0A-6DD20096B076}","ProcessId":3978,"TargetFilename":"C:\\Users\\ops.cardoso\\AppData\\Local\\Temp\\office-3933.tmp"}
{"UtcTime":"2026-08-12 10:45:34.000","Computer":"TN-FIN-WS042","User":"TRANSNORTE\\backup_svc","EventID":5,"Image":"C:\\Windows\\System32\\conhost.exe","ProcessGuid":"{8BA01F6E-4904-2026-EDC8-DAF30D980129}","ProcessId":7156,"EventType":"End"}
{"UtcTime":"2026-08-12 10:45:35.000","Computer":"TN-FIN-WS042","User":"TRANSNORTE\\backup_svc","EventID":1,"Image":"C:\\Program Files\\Google\\Chrome\\Application\\chrome.exe","ProcessGuid":"{B619EE38-F6B6-2026-9BA7-107A670DE135}","ProcessId":5435,"CommandLine":"C:\\Program Files\\Google\\Chrome\\Application\\chrome.exe","ParentImage":"C:\\Windows\\System32\\services.exe","ParentProcessGuid":"{6AB0A7CF-83A5-2026-83F9-E8B31F9D3807}","OriginalFileName":"C:\\Program Files\\Google\\Chrome\\Application\\chrome.exe","SHA256":"e831801b9245cf6cf333f1d5c1dea9a75a39c2cc7250ba4b1a69a0313ea539b2"}
{"UtcTime":"2026-08-12 10:45:36.000","Computer":"TN-FIN-WS042","User":"TRANSNORTE\\backup_svc","EventID":1,"Image":"C:\\Windows\\System32\\svchost.exe","ProcessGuid":"{7066CE57-68C8-2026-92FF-1E8996D6D19D}","ProcessId":1649,"CommandLine":"C:\\Windows\\System32\\svchost.exe","ParentImage":"C:\\Windows\\System32\\services.exe","ParentProcessGuid":"{CB775443-07B4-2026-68F9-7BE9F2B9B83C}","OriginalFileName":"C:\\Windows\\System32\\svchost.exe","SHA256":"487a7082bd757a7a8bde9b2e76ca0b02f10fbb78fbd065b0be3c185d82e7f235"}
{"UtcTime":"2026-08-12 10:45:37.000","Computer":"TN-FIN-WS042","User":"TRANSNORTE\\ops.cardoso","EventID":1,"Image":"C:\\Windows\\System32\\svchost.exe","ProcessGuid":"{AF0EB9B9-BB53-2026-F144-B92CF2099659}","ProcessId":1286,"CommandLine":"C:\\Windows\\System32\\svchost.exe","ParentImage":"C:\\Windows\\System32\\services.exe","ParentProcessGuid":"{5873B408-E646-2026-97EA-5599427FA030}","OriginalFileName":"C:\\Windows\\System32\\svchost.exe","SHA256":"0b2221f9f04210bb11c909f2f7e6d9a372cf97a5a5f326f6dbdfc546ebad0b39"}
{"UtcTime":"2026-08-12 10:45:38.000","Computer":"TN-FIN-WS042","User":"TRANSNORTE\\ops.cardoso","EventID":3,"Image":"C:\\Windows\\System32\\RuntimeBroker.exe","ProcessGuid":"{5631B0DC-9AC8-2026-0E53-620CAF64E108}","ProcessId":5395,"DestinationIp":"10.50.10.10","DestinationPort":135,"SourceIp":"10.50.10.42","Protocol":"tcp"}
{"UtcTime":"2026-08-12 10:45:39.000","Computer":"TN-FIN-WS042","User":"TRANSNORTE\\ops.cardoso","EventID":1,"Image":"C:\\Windows\\System32\\conhost.exe","ProcessGuid":"{BE48A545-2E5C-2026-D81F-E0A9F604EACA}","ProcessId":3146,"CommandLine":"C:\\Windows\\System32\\conhost.exe","ParentImage":"C:\\Windows\\System32\\services.exe","ParentProcessGuid":"{5DE5AA57-768B-2026-618E-9ADF3FDB6962}","OriginalFileName":"C:\\Windows\\System32\\conhost.exe","SHA256":"77b0ad6014704d68f95fc7cc86ee4ef2580a1c89489fe072295bb9e1d5cd0fad"}
{"UtcTime":"2026-08-12 10:45:40.000","Computer":"TN-FIN-WS042","User":"TRANSNORTE\\ops.cardoso","EventID":1,"Image":"C:\\Program Files\\Google\\Chrome\\Application\\chrome.exe","ProcessGuid":"{AAAAB60F-E10C-2026-E089-6C97DCB219F6}","ProcessId":8606,"CommandLine":"C:\\Program Files\\Google\\Chrome\\Application\\chrome.exe","ParentImage":"C:\\Windows\\System32\\services.exe","ParentProcessGuid":"{5474E65A-4297-2026-52CB-5578824AB79C}","OriginalFileName":"C:\\Program Files\\Google\\Chrome\\Application\\chrome.exe","SHA256":"304cb9c98d4bf18f4094f2d4100fdd0c8aae0b8b031946061c6702bab6398b28"}
{"UtcTime":"2026-08-12 10:45:41.000","Computer":"TN-FIN-WS042","User":"TRANSNORTE\\backup_svc","EventID":1,"Image":"C:\\Program Files\\Microsoft Office\\Office16\\OUTLOOK.EXE","ProcessGuid":"{652A7C47-8A40-2026-4A69-03E86D98DA66}","ProcessId":1226,"CommandLine":"C:\\Program Files\\Microsoft Office\\Office16\\OUTLOOK.EXE","ParentImage":"C:\\Windows\\System32\\services.exe","ParentProcessGuid":"{E83A6002-FCCC-2026-6538-1E66A09C1488}","OriginalFileName":"C:\\Program Files\\Microsoft Office\\Office16\\OUTLOOK.EXE","SHA256":"c45be1d7f42131f2f62dcd036fd2e63393b48bd1babc7f5f81c11a99727f7be7"}
{"UtcTime":"2026-08-12 10:45:42.000","Computer":"TN-FIN-WS042","User":"TRANSNORTE\\backup_svc","EventID":1,"Image":"C:\\Windows\\explorer.exe","ProcessGuid":"{00FB7DA1-FFB4-2026-FB81-B22F3A525349}","ProcessId":6276,"CommandLine":"C:\\Windows\\explorer.exe","ParentImage":"C:\\Windows\\System32\\services.exe","ParentProcessGuid":"{1EAAEB15-B17C-2026-5886-787ABAB0B582}","OriginalFileName":"C:\\Windows\\explorer.exe","SHA256":"118e61d730bf07ff270ec03678c3cb7ddc2e37ae57ad3a78f3fdb4207be3a048"}
{"UtcTime":"2026-08-12 10:45:43.000","Computer":"TN-FIN-WS042","User":"TRANSNORTE\\backup_svc","EventID":5,"Image":"C:\\Windows\\System32\\RuntimeBroker.exe","ProcessGuid":"{FA30153C-B1D4-2026-061C-D6E92D0209FD}","ProcessId":5549,"EventType":"End"}
{"UtcTime":"2026-08-12 10:45:44.000","Computer":"TN-FIN-WS042","User":"TRANSNORTE\\ops.cardoso","EventID":3,"Image":"C:\\Program Files\\Microsoft Office\\Office16\\OUTLOOK.EXE","ProcessGuid":"{CD309DF6-9D5C-2026-05B9-9A35859F81BB}","ProcessId":2696,"DestinationIp":"1.1.1.1","DestinationPort":443,"SourceIp":"10.50.10.42","Protocol":"tcp"}
{"UtcTime":"2026-08-12 10:45:45.000","Computer":"TN-FIN-WS042","User":"TRANSNORTE\\ops.cardoso","EventID":13,"Image":"C:\\Windows\\System32\\RuntimeBroker.exe","ProcessGuid":"{358A4333-8180-2026-446B-7B5296D0EB43}","ProcessId":1636,"EventType":"SetValue","TargetObject":"HKCU\\Software\\Microsoft\\Office\\16.0\\Outlook\\Resiliency\\3945","Details":"1"}
{"UtcTime":"2026-08-12 10:45:46.000","Computer":"TN-FIN-WS042","User":"TRANSNORTE\\ops.cardoso","EventID":1,"Image":"C:\\Windows\\explorer.exe","ProcessGuid":"{AD9F3C61-0724-2026-9457-BCD2C87961A0}","ProcessId":4818,"CommandLine":"C:\\Windows\\explorer.exe","ParentImage":"C:\\Windows\\System32\\services.exe","ParentProcessGuid":"{42DDC84C-C9BA-2026-C23F-F5A83A0E562B}","OriginalFileName":"C:\\Windows\\explorer.exe","SHA256":"371b5d05ccbb1f78544227f136e108edaed684befc2c7aef2ea7db5e43bc9ce1"}
{"UtcTime":"2026-08-12 10:45:47.000","Computer":"TN-FIN-WS042","User":"TRANSNORTE\\ops.cardoso","EventID":3,"Image":"C:\\Program Files\\Google\\Chrome\\Application\\chrome.exe","ProcessGuid":"{67C796CE-15B0-2026-C3F0-3609B89F4A72}","ProcessId":5683,"DestinationIp":"10.50.10.88","DestinationPort":53,"SourceIp":"10.50.10.42","Protocol":"tcp"}
{"UtcTime":"2026-08-12 10:45:48.000","Computer":"TN-FIN-WS042","User":"TRANSNORTE\\backup_svc","EventID":1,"Image":"C:\\Program Files\\Microsoft Office\\Office16\\OUTLOOK.EXE","ProcessGuid":"{7FE68D1B-6327-2026-E1AC-0AF2002BE211}","ProcessId":5183,"CommandLine":"C:\\Program Files\\Microsoft Office\\Office16\\OUTLOOK.EXE","ParentImage":"C:\\Windows\\System32\\services.exe","ParentProcessGuid":"{A2464BFE-9114-2026-6B69-DB809341B9B4}","OriginalFileName":"C:\\Program Files\\Microsoft Office\\Office16\\OUTLOOK.EXE","SHA256":"4c1dbc8a643d8fa773b9d65bab904e1337cdce3eb65a899bcc1dc23a0a7bc10a"}
{"UtcTime":"2026-08-12 10:45:49.000","Computer":"TN-FIN-WS042","User":"TRANSNORTE\\ops.cardoso","EventID":1,"Image":"C:\\Windows\\System32\\svchost.exe","ProcessGuid":"{E34F1AA4-BBC1-2026-F6A3-7869CF388EB0}","ProcessId":5792,"CommandLine":"C:\\Windows\\System32\\svchost.exe","ParentImage":"C:\\Windows\\System32\\services.exe","ParentProcessGuid":"{92929C71-2D25-2026-FA8D-169FF5F76AB8}","OriginalFileName":"C:\\Windows\\System32\\svchost.exe","SHA256":"5fb924c589f738b8cce15ff3c12cbb176565049e6418614c500ce7207a8ba366"}
{"UtcTime":"2026-08-12 10:45:50.000","Computer":"TN-FIN-WS042","User":"TRANSNORTE\\ops.cardoso","EventID":1,"Image":"C:\\Program Files\\Google\\Chrome\\Application\\chrome.exe","ProcessGuid":"{E45157FA-CE8B-2026-D57A-0ED8E7579516}","ProcessId":3532,"CommandLine":"C:\\Program Files\\Google\\Chrome\\Application\\chrome.exe","ParentImage":"C:\\Windows\\System32\\services.exe","ParentProcessGuid":"{B45E9E0D-AF3E-2026-358D-90F85CE02600}","OriginalFileName":"C:\\Program Files\\Google\\Chrome\\Application\\chrome.exe","SHA256":"02052f99b2c43d0a2e4426707e30767f65c64dc08258beba9cf385f966dc55f2"}
{"UtcTime":"2026-08-12 10:45:51.000","Computer":"TN-FIN-WS042","User":"TRANSNORTE\\backup_svc","EventID":11,"Image":"C:\\Windows\\explorer.exe","ProcessGuid":"{BBDA5C57-FF9A-2026-A9F3-522791FD00A3}","ProcessId":8137,"TargetFilename":"C:\\Users\\ops.cardoso\\AppData\\Local\\Temp\\office-3951.tmp"}
{"UtcTime":"2026-08-12 10:45:52.000","Computer":"TN-FIN-WS042","User":"TRANSNORTE\\ops.cardoso","EventID":1,"Image":"C:\\Windows\\System32\\conhost.exe","ProcessGuid":"{EC7BE12D-F4EE-2026-952D-51668EAC3983}","ProcessId":3698,"CommandLine":"C:\\Windows\\System32\\conhost.exe","ParentImage":"C:\\Windows\\System32\\services.exe","ParentProcessGuid":"{38AEA1F0-0EE3-2026-E8B4-9B144EB2B548}","OriginalFileName":"C:\\Windows\\System32\\conhost.exe","SHA256":"1d11a0fda5d835f61a53ecc3cb8a5998545c0529a82139e5c22ca1cc382e95dd"}
{"UtcTime":"2026-08-12 10:45:53.000","Computer":"TN-FIN-WS042","User":"TRANSNORTE\\ops.cardoso","EventID":11,"Image":"C:\\Windows\\System32\\conhost.exe","ProcessGuid":"{3D2406EB-2DBC-2026-8E1B-8CE59909FF95}","ProcessId":3171,"TargetFilename":"C:\\Users\\ops.cardoso\\AppData\\Local\\Temp\\office-3953.tmp"}
{"UtcTime":"2026-08-12 10:45:54.000","Computer":"TN-FIN-WS042","User":"TRANSNORTE\\backup_svc","EventID":1,"Image":"C:\\Windows\\System32\\svchost.exe","ProcessGuid":"{157A0FBD-848B-2026-8876-A342CB46C7EF}","ProcessId":6503,"CommandLine":"C:\\Windows\\System32\\svchost.exe","ParentImage":"C:\\Windows\\System32\\services.exe","ParentProcessGuid":"{4A015569-F7B1-2026-80C3-055473243CC1}","OriginalFileName":"C:\\Windows\\System32\\svchost.exe","SHA256":"cd9982bc710e5dee97df56f6e3322e41c74fd13217786954e9b576f2deaaf002"}
{"UtcTime":"2026-08-12 10:45:55.000","Computer":"TN-FIN-WS042","User":"TRANSNORTE\\ops.cardoso","EventID":3,"Image":"C:\\Windows\\System32\\conhost.exe","ProcessGuid":"{091A9090-53CA-2026-D09A-2BF2CF57B3DE}","ProcessId":2869,"DestinationIp":"1.1.1.1","DestinationPort":443,"SourceIp":"10.50.10.42","Protocol":"tcp"}
{"UtcTime":"2026-08-12 10:45:56.000","Computer":"TN-FIN-WS042","User":"TRANSNORTE\\backup_svc","EventID":1,"Image":"C:\\Program Files\\Microsoft Office\\Office16\\OUTLOOK.EXE","ProcessGuid":"{39EEBD83-C86C-2026-D9A7-4AB630EBA243}","ProcessId":1248,"CommandLine":"C:\\Program Files\\Microsoft Office\\Office16\\OUTLOOK.EXE","ParentImage":"C:\\Windows\\System32\\services.exe","ParentProcessGuid":"{0DED423D-CAE9-2026-9E06-17FA007FA8E1}","OriginalFileName":"C:\\Program Files\\Microsoft Office\\Office16\\OUTLOOK.EXE","SHA256":"0e7d5b69048dcd040bd3a4197671a5ce6acdede9260eddefb53ec2f6df23ca3e"}
{"UtcTime":"2026-08-12 10:45:57.000","Computer":"TN-FIN-WS042","User":"TRANSNORTE\\ops.cardoso","EventID":5,"Image":"C:\\Windows\\explorer.exe","ProcessGuid":"{0BDC4606-B963-2026-0B2A-2B5A9863DB30}","ProcessId":2802,"EventType":"End"}
{"UtcTime":"2026-08-12 10:45:58.000","Computer":"TN-FIN-WS042","User":"TRANSNORTE\\backup_svc","EventID":1,"Image":"C:\\Windows\\System32\\conhost.exe","ProcessGuid":"{3FABBB0B-4A19-2026-085E-6F86FF6F311A}","ProcessId":3547,"CommandLine":"C:\\Windows\\System32\\conhost.exe","ParentImage":"C:\\Windows\\System32\\services.exe","ParentProcessGuid":"{0B11F183-3A68-2026-CD80-E6E5B160D969}","OriginalFileName":"C:\\Windows\\System32\\conhost.exe","SHA256":"cb41b2c7631c627515888fb211b7cea3b44c845b63f873281738cc4ad17fb2ea"}
{"UtcTime":"2026-08-12 10:45:59.000","Computer":"TN-FIN-WS042","User":"TRANSNORTE\\ops.cardoso","EventID":1,"Image":"C:\\Windows\\System32\\conhost.exe","ProcessGuid":"{F9475926-B0F8-2026-EC0F-61660E22461B}","ProcessId":6968,"CommandLine":"C:\\Windows\\System32\\conhost.exe","ParentImage":"C:\\Windows\\System32\\services.exe","ParentProcessGuid":"{C2420AE8-86C3-2026-BBC5-118E80362B35}","OriginalFileName":"C:\\Windows\\System32\\conhost.exe","SHA256":"f223fe08bb1ca28c29cd94659e30f818b677360771570b67b3bf2b6d31d0d7d5"}
{"UtcTime":"2026-08-12 10:46:00.000","Computer":"TN-FIN-WS042","User":"TRANSNORTE\\backup_svc","EventID":5,"Image":"C:\\Windows\\System32\\svchost.exe","ProcessGuid":"{2A08318C-9B87-2026-E4F2-D09E9450B17D}","ProcessId":611,"EventType":"End"}
{"UtcTime":"2026-08-12 10:46:01.000","Computer":"TN-FIN-WS042","User":"TRANSNORTE\\backup_svc","EventID":1,"Image":"C:\\Program Files\\Microsoft Office\\Office16\\OUTLOOK.EXE","ProcessGuid":"{CEDDB19B-5255-2026-1776-A706F0ACB2C6}","ProcessId":5436,"CommandLine":"C:\\Program Files\\Microsoft Office\\Office16\\OUTLOOK.EXE","ParentImage":"C:\\Windows\\System32\\services.exe","ParentProcessGuid":"{9E1BE950-8A24-2026-7E97-DE52B2186AE1}","OriginalFileName":"C:\\Program Files\\Microsoft Office\\Office16\\OUTLOOK.EXE","SHA256":"21f1e038d113e57a514c1233294b51419f38d9671ad9be5a3d90a10054c0583c"}
{"UtcTime":"2026-08-12 10:46:02.000","Computer":"TN-FIN-WS042","User":"TRANSNORTE\\backup_svc","EventID":1,"Image":"C:\\Program Files\\Google\\Chrome\\Application\\chrome.exe","ProcessGuid":"{2C5BD708-644D-2026-F860-5F3F714078E3}","ProcessId":2400,"CommandLine":"C:\\Program Files\\Google\\Chrome\\Application\\chrome.exe","ParentImage":"C:\\Windows\\System32\\services.exe","ParentProcessGuid":"{E566011C-91FB-2026-0742-AA6715C03E9E}","OriginalFileName":"C:\\Program Files\\Google\\Chrome\\Application\\chrome.exe","SHA256":"49fa3768f9d4ea5e993581549581d9f47d56bc0a323d32aa41ff7e65435078e9"}
{"UtcTime":"2026-08-12 10:46:03.000","Computer":"TN-FIN-WS042","User":"TRANSNORTE\\ops.cardoso","EventID":5,"Image":"C:\\Program Files\\Google\\Chrome\\Application\\chrome.exe","ProcessGuid":"{FA05CD15-6141-2026-9D6B-21BD7BFF9C41}","ProcessId":6171,"EventType":"End"}
{"UtcTime":"2026-08-12 10:46:04.000","Computer":"TN-FIN-WS042","User":"TRANSNORTE\\backup_svc","EventID":11,"Image":"C:\\Program Files\\Google\\Chrome\\Application\\chrome.exe","ProcessGuid":"{63DC0BC8-8F42-2026-6CFA-965895C039C8}","ProcessId":1999,"TargetFilename":"C:\\Users\\ops.cardoso\\AppData\\Local\\Temp\\office-3964.tmp"}
{"UtcTime":"2026-08-12 10:46:05.000","Computer":"TN-FIN-WS042","User":"TRANSNORTE\\backup_svc","EventID":1,"Image":"C:\\Program Files\\Microsoft Office\\Office16\\OUTLOOK.EXE","ProcessGuid":"{CD54247A-9DD4-2026-A9BD-D0182B99A970}","ProcessId":2752,"CommandLine":"C:\\Program Files\\Microsoft Office\\Office16\\OUTLOOK.EXE","ParentImage":"C:\\Windows\\System32\\services.exe","ParentProcessGuid":"{06D22D31-FA4F-2026-B4D7-3F6353E419A2}","OriginalFileName":"C:\\Program Files\\Microsoft Office\\Office16\\OUTLOOK.EXE","SHA256":"a37763e1f35a5abf16cebca6dfbb5c481cb03052a726864ea6994f424510a935"}
{"UtcTime":"2026-08-12 10:46:06.000","Computer":"TN-FIN-WS042","User":"TRANSNORTE\\ops.cardoso","EventID":11,"Image":"C:\\Windows\\explorer.exe","ProcessGuid":"{F35CE758-852C-2026-3240-84CD6354E95F}","ProcessId":4402,"TargetFilename":"C:\\Users\\ops.cardoso\\AppData\\Local\\Temp\\office-3966.tmp"}
{"UtcTime":"2026-08-12 10:46:07.000","Computer":"TN-FIN-WS042","User":"TRANSNORTE\\ops.cardoso","EventID":1,"Image":"C:\\Program Files\\Google\\Chrome\\Application\\chrome.exe","ProcessGuid":"{F31A1162-B9FA-2026-F0F3-B5A38D67E749}","ProcessId":3592,"CommandLine":"C:\\Program Files\\Google\\Chrome\\Application\\chrome.exe","ParentImage":"C:\\Windows\\System32\\services.exe","ParentProcessGuid":"{6DBB8DE3-BE06-2026-599F-FA666F9DE7A3}","OriginalFileName":"C:\\Program Files\\Google\\Chrome\\Application\\chrome.exe","SHA256":"62d3f6c448498e0dca9e14db9099beb9661968a9c1ea9358c790a3712afa28b5"}
{"UtcTime":"2026-08-12 10:46:08.000","Computer":"TN-FIN-WS042","User":"TRANSNORTE\\backup_svc","EventID":1,"Image":"C:\\Program Files\\Microsoft Office\\Office16\\OUTLOOK.EXE","ProcessGuid":"{3B5ECBAE-F45A-2026-22F7-5453271599BF}","ProcessId":6184,"CommandLine":"C:\\Program Files\\Microsoft Office\\Office16\\OUTLOOK.EXE","ParentImage":"C:\\Windows\\System32\\services.exe","ParentProcessGuid":"{B73DA0E4-6381-2026-F8DB-DD59B616BE39}","OriginalFileName":"C:\\Program Files\\Microsoft Office\\Office16\\OUTLOOK.EXE","SHA256":"5999d0531463f9acaaa377b5f9e26963872c8c1b8fc2e6a5c6998caf4a46b5ad"}
{"UtcTime":"2026-08-12 10:46:09.000","Computer":"TN-FIN-WS042","User":"TRANSNORTE\\ops.cardoso","EventID":1,"Image":"C:\\Program Files\\Microsoft Office\\Office16\\OUTLOOK.EXE","ProcessGuid":"{4B0BEC71-FE21-2026-06B0-305884F3E289}","ProcessId":2633,"CommandLine":"C:\\Program Files\\Microsoft Office\\Office16\\OUTLOOK.EXE","ParentImage":"C:\\Windows\\System32\\services.exe","ParentProcessGuid":"{2F7B3EDA-6949-2026-E123-7499AF0AF1A0}","OriginalFileName":"C:\\Program Files\\Microsoft Office\\Office16\\OUTLOOK.EXE","SHA256":"70363a36b6c2d5d9765ff2168b0ace1f536e261041681b6656ee979ff7102871"}
{"UtcTime":"2026-08-12 10:46:10.000","Computer":"TN-FIN-WS042","User":"TRANSNORTE\\backup_svc","EventID":11,"Image":"C:\\Windows\\System32\\RuntimeBroker.exe","ProcessGuid":"{2282E100-0C85-2026-FB3E-BCD71A71E8F9}","ProcessId":4222,"TargetFilename":"C:\\Users\\ops.cardoso\\AppData\\Local\\Temp\\office-3970.tmp"}
{"UtcTime":"2026-08-12 10:46:11.000","Computer":"TN-FIN-WS042","User":"TRANSNORTE\\ops.cardoso","EventID":5,"Image":"C:\\Windows\\System32\\conhost.exe","ProcessGuid":"{2448D934-10A6-2026-1064-02F7F48A4A39}","ProcessId":6696,"EventType":"End"}
{"UtcTime":"2026-08-12 10:46:12.000","Computer":"TN-FIN-WS042","User":"TRANSNORTE\\backup_svc","EventID":1,"Image":"C:\\Program Files\\Microsoft Office\\Office16\\OUTLOOK.EXE","ProcessGuid":"{24C7EC51-52A8-2026-D26A-C0F06DB5ECAA}","ProcessId":4885,"CommandLine":"C:\\Program Files\\Microsoft Office\\Office16\\OUTLOOK.EXE","ParentImage":"C:\\Windows\\System32\\services.exe","ParentProcessGuid":"{091C25FA-B343-2026-F4B0-B8AD7A8527C3}","OriginalFileName":"C:\\Program Files\\Microsoft Office\\Office16\\OUTLOOK.EXE","SHA256":"3412bae46d33f7dc2a2a733da209fdf3c52e8d3d4e162dc4fde2c00c2bc4ab34"}
{"UtcTime":"2026-08-12 10:46:13.000","Computer":"TN-FIN-WS042","User":"TRANSNORTE\\ops.cardoso","EventID":5,"Image":"C:\\Windows\\explorer.exe","ProcessGuid":"{E729EAA6-CBEE-2026-46AA-A50A69A86906}","ProcessId":6586,"EventType":"End"}
