{"UtcTime":"2026-08-12 14:32:57.000","Computer":"CLM-MESA-014","User":"CLM\\ops","EventID":1,"Image":"C:\\Windows\\System32\\RuntimeBroker.exe","ProcessGuid":"{717155A9-07D1-2026-D81F-7755FEEDCD47}","ProcessId":4008,"CommandLine":"C:\\Windows\\System32\\RuntimeBroker.exe","ParentImage":"C:\\Windows\\System32\\services.exe","ParentProcessGuid":"{2A9890CF-3ED3-2026-F136-F6068D669CD5}","OriginalFileName":"C:\\Windows\\System32\\RuntimeBroker.exe"}
{"UtcTime":"2026-08-12 14:32:58.000","Computer":"CLM-MESA-014","User":"CLM\\ops","EventID":13,"Image":"C:\\Windows\\explorer.exe","ProcessGuid":"{E6501BC6-0D68-2026-2B74-54B8B852C60D}","ProcessId":5550,"EventType":"SetValue","TargetObject":"HKCU\\Software\\CLM\\Mesa\\Pref\\1378","Details":"1"}
{"UtcTime":"2026-08-12 14:32:59.000","Computer":"CLM-MESA-014","User":"CLM\\backoffice","EventID":1,"Image":"C:\\Program Files\\Google\\Chrome\\Application\\chrome.exe","ProcessGuid":"{BF59684F-C46A-2026-B674-3D4F92C903AD}","ProcessId":5814,"CommandLine":"C:\\Program Files\\Google\\Chrome\\Application\\chrome.exe","ParentImage":"C:\\Windows\\System32\\services.exe","ParentProcessGuid":"{C6DE412B-0AC7-2026-0D1E-C884E672AD3C}","OriginalFileName":"C:\\Program Files\\Google\\Chrome\\Application\\chrome.exe"}
{"UtcTime":"2026-08-12 14:33:00.000","Computer":"CLM-MESA-014","User":"CLM\\ops","EventID":1,"Image":"C:\\Program Files\\Google\\Chrome\\Application\\chrome.exe","ProcessGuid":"{BCB813F4-EA46-2026-09EA-1E701FB18041}","ProcessId":3591,"CommandLine":"C:\\Program Files\\Google\\Chrome\\Application\\chrome.exe","ParentImage":"C:\\Windows\\System32\\services.exe","ParentProcessGuid":"{A7CCD251-0354-2026-266E-3E83C923EBC7}","OriginalFileName":"C:\\Program Files\\Google\\Chrome\\Application\\chrome.exe"}
{"UtcTime":"2026-08-12 14:33:01.000","Computer":"CLM-MESA-014","User":"CLM\\ops","EventID":11,"Image":"C:\\Windows\\System32\\RuntimeBroker.exe","ProcessGuid":"{84BB70AD-1343-2026-DE64-16CF4AD6F6DF}","ProcessId":5830,"TargetFilename":"C:\\Users\\Public\\Temp\\mesa-1381.tmp"}
{"UtcTime":"2026-08-12 14:33:02.000","Computer":"CLM-MESA-014","User":"CLM\\mesa","EventID":1,"Image":"C:\\Program Files\\Google\\Chrome\\Application\\chrome.exe","ProcessGuid":"{35623DBE-EA70-2026-11AE-BA378E0533BE}","ProcessId":5212,"CommandLine":"C:\\Program Files\\Google\\Chrome\\Application\\chrome.exe","ParentImage":"C:\\Windows\\System32\\services.exe","ParentProcessGuid":"{646FE5B7-4189-2026-2971-AFE719E63DD5}","OriginalFileName":"C:\\Program Files\\Google\\Chrome\\Application\\chrome.exe"}
{"UtcTime":"2026-08-12 14:33:03.000","Computer":"CLM-MESA-014","User":"CLM\\backoffice","EventID":5,"Image":"C:\\Windows\\System32\\conhost.exe","ProcessGuid":"{BFD10751-9C3E-2026-647B-247AE9C85B81}","ProcessId":3519,"EventType":"End"}
{"UtcTime":"2026-08-12 14:33:04.000","Computer":"CLM-MESA-014","User":"CLM\\mesa","EventID":1,"Image":"C:\\Windows\\explorer.exe","ProcessGuid":"{E14B80F9-D1FD-2026-7A9B-81ADDE3851DA}","ProcessId":6082,"CommandLine":"C:\\Windows\\explorer.exe","ParentImage":"C:\\Windows\\System32\\services.exe","ParentProcessGuid":"{09FEBDC0-A434-2026-C49C-D9FC6EA5F02D}","OriginalFileName":"C:\\Windows\\explorer.exe"}
{"UtcTime":"2026-08-12 14:33:05.000","Computer":"CLM-MESA-014","User":"CLM\\mesa","EventID":11,"Image":"C:\\Windows\\System32\\svchost.exe","ProcessGuid":"{DF2D7C31-E227-2026-2924-8D368DEB6969}","ProcessId":1845,"TargetFilename":"C:\\Users\\Public\\Temp\\mesa-1385.tmp"}
{"UtcTime":"2026-08-12 14:33:06.000","Computer":"CLM-MESA-014","User":"CLM\\ops","EventID":13,"Image":"C:\\Windows\\System32\\RuntimeBroker.exe","ProcessGuid":"{2597B12E-032A-2026-3570-09E3274C82B3}","ProcessId":3798,"EventType":"SetValue","TargetObject":"HKCU\\Software\\CLM\\Mesa\\Pref\\1386","Details":"1"}
{"UtcTime":"2026-08-12 14:33:07.000","Computer":"CLM-MESA-014","User":"CLM\\ops","EventID":1,"Image":"C:\\Windows\\System32\\RuntimeBroker.exe","ProcessGuid":"{87320434-51C6-2026-BC01-1F35C5D81540}","ProcessId":3225,"CommandLine":"C:\\Windows\\System32\\RuntimeBroker.exe","ParentImage":"C:\\Windows\\System32\\services.exe","ParentProcessGuid":"{700B7E3B-40CE-2026-81DD-D7B2C3965B4B}","OriginalFileName":"C:\\Windows\\System32\\RuntimeBroker.exe"}
{"UtcTime":"2026-08-12 14:33:08.000","Computer":"CLM-MESA-014","User":"CLM\\ops","EventID":1,"Image":"C:\\Windows\\System32\\conhost.exe","ProcessGuid":"{51B61A43-6C26-2026-A9D8-C43315AAF545}","ProcessId":5571,"CommandLine":"C:\\Windows\\System32\\conhost.exe","ParentImage":"C:\\Windows\\System32\\services.exe","ParentProcessGuid":"{C09BE8B1-32A9-2026-CBD8-39F4F828C754}","OriginalFileName":"C:\\Windows\\System32\\conhost.exe"}
{"UtcTime":"2026-08-12 14:33:09.000","Computer":"CLM-MESA-014","User":"CLM\\backoffice","EventID":5,"Image":"C:\\Windows\\System32\\RuntimeBroker.exe","ProcessGuid":"{335F3A1E-3D15-2026-5402-8E62A470270B}","ProcessId":407,"EventType":"End"}
{"UtcTime":"2026-08-12 14:33:10.000","Computer":"CLM-MESA-014","User":"CLM\\ops","EventID":3,"Image":"C:\\Windows\\explorer.exe","ProcessGuid":"{1E901E6D-6FAE-2026-8622-890B9E817E45}","ProcessId":4795,"DestinationIp":"10.70.30.8","DestinationPort":53,"DestinationHostname":"portal.clm.liquidacao","SourceIp":"10.70.30.14","Protocol":"tcp"}
{"UtcTime":"2026-08-12 14:33:11.000","Computer":"CLM-MESA-014","User":"CLM\\ops","EventID":1,"Image":"C:\\Windows\\System32\\svchost.exe","ProcessGuid":"{5DDE0994-BF18-2026-6775-97239CD4D637}","ProcessId":5130,"CommandLine":"C:\\Windows\\System32\\svchost.exe","ParentImage":"C:\\Windows\\System32\\services.exe","ParentProcessGuid":"{C72B1A1F-AA12-2026-F99C-4841E65B5D13}","OriginalFileName":"C:\\Windows\\System32\\svchost.exe"}
{"UtcTime":"2026-08-12 14:33:12.000","Computer":"CLM-MESA-014","User":"CLM\\ops","EventID":1,"Image":"C:\\Windows\\System32\\conhost.exe","ProcessGuid":"{E69E04E5-E944-2026-F833-9AB83D2768BB}","ProcessId":5404,"CommandLine":"C:\\Windows\\System32\\conhost.exe","ParentImage":"C:\\Windows\\System32\\services.exe","ParentProcessGuid":"{3B69E107-534C-2026-BAEC-0FA2ABBF5F06}","OriginalFileName":"C:\\Windows\\System32\\conhost.exe"}
{"UtcTime":"2026-08-12 14:33:13.000","Computer":"CLM-MESA-014","User":"CLM\\mesa","EventID":5,"Image":"C:\\Program Files\\Microsoft Office\\Office16\\EXCEL.EXE","ProcessGuid":"{A5BAF001-1AC7-2026-728D-AFEF0A512B27}","ProcessId":6434,"EventType":"End"}
{"UtcTime":"2026-08-12 14:33:14.000","Computer":"CLM-MESA-014","User":"CLM\\backoffice","EventID":13,"Image":"C:\\Windows\\System32\\svchost.exe","ProcessGuid":"{37A542D1-3EB7-2026-97CB-5A89DDAA2726}","ProcessId":5300,"EventType":"SetValue","TargetObject":"HKCU\\Software\\CLM\\Mesa\\Pref\\1394","Details":"1"}
{"UtcTime":"2026-08-12 14:33:15.000","Computer":"CLM-MESA-014","User":"CLM\\backoffice","EventID":11,"Image":"C:\\Windows\\System32\\conhost.exe","ProcessGuid":"{529BDAC5-A4D7-2026-7DD5-B68AB35523FE}","ProcessId":7394,"TargetFilename":"C:\\Users\\Public\\Temp\\mesa-1395.tmp"}
{"UtcTime":"2026-08-12 14:33:16.000","Computer":"CLM-MESA-014","User":"CLM\\mesa","EventID":1,"Image":"C:\\Windows\\System32\\RuntimeBroker.exe","ProcessGuid":"{3CB4D42E-694E-2026-5743-C7CA19BCD833}","ProcessId":3301,"CommandLine":"C:\\Windows\\System32\\RuntimeBroker.exe","ParentImage":"C:\\Windows\\System32\\services.exe","ParentProcessGuid":"{08A6B694-6DD0-2026-B51E-F994503F632A}","OriginalFileName":"C:\\Windows\\System32\\RuntimeBroker.exe"}
{"UtcTime":"2026-08-12 14:33:17.000","Computer":"CLM-MESA-014","User":"CLM\\ops","EventID":1,"Image":"C:\\Windows\\System32\\RuntimeBroker.exe","ProcessGuid":"{FDE148A2-DBEB-2026-2C2F-F1E6A4793D67}","ProcessId":7357,"CommandLine":"C:\\Windows\\System32\\RuntimeBroker.exe","ParentImage":"C:\\Windows\\System32\\services.exe","ParentProcessGuid":"{66D89E3D-5B19-2026-833B-8DA299DE9C27}","OriginalFileName":"C:\\Windows\\System32\\RuntimeBroker.exe"}
{"UtcTime":"2026-08-12 14:33:18.000","Computer":"CLM-MESA-014","User":"CLM\\mesa","EventID":5,"Image":"C:\\Windows\\System32\\conhost.exe","ProcessGuid":"{5926BD68-0B44-2026-7E84-80A83C45A45E}","ProcessId":1251,"EventType":"End"}
{"UtcTime":"2026-08-12 14:33:19.000","Computer":"CLM-MESA-014","User":"CLM\\ops","EventID":5,"Image":"C:\\Windows\\System32\\conhost.exe","ProcessGuid":"{761C9E4F-36E9-2026-BF95-3D22D65B9815}","ProcessId":5920,"EventType":"End"}
{"UtcTime":"2026-08-12 14:33:20.000","Computer":"CLM-MESA-014","User":"CLM\\backoffice","EventID":5,"Image":"C:\\Program Files\\Google\\Chrome\\Application\\chrome.exe","ProcessGuid":"{440E4A52-D3A6-2026-BFF9-D380AE2BB87F}","ProcessId":1606,"EventType":"End"}
{"UtcTime":"2026-08-12 14:33:21.000","Computer":"CLM-MESA-014","User":"CLM\\ops","EventID":1,"Image":"C:\\Program Files\\Microsoft Office\\Office16\\EXCEL.EXE","ProcessGuid":"{DB44F5BE-CD00-2026-AF01-9D0CAC678C39}","ProcessId":655,"CommandLine":"C:\\Program Files\\Microsoft Office\\Office16\\EXCEL.EXE","ParentImage":"C:\\Windows\\System32\\services.exe","ParentProcessGuid":"{2B295BAD-5936-2026-F43A-390EB1AC4B8D}","OriginalFileName":"C:\\Program Files\\Microsoft Office\\Office16\\EXCEL.EXE"}
{"UtcTime":"2026-08-12 14:33:22.000","Computer":"CLM-MESA-014","User":"CLM\\mesa","EventID":3,"Image":"C:\\Windows\\System32\\conhost.exe","ProcessGuid":"{0F4A7650-E3E6-2026-ADDE-4C0307D3D7EC}","ProcessId":3856,"DestinationIp":"8.8.8.8","DestinationPort":53,"DestinationHostname":"portal.clm.liquidacao","SourceIp":"10.70.30.14","Protocol":"tcp"}
{"UtcTime":"2026-08-12 14:33:23.000","Computer":"CLM-MESA-014","User":"CLM\\ops","EventID":1,"Image":"C:\\Windows\\System32\\conhost.exe","ProcessGuid":"{9683196F-2FCC-2026-B3C8-D01102D96C7A}","ProcessId":2214,"CommandLine":"C:\\Windows\\System32\\conhost.exe","ParentImage":"C:\\Windows\\System32\\services.exe","ParentProcessGuid":"{D267AD2F-40E3-2026-5127-5F3D219B1B62}","OriginalFileName":"C:\\Windows\\System32\\conhost.exe"}
{"UtcTime":"2026-08-12 14:33:24.000","Computer":"CLM-MESA-014","User":"CLM\\ops","EventID":1,"Image":"C:\\Program Files\\Google\\Chrome\\Application\\chrome.exe","ProcessGuid":"{445DA42E-1EC6-2026-D337-BAB86E840BA6}","ProcessId":5601,"CommandLine":"C:\\Program Files\\Google\\Chrome\\Application\\chrome.exe","ParentImage":"C:\\Windows\\System32\\services.exe","ParentProcessGuid":"{F92A182B-7DE0-2026-C46B-4C5FEB907883}","OriginalFileName":"C:\\Program Files\\Google\\Chrome\\Application\\chrome.exe"}
{"UtcTime":"2026-08-12 14:33:25.000","Computer":"CLM-MESA-014","User":"CLM\\backoffice","EventID":5,"Image":"C:\\Windows\\System32\\RuntimeBroker.exe","ProcessGuid":"{E4A021B0-D239-2026-9A5E-2BE8AA4A5AA6}","ProcessId":5567,"EventType":"End"}
{"UtcTime":"2026-08-12 14:33:26.000","Computer":"CLM-MESA-014","User":"CLM\\ops","EventID":1,"Image":"C:\\Windows\\System32\\RuntimeBroker.exe","ProcessGuid":"{AD0C689E-C1D0-2026-2ED9-B6FFB9382EE5}","ProcessId":8831,"CommandLine":"C:\\Windows\\System32\\RuntimeBroker.exe","ParentImage":"C:\\Windows\\System32\\services.exe","ParentProcessGuid":"{6472BD91-465C-2026-2FA2-EF2748B9A9C4}","OriginalFileName":"C:\\Windows\\System32\\RuntimeBroker.exe"}
{"UtcTime":"2026-08-12 14:33:27.000","Computer":"CLM-MESA-014","User":"CLM\\mesa","EventID":11,"Image":"C:\\Windows\\System32\\RuntimeBroker.exe","ProcessGuid":"{36F68F54-E175-2026-D411-066F1C0BDE7B}","ProcessId":7924,"TargetFilename":"C:\\Users\\Public\\Temp\\mesa-1407.tmp"}
{"UtcTime":"2026-08-12 14:33:28.000","Computer":"CLM-MESA-014","User":"CLM\\ops","EventID":5,"Image":"C:\\Program Files\\Google\\Chrome\\Application\\chrome.exe","ProcessGuid":"{230F3420-DD66-2026-8125-3CA10932E186}","ProcessId":7327,"EventType":"End"}
{"UtcTime":"2026-08-12 14:33:29.000","Computer":"CLM-MESA-014","User":"CLM\\mesa","EventID":1,"Image":"C:\\Program Files\\Microsoft Office\\Office16\\EXCEL.EXE","ProcessGuid":"{B8743BBC-050C-2026-FA4C-0493D94B68B9}","ProcessId":2859,"CommandLine":"C:\\Program Files\\Microsoft Office\\Office16\\EXCEL.EXE","ParentImage":"C:\\Windows\\System32\\services.exe","ParentProcessGuid":"{8E68CFCF-D9E9-2026-542E-555992940884}","OriginalFileName":"C:\\Program Files\\Microsoft Office\\Office16\\EXCEL.EXE"}
{"UtcTime":"2026-08-12 14:33:30.000","Computer":"CLM-MESA-014","User":"CLM\\ops","EventID":13,"Image":"C:\\Program Files\\Google\\Chrome\\Application\\chrome.exe","ProcessGuid":"{6F5636C9-81AF-2026-4FF7-3760148BD7DA}","ProcessId":7176,"EventType":"SetValue","TargetObject":"HKCU\\Software\\CLM\\Mesa\\Pref\\1410","Details":"1"}
{"UtcTime":"2026-08-12 14:33:31.000","Computer":"CLM-MESA-014","User":"CLM\\ops","EventID":1,"Image":"C:\\Windows\\System32\\RuntimeBroker.exe","ProcessGuid":"{BAD184AA-2381-2026-8E2F-ABC4145039AC}","ProcessId":6507,"CommandLine":"C:\\Windows\\System32\\RuntimeBroker.exe","ParentImage":"C:\\Windows\\System32\\services.exe","ParentProcessGuid":"{EC5754E8-A236-2026-F557-A89E1E6536C4}","OriginalFileName":"C:\\Windows\\System32\\RuntimeBroker.exe"}
{"UtcTime":"2026-08-12 14:33:32.000","Computer":"CLM-MESA-014","User":"CLM\\backoffice","EventID":1,"Image":"C:\\Program Files\\Microsoft Office\\Office16\\EXCEL.EXE","ProcessGuid":"{9C93A53B-7C8C-2026-76D0-1315D8750940}","ProcessId":1496,"CommandLine":"C:\\Program Files\\Microsoft Office\\Office16\\EXCEL.EXE","ParentImage":"C:\\Windows\\System32\\services.exe","ParentProcessGuid":"{06FD6060-EDEF-2026-9740-25A05A5855A4}","OriginalFileName":"C:\\Program Files\\Microsoft Office\\Office16\\EXCEL.EXE"}
{"UtcTime":"2026-08-12 14:33:33.000","Computer":"CLM-MESA-014","User":"CLM\\ops","EventID":3,"Image":"C:\\Windows\\explorer.exe","ProcessGuid":"{875C8C3A-DBF8-2026-BD36-5BB5FEF8B602}","ProcessId":2431,"DestinationIp":"8.8.8.8","DestinationPort":135,"DestinationHostname":"portal.clm.liquidacao","SourceIp":"10.70.30.14","Protocol":"tcp"}
{"UtcTime":"2026-08-12 14:33:34.000","Computer":"CLM-MESA-014","User":"CLM\\backoffice","EventID":1,"Image":"C:\\Windows\\System32\\conhost.exe","ProcessGuid":"{39859395-2CA5-2026-F911-FFC5E3EBEDD5}","ProcessId":8113,"CommandLine":"C:\\Windows\\System32\\conhost.exe","ParentImage":"C:\\Windows\\System32\\services.exe","ParentProcessGuid":"{B8562AA2-E0AC-2026-4305-52684A325BA1}","OriginalFileName":"C:\\Windows\\System32\\conhost.exe"}
{"UtcTime":"2026-08-12 14:33:35.000","Computer":"CLM-MESA-014","User":"CLM\\ops","EventID":5,"Image":"C:\\Windows\\System32\\conhost.exe","ProcessGuid":"{D01C33B6-EEB6-2026-EED7-E024137E04E3}","ProcessId":3717,"EventType":"End"}
{"UtcTime":"2026-08-12 14:33:36.000","Computer":"CLM-MESA-014","User":"CLM\\ops","EventID":11,"Image":"C:\\Windows\\System32\\conhost.exe","ProcessGuid":"{856497DE-0646-2026-920B-CA71E2635AF0}","ProcessId":5230,"TargetFilename":"C:\\Users\\Public\\Temp\\mesa-1416.tmp"}
{"UtcTime":"2026-08-12 14:33:37.000","Computer":"CLM-MESA-014","User":"CLM\\mesa","EventID":3,"Image":"C:\\Windows\\explorer.exe","ProcessGuid":"{B8E4BCD5-DA93-2026-861E-5A998064CDAD}","ProcessId":467,"DestinationIp":"10.70.30.8","DestinationPort":135,"DestinationHostname":"portal.clm.liquidacao","SourceIp":"10.70.30.14","Protocol":"tcp"}
{"UtcTime":"2026-08-12 14:33:38.000","Computer":"CLM-MESA-014","User":"CLM\\ops","EventID":1,"Image":"C:\\Windows\\System32\\conhost.exe","ProcessGuid":"{7BD789A9-2ADA-2026-DF4B-7E28062BF2A3}","ProcessId":6777,"CommandLine":"C:\\Windows\\System32\\conhost.exe","ParentImage":"C:\\Windows\\System32\\services.exe","ParentProcessGuid":"{58B3299D-42AD-2026-E6D5-EE4F58B60C3B}","OriginalFileName":"C:\\Windows\\System32\\conhost.exe"}
{"UtcTime":"2026-08-12 14:33:39.000","Computer":"CLM-MESA-014","User":"CLM\\mesa","EventID":11,"Image":"C:\\Program Files\\Microsoft Office\\Office16\\EXCEL.EXE","ProcessGuid":"{E14BCA45-6360-2026-3B66-0F8757A0F230}","ProcessId":7716,"TargetFilename":"C:\\Users\\Public\\Temp\\mesa-1419.tmp"}
{"UtcTime":"2026-08-12 14:33:40.000","Computer":"CLM-MESA-014","User":"CLM\\ops","EventID":3,"Image":"C:\\Windows\\System32\\conhost.exe","ProcessGuid":"{899DD2E2-2336-2026-8F64-8C766AFA92FE}","ProcessId":6612,"DestinationIp":"10.70.30.1","DestinationPort":135,"DestinationHostname":"portal.clm.liquidacao","SourceIp":"10.70.30.14","Protocol":"tcp"}
{"UtcTime":"2026-08-12 14:33:41.000","Computer":"CLM-MESA-014","User":"CLM\\ops","EventID":13,"Image":"C:\\Windows\\System32\\conhost.exe","ProcessGuid":"{84919EE7-15C2-2026-05DA-FE7394D936A6}","ProcessId":6820,"EventType":"SetValue","TargetObject":"HKCU\\Software\\CLM\\Mesa\\Pref\\1421","Details":"1"}
{"UtcTime":"2026-08-12 14:33:42.000","Computer":"CLM-MESA-014","User":"CLM\\mesa","EventID":13,"Image":"C:\\Windows\\System32\\svchost.exe","ProcessGuid":"{6BF30E9C-94DF-2026-F711-A14C4681C6EC}","ProcessId":8043,"EventType":"SetValue","TargetObject":"HKCU\\Software\\CLM\\Mesa\\Pref\\1422","Details":"1"}
{"UtcTime":"2026-08-12 14:33:43.000","Computer":"CLM-MESA-014","User":"CLM\\mesa","EventID":13,"Image":"C:\\Windows\\System32\\RuntimeBroker.exe","ProcessGuid":"{F9F64902-01AA-2026-DB20-8F37CDE7A7E1}","ProcessId":8852,"EventType":"SetValue","TargetObject":"HKCU\\Software\\CLM\\Mesa\\Pref\\1423","Details":"1"}
{"UtcTime":"2026-08-12 14:33:44.000","Computer":"CLM-MESA-014","User":"CLM\\backoffice","EventID":3,"Image":"C:\\Windows\\System32\\conhost.exe","ProcessGuid":"{A8F6E101-C316-2026-9770-5AE7AF3D7C9A}","ProcessId":5184,"DestinationIp":"10.70.30.1","DestinationPort":8080,"DestinationHostname":"ntp.clm.liquidacao","SourceIp":"10.70.30.14","Protocol":"tcp"}
{"UtcTime":"2026-08-12 14:33:45.000","Computer":"CLM-MESA-014","User":"CLM\\backoffice","EventID":13,"Image":"C:\\Windows\\System32\\RuntimeBroker.exe","ProcessGuid":"{FA7FAFA2-1EF9-2026-DDE3-387B43E3515B}","ProcessId":1072,"EventType":"SetValue","TargetObject":"HKCU\\Software\\CLM\\Mesa\\Pref\\1425","Details":"1"}
{"UtcTime":"2026-08-12 14:33:46.000","Computer":"CLM-MESA-014","User":"CLM\\ops","EventID":5,"Image":"C:\\Program Files\\Google\\Chrome\\Application\\chrome.exe","ProcessGuid":"{5968A045-F419-2026-E723-0C2817D01638}","ProcessId":2441,"EventType":"End"}
{"UtcTime":"2026-08-12 14:33:47.000","Computer":"CLM-MESA-014","User":"CLM\\backoffice","EventID":13,"Image":"C:\\Program Files\\Google\\Chrome\\Application\\chrome.exe","ProcessGuid":"{D4B39FB1-F289-2026-9AC9-1773E4BF483A}","ProcessId":7230,"EventType":"SetValue","TargetObject":"HKCU\\Software\\CLM\\Mesa\\Pref\\1427","Details":"1"}
{"UtcTime":"2026-08-12 14:33:48.000","Computer":"CLM-MESA-014","User":"CLM\\ops","EventID":1,"Image":"C:\\Windows\\System32\\RuntimeBroker.exe","ProcessGuid":"{AAD98E5F-8ADC-2026-CC1E-D3D5683EEF5C}","ProcessId":3991,"CommandLine":"C:\\Windows\\System32\\RuntimeBroker.exe","ParentImage":"C:\\Windows\\System32\\services.exe","ParentProcessGuid":"{79CFE0CE-C2C6-2026-F496-22EC5FEA2911}","OriginalFileName":"C:\\Windows\\System32\\RuntimeBroker.exe"}
{"UtcTime":"2026-08-12 14:33:49.000","Computer":"CLM-MESA-014","User":"CLM\\backoffice","EventID":1,"Image":"C:\\Windows\\System32\\svchost.exe","ProcessGuid":"{FA7CAC5F-3E28-2026-FFFB-515C3A1D6163}","ProcessId":8685,"CommandLine":"C:\\Windows\\System32\\svchost.exe","ParentImage":"C:\\Windows\\System32\\services.exe","ParentProcessGuid":"{F0931AB4-115A-2026-EB3E-E47775E4DEE8}","OriginalFileName":"C:\\Windows\\System32\\svchost.exe"}
{"UtcTime":"2026-08-12 14:33:50.000","Computer":"CLM-MESA-014","User":"CLM\\mesa","EventID":3,"Image":"C:\\Program Files\\Microsoft Office\\Office16\\EXCEL.EXE","ProcessGuid":"{1FE9ADE8-494D-2026-C204-E3D7695E6D9C}","ProcessId":1092,"DestinationIp":"8.8.8.8","DestinationPort":53,"DestinationHostname":"ntp.clm.liquidacao","SourceIp":"10.70.30.14","Protocol":"tcp"}
{"UtcTime":"2026-08-12 14:33:51.000","Computer":"CLM-MESA-014","User":"CLM\\backoffice","EventID":1,"Image":"C:\\Program Files\\Google\\Chrome\\Application\\chrome.exe","ProcessGuid":"{16D1ADF4-7555-2026-15B1-579E2BF315CB}","ProcessId":1782,"CommandLine":"C:\\Program Files\\Google\\Chrome\\Application\\chrome.exe","ParentImage":"C:\\Windows\\System32\\services.exe","ParentProcessGuid":"{9AB7C2E1-A9F5-2026-DCD7-209229AEF429}","OriginalFileName":"C:\\Program Files\\Google\\Chrome\\Application\\chrome.exe"}
{"UtcTime":"2026-08-12 14:33:52.000","Computer":"CLM-MESA-014","User":"CLM\\ops","EventID":1,"Image":"C:\\Windows\\explorer.exe","ProcessGuid":"{1D3EF903-9D09-2026-6170-CECCB52CED15}","ProcessId":8304,"CommandLine":"C:\\Windows\\explorer.exe","ParentImage":"C:\\Windows\\System32\\services.exe","ParentProcessGuid":"{564D268B-2D56-2026-3BC2-65328AEC17C7}","OriginalFileName":"C:\\Windows\\explorer.exe"}
{"UtcTime":"2026-08-12 14:33:53.000","Computer":"CLM-MESA-014","User":"CLM\\ops","EventID":11,"Image":"C:\\Windows\\explorer.exe","ProcessGuid":"{DBECD731-24BE-2026-99F3-30424CCE1795}","ProcessId":7971,"TargetFilename":"C:\\Users\\Public\\Temp\\mesa-1433.tmp"}
{"UtcTime":"2026-08-12 14:33:54.000","Computer":"CLM-MESA-014","User":"CLM\\ops","EventID":3,"Image":"C:\\Windows\\explorer.exe","ProcessGuid":"{9AF24635-FFB5-2026-5B6B-DEF6021FA94A}","ProcessId":3881,"DestinationIp":"8.8.8.8","DestinationPort":443,"DestinationHostname":"ntp.clm.liquidacao","SourceIp":"10.70.30.14","Protocol":"tcp"}
{"UtcTime":"2026-08-12 14:33:55.000","Computer":"CLM-MESA-014","User":"CLM\\mesa","EventID":1,"Image":"C:\\Program Files\\Microsoft Office\\Office16\\EXCEL.EXE","ProcessGuid":"{F2AF4B9A-E38B-2026-A1B0-6F9D1B452197}","ProcessId":1770,"CommandLine":"C:\\Program Files\\Microsoft Office\\Office16\\EXCEL.EXE","ParentImage":"C:\\Windows\\System32\\services.exe","ParentProcessGuid":"{9332AC4B-2E8C-2026-0F6A-8B8629720F72}","OriginalFileName":"C:\\Program Files\\Microsoft Office\\Office16\\EXCEL.EXE"}
{"UtcTime":"2026-08-12 14:33:56.000","Computer":"CLM-MESA-014","User":"CLM\\backoffice","EventID":1,"Image":"C:\\Program Files\\Microsoft Office\\Office16\\EXCEL.EXE","ProcessGuid":"{F37DA39A-2790-2026-3F04-9290B8EE302A}","ProcessId":2136,"CommandLine":"C:\\Program Files\\Microsoft Office\\Office16\\EXCEL.EXE","ParentImage":"C:\\Windows\\System32\\services.exe","ParentProcessGuid":"{0C20D554-DE1D-2026-433C-DADDDEFE6BE1}","OriginalFileName":"C:\\Program Files\\Microsoft Office\\Office16\\EXCEL.EXE"}
{"UtcTime":"2026-08-12 14:33:57.000","Computer":"CLM-MESA-014","User":"CLM\\ops","EventID":1,"Image":"C:\\Program Files\\Google\\Chrome\\Application\\chrome.exe","ProcessGuid":"{AC462256-6F0D-2026-25ED-4E61A02CB9A6}","ProcessId":8503,"CommandLine":"C:\\Program Files\\Google\\Chrome\\Application\\chrome.exe","ParentImage":"C:\\Windows\\System32\\services.exe","ParentProcessGuid":"{9AFFFFA2-11E0-2026-8137-A4914153F8B8}","OriginalFileName":"C:\\Program Files\\Google\\Chrome\\Application\\chrome.exe"}
{"UtcTime":"2026-08-12 14:33:58.000","Computer":"CLM-MESA-014","User":"CLM\\backoffice","EventID":13,"Image":"C:\\Program Files\\Microsoft Office\\Office16\\EXCEL.EXE","ProcessGuid":"{B0E57B85-3101-2026-2AA1-3F3AF21591C4}","ProcessId":1099,"EventType":"SetValue","TargetObject":"HKCU\\Software\\CLM\\Mesa\\Pref\\1438","Details":"1"}
{"UtcTime":"2026-08-12 14:33:59.000","Computer":"CLM-MESA-014","User":"CLM\\mesa","EventID":1,"Image":"C:\\Windows\\explorer.exe","ProcessGuid":"{1CA0B2B3-CA00-2026-F8CE-31E9F1CEBFD5}","ProcessId":4823,"CommandLine":"C:\\Windows\\explorer.exe","ParentImage":"C:\\Windows\\System32\\services.exe","ParentProcessGuid":"{2DC953AE-0BCF-2026-65BC-2ECF059678C6}","OriginalFileName":"C:\\Windows\\explorer.exe"}
{"UtcTime":"2026-08-12 14:34:00.000","Computer":"CLM-MESA-014","User":"CLM\\mesa","EventID":1,"Image":"C:\\Windows\\System32\\conhost.exe","ProcessGuid":"{6E6C1807-3B43-2026-6D04-19558FDD84FB}","ProcessId":5164,"CommandLine":"C:\\Windows\\System32\\conhost.exe","ParentImage":"C:\\Windows\\System32\\services.exe","ParentProcessGuid":"{B281E1A4-B62C-2026-48FD-A3086BF39299}","OriginalFileName":"C:\\Windows\\System32\\conhost.exe"}
{"UtcTime":"2026-08-12 14:34:01.000","Computer":"CLM-MESA-014","User":"CLM\\backoffice","EventID":5,"Image":"C:\\Windows\\System32\\RuntimeBroker.exe","ProcessGuid":"{F0E82915-1FF4-2026-9679-6C69B533486D}","ProcessId":8861,"EventType":"End"}
{"UtcTime":"2026-08-12 14:34:02.000","Computer":"CLM-MESA-014","User":"CLM\\backoffice","EventID":13,"Image":"C:\\Windows\\System32\\RuntimeBroker.exe","ProcessGuid":"{C0AE8EC3-B91B-2026-1F7F-8F77E953B638}","ProcessId":7452,"EventType":"SetValue","TargetObject":"HKCU\\Software\\CLM\\Mesa\\Pref\\1442","Details":"1"}
{"UtcTime":"2026-08-12 14:34:03.000","Computer":"CLM-MESA-014","User":"CLM\\mesa","EventID":1,"Image":"C:\\Windows\\System32\\RuntimeBroker.exe","ProcessGuid":"{8EC03563-D551-2026-89A4-24C95BDE9ED3}","ProcessId":7398,"CommandLine":"C:\\Windows\\System32\\RuntimeBroker.exe","ParentImage":"C:\\Windows\\System32\\services.exe","ParentProcessGuid":"{68FE7D2B-5DB8-2026-5F46-E17982B2CEFE}","OriginalFileName":"C:\\Windows\\System32\\RuntimeBroker.exe"}
{"UtcTime":"2026-08-12 14:34:04.000","Computer":"CLM-MESA-014","User":"CLM\\backoffice","EventID":13,"Image":"C:\\Program Files\\Google\\Chrome\\Application\\chrome.exe","ProcessGuid":"{36821A33-B42F-2026-A1CB-15880D435FE7}","ProcessId":2371,"EventType":"SetValue","TargetObject":"HKCU\\Software\\CLM\\Mesa\\Pref\\1444","Details":"1"}
{"UtcTime":"2026-08-12 14:34:05.000","Computer":"CLM-MESA-014","User":"CLM\\ops","EventID":5,"Image":"C:\\Windows\\System32\\svchost.exe","ProcessGuid":"{05C99DA2-D2B5-2026-B5E4-01040D700B46}","ProcessId":8744,"EventType":"End"}
{"UtcTime":"2026-08-12 14:34:06.000","Computer":"CLM-MESA-014","User":"CLM\\ops","EventID":3,"Image":"C:\\Windows\\System32\\RuntimeBroker.exe","ProcessGuid":"{079576D3-1762-2026-230F-6D4809171D87}","ProcessId":2414,"DestinationIp":"10.70.30.8","DestinationPort":53,"DestinationHostname":"ntp.clm.liquidacao","SourceIp":"10.70.30.14","Protocol":"tcp"}
{"UtcTime":"2026-08-12 14:34:07.000","Computer":"CLM-MESA-014","User":"CLM\\backoffice","EventID":1,"Image":"C:\\Windows\\explorer.exe","ProcessGuid":"{256BF946-EA27-2026-8E33-8349D25CA7CA}","ProcessId":4248,"CommandLine":"C:\\Windows\\explorer.exe","ParentImage":"C:\\Windows\\System32\\services.exe","ParentProcessGuid":"{CBB3B2C1-EA7C-2026-9D5F-1E154A72BA85}","OriginalFileName":"C:\\Windows\\explorer.exe"}
{"UtcTime":"2026-08-12 14:34:08.000","Computer":"CLM-MESA-014","User":"CLM\\mesa","EventID":5,"Image":"C:\\Program Files\\Google\\Chrome\\Application\\chrome.exe","ProcessGuid":"{7EA7DD0B-FCE1-2026-483A-2235148F1F88}","ProcessId":4683,"EventType":"End"}
{"UtcTime":"2026-08-12 14:34:09.000","Computer":"CLM-MESA-014","User":"CLM\\ops","EventID":3,"Image":"C:\\Windows\\explorer.exe","ProcessGuid":"{527BEDA2-1FA1-2026-AC23-AABD8ED1110F}","ProcessId":6703,"DestinationIp":"10.70.30.8","DestinationPort":53,"DestinationHostname":"portal.clm.liquidacao","SourceIp":"10.70.30.14","Protocol":"tcp"}
{"UtcTime":"2026-08-12 14:34:10.000","Computer":"CLM-MESA-014","User":"CLM\\backoffice","EventID":13,"Image":"C:\\Program Files\\Google\\Chrome\\Application\\chrome.exe","ProcessGuid":"{91F005C7-EDD8-2026-FF6C-C92CF614DE5B}","ProcessId":8951,"EventType":"SetValue","TargetObject":"HKCU\\Software\\CLM\\Mesa\\Pref\\1450","Details":"1"}
{"UtcTime":"2026-08-12 14:34:11.000","Computer":"CLM-MESA-014","User":"CLM\\mesa","EventID":1,"Image":"C:\\Windows\\System32\\svchost.exe","ProcessGuid":"{FEE6B431-1A7B-2026-EA63-609CE7737607}","ProcessId":7994,"CommandLine":"C:\\Windows\\System32\\svchost.exe","ParentImage":"C:\\Windows\\System32\\services.exe","ParentProcessGuid":"{B19316AF-512E-2026-74A9-A517A3D9B98D}","OriginalFileName":"C:\\Windows\\System32\\svchost.exe"}
{"UtcTime":"2026-08-12 14:34:12.000","Computer":"CLM-MESA-014","User":"CLM\\ops","EventID":11,"Image":"C:\\Program Files\\Google\\Chrome\\Application\\chrome.exe","ProcessGuid":"{55E0D7DA-DE94-2026-310E-08EC2758272A}","ProcessId":7516,"TargetFilename":"C:\\Users\\Public\\Temp\\mesa-1452.tmp"}
{"UtcTime":"2026-08-12 14:34:13.000","Computer":"CLM-MESA-014","User":"CLM\\ops","EventID":11,"Image":"C:\\Windows\\explorer.exe","ProcessGuid":"{3F3DFC08-1A5F-2026-8968-06CEF17C9A57}","ProcessId":8781,"TargetFilename":"C:\\Users\\Public\\Temp\\mesa-1453.tmp"}
{"UtcTime":"2026-08-12 14:34:14.000","Computer":"CLM-MESA-014","User":"CLM\\mesa","EventID":1,"Image":"C:\\Program Files\\Microsoft Office\\Office16\\EXCEL.EXE","ProcessGuid":"{B523E219-17A5-2026-B3AF-9523F688B13C}","ProcessId":2948,"CommandLine":"C:\\Program Files\\Microsoft Office\\Office16\\EXCEL.EXE","ParentImage":"C:\\Windows\\System32\\services.exe","ParentProcessGuid":"{4C6CEECD-750C-2026-30F5-F3718D001F8E}","OriginalFileName":"C:\\Program Files\\Microsoft Office\\Office16\\EXCEL.EXE"}
{"UtcTime":"2026-08-12 14:34:15.000","Computer":"CLM-MESA-014","User":"CLM\\backoffice","EventID":1,"Image":"C:\\Program Files\\Microsoft Office\\Office16\\EXCEL.EXE","ProcessGuid":"{D53E2F0D-BD80-2026-25A1-9EC6BDDD7ED1}","ProcessId":6162,"CommandLine":"C:\\Program Files\\Microsoft Office\\Office16\\EXCEL.EXE","ParentImage":"C:\\Windows\\System32\\services.exe","ParentProcessGuid":"{FDB7036B-0FC0-2026-F825-E26DB721C095}","OriginalFileName":"C:\\Program Files\\Microsoft Office\\Office16\\EXCEL.EXE"}
{"UtcTime":"2026-08-12 14:34:16.000","Computer":"CLM-MESA-014","User":"CLM\\mesa","EventID":5,"Image":"C:\\Windows\\System32\\conhost.exe","ProcessGuid":"{A2DECB41-7648-2026-A3B9-28A6FE14AFD5}","ProcessId":3240,"EventType":"End"}
{"UtcTime":"2026-08-12 14:34:17.000","Computer":"CLM-MESA-014","User":"CLM\\ops","EventID":1,"Image":"C:\\Windows\\System32\\conhost.exe","ProcessGuid":"{C094A56F-E0A9-2026-A684-36FEF5B137A5}","ProcessId":3028,"CommandLine":"C:\\Windows\\System32\\conhost.exe","ParentImage":"C:\\Windows\\System32\\services.exe","ParentProcessGuid":"{C394BFD2-D37F-2026-0B3B-D3E73686A95C}","OriginalFileName":"C:\\Windows\\System32\\conhost.exe"}
{"UtcTime":"2026-08-12 14:34:18.000","Computer":"CLM-MESA-014","User":"CLM\\ops","EventID":5,"Image":"C:\\Windows\\System32\\conhost.exe","ProcessGuid":"{84650B81-576F-2026-6412-DE1681CF7719}","ProcessId":6728,"EventType":"End"}
{"UtcTime":"2026-08-12 14:34:19.000","Computer":"CLM-MESA-014","User":"CLM\\backoffice","EventID":11,"Image":"C:\\Windows\\System32\\RuntimeBroker.exe","ProcessGuid":"{E10D043C-CE74-2026-6E9A-99B6674E06E9}","ProcessId":626,"TargetFilename":"C:\\Users\\Public\\Temp\\mesa-1459.tmp"}
{"UtcTime":"2026-08-12 14:34:20.000","Computer":"CLM-MESA-014","User":"CLM\\ops","EventID":13,"Image":"C:\\Program Files\\Google\\Chrome\\Application\\chrome.exe","ProcessGuid":"{F1BC0395-39BC-2026-DAD9-38AD3266E1BE}","ProcessId":2295,"EventType":"SetValue","TargetObject":"HKCU\\Software\\CLM\\Mesa\\Pref\\1460","Details":"1"}
{"UtcTime":"2026-08-12 14:34:21.000","Computer":"CLM-MESA-014","User":"CLM\\backoffice","EventID":11,"Image":"C:\\Program Files\\Microsoft Office\\Office16\\EXCEL.EXE","ProcessGuid":"{923AF2E2-9581-2026-4B4D-5D73B9A20E2D}","ProcessId":8983,"TargetFilename":"C:\\Users\\Public\\Temp\\mesa-1461.tmp"}
{"UtcTime":"2026-08-12 14:34:22.000","Computer":"CLM-MESA-014","User":"CLM\\mesa","EventID":11,"Image":"C:\\Windows\\System32\\svchost.exe","ProcessGuid":"{D4813EBB-533E-2026-E46D-E533B0109EBC}","ProcessId":1615,"TargetFilename":"C:\\Users\\Public\\Temp\\mesa-1462.tmp"}
{"UtcTime":"2026-08-12 14:34:23.000","Computer":"CLM-MESA-014","User":"CLM\\ops","EventID":1,"Image":"C:\\Program Files\\Microsoft Office\\Office16\\EXCEL.EXE","ProcessGuid":"{0D4FCF1D-B16F-2026-C865-0FC4F0751064}","ProcessId":5894,"CommandLine":"C:\\Program Files\\Microsoft Office\\Office16\\EXCEL.EXE","ParentImage":"C:\\Windows\\System32\\services.exe","ParentProcessGuid":"{8749E4E2-1337-2026-CFC6-AC9E854EAF54}","OriginalFileName":"C:\\Program Files\\Microsoft Office\\Office16\\EXCEL.EXE"}
{"UtcTime":"2026-08-12 14:34:24.000","Computer":"CLM-MESA-014","User":"CLM\\backoffice","EventID":1,"Image":"C:\\Program Files\\Google\\Chrome\\Application\\chrome.exe","ProcessGuid":"{E390712A-2015-2026-E360-2938ED867940}","ProcessId":6506,"CommandLine":"C:\\Program Files\\Google\\Chrome\\Application\\chrome.exe","ParentImage":"C:\\Windows\\System32\\services.exe","ParentProcessGuid":"{45DF122A-9119-2026-97F9-A12B5539CCFE}","OriginalFileName":"C:\\Program Files\\Google\\Chrome\\Application\\chrome.exe"}
{"UtcTime":"2026-08-12 14:34:25.000","Computer":"CLM-MESA-014","User":"CLM\\mesa","EventID":11,"Image":"C:\\Program Files\\Microsoft Office\\Office16\\EXCEL.EXE","ProcessGuid":"{789880B8-A63B-2026-F5F1-7E3601701479}","ProcessId":7142,"TargetFilename":"C:\\Users\\Public\\Temp\\mesa-1465.tmp"}
{"UtcTime":"2026-08-12 14:34:26.000","Computer":"CLM-MESA-014","User":"CLM\\backoffice","EventID":3,"Image":"C:\\Windows\\explorer.exe","ProcessGuid":"{6844170F-F7F5-2026-83E2-3F9591322774}","ProcessId":4410,"DestinationIp":"10.70.30.8","DestinationPort":8080,"DestinationHostname":"ntp.clm.liquidacao","SourceIp":"10.70.30.14","Protocol":"tcp"}
{"UtcTime":"2026-08-12 14:34:27.000","Computer":"CLM-MESA-014","User":"CLM\\ops","EventID":11,"Image":"C:\\Program Files\\Microsoft Office\\Office16\\EXCEL.EXE","ProcessGuid":"{D9DA572A-03B4-2026-8F6E-61F17DB6E3D5}","ProcessId":4972,"TargetFilename":"C:\\Users\\Public\\Temp\\mesa-1467.tmp"}
{"UtcTime":"2026-08-12 14:34:28.000","Computer":"CLM-MESA-014","User":"CLM\\ops","EventID":1,"Image":"C:\\Program Files\\Microsoft Office\\Office16\\EXCEL.EXE","ProcessGuid":"{505F14E9-9B3D-2026-6AB9-02DEBAABE3CD}","ProcessId":5544,"CommandLine":"C:\\Program Files\\Microsoft Office\\Office16\\EXCEL.EXE","ParentImage":"C:\\Windows\\System32\\services.exe","ParentProcessGuid":"{AE82694C-9DAE-2026-9B44-CCC0D785ACD1}","OriginalFileName":"C:\\Program Files\\Microsoft Office\\Office16\\EXCEL.EXE"}
{"UtcTime":"2026-08-12 14:34:29.000","Computer":"CLM-MESA-014","User":"CLM\\ops","EventID":3,"Image":"C:\\Program Files\\Microsoft Office\\Office16\\EXCEL.EXE","ProcessGuid":"{6F7529D4-9879-2026-6E2C-632BBCD1E1D2}","ProcessId":7877,"DestinationIp":"8.8.8.8","DestinationPort":443,"DestinationHostname":"ntp.clm.liquidacao","SourceIp":"10.70.30.14","Protocol":"tcp"}
{"UtcTime":"2026-08-12 14:34:30.000","Computer":"CLM-MESA-014","User":"CLM\\backoffice","EventID":1,"Image":"C:\\Windows\\explorer.exe","ProcessGuid":"{D1125DFC-FC7B-2026-F02E-993FF08506F3}","ProcessId":8898,"CommandLine":"C:\\Windows\\explorer.exe","ParentImage":"C:\\Windows\\System32\\services.exe","ParentProcessGuid":"{599CF2DF-AE72-2026-2E55-E84738998C5C}","OriginalFileName":"C:\\Windows\\explorer.exe"}
{"UtcTime":"2026-08-12 14:34:31.000","Computer":"CLM-MESA-014","User":"CLM\\ops","EventID":1,"Image":"C:\\Program Files\\Google\\Chrome\\Application\\chrome.exe","ProcessGuid":"{F2B04C10-870B-2026-9937-88A19478B9AF}","ProcessId":7876,"CommandLine":"C:\\Program Files\\Google\\Chrome\\Application\\chrome.exe","ParentImage":"C:\\Windows\\System32\\services.exe","ParentProcessGuid":"{E5B0BAFF-F85E-2026-E195-FB9A4EF6EEC2}","OriginalFileName":"C:\\Program Files\\Google\\Chrome\\Application\\chrome.exe"}
{"UtcTime":"2026-08-12 14:34:32.000","Computer":"CLM-MESA-014","User":"CLM\\ops","EventID":11,"Image":"C:\\Windows\\explorer.exe","ProcessGuid":"{85E60F8C-758C-2026-9E82-088284D118A7}","ProcessId":685,"TargetFilename":"C:\\Users\\Public\\Temp\\mesa-1472.tmp"}
{"UtcTime":"2026-08-12 14:34:33.000","Computer":"CLM-MESA-014","User":"CLM\\ops","EventID":13,"Image":"C:\\Windows\\System32\\RuntimeBroker.exe","ProcessGuid":"{3E2A8D84-55EE-2026-DE1B-6D74D156B60C}","ProcessId":2718,"EventType":"SetValue","TargetObject":"HKCU\\Software\\CLM\\Mesa\\Pref\\1473","Details":"1"}
{"UtcTime":"2026-08-12 14:34:34.000","Computer":"CLM-MESA-014","User":"CLM\\ops","EventID":13,"Image":"C:\\Windows\\System32\\svchost.exe","ProcessGuid":"{F5393E0C-8A19-2026-7152-EF37A915D85C}","ProcessId":2741,"EventType":"SetValue","TargetObject":"HKCU\\Software\\CLM\\Mesa\\Pref\\1474","Details":"1"}
{"UtcTime":"2026-08-12 14:34:35.000","Computer":"CLM-MESA-014","User":"CLM\\backoffice","EventID":1,"Image":"C:\\Program Files\\Microsoft Office\\Office16\\EXCEL.EXE","ProcessGuid":"{2E2DECAB-E7E9-2026-5F36-1D40847F4FC9}","ProcessId":4390,"CommandLine":"C:\\Program Files\\Microsoft Office\\Office16\\EXCEL.EXE","ParentImage":"C:\\Windows\\System32\\services.exe","ParentProcessGuid":"{C425DB88-2E68-2026-3E79-D26F74E7CDD7}","OriginalFileName":"C:\\Program Files\\Microsoft Office\\Office16\\EXCEL.EXE"}
{"UtcTime":"2026-08-12 14:34:36.000","Computer":"CLM-MESA-014","User":"CLM\\backoffice","EventID":1,"Image":"C:\\Windows\\System32\\svchost.exe","ProcessGuid":"{69169BB2-6BE1-2026-9DE7-4EA6347BF439}","ProcessId":2055,"CommandLine":"C:\\Windows\\System32\\svchost.exe","ParentImage":"C:\\Windows\\System32\\services.exe","ParentProcessGuid":"{EDC79ABB-9D0A-2026-A2B5-610B6AF4BAC5}","OriginalFileName":"C:\\Windows\\System32\\svchost.exe"}
{"UtcTime":"2026-08-12 14:34:37.000","Computer":"CLM-MESA-014","User":"CLM\\ops","EventID":1,"Image":"C:\\Windows\\System32\\conhost.exe","ProcessGuid":"{38689381-4094-2026-2720-04DA1FD9161E}","ProcessId":1386,"CommandLine":"C:\\Windows\\System32\\conhost.exe","ParentImage":"C:\\Windows\\System32\\services.exe","ParentProcessGuid":"{9771129B-AD41-2026-82DB-FFE3A14460A8}","OriginalFileName":"C:\\Windows\\System32\\conhost.exe"}
{"UtcTime":"2026-08-12 14:34:38.000","Computer":"CLM-MESA-014","User":"CLM\\ops","EventID":1,"Image":"C:\\Program Files\\Google\\Chrome\\Application\\chrome.exe","ProcessGuid":"{0201A8BE-65A8-2026-1859-A3552E3895BB}","ProcessId":4186,"CommandLine":"C:\\Program Files\\Google\\Chrome\\Application\\chrome.exe","ParentImage":"C:\\Windows\\System32\\services.exe","ParentProcessGuid":"{B6BFC8B7-6209-2026-336D-5E2F0E97983C}","OriginalFileName":"C:\\Program Files\\Google\\Chrome\\Application\\chrome.exe"}
{"UtcTime":"2026-08-12 14:34:39.000","Computer":"CLM-MESA-014","User":"CLM\\mesa","EventID":1,"Image":"C:\\Windows\\System32\\svchost.exe","ProcessGuid":"{987FA98F-8E34-2026-C179-8C946CD85187}","ProcessId":8578,"CommandLine":"C:\\Windows\\System32\\svchost.exe","ParentImage":"C:\\Windows\\System32\\services.exe","ParentProcessGuid":"{452F2DCE-2866-2026-72E8-0C71F2DCCF0A}","OriginalFileName":"C:\\Windows\\System32\\svchost.exe"}
{"UtcTime":"2026-08-12 14:34:40.000","Computer":"CLM-MESA-014","User":"CLM\\ops","EventID":11,"Image":"C:\\Windows\\explorer.exe","ProcessGuid":"{3769AF5A-D971-2026-83E0-7A94286F479F}","ProcessId":2493,"TargetFilename":"C:\\Users\\Public\\Temp\\mesa-1480.tmp"}
{"UtcTime":"2026-08-12 14:34:41.000","Computer":"CLM-MESA-014","User":"CLM\\backoffice","EventID":13,"Image":"C:\\Program Files\\Microsoft Office\\Office16\\EXCEL.EXE","ProcessGuid":"{328F8CD7-CE04-2026-9D20-D7861293E9C4}","ProcessId":3718,"EventType":"SetValue","TargetObject":"HKCU\\Software\\CLM\\Mesa\\Pref\\1481","Details":"1"}
{"UtcTime":"2026-08-12 14:34:42.000","Computer":"CLM-MESA-014","User":"CLM\\backoffice","EventID":11,"Image":"C:\\Windows\\System32\\conhost.exe","ProcessGuid":"{C1064EC9-C4FA-2026-614A-FAA93FE31293}","ProcessId":2384,"TargetFilename":"C:\\Users\\Public\\Temp\\mesa-1482.tmp"}
{"UtcTime":"2026-08-12 14:34:43.000","Computer":"CLM-MESA-014","User":"CLM\\backoffice","EventID":1,"Image":"C:\\Program Files\\Microsoft Office\\Office16\\EXCEL.EXE","ProcessGuid":"{066D2089-AF9A-2026-04D0-CB8CE5468D29}","ProcessId":5063,"CommandLine":"C:\\Program Files\\Microsoft Office\\Office16\\EXCEL.EXE","ParentImage":"C:\\Windows\\System32\\services.exe","ParentProcessGuid":"{9FBA13E0-6174-2026-83F5-3B3AE41A8DAE}","OriginalFileName":"C:\\Program Files\\Microsoft Office\\Office16\\EXCEL.EXE"}
{"UtcTime":"2026-08-12 14:34:44.000","Computer":"CLM-MESA-014","User":"CLM\\ops","EventID":5,"Image":"C:\\Program Files\\Microsoft Office\\Office16\\EXCEL.EXE","ProcessGuid":"{B9AB9D45-48C7-2026-00E1-516FACF27DD9}","ProcessId":4984,"EventType":"End"}
{"UtcTime":"2026-08-12 14:34:45.000","Computer":"CLM-MESA-014","User":"CLM\\ops","EventID":11,"Image":"C:\\Windows\\System32\\RuntimeBroker.exe","ProcessGuid":"{38A0C655-8B93-2026-0653-7E5742200EA9}","ProcessId":1761,"TargetFilename":"C:\\Users\\Public\\Temp\\mesa-1485.tmp"}
{"UtcTime":"2026-08-12 14:34:46.000","Computer":"CLM-MESA-014","User":"CLM\\backoffice","EventID":11,"Image":"C:\\Program Files\\Google\\Chrome\\Application\\chrome.exe","ProcessGuid":"{EE4DF8F7-706D-2026-DA20-2647FF84BB98}","ProcessId":6041,"TargetFilename":"C:\\Users\\Public\\Temp\\mesa-1486.tmp"}
{"UtcTime":"2026-08-12 14:34:47.000","Computer":"CLM-MESA-014","User":"CLM\\mesa","EventID":3,"Image":"C:\\Windows\\System32\\svchost.exe","ProcessGuid":"{35EB8C73-E4F2-2026-4A1A-38F4F0DA5495}","ProcessId":691,"DestinationIp":"10.70.30.8","DestinationPort":135,"DestinationHostname":"portal.clm.liquidacao","SourceIp":"10.70.30.14","Protocol":"tcp"}
{"UtcTime":"2026-08-12 14:34:48.000","Computer":"CLM-MESA-014","User":"CLM\\backoffice","EventID":11,"Image":"C:\\Program Files\\Google\\Chrome\\Application\\chrome.exe","ProcessGuid":"{1ED4F5BE-288F-2026-DC30-6D2D96E27AA2}","ProcessId":4028,"TargetFilename":"C:\\Users\\Public\\Temp\\mesa-1488.tmp"}
{"UtcTime":"2026-08-12 14:34:49.000","Computer":"CLM-MESA-014","User":"CLM\\ops","EventID":3,"Image":"C:\\Windows\\System32\\svchost.exe","ProcessGuid":"{77E4CD76-AE63-2026-10E4-1C28DCB17FEA}","ProcessId":2308,"DestinationIp":"1.1.1.1","DestinationPort":135,"DestinationHostname":"ntp.clm.liquidacao","SourceIp":"10.70.30.14","Protocol":"tcp"}
{"UtcTime":"2026-08-12 14:34:50.000","Computer":"CLM-MESA-014","User":"CLM\\ops","EventID":5,"Image":"C:\\Windows\\explorer.exe","ProcessGuid":"{55BBC7AF-D110-2026-82BD-53F2795B3589}","ProcessId":3121,"EventType":"End"}
{"UtcTime":"2026-08-12 14:34:51.000","Computer":"CLM-MESA-014","User":"CLM\\backoffice","EventID":1,"Image":"C:\\Windows\\System32\\RuntimeBroker.exe","ProcessGuid":"{641B0CFD-EE01-2026-A0B3-E2D2EBE7D9B5}","ProcessId":7872,"CommandLine":"C:\\Windows\\System32\\RuntimeBroker.exe","ParentImage":"C:\\Windows\\System32\\services.exe","ParentProcessGuid":"{65A85CAE-F4D2-2026-3D3C-6CE0A38528A5}","OriginalFileName":"C:\\Windows\\System32\\RuntimeBroker.exe"}
{"UtcTime":"2026-08-12 14:34:52.000","Computer":"CLM-MESA-014","User":"CLM\\backoffice","EventID":3,"Image":"C:\\Windows\\System32\\svchost.exe","ProcessGuid":"{90C40548-C790-2026-C4C2-C6BEB8895F72}","ProcessId":5373,"DestinationIp":"8.8.8.8","DestinationPort":443,"DestinationHostname":"ntp.clm.liquidacao","SourceIp":"10.70.30.14","Protocol":"tcp"}
{"UtcTime":"2026-08-12 14:34:53.000","Computer":"CLM-MESA-014","User":"CLM\\backoffice","EventID":1,"Image":"C:\\Windows\\System32\\RuntimeBroker.exe","ProcessGuid":"{A819AD5C-AA45-2026-4B7F-BF4DD2DCE3F7}","ProcessId":2189,"CommandLine":"C:\\Windows\\System32\\RuntimeBroker.exe","ParentImage":"C:\\Windows\\System32\\services.exe","ParentProcessGuid":"{4B225289-2975-2026-DAEF-7EC59E140CCA}","OriginalFileName":"C:\\Windows\\System32\\RuntimeBroker.exe"}
{"UtcTime":"2026-08-12 14:34:54.000","Computer":"CLM-MESA-014","User":"CLM\\backoffice","EventID":13,"Image":"C:\\Windows\\System32\\RuntimeBroker.exe","ProcessGuid":"{4181D1BA-D659-2026-313A-F4A80FC712BC}","ProcessId":4928,"EventType":"SetValue","TargetObject":"HKCU\\Software\\CLM\\Mesa\\Pref\\1494","Details":"1"}
{"UtcTime":"2026-08-12 14:34:55.000","Computer":"CLM-MESA-014","User":"CLM\\mesa","EventID":11,"Image":"C:\\Windows\\explorer.exe","ProcessGuid":"{2A5BDAE7-E810-2026-60E5-7F482D6C9100}","ProcessId":586,"TargetFilename":"C:\\Users\\Public\\Temp\\mesa-1495.tmp"}
{"UtcTime":"2026-08-12 14:34:56.000","Computer":"CLM-MESA-014","User":"CLM\\backoffice","EventID":11,"Image":"C:\\Program Files\\Microsoft Office\\Office16\\EXCEL.EXE","ProcessGuid":"{F9FF83A2-0235-2026-A3E7-039D3F5159A0}","ProcessId":5993,"TargetFilename":"C:\\Users\\Public\\Temp\\mesa-1496.tmp"}
{"UtcTime":"2026-08-12 14:34:57.000","Computer":"CLM-MESA-014","User":"CLM\\ops","EventID":5,"Image":"C:\\Windows\\System32\\conhost.exe","ProcessGuid":"{DD7CDD40-4774-2026-F9A9-46A2D20008CA}","ProcessId":3282,"EventType":"End"}
{"UtcTime":"2026-08-12 14:34:58.000","Computer":"CLM-MESA-014","User":"CLM\\backoffice","EventID":1,"Image":"C:\\Windows\\System32\\RuntimeBroker.exe","ProcessGuid":"{5F8945EA-E805-2026-BC45-70D0197FDF88}","ProcessId":5889,"CommandLine":"C:\\Windows\\System32\\RuntimeBroker.exe","ParentImage":"C:\\Windows\\System32\\services.exe","ParentProcessGuid":"{1EBA9B1B-2D6A-2026-9DBD-D85CE5A02440}","OriginalFileName":"C:\\Windows\\System32\\RuntimeBroker.exe"}
{"UtcTime":"2026-08-12 14:34:59.000","Computer":"CLM-MESA-014","User":"CLM\\ops","EventID":1,"Image":"C:\\Windows\\System32\\conhost.exe","ProcessGuid":"{F7B2A261-126A-2026-30AB-E0F138B7775D}","ProcessId":6795,"CommandLine":"C:\\Windows\\System32\\conhost.exe","ParentImage":"C:\\Windows\\System32\\services.exe","ParentProcessGuid":"{418C9B38-D736-2026-C531-CB22EF81E1A9}","OriginalFileName":"C:\\Windows\\System32\\conhost.exe"}
{"UtcTime":"2026-08-12 14:35:00.000","Computer":"CLM-MESA-014","User":"CLM\\mesa","EventID":1,"Image":"C:\\Program Files\\Google\\Chrome\\Application\\chrome.exe","ProcessGuid":"{998E4CEA-EA63-2026-9347-C99CD210819C}","ProcessId":6568,"CommandLine":"C:\\Program Files\\Google\\Chrome\\Application\\chrome.exe","ParentImage":"C:\\Windows\\System32\\services.exe","ParentProcessGuid":"{FA7B857D-FE58-2026-54EB-D26B8ECDC9B1}","OriginalFileName":"C:\\Program Files\\Google\\Chrome\\Application\\chrome.exe"}
{"UtcTime":"2026-08-12 14:35:01.000","Computer":"CLM-MESA-014","User":"CLM\\mesa","EventID":1,"Image":"C:\\Program Files\\Microsoft Office\\Office16\\EXCEL.EXE","ProcessGuid":"{332E4796-C6AC-2026-BC5C-F9CE72DB68F9}","ProcessId":5479,"CommandLine":"C:\\Program Files\\Microsoft Office\\Office16\\EXCEL.EXE","ParentImage":"C:\\Windows\\System32\\services.exe","ParentProcessGuid":"{9E23E328-44F9-2026-F51B-C8E84D7BAA75}","OriginalFileName":"C:\\Program Files\\Microsoft Office\\Office16\\EXCEL.EXE"}
{"UtcTime":"2026-08-12 14:35:02.000","Computer":"CLM-MESA-014","User":"CLM\\backoffice","EventID":1,"Image":"C:\\Windows\\System32\\svchost.exe","ProcessGuid":"{90CBD82D-8091-2026-B787-0D1B98801B3E}","ProcessId":3091,"CommandLine":"C:\\Windows\\System32\\svchost.exe","ParentImage":"C:\\Windows\\System32\\services.exe","ParentProcessGuid":"{B2074A37-24D4-2026-B1AA-01ED184CB86B}","OriginalFileName":"C:\\Windows\\System32\\svchost.exe"}
{"UtcTime":"2026-08-12 14:35:03.000","Computer":"CLM-MESA-014","User":"CLM\\ops","EventID":11,"Image":"C:\\Windows\\explorer.exe","ProcessGuid":"{DD61683F-71C1-2026-0D2B-14425CD6944D}","ProcessId":5200,"TargetFilename":"C:\\Users\\Public\\Temp\\mesa-1503.tmp"}
{"UtcTime":"2026-08-12 14:35:04.000","Computer":"CLM-MESA-014","User":"CLM\\backoffice","EventID":1,"Image":"C:\\Windows\\System32\\svchost.exe","ProcessGuid":"{1A5C9DB2-9771-2026-D8BF-8142E2132A8E}","ProcessId":4404,"CommandLine":"C:\\Windows\\System32\\svchost.exe","ParentImage":"C:\\Windows\\System32\\services.exe","ParentProcessGuid":"{2A19AE1B-6217-2026-CF79-AF66B0C210D2}","OriginalFileName":"C:\\Windows\\System32\\svchost.exe"}
{"UtcTime":"2026-08-12 14:35:05.000","Computer":"CLM-MESA-014","User":"CLM\\ops","EventID":1,"Image":"C:\\Windows\\System32\\RuntimeBroker.exe","ProcessGuid":"{ADB70E1E-4A5F-2026-221D-E69CA980ECB1}","ProcessId":5843,"CommandLine":"C:\\Windows\\System32\\RuntimeBroker.exe","ParentImage":"C:\\Windows\\System32\\services.exe","ParentProcessGuid":"{9412D1C0-126B-2026-7792-287036795B02}","OriginalFileName":"C:\\Windows\\System32\\RuntimeBroker.exe"}
{"UtcTime":"2026-08-12 14:35:06.000","Computer":"CLM-MESA-014","User":"CLM\\backoffice","EventID":11,"Image":"C:\\Program Files\\Google\\Chrome\\Application\\chrome.exe","ProcessGuid":"{EB1F38E6-9F28-2026-C859-B7B4B5A08A7A}","ProcessId":955,"TargetFilename":"C:\\Users\\Public\\Temp\\mesa-1506.tmp"}
{"UtcTime":"2026-08-12 14:35:07.000","Computer":"CLM-MESA-014","User":"CLM\\ops","EventID":13,"Image":"C:\\Windows\\explorer.exe","ProcessGuid":"{F5A5F653-7087-2026-DF58-3A59FF8D2A38}","ProcessId":2601,"EventType":"SetValue","TargetObject":"HKCU\\Software\\CLM\\Mesa\\Pref\\1507","Details":"1"}
{"UtcTime":"2026-08-12 14:35:08.000","Computer":"CLM-MESA-014","User":"CLM\\ops","EventID":11,"Image":"C:\\Windows\\System32\\svchost.exe","ProcessGuid":"{722496CB-5FD6-2026-0BB8-A1A1F19F0E61}","ProcessId":5244,"TargetFilename":"C:\\Users\\Public\\Temp\\mesa-1508.tmp"}
{"UtcTime":"2026-08-12 14:35:09.000","Computer":"CLM-MESA-014","User":"CLM\\backoffice","EventID":1,"Image":"C:\\Windows\\explorer.exe","ProcessGuid":"{16996D55-5E8A-2026-B9D3-74C23586DCC8}","ProcessId":7712,"CommandLine":"C:\\Windows\\explorer.exe","ParentImage":"C:\\Windows\\System32\\services.exe","ParentProcessGuid":"{90A37CF4-494B-2026-830F-4221C9EE1B5E}","OriginalFileName":"C:\\Windows\\explorer.exe"}
{"UtcTime":"2026-08-12 14:35:10.000","Computer":"CLM-MESA-014","User":"CLM\\backoffice","EventID":1,"Image":"C:\\Program Files\\Microsoft Office\\Office16\\EXCEL.EXE","ProcessGuid":"{6EA720C1-A663-2026-0DE1-99E7D1D48EF5}","ProcessId":5966,"CommandLine":"C:\\Program Files\\Microsoft Office\\Office16\\EXCEL.EXE","ParentImage":"C:\\Windows\\System32\\services.exe","ParentProcessGuid":"{0EF26BD2-1F7B-2026-A2E2-456A4724F9C8}","OriginalFileName":"C:\\Program Files\\Microsoft Office\\Office16\\EXCEL.EXE"}
{"UtcTime":"2026-08-12 14:35:11.000","Computer":"CLM-MESA-014","User":"CLM\\mesa","EventID":13,"Image":"C:\\Windows\\System32\\svchost.exe","ProcessGuid":"{30FF1A95-2637-2026-51C9-259E63F0F335}","ProcessId":6856,"EventType":"SetValue","TargetObject":"HKCU\\Software\\CLM\\Mesa\\Pref\\1511","Details":"1"}
{"UtcTime":"2026-08-12 14:35:12.000","Computer":"CLM-MESA-014","User":"CLM\\ops","EventID":3,"Image":"C:\\Windows\\System32\\svchost.exe","ProcessGuid":"{B33ABA54-2AF0-2026-7167-5995773ED934}","ProcessId":3983,"DestinationIp":"8.8.8.8","DestinationPort":135,"DestinationHostname":"ntp.clm.liquidacao","SourceIp":"10.70.30.14","Protocol":"tcp"}
