{"UtcTime":"2026-08-12 10:02:07.000","Computer":"TN-FIN-WS042","User":"TRANSNORTE\\backup_svc","EventID":1,"Image":"C:\\Windows\\explorer.exe","ProcessGuid":"{615797F9-AF89-2026-4EEF-9D16ACE7E83C}","ProcessId":5867,"CommandLine":"C:\\Windows\\explorer.exe","ParentImage":"C:\\Windows\\System32\\services.exe","ParentProcessGuid":"{8A5D0D3A-0A25-2026-98F0-8DDA493146DF}","OriginalFileName":"C:\\Windows\\explorer.exe","SHA256":"9a1d87cd6803e5eb4daabcfe839b33f6df41fb5f5162fd53bb8f773768392551"}
{"UtcTime":"2026-08-12 10:02:08.000","Computer":"TN-FIN-WS042","User":"TRANSNORTE\\backup_svc","EventID":1,"Image":"C:\\Program Files\\Microsoft Office\\Office16\\OUTLOOK.EXE","ProcessGuid":"{02D5ACB4-D095-2026-4A79-5545F1B32185}","ProcessId":7323,"CommandLine":"C:\\Program Files\\Microsoft Office\\Office16\\OUTLOOK.EXE","ParentImage":"C:\\Windows\\System32\\services.exe","ParentProcessGuid":"{92ABF552-15A9-2026-2347-17A196E0848E}","OriginalFileName":"C:\\Program Files\\Microsoft Office\\Office16\\OUTLOOK.EXE","SHA256":"5a7375cdf1f7f50f2e71d81e03d04552703d1f912a9e44893b61362aa4d36ff8"}
{"UtcTime":"2026-08-12 10:02:09.000","Computer":"TN-FIN-WS042","User":"TRANSNORTE\\ops.cardoso","EventID":13,"Image":"C:\\Windows\\System32\\RuntimeBroker.exe","ProcessGuid":"{A56C7C53-3762-2026-CA39-EFBE43E916FF}","ProcessId":3001,"EventType":"SetValue","TargetObject":"HKCU\\Software\\Microsoft\\Office\\16.0\\Outlook\\Resiliency\\1329","Details":"1"}
{"UtcTime":"2026-08-12 10:02:10.000","Computer":"TN-FIN-WS042","User":"TRANSNORTE\\ops.cardoso","EventID":5,"Image":"C:\\Windows\\System32\\conhost.exe","ProcessGuid":"{E62A0520-7F25-2026-B25D-36733AA2AA13}","ProcessId":5572,"EventType":"End"}
{"UtcTime":"2026-08-12 10:02:11.000","Computer":"TN-FIN-WS042","User":"TRANSNORTE\\backup_svc","EventID":3,"Image":"C:\\Windows\\System32\\RuntimeBroker.exe","ProcessGuid":"{9B67479D-AA51-2026-8235-A8F6291D40E1}","ProcessId":7262,"DestinationIp":"8.8.8.8","DestinationPort":53,"SourceIp":"10.50.10.42","Protocol":"tcp"}
{"UtcTime":"2026-08-12 10:02:12.000","Computer":"TN-FIN-WS042","User":"TRANSNORTE\\backup_svc","EventID":13,"Image":"C:\\Windows\\System32\\RuntimeBroker.exe","ProcessGuid":"{12BCF554-37BE-2026-C0AD-3007BC51238C}","ProcessId":8469,"EventType":"SetValue","TargetObject":"HKCU\\Software\\Microsoft\\Office\\16.0\\Outlook\\Resiliency\\1332","Details":"1"}
{"UtcTime":"2026-08-12 10:02:13.000","Computer":"TN-FIN-WS042","User":"TRANSNORTE\\ops.cardoso","EventID":3,"Image":"C:\\Windows\\System32\\conhost.exe","ProcessGuid":"{3A715CD8-D763-2026-16B5-25D287E51C9B}","ProcessId":2913,"DestinationIp":"1.1.1.1","DestinationPort":8080,"SourceIp":"10.50.10.42","Protocol":"tcp"}
{"UtcTime":"2026-08-12 10:02:14.000","Computer":"TN-FIN-WS042","User":"TRANSNORTE\\backup_svc","EventID":5,"Image":"C:\\Program Files\\Microsoft Office\\Office16\\OUTLOOK.EXE","ProcessGuid":"{690F17F4-7537-2026-12B8-F07756BAF6BB}","ProcessId":1272,"EventType":"End"}
{"UtcTime":"2026-08-12 10:02:15.000","Computer":"TN-FIN-WS042","User":"TRANSNORTE\\ops.cardoso","EventID":11,"Image":"C:\\Program Files\\Google\\Chrome\\Application\\chrome.exe","ProcessGuid":"{90DD027A-C5D7-2026-A523-A34265DB2A0E}","ProcessId":2982,"TargetFilename":"C:\\Users\\ops.cardoso\\AppData\\Local\\Temp\\office-1335.tmp"}
{"UtcTime":"2026-08-12 10:02:16.000","Computer":"TN-FIN-WS042","User":"TRANSNORTE\\backup_svc","EventID":1,"Image":"C:\\Program Files\\Microsoft Office\\Office16\\OUTLOOK.EXE","ProcessGuid":"{4D3DC449-6888-2026-F356-9FBA7F775362}","ProcessId":7877,"CommandLine":"C:\\Program Files\\Microsoft Office\\Office16\\OUTLOOK.EXE","ParentImage":"C:\\Windows\\System32\\services.exe","ParentProcessGuid":"{315A61E9-9DD8-2026-95C8-DCC943B0A429}","OriginalFileName":"C:\\Program Files\\Microsoft Office\\Office16\\OUTLOOK.EXE","SHA256":"93588bf1dcd4a632842629e139d79682b4a37fe9eb188a524ffb45d3c6a17305"}
{"UtcTime":"2026-08-12 10:02:17.000","Computer":"TN-FIN-WS042","User":"TRANSNORTE\\backup_svc","EventID":13,"Image":"C:\\Windows\\System32\\RuntimeBroker.exe","ProcessGuid":"{434BD8CD-E3BF-2026-D98F-BE60A48AA5BD}","ProcessId":5798,"EventType":"SetValue","TargetObject":"HKCU\\Software\\Microsoft\\Office\\16.0\\Outlook\\Resiliency\\1337","Details":"1"}
{"UtcTime":"2026-08-12 10:02:18.000","Computer":"TN-FIN-WS042","User":"TRANSNORTE\\ops.cardoso","EventID":11,"Image":"C:\\Windows\\System32\\RuntimeBroker.exe","ProcessGuid":"{D76183CE-409E-2026-AC0F-EEE5DCDE9EE0}","ProcessId":719,"TargetFilename":"C:\\Users\\ops.cardoso\\AppData\\Local\\Temp\\office-1338.tmp"}
{"UtcTime":"2026-08-12 10:02:19.000","Computer":"TN-FIN-WS042","User":"TRANSNORTE\\backup_svc","EventID":13,"Image":"C:\\Windows\\System32\\conhost.exe","ProcessGuid":"{7C2CD192-ACC3-2026-878E-7AAC983A2F95}","ProcessId":4884,"EventType":"SetValue","TargetObject":"HKCU\\Software\\Microsoft\\Office\\16.0\\Outlook\\Resiliency\\1339","Details":"1"}
{"UtcTime":"2026-08-12 10:02:20.000","Computer":"TN-FIN-WS042","User":"TRANSNORTE\\ops.cardoso","EventID":1,"Image":"C:\\Windows\\System32\\RuntimeBroker.exe","ProcessGuid":"{74A9E83E-D973-2026-F327-BE473873CBDF}","ProcessId":7940,"CommandLine":"C:\\Windows\\System32\\RuntimeBroker.exe","ParentImage":"C:\\Windows\\System32\\services.exe","ParentProcessGuid":"{C10E9018-D1EB-2026-42FD-E39122C0A6F0}","OriginalFileName":"C:\\Windows\\System32\\RuntimeBroker.exe","SHA256":"88e5711c5c309e03ad2697bcbf077925f8580fca75db57d695e61da5eed7c3e5"}
{"UtcTime":"2026-08-12 10:02:21.000","Computer":"TN-FIN-WS042","User":"TRANSNORTE\\backup_svc","EventID":1,"Image":"C:\\Windows\\System32\\svchost.exe","ProcessGuid":"{52418419-D36E-2026-08FC-352D316F3A91}","ProcessId":5856,"CommandLine":"C:\\Windows\\System32\\svchost.exe","ParentImage":"C:\\Windows\\System32\\services.exe","ParentProcessGuid":"{A588C002-793C-2026-A5A6-7CE413CA671E}","OriginalFileName":"C:\\Windows\\System32\\svchost.exe","SHA256":"280c17e87ccd1eaca75e543c3f3cc3db2ebedeba734a315d6414ac993795a9a5"}
{"UtcTime":"2026-08-12 10:02:22.000","Computer":"TN-FIN-WS042","User":"TRANSNORTE\\ops.cardoso","EventID":5,"Image":"C:\\Windows\\explorer.exe","ProcessGuid":"{C469EEFF-D112-2026-58B2-78CE7B65004B}","ProcessId":7261,"EventType":"End"}
{"UtcTime":"2026-08-12 10:02:23.000","Computer":"TN-FIN-WS042","User":"TRANSNORTE\\backup_svc","EventID":1,"Image":"C:\\Program Files\\Google\\Chrome\\Application\\chrome.exe","ProcessGuid":"{555E6796-BDFF-2026-EBEB-E261D5E6E268}","ProcessId":408,"CommandLine":"C:\\Program Files\\Google\\Chrome\\Application\\chrome.exe","ParentImage":"C:\\Windows\\System32\\services.exe","ParentProcessGuid":"{3EB46B22-A398-2026-8B3F-4AB1727592D7}","OriginalFileName":"C:\\Program Files\\Google\\Chrome\\Application\\chrome.exe","SHA256":"45d8489c8a7afdccb2b93dd3999c74447f8c14d9923d0c50fea2eec4e84cc3de"}
{"UtcTime":"2026-08-12 10:02:24.000","Computer":"TN-FIN-WS042","User":"TRANSNORTE\\backup_svc","EventID":1,"Image":"C:\\Windows\\System32\\conhost.exe","ProcessGuid":"{11DCE995-B2FA-2026-71A1-901283151F41}","ProcessId":5363,"CommandLine":"C:\\Windows\\System32\\conhost.exe","ParentImage":"C:\\Windows\\System32\\services.exe","ParentProcessGuid":"{FAA46BA6-F990-2026-D804-19B2E988823C}","OriginalFileName":"C:\\Windows\\System32\\conhost.exe","SHA256":"ec5160074065082d02a8f3510d60e013d1ecae8962481bccdb10b0920903f233"}
{"UtcTime":"2026-08-12 10:02:25.000","Computer":"TN-FIN-WS042","User":"TRANSNORTE\\ops.cardoso","EventID":1,"Image":"C:\\Windows\\System32\\conhost.exe","ProcessGuid":"{CCBECAFB-FE6C-2026-3B74-DB4ECD513EE3}","ProcessId":2677,"CommandLine":"C:\\Windows\\System32\\conhost.exe","ParentImage":"C:\\Windows\\System32\\services.exe","ParentProcessGuid":"{FD662035-7B02-2026-A1AA-A1CF6C3AA932}","OriginalFileName":"C:\\Windows\\System32\\conhost.exe","SHA256":"f2c63934d7822870b593d3dd651ff666a5f888852a329b4337c5fc585b0db248"}
{"UtcTime":"2026-08-12 10:02:26.000","Computer":"TN-FIN-WS042","User":"TRANSNORTE\\ops.cardoso","EventID":1,"Image":"C:\\Windows\\System32\\svchost.exe","ProcessGuid":"{9C7A1EE4-73BE-2026-79C8-CE468224E7DB}","ProcessId":8209,"CommandLine":"C:\\Windows\\System32\\svchost.exe","ParentImage":"C:\\Windows\\System32\\services.exe","ParentProcessGuid":"{EFA74B76-8791-2026-66C0-FF54CCCE8011}","OriginalFileName":"C:\\Windows\\System32\\svchost.exe","SHA256":"72259bb34dd6a3fb16c44589b91be51870111f97e8ce4c5c000d11bbc2361c8c"}
{"UtcTime":"2026-08-12 10:02:27.000","Computer":"TN-FIN-WS042","User":"TRANSNORTE\\ops.cardoso","EventID":1,"Image":"C:\\Windows\\System32\\conhost.exe","ProcessGuid":"{21A23AF1-741B-2026-7CF2-3510AF2EE52C}","ProcessId":1318,"CommandLine":"C:\\Windows\\System32\\conhost.exe","ParentImage":"C:\\Windows\\System32\\services.exe","ParentProcessGuid":"{9AC78D62-3C82-2026-DDB1-43EDFA4AE2D7}","OriginalFileName":"C:\\Windows\\System32\\conhost.exe","SHA256":"46a1bc3ebc3e9b2e130ac51672bf9bf352ab9731fdb1ebdeb3a9e1470728ac7f"}
{"UtcTime":"2026-08-12 10:02:28.000","Computer":"TN-FIN-WS042","User":"TRANSNORTE\\backup_svc","EventID":11,"Image":"C:\\Windows\\System32\\svchost.exe","ProcessGuid":"{18A5A22A-F669-2026-3158-912364B50E9F}","ProcessId":4004,"TargetFilename":"C:\\Users\\ops.cardoso\\AppData\\Local\\Temp\\office-1348.tmp"}
{"UtcTime":"2026-08-12 10:02:29.000","Computer":"TN-FIN-WS042","User":"TRANSNORTE\\backup_svc","EventID":1,"Image":"C:\\Program Files\\Microsoft Office\\Office16\\OUTLOOK.EXE","ProcessGuid":"{CC2322FA-06F5-2026-DFF9-238C2BAE2385}","ProcessId":8183,"CommandLine":"C:\\Program Files\\Microsoft Office\\Office16\\OUTLOOK.EXE","ParentImage":"C:\\Windows\\System32\\services.exe","ParentProcessGuid":"{D844E9A1-7660-2026-41FD-52667B38637C}","OriginalFileName":"C:\\Program Files\\Microsoft Office\\Office16\\OUTLOOK.EXE","SHA256":"59fa5c1ff5cfedae2c517dc97c3d1278f173597faf486d99076360951f7b2360"}
{"UtcTime":"2026-08-12 10:02:30.000","Computer":"TN-FIN-WS042","User":"TRANSNORTE\\backup_svc","EventID":5,"Image":"C:\\Windows\\System32\\RuntimeBroker.exe","ProcessGuid":"{0608D44C-8A47-2026-44FB-520AB0F251D7}","ProcessId":4085,"EventType":"End"}
{"UtcTime":"2026-08-12 10:02:31.000","Computer":"TN-FIN-WS042","User":"TRANSNORTE\\ops.cardoso","EventID":11,"Image":"C:\\Windows\\System32\\svchost.exe","ProcessGuid":"{B294F8E9-1EA1-2026-FDB2-9538A375C953}","ProcessId":4686,"TargetFilename":"C:\\Users\\ops.cardoso\\AppData\\Local\\Temp\\office-1351.tmp"}
{"UtcTime":"2026-08-12 10:02:32.000","Computer":"TN-FIN-WS042","User":"TRANSNORTE\\backup_svc","EventID":1,"Image":"C:\\Windows\\System32\\svchost.exe","ProcessGuid":"{E75C1EBB-6628-2026-546B-EA1B33E19637}","ProcessId":5033,"CommandLine":"C:\\Windows\\System32\\svchost.exe","ParentImage":"C:\\Windows\\System32\\services.exe","ParentProcessGuid":"{4DBA470A-4020-2026-CDC3-4026B523573C}","OriginalFileName":"C:\\Windows\\System32\\svchost.exe","SHA256":"846f416399233e68f03959ae0168e1d8764b95ab46909de65dc37fbedaa30556"}
{"UtcTime":"2026-08-12 10:02:33.000","Computer":"TN-FIN-WS042","User":"TRANSNORTE\\backup_svc","EventID":3,"Image":"C:\\Windows\\System32\\svchost.exe","ProcessGuid":"{85FE6DF5-8D8B-2026-D2F7-31496500CE42}","ProcessId":8959,"DestinationIp":"10.50.10.88","DestinationPort":135,"SourceIp":"10.50.10.42","Protocol":"tcp"}
{"UtcTime":"2026-08-12 10:02:34.000","Computer":"TN-FIN-WS042","User":"TRANSNORTE\\backup_svc","EventID":5,"Image":"C:\\Windows\\explorer.exe","ProcessGuid":"{73CB7198-9586-2026-00F6-A827548F0D8C}","ProcessId":1915,"EventType":"End"}
{"UtcTime":"2026-08-12 10:02:35.000","Computer":"TN-FIN-WS042","User":"TRANSNORTE\\ops.cardoso","EventID":1,"Image":"C:\\Windows\\System32\\conhost.exe","ProcessGuid":"{AEA4DC40-A20C-2026-B79E-047A2AB5E10E}","ProcessId":8194,"CommandLine":"C:\\Windows\\System32\\conhost.exe","ParentImage":"C:\\Windows\\System32\\services.exe","ParentProcessGuid":"{6828C1F3-4780-2026-1151-E27E0B0B3863}","OriginalFileName":"C:\\Windows\\System32\\conhost.exe","SHA256":"98199b186b7650c34a4f1d6d5f53f395bd896d4778cbaad69be7d5b00c82690a"}
{"UtcTime":"2026-08-12 10:02:36.000","Computer":"TN-FIN-WS042","User":"TRANSNORTE\\ops.cardoso","EventID":3,"Image":"C:\\Program Files\\Google\\Chrome\\Application\\chrome.exe","ProcessGuid":"{B5E8F2D7-66F6-2026-2DFA-25B4D677506E}","ProcessId":6935,"DestinationIp":"8.8.8.8","DestinationPort":53,"SourceIp":"10.50.10.42","Protocol":"tcp"}
{"UtcTime":"2026-08-12 10:02:37.000","Computer":"TN-FIN-WS042","User":"TRANSNORTE\\backup_svc","EventID":1,"Image":"C:\\Windows\\System32\\svchost.exe","ProcessGuid":"{1AF33B49-6392-2026-141D-46CFCA6D6913}","ProcessId":2701,"CommandLine":"C:\\Windows\\System32\\svchost.exe","ParentImage":"C:\\Windows\\System32\\services.exe","ParentProcessGuid":"{048F04B8-1D26-2026-1180-8FDFC9661366}","OriginalFileName":"C:\\Windows\\System32\\svchost.exe","SHA256":"4adb9e5f23a362e2425b89217021879fa8bb5ed0ab398ce7786890380c7593c5"}
{"UtcTime":"2026-08-12 10:02:38.000","Computer":"TN-FIN-WS042","User":"TRANSNORTE\\backup_svc","EventID":13,"Image":"C:\\Windows\\System32\\conhost.exe","ProcessGuid":"{04BA30D4-0978-2026-AF81-91D68BFBAF56}","ProcessId":7280,"EventType":"SetValue","TargetObject":"HKCU\\Software\\Microsoft\\Office\\16.0\\Outlook\\Resiliency\\1358","Details":"1"}
{"UtcTime":"2026-08-12 10:02:39.000","Computer":"TN-FIN-WS042","User":"TRANSNORTE\\ops.cardoso","EventID":11,"Image":"C:\\Windows\\System32\\svchost.exe","ProcessGuid":"{58CF1ACA-138E-2026-FAFC-D43747130C2E}","ProcessId":5328,"TargetFilename":"C:\\Users\\ops.cardoso\\AppData\\Local\\Temp\\office-1359.tmp"}
{"UtcTime":"2026-08-12 10:02:40.000","Computer":"TN-FIN-WS042","User":"TRANSNORTE\\backup_svc","EventID":5,"Image":"C:\\Program Files\\Microsoft Office\\Office16\\OUTLOOK.EXE","ProcessGuid":"{2504C8ED-E942-2026-8AE0-93720365CB31}","ProcessId":6914,"EventType":"End"}
{"UtcTime":"2026-08-12 10:02:41.000","Computer":"TN-FIN-WS042","User":"TRANSNORTE\\ops.cardoso","EventID":3,"Image":"C:\\Windows\\System32\\RuntimeBroker.exe","ProcessGuid":"{B0E8B50E-AE83-2026-BC71-8894A53EE3C3}","ProcessId":2215,"DestinationIp":"10.50.10.88","DestinationPort":8080,"SourceIp":"10.50.10.42","Protocol":"tcp"}
{"UtcTime":"2026-08-12 10:02:42.000","Computer":"TN-FIN-WS042","User":"TRANSNORTE\\backup_svc","EventID":11,"Image":"C:\\Program Files\\Microsoft Office\\Office16\\OUTLOOK.EXE","ProcessGuid":"{5E1C71C1-2B53-2026-9556-895BEF1B74EB}","ProcessId":484,"TargetFilename":"C:\\Users\\ops.cardoso\\AppData\\Local\\Temp\\office-1362.tmp"}
{"UtcTime":"2026-08-12 10:02:43.000","Computer":"TN-FIN-WS042","User":"TRANSNORTE\\ops.cardoso","EventID":11,"Image":"C:\\Program Files\\Microsoft Office\\Office16\\OUTLOOK.EXE","ProcessGuid":"{54989C70-DE24-2026-2F6C-65A2D16EF692}","ProcessId":4986,"TargetFilename":"C:\\Users\\ops.cardoso\\AppData\\Local\\Temp\\office-1363.tmp"}
{"UtcTime":"2026-08-12 10:02:44.000","Computer":"TN-FIN-WS042","User":"TRANSNORTE\\ops.cardoso","EventID":1,"Image":"C:\\Program Files\\Google\\Chrome\\Application\\chrome.exe","ProcessGuid":"{8D93BE9A-59F3-2026-7985-AA370DADAB76}","ProcessId":3172,"CommandLine":"C:\\Program Files\\Google\\Chrome\\Application\\chrome.exe","ParentImage":"C:\\Windows\\System32\\services.exe","ParentProcessGuid":"{3B1CF45B-17CA-2026-E9D4-72F5E2CB219D}","OriginalFileName":"C:\\Program Files\\Google\\Chrome\\Application\\chrome.exe","SHA256":"14bec7071c745d6e3151398e03c4e46b8c57fded2214b55c68813e2017b9b3d5"}
{"UtcTime":"2026-08-12 10:02:45.000","Computer":"TN-FIN-WS042","User":"TRANSNORTE\\backup_svc","EventID":3,"Image":"C:\\Program Files\\Google\\Chrome\\Application\\chrome.exe","ProcessGuid":"{6697B344-5417-2026-35A9-561BC86275E0}","ProcessId":6448,"DestinationIp":"10.50.10.88","DestinationPort":8080,"SourceIp":"10.50.10.42","Protocol":"tcp"}
{"UtcTime":"2026-08-12 10:02:46.000","Computer":"TN-FIN-WS042","User":"TRANSNORTE\\backup_svc","EventID":1,"Image":"C:\\Windows\\System32\\conhost.exe","ProcessGuid":"{EBDF8192-E50E-2026-F8E9-F836969B83FA}","ProcessId":7875,"CommandLine":"C:\\Windows\\System32\\conhost.exe","ParentImage":"C:\\Windows\\System32\\services.exe","ParentProcessGuid":"{CFF71F3C-85EF-2026-82BA-D661AE195E1E}","OriginalFileName":"C:\\Windows\\System32\\conhost.exe","SHA256":"ccf4f775307fe2b024732e8cf99563e37c7d8ed5ed45c6c65d54be1bb82a82c6"}
{"UtcTime":"2026-08-12 10:02:47.000","Computer":"TN-FIN-WS042","User":"TRANSNORTE\\backup_svc","EventID":3,"Image":"C:\\Windows\\System32\\conhost.exe","ProcessGuid":"{80A933F7-F51F-2026-085C-9041DD9E1C4B}","ProcessId":3712,"DestinationIp":"8.8.8.8","DestinationPort":8080,"SourceIp":"10.50.10.42","Protocol":"tcp"}
{"UtcTime":"2026-08-12 10:02:48.000","Computer":"TN-FIN-WS042","User":"TRANSNORTE\\backup_svc","EventID":1,"Image":"C:\\Windows\\System32\\conhost.exe","ProcessGuid":"{E9FDD071-4498-2026-86F1-F066AE8A2FA3}","ProcessId":5057,"CommandLine":"C:\\Windows\\System32\\conhost.exe","ParentImage":"C:\\Windows\\System32\\services.exe","ParentProcessGuid":"{748AFCEE-7855-2026-F2C9-7A74303C4936}","OriginalFileName":"C:\\Windows\\System32\\conhost.exe","SHA256":"d052f70d514b93dcbcff6fb7defb394f34ac98b8d777e86df6edd37e6ed16730"}
{"UtcTime":"2026-08-12 10:02:49.000","Computer":"TN-FIN-WS042","User":"TRANSNORTE\\ops.cardoso","EventID":5,"Image":"C:\\Windows\\System32\\conhost.exe","ProcessGuid":"{2F87A617-CDEA-2026-E809-5DC22A2D06CE}","ProcessId":1655,"EventType":"End"}
{"UtcTime":"2026-08-12 10:02:50.000","Computer":"TN-FIN-WS042","User":"TRANSNORTE\\ops.cardoso","EventID":3,"Image":"C:\\Program Files\\Microsoft Office\\Office16\\OUTLOOK.EXE","ProcessGuid":"{FDB788DE-D091-2026-4470-E5CEF2194476}","ProcessId":8761,"DestinationIp":"1.1.1.1","DestinationPort":8080,"SourceIp":"10.50.10.42","Protocol":"tcp"}
{"UtcTime":"2026-08-12 10:02:51.000","Computer":"TN-FIN-WS042","User":"TRANSNORTE\\backup_svc","EventID":11,"Image":"C:\\Windows\\System32\\RuntimeBroker.exe","ProcessGuid":"{87D77284-6A04-2026-5E9C-1F277C97EA31}","ProcessId":611,"TargetFilename":"C:\\Users\\ops.cardoso\\AppData\\Local\\Temp\\office-1371.tmp"}
{"UtcTime":"2026-08-12 10:02:52.000","Computer":"TN-FIN-WS042","User":"TRANSNORTE\\backup_svc","EventID":13,"Image":"C:\\Windows\\System32\\RuntimeBroker.exe","ProcessGuid":"{5B22D9C6-3C8B-2026-E5F4-6376673BFDA2}","ProcessId":1842,"EventType":"SetValue","TargetObject":"HKCU\\Software\\Microsoft\\Office\\16.0\\Outlook\\Resiliency\\1372","Details":"1"}
{"UtcTime":"2026-08-12 10:02:53.000","Computer":"TN-FIN-WS042","User":"TRANSNORTE\\ops.cardoso","EventID":1,"Image":"C:\\Program Files\\Microsoft Office\\Office16\\OUTLOOK.EXE","ProcessGuid":"{585363C2-D868-2026-407D-AFEBFDC94CCE}","ProcessId":4694,"CommandLine":"C:\\Program Files\\Microsoft Office\\Office16\\OUTLOOK.EXE","ParentImage":"C:\\Windows\\System32\\services.exe","ParentProcessGuid":"{3A93CC17-B8BC-2026-3DBE-969A34137998}","OriginalFileName":"C:\\Program Files\\Microsoft Office\\Office16\\OUTLOOK.EXE","SHA256":"c04474e3b2e6673d4a4a7cb829209b7f83103b8a0646af584b00b46e5d4edb34"}
{"UtcTime":"2026-08-12 10:02:54.000","Computer":"TN-FIN-WS042","User":"TRANSNORTE\\backup_svc","EventID":5,"Image":"C:\\Program Files\\Google\\Chrome\\Application\\chrome.exe","ProcessGuid":"{11D1D970-57DC-2026-743B-65E109B3CC69}","ProcessId":579,"EventType":"End"}
{"UtcTime":"2026-08-12 10:02:55.000","Computer":"TN-FIN-WS042","User":"TRANSNORTE\\backup_svc","EventID":11,"Image":"C:\\Program Files\\Google\\Chrome\\Application\\chrome.exe","ProcessGuid":"{E2E52E94-C44D-2026-16B0-29C5B68D4535}","ProcessId":8621,"TargetFilename":"C:\\Users\\ops.cardoso\\AppData\\Local\\Temp\\office-1375.tmp"}
{"UtcTime":"2026-08-12 10:02:56.000","Computer":"TN-FIN-WS042","User":"TRANSNORTE\\ops.cardoso","EventID":3,"Image":"C:\\Windows\\System32\\conhost.exe","ProcessGuid":"{32D36D36-2B97-2026-A875-90CAA7643156}","ProcessId":5233,"DestinationIp":"8.8.8.8","DestinationPort":135,"SourceIp":"10.50.10.42","Protocol":"tcp"}
{"UtcTime":"2026-08-12 10:02:57.000","Computer":"TN-FIN-WS042","User":"TRANSNORTE\\backup_svc","EventID":3,"Image":"C:\\Program Files\\Microsoft Office\\Office16\\OUTLOOK.EXE","ProcessGuid":"{A2030C72-6B8F-2026-9B58-04B305AFF745}","ProcessId":4895,"DestinationIp":"8.8.8.8","DestinationPort":53,"SourceIp":"10.50.10.42","Protocol":"tcp"}
{"UtcTime":"2026-08-12 10:02:58.000","Computer":"TN-FIN-WS042","User":"TRANSNORTE\\ops.cardoso","EventID":5,"Image":"C:\\Windows\\explorer.exe","ProcessGuid":"{6C25F8BD-60B5-2026-CE97-82F8E0F2A153}","ProcessId":4672,"EventType":"End"}
{"UtcTime":"2026-08-12 10:02:59.000","Computer":"TN-FIN-WS042","User":"TRANSNORTE\\ops.cardoso","EventID":1,"Image":"C:\\Windows\\System32\\RuntimeBroker.exe","ProcessGuid":"{D220098A-B398-2026-5962-3DC46C901520}","ProcessId":1845,"CommandLine":"C:\\Windows\\System32\\RuntimeBroker.exe","ParentImage":"C:\\Windows\\System32\\services.exe","ParentProcessGuid":"{05F461EF-81D1-2026-E300-2AFD152F7187}","OriginalFileName":"C:\\Windows\\System32\\RuntimeBroker.exe","SHA256":"0874acd4a6f09b3e33348896c25f166cd530e4694d20f9db4016b47c150f6eb8"}
{"UtcTime":"2026-08-12 10:03:00.000","Computer":"TN-FIN-WS042","User":"TRANSNORTE\\backup_svc","EventID":3,"Image":"C:\\Windows\\System32\\RuntimeBroker.exe","ProcessGuid":"{217A59B9-F558-2026-D629-A68E226F8675}","ProcessId":2377,"DestinationIp":"10.50.10.88","DestinationPort":8080,"SourceIp":"10.50.10.42","Protocol":"tcp"}
{"UtcTime":"2026-08-12 10:03:01.000","Computer":"TN-FIN-WS042","User":"TRANSNORTE\\ops.cardoso","EventID":1,"Image":"C:\\Windows\\System32\\RuntimeBroker.exe","ProcessGuid":"{B1A23F55-0863-2026-4CA9-DF375473A7F0}","ProcessId":7971,"CommandLine":"C:\\Windows\\System32\\RuntimeBroker.exe","ParentImage":"C:\\Windows\\System32\\services.exe","ParentProcessGuid":"{186F92C0-30B4-2026-3035-A062CC319FDD}","OriginalFileName":"C:\\Windows\\System32\\RuntimeBroker.exe","SHA256":"bc97b1b02332280b0a9547d2e9100a40b40545d793fb773dffdabe497dad11e2"}
{"UtcTime":"2026-08-12 10:03:02.000","Computer":"TN-FIN-WS042","User":"TRANSNORTE\\backup_svc","EventID":5,"Image":"C:\\Windows\\explorer.exe","ProcessGuid":"{C00EC1AE-91E3-2026-9B9A-7BE12E76F974}","ProcessId":5296,"EventType":"End"}
{"UtcTime":"2026-08-12 10:03:03.000","Computer":"TN-FIN-WS042","User":"TRANSNORTE\\backup_svc","EventID":5,"Image":"C:\\Windows\\System32\\svchost.exe","ProcessGuid":"{EB3C3859-F48C-2026-F9EC-A56D8FCA2FA8}","ProcessId":7857,"EventType":"End"}
{"UtcTime":"2026-08-12 10:03:04.000","Computer":"TN-FIN-WS042","User":"TRANSNORTE\\backup_svc","EventID":13,"Image":"C:\\Program Files\\Microsoft Office\\Office16\\OUTLOOK.EXE","ProcessGuid":"{ED3A3B2C-D663-2026-15C2-7CC8449A461A}","ProcessId":7706,"EventType":"SetValue","TargetObject":"HKCU\\Software\\Microsoft\\Office\\16.0\\Outlook\\Resiliency\\1384","Details":"1"}
{"UtcTime":"2026-08-12 10:03:05.000","Computer":"TN-FIN-WS042","User":"TRANSNORTE\\backup_svc","EventID":1,"Image":"C:\\Windows\\explorer.exe","ProcessGuid":"{5805D526-8084-2026-5DFE-F03D2FDE29BA}","ProcessId":7003,"CommandLine":"C:\\Windows\\explorer.exe","ParentImage":"C:\\Windows\\System32\\services.exe","ParentProcessGuid":"{17E02960-2533-2026-045D-B8A3C45D333E}","OriginalFileName":"C:\\Windows\\explorer.exe","SHA256":"f0bca7646e243ac748815907f99586fcc8e2f61ff3e6a348174abb17d24ea0a3"}
{"UtcTime":"2026-08-12 10:03:06.000","Computer":"TN-FIN-WS042","User":"TRANSNORTE\\ops.cardoso","EventID":13,"Image":"C:\\Windows\\System32\\svchost.exe","ProcessGuid":"{A53BD766-EAB3-2026-7126-50C08736D310}","ProcessId":5005,"EventType":"SetValue","TargetObject":"HKCU\\Software\\Microsoft\\Office\\16.0\\Outlook\\Resiliency\\1386","Details":"1"}
{"UtcTime":"2026-08-12 10:03:07.000","Computer":"TN-FIN-WS042","User":"TRANSNORTE\\ops.cardoso","EventID":13,"Image":"C:\\Windows\\System32\\svchost.exe","ProcessGuid":"{CA4A78A7-8ED1-2026-8F38-44FE01C4D96F}","ProcessId":1511,"EventType":"SetValue","TargetObject":"HKCU\\Software\\Microsoft\\Office\\16.0\\Outlook\\Resiliency\\1387","Details":"1"}
{"UtcTime":"2026-08-12 10:03:08.000","Computer":"TN-FIN-WS042","User":"TRANSNORTE\\ops.cardoso","EventID":1,"Image":"C:\\Windows\\System32\\svchost.exe","ProcessGuid":"{9FA239D8-99E8-2026-2278-C14AF5000C0E}","ProcessId":6008,"CommandLine":"C:\\Windows\\System32\\svchost.exe","ParentImage":"C:\\Windows\\System32\\services.exe","ParentProcessGuid":"{45980FF0-E9C8-2026-DBD1-45C83876757A}","OriginalFileName":"C:\\Windows\\System32\\svchost.exe","SHA256":"45f1cc04989d0241f7c295ad8f6bc34c0893d9d16c3cc2dd0bab165a3ba570b1"}
{"UtcTime":"2026-08-12 10:03:09.000","Computer":"TN-FIN-WS042","User":"TRANSNORTE\\ops.cardoso","EventID":1,"Image":"C:\\Windows\\System32\\conhost.exe","ProcessGuid":"{9D64E8EB-59F0-2026-2089-694D3A70D8D5}","ProcessId":3003,"CommandLine":"C:\\Windows\\System32\\conhost.exe","ParentImage":"C:\\Windows\\System32\\services.exe","ParentProcessGuid":"{D46A5D6E-AAA0-2026-C2FD-316B7590C284}","OriginalFileName":"C:\\Windows\\System32\\conhost.exe","SHA256":"1fd792116ebbc21ceca0a7732879fc6c1168c098eda4dc783f00e862497b8c34"}
{"UtcTime":"2026-08-12 10:03:10.000","Computer":"TN-FIN-WS042","User":"TRANSNORTE\\ops.cardoso","EventID":1,"Image":"C:\\Windows\\System32\\RuntimeBroker.exe","ProcessGuid":"{2124DFBC-2763-2026-7B65-A73E3F85F1ED}","ProcessId":6665,"CommandLine":"C:\\Windows\\System32\\RuntimeBroker.exe","ParentImage":"C:\\Windows\\System32\\services.exe","ParentProcessGuid":"{0B374EE9-A4FD-2026-C2C0-FA3C1D063EC7}","OriginalFileName":"C:\\Windows\\System32\\RuntimeBroker.exe","SHA256":"e38763db9e076096b65c533b5063b8bce2271b1719e25ae0ae2e3fa75c35537a"}
{"UtcTime":"2026-08-12 10:03:11.000","Computer":"TN-FIN-WS042","User":"TRANSNORTE\\backup_svc","EventID":3,"Image":"C:\\Windows\\explorer.exe","ProcessGuid":"{405C5245-CF0C-2026-DAB0-B8F000EEEB4A}","ProcessId":5252,"DestinationIp":"8.8.8.8","DestinationPort":135,"SourceIp":"10.50.10.42","Protocol":"tcp"}
{"UtcTime":"2026-08-12 10:03:12.000","Computer":"TN-FIN-WS042","User":"TRANSNORTE\\backup_svc","EventID":1,"Image":"C:\\Windows\\System32\\svchost.exe","ProcessGuid":"{20E539B6-3120-2026-E7C5-E66C6C1C43BC}","ProcessId":8587,"CommandLine":"C:\\Windows\\System32\\svchost.exe","ParentImage":"C:\\Windows\\System32\\services.exe","ParentProcessGuid":"{80AD62EF-D1C1-2026-F630-5FB530FA517C}","OriginalFileName":"C:\\Windows\\System32\\svchost.exe","SHA256":"8e028806bf6a764b1f5dc3373dfd1866241fba6fab07a4b7bd32016b21646918"}
{"UtcTime":"2026-08-12 10:03:13.000","Computer":"TN-FIN-WS042","User":"TRANSNORTE\\ops.cardoso","EventID":1,"Image":"C:\\Windows\\explorer.exe","ProcessGuid":"{BD4904BF-48FF-2026-9E82-6FD6CF7B1ED0}","ProcessId":3293,"CommandLine":"C:\\Windows\\explorer.exe","ParentImage":"C:\\Windows\\System32\\services.exe","ParentProcessGuid":"{D0DB9A00-0500-2026-D8DD-4B2A7C987993}","OriginalFileName":"C:\\Windows\\explorer.exe","SHA256":"0147445fd9d6c107514f9ac7fec388458f35bcfe0b0c1fe843c271f8a94a526f"}
{"UtcTime":"2026-08-12 10:03:14.000","Computer":"TN-FIN-WS042","User":"TRANSNORTE\\ops.cardoso","EventID":11,"Image":"C:\\Program Files\\Microsoft Office\\Office16\\OUTLOOK.EXE","ProcessGuid":"{3213BF12-7437-2026-FC34-230244823A02}","ProcessId":6190,"TargetFilename":"C:\\Users\\ops.cardoso\\AppData\\Local\\Temp\\office-1394.tmp"}
{"UtcTime":"2026-08-12 10:03:15.000","Computer":"TN-FIN-WS042","User":"TRANSNORTE\\ops.cardoso","EventID":5,"Image":"C:\\Program Files\\Microsoft Office\\Office16\\OUTLOOK.EXE","ProcessGuid":"{B4B84898-5226-2026-191D-4F58A410C819}","ProcessId":622,"EventType":"End"}
{"UtcTime":"2026-08-12 10:03:16.000","Computer":"TN-FIN-WS042","User":"TRANSNORTE\\ops.cardoso","EventID":3,"Image":"C:\\Program Files\\Microsoft Office\\Office16\\OUTLOOK.EXE","ProcessGuid":"{89F7A94A-ABEE-2026-E09D-26D17A3948E2}","ProcessId":7473,"DestinationIp":"8.8.8.8","DestinationPort":53,"SourceIp":"10.50.10.42","Protocol":"tcp"}
{"UtcTime":"2026-08-12 10:03:17.000","Computer":"TN-FIN-WS042","User":"TRANSNORTE\\ops.cardoso","EventID":3,"Image":"C:\\Windows\\explorer.exe","ProcessGuid":"{82B58E16-886D-2026-D0B8-33E742506419}","ProcessId":1841,"DestinationIp":"8.8.8.8","DestinationPort":135,"SourceIp":"10.50.10.42","Protocol":"tcp"}
{"UtcTime":"2026-08-12 10:03:18.000","Computer":"TN-FIN-WS042","User":"TRANSNORTE\\backup_svc","EventID":1,"Image":"C:\\Program Files\\Google\\Chrome\\Application\\chrome.exe","ProcessGuid":"{FE43DCAD-078D-2026-382C-A9083A6D8A7F}","ProcessId":2120,"CommandLine":"C:\\Program Files\\Google\\Chrome\\Application\\chrome.exe","ParentImage":"C:\\Windows\\System32\\services.exe","ParentProcessGuid":"{A2487A31-BEDB-2026-C318-30AA37527D43}","OriginalFileName":"C:\\Program Files\\Google\\Chrome\\Application\\chrome.exe","SHA256":"0bfd89d9ed28a405c4f5d83dc71c8245fad8b2a145449d97296e49428952bde7"}
{"UtcTime":"2026-08-12 10:03:19.000","Computer":"TN-FIN-WS042","User":"TRANSNORTE\\backup_svc","EventID":1,"Image":"C:\\Windows\\System32\\svchost.exe","ProcessGuid":"{7E9E2310-A911-2026-BD3E-0AE536669642}","ProcessId":1538,"CommandLine":"C:\\Windows\\System32\\svchost.exe","ParentImage":"C:\\Windows\\System32\\services.exe","ParentProcessGuid":"{8D277298-C5CC-2026-ABD4-16023640119B}","OriginalFileName":"C:\\Windows\\System32\\svchost.exe","SHA256":"31366e2c288cb2f06c83eb7470cb99e0e1b3558e6d8b8fac3462de4b138da307"}
{"UtcTime":"2026-08-12 10:03:20.000","Computer":"TN-FIN-WS042","User":"TRANSNORTE\\ops.cardoso","EventID":3,"Image":"C:\\Windows\\System32\\RuntimeBroker.exe","ProcessGuid":"{F6EE5A60-3427-2026-5AB3-FF778D329644}","ProcessId":7175,"DestinationIp":"10.50.10.88","DestinationPort":8080,"SourceIp":"10.50.10.42","Protocol":"tcp"}
{"UtcTime":"2026-08-12 10:03:21.000","Computer":"TN-FIN-WS042","User":"TRANSNORTE\\ops.cardoso","EventID":5,"Image":"C:\\Windows\\explorer.exe","ProcessGuid":"{BE21EE5F-B21D-2026-3A07-225924423708}","ProcessId":2397,"EventType":"End"}
{"UtcTime":"2026-08-12 10:03:22.000","Computer":"TN-FIN-WS042","User":"TRANSNORTE\\ops.cardoso","EventID":1,"Image":"C:\\Program Files\\Microsoft Office\\Office16\\OUTLOOK.EXE","ProcessGuid":"{8BB00C05-7221-2026-A340-6B072C893751}","ProcessId":2261,"CommandLine":"C:\\Program Files\\Microsoft Office\\Office16\\OUTLOOK.EXE","ParentImage":"C:\\Windows\\System32\\services.exe","ParentProcessGuid":"{5FAA65CC-B8EB-2026-BD33-94083D7C9599}","OriginalFileName":"C:\\Program Files\\Microsoft Office\\Office16\\OUTLOOK.EXE","SHA256":"cf73c49793ee6f30e07c6184ea88cd2e1d67b4863b2bdc374832d36ac3b9d995"}
{"UtcTime":"2026-08-12 10:03:23.000","Computer":"TN-FIN-WS042","User":"TRANSNORTE\\backup_svc","EventID":1,"Image":"C:\\Windows\\System32\\conhost.exe","ProcessGuid":"{4F79322D-66BA-2026-4922-DC32D684C7BF}","ProcessId":8996,"CommandLine":"C:\\Windows\\System32\\conhost.exe","ParentImage":"C:\\Windows\\System32\\services.exe","ParentProcessGuid":"{A7B6C23D-47A3-2026-B885-B8A822201743}","OriginalFileName":"C:\\Windows\\System32\\conhost.exe","SHA256":"664ece8c922d15ed49ad65d7dcbdf240b142bd431344b34fecaa11430726e942"}
{"UtcTime":"2026-08-12 10:03:24.000","Computer":"TN-FIN-WS042","User":"TRANSNORTE\\ops.cardoso","EventID":1,"Image":"C:\\Windows\\System32\\conhost.exe","ProcessGuid":"{0D5DE4A0-D3D2-2026-CF89-41AA6BF04126}","ProcessId":4867,"CommandLine":"C:\\Windows\\System32\\conhost.exe","ParentImage":"C:\\Windows\\System32\\services.exe","ParentProcessGuid":"{76E624E4-79DB-2026-0F05-E479F6E92608}","OriginalFileName":"C:\\Windows\\System32\\conhost.exe","SHA256":"208844a05ab81290fd46f7226ebe9af0593138d2ed82db4ecbc4ac1bf13262b2"}
{"UtcTime":"2026-08-12 10:03:25.000","Computer":"TN-FIN-WS042","User":"TRANSNORTE\\backup_svc","EventID":5,"Image":"C:\\Program Files\\Google\\Chrome\\Application\\chrome.exe","ProcessGuid":"{36037C2D-0C95-2026-999B-45389095213E}","ProcessId":1679,"EventType":"End"}
{"UtcTime":"2026-08-12 10:03:26.000","Computer":"TN-FIN-WS042","User":"TRANSNORTE\\backup_svc","EventID":5,"Image":"C:\\Windows\\System32\\conhost.exe","ProcessGuid":"{71FB3110-4435-2026-C781-008CCDF7D039}","ProcessId":2277,"EventType":"End"}
{"UtcTime":"2026-08-12 10:03:27.000","Computer":"TN-FIN-WS042","User":"TRANSNORTE\\backup_svc","EventID":3,"Image":"C:\\Program Files\\Google\\Chrome\\Application\\chrome.exe","ProcessGuid":"{42FC7D4D-F13D-2026-E42E-CBB3765EC08D}","ProcessId":4723,"DestinationIp":"10.50.10.88","DestinationPort":135,"SourceIp":"10.50.10.42","Protocol":"tcp"}
{"UtcTime":"2026-08-12 10:03:28.000","Computer":"TN-FIN-WS042","User":"TRANSNORTE\\ops.cardoso","EventID":3,"Image":"C:\\Program Files\\Google\\Chrome\\Application\\chrome.exe","ProcessGuid":"{2E3C0778-75D9-2026-B710-FD2B2E8534A7}","ProcessId":7327,"DestinationIp":"10.50.10.10","DestinationPort":443,"SourceIp":"10.50.10.42","Protocol":"tcp"}
{"UtcTime":"2026-08-12 10:03:29.000","Computer":"TN-FIN-WS042","User":"TRANSNORTE\\backup_svc","EventID":5,"Image":"C:\\Windows\\explorer.exe","ProcessGuid":"{357D2171-06A3-2026-E984-AF9D8842E3EC}","ProcessId":6200,"EventType":"End"}
{"UtcTime":"2026-08-12 10:03:30.000","Computer":"TN-FIN-WS042","User":"TRANSNORTE\\ops.cardoso","EventID":1,"Image":"C:\\Windows\\System32\\svchost.exe","ProcessGuid":"{91821B07-163D-2026-D037-11DFF978CFE7}","ProcessId":5468,"CommandLine":"C:\\Windows\\System32\\svchost.exe","ParentImage":"C:\\Windows\\System32\\services.exe","ParentProcessGuid":"{D9EE61A2-0118-2026-A654-E5A489B1E632}","OriginalFileName":"C:\\Windows\\System32\\svchost.exe","SHA256":"66b3f34c16882e7771357d9c9afa99361f4e51b35bc1ad947076a8b921c0d0d0"}
{"UtcTime":"2026-08-12 10:03:31.000","Computer":"TN-FIN-WS042","User":"TRANSNORTE\\ops.cardoso","EventID":1,"Image":"C:\\Program Files\\Google\\Chrome\\Application\\chrome.exe","ProcessGuid":"{659AA161-481F-2026-EE5E-3ACA6FA4E177}","ProcessId":2214,"CommandLine":"C:\\Program Files\\Google\\Chrome\\Application\\chrome.exe","ParentImage":"C:\\Windows\\System32\\services.exe","ParentProcessGuid":"{56AD22E3-D618-2026-B034-06849FA89910}","OriginalFileName":"C:\\Program Files\\Google\\Chrome\\Application\\chrome.exe","SHA256":"35f67da32d1c6e941744bda5280f51b7876fb03c4ae6815cfa26dc80fbc34715"}
{"UtcTime":"2026-08-12 10:03:32.000","Computer":"TN-FIN-WS042","User":"TRANSNORTE\\ops.cardoso","EventID":5,"Image":"C:\\Program Files\\Microsoft Office\\Office16\\OUTLOOK.EXE","ProcessGuid":"{FD856578-AD42-2026-63FE-016D8A2BF240}","ProcessId":6291,"EventType":"End"}
{"UtcTime":"2026-08-12 10:03:33.000","Computer":"TN-FIN-WS042","User":"TRANSNORTE\\backup_svc","EventID":5,"Image":"C:\\Windows\\System32\\RuntimeBroker.exe","ProcessGuid":"{07563EDC-A657-2026-9C03-E92380024A2B}","ProcessId":2490,"EventType":"End"}
{"UtcTime":"2026-08-12 10:03:34.000","Computer":"TN-FIN-WS042","User":"TRANSNORTE\\ops.cardoso","EventID":1,"Image":"C:\\Windows\\explorer.exe","ProcessGuid":"{73BB69C1-9AFB-2026-49F6-CD4F0F15A392}","ProcessId":3592,"CommandLine":"C:\\Windows\\explorer.exe","ParentImage":"C:\\Windows\\System32\\services.exe","ParentProcessGuid":"{3B3E845D-5590-2026-B981-AE90F2A9CDEC}","OriginalFileName":"C:\\Windows\\explorer.exe","SHA256":"c5a9b900db33f631ae840c62262e2b30067051ca2793bb701417d86b2e2842eb"}
{"UtcTime":"2026-08-12 10:03:35.000","Computer":"TN-FIN-WS042","User":"TRANSNORTE\\backup_svc","EventID":1,"Image":"C:\\Program Files\\Google\\Chrome\\Application\\chrome.exe","ProcessGuid":"{163818A9-D6EE-2026-1CBE-A9A83F8041F3}","ProcessId":2701,"CommandLine":"C:\\Program Files\\Google\\Chrome\\Application\\chrome.exe","ParentImage":"C:\\Windows\\System32\\services.exe","ParentProcessGuid":"{B1B81EF2-A3FB-2026-27AB-821B9455257E}","OriginalFileName":"C:\\Program Files\\Google\\Chrome\\Application\\chrome.exe","SHA256":"687623204ce357c12eba37fb2b25b3e8e2e33680a8ad14347873c8b9a013e14d"}
{"UtcTime":"2026-08-12 10:03:36.000","Computer":"TN-FIN-WS042","User":"TRANSNORTE\\backup_svc","EventID":1,"Image":"C:\\Program Files\\Microsoft Office\\Office16\\OUTLOOK.EXE","ProcessGuid":"{D921B20E-B55E-2026-94A7-6FFF9BBA8EB5}","ProcessId":2111,"CommandLine":"C:\\Program Files\\Microsoft Office\\Office16\\OUTLOOK.EXE","ParentImage":"C:\\Windows\\System32\\services.exe","ParentProcessGuid":"{BC14FF01-D0EA-2026-E390-03290A8F6536}","OriginalFileName":"C:\\Program Files\\Microsoft Office\\Office16\\OUTLOOK.EXE","SHA256":"c21b6c0e216da0a4cc6d9c82c25bcebeda2d6c2ae8e12b72e88e785cf1cc2e36"}
{"UtcTime":"2026-08-12 10:03:37.000","Computer":"TN-FIN-WS042","User":"TRANSNORTE\\backup_svc","EventID":13,"Image":"C:\\Windows\\explorer.exe","ProcessGuid":"{C0905F36-CC67-2026-BE15-7BF4C9EAB1DD}","ProcessId":2494,"EventType":"SetValue","TargetObject":"HKCU\\Software\\Microsoft\\Office\\16.0\\Outlook\\Resiliency\\1417","Details":"1"}
{"UtcTime":"2026-08-12 10:03:38.000","Computer":"TN-FIN-WS042","User":"TRANSNORTE\\backup_svc","EventID":5,"Image":"C:\\Windows\\System32\\conhost.exe","ProcessGuid":"{B062D825-0104-2026-4043-BF0B2D770AB2}","ProcessId":3351,"EventType":"End"}
{"UtcTime":"2026-08-12 10:03:39.000","Computer":"TN-FIN-WS042","User":"TRANSNORTE\\backup_svc","EventID":5,"Image":"C:\\Program Files\\Microsoft Office\\Office16\\OUTLOOK.EXE","ProcessGuid":"{86A4818F-9D8C-2026-D2E4-3E85F054C45D}","ProcessId":6308,"EventType":"End"}
{"UtcTime":"2026-08-12 10:03:40.000","Computer":"TN-FIN-WS042","User":"TRANSNORTE\\backup_svc","EventID":1,"Image":"C:\\Windows\\explorer.exe","ProcessGuid":"{8114ED37-FA3D-2026-3D43-791C8AE59EE9}","ProcessId":7092,"CommandLine":"C:\\Windows\\explorer.exe","ParentImage":"C:\\Windows\\System32\\services.exe","ParentProcessGuid":"{BC0D1B51-605B-2026-67AD-4B204B5870E4}","OriginalFileName":"C:\\Windows\\explorer.exe","SHA256":"4b21d4284458d9ca585419e5ecd6c3ada5badaf39f4aa857455851543575ae2e"}
{"UtcTime":"2026-08-12 10:03:41.000","Computer":"TN-FIN-WS042","User":"TRANSNORTE\\backup_svc","EventID":1,"Image":"C:\\Windows\\explorer.exe","ProcessGuid":"{5D7910B6-A9D8-2026-7B5A-9274F906AEF3}","ProcessId":8354,"CommandLine":"C:\\Windows\\explorer.exe","ParentImage":"C:\\Windows\\System32\\services.exe","ParentProcessGuid":"{D9E2543D-C5F1-2026-A995-7B362FBEE4E5}","OriginalFileName":"C:\\Windows\\explorer.exe","SHA256":"8761ad6fd605b0e852885d71e3f5eeae8e844bb11659efd716a92b464537a3a8"}
{"UtcTime":"2026-08-12 10:03:42.000","Computer":"TN-FIN-WS042","User":"TRANSNORTE\\ops.cardoso","EventID":1,"Image":"C:\\Windows\\System32\\conhost.exe","ProcessGuid":"{1AA41798-677F-2026-4867-30A2223C6838}","ProcessId":7193,"CommandLine":"C:\\Windows\\System32\\conhost.exe","ParentImage":"C:\\Windows\\System32\\services.exe","ParentProcessGuid":"{EBC8B057-1A65-2026-D824-849DF34E3515}","OriginalFileName":"C:\\Windows\\System32\\conhost.exe","SHA256":"566fe214a8dd8403cc9f35bfbec05024952905e3efa92aa6bca9c34e1692bf99"}
{"UtcTime":"2026-08-12 10:03:43.000","Computer":"TN-FIN-WS042","User":"TRANSNORTE\\ops.cardoso","EventID":1,"Image":"C:\\Windows\\System32\\conhost.exe","ProcessGuid":"{551BDFC2-4021-2026-C495-DA23AF1FC8FD}","ProcessId":2700,"CommandLine":"C:\\Windows\\System32\\conhost.exe","ParentImage":"C:\\Windows\\System32\\services.exe","ParentProcessGuid":"{1B3C4936-4003-2026-E9F5-362C3E612FF2}","OriginalFileName":"C:\\Windows\\System32\\conhost.exe","SHA256":"2e9b958226c4728e3c37cc94e0bc9ebf2092f9f2b7b894583b413bb8cad4ffef"}
{"UtcTime":"2026-08-12 10:03:44.000","Computer":"TN-FIN-WS042","User":"TRANSNORTE\\ops.cardoso","EventID":5,"Image":"C:\\Windows\\explorer.exe","ProcessGuid":"{76E9B3DA-C26D-2026-E4A5-1B585F2B4C99}","ProcessId":7969,"EventType":"End"}
{"UtcTime":"2026-08-12 10:03:45.000","Computer":"TN-FIN-WS042","User":"TRANSNORTE\\ops.cardoso","EventID":5,"Image":"C:\\Program Files\\Google\\Chrome\\Application\\chrome.exe","ProcessGuid":"{00E807E0-A15F-2026-D185-6759310D98CF}","ProcessId":6614,"EventType":"End"}
{"UtcTime":"2026-08-12 10:03:46.000","Computer":"TN-FIN-WS042","User":"TRANSNORTE\\ops.cardoso","EventID":5,"Image":"C:\\Windows\\System32\\svchost.exe","ProcessGuid":"{D8C978C5-C167-2026-38FA-1E63460ACF5B}","ProcessId":1091,"EventType":"End"}
{"UtcTime":"2026-08-12 10:03:47.000","Computer":"TN-FIN-WS042","User":"TRANSNORTE\\backup_svc","EventID":1,"Image":"C:\\Program Files\\Microsoft Office\\Office16\\OUTLOOK.EXE","ProcessGuid":"{1518C060-23D8-2026-000B-F04E4D233D4F}","ProcessId":1436,"CommandLine":"C:\\Program Files\\Microsoft Office\\Office16\\OUTLOOK.EXE","ParentImage":"C:\\Windows\\System32\\services.exe","ParentProcessGuid":"{7F44BA73-B310-2026-54F9-CE54200424EE}","OriginalFileName":"C:\\Program Files\\Microsoft Office\\Office16\\OUTLOOK.EXE","SHA256":"d958621941a3adfa9c4b6f22a5110283ba8f52404b482a3381c7c421b98e9a1d"}
{"UtcTime":"2026-08-12 10:03:48.000","Computer":"TN-FIN-WS042","User":"TRANSNORTE\\backup_svc","EventID":1,"Image":"C:\\Program Files\\Google\\Chrome\\Application\\chrome.exe","ProcessGuid":"{E37E7E4F-0101-2026-B203-426B48D5FD1C}","ProcessId":5906,"CommandLine":"C:\\Program Files\\Google\\Chrome\\Application\\chrome.exe","ParentImage":"C:\\Windows\\System32\\services.exe","ParentProcessGuid":"{3615136A-522B-2026-F26F-97742D2F9D21}","OriginalFileName":"C:\\Program Files\\Google\\Chrome\\Application\\chrome.exe","SHA256":"65fe3b827f0e0b53ab25a3667e384f648d51052309a13855f1240c93b45e76ff"}
{"UtcTime":"2026-08-12 10:03:49.000","Computer":"TN-FIN-WS042","User":"TRANSNORTE\\backup_svc","EventID":1,"Image":"C:\\Windows\\System32\\conhost.exe","ProcessGuid":"{0EB96E59-8E57-2026-D49D-B516E5794FF6}","ProcessId":7420,"CommandLine":"C:\\Windows\\System32\\conhost.exe","ParentImage":"C:\\Windows\\System32\\services.exe","ParentProcessGuid":"{8E729DB6-824D-2026-442B-ACE11D5CD5C0}","OriginalFileName":"C:\\Windows\\System32\\conhost.exe","SHA256":"5a3c7f2cafa21b85732ea8f07769eca951af4d70b793f47fe8178e683d49cde5"}
{"UtcTime":"2026-08-12 10:03:50.000","Computer":"TN-FIN-WS042","User":"TRANSNORTE\\ops.cardoso","EventID":13,"Image":"C:\\Windows\\System32\\RuntimeBroker.exe","ProcessGuid":"{FBCCB429-5552-2026-F05D-0427953D373E}","ProcessId":6286,"EventType":"SetValue","TargetObject":"HKCU\\Software\\Microsoft\\Office\\16.0\\Outlook\\Resiliency\\1430","Details":"1"}
{"UtcTime":"2026-08-12 10:03:51.000","Computer":"TN-FIN-WS042","User":"TRANSNORTE\\backup_svc","EventID":3,"Image":"C:\\Windows\\System32\\svchost.exe","ProcessGuid":"{087C5E72-43D6-2026-A43C-129CE6327D5E}","ProcessId":5263,"DestinationIp":"10.50.10.10","DestinationPort":443,"SourceIp":"10.50.10.42","Protocol":"tcp"}
{"UtcTime":"2026-08-12 10:03:52.000","Computer":"TN-FIN-WS042","User":"TRANSNORTE\\ops.cardoso","EventID":1,"Image":"C:\\Windows\\System32\\RuntimeBroker.exe","ProcessGuid":"{5A1A2CB8-5FBB-2026-DC5A-D119E78A55D5}","ProcessId":2988,"CommandLine":"C:\\Windows\\System32\\RuntimeBroker.exe","ParentImage":"C:\\Windows\\System32\\services.exe","ParentProcessGuid":"{E6F21B5A-EAFE-2026-656A-842C75DEA627}","OriginalFileName":"C:\\Windows\\System32\\RuntimeBroker.exe","SHA256":"146ab858c294cc237c3343bf5f261a21297c2bcf111fb7caa54ec7673bc33405"}
{"UtcTime":"2026-08-12 10:03:53.000","Computer":"TN-FIN-WS042","User":"TRANSNORTE\\backup_svc","EventID":1,"Image":"C:\\Program Files\\Google\\Chrome\\Application\\chrome.exe","ProcessGuid":"{41307DE0-7433-2026-EC70-09B995F9D9D6}","ProcessId":2452,"CommandLine":"C:\\Program Files\\Google\\Chrome\\Application\\chrome.exe","ParentImage":"C:\\Windows\\System32\\services.exe","ParentProcessGuid":"{0FB4A3E9-8C98-2026-4BCF-685D31FE5E44}","OriginalFileName":"C:\\Program Files\\Google\\Chrome\\Application\\chrome.exe","SHA256":"89a520d7519418030ad78435c19c7736dc1bfa0fc6631a884a260c770a64d9aa"}
{"UtcTime":"2026-08-12 10:03:54.000","Computer":"TN-FIN-WS042","User":"TRANSNORTE\\backup_svc","EventID":1,"Image":"C:\\Program Files\\Microsoft Office\\Office16\\OUTLOOK.EXE","ProcessGuid":"{F26851C7-503A-2026-FEA4-D29FCD404647}","ProcessId":7957,"CommandLine":"C:\\Program Files\\Microsoft Office\\Office16\\OUTLOOK.EXE","ParentImage":"C:\\Windows\\System32\\services.exe","ParentProcessGuid":"{1FD5CBD2-8362-2026-CC51-77B49C2B4EAF}","OriginalFileName":"C:\\Program Files\\Microsoft Office\\Office16\\OUTLOOK.EXE","SHA256":"15ceff307b871b3624d59d048b309e69d47ac2087968d00ab5b65c8608dd2b33"}
{"UtcTime":"2026-08-12 10:03:55.000","Computer":"TN-FIN-WS042","User":"TRANSNORTE\\backup_svc","EventID":5,"Image":"C:\\Windows\\System32\\svchost.exe","ProcessGuid":"{C3101A59-6C7B-2026-5D02-A302AC851C3D}","ProcessId":2304,"EventType":"End"}
{"UtcTime":"2026-08-12 10:03:56.000","Computer":"TN-FIN-WS042","User":"TRANSNORTE\\backup_svc","EventID":11,"Image":"C:\\Windows\\System32\\RuntimeBroker.exe","ProcessGuid":"{AB86952A-5ED6-2026-F7C0-AE75E5340AF4}","ProcessId":8439,"TargetFilename":"C:\\Users\\ops.cardoso\\AppData\\Local\\Temp\\office-1436.tmp"}
{"UtcTime":"2026-08-12 10:03:57.000","Computer":"TN-FIN-WS042","User":"TRANSNORTE\\backup_svc","EventID":1,"Image":"C:\\Windows\\System32\\conhost.exe","ProcessGuid":"{EE76A0A9-8384-2026-D283-9A3AF4ED00D6}","ProcessId":7928,"CommandLine":"C:\\Windows\\System32\\conhost.exe","ParentImage":"C:\\Windows\\System32\\services.exe","ParentProcessGuid":"{98F47CB4-0583-2026-164F-0BEFFDBF557C}","OriginalFileName":"C:\\Windows\\System32\\conhost.exe","SHA256":"9aeb6f9ed8e095cabb5f2c62cb566f65d5af32d7a457865c81fb2a0d88fe83e4"}
{"UtcTime":"2026-08-12 10:03:58.000","Computer":"TN-FIN-WS042","User":"TRANSNORTE\\ops.cardoso","EventID":3,"Image":"C:\\Program Files\\Microsoft Office\\Office16\\OUTLOOK.EXE","ProcessGuid":"{135455DD-8BB4-2026-1B74-D7CD17DF4E70}","ProcessId":580,"DestinationIp":"1.1.1.1","DestinationPort":8080,"SourceIp":"10.50.10.42","Protocol":"tcp"}
{"UtcTime":"2026-08-12 10:03:59.000","Computer":"TN-FIN-WS042","User":"TRANSNORTE\\backup_svc","EventID":1,"Image":"C:\\Program Files\\Microsoft Office\\Office16\\OUTLOOK.EXE","ProcessGuid":"{829F6CCE-16C7-2026-DA7C-3BA28446BA41}","ProcessId":4151,"CommandLine":"C:\\Program Files\\Microsoft Office\\Office16\\OUTLOOK.EXE","ParentImage":"C:\\Windows\\System32\\services.exe","ParentProcessGuid":"{8EFA0A7C-9550-2026-287A-C3A8B5BEFAE7}","OriginalFileName":"C:\\Program Files\\Microsoft Office\\Office16\\OUTLOOK.EXE","SHA256":"af7167b7b0303b04e80a9cbf5116c12b0e1f1fcf2136fc9b8cda4a4c7538cd0b"}
{"UtcTime":"2026-08-12 10:04:00.000","Computer":"TN-FIN-WS042","User":"TRANSNORTE\\backup_svc","EventID":11,"Image":"C:\\Windows\\System32\\RuntimeBroker.exe","ProcessGuid":"{7C05C0FB-3A4F-2026-C1AC-7E90100E26ED}","ProcessId":6481,"TargetFilename":"C:\\Users\\ops.cardoso\\AppData\\Local\\Temp\\office-1440.tmp"}
{"UtcTime":"2026-08-12 10:04:01.000","Computer":"TN-FIN-WS042","User":"TRANSNORTE\\backup_svc","EventID":1,"Image":"C:\\Windows\\System32\\svchost.exe","ProcessGuid":"{EC6A9289-8EC7-2026-DB05-7D8B26208D5C}","ProcessId":3173,"CommandLine":"C:\\Windows\\System32\\svchost.exe","ParentImage":"C:\\Windows\\System32\\services.exe","ParentProcessGuid":"{88219F66-99C6-2026-595D-654AA9931A4D}","OriginalFileName":"C:\\Windows\\System32\\svchost.exe","SHA256":"a39bcd5f1a3c4ff074eee83cf336eafbda7c4a394b34408918aabd0cc81a8403"}
{"UtcTime":"2026-08-12 10:04:02.000","Computer":"TN-FIN-WS042","User":"TRANSNORTE\\ops.cardoso","EventID":13,"Image":"C:\\Windows\\System32\\svchost.exe","ProcessGuid":"{37E1F934-9FA2-2026-66DD-B652FEC85F31}","ProcessId":3600,"EventType":"SetValue","TargetObject":"HKCU\\Software\\Microsoft\\Office\\16.0\\Outlook\\Resiliency\\1442","Details":"1"}
{"UtcTime":"2026-08-12 10:04:03.000","Computer":"TN-FIN-WS042","User":"TRANSNORTE\\ops.cardoso","EventID":3,"Image":"C:\\Windows\\System32\\conhost.exe","ProcessGuid":"{B8D94EE0-0AA0-2026-6B21-B0AE3E2DD9A6}","ProcessId":712,"DestinationIp":"10.50.10.10","DestinationPort":443,"SourceIp":"10.50.10.42","Protocol":"tcp"}
{"UtcTime":"2026-08-12 10:04:04.000","Computer":"TN-FIN-WS042","User":"TRANSNORTE\\ops.cardoso","EventID":1,"Image":"C:\\Windows\\System32\\svchost.exe","ProcessGuid":"{676103D9-8D8B-2026-E6E0-C6366D89647F}","ProcessId":8168,"CommandLine":"C:\\Windows\\System32\\svchost.exe","ParentImage":"C:\\Windows\\System32\\services.exe","ParentProcessGuid":"{7B2F8B0E-FA2E-2026-0A5F-91CFEF785CEC}","OriginalFileName":"C:\\Windows\\System32\\svchost.exe","SHA256":"8fd01c0c599e95a280eb45288d1e9c04a9fe2aa75198ccbbc7b8ab0c8203edcc"}
{"UtcTime":"2026-08-12 10:04:05.000","Computer":"TN-FIN-WS042","User":"TRANSNORTE\\ops.cardoso","EventID":1,"Image":"C:\\Windows\\System32\\svchost.exe","ProcessGuid":"{DF4C2221-481E-2026-5640-E8EABA4EA9DA}","ProcessId":7796,"CommandLine":"C:\\Windows\\System32\\svchost.exe","ParentImage":"C:\\Windows\\System32\\services.exe","ParentProcessGuid":"{E7310AF7-B208-2026-68E4-6BDD4EEB0925}","OriginalFileName":"C:\\Windows\\System32\\svchost.exe","SHA256":"b1521aff284ece91a57d8bfeb77d78c9862f5a69b07241817fa667f59895ebfb"}
{"UtcTime":"2026-08-12 10:04:06.000","Computer":"TN-FIN-WS042","User":"TRANSNORTE\\backup_svc","EventID":1,"Image":"C:\\Windows\\System32\\conhost.exe","ProcessGuid":"{A3ECCE2B-F5DB-2026-8234-8D95479189CB}","ProcessId":2320,"CommandLine":"C:\\Windows\\System32\\conhost.exe","ParentImage":"C:\\Windows\\System32\\services.exe","ParentProcessGuid":"{F39B4B6F-18A8-2026-1F3A-C70389393537}","OriginalFileName":"C:\\Windows\\System32\\conhost.exe","SHA256":"4292be727ff5fcdbf540efbdbd61a59bc313f22e5f539b7f135f58a1990fff09"}
{"UtcTime":"2026-08-12 10:04:07.000","Computer":"TN-FIN-WS042","User":"TRANSNORTE\\backup_svc","EventID":3,"Image":"C:\\Windows\\System32\\svchost.exe","ProcessGuid":"{8E6E66BD-F1A0-2026-E5D3-7693514DA211}","ProcessId":2696,"DestinationIp":"1.1.1.1","DestinationPort":8080,"SourceIp":"10.50.10.42","Protocol":"tcp"}
{"UtcTime":"2026-08-12 10:04:08.000","Computer":"TN-FIN-WS042","User":"TRANSNORTE\\backup_svc","EventID":13,"Image":"C:\\Program Files\\Microsoft Office\\Office16\\OUTLOOK.EXE","ProcessGuid":"{22BDA15A-58B8-2026-11ED-5B280ED2F8AD}","ProcessId":5566,"EventType":"SetValue","TargetObject":"HKCU\\Software\\Microsoft\\Office\\16.0\\Outlook\\Resiliency\\1448","Details":"1"}
{"UtcTime":"2026-08-12 10:04:09.000","Computer":"TN-FIN-WS042","User":"TRANSNORTE\\backup_svc","EventID":5,"Image":"C:\\Program Files\\Google\\Chrome\\Application\\chrome.exe","ProcessGuid":"{05CD27F7-8270-2026-4CCA-6427785EEEDD}","ProcessId":2063,"EventType":"End"}
