{"UtcTime":"2026-08-12 10:14:09.000","Computer":"TN-FIN-WS042","User":"TRANSNORTE\\ops.cardoso","EventID":1,"Image":"C:\\Program Files\\Google\\Chrome\\Application\\chrome.exe","ProcessGuid":"{BA89513A-5D28-2026-301A-1EF0772225D6}","ProcessId":4852,"CommandLine":"C:\\Program Files\\Google\\Chrome\\Application\\chrome.exe","ParentImage":"C:\\Windows\\System32\\services.exe","ParentProcessGuid":"{20CB0634-B199-2026-DDCD-5ECE8ECB3EFA}","OriginalFileName":"C:\\Program Files\\Google\\Chrome\\Application\\chrome.exe","SHA256":"46fd29d603f3b8bf98e666695552a41ba4f08a1f3639ebc98dff3dba053b4a6c"}
{"UtcTime":"2026-08-12 10:14:10.000","Computer":"TN-FIN-WS042","User":"TRANSNORTE\\backup_svc","EventID":1,"Image":"C:\\Windows\\explorer.exe","ProcessGuid":"{42EF3594-96E2-2026-AC2C-F4C51EE7BB8A}","ProcessId":3548,"CommandLine":"C:\\Windows\\explorer.exe","ParentImage":"C:\\Windows\\System32\\services.exe","ParentProcessGuid":"{46103877-5B1F-2026-68D3-6C82F1700442}","OriginalFileName":"C:\\Windows\\explorer.exe","SHA256":"f7edb9fe971a57907a457dc5f8cb24239cd26aed5ef3c47c641d7391c5ae1bd7"}
{"UtcTime":"2026-08-12 10:14:11.000","Computer":"TN-FIN-WS042","User":"TRANSNORTE\\ops.cardoso","EventID":1,"Image":"C:\\Windows\\System32\\RuntimeBroker.exe","ProcessGuid":"{71688546-21E1-2026-0340-7BEA486911DE}","ProcessId":1621,"CommandLine":"C:\\Windows\\System32\\RuntimeBroker.exe","ParentImage":"C:\\Windows\\System32\\services.exe","ParentProcessGuid":"{998C0B01-A2FC-2026-317B-5D086D092593}","OriginalFileName":"C:\\Windows\\System32\\RuntimeBroker.exe","SHA256":"0544e7cbe78d342a14e074ab33385fa1120218c110965a9654a3f3ef60679865"}
{"UtcTime":"2026-08-12 10:14:12.000","Computer":"TN-FIN-WS042","User":"TRANSNORTE\\backup_svc","EventID":1,"Image":"C:\\Windows\\explorer.exe","ProcessGuid":"{78FEBFA6-1F76-2026-8DED-B4E376540834}","ProcessId":4033,"CommandLine":"C:\\Windows\\explorer.exe","ParentImage":"C:\\Windows\\System32\\services.exe","ParentProcessGuid":"{75D09D75-1308-2026-FB54-B1BCA517B540}","OriginalFileName":"C:\\Windows\\explorer.exe","SHA256":"0c668a473dad3bd8823a26da9e747d249fef4017e686d80ab9ee1a98cc7e60ca"}
{"UtcTime":"2026-08-12 10:14:13.000","Computer":"TN-FIN-WS042","User":"TRANSNORTE\\ops.cardoso","EventID":1,"Image":"C:\\Windows\\explorer.exe","ProcessGuid":"{F302572A-671C-2026-C513-08ED9915A2DD}","ProcessId":922,"CommandLine":"C:\\Windows\\explorer.exe","ParentImage":"C:\\Windows\\System32\\services.exe","ParentProcessGuid":"{197E58E1-F4E6-2026-1362-D299E246A07B}","OriginalFileName":"C:\\Windows\\explorer.exe","SHA256":"20994bd23a5528b649bb808cc3134e5070c7c06e2e2e04d087c76b3ee1dea0f8"}
{"UtcTime":"2026-08-12 10:14:14.000","Computer":"TN-FIN-WS042","User":"TRANSNORTE\\ops.cardoso","EventID":1,"Image":"C:\\Windows\\explorer.exe","ProcessGuid":"{77B98B51-8944-2026-4C94-8970A8963C5A}","ProcessId":2018,"CommandLine":"C:\\Windows\\explorer.exe","ParentImage":"C:\\Windows\\System32\\services.exe","ParentProcessGuid":"{BB085E95-1C29-2026-AB8D-C4740F00C8DA}","OriginalFileName":"C:\\Windows\\explorer.exe","SHA256":"82c27fbb2f8d8df6b5058a9a0c1f26fcf457aaf0d9c354fa0512129831a55ed8"}
{"UtcTime":"2026-08-12 10:14:15.000","Computer":"TN-FIN-WS042","User":"TRANSNORTE\\ops.cardoso","EventID":1,"Image":"C:\\Program Files\\Google\\Chrome\\Application\\chrome.exe","ProcessGuid":"{63DB2409-5EC9-2026-2E07-1FBC6797ED9B}","ProcessId":2630,"CommandLine":"C:\\Program Files\\Google\\Chrome\\Application\\chrome.exe","ParentImage":"C:\\Windows\\System32\\services.exe","ParentProcessGuid":"{FDAFD099-BCBA-2026-0949-C783E231C53A}","OriginalFileName":"C:\\Program Files\\Google\\Chrome\\Application\\chrome.exe","SHA256":"596ccfea2f5e98b5e76f85f8efd08d056ad723b64e8e8e974d6757d12b1d6a97"}
{"UtcTime":"2026-08-12 10:14:16.000","Computer":"TN-FIN-WS042","User":"TRANSNORTE\\ops.cardoso","EventID":11,"Image":"C:\\Windows\\System32\\svchost.exe","ProcessGuid":"{1378B4A1-12D1-2026-5E54-0AAAE9AC0F9B}","ProcessId":2022,"TargetFilename":"C:\\Users\\ops.cardoso\\AppData\\Local\\Temp\\office-2056.tmp"}
{"UtcTime":"2026-08-12 10:14:17.000","Computer":"TN-FIN-WS042","User":"TRANSNORTE\\backup_svc","EventID":13,"Image":"C:\\Windows\\explorer.exe","ProcessGuid":"{ED554023-4755-2026-8969-1D831E7B841F}","ProcessId":7801,"EventType":"SetValue","TargetObject":"HKCU\\Software\\Microsoft\\Office\\16.0\\Outlook\\Resiliency\\2057","Details":"1"}
{"UtcTime":"2026-08-12 10:14:18.000","Computer":"TN-FIN-WS042","User":"TRANSNORTE\\backup_svc","EventID":11,"Image":"C:\\Program Files\\Google\\Chrome\\Application\\chrome.exe","ProcessGuid":"{E784E899-EB24-2026-E654-520A18D1C55B}","ProcessId":3951,"TargetFilename":"C:\\Users\\ops.cardoso\\AppData\\Local\\Temp\\office-2058.tmp"}
{"UtcTime":"2026-08-12 10:14:19.000","Computer":"TN-FIN-WS042","User":"TRANSNORTE\\backup_svc","EventID":1,"Image":"C:\\Windows\\System32\\RuntimeBroker.exe","ProcessGuid":"{F6F43E86-53E7-2026-F3FE-DFC20C36F872}","ProcessId":4347,"CommandLine":"C:\\Windows\\System32\\RuntimeBroker.exe","ParentImage":"C:\\Windows\\System32\\services.exe","ParentProcessGuid":"{E53EAD17-AEEC-2026-B7A9-0E3C2DD4EC0B}","OriginalFileName":"C:\\Windows\\System32\\RuntimeBroker.exe","SHA256":"1eeda89b1e82f821ea85221a3f91e89ea7c31947e41f996e550322546b974db0"}
{"UtcTime":"2026-08-12 10:14:20.000","Computer":"TN-FIN-WS042","User":"TRANSNORTE\\ops.cardoso","EventID":5,"Image":"C:\\Windows\\System32\\svchost.exe","ProcessGuid":"{BEF90456-D9D7-2026-E344-C271CB3D6D91}","ProcessId":5336,"EventType":"End"}
{"UtcTime":"2026-08-12 10:14:21.000","Computer":"TN-FIN-WS042","User":"TRANSNORTE\\ops.cardoso","EventID":3,"Image":"C:\\Windows\\System32\\conhost.exe","ProcessGuid":"{1E612A6F-13CA-2026-9B0C-734A0423EEE4}","ProcessId":7558,"DestinationIp":"10.50.10.88","DestinationPort":135,"SourceIp":"10.50.10.42","Protocol":"tcp"}
{"UtcTime":"2026-08-12 10:14:22.000","Computer":"TN-FIN-WS042","User":"TRANSNORTE\\ops.cardoso","EventID":1,"Image":"C:\\Windows\\System32\\RuntimeBroker.exe","ProcessGuid":"{4C84E7D2-253E-2026-C53F-AF014AB00255}","ProcessId":7098,"CommandLine":"C:\\Windows\\System32\\RuntimeBroker.exe","ParentImage":"C:\\Windows\\System32\\services.exe","ParentProcessGuid":"{A00BE050-6030-2026-AB29-49865862883F}","OriginalFileName":"C:\\Windows\\System32\\RuntimeBroker.exe","SHA256":"42f47724e0efb91651e7c0042754f6a869d7f458fb741d95a78f9aa0e4b10e85"}
{"UtcTime":"2026-08-12 10:14:23.000","Computer":"TN-FIN-WS042","User":"TRANSNORTE\\backup_svc","EventID":11,"Image":"C:\\Program Files\\Microsoft Office\\Office16\\OUTLOOK.EXE","ProcessGuid":"{F6560343-05A5-2026-7E6E-A2DC8B76D7EE}","ProcessId":6094,"TargetFilename":"C:\\Users\\ops.cardoso\\AppData\\Local\\Temp\\office-2063.tmp"}
{"UtcTime":"2026-08-12 10:14:24.000","Computer":"TN-FIN-WS042","User":"TRANSNORTE\\backup_svc","EventID":5,"Image":"C:\\Windows\\explorer.exe","ProcessGuid":"{BEBA0077-C9AE-2026-C956-E854D85FB34E}","ProcessId":2354,"EventType":"End"}
{"UtcTime":"2026-08-12 10:14:25.000","Computer":"TN-FIN-WS042","User":"TRANSNORTE\\backup_svc","EventID":13,"Image":"C:\\Windows\\System32\\svchost.exe","ProcessGuid":"{5A2E550A-C651-2026-E404-C0B41B287CBE}","ProcessId":4401,"EventType":"SetValue","TargetObject":"HKCU\\Software\\Microsoft\\Office\\16.0\\Outlook\\Resiliency\\2065","Details":"1"}
{"UtcTime":"2026-08-12 10:14:26.000","Computer":"TN-FIN-WS042","User":"TRANSNORTE\\backup_svc","EventID":13,"Image":"C:\\Windows\\System32\\RuntimeBroker.exe","ProcessGuid":"{B14C2E53-7322-2026-7E85-E4E3631BF4BE}","ProcessId":8126,"EventType":"SetValue","TargetObject":"HKCU\\Software\\Microsoft\\Office\\16.0\\Outlook\\Resiliency\\2066","Details":"1"}
{"UtcTime":"2026-08-12 10:14:27.000","Computer":"TN-FIN-WS042","User":"TRANSNORTE\\ops.cardoso","EventID":13,"Image":"C:\\Windows\\System32\\conhost.exe","ProcessGuid":"{D81EB3A2-1552-2026-A175-E0ABC52F19B8}","ProcessId":4337,"EventType":"SetValue","TargetObject":"HKCU\\Software\\Microsoft\\Office\\16.0\\Outlook\\Resiliency\\2067","Details":"1"}
{"UtcTime":"2026-08-12 10:14:28.000","Computer":"TN-FIN-WS042","User":"TRANSNORTE\\backup_svc","EventID":5,"Image":"C:\\Program Files\\Microsoft Office\\Office16\\OUTLOOK.EXE","ProcessGuid":"{5F9813D0-7C40-2026-8E0C-521C4CC0FC05}","ProcessId":8164,"EventType":"End"}
{"UtcTime":"2026-08-12 10:14:29.000","Computer":"TN-FIN-WS042","User":"TRANSNORTE\\ops.cardoso","EventID":13,"Image":"C:\\Windows\\System32\\conhost.exe","ProcessGuid":"{8DAEA429-50C0-2026-F468-2D965889A01A}","ProcessId":2759,"EventType":"SetValue","TargetObject":"HKCU\\Software\\Microsoft\\Office\\16.0\\Outlook\\Resiliency\\2069","Details":"1"}
{"UtcTime":"2026-08-12 10:14:30.000","Computer":"TN-FIN-WS042","User":"TRANSNORTE\\backup_svc","EventID":11,"Image":"C:\\Windows\\System32\\svchost.exe","ProcessGuid":"{BCD3F867-7131-2026-63AA-0F1DA5E38C23}","ProcessId":1492,"TargetFilename":"C:\\Users\\ops.cardoso\\AppData\\Local\\Temp\\office-2070.tmp"}
{"UtcTime":"2026-08-12 10:14:31.000","Computer":"TN-FIN-WS042","User":"TRANSNORTE\\backup_svc","EventID":11,"Image":"C:\\Program Files\\Google\\Chrome\\Application\\chrome.exe","ProcessGuid":"{BF6B4D3C-62CC-2026-B582-FB3B9C5140A2}","ProcessId":8895,"TargetFilename":"C:\\Users\\ops.cardoso\\AppData\\Local\\Temp\\office-2071.tmp"}
{"UtcTime":"2026-08-12 10:14:32.000","Computer":"TN-FIN-WS042","User":"TRANSNORTE\\backup_svc","EventID":11,"Image":"C:\\Windows\\System32\\svchost.exe","ProcessGuid":"{27C18475-D861-2026-020D-34FCE749CEE1}","ProcessId":3783,"TargetFilename":"C:\\Users\\ops.cardoso\\AppData\\Local\\Temp\\office-2072.tmp"}
{"UtcTime":"2026-08-12 10:14:33.000","Computer":"TN-FIN-WS042","User":"TRANSNORTE\\ops.cardoso","EventID":3,"Image":"C:\\Program Files\\Google\\Chrome\\Application\\chrome.exe","ProcessGuid":"{072331CC-EADA-2026-5448-3D306B177458}","ProcessId":5372,"DestinationIp":"10.50.10.10","DestinationPort":53,"SourceIp":"10.50.10.42","Protocol":"tcp"}
{"UtcTime":"2026-08-12 10:14:34.000","Computer":"TN-FIN-WS042","User":"TRANSNORTE\\ops.cardoso","EventID":1,"Image":"C:\\Windows\\explorer.exe","ProcessGuid":"{A23BB800-16DD-2026-18AB-E60C68C6DB77}","ProcessId":5039,"CommandLine":"C:\\Windows\\explorer.exe","ParentImage":"C:\\Windows\\System32\\services.exe","ParentProcessGuid":"{1CF0CBF1-294A-2026-84F9-B9D3C71A02D6}","OriginalFileName":"C:\\Windows\\explorer.exe","SHA256":"8985a48e0b8f2510ebdfb9a0357897fcc57f126a6cf13df5a7584f78e49b5951"}
{"UtcTime":"2026-08-12 10:14:35.000","Computer":"TN-FIN-WS042","User":"TRANSNORTE\\ops.cardoso","EventID":1,"Image":"C:\\Windows\\System32\\conhost.exe","ProcessGuid":"{123D2BF7-3727-2026-3291-0C4C3EDC8A13}","ProcessId":7782,"CommandLine":"C:\\Windows\\System32\\conhost.exe","ParentImage":"C:\\Windows\\System32\\services.exe","ParentProcessGuid":"{712937EB-EE67-2026-374B-1D13EE2778A9}","OriginalFileName":"C:\\Windows\\System32\\conhost.exe","SHA256":"61e6cf279310dcd79110de2f4dd405dd84eb4effa814f3197b0555098e651250"}
{"UtcTime":"2026-08-12 10:14:36.000","Computer":"TN-FIN-WS042","User":"TRANSNORTE\\backup_svc","EventID":1,"Image":"C:\\Windows\\System32\\svchost.exe","ProcessGuid":"{609FE0B7-DE0D-2026-6720-F4E2F587CEDD}","ProcessId":6592,"CommandLine":"C:\\Windows\\System32\\svchost.exe","ParentImage":"C:\\Windows\\System32\\services.exe","ParentProcessGuid":"{395B83FC-39DC-2026-4585-B79AD25F3AD6}","OriginalFileName":"C:\\Windows\\System32\\svchost.exe","SHA256":"e0e38d713a354c3997a8ad1cd72d1a7148d15464de7274848960d3fa6a8430b5"}
{"UtcTime":"2026-08-12 10:14:37.000","Computer":"TN-FIN-WS042","User":"TRANSNORTE\\backup_svc","EventID":1,"Image":"C:\\Windows\\System32\\conhost.exe","ProcessGuid":"{FEFAEC62-B7D2-2026-00F0-780EB429D81E}","ProcessId":2787,"CommandLine":"C:\\Windows\\System32\\conhost.exe","ParentImage":"C:\\Windows\\System32\\services.exe","ParentProcessGuid":"{F9DEB3D3-08AE-2026-AB04-2F5A48DC6595}","OriginalFileName":"C:\\Windows\\System32\\conhost.exe","SHA256":"221c2237ffb5ec1d06e55f220cd3794a617e3376e475270a2e9f6775137fdbb0"}
{"UtcTime":"2026-08-12 10:14:38.000","Computer":"TN-FIN-WS042","User":"TRANSNORTE\\ops.cardoso","EventID":3,"Image":"C:\\Windows\\explorer.exe","ProcessGuid":"{3AB446E8-40EC-2026-BE1F-BBA285DEEB5B}","ProcessId":8135,"DestinationIp":"10.50.10.88","DestinationPort":8080,"SourceIp":"10.50.10.42","Protocol":"tcp"}
{"UtcTime":"2026-08-12 10:14:39.000","Computer":"TN-FIN-WS042","User":"TRANSNORTE\\backup_svc","EventID":13,"Image":"C:\\Windows\\System32\\RuntimeBroker.exe","ProcessGuid":"{DE583B1E-C527-2026-EBDD-57169350DFB6}","ProcessId":1989,"EventType":"SetValue","TargetObject":"HKCU\\Software\\Microsoft\\Office\\16.0\\Outlook\\Resiliency\\2079","Details":"1"}
{"UtcTime":"2026-08-12 10:14:40.000","Computer":"TN-FIN-WS042","User":"TRANSNORTE\\backup_svc","EventID":11,"Image":"C:\\Windows\\System32\\conhost.exe","ProcessGuid":"{1D9CADF5-260D-2026-7ADF-EDC4DB5D0392}","ProcessId":1157,"TargetFilename":"C:\\Users\\ops.cardoso\\AppData\\Local\\Temp\\office-2080.tmp"}
{"UtcTime":"2026-08-12 10:14:41.000","Computer":"TN-FIN-WS042","User":"TRANSNORTE\\ops.cardoso","EventID":1,"Image":"C:\\Program Files\\Google\\Chrome\\Application\\chrome.exe","ProcessGuid":"{657132FE-2C2B-2026-2C90-5292CF30766E}","ProcessId":2038,"CommandLine":"C:\\Program Files\\Google\\Chrome\\Application\\chrome.exe","ParentImage":"C:\\Windows\\System32\\services.exe","ParentProcessGuid":"{C85698AB-49ED-2026-DEA2-479FB7ECADD9}","OriginalFileName":"C:\\Program Files\\Google\\Chrome\\Application\\chrome.exe","SHA256":"4f52ce6b0ccca0574c326defd51114aed3fa928e656eb6926133cb8eec0cb822"}
{"UtcTime":"2026-08-12 10:14:42.000","Computer":"TN-FIN-WS042","User":"TRANSNORTE\\ops.cardoso","EventID":1,"Image":"C:\\Program Files\\Microsoft Office\\Office16\\OUTLOOK.EXE","ProcessGuid":"{08182FE8-5CDB-2026-FEFD-A085B4F8F98E}","ProcessId":1852,"CommandLine":"C:\\Program Files\\Microsoft Office\\Office16\\OUTLOOK.EXE","ParentImage":"C:\\Windows\\System32\\services.exe","ParentProcessGuid":"{E2F8899D-B01A-2026-AB52-A75619364692}","OriginalFileName":"C:\\Program Files\\Microsoft Office\\Office16\\OUTLOOK.EXE","SHA256":"e4568c5ee49278cad32ca4272cc6d9a0038128f8941f922a45ae69444985ec27"}
{"UtcTime":"2026-08-12 10:14:43.000","Computer":"TN-FIN-WS042","User":"TRANSNORTE\\ops.cardoso","EventID":1,"Image":"C:\\Windows\\explorer.exe","ProcessGuid":"{3ACC615D-7107-2026-7EDA-1D8C0C9D2232}","ProcessId":7476,"CommandLine":"C:\\Windows\\explorer.exe","ParentImage":"C:\\Windows\\System32\\services.exe","ParentProcessGuid":"{26E3ABE2-AAC3-2026-68EF-5D559C202AE3}","OriginalFileName":"C:\\Windows\\explorer.exe","SHA256":"75b5a00019a71eaa1205b1dad64a217e1bfbfd84d45e8c103f75a74462722835"}
{"UtcTime":"2026-08-12 10:14:44.000","Computer":"TN-FIN-WS042","User":"TRANSNORTE\\backup_svc","EventID":1,"Image":"C:\\Windows\\explorer.exe","ProcessGuid":"{23D3FE43-4C2F-2026-93D6-7AA9ADB6EA56}","ProcessId":5518,"CommandLine":"C:\\Windows\\explorer.exe","ParentImage":"C:\\Windows\\System32\\services.exe","ParentProcessGuid":"{DB50A091-D8BB-2026-3223-75EC119CDE76}","OriginalFileName":"C:\\Windows\\explorer.exe","SHA256":"8519f6a3552d6ecc17a6e52b22be7b9df7f8d37d9a1311c73bec8b0b9c0a97c7"}
{"UtcTime":"2026-08-12 10:14:45.000","Computer":"TN-FIN-WS042","User":"TRANSNORTE\\ops.cardoso","EventID":1,"Image":"C:\\Windows\\System32\\conhost.exe","ProcessGuid":"{3E1EC809-7F1C-2026-2C21-027516E750B7}","ProcessId":5220,"CommandLine":"C:\\Windows\\System32\\conhost.exe","ParentImage":"C:\\Windows\\System32\\services.exe","ParentProcessGuid":"{30F4E1B4-04FB-2026-1721-6C4DD1D34B67}","OriginalFileName":"C:\\Windows\\System32\\conhost.exe","SHA256":"654f25188e7bfebb29fdf7012a21c2bf84a5187ac6638f2071236fe319d38db2"}
{"UtcTime":"2026-08-12 10:14:46.000","Computer":"TN-FIN-WS042","User":"TRANSNORTE\\ops.cardoso","EventID":5,"Image":"C:\\Windows\\System32\\svchost.exe","ProcessGuid":"{132E6FE7-BA89-2026-985D-7F19079E9A3D}","ProcessId":3923,"EventType":"End"}
{"UtcTime":"2026-08-12 10:14:47.000","Computer":"TN-FIN-WS042","User":"TRANSNORTE\\ops.cardoso","EventID":1,"Image":"C:\\Windows\\System32\\svchost.exe","ProcessGuid":"{B4567DFD-0316-2026-7E26-8EDCCD248944}","ProcessId":4716,"CommandLine":"C:\\Windows\\System32\\svchost.exe","ParentImage":"C:\\Windows\\System32\\services.exe","ParentProcessGuid":"{24C3AE94-B3FA-2026-9956-6F01628719DF}","OriginalFileName":"C:\\Windows\\System32\\svchost.exe","SHA256":"ae7c74b04b613104ad748b065ecad8e9ebb0cf4bd9d1e0c2bb80c4cfb86f79c2"}
{"UtcTime":"2026-08-12 10:14:48.000","Computer":"TN-FIN-WS042","User":"TRANSNORTE\\backup_svc","EventID":11,"Image":"C:\\Windows\\System32\\svchost.exe","ProcessGuid":"{2E98486F-0E9F-2026-94FD-78DBE90EC5ED}","ProcessId":670,"TargetFilename":"C:\\Users\\ops.cardoso\\AppData\\Local\\Temp\\office-2088.tmp"}
{"UtcTime":"2026-08-12 10:14:49.000","Computer":"TN-FIN-WS042","User":"TRANSNORTE\\backup_svc","EventID":13,"Image":"C:\\Windows\\System32\\conhost.exe","ProcessGuid":"{319ECE53-AC4A-2026-B4CA-5AA4710C3F2A}","ProcessId":8830,"EventType":"SetValue","TargetObject":"HKCU\\Software\\Microsoft\\Office\\16.0\\Outlook\\Resiliency\\2089","Details":"1"}
{"UtcTime":"2026-08-12 10:14:50.000","Computer":"TN-FIN-WS042","User":"TRANSNORTE\\backup_svc","EventID":5,"Image":"C:\\Program Files\\Microsoft Office\\Office16\\OUTLOOK.EXE","ProcessGuid":"{1FEE08F2-04B8-2026-30EE-FC6A611078A0}","ProcessId":5752,"EventType":"End"}
{"UtcTime":"2026-08-12 10:14:51.000","Computer":"TN-FIN-WS042","User":"TRANSNORTE\\ops.cardoso","EventID":3,"Image":"C:\\Windows\\System32\\conhost.exe","ProcessGuid":"{D2F0B2DA-2979-2026-170C-E3188DC73AB5}","ProcessId":651,"DestinationIp":"10.50.10.88","DestinationPort":135,"SourceIp":"10.50.10.42","Protocol":"tcp"}
{"UtcTime":"2026-08-12 10:14:52.000","Computer":"TN-FIN-WS042","User":"TRANSNORTE\\backup_svc","EventID":11,"Image":"C:\\Program Files\\Google\\Chrome\\Application\\chrome.exe","ProcessGuid":"{B19FD32A-B520-2026-B7C9-B4AD9F16C4B7}","ProcessId":508,"TargetFilename":"C:\\Users\\ops.cardoso\\AppData\\Local\\Temp\\office-2092.tmp"}
{"UtcTime":"2026-08-12 10:14:53.000","Computer":"TN-FIN-WS042","User":"TRANSNORTE\\backup_svc","EventID":3,"Image":"C:\\Windows\\System32\\svchost.exe","ProcessGuid":"{78208EC1-E67D-2026-2F98-EC33A9CD6B2B}","ProcessId":8372,"DestinationIp":"1.1.1.1","DestinationPort":443,"SourceIp":"10.50.10.42","Protocol":"tcp"}
{"UtcTime":"2026-08-12 10:14:54.000","Computer":"TN-FIN-WS042","User":"TRANSNORTE\\backup_svc","EventID":1,"Image":"C:\\Windows\\System32\\conhost.exe","ProcessGuid":"{E8464563-A897-2026-CC95-143EA4AD78D3}","ProcessId":8272,"CommandLine":"C:\\Windows\\System32\\conhost.exe","ParentImage":"C:\\Windows\\System32\\services.exe","ParentProcessGuid":"{98E07D6C-BB81-2026-4532-301C61A6482A}","OriginalFileName":"C:\\Windows\\System32\\conhost.exe","SHA256":"88561ab89773358bfa9807f1b761b7ee35108cdb79a90309184c703407390c38"}
{"UtcTime":"2026-08-12 10:14:55.000","Computer":"TN-FIN-WS042","User":"TRANSNORTE\\ops.cardoso","EventID":11,"Image":"C:\\Windows\\System32\\RuntimeBroker.exe","ProcessGuid":"{43A35BE7-5911-2026-A8C2-D689855298AE}","ProcessId":6151,"TargetFilename":"C:\\Users\\ops.cardoso\\AppData\\Local\\Temp\\office-2095.tmp"}
{"UtcTime":"2026-08-12 10:14:56.000","Computer":"TN-FIN-WS042","User":"TRANSNORTE\\backup_svc","EventID":1,"Image":"C:\\Windows\\explorer.exe","ProcessGuid":"{088C64A0-0288-2026-CFD1-4F151EF029A1}","ProcessId":7911,"CommandLine":"C:\\Windows\\explorer.exe","ParentImage":"C:\\Windows\\System32\\services.exe","ParentProcessGuid":"{388B549D-278D-2026-CA65-5785A694841F}","OriginalFileName":"C:\\Windows\\explorer.exe","SHA256":"d201e7102b8ad03ff6f50198aacec90b18cd015ae48cbbae11c2400a7326b274"}
{"UtcTime":"2026-08-12 10:14:57.000","Computer":"TN-FIN-WS042","User":"TRANSNORTE\\ops.cardoso","EventID":11,"Image":"C:\\Windows\\System32\\RuntimeBroker.exe","ProcessGuid":"{8467E954-CB7E-2026-E8CF-036E7FB562A0}","ProcessId":1267,"TargetFilename":"C:\\Users\\ops.cardoso\\AppData\\Local\\Temp\\office-2097.tmp"}
{"UtcTime":"2026-08-12 10:14:58.000","Computer":"TN-FIN-WS042","User":"TRANSNORTE\\backup_svc","EventID":1,"Image":"C:\\Windows\\explorer.exe","ProcessGuid":"{7EDD0FA3-5246-2026-E685-F6C86DE8B77B}","ProcessId":4447,"CommandLine":"C:\\Windows\\explorer.exe","ParentImage":"C:\\Windows\\System32\\services.exe","ParentProcessGuid":"{8A02BA13-6599-2026-0598-8D7D31E5064D}","OriginalFileName":"C:\\Windows\\explorer.exe","SHA256":"4f988f78e5e5ab90c45bc4c12a8ba6cba2ee0a855315fcb51cac9e8a589b71e9"}
{"UtcTime":"2026-08-12 10:14:59.000","Computer":"TN-FIN-WS042","User":"TRANSNORTE\\ops.cardoso","EventID":13,"Image":"C:\\Windows\\System32\\RuntimeBroker.exe","ProcessGuid":"{9D7D026D-3E74-2026-654D-2550C03782A6}","ProcessId":3507,"EventType":"SetValue","TargetObject":"HKCU\\Software\\Microsoft\\Office\\16.0\\Outlook\\Resiliency\\2099","Details":"1"}
{"UtcTime":"2026-08-12 10:15:00.000","Computer":"TN-FIN-WS042","User":"TRANSNORTE\\ops.cardoso","EventID":11,"Image":"C:\\Program Files\\Google\\Chrome\\Application\\chrome.exe","ProcessGuid":"{95F902EB-C7D3-2026-9EAE-5F879D77787A}","ProcessId":2187,"TargetFilename":"C:\\Users\\ops.cardoso\\AppData\\Local\\Temp\\office-2100.tmp"}
{"UtcTime":"2026-08-12 10:15:01.000","Computer":"TN-FIN-WS042","User":"TRANSNORTE\\backup_svc","EventID":1,"Image":"C:\\Windows\\System32\\RuntimeBroker.exe","ProcessGuid":"{ABE5D391-24EB-2026-D633-62CE328521A3}","ProcessId":8574,"CommandLine":"C:\\Windows\\System32\\RuntimeBroker.exe","ParentImage":"C:\\Windows\\System32\\services.exe","ParentProcessGuid":"{A63AC35C-1E62-2026-0A1D-8C45A51EAA85}","OriginalFileName":"C:\\Windows\\System32\\RuntimeBroker.exe","SHA256":"d86f6de1dd835009db2ffb4293d8278cfab549e93933d4b15fa052f63d0596d4"}
{"UtcTime":"2026-08-12 10:15:02.000","Computer":"TN-FIN-WS042","User":"TRANSNORTE\\ops.cardoso","EventID":11,"Image":"C:\\Program Files\\Google\\Chrome\\Application\\chrome.exe","ProcessGuid":"{73C56121-3325-2026-65DB-33B0FF2A559E}","ProcessId":2572,"TargetFilename":"C:\\Users\\ops.cardoso\\AppData\\Local\\Temp\\office-2102.tmp"}
{"UtcTime":"2026-08-12 10:15:03.000","Computer":"TN-FIN-WS042","User":"TRANSNORTE\\backup_svc","EventID":3,"Image":"C:\\Program Files\\Google\\Chrome\\Application\\chrome.exe","ProcessGuid":"{12A8878F-32AD-2026-4D99-401FB6A523B5}","ProcessId":7917,"DestinationIp":"8.8.8.8","DestinationPort":8080,"SourceIp":"10.50.10.42","Protocol":"tcp"}
{"UtcTime":"2026-08-12 10:15:04.000","Computer":"TN-FIN-WS042","User":"TRANSNORTE\\backup_svc","EventID":5,"Image":"C:\\Program Files\\Microsoft Office\\Office16\\OUTLOOK.EXE","ProcessGuid":"{4B89B9A3-8B48-2026-F944-E6AA687C4800}","ProcessId":8558,"EventType":"End"}
{"UtcTime":"2026-08-12 10:15:05.000","Computer":"TN-FIN-WS042","User":"TRANSNORTE\\ops.cardoso","EventID":1,"Image":"C:\\Windows\\explorer.exe","ProcessGuid":"{B0E26A13-B779-2026-2D9F-8AFCA14CF67E}","ProcessId":6445,"CommandLine":"C:\\Windows\\explorer.exe","ParentImage":"C:\\Windows\\System32\\services.exe","ParentProcessGuid":"{59A39D41-80F5-2026-17FA-FEDC5D024C26}","OriginalFileName":"C:\\Windows\\explorer.exe","SHA256":"b0c6856d69087dcaaf9a006df6bd7b0bd0ba4f26a99ecb76bcbfdf0c74cf17c4"}
{"UtcTime":"2026-08-12 10:15:06.000","Computer":"TN-FIN-WS042","User":"TRANSNORTE\\backup_svc","EventID":5,"Image":"C:\\Program Files\\Google\\Chrome\\Application\\chrome.exe","ProcessGuid":"{0C6FE55F-9B7C-2026-7C73-1C995D6B347C}","ProcessId":3521,"EventType":"End"}
{"UtcTime":"2026-08-12 10:15:07.000","Computer":"TN-FIN-WS042","User":"TRANSNORTE\\backup_svc","EventID":1,"Image":"C:\\Windows\\System32\\conhost.exe","ProcessGuid":"{B5F1F82F-5553-2026-2A06-7827E9E07B3B}","ProcessId":1396,"CommandLine":"C:\\Windows\\System32\\conhost.exe","ParentImage":"C:\\Windows\\System32\\services.exe","ParentProcessGuid":"{ED61AEF6-E01D-2026-4DFD-E68F417146EA}","OriginalFileName":"C:\\Windows\\System32\\conhost.exe","SHA256":"bf05cf7e9bdab4b4d4124d835191644d302edf3494d31630fcc9813d527dc93e"}
{"UtcTime":"2026-08-12 10:15:08.000","Computer":"TN-FIN-WS042","User":"TRANSNORTE\\ops.cardoso","EventID":5,"Image":"C:\\Windows\\System32\\svchost.exe","ProcessGuid":"{F77D3C3A-687C-2026-3AEE-7AC442DF9F5B}","ProcessId":5697,"EventType":"End"}
{"UtcTime":"2026-08-12 10:15:09.000","Computer":"TN-FIN-WS042","User":"TRANSNORTE\\backup_svc","EventID":5,"Image":"C:\\Windows\\System32\\RuntimeBroker.exe","ProcessGuid":"{16961F40-0D23-2026-5D7F-BC1C15D81329}","ProcessId":2472,"EventType":"End"}
{"UtcTime":"2026-08-12 10:15:10.000","Computer":"TN-FIN-WS042","User":"TRANSNORTE\\backup_svc","EventID":13,"Image":"C:\\Program Files\\Microsoft Office\\Office16\\OUTLOOK.EXE","ProcessGuid":"{D03D087A-CBA4-2026-5E83-500CBB3E6418}","ProcessId":1834,"EventType":"SetValue","TargetObject":"HKCU\\Software\\Microsoft\\Office\\16.0\\Outlook\\Resiliency\\2110","Details":"1"}
{"UtcTime":"2026-08-12 10:15:11.000","Computer":"TN-FIN-WS042","User":"TRANSNORTE\\backup_svc","EventID":5,"Image":"C:\\Windows\\System32\\RuntimeBroker.exe","ProcessGuid":"{C195FFA3-04A6-2026-E343-866AD64C800A}","ProcessId":823,"EventType":"End"}
{"UtcTime":"2026-08-12 10:15:12.000","Computer":"TN-FIN-WS042","User":"TRANSNORTE\\ops.cardoso","EventID":13,"Image":"C:\\Windows\\System32\\conhost.exe","ProcessGuid":"{DE866CB2-9AF9-2026-D7E1-641909C3CF29}","ProcessId":8448,"EventType":"SetValue","TargetObject":"HKCU\\Software\\Microsoft\\Office\\16.0\\Outlook\\Resiliency\\2112","Details":"1"}
{"UtcTime":"2026-08-12 10:15:13.000","Computer":"TN-FIN-WS042","User":"TRANSNORTE\\backup_svc","EventID":1,"Image":"C:\\Windows\\System32\\conhost.exe","ProcessGuid":"{7DCBCC17-1D0C-2026-A9D9-B390BD2E7F04}","ProcessId":1850,"CommandLine":"C:\\Windows\\System32\\conhost.exe","ParentImage":"C:\\Windows\\System32\\services.exe","ParentProcessGuid":"{76610185-7A7C-2026-525B-FB57AC597056}","OriginalFileName":"C:\\Windows\\System32\\conhost.exe","SHA256":"306b2cd1ed18536b167be70b6a6978b905a9d1b3670584300ef1d52472f427d6"}
{"UtcTime":"2026-08-12 10:15:14.000","Computer":"TN-FIN-WS042","User":"TRANSNORTE\\ops.cardoso","EventID":3,"Image":"C:\\Windows\\System32\\RuntimeBroker.exe","ProcessGuid":"{D3404E4D-486C-2026-4BD4-AB9F4F0C1D0A}","ProcessId":8244,"DestinationIp":"1.1.1.1","DestinationPort":135,"SourceIp":"10.50.10.42","Protocol":"tcp"}
{"UtcTime":"2026-08-12 10:15:15.000","Computer":"TN-FIN-WS042","User":"TRANSNORTE\\backup_svc","EventID":1,"Image":"C:\\Windows\\System32\\RuntimeBroker.exe","ProcessGuid":"{6851CE35-9C7E-2026-B886-836FA7FF93E5}","ProcessId":7234,"CommandLine":"C:\\Windows\\System32\\RuntimeBroker.exe","ParentImage":"C:\\Windows\\System32\\services.exe","ParentProcessGuid":"{E13735F4-452F-2026-6598-3C867E0544CE}","OriginalFileName":"C:\\Windows\\System32\\RuntimeBroker.exe","SHA256":"57cf977ea21a3ccd0aa57370fc663ac3ca0a2a159a5cd8896ff996263fba6b45"}
{"UtcTime":"2026-08-12 10:15:16.000","Computer":"TN-FIN-WS042","User":"TRANSNORTE\\ops.cardoso","EventID":1,"Image":"C:\\Windows\\explorer.exe","ProcessGuid":"{56552EEA-9440-2026-88EE-80F2C2941BEE}","ProcessId":4157,"CommandLine":"C:\\Windows\\explorer.exe","ParentImage":"C:\\Windows\\System32\\services.exe","ParentProcessGuid":"{06395659-015E-2026-A549-C4AD225B90F9}","OriginalFileName":"C:\\Windows\\explorer.exe","SHA256":"ab4eef73f929f2f658b436ccb1473e1c681c2e6d9aaa0d0ea0a208ac3154b1dc"}
{"UtcTime":"2026-08-12 10:15:17.000","Computer":"TN-FIN-WS042","User":"TRANSNORTE\\ops.cardoso","EventID":1,"Image":"C:\\Program Files\\Microsoft Office\\Office16\\OUTLOOK.EXE","ProcessGuid":"{FC4FC618-32B0-2026-AB55-2E804AA9250F}","ProcessId":3138,"CommandLine":"C:\\Program Files\\Microsoft Office\\Office16\\OUTLOOK.EXE","ParentImage":"C:\\Windows\\System32\\services.exe","ParentProcessGuid":"{CB937506-1FB2-2026-4EE4-5873DD39FE04}","OriginalFileName":"C:\\Program Files\\Microsoft Office\\Office16\\OUTLOOK.EXE","SHA256":"a67014a8016521e059edfdbd2a21e0766c7843d45c0ad00ea496c8e123ac4654"}
{"UtcTime":"2026-08-12 10:15:18.000","Computer":"TN-FIN-WS042","User":"TRANSNORTE\\backup_svc","EventID":1,"Image":"C:\\Program Files\\Microsoft Office\\Office16\\OUTLOOK.EXE","ProcessGuid":"{40AACF68-8BCC-2026-B0E2-956AD50A1986}","ProcessId":3817,"CommandLine":"C:\\Program Files\\Microsoft Office\\Office16\\OUTLOOK.EXE","ParentImage":"C:\\Windows\\System32\\services.exe","ParentProcessGuid":"{EDA6A2EB-D965-2026-15A9-4DF9E51ED937}","OriginalFileName":"C:\\Program Files\\Microsoft Office\\Office16\\OUTLOOK.EXE","SHA256":"0fd8fcce550d0cd8b2e290cd918271daddbe9a33d6d0cbdf256c87e9395c65b2"}
{"UtcTime":"2026-08-12 10:15:19.000","Computer":"TN-FIN-WS042","User":"TRANSNORTE\\backup_svc","EventID":1,"Image":"C:\\Windows\\explorer.exe","ProcessGuid":"{3F5F0F7C-6002-2026-D762-652F21512E47}","ProcessId":1741,"CommandLine":"C:\\Windows\\explorer.exe","ParentImage":"C:\\Windows\\System32\\services.exe","ParentProcessGuid":"{05171431-4E30-2026-9A8C-6F5D5A159049}","OriginalFileName":"C:\\Windows\\explorer.exe","SHA256":"7644da5885eff2982aecef61b27ff25c8d50428a816fe3658ba8f33a6ddea78f"}
{"UtcTime":"2026-08-12 10:15:20.000","Computer":"TN-FIN-WS042","User":"TRANSNORTE\\backup_svc","EventID":11,"Image":"C:\\Windows\\explorer.exe","ProcessGuid":"{865CEAAA-58AF-2026-25C9-67C6F36A5AB3}","ProcessId":1014,"TargetFilename":"C:\\Users\\ops.cardoso\\AppData\\Local\\Temp\\office-2120.tmp"}
{"UtcTime":"2026-08-12 10:15:21.000","Computer":"TN-FIN-WS042","User":"TRANSNORTE\\backup_svc","EventID":1,"Image":"C:\\Windows\\explorer.exe","ProcessGuid":"{1FEEEC5B-CCB3-2026-BB37-8609AB4CC917}","ProcessId":505,"CommandLine":"C:\\Windows\\explorer.exe","ParentImage":"C:\\Windows\\System32\\services.exe","ParentProcessGuid":"{3FFD407B-B3C6-2026-E6F9-E028067EAD46}","OriginalFileName":"C:\\Windows\\explorer.exe","SHA256":"16fb5906fb5c7cd437c18f9c02eb81f83f2a81ea435b6bef7324dabd1d462985"}
{"UtcTime":"2026-08-12 10:15:22.000","Computer":"TN-FIN-WS042","User":"TRANSNORTE\\backup_svc","EventID":1,"Image":"C:\\Program Files\\Google\\Chrome\\Application\\chrome.exe","ProcessGuid":"{CEE70732-3272-2026-EFD5-C8C0A66992A5}","ProcessId":1729,"CommandLine":"C:\\Program Files\\Google\\Chrome\\Application\\chrome.exe","ParentImage":"C:\\Windows\\System32\\services.exe","ParentProcessGuid":"{D4532D32-CA43-2026-F6F2-5D0054B7E2D2}","OriginalFileName":"C:\\Program Files\\Google\\Chrome\\Application\\chrome.exe","SHA256":"15f912bf817da813678569bf95bc84d0cd86dabd273e56e61ad84407478cb7cf"}
{"UtcTime":"2026-08-12 10:15:23.000","Computer":"TN-FIN-WS042","User":"TRANSNORTE\\ops.cardoso","EventID":13,"Image":"C:\\Program Files\\Microsoft Office\\Office16\\OUTLOOK.EXE","ProcessGuid":"{505CBD0E-033F-2026-63ED-76396BB45009}","ProcessId":4364,"EventType":"SetValue","TargetObject":"HKCU\\Software\\Microsoft\\Office\\16.0\\Outlook\\Resiliency\\2123","Details":"1"}
{"UtcTime":"2026-08-12 10:15:24.000","Computer":"TN-FIN-WS042","User":"TRANSNORTE\\ops.cardoso","EventID":3,"Image":"C:\\Windows\\System32\\conhost.exe","ProcessGuid":"{3F45F8D0-9BD4-2026-66A0-99CDCC36915A}","ProcessId":6780,"DestinationIp":"10.50.10.88","DestinationPort":8080,"SourceIp":"10.50.10.42","Protocol":"tcp"}
{"UtcTime":"2026-08-12 10:15:25.000","Computer":"TN-FIN-WS042","User":"TRANSNORTE\\ops.cardoso","EventID":3,"Image":"C:\\Windows\\System32\\RuntimeBroker.exe","ProcessGuid":"{DF50BFD8-DE5C-2026-9026-A21A2EF47935}","ProcessId":5544,"DestinationIp":"8.8.8.8","DestinationPort":135,"SourceIp":"10.50.10.42","Protocol":"tcp"}
{"UtcTime":"2026-08-12 10:15:26.000","Computer":"TN-FIN-WS042","User":"TRANSNORTE\\ops.cardoso","EventID":5,"Image":"C:\\Program Files\\Google\\Chrome\\Application\\chrome.exe","ProcessGuid":"{B05FFC7C-37B5-2026-7FC0-7DBDE8FE9EE7}","ProcessId":6096,"EventType":"End"}
{"UtcTime":"2026-08-12 10:15:27.000","Computer":"TN-FIN-WS042","User":"TRANSNORTE\\backup_svc","EventID":1,"Image":"C:\\Program Files\\Google\\Chrome\\Application\\chrome.exe","ProcessGuid":"{A1F88654-88ED-2026-2E76-88611E92CB47}","ProcessId":5818,"CommandLine":"C:\\Program Files\\Google\\Chrome\\Application\\chrome.exe","ParentImage":"C:\\Windows\\System32\\services.exe","ParentProcessGuid":"{63D6D7EA-2568-2026-5D4D-02D1F98B7CAE}","OriginalFileName":"C:\\Program Files\\Google\\Chrome\\Application\\chrome.exe","SHA256":"17c18d41d13984775defc7182b39047edcab43d77d7466faa497670c956fb8e0"}
{"UtcTime":"2026-08-12 10:15:28.000","Computer":"TN-FIN-WS042","User":"TRANSNORTE\\backup_svc","EventID":11,"Image":"C:\\Program Files\\Microsoft Office\\Office16\\OUTLOOK.EXE","ProcessGuid":"{4A0BDFA4-5877-2026-1A0E-BE731AEF9358}","ProcessId":6122,"TargetFilename":"C:\\Users\\ops.cardoso\\AppData\\Local\\Temp\\office-2128.tmp"}
{"UtcTime":"2026-08-12 10:15:29.000","Computer":"TN-FIN-WS042","User":"TRANSNORTE\\ops.cardoso","EventID":1,"Image":"C:\\Program Files\\Google\\Chrome\\Application\\chrome.exe","ProcessGuid":"{B92A503B-F761-2026-F631-1D73FCE8CD80}","ProcessId":1503,"CommandLine":"C:\\Program Files\\Google\\Chrome\\Application\\chrome.exe","ParentImage":"C:\\Windows\\System32\\services.exe","ParentProcessGuid":"{CC3CA399-F9D7-2026-4B28-B1235A27A785}","OriginalFileName":"C:\\Program Files\\Google\\Chrome\\Application\\chrome.exe","SHA256":"a2adfdbafd7cb34765fd8aa736cfc1e7f99474aff493715f3fba379527d04a89"}
{"UtcTime":"2026-08-12 10:15:30.000","Computer":"TN-FIN-WS042","User":"TRANSNORTE\\backup_svc","EventID":1,"Image":"C:\\Program Files\\Google\\Chrome\\Application\\chrome.exe","ProcessGuid":"{3E79C4D5-3820-2026-CCDD-03822112786F}","ProcessId":7276,"CommandLine":"C:\\Program Files\\Google\\Chrome\\Application\\chrome.exe","ParentImage":"C:\\Windows\\System32\\services.exe","ParentProcessGuid":"{2D8696AE-A22C-2026-DAA0-0140AB930C22}","OriginalFileName":"C:\\Program Files\\Google\\Chrome\\Application\\chrome.exe","SHA256":"93a6c4c7b75a8e3d3f423d0f7304c1e46ac10658964e4c2abe83fa342f0c662b"}
{"UtcTime":"2026-08-12 10:15:31.000","Computer":"TN-FIN-WS042","User":"TRANSNORTE\\ops.cardoso","EventID":1,"Image":"C:\\Windows\\explorer.exe","ProcessGuid":"{2EB4C6C1-C2E2-2026-3CD7-6AA1E24B486E}","ProcessId":3589,"CommandLine":"C:\\Windows\\explorer.exe","ParentImage":"C:\\Windows\\System32\\services.exe","ParentProcessGuid":"{2912503D-DFC0-2026-F1E9-77187FCDC4DB}","OriginalFileName":"C:\\Windows\\explorer.exe","SHA256":"34ec862e9c289da3aca187882f037b17dddca48c908d2366435ec743be4966cf"}
{"UtcTime":"2026-08-12 10:15:32.000","Computer":"TN-FIN-WS042","User":"TRANSNORTE\\ops.cardoso","EventID":1,"Image":"C:\\Windows\\System32\\RuntimeBroker.exe","ProcessGuid":"{15B94F24-27D4-2026-AD31-4B06A715F5C7}","ProcessId":4455,"CommandLine":"C:\\Windows\\System32\\RuntimeBroker.exe","ParentImage":"C:\\Windows\\System32\\services.exe","ParentProcessGuid":"{B7115ADA-BA43-2026-5B25-067BAFD78478}","OriginalFileName":"C:\\Windows\\System32\\RuntimeBroker.exe","SHA256":"67167e6efa47643589b57c9220b3e17ba9691845cdefb0f90e08c1a08b3972a7"}
{"UtcTime":"2026-08-12 10:15:33.000","Computer":"TN-FIN-WS042","User":"TRANSNORTE\\backup_svc","EventID":11,"Image":"C:\\Windows\\explorer.exe","ProcessGuid":"{13329348-3276-2026-38A1-8B2BEA8BA102}","ProcessId":3219,"TargetFilename":"C:\\Users\\ops.cardoso\\AppData\\Local\\Temp\\office-2133.tmp"}
{"UtcTime":"2026-08-12 10:15:34.000","Computer":"TN-FIN-WS042","User":"TRANSNORTE\\ops.cardoso","EventID":5,"Image":"C:\\Windows\\System32\\RuntimeBroker.exe","ProcessGuid":"{2835F5E0-0436-2026-F87D-782DF36765BF}","ProcessId":4261,"EventType":"End"}
{"UtcTime":"2026-08-12 10:15:35.000","Computer":"TN-FIN-WS042","User":"TRANSNORTE\\backup_svc","EventID":1,"Image":"C:\\Windows\\System32\\conhost.exe","ProcessGuid":"{2511C5B1-6F6E-2026-7075-6E07AA41280D}","ProcessId":8816,"CommandLine":"C:\\Windows\\System32\\conhost.exe","ParentImage":"C:\\Windows\\System32\\services.exe","ParentProcessGuid":"{A5F5946C-4AE1-2026-6388-068414EBC076}","OriginalFileName":"C:\\Windows\\System32\\conhost.exe","SHA256":"07f3bccb2f45776d452ead8ad1160a1978ecbe76d2a2cd565673dbf4ad320392"}
{"UtcTime":"2026-08-12 10:15:36.000","Computer":"TN-FIN-WS042","User":"TRANSNORTE\\backup_svc","EventID":1,"Image":"C:\\Windows\\System32\\RuntimeBroker.exe","ProcessGuid":"{DE2E6226-BDF5-2026-FC7F-0B77BBDECC7C}","ProcessId":599,"CommandLine":"C:\\Windows\\System32\\RuntimeBroker.exe","ParentImage":"C:\\Windows\\System32\\services.exe","ParentProcessGuid":"{B8C6FD0C-D454-2026-85B5-43682E05E96C}","OriginalFileName":"C:\\Windows\\System32\\RuntimeBroker.exe","SHA256":"df2293172f1f31dafbd3f353f9a13fa8ff88f58d24f7300c88b9451084b406c8"}
{"UtcTime":"2026-08-12 10:15:37.000","Computer":"TN-FIN-WS042","User":"TRANSNORTE\\backup_svc","EventID":1,"Image":"C:\\Program Files\\Google\\Chrome\\Application\\chrome.exe","ProcessGuid":"{42344A72-0855-2026-0E73-E5ECD1DA84BE}","ProcessId":3213,"CommandLine":"C:\\Program Files\\Google\\Chrome\\Application\\chrome.exe","ParentImage":"C:\\Windows\\System32\\services.exe","ParentProcessGuid":"{217354C1-EE7A-2026-9B07-FF1FF9D3F2F0}","OriginalFileName":"C:\\Program Files\\Google\\Chrome\\Application\\chrome.exe","SHA256":"3b4255a7dd3171e1b6cd4fe7432fb29162e48564b0a97f8a8b68b66dd9822200"}
{"UtcTime":"2026-08-12 10:15:38.000","Computer":"TN-FIN-WS042","User":"TRANSNORTE\\backup_svc","EventID":1,"Image":"C:\\Windows\\System32\\svchost.exe","ProcessGuid":"{EA1B9932-44C1-2026-0DFA-98D0A417204E}","ProcessId":2861,"CommandLine":"C:\\Windows\\System32\\svchost.exe","ParentImage":"C:\\Windows\\System32\\services.exe","ParentProcessGuid":"{235E1861-7D7D-2026-564C-1DC1AA0C2CEC}","OriginalFileName":"C:\\Windows\\System32\\svchost.exe","SHA256":"bb1c5ac39fa7f139da1e61f49ca181ffc2b2971d0780e25b97938740e0d77315"}
{"UtcTime":"2026-08-12 10:15:39.000","Computer":"TN-FIN-WS042","User":"TRANSNORTE\\backup_svc","EventID":1,"Image":"C:\\Windows\\System32\\RuntimeBroker.exe","ProcessGuid":"{D19B4EDF-E2E4-2026-975F-90862C559A5E}","ProcessId":1304,"CommandLine":"C:\\Windows\\System32\\RuntimeBroker.exe","ParentImage":"C:\\Windows\\System32\\services.exe","ParentProcessGuid":"{7A89EE6B-A15E-2026-6DC9-2D727E77A05D}","OriginalFileName":"C:\\Windows\\System32\\RuntimeBroker.exe","SHA256":"09e49eb2fc4e9d7eb264981ce393015e98b852953c45bd2b68731e2ac0cae21c"}
{"UtcTime":"2026-08-12 10:15:40.000","Computer":"TN-FIN-WS042","User":"TRANSNORTE\\backup_svc","EventID":1,"Image":"C:\\Program Files\\Google\\Chrome\\Application\\chrome.exe","ProcessGuid":"{958E6AF5-DE40-2026-07CB-361FFCB91DFB}","ProcessId":2789,"CommandLine":"C:\\Program Files\\Google\\Chrome\\Application\\chrome.exe","ParentImage":"C:\\Windows\\System32\\services.exe","ParentProcessGuid":"{5B13C6A9-7FA4-2026-EB82-56D17214D3D9}","OriginalFileName":"C:\\Program Files\\Google\\Chrome\\Application\\chrome.exe","SHA256":"99ce18c5f2f0e94cf9dc7c29d499a2def2bd7df79add532951f6315f044bb274"}
{"UtcTime":"2026-08-12 10:15:41.000","Computer":"TN-FIN-WS042","User":"TRANSNORTE\\backup_svc","EventID":11,"Image":"C:\\Program Files\\Microsoft Office\\Office16\\OUTLOOK.EXE","ProcessGuid":"{A7701469-3589-2026-D23A-6A6E5532D760}","ProcessId":1322,"TargetFilename":"C:\\Users\\ops.cardoso\\AppData\\Local\\Temp\\office-2141.tmp"}
{"UtcTime":"2026-08-12 10:15:42.000","Computer":"TN-FIN-WS042","User":"TRANSNORTE\\backup_svc","EventID":13,"Image":"C:\\Program Files\\Google\\Chrome\\Application\\chrome.exe","ProcessGuid":"{C0C02361-3912-2026-0A74-2703AD9DCFF0}","ProcessId":5129,"EventType":"SetValue","TargetObject":"HKCU\\Software\\Microsoft\\Office\\16.0\\Outlook\\Resiliency\\2142","Details":"1"}
{"UtcTime":"2026-08-12 10:15:43.000","Computer":"TN-FIN-WS042","User":"TRANSNORTE\\ops.cardoso","EventID":11,"Image":"C:\\Windows\\System32\\RuntimeBroker.exe","ProcessGuid":"{13A9B690-A0A8-2026-3B51-9F01B9C51160}","ProcessId":5328,"TargetFilename":"C:\\Users\\ops.cardoso\\AppData\\Local\\Temp\\office-2143.tmp"}
{"UtcTime":"2026-08-12 10:15:44.000","Computer":"TN-FIN-WS042","User":"TRANSNORTE\\backup_svc","EventID":1,"Image":"C:\\Windows\\explorer.exe","ProcessGuid":"{ACD0F881-51E0-2026-1D11-8DA395F4F20D}","ProcessId":4994,"CommandLine":"C:\\Windows\\explorer.exe","ParentImage":"C:\\Windows\\System32\\services.exe","ParentProcessGuid":"{3AB653C9-C395-2026-07A5-1E08768CBD07}","OriginalFileName":"C:\\Windows\\explorer.exe","SHA256":"6e9cd75a22169a427cd8007b6d59ebcf1d011006660ccd09a914c6fa6905f88a"}
{"UtcTime":"2026-08-12 10:15:45.000","Computer":"TN-FIN-WS042","User":"TRANSNORTE\\backup_svc","EventID":13,"Image":"C:\\Windows\\explorer.exe","ProcessGuid":"{6284D6C2-0072-2026-339B-E987BF507463}","ProcessId":506,"EventType":"SetValue","TargetObject":"HKCU\\Software\\Microsoft\\Office\\16.0\\Outlook\\Resiliency\\2145","Details":"1"}
{"UtcTime":"2026-08-12 10:15:46.000","Computer":"TN-FIN-WS042","User":"TRANSNORTE\\backup_svc","EventID":1,"Image":"C:\\Windows\\System32\\svchost.exe","ProcessGuid":"{D9241BCE-17B3-2026-F330-E7C10C75A770}","ProcessId":4626,"CommandLine":"C:\\Windows\\System32\\svchost.exe","ParentImage":"C:\\Windows\\System32\\services.exe","ParentProcessGuid":"{E0D6A651-F492-2026-1214-C5EC9196C1D2}","OriginalFileName":"C:\\Windows\\System32\\svchost.exe","SHA256":"f78d01f7080588518b1a5487f554b7ddbd6f8febcd74a31aa586ebb57086a8cb"}
{"UtcTime":"2026-08-12 10:15:47.000","Computer":"TN-FIN-WS042","User":"TRANSNORTE\\backup_svc","EventID":13,"Image":"C:\\Windows\\System32\\RuntimeBroker.exe","ProcessGuid":"{6A9106CC-5B8C-2026-A682-5B8B1DCF0F43}","ProcessId":5487,"EventType":"SetValue","TargetObject":"HKCU\\Software\\Microsoft\\Office\\16.0\\Outlook\\Resiliency\\2147","Details":"1"}
{"UtcTime":"2026-08-12 10:15:48.000","Computer":"TN-FIN-WS042","User":"TRANSNORTE\\backup_svc","EventID":1,"Image":"C:\\Windows\\System32\\RuntimeBroker.exe","ProcessGuid":"{FA4B3D3A-8C37-2026-D19C-A8DC6B91A0AD}","ProcessId":424,"CommandLine":"C:\\Windows\\System32\\RuntimeBroker.exe","ParentImage":"C:\\Windows\\System32\\services.exe","ParentProcessGuid":"{F74BE5DE-DC57-2026-B8A2-65595E2CADCA}","OriginalFileName":"C:\\Windows\\System32\\RuntimeBroker.exe","SHA256":"8808a442b668651f0872413e4fd1bfe29009913dab13e48cb7e0b271192dcf69"}
{"UtcTime":"2026-08-12 10:15:49.000","Computer":"TN-FIN-WS042","User":"TRANSNORTE\\ops.cardoso","EventID":1,"Image":"C:\\Windows\\explorer.exe","ProcessGuid":"{D80F217D-A70A-2026-BD89-4C377A40CE7A}","ProcessId":1691,"CommandLine":"C:\\Windows\\explorer.exe","ParentImage":"C:\\Windows\\System32\\services.exe","ParentProcessGuid":"{C6F445AD-E382-2026-4C17-9A71D92F4396}","OriginalFileName":"C:\\Windows\\explorer.exe","SHA256":"aa685e5ee382d508fc4d15ba77e6e49fdbd055d4b6fadb68a8f761939987bee9"}
{"UtcTime":"2026-08-12 10:15:50.000","Computer":"TN-FIN-WS042","User":"TRANSNORTE\\ops.cardoso","EventID":1,"Image":"C:\\Windows\\System32\\conhost.exe","ProcessGuid":"{7269081D-9744-2026-45A4-0A93EE3C354D}","ProcessId":2512,"CommandLine":"C:\\Windows\\System32\\conhost.exe","ParentImage":"C:\\Windows\\System32\\services.exe","ParentProcessGuid":"{2591E9D8-6551-2026-3E13-7CDD69D22BBF}","OriginalFileName":"C:\\Windows\\System32\\conhost.exe","SHA256":"de45ce5a996d31de6285dc0ca6974f2c2aef4182982b3ea3940764f694de6d9d"}
{"UtcTime":"2026-08-12 10:15:51.000","Computer":"TN-FIN-WS042","User":"TRANSNORTE\\ops.cardoso","EventID":5,"Image":"C:\\Windows\\System32\\RuntimeBroker.exe","ProcessGuid":"{73DE59E3-2414-2026-F1EF-C8EA56E5CE92}","ProcessId":914,"EventType":"End"}
{"UtcTime":"2026-08-12 10:15:52.000","Computer":"TN-FIN-WS042","User":"TRANSNORTE\\backup_svc","EventID":3,"Image":"C:\\Windows\\System32\\svchost.exe","ProcessGuid":"{BAC209E9-E4D3-2026-388A-7F7D8E7A3AB7}","ProcessId":2133,"DestinationIp":"8.8.8.8","DestinationPort":443,"SourceIp":"10.50.10.42","Protocol":"tcp"}
{"UtcTime":"2026-08-12 10:15:53.000","Computer":"TN-FIN-WS042","User":"TRANSNORTE\\backup_svc","EventID":1,"Image":"C:\\Windows\\System32\\conhost.exe","ProcessGuid":"{048C5948-6D95-2026-E674-28A3160FB554}","ProcessId":7749,"CommandLine":"C:\\Windows\\System32\\conhost.exe","ParentImage":"C:\\Windows\\System32\\services.exe","ParentProcessGuid":"{DFDB9B95-B2F7-2026-F39E-181D6235E41D}","OriginalFileName":"C:\\Windows\\System32\\conhost.exe","SHA256":"f22e6167dd291cd45b29302a12be36f47747a66a85322159eae9326693c09380"}
{"UtcTime":"2026-08-12 10:15:54.000","Computer":"TN-FIN-WS042","User":"TRANSNORTE\\backup_svc","EventID":3,"Image":"C:\\Windows\\System32\\svchost.exe","ProcessGuid":"{9BF1F54C-E4E1-2026-117D-06028614FE1D}","ProcessId":1377,"DestinationIp":"8.8.8.8","DestinationPort":53,"SourceIp":"10.50.10.42","Protocol":"tcp"}
{"UtcTime":"2026-08-12 10:15:55.000","Computer":"TN-FIN-WS042","User":"TRANSNORTE\\backup_svc","EventID":5,"Image":"C:\\Windows\\explorer.exe","ProcessGuid":"{8DDE21BB-5B08-2026-40C1-59153B1250B5}","ProcessId":5066,"EventType":"End"}
{"UtcTime":"2026-08-12 10:15:56.000","Computer":"TN-FIN-WS042","User":"TRANSNORTE\\ops.cardoso","EventID":5,"Image":"C:\\Windows\\System32\\RuntimeBroker.exe","ProcessGuid":"{4F0797D5-CB1A-2026-8E2D-5AEBB00C9DDD}","ProcessId":1990,"EventType":"End"}
{"UtcTime":"2026-08-12 10:15:57.000","Computer":"TN-FIN-WS042","User":"TRANSNORTE\\backup_svc","EventID":1,"Image":"C:\\Program Files\\Google\\Chrome\\Application\\chrome.exe","ProcessGuid":"{3745BC8D-FBDA-2026-BDFA-36A236FBFE5E}","ProcessId":4652,"CommandLine":"C:\\Program Files\\Google\\Chrome\\Application\\chrome.exe","ParentImage":"C:\\Windows\\System32\\services.exe","ParentProcessGuid":"{F02C9D70-BE8B-2026-9F01-DC5B6D958C41}","OriginalFileName":"C:\\Program Files\\Google\\Chrome\\Application\\chrome.exe","SHA256":"cc65622c631fac7d290232e9b69c2b55861fad49cc656e84350e412b60f66273"}
{"UtcTime":"2026-08-12 10:15:58.000","Computer":"TN-FIN-WS042","User":"TRANSNORTE\\backup_svc","EventID":1,"Image":"C:\\Program Files\\Google\\Chrome\\Application\\chrome.exe","ProcessGuid":"{8C338AC7-D889-2026-6562-054AAC676055}","ProcessId":6839,"CommandLine":"C:\\Program Files\\Google\\Chrome\\Application\\chrome.exe","ParentImage":"C:\\Windows\\System32\\services.exe","ParentProcessGuid":"{960C60BD-A84E-2026-F3FD-09AB3C6D0803}","OriginalFileName":"C:\\Program Files\\Google\\Chrome\\Application\\chrome.exe","SHA256":"d0f36c913eaa6c76ab4270292924b9382ff443a9aaa78b7c37fa46f9ab5d9562"}
{"UtcTime":"2026-08-12 10:15:59.000","Computer":"TN-FIN-WS042","User":"TRANSNORTE\\ops.cardoso","EventID":11,"Image":"C:\\Program Files\\Microsoft Office\\Office16\\OUTLOOK.EXE","ProcessGuid":"{1A5F5CC1-76F9-2026-71B4-00E665485370}","ProcessId":4499,"TargetFilename":"C:\\Users\\ops.cardoso\\AppData\\Local\\Temp\\office-2159.tmp"}
{"UtcTime":"2026-08-12 10:16:00.000","Computer":"TN-FIN-WS042","User":"TRANSNORTE\\backup_svc","EventID":1,"Image":"C:\\Program Files\\Google\\Chrome\\Application\\chrome.exe","ProcessGuid":"{B8E58C1B-11A8-2026-D0A8-34A8BF431401}","ProcessId":5412,"CommandLine":"C:\\Program Files\\Google\\Chrome\\Application\\chrome.exe","ParentImage":"C:\\Windows\\System32\\services.exe","ParentProcessGuid":"{5632213F-3C05-2026-CCD9-70AB36AFFFE6}","OriginalFileName":"C:\\Program Files\\Google\\Chrome\\Application\\chrome.exe","SHA256":"67093a6b5c1fc01a993ab7128f98841e70bd862459043e57bf9e3e60c450eacf"}
{"UtcTime":"2026-08-12 10:16:01.000","Computer":"TN-FIN-WS042","User":"TRANSNORTE\\backup_svc","EventID":13,"Image":"C:\\Windows\\explorer.exe","ProcessGuid":"{37A7B380-64F1-2026-3684-AE4D4F85030D}","ProcessId":3027,"EventType":"SetValue","TargetObject":"HKCU\\Software\\Microsoft\\Office\\16.0\\Outlook\\Resiliency\\2161","Details":"1"}
{"UtcTime":"2026-08-12 10:16:02.000","Computer":"TN-FIN-WS042","User":"TRANSNORTE\\ops.cardoso","EventID":1,"Image":"C:\\Windows\\explorer.exe","ProcessGuid":"{3497CD14-D621-2026-4FB2-2B3246F7F08C}","ProcessId":1537,"CommandLine":"C:\\Windows\\explorer.exe","ParentImage":"C:\\Windows\\System32\\services.exe","ParentProcessGuid":"{49FE6924-3B12-2026-4101-12A45403D0C0}","OriginalFileName":"C:\\Windows\\explorer.exe","SHA256":"3ccc91871c3f53dbad7293aa18e5c4f3f688b610b718213f6754bb8f07c7b614"}
{"UtcTime":"2026-08-12 10:16:03.000","Computer":"TN-FIN-WS042","User":"TRANSNORTE\\ops.cardoso","EventID":13,"Image":"C:\\Program Files\\Google\\Chrome\\Application\\chrome.exe","ProcessGuid":"{327A0D9F-76D8-2026-AC27-142CF78E8A86}","ProcessId":6780,"EventType":"SetValue","TargetObject":"HKCU\\Software\\Microsoft\\Office\\16.0\\Outlook\\Resiliency\\2163","Details":"1"}
{"UtcTime":"2026-08-12 10:16:04.000","Computer":"TN-FIN-WS042","User":"TRANSNORTE\\ops.cardoso","EventID":11,"Image":"C:\\Program Files\\Google\\Chrome\\Application\\chrome.exe","ProcessGuid":"{637941F2-0242-2026-AC85-A5578E0F022B}","ProcessId":3534,"TargetFilename":"C:\\Users\\ops.cardoso\\AppData\\Local\\Temp\\office-2164.tmp"}
{"UtcTime":"2026-08-12 10:16:05.000","Computer":"TN-FIN-WS042","User":"TRANSNORTE\\backup_svc","EventID":1,"Image":"C:\\Program Files\\Microsoft Office\\Office16\\OUTLOOK.EXE","ProcessGuid":"{7A66A340-A391-2026-676B-54C2EF54F62D}","ProcessId":5261,"CommandLine":"C:\\Program Files\\Microsoft Office\\Office16\\OUTLOOK.EXE","ParentImage":"C:\\Windows\\System32\\services.exe","ParentProcessGuid":"{9A4D089C-2400-2026-F399-60F83DBC2159}","OriginalFileName":"C:\\Program Files\\Microsoft Office\\Office16\\OUTLOOK.EXE","SHA256":"5485d99191e4a40cb2d798e6959c9166b5f72d6cc0f80ce95e8458cdb0006ce0"}
{"UtcTime":"2026-08-12 10:16:06.000","Computer":"TN-FIN-WS042","User":"TRANSNORTE\\backup_svc","EventID":3,"Image":"C:\\Windows\\System32\\svchost.exe","ProcessGuid":"{EEB25B5D-3D51-2026-6660-C70E0B985B6B}","ProcessId":1314,"DestinationIp":"10.50.10.88","DestinationPort":53,"SourceIp":"10.50.10.42","Protocol":"tcp"}
{"UtcTime":"2026-08-12 10:16:07.000","Computer":"TN-FIN-WS042","User":"TRANSNORTE\\ops.cardoso","EventID":1,"Image":"C:\\Windows\\System32\\svchost.exe","ProcessGuid":"{C966BE57-495B-2026-170E-FB0EF59989B1}","ProcessId":6856,"CommandLine":"C:\\Windows\\System32\\svchost.exe","ParentImage":"C:\\Windows\\System32\\services.exe","ParentProcessGuid":"{BAFEB09D-E06D-2026-F92B-040E7D356DDA}","OriginalFileName":"C:\\Windows\\System32\\svchost.exe","SHA256":"53b6113af35d89466ac37812363d1257898d2bc7dafa26ebceefbf21c47a3219"}
