{"UtcTime":"2026-08-12 10:28:15.000","Computer":"TN-FIN-WS042","User":"TRANSNORTE\\ops.cardoso","EventID":1,"Image":"C:\\Windows\\System32\\svchost.exe","ProcessGuid":"{0556D599-054B-2026-1795-4C6A39454623}","ProcessId":8280,"CommandLine":"C:\\Windows\\System32\\svchost.exe","ParentImage":"C:\\Windows\\System32\\services.exe","ParentProcessGuid":"{44A7279E-0FD5-2026-938A-F1F2DFFF08F8}","OriginalFileName":"C:\\Windows\\System32\\svchost.exe","SHA256":"3b49a8cf08fb5d729002d354abc64258a1081ce64c068360a2afdf6bca9fd85a"}
{"UtcTime":"2026-08-12 10:28:16.000","Computer":"TN-FIN-WS042","User":"TRANSNORTE\\backup_svc","EventID":11,"Image":"C:\\Program Files\\Google\\Chrome\\Application\\chrome.exe","ProcessGuid":"{CCE28550-BD22-2026-451E-497DBD89BC30}","ProcessId":3051,"TargetFilename":"C:\\Users\\ops.cardoso\\AppData\\Local\\Temp\\office-2896.tmp"}
{"UtcTime":"2026-08-12 10:28:17.000","Computer":"TN-FIN-WS042","User":"TRANSNORTE\\ops.cardoso","EventID":11,"Image":"C:\\Windows\\System32\\conhost.exe","ProcessGuid":"{D72BA5FD-E156-2026-7F9C-7CE71C9163A4}","ProcessId":1642,"TargetFilename":"C:\\Users\\ops.cardoso\\AppData\\Local\\Temp\\office-2897.tmp"}
{"UtcTime":"2026-08-12 10:28:18.000","Computer":"TN-FIN-WS042","User":"TRANSNORTE\\backup_svc","EventID":1,"Image":"C:\\Windows\\System32\\conhost.exe","ProcessGuid":"{9EE984B0-05E8-2026-B136-24BE031968CB}","ProcessId":5143,"CommandLine":"C:\\Windows\\System32\\conhost.exe","ParentImage":"C:\\Windows\\System32\\services.exe","ParentProcessGuid":"{8DFAE24B-87E3-2026-641D-2685EDE44055}","OriginalFileName":"C:\\Windows\\System32\\conhost.exe","SHA256":"a9757fa3ffb027909dd34a521efed99b3b859665121461e53926b6664383402f"}
{"UtcTime":"2026-08-12 10:28:19.000","Computer":"TN-FIN-WS042","User":"TRANSNORTE\\backup_svc","EventID":13,"Image":"C:\\Windows\\System32\\RuntimeBroker.exe","ProcessGuid":"{F2C3CBBC-9539-2026-3C03-D6BA35FA93CC}","ProcessId":7114,"EventType":"SetValue","TargetObject":"HKCU\\Software\\Microsoft\\Office\\16.0\\Outlook\\Resiliency\\2899","Details":"1"}
{"UtcTime":"2026-08-12 10:28:20.000","Computer":"TN-FIN-WS042","User":"TRANSNORTE\\ops.cardoso","EventID":1,"Image":"C:\\Windows\\explorer.exe","ProcessGuid":"{0DBF0D76-7A65-2026-AE0C-17060311495A}","ProcessId":2610,"CommandLine":"C:\\Windows\\explorer.exe","ParentImage":"C:\\Windows\\System32\\services.exe","ParentProcessGuid":"{2202CC57-8DEE-2026-2AC8-6FBA6B15A1DC}","OriginalFileName":"C:\\Windows\\explorer.exe","SHA256":"bf777d0ae2261f3da671c792bcb0e595c1cef352b32b44711dfc375f773e2670"}
{"UtcTime":"2026-08-12 10:28:21.000","Computer":"TN-FIN-WS042","User":"TRANSNORTE\\ops.cardoso","EventID":1,"Image":"C:\\Windows\\System32\\svchost.exe","ProcessGuid":"{4CB81903-3045-2026-56AB-81639E01AC2F}","ProcessId":7464,"CommandLine":"C:\\Windows\\System32\\svchost.exe","ParentImage":"C:\\Windows\\System32\\services.exe","ParentProcessGuid":"{6C11666E-D9A3-2026-8C93-F9179DB0C8C8}","OriginalFileName":"C:\\Windows\\System32\\svchost.exe","SHA256":"1d97bda72269a7abe36bf84885d29339c94272a878f03282d660676df11642e0"}
{"UtcTime":"2026-08-12 10:28:22.000","Computer":"TN-FIN-WS042","User":"TRANSNORTE\\ops.cardoso","EventID":1,"Image":"C:\\Windows\\System32\\RuntimeBroker.exe","ProcessGuid":"{83B90416-AFC4-2026-9C4A-C51F4202EECB}","ProcessId":2448,"CommandLine":"C:\\Windows\\System32\\RuntimeBroker.exe","ParentImage":"C:\\Windows\\System32\\services.exe","ParentProcessGuid":"{1DA6D265-2A7E-2026-3469-1A040F2ED9F3}","OriginalFileName":"C:\\Windows\\System32\\RuntimeBroker.exe","SHA256":"7e43e318357ca001f3dfe7de096d7a431d1ee2115fd5f755684b0afe4421f121"}
{"UtcTime":"2026-08-12 10:28:23.000","Computer":"TN-FIN-WS042","User":"TRANSNORTE\\backup_svc","EventID":1,"Image":"C:\\Windows\\System32\\conhost.exe","ProcessGuid":"{2E447DAE-7BA2-2026-DED6-C0CD1D17E66A}","ProcessId":833,"CommandLine":"C:\\Windows\\System32\\conhost.exe","ParentImage":"C:\\Windows\\System32\\services.exe","ParentProcessGuid":"{EC49701C-ACDA-2026-D194-243E5F03AD8F}","OriginalFileName":"C:\\Windows\\System32\\conhost.exe","SHA256":"4642136526c82fc9f8967753b73264ebb34474a5d954c85ac6a8b04d0986a555"}
{"UtcTime":"2026-08-12 10:28:24.000","Computer":"TN-FIN-WS042","User":"TRANSNORTE\\backup_svc","EventID":13,"Image":"C:\\Windows\\System32\\conhost.exe","ProcessGuid":"{328A8E56-8D28-2026-82F8-E1F390386A96}","ProcessId":1488,"EventType":"SetValue","TargetObject":"HKCU\\Software\\Microsoft\\Office\\16.0\\Outlook\\Resiliency\\2904","Details":"1"}
{"UtcTime":"2026-08-12 10:28:25.000","Computer":"TN-FIN-WS042","User":"TRANSNORTE\\backup_svc","EventID":13,"Image":"C:\\Windows\\System32\\RuntimeBroker.exe","ProcessGuid":"{C51087B8-D5AE-2026-48CC-4A1A33D37AD8}","ProcessId":7571,"EventType":"SetValue","TargetObject":"HKCU\\Software\\Microsoft\\Office\\16.0\\Outlook\\Resiliency\\2905","Details":"1"}
{"UtcTime":"2026-08-12 10:28:26.000","Computer":"TN-FIN-WS042","User":"TRANSNORTE\\backup_svc","EventID":13,"Image":"C:\\Windows\\System32\\conhost.exe","ProcessGuid":"{C027FE8C-FE1C-2026-DFD8-0D0A1875A0EC}","ProcessId":870,"EventType":"SetValue","TargetObject":"HKCU\\Software\\Microsoft\\Office\\16.0\\Outlook\\Resiliency\\2906","Details":"1"}
{"UtcTime":"2026-08-12 10:28:27.000","Computer":"TN-FIN-WS042","User":"TRANSNORTE\\backup_svc","EventID":1,"Image":"C:\\Windows\\explorer.exe","ProcessGuid":"{9023121A-FED1-2026-3296-B66A837A8DDA}","ProcessId":7184,"CommandLine":"C:\\Windows\\explorer.exe","ParentImage":"C:\\Windows\\System32\\services.exe","ParentProcessGuid":"{95995A52-6DB4-2026-6F32-75DC52CA3D6D}","OriginalFileName":"C:\\Windows\\explorer.exe","SHA256":"3d20fad3bcaa01c4638fff1b3960bf8160ec35596b08a880d3e8dd5f9e9cb358"}
{"UtcTime":"2026-08-12 10:28:28.000","Computer":"TN-FIN-WS042","User":"TRANSNORTE\\ops.cardoso","EventID":5,"Image":"C:\\Program Files\\Google\\Chrome\\Application\\chrome.exe","ProcessGuid":"{066485C0-F15F-2026-954B-D6A0533A5622}","ProcessId":7591,"EventType":"End"}
{"UtcTime":"2026-08-12 10:28:29.000","Computer":"TN-FIN-WS042","User":"TRANSNORTE\\backup_svc","EventID":1,"Image":"C:\\Program Files\\Google\\Chrome\\Application\\chrome.exe","ProcessGuid":"{3F1051F5-AF3B-2026-52A0-D7CCEB143466}","ProcessId":6626,"CommandLine":"C:\\Program Files\\Google\\Chrome\\Application\\chrome.exe","ParentImage":"C:\\Windows\\System32\\services.exe","ParentProcessGuid":"{38125E58-757E-2026-E03B-E3D12BD655D6}","OriginalFileName":"C:\\Program Files\\Google\\Chrome\\Application\\chrome.exe","SHA256":"2da1c62d2abb213ceaa7d50988802c9c48910b4424b62da7828fd373e0dffb42"}
{"UtcTime":"2026-08-12 10:28:30.000","Computer":"TN-FIN-WS042","User":"TRANSNORTE\\backup_svc","EventID":13,"Image":"C:\\Program Files\\Microsoft Office\\Office16\\OUTLOOK.EXE","ProcessGuid":"{3C81C8F0-6F83-2026-845A-9209B89AB55A}","ProcessId":3486,"EventType":"SetValue","TargetObject":"HKCU\\Software\\Microsoft\\Office\\16.0\\Outlook\\Resiliency\\2910","Details":"1"}
{"UtcTime":"2026-08-12 10:28:31.000","Computer":"TN-FIN-WS042","User":"TRANSNORTE\\backup_svc","EventID":1,"Image":"C:\\Program Files\\Microsoft Office\\Office16\\OUTLOOK.EXE","ProcessGuid":"{427F8396-6B5A-2026-C8AC-AB33C08520CE}","ProcessId":3462,"CommandLine":"C:\\Program Files\\Microsoft Office\\Office16\\OUTLOOK.EXE","ParentImage":"C:\\Windows\\System32\\services.exe","ParentProcessGuid":"{0890A36D-4EC8-2026-4A43-97FAFB6D43F7}","OriginalFileName":"C:\\Program Files\\Microsoft Office\\Office16\\OUTLOOK.EXE","SHA256":"1a4827f81f70446fef26d67550593db6605340266339de1d65ef8063dd236bf8"}
{"UtcTime":"2026-08-12 10:28:32.000","Computer":"TN-FIN-WS042","User":"TRANSNORTE\\backup_svc","EventID":3,"Image":"C:\\Windows\\System32\\svchost.exe","ProcessGuid":"{77572406-BBA6-2026-8D1D-EB9D402C57A0}","ProcessId":1037,"DestinationIp":"1.1.1.1","DestinationPort":8080,"SourceIp":"10.50.10.42","Protocol":"tcp"}
{"UtcTime":"2026-08-12 10:28:33.000","Computer":"TN-FIN-WS042","User":"TRANSNORTE\\backup_svc","EventID":11,"Image":"C:\\Windows\\System32\\conhost.exe","ProcessGuid":"{7031B81E-C9B5-2026-2162-153FAA0A70D6}","ProcessId":5163,"TargetFilename":"C:\\Users\\ops.cardoso\\AppData\\Local\\Temp\\office-2913.tmp"}
{"UtcTime":"2026-08-12 10:28:34.000","Computer":"TN-FIN-WS042","User":"TRANSNORTE\\backup_svc","EventID":5,"Image":"C:\\Windows\\System32\\conhost.exe","ProcessGuid":"{BCFFFBB4-7D2D-2026-558B-F09DA80DA235}","ProcessId":7675,"EventType":"End"}
{"UtcTime":"2026-08-12 10:28:35.000","Computer":"TN-FIN-WS042","User":"TRANSNORTE\\backup_svc","EventID":13,"Image":"C:\\Windows\\explorer.exe","ProcessGuid":"{20E534BA-92AA-2026-E202-C2FA06F4F0D8}","ProcessId":8817,"EventType":"SetValue","TargetObject":"HKCU\\Software\\Microsoft\\Office\\16.0\\Outlook\\Resiliency\\2915","Details":"1"}
{"UtcTime":"2026-08-12 10:28:36.000","Computer":"TN-FIN-WS042","User":"TRANSNORTE\\ops.cardoso","EventID":1,"Image":"C:\\Windows\\System32\\svchost.exe","ProcessGuid":"{673EC133-5F88-2026-322D-070BB994F5A2}","ProcessId":4122,"CommandLine":"C:\\Windows\\System32\\svchost.exe","ParentImage":"C:\\Windows\\System32\\services.exe","ParentProcessGuid":"{A1B846DF-11AF-2026-9A86-A64D65877F92}","OriginalFileName":"C:\\Windows\\System32\\svchost.exe","SHA256":"9854f2f80bd6c690643f824ec82d7a6445c11830b7120fc939c472928054319d"}
{"UtcTime":"2026-08-12 10:28:37.000","Computer":"TN-FIN-WS042","User":"TRANSNORTE\\backup_svc","EventID":11,"Image":"C:\\Program Files\\Google\\Chrome\\Application\\chrome.exe","ProcessGuid":"{D9E4B54C-9F30-2026-E82F-CA7344F90C52}","ProcessId":4337,"TargetFilename":"C:\\Users\\ops.cardoso\\AppData\\Local\\Temp\\office-2917.tmp"}
{"UtcTime":"2026-08-12 10:28:38.000","Computer":"TN-FIN-WS042","User":"TRANSNORTE\\backup_svc","EventID":1,"Image":"C:\\Program Files\\Microsoft Office\\Office16\\OUTLOOK.EXE","ProcessGuid":"{B6822B47-9D90-2026-3A0A-6163A24B405C}","ProcessId":4853,"CommandLine":"C:\\Program Files\\Microsoft Office\\Office16\\OUTLOOK.EXE","ParentImage":"C:\\Windows\\System32\\services.exe","ParentProcessGuid":"{4464CD8A-DCDC-2026-D711-3AA9BAFDEF79}","OriginalFileName":"C:\\Program Files\\Microsoft Office\\Office16\\OUTLOOK.EXE","SHA256":"00dab73e9969dc94d3247532306662684d204315e32258b1a839271f37fb5f97"}
{"UtcTime":"2026-08-12 10:28:39.000","Computer":"TN-FIN-WS042","User":"TRANSNORTE\\backup_svc","EventID":11,"Image":"C:\\Program Files\\Google\\Chrome\\Application\\chrome.exe","ProcessGuid":"{E5731626-26AF-2026-624A-CB0C519ECC8B}","ProcessId":4419,"TargetFilename":"C:\\Users\\ops.cardoso\\AppData\\Local\\Temp\\office-2919.tmp"}
{"UtcTime":"2026-08-12 10:28:40.000","Computer":"TN-FIN-WS042","User":"TRANSNORTE\\backup_svc","EventID":1,"Image":"C:\\Windows\\explorer.exe","ProcessGuid":"{E6954127-FBA1-2026-069C-DA0DE23F7D17}","ProcessId":3028,"CommandLine":"C:\\Windows\\explorer.exe","ParentImage":"C:\\Windows\\System32\\services.exe","ParentProcessGuid":"{5FE84DD9-ADE8-2026-8C32-9D3AB6B74876}","OriginalFileName":"C:\\Windows\\explorer.exe","SHA256":"2a492b0def8758233daf404536fcfb0dd718846603176b35f9d7614e0524012e"}
{"UtcTime":"2026-08-12 10:28:41.000","Computer":"TN-FIN-WS042","User":"TRANSNORTE\\backup_svc","EventID":11,"Image":"C:\\Windows\\System32\\conhost.exe","ProcessGuid":"{212E4BF6-AF6F-2026-0214-66D19EA0CEE7}","ProcessId":7036,"TargetFilename":"C:\\Users\\ops.cardoso\\AppData\\Local\\Temp\\office-2921.tmp"}
{"UtcTime":"2026-08-12 10:28:42.000","Computer":"TN-FIN-WS042","User":"TRANSNORTE\\ops.cardoso","EventID":3,"Image":"C:\\Windows\\System32\\RuntimeBroker.exe","ProcessGuid":"{70754B55-2BF7-2026-8F91-33BF65A7D0DD}","ProcessId":3527,"DestinationIp":"10.50.10.10","DestinationPort":53,"SourceIp":"10.50.10.42","Protocol":"tcp"}
{"UtcTime":"2026-08-12 10:28:43.000","Computer":"TN-FIN-WS042","User":"TRANSNORTE\\backup_svc","EventID":1,"Image":"C:\\Windows\\System32\\RuntimeBroker.exe","ProcessGuid":"{14A751AE-F91E-2026-F232-29AAF3365DE9}","ProcessId":6772,"CommandLine":"C:\\Windows\\System32\\RuntimeBroker.exe","ParentImage":"C:\\Windows\\System32\\services.exe","ParentProcessGuid":"{47083E2F-445B-2026-8B5F-83E0492E4CDC}","OriginalFileName":"C:\\Windows\\System32\\RuntimeBroker.exe","SHA256":"01370fda6d1754f30117bb64b4a3ee6ec0a37e07f7cb12b1a7fc30c1e84df71d"}
{"UtcTime":"2026-08-12 10:28:44.000","Computer":"TN-FIN-WS042","User":"TRANSNORTE\\ops.cardoso","EventID":3,"Image":"C:\\Windows\\System32\\svchost.exe","ProcessGuid":"{A45C5621-8036-2026-5FAF-02CF3ACAD830}","ProcessId":661,"DestinationIp":"1.1.1.1","DestinationPort":443,"SourceIp":"10.50.10.42","Protocol":"tcp"}
{"UtcTime":"2026-08-12 10:28:45.000","Computer":"TN-FIN-WS042","User":"TRANSNORTE\\backup_svc","EventID":1,"Image":"C:\\Windows\\System32\\conhost.exe","ProcessGuid":"{DAD4F915-B263-2026-02F4-C2F2D663B0A9}","ProcessId":5903,"CommandLine":"C:\\Windows\\System32\\conhost.exe","ParentImage":"C:\\Windows\\System32\\services.exe","ParentProcessGuid":"{194AFA0F-40BB-2026-EEC2-7DA9EB6D9179}","OriginalFileName":"C:\\Windows\\System32\\conhost.exe","SHA256":"1217021d713382d9438c2c91e93a0808379e6fc32f4141a9eff33fd272135a31"}
{"UtcTime":"2026-08-12 10:28:46.000","Computer":"TN-FIN-WS042","User":"TRANSNORTE\\backup_svc","EventID":1,"Image":"C:\\Windows\\System32\\svchost.exe","ProcessGuid":"{BFEE1DF9-18E1-2026-9B99-240174A8408C}","ProcessId":3428,"CommandLine":"C:\\Windows\\System32\\svchost.exe","ParentImage":"C:\\Windows\\System32\\services.exe","ParentProcessGuid":"{1C52D71E-259D-2026-6346-DBFABF1DB8C1}","OriginalFileName":"C:\\Windows\\System32\\svchost.exe","SHA256":"7855497383e786da71c899b6e11e79e36b8a53e338642373cd18620104f2d1d0"}
{"UtcTime":"2026-08-12 10:28:47.000","Computer":"TN-FIN-WS042","User":"TRANSNORTE\\ops.cardoso","EventID":1,"Image":"C:\\Windows\\explorer.exe","ProcessGuid":"{4E39301B-6109-2026-10DA-BF9218CB4A15}","ProcessId":1465,"CommandLine":"C:\\Windows\\explorer.exe","ParentImage":"C:\\Windows\\System32\\services.exe","ParentProcessGuid":"{C2A9F15B-3973-2026-5AE0-2495B44F38D6}","OriginalFileName":"C:\\Windows\\explorer.exe","SHA256":"49e7abb356f310880e0f386281275bd9dab1d9f6bd7b6d477bff59e503476a19"}
{"UtcTime":"2026-08-12 10:28:48.000","Computer":"TN-FIN-WS042","User":"TRANSNORTE\\backup_svc","EventID":13,"Image":"C:\\Windows\\System32\\RuntimeBroker.exe","ProcessGuid":"{8DF9CFF0-027E-2026-316A-BB8018090716}","ProcessId":6647,"EventType":"SetValue","TargetObject":"HKCU\\Software\\Microsoft\\Office\\16.0\\Outlook\\Resiliency\\2928","Details":"1"}
{"UtcTime":"2026-08-12 10:28:49.000","Computer":"TN-FIN-WS042","User":"TRANSNORTE\\backup_svc","EventID":3,"Image":"C:\\Windows\\explorer.exe","ProcessGuid":"{55A9BEC4-8FF5-2026-EF93-2C7F49D53352}","ProcessId":3914,"DestinationIp":"10.50.10.10","DestinationPort":135,"SourceIp":"10.50.10.42","Protocol":"tcp"}
{"UtcTime":"2026-08-12 10:28:50.000","Computer":"TN-FIN-WS042","User":"TRANSNORTE\\ops.cardoso","EventID":1,"Image":"C:\\Windows\\explorer.exe","ProcessGuid":"{A5FCEF0E-B0F6-2026-3439-6DA1716969AA}","ProcessId":1347,"CommandLine":"C:\\Windows\\explorer.exe","ParentImage":"C:\\Windows\\System32\\services.exe","ParentProcessGuid":"{830D664E-9991-2026-FC4B-4A21692B6EE5}","OriginalFileName":"C:\\Windows\\explorer.exe","SHA256":"1a54fa42584455989440fc137b6698e2668fcf93ff19d9f7dada4386c53c02fb"}
{"UtcTime":"2026-08-12 10:28:51.000","Computer":"TN-FIN-WS042","User":"TRANSNORTE\\backup_svc","EventID":1,"Image":"C:\\Windows\\explorer.exe","ProcessGuid":"{9A23F50A-5805-2026-0393-32F74280A955}","ProcessId":1753,"CommandLine":"C:\\Windows\\explorer.exe","ParentImage":"C:\\Windows\\System32\\services.exe","ParentProcessGuid":"{3090A219-D515-2026-3D37-CA5A72866200}","OriginalFileName":"C:\\Windows\\explorer.exe","SHA256":"ecc92f5e42339a957da685dd220e8ff65e3ce2d67d44b77b0cfcca9b7a2ea994"}
{"UtcTime":"2026-08-12 10:28:52.000","Computer":"TN-FIN-WS042","User":"TRANSNORTE\\backup_svc","EventID":5,"Image":"C:\\Program Files\\Microsoft Office\\Office16\\OUTLOOK.EXE","ProcessGuid":"{0A4CDCF7-4F47-2026-2AD3-FD99BBB549A6}","ProcessId":2151,"EventType":"End"}
{"UtcTime":"2026-08-12 10:28:53.000","Computer":"TN-FIN-WS042","User":"TRANSNORTE\\backup_svc","EventID":11,"Image":"C:\\Windows\\System32\\RuntimeBroker.exe","ProcessGuid":"{05FD60BA-1353-2026-B114-2602F9DBB913}","ProcessId":4300,"TargetFilename":"C:\\Users\\ops.cardoso\\AppData\\Local\\Temp\\office-2933.tmp"}
{"UtcTime":"2026-08-12 10:28:54.000","Computer":"TN-FIN-WS042","User":"TRANSNORTE\\backup_svc","EventID":5,"Image":"C:\\Program Files\\Google\\Chrome\\Application\\chrome.exe","ProcessGuid":"{41206D49-A849-2026-7BD3-76DD162CD10D}","ProcessId":5937,"EventType":"End"}
{"UtcTime":"2026-08-12 10:28:55.000","Computer":"TN-FIN-WS042","User":"TRANSNORTE\\backup_svc","EventID":5,"Image":"C:\\Program Files\\Microsoft Office\\Office16\\OUTLOOK.EXE","ProcessGuid":"{E032CB8B-6D49-2026-0E64-272E1EFA8E86}","ProcessId":7145,"EventType":"End"}
{"UtcTime":"2026-08-12 10:28:56.000","Computer":"TN-FIN-WS042","User":"TRANSNORTE\\ops.cardoso","EventID":1,"Image":"C:\\Program Files\\Google\\Chrome\\Application\\chrome.exe","ProcessGuid":"{E0F9B0A1-5726-2026-FF72-AEDA12F65DF0}","ProcessId":8563,"CommandLine":"C:\\Program Files\\Google\\Chrome\\Application\\chrome.exe","ParentImage":"C:\\Windows\\System32\\services.exe","ParentProcessGuid":"{5AFD6D20-2A08-2026-1978-046EEFBED937}","OriginalFileName":"C:\\Program Files\\Google\\Chrome\\Application\\chrome.exe","SHA256":"39a82e95635dab0300b666d008f2e6763e69f41baa5c3489999df0a757edd7bc"}
{"UtcTime":"2026-08-12 10:28:57.000","Computer":"TN-FIN-WS042","User":"TRANSNORTE\\ops.cardoso","EventID":1,"Image":"C:\\Windows\\System32\\conhost.exe","ProcessGuid":"{7E4FE60A-5433-2026-7ED1-D6A7BB542517}","ProcessId":1328,"CommandLine":"C:\\Windows\\System32\\conhost.exe","ParentImage":"C:\\Windows\\System32\\services.exe","ParentProcessGuid":"{A949CE1A-F207-2026-595F-873B6CD87B1C}","OriginalFileName":"C:\\Windows\\System32\\conhost.exe","SHA256":"e8d4114d23df61bdaf3258d32cc61efa6c65deb8abe288be183a6c083bb77583"}
{"UtcTime":"2026-08-12 10:28:58.000","Computer":"TN-FIN-WS042","User":"TRANSNORTE\\backup_svc","EventID":5,"Image":"C:\\Windows\\System32\\conhost.exe","ProcessGuid":"{59E3176D-2939-2026-8EDA-53783736C8A6}","ProcessId":997,"EventType":"End"}
{"UtcTime":"2026-08-12 10:28:59.000","Computer":"TN-FIN-WS042","User":"TRANSNORTE\\backup_svc","EventID":1,"Image":"C:\\Program Files\\Microsoft Office\\Office16\\OUTLOOK.EXE","ProcessGuid":"{DDE45C19-07D2-2026-2E56-C1F81418531E}","ProcessId":3078,"CommandLine":"C:\\Program Files\\Microsoft Office\\Office16\\OUTLOOK.EXE","ParentImage":"C:\\Windows\\System32\\services.exe","ParentProcessGuid":"{240FEAC9-E46D-2026-5EB8-AAD04BF62639}","OriginalFileName":"C:\\Program Files\\Microsoft Office\\Office16\\OUTLOOK.EXE","SHA256":"f6f39048f26aecaf3926473f03cb6fa8d57ca4ec0776404741624a46ef4fd6dc"}
{"UtcTime":"2026-08-12 10:29:00.000","Computer":"TN-FIN-WS042","User":"TRANSNORTE\\ops.cardoso","EventID":13,"Image":"C:\\Windows\\System32\\RuntimeBroker.exe","ProcessGuid":"{394F9A33-BD3F-2026-A66B-0F22873AD077}","ProcessId":6729,"EventType":"SetValue","TargetObject":"HKCU\\Software\\Microsoft\\Office\\16.0\\Outlook\\Resiliency\\2940","Details":"1"}
{"UtcTime":"2026-08-12 10:29:01.000","Computer":"TN-FIN-WS042","User":"TRANSNORTE\\ops.cardoso","EventID":5,"Image":"C:\\Windows\\explorer.exe","ProcessGuid":"{FBDE5E0C-20FC-2026-86FA-9F882CA14E3F}","ProcessId":3729,"EventType":"End"}
{"UtcTime":"2026-08-12 10:29:02.000","Computer":"TN-FIN-WS042","User":"TRANSNORTE\\backup_svc","EventID":1,"Image":"C:\\Windows\\System32\\svchost.exe","ProcessGuid":"{08786A3B-B5A7-2026-61B5-3B130CCA91DA}","ProcessId":8631,"CommandLine":"C:\\Windows\\System32\\svchost.exe","ParentImage":"C:\\Windows\\System32\\services.exe","ParentProcessGuid":"{A4474796-3CC4-2026-3532-AFB5FF46A9E0}","OriginalFileName":"C:\\Windows\\System32\\svchost.exe","SHA256":"7cfcb19d3af6cfe9bae5caafeeecbc8b929773d171d1ce62467c639e29caa44f"}
{"UtcTime":"2026-08-12 10:29:03.000","Computer":"TN-FIN-WS042","User":"TRANSNORTE\\ops.cardoso","EventID":1,"Image":"C:\\Windows\\System32\\svchost.exe","ProcessGuid":"{5B88AA74-A384-2026-FB20-1309085DAFDB}","ProcessId":669,"CommandLine":"C:\\Windows\\System32\\svchost.exe","ParentImage":"C:\\Windows\\System32\\services.exe","ParentProcessGuid":"{7223D9A8-65BB-2026-0EEB-41D6C3838155}","OriginalFileName":"C:\\Windows\\System32\\svchost.exe","SHA256":"4533c90ab48c5ca38e656cedd57dc9bf2b5be1f23b099f60f2b86ea77831cbc3"}
{"UtcTime":"2026-08-12 10:29:04.000","Computer":"TN-FIN-WS042","User":"TRANSNORTE\\ops.cardoso","EventID":11,"Image":"C:\\Program Files\\Microsoft Office\\Office16\\OUTLOOK.EXE","ProcessGuid":"{D43D8565-904B-2026-16AB-EF1EC1429AE6}","ProcessId":8645,"TargetFilename":"C:\\Users\\ops.cardoso\\AppData\\Local\\Temp\\office-2944.tmp"}
{"UtcTime":"2026-08-12 10:29:05.000","Computer":"TN-FIN-WS042","User":"TRANSNORTE\\backup_svc","EventID":13,"Image":"C:\\Program Files\\Microsoft Office\\Office16\\OUTLOOK.EXE","ProcessGuid":"{CF98E923-8FCF-2026-7850-CB75053ED4FF}","ProcessId":2041,"EventType":"SetValue","TargetObject":"HKCU\\Software\\Microsoft\\Office\\16.0\\Outlook\\Resiliency\\2945","Details":"1"}
{"UtcTime":"2026-08-12 10:29:06.000","Computer":"TN-FIN-WS042","User":"TRANSNORTE\\ops.cardoso","EventID":11,"Image":"C:\\Program Files\\Microsoft Office\\Office16\\OUTLOOK.EXE","ProcessGuid":"{44C4D83D-6924-2026-A4B6-0C17BE30DA05}","ProcessId":2149,"TargetFilename":"C:\\Users\\ops.cardoso\\AppData\\Local\\Temp\\office-2946.tmp"}
{"UtcTime":"2026-08-12 10:29:07.000","Computer":"TN-FIN-WS042","User":"TRANSNORTE\\ops.cardoso","EventID":11,"Image":"C:\\Program Files\\Microsoft Office\\Office16\\OUTLOOK.EXE","ProcessGuid":"{EA9D20C4-7E34-2026-922E-98349E5BC76E}","ProcessId":4289,"TargetFilename":"C:\\Users\\ops.cardoso\\AppData\\Local\\Temp\\office-2947.tmp"}
{"UtcTime":"2026-08-12 10:29:08.000","Computer":"TN-FIN-WS042","User":"TRANSNORTE\\ops.cardoso","EventID":5,"Image":"C:\\Windows\\System32\\RuntimeBroker.exe","ProcessGuid":"{C5D5824C-CDF3-2026-2BC8-2DAC5B4F9384}","ProcessId":6348,"EventType":"End"}
{"UtcTime":"2026-08-12 10:29:09.000","Computer":"TN-FIN-WS042","User":"TRANSNORTE\\ops.cardoso","EventID":1,"Image":"C:\\Windows\\System32\\svchost.exe","ProcessGuid":"{7496E685-0069-2026-BE90-8445E8371E55}","ProcessId":3316,"CommandLine":"C:\\Windows\\System32\\svchost.exe","ParentImage":"C:\\Windows\\System32\\services.exe","ParentProcessGuid":"{98B39DC5-BFB5-2026-8864-EC48685C7977}","OriginalFileName":"C:\\Windows\\System32\\svchost.exe","SHA256":"749c7c27f02db3c3f999e30c1bd3037aff69188fcf85169294994cf184d7caf5"}
{"UtcTime":"2026-08-12 10:29:10.000","Computer":"TN-FIN-WS042","User":"TRANSNORTE\\backup_svc","EventID":1,"Image":"C:\\Windows\\explorer.exe","ProcessGuid":"{B68A91D6-A585-2026-D17C-1182808E63EC}","ProcessId":2630,"CommandLine":"C:\\Windows\\explorer.exe","ParentImage":"C:\\Windows\\System32\\services.exe","ParentProcessGuid":"{885C3DF5-1DBB-2026-7349-E96C5AABB2E7}","OriginalFileName":"C:\\Windows\\explorer.exe","SHA256":"56bd8ed901660869c6b1b98a1baec6bda7affc166fb4748049f6517b06d363f5"}
{"UtcTime":"2026-08-12 10:29:11.000","Computer":"TN-FIN-WS042","User":"TRANSNORTE\\backup_svc","EventID":5,"Image":"C:\\Windows\\System32\\RuntimeBroker.exe","ProcessGuid":"{0B214A36-E351-2026-1AB5-7CD46A6FF36E}","ProcessId":6202,"EventType":"End"}
{"UtcTime":"2026-08-12 10:29:12.000","Computer":"TN-FIN-WS042","User":"TRANSNORTE\\ops.cardoso","EventID":11,"Image":"C:\\Windows\\System32\\RuntimeBroker.exe","ProcessGuid":"{95737D65-1A98-2026-56BD-B3844E7F6ED2}","ProcessId":8061,"TargetFilename":"C:\\Users\\ops.cardoso\\AppData\\Local\\Temp\\office-2952.tmp"}
{"UtcTime":"2026-08-12 10:29:13.000","Computer":"TN-FIN-WS042","User":"TRANSNORTE\\backup_svc","EventID":5,"Image":"C:\\Windows\\System32\\conhost.exe","ProcessGuid":"{69FA85E5-881E-2026-7FE9-457B9BF671D6}","ProcessId":4744,"EventType":"End"}
{"UtcTime":"2026-08-12 10:29:14.000","Computer":"TN-FIN-WS042","User":"TRANSNORTE\\backup_svc","EventID":1,"Image":"C:\\Windows\\System32\\svchost.exe","ProcessGuid":"{3F447609-63AD-2026-B9DC-DF4ABA955131}","ProcessId":6016,"CommandLine":"C:\\Windows\\System32\\svchost.exe","ParentImage":"C:\\Windows\\System32\\services.exe","ParentProcessGuid":"{D5B16430-9EBC-2026-183C-E2D0745FAB40}","OriginalFileName":"C:\\Windows\\System32\\svchost.exe","SHA256":"982a36e7056247ca617ed2f9803921f1c63d3005e019de48912f5edaeace693e"}
{"UtcTime":"2026-08-12 10:29:15.000","Computer":"TN-FIN-WS042","User":"TRANSNORTE\\backup_svc","EventID":13,"Image":"C:\\Program Files\\Google\\Chrome\\Application\\chrome.exe","ProcessGuid":"{38509547-4488-2026-1298-23721EEE762B}","ProcessId":2559,"EventType":"SetValue","TargetObject":"HKCU\\Software\\Microsoft\\Office\\16.0\\Outlook\\Resiliency\\2955","Details":"1"}
{"UtcTime":"2026-08-12 10:29:16.000","Computer":"TN-FIN-WS042","User":"TRANSNORTE\\ops.cardoso","EventID":1,"Image":"C:\\Program Files\\Google\\Chrome\\Application\\chrome.exe","ProcessGuid":"{9FBE2604-9F4A-2026-D39B-51861DE3A0F4}","ProcessId":1273,"CommandLine":"C:\\Program Files\\Google\\Chrome\\Application\\chrome.exe","ParentImage":"C:\\Windows\\System32\\services.exe","ParentProcessGuid":"{76D477A3-830E-2026-6208-263C6F6F70E7}","OriginalFileName":"C:\\Program Files\\Google\\Chrome\\Application\\chrome.exe","SHA256":"ec0b30ae6427906e8db2252899bab7d2948bb3d3e64fa544b520c74a6771244d"}
{"UtcTime":"2026-08-12 10:29:17.000","Computer":"TN-FIN-WS042","User":"TRANSNORTE\\ops.cardoso","EventID":5,"Image":"C:\\Windows\\explorer.exe","ProcessGuid":"{3E0A201C-6E3A-2026-C922-4968626FC821}","ProcessId":2690,"EventType":"End"}
{"UtcTime":"2026-08-12 10:29:18.000","Computer":"TN-FIN-WS042","User":"TRANSNORTE\\backup_svc","EventID":5,"Image":"C:\\Windows\\System32\\RuntimeBroker.exe","ProcessGuid":"{D48A46EE-1BC3-2026-AAA5-181C854C48BD}","ProcessId":4469,"EventType":"End"}
{"UtcTime":"2026-08-12 10:29:19.000","Computer":"TN-FIN-WS042","User":"TRANSNORTE\\ops.cardoso","EventID":11,"Image":"C:\\Program Files\\Google\\Chrome\\Application\\chrome.exe","ProcessGuid":"{CB8E8B1F-8F6E-2026-E98B-8EC756A55C4A}","ProcessId":6065,"TargetFilename":"C:\\Users\\ops.cardoso\\AppData\\Local\\Temp\\office-2959.tmp"}
{"UtcTime":"2026-08-12 10:29:20.000","Computer":"TN-FIN-WS042","User":"TRANSNORTE\\ops.cardoso","EventID":1,"Image":"C:\\Windows\\System32\\conhost.exe","ProcessGuid":"{2348683F-83FB-2026-4DAE-ED1FC721C43D}","ProcessId":5520,"CommandLine":"C:\\Windows\\System32\\conhost.exe","ParentImage":"C:\\Windows\\System32\\services.exe","ParentProcessGuid":"{23A568B0-0601-2026-8E71-C66DBEF3FD5F}","OriginalFileName":"C:\\Windows\\System32\\conhost.exe","SHA256":"05ed869a94f0df4c511e873393ad06d0263e584f63c98bd80d28665f943b6df2"}
{"UtcTime":"2026-08-12 10:29:21.000","Computer":"TN-FIN-WS042","User":"TRANSNORTE\\backup_svc","EventID":5,"Image":"C:\\Program Files\\Google\\Chrome\\Application\\chrome.exe","ProcessGuid":"{159314F3-CDFC-2026-99E4-4C7E1CEB813A}","ProcessId":3069,"EventType":"End"}
{"UtcTime":"2026-08-12 10:29:22.000","Computer":"TN-FIN-WS042","User":"TRANSNORTE\\ops.cardoso","EventID":1,"Image":"C:\\Windows\\explorer.exe","ProcessGuid":"{E9C59942-6C26-2026-AF0F-963D683399C6}","ProcessId":4381,"CommandLine":"C:\\Windows\\explorer.exe","ParentImage":"C:\\Windows\\System32\\services.exe","ParentProcessGuid":"{AFB07E77-6BF5-2026-E803-117ACCB47D6B}","OriginalFileName":"C:\\Windows\\explorer.exe","SHA256":"4d9b78d98207e99bda35c2894d7c7359c6bd02eb639a9c7e9bb88a3e5555b137"}
{"UtcTime":"2026-08-12 10:29:23.000","Computer":"TN-FIN-WS042","User":"TRANSNORTE\\backup_svc","EventID":1,"Image":"C:\\Windows\\explorer.exe","ProcessGuid":"{EB05E4E2-FBEA-2026-8283-7FEC9CB14F8B}","ProcessId":4486,"CommandLine":"C:\\Windows\\explorer.exe","ParentImage":"C:\\Windows\\System32\\services.exe","ParentProcessGuid":"{307D6A9B-7AD3-2026-1B86-9CE748E3D18C}","OriginalFileName":"C:\\Windows\\explorer.exe","SHA256":"a37e490ed01f82dc4d055828592b20c55deabdf06092fb974a208217183307c2"}
{"UtcTime":"2026-08-12 10:29:24.000","Computer":"TN-FIN-WS042","User":"TRANSNORTE\\backup_svc","EventID":1,"Image":"C:\\Windows\\System32\\RuntimeBroker.exe","ProcessGuid":"{47A4FF13-680F-2026-E774-604318C792B1}","ProcessId":5328,"CommandLine":"C:\\Windows\\System32\\RuntimeBroker.exe","ParentImage":"C:\\Windows\\System32\\services.exe","ParentProcessGuid":"{EB71ADE7-6F92-2026-103B-750AA30AE4A7}","OriginalFileName":"C:\\Windows\\System32\\RuntimeBroker.exe","SHA256":"3ea51f4585be3d6b25064fbee3cee84fefca70e63c6f5927091eb85e0ffce184"}
{"UtcTime":"2026-08-12 10:29:25.000","Computer":"TN-FIN-WS042","User":"TRANSNORTE\\backup_svc","EventID":11,"Image":"C:\\Windows\\explorer.exe","ProcessGuid":"{30301193-773E-2026-8433-8276E0F3DA9E}","ProcessId":3597,"TargetFilename":"C:\\Users\\ops.cardoso\\AppData\\Local\\Temp\\office-2965.tmp"}
{"UtcTime":"2026-08-12 10:29:26.000","Computer":"TN-FIN-WS042","User":"TRANSNORTE\\backup_svc","EventID":1,"Image":"C:\\Program Files\\Google\\Chrome\\Application\\chrome.exe","ProcessGuid":"{2F573047-2CE8-2026-500F-61C9BA75625C}","ProcessId":1954,"CommandLine":"C:\\Program Files\\Google\\Chrome\\Application\\chrome.exe","ParentImage":"C:\\Windows\\System32\\services.exe","ParentProcessGuid":"{13A531BD-3208-2026-CAB4-3C87CF0F94F8}","OriginalFileName":"C:\\Program Files\\Google\\Chrome\\Application\\chrome.exe","SHA256":"affd1672ef892fadb5779544fdc1853e21bbddcec8dc5a510395c4a16d4f3f71"}
{"UtcTime":"2026-08-12 10:29:27.000","Computer":"TN-FIN-WS042","User":"TRANSNORTE\\backup_svc","EventID":1,"Image":"C:\\Windows\\System32\\conhost.exe","ProcessGuid":"{F118DA12-A2AE-2026-89B9-1713E23AF575}","ProcessId":1177,"CommandLine":"C:\\Windows\\System32\\conhost.exe","ParentImage":"C:\\Windows\\System32\\services.exe","ParentProcessGuid":"{DFA3930F-2B75-2026-4DBC-615EA8EAED64}","OriginalFileName":"C:\\Windows\\System32\\conhost.exe","SHA256":"d74002f68216bdaf909b426bc4efef3e65730608a189bc1a393996671932e570"}
{"UtcTime":"2026-08-12 10:29:28.000","Computer":"TN-FIN-WS042","User":"TRANSNORTE\\backup_svc","EventID":1,"Image":"C:\\Windows\\System32\\conhost.exe","ProcessGuid":"{13848DC7-F806-2026-76C5-D7E4B0DF6086}","ProcessId":5090,"CommandLine":"C:\\Windows\\System32\\conhost.exe","ParentImage":"C:\\Windows\\System32\\services.exe","ParentProcessGuid":"{9EB3A77C-EE79-2026-3ED6-52EF5055BEDA}","OriginalFileName":"C:\\Windows\\System32\\conhost.exe","SHA256":"7aab037539018beb3cbc9c1d2f1b96226eaecdddea26406c61faa1a964f8a886"}
{"UtcTime":"2026-08-12 10:29:29.000","Computer":"TN-FIN-WS042","User":"TRANSNORTE\\backup_svc","EventID":1,"Image":"C:\\Program Files\\Google\\Chrome\\Application\\chrome.exe","ProcessGuid":"{CD728E44-1E8C-2026-177D-5BEC1C475E0A}","ProcessId":1044,"CommandLine":"C:\\Program Files\\Google\\Chrome\\Application\\chrome.exe","ParentImage":"C:\\Windows\\System32\\services.exe","ParentProcessGuid":"{E1EA4AEE-1CE7-2026-FA0C-74E7E84C2DF3}","OriginalFileName":"C:\\Program Files\\Google\\Chrome\\Application\\chrome.exe","SHA256":"a16d4ad417429c213c593967c4e7b60a24b763cf594e5188deb17423edcca323"}
{"UtcTime":"2026-08-12 10:29:30.000","Computer":"TN-FIN-WS042","User":"TRANSNORTE\\backup_svc","EventID":13,"Image":"C:\\Program Files\\Microsoft Office\\Office16\\OUTLOOK.EXE","ProcessGuid":"{1E7BE165-2B4C-2026-5BC0-7E87E63838E2}","ProcessId":7024,"EventType":"SetValue","TargetObject":"HKCU\\Software\\Microsoft\\Office\\16.0\\Outlook\\Resiliency\\2970","Details":"1"}
{"UtcTime":"2026-08-12 10:29:31.000","Computer":"TN-FIN-WS042","User":"TRANSNORTE\\ops.cardoso","EventID":11,"Image":"C:\\Program Files\\Microsoft Office\\Office16\\OUTLOOK.EXE","ProcessGuid":"{8560A001-8488-2026-C409-D5702F569C0A}","ProcessId":2362,"TargetFilename":"C:\\Users\\ops.cardoso\\AppData\\Local\\Temp\\office-2971.tmp"}
{"UtcTime":"2026-08-12 10:29:32.000","Computer":"TN-FIN-WS042","User":"TRANSNORTE\\ops.cardoso","EventID":1,"Image":"C:\\Windows\\System32\\RuntimeBroker.exe","ProcessGuid":"{11393E58-1445-2026-8C76-10F55D7A91BD}","ProcessId":1203,"CommandLine":"C:\\Windows\\System32\\RuntimeBroker.exe","ParentImage":"C:\\Windows\\System32\\services.exe","ParentProcessGuid":"{0170C9AC-FF14-2026-28DC-A9508D3D5069}","OriginalFileName":"C:\\Windows\\System32\\RuntimeBroker.exe","SHA256":"935069ec85b7086aa3fc1cd5cff134d135414e0af3494c0094400a37a5569fad"}
{"UtcTime":"2026-08-12 10:29:33.000","Computer":"TN-FIN-WS042","User":"TRANSNORTE\\backup_svc","EventID":11,"Image":"C:\\Windows\\explorer.exe","ProcessGuid":"{2F0A2C51-C3C0-2026-AAF2-F8C346AB7DFF}","ProcessId":2967,"TargetFilename":"C:\\Users\\ops.cardoso\\AppData\\Local\\Temp\\office-2973.tmp"}
{"UtcTime":"2026-08-12 10:29:34.000","Computer":"TN-FIN-WS042","User":"TRANSNORTE\\backup_svc","EventID":1,"Image":"C:\\Program Files\\Microsoft Office\\Office16\\OUTLOOK.EXE","ProcessGuid":"{7DEC6453-2E4D-2026-EAD7-938B17EC5BDA}","ProcessId":3510,"CommandLine":"C:\\Program Files\\Microsoft Office\\Office16\\OUTLOOK.EXE","ParentImage":"C:\\Windows\\System32\\services.exe","ParentProcessGuid":"{89B613A6-D764-2026-B6EB-DD6FB4A8F9FB}","OriginalFileName":"C:\\Program Files\\Microsoft Office\\Office16\\OUTLOOK.EXE","SHA256":"80be1afdc1b0f9922476b49f9f6fa322cf858b581ac61f72971c0deff64d9ab2"}
{"UtcTime":"2026-08-12 10:29:35.000","Computer":"TN-FIN-WS042","User":"TRANSNORTE\\backup_svc","EventID":1,"Image":"C:\\Windows\\explorer.exe","ProcessGuid":"{CDB59862-01CC-2026-B23E-F2E5D195DE9D}","ProcessId":3769,"CommandLine":"C:\\Windows\\explorer.exe","ParentImage":"C:\\Windows\\System32\\services.exe","ParentProcessGuid":"{8A43584D-8E5B-2026-CAD2-37D5D49FC799}","OriginalFileName":"C:\\Windows\\explorer.exe","SHA256":"c18e9bbc4c2649b074c1a7a007ed8571c1614eb895ba68e8e233a74f7578fcd9"}
{"UtcTime":"2026-08-12 10:29:36.000","Computer":"TN-FIN-WS042","User":"TRANSNORTE\\backup_svc","EventID":3,"Image":"C:\\Program Files\\Google\\Chrome\\Application\\chrome.exe","ProcessGuid":"{34FEB5A6-B2DB-2026-1E05-DE7AA3EBBA69}","ProcessId":4126,"DestinationIp":"10.50.10.10","DestinationPort":443,"SourceIp":"10.50.10.42","Protocol":"tcp"}
{"UtcTime":"2026-08-12 10:29:37.000","Computer":"TN-FIN-WS042","User":"TRANSNORTE\\backup_svc","EventID":1,"Image":"C:\\Windows\\System32\\conhost.exe","ProcessGuid":"{BAECFE4C-99F4-2026-69AA-BB3084A50183}","ProcessId":2285,"CommandLine":"C:\\Windows\\System32\\conhost.exe","ParentImage":"C:\\Windows\\System32\\services.exe","ParentProcessGuid":"{7576358F-D741-2026-401D-4D1E11E76ECA}","OriginalFileName":"C:\\Windows\\System32\\conhost.exe","SHA256":"263aa72b5f028f466b6822402ed4095b4f12a8d13706cac0645c1be2742904e4"}
{"UtcTime":"2026-08-12 10:29:38.000","Computer":"TN-FIN-WS042","User":"TRANSNORTE\\backup_svc","EventID":13,"Image":"C:\\Program Files\\Google\\Chrome\\Application\\chrome.exe","ProcessGuid":"{6E40D810-E42B-2026-B084-6469383C0C1E}","ProcessId":5468,"EventType":"SetValue","TargetObject":"HKCU\\Software\\Microsoft\\Office\\16.0\\Outlook\\Resiliency\\2978","Details":"1"}
{"UtcTime":"2026-08-12 10:29:39.000","Computer":"TN-FIN-WS042","User":"TRANSNORTE\\ops.cardoso","EventID":1,"Image":"C:\\Windows\\explorer.exe","ProcessGuid":"{9DE9FC93-7F8D-2026-080A-11A7B2554999}","ProcessId":1342,"CommandLine":"C:\\Windows\\explorer.exe","ParentImage":"C:\\Windows\\System32\\services.exe","ParentProcessGuid":"{BE93B46D-1DDC-2026-AC36-1710852F2347}","OriginalFileName":"C:\\Windows\\explorer.exe","SHA256":"d2461f26eee73c975793ea401681d3b8cd47600c41ca3910c7c840c089245281"}
{"UtcTime":"2026-08-12 10:29:40.000","Computer":"TN-FIN-WS042","User":"TRANSNORTE\\backup_svc","EventID":5,"Image":"C:\\Windows\\System32\\conhost.exe","ProcessGuid":"{621E881F-75A3-2026-55FD-189570FB53EA}","ProcessId":6382,"EventType":"End"}
{"UtcTime":"2026-08-12 10:29:41.000","Computer":"TN-FIN-WS042","User":"TRANSNORTE\\ops.cardoso","EventID":5,"Image":"C:\\Windows\\System32\\svchost.exe","ProcessGuid":"{A28799D7-36B3-2026-4B5F-C3F80741F062}","ProcessId":974,"EventType":"End"}
{"UtcTime":"2026-08-12 10:29:42.000","Computer":"TN-FIN-WS042","User":"TRANSNORTE\\backup_svc","EventID":3,"Image":"C:\\Windows\\System32\\RuntimeBroker.exe","ProcessGuid":"{74AE349C-BCAD-2026-089E-A5073EB7AA93}","ProcessId":8162,"DestinationIp":"8.8.8.8","DestinationPort":53,"SourceIp":"10.50.10.42","Protocol":"tcp"}
{"UtcTime":"2026-08-12 10:29:43.000","Computer":"TN-FIN-WS042","User":"TRANSNORTE\\backup_svc","EventID":11,"Image":"C:\\Windows\\System32\\svchost.exe","ProcessGuid":"{953E0C23-272C-2026-722B-232146B4F8C6}","ProcessId":1101,"TargetFilename":"C:\\Users\\ops.cardoso\\AppData\\Local\\Temp\\office-2983.tmp"}
{"UtcTime":"2026-08-12 10:29:44.000","Computer":"TN-FIN-WS042","User":"TRANSNORTE\\ops.cardoso","EventID":1,"Image":"C:\\Windows\\System32\\svchost.exe","ProcessGuid":"{08FD9C41-7A79-2026-80CE-864A45A23737}","ProcessId":1875,"CommandLine":"C:\\Windows\\System32\\svchost.exe","ParentImage":"C:\\Windows\\System32\\services.exe","ParentProcessGuid":"{1667401D-DA3C-2026-A0F6-5BCB8BE7EC25}","OriginalFileName":"C:\\Windows\\System32\\svchost.exe","SHA256":"94cef143d717d1ee936f46ad7d5ba61a723bc4c674d0f6a44b9fc5e9469a0e8b"}
{"UtcTime":"2026-08-12 10:29:45.000","Computer":"TN-FIN-WS042","User":"TRANSNORTE\\ops.cardoso","EventID":1,"Image":"C:\\Windows\\explorer.exe","ProcessGuid":"{19AD9FFF-1AF7-2026-71F1-3E25DE7DCF43}","ProcessId":1616,"CommandLine":"C:\\Windows\\explorer.exe","ParentImage":"C:\\Windows\\System32\\services.exe","ParentProcessGuid":"{AEFE1238-6405-2026-5FAF-8AB552A53B12}","OriginalFileName":"C:\\Windows\\explorer.exe","SHA256":"3b94873141c9bb6b21fd1ad319a30cb55e8b454afff90460f912a8fabe38e3fc"}
{"UtcTime":"2026-08-12 10:29:46.000","Computer":"TN-FIN-WS042","User":"TRANSNORTE\\ops.cardoso","EventID":1,"Image":"C:\\Windows\\explorer.exe","ProcessGuid":"{A008CEE7-DDBB-2026-E721-F8D97A2EAF72}","ProcessId":5287,"CommandLine":"C:\\Windows\\explorer.exe","ParentImage":"C:\\Windows\\System32\\services.exe","ParentProcessGuid":"{77B2F0B7-201E-2026-22CB-52F1594C363C}","OriginalFileName":"C:\\Windows\\explorer.exe","SHA256":"6812ebe127cc9d47edff634c275a34a75fb8ae21634b6af32042427ffa09e8d5"}
{"UtcTime":"2026-08-12 10:29:47.000","Computer":"TN-FIN-WS042","User":"TRANSNORTE\\backup_svc","EventID":1,"Image":"C:\\Windows\\System32\\conhost.exe","ProcessGuid":"{ED2EE976-2B59-2026-7506-376B6EA02056}","ProcessId":6980,"CommandLine":"C:\\Windows\\System32\\conhost.exe","ParentImage":"C:\\Windows\\System32\\services.exe","ParentProcessGuid":"{67B7A4BD-E89B-2026-F246-A05A39E4ED05}","OriginalFileName":"C:\\Windows\\System32\\conhost.exe","SHA256":"0d26d4e3ab5e1917fd123a012c47e575c3e947c35916ffedbcc520298c06ba13"}
{"UtcTime":"2026-08-12 10:29:48.000","Computer":"TN-FIN-WS042","User":"TRANSNORTE\\ops.cardoso","EventID":5,"Image":"C:\\Program Files\\Google\\Chrome\\Application\\chrome.exe","ProcessGuid":"{DFA6E339-BB9E-2026-8866-C1D1C7913731}","ProcessId":6012,"EventType":"End"}
{"UtcTime":"2026-08-12 10:29:49.000","Computer":"TN-FIN-WS042","User":"TRANSNORTE\\backup_svc","EventID":5,"Image":"C:\\Windows\\System32\\svchost.exe","ProcessGuid":"{5DBDF64A-C1B8-2026-E083-DE6048B53438}","ProcessId":2713,"EventType":"End"}
{"UtcTime":"2026-08-12 10:29:50.000","Computer":"TN-FIN-WS042","User":"TRANSNORTE\\ops.cardoso","EventID":11,"Image":"C:\\Program Files\\Microsoft Office\\Office16\\OUTLOOK.EXE","ProcessGuid":"{248D8AD3-F7C3-2026-7EFE-4EF871561CE0}","ProcessId":1910,"TargetFilename":"C:\\Users\\ops.cardoso\\AppData\\Local\\Temp\\office-2990.tmp"}
{"UtcTime":"2026-08-12 10:29:51.000","Computer":"TN-FIN-WS042","User":"TRANSNORTE\\backup_svc","EventID":13,"Image":"C:\\Program Files\\Google\\Chrome\\Application\\chrome.exe","ProcessGuid":"{4BE08424-C7C7-2026-1EF1-1C82ABAD65B0}","ProcessId":3520,"EventType":"SetValue","TargetObject":"HKCU\\Software\\Microsoft\\Office\\16.0\\Outlook\\Resiliency\\2991","Details":"1"}
{"UtcTime":"2026-08-12 10:29:52.000","Computer":"TN-FIN-WS042","User":"TRANSNORTE\\backup_svc","EventID":11,"Image":"C:\\Program Files\\Google\\Chrome\\Application\\chrome.exe","ProcessGuid":"{A877CF9A-C295-2026-D191-9464202000B6}","ProcessId":5442,"TargetFilename":"C:\\Users\\ops.cardoso\\AppData\\Local\\Temp\\office-2992.tmp"}
{"UtcTime":"2026-08-12 10:29:53.000","Computer":"TN-FIN-WS042","User":"TRANSNORTE\\ops.cardoso","EventID":1,"Image":"C:\\Program Files\\Microsoft Office\\Office16\\OUTLOOK.EXE","ProcessGuid":"{CAFBE03F-ABB3-2026-122A-8F3DA2648A30}","ProcessId":1923,"CommandLine":"C:\\Program Files\\Microsoft Office\\Office16\\OUTLOOK.EXE","ParentImage":"C:\\Windows\\System32\\services.exe","ParentProcessGuid":"{D5973106-B2D1-2026-5422-902C345F19B2}","OriginalFileName":"C:\\Program Files\\Microsoft Office\\Office16\\OUTLOOK.EXE","SHA256":"72e29d900806f34fef5aeedb2d0027f2ce398a3e40aec8d3f4083d0f34a27d13"}
{"UtcTime":"2026-08-12 10:29:54.000","Computer":"TN-FIN-WS042","User":"TRANSNORTE\\ops.cardoso","EventID":3,"Image":"C:\\Windows\\System32\\RuntimeBroker.exe","ProcessGuid":"{004340C4-73AF-2026-6E84-9F19980FB402}","ProcessId":6326,"DestinationIp":"1.1.1.1","DestinationPort":443,"SourceIp":"10.50.10.42","Protocol":"tcp"}
{"UtcTime":"2026-08-12 10:29:55.000","Computer":"TN-FIN-WS042","User":"TRANSNORTE\\backup_svc","EventID":1,"Image":"C:\\Windows\\System32\\RuntimeBroker.exe","ProcessGuid":"{B4859062-2AE6-2026-A517-F8D6BE3BE4F8}","ProcessId":7489,"CommandLine":"C:\\Windows\\System32\\RuntimeBroker.exe","ParentImage":"C:\\Windows\\System32\\services.exe","ParentProcessGuid":"{D396306D-9280-2026-178D-3E9BD1CDE21C}","OriginalFileName":"C:\\Windows\\System32\\RuntimeBroker.exe","SHA256":"3aa7b2e72da57cff681f57312f0890b13f04c94ed732a73c5042b7180e091ff6"}
{"UtcTime":"2026-08-12 10:29:56.000","Computer":"TN-FIN-WS042","User":"TRANSNORTE\\ops.cardoso","EventID":5,"Image":"C:\\Program Files\\Microsoft Office\\Office16\\OUTLOOK.EXE","ProcessGuid":"{DCDE2A1A-336D-2026-138E-9F22B5AAFFB5}","ProcessId":3082,"EventType":"End"}
{"UtcTime":"2026-08-12 10:29:57.000","Computer":"TN-FIN-WS042","User":"TRANSNORTE\\ops.cardoso","EventID":13,"Image":"C:\\Windows\\System32\\conhost.exe","ProcessGuid":"{9170DF8E-B7DF-2026-AD1F-76C1E0DCF6C3}","ProcessId":4575,"EventType":"SetValue","TargetObject":"HKCU\\Software\\Microsoft\\Office\\16.0\\Outlook\\Resiliency\\2997","Details":"1"}
{"UtcTime":"2026-08-12 10:29:58.000","Computer":"TN-FIN-WS042","User":"TRANSNORTE\\backup_svc","EventID":3,"Image":"C:\\Program Files\\Microsoft Office\\Office16\\OUTLOOK.EXE","ProcessGuid":"{547247B3-BD95-2026-9328-A4050FA389AE}","ProcessId":3736,"DestinationIp":"8.8.8.8","DestinationPort":53,"SourceIp":"10.50.10.42","Protocol":"tcp"}
{"UtcTime":"2026-08-12 10:29:59.000","Computer":"TN-FIN-WS042","User":"TRANSNORTE\\ops.cardoso","EventID":1,"Image":"C:\\Windows\\explorer.exe","ProcessGuid":"{43323A74-1217-2026-CBF7-E77A15A0D6B2}","ProcessId":8495,"CommandLine":"C:\\Windows\\explorer.exe","ParentImage":"C:\\Windows\\System32\\services.exe","ParentProcessGuid":"{5FBEAAE3-96A9-2026-FB4B-C3DECEEEA3A6}","OriginalFileName":"C:\\Windows\\explorer.exe","SHA256":"0fbe88e0af5ac8dfb81d437549e0df0994a7df3a2849172ed50d569945e6c7cb"}
{"UtcTime":"2026-08-12 10:30:00.000","Computer":"TN-FIN-WS042","User":"TRANSNORTE\\backup_svc","EventID":1,"Image":"C:\\Program Files\\Microsoft Office\\Office16\\OUTLOOK.EXE","ProcessGuid":"{C51D044E-BBD2-2026-6B21-D9D23F192AB9}","ProcessId":653,"CommandLine":"C:\\Program Files\\Microsoft Office\\Office16\\OUTLOOK.EXE","ParentImage":"C:\\Windows\\System32\\services.exe","ParentProcessGuid":"{27E322AA-4272-2026-B289-0676A328B2EE}","OriginalFileName":"C:\\Program Files\\Microsoft Office\\Office16\\OUTLOOK.EXE","SHA256":"80db5524640e544093aee5a08ad3200b9ac8be70cfb73d77a0ddbd9f85f76107"}
{"UtcTime":"2026-08-12 10:30:01.000","Computer":"TN-FIN-WS042","User":"TRANSNORTE\\backup_svc","EventID":1,"Image":"C:\\Windows\\System32\\RuntimeBroker.exe","ProcessGuid":"{1AB250A9-E401-2026-2B33-7CD72E470E8D}","ProcessId":2486,"CommandLine":"C:\\Windows\\System32\\RuntimeBroker.exe","ParentImage":"C:\\Windows\\System32\\services.exe","ParentProcessGuid":"{EE189612-A7D5-2026-C2DB-36B950CECFDD}","OriginalFileName":"C:\\Windows\\System32\\RuntimeBroker.exe","SHA256":"6751879929e01926a85fc525d60b285ed7ead3bd855506a1261ea554c92d1343"}
{"UtcTime":"2026-08-12 10:30:02.000","Computer":"TN-FIN-WS042","User":"TRANSNORTE\\ops.cardoso","EventID":5,"Image":"C:\\Program Files\\Google\\Chrome\\Application\\chrome.exe","ProcessGuid":"{B1ED845C-6674-2026-4DAF-03A55E64728E}","ProcessId":4954,"EventType":"End"}
{"UtcTime":"2026-08-12 10:30:03.000","Computer":"TN-FIN-WS042","User":"TRANSNORTE\\ops.cardoso","EventID":5,"Image":"C:\\Program Files\\Google\\Chrome\\Application\\chrome.exe","ProcessGuid":"{F4050C46-D437-2026-F941-22E6B09C3931}","ProcessId":7154,"EventType":"End"}
{"UtcTime":"2026-08-12 10:30:04.000","Computer":"TN-FIN-WS042","User":"TRANSNORTE\\backup_svc","EventID":13,"Image":"C:\\Windows\\explorer.exe","ProcessGuid":"{A735354B-60C4-2026-E230-9837D1310F3E}","ProcessId":2506,"EventType":"SetValue","TargetObject":"HKCU\\Software\\Microsoft\\Office\\16.0\\Outlook\\Resiliency\\3004","Details":"1"}
{"UtcTime":"2026-08-12 10:30:05.000","Computer":"TN-FIN-WS042","User":"TRANSNORTE\\backup_svc","EventID":3,"Image":"C:\\Windows\\System32\\RuntimeBroker.exe","ProcessGuid":"{5A5419C2-EAB8-2026-E3BF-52A196034CC4}","ProcessId":2732,"DestinationIp":"10.50.10.88","DestinationPort":443,"SourceIp":"10.50.10.42","Protocol":"tcp"}
{"UtcTime":"2026-08-12 10:30:06.000","Computer":"TN-FIN-WS042","User":"TRANSNORTE\\backup_svc","EventID":1,"Image":"C:\\Windows\\System32\\RuntimeBroker.exe","ProcessGuid":"{E3F83724-4FED-2026-073B-4EFB9391C2D2}","ProcessId":8671,"CommandLine":"C:\\Windows\\System32\\RuntimeBroker.exe","ParentImage":"C:\\Windows\\System32\\services.exe","ParentProcessGuid":"{FF02B579-59A8-2026-E957-31E68ADFCB60}","OriginalFileName":"C:\\Windows\\System32\\RuntimeBroker.exe","SHA256":"e829d36d030d27962698f32a4a7e5cae2100d20c8a7967a21bea80efaebc8839"}
{"UtcTime":"2026-08-12 10:30:07.000","Computer":"TN-FIN-WS042","User":"TRANSNORTE\\ops.cardoso","EventID":13,"Image":"C:\\Windows\\System32\\RuntimeBroker.exe","ProcessGuid":"{51A13160-0AEF-2026-5CCF-02228BCD2E45}","ProcessId":7695,"EventType":"SetValue","TargetObject":"HKCU\\Software\\Microsoft\\Office\\16.0\\Outlook\\Resiliency\\3007","Details":"1"}
{"UtcTime":"2026-08-12 10:30:08.000","Computer":"TN-FIN-WS042","User":"TRANSNORTE\\ops.cardoso","EventID":11,"Image":"C:\\Windows\\System32\\RuntimeBroker.exe","ProcessGuid":"{54DBE434-5585-2026-AD58-BD0C52785100}","ProcessId":3091,"TargetFilename":"C:\\Users\\ops.cardoso\\AppData\\Local\\Temp\\office-3008.tmp"}
{"UtcTime":"2026-08-12 10:30:09.000","Computer":"TN-FIN-WS042","User":"TRANSNORTE\\backup_svc","EventID":1,"Image":"C:\\Program Files\\Google\\Chrome\\Application\\chrome.exe","ProcessGuid":"{35D0B192-37CB-2026-A5CD-D49E36E68F74}","ProcessId":616,"CommandLine":"C:\\Program Files\\Google\\Chrome\\Application\\chrome.exe","ParentImage":"C:\\Windows\\System32\\services.exe","ParentProcessGuid":"{B7F57156-FB4B-2026-CDB1-E06FFFE7F321}","OriginalFileName":"C:\\Program Files\\Google\\Chrome\\Application\\chrome.exe","SHA256":"cfd99051c97dcf8168f23a2a452fdd95ee17f7f6bd27c287e89db3549b59b9e6"}
{"UtcTime":"2026-08-12 10:30:10.000","Computer":"TN-FIN-WS042","User":"TRANSNORTE\\backup_svc","EventID":3,"Image":"C:\\Windows\\System32\\RuntimeBroker.exe","ProcessGuid":"{2D8475AF-67DE-2026-57B6-33DBF1BF2408}","ProcessId":7882,"DestinationIp":"10.50.10.10","DestinationPort":443,"SourceIp":"10.50.10.42","Protocol":"tcp"}
{"UtcTime":"2026-08-12 10:30:11.000","Computer":"TN-FIN-WS042","User":"TRANSNORTE\\backup_svc","EventID":1,"Image":"C:\\Windows\\explorer.exe","ProcessGuid":"{0FB083F9-73DD-2026-3C6F-8177AAF384E7}","ProcessId":5060,"CommandLine":"C:\\Windows\\explorer.exe","ParentImage":"C:\\Windows\\System32\\services.exe","ParentProcessGuid":"{10E4A869-16B9-2026-71EE-BF9B21FA7543}","OriginalFileName":"C:\\Windows\\explorer.exe","SHA256":"d8d97038d9b69eed918b3c131ad6136cf0b3e148f77efb3ecd0de0a603aefa90"}
{"UtcTime":"2026-08-12 10:30:12.000","Computer":"TN-FIN-WS042","User":"TRANSNORTE\\backup_svc","EventID":11,"Image":"C:\\Program Files\\Microsoft Office\\Office16\\OUTLOOK.EXE","ProcessGuid":"{1EDFEBB2-DF52-2026-B1CD-871B8882B817}","ProcessId":5903,"TargetFilename":"C:\\Users\\ops.cardoso\\AppData\\Local\\Temp\\office-3012.tmp"}
{"UtcTime":"2026-08-12 10:30:13.000","Computer":"TN-FIN-WS042","User":"TRANSNORTE\\backup_svc","EventID":1,"Image":"C:\\Program Files\\Google\\Chrome\\Application\\chrome.exe","ProcessGuid":"{4717740D-0DDA-2026-0CCC-A1EE07BE6C5F}","ProcessId":4776,"CommandLine":"C:\\Program Files\\Google\\Chrome\\Application\\chrome.exe","ParentImage":"C:\\Windows\\System32\\services.exe","ParentProcessGuid":"{62720229-2092-2026-2A9C-60C68ECC6F0B}","OriginalFileName":"C:\\Program Files\\Google\\Chrome\\Application\\chrome.exe","SHA256":"270afd708bdf02977ca1948acd830fc15c422b335f702d4f49b436770d259b29"}
{"UtcTime":"2026-08-12 10:30:14.000","Computer":"TN-FIN-WS042","User":"TRANSNORTE\\backup_svc","EventID":1,"Image":"C:\\Program Files\\Microsoft Office\\Office16\\OUTLOOK.EXE","ProcessGuid":"{03E1DEA6-D1BE-2026-D61E-1BA52639B826}","ProcessId":5426,"CommandLine":"C:\\Program Files\\Microsoft Office\\Office16\\OUTLOOK.EXE","ParentImage":"C:\\Windows\\System32\\services.exe","ParentProcessGuid":"{3493A371-45AE-2026-C23E-685BD21C8656}","OriginalFileName":"C:\\Program Files\\Microsoft Office\\Office16\\OUTLOOK.EXE","SHA256":"b3e3b174045c0ea7314e02621e28d857e2db0b7308d5cf8c87dfebc1c996d46a"}
{"UtcTime":"2026-08-12 10:30:15.000","Computer":"TN-FIN-WS042","User":"TRANSNORTE\\backup_svc","EventID":11,"Image":"C:\\Windows\\System32\\RuntimeBroker.exe","ProcessGuid":"{AB55CD4C-83F8-2026-8A98-01DF9E4C9899}","ProcessId":7158,"TargetFilename":"C:\\Users\\ops.cardoso\\AppData\\Local\\Temp\\office-3015.tmp"}
