{"UtcTime":"2026-08-12 15:36:39.000","Computer":"CLM-MESA-014","User":"CLM\\ops","EventID":1,"Image":"C:\\Windows\\explorer.exe","ProcessGuid":"{8A3AD07C-855D-2026-989D-7FE695B78BE2}","ProcessId":7388,"CommandLine":"C:\\Windows\\explorer.exe","ParentImage":"C:\\Windows\\System32\\services.exe","ParentProcessGuid":"{367C09B2-86C1-2026-FBAE-84602C1A2FB1}","OriginalFileName":"C:\\Windows\\explorer.exe"}
{"UtcTime":"2026-08-12 15:36:40.000","Computer":"CLM-MESA-014","User":"CLM\\backoffice","EventID":1,"Image":"C:\\Program Files\\Google\\Chrome\\Application\\chrome.exe","ProcessGuid":"{8ACAE460-4503-2026-1E3C-4AE41C8F2932}","ProcessId":3293,"CommandLine":"C:\\Program Files\\Google\\Chrome\\Application\\chrome.exe","ParentImage":"C:\\Windows\\System32\\services.exe","ParentProcessGuid":"{59231E12-A6FF-2026-52B0-00DD0C61E3E0}","OriginalFileName":"C:\\Program Files\\Google\\Chrome\\Application\\chrome.exe"}
{"UtcTime":"2026-08-12 15:36:41.000","Computer":"CLM-MESA-014","User":"CLM\\ops","EventID":1,"Image":"C:\\Windows\\System32\\RuntimeBroker.exe","ProcessGuid":"{05D46BC5-3493-2026-26A4-9A9254C2FED4}","ProcessId":1599,"CommandLine":"C:\\Windows\\System32\\RuntimeBroker.exe","ParentImage":"C:\\Windows\\System32\\services.exe","ParentProcessGuid":"{BA16E8EF-49F4-2026-8051-D89E879F1D6D}","OriginalFileName":"C:\\Windows\\System32\\RuntimeBroker.exe"}
{"UtcTime":"2026-08-12 15:36:42.000","Computer":"CLM-MESA-014","User":"CLM\\backoffice","EventID":13,"Image":"C:\\Windows\\System32\\RuntimeBroker.exe","ProcessGuid":"{FFDA6D0B-24F5-2026-74FC-F8D9F35EBB02}","ProcessId":8300,"EventType":"SetValue","TargetObject":"HKCU\\Software\\CLM\\Mesa\\Pref\\5202","Details":"1"}
{"UtcTime":"2026-08-12 15:36:43.000","Computer":"CLM-MESA-014","User":"CLM\\mesa","EventID":5,"Image":"C:\\Windows\\explorer.exe","ProcessGuid":"{D7AC5F00-4993-2026-291C-7F95EFA22C52}","ProcessId":4199,"EventType":"End"}
{"UtcTime":"2026-08-12 15:36:44.000","Computer":"CLM-MESA-014","User":"CLM\\backoffice","EventID":1,"Image":"C:\\Windows\\System32\\RuntimeBroker.exe","ProcessGuid":"{98F2D47F-FD4C-2026-0957-3C116125997B}","ProcessId":5312,"CommandLine":"C:\\Windows\\System32\\RuntimeBroker.exe","ParentImage":"C:\\Windows\\System32\\services.exe","ParentProcessGuid":"{425C1488-DCDE-2026-1D02-7BA9F798CDDA}","OriginalFileName":"C:\\Windows\\System32\\RuntimeBroker.exe"}
{"UtcTime":"2026-08-12 15:36:45.000","Computer":"CLM-MESA-014","User":"CLM\\backoffice","EventID":3,"Image":"C:\\Windows\\explorer.exe","ProcessGuid":"{9259949F-B6C4-2026-1B78-D9C010FB4BC5}","ProcessId":3645,"DestinationIp":"8.8.8.8","DestinationPort":135,"DestinationHostname":"portal.clm.liquidacao","SourceIp":"10.70.30.14","Protocol":"tcp"}
{"UtcTime":"2026-08-12 15:36:46.000","Computer":"CLM-MESA-014","User":"CLM\\ops","EventID":13,"Image":"C:\\Program Files\\Microsoft Office\\Office16\\EXCEL.EXE","ProcessGuid":"{36C36756-E035-2026-8E0D-8C0D17932020}","ProcessId":7136,"EventType":"SetValue","TargetObject":"HKCU\\Software\\CLM\\Mesa\\Pref\\5206","Details":"1"}
{"UtcTime":"2026-08-12 15:36:47.000","Computer":"CLM-MESA-014","User":"CLM\\ops","EventID":11,"Image":"C:\\Windows\\System32\\conhost.exe","ProcessGuid":"{D22276EA-B4D7-2026-A4A5-16AA142EAD8D}","ProcessId":2350,"TargetFilename":"C:\\Users\\Public\\Temp\\mesa-5207.tmp"}
{"UtcTime":"2026-08-12 15:36:48.000","Computer":"CLM-MESA-014","User":"CLM\\ops","EventID":3,"Image":"C:\\Program Files\\Microsoft Office\\Office16\\EXCEL.EXE","ProcessGuid":"{0E9913DE-E550-2026-1B91-42B25F755568}","ProcessId":4740,"DestinationIp":"10.70.30.8","DestinationPort":8080,"DestinationHostname":"ntp.clm.liquidacao","SourceIp":"10.70.30.14","Protocol":"tcp"}
{"UtcTime":"2026-08-12 15:36:49.000","Computer":"CLM-MESA-014","User":"CLM\\backoffice","EventID":3,"Image":"C:\\Windows\\System32\\RuntimeBroker.exe","ProcessGuid":"{24753DD8-2F7B-2026-54C7-FF0FFF03192C}","ProcessId":1523,"DestinationIp":"8.8.8.8","DestinationPort":8080,"DestinationHostname":"ntp.clm.liquidacao","SourceIp":"10.70.30.14","Protocol":"tcp"}
{"UtcTime":"2026-08-12 15:36:50.000","Computer":"CLM-MESA-014","User":"CLM\\mesa","EventID":1,"Image":"C:\\Windows\\System32\\conhost.exe","ProcessGuid":"{59DD8855-F6A8-2026-4C0E-799A24E6C5E9}","ProcessId":8483,"CommandLine":"C:\\Windows\\System32\\conhost.exe","ParentImage":"C:\\Windows\\System32\\services.exe","ParentProcessGuid":"{4BAF8261-4097-2026-488C-1BB6547A3DCF}","OriginalFileName":"C:\\Windows\\System32\\conhost.exe"}
{"UtcTime":"2026-08-12 15:36:51.000","Computer":"CLM-MESA-014","User":"CLM\\backoffice","EventID":1,"Image":"C:\\Windows\\System32\\svchost.exe","ProcessGuid":"{02970ED5-0919-2026-585B-4F6B73B606D4}","ProcessId":1877,"CommandLine":"C:\\Windows\\System32\\svchost.exe","ParentImage":"C:\\Windows\\System32\\services.exe","ParentProcessGuid":"{3DD28355-9568-2026-7F92-1D14C0F622E4}","OriginalFileName":"C:\\Windows\\System32\\svchost.exe"}
{"UtcTime":"2026-08-12 15:36:52.000","Computer":"CLM-MESA-014","User":"CLM\\mesa","EventID":11,"Image":"C:\\Windows\\explorer.exe","ProcessGuid":"{CB76A834-6EB8-2026-2487-9DECE12B533C}","ProcessId":8031,"TargetFilename":"C:\\Users\\Public\\Temp\\mesa-5212.tmp"}
{"UtcTime":"2026-08-12 15:36:53.000","Computer":"CLM-MESA-014","User":"CLM\\backoffice","EventID":5,"Image":"C:\\Windows\\System32\\conhost.exe","ProcessGuid":"{715D7DB7-0EF5-2026-9AA9-F80F2BF250EA}","ProcessId":5377,"EventType":"End"}
{"UtcTime":"2026-08-12 15:36:54.000","Computer":"CLM-MESA-014","User":"CLM\\ops","EventID":5,"Image":"C:\\Program Files\\Microsoft Office\\Office16\\EXCEL.EXE","ProcessGuid":"{46578571-1580-2026-D5C7-E07FFAA0AD6C}","ProcessId":1166,"EventType":"End"}
{"UtcTime":"2026-08-12 15:36:55.000","Computer":"CLM-MESA-014","User":"CLM\\mesa","EventID":13,"Image":"C:\\Windows\\explorer.exe","ProcessGuid":"{FF3F8012-4E61-2026-5190-97347AECF8E6}","ProcessId":7704,"EventType":"SetValue","TargetObject":"HKCU\\Software\\CLM\\Mesa\\Pref\\5215","Details":"1"}
{"UtcTime":"2026-08-12 15:36:56.000","Computer":"CLM-MESA-014","User":"CLM\\mesa","EventID":13,"Image":"C:\\Windows\\System32\\RuntimeBroker.exe","ProcessGuid":"{54A032ED-5278-2026-4D04-0ACAC63F95D9}","ProcessId":1435,"EventType":"SetValue","TargetObject":"HKCU\\Software\\CLM\\Mesa\\Pref\\5216","Details":"1"}
{"UtcTime":"2026-08-12 15:36:57.000","Computer":"CLM-MESA-014","User":"CLM\\ops","EventID":1,"Image":"C:\\Windows\\System32\\svchost.exe","ProcessGuid":"{D1BFEC36-1EE3-2026-706F-3267D0FE7EB9}","ProcessId":7664,"CommandLine":"C:\\Windows\\System32\\svchost.exe","ParentImage":"C:\\Windows\\System32\\services.exe","ParentProcessGuid":"{762DBBA5-DD7A-2026-19C2-1618247B7136}","OriginalFileName":"C:\\Windows\\System32\\svchost.exe"}
{"UtcTime":"2026-08-12 15:36:58.000","Computer":"CLM-MESA-014","User":"CLM\\mesa","EventID":5,"Image":"C:\\Program Files\\Microsoft Office\\Office16\\EXCEL.EXE","ProcessGuid":"{84248816-556F-2026-98D1-98111C85C260}","ProcessId":2970,"EventType":"End"}
{"UtcTime":"2026-08-12 15:36:59.000","Computer":"CLM-MESA-014","User":"CLM\\ops","EventID":3,"Image":"C:\\Windows\\System32\\conhost.exe","ProcessGuid":"{5B402B0D-5936-2026-A46C-EC83EA9A6641}","ProcessId":2765,"DestinationIp":"10.70.30.1","DestinationPort":8080,"DestinationHostname":"ntp.clm.liquidacao","SourceIp":"10.70.30.14","Protocol":"tcp"}
{"UtcTime":"2026-08-12 15:37:00.000","Computer":"CLM-MESA-014","User":"CLM\\backoffice","EventID":13,"Image":"C:\\Program Files\\Google\\Chrome\\Application\\chrome.exe","ProcessGuid":"{20FAC86C-BBCD-2026-8BE4-25C315956DCF}","ProcessId":7818,"EventType":"SetValue","TargetObject":"HKCU\\Software\\CLM\\Mesa\\Pref\\5220","Details":"1"}
{"UtcTime":"2026-08-12 15:37:01.000","Computer":"CLM-MESA-014","User":"CLM\\ops","EventID":5,"Image":"C:\\Program Files\\Google\\Chrome\\Application\\chrome.exe","ProcessGuid":"{89B75E94-99F8-2026-2C65-3FEBBAAE3F6D}","ProcessId":8872,"EventType":"End"}
{"UtcTime":"2026-08-12 15:37:02.000","Computer":"CLM-MESA-014","User":"CLM\\ops","EventID":13,"Image":"C:\\Windows\\System32\\svchost.exe","ProcessGuid":"{CCD2C5EA-9283-2026-3251-B1A90203B04A}","ProcessId":5348,"EventType":"SetValue","TargetObject":"HKCU\\Software\\CLM\\Mesa\\Pref\\5222","Details":"1"}
{"UtcTime":"2026-08-12 15:37:03.000","Computer":"CLM-MESA-014","User":"CLM\\mesa","EventID":5,"Image":"C:\\Program Files\\Google\\Chrome\\Application\\chrome.exe","ProcessGuid":"{AE27DFF9-DAFB-2026-9F34-FB60FD50B2FD}","ProcessId":7971,"EventType":"End"}
{"UtcTime":"2026-08-12 15:37:04.000","Computer":"CLM-MESA-014","User":"CLM\\backoffice","EventID":1,"Image":"C:\\Program Files\\Microsoft Office\\Office16\\EXCEL.EXE","ProcessGuid":"{593C3B21-3107-2026-AD4D-38BA27313C66}","ProcessId":2098,"CommandLine":"C:\\Program Files\\Microsoft Office\\Office16\\EXCEL.EXE","ParentImage":"C:\\Windows\\System32\\services.exe","ParentProcessGuid":"{2004C9B4-501B-2026-84E2-63F08BF9AE71}","OriginalFileName":"C:\\Program Files\\Microsoft Office\\Office16\\EXCEL.EXE"}
{"UtcTime":"2026-08-12 15:37:05.000","Computer":"CLM-MESA-014","User":"CLM\\backoffice","EventID":1,"Image":"C:\\Program Files\\Microsoft Office\\Office16\\EXCEL.EXE","ProcessGuid":"{18668612-4925-2026-48E7-527F9C308893}","ProcessId":4570,"CommandLine":"C:\\Program Files\\Microsoft Office\\Office16\\EXCEL.EXE","ParentImage":"C:\\Windows\\System32\\services.exe","ParentProcessGuid":"{0A9FB684-7D5C-2026-D067-579B93FAF94C}","OriginalFileName":"C:\\Program Files\\Microsoft Office\\Office16\\EXCEL.EXE"}
{"UtcTime":"2026-08-12 15:37:06.000","Computer":"CLM-MESA-014","User":"CLM\\backoffice","EventID":3,"Image":"C:\\Program Files\\Google\\Chrome\\Application\\chrome.exe","ProcessGuid":"{18A1E25E-41E0-2026-8578-32E3B9573DF8}","ProcessId":3240,"DestinationIp":"8.8.8.8","DestinationPort":135,"DestinationHostname":"portal.clm.liquidacao","SourceIp":"10.70.30.14","Protocol":"tcp"}
{"UtcTime":"2026-08-12 15:37:07.000","Computer":"CLM-MESA-014","User":"CLM\\ops","EventID":3,"Image":"C:\\Windows\\explorer.exe","ProcessGuid":"{B695D281-DD4C-2026-A4AA-D993CADF128B}","ProcessId":5048,"DestinationIp":"10.70.30.8","DestinationPort":135,"DestinationHostname":"portal.clm.liquidacao","SourceIp":"10.70.30.14","Protocol":"tcp"}
{"UtcTime":"2026-08-12 15:37:08.000","Computer":"CLM-MESA-014","User":"CLM\\mesa","EventID":3,"Image":"C:\\Program Files\\Microsoft Office\\Office16\\EXCEL.EXE","ProcessGuid":"{8A2CDF7B-7FDC-2026-D8D4-9F207286D93D}","ProcessId":4556,"DestinationIp":"10.70.30.8","DestinationPort":443,"DestinationHostname":"portal.clm.liquidacao","SourceIp":"10.70.30.14","Protocol":"tcp"}
{"UtcTime":"2026-08-12 15:37:09.000","Computer":"CLM-MESA-014","User":"CLM\\ops","EventID":3,"Image":"C:\\Program Files\\Google\\Chrome\\Application\\chrome.exe","ProcessGuid":"{3396F289-56E6-2026-91A2-A0EFB27887C3}","ProcessId":440,"DestinationIp":"8.8.8.8","DestinationPort":8080,"DestinationHostname":"ntp.clm.liquidacao","SourceIp":"10.70.30.14","Protocol":"tcp"}
{"UtcTime":"2026-08-12 15:37:10.000","Computer":"CLM-MESA-014","User":"CLM\\ops","EventID":1,"Image":"C:\\Program Files\\Google\\Chrome\\Application\\chrome.exe","ProcessGuid":"{D86CED51-B1D0-2026-7DFB-9C444C1D5322}","ProcessId":2741,"CommandLine":"C:\\Program Files\\Google\\Chrome\\Application\\chrome.exe","ParentImage":"C:\\Windows\\System32\\services.exe","ParentProcessGuid":"{484D5BAA-F209-2026-5661-D890606EB5F9}","OriginalFileName":"C:\\Program Files\\Google\\Chrome\\Application\\chrome.exe"}
{"UtcTime":"2026-08-12 15:37:11.000","Computer":"CLM-MESA-014","User":"CLM\\backoffice","EventID":1,"Image":"C:\\Windows\\System32\\svchost.exe","ProcessGuid":"{03745F7B-1170-2026-1233-37D717EE6D9C}","ProcessId":5272,"CommandLine":"C:\\Windows\\System32\\svchost.exe","ParentImage":"C:\\Windows\\System32\\services.exe","ParentProcessGuid":"{FEDADB4C-7BE0-2026-E79C-1B750D44BF5D}","OriginalFileName":"C:\\Windows\\System32\\svchost.exe"}
{"UtcTime":"2026-08-12 15:37:12.000","Computer":"CLM-MESA-014","User":"CLM\\mesa","EventID":11,"Image":"C:\\Windows\\System32\\svchost.exe","ProcessGuid":"{9BEA2ACD-2F44-2026-7471-9F96D9A5A4B6}","ProcessId":7978,"TargetFilename":"C:\\Users\\Public\\Temp\\mesa-5232.tmp"}
{"UtcTime":"2026-08-12 15:37:13.000","Computer":"CLM-MESA-014","User":"CLM\\backoffice","EventID":3,"Image":"C:\\Program Files\\Microsoft Office\\Office16\\EXCEL.EXE","ProcessGuid":"{196EF248-C3D4-2026-67A7-C206EFEF4749}","ProcessId":1888,"DestinationIp":"10.70.30.1","DestinationPort":135,"DestinationHostname":"ntp.clm.liquidacao","SourceIp":"10.70.30.14","Protocol":"tcp"}
{"UtcTime":"2026-08-12 15:37:14.000","Computer":"CLM-MESA-014","User":"CLM\\backoffice","EventID":13,"Image":"C:\\Program Files\\Microsoft Office\\Office16\\EXCEL.EXE","ProcessGuid":"{C4BEE352-2135-2026-2243-425C02A594FC}","ProcessId":1396,"EventType":"SetValue","TargetObject":"HKCU\\Software\\CLM\\Mesa\\Pref\\5234","Details":"1"}
{"UtcTime":"2026-08-12 15:37:15.000","Computer":"CLM-MESA-014","User":"CLM\\ops","EventID":3,"Image":"C:\\Program Files\\Google\\Chrome\\Application\\chrome.exe","ProcessGuid":"{BCA1F319-B735-2026-CED9-9DF13152F4B2}","ProcessId":2116,"DestinationIp":"10.70.30.1","DestinationPort":443,"DestinationHostname":"ntp.clm.liquidacao","SourceIp":"10.70.30.14","Protocol":"tcp"}
{"UtcTime":"2026-08-12 15:37:16.000","Computer":"CLM-MESA-014","User":"CLM\\ops","EventID":13,"Image":"C:\\Windows\\System32\\RuntimeBroker.exe","ProcessGuid":"{2276C360-DA20-2026-3ECB-2F66DF621745}","ProcessId":8592,"EventType":"SetValue","TargetObject":"HKCU\\Software\\CLM\\Mesa\\Pref\\5236","Details":"1"}
{"UtcTime":"2026-08-12 15:37:17.000","Computer":"CLM-MESA-014","User":"CLM\\mesa","EventID":11,"Image":"C:\\Windows\\System32\\svchost.exe","ProcessGuid":"{56348332-E6CD-2026-0655-E840578BB173}","ProcessId":1359,"TargetFilename":"C:\\Users\\Public\\Temp\\mesa-5237.tmp"}
{"UtcTime":"2026-08-12 15:37:18.000","Computer":"CLM-MESA-014","User":"CLM\\ops","EventID":1,"Image":"C:\\Windows\\System32\\RuntimeBroker.exe","ProcessGuid":"{45D41A40-F672-2026-DD42-969818052071}","ProcessId":4427,"CommandLine":"C:\\Windows\\System32\\RuntimeBroker.exe","ParentImage":"C:\\Windows\\System32\\services.exe","ParentProcessGuid":"{AB1BB80C-A1B1-2026-381F-F1DCB979C881}","OriginalFileName":"C:\\Windows\\System32\\RuntimeBroker.exe"}
{"UtcTime":"2026-08-12 15:37:19.000","Computer":"CLM-MESA-014","User":"CLM\\backoffice","EventID":1,"Image":"C:\\Windows\\System32\\RuntimeBroker.exe","ProcessGuid":"{7172E009-AE8B-2026-9F2A-72B95ADE8723}","ProcessId":1428,"CommandLine":"C:\\Windows\\System32\\RuntimeBroker.exe","ParentImage":"C:\\Windows\\System32\\services.exe","ParentProcessGuid":"{30818C8A-62BE-2026-F728-E7137F8A23BB}","OriginalFileName":"C:\\Windows\\System32\\RuntimeBroker.exe"}
{"UtcTime":"2026-08-12 15:37:20.000","Computer":"CLM-MESA-014","User":"CLM\\ops","EventID":1,"Image":"C:\\Windows\\explorer.exe","ProcessGuid":"{2FD026D4-FB8F-2026-B961-6C158BD24023}","ProcessId":1688,"CommandLine":"C:\\Windows\\explorer.exe","ParentImage":"C:\\Windows\\System32\\services.exe","ParentProcessGuid":"{8D99F176-7133-2026-4E39-1AAE0B05E7E1}","OriginalFileName":"C:\\Windows\\explorer.exe"}
{"UtcTime":"2026-08-12 15:37:21.000","Computer":"CLM-MESA-014","User":"CLM\\ops","EventID":1,"Image":"C:\\Windows\\System32\\svchost.exe","ProcessGuid":"{DFA4F644-3EF4-2026-DDAF-940C53BBC9B6}","ProcessId":7945,"CommandLine":"C:\\Windows\\System32\\svchost.exe","ParentImage":"C:\\Windows\\System32\\services.exe","ParentProcessGuid":"{582A1628-23E0-2026-F78D-CCCF91BA0FE3}","OriginalFileName":"C:\\Windows\\System32\\svchost.exe"}
{"UtcTime":"2026-08-12 15:37:22.000","Computer":"CLM-MESA-014","User":"CLM\\backoffice","EventID":1,"Image":"C:\\Windows\\explorer.exe","ProcessGuid":"{FCFFBB17-D0DF-2026-3A60-8D3A52EB1CA0}","ProcessId":4597,"CommandLine":"C:\\Windows\\explorer.exe","ParentImage":"C:\\Windows\\System32\\services.exe","ParentProcessGuid":"{67DFC072-B783-2026-E3D5-487D65D7FC71}","OriginalFileName":"C:\\Windows\\explorer.exe"}
{"UtcTime":"2026-08-12 15:37:23.000","Computer":"CLM-MESA-014","User":"CLM\\mesa","EventID":11,"Image":"C:\\Windows\\System32\\svchost.exe","ProcessGuid":"{060E4943-17CC-2026-C91D-68D9AAC1D8BA}","ProcessId":1475,"TargetFilename":"C:\\Users\\Public\\Temp\\mesa-5243.tmp"}
{"UtcTime":"2026-08-12 15:37:24.000","Computer":"CLM-MESA-014","User":"CLM\\mesa","EventID":5,"Image":"C:\\Windows\\explorer.exe","ProcessGuid":"{BD0E04E9-DE5B-2026-66AE-C46F889A18CE}","ProcessId":6677,"EventType":"End"}
{"UtcTime":"2026-08-12 15:37:25.000","Computer":"CLM-MESA-014","User":"CLM\\mesa","EventID":11,"Image":"C:\\Windows\\explorer.exe","ProcessGuid":"{CAB38DB9-11D5-2026-C7DD-99D435E2305F}","ProcessId":583,"TargetFilename":"C:\\Users\\Public\\Temp\\mesa-5245.tmp"}
{"UtcTime":"2026-08-12 15:37:26.000","Computer":"CLM-MESA-014","User":"CLM\\ops","EventID":5,"Image":"C:\\Program Files\\Google\\Chrome\\Application\\chrome.exe","ProcessGuid":"{9548DFF3-AC89-2026-F6CC-1EDF269FE847}","ProcessId":6307,"EventType":"End"}
{"UtcTime":"2026-08-12 15:37:27.000","Computer":"CLM-MESA-014","User":"CLM\\ops","EventID":13,"Image":"C:\\Windows\\System32\\conhost.exe","ProcessGuid":"{D8455A14-41B9-2026-4AA6-38A36349A6A8}","ProcessId":5912,"EventType":"SetValue","TargetObject":"HKCU\\Software\\CLM\\Mesa\\Pref\\5247","Details":"1"}
{"UtcTime":"2026-08-12 15:37:28.000","Computer":"CLM-MESA-014","User":"CLM\\backoffice","EventID":3,"Image":"C:\\Windows\\System32\\RuntimeBroker.exe","ProcessGuid":"{1F2CDBD3-0668-2026-F8F6-3ACE4F6E038B}","ProcessId":5166,"DestinationIp":"1.1.1.1","DestinationPort":135,"DestinationHostname":"ntp.clm.liquidacao","SourceIp":"10.70.30.14","Protocol":"tcp"}
{"UtcTime":"2026-08-12 15:37:29.000","Computer":"CLM-MESA-014","User":"CLM\\backoffice","EventID":1,"Image":"C:\\Program Files\\Microsoft Office\\Office16\\EXCEL.EXE","ProcessGuid":"{D1619111-E3AC-2026-128E-4FFAF30E62FD}","ProcessId":4835,"CommandLine":"C:\\Program Files\\Microsoft Office\\Office16\\EXCEL.EXE","ParentImage":"C:\\Windows\\System32\\services.exe","ParentProcessGuid":"{81F19A23-C426-2026-A6B6-3C3085D07540}","OriginalFileName":"C:\\Program Files\\Microsoft Office\\Office16\\EXCEL.EXE"}
{"UtcTime":"2026-08-12 15:37:30.000","Computer":"CLM-MESA-014","User":"CLM\\backoffice","EventID":3,"Image":"C:\\Windows\\explorer.exe","ProcessGuid":"{F18F75CC-56D5-2026-E1C9-79D398301C89}","ProcessId":5677,"DestinationIp":"10.70.30.1","DestinationPort":53,"DestinationHostname":"portal.clm.liquidacao","SourceIp":"10.70.30.14","Protocol":"tcp"}
{"UtcTime":"2026-08-12 15:37:31.000","Computer":"CLM-MESA-014","User":"CLM\\ops","EventID":5,"Image":"C:\\Program Files\\Google\\Chrome\\Application\\chrome.exe","ProcessGuid":"{44A2FE48-FA38-2026-E171-4CF7A14C3E5C}","ProcessId":1624,"EventType":"End"}
{"UtcTime":"2026-08-12 15:37:32.000","Computer":"CLM-MESA-014","User":"CLM\\mesa","EventID":11,"Image":"C:\\Windows\\System32\\svchost.exe","ProcessGuid":"{796BA7EF-80F9-2026-FE4E-4814E45AEF49}","ProcessId":5468,"TargetFilename":"C:\\Users\\Public\\Temp\\mesa-5252.tmp"}
{"UtcTime":"2026-08-12 15:37:33.000","Computer":"CLM-MESA-014","User":"CLM\\mesa","EventID":1,"Image":"C:\\Windows\\System32\\RuntimeBroker.exe","ProcessGuid":"{B6798544-24A4-2026-0A46-4C9633CB7D86}","ProcessId":938,"CommandLine":"C:\\Windows\\System32\\RuntimeBroker.exe","ParentImage":"C:\\Windows\\System32\\services.exe","ParentProcessGuid":"{569B8069-E8B4-2026-2C93-D925AC3D5349}","OriginalFileName":"C:\\Windows\\System32\\RuntimeBroker.exe"}
{"UtcTime":"2026-08-12 15:37:34.000","Computer":"CLM-MESA-014","User":"CLM\\ops","EventID":13,"Image":"C:\\Windows\\explorer.exe","ProcessGuid":"{0A2B3CB8-9BC9-2026-C27C-1BF7D9DC1E82}","ProcessId":5425,"EventType":"SetValue","TargetObject":"HKCU\\Software\\CLM\\Mesa\\Pref\\5254","Details":"1"}
{"UtcTime":"2026-08-12 15:37:35.000","Computer":"CLM-MESA-014","User":"CLM\\mesa","EventID":3,"Image":"C:\\Program Files\\Microsoft Office\\Office16\\EXCEL.EXE","ProcessGuid":"{0860931E-1567-2026-7970-ADEE66A3DD18}","ProcessId":2465,"DestinationIp":"1.1.1.1","DestinationPort":135,"DestinationHostname":"ntp.clm.liquidacao","SourceIp":"10.70.30.14","Protocol":"tcp"}
{"UtcTime":"2026-08-12 15:37:36.000","Computer":"CLM-MESA-014","User":"CLM\\mesa","EventID":1,"Image":"C:\\Windows\\System32\\conhost.exe","ProcessGuid":"{4E674886-52FF-2026-2B1C-EED3EBEDEA90}","ProcessId":2735,"CommandLine":"C:\\Windows\\System32\\conhost.exe","ParentImage":"C:\\Windows\\System32\\services.exe","ParentProcessGuid":"{CE59CA1C-C78C-2026-B0D1-B3BCA0A63E89}","OriginalFileName":"C:\\Windows\\System32\\conhost.exe"}
{"UtcTime":"2026-08-12 15:37:37.000","Computer":"CLM-MESA-014","User":"CLM\\ops","EventID":1,"Image":"C:\\Windows\\System32\\conhost.exe","ProcessGuid":"{4E8CCE2E-B4FD-2026-ACD9-3C12A2445260}","ProcessId":3836,"CommandLine":"C:\\Windows\\System32\\conhost.exe","ParentImage":"C:\\Windows\\System32\\services.exe","ParentProcessGuid":"{453FCE96-F331-2026-8557-85A525AF0422}","OriginalFileName":"C:\\Windows\\System32\\conhost.exe"}
{"UtcTime":"2026-08-12 15:37:38.000","Computer":"CLM-MESA-014","User":"CLM\\mesa","EventID":13,"Image":"C:\\Windows\\explorer.exe","ProcessGuid":"{0618852A-44D1-2026-E25C-B777548748DB}","ProcessId":3798,"EventType":"SetValue","TargetObject":"HKCU\\Software\\CLM\\Mesa\\Pref\\5258","Details":"1"}
{"UtcTime":"2026-08-12 15:37:39.000","Computer":"CLM-MESA-014","User":"CLM\\mesa","EventID":3,"Image":"C:\\Program Files\\Google\\Chrome\\Application\\chrome.exe","ProcessGuid":"{3F79C2F2-5F6E-2026-CE19-71CEEAB57F9C}","ProcessId":4618,"DestinationIp":"10.70.30.8","DestinationPort":443,"DestinationHostname":"portal.clm.liquidacao","SourceIp":"10.70.30.14","Protocol":"tcp"}
{"UtcTime":"2026-08-12 15:37:40.000","Computer":"CLM-MESA-014","User":"CLM\\backoffice","EventID":5,"Image":"C:\\Program Files\\Microsoft Office\\Office16\\EXCEL.EXE","ProcessGuid":"{3825C359-D8FA-2026-EBDF-D78CFC8F33DF}","ProcessId":4832,"EventType":"End"}
{"UtcTime":"2026-08-12 15:37:41.000","Computer":"CLM-MESA-014","User":"CLM\\ops","EventID":3,"Image":"C:\\Windows\\System32\\conhost.exe","ProcessGuid":"{DB71B02F-8EFF-2026-62BD-E09F39433BCC}","ProcessId":3314,"DestinationIp":"8.8.8.8","DestinationPort":8080,"DestinationHostname":"portal.clm.liquidacao","SourceIp":"10.70.30.14","Protocol":"tcp"}
{"UtcTime":"2026-08-12 15:37:42.000","Computer":"CLM-MESA-014","User":"CLM\\ops","EventID":1,"Image":"C:\\Windows\\System32\\svchost.exe","ProcessGuid":"{331AF898-BD5F-2026-69C9-444E95A39555}","ProcessId":2910,"CommandLine":"C:\\Windows\\System32\\svchost.exe","ParentImage":"C:\\Windows\\System32\\services.exe","ParentProcessGuid":"{314B1396-278E-2026-8D12-800D06896E0F}","OriginalFileName":"C:\\Windows\\System32\\svchost.exe"}
{"UtcTime":"2026-08-12 15:37:43.000","Computer":"CLM-MESA-014","User":"CLM\\ops","EventID":5,"Image":"C:\\Program Files\\Microsoft Office\\Office16\\EXCEL.EXE","ProcessGuid":"{195EC027-B24E-2026-6E7E-B23C21797417}","ProcessId":4364,"EventType":"End"}
{"UtcTime":"2026-08-12 15:37:44.000","Computer":"CLM-MESA-014","User":"CLM\\mesa","EventID":1,"Image":"C:\\Windows\\explorer.exe","ProcessGuid":"{01CDD58E-62A5-2026-60FB-42DC087C4E32}","ProcessId":1454,"CommandLine":"C:\\Windows\\explorer.exe","ParentImage":"C:\\Windows\\System32\\services.exe","ParentProcessGuid":"{D983A5BD-747A-2026-4229-65963D559D09}","OriginalFileName":"C:\\Windows\\explorer.exe"}
{"UtcTime":"2026-08-12 15:37:45.000","Computer":"CLM-MESA-014","User":"CLM\\ops","EventID":1,"Image":"C:\\Windows\\System32\\svchost.exe","ProcessGuid":"{1E8E126D-134E-2026-7DCD-719E31A90676}","ProcessId":3892,"CommandLine":"C:\\Windows\\System32\\svchost.exe","ParentImage":"C:\\Windows\\System32\\services.exe","ParentProcessGuid":"{18A4B652-2019-2026-1DC0-CE12912C911E}","OriginalFileName":"C:\\Windows\\System32\\svchost.exe"}
{"UtcTime":"2026-08-12 15:37:46.000","Computer":"CLM-MESA-014","User":"CLM\\ops","EventID":5,"Image":"C:\\Windows\\System32\\conhost.exe","ProcessGuid":"{0B9C26D4-DA7B-2026-FE71-4BFB5EFBBA4D}","ProcessId":1493,"EventType":"End"}
{"UtcTime":"2026-08-12 15:37:47.000","Computer":"CLM-MESA-014","User":"CLM\\ops","EventID":13,"Image":"C:\\Program Files\\Google\\Chrome\\Application\\chrome.exe","ProcessGuid":"{95BFA2D7-3A10-2026-9A08-59C432CF208E}","ProcessId":8079,"EventType":"SetValue","TargetObject":"HKCU\\Software\\CLM\\Mesa\\Pref\\5267","Details":"1"}
{"UtcTime":"2026-08-12 15:37:48.000","Computer":"CLM-MESA-014","User":"CLM\\backoffice","EventID":5,"Image":"C:\\Program Files\\Google\\Chrome\\Application\\chrome.exe","ProcessGuid":"{16A3AB6D-8CB8-2026-DCD6-47024CD414C6}","ProcessId":2418,"EventType":"End"}
{"UtcTime":"2026-08-12 15:37:49.000","Computer":"CLM-MESA-014","User":"CLM\\backoffice","EventID":1,"Image":"C:\\Program Files\\Microsoft Office\\Office16\\EXCEL.EXE","ProcessGuid":"{2F692895-6F29-2026-F058-08BC88FDD81E}","ProcessId":6070,"CommandLine":"C:\\Program Files\\Microsoft Office\\Office16\\EXCEL.EXE","ParentImage":"C:\\Windows\\System32\\services.exe","ParentProcessGuid":"{5E1441D2-41F4-2026-4ED3-925095377FCD}","OriginalFileName":"C:\\Program Files\\Microsoft Office\\Office16\\EXCEL.EXE"}
{"UtcTime":"2026-08-12 15:37:50.000","Computer":"CLM-MESA-014","User":"CLM\\backoffice","EventID":3,"Image":"C:\\Windows\\System32\\conhost.exe","ProcessGuid":"{657B7955-4B2E-2026-7AEE-CFD661C8869C}","ProcessId":8131,"DestinationIp":"10.70.30.1","DestinationPort":135,"DestinationHostname":"ntp.clm.liquidacao","SourceIp":"10.70.30.14","Protocol":"tcp"}
{"UtcTime":"2026-08-12 15:37:51.000","Computer":"CLM-MESA-014","User":"CLM\\backoffice","EventID":1,"Image":"C:\\Windows\\explorer.exe","ProcessGuid":"{A328E2E0-A3A4-2026-B0CC-137129D0416A}","ProcessId":6206,"CommandLine":"C:\\Windows\\explorer.exe","ParentImage":"C:\\Windows\\System32\\services.exe","ParentProcessGuid":"{C23D40AE-36C6-2026-D0CA-BB78E92E16BE}","OriginalFileName":"C:\\Windows\\explorer.exe"}
{"UtcTime":"2026-08-12 15:37:52.000","Computer":"CLM-MESA-014","User":"CLM\\ops","EventID":11,"Image":"C:\\Program Files\\Microsoft Office\\Office16\\EXCEL.EXE","ProcessGuid":"{8F061258-259D-2026-AA90-5D2BA9DEF832}","ProcessId":726,"TargetFilename":"C:\\Users\\Public\\Temp\\mesa-5272.tmp"}
{"UtcTime":"2026-08-12 15:37:53.000","Computer":"CLM-MESA-014","User":"CLM\\backoffice","EventID":1,"Image":"C:\\Windows\\System32\\svchost.exe","ProcessGuid":"{D2B2A858-A356-2026-80BA-A6AA424064A0}","ProcessId":2655,"CommandLine":"C:\\Windows\\System32\\svchost.exe","ParentImage":"C:\\Windows\\System32\\services.exe","ParentProcessGuid":"{E2C749D2-4C12-2026-3593-B43F5DCE9541}","OriginalFileName":"C:\\Windows\\System32\\svchost.exe"}
{"UtcTime":"2026-08-12 15:37:54.000","Computer":"CLM-MESA-014","User":"CLM\\mesa","EventID":13,"Image":"C:\\Program Files\\Google\\Chrome\\Application\\chrome.exe","ProcessGuid":"{BE364317-74B8-2026-C5F7-2E427AD47587}","ProcessId":8130,"EventType":"SetValue","TargetObject":"HKCU\\Software\\CLM\\Mesa\\Pref\\5274","Details":"1"}
{"UtcTime":"2026-08-12 15:37:55.000","Computer":"CLM-MESA-014","User":"CLM\\mesa","EventID":5,"Image":"C:\\Windows\\explorer.exe","ProcessGuid":"{4DE938A4-A2F2-2026-E908-5D17D590FE7B}","ProcessId":6646,"EventType":"End"}
{"UtcTime":"2026-08-12 15:37:56.000","Computer":"CLM-MESA-014","User":"CLM\\backoffice","EventID":1,"Image":"C:\\Windows\\System32\\conhost.exe","ProcessGuid":"{15739A72-3DCB-2026-8067-4BB4DE30A2DC}","ProcessId":8310,"CommandLine":"C:\\Windows\\System32\\conhost.exe","ParentImage":"C:\\Windows\\System32\\services.exe","ParentProcessGuid":"{5CB25059-67CE-2026-4297-6D8656CE023B}","OriginalFileName":"C:\\Windows\\System32\\conhost.exe"}
{"UtcTime":"2026-08-12 15:37:57.000","Computer":"CLM-MESA-014","User":"CLM\\mesa","EventID":11,"Image":"C:\\Windows\\System32\\conhost.exe","ProcessGuid":"{0B0D9AD0-0527-2026-8841-95488B03EAEB}","ProcessId":4724,"TargetFilename":"C:\\Users\\Public\\Temp\\mesa-5277.tmp"}
{"UtcTime":"2026-08-12 15:37:58.000","Computer":"CLM-MESA-014","User":"CLM\\mesa","EventID":1,"Image":"C:\\Program Files\\Microsoft Office\\Office16\\EXCEL.EXE","ProcessGuid":"{C8492C91-52DB-2026-85B9-6C64A4D97567}","ProcessId":6958,"CommandLine":"C:\\Program Files\\Microsoft Office\\Office16\\EXCEL.EXE","ParentImage":"C:\\Windows\\System32\\services.exe","ParentProcessGuid":"{9CE62B6E-A021-2026-AFFD-DAB8FD3EED0B}","OriginalFileName":"C:\\Program Files\\Microsoft Office\\Office16\\EXCEL.EXE"}
{"UtcTime":"2026-08-12 15:37:59.000","Computer":"CLM-MESA-014","User":"CLM\\backoffice","EventID":5,"Image":"C:\\Program Files\\Microsoft Office\\Office16\\EXCEL.EXE","ProcessGuid":"{42E09503-8366-2026-B7AB-A53693BB67B8}","ProcessId":4319,"EventType":"End"}
{"UtcTime":"2026-08-12 15:38:00.000","Computer":"CLM-MESA-014","User":"CLM\\backoffice","EventID":1,"Image":"C:\\Windows\\System32\\conhost.exe","ProcessGuid":"{5170A806-D750-2026-1938-067B06C6A3CA}","ProcessId":4690,"CommandLine":"C:\\Windows\\System32\\conhost.exe","ParentImage":"C:\\Windows\\System32\\services.exe","ParentProcessGuid":"{7762334B-D48B-2026-D027-95B755CC2692}","OriginalFileName":"C:\\Windows\\System32\\conhost.exe"}
{"UtcTime":"2026-08-12 15:38:01.000","Computer":"CLM-MESA-014","User":"CLM\\ops","EventID":11,"Image":"C:\\Windows\\System32\\conhost.exe","ProcessGuid":"{C4371C47-80AD-2026-5B14-CEF1A86938BD}","ProcessId":7237,"TargetFilename":"C:\\Users\\Public\\Temp\\mesa-5281.tmp"}
{"UtcTime":"2026-08-12 15:38:02.000","Computer":"CLM-MESA-014","User":"CLM\\mesa","EventID":3,"Image":"C:\\Program Files\\Microsoft Office\\Office16\\EXCEL.EXE","ProcessGuid":"{4653B445-BFD3-2026-27E5-C2643F354E8E}","ProcessId":6818,"DestinationIp":"1.1.1.1","DestinationPort":8080,"DestinationHostname":"ntp.clm.liquidacao","SourceIp":"10.70.30.14","Protocol":"tcp"}
{"UtcTime":"2026-08-12 15:38:03.000","Computer":"CLM-MESA-014","User":"CLM\\mesa","EventID":1,"Image":"C:\\Program Files\\Google\\Chrome\\Application\\chrome.exe","ProcessGuid":"{2CF3B3AB-3F31-2026-F73D-746FC92FD115}","ProcessId":6816,"CommandLine":"C:\\Program Files\\Google\\Chrome\\Application\\chrome.exe","ParentImage":"C:\\Windows\\System32\\services.exe","ParentProcessGuid":"{F40EE327-4525-2026-D7CF-12D31B09B30F}","OriginalFileName":"C:\\Program Files\\Google\\Chrome\\Application\\chrome.exe"}
{"UtcTime":"2026-08-12 15:38:04.000","Computer":"CLM-MESA-014","User":"CLM\\backoffice","EventID":3,"Image":"C:\\Windows\\System32\\svchost.exe","ProcessGuid":"{B69FFB4E-6BD4-2026-335E-0BFFC89AEF98}","ProcessId":2873,"DestinationIp":"1.1.1.1","DestinationPort":8080,"DestinationHostname":"portal.clm.liquidacao","SourceIp":"10.70.30.14","Protocol":"tcp"}
{"UtcTime":"2026-08-12 15:38:05.000","Computer":"CLM-MESA-014","User":"CLM\\mesa","EventID":13,"Image":"C:\\Program Files\\Microsoft Office\\Office16\\EXCEL.EXE","ProcessGuid":"{6D1C8CF2-397B-2026-2FE2-DF3848F40407}","ProcessId":3320,"EventType":"SetValue","TargetObject":"HKCU\\Software\\CLM\\Mesa\\Pref\\5285","Details":"1"}
{"UtcTime":"2026-08-12 15:38:06.000","Computer":"CLM-MESA-014","User":"CLM\\mesa","EventID":11,"Image":"C:\\Windows\\System32\\RuntimeBroker.exe","ProcessGuid":"{654A6C9F-9AE9-2026-0796-6D091E790EF9}","ProcessId":8549,"TargetFilename":"C:\\Users\\Public\\Temp\\mesa-5286.tmp"}
{"UtcTime":"2026-08-12 15:38:07.000","Computer":"CLM-MESA-014","User":"CLM\\backoffice","EventID":3,"Image":"C:\\Windows\\explorer.exe","ProcessGuid":"{DC75B808-68F1-2026-0846-171576D5D452}","ProcessId":6796,"DestinationIp":"10.70.30.1","DestinationPort":443,"DestinationHostname":"ntp.clm.liquidacao","SourceIp":"10.70.30.14","Protocol":"tcp"}
{"UtcTime":"2026-08-12 15:38:08.000","Computer":"CLM-MESA-014","User":"CLM\\backoffice","EventID":13,"Image":"C:\\Program Files\\Microsoft Office\\Office16\\EXCEL.EXE","ProcessGuid":"{2A2D365F-989D-2026-E792-475B7515C506}","ProcessId":409,"EventType":"SetValue","TargetObject":"HKCU\\Software\\CLM\\Mesa\\Pref\\5288","Details":"1"}
{"UtcTime":"2026-08-12 15:38:09.000","Computer":"CLM-MESA-014","User":"CLM\\ops","EventID":1,"Image":"C:\\Windows\\System32\\RuntimeBroker.exe","ProcessGuid":"{E24AF7A2-5652-2026-1F9C-8AEEE325337B}","ProcessId":5238,"CommandLine":"C:\\Windows\\System32\\RuntimeBroker.exe","ParentImage":"C:\\Windows\\System32\\services.exe","ParentProcessGuid":"{574A7663-923F-2026-434D-F3F7797D4B49}","OriginalFileName":"C:\\Windows\\System32\\RuntimeBroker.exe"}
{"UtcTime":"2026-08-12 15:38:10.000","Computer":"CLM-MESA-014","User":"CLM\\backoffice","EventID":13,"Image":"C:\\Windows\\explorer.exe","ProcessGuid":"{E5E29710-D956-2026-295F-A59ABA1AEA34}","ProcessId":5703,"EventType":"SetValue","TargetObject":"HKCU\\Software\\CLM\\Mesa\\Pref\\5290","Details":"1"}
{"UtcTime":"2026-08-12 15:38:11.000","Computer":"CLM-MESA-014","User":"CLM\\backoffice","EventID":11,"Image":"C:\\Windows\\System32\\RuntimeBroker.exe","ProcessGuid":"{3445CBAB-39FB-2026-592E-58DA2F987DA3}","ProcessId":3526,"TargetFilename":"C:\\Users\\Public\\Temp\\mesa-5291.tmp"}
{"UtcTime":"2026-08-12 15:38:12.000","Computer":"CLM-MESA-014","User":"CLM\\backoffice","EventID":3,"Image":"C:\\Windows\\System32\\RuntimeBroker.exe","ProcessGuid":"{2FF1EC39-0B00-2026-CDD1-58AA5CB8C402}","ProcessId":5470,"DestinationIp":"8.8.8.8","DestinationPort":443,"DestinationHostname":"portal.clm.liquidacao","SourceIp":"10.70.30.14","Protocol":"tcp"}
{"UtcTime":"2026-08-12 15:38:13.000","Computer":"CLM-MESA-014","User":"CLM\\ops","EventID":11,"Image":"C:\\Program Files\\Google\\Chrome\\Application\\chrome.exe","ProcessGuid":"{3B35C420-FDA2-2026-45BD-187E667CE9D1}","ProcessId":809,"TargetFilename":"C:\\Users\\Public\\Temp\\mesa-5293.tmp"}
{"UtcTime":"2026-08-12 15:38:14.000","Computer":"CLM-MESA-014","User":"CLM\\mesa","EventID":1,"Image":"C:\\Windows\\System32\\svchost.exe","ProcessGuid":"{BD058A5B-A0FE-2026-E979-4F25C447E84F}","ProcessId":916,"CommandLine":"C:\\Windows\\System32\\svchost.exe","ParentImage":"C:\\Windows\\System32\\services.exe","ParentProcessGuid":"{A0817600-6C91-2026-802B-E5DFF07794FC}","OriginalFileName":"C:\\Windows\\System32\\svchost.exe"}
{"UtcTime":"2026-08-12 15:38:15.000","Computer":"CLM-MESA-014","User":"CLM\\mesa","EventID":1,"Image":"C:\\Program Files\\Google\\Chrome\\Application\\chrome.exe","ProcessGuid":"{410A5540-2CFE-2026-4E34-8DD89238DF2B}","ProcessId":2619,"CommandLine":"C:\\Program Files\\Google\\Chrome\\Application\\chrome.exe","ParentImage":"C:\\Windows\\System32\\services.exe","ParentProcessGuid":"{668423C3-66D5-2026-6E19-69426B6790B9}","OriginalFileName":"C:\\Program Files\\Google\\Chrome\\Application\\chrome.exe"}
{"UtcTime":"2026-08-12 15:38:16.000","Computer":"CLM-MESA-014","User":"CLM\\backoffice","EventID":11,"Image":"C:\\Windows\\explorer.exe","ProcessGuid":"{E253A52F-AA17-2026-CF5D-62133698CE92}","ProcessId":1455,"TargetFilename":"C:\\Users\\Public\\Temp\\mesa-5296.tmp"}
{"UtcTime":"2026-08-12 15:38:17.000","Computer":"CLM-MESA-014","User":"CLM\\ops","EventID":5,"Image":"C:\\Program Files\\Microsoft Office\\Office16\\EXCEL.EXE","ProcessGuid":"{D74AB8ED-AB26-2026-CF73-AD6D041210CC}","ProcessId":1772,"EventType":"End"}
{"UtcTime":"2026-08-12 15:38:18.000","Computer":"CLM-MESA-014","User":"CLM\\backoffice","EventID":1,"Image":"C:\\Windows\\System32\\RuntimeBroker.exe","ProcessGuid":"{D501838B-2048-2026-D280-7500C5197FB9}","ProcessId":3879,"CommandLine":"C:\\Windows\\System32\\RuntimeBroker.exe","ParentImage":"C:\\Windows\\System32\\services.exe","ParentProcessGuid":"{6BA9E574-9DF4-2026-61B7-1A8E6C9F1FAE}","OriginalFileName":"C:\\Windows\\System32\\RuntimeBroker.exe"}
{"UtcTime":"2026-08-12 15:38:19.000","Computer":"CLM-MESA-014","User":"CLM\\backoffice","EventID":11,"Image":"C:\\Windows\\explorer.exe","ProcessGuid":"{E5014F65-FB6D-2026-B18C-A3A88360B9B0}","ProcessId":8638,"TargetFilename":"C:\\Users\\Public\\Temp\\mesa-5299.tmp"}
{"UtcTime":"2026-08-12 15:38:20.000","Computer":"CLM-MESA-014","User":"CLM\\mesa","EventID":11,"Image":"C:\\Windows\\System32\\svchost.exe","ProcessGuid":"{B91E1333-97A5-2026-24F5-62C1AADBEA85}","ProcessId":5413,"TargetFilename":"C:\\Users\\Public\\Temp\\mesa-5300.tmp"}
{"UtcTime":"2026-08-12 15:38:21.000","Computer":"CLM-MESA-014","User":"CLM\\backoffice","EventID":1,"Image":"C:\\Windows\\System32\\RuntimeBroker.exe","ProcessGuid":"{1B9A0478-D9C9-2026-58A1-659C6F551A25}","ProcessId":2638,"CommandLine":"C:\\Windows\\System32\\RuntimeBroker.exe","ParentImage":"C:\\Windows\\System32\\services.exe","ParentProcessGuid":"{6144D5BD-E461-2026-AB75-B8028401A280}","OriginalFileName":"C:\\Windows\\System32\\RuntimeBroker.exe"}
{"UtcTime":"2026-08-12 15:38:22.000","Computer":"CLM-MESA-014","User":"CLM\\mesa","EventID":1,"Image":"C:\\Windows\\System32\\conhost.exe","ProcessGuid":"{33C38EF0-F248-2026-2F36-C08B0160145A}","ProcessId":1354,"CommandLine":"C:\\Windows\\System32\\conhost.exe","ParentImage":"C:\\Windows\\System32\\services.exe","ParentProcessGuid":"{D215CEAB-B596-2026-E63A-7389D270DEF5}","OriginalFileName":"C:\\Windows\\System32\\conhost.exe"}
{"UtcTime":"2026-08-12 15:38:23.000","Computer":"CLM-MESA-014","User":"CLM\\backoffice","EventID":1,"Image":"C:\\Program Files\\Google\\Chrome\\Application\\chrome.exe","ProcessGuid":"{B2213647-4152-2026-9950-98E8B8C3B620}","ProcessId":8706,"CommandLine":"C:\\Program Files\\Google\\Chrome\\Application\\chrome.exe","ParentImage":"C:\\Windows\\System32\\services.exe","ParentProcessGuid":"{FA31D7DC-01AD-2026-0E12-F5871DE0D902}","OriginalFileName":"C:\\Program Files\\Google\\Chrome\\Application\\chrome.exe"}
{"UtcTime":"2026-08-12 15:38:24.000","Computer":"CLM-MESA-014","User":"CLM\\backoffice","EventID":1,"Image":"C:\\Windows\\explorer.exe","ProcessGuid":"{8E3FDA3B-0DA7-2026-009E-F8117C2EE813}","ProcessId":2786,"CommandLine":"C:\\Windows\\explorer.exe","ParentImage":"C:\\Windows\\System32\\services.exe","ParentProcessGuid":"{66653C31-ECF2-2026-647A-976C6DA62AD0}","OriginalFileName":"C:\\Windows\\explorer.exe"}
{"UtcTime":"2026-08-12 15:38:25.000","Computer":"CLM-MESA-014","User":"CLM\\backoffice","EventID":1,"Image":"C:\\Windows\\System32\\RuntimeBroker.exe","ProcessGuid":"{2D279B94-E800-2026-CA2E-7FB4DB58CA0D}","ProcessId":2146,"CommandLine":"C:\\Windows\\System32\\RuntimeBroker.exe","ParentImage":"C:\\Windows\\System32\\services.exe","ParentProcessGuid":"{A598EC86-364E-2026-A189-03B020496B58}","OriginalFileName":"C:\\Windows\\System32\\RuntimeBroker.exe"}
{"UtcTime":"2026-08-12 15:38:26.000","Computer":"CLM-MESA-014","User":"CLM\\ops","EventID":3,"Image":"C:\\Windows\\System32\\svchost.exe","ProcessGuid":"{16C48DD3-CE3E-2026-A2A5-157DC9BE6D51}","ProcessId":8300,"DestinationIp":"8.8.8.8","DestinationPort":135,"DestinationHostname":"portal.clm.liquidacao","SourceIp":"10.70.30.14","Protocol":"tcp"}
{"UtcTime":"2026-08-12 15:38:27.000","Computer":"CLM-MESA-014","User":"CLM\\ops","EventID":1,"Image":"C:\\Windows\\System32\\conhost.exe","ProcessGuid":"{57179E20-0A7F-2026-7D2C-75DC3E9D3E8C}","ProcessId":408,"CommandLine":"C:\\Windows\\System32\\conhost.exe","ParentImage":"C:\\Windows\\System32\\services.exe","ParentProcessGuid":"{4CB759E0-4807-2026-E47E-128D26BF660E}","OriginalFileName":"C:\\Windows\\System32\\conhost.exe"}
{"UtcTime":"2026-08-12 15:38:28.000","Computer":"CLM-MESA-014","User":"CLM\\mesa","EventID":1,"Image":"C:\\Windows\\System32\\RuntimeBroker.exe","ProcessGuid":"{8FE6B44E-CFCD-2026-D5ED-E6BEFC04ED68}","ProcessId":3290,"CommandLine":"C:\\Windows\\System32\\RuntimeBroker.exe","ParentImage":"C:\\Windows\\System32\\services.exe","ParentProcessGuid":"{47CF3882-E3AA-2026-055B-56983E943DF7}","OriginalFileName":"C:\\Windows\\System32\\RuntimeBroker.exe"}
{"UtcTime":"2026-08-12 15:38:29.000","Computer":"CLM-MESA-014","User":"CLM\\ops","EventID":13,"Image":"C:\\Windows\\System32\\RuntimeBroker.exe","ProcessGuid":"{CD79BE0A-241E-2026-DF80-EE3A66E2F38E}","ProcessId":5847,"EventType":"SetValue","TargetObject":"HKCU\\Software\\CLM\\Mesa\\Pref\\5309","Details":"1"}
{"UtcTime":"2026-08-12 15:38:30.000","Computer":"CLM-MESA-014","User":"CLM\\ops","EventID":3,"Image":"C:\\Program Files\\Microsoft Office\\Office16\\EXCEL.EXE","ProcessGuid":"{294698E0-382A-2026-8294-C2B1C503B957}","ProcessId":1506,"DestinationIp":"10.70.30.1","DestinationPort":135,"DestinationHostname":"portal.clm.liquidacao","SourceIp":"10.70.30.14","Protocol":"tcp"}
{"UtcTime":"2026-08-12 15:38:31.000","Computer":"CLM-MESA-014","User":"CLM\\backoffice","EventID":5,"Image":"C:\\Windows\\System32\\RuntimeBroker.exe","ProcessGuid":"{A9F24CC5-3152-2026-7443-FE2EE2DA26E0}","ProcessId":3161,"EventType":"End"}
{"UtcTime":"2026-08-12 15:38:32.000","Computer":"CLM-MESA-014","User":"CLM\\mesa","EventID":1,"Image":"C:\\Windows\\System32\\conhost.exe","ProcessGuid":"{84153FB6-C8EE-2026-CCBE-0F1B0A324B02}","ProcessId":926,"CommandLine":"C:\\Windows\\System32\\conhost.exe","ParentImage":"C:\\Windows\\System32\\services.exe","ParentProcessGuid":"{292552D9-5C45-2026-3748-FDE36EE44AA3}","OriginalFileName":"C:\\Windows\\System32\\conhost.exe"}
{"UtcTime":"2026-08-12 15:38:33.000","Computer":"CLM-MESA-014","User":"CLM\\backoffice","EventID":11,"Image":"C:\\Windows\\System32\\RuntimeBroker.exe","ProcessGuid":"{98510480-01C0-2026-82D0-8E6DBA26332A}","ProcessId":3579,"TargetFilename":"C:\\Users\\Public\\Temp\\mesa-5313.tmp"}
{"UtcTime":"2026-08-12 15:38:34.000","Computer":"CLM-MESA-014","User":"CLM\\backoffice","EventID":3,"Image":"C:\\Program Files\\Microsoft Office\\Office16\\EXCEL.EXE","ProcessGuid":"{8478DE1A-E5E0-2026-2978-7021DA581CAA}","ProcessId":4082,"DestinationIp":"8.8.8.8","DestinationPort":8080,"DestinationHostname":"ntp.clm.liquidacao","SourceIp":"10.70.30.14","Protocol":"tcp"}
{"UtcTime":"2026-08-12 15:38:35.000","Computer":"CLM-MESA-014","User":"CLM\\ops","EventID":11,"Image":"C:\\Windows\\System32\\RuntimeBroker.exe","ProcessGuid":"{8B3560CD-5945-2026-33B4-1D70D951E064}","ProcessId":3846,"TargetFilename":"C:\\Users\\Public\\Temp\\mesa-5315.tmp"}
{"UtcTime":"2026-08-12 15:38:36.000","Computer":"CLM-MESA-014","User":"CLM\\mesa","EventID":3,"Image":"C:\\Windows\\System32\\RuntimeBroker.exe","ProcessGuid":"{7934B66F-5209-2026-D4FB-BBA8EFF1618D}","ProcessId":2064,"DestinationIp":"1.1.1.1","DestinationPort":135,"DestinationHostname":"ntp.clm.liquidacao","SourceIp":"10.70.30.14","Protocol":"tcp"}
{"UtcTime":"2026-08-12 15:38:37.000","Computer":"CLM-MESA-014","User":"CLM\\mesa","EventID":5,"Image":"C:\\Windows\\System32\\conhost.exe","ProcessGuid":"{032538E2-C50A-2026-08B8-53C4349B7CB7}","ProcessId":8993,"EventType":"End"}
{"UtcTime":"2026-08-12 15:38:38.000","Computer":"CLM-MESA-014","User":"CLM\\backoffice","EventID":1,"Image":"C:\\Windows\\System32\\RuntimeBroker.exe","ProcessGuid":"{6FD8B7AA-B001-2026-C143-EA63D25F71F2}","ProcessId":3482,"CommandLine":"C:\\Windows\\System32\\RuntimeBroker.exe","ParentImage":"C:\\Windows\\System32\\services.exe","ParentProcessGuid":"{1F1F7BA0-C26C-2026-DC17-F01EC73CEB4F}","OriginalFileName":"C:\\Windows\\System32\\RuntimeBroker.exe"}
{"UtcTime":"2026-08-12 15:38:39.000","Computer":"CLM-MESA-014","User":"CLM\\backoffice","EventID":1,"Image":"C:\\Windows\\System32\\conhost.exe","ProcessGuid":"{D97EBD2D-05C2-2026-E403-55ECAE6966AF}","ProcessId":6112,"CommandLine":"C:\\Windows\\System32\\conhost.exe","ParentImage":"C:\\Windows\\System32\\services.exe","ParentProcessGuid":"{311CEE07-6A71-2026-602F-12683C9F77FE}","OriginalFileName":"C:\\Windows\\System32\\conhost.exe"}
{"UtcTime":"2026-08-12 15:38:40.000","Computer":"CLM-MESA-014","User":"CLM\\mesa","EventID":1,"Image":"C:\\Windows\\System32\\svchost.exe","ProcessGuid":"{4A66005C-0B52-2026-8B61-985E9794D03E}","ProcessId":6004,"CommandLine":"C:\\Windows\\System32\\svchost.exe","ParentImage":"C:\\Windows\\System32\\services.exe","ParentProcessGuid":"{581EB94B-5056-2026-4B5B-41B76F4EC50D}","OriginalFileName":"C:\\Windows\\System32\\svchost.exe"}
{"UtcTime":"2026-08-12 15:38:41.000","Computer":"CLM-MESA-014","User":"CLM\\ops","EventID":3,"Image":"C:\\Windows\\System32\\conhost.exe","ProcessGuid":"{024DC457-F7AC-2026-3626-CCE793DD35F6}","ProcessId":8273,"DestinationIp":"1.1.1.1","DestinationPort":135,"DestinationHostname":"portal.clm.liquidacao","SourceIp":"10.70.30.14","Protocol":"tcp"}
{"UtcTime":"2026-08-12 15:38:42.000","Computer":"CLM-MESA-014","User":"CLM\\ops","EventID":5,"Image":"C:\\Windows\\explorer.exe","ProcessGuid":"{65A762E8-9484-2026-2902-27839A026EAA}","ProcessId":5088,"EventType":"End"}
{"UtcTime":"2026-08-12 15:38:43.000","Computer":"CLM-MESA-014","User":"CLM\\backoffice","EventID":3,"Image":"C:\\Windows\\System32\\svchost.exe","ProcessGuid":"{DD988216-B0EF-2026-48AD-1AC7ED1AFD50}","ProcessId":8465,"DestinationIp":"1.1.1.1","DestinationPort":135,"DestinationHostname":"portal.clm.liquidacao","SourceIp":"10.70.30.14","Protocol":"tcp"}
{"UtcTime":"2026-08-12 15:38:44.000","Computer":"CLM-MESA-014","User":"CLM\\mesa","EventID":11,"Image":"C:\\Program Files\\Google\\Chrome\\Application\\chrome.exe","ProcessGuid":"{C7868CF9-82D2-2026-FE57-A92F3239A031}","ProcessId":6703,"TargetFilename":"C:\\Users\\Public\\Temp\\mesa-5324.tmp"}
{"UtcTime":"2026-08-12 15:38:45.000","Computer":"CLM-MESA-014","User":"CLM\\ops","EventID":5,"Image":"C:\\Windows\\System32\\svchost.exe","ProcessGuid":"{917A9F9C-9D57-2026-7819-F28E240D248E}","ProcessId":608,"EventType":"End"}
{"UtcTime":"2026-08-12 15:38:46.000","Computer":"CLM-MESA-014","User":"CLM\\ops","EventID":13,"Image":"C:\\Windows\\explorer.exe","ProcessGuid":"{67D083BF-931F-2026-6AE9-E0052F9BEF41}","ProcessId":3654,"EventType":"SetValue","TargetObject":"HKCU\\Software\\CLM\\Mesa\\Pref\\5326","Details":"1"}
{"UtcTime":"2026-08-12 15:38:47.000","Computer":"CLM-MESA-014","User":"CLM\\mesa","EventID":1,"Image":"C:\\Program Files\\Google\\Chrome\\Application\\chrome.exe","ProcessGuid":"{E0F1564F-343D-2026-B674-8694180AE4D6}","ProcessId":8787,"CommandLine":"C:\\Program Files\\Google\\Chrome\\Application\\chrome.exe","ParentImage":"C:\\Windows\\System32\\services.exe","ParentProcessGuid":"{05E6312D-3547-2026-8FC6-9A9CEE686581}","OriginalFileName":"C:\\Program Files\\Google\\Chrome\\Application\\chrome.exe"}
{"UtcTime":"2026-08-12 15:38:48.000","Computer":"CLM-MESA-014","User":"CLM\\backoffice","EventID":13,"Image":"C:\\Program Files\\Google\\Chrome\\Application\\chrome.exe","ProcessGuid":"{34FF2A04-5B5F-2026-5E58-C3213F43F3F0}","ProcessId":8424,"EventType":"SetValue","TargetObject":"HKCU\\Software\\CLM\\Mesa\\Pref\\5328","Details":"1"}
{"UtcTime":"2026-08-12 15:38:49.000","Computer":"CLM-MESA-014","User":"CLM\\ops","EventID":1,"Image":"C:\\Windows\\System32\\conhost.exe","ProcessGuid":"{685B46E3-B18D-2026-0D31-8FE5E6B17ED0}","ProcessId":7264,"CommandLine":"C:\\Windows\\System32\\conhost.exe","ParentImage":"C:\\Windows\\System32\\services.exe","ParentProcessGuid":"{F3D4F50B-3833-2026-132D-055F83FB42E5}","OriginalFileName":"C:\\Windows\\System32\\conhost.exe"}
{"UtcTime":"2026-08-12 15:38:50.000","Computer":"CLM-MESA-014","User":"CLM\\backoffice","EventID":5,"Image":"C:\\Windows\\explorer.exe","ProcessGuid":"{26ADC851-41A2-2026-166D-EA69D14F0C17}","ProcessId":5575,"EventType":"End"}
{"UtcTime":"2026-08-12 15:38:51.000","Computer":"CLM-MESA-014","User":"CLM\\ops","EventID":1,"Image":"C:\\Program Files\\Microsoft Office\\Office16\\EXCEL.EXE","ProcessGuid":"{AD6F0B6F-C49A-2026-F783-020E4034316D}","ProcessId":7381,"CommandLine":"C:\\Program Files\\Microsoft Office\\Office16\\EXCEL.EXE","ParentImage":"C:\\Windows\\System32\\services.exe","ParentProcessGuid":"{8CBCC6CE-F523-2026-1A11-D100988996EE}","OriginalFileName":"C:\\Program Files\\Microsoft Office\\Office16\\EXCEL.EXE"}
{"UtcTime":"2026-08-12 15:38:52.000","Computer":"CLM-MESA-014","User":"CLM\\mesa","EventID":13,"Image":"C:\\Program Files\\Google\\Chrome\\Application\\chrome.exe","ProcessGuid":"{8236BBCE-49A4-2026-CE04-17F527E295B9}","ProcessId":3450,"EventType":"SetValue","TargetObject":"HKCU\\Software\\CLM\\Mesa\\Pref\\5332","Details":"1"}
{"UtcTime":"2026-08-12 15:38:53.000","Computer":"CLM-MESA-014","User":"CLM\\mesa","EventID":3,"Image":"C:\\Program Files\\Microsoft Office\\Office16\\EXCEL.EXE","ProcessGuid":"{5EBA31B0-18C0-2026-D4D5-05FC46B10F75}","ProcessId":1234,"DestinationIp":"1.1.1.1","DestinationPort":443,"DestinationHostname":"ntp.clm.liquidacao","SourceIp":"10.70.30.14","Protocol":"tcp"}
{"UtcTime":"2026-08-12 15:38:54.000","Computer":"CLM-MESA-014","User":"CLM\\ops","EventID":11,"Image":"C:\\Windows\\System32\\conhost.exe","ProcessGuid":"{2EA1D0C7-021B-2026-0C4B-7DE7BB9CD847}","ProcessId":3029,"TargetFilename":"C:\\Users\\Public\\Temp\\mesa-5334.tmp"}
{"UtcTime":"2026-08-12 15:38:55.000","Computer":"CLM-MESA-014","User":"CLM\\mesa","EventID":13,"Image":"C:\\Program Files\\Microsoft Office\\Office16\\EXCEL.EXE","ProcessGuid":"{0D06524B-2578-2026-F78C-2B8296EB6F38}","ProcessId":1223,"EventType":"SetValue","TargetObject":"HKCU\\Software\\CLM\\Mesa\\Pref\\5335","Details":"1"}
{"UtcTime":"2026-08-12 15:38:56.000","Computer":"CLM-MESA-014","User":"CLM\\backoffice","EventID":3,"Image":"C:\\Windows\\System32\\RuntimeBroker.exe","ProcessGuid":"{FE976A6F-4DBA-2026-CD2A-10D4E45B3C20}","ProcessId":3278,"DestinationIp":"8.8.8.8","DestinationPort":8080,"DestinationHostname":"ntp.clm.liquidacao","SourceIp":"10.70.30.14","Protocol":"tcp"}
{"UtcTime":"2026-08-12 15:38:57.000","Computer":"CLM-MESA-014","User":"CLM\\backoffice","EventID":11,"Image":"C:\\Windows\\System32\\RuntimeBroker.exe","ProcessGuid":"{1CC90964-A96E-2026-6063-6EDB84BAF207}","ProcessId":5925,"TargetFilename":"C:\\Users\\Public\\Temp\\mesa-5337.tmp"}
{"UtcTime":"2026-08-12 15:38:58.000","Computer":"CLM-MESA-014","User":"CLM\\ops","EventID":5,"Image":"C:\\Windows\\explorer.exe","ProcessGuid":"{A6195A31-8966-2026-51F4-4C9734CF2889}","ProcessId":8729,"EventType":"End"}
{"UtcTime":"2026-08-12 15:38:59.000","Computer":"CLM-MESA-014","User":"CLM\\ops","EventID":3,"Image":"C:\\Program Files\\Microsoft Office\\Office16\\EXCEL.EXE","ProcessGuid":"{832FA5E9-48EF-2026-D552-57456B5EBDC3}","ProcessId":3616,"DestinationIp":"10.70.30.8","DestinationPort":443,"DestinationHostname":"portal.clm.liquidacao","SourceIp":"10.70.30.14","Protocol":"tcp"}
