{"UtcTime":"2026-08-12 15:39:00.000","Computer":"CLM-MESA-014","User":"CLM\\mesa","EventID":1,"Image":"C:\\Windows\\System32\\svchost.exe","ProcessGuid":"{32B70A8D-D8A1-2026-1E2E-B6CE525B6C5B}","ProcessId":3661,"CommandLine":"C:\\Windows\\System32\\svchost.exe","ParentImage":"C:\\Windows\\System32\\services.exe","ParentProcessGuid":"{7E53A701-8648-2026-2692-CD51A3AEA98E}","OriginalFileName":"C:\\Windows\\System32\\svchost.exe"}
{"UtcTime":"2026-08-12 15:39:01.000","Computer":"CLM-MESA-014","User":"CLM\\mesa","EventID":1,"Image":"C:\\Program Files\\Microsoft Office\\Office16\\EXCEL.EXE","ProcessGuid":"{2614D278-09CA-2026-B00D-D4E21F6E962C}","ProcessId":5180,"CommandLine":"C:\\Program Files\\Microsoft Office\\Office16\\EXCEL.EXE","ParentImage":"C:\\Windows\\System32\\services.exe","ParentProcessGuid":"{D04681F6-0A8B-2026-0397-EBDE0B1DFEDE}","OriginalFileName":"C:\\Program Files\\Microsoft Office\\Office16\\EXCEL.EXE"}
{"UtcTime":"2026-08-12 15:39:02.000","Computer":"CLM-MESA-014","User":"CLM\\ops","EventID":11,"Image":"C:\\Windows\\System32\\conhost.exe","ProcessGuid":"{5D7D3BB8-8F4F-2026-202F-3A68F7E3C252}","ProcessId":7522,"TargetFilename":"C:\\Users\\Public\\Temp\\mesa-5342.tmp"}
{"UtcTime":"2026-08-12 15:39:03.000","Computer":"CLM-MESA-014","User":"CLM\\ops","EventID":3,"Image":"C:\\Windows\\explorer.exe","ProcessGuid":"{5DA8CF88-65A8-2026-41CE-D4ECE4CDF9E7}","ProcessId":450,"DestinationIp":"8.8.8.8","DestinationPort":53,"DestinationHostname":"portal.clm.liquidacao","SourceIp":"10.70.30.14","Protocol":"tcp"}
{"UtcTime":"2026-08-12 15:39:04.000","Computer":"CLM-MESA-014","User":"CLM\\backoffice","EventID":1,"Image":"C:\\Windows\\explorer.exe","ProcessGuid":"{0516B324-1B55-2026-015C-9B245A32BC93}","ProcessId":807,"CommandLine":"C:\\Windows\\explorer.exe","ParentImage":"C:\\Windows\\System32\\services.exe","ParentProcessGuid":"{58CBBA20-30A5-2026-6391-E42813BE7A13}","OriginalFileName":"C:\\Windows\\explorer.exe"}
{"UtcTime":"2026-08-12 15:39:05.000","Computer":"CLM-MESA-014","User":"CLM\\ops","EventID":11,"Image":"C:\\Windows\\System32\\conhost.exe","ProcessGuid":"{82D124D5-32FA-2026-8FFD-24D9D44960E1}","ProcessId":6409,"TargetFilename":"C:\\Users\\Public\\Temp\\mesa-5345.tmp"}
{"UtcTime":"2026-08-12 15:39:06.000","Computer":"CLM-MESA-014","User":"CLM\\mesa","EventID":1,"Image":"C:\\Windows\\System32\\svchost.exe","ProcessGuid":"{6B6982CF-2DDC-2026-D0C8-AAD7D225EBD0}","ProcessId":6208,"CommandLine":"C:\\Windows\\System32\\svchost.exe","ParentImage":"C:\\Windows\\System32\\services.exe","ParentProcessGuid":"{966FA6EA-0DCE-2026-752F-4B426B5FFC2A}","OriginalFileName":"C:\\Windows\\System32\\svchost.exe"}
{"UtcTime":"2026-08-12 15:39:07.000","Computer":"CLM-MESA-014","User":"CLM\\ops","EventID":11,"Image":"C:\\Program Files\\Google\\Chrome\\Application\\chrome.exe","ProcessGuid":"{5602236D-6740-2026-7ECE-487328F776B1}","ProcessId":1290,"TargetFilename":"C:\\Users\\Public\\Temp\\mesa-5347.tmp"}
{"UtcTime":"2026-08-12 15:39:08.000","Computer":"CLM-MESA-014","User":"CLM\\backoffice","EventID":1,"Image":"C:\\Windows\\System32\\svchost.exe","ProcessGuid":"{16130B5F-169A-2026-8465-44D55D9348A1}","ProcessId":910,"CommandLine":"C:\\Windows\\System32\\svchost.exe","ParentImage":"C:\\Windows\\System32\\services.exe","ParentProcessGuid":"{656ED9E7-80AF-2026-B4BC-53B22D048C28}","OriginalFileName":"C:\\Windows\\System32\\svchost.exe"}
{"UtcTime":"2026-08-12 15:39:09.000","Computer":"CLM-MESA-014","User":"CLM\\backoffice","EventID":3,"Image":"C:\\Windows\\explorer.exe","ProcessGuid":"{79DB38DA-541A-2026-01A3-691EC7C9AF43}","ProcessId":2789,"DestinationIp":"8.8.8.8","DestinationPort":443,"DestinationHostname":"ntp.clm.liquidacao","SourceIp":"10.70.30.14","Protocol":"tcp"}
{"UtcTime":"2026-08-12 15:39:10.000","Computer":"CLM-MESA-014","User":"CLM\\mesa","EventID":13,"Image":"C:\\Program Files\\Microsoft Office\\Office16\\EXCEL.EXE","ProcessGuid":"{69E637A1-A620-2026-DDB4-75C440CFF920}","ProcessId":1492,"EventType":"SetValue","TargetObject":"HKCU\\Software\\CLM\\Mesa\\Pref\\5350","Details":"1"}
{"UtcTime":"2026-08-12 15:39:11.000","Computer":"CLM-MESA-014","User":"CLM\\mesa","EventID":3,"Image":"C:\\Program Files\\Google\\Chrome\\Application\\chrome.exe","ProcessGuid":"{CF2E7396-C2E8-2026-D453-E9A5512E0C38}","ProcessId":2743,"DestinationIp":"10.70.30.1","DestinationPort":53,"DestinationHostname":"ntp.clm.liquidacao","SourceIp":"10.70.30.14","Protocol":"tcp"}
{"UtcTime":"2026-08-12 15:39:12.000","Computer":"CLM-MESA-014","User":"CLM\\ops","EventID":13,"Image":"C:\\Program Files\\Microsoft Office\\Office16\\EXCEL.EXE","ProcessGuid":"{5A3E17AA-FE42-2026-6FB3-82FA6208338F}","ProcessId":1993,"EventType":"SetValue","TargetObject":"HKCU\\Software\\CLM\\Mesa\\Pref\\5352","Details":"1"}
{"UtcTime":"2026-08-12 15:39:13.000","Computer":"CLM-MESA-014","User":"CLM\\ops","EventID":5,"Image":"C:\\Program Files\\Google\\Chrome\\Application\\chrome.exe","ProcessGuid":"{4D574B69-2A7F-2026-760F-78AE28A8080D}","ProcessId":4369,"EventType":"End"}
{"UtcTime":"2026-08-12 15:39:14.000","Computer":"CLM-MESA-014","User":"CLM\\backoffice","EventID":1,"Image":"C:\\Windows\\explorer.exe","ProcessGuid":"{692BA2EA-3949-2026-D795-DA5C23B5DB05}","ProcessId":8966,"CommandLine":"C:\\Windows\\explorer.exe","ParentImage":"C:\\Windows\\System32\\services.exe","ParentProcessGuid":"{D878F41B-1927-2026-B8FC-B9AC05E5BE4C}","OriginalFileName":"C:\\Windows\\explorer.exe"}
{"UtcTime":"2026-08-12 15:39:15.000","Computer":"CLM-MESA-014","User":"CLM\\backoffice","EventID":3,"Image":"C:\\Program Files\\Google\\Chrome\\Application\\chrome.exe","ProcessGuid":"{ED531A4B-278D-2026-75C3-3A8E7003543D}","ProcessId":4440,"DestinationIp":"1.1.1.1","DestinationPort":53,"DestinationHostname":"portal.clm.liquidacao","SourceIp":"10.70.30.14","Protocol":"tcp"}
{"UtcTime":"2026-08-12 15:39:16.000","Computer":"CLM-MESA-014","User":"CLM\\ops","EventID":13,"Image":"C:\\Program Files\\Microsoft Office\\Office16\\EXCEL.EXE","ProcessGuid":"{184E2EC3-3AEB-2026-9CEC-B8112312A812}","ProcessId":4858,"EventType":"SetValue","TargetObject":"HKCU\\Software\\CLM\\Mesa\\Pref\\5356","Details":"1"}
{"UtcTime":"2026-08-12 15:39:17.000","Computer":"CLM-MESA-014","User":"CLM\\backoffice","EventID":1,"Image":"C:\\Program Files\\Microsoft Office\\Office16\\EXCEL.EXE","ProcessGuid":"{B8F814C4-8AF9-2026-7861-57104ED460F7}","ProcessId":4181,"CommandLine":"C:\\Program Files\\Microsoft Office\\Office16\\EXCEL.EXE","ParentImage":"C:\\Windows\\System32\\services.exe","ParentProcessGuid":"{BAF6D9BF-D922-2026-AA30-335259DE576A}","OriginalFileName":"C:\\Program Files\\Microsoft Office\\Office16\\EXCEL.EXE"}
{"UtcTime":"2026-08-12 15:39:18.000","Computer":"CLM-MESA-014","User":"CLM\\mesa","EventID":13,"Image":"C:\\Windows\\System32\\conhost.exe","ProcessGuid":"{BA96EB12-3FEE-2026-7993-4E2C8ED3DB40}","ProcessId":5099,"EventType":"SetValue","TargetObject":"HKCU\\Software\\CLM\\Mesa\\Pref\\5358","Details":"1"}
{"UtcTime":"2026-08-12 15:39:19.000","Computer":"CLM-MESA-014","User":"CLM\\ops","EventID":1,"Image":"C:\\Windows\\System32\\conhost.exe","ProcessGuid":"{7431DD15-DF59-2026-F339-09EB699513CE}","ProcessId":1194,"CommandLine":"C:\\Windows\\System32\\conhost.exe","ParentImage":"C:\\Windows\\System32\\services.exe","ParentProcessGuid":"{B5A1BB72-DC09-2026-85FC-A098A850C603}","OriginalFileName":"C:\\Windows\\System32\\conhost.exe"}
{"UtcTime":"2026-08-12 15:39:20.000","Computer":"CLM-MESA-014","User":"CLM\\ops","EventID":1,"Image":"C:\\Windows\\explorer.exe","ProcessGuid":"{9AA8BF4D-7D3D-2026-A130-2059B7550516}","ProcessId":3546,"CommandLine":"C:\\Windows\\explorer.exe","ParentImage":"C:\\Windows\\System32\\services.exe","ParentProcessGuid":"{97F52A7B-56F9-2026-6ACD-8C1745A2388D}","OriginalFileName":"C:\\Windows\\explorer.exe"}
{"UtcTime":"2026-08-12 15:39:21.000","Computer":"CLM-MESA-014","User":"CLM\\mesa","EventID":1,"Image":"C:\\Windows\\System32\\RuntimeBroker.exe","ProcessGuid":"{405BB037-58E1-2026-11CE-810FCD45EBBF}","ProcessId":1764,"CommandLine":"C:\\Windows\\System32\\RuntimeBroker.exe","ParentImage":"C:\\Windows\\System32\\services.exe","ParentProcessGuid":"{6C1DED15-80CD-2026-A5FC-5454E189E2C0}","OriginalFileName":"C:\\Windows\\System32\\RuntimeBroker.exe"}
{"UtcTime":"2026-08-12 15:39:22.000","Computer":"CLM-MESA-014","User":"CLM\\mesa","EventID":13,"Image":"C:\\Windows\\System32\\RuntimeBroker.exe","ProcessGuid":"{D4F83520-D0DD-2026-2E81-C65F710D7EE8}","ProcessId":8593,"EventType":"SetValue","TargetObject":"HKCU\\Software\\CLM\\Mesa\\Pref\\5362","Details":"1"}
{"UtcTime":"2026-08-12 15:39:23.000","Computer":"CLM-MESA-014","User":"CLM\\backoffice","EventID":1,"Image":"C:\\Windows\\System32\\RuntimeBroker.exe","ProcessGuid":"{8A0C4008-5715-2026-BB4D-2793A41C370D}","ProcessId":5931,"CommandLine":"C:\\Windows\\System32\\RuntimeBroker.exe","ParentImage":"C:\\Windows\\System32\\services.exe","ParentProcessGuid":"{DF6EEFD6-82A1-2026-EC6A-AE08590CA8C7}","OriginalFileName":"C:\\Windows\\System32\\RuntimeBroker.exe"}
{"UtcTime":"2026-08-12 15:39:24.000","Computer":"CLM-MESA-014","User":"CLM\\mesa","EventID":1,"Image":"C:\\Windows\\System32\\svchost.exe","ProcessGuid":"{7522AF7B-79A4-2026-8C7A-729D7E14E5F4}","ProcessId":3318,"CommandLine":"C:\\Windows\\System32\\svchost.exe","ParentImage":"C:\\Windows\\System32\\services.exe","ParentProcessGuid":"{D376F324-E421-2026-1E2E-56415140B6E2}","OriginalFileName":"C:\\Windows\\System32\\svchost.exe"}
{"UtcTime":"2026-08-12 15:39:25.000","Computer":"CLM-MESA-014","User":"CLM\\backoffice","EventID":1,"Image":"C:\\Windows\\System32\\conhost.exe","ProcessGuid":"{29CF6524-D33B-2026-0A18-ED9A5E99BC44}","ProcessId":3348,"CommandLine":"C:\\Windows\\System32\\conhost.exe","ParentImage":"C:\\Windows\\System32\\services.exe","ParentProcessGuid":"{F74C4A5A-4A31-2026-20C8-6AB89429A13F}","OriginalFileName":"C:\\Windows\\System32\\conhost.exe"}
{"UtcTime":"2026-08-12 15:39:26.000","Computer":"CLM-MESA-014","User":"CLM\\ops","EventID":3,"Image":"C:\\Windows\\explorer.exe","ProcessGuid":"{41EA0217-9D2D-2026-A20B-ECFF1E7FA730}","ProcessId":7907,"DestinationIp":"10.70.30.1","DestinationPort":53,"DestinationHostname":"ntp.clm.liquidacao","SourceIp":"10.70.30.14","Protocol":"tcp"}
{"UtcTime":"2026-08-12 15:39:27.000","Computer":"CLM-MESA-014","User":"CLM\\mesa","EventID":1,"Image":"C:\\Windows\\System32\\svchost.exe","ProcessGuid":"{445BB007-8F12-2026-079B-772EFB27FA72}","ProcessId":5800,"CommandLine":"C:\\Windows\\System32\\svchost.exe","ParentImage":"C:\\Windows\\System32\\services.exe","ParentProcessGuid":"{1E0C1312-4B8E-2026-1FB1-B5075960121C}","OriginalFileName":"C:\\Windows\\System32\\svchost.exe"}
{"UtcTime":"2026-08-12 15:39:28.000","Computer":"CLM-MESA-014","User":"CLM\\ops","EventID":11,"Image":"C:\\Program Files\\Microsoft Office\\Office16\\EXCEL.EXE","ProcessGuid":"{67D24EA4-8A27-2026-89F7-B20FCDB880AE}","ProcessId":4005,"TargetFilename":"C:\\Users\\Public\\Temp\\mesa-5368.tmp"}
{"UtcTime":"2026-08-12 15:39:29.000","Computer":"CLM-MESA-014","User":"CLM\\mesa","EventID":5,"Image":"C:\\Windows\\System32\\svchost.exe","ProcessGuid":"{27CF100A-F714-2026-CF0B-84FF23841DA9}","ProcessId":7873,"EventType":"End"}
{"UtcTime":"2026-08-12 15:39:30.000","Computer":"CLM-MESA-014","User":"CLM\\backoffice","EventID":5,"Image":"C:\\Program Files\\Microsoft Office\\Office16\\EXCEL.EXE","ProcessGuid":"{C9C7407F-24C6-2026-B9AF-F7F2D18A9F57}","ProcessId":6370,"EventType":"End"}
{"UtcTime":"2026-08-12 15:39:31.000","Computer":"CLM-MESA-014","User":"CLM\\mesa","EventID":5,"Image":"C:\\Windows\\System32\\svchost.exe","ProcessGuid":"{C058F082-87BB-2026-F706-05419714A6B2}","ProcessId":6987,"EventType":"End"}
{"UtcTime":"2026-08-12 15:39:32.000","Computer":"CLM-MESA-014","User":"CLM\\mesa","EventID":1,"Image":"C:\\Windows\\explorer.exe","ProcessGuid":"{46B40E5C-A1C5-2026-32DB-0E1CAAAC7150}","ProcessId":7620,"CommandLine":"C:\\Windows\\explorer.exe","ParentImage":"C:\\Windows\\System32\\services.exe","ParentProcessGuid":"{7DF7AD91-9325-2026-72CA-011D04CF1A79}","OriginalFileName":"C:\\Windows\\explorer.exe"}
{"UtcTime":"2026-08-12 15:39:33.000","Computer":"CLM-MESA-014","User":"CLM\\mesa","EventID":1,"Image":"C:\\Program Files\\Google\\Chrome\\Application\\chrome.exe","ProcessGuid":"{695C1C22-9EA0-2026-CE1D-321F1AED56D8}","ProcessId":827,"CommandLine":"C:\\Program Files\\Google\\Chrome\\Application\\chrome.exe","ParentImage":"C:\\Windows\\System32\\services.exe","ParentProcessGuid":"{181E1526-611A-2026-6094-097EFDD8C022}","OriginalFileName":"C:\\Program Files\\Google\\Chrome\\Application\\chrome.exe"}
{"UtcTime":"2026-08-12 15:39:34.000","Computer":"CLM-MESA-014","User":"CLM\\ops","EventID":11,"Image":"C:\\Windows\\explorer.exe","ProcessGuid":"{B3E752FF-1EAF-2026-5D10-7DE4294B93BF}","ProcessId":4993,"TargetFilename":"C:\\Users\\Public\\Temp\\mesa-5374.tmp"}
{"UtcTime":"2026-08-12 15:39:35.000","Computer":"CLM-MESA-014","User":"CLM\\ops","EventID":5,"Image":"C:\\Windows\\System32\\RuntimeBroker.exe","ProcessGuid":"{5203049A-4B88-2026-F2A8-1524431CE7C9}","ProcessId":4616,"EventType":"End"}
{"UtcTime":"2026-08-12 15:39:36.000","Computer":"CLM-MESA-014","User":"CLM\\backoffice","EventID":1,"Image":"C:\\Windows\\explorer.exe","ProcessGuid":"{4D4CEDD4-E474-2026-FF26-7CE1DD95DB4C}","ProcessId":3126,"CommandLine":"C:\\Windows\\explorer.exe","ParentImage":"C:\\Windows\\System32\\services.exe","ParentProcessGuid":"{C2AC54AD-3F24-2026-AEC7-2E855E75EF2D}","OriginalFileName":"C:\\Windows\\explorer.exe"}
{"UtcTime":"2026-08-12 15:39:37.000","Computer":"CLM-MESA-014","User":"CLM\\mesa","EventID":1,"Image":"C:\\Windows\\System32\\svchost.exe","ProcessGuid":"{2AC05CBE-76DE-2026-40D9-E847A029209C}","ProcessId":4510,"CommandLine":"C:\\Windows\\System32\\svchost.exe","ParentImage":"C:\\Windows\\System32\\services.exe","ParentProcessGuid":"{0EFDB09D-FF59-2026-23D2-202193A350DE}","OriginalFileName":"C:\\Windows\\System32\\svchost.exe"}
{"UtcTime":"2026-08-12 15:39:38.000","Computer":"CLM-MESA-014","User":"CLM\\mesa","EventID":1,"Image":"C:\\Windows\\System32\\RuntimeBroker.exe","ProcessGuid":"{90C357DD-DEF8-2026-4819-55DD66C3D340}","ProcessId":5758,"CommandLine":"C:\\Windows\\System32\\RuntimeBroker.exe","ParentImage":"C:\\Windows\\System32\\services.exe","ParentProcessGuid":"{D9EDE674-1634-2026-8750-391AC1E3F0B9}","OriginalFileName":"C:\\Windows\\System32\\RuntimeBroker.exe"}
{"UtcTime":"2026-08-12 15:39:39.000","Computer":"CLM-MESA-014","User":"CLM\\ops","EventID":13,"Image":"C:\\Program Files\\Google\\Chrome\\Application\\chrome.exe","ProcessGuid":"{30689003-D59D-2026-2F4E-A057F21384F9}","ProcessId":7237,"EventType":"SetValue","TargetObject":"HKCU\\Software\\CLM\\Mesa\\Pref\\5379","Details":"1"}
{"UtcTime":"2026-08-12 15:39:40.000","Computer":"CLM-MESA-014","User":"CLM\\mesa","EventID":5,"Image":"C:\\Program Files\\Microsoft Office\\Office16\\EXCEL.EXE","ProcessGuid":"{857A912C-FF67-2026-D28F-684C9A96C3E6}","ProcessId":2479,"EventType":"End"}
{"UtcTime":"2026-08-12 15:39:41.000","Computer":"CLM-MESA-014","User":"CLM\\backoffice","EventID":13,"Image":"C:\\Program Files\\Microsoft Office\\Office16\\EXCEL.EXE","ProcessGuid":"{602EB068-057E-2026-ACF5-E010FEDEB97D}","ProcessId":7764,"EventType":"SetValue","TargetObject":"HKCU\\Software\\CLM\\Mesa\\Pref\\5381","Details":"1"}
{"UtcTime":"2026-08-12 15:39:42.000","Computer":"CLM-MESA-014","User":"CLM\\ops","EventID":1,"Image":"C:\\Windows\\explorer.exe","ProcessGuid":"{F2B189E0-943D-2026-93C7-451F182A0A3B}","ProcessId":6091,"CommandLine":"C:\\Windows\\explorer.exe","ParentImage":"C:\\Windows\\System32\\services.exe","ParentProcessGuid":"{E8E0EBD4-895D-2026-616F-E6604443A02E}","OriginalFileName":"C:\\Windows\\explorer.exe"}
{"UtcTime":"2026-08-12 15:39:43.000","Computer":"CLM-MESA-014","User":"CLM\\mesa","EventID":13,"Image":"C:\\Windows\\explorer.exe","ProcessGuid":"{C776B83F-2913-2026-3775-00530C6B93AC}","ProcessId":6364,"EventType":"SetValue","TargetObject":"HKCU\\Software\\CLM\\Mesa\\Pref\\5383","Details":"1"}
{"UtcTime":"2026-08-12 15:39:44.000","Computer":"CLM-MESA-014","User":"CLM\\ops","EventID":3,"Image":"C:\\Program Files\\Google\\Chrome\\Application\\chrome.exe","ProcessGuid":"{3AA2A6E1-C5F4-2026-FE41-F06BA3307F54}","ProcessId":6312,"DestinationIp":"1.1.1.1","DestinationPort":8080,"DestinationHostname":"ntp.clm.liquidacao","SourceIp":"10.70.30.14","Protocol":"tcp"}
{"UtcTime":"2026-08-12 15:39:45.000","Computer":"CLM-MESA-014","User":"CLM\\mesa","EventID":1,"Image":"C:\\Windows\\System32\\svchost.exe","ProcessGuid":"{83E6806F-0363-2026-A8AB-3120C5AC98BF}","ProcessId":1186,"CommandLine":"C:\\Windows\\System32\\svchost.exe","ParentImage":"C:\\Windows\\System32\\services.exe","ParentProcessGuid":"{EAD17FAB-338A-2026-864D-9297CE507928}","OriginalFileName":"C:\\Windows\\System32\\svchost.exe"}
{"UtcTime":"2026-08-12 15:39:46.000","Computer":"CLM-MESA-014","User":"CLM\\backoffice","EventID":1,"Image":"C:\\Windows\\explorer.exe","ProcessGuid":"{1CAB0A65-9841-2026-37DD-9ACB4DCCF55F}","ProcessId":4574,"CommandLine":"C:\\Windows\\explorer.exe","ParentImage":"C:\\Windows\\System32\\services.exe","ParentProcessGuid":"{7F019ACB-DEA8-2026-D8D4-562EA85451FA}","OriginalFileName":"C:\\Windows\\explorer.exe"}
{"UtcTime":"2026-08-12 15:39:47.000","Computer":"CLM-MESA-014","User":"CLM\\backoffice","EventID":1,"Image":"C:\\Program Files\\Microsoft Office\\Office16\\EXCEL.EXE","ProcessGuid":"{44311FE7-E3FD-2026-5912-FDB23B83D923}","ProcessId":7689,"CommandLine":"C:\\Program Files\\Microsoft Office\\Office16\\EXCEL.EXE","ParentImage":"C:\\Windows\\System32\\services.exe","ParentProcessGuid":"{50B5436C-33CE-2026-F384-28926EE2DFD8}","OriginalFileName":"C:\\Program Files\\Microsoft Office\\Office16\\EXCEL.EXE"}
{"UtcTime":"2026-08-12 15:39:48.000","Computer":"CLM-MESA-014","User":"CLM\\ops","EventID":1,"Image":"C:\\Windows\\System32\\conhost.exe","ProcessGuid":"{F9F3B730-B376-2026-75FD-304AF9A2146D}","ProcessId":529,"CommandLine":"C:\\Windows\\System32\\conhost.exe","ParentImage":"C:\\Windows\\System32\\services.exe","ParentProcessGuid":"{8044C6A0-E689-2026-AB5B-F6E9F48F66F2}","OriginalFileName":"C:\\Windows\\System32\\conhost.exe"}
{"UtcTime":"2026-08-12 15:39:49.000","Computer":"CLM-MESA-014","User":"CLM\\backoffice","EventID":1,"Image":"C:\\Program Files\\Microsoft Office\\Office16\\EXCEL.EXE","ProcessGuid":"{E955604B-7CA9-2026-1795-9F8FDDC751A8}","ProcessId":2555,"CommandLine":"C:\\Program Files\\Microsoft Office\\Office16\\EXCEL.EXE","ParentImage":"C:\\Windows\\System32\\services.exe","ParentProcessGuid":"{C48EB46C-4EF7-2026-5A57-8F865B5A0F62}","OriginalFileName":"C:\\Program Files\\Microsoft Office\\Office16\\EXCEL.EXE"}
{"UtcTime":"2026-08-12 15:39:50.000","Computer":"CLM-MESA-014","User":"CLM\\mesa","EventID":1,"Image":"C:\\Windows\\System32\\svchost.exe","ProcessGuid":"{5F988720-DFD5-2026-9032-5A758F69FC62}","ProcessId":4966,"CommandLine":"C:\\Windows\\System32\\svchost.exe","ParentImage":"C:\\Windows\\System32\\services.exe","ParentProcessGuid":"{93ABDE15-BFBA-2026-A5DA-BE874FA86525}","OriginalFileName":"C:\\Windows\\System32\\svchost.exe"}
{"UtcTime":"2026-08-12 15:39:51.000","Computer":"CLM-MESA-014","User":"CLM\\ops","EventID":1,"Image":"C:\\Program Files\\Google\\Chrome\\Application\\chrome.exe","ProcessGuid":"{33814F04-D66E-2026-3445-5B9654552584}","ProcessId":8730,"CommandLine":"C:\\Program Files\\Google\\Chrome\\Application\\chrome.exe","ParentImage":"C:\\Windows\\System32\\services.exe","ParentProcessGuid":"{8FE0AE39-617E-2026-DA1B-0AF502A6524B}","OriginalFileName":"C:\\Program Files\\Google\\Chrome\\Application\\chrome.exe"}
{"UtcTime":"2026-08-12 15:39:52.000","Computer":"CLM-MESA-014","User":"CLM\\backoffice","EventID":1,"Image":"C:\\Windows\\explorer.exe","ProcessGuid":"{2470819E-8277-2026-AEB3-8B2476AE7F16}","ProcessId":4825,"CommandLine":"C:\\Windows\\explorer.exe","ParentImage":"C:\\Windows\\System32\\services.exe","ParentProcessGuid":"{6140BB6B-5C86-2026-C7F2-68BC051BF43A}","OriginalFileName":"C:\\Windows\\explorer.exe"}
{"UtcTime":"2026-08-12 15:39:53.000","Computer":"CLM-MESA-014","User":"CLM\\backoffice","EventID":1,"Image":"C:\\Windows\\System32\\conhost.exe","ProcessGuid":"{C75E53D2-3E94-2026-E4D2-469A66154987}","ProcessId":790,"CommandLine":"C:\\Windows\\System32\\conhost.exe","ParentImage":"C:\\Windows\\System32\\services.exe","ParentProcessGuid":"{0DE21A07-885A-2026-4BC4-18C769189F6C}","OriginalFileName":"C:\\Windows\\System32\\conhost.exe"}
{"UtcTime":"2026-08-12 15:39:54.000","Computer":"CLM-MESA-014","User":"CLM\\mesa","EventID":1,"Image":"C:\\Windows\\System32\\RuntimeBroker.exe","ProcessGuid":"{D376E545-EDDD-2026-A89B-A60E90B35A5E}","ProcessId":4249,"CommandLine":"C:\\Windows\\System32\\RuntimeBroker.exe","ParentImage":"C:\\Windows\\System32\\services.exe","ParentProcessGuid":"{321B4A9F-C442-2026-AA3F-4D1DD604FAC0}","OriginalFileName":"C:\\Windows\\System32\\RuntimeBroker.exe"}
{"UtcTime":"2026-08-12 15:39:55.000","Computer":"CLM-MESA-014","User":"CLM\\backoffice","EventID":1,"Image":"C:\\Program Files\\Google\\Chrome\\Application\\chrome.exe","ProcessGuid":"{D58835AB-D80C-2026-CF56-5699B0F58F8A}","ProcessId":2859,"CommandLine":"C:\\Program Files\\Google\\Chrome\\Application\\chrome.exe","ParentImage":"C:\\Windows\\System32\\services.exe","ParentProcessGuid":"{534E360D-9D64-2026-7B4D-08F67675B52F}","OriginalFileName":"C:\\Program Files\\Google\\Chrome\\Application\\chrome.exe"}
{"UtcTime":"2026-08-12 15:39:56.000","Computer":"CLM-MESA-014","User":"CLM\\ops","EventID":13,"Image":"C:\\Windows\\explorer.exe","ProcessGuid":"{DF634F34-5D22-2026-247C-B21F2BCF4A7E}","ProcessId":5038,"EventType":"SetValue","TargetObject":"HKCU\\Software\\CLM\\Mesa\\Pref\\5396","Details":"1"}
{"UtcTime":"2026-08-12 15:39:57.000","Computer":"CLM-MESA-014","User":"CLM\\ops","EventID":1,"Image":"C:\\Program Files\\Microsoft Office\\Office16\\EXCEL.EXE","ProcessGuid":"{E2A47E79-9737-2026-A399-2474DA1C56C4}","ProcessId":8925,"CommandLine":"C:\\Program Files\\Microsoft Office\\Office16\\EXCEL.EXE","ParentImage":"C:\\Windows\\System32\\services.exe","ParentProcessGuid":"{A3D86149-26C7-2026-A5C0-6CEB71B2FD91}","OriginalFileName":"C:\\Program Files\\Microsoft Office\\Office16\\EXCEL.EXE"}
{"UtcTime":"2026-08-12 15:39:58.000","Computer":"CLM-MESA-014","User":"CLM\\ops","EventID":3,"Image":"C:\\Windows\\System32\\svchost.exe","ProcessGuid":"{F28B5A89-9FF8-2026-A2DD-ACFA6327E17B}","ProcessId":8518,"DestinationIp":"10.70.30.8","DestinationPort":53,"DestinationHostname":"portal.clm.liquidacao","SourceIp":"10.70.30.14","Protocol":"tcp"}
{"UtcTime":"2026-08-12 15:39:59.000","Computer":"CLM-MESA-014","User":"CLM\\backoffice","EventID":5,"Image":"C:\\Windows\\explorer.exe","ProcessGuid":"{90060055-3749-2026-F6B4-8CF8BAD5B4AC}","ProcessId":2019,"EventType":"End"}
{"UtcTime":"2026-08-12 15:40:00.000","Computer":"CLM-MESA-014","User":"CLM\\backoffice","EventID":1,"Image":"C:\\Windows\\System32\\RuntimeBroker.exe","ProcessGuid":"{ED5DBB61-0CDB-2026-F938-3DE5A5A3BD11}","ProcessId":7800,"CommandLine":"C:\\Windows\\System32\\RuntimeBroker.exe","ParentImage":"C:\\Windows\\System32\\services.exe","ParentProcessGuid":"{C8F25468-E16C-2026-BB03-0C1C1B97EB27}","OriginalFileName":"C:\\Windows\\System32\\RuntimeBroker.exe"}
{"UtcTime":"2026-08-12 15:40:01.000","Computer":"CLM-MESA-014","User":"CLM\\ops","EventID":13,"Image":"C:\\Windows\\explorer.exe","ProcessGuid":"{7EB93417-F4EF-2026-B54A-8DCF556CCBBD}","ProcessId":1395,"EventType":"SetValue","TargetObject":"HKCU\\Software\\CLM\\Mesa\\Pref\\5401","Details":"1"}
{"UtcTime":"2026-08-12 15:40:02.000","Computer":"CLM-MESA-014","User":"CLM\\mesa","EventID":1,"Image":"C:\\Windows\\System32\\svchost.exe","ProcessGuid":"{ABBA0D99-BC5B-2026-0CE6-3A1B19B10A05}","ProcessId":8686,"CommandLine":"C:\\Windows\\System32\\svchost.exe","ParentImage":"C:\\Windows\\System32\\services.exe","ParentProcessGuid":"{9F120822-202C-2026-07C3-C10A2FD437E9}","OriginalFileName":"C:\\Windows\\System32\\svchost.exe"}
{"UtcTime":"2026-08-12 15:40:03.000","Computer":"CLM-MESA-014","User":"CLM\\mesa","EventID":1,"Image":"C:\\Windows\\System32\\conhost.exe","ProcessGuid":"{1541F4CD-A917-2026-A0EB-625DD3024021}","ProcessId":8938,"CommandLine":"C:\\Windows\\System32\\conhost.exe","ParentImage":"C:\\Windows\\System32\\services.exe","ParentProcessGuid":"{2B6EEBE0-6F49-2026-45E3-A22B2C641769}","OriginalFileName":"C:\\Windows\\System32\\conhost.exe"}
{"UtcTime":"2026-08-12 15:40:04.000","Computer":"CLM-MESA-014","User":"CLM\\mesa","EventID":1,"Image":"C:\\Windows\\System32\\svchost.exe","ProcessGuid":"{B2F8A584-5E39-2026-4F3F-D9BAA4C8AF97}","ProcessId":6338,"CommandLine":"C:\\Windows\\System32\\svchost.exe","ParentImage":"C:\\Windows\\System32\\services.exe","ParentProcessGuid":"{519D948A-DA43-2026-098F-EE029414BABA}","OriginalFileName":"C:\\Windows\\System32\\svchost.exe"}
{"UtcTime":"2026-08-12 15:40:05.000","Computer":"CLM-MESA-014","User":"CLM\\ops","EventID":3,"Image":"C:\\Windows\\System32\\conhost.exe","ProcessGuid":"{F68F8A74-2E0F-2026-66F6-46A8437000AA}","ProcessId":2147,"DestinationIp":"8.8.8.8","DestinationPort":53,"DestinationHostname":"portal.clm.liquidacao","SourceIp":"10.70.30.14","Protocol":"tcp"}
{"UtcTime":"2026-08-12 15:40:06.000","Computer":"CLM-MESA-014","User":"CLM\\backoffice","EventID":1,"Image":"C:\\Windows\\explorer.exe","ProcessGuid":"{646D6072-214D-2026-6400-1428A162AB19}","ProcessId":3677,"CommandLine":"C:\\Windows\\explorer.exe","ParentImage":"C:\\Windows\\System32\\services.exe","ParentProcessGuid":"{BFB8C6FE-F084-2026-630A-22A9ABBFC4F3}","OriginalFileName":"C:\\Windows\\explorer.exe"}
{"UtcTime":"2026-08-12 15:40:07.000","Computer":"CLM-MESA-014","User":"CLM\\mesa","EventID":11,"Image":"C:\\Windows\\explorer.exe","ProcessGuid":"{C09F1B9B-2965-2026-8CB6-BDB63C3D06D4}","ProcessId":1876,"TargetFilename":"C:\\Users\\Public\\Temp\\mesa-5407.tmp"}
{"UtcTime":"2026-08-12 15:40:08.000","Computer":"CLM-MESA-014","User":"CLM\\ops","EventID":11,"Image":"C:\\Program Files\\Google\\Chrome\\Application\\chrome.exe","ProcessGuid":"{F12EA165-61B8-2026-C3D6-705DC9973C2D}","ProcessId":8343,"TargetFilename":"C:\\Users\\Public\\Temp\\mesa-5408.tmp"}
{"UtcTime":"2026-08-12 15:40:09.000","Computer":"CLM-MESA-014","User":"CLM\\backoffice","EventID":1,"Image":"C:\\Windows\\explorer.exe","ProcessGuid":"{5FB99BC8-51FF-2026-62AA-1F9C1CD4C304}","ProcessId":6626,"CommandLine":"C:\\Windows\\explorer.exe","ParentImage":"C:\\Windows\\System32\\services.exe","ParentProcessGuid":"{A26D24C1-5E70-2026-0D52-877048BC6156}","OriginalFileName":"C:\\Windows\\explorer.exe"}
{"UtcTime":"2026-08-12 15:40:10.000","Computer":"CLM-MESA-014","User":"CLM\\ops","EventID":5,"Image":"C:\\Program Files\\Microsoft Office\\Office16\\EXCEL.EXE","ProcessGuid":"{A38952D9-C840-2026-17AB-B87D26686DEE}","ProcessId":7539,"EventType":"End"}
{"UtcTime":"2026-08-12 15:40:11.000","Computer":"CLM-MESA-014","User":"CLM\\backoffice","EventID":13,"Image":"C:\\Program Files\\Google\\Chrome\\Application\\chrome.exe","ProcessGuid":"{26AFC4FF-D657-2026-C118-6809359901FF}","ProcessId":3260,"EventType":"SetValue","TargetObject":"HKCU\\Software\\CLM\\Mesa\\Pref\\5411","Details":"1"}
{"UtcTime":"2026-08-12 15:40:12.000","Computer":"CLM-MESA-014","User":"CLM\\mesa","EventID":1,"Image":"C:\\Windows\\System32\\conhost.exe","ProcessGuid":"{F279BFDC-EE67-2026-0DDB-6E0E16E7F76B}","ProcessId":8878,"CommandLine":"C:\\Windows\\System32\\conhost.exe","ParentImage":"C:\\Windows\\System32\\services.exe","ParentProcessGuid":"{6A3093C9-1F67-2026-403B-DF42DE8B2EA9}","OriginalFileName":"C:\\Windows\\System32\\conhost.exe"}
{"UtcTime":"2026-08-12 15:40:13.000","Computer":"CLM-MESA-014","User":"CLM\\backoffice","EventID":11,"Image":"C:\\Program Files\\Google\\Chrome\\Application\\chrome.exe","ProcessGuid":"{49E185F0-3270-2026-F6BC-5FC73FBA2BEB}","ProcessId":7652,"TargetFilename":"C:\\Users\\Public\\Temp\\mesa-5413.tmp"}
{"UtcTime":"2026-08-12 15:40:14.000","Computer":"CLM-MESA-014","User":"CLM\\backoffice","EventID":3,"Image":"C:\\Program Files\\Google\\Chrome\\Application\\chrome.exe","ProcessGuid":"{A1C4EB03-CEA1-2026-5530-8979E59508C5}","ProcessId":5576,"DestinationIp":"10.70.30.1","DestinationPort":135,"DestinationHostname":"portal.clm.liquidacao","SourceIp":"10.70.30.14","Protocol":"tcp"}
{"UtcTime":"2026-08-12 15:40:15.000","Computer":"CLM-MESA-014","User":"CLM\\mesa","EventID":1,"Image":"C:\\Program Files\\Google\\Chrome\\Application\\chrome.exe","ProcessGuid":"{50EBE1C7-2CAA-2026-19D8-5F9096727907}","ProcessId":7081,"CommandLine":"C:\\Program Files\\Google\\Chrome\\Application\\chrome.exe","ParentImage":"C:\\Windows\\System32\\services.exe","ParentProcessGuid":"{DD214F72-9A54-2026-8731-A3314289ECD6}","OriginalFileName":"C:\\Program Files\\Google\\Chrome\\Application\\chrome.exe"}
{"UtcTime":"2026-08-12 15:40:16.000","Computer":"CLM-MESA-014","User":"CLM\\mesa","EventID":1,"Image":"C:\\Program Files\\Google\\Chrome\\Application\\chrome.exe","ProcessGuid":"{8A3EB09F-8E45-2026-9B07-3D80FFE56C5B}","ProcessId":2279,"CommandLine":"C:\\Program Files\\Google\\Chrome\\Application\\chrome.exe","ParentImage":"C:\\Windows\\System32\\services.exe","ParentProcessGuid":"{D1ED9CC3-E9B5-2026-0E1D-683EFD4F89B8}","OriginalFileName":"C:\\Program Files\\Google\\Chrome\\Application\\chrome.exe"}
{"UtcTime":"2026-08-12 15:40:17.000","Computer":"CLM-MESA-014","User":"CLM\\mesa","EventID":13,"Image":"C:\\Program Files\\Microsoft Office\\Office16\\EXCEL.EXE","ProcessGuid":"{AB2FE54C-6369-2026-E32E-15E03E1D8A0F}","ProcessId":3879,"EventType":"SetValue","TargetObject":"HKCU\\Software\\CLM\\Mesa\\Pref\\5417","Details":"1"}
{"UtcTime":"2026-08-12 15:40:18.000","Computer":"CLM-MESA-014","User":"CLM\\ops","EventID":5,"Image":"C:\\Program Files\\Google\\Chrome\\Application\\chrome.exe","ProcessGuid":"{CD8A8914-E72C-2026-43C0-42BFCF5E21C6}","ProcessId":6738,"EventType":"End"}
{"UtcTime":"2026-08-12 15:40:19.000","Computer":"CLM-MESA-014","User":"CLM\\mesa","EventID":1,"Image":"C:\\Windows\\explorer.exe","ProcessGuid":"{5AE76F1C-4F39-2026-9F5B-2581F7A0E924}","ProcessId":6967,"CommandLine":"C:\\Windows\\explorer.exe","ParentImage":"C:\\Windows\\System32\\services.exe","ParentProcessGuid":"{06B4FF56-706B-2026-2EAA-6E3B5DB78DAE}","OriginalFileName":"C:\\Windows\\explorer.exe"}
{"UtcTime":"2026-08-12 15:40:20.000","Computer":"CLM-MESA-014","User":"CLM\\ops","EventID":13,"Image":"C:\\Program Files\\Google\\Chrome\\Application\\chrome.exe","ProcessGuid":"{80F834CB-6EE4-2026-B56C-F798D41D1631}","ProcessId":2646,"EventType":"SetValue","TargetObject":"HKCU\\Software\\CLM\\Mesa\\Pref\\5420","Details":"1"}
{"UtcTime":"2026-08-12 15:40:21.000","Computer":"CLM-MESA-014","User":"CLM\\ops","EventID":1,"Image":"C:\\Windows\\System32\\RuntimeBroker.exe","ProcessGuid":"{0BAF9F8D-CCCF-2026-479F-694BD30CF20F}","ProcessId":8641,"CommandLine":"C:\\Windows\\System32\\RuntimeBroker.exe","ParentImage":"C:\\Windows\\System32\\services.exe","ParentProcessGuid":"{F35562D8-311F-2026-EA9E-03975BD68F01}","OriginalFileName":"C:\\Windows\\System32\\RuntimeBroker.exe"}
{"UtcTime":"2026-08-12 15:40:22.000","Computer":"CLM-MESA-014","User":"CLM\\mesa","EventID":1,"Image":"C:\\Windows\\System32\\conhost.exe","ProcessGuid":"{13C6C0C9-CED3-2026-2C07-A995FBC361D7}","ProcessId":971,"CommandLine":"C:\\Windows\\System32\\conhost.exe","ParentImage":"C:\\Windows\\System32\\services.exe","ParentProcessGuid":"{919E6B2C-CC0C-2026-F641-633A943A7FB5}","OriginalFileName":"C:\\Windows\\System32\\conhost.exe"}
{"UtcTime":"2026-08-12 15:40:23.000","Computer":"CLM-MESA-014","User":"CLM\\ops","EventID":1,"Image":"C:\\Program Files\\Microsoft Office\\Office16\\EXCEL.EXE","ProcessGuid":"{3A80970D-D7C9-2026-AF42-BBFC7B5C2D81}","ProcessId":8350,"CommandLine":"C:\\Program Files\\Microsoft Office\\Office16\\EXCEL.EXE","ParentImage":"C:\\Windows\\System32\\services.exe","ParentProcessGuid":"{DBAA07B5-91D8-2026-46D6-F8CE6DCF4371}","OriginalFileName":"C:\\Program Files\\Microsoft Office\\Office16\\EXCEL.EXE"}
{"UtcTime":"2026-08-12 15:40:24.000","Computer":"CLM-MESA-014","User":"CLM\\backoffice","EventID":11,"Image":"C:\\Program Files\\Microsoft Office\\Office16\\EXCEL.EXE","ProcessGuid":"{FEAE5EB9-6AEE-2026-ABF2-F0B68F1C70F5}","ProcessId":7887,"TargetFilename":"C:\\Users\\Public\\Temp\\mesa-5424.tmp"}
{"UtcTime":"2026-08-12 15:40:25.000","Computer":"CLM-MESA-014","User":"CLM\\mesa","EventID":3,"Image":"C:\\Windows\\explorer.exe","ProcessGuid":"{A269840F-8054-2026-2494-5A2FB95E0943}","ProcessId":496,"DestinationIp":"10.70.30.8","DestinationPort":443,"DestinationHostname":"ntp.clm.liquidacao","SourceIp":"10.70.30.14","Protocol":"tcp"}
{"UtcTime":"2026-08-12 15:40:26.000","Computer":"CLM-MESA-014","User":"CLM\\ops","EventID":5,"Image":"C:\\Windows\\explorer.exe","ProcessGuid":"{435280DF-C194-2026-F771-41661A11D55F}","ProcessId":5139,"EventType":"End"}
{"UtcTime":"2026-08-12 15:40:27.000","Computer":"CLM-MESA-014","User":"CLM\\backoffice","EventID":1,"Image":"C:\\Windows\\System32\\RuntimeBroker.exe","ProcessGuid":"{3F649247-ADA8-2026-A869-6FC642410D56}","ProcessId":4652,"CommandLine":"C:\\Windows\\System32\\RuntimeBroker.exe","ParentImage":"C:\\Windows\\System32\\services.exe","ParentProcessGuid":"{D50436BB-2E04-2026-52DC-C64F9D604734}","OriginalFileName":"C:\\Windows\\System32\\RuntimeBroker.exe"}
{"UtcTime":"2026-08-12 15:40:28.000","Computer":"CLM-MESA-014","User":"CLM\\backoffice","EventID":11,"Image":"C:\\Program Files\\Microsoft Office\\Office16\\EXCEL.EXE","ProcessGuid":"{CAF7639C-E7D6-2026-21DE-69D8CC230DCB}","ProcessId":1098,"TargetFilename":"C:\\Users\\Public\\Temp\\mesa-5428.tmp"}
{"UtcTime":"2026-08-12 15:40:29.000","Computer":"CLM-MESA-014","User":"CLM\\backoffice","EventID":1,"Image":"C:\\Windows\\System32\\svchost.exe","ProcessGuid":"{90F16FFA-2FBC-2026-F026-D0E227D04774}","ProcessId":6749,"CommandLine":"C:\\Windows\\System32\\svchost.exe","ParentImage":"C:\\Windows\\System32\\services.exe","ParentProcessGuid":"{71EB17AE-14AA-2026-1C07-486AA1E493AE}","OriginalFileName":"C:\\Windows\\System32\\svchost.exe"}
{"UtcTime":"2026-08-12 15:40:30.000","Computer":"CLM-MESA-014","User":"CLM\\backoffice","EventID":11,"Image":"C:\\Program Files\\Microsoft Office\\Office16\\EXCEL.EXE","ProcessGuid":"{36615AC2-B545-2026-C2A2-C74F8EB36ADD}","ProcessId":6730,"TargetFilename":"C:\\Users\\Public\\Temp\\mesa-5430.tmp"}
{"UtcTime":"2026-08-12 15:40:31.000","Computer":"CLM-MESA-014","User":"CLM\\ops","EventID":3,"Image":"C:\\Windows\\System32\\RuntimeBroker.exe","ProcessGuid":"{268A8185-81C0-2026-6A9A-B44C5BF3A67B}","ProcessId":6770,"DestinationIp":"10.70.30.1","DestinationPort":53,"DestinationHostname":"ntp.clm.liquidacao","SourceIp":"10.70.30.14","Protocol":"tcp"}
{"UtcTime":"2026-08-12 15:40:32.000","Computer":"CLM-MESA-014","User":"CLM\\backoffice","EventID":11,"Image":"C:\\Windows\\System32\\conhost.exe","ProcessGuid":"{E98F81EF-7086-2026-82BC-373A1A446955}","ProcessId":2649,"TargetFilename":"C:\\Users\\Public\\Temp\\mesa-5432.tmp"}
{"UtcTime":"2026-08-12 15:40:33.000","Computer":"CLM-MESA-014","User":"CLM\\ops","EventID":1,"Image":"C:\\Program Files\\Google\\Chrome\\Application\\chrome.exe","ProcessGuid":"{5E970DAA-4F04-2026-5673-E08827214BAA}","ProcessId":2141,"CommandLine":"C:\\Program Files\\Google\\Chrome\\Application\\chrome.exe","ParentImage":"C:\\Windows\\System32\\services.exe","ParentProcessGuid":"{074235AC-9E92-2026-951A-052561C48C8A}","OriginalFileName":"C:\\Program Files\\Google\\Chrome\\Application\\chrome.exe"}
{"UtcTime":"2026-08-12 15:40:34.000","Computer":"CLM-MESA-014","User":"CLM\\ops","EventID":1,"Image":"C:\\Windows\\System32\\RuntimeBroker.exe","ProcessGuid":"{3487B677-4FF4-2026-682C-5A8CF4AC240C}","ProcessId":5087,"CommandLine":"C:\\Windows\\System32\\RuntimeBroker.exe","ParentImage":"C:\\Windows\\System32\\services.exe","ParentProcessGuid":"{7F9BD5AB-F336-2026-5C06-58C5B1CD2A1C}","OriginalFileName":"C:\\Windows\\System32\\RuntimeBroker.exe"}
{"UtcTime":"2026-08-12 15:40:35.000","Computer":"CLM-MESA-014","User":"CLM\\backoffice","EventID":11,"Image":"C:\\Program Files\\Google\\Chrome\\Application\\chrome.exe","ProcessGuid":"{410297AC-7273-2026-0A3C-6CCBDF7C1E1E}","ProcessId":8516,"TargetFilename":"C:\\Users\\Public\\Temp\\mesa-5435.tmp"}
{"UtcTime":"2026-08-12 15:40:36.000","Computer":"CLM-MESA-014","User":"CLM\\backoffice","EventID":13,"Image":"C:\\Windows\\explorer.exe","ProcessGuid":"{2C68D805-3296-2026-5E26-598F22B5F327}","ProcessId":3626,"EventType":"SetValue","TargetObject":"HKCU\\Software\\CLM\\Mesa\\Pref\\5436","Details":"1"}
{"UtcTime":"2026-08-12 15:40:37.000","Computer":"CLM-MESA-014","User":"CLM\\ops","EventID":5,"Image":"C:\\Program Files\\Google\\Chrome\\Application\\chrome.exe","ProcessGuid":"{A5277A79-D1DF-2026-989A-354A7B24A68B}","ProcessId":5845,"EventType":"End"}
{"UtcTime":"2026-08-12 15:40:38.000","Computer":"CLM-MESA-014","User":"CLM\\ops","EventID":3,"Image":"C:\\Program Files\\Microsoft Office\\Office16\\EXCEL.EXE","ProcessGuid":"{D9843C89-6800-2026-8DDB-08BE1F43F2C4}","ProcessId":8592,"DestinationIp":"10.70.30.8","DestinationPort":443,"DestinationHostname":"ntp.clm.liquidacao","SourceIp":"10.70.30.14","Protocol":"tcp"}
{"UtcTime":"2026-08-12 15:40:39.000","Computer":"CLM-MESA-014","User":"CLM\\backoffice","EventID":1,"Image":"C:\\Windows\\System32\\svchost.exe","ProcessGuid":"{B1D18AAA-B327-2026-6C6D-9BD85F41A1F9}","ProcessId":8368,"CommandLine":"C:\\Windows\\System32\\svchost.exe","ParentImage":"C:\\Windows\\System32\\services.exe","ParentProcessGuid":"{04FEECDE-B694-2026-D1BC-CB174B90C3E2}","OriginalFileName":"C:\\Windows\\System32\\svchost.exe"}
{"UtcTime":"2026-08-12 15:40:40.000","Computer":"CLM-MESA-014","User":"CLM\\backoffice","EventID":13,"Image":"C:\\Windows\\System32\\svchost.exe","ProcessGuid":"{4D162752-8C44-2026-0DE8-69B896B22ADE}","ProcessId":429,"EventType":"SetValue","TargetObject":"HKCU\\Software\\CLM\\Mesa\\Pref\\5440","Details":"1"}
{"UtcTime":"2026-08-12 15:40:41.000","Computer":"CLM-MESA-014","User":"CLM\\ops","EventID":3,"Image":"C:\\Windows\\System32\\conhost.exe","ProcessGuid":"{25B8250F-EB04-2026-565B-46E6E11E5F8C}","ProcessId":1116,"DestinationIp":"8.8.8.8","DestinationPort":8080,"DestinationHostname":"ntp.clm.liquidacao","SourceIp":"10.70.30.14","Protocol":"tcp"}
{"UtcTime":"2026-08-12 15:40:42.000","Computer":"CLM-MESA-014","User":"CLM\\mesa","EventID":13,"Image":"C:\\Windows\\System32\\RuntimeBroker.exe","ProcessGuid":"{4AE8B5C5-6FAB-2026-0F23-EBD4E6AE456E}","ProcessId":2166,"EventType":"SetValue","TargetObject":"HKCU\\Software\\CLM\\Mesa\\Pref\\5442","Details":"1"}
{"UtcTime":"2026-08-12 15:40:43.000","Computer":"CLM-MESA-014","User":"CLM\\ops","EventID":11,"Image":"C:\\Windows\\System32\\svchost.exe","ProcessGuid":"{D92D7456-EC9E-2026-B56A-D008FCBFE309}","ProcessId":5436,"TargetFilename":"C:\\Users\\Public\\Temp\\mesa-5443.tmp"}
{"UtcTime":"2026-08-12 15:40:44.000","Computer":"CLM-MESA-014","User":"CLM\\ops","EventID":3,"Image":"C:\\Windows\\System32\\svchost.exe","ProcessGuid":"{F4108835-ECD4-2026-C5FD-C6B52A2FFAFF}","ProcessId":3258,"DestinationIp":"10.70.30.8","DestinationPort":135,"DestinationHostname":"portal.clm.liquidacao","SourceIp":"10.70.30.14","Protocol":"tcp"}
{"UtcTime":"2026-08-12 15:40:45.000","Computer":"CLM-MESA-014","User":"CLM\\backoffice","EventID":5,"Image":"C:\\Program Files\\Microsoft Office\\Office16\\EXCEL.EXE","ProcessGuid":"{E41384E1-EBC9-2026-36E2-0928AF07842B}","ProcessId":3780,"EventType":"End"}
{"UtcTime":"2026-08-12 15:40:46.000","Computer":"CLM-MESA-014","User":"CLM\\ops","EventID":1,"Image":"C:\\Windows\\explorer.exe","ProcessGuid":"{BB7AE45F-72AF-2026-73E3-BB1B5EA6D22D}","ProcessId":6020,"CommandLine":"C:\\Windows\\explorer.exe","ParentImage":"C:\\Windows\\System32\\services.exe","ParentProcessGuid":"{5972C47F-C71E-2026-E33E-8B42D4C79327}","OriginalFileName":"C:\\Windows\\explorer.exe"}
{"UtcTime":"2026-08-12 15:40:47.000","Computer":"CLM-MESA-014","User":"CLM\\ops","EventID":13,"Image":"C:\\Windows\\explorer.exe","ProcessGuid":"{AC53D3D9-17CB-2026-7C8F-D990C6DBAE95}","ProcessId":6962,"EventType":"SetValue","TargetObject":"HKCU\\Software\\CLM\\Mesa\\Pref\\5447","Details":"1"}
{"UtcTime":"2026-08-12 15:40:48.000","Computer":"CLM-MESA-014","User":"CLM\\backoffice","EventID":1,"Image":"C:\\Windows\\System32\\svchost.exe","ProcessGuid":"{F3B57CED-3C6B-2026-EC00-D48CA7F0AAC4}","ProcessId":8221,"CommandLine":"C:\\Windows\\System32\\svchost.exe","ParentImage":"C:\\Windows\\System32\\services.exe","ParentProcessGuid":"{8C03FD49-A487-2026-12BC-B1BC7A7207C5}","OriginalFileName":"C:\\Windows\\System32\\svchost.exe"}
{"UtcTime":"2026-08-12 15:40:49.000","Computer":"CLM-MESA-014","User":"CLM\\mesa","EventID":11,"Image":"C:\\Windows\\System32\\conhost.exe","ProcessGuid":"{DC317BFF-B58B-2026-8BAE-2918EFA17947}","ProcessId":6355,"TargetFilename":"C:\\Users\\Public\\Temp\\mesa-5449.tmp"}
{"UtcTime":"2026-08-12 15:40:50.000","Computer":"CLM-MESA-014","User":"CLM\\mesa","EventID":1,"Image":"C:\\Windows\\System32\\svchost.exe","ProcessGuid":"{41450BDA-D359-2026-2BCC-457E2372973D}","ProcessId":2086,"CommandLine":"C:\\Windows\\System32\\svchost.exe","ParentImage":"C:\\Windows\\System32\\services.exe","ParentProcessGuid":"{9DF9FBC9-B1A8-2026-63F1-BD8B4EC123FC}","OriginalFileName":"C:\\Windows\\System32\\svchost.exe"}
{"UtcTime":"2026-08-12 15:40:51.000","Computer":"CLM-MESA-014","User":"CLM\\backoffice","EventID":11,"Image":"C:\\Windows\\System32\\RuntimeBroker.exe","ProcessGuid":"{8D935445-8943-2026-02BB-DC368D99E322}","ProcessId":6630,"TargetFilename":"C:\\Users\\Public\\Temp\\mesa-5451.tmp"}
{"UtcTime":"2026-08-12 15:40:52.000","Computer":"CLM-MESA-014","User":"CLM\\ops","EventID":5,"Image":"C:\\Windows\\System32\\conhost.exe","ProcessGuid":"{1644FDD6-DDCB-2026-D8C9-BFEE0EA5B86C}","ProcessId":6153,"EventType":"End"}
{"UtcTime":"2026-08-12 15:40:53.000","Computer":"CLM-MESA-014","User":"CLM\\ops","EventID":1,"Image":"C:\\Windows\\System32\\RuntimeBroker.exe","ProcessGuid":"{5B8B93BF-17C5-2026-8200-48ED276C7F27}","ProcessId":8792,"CommandLine":"C:\\Windows\\System32\\RuntimeBroker.exe","ParentImage":"C:\\Windows\\System32\\services.exe","ParentProcessGuid":"{B2C6A5F5-350D-2026-84EB-890CABAAD449}","OriginalFileName":"C:\\Windows\\System32\\RuntimeBroker.exe"}
{"UtcTime":"2026-08-12 15:40:54.000","Computer":"CLM-MESA-014","User":"CLM\\mesa","EventID":1,"Image":"C:\\Windows\\System32\\svchost.exe","ProcessGuid":"{97627DAD-BC84-2026-903E-1DF35A37AF95}","ProcessId":4227,"CommandLine":"C:\\Windows\\System32\\svchost.exe","ParentImage":"C:\\Windows\\System32\\services.exe","ParentProcessGuid":"{A26EDC11-A2B7-2026-310C-A79FC0DA2833}","OriginalFileName":"C:\\Windows\\System32\\svchost.exe"}
{"UtcTime":"2026-08-12 15:40:55.000","Computer":"CLM-MESA-014","User":"CLM\\backoffice","EventID":3,"Image":"C:\\Windows\\System32\\RuntimeBroker.exe","ProcessGuid":"{99BF60E5-A9AD-2026-8993-782D8D302F04}","ProcessId":1668,"DestinationIp":"10.70.30.8","DestinationPort":443,"DestinationHostname":"ntp.clm.liquidacao","SourceIp":"10.70.30.14","Protocol":"tcp"}
{"UtcTime":"2026-08-12 15:40:56.000","Computer":"CLM-MESA-014","User":"CLM\\mesa","EventID":11,"Image":"C:\\Windows\\System32\\conhost.exe","ProcessGuid":"{D136527C-28E8-2026-89AB-4ED40E0FAEED}","ProcessId":5230,"TargetFilename":"C:\\Users\\Public\\Temp\\mesa-5456.tmp"}
{"UtcTime":"2026-08-12 15:40:57.000","Computer":"CLM-MESA-014","User":"CLM\\backoffice","EventID":5,"Image":"C:\\Program Files\\Google\\Chrome\\Application\\chrome.exe","ProcessGuid":"{3EABF721-A549-2026-CA18-6531D5BA3528}","ProcessId":7809,"EventType":"End"}
{"UtcTime":"2026-08-12 15:40:58.000","Computer":"CLM-MESA-014","User":"CLM\\mesa","EventID":5,"Image":"C:\\Windows\\System32\\RuntimeBroker.exe","ProcessGuid":"{ED0B4CCD-29FB-2026-DBBD-1FD3DBD34807}","ProcessId":3114,"EventType":"End"}
{"UtcTime":"2026-08-12 15:40:59.000","Computer":"CLM-MESA-014","User":"CLM\\backoffice","EventID":1,"Image":"C:\\Windows\\System32\\RuntimeBroker.exe","ProcessGuid":"{8D4CF0C4-5D4C-2026-C05E-C0017087D27A}","ProcessId":5181,"CommandLine":"C:\\Windows\\System32\\RuntimeBroker.exe","ParentImage":"C:\\Windows\\System32\\services.exe","ParentProcessGuid":"{AE1D844B-E4CD-2026-AA6A-FF3FF4884840}","OriginalFileName":"C:\\Windows\\System32\\RuntimeBroker.exe"}
{"UtcTime":"2026-08-12 15:41:00.000","Computer":"CLM-MESA-014","User":"CLM\\mesa","EventID":13,"Image":"C:\\Windows\\System32\\svchost.exe","ProcessGuid":"{C859F54A-723D-2026-D651-6BEB0AACC2E8}","ProcessId":7905,"EventType":"SetValue","TargetObject":"HKCU\\Software\\CLM\\Mesa\\Pref\\5460","Details":"1"}
{"UtcTime":"2026-08-12 15:41:01.000","Computer":"CLM-MESA-014","User":"CLM\\ops","EventID":13,"Image":"C:\\Windows\\explorer.exe","ProcessGuid":"{193DBA35-F8FC-2026-FB21-3B88D39E2FAE}","ProcessId":7065,"EventType":"SetValue","TargetObject":"HKCU\\Software\\CLM\\Mesa\\Pref\\5461","Details":"1"}
{"UtcTime":"2026-08-12 15:41:02.000","Computer":"CLM-MESA-014","User":"CLM\\mesa","EventID":13,"Image":"C:\\Windows\\System32\\svchost.exe","ProcessGuid":"{F2BA8D16-A098-2026-ADBB-E540D5CA95F1}","ProcessId":8257,"EventType":"SetValue","TargetObject":"HKCU\\Software\\CLM\\Mesa\\Pref\\5462","Details":"1"}
{"UtcTime":"2026-08-12 15:41:03.000","Computer":"CLM-MESA-014","User":"CLM\\ops","EventID":5,"Image":"C:\\Program Files\\Microsoft Office\\Office16\\EXCEL.EXE","ProcessGuid":"{D0296AE1-C8B8-2026-1443-896F8A334BFD}","ProcessId":5083,"EventType":"End"}
{"UtcTime":"2026-08-12 15:41:04.000","Computer":"CLM-MESA-014","User":"CLM\\backoffice","EventID":1,"Image":"C:\\Windows\\System32\\conhost.exe","ProcessGuid":"{4273F164-A3E5-2026-021E-B60953C41F39}","ProcessId":3168,"CommandLine":"C:\\Windows\\System32\\conhost.exe","ParentImage":"C:\\Windows\\System32\\services.exe","ParentProcessGuid":"{FE773488-0DC2-2026-D341-398101104E4F}","OriginalFileName":"C:\\Windows\\System32\\conhost.exe"}
{"UtcTime":"2026-08-12 15:41:05.000","Computer":"CLM-MESA-014","User":"CLM\\ops","EventID":1,"Image":"C:\\Windows\\explorer.exe","ProcessGuid":"{A4D98BF5-220E-2026-B95D-2CB80002A1C1}","ProcessId":6344,"CommandLine":"C:\\Windows\\explorer.exe","ParentImage":"C:\\Windows\\System32\\services.exe","ParentProcessGuid":"{2F31F63D-34AD-2026-568B-150FAF82B9B1}","OriginalFileName":"C:\\Windows\\explorer.exe"}
{"UtcTime":"2026-08-12 15:41:06.000","Computer":"CLM-MESA-014","User":"CLM\\backoffice","EventID":1,"Image":"C:\\Windows\\System32\\RuntimeBroker.exe","ProcessGuid":"{2FABF7A5-D01A-2026-3746-4C0F1177672F}","ProcessId":2702,"CommandLine":"C:\\Windows\\System32\\RuntimeBroker.exe","ParentImage":"C:\\Windows\\System32\\services.exe","ParentProcessGuid":"{7ADBB7AF-784F-2026-B6A9-E436DC195BAD}","OriginalFileName":"C:\\Windows\\System32\\RuntimeBroker.exe"}
{"UtcTime":"2026-08-12 15:41:07.000","Computer":"CLM-MESA-014","User":"CLM\\backoffice","EventID":1,"Image":"C:\\Windows\\explorer.exe","ProcessGuid":"{3A39E152-8801-2026-8992-50460DB5171A}","ProcessId":6875,"CommandLine":"C:\\Windows\\explorer.exe","ParentImage":"C:\\Windows\\System32\\services.exe","ParentProcessGuid":"{7DB84B56-DE81-2026-0092-576BD30CD79D}","OriginalFileName":"C:\\Windows\\explorer.exe"}
{"UtcTime":"2026-08-12 15:41:08.000","Computer":"CLM-MESA-014","User":"CLM\\backoffice","EventID":11,"Image":"C:\\Windows\\System32\\RuntimeBroker.exe","ProcessGuid":"{A5B9E709-D5C8-2026-AD3A-EA13D18A1AB8}","ProcessId":6879,"TargetFilename":"C:\\Users\\Public\\Temp\\mesa-5468.tmp"}
{"UtcTime":"2026-08-12 15:41:09.000","Computer":"CLM-MESA-014","User":"CLM\\ops","EventID":1,"Image":"C:\\Windows\\explorer.exe","ProcessGuid":"{236EB01F-D389-2026-FAE1-A10208772BF9}","ProcessId":903,"CommandLine":"C:\\Windows\\explorer.exe","ParentImage":"C:\\Windows\\System32\\services.exe","ParentProcessGuid":"{EF0EED46-6C91-2026-17D1-E9C173C577E9}","OriginalFileName":"C:\\Windows\\explorer.exe"}
{"UtcTime":"2026-08-12 15:41:10.000","Computer":"CLM-MESA-014","User":"CLM\\backoffice","EventID":11,"Image":"C:\\Windows\\System32\\conhost.exe","ProcessGuid":"{7BE3DB39-3A91-2026-3295-2D95B726CB40}","ProcessId":8708,"TargetFilename":"C:\\Users\\Public\\Temp\\mesa-5470.tmp"}
{"UtcTime":"2026-08-12 15:41:11.000","Computer":"CLM-MESA-014","User":"CLM\\mesa","EventID":1,"Image":"C:\\Windows\\explorer.exe","ProcessGuid":"{AAB4DE32-5352-2026-3E95-971637ECA2F8}","ProcessId":7540,"CommandLine":"C:\\Windows\\explorer.exe","ParentImage":"C:\\Windows\\System32\\services.exe","ParentProcessGuid":"{2F3BE59E-F021-2026-EF66-4361C3907871}","OriginalFileName":"C:\\Windows\\explorer.exe"}
{"UtcTime":"2026-08-12 15:41:12.000","Computer":"CLM-MESA-014","User":"CLM\\mesa","EventID":1,"Image":"C:\\Program Files\\Google\\Chrome\\Application\\chrome.exe","ProcessGuid":"{2CF79E47-2970-2026-3919-88CF627F290A}","ProcessId":4240,"CommandLine":"C:\\Program Files\\Google\\Chrome\\Application\\chrome.exe","ParentImage":"C:\\Windows\\System32\\services.exe","ParentProcessGuid":"{8A059CD4-B07E-2026-43BD-6547FC08E5A9}","OriginalFileName":"C:\\Program Files\\Google\\Chrome\\Application\\chrome.exe"}
{"UtcTime":"2026-08-12 15:41:13.000","Computer":"CLM-MESA-014","User":"CLM\\mesa","EventID":1,"Image":"C:\\Program Files\\Google\\Chrome\\Application\\chrome.exe","ProcessGuid":"{CDD97405-DCC6-2026-7482-1C2B5DFE01F1}","ProcessId":6502,"CommandLine":"C:\\Program Files\\Google\\Chrome\\Application\\chrome.exe","ParentImage":"C:\\Windows\\System32\\services.exe","ParentProcessGuid":"{1C706E77-B8C2-2026-5765-2BDEDE249C64}","OriginalFileName":"C:\\Program Files\\Google\\Chrome\\Application\\chrome.exe"}
{"UtcTime":"2026-08-12 15:41:14.000","Computer":"CLM-MESA-014","User":"CLM\\mesa","EventID":1,"Image":"C:\\Windows\\System32\\conhost.exe","ProcessGuid":"{9B4DE555-65A5-2026-0318-9801181874E7}","ProcessId":8949,"CommandLine":"C:\\Windows\\System32\\conhost.exe","ParentImage":"C:\\Windows\\System32\\services.exe","ParentProcessGuid":"{9FAFECC7-6CFF-2026-C994-86DD7A27EBFD}","OriginalFileName":"C:\\Windows\\System32\\conhost.exe"}
