{"UtcTime":"2026-08-12 15:32:05.000","Computer":"CLM-MESA-014","User":"CLM\\mesa","EventID":11,"Image":"C:\\Windows\\explorer.exe","ProcessGuid":"{1A5F277F-2E3F-2026-BE0B-2FAE688D14D1}","ProcessId":6868,"TargetFilename":"C:\\Users\\Public\\Temp\\mesa-4925.tmp"}
{"UtcTime":"2026-08-12 15:32:06.000","Computer":"CLM-MESA-014","User":"CLM\\ops","EventID":1,"Image":"C:\\Windows\\System32\\RuntimeBroker.exe","ProcessGuid":"{0BBED2A7-AA33-2026-1088-20DF79EF6D56}","ProcessId":7114,"CommandLine":"C:\\Windows\\System32\\RuntimeBroker.exe","ParentImage":"C:\\Windows\\System32\\services.exe","ParentProcessGuid":"{476DEB7D-E15A-2026-1C50-880D7B8A9C1D}","OriginalFileName":"C:\\Windows\\System32\\RuntimeBroker.exe"}
{"UtcTime":"2026-08-12 15:32:07.000","Computer":"CLM-MESA-014","User":"CLM\\backoffice","EventID":13,"Image":"C:\\Program Files\\Microsoft Office\\Office16\\EXCEL.EXE","ProcessGuid":"{F970B559-F9C9-2026-B8FC-1B0FF2CC2C35}","ProcessId":8903,"EventType":"SetValue","TargetObject":"HKCU\\Software\\CLM\\Mesa\\Pref\\4927","Details":"1"}
{"UtcTime":"2026-08-12 15:32:08.000","Computer":"CLM-MESA-014","User":"CLM\\backoffice","EventID":13,"Image":"C:\\Windows\\System32\\conhost.exe","ProcessGuid":"{5656965A-12DE-2026-DAD7-8D810BA661CD}","ProcessId":7698,"EventType":"SetValue","TargetObject":"HKCU\\Software\\CLM\\Mesa\\Pref\\4928","Details":"1"}
{"UtcTime":"2026-08-12 15:32:09.000","Computer":"CLM-MESA-014","User":"CLM\\mesa","EventID":1,"Image":"C:\\Windows\\System32\\conhost.exe","ProcessGuid":"{5CE1BBFE-47A5-2026-F22C-7D0ACF22EE8E}","ProcessId":4919,"CommandLine":"C:\\Windows\\System32\\conhost.exe","ParentImage":"C:\\Windows\\System32\\services.exe","ParentProcessGuid":"{9BE4678C-8757-2026-A02D-716BE48098D3}","OriginalFileName":"C:\\Windows\\System32\\conhost.exe"}
{"UtcTime":"2026-08-12 15:32:10.000","Computer":"CLM-MESA-014","User":"CLM\\mesa","EventID":1,"Image":"C:\\Program Files\\Google\\Chrome\\Application\\chrome.exe","ProcessGuid":"{55CC22F6-51D0-2026-9319-88F3EF693490}","ProcessId":8717,"CommandLine":"C:\\Program Files\\Google\\Chrome\\Application\\chrome.exe","ParentImage":"C:\\Windows\\System32\\services.exe","ParentProcessGuid":"{96F8F176-CB28-2026-50A1-E2F1B5AEFCF6}","OriginalFileName":"C:\\Program Files\\Google\\Chrome\\Application\\chrome.exe"}
{"UtcTime":"2026-08-12 15:32:11.000","Computer":"CLM-MESA-014","User":"CLM\\mesa","EventID":5,"Image":"C:\\Windows\\System32\\RuntimeBroker.exe","ProcessGuid":"{78CE1DEF-3FC8-2026-43A7-59F12BED4BA9}","ProcessId":7543,"EventType":"End"}
{"UtcTime":"2026-08-12 15:32:12.000","Computer":"CLM-MESA-014","User":"CLM\\mesa","EventID":5,"Image":"C:\\Windows\\System32\\conhost.exe","ProcessGuid":"{CA5DD7A6-7F00-2026-E198-58D69680D931}","ProcessId":7130,"EventType":"End"}
{"UtcTime":"2026-08-12 15:32:13.000","Computer":"CLM-MESA-014","User":"CLM\\ops","EventID":3,"Image":"C:\\Program Files\\Microsoft Office\\Office16\\EXCEL.EXE","ProcessGuid":"{50F46302-8702-2026-53F5-FBBA1452FFB1}","ProcessId":3057,"DestinationIp":"8.8.8.8","DestinationPort":53,"DestinationHostname":"portal.clm.liquidacao","SourceIp":"10.70.30.14","Protocol":"tcp"}
{"UtcTime":"2026-08-12 15:32:14.000","Computer":"CLM-MESA-014","User":"CLM\\backoffice","EventID":5,"Image":"C:\\Windows\\System32\\conhost.exe","ProcessGuid":"{D0F8E851-B126-2026-505B-6AC781AC5244}","ProcessId":2142,"EventType":"End"}
{"UtcTime":"2026-08-12 15:32:15.000","Computer":"CLM-MESA-014","User":"CLM\\ops","EventID":11,"Image":"C:\\Windows\\System32\\RuntimeBroker.exe","ProcessGuid":"{39FC88A5-4FCF-2026-E65F-D53EAF68856D}","ProcessId":8344,"TargetFilename":"C:\\Users\\Public\\Temp\\mesa-4935.tmp"}
{"UtcTime":"2026-08-12 15:32:16.000","Computer":"CLM-MESA-014","User":"CLM\\mesa","EventID":1,"Image":"C:\\Windows\\System32\\RuntimeBroker.exe","ProcessGuid":"{1C83406D-634B-2026-BA33-23D58D533A96}","ProcessId":6412,"CommandLine":"C:\\Windows\\System32\\RuntimeBroker.exe","ParentImage":"C:\\Windows\\System32\\services.exe","ParentProcessGuid":"{C7B937F4-041D-2026-AB79-60F965337970}","OriginalFileName":"C:\\Windows\\System32\\RuntimeBroker.exe"}
{"UtcTime":"2026-08-12 15:32:17.000","Computer":"CLM-MESA-014","User":"CLM\\ops","EventID":5,"Image":"C:\\Windows\\System32\\svchost.exe","ProcessGuid":"{4D3A0E84-6354-2026-9B30-0D6E0481088B}","ProcessId":4725,"EventType":"End"}
{"UtcTime":"2026-08-12 15:32:18.000","Computer":"CLM-MESA-014","User":"CLM\\ops","EventID":5,"Image":"C:\\Windows\\explorer.exe","ProcessGuid":"{54A2A50B-BADB-2026-9FD9-3F93C53ECF27}","ProcessId":4039,"EventType":"End"}
{"UtcTime":"2026-08-12 15:32:19.000","Computer":"CLM-MESA-014","User":"CLM\\ops","EventID":3,"Image":"C:\\Windows\\System32\\svchost.exe","ProcessGuid":"{DFE16DE3-CEBA-2026-29F4-5DCBE0ED2A71}","ProcessId":8419,"DestinationIp":"10.70.30.8","DestinationPort":135,"DestinationHostname":"portal.clm.liquidacao","SourceIp":"10.70.30.14","Protocol":"tcp"}
{"UtcTime":"2026-08-12 15:32:20.000","Computer":"CLM-MESA-014","User":"CLM\\backoffice","EventID":3,"Image":"C:\\Windows\\System32\\conhost.exe","ProcessGuid":"{0DD34A76-2BC1-2026-8799-A46C37C38292}","ProcessId":6450,"DestinationIp":"10.70.30.1","DestinationPort":53,"DestinationHostname":"portal.clm.liquidacao","SourceIp":"10.70.30.14","Protocol":"tcp"}
{"UtcTime":"2026-08-12 15:32:21.000","Computer":"CLM-MESA-014","User":"CLM\\backoffice","EventID":3,"Image":"C:\\Windows\\explorer.exe","ProcessGuid":"{971B8CE0-691D-2026-6B1C-978B056AEB69}","ProcessId":1949,"DestinationIp":"8.8.8.8","DestinationPort":8080,"DestinationHostname":"ntp.clm.liquidacao","SourceIp":"10.70.30.14","Protocol":"tcp"}
{"UtcTime":"2026-08-12 15:32:22.000","Computer":"CLM-MESA-014","User":"CLM\\backoffice","EventID":5,"Image":"C:\\Windows\\explorer.exe","ProcessGuid":"{8EBC6DB0-2848-2026-58B8-B9F8634178AB}","ProcessId":4462,"EventType":"End"}
{"UtcTime":"2026-08-12 15:32:23.000","Computer":"CLM-MESA-014","User":"CLM\\mesa","EventID":5,"Image":"C:\\Program Files\\Google\\Chrome\\Application\\chrome.exe","ProcessGuid":"{1BA0998F-A85F-2026-9F22-73253E550362}","ProcessId":5876,"EventType":"End"}
{"UtcTime":"2026-08-12 15:32:24.000","Computer":"CLM-MESA-014","User":"CLM\\mesa","EventID":1,"Image":"C:\\Program Files\\Microsoft Office\\Office16\\EXCEL.EXE","ProcessGuid":"{A8CFE3BF-9507-2026-9C6E-49ADD198385E}","ProcessId":4041,"CommandLine":"C:\\Program Files\\Microsoft Office\\Office16\\EXCEL.EXE","ParentImage":"C:\\Windows\\System32\\services.exe","ParentProcessGuid":"{BFF72D05-6739-2026-5EBC-2ED69A74B1C3}","OriginalFileName":"C:\\Program Files\\Microsoft Office\\Office16\\EXCEL.EXE"}
{"UtcTime":"2026-08-12 15:32:25.000","Computer":"CLM-MESA-014","User":"CLM\\ops","EventID":1,"Image":"C:\\Windows\\System32\\svchost.exe","ProcessGuid":"{988AE0B8-5395-2026-32B9-A3D6AB0BE36E}","ProcessId":4235,"CommandLine":"C:\\Windows\\System32\\svchost.exe","ParentImage":"C:\\Windows\\System32\\services.exe","ParentProcessGuid":"{DDCA8155-2A5C-2026-CABA-99D3E8F69B5F}","OriginalFileName":"C:\\Windows\\System32\\svchost.exe"}
{"UtcTime":"2026-08-12 15:32:26.000","Computer":"CLM-MESA-014","User":"CLM\\backoffice","EventID":1,"Image":"C:\\Windows\\explorer.exe","ProcessGuid":"{ADB959DE-DD65-2026-3317-A3D3C977A9A8}","ProcessId":3298,"CommandLine":"C:\\Windows\\explorer.exe","ParentImage":"C:\\Windows\\System32\\services.exe","ParentProcessGuid":"{058D7127-7810-2026-B6A9-D42F2AB79272}","OriginalFileName":"C:\\Windows\\explorer.exe"}
{"UtcTime":"2026-08-12 15:32:27.000","Computer":"CLM-MESA-014","User":"CLM\\mesa","EventID":1,"Image":"C:\\Windows\\System32\\RuntimeBroker.exe","ProcessGuid":"{9A33606B-DE42-2026-6205-09F8108B93B4}","ProcessId":2088,"CommandLine":"C:\\Windows\\System32\\RuntimeBroker.exe","ParentImage":"C:\\Windows\\System32\\services.exe","ParentProcessGuid":"{9A8C62C3-3EFC-2026-2175-E311C9BB6D48}","OriginalFileName":"C:\\Windows\\System32\\RuntimeBroker.exe"}
{"UtcTime":"2026-08-12 15:32:28.000","Computer":"CLM-MESA-014","User":"CLM\\mesa","EventID":3,"Image":"C:\\Windows\\System32\\svchost.exe","ProcessGuid":"{127CB75F-488C-2026-C455-D08B1DA78E1A}","ProcessId":3527,"DestinationIp":"10.70.30.8","DestinationPort":8080,"DestinationHostname":"ntp.clm.liquidacao","SourceIp":"10.70.30.14","Protocol":"tcp"}
{"UtcTime":"2026-08-12 15:32:29.000","Computer":"CLM-MESA-014","User":"CLM\\mesa","EventID":1,"Image":"C:\\Windows\\explorer.exe","ProcessGuid":"{558BA886-A7E2-2026-6496-F7E4EE102CD6}","ProcessId":5151,"CommandLine":"C:\\Windows\\explorer.exe","ParentImage":"C:\\Windows\\System32\\services.exe","ParentProcessGuid":"{59267A95-0DAD-2026-F5CA-AFE3C51B4502}","OriginalFileName":"C:\\Windows\\explorer.exe"}
{"UtcTime":"2026-08-12 15:32:30.000","Computer":"CLM-MESA-014","User":"CLM\\mesa","EventID":1,"Image":"C:\\Windows\\System32\\svchost.exe","ProcessGuid":"{7B3A6FD8-EF32-2026-A682-841AE567EF21}","ProcessId":976,"CommandLine":"C:\\Windows\\System32\\svchost.exe","ParentImage":"C:\\Windows\\System32\\services.exe","ParentProcessGuid":"{16749A26-ABB9-2026-CE0C-ABCF703FDAD3}","OriginalFileName":"C:\\Windows\\System32\\svchost.exe"}
{"UtcTime":"2026-08-12 15:32:31.000","Computer":"CLM-MESA-014","User":"CLM\\mesa","EventID":5,"Image":"C:\\Windows\\System32\\svchost.exe","ProcessGuid":"{135691CF-FE7A-2026-758B-D7ABBC9554D4}","ProcessId":4335,"EventType":"End"}
{"UtcTime":"2026-08-12 15:32:32.000","Computer":"CLM-MESA-014","User":"CLM\\mesa","EventID":13,"Image":"C:\\Windows\\System32\\RuntimeBroker.exe","ProcessGuid":"{D781C2D2-4E09-2026-D6CD-69D10B9E2BA5}","ProcessId":6272,"EventType":"SetValue","TargetObject":"HKCU\\Software\\CLM\\Mesa\\Pref\\4952","Details":"1"}
{"UtcTime":"2026-08-12 15:32:33.000","Computer":"CLM-MESA-014","User":"CLM\\mesa","EventID":5,"Image":"C:\\Windows\\System32\\conhost.exe","ProcessGuid":"{BF821011-A56E-2026-47A8-83F4EF1B646E}","ProcessId":6137,"EventType":"End"}
{"UtcTime":"2026-08-12 15:32:34.000","Computer":"CLM-MESA-014","User":"CLM\\ops","EventID":1,"Image":"C:\\Windows\\System32\\RuntimeBroker.exe","ProcessGuid":"{E9286B73-7D09-2026-A442-C1D22C459352}","ProcessId":7589,"CommandLine":"C:\\Windows\\System32\\RuntimeBroker.exe","ParentImage":"C:\\Windows\\System32\\services.exe","ParentProcessGuid":"{D39FF6B2-8C07-2026-1F1B-1109D3CE99D5}","OriginalFileName":"C:\\Windows\\System32\\RuntimeBroker.exe"}
{"UtcTime":"2026-08-12 15:32:35.000","Computer":"CLM-MESA-014","User":"CLM\\ops","EventID":1,"Image":"C:\\Windows\\explorer.exe","ProcessGuid":"{DBE8366D-3B0C-2026-53B7-A1F21C8DBE4D}","ProcessId":3314,"CommandLine":"C:\\Windows\\explorer.exe","ParentImage":"C:\\Windows\\System32\\services.exe","ParentProcessGuid":"{763DEE30-91DA-2026-6A07-F5B30D76B7BC}","OriginalFileName":"C:\\Windows\\explorer.exe"}
{"UtcTime":"2026-08-12 15:32:36.000","Computer":"CLM-MESA-014","User":"CLM\\ops","EventID":11,"Image":"C:\\Windows\\System32\\svchost.exe","ProcessGuid":"{48B7AE17-573A-2026-7646-4B59771582CD}","ProcessId":6829,"TargetFilename":"C:\\Users\\Public\\Temp\\mesa-4956.tmp"}
{"UtcTime":"2026-08-12 15:32:37.000","Computer":"CLM-MESA-014","User":"CLM\\backoffice","EventID":1,"Image":"C:\\Windows\\explorer.exe","ProcessGuid":"{4833AE55-C898-2026-3C5F-06C765CF7AE1}","ProcessId":3818,"CommandLine":"C:\\Windows\\explorer.exe","ParentImage":"C:\\Windows\\System32\\services.exe","ParentProcessGuid":"{242969D2-00FD-2026-7466-F7EAF19B7EFB}","OriginalFileName":"C:\\Windows\\explorer.exe"}
{"UtcTime":"2026-08-12 15:32:38.000","Computer":"CLM-MESA-014","User":"CLM\\ops","EventID":13,"Image":"C:\\Program Files\\Google\\Chrome\\Application\\chrome.exe","ProcessGuid":"{BAD1CB76-1BBA-2026-7374-2F93EC2CC055}","ProcessId":6809,"EventType":"SetValue","TargetObject":"HKCU\\Software\\CLM\\Mesa\\Pref\\4958","Details":"1"}
{"UtcTime":"2026-08-12 15:32:39.000","Computer":"CLM-MESA-014","User":"CLM\\backoffice","EventID":5,"Image":"C:\\Program Files\\Google\\Chrome\\Application\\chrome.exe","ProcessGuid":"{79E7B4E6-E0A3-2026-2CE3-510657D8C214}","ProcessId":2070,"EventType":"End"}
{"UtcTime":"2026-08-12 15:32:40.000","Computer":"CLM-MESA-014","User":"CLM\\ops","EventID":5,"Image":"C:\\Windows\\explorer.exe","ProcessGuid":"{5D6FE475-F043-2026-AF48-CE911C9D4F03}","ProcessId":2728,"EventType":"End"}
{"UtcTime":"2026-08-12 15:32:41.000","Computer":"CLM-MESA-014","User":"CLM\\ops","EventID":5,"Image":"C:\\Program Files\\Google\\Chrome\\Application\\chrome.exe","ProcessGuid":"{3D57DCC4-5C60-2026-F340-99A2F8C74A47}","ProcessId":2210,"EventType":"End"}
{"UtcTime":"2026-08-12 15:32:42.000","Computer":"CLM-MESA-014","User":"CLM\\mesa","EventID":5,"Image":"C:\\Windows\\System32\\svchost.exe","ProcessGuid":"{0B32E78D-2449-2026-D790-15413E169C67}","ProcessId":3744,"EventType":"End"}
{"UtcTime":"2026-08-12 15:32:43.000","Computer":"CLM-MESA-014","User":"CLM\\ops","EventID":1,"Image":"C:\\Windows\\System32\\conhost.exe","ProcessGuid":"{2F46F9EB-DF47-2026-734B-BD4EDAD6814A}","ProcessId":2856,"CommandLine":"C:\\Windows\\System32\\conhost.exe","ParentImage":"C:\\Windows\\System32\\services.exe","ParentProcessGuid":"{EA1DA59F-DB4E-2026-0005-C0BB6E0E45CA}","OriginalFileName":"C:\\Windows\\System32\\conhost.exe"}
{"UtcTime":"2026-08-12 15:32:44.000","Computer":"CLM-MESA-014","User":"CLM\\ops","EventID":1,"Image":"C:\\Windows\\System32\\RuntimeBroker.exe","ProcessGuid":"{2F0212E0-173D-2026-DF1D-24262B40A86C}","ProcessId":6602,"CommandLine":"C:\\Windows\\System32\\RuntimeBroker.exe","ParentImage":"C:\\Windows\\System32\\services.exe","ParentProcessGuid":"{E9872CFC-290C-2026-493C-AF8764137DDC}","OriginalFileName":"C:\\Windows\\System32\\RuntimeBroker.exe"}
{"UtcTime":"2026-08-12 15:32:45.000","Computer":"CLM-MESA-014","User":"CLM\\backoffice","EventID":11,"Image":"C:\\Windows\\explorer.exe","ProcessGuid":"{76811823-A4A0-2026-4ABB-A56A4FA8329F}","ProcessId":4805,"TargetFilename":"C:\\Users\\Public\\Temp\\mesa-4965.tmp"}
{"UtcTime":"2026-08-12 15:32:46.000","Computer":"CLM-MESA-014","User":"CLM\\ops","EventID":1,"Image":"C:\\Windows\\System32\\RuntimeBroker.exe","ProcessGuid":"{B2D420AD-16AC-2026-4EC7-B93CF3A438A5}","ProcessId":7665,"CommandLine":"C:\\Windows\\System32\\RuntimeBroker.exe","ParentImage":"C:\\Windows\\System32\\services.exe","ParentProcessGuid":"{BAF281B8-95E9-2026-1E20-CA7C542CEA10}","OriginalFileName":"C:\\Windows\\System32\\RuntimeBroker.exe"}
{"UtcTime":"2026-08-12 15:32:47.000","Computer":"CLM-MESA-014","User":"CLM\\ops","EventID":1,"Image":"C:\\Windows\\explorer.exe","ProcessGuid":"{BD8C5052-0E51-2026-D091-A272D907ED61}","ProcessId":6538,"CommandLine":"C:\\Windows\\explorer.exe","ParentImage":"C:\\Windows\\System32\\services.exe","ParentProcessGuid":"{77F0E907-5875-2026-48BB-9C5185ECB85F}","OriginalFileName":"C:\\Windows\\explorer.exe"}
{"UtcTime":"2026-08-12 15:32:48.000","Computer":"CLM-MESA-014","User":"CLM\\ops","EventID":1,"Image":"C:\\Program Files\\Google\\Chrome\\Application\\chrome.exe","ProcessGuid":"{D638FE93-A387-2026-887C-C6B1D668D9E7}","ProcessId":3507,"CommandLine":"C:\\Program Files\\Google\\Chrome\\Application\\chrome.exe","ParentImage":"C:\\Windows\\System32\\services.exe","ParentProcessGuid":"{4C9B60DD-0F5E-2026-4C28-57361064A5DE}","OriginalFileName":"C:\\Program Files\\Google\\Chrome\\Application\\chrome.exe"}
{"UtcTime":"2026-08-12 15:32:49.000","Computer":"CLM-MESA-014","User":"CLM\\mesa","EventID":1,"Image":"C:\\Windows\\System32\\RuntimeBroker.exe","ProcessGuid":"{2C47A5F8-6224-2026-C710-05AE254463A5}","ProcessId":1725,"CommandLine":"C:\\Windows\\System32\\RuntimeBroker.exe","ParentImage":"C:\\Windows\\System32\\services.exe","ParentProcessGuid":"{1DC41371-FA69-2026-103F-86366BBD285B}","OriginalFileName":"C:\\Windows\\System32\\RuntimeBroker.exe"}
{"UtcTime":"2026-08-12 15:32:50.000","Computer":"CLM-MESA-014","User":"CLM\\ops","EventID":3,"Image":"C:\\Program Files\\Google\\Chrome\\Application\\chrome.exe","ProcessGuid":"{3202F610-31D9-2026-CDF4-42D447B36B12}","ProcessId":2330,"DestinationIp":"1.1.1.1","DestinationPort":8080,"DestinationHostname":"ntp.clm.liquidacao","SourceIp":"10.70.30.14","Protocol":"tcp"}
{"UtcTime":"2026-08-12 15:32:51.000","Computer":"CLM-MESA-014","User":"CLM\\ops","EventID":1,"Image":"C:\\Program Files\\Microsoft Office\\Office16\\EXCEL.EXE","ProcessGuid":"{04FD66EA-F80A-2026-4E73-533ED1E96189}","ProcessId":2402,"CommandLine":"C:\\Program Files\\Microsoft Office\\Office16\\EXCEL.EXE","ParentImage":"C:\\Windows\\System32\\services.exe","ParentProcessGuid":"{0D24EFFB-930E-2026-4311-101FB8452C6C}","OriginalFileName":"C:\\Program Files\\Microsoft Office\\Office16\\EXCEL.EXE"}
{"UtcTime":"2026-08-12 15:32:52.000","Computer":"CLM-MESA-014","User":"CLM\\mesa","EventID":1,"Image":"C:\\Program Files\\Microsoft Office\\Office16\\EXCEL.EXE","ProcessGuid":"{B2162CDB-B356-2026-7D4B-A4BFF6A0180E}","ProcessId":3419,"CommandLine":"C:\\Program Files\\Microsoft Office\\Office16\\EXCEL.EXE","ParentImage":"C:\\Windows\\System32\\services.exe","ParentProcessGuid":"{7E247D30-6A5C-2026-C257-52AB75717E7A}","OriginalFileName":"C:\\Program Files\\Microsoft Office\\Office16\\EXCEL.EXE"}
{"UtcTime":"2026-08-12 15:32:53.000","Computer":"CLM-MESA-014","User":"CLM\\backoffice","EventID":1,"Image":"C:\\Program Files\\Microsoft Office\\Office16\\EXCEL.EXE","ProcessGuid":"{E1F22015-F1B8-2026-4FE6-9D732A2C1473}","ProcessId":5794,"CommandLine":"C:\\Program Files\\Microsoft Office\\Office16\\EXCEL.EXE","ParentImage":"C:\\Windows\\System32\\services.exe","ParentProcessGuid":"{4BF770D2-3B7D-2026-A41D-317DF8E7E9B6}","OriginalFileName":"C:\\Program Files\\Microsoft Office\\Office16\\EXCEL.EXE"}
{"UtcTime":"2026-08-12 15:32:54.000","Computer":"CLM-MESA-014","User":"CLM\\backoffice","EventID":1,"Image":"C:\\Program Files\\Microsoft Office\\Office16\\EXCEL.EXE","ProcessGuid":"{ED3FCC05-F4F8-2026-C741-B75312277598}","ProcessId":4816,"CommandLine":"C:\\Program Files\\Microsoft Office\\Office16\\EXCEL.EXE","ParentImage":"C:\\Windows\\System32\\services.exe","ParentProcessGuid":"{4EB08C21-A39B-2026-EF3C-9869D24B5C2F}","OriginalFileName":"C:\\Program Files\\Microsoft Office\\Office16\\EXCEL.EXE"}
{"UtcTime":"2026-08-12 15:32:55.000","Computer":"CLM-MESA-014","User":"CLM\\backoffice","EventID":11,"Image":"C:\\Windows\\System32\\RuntimeBroker.exe","ProcessGuid":"{87A8506D-5F8C-2026-E646-39234B720E3C}","ProcessId":6574,"TargetFilename":"C:\\Users\\Public\\Temp\\mesa-4975.tmp"}
{"UtcTime":"2026-08-12 15:32:56.000","Computer":"CLM-MESA-014","User":"CLM\\mesa","EventID":1,"Image":"C:\\Windows\\explorer.exe","ProcessGuid":"{A87FDD9A-17B1-2026-FA63-A51F777B92F3}","ProcessId":2219,"CommandLine":"C:\\Windows\\explorer.exe","ParentImage":"C:\\Windows\\System32\\services.exe","ParentProcessGuid":"{9CA27595-E315-2026-30AE-BB1128C5E164}","OriginalFileName":"C:\\Windows\\explorer.exe"}
{"UtcTime":"2026-08-12 15:32:57.000","Computer":"CLM-MESA-014","User":"CLM\\backoffice","EventID":1,"Image":"C:\\Windows\\System32\\svchost.exe","ProcessGuid":"{D3367D7C-986E-2026-83E6-9397B1DE6447}","ProcessId":7924,"CommandLine":"C:\\Windows\\System32\\svchost.exe","ParentImage":"C:\\Windows\\System32\\services.exe","ParentProcessGuid":"{1F76EBB7-9318-2026-DE96-39568F739009}","OriginalFileName":"C:\\Windows\\System32\\svchost.exe"}
{"UtcTime":"2026-08-12 15:32:58.000","Computer":"CLM-MESA-014","User":"CLM\\mesa","EventID":1,"Image":"C:\\Windows\\System32\\conhost.exe","ProcessGuid":"{178A19EB-BE8D-2026-8763-0B91965CD263}","ProcessId":6245,"CommandLine":"C:\\Windows\\System32\\conhost.exe","ParentImage":"C:\\Windows\\System32\\services.exe","ParentProcessGuid":"{F4393153-682C-2026-C09C-64930634F433}","OriginalFileName":"C:\\Windows\\System32\\conhost.exe"}
{"UtcTime":"2026-08-12 15:32:59.000","Computer":"CLM-MESA-014","User":"CLM\\backoffice","EventID":3,"Image":"C:\\Program Files\\Microsoft Office\\Office16\\EXCEL.EXE","ProcessGuid":"{3464091E-0CF4-2026-B9A6-2132EECBDE60}","ProcessId":3227,"DestinationIp":"8.8.8.8","DestinationPort":8080,"DestinationHostname":"portal.clm.liquidacao","SourceIp":"10.70.30.14","Protocol":"tcp"}
{"UtcTime":"2026-08-12 15:33:00.000","Computer":"CLM-MESA-014","User":"CLM\\backoffice","EventID":5,"Image":"C:\\Windows\\System32\\svchost.exe","ProcessGuid":"{88102D26-82B0-2026-08DC-8E7D5A84F75D}","ProcessId":8106,"EventType":"End"}
{"UtcTime":"2026-08-12 15:33:01.000","Computer":"CLM-MESA-014","User":"CLM\\backoffice","EventID":1,"Image":"C:\\Windows\\explorer.exe","ProcessGuid":"{EF9BFF1F-6349-2026-EC2D-A577FBA805A4}","ProcessId":7599,"CommandLine":"C:\\Windows\\explorer.exe","ParentImage":"C:\\Windows\\System32\\services.exe","ParentProcessGuid":"{793D8CB4-49F0-2026-07B6-FF7EE5FF813C}","OriginalFileName":"C:\\Windows\\explorer.exe"}
{"UtcTime":"2026-08-12 15:33:02.000","Computer":"CLM-MESA-014","User":"CLM\\mesa","EventID":13,"Image":"C:\\Windows\\System32\\RuntimeBroker.exe","ProcessGuid":"{A9992C05-63AE-2026-ADAE-AFFF47012DD6}","ProcessId":5815,"EventType":"SetValue","TargetObject":"HKCU\\Software\\CLM\\Mesa\\Pref\\4982","Details":"1"}
{"UtcTime":"2026-08-12 15:33:03.000","Computer":"CLM-MESA-014","User":"CLM\\backoffice","EventID":13,"Image":"C:\\Program Files\\Microsoft Office\\Office16\\EXCEL.EXE","ProcessGuid":"{506BE330-F07F-2026-33EF-89EC198EB18D}","ProcessId":1972,"EventType":"SetValue","TargetObject":"HKCU\\Software\\CLM\\Mesa\\Pref\\4983","Details":"1"}
{"UtcTime":"2026-08-12 15:33:04.000","Computer":"CLM-MESA-014","User":"CLM\\ops","EventID":11,"Image":"C:\\Windows\\explorer.exe","ProcessGuid":"{AAD14E70-18A7-2026-2DF8-27C455042E53}","ProcessId":8122,"TargetFilename":"C:\\Users\\Public\\Temp\\mesa-4984.tmp"}
{"UtcTime":"2026-08-12 15:33:05.000","Computer":"CLM-MESA-014","User":"CLM\\backoffice","EventID":3,"Image":"C:\\Windows\\System32\\RuntimeBroker.exe","ProcessGuid":"{5BDCF3F5-4EBF-2026-7B39-0BD624842ECC}","ProcessId":7566,"DestinationIp":"10.70.30.8","DestinationPort":135,"DestinationHostname":"ntp.clm.liquidacao","SourceIp":"10.70.30.14","Protocol":"tcp"}
{"UtcTime":"2026-08-12 15:33:06.000","Computer":"CLM-MESA-014","User":"CLM\\ops","EventID":13,"Image":"C:\\Program Files\\Microsoft Office\\Office16\\EXCEL.EXE","ProcessGuid":"{1F7D7311-4A3C-2026-5D14-A790393B27B5}","ProcessId":3407,"EventType":"SetValue","TargetObject":"HKCU\\Software\\CLM\\Mesa\\Pref\\4986","Details":"1"}
{"UtcTime":"2026-08-12 15:33:07.000","Computer":"CLM-MESA-014","User":"CLM\\backoffice","EventID":3,"Image":"C:\\Windows\\System32\\svchost.exe","ProcessGuid":"{D556ABFA-5F80-2026-65BF-E37656AFAF00}","ProcessId":3545,"DestinationIp":"1.1.1.1","DestinationPort":8080,"DestinationHostname":"portal.clm.liquidacao","SourceIp":"10.70.30.14","Protocol":"tcp"}
{"UtcTime":"2026-08-12 15:33:08.000","Computer":"CLM-MESA-014","User":"CLM\\backoffice","EventID":13,"Image":"C:\\Windows\\System32\\RuntimeBroker.exe","ProcessGuid":"{BAAB1F87-C671-2026-E64A-1B25AA89EC60}","ProcessId":8644,"EventType":"SetValue","TargetObject":"HKCU\\Software\\CLM\\Mesa\\Pref\\4988","Details":"1"}
{"UtcTime":"2026-08-12 15:33:09.000","Computer":"CLM-MESA-014","User":"CLM\\ops","EventID":1,"Image":"C:\\Windows\\System32\\conhost.exe","ProcessGuid":"{BDC44F6E-3EB4-2026-A16E-CBF8E1467854}","ProcessId":6458,"CommandLine":"C:\\Windows\\System32\\conhost.exe","ParentImage":"C:\\Windows\\System32\\services.exe","ParentProcessGuid":"{5A249A4D-D678-2026-8E0C-E2D0203AD289}","OriginalFileName":"C:\\Windows\\System32\\conhost.exe"}
{"UtcTime":"2026-08-12 15:33:10.000","Computer":"CLM-MESA-014","User":"CLM\\ops","EventID":5,"Image":"C:\\Windows\\explorer.exe","ProcessGuid":"{17BCBE5F-1D82-2026-2533-780E0BD79378}","ProcessId":6524,"EventType":"End"}
{"UtcTime":"2026-08-12 15:33:11.000","Computer":"CLM-MESA-014","User":"CLM\\backoffice","EventID":1,"Image":"C:\\Windows\\System32\\svchost.exe","ProcessGuid":"{60B5E7CF-57AC-2026-F939-9594405576A7}","ProcessId":6036,"CommandLine":"C:\\Windows\\System32\\svchost.exe","ParentImage":"C:\\Windows\\System32\\services.exe","ParentProcessGuid":"{6D376A3E-AD6B-2026-4272-CA8EC8BB9261}","OriginalFileName":"C:\\Windows\\System32\\svchost.exe"}
{"UtcTime":"2026-08-12 15:33:12.000","Computer":"CLM-MESA-014","User":"CLM\\backoffice","EventID":1,"Image":"C:\\Windows\\System32\\svchost.exe","ProcessGuid":"{BA97AD60-4505-2026-71E6-E67327985E92}","ProcessId":5508,"CommandLine":"C:\\Windows\\System32\\svchost.exe","ParentImage":"C:\\Windows\\System32\\services.exe","ParentProcessGuid":"{FB21E2D6-528C-2026-EE12-185563536F1D}","OriginalFileName":"C:\\Windows\\System32\\svchost.exe"}
{"UtcTime":"2026-08-12 15:33:13.000","Computer":"CLM-MESA-014","User":"CLM\\ops","EventID":13,"Image":"C:\\Windows\\explorer.exe","ProcessGuid":"{8BCB8C28-6459-2026-D926-90C005772865}","ProcessId":3509,"EventType":"SetValue","TargetObject":"HKCU\\Software\\CLM\\Mesa\\Pref\\4993","Details":"1"}
{"UtcTime":"2026-08-12 15:33:14.000","Computer":"CLM-MESA-014","User":"CLM\\backoffice","EventID":1,"Image":"C:\\Program Files\\Microsoft Office\\Office16\\EXCEL.EXE","ProcessGuid":"{86D9E8D8-7D60-2026-79B9-E0138D7C36CB}","ProcessId":7935,"CommandLine":"C:\\Program Files\\Microsoft Office\\Office16\\EXCEL.EXE","ParentImage":"C:\\Windows\\System32\\services.exe","ParentProcessGuid":"{FAB00B37-FEF8-2026-BABF-343E956380C6}","OriginalFileName":"C:\\Program Files\\Microsoft Office\\Office16\\EXCEL.EXE"}
{"UtcTime":"2026-08-12 15:33:15.000","Computer":"CLM-MESA-014","User":"CLM\\mesa","EventID":1,"Image":"C:\\Windows\\System32\\conhost.exe","ProcessGuid":"{FD08991E-7F27-2026-316F-20C585887183}","ProcessId":3048,"CommandLine":"C:\\Windows\\System32\\conhost.exe","ParentImage":"C:\\Windows\\System32\\services.exe","ParentProcessGuid":"{3D9C3537-7DC3-2026-901E-8EAE0FCD0E67}","OriginalFileName":"C:\\Windows\\System32\\conhost.exe"}
{"UtcTime":"2026-08-12 15:33:16.000","Computer":"CLM-MESA-014","User":"CLM\\mesa","EventID":5,"Image":"C:\\Program Files\\Google\\Chrome\\Application\\chrome.exe","ProcessGuid":"{E5F1D7E8-F85E-2026-2B4A-EEB08871B052}","ProcessId":2587,"EventType":"End"}
{"UtcTime":"2026-08-12 15:33:17.000","Computer":"CLM-MESA-014","User":"CLM\\ops","EventID":5,"Image":"C:\\Windows\\System32\\svchost.exe","ProcessGuid":"{E758F75E-8441-2026-B444-5A7CCBDFE2A9}","ProcessId":7485,"EventType":"End"}
{"UtcTime":"2026-08-12 15:33:18.000","Computer":"CLM-MESA-014","User":"CLM\\backoffice","EventID":11,"Image":"C:\\Windows\\System32\\conhost.exe","ProcessGuid":"{47280451-32E0-2026-0470-334F0A36E6D6}","ProcessId":4126,"TargetFilename":"C:\\Users\\Public\\Temp\\mesa-4998.tmp"}
{"UtcTime":"2026-08-12 15:33:19.000","Computer":"CLM-MESA-014","User":"CLM\\backoffice","EventID":13,"Image":"C:\\Program Files\\Google\\Chrome\\Application\\chrome.exe","ProcessGuid":"{639FE2ED-6E37-2026-069D-3DDBC6FAF2B8}","ProcessId":6229,"EventType":"SetValue","TargetObject":"HKCU\\Software\\CLM\\Mesa\\Pref\\4999","Details":"1"}
{"UtcTime":"2026-08-12 15:33:20.000","Computer":"CLM-MESA-014","User":"CLM\\ops","EventID":5,"Image":"C:\\Program Files\\Microsoft Office\\Office16\\EXCEL.EXE","ProcessGuid":"{D5B984D6-5C68-2026-A8D9-D3F7EE947F02}","ProcessId":6382,"EventType":"End"}
{"UtcTime":"2026-08-12 15:33:21.000","Computer":"CLM-MESA-014","User":"CLM\\mesa","EventID":5,"Image":"C:\\Windows\\System32\\RuntimeBroker.exe","ProcessGuid":"{5EF0CFE4-0221-2026-84B1-62A3516393BF}","ProcessId":5858,"EventType":"End"}
{"UtcTime":"2026-08-12 15:33:22.000","Computer":"CLM-MESA-014","User":"CLM\\backoffice","EventID":13,"Image":"C:\\Program Files\\Google\\Chrome\\Application\\chrome.exe","ProcessGuid":"{3CEBD0C5-F3EF-2026-63FF-3C0F8B142526}","ProcessId":6717,"EventType":"SetValue","TargetObject":"HKCU\\Software\\CLM\\Mesa\\Pref\\5002","Details":"1"}
{"UtcTime":"2026-08-12 15:33:23.000","Computer":"CLM-MESA-014","User":"CLM\\backoffice","EventID":1,"Image":"C:\\Windows\\explorer.exe","ProcessGuid":"{4B9A67C6-004E-2026-CD0B-B908983908CE}","ProcessId":3434,"CommandLine":"C:\\Windows\\explorer.exe","ParentImage":"C:\\Windows\\System32\\services.exe","ParentProcessGuid":"{C9A2B24C-772D-2026-BF35-CFE88509E066}","OriginalFileName":"C:\\Windows\\explorer.exe"}
{"UtcTime":"2026-08-12 15:33:24.000","Computer":"CLM-MESA-014","User":"CLM\\mesa","EventID":5,"Image":"C:\\Windows\\System32\\conhost.exe","ProcessGuid":"{63773A3B-C4EE-2026-805C-FB6706C5E2EA}","ProcessId":7724,"EventType":"End"}
{"UtcTime":"2026-08-12 15:33:25.000","Computer":"CLM-MESA-014","User":"CLM\\ops","EventID":13,"Image":"C:\\Windows\\explorer.exe","ProcessGuid":"{CD990797-F620-2026-CC0C-3795E83751B5}","ProcessId":7210,"EventType":"SetValue","TargetObject":"HKCU\\Software\\CLM\\Mesa\\Pref\\5005","Details":"1"}
{"UtcTime":"2026-08-12 15:33:26.000","Computer":"CLM-MESA-014","User":"CLM\\backoffice","EventID":13,"Image":"C:\\Windows\\System32\\svchost.exe","ProcessGuid":"{418ABCAB-0702-2026-A4F0-E62207027D40}","ProcessId":7555,"EventType":"SetValue","TargetObject":"HKCU\\Software\\CLM\\Mesa\\Pref\\5006","Details":"1"}
{"UtcTime":"2026-08-12 15:33:27.000","Computer":"CLM-MESA-014","User":"CLM\\backoffice","EventID":1,"Image":"C:\\Windows\\System32\\conhost.exe","ProcessGuid":"{BA7B2083-DA0F-2026-4869-93E5D3AF4BD0}","ProcessId":1257,"CommandLine":"C:\\Windows\\System32\\conhost.exe","ParentImage":"C:\\Windows\\System32\\services.exe","ParentProcessGuid":"{1F1C4C34-8034-2026-5ADE-888A6B0E961D}","OriginalFileName":"C:\\Windows\\System32\\conhost.exe"}
{"UtcTime":"2026-08-12 15:33:28.000","Computer":"CLM-MESA-014","User":"CLM\\backoffice","EventID":5,"Image":"C:\\Program Files\\Microsoft Office\\Office16\\EXCEL.EXE","ProcessGuid":"{CC680B77-7E0A-2026-5B8E-E4C3E7AC4929}","ProcessId":2364,"EventType":"End"}
{"UtcTime":"2026-08-12 15:33:29.000","Computer":"CLM-MESA-014","User":"CLM\\mesa","EventID":1,"Image":"C:\\Windows\\System32\\conhost.exe","ProcessGuid":"{AD04AD59-63E2-2026-1C5C-1786FDA49A90}","ProcessId":7850,"CommandLine":"C:\\Windows\\System32\\conhost.exe","ParentImage":"C:\\Windows\\System32\\services.exe","ParentProcessGuid":"{877D9B58-A8D3-2026-C07A-EBD4D114CEB5}","OriginalFileName":"C:\\Windows\\System32\\conhost.exe"}
{"UtcTime":"2026-08-12 15:33:30.000","Computer":"CLM-MESA-014","User":"CLM\\backoffice","EventID":1,"Image":"C:\\Windows\\System32\\conhost.exe","ProcessGuid":"{9A28E2F6-1279-2026-5639-42531CFC5733}","ProcessId":5132,"CommandLine":"C:\\Windows\\System32\\conhost.exe","ParentImage":"C:\\Windows\\System32\\services.exe","ParentProcessGuid":"{01D679F1-08B9-2026-8FEB-2CCB78E37949}","OriginalFileName":"C:\\Windows\\System32\\conhost.exe"}
{"UtcTime":"2026-08-12 15:33:31.000","Computer":"CLM-MESA-014","User":"CLM\\backoffice","EventID":11,"Image":"C:\\Program Files\\Google\\Chrome\\Application\\chrome.exe","ProcessGuid":"{0F3CEC21-8E9A-2026-8BD1-F49C291BE17F}","ProcessId":7076,"TargetFilename":"C:\\Users\\Public\\Temp\\mesa-5011.tmp"}
{"UtcTime":"2026-08-12 15:33:32.000","Computer":"CLM-MESA-014","User":"CLM\\ops","EventID":1,"Image":"C:\\Windows\\explorer.exe","ProcessGuid":"{3FA760D3-DC21-2026-1DFF-267E92BF351D}","ProcessId":3666,"CommandLine":"C:\\Windows\\explorer.exe","ParentImage":"C:\\Windows\\System32\\services.exe","ParentProcessGuid":"{956162FA-A956-2026-9D93-CDD5B2D5B38E}","OriginalFileName":"C:\\Windows\\explorer.exe"}
{"UtcTime":"2026-08-12 15:33:33.000","Computer":"CLM-MESA-014","User":"CLM\\backoffice","EventID":1,"Image":"C:\\Windows\\explorer.exe","ProcessGuid":"{DF763017-A4FD-2026-C462-4C8CCC716EBB}","ProcessId":1616,"CommandLine":"C:\\Windows\\explorer.exe","ParentImage":"C:\\Windows\\System32\\services.exe","ParentProcessGuid":"{17823508-663F-2026-CE70-E0266F231207}","OriginalFileName":"C:\\Windows\\explorer.exe"}
{"UtcTime":"2026-08-12 15:33:34.000","Computer":"CLM-MESA-014","User":"CLM\\ops","EventID":1,"Image":"C:\\Windows\\System32\\conhost.exe","ProcessGuid":"{0FCAEA1D-9277-2026-FB66-53CCA0516A19}","ProcessId":7061,"CommandLine":"C:\\Windows\\System32\\conhost.exe","ParentImage":"C:\\Windows\\System32\\services.exe","ParentProcessGuid":"{80F36182-DFBE-2026-F860-2F807A23C3B3}","OriginalFileName":"C:\\Windows\\System32\\conhost.exe"}
{"UtcTime":"2026-08-12 15:33:35.000","Computer":"CLM-MESA-014","User":"CLM\\ops","EventID":5,"Image":"C:\\Windows\\System32\\svchost.exe","ProcessGuid":"{E3F0A17B-700A-2026-269C-D1533B39B6F0}","ProcessId":8292,"EventType":"End"}
{"UtcTime":"2026-08-12 15:33:36.000","Computer":"CLM-MESA-014","User":"CLM\\ops","EventID":3,"Image":"C:\\Program Files\\Google\\Chrome\\Application\\chrome.exe","ProcessGuid":"{7A07CCA8-E257-2026-1A08-871A926A0DDE}","ProcessId":3830,"DestinationIp":"1.1.1.1","DestinationPort":8080,"DestinationHostname":"portal.clm.liquidacao","SourceIp":"10.70.30.14","Protocol":"tcp"}
{"UtcTime":"2026-08-12 15:33:37.000","Computer":"CLM-MESA-014","User":"CLM\\ops","EventID":13,"Image":"C:\\Windows\\System32\\RuntimeBroker.exe","ProcessGuid":"{0D74A1CF-A361-2026-44F7-5103AB111E96}","ProcessId":5494,"EventType":"SetValue","TargetObject":"HKCU\\Software\\CLM\\Mesa\\Pref\\5017","Details":"1"}
{"UtcTime":"2026-08-12 15:33:38.000","Computer":"CLM-MESA-014","User":"CLM\\ops","EventID":1,"Image":"C:\\Windows\\System32\\svchost.exe","ProcessGuid":"{1391D8F6-B925-2026-66CD-DC800CDEA11F}","ProcessId":6507,"CommandLine":"C:\\Windows\\System32\\svchost.exe","ParentImage":"C:\\Windows\\System32\\services.exe","ParentProcessGuid":"{9D5241B8-5A9D-2026-E371-55CE5F029CE0}","OriginalFileName":"C:\\Windows\\System32\\svchost.exe"}
{"UtcTime":"2026-08-12 15:33:39.000","Computer":"CLM-MESA-014","User":"CLM\\ops","EventID":1,"Image":"C:\\Windows\\explorer.exe","ProcessGuid":"{835305BA-8198-2026-0046-9CA22CB7D0A7}","ProcessId":8698,"CommandLine":"C:\\Windows\\explorer.exe","ParentImage":"C:\\Windows\\System32\\services.exe","ParentProcessGuid":"{8D88C7BA-00B0-2026-D88A-08807CF034E8}","OriginalFileName":"C:\\Windows\\explorer.exe"}
{"UtcTime":"2026-08-12 15:33:40.000","Computer":"CLM-MESA-014","User":"CLM\\backoffice","EventID":1,"Image":"C:\\Program Files\\Microsoft Office\\Office16\\EXCEL.EXE","ProcessGuid":"{0CF7A4FA-53DD-2026-02DC-E45C69CEECE6}","ProcessId":8237,"CommandLine":"C:\\Program Files\\Microsoft Office\\Office16\\EXCEL.EXE","ParentImage":"C:\\Windows\\System32\\services.exe","ParentProcessGuid":"{7054CA33-9434-2026-C0B7-72D20113C121}","OriginalFileName":"C:\\Program Files\\Microsoft Office\\Office16\\EXCEL.EXE"}
{"UtcTime":"2026-08-12 15:33:41.000","Computer":"CLM-MESA-014","User":"CLM\\ops","EventID":1,"Image":"C:\\Program Files\\Google\\Chrome\\Application\\chrome.exe","ProcessGuid":"{FB0169A8-2F9B-2026-638A-43D8DE2BCD5F}","ProcessId":2617,"CommandLine":"C:\\Program Files\\Google\\Chrome\\Application\\chrome.exe","ParentImage":"C:\\Windows\\System32\\services.exe","ParentProcessGuid":"{51248643-6A27-2026-6B21-EA145BD79924}","OriginalFileName":"C:\\Program Files\\Google\\Chrome\\Application\\chrome.exe"}
{"UtcTime":"2026-08-12 15:33:42.000","Computer":"CLM-MESA-014","User":"CLM\\backoffice","EventID":11,"Image":"C:\\Windows\\System32\\RuntimeBroker.exe","ProcessGuid":"{27A97BF6-ABB7-2026-E227-D1DCF62DD33A}","ProcessId":1189,"TargetFilename":"C:\\Users\\Public\\Temp\\mesa-5022.tmp"}
{"UtcTime":"2026-08-12 15:33:43.000","Computer":"CLM-MESA-014","User":"CLM\\backoffice","EventID":1,"Image":"C:\\Windows\\System32\\RuntimeBroker.exe","ProcessGuid":"{2B0A2B0D-98BE-2026-2610-3C833065977E}","ProcessId":1407,"CommandLine":"C:\\Windows\\System32\\RuntimeBroker.exe","ParentImage":"C:\\Windows\\System32\\services.exe","ParentProcessGuid":"{DB81B0AC-C3C1-2026-0396-86CA1AB73871}","OriginalFileName":"C:\\Windows\\System32\\RuntimeBroker.exe"}
{"UtcTime":"2026-08-12 15:33:44.000","Computer":"CLM-MESA-014","User":"CLM\\mesa","EventID":11,"Image":"C:\\Program Files\\Microsoft Office\\Office16\\EXCEL.EXE","ProcessGuid":"{F35F411B-5FFC-2026-473D-A33D65BCEE8F}","ProcessId":7359,"TargetFilename":"C:\\Users\\Public\\Temp\\mesa-5024.tmp"}
{"UtcTime":"2026-08-12 15:33:45.000","Computer":"CLM-MESA-014","User":"CLM\\ops","EventID":13,"Image":"C:\\Program Files\\Microsoft Office\\Office16\\EXCEL.EXE","ProcessGuid":"{9CEF653B-EC4E-2026-91C0-F4285120E3B3}","ProcessId":7576,"EventType":"SetValue","TargetObject":"HKCU\\Software\\CLM\\Mesa\\Pref\\5025","Details":"1"}
{"UtcTime":"2026-08-12 15:33:46.000","Computer":"CLM-MESA-014","User":"CLM\\ops","EventID":13,"Image":"C:\\Program Files\\Google\\Chrome\\Application\\chrome.exe","ProcessGuid":"{1A513F8D-9599-2026-F3B3-C39437554EE2}","ProcessId":654,"EventType":"SetValue","TargetObject":"HKCU\\Software\\CLM\\Mesa\\Pref\\5026","Details":"1"}
{"UtcTime":"2026-08-12 15:33:47.000","Computer":"CLM-MESA-014","User":"CLM\\mesa","EventID":11,"Image":"C:\\Windows\\System32\\svchost.exe","ProcessGuid":"{3F24DE81-B372-2026-553A-EE66D7008025}","ProcessId":4657,"TargetFilename":"C:\\Users\\Public\\Temp\\mesa-5027.tmp"}
{"UtcTime":"2026-08-12 15:33:48.000","Computer":"CLM-MESA-014","User":"CLM\\backoffice","EventID":5,"Image":"C:\\Windows\\System32\\conhost.exe","ProcessGuid":"{A36CF33B-DEC1-2026-2C4D-BA6D266FA176}","ProcessId":1999,"EventType":"End"}
{"UtcTime":"2026-08-12 15:33:49.000","Computer":"CLM-MESA-014","User":"CLM\\ops","EventID":5,"Image":"C:\\Windows\\System32\\svchost.exe","ProcessGuid":"{728F55B4-C6E1-2026-7F10-2B3185376713}","ProcessId":6393,"EventType":"End"}
{"UtcTime":"2026-08-12 15:33:50.000","Computer":"CLM-MESA-014","User":"CLM\\backoffice","EventID":13,"Image":"C:\\Windows\\System32\\RuntimeBroker.exe","ProcessGuid":"{5858237C-03A7-2026-5D94-F8F11B13C052}","ProcessId":605,"EventType":"SetValue","TargetObject":"HKCU\\Software\\CLM\\Mesa\\Pref\\5030","Details":"1"}
{"UtcTime":"2026-08-12 15:33:51.000","Computer":"CLM-MESA-014","User":"CLM\\ops","EventID":1,"Image":"C:\\Program Files\\Microsoft Office\\Office16\\EXCEL.EXE","ProcessGuid":"{D85BA1D0-218E-2026-ED69-F4CDC239A0FD}","ProcessId":4857,"CommandLine":"C:\\Program Files\\Microsoft Office\\Office16\\EXCEL.EXE","ParentImage":"C:\\Windows\\System32\\services.exe","ParentProcessGuid":"{091AFF35-833A-2026-C265-473442CAB299}","OriginalFileName":"C:\\Program Files\\Microsoft Office\\Office16\\EXCEL.EXE"}
{"UtcTime":"2026-08-12 15:33:52.000","Computer":"CLM-MESA-014","User":"CLM\\ops","EventID":1,"Image":"C:\\Program Files\\Google\\Chrome\\Application\\chrome.exe","ProcessGuid":"{86BD60B4-9141-2026-BB56-32B83159DC1B}","ProcessId":8213,"CommandLine":"C:\\Program Files\\Google\\Chrome\\Application\\chrome.exe","ParentImage":"C:\\Windows\\System32\\services.exe","ParentProcessGuid":"{8A752186-C370-2026-AD56-2C84462DCD73}","OriginalFileName":"C:\\Program Files\\Google\\Chrome\\Application\\chrome.exe"}
{"UtcTime":"2026-08-12 15:33:53.000","Computer":"CLM-MESA-014","User":"CLM\\ops","EventID":1,"Image":"C:\\Windows\\System32\\RuntimeBroker.exe","ProcessGuid":"{B1697623-B207-2026-FE13-340304754449}","ProcessId":1323,"CommandLine":"C:\\Windows\\System32\\RuntimeBroker.exe","ParentImage":"C:\\Windows\\System32\\services.exe","ParentProcessGuid":"{60EC1711-51A4-2026-7111-C095A69CA6AE}","OriginalFileName":"C:\\Windows\\System32\\RuntimeBroker.exe"}
{"UtcTime":"2026-08-12 15:33:54.000","Computer":"CLM-MESA-014","User":"CLM\\backoffice","EventID":1,"Image":"C:\\Windows\\System32\\RuntimeBroker.exe","ProcessGuid":"{BE733EF2-A369-2026-CB7E-C1F56919CF35}","ProcessId":5996,"CommandLine":"C:\\Windows\\System32\\RuntimeBroker.exe","ParentImage":"C:\\Windows\\System32\\services.exe","ParentProcessGuid":"{6ABDDAEF-9B67-2026-20AE-F816503259AE}","OriginalFileName":"C:\\Windows\\System32\\RuntimeBroker.exe"}
{"UtcTime":"2026-08-12 15:33:55.000","Computer":"CLM-MESA-014","User":"CLM\\backoffice","EventID":13,"Image":"C:\\Windows\\explorer.exe","ProcessGuid":"{C3DAFDC9-9971-2026-C9F6-3766D381242F}","ProcessId":2895,"EventType":"SetValue","TargetObject":"HKCU\\Software\\CLM\\Mesa\\Pref\\5035","Details":"1"}
{"UtcTime":"2026-08-12 15:33:56.000","Computer":"CLM-MESA-014","User":"CLM\\mesa","EventID":13,"Image":"C:\\Windows\\System32\\RuntimeBroker.exe","ProcessGuid":"{4A8277F0-17C3-2026-BCF0-EA858218BD1E}","ProcessId":8679,"EventType":"SetValue","TargetObject":"HKCU\\Software\\CLM\\Mesa\\Pref\\5036","Details":"1"}
{"UtcTime":"2026-08-12 15:33:57.000","Computer":"CLM-MESA-014","User":"CLM\\backoffice","EventID":1,"Image":"C:\\Windows\\System32\\conhost.exe","ProcessGuid":"{1FB2304D-D1A4-2026-54C2-5FEF795F70E9}","ProcessId":5031,"CommandLine":"C:\\Windows\\System32\\conhost.exe","ParentImage":"C:\\Windows\\System32\\services.exe","ParentProcessGuid":"{9CEB3318-5AD8-2026-6CA7-B5F44F295B34}","OriginalFileName":"C:\\Windows\\System32\\conhost.exe"}
{"UtcTime":"2026-08-12 15:33:58.000","Computer":"CLM-MESA-014","User":"CLM\\ops","EventID":13,"Image":"C:\\Program Files\\Google\\Chrome\\Application\\chrome.exe","ProcessGuid":"{7B45BDB1-B2E7-2026-BD19-79373C9F521B}","ProcessId":6666,"EventType":"SetValue","TargetObject":"HKCU\\Software\\CLM\\Mesa\\Pref\\5038","Details":"1"}
{"UtcTime":"2026-08-12 15:33:59.000","Computer":"CLM-MESA-014","User":"CLM\\mesa","EventID":1,"Image":"C:\\Windows\\System32\\svchost.exe","ProcessGuid":"{AB0A7021-DDAB-2026-DA61-DF2BCE037290}","ProcessId":2160,"CommandLine":"C:\\Windows\\System32\\svchost.exe","ParentImage":"C:\\Windows\\System32\\services.exe","ParentProcessGuid":"{D891F43D-35C6-2026-3C78-116E4A880C79}","OriginalFileName":"C:\\Windows\\System32\\svchost.exe"}
{"UtcTime":"2026-08-12 15:34:00.000","Computer":"CLM-MESA-014","User":"CLM\\backoffice","EventID":11,"Image":"C:\\Windows\\System32\\conhost.exe","ProcessGuid":"{4AA32693-6A77-2026-AC79-A0FB49C31417}","ProcessId":1068,"TargetFilename":"C:\\Users\\Public\\Temp\\mesa-5040.tmp"}
{"UtcTime":"2026-08-12 15:34:01.000","Computer":"CLM-MESA-014","User":"CLM\\backoffice","EventID":13,"Image":"C:\\Windows\\System32\\RuntimeBroker.exe","ProcessGuid":"{54B0A6F6-B151-2026-CE4C-2149961E817B}","ProcessId":7267,"EventType":"SetValue","TargetObject":"HKCU\\Software\\CLM\\Mesa\\Pref\\5041","Details":"1"}
{"UtcTime":"2026-08-12 15:34:02.000","Computer":"CLM-MESA-014","User":"CLM\\ops","EventID":1,"Image":"C:\\Windows\\System32\\RuntimeBroker.exe","ProcessGuid":"{044E5B1B-1654-2026-E555-A8D54FB903EC}","ProcessId":2247,"CommandLine":"C:\\Windows\\System32\\RuntimeBroker.exe","ParentImage":"C:\\Windows\\System32\\services.exe","ParentProcessGuid":"{1242DB48-5FB1-2026-82A3-6065514074EE}","OriginalFileName":"C:\\Windows\\System32\\RuntimeBroker.exe"}
{"UtcTime":"2026-08-12 15:34:03.000","Computer":"CLM-MESA-014","User":"CLM\\backoffice","EventID":1,"Image":"C:\\Windows\\System32\\svchost.exe","ProcessGuid":"{6807C439-89A7-2026-3B46-FF90630301C1}","ProcessId":6986,"CommandLine":"C:\\Windows\\System32\\svchost.exe","ParentImage":"C:\\Windows\\System32\\services.exe","ParentProcessGuid":"{C54344C9-A4CE-2026-2E99-E76EA9F1C39C}","OriginalFileName":"C:\\Windows\\System32\\svchost.exe"}
{"UtcTime":"2026-08-12 15:34:04.000","Computer":"CLM-MESA-014","User":"CLM\\mesa","EventID":13,"Image":"C:\\Windows\\System32\\svchost.exe","ProcessGuid":"{86BB0707-1ED2-2026-A636-4F174441E7E8}","ProcessId":6374,"EventType":"SetValue","TargetObject":"HKCU\\Software\\CLM\\Mesa\\Pref\\5044","Details":"1"}
{"UtcTime":"2026-08-12 15:34:05.000","Computer":"CLM-MESA-014","User":"CLM\\ops","EventID":13,"Image":"C:\\Program Files\\Microsoft Office\\Office16\\EXCEL.EXE","ProcessGuid":"{9EA8239A-CD9E-2026-8844-67C559DFA92F}","ProcessId":1799,"EventType":"SetValue","TargetObject":"HKCU\\Software\\CLM\\Mesa\\Pref\\5045","Details":"1"}
{"UtcTime":"2026-08-12 15:34:06.000","Computer":"CLM-MESA-014","User":"CLM\\mesa","EventID":13,"Image":"C:\\Program Files\\Google\\Chrome\\Application\\chrome.exe","ProcessGuid":"{CB3E098B-6907-2026-F455-7AE46F69A48C}","ProcessId":2673,"EventType":"SetValue","TargetObject":"HKCU\\Software\\CLM\\Mesa\\Pref\\5046","Details":"1"}
{"UtcTime":"2026-08-12 15:34:07.000","Computer":"CLM-MESA-014","User":"CLM\\ops","EventID":11,"Image":"C:\\Windows\\System32\\svchost.exe","ProcessGuid":"{CA9D165B-7D0E-2026-D3A0-378A6F1D1AE6}","ProcessId":3873,"TargetFilename":"C:\\Users\\Public\\Temp\\mesa-5047.tmp"}
{"UtcTime":"2026-08-12 15:34:08.000","Computer":"CLM-MESA-014","User":"CLM\\mesa","EventID":1,"Image":"C:\\Windows\\System32\\svchost.exe","ProcessGuid":"{27287B11-0F95-2026-983E-B5B35F28FCED}","ProcessId":6298,"CommandLine":"C:\\Windows\\System32\\svchost.exe","ParentImage":"C:\\Windows\\System32\\services.exe","ParentProcessGuid":"{B5E6CF10-712C-2026-A365-1E355DD304CB}","OriginalFileName":"C:\\Windows\\System32\\svchost.exe"}
{"UtcTime":"2026-08-12 15:34:09.000","Computer":"CLM-MESA-014","User":"CLM\\ops","EventID":3,"Image":"C:\\Windows\\explorer.exe","ProcessGuid":"{64012E17-2194-2026-495E-EF7D144D212C}","ProcessId":1098,"DestinationIp":"1.1.1.1","DestinationPort":53,"DestinationHostname":"ntp.clm.liquidacao","SourceIp":"10.70.30.14","Protocol":"tcp"}
{"UtcTime":"2026-08-12 15:34:10.000","Computer":"CLM-MESA-014","User":"CLM\\ops","EventID":1,"Image":"C:\\Windows\\System32\\conhost.exe","ProcessGuid":"{5266E97A-2408-2026-77C8-2E4934D69400}","ProcessId":2043,"CommandLine":"C:\\Windows\\System32\\conhost.exe","ParentImage":"C:\\Windows\\System32\\services.exe","ParentProcessGuid":"{B14B3E52-893B-2026-8D93-225F821100B0}","OriginalFileName":"C:\\Windows\\System32\\conhost.exe"}
{"UtcTime":"2026-08-12 15:34:11.000","Computer":"CLM-MESA-014","User":"CLM\\mesa","EventID":3,"Image":"C:\\Program Files\\Microsoft Office\\Office16\\EXCEL.EXE","ProcessGuid":"{5241549D-5B01-2026-FC03-B2D87C70DA60}","ProcessId":3051,"DestinationIp":"10.70.30.1","DestinationPort":135,"DestinationHostname":"portal.clm.liquidacao","SourceIp":"10.70.30.14","Protocol":"tcp"}
{"UtcTime":"2026-08-12 15:34:12.000","Computer":"CLM-MESA-014","User":"CLM\\backoffice","EventID":13,"Image":"C:\\Program Files\\Microsoft Office\\Office16\\EXCEL.EXE","ProcessGuid":"{052DBF82-FBB7-2026-FB4D-F21ECEE857C9}","ProcessId":6272,"EventType":"SetValue","TargetObject":"HKCU\\Software\\CLM\\Mesa\\Pref\\5052","Details":"1"}
{"UtcTime":"2026-08-12 15:34:13.000","Computer":"CLM-MESA-014","User":"CLM\\backoffice","EventID":5,"Image":"C:\\Windows\\System32\\conhost.exe","ProcessGuid":"{5DB99D4C-EB77-2026-E0CF-B71CDAA27E78}","ProcessId":2298,"EventType":"End"}
{"UtcTime":"2026-08-12 15:34:14.000","Computer":"CLM-MESA-014","User":"CLM\\ops","EventID":1,"Image":"C:\\Windows\\System32\\RuntimeBroker.exe","ProcessGuid":"{D88A4C89-E114-2026-6210-9E947540E3DF}","ProcessId":8008,"CommandLine":"C:\\Windows\\System32\\RuntimeBroker.exe","ParentImage":"C:\\Windows\\System32\\services.exe","ParentProcessGuid":"{AF4358F6-D90A-2026-A4F4-8853340CC996}","OriginalFileName":"C:\\Windows\\System32\\RuntimeBroker.exe"}
{"UtcTime":"2026-08-12 15:34:15.000","Computer":"CLM-MESA-014","User":"CLM\\mesa","EventID":5,"Image":"C:\\Windows\\explorer.exe","ProcessGuid":"{08A2F209-980C-2026-245C-78B76332F88D}","ProcessId":1718,"EventType":"End"}
{"UtcTime":"2026-08-12 15:34:16.000","Computer":"CLM-MESA-014","User":"CLM\\backoffice","EventID":1,"Image":"C:\\Windows\\System32\\conhost.exe","ProcessGuid":"{9C12128B-DCDC-2026-1ED6-993689C405BC}","ProcessId":1960,"CommandLine":"C:\\Windows\\System32\\conhost.exe","ParentImage":"C:\\Windows\\System32\\services.exe","ParentProcessGuid":"{7FB1CD60-EE35-2026-5D86-9BC78152E2B5}","OriginalFileName":"C:\\Windows\\System32\\conhost.exe"}
{"UtcTime":"2026-08-12 15:34:17.000","Computer":"CLM-MESA-014","User":"CLM\\mesa","EventID":1,"Image":"C:\\Windows\\System32\\conhost.exe","ProcessGuid":"{D0AA30B9-77BB-2026-00BA-4186CF5313E0}","ProcessId":4515,"CommandLine":"C:\\Windows\\System32\\conhost.exe","ParentImage":"C:\\Windows\\System32\\services.exe","ParentProcessGuid":"{C5081EB4-CCCE-2026-1893-EDFB21DD0191}","OriginalFileName":"C:\\Windows\\System32\\conhost.exe"}
{"UtcTime":"2026-08-12 15:34:18.000","Computer":"CLM-MESA-014","User":"CLM\\ops","EventID":3,"Image":"C:\\Windows\\System32\\RuntimeBroker.exe","ProcessGuid":"{D65A98DA-C9E7-2026-0956-3F626C28AD3C}","ProcessId":6957,"DestinationIp":"10.70.30.8","DestinationPort":135,"DestinationHostname":"portal.clm.liquidacao","SourceIp":"10.70.30.14","Protocol":"tcp"}
{"UtcTime":"2026-08-12 15:34:19.000","Computer":"CLM-MESA-014","User":"CLM\\ops","EventID":3,"Image":"C:\\Windows\\System32\\conhost.exe","ProcessGuid":"{6095A66F-B73F-2026-C70B-DAC09C55C077}","ProcessId":6146,"DestinationIp":"10.70.30.1","DestinationPort":8080,"DestinationHostname":"portal.clm.liquidacao","SourceIp":"10.70.30.14","Protocol":"tcp"}
{"UtcTime":"2026-08-12 15:34:20.000","Computer":"CLM-MESA-014","User":"CLM\\backoffice","EventID":1,"Image":"C:\\Windows\\System32\\svchost.exe","ProcessGuid":"{C0977915-6EE9-2026-61D5-4E7E163C04E4}","ProcessId":8034,"CommandLine":"C:\\Windows\\System32\\svchost.exe","ParentImage":"C:\\Windows\\System32\\services.exe","ParentProcessGuid":"{14E10459-7CCD-2026-A99F-BBC9DA1E2660}","OriginalFileName":"C:\\Windows\\System32\\svchost.exe"}
{"UtcTime":"2026-08-12 15:34:21.000","Computer":"CLM-MESA-014","User":"CLM\\mesa","EventID":13,"Image":"C:\\Windows\\System32\\conhost.exe","ProcessGuid":"{4CD25FF5-B623-2026-CC55-1845D20C8B9F}","ProcessId":3764,"EventType":"SetValue","TargetObject":"HKCU\\Software\\CLM\\Mesa\\Pref\\5061","Details":"1"}
{"UtcTime":"2026-08-12 15:34:22.000","Computer":"CLM-MESA-014","User":"CLM\\backoffice","EventID":11,"Image":"C:\\Program Files\\Microsoft Office\\Office16\\EXCEL.EXE","ProcessGuid":"{9180F4BC-43DD-2026-C059-4143CC706A28}","ProcessId":773,"TargetFilename":"C:\\Users\\Public\\Temp\\mesa-5062.tmp"}
{"UtcTime":"2026-08-12 15:34:23.000","Computer":"CLM-MESA-014","User":"CLM\\backoffice","EventID":1,"Image":"C:\\Windows\\explorer.exe","ProcessGuid":"{9EA7E7DA-E405-2026-86DB-1723E9D5FC4B}","ProcessId":2372,"CommandLine":"C:\\Windows\\explorer.exe","ParentImage":"C:\\Windows\\System32\\services.exe","ParentProcessGuid":"{1EA0DE5C-EA96-2026-AA20-C0E57C03D661}","OriginalFileName":"C:\\Windows\\explorer.exe"}
{"UtcTime":"2026-08-12 15:34:24.000","Computer":"CLM-MESA-014","User":"CLM\\ops","EventID":11,"Image":"C:\\Windows\\System32\\svchost.exe","ProcessGuid":"{6F4135E4-33A2-2026-BA5B-2EA6B5145289}","ProcessId":1020,"TargetFilename":"C:\\Users\\Public\\Temp\\mesa-5064.tmp"}
