{"UtcTime":"2026-08-12 15:11:35.000","Computer":"CLM-MESA-014","User":"CLM\\backoffice","EventID":1,"Image":"C:\\Windows\\System32\\svchost.exe","ProcessGuid":"{DEA648E9-124A-2026-0EB2-9BDB7FA4802B}","ProcessId":6070,"CommandLine":"C:\\Windows\\System32\\svchost.exe","ParentImage":"C:\\Windows\\System32\\services.exe","ParentProcessGuid":"{BE85B3BE-EE04-2026-A302-257E135E4153}","OriginalFileName":"C:\\Windows\\System32\\svchost.exe"}
{"UtcTime":"2026-08-12 15:11:36.000","Computer":"CLM-MESA-014","User":"CLM\\backoffice","EventID":11,"Image":"C:\\Windows\\System32\\RuntimeBroker.exe","ProcessGuid":"{B70D6B03-9F00-2026-6213-8516FA1BD4F8}","ProcessId":2545,"TargetFilename":"C:\\Users\\Public\\Temp\\mesa-3696.tmp"}
{"UtcTime":"2026-08-12 15:11:37.000","Computer":"CLM-MESA-014","User":"CLM\\backoffice","EventID":1,"Image":"C:\\Windows\\explorer.exe","ProcessGuid":"{BFAA4FEF-EDF9-2026-3D1E-B70F9C457843}","ProcessId":4203,"CommandLine":"C:\\Windows\\explorer.exe","ParentImage":"C:\\Windows\\System32\\services.exe","ParentProcessGuid":"{5D0AB336-CEAC-2026-7C3B-46A4961EEE20}","OriginalFileName":"C:\\Windows\\explorer.exe"}
{"UtcTime":"2026-08-12 15:11:38.000","Computer":"CLM-MESA-014","User":"CLM\\ops","EventID":13,"Image":"C:\\Program Files\\Microsoft Office\\Office16\\EXCEL.EXE","ProcessGuid":"{B1719F7A-9186-2026-D5EC-5357F80FD305}","ProcessId":5425,"EventType":"SetValue","TargetObject":"HKCU\\Software\\CLM\\Mesa\\Pref\\3698","Details":"1"}
{"UtcTime":"2026-08-12 15:11:39.000","Computer":"CLM-MESA-014","User":"CLM\\backoffice","EventID":13,"Image":"C:\\Windows\\explorer.exe","ProcessGuid":"{8205CB94-744B-2026-3345-487C116DA4C4}","ProcessId":2597,"EventType":"SetValue","TargetObject":"HKCU\\Software\\CLM\\Mesa\\Pref\\3699","Details":"1"}
{"UtcTime":"2026-08-12 15:11:40.000","Computer":"CLM-MESA-014","User":"CLM\\ops","EventID":1,"Image":"C:\\Program Files\\Microsoft Office\\Office16\\EXCEL.EXE","ProcessGuid":"{A29216B1-9331-2026-2877-EDA4467BA505}","ProcessId":7518,"CommandLine":"C:\\Program Files\\Microsoft Office\\Office16\\EXCEL.EXE","ParentImage":"C:\\Windows\\System32\\services.exe","ParentProcessGuid":"{16F28455-8B9F-2026-A0BA-3FB10B9EDEFF}","OriginalFileName":"C:\\Program Files\\Microsoft Office\\Office16\\EXCEL.EXE"}
{"UtcTime":"2026-08-12 15:11:41.000","Computer":"CLM-MESA-014","User":"CLM\\backoffice","EventID":11,"Image":"C:\\Program Files\\Microsoft Office\\Office16\\EXCEL.EXE","ProcessGuid":"{395151FC-379B-2026-8166-D0D8991C364C}","ProcessId":2154,"TargetFilename":"C:\\Users\\Public\\Temp\\mesa-3701.tmp"}
{"UtcTime":"2026-08-12 15:11:42.000","Computer":"CLM-MESA-014","User":"CLM\\mesa","EventID":11,"Image":"C:\\Windows\\System32\\RuntimeBroker.exe","ProcessGuid":"{DD0B59BC-D23F-2026-0884-53836B250F8E}","ProcessId":8052,"TargetFilename":"C:\\Users\\Public\\Temp\\mesa-3702.tmp"}
{"UtcTime":"2026-08-12 15:11:43.000","Computer":"CLM-MESA-014","User":"CLM\\ops","EventID":11,"Image":"C:\\Program Files\\Microsoft Office\\Office16\\EXCEL.EXE","ProcessGuid":"{E95A61A5-63D9-2026-E67B-4183A38E30FD}","ProcessId":2694,"TargetFilename":"C:\\Users\\Public\\Temp\\mesa-3703.tmp"}
{"UtcTime":"2026-08-12 15:11:44.000","Computer":"CLM-MESA-014","User":"CLM\\mesa","EventID":13,"Image":"C:\\Program Files\\Microsoft Office\\Office16\\EXCEL.EXE","ProcessGuid":"{8F36BD41-004C-2026-EE75-9D0C717498C8}","ProcessId":7426,"EventType":"SetValue","TargetObject":"HKCU\\Software\\CLM\\Mesa\\Pref\\3704","Details":"1"}
{"UtcTime":"2026-08-12 15:11:45.000","Computer":"CLM-MESA-014","User":"CLM\\mesa","EventID":1,"Image":"C:\\Windows\\System32\\RuntimeBroker.exe","ProcessGuid":"{CC232AAF-7B80-2026-C8AC-453682132366}","ProcessId":6557,"CommandLine":"C:\\Windows\\System32\\RuntimeBroker.exe","ParentImage":"C:\\Windows\\System32\\services.exe","ParentProcessGuid":"{C77949DC-AF39-2026-5866-9CC976CE4150}","OriginalFileName":"C:\\Windows\\System32\\RuntimeBroker.exe"}
{"UtcTime":"2026-08-12 15:11:46.000","Computer":"CLM-MESA-014","User":"CLM\\ops","EventID":3,"Image":"C:\\Windows\\System32\\conhost.exe","ProcessGuid":"{8D43B291-6F66-2026-7FE5-6413EA44993C}","ProcessId":6926,"DestinationIp":"10.70.30.8","DestinationPort":53,"DestinationHostname":"portal.clm.liquidacao","SourceIp":"10.70.30.14","Protocol":"tcp"}
{"UtcTime":"2026-08-12 15:11:47.000","Computer":"CLM-MESA-014","User":"CLM\\mesa","EventID":1,"Image":"C:\\Windows\\System32\\RuntimeBroker.exe","ProcessGuid":"{BC7EB7F3-3AB1-2026-3830-177A87D06EF4}","ProcessId":6255,"CommandLine":"C:\\Windows\\System32\\RuntimeBroker.exe","ParentImage":"C:\\Windows\\System32\\services.exe","ParentProcessGuid":"{073CE5DB-6E24-2026-CBA9-99B66B7037AA}","OriginalFileName":"C:\\Windows\\System32\\RuntimeBroker.exe"}
{"UtcTime":"2026-08-12 15:11:48.000","Computer":"CLM-MESA-014","User":"CLM\\ops","EventID":11,"Image":"C:\\Windows\\System32\\svchost.exe","ProcessGuid":"{F39F7F96-C7C3-2026-5F72-03FA1397424A}","ProcessId":6943,"TargetFilename":"C:\\Users\\Public\\Temp\\mesa-3708.tmp"}
{"UtcTime":"2026-08-12 15:11:49.000","Computer":"CLM-MESA-014","User":"CLM\\mesa","EventID":3,"Image":"C:\\Program Files\\Microsoft Office\\Office16\\EXCEL.EXE","ProcessGuid":"{F293D68E-04F7-2026-397E-5BC0140CEF19}","ProcessId":3395,"DestinationIp":"1.1.1.1","DestinationPort":8080,"DestinationHostname":"ntp.clm.liquidacao","SourceIp":"10.70.30.14","Protocol":"tcp"}
{"UtcTime":"2026-08-12 15:11:50.000","Computer":"CLM-MESA-014","User":"CLM\\backoffice","EventID":1,"Image":"C:\\Windows\\System32\\RuntimeBroker.exe","ProcessGuid":"{F1DC934D-0D83-2026-5E8D-54F3A73A0D12}","ProcessId":2178,"CommandLine":"C:\\Windows\\System32\\RuntimeBroker.exe","ParentImage":"C:\\Windows\\System32\\services.exe","ParentProcessGuid":"{9D5A1348-8E3C-2026-23A9-323742BC239A}","OriginalFileName":"C:\\Windows\\System32\\RuntimeBroker.exe"}
{"UtcTime":"2026-08-12 15:11:51.000","Computer":"CLM-MESA-014","User":"CLM\\ops","EventID":1,"Image":"C:\\Program Files\\Google\\Chrome\\Application\\chrome.exe","ProcessGuid":"{C9642CFF-D1C8-2026-A815-6666FACFF260}","ProcessId":6316,"CommandLine":"C:\\Program Files\\Google\\Chrome\\Application\\chrome.exe","ParentImage":"C:\\Windows\\System32\\services.exe","ParentProcessGuid":"{1B6C91DA-5088-2026-869E-00260FDD4545}","OriginalFileName":"C:\\Program Files\\Google\\Chrome\\Application\\chrome.exe"}
{"UtcTime":"2026-08-12 15:11:52.000","Computer":"CLM-MESA-014","User":"CLM\\mesa","EventID":1,"Image":"C:\\Windows\\System32\\svchost.exe","ProcessGuid":"{2C1959F7-4E0A-2026-8EFF-521FB9592F91}","ProcessId":680,"CommandLine":"C:\\Windows\\System32\\svchost.exe","ParentImage":"C:\\Windows\\System32\\services.exe","ParentProcessGuid":"{D65A5BC3-8C1D-2026-0A8F-6B5607CFA106}","OriginalFileName":"C:\\Windows\\System32\\svchost.exe"}
{"UtcTime":"2026-08-12 15:11:53.000","Computer":"CLM-MESA-014","User":"CLM\\ops","EventID":3,"Image":"C:\\Program Files\\Google\\Chrome\\Application\\chrome.exe","ProcessGuid":"{EA4F8094-F6E0-2026-7751-06DC1DBD8436}","ProcessId":8955,"DestinationIp":"8.8.8.8","DestinationPort":135,"DestinationHostname":"ntp.clm.liquidacao","SourceIp":"10.70.30.14","Protocol":"tcp"}
{"UtcTime":"2026-08-12 15:11:54.000","Computer":"CLM-MESA-014","User":"CLM\\ops","EventID":11,"Image":"C:\\Program Files\\Google\\Chrome\\Application\\chrome.exe","ProcessGuid":"{F5768C8F-BD49-2026-11EC-D6E8462BBA19}","ProcessId":6703,"TargetFilename":"C:\\Users\\Public\\Temp\\mesa-3714.tmp"}
{"UtcTime":"2026-08-12 15:11:55.000","Computer":"CLM-MESA-014","User":"CLM\\backoffice","EventID":3,"Image":"C:\\Program Files\\Microsoft Office\\Office16\\EXCEL.EXE","ProcessGuid":"{CF794459-D43E-2026-C9B8-5B1D7DB2C256}","ProcessId":4197,"DestinationIp":"10.70.30.1","DestinationPort":8080,"DestinationHostname":"portal.clm.liquidacao","SourceIp":"10.70.30.14","Protocol":"tcp"}
{"UtcTime":"2026-08-12 15:11:56.000","Computer":"CLM-MESA-014","User":"CLM\\ops","EventID":1,"Image":"C:\\Windows\\explorer.exe","ProcessGuid":"{C0E7EC1B-F833-2026-A952-8AE3DBF7600A}","ProcessId":7222,"CommandLine":"C:\\Windows\\explorer.exe","ParentImage":"C:\\Windows\\System32\\services.exe","ParentProcessGuid":"{B1BBDD55-7001-2026-225D-02B6C53CF45D}","OriginalFileName":"C:\\Windows\\explorer.exe"}
{"UtcTime":"2026-08-12 15:11:57.000","Computer":"CLM-MESA-014","User":"CLM\\ops","EventID":1,"Image":"C:\\Windows\\explorer.exe","ProcessGuid":"{768DECCE-2229-2026-5614-F1E86F7BF6FD}","ProcessId":6867,"CommandLine":"C:\\Windows\\explorer.exe","ParentImage":"C:\\Windows\\System32\\services.exe","ParentProcessGuid":"{4B68F66D-A761-2026-D6FC-94BA45521A7F}","OriginalFileName":"C:\\Windows\\explorer.exe"}
{"UtcTime":"2026-08-12 15:11:58.000","Computer":"CLM-MESA-014","User":"CLM\\ops","EventID":1,"Image":"C:\\Windows\\explorer.exe","ProcessGuid":"{9436D938-5770-2026-FD3D-9986CFDCE2CF}","ProcessId":2659,"CommandLine":"C:\\Windows\\explorer.exe","ParentImage":"C:\\Windows\\System32\\services.exe","ParentProcessGuid":"{9950DB3F-746C-2026-BC87-5A84E5278E6E}","OriginalFileName":"C:\\Windows\\explorer.exe"}
{"UtcTime":"2026-08-12 15:11:59.000","Computer":"CLM-MESA-014","User":"CLM\\ops","EventID":13,"Image":"C:\\Windows\\System32\\conhost.exe","ProcessGuid":"{5F83DD30-0330-2026-C89C-BAC3834C669C}","ProcessId":3685,"EventType":"SetValue","TargetObject":"HKCU\\Software\\CLM\\Mesa\\Pref\\3719","Details":"1"}
{"UtcTime":"2026-08-12 15:12:00.000","Computer":"CLM-MESA-014","User":"CLM\\mesa","EventID":11,"Image":"C:\\Program Files\\Microsoft Office\\Office16\\EXCEL.EXE","ProcessGuid":"{C0C584FF-4D39-2026-BE52-8D5CAA4A7A5D}","ProcessId":454,"TargetFilename":"C:\\Users\\Public\\Temp\\mesa-3720.tmp"}
{"UtcTime":"2026-08-12 15:12:01.000","Computer":"CLM-MESA-014","User":"CLM\\backoffice","EventID":11,"Image":"C:\\Windows\\System32\\conhost.exe","ProcessGuid":"{925F3C7D-08ED-2026-9C72-8C965E9FA2B4}","ProcessId":934,"TargetFilename":"C:\\Users\\Public\\Temp\\mesa-3721.tmp"}
{"UtcTime":"2026-08-12 15:12:02.000","Computer":"CLM-MESA-014","User":"CLM\\backoffice","EventID":11,"Image":"C:\\Windows\\explorer.exe","ProcessGuid":"{5B73143A-E954-2026-F73A-85238BA743D1}","ProcessId":3367,"TargetFilename":"C:\\Users\\Public\\Temp\\mesa-3722.tmp"}
{"UtcTime":"2026-08-12 15:12:03.000","Computer":"CLM-MESA-014","User":"CLM\\backoffice","EventID":3,"Image":"C:\\Windows\\System32\\svchost.exe","ProcessGuid":"{3D0AF198-6592-2026-B25E-4BE42182106C}","ProcessId":4941,"DestinationIp":"8.8.8.8","DestinationPort":135,"DestinationHostname":"portal.clm.liquidacao","SourceIp":"10.70.30.14","Protocol":"tcp"}
{"UtcTime":"2026-08-12 15:12:04.000","Computer":"CLM-MESA-014","User":"CLM\\mesa","EventID":1,"Image":"C:\\Windows\\System32\\svchost.exe","ProcessGuid":"{A0A8A309-1234-2026-F63C-A4E036904583}","ProcessId":5078,"CommandLine":"C:\\Windows\\System32\\svchost.exe","ParentImage":"C:\\Windows\\System32\\services.exe","ParentProcessGuid":"{3C42BE72-5EBD-2026-7108-0D3EECBFC864}","OriginalFileName":"C:\\Windows\\System32\\svchost.exe"}
{"UtcTime":"2026-08-12 15:12:05.000","Computer":"CLM-MESA-014","User":"CLM\\backoffice","EventID":1,"Image":"C:\\Program Files\\Google\\Chrome\\Application\\chrome.exe","ProcessGuid":"{2AA355F2-9077-2026-6B4A-B1431EEE546D}","ProcessId":3003,"CommandLine":"C:\\Program Files\\Google\\Chrome\\Application\\chrome.exe","ParentImage":"C:\\Windows\\System32\\services.exe","ParentProcessGuid":"{C5344341-D41F-2026-F44B-2BDD3D915393}","OriginalFileName":"C:\\Program Files\\Google\\Chrome\\Application\\chrome.exe"}
{"UtcTime":"2026-08-12 15:12:06.000","Computer":"CLM-MESA-014","User":"CLM\\mesa","EventID":5,"Image":"C:\\Windows\\explorer.exe","ProcessGuid":"{72F17A1D-8D4C-2026-F445-874CFD6923DF}","ProcessId":980,"EventType":"End"}
{"UtcTime":"2026-08-12 15:12:07.000","Computer":"CLM-MESA-014","User":"CLM\\backoffice","EventID":3,"Image":"C:\\Windows\\System32\\conhost.exe","ProcessGuid":"{A723F4DE-B313-2026-4ABF-AF0B481479DF}","ProcessId":2857,"DestinationIp":"8.8.8.8","DestinationPort":53,"DestinationHostname":"portal.clm.liquidacao","SourceIp":"10.70.30.14","Protocol":"tcp"}
{"UtcTime":"2026-08-12 15:12:08.000","Computer":"CLM-MESA-014","User":"CLM\\backoffice","EventID":11,"Image":"C:\\Program Files\\Google\\Chrome\\Application\\chrome.exe","ProcessGuid":"{E6542C30-6843-2026-4A23-441E5F88E87E}","ProcessId":2490,"TargetFilename":"C:\\Users\\Public\\Temp\\mesa-3728.tmp"}
{"UtcTime":"2026-08-12 15:12:09.000","Computer":"CLM-MESA-014","User":"CLM\\backoffice","EventID":11,"Image":"C:\\Windows\\System32\\conhost.exe","ProcessGuid":"{FF2E1C06-6239-2026-F887-C445AA680209}","ProcessId":5318,"TargetFilename":"C:\\Users\\Public\\Temp\\mesa-3729.tmp"}
{"UtcTime":"2026-08-12 15:12:10.000","Computer":"CLM-MESA-014","User":"CLM\\ops","EventID":3,"Image":"C:\\Windows\\System32\\RuntimeBroker.exe","ProcessGuid":"{55A5E541-868C-2026-FA7C-3FA9E70719CA}","ProcessId":6141,"DestinationIp":"8.8.8.8","DestinationPort":8080,"DestinationHostname":"ntp.clm.liquidacao","SourceIp":"10.70.30.14","Protocol":"tcp"}
{"UtcTime":"2026-08-12 15:12:11.000","Computer":"CLM-MESA-014","User":"CLM\\mesa","EventID":13,"Image":"C:\\Windows\\System32\\conhost.exe","ProcessGuid":"{1BB97D9F-CE76-2026-E9D1-E63A0322656C}","ProcessId":3340,"EventType":"SetValue","TargetObject":"HKCU\\Software\\CLM\\Mesa\\Pref\\3731","Details":"1"}
{"UtcTime":"2026-08-12 15:12:12.000","Computer":"CLM-MESA-014","User":"CLM\\backoffice","EventID":5,"Image":"C:\\Windows\\System32\\conhost.exe","ProcessGuid":"{766ABAAB-53CC-2026-C4C5-156047A8A390}","ProcessId":2780,"EventType":"End"}
{"UtcTime":"2026-08-12 15:12:13.000","Computer":"CLM-MESA-014","User":"CLM\\ops","EventID":5,"Image":"C:\\Windows\\System32\\RuntimeBroker.exe","ProcessGuid":"{01AB3227-774F-2026-19BF-8455024265CC}","ProcessId":7746,"EventType":"End"}
{"UtcTime":"2026-08-12 15:12:14.000","Computer":"CLM-MESA-014","User":"CLM\\backoffice","EventID":13,"Image":"C:\\Windows\\System32\\conhost.exe","ProcessGuid":"{E5F50B77-703F-2026-B082-30B92F6113DE}","ProcessId":3525,"EventType":"SetValue","TargetObject":"HKCU\\Software\\CLM\\Mesa\\Pref\\3734","Details":"1"}
{"UtcTime":"2026-08-12 15:12:15.000","Computer":"CLM-MESA-014","User":"CLM\\backoffice","EventID":11,"Image":"C:\\Windows\\explorer.exe","ProcessGuid":"{7092857A-981A-2026-A765-939818259D20}","ProcessId":2843,"TargetFilename":"C:\\Users\\Public\\Temp\\mesa-3735.tmp"}
{"UtcTime":"2026-08-12 15:12:16.000","Computer":"CLM-MESA-014","User":"CLM\\ops","EventID":5,"Image":"C:\\Windows\\System32\\RuntimeBroker.exe","ProcessGuid":"{367E7095-28DB-2026-C9C2-1E6D525A5FBF}","ProcessId":1423,"EventType":"End"}
{"UtcTime":"2026-08-12 15:12:17.000","Computer":"CLM-MESA-014","User":"CLM\\mesa","EventID":13,"Image":"C:\\Program Files\\Microsoft Office\\Office16\\EXCEL.EXE","ProcessGuid":"{4EB18AA0-0C88-2026-6CBF-1E05A1AF22D5}","ProcessId":3672,"EventType":"SetValue","TargetObject":"HKCU\\Software\\CLM\\Mesa\\Pref\\3737","Details":"1"}
{"UtcTime":"2026-08-12 15:12:18.000","Computer":"CLM-MESA-014","User":"CLM\\ops","EventID":3,"Image":"C:\\Windows\\System32\\svchost.exe","ProcessGuid":"{D5206D22-0046-2026-5C58-298EE0A0B772}","ProcessId":3719,"DestinationIp":"1.1.1.1","DestinationPort":53,"DestinationHostname":"portal.clm.liquidacao","SourceIp":"10.70.30.14","Protocol":"tcp"}
{"UtcTime":"2026-08-12 15:12:19.000","Computer":"CLM-MESA-014","User":"CLM\\backoffice","EventID":3,"Image":"C:\\Windows\\System32\\RuntimeBroker.exe","ProcessGuid":"{9439E1AA-37C5-2026-71C9-345E8BE63A9B}","ProcessId":2058,"DestinationIp":"10.70.30.8","DestinationPort":8080,"DestinationHostname":"ntp.clm.liquidacao","SourceIp":"10.70.30.14","Protocol":"tcp"}
{"UtcTime":"2026-08-12 15:12:20.000","Computer":"CLM-MESA-014","User":"CLM\\mesa","EventID":1,"Image":"C:\\Program Files\\Microsoft Office\\Office16\\EXCEL.EXE","ProcessGuid":"{01CF6F62-0C2B-2026-781E-DD9621C9149D}","ProcessId":556,"CommandLine":"C:\\Program Files\\Microsoft Office\\Office16\\EXCEL.EXE","ParentImage":"C:\\Windows\\System32\\services.exe","ParentProcessGuid":"{EB8519D7-16C9-2026-206B-17499BA9A0EA}","OriginalFileName":"C:\\Program Files\\Microsoft Office\\Office16\\EXCEL.EXE"}
{"UtcTime":"2026-08-12 15:12:21.000","Computer":"CLM-MESA-014","User":"CLM\\backoffice","EventID":11,"Image":"C:\\Windows\\System32\\conhost.exe","ProcessGuid":"{10AB17CE-A204-2026-AB1E-F7050528D084}","ProcessId":4141,"TargetFilename":"C:\\Users\\Public\\Temp\\mesa-3741.tmp"}
{"UtcTime":"2026-08-12 15:12:22.000","Computer":"CLM-MESA-014","User":"CLM\\backoffice","EventID":1,"Image":"C:\\Program Files\\Google\\Chrome\\Application\\chrome.exe","ProcessGuid":"{FB489E37-3709-2026-F423-3A5AA371F5F9}","ProcessId":5346,"CommandLine":"C:\\Program Files\\Google\\Chrome\\Application\\chrome.exe","ParentImage":"C:\\Windows\\System32\\services.exe","ParentProcessGuid":"{96A0EB61-F96F-2026-E2F2-F89BB4B0BB71}","OriginalFileName":"C:\\Program Files\\Google\\Chrome\\Application\\chrome.exe"}
{"UtcTime":"2026-08-12 15:12:23.000","Computer":"CLM-MESA-014","User":"CLM\\mesa","EventID":13,"Image":"C:\\Windows\\System32\\svchost.exe","ProcessGuid":"{93A8B586-3463-2026-9637-8548861708D5}","ProcessId":7390,"EventType":"SetValue","TargetObject":"HKCU\\Software\\CLM\\Mesa\\Pref\\3743","Details":"1"}
{"UtcTime":"2026-08-12 15:12:24.000","Computer":"CLM-MESA-014","User":"CLM\\mesa","EventID":1,"Image":"C:\\Windows\\System32\\RuntimeBroker.exe","ProcessGuid":"{2A35D18C-FC37-2026-E73D-7B33540D45AE}","ProcessId":740,"CommandLine":"C:\\Windows\\System32\\RuntimeBroker.exe","ParentImage":"C:\\Windows\\System32\\services.exe","ParentProcessGuid":"{D04A4328-4646-2026-41F4-1D48CDAAAD32}","OriginalFileName":"C:\\Windows\\System32\\RuntimeBroker.exe"}
{"UtcTime":"2026-08-12 15:12:25.000","Computer":"CLM-MESA-014","User":"CLM\\ops","EventID":1,"Image":"C:\\Program Files\\Microsoft Office\\Office16\\EXCEL.EXE","ProcessGuid":"{096962E5-0AA3-2026-4411-9901D7A2AF28}","ProcessId":5175,"CommandLine":"C:\\Program Files\\Microsoft Office\\Office16\\EXCEL.EXE","ParentImage":"C:\\Windows\\System32\\services.exe","ParentProcessGuid":"{5EB76030-BA90-2026-B596-A692E47A585C}","OriginalFileName":"C:\\Program Files\\Microsoft Office\\Office16\\EXCEL.EXE"}
{"UtcTime":"2026-08-12 15:12:26.000","Computer":"CLM-MESA-014","User":"CLM\\mesa","EventID":1,"Image":"C:\\Windows\\System32\\conhost.exe","ProcessGuid":"{D4F9C910-0D81-2026-E3C5-A8FD13D62D15}","ProcessId":2553,"CommandLine":"C:\\Windows\\System32\\conhost.exe","ParentImage":"C:\\Windows\\System32\\services.exe","ParentProcessGuid":"{DF0DCD4C-CFB7-2026-C406-FC839554E722}","OriginalFileName":"C:\\Windows\\System32\\conhost.exe"}
{"UtcTime":"2026-08-12 15:12:27.000","Computer":"CLM-MESA-014","User":"CLM\\backoffice","EventID":13,"Image":"C:\\Windows\\System32\\RuntimeBroker.exe","ProcessGuid":"{C75522E3-AEF7-2026-E336-99CC8E738212}","ProcessId":8072,"EventType":"SetValue","TargetObject":"HKCU\\Software\\CLM\\Mesa\\Pref\\3747","Details":"1"}
{"UtcTime":"2026-08-12 15:12:28.000","Computer":"CLM-MESA-014","User":"CLM\\backoffice","EventID":13,"Image":"C:\\Windows\\System32\\svchost.exe","ProcessGuid":"{2C25CFB1-7C65-2026-C97E-9A80DD02E8E6}","ProcessId":7507,"EventType":"SetValue","TargetObject":"HKCU\\Software\\CLM\\Mesa\\Pref\\3748","Details":"1"}
{"UtcTime":"2026-08-12 15:12:29.000","Computer":"CLM-MESA-014","User":"CLM\\backoffice","EventID":1,"Image":"C:\\Windows\\System32\\RuntimeBroker.exe","ProcessGuid":"{723579F9-C447-2026-60CE-527AA658B7F0}","ProcessId":4242,"CommandLine":"C:\\Windows\\System32\\RuntimeBroker.exe","ParentImage":"C:\\Windows\\System32\\services.exe","ParentProcessGuid":"{3599569C-1A8C-2026-20A6-DD4F0EA97225}","OriginalFileName":"C:\\Windows\\System32\\RuntimeBroker.exe"}
{"UtcTime":"2026-08-12 15:12:30.000","Computer":"CLM-MESA-014","User":"CLM\\ops","EventID":5,"Image":"C:\\Windows\\System32\\svchost.exe","ProcessGuid":"{94FD65F6-DDCA-2026-3AA2-967B0D1C0CF9}","ProcessId":4630,"EventType":"End"}
{"UtcTime":"2026-08-12 15:12:31.000","Computer":"CLM-MESA-014","User":"CLM\\ops","EventID":5,"Image":"C:\\Windows\\System32\\conhost.exe","ProcessGuid":"{A573EAA3-EC55-2026-0730-CCB866B4F8C8}","ProcessId":3629,"EventType":"End"}
{"UtcTime":"2026-08-12 15:12:32.000","Computer":"CLM-MESA-014","User":"CLM\\mesa","EventID":13,"Image":"C:\\Windows\\System32\\conhost.exe","ProcessGuid":"{AD0C928C-E8D9-2026-C65C-6DFBC12CD584}","ProcessId":7160,"EventType":"SetValue","TargetObject":"HKCU\\Software\\CLM\\Mesa\\Pref\\3752","Details":"1"}
{"UtcTime":"2026-08-12 15:12:33.000","Computer":"CLM-MESA-014","User":"CLM\\backoffice","EventID":5,"Image":"C:\\Windows\\System32\\RuntimeBroker.exe","ProcessGuid":"{2271DB10-6BF6-2026-CCCD-ECD06135A64B}","ProcessId":2147,"EventType":"End"}
{"UtcTime":"2026-08-12 15:12:34.000","Computer":"CLM-MESA-014","User":"CLM\\backoffice","EventID":11,"Image":"C:\\Windows\\System32\\RuntimeBroker.exe","ProcessGuid":"{9AAB0E5D-AB0F-2026-1597-E3A7E6941C5B}","ProcessId":8291,"TargetFilename":"C:\\Users\\Public\\Temp\\mesa-3754.tmp"}
{"UtcTime":"2026-08-12 15:12:35.000","Computer":"CLM-MESA-014","User":"CLM\\backoffice","EventID":1,"Image":"C:\\Program Files\\Microsoft Office\\Office16\\EXCEL.EXE","ProcessGuid":"{3EF9A7A2-2CD6-2026-194C-8EDA9F42C52D}","ProcessId":2067,"CommandLine":"C:\\Program Files\\Microsoft Office\\Office16\\EXCEL.EXE","ParentImage":"C:\\Windows\\System32\\services.exe","ParentProcessGuid":"{ED7694A1-AB8A-2026-36CD-2E8FC38E7FB4}","OriginalFileName":"C:\\Program Files\\Microsoft Office\\Office16\\EXCEL.EXE"}
{"UtcTime":"2026-08-12 15:12:36.000","Computer":"CLM-MESA-014","User":"CLM\\backoffice","EventID":5,"Image":"C:\\Windows\\System32\\svchost.exe","ProcessGuid":"{2F19F597-9D65-2026-FD29-67D62DD11917}","ProcessId":5465,"EventType":"End"}
{"UtcTime":"2026-08-12 15:12:37.000","Computer":"CLM-MESA-014","User":"CLM\\backoffice","EventID":5,"Image":"C:\\Program Files\\Microsoft Office\\Office16\\EXCEL.EXE","ProcessGuid":"{3ABAD05A-D5F7-2026-FC1B-16DDADD13EC7}","ProcessId":8861,"EventType":"End"}
{"UtcTime":"2026-08-12 15:12:38.000","Computer":"CLM-MESA-014","User":"CLM\\ops","EventID":1,"Image":"C:\\Windows\\explorer.exe","ProcessGuid":"{645738F0-56C9-2026-2639-8CEF69CB6A2A}","ProcessId":3492,"CommandLine":"C:\\Windows\\explorer.exe","ParentImage":"C:\\Windows\\System32\\services.exe","ParentProcessGuid":"{6567DFBE-FCE1-2026-8694-D71778E1BAE5}","OriginalFileName":"C:\\Windows\\explorer.exe"}
{"UtcTime":"2026-08-12 15:12:39.000","Computer":"CLM-MESA-014","User":"CLM\\ops","EventID":3,"Image":"C:\\Windows\\System32\\svchost.exe","ProcessGuid":"{70C0C0B3-4CF5-2026-886C-68C83B1279A5}","ProcessId":2270,"DestinationIp":"10.70.30.8","DestinationPort":135,"DestinationHostname":"portal.clm.liquidacao","SourceIp":"10.70.30.14","Protocol":"tcp"}
{"UtcTime":"2026-08-12 15:12:40.000","Computer":"CLM-MESA-014","User":"CLM\\ops","EventID":13,"Image":"C:\\Windows\\System32\\RuntimeBroker.exe","ProcessGuid":"{4827E90F-415E-2026-C215-633EFE11D4E9}","ProcessId":1068,"EventType":"SetValue","TargetObject":"HKCU\\Software\\CLM\\Mesa\\Pref\\3760","Details":"1"}
{"UtcTime":"2026-08-12 15:12:41.000","Computer":"CLM-MESA-014","User":"CLM\\ops","EventID":3,"Image":"C:\\Windows\\System32\\svchost.exe","ProcessGuid":"{C7A72B58-10C1-2026-DF1F-AF5C82598A4D}","ProcessId":1656,"DestinationIp":"8.8.8.8","DestinationPort":53,"DestinationHostname":"ntp.clm.liquidacao","SourceIp":"10.70.30.14","Protocol":"tcp"}
{"UtcTime":"2026-08-12 15:12:42.000","Computer":"CLM-MESA-014","User":"CLM\\ops","EventID":3,"Image":"C:\\Windows\\System32\\svchost.exe","ProcessGuid":"{721CF7BA-7BAF-2026-1548-F08F7A220F69}","ProcessId":5522,"DestinationIp":"10.70.30.1","DestinationPort":8080,"DestinationHostname":"ntp.clm.liquidacao","SourceIp":"10.70.30.14","Protocol":"tcp"}
{"UtcTime":"2026-08-12 15:12:43.000","Computer":"CLM-MESA-014","User":"CLM\\backoffice","EventID":1,"Image":"C:\\Program Files\\Google\\Chrome\\Application\\chrome.exe","ProcessGuid":"{03835AAE-445D-2026-FDEF-68F0F5782A22}","ProcessId":4982,"CommandLine":"C:\\Program Files\\Google\\Chrome\\Application\\chrome.exe","ParentImage":"C:\\Windows\\System32\\services.exe","ParentProcessGuid":"{11BCA693-583B-2026-0FBD-9363B553DDE0}","OriginalFileName":"C:\\Program Files\\Google\\Chrome\\Application\\chrome.exe"}
{"UtcTime":"2026-08-12 15:12:44.000","Computer":"CLM-MESA-014","User":"CLM\\mesa","EventID":3,"Image":"C:\\Windows\\System32\\conhost.exe","ProcessGuid":"{44BC74A4-D87F-2026-CA62-966B6DA7EFDC}","ProcessId":4695,"DestinationIp":"10.70.30.1","DestinationPort":53,"DestinationHostname":"ntp.clm.liquidacao","SourceIp":"10.70.30.14","Protocol":"tcp"}
{"UtcTime":"2026-08-12 15:12:45.000","Computer":"CLM-MESA-014","User":"CLM\\backoffice","EventID":5,"Image":"C:\\Windows\\System32\\RuntimeBroker.exe","ProcessGuid":"{8038D5A7-8F40-2026-C2A1-1FD2E1C48ADC}","ProcessId":6719,"EventType":"End"}
{"UtcTime":"2026-08-12 15:12:46.000","Computer":"CLM-MESA-014","User":"CLM\\backoffice","EventID":13,"Image":"C:\\Windows\\System32\\svchost.exe","ProcessGuid":"{EC1BCBC2-74B7-2026-7474-D5E97CF8E832}","ProcessId":4983,"EventType":"SetValue","TargetObject":"HKCU\\Software\\CLM\\Mesa\\Pref\\3766","Details":"1"}
{"UtcTime":"2026-08-12 15:12:47.000","Computer":"CLM-MESA-014","User":"CLM\\backoffice","EventID":1,"Image":"C:\\Windows\\System32\\svchost.exe","ProcessGuid":"{78EBB3E5-7579-2026-DB40-A140D3B2D136}","ProcessId":6290,"CommandLine":"C:\\Windows\\System32\\svchost.exe","ParentImage":"C:\\Windows\\System32\\services.exe","ParentProcessGuid":"{DDC48AC4-326F-2026-842E-C87D066F51AE}","OriginalFileName":"C:\\Windows\\System32\\svchost.exe"}
{"UtcTime":"2026-08-12 15:12:48.000","Computer":"CLM-MESA-014","User":"CLM\\backoffice","EventID":5,"Image":"C:\\Windows\\System32\\conhost.exe","ProcessGuid":"{0E166677-C1A1-2026-6836-16B9CFDCD2DC}","ProcessId":1217,"EventType":"End"}
{"UtcTime":"2026-08-12 15:12:49.000","Computer":"CLM-MESA-014","User":"CLM\\ops","EventID":1,"Image":"C:\\Program Files\\Google\\Chrome\\Application\\chrome.exe","ProcessGuid":"{BFC8E64F-6EC9-2026-CEAE-FA99CC395BE3}","ProcessId":5477,"CommandLine":"C:\\Program Files\\Google\\Chrome\\Application\\chrome.exe","ParentImage":"C:\\Windows\\System32\\services.exe","ParentProcessGuid":"{56F49AD2-0407-2026-F068-6CD04EDEDC5B}","OriginalFileName":"C:\\Program Files\\Google\\Chrome\\Application\\chrome.exe"}
{"UtcTime":"2026-08-12 15:12:50.000","Computer":"CLM-MESA-014","User":"CLM\\mesa","EventID":1,"Image":"C:\\Windows\\System32\\RuntimeBroker.exe","ProcessGuid":"{98357574-11BE-2026-664B-96A08E926E48}","ProcessId":4212,"CommandLine":"C:\\Windows\\System32\\RuntimeBroker.exe","ParentImage":"C:\\Windows\\System32\\services.exe","ParentProcessGuid":"{10D8C67F-5838-2026-E086-3BDC181245A2}","OriginalFileName":"C:\\Windows\\System32\\RuntimeBroker.exe"}
{"UtcTime":"2026-08-12 15:12:51.000","Computer":"CLM-MESA-014","User":"CLM\\ops","EventID":1,"Image":"C:\\Windows\\System32\\RuntimeBroker.exe","ProcessGuid":"{3CC16811-36D1-2026-28BD-CFC507FCBADF}","ProcessId":5834,"CommandLine":"C:\\Windows\\System32\\RuntimeBroker.exe","ParentImage":"C:\\Windows\\System32\\services.exe","ParentProcessGuid":"{A5093CFF-FFE9-2026-B2C1-B2CBDCF91265}","OriginalFileName":"C:\\Windows\\System32\\RuntimeBroker.exe"}
{"UtcTime":"2026-08-12 15:12:52.000","Computer":"CLM-MESA-014","User":"CLM\\ops","EventID":1,"Image":"C:\\Windows\\System32\\RuntimeBroker.exe","ProcessGuid":"{B9C4959D-2794-2026-81C1-0F43B21A4736}","ProcessId":3076,"CommandLine":"C:\\Windows\\System32\\RuntimeBroker.exe","ParentImage":"C:\\Windows\\System32\\services.exe","ParentProcessGuid":"{EF94470C-07FE-2026-923B-576A43B8F79B}","OriginalFileName":"C:\\Windows\\System32\\RuntimeBroker.exe"}
{"UtcTime":"2026-08-12 15:12:53.000","Computer":"CLM-MESA-014","User":"CLM\\mesa","EventID":11,"Image":"C:\\Windows\\explorer.exe","ProcessGuid":"{23DD1FE8-4432-2026-ADD5-F72A4DBA0CB0}","ProcessId":1903,"TargetFilename":"C:\\Users\\Public\\Temp\\mesa-3773.tmp"}
{"UtcTime":"2026-08-12 15:12:54.000","Computer":"CLM-MESA-014","User":"CLM\\backoffice","EventID":1,"Image":"C:\\Windows\\explorer.exe","ProcessGuid":"{CDB4357C-F64F-2026-B4D1-E2AC07C9F7BB}","ProcessId":4110,"CommandLine":"C:\\Windows\\explorer.exe","ParentImage":"C:\\Windows\\System32\\services.exe","ParentProcessGuid":"{7B4E91BB-C88C-2026-ACF1-C2D37126B426}","OriginalFileName":"C:\\Windows\\explorer.exe"}
{"UtcTime":"2026-08-12 15:12:55.000","Computer":"CLM-MESA-014","User":"CLM\\ops","EventID":1,"Image":"C:\\Windows\\System32\\RuntimeBroker.exe","ProcessGuid":"{5970212E-3996-2026-D2E3-D02473A1C63C}","ProcessId":456,"CommandLine":"C:\\Windows\\System32\\RuntimeBroker.exe","ParentImage":"C:\\Windows\\System32\\services.exe","ParentProcessGuid":"{3952425D-B6C6-2026-2132-0AB3FA19E390}","OriginalFileName":"C:\\Windows\\System32\\RuntimeBroker.exe"}
{"UtcTime":"2026-08-12 15:12:56.000","Computer":"CLM-MESA-014","User":"CLM\\backoffice","EventID":1,"Image":"C:\\Program Files\\Google\\Chrome\\Application\\chrome.exe","ProcessGuid":"{153AC81D-EF38-2026-7094-D4E7088E3E04}","ProcessId":2618,"CommandLine":"C:\\Program Files\\Google\\Chrome\\Application\\chrome.exe","ParentImage":"C:\\Windows\\System32\\services.exe","ParentProcessGuid":"{60250EDE-AE27-2026-3FE7-DD2357B59956}","OriginalFileName":"C:\\Program Files\\Google\\Chrome\\Application\\chrome.exe"}
{"UtcTime":"2026-08-12 15:12:57.000","Computer":"CLM-MESA-014","User":"CLM\\backoffice","EventID":1,"Image":"C:\\Program Files\\Microsoft Office\\Office16\\EXCEL.EXE","ProcessGuid":"{830B2659-10ED-2026-13F4-BDC68CDBFC9B}","ProcessId":2466,"CommandLine":"C:\\Program Files\\Microsoft Office\\Office16\\EXCEL.EXE","ParentImage":"C:\\Windows\\System32\\services.exe","ParentProcessGuid":"{580CAFF0-5226-2026-E0B5-71FBABFBEC98}","OriginalFileName":"C:\\Program Files\\Microsoft Office\\Office16\\EXCEL.EXE"}
{"UtcTime":"2026-08-12 15:12:58.000","Computer":"CLM-MESA-014","User":"CLM\\ops","EventID":1,"Image":"C:\\Windows\\System32\\RuntimeBroker.exe","ProcessGuid":"{3DEF3978-7AA7-2026-0FD0-C1DB541CFF7A}","ProcessId":1793,"CommandLine":"C:\\Windows\\System32\\RuntimeBroker.exe","ParentImage":"C:\\Windows\\System32\\services.exe","ParentProcessGuid":"{F479B214-5413-2026-EB26-32C5D0C2ABBF}","OriginalFileName":"C:\\Windows\\System32\\RuntimeBroker.exe"}
{"UtcTime":"2026-08-12 15:12:59.000","Computer":"CLM-MESA-014","User":"CLM\\backoffice","EventID":1,"Image":"C:\\Windows\\System32\\svchost.exe","ProcessGuid":"{195A488A-1D53-2026-AB00-AD7686E49450}","ProcessId":8924,"CommandLine":"C:\\Windows\\System32\\svchost.exe","ParentImage":"C:\\Windows\\System32\\services.exe","ParentProcessGuid":"{91CC661D-9C1B-2026-1910-D35D1C044A72}","OriginalFileName":"C:\\Windows\\System32\\svchost.exe"}
{"UtcTime":"2026-08-12 15:13:00.000","Computer":"CLM-MESA-014","User":"CLM\\backoffice","EventID":3,"Image":"C:\\Windows\\System32\\conhost.exe","ProcessGuid":"{A5D76C50-99EC-2026-9819-57040DCDFE1A}","ProcessId":6131,"DestinationIp":"10.70.30.8","DestinationPort":443,"DestinationHostname":"ntp.clm.liquidacao","SourceIp":"10.70.30.14","Protocol":"tcp"}
{"UtcTime":"2026-08-12 15:13:01.000","Computer":"CLM-MESA-014","User":"CLM\\mesa","EventID":1,"Image":"C:\\Windows\\System32\\RuntimeBroker.exe","ProcessGuid":"{31883D50-352C-2026-DDF8-249E176B6858}","ProcessId":4443,"CommandLine":"C:\\Windows\\System32\\RuntimeBroker.exe","ParentImage":"C:\\Windows\\System32\\services.exe","ParentProcessGuid":"{A5BF54B9-2077-2026-0915-CE2B09F7150D}","OriginalFileName":"C:\\Windows\\System32\\RuntimeBroker.exe"}
{"UtcTime":"2026-08-12 15:13:02.000","Computer":"CLM-MESA-014","User":"CLM\\ops","EventID":13,"Image":"C:\\Windows\\System32\\conhost.exe","ProcessGuid":"{65660CF4-85C7-2026-C9F9-3AD8926034C0}","ProcessId":8994,"EventType":"SetValue","TargetObject":"HKCU\\Software\\CLM\\Mesa\\Pref\\3782","Details":"1"}
{"UtcTime":"2026-08-12 15:13:03.000","Computer":"CLM-MESA-014","User":"CLM\\backoffice","EventID":5,"Image":"C:\\Windows\\System32\\svchost.exe","ProcessGuid":"{DF8D595C-B634-2026-429A-7342657E5BCC}","ProcessId":5127,"EventType":"End"}
{"UtcTime":"2026-08-12 15:13:04.000","Computer":"CLM-MESA-014","User":"CLM\\mesa","EventID":1,"Image":"C:\\Program Files\\Google\\Chrome\\Application\\chrome.exe","ProcessGuid":"{74E694AC-0B12-2026-4F55-AC2D04C49AF4}","ProcessId":3269,"CommandLine":"C:\\Program Files\\Google\\Chrome\\Application\\chrome.exe","ParentImage":"C:\\Windows\\System32\\services.exe","ParentProcessGuid":"{01CDA500-3458-2026-76AB-E468567231C8}","OriginalFileName":"C:\\Program Files\\Google\\Chrome\\Application\\chrome.exe"}
{"UtcTime":"2026-08-12 15:13:05.000","Computer":"CLM-MESA-014","User":"CLM\\ops","EventID":5,"Image":"C:\\Windows\\System32\\RuntimeBroker.exe","ProcessGuid":"{58B83F14-BE50-2026-2C04-5915FAD24D84}","ProcessId":8875,"EventType":"End"}
{"UtcTime":"2026-08-12 15:13:06.000","Computer":"CLM-MESA-014","User":"CLM\\mesa","EventID":1,"Image":"C:\\Windows\\System32\\RuntimeBroker.exe","ProcessGuid":"{B56F391C-1791-2026-7E07-566E7B0BD3DC}","ProcessId":1956,"CommandLine":"C:\\Windows\\System32\\RuntimeBroker.exe","ParentImage":"C:\\Windows\\System32\\services.exe","ParentProcessGuid":"{5E944D26-E784-2026-B1D3-41E76B79FD5D}","OriginalFileName":"C:\\Windows\\System32\\RuntimeBroker.exe"}
{"UtcTime":"2026-08-12 15:13:07.000","Computer":"CLM-MESA-014","User":"CLM\\ops","EventID":1,"Image":"C:\\Windows\\System32\\svchost.exe","ProcessGuid":"{DAACFD71-D67D-2026-9B9A-1E2D9793C97B}","ProcessId":6700,"CommandLine":"C:\\Windows\\System32\\svchost.exe","ParentImage":"C:\\Windows\\System32\\services.exe","ParentProcessGuid":"{563C53CA-1078-2026-7364-7290ECE0FA32}","OriginalFileName":"C:\\Windows\\System32\\svchost.exe"}
{"UtcTime":"2026-08-12 15:13:08.000","Computer":"CLM-MESA-014","User":"CLM\\backoffice","EventID":3,"Image":"C:\\Program Files\\Microsoft Office\\Office16\\EXCEL.EXE","ProcessGuid":"{A1291843-76DB-2026-B3AC-3C9C02624B7A}","ProcessId":3358,"DestinationIp":"1.1.1.1","DestinationPort":135,"DestinationHostname":"ntp.clm.liquidacao","SourceIp":"10.70.30.14","Protocol":"tcp"}
{"UtcTime":"2026-08-12 15:13:09.000","Computer":"CLM-MESA-014","User":"CLM\\ops","EventID":1,"Image":"C:\\Windows\\System32\\svchost.exe","ProcessGuid":"{96F7B850-D14B-2026-E87A-899C123E2990}","ProcessId":8764,"CommandLine":"C:\\Windows\\System32\\svchost.exe","ParentImage":"C:\\Windows\\System32\\services.exe","ParentProcessGuid":"{7864E300-5DF1-2026-A150-4A0E8E061F1C}","OriginalFileName":"C:\\Windows\\System32\\svchost.exe"}
{"UtcTime":"2026-08-12 15:13:10.000","Computer":"CLM-MESA-014","User":"CLM\\ops","EventID":11,"Image":"C:\\Program Files\\Google\\Chrome\\Application\\chrome.exe","ProcessGuid":"{F118316C-51AD-2026-99CF-A64C558AF17C}","ProcessId":7814,"TargetFilename":"C:\\Users\\Public\\Temp\\mesa-3790.tmp"}
{"UtcTime":"2026-08-12 15:13:11.000","Computer":"CLM-MESA-014","User":"CLM\\mesa","EventID":3,"Image":"C:\\Windows\\explorer.exe","ProcessGuid":"{9E5D9A41-B903-2026-785A-DF44CB8753ED}","ProcessId":7170,"DestinationIp":"10.70.30.8","DestinationPort":8080,"DestinationHostname":"ntp.clm.liquidacao","SourceIp":"10.70.30.14","Protocol":"tcp"}
{"UtcTime":"2026-08-12 15:13:12.000","Computer":"CLM-MESA-014","User":"CLM\\mesa","EventID":1,"Image":"C:\\Windows\\explorer.exe","ProcessGuid":"{E222A726-37CD-2026-716E-6668C3C5C2E7}","ProcessId":5639,"CommandLine":"C:\\Windows\\explorer.exe","ParentImage":"C:\\Windows\\System32\\services.exe","ParentProcessGuid":"{E6D4E1F4-CA79-2026-1C55-3080907FE39C}","OriginalFileName":"C:\\Windows\\explorer.exe"}
{"UtcTime":"2026-08-12 15:13:13.000","Computer":"CLM-MESA-014","User":"CLM\\mesa","EventID":13,"Image":"C:\\Windows\\System32\\svchost.exe","ProcessGuid":"{7811FE60-8417-2026-195A-7C09B9E0DEE0}","ProcessId":5193,"EventType":"SetValue","TargetObject":"HKCU\\Software\\CLM\\Mesa\\Pref\\3793","Details":"1"}
{"UtcTime":"2026-08-12 15:13:14.000","Computer":"CLM-MESA-014","User":"CLM\\ops","EventID":1,"Image":"C:\\Windows\\explorer.exe","ProcessGuid":"{E00397C1-DA65-2026-0A77-756353DF6396}","ProcessId":2124,"CommandLine":"C:\\Windows\\explorer.exe","ParentImage":"C:\\Windows\\System32\\services.exe","ParentProcessGuid":"{61C8D08F-098A-2026-669C-286E81B466CD}","OriginalFileName":"C:\\Windows\\explorer.exe"}
{"UtcTime":"2026-08-12 15:13:15.000","Computer":"CLM-MESA-014","User":"CLM\\mesa","EventID":1,"Image":"C:\\Windows\\System32\\conhost.exe","ProcessGuid":"{AC5BD16B-8ECB-2026-E250-FCBA7A681A10}","ProcessId":6619,"CommandLine":"C:\\Windows\\System32\\conhost.exe","ParentImage":"C:\\Windows\\System32\\services.exe","ParentProcessGuid":"{E93A94C8-2BF1-2026-57D2-89B95D70A461}","OriginalFileName":"C:\\Windows\\System32\\conhost.exe"}
{"UtcTime":"2026-08-12 15:13:16.000","Computer":"CLM-MESA-014","User":"CLM\\mesa","EventID":13,"Image":"C:\\Program Files\\Microsoft Office\\Office16\\EXCEL.EXE","ProcessGuid":"{A1335712-94D1-2026-94AC-CD4422398CE3}","ProcessId":5272,"EventType":"SetValue","TargetObject":"HKCU\\Software\\CLM\\Mesa\\Pref\\3796","Details":"1"}
{"UtcTime":"2026-08-12 15:13:17.000","Computer":"CLM-MESA-014","User":"CLM\\mesa","EventID":13,"Image":"C:\\Windows\\System32\\conhost.exe","ProcessGuid":"{0F2F102A-C837-2026-B48F-22696EF9261F}","ProcessId":4866,"EventType":"SetValue","TargetObject":"HKCU\\Software\\CLM\\Mesa\\Pref\\3797","Details":"1"}
{"UtcTime":"2026-08-12 15:13:18.000","Computer":"CLM-MESA-014","User":"CLM\\mesa","EventID":1,"Image":"C:\\Windows\\System32\\RuntimeBroker.exe","ProcessGuid":"{A41028F7-E7DE-2026-E15A-47AD267E0CD4}","ProcessId":2965,"CommandLine":"C:\\Windows\\System32\\RuntimeBroker.exe","ParentImage":"C:\\Windows\\System32\\services.exe","ParentProcessGuid":"{8A2F892A-9C49-2026-04AC-F171026E557D}","OriginalFileName":"C:\\Windows\\System32\\RuntimeBroker.exe"}
{"UtcTime":"2026-08-12 15:13:19.000","Computer":"CLM-MESA-014","User":"CLM\\backoffice","EventID":1,"Image":"C:\\Windows\\System32\\svchost.exe","ProcessGuid":"{1053CE01-9628-2026-B675-E631E912B3E9}","ProcessId":1446,"CommandLine":"C:\\Windows\\System32\\svchost.exe","ParentImage":"C:\\Windows\\System32\\services.exe","ParentProcessGuid":"{6EC8E4E7-7DD1-2026-6C1B-3015455E468F}","OriginalFileName":"C:\\Windows\\System32\\svchost.exe"}
{"UtcTime":"2026-08-12 15:13:20.000","Computer":"CLM-MESA-014","User":"CLM\\backoffice","EventID":5,"Image":"C:\\Program Files\\Microsoft Office\\Office16\\EXCEL.EXE","ProcessGuid":"{BAA06849-70FC-2026-C301-25E68E9B6DC2}","ProcessId":3465,"EventType":"End"}
{"UtcTime":"2026-08-12 15:13:21.000","Computer":"CLM-MESA-014","User":"CLM\\mesa","EventID":1,"Image":"C:\\Windows\\explorer.exe","ProcessGuid":"{43AB933A-58D8-2026-9D19-33E7838A01EF}","ProcessId":7934,"CommandLine":"C:\\Windows\\explorer.exe","ParentImage":"C:\\Windows\\System32\\services.exe","ParentProcessGuid":"{FBEFA10C-CC56-2026-1C9F-F994452BC2AC}","OriginalFileName":"C:\\Windows\\explorer.exe"}
{"UtcTime":"2026-08-12 15:13:22.000","Computer":"CLM-MESA-014","User":"CLM\\ops","EventID":1,"Image":"C:\\Windows\\System32\\svchost.exe","ProcessGuid":"{194ED9CD-9AFC-2026-DDDC-7F4C0CE8F207}","ProcessId":1973,"CommandLine":"C:\\Windows\\System32\\svchost.exe","ParentImage":"C:\\Windows\\System32\\services.exe","ParentProcessGuid":"{E28DE798-71D9-2026-7C8B-B62FC302B7BE}","OriginalFileName":"C:\\Windows\\System32\\svchost.exe"}
{"UtcTime":"2026-08-12 15:13:23.000","Computer":"CLM-MESA-014","User":"CLM\\mesa","EventID":1,"Image":"C:\\Windows\\System32\\svchost.exe","ProcessGuid":"{E323DEFC-7FEF-2026-AFDE-B9833F7082E9}","ProcessId":4444,"CommandLine":"C:\\Windows\\System32\\svchost.exe","ParentImage":"C:\\Windows\\System32\\services.exe","ParentProcessGuid":"{D4F2FD76-8DEB-2026-4DE9-F2B874B59FF9}","OriginalFileName":"C:\\Windows\\System32\\svchost.exe"}
{"UtcTime":"2026-08-12 15:13:24.000","Computer":"CLM-MESA-014","User":"CLM\\backoffice","EventID":3,"Image":"C:\\Program Files\\Google\\Chrome\\Application\\chrome.exe","ProcessGuid":"{2EF807C3-E686-2026-1850-D38A9D623EEC}","ProcessId":5942,"DestinationIp":"10.70.30.8","DestinationPort":135,"DestinationHostname":"ntp.clm.liquidacao","SourceIp":"10.70.30.14","Protocol":"tcp"}
{"UtcTime":"2026-08-12 15:13:25.000","Computer":"CLM-MESA-014","User":"CLM\\ops","EventID":13,"Image":"C:\\Program Files\\Google\\Chrome\\Application\\chrome.exe","ProcessGuid":"{47F0F765-0E07-2026-48BD-5EF58F6EB2E4}","ProcessId":6632,"EventType":"SetValue","TargetObject":"HKCU\\Software\\CLM\\Mesa\\Pref\\3805","Details":"1"}
{"UtcTime":"2026-08-12 15:13:26.000","Computer":"CLM-MESA-014","User":"CLM\\mesa","EventID":13,"Image":"C:\\Windows\\System32\\conhost.exe","ProcessGuid":"{6936DD0F-2FE6-2026-CB2D-6EDED8396943}","ProcessId":7362,"EventType":"SetValue","TargetObject":"HKCU\\Software\\CLM\\Mesa\\Pref\\3806","Details":"1"}
{"UtcTime":"2026-08-12 15:13:27.000","Computer":"CLM-MESA-014","User":"CLM\\ops","EventID":1,"Image":"C:\\Windows\\System32\\conhost.exe","ProcessGuid":"{D89AD234-A90B-2026-9830-897E83E5CB01}","ProcessId":5672,"CommandLine":"C:\\Windows\\System32\\conhost.exe","ParentImage":"C:\\Windows\\System32\\services.exe","ParentProcessGuid":"{D8739A57-C2F4-2026-716E-39418A8924E5}","OriginalFileName":"C:\\Windows\\System32\\conhost.exe"}
{"UtcTime":"2026-08-12 15:13:28.000","Computer":"CLM-MESA-014","User":"CLM\\mesa","EventID":1,"Image":"C:\\Program Files\\Google\\Chrome\\Application\\chrome.exe","ProcessGuid":"{944A3FCD-BF78-2026-83F1-8ABF17FDE713}","ProcessId":3666,"CommandLine":"C:\\Program Files\\Google\\Chrome\\Application\\chrome.exe","ParentImage":"C:\\Windows\\System32\\services.exe","ParentProcessGuid":"{3B638DB9-FF1D-2026-1F78-44B5735D9274}","OriginalFileName":"C:\\Program Files\\Google\\Chrome\\Application\\chrome.exe"}
{"UtcTime":"2026-08-12 15:13:29.000","Computer":"CLM-MESA-014","User":"CLM\\ops","EventID":11,"Image":"C:\\Windows\\System32\\conhost.exe","ProcessGuid":"{4A442905-13C8-2026-D373-6E1925ECCFBB}","ProcessId":894,"TargetFilename":"C:\\Users\\Public\\Temp\\mesa-3809.tmp"}
{"UtcTime":"2026-08-12 15:13:30.000","Computer":"CLM-MESA-014","User":"CLM\\backoffice","EventID":5,"Image":"C:\\Program Files\\Google\\Chrome\\Application\\chrome.exe","ProcessGuid":"{788A7699-FD30-2026-D941-674FBA6B3137}","ProcessId":1423,"EventType":"End"}
{"UtcTime":"2026-08-12 15:13:31.000","Computer":"CLM-MESA-014","User":"CLM\\ops","EventID":13,"Image":"C:\\Windows\\System32\\svchost.exe","ProcessGuid":"{35ECE47C-FB44-2026-9A8C-32F0890C3FBC}","ProcessId":3630,"EventType":"SetValue","TargetObject":"HKCU\\Software\\CLM\\Mesa\\Pref\\3811","Details":"1"}
{"UtcTime":"2026-08-12 15:13:32.000","Computer":"CLM-MESA-014","User":"CLM\\mesa","EventID":1,"Image":"C:\\Program Files\\Microsoft Office\\Office16\\EXCEL.EXE","ProcessGuid":"{BD7FB958-57B6-2026-8DED-13F206CA5C1A}","ProcessId":5309,"CommandLine":"C:\\Program Files\\Microsoft Office\\Office16\\EXCEL.EXE","ParentImage":"C:\\Windows\\System32\\services.exe","ParentProcessGuid":"{44F2D0B5-AF99-2026-2EF9-63F23CD8FDFB}","OriginalFileName":"C:\\Program Files\\Microsoft Office\\Office16\\EXCEL.EXE"}
{"UtcTime":"2026-08-12 15:13:33.000","Computer":"CLM-MESA-014","User":"CLM\\ops","EventID":1,"Image":"C:\\Program Files\\Microsoft Office\\Office16\\EXCEL.EXE","ProcessGuid":"{BD284EDF-A366-2026-9AAD-DDC0D2256625}","ProcessId":6836,"CommandLine":"C:\\Program Files\\Microsoft Office\\Office16\\EXCEL.EXE","ParentImage":"C:\\Windows\\System32\\services.exe","ParentProcessGuid":"{08860975-2AE0-2026-81C8-EED707920AA5}","OriginalFileName":"C:\\Program Files\\Microsoft Office\\Office16\\EXCEL.EXE"}
{"UtcTime":"2026-08-12 15:13:34.000","Computer":"CLM-MESA-014","User":"CLM\\ops","EventID":13,"Image":"C:\\Windows\\System32\\RuntimeBroker.exe","ProcessGuid":"{449A42E7-3C77-2026-1525-93149C2E9499}","ProcessId":1762,"EventType":"SetValue","TargetObject":"HKCU\\Software\\CLM\\Mesa\\Pref\\3814","Details":"1"}
{"UtcTime":"2026-08-12 15:13:35.000","Computer":"CLM-MESA-014","User":"CLM\\mesa","EventID":3,"Image":"C:\\Program Files\\Microsoft Office\\Office16\\EXCEL.EXE","ProcessGuid":"{C2D2084C-528B-2026-A6AB-30975D71D1FE}","ProcessId":686,"DestinationIp":"10.70.30.1","DestinationPort":53,"DestinationHostname":"ntp.clm.liquidacao","SourceIp":"10.70.30.14","Protocol":"tcp"}
{"UtcTime":"2026-08-12 15:13:36.000","Computer":"CLM-MESA-014","User":"CLM\\ops","EventID":1,"Image":"C:\\Windows\\System32\\svchost.exe","ProcessGuid":"{D63C4A52-4CAE-2026-9F0A-CF107A44CAE7}","ProcessId":6222,"CommandLine":"C:\\Windows\\System32\\svchost.exe","ParentImage":"C:\\Windows\\System32\\services.exe","ParentProcessGuid":"{1436260E-9E5B-2026-1980-0E5FDF624455}","OriginalFileName":"C:\\Windows\\System32\\svchost.exe"}
{"UtcTime":"2026-08-12 15:13:37.000","Computer":"CLM-MESA-014","User":"CLM\\ops","EventID":11,"Image":"C:\\Windows\\System32\\RuntimeBroker.exe","ProcessGuid":"{FEE23E0F-0ACE-2026-6692-CF5A16549CBD}","ProcessId":4672,"TargetFilename":"C:\\Users\\Public\\Temp\\mesa-3817.tmp"}
{"UtcTime":"2026-08-12 15:13:38.000","Computer":"CLM-MESA-014","User":"CLM\\backoffice","EventID":1,"Image":"C:\\Program Files\\Google\\Chrome\\Application\\chrome.exe","ProcessGuid":"{22B1B2B6-8A7D-2026-3A18-A1744265821B}","ProcessId":5436,"CommandLine":"C:\\Program Files\\Google\\Chrome\\Application\\chrome.exe","ParentImage":"C:\\Windows\\System32\\services.exe","ParentProcessGuid":"{E5B731A4-6EE7-2026-D625-CABD938CE8B0}","OriginalFileName":"C:\\Program Files\\Google\\Chrome\\Application\\chrome.exe"}
{"UtcTime":"2026-08-12 15:13:39.000","Computer":"CLM-MESA-014","User":"CLM\\backoffice","EventID":5,"Image":"C:\\Windows\\System32\\RuntimeBroker.exe","ProcessGuid":"{CD449662-FA1C-2026-DB2B-257F6B117D83}","ProcessId":1564,"EventType":"End"}
{"UtcTime":"2026-08-12 15:13:40.000","Computer":"CLM-MESA-014","User":"CLM\\mesa","EventID":1,"Image":"C:\\Windows\\System32\\conhost.exe","ProcessGuid":"{22A6E2C9-D29D-2026-5522-D14B7B0426E6}","ProcessId":2503,"CommandLine":"C:\\Windows\\System32\\conhost.exe","ParentImage":"C:\\Windows\\System32\\services.exe","ParentProcessGuid":"{99588655-7038-2026-F4F5-BAE66050D689}","OriginalFileName":"C:\\Windows\\System32\\conhost.exe"}
{"UtcTime":"2026-08-12 15:13:41.000","Computer":"CLM-MESA-014","User":"CLM\\ops","EventID":3,"Image":"C:\\Program Files\\Google\\Chrome\\Application\\chrome.exe","ProcessGuid":"{CBA27530-3D31-2026-5A41-CCDBE0D28B47}","ProcessId":6987,"DestinationIp":"1.1.1.1","DestinationPort":135,"DestinationHostname":"ntp.clm.liquidacao","SourceIp":"10.70.30.14","Protocol":"tcp"}
{"UtcTime":"2026-08-12 15:13:42.000","Computer":"CLM-MESA-014","User":"CLM\\ops","EventID":5,"Image":"C:\\Windows\\System32\\conhost.exe","ProcessGuid":"{82C9BD22-5CB5-2026-718E-C81F30EA7806}","ProcessId":656,"EventType":"End"}
{"UtcTime":"2026-08-12 15:13:43.000","Computer":"CLM-MESA-014","User":"CLM\\mesa","EventID":1,"Image":"C:\\Windows\\System32\\svchost.exe","ProcessGuid":"{4BCFF1D6-CA43-2026-ABA1-E664D910BDD7}","ProcessId":4661,"CommandLine":"C:\\Windows\\System32\\svchost.exe","ParentImage":"C:\\Windows\\System32\\services.exe","ParentProcessGuid":"{2083D82E-7101-2026-E1F6-B04AE2EFD6FE}","OriginalFileName":"C:\\Windows\\System32\\svchost.exe"}
{"UtcTime":"2026-08-12 15:13:44.000","Computer":"CLM-MESA-014","User":"CLM\\ops","EventID":5,"Image":"C:\\Windows\\explorer.exe","ProcessGuid":"{ACC8BF71-2DC9-2026-7966-F046A97C8E52}","ProcessId":1095,"EventType":"End"}
{"UtcTime":"2026-08-12 15:13:45.000","Computer":"CLM-MESA-014","User":"CLM\\ops","EventID":5,"Image":"C:\\Windows\\System32\\conhost.exe","ProcessGuid":"{46D335DA-D58C-2026-8B07-CD449C144B47}","ProcessId":7858,"EventType":"End"}
{"UtcTime":"2026-08-12 15:13:46.000","Computer":"CLM-MESA-014","User":"CLM\\mesa","EventID":11,"Image":"C:\\Program Files\\Microsoft Office\\Office16\\EXCEL.EXE","ProcessGuid":"{620F3039-DB01-2026-D73D-98625B0F7B48}","ProcessId":7128,"TargetFilename":"C:\\Users\\Public\\Temp\\mesa-3826.tmp"}
{"UtcTime":"2026-08-12 15:13:47.000","Computer":"CLM-MESA-014","User":"CLM\\backoffice","EventID":1,"Image":"C:\\Windows\\System32\\svchost.exe","ProcessGuid":"{99FEC5EE-F92A-2026-32A5-3E0C001CB0FF}","ProcessId":8534,"CommandLine":"C:\\Windows\\System32\\svchost.exe","ParentImage":"C:\\Windows\\System32\\services.exe","ParentProcessGuid":"{02DCA125-8567-2026-5CFA-D45D34E66B8A}","OriginalFileName":"C:\\Windows\\System32\\svchost.exe"}
{"UtcTime":"2026-08-12 15:13:48.000","Computer":"CLM-MESA-014","User":"CLM\\backoffice","EventID":1,"Image":"C:\\Windows\\System32\\conhost.exe","ProcessGuid":"{9E0F5A51-AF82-2026-5E21-3895069BFAA1}","ProcessId":1837,"CommandLine":"C:\\Windows\\System32\\conhost.exe","ParentImage":"C:\\Windows\\System32\\services.exe","ParentProcessGuid":"{010F6F29-51E7-2026-CEDC-11578A5E4805}","OriginalFileName":"C:\\Windows\\System32\\conhost.exe"}
{"UtcTime":"2026-08-12 15:13:49.000","Computer":"CLM-MESA-014","User":"CLM\\backoffice","EventID":11,"Image":"C:\\Windows\\System32\\RuntimeBroker.exe","ProcessGuid":"{D65F77DC-8A2F-2026-0C0F-AD0034B84541}","ProcessId":6495,"TargetFilename":"C:\\Users\\Public\\Temp\\mesa-3829.tmp"}
{"UtcTime":"2026-08-12 15:13:50.000","Computer":"CLM-MESA-014","User":"CLM\\ops","EventID":5,"Image":"C:\\Windows\\explorer.exe","ProcessGuid":"{2279E0E7-805D-2026-C1B0-682BD0FECED3}","ProcessId":3009,"EventType":"End"}
{"UtcTime":"2026-08-12 15:13:51.000","Computer":"CLM-MESA-014","User":"CLM\\backoffice","EventID":1,"Image":"C:\\Program Files\\Microsoft Office\\Office16\\EXCEL.EXE","ProcessGuid":"{229C104F-399E-2026-69E7-F7C9783B121C}","ProcessId":4592,"CommandLine":"C:\\Program Files\\Microsoft Office\\Office16\\EXCEL.EXE","ParentImage":"C:\\Windows\\System32\\services.exe","ParentProcessGuid":"{1945821B-1954-2026-774A-466900448C80}","OriginalFileName":"C:\\Program Files\\Microsoft Office\\Office16\\EXCEL.EXE"}
{"UtcTime":"2026-08-12 15:13:52.000","Computer":"CLM-MESA-014","User":"CLM\\mesa","EventID":5,"Image":"C:\\Windows\\explorer.exe","ProcessGuid":"{7F1988F7-3720-2026-4066-16A4F8705391}","ProcessId":5633,"EventType":"End"}
