{"UtcTime":"2026-08-12 15:04:47.000","Computer":"CLM-MESA-014","User":"CLM\\ops","EventID":1,"Image":"C:\\Windows\\System32\\svchost.exe","ProcessGuid":"{6255562B-D1FD-2026-0725-9258A0451ABA}","ProcessId":3791,"CommandLine":"C:\\Windows\\System32\\svchost.exe","ParentImage":"C:\\Windows\\System32\\services.exe","ParentProcessGuid":"{B9CFAC1B-A732-2026-A2BD-289B9E81623D}","OriginalFileName":"C:\\Windows\\System32\\svchost.exe"}
{"UtcTime":"2026-08-12 15:04:48.000","Computer":"CLM-MESA-014","User":"CLM\\backoffice","EventID":13,"Image":"C:\\Program Files\\Google\\Chrome\\Application\\chrome.exe","ProcessGuid":"{75DADF08-CA75-2026-A5AC-658FE2E6C955}","ProcessId":6605,"EventType":"SetValue","TargetObject":"HKCU\\Software\\CLM\\Mesa\\Pref\\3288","Details":"1"}
{"UtcTime":"2026-08-12 15:04:49.000","Computer":"CLM-MESA-014","User":"CLM\\mesa","EventID":3,"Image":"C:\\Windows\\explorer.exe","ProcessGuid":"{3C6E6B3E-4B22-2026-09E9-1BE0BA626867}","ProcessId":5506,"DestinationIp":"10.70.30.8","DestinationPort":8080,"DestinationHostname":"ntp.clm.liquidacao","SourceIp":"10.70.30.14","Protocol":"tcp"}
{"UtcTime":"2026-08-12 15:04:50.000","Computer":"CLM-MESA-014","User":"CLM\\backoffice","EventID":1,"Image":"C:\\Windows\\System32\\RuntimeBroker.exe","ProcessGuid":"{94AE0523-ACBB-2026-09E0-0C149DDA32C4}","ProcessId":5052,"CommandLine":"C:\\Windows\\System32\\RuntimeBroker.exe","ParentImage":"C:\\Windows\\System32\\services.exe","ParentProcessGuid":"{27C59F34-50DF-2026-DAE1-4897A45D8128}","OriginalFileName":"C:\\Windows\\System32\\RuntimeBroker.exe"}
{"UtcTime":"2026-08-12 15:04:51.000","Computer":"CLM-MESA-014","User":"CLM\\backoffice","EventID":5,"Image":"C:\\Program Files\\Microsoft Office\\Office16\\EXCEL.EXE","ProcessGuid":"{F66F5547-4AE5-2026-566E-D18BDEB74192}","ProcessId":3648,"EventType":"End"}
{"UtcTime":"2026-08-12 15:04:52.000","Computer":"CLM-MESA-014","User":"CLM\\ops","EventID":1,"Image":"C:\\Windows\\explorer.exe","ProcessGuid":"{CD1A38BE-0CA2-2026-02B5-328856BDDF8A}","ProcessId":4224,"CommandLine":"C:\\Windows\\explorer.exe","ParentImage":"C:\\Windows\\System32\\services.exe","ParentProcessGuid":"{7CC51F72-2C0C-2026-776B-97356267BB97}","OriginalFileName":"C:\\Windows\\explorer.exe"}
{"UtcTime":"2026-08-12 15:04:53.000","Computer":"CLM-MESA-014","User":"CLM\\mesa","EventID":3,"Image":"C:\\Windows\\System32\\conhost.exe","ProcessGuid":"{A95B845E-6692-2026-7107-3CC5053BA985}","ProcessId":2990,"DestinationIp":"1.1.1.1","DestinationPort":8080,"DestinationHostname":"ntp.clm.liquidacao","SourceIp":"10.70.30.14","Protocol":"tcp"}
{"UtcTime":"2026-08-12 15:04:54.000","Computer":"CLM-MESA-014","User":"CLM\\ops","EventID":11,"Image":"C:\\Program Files\\Google\\Chrome\\Application\\chrome.exe","ProcessGuid":"{AFD3484D-CCFB-2026-5D99-398C5304703F}","ProcessId":8822,"TargetFilename":"C:\\Users\\Public\\Temp\\mesa-3294.tmp"}
{"UtcTime":"2026-08-12 15:04:55.000","Computer":"CLM-MESA-014","User":"CLM\\ops","EventID":5,"Image":"C:\\Windows\\System32\\svchost.exe","ProcessGuid":"{B9D27BCF-7275-2026-4466-1AAD2AE469C4}","ProcessId":3870,"EventType":"End"}
{"UtcTime":"2026-08-12 15:04:56.000","Computer":"CLM-MESA-014","User":"CLM\\mesa","EventID":13,"Image":"C:\\Windows\\System32\\svchost.exe","ProcessGuid":"{F28713A6-D449-2026-5B28-08FCAF540C8B}","ProcessId":4995,"EventType":"SetValue","TargetObject":"HKCU\\Software\\CLM\\Mesa\\Pref\\3296","Details":"1"}
{"UtcTime":"2026-08-12 15:04:57.000","Computer":"CLM-MESA-014","User":"CLM\\backoffice","EventID":11,"Image":"C:\\Windows\\System32\\svchost.exe","ProcessGuid":"{086CD22F-D98C-2026-94F7-621698F2020D}","ProcessId":5425,"TargetFilename":"C:\\Users\\Public\\Temp\\mesa-3297.tmp"}
{"UtcTime":"2026-08-12 15:04:58.000","Computer":"CLM-MESA-014","User":"CLM\\ops","EventID":13,"Image":"C:\\Windows\\System32\\svchost.exe","ProcessGuid":"{E80014A2-C411-2026-B8E0-920ACC598287}","ProcessId":8295,"EventType":"SetValue","TargetObject":"HKCU\\Software\\CLM\\Mesa\\Pref\\3298","Details":"1"}
{"UtcTime":"2026-08-12 15:04:59.000","Computer":"CLM-MESA-014","User":"CLM\\mesa","EventID":1,"Image":"C:\\Program Files\\Google\\Chrome\\Application\\chrome.exe","ProcessGuid":"{FC4EC1D5-5C5D-2026-410D-AF9D95E7F822}","ProcessId":3220,"CommandLine":"C:\\Program Files\\Google\\Chrome\\Application\\chrome.exe","ParentImage":"C:\\Windows\\System32\\services.exe","ParentProcessGuid":"{872DB607-5562-2026-477C-FAA759580AF5}","OriginalFileName":"C:\\Program Files\\Google\\Chrome\\Application\\chrome.exe"}
{"UtcTime":"2026-08-12 15:05:00.000","Computer":"CLM-MESA-014","User":"CLM\\ops","EventID":1,"Image":"C:\\Program Files\\Google\\Chrome\\Application\\chrome.exe","ProcessGuid":"{AEB4F0C1-A797-2026-F2F1-51CD2D54F09B}","ProcessId":4949,"CommandLine":"C:\\Program Files\\Google\\Chrome\\Application\\chrome.exe","ParentImage":"C:\\Windows\\System32\\services.exe","ParentProcessGuid":"{C471915D-4B13-2026-5224-DAB91EC7F352}","OriginalFileName":"C:\\Program Files\\Google\\Chrome\\Application\\chrome.exe"}
{"UtcTime":"2026-08-12 15:05:01.000","Computer":"CLM-MESA-014","User":"CLM\\mesa","EventID":1,"Image":"C:\\Windows\\System32\\svchost.exe","ProcessGuid":"{7AD38B71-3F27-2026-E15D-25E3350B0117}","ProcessId":2435,"CommandLine":"C:\\Windows\\System32\\svchost.exe","ParentImage":"C:\\Windows\\System32\\services.exe","ParentProcessGuid":"{9278D592-5391-2026-813E-536101D94D2A}","OriginalFileName":"C:\\Windows\\System32\\svchost.exe"}
{"UtcTime":"2026-08-12 15:05:02.000","Computer":"CLM-MESA-014","User":"CLM\\mesa","EventID":1,"Image":"C:\\Program Files\\Google\\Chrome\\Application\\chrome.exe","ProcessGuid":"{57D505CA-B0DE-2026-E90E-B524DBED30EE}","ProcessId":402,"CommandLine":"C:\\Program Files\\Google\\Chrome\\Application\\chrome.exe","ParentImage":"C:\\Windows\\System32\\services.exe","ParentProcessGuid":"{54BE376B-6D75-2026-CA49-B279C0334CA4}","OriginalFileName":"C:\\Program Files\\Google\\Chrome\\Application\\chrome.exe"}
{"UtcTime":"2026-08-12 15:05:03.000","Computer":"CLM-MESA-014","User":"CLM\\mesa","EventID":3,"Image":"C:\\Windows\\explorer.exe","ProcessGuid":"{AAB60450-57BB-2026-9192-74AE343968B4}","ProcessId":8682,"DestinationIp":"10.70.30.8","DestinationPort":443,"DestinationHostname":"ntp.clm.liquidacao","SourceIp":"10.70.30.14","Protocol":"tcp"}
{"UtcTime":"2026-08-12 15:05:04.000","Computer":"CLM-MESA-014","User":"CLM\\ops","EventID":1,"Image":"C:\\Program Files\\Google\\Chrome\\Application\\chrome.exe","ProcessGuid":"{446466B0-286E-2026-12A9-70C34A6B5C3A}","ProcessId":7930,"CommandLine":"C:\\Program Files\\Google\\Chrome\\Application\\chrome.exe","ParentImage":"C:\\Windows\\System32\\services.exe","ParentProcessGuid":"{38406D5C-5278-2026-CD5B-17D034C359EF}","OriginalFileName":"C:\\Program Files\\Google\\Chrome\\Application\\chrome.exe"}
{"UtcTime":"2026-08-12 15:05:05.000","Computer":"CLM-MESA-014","User":"CLM\\mesa","EventID":1,"Image":"C:\\Windows\\System32\\RuntimeBroker.exe","ProcessGuid":"{CDF5A480-0BB9-2026-A12F-0FFBC0920198}","ProcessId":6719,"CommandLine":"C:\\Windows\\System32\\RuntimeBroker.exe","ParentImage":"C:\\Windows\\System32\\services.exe","ParentProcessGuid":"{677F1749-2BC5-2026-A09D-427981CA53FD}","OriginalFileName":"C:\\Windows\\System32\\RuntimeBroker.exe"}
{"UtcTime":"2026-08-12 15:05:06.000","Computer":"CLM-MESA-014","User":"CLM\\backoffice","EventID":13,"Image":"C:\\Windows\\explorer.exe","ProcessGuid":"{913D39D9-B767-2026-E20B-757A94506286}","ProcessId":5656,"EventType":"SetValue","TargetObject":"HKCU\\Software\\CLM\\Mesa\\Pref\\3306","Details":"1"}
{"UtcTime":"2026-08-12 15:05:07.000","Computer":"CLM-MESA-014","User":"CLM\\backoffice","EventID":3,"Image":"C:\\Program Files\\Microsoft Office\\Office16\\EXCEL.EXE","ProcessGuid":"{0D7637AB-9FA0-2026-4E03-714F1680B85F}","ProcessId":5006,"DestinationIp":"10.70.30.1","DestinationPort":53,"DestinationHostname":"portal.clm.liquidacao","SourceIp":"10.70.30.14","Protocol":"tcp"}
{"UtcTime":"2026-08-12 15:05:08.000","Computer":"CLM-MESA-014","User":"CLM\\backoffice","EventID":1,"Image":"C:\\Program Files\\Microsoft Office\\Office16\\EXCEL.EXE","ProcessGuid":"{897C6C87-08E4-2026-2B38-EF0CCCAAE8DC}","ProcessId":8261,"CommandLine":"C:\\Program Files\\Microsoft Office\\Office16\\EXCEL.EXE","ParentImage":"C:\\Windows\\System32\\services.exe","ParentProcessGuid":"{43F0AD9A-348F-2026-E5A2-0DB97A80A212}","OriginalFileName":"C:\\Program Files\\Microsoft Office\\Office16\\EXCEL.EXE"}
{"UtcTime":"2026-08-12 15:05:09.000","Computer":"CLM-MESA-014","User":"CLM\\ops","EventID":11,"Image":"C:\\Program Files\\Microsoft Office\\Office16\\EXCEL.EXE","ProcessGuid":"{D79A07D1-F978-2026-A9E6-B32B55410AD5}","ProcessId":8988,"TargetFilename":"C:\\Users\\Public\\Temp\\mesa-3309.tmp"}
{"UtcTime":"2026-08-12 15:05:10.000","Computer":"CLM-MESA-014","User":"CLM\\mesa","EventID":11,"Image":"C:\\Windows\\explorer.exe","ProcessGuid":"{93B295F5-D237-2026-C655-6B168DF36ADA}","ProcessId":3431,"TargetFilename":"C:\\Users\\Public\\Temp\\mesa-3310.tmp"}
{"UtcTime":"2026-08-12 15:05:11.000","Computer":"CLM-MESA-014","User":"CLM\\mesa","EventID":13,"Image":"C:\\Program Files\\Google\\Chrome\\Application\\chrome.exe","ProcessGuid":"{A71E1F9E-1021-2026-CE26-8A29608AD32F}","ProcessId":3379,"EventType":"SetValue","TargetObject":"HKCU\\Software\\CLM\\Mesa\\Pref\\3311","Details":"1"}
{"UtcTime":"2026-08-12 15:05:12.000","Computer":"CLM-MESA-014","User":"CLM\\mesa","EventID":1,"Image":"C:\\Windows\\System32\\svchost.exe","ProcessGuid":"{59D2796A-80FE-2026-C75A-61984DC46C10}","ProcessId":1742,"CommandLine":"C:\\Windows\\System32\\svchost.exe","ParentImage":"C:\\Windows\\System32\\services.exe","ParentProcessGuid":"{B144E81B-CE69-2026-9EE1-396259C571F0}","OriginalFileName":"C:\\Windows\\System32\\svchost.exe"}
{"UtcTime":"2026-08-12 15:05:13.000","Computer":"CLM-MESA-014","User":"CLM\\backoffice","EventID":3,"Image":"C:\\Windows\\explorer.exe","ProcessGuid":"{C038FFB7-936A-2026-E00C-6F51B3BE86D7}","ProcessId":1437,"DestinationIp":"1.1.1.1","DestinationPort":443,"DestinationHostname":"ntp.clm.liquidacao","SourceIp":"10.70.30.14","Protocol":"tcp"}
{"UtcTime":"2026-08-12 15:05:14.000","Computer":"CLM-MESA-014","User":"CLM\\ops","EventID":1,"Image":"C:\\Windows\\System32\\RuntimeBroker.exe","ProcessGuid":"{F49F03AD-8177-2026-B3DF-E923E09FB600}","ProcessId":1671,"CommandLine":"C:\\Windows\\System32\\RuntimeBroker.exe","ParentImage":"C:\\Windows\\System32\\services.exe","ParentProcessGuid":"{B1E9CDE3-AE5E-2026-C11E-3FB1618065EB}","OriginalFileName":"C:\\Windows\\System32\\RuntimeBroker.exe"}
{"UtcTime":"2026-08-12 15:05:15.000","Computer":"CLM-MESA-014","User":"CLM\\ops","EventID":1,"Image":"C:\\Windows\\System32\\conhost.exe","ProcessGuid":"{22E0124C-BD5E-2026-2048-2070BC22C6B4}","ProcessId":8575,"CommandLine":"C:\\Windows\\System32\\conhost.exe","ParentImage":"C:\\Windows\\System32\\services.exe","ParentProcessGuid":"{0C3A37F1-63F1-2026-555D-4D1E4880CE6D}","OriginalFileName":"C:\\Windows\\System32\\conhost.exe"}
{"UtcTime":"2026-08-12 15:05:16.000","Computer":"CLM-MESA-014","User":"CLM\\ops","EventID":1,"Image":"C:\\Windows\\explorer.exe","ProcessGuid":"{7268B2E9-E82D-2026-E127-EAE7A81560AD}","ProcessId":8991,"CommandLine":"C:\\Windows\\explorer.exe","ParentImage":"C:\\Windows\\System32\\services.exe","ParentProcessGuid":"{77B082A1-85F7-2026-665D-619F4D0EEA9E}","OriginalFileName":"C:\\Windows\\explorer.exe"}
{"UtcTime":"2026-08-12 15:05:17.000","Computer":"CLM-MESA-014","User":"CLM\\mesa","EventID":11,"Image":"C:\\Program Files\\Google\\Chrome\\Application\\chrome.exe","ProcessGuid":"{56F05639-3614-2026-4F2D-6883F4AE632A}","ProcessId":8722,"TargetFilename":"C:\\Users\\Public\\Temp\\mesa-3317.tmp"}
{"UtcTime":"2026-08-12 15:05:18.000","Computer":"CLM-MESA-014","User":"CLM\\ops","EventID":1,"Image":"C:\\Program Files\\Google\\Chrome\\Application\\chrome.exe","ProcessGuid":"{2D783685-ADA6-2026-94E9-93CB2E4B3B7E}","ProcessId":5125,"CommandLine":"C:\\Program Files\\Google\\Chrome\\Application\\chrome.exe","ParentImage":"C:\\Windows\\System32\\services.exe","ParentProcessGuid":"{65CA06F3-7713-2026-7F0A-991A40E925FC}","OriginalFileName":"C:\\Program Files\\Google\\Chrome\\Application\\chrome.exe"}
{"UtcTime":"2026-08-12 15:05:19.000","Computer":"CLM-MESA-014","User":"CLM\\mesa","EventID":1,"Image":"C:\\Windows\\explorer.exe","ProcessGuid":"{C449CF8A-102F-2026-7297-3A42BF9B9C19}","ProcessId":6526,"CommandLine":"C:\\Windows\\explorer.exe","ParentImage":"C:\\Windows\\System32\\services.exe","ParentProcessGuid":"{FD0E519C-AEF4-2026-7BF0-163DF731ABAB}","OriginalFileName":"C:\\Windows\\explorer.exe"}
{"UtcTime":"2026-08-12 15:05:20.000","Computer":"CLM-MESA-014","User":"CLM\\ops","EventID":11,"Image":"C:\\Windows\\System32\\RuntimeBroker.exe","ProcessGuid":"{B7E42AD7-84BD-2026-4A99-15D032C8D638}","ProcessId":1164,"TargetFilename":"C:\\Users\\Public\\Temp\\mesa-3320.tmp"}
{"UtcTime":"2026-08-12 15:05:21.000","Computer":"CLM-MESA-014","User":"CLM\\mesa","EventID":1,"Image":"C:\\Program Files\\Google\\Chrome\\Application\\chrome.exe","ProcessGuid":"{9E97ECD8-CF71-2026-62F2-D1168CF85862}","ProcessId":4793,"CommandLine":"C:\\Program Files\\Google\\Chrome\\Application\\chrome.exe","ParentImage":"C:\\Windows\\System32\\services.exe","ParentProcessGuid":"{8FB4725A-6C3C-2026-2498-8D818AE3AE33}","OriginalFileName":"C:\\Program Files\\Google\\Chrome\\Application\\chrome.exe"}
{"UtcTime":"2026-08-12 15:05:22.000","Computer":"CLM-MESA-014","User":"CLM\\backoffice","EventID":3,"Image":"C:\\Windows\\System32\\svchost.exe","ProcessGuid":"{40613A33-FEBC-2026-1761-06CE99ED2A35}","ProcessId":3900,"DestinationIp":"1.1.1.1","DestinationPort":53,"DestinationHostname":"ntp.clm.liquidacao","SourceIp":"10.70.30.14","Protocol":"tcp"}
{"UtcTime":"2026-08-12 15:05:23.000","Computer":"CLM-MESA-014","User":"CLM\\mesa","EventID":1,"Image":"C:\\Windows\\System32\\svchost.exe","ProcessGuid":"{A6D9E654-C6B6-2026-8488-CF9FD4603E83}","ProcessId":8442,"CommandLine":"C:\\Windows\\System32\\svchost.exe","ParentImage":"C:\\Windows\\System32\\services.exe","ParentProcessGuid":"{1C3D3366-D901-2026-1F31-D3C4835F422B}","OriginalFileName":"C:\\Windows\\System32\\svchost.exe"}
{"UtcTime":"2026-08-12 15:05:24.000","Computer":"CLM-MESA-014","User":"CLM\\mesa","EventID":1,"Image":"C:\\Windows\\explorer.exe","ProcessGuid":"{E872085E-C4BF-2026-4341-BC9C2392A1E2}","ProcessId":3582,"CommandLine":"C:\\Windows\\explorer.exe","ParentImage":"C:\\Windows\\System32\\services.exe","ParentProcessGuid":"{FFDF135F-C466-2026-76C3-232A9D2E649B}","OriginalFileName":"C:\\Windows\\explorer.exe"}
{"UtcTime":"2026-08-12 15:05:25.000","Computer":"CLM-MESA-014","User":"CLM\\backoffice","EventID":3,"Image":"C:\\Windows\\System32\\conhost.exe","ProcessGuid":"{73D2DE61-8AE1-2026-766E-81F4FB37E9D8}","ProcessId":4996,"DestinationIp":"8.8.8.8","DestinationPort":443,"DestinationHostname":"ntp.clm.liquidacao","SourceIp":"10.70.30.14","Protocol":"tcp"}
{"UtcTime":"2026-08-12 15:05:26.000","Computer":"CLM-MESA-014","User":"CLM\\ops","EventID":1,"Image":"C:\\Windows\\explorer.exe","ProcessGuid":"{3EB1C38C-399D-2026-2BE5-9EA03BBC6A47}","ProcessId":2203,"CommandLine":"C:\\Windows\\explorer.exe","ParentImage":"C:\\Windows\\System32\\services.exe","ParentProcessGuid":"{23638B97-7607-2026-76EF-F957C5143435}","OriginalFileName":"C:\\Windows\\explorer.exe"}
{"UtcTime":"2026-08-12 15:05:27.000","Computer":"CLM-MESA-014","User":"CLM\\mesa","EventID":3,"Image":"C:\\Program Files\\Google\\Chrome\\Application\\chrome.exe","ProcessGuid":"{68742CB0-4A74-2026-D4C1-3C48168F0AD6}","ProcessId":2652,"DestinationIp":"10.70.30.8","DestinationPort":135,"DestinationHostname":"portal.clm.liquidacao","SourceIp":"10.70.30.14","Protocol":"tcp"}
{"UtcTime":"2026-08-12 15:05:28.000","Computer":"CLM-MESA-014","User":"CLM\\mesa","EventID":11,"Image":"C:\\Windows\\explorer.exe","ProcessGuid":"{4FB064A7-99EA-2026-1A0E-7B236A2A23BF}","ProcessId":6898,"TargetFilename":"C:\\Users\\Public\\Temp\\mesa-3328.tmp"}
{"UtcTime":"2026-08-12 15:05:29.000","Computer":"CLM-MESA-014","User":"CLM\\mesa","EventID":5,"Image":"C:\\Windows\\System32\\conhost.exe","ProcessGuid":"{4C22E283-83A4-2026-BD60-175A331D359C}","ProcessId":6561,"EventType":"End"}
{"UtcTime":"2026-08-12 15:05:30.000","Computer":"CLM-MESA-014","User":"CLM\\mesa","EventID":1,"Image":"C:\\Windows\\System32\\RuntimeBroker.exe","ProcessGuid":"{A326FA53-728B-2026-98CB-2F5170234600}","ProcessId":7336,"CommandLine":"C:\\Windows\\System32\\RuntimeBroker.exe","ParentImage":"C:\\Windows\\System32\\services.exe","ParentProcessGuid":"{A325A56D-59D8-2026-6039-CCDFCAA2FA04}","OriginalFileName":"C:\\Windows\\System32\\RuntimeBroker.exe"}
{"UtcTime":"2026-08-12 15:05:31.000","Computer":"CLM-MESA-014","User":"CLM\\backoffice","EventID":1,"Image":"C:\\Windows\\explorer.exe","ProcessGuid":"{DAC59794-6B7B-2026-892B-0B999FB8B3B4}","ProcessId":5313,"CommandLine":"C:\\Windows\\explorer.exe","ParentImage":"C:\\Windows\\System32\\services.exe","ParentProcessGuid":"{B2C5E642-E048-2026-FF32-AB770B08148C}","OriginalFileName":"C:\\Windows\\explorer.exe"}
{"UtcTime":"2026-08-12 15:05:32.000","Computer":"CLM-MESA-014","User":"CLM\\ops","EventID":11,"Image":"C:\\Program Files\\Microsoft Office\\Office16\\EXCEL.EXE","ProcessGuid":"{37CF51B1-6ABE-2026-E6E3-0E20DDDD8D51}","ProcessId":7519,"TargetFilename":"C:\\Users\\Public\\Temp\\mesa-3332.tmp"}
{"UtcTime":"2026-08-12 15:05:33.000","Computer":"CLM-MESA-014","User":"CLM\\mesa","EventID":1,"Image":"C:\\Program Files\\Microsoft Office\\Office16\\EXCEL.EXE","ProcessGuid":"{53FDBC18-6789-2026-21D3-25C380A002AA}","ProcessId":4288,"CommandLine":"C:\\Program Files\\Microsoft Office\\Office16\\EXCEL.EXE","ParentImage":"C:\\Windows\\System32\\services.exe","ParentProcessGuid":"{A85B84EB-DBA8-2026-A3B7-6A893870177C}","OriginalFileName":"C:\\Program Files\\Microsoft Office\\Office16\\EXCEL.EXE"}
{"UtcTime":"2026-08-12 15:05:34.000","Computer":"CLM-MESA-014","User":"CLM\\backoffice","EventID":11,"Image":"C:\\Windows\\System32\\svchost.exe","ProcessGuid":"{39DA7127-705A-2026-C50D-95F01F58E47D}","ProcessId":4253,"TargetFilename":"C:\\Users\\Public\\Temp\\mesa-3334.tmp"}
{"UtcTime":"2026-08-12 15:05:35.000","Computer":"CLM-MESA-014","User":"CLM\\mesa","EventID":3,"Image":"C:\\Windows\\System32\\RuntimeBroker.exe","ProcessGuid":"{63629299-7049-2026-CF68-37CA4C6F4E0B}","ProcessId":8619,"DestinationIp":"10.70.30.8","DestinationPort":8080,"DestinationHostname":"ntp.clm.liquidacao","SourceIp":"10.70.30.14","Protocol":"tcp"}
{"UtcTime":"2026-08-12 15:05:36.000","Computer":"CLM-MESA-014","User":"CLM\\backoffice","EventID":13,"Image":"C:\\Windows\\explorer.exe","ProcessGuid":"{392AAF00-4DFE-2026-D776-5F6070FBA27B}","ProcessId":4116,"EventType":"SetValue","TargetObject":"HKCU\\Software\\CLM\\Mesa\\Pref\\3336","Details":"1"}
{"UtcTime":"2026-08-12 15:05:37.000","Computer":"CLM-MESA-014","User":"CLM\\backoffice","EventID":13,"Image":"C:\\Program Files\\Google\\Chrome\\Application\\chrome.exe","ProcessGuid":"{598F1F8B-DA1F-2026-F5DD-5501EF648FCA}","ProcessId":1798,"EventType":"SetValue","TargetObject":"HKCU\\Software\\CLM\\Mesa\\Pref\\3337","Details":"1"}
{"UtcTime":"2026-08-12 15:05:38.000","Computer":"CLM-MESA-014","User":"CLM\\backoffice","EventID":3,"Image":"C:\\Program Files\\Microsoft Office\\Office16\\EXCEL.EXE","ProcessGuid":"{CC28882A-E1C2-2026-4275-FC3D079A091F}","ProcessId":4992,"DestinationIp":"8.8.8.8","DestinationPort":135,"DestinationHostname":"portal.clm.liquidacao","SourceIp":"10.70.30.14","Protocol":"tcp"}
{"UtcTime":"2026-08-12 15:05:39.000","Computer":"CLM-MESA-014","User":"CLM\\mesa","EventID":1,"Image":"C:\\Windows\\explorer.exe","ProcessGuid":"{8046BCA3-5B0F-2026-54B7-52326F9B0422}","ProcessId":3360,"CommandLine":"C:\\Windows\\explorer.exe","ParentImage":"C:\\Windows\\System32\\services.exe","ParentProcessGuid":"{21F6B4AC-9FEC-2026-D0F8-55931980BB3C}","OriginalFileName":"C:\\Windows\\explorer.exe"}
{"UtcTime":"2026-08-12 15:05:40.000","Computer":"CLM-MESA-014","User":"CLM\\mesa","EventID":1,"Image":"C:\\Windows\\System32\\RuntimeBroker.exe","ProcessGuid":"{B605E2CC-094A-2026-BF87-8F98B4A9E993}","ProcessId":7879,"CommandLine":"C:\\Windows\\System32\\RuntimeBroker.exe","ParentImage":"C:\\Windows\\System32\\services.exe","ParentProcessGuid":"{28476A96-AE5E-2026-DBC0-4DA7FB9B7857}","OriginalFileName":"C:\\Windows\\System32\\RuntimeBroker.exe"}
{"UtcTime":"2026-08-12 15:05:41.000","Computer":"CLM-MESA-014","User":"CLM\\mesa","EventID":5,"Image":"C:\\Windows\\System32\\svchost.exe","ProcessGuid":"{80D5B261-231E-2026-20ED-AA7E2A29A514}","ProcessId":3266,"EventType":"End"}
{"UtcTime":"2026-08-12 15:05:42.000","Computer":"CLM-MESA-014","User":"CLM\\backoffice","EventID":13,"Image":"C:\\Windows\\explorer.exe","ProcessGuid":"{129C9F25-DE00-2026-FC2D-D72FC46F8E91}","ProcessId":8667,"EventType":"SetValue","TargetObject":"HKCU\\Software\\CLM\\Mesa\\Pref\\3342","Details":"1"}
{"UtcTime":"2026-08-12 15:05:43.000","Computer":"CLM-MESA-014","User":"CLM\\mesa","EventID":3,"Image":"C:\\Program Files\\Google\\Chrome\\Application\\chrome.exe","ProcessGuid":"{30BF8D79-3470-2026-4068-1CF22CE7344D}","ProcessId":4543,"DestinationIp":"8.8.8.8","DestinationPort":53,"DestinationHostname":"portal.clm.liquidacao","SourceIp":"10.70.30.14","Protocol":"tcp"}
{"UtcTime":"2026-08-12 15:05:44.000","Computer":"CLM-MESA-014","User":"CLM\\mesa","EventID":3,"Image":"C:\\Windows\\System32\\svchost.exe","ProcessGuid":"{2B78D7A4-307F-2026-BD50-21F739E15909}","ProcessId":2090,"DestinationIp":"8.8.8.8","DestinationPort":443,"DestinationHostname":"ntp.clm.liquidacao","SourceIp":"10.70.30.14","Protocol":"tcp"}
{"UtcTime":"2026-08-12 15:05:45.000","Computer":"CLM-MESA-014","User":"CLM\\backoffice","EventID":1,"Image":"C:\\Windows\\System32\\svchost.exe","ProcessGuid":"{79CB5AE8-086F-2026-398E-4F2E9716DB4F}","ProcessId":3375,"CommandLine":"C:\\Windows\\System32\\svchost.exe","ParentImage":"C:\\Windows\\System32\\services.exe","ParentProcessGuid":"{26B9AEB3-394E-2026-F1C7-E81FDA77BDC9}","OriginalFileName":"C:\\Windows\\System32\\svchost.exe"}
{"UtcTime":"2026-08-12 15:05:46.000","Computer":"CLM-MESA-014","User":"CLM\\ops","EventID":3,"Image":"C:\\Windows\\System32\\RuntimeBroker.exe","ProcessGuid":"{5B320C31-A5BE-2026-0C6D-A9F42591F5C3}","ProcessId":1066,"DestinationIp":"1.1.1.1","DestinationPort":443,"DestinationHostname":"ntp.clm.liquidacao","SourceIp":"10.70.30.14","Protocol":"tcp"}
{"UtcTime":"2026-08-12 15:05:47.000","Computer":"CLM-MESA-014","User":"CLM\\ops","EventID":1,"Image":"C:\\Windows\\System32\\svchost.exe","ProcessGuid":"{DB398A62-1D8F-2026-8070-AA94CB0E3840}","ProcessId":4626,"CommandLine":"C:\\Windows\\System32\\svchost.exe","ParentImage":"C:\\Windows\\System32\\services.exe","ParentProcessGuid":"{9498CDD5-7D7A-2026-7867-E70DAB65BEFE}","OriginalFileName":"C:\\Windows\\System32\\svchost.exe"}
{"UtcTime":"2026-08-12 15:05:48.000","Computer":"CLM-MESA-014","User":"CLM\\mesa","EventID":5,"Image":"C:\\Windows\\explorer.exe","ProcessGuid":"{D24FF510-C528-2026-B855-6DA6E793C3F9}","ProcessId":8982,"EventType":"End"}
{"UtcTime":"2026-08-12 15:05:49.000","Computer":"CLM-MESA-014","User":"CLM\\mesa","EventID":1,"Image":"C:\\Windows\\System32\\RuntimeBroker.exe","ProcessGuid":"{7E29B02C-F51C-2026-148D-B41A4C79E990}","ProcessId":2217,"CommandLine":"C:\\Windows\\System32\\RuntimeBroker.exe","ParentImage":"C:\\Windows\\System32\\services.exe","ParentProcessGuid":"{7D3F48FC-4D49-2026-8280-44AAB357C315}","OriginalFileName":"C:\\Windows\\System32\\RuntimeBroker.exe"}
{"UtcTime":"2026-08-12 15:05:50.000","Computer":"CLM-MESA-014","User":"CLM\\mesa","EventID":13,"Image":"C:\\Windows\\System32\\conhost.exe","ProcessGuid":"{230A63E5-4B1E-2026-4197-7C3B3602D61B}","ProcessId":7670,"EventType":"SetValue","TargetObject":"HKCU\\Software\\CLM\\Mesa\\Pref\\3350","Details":"1"}
{"UtcTime":"2026-08-12 15:05:51.000","Computer":"CLM-MESA-014","User":"CLM\\mesa","EventID":1,"Image":"C:\\Windows\\System32\\svchost.exe","ProcessGuid":"{1BD83860-88CA-2026-769B-5ABE2C4AC247}","ProcessId":5905,"CommandLine":"C:\\Windows\\System32\\svchost.exe","ParentImage":"C:\\Windows\\System32\\services.exe","ParentProcessGuid":"{3FFFBBCE-EFC3-2026-2987-DC2B34181A4C}","OriginalFileName":"C:\\Windows\\System32\\svchost.exe"}
{"UtcTime":"2026-08-12 15:05:52.000","Computer":"CLM-MESA-014","User":"CLM\\ops","EventID":3,"Image":"C:\\Program Files\\Microsoft Office\\Office16\\EXCEL.EXE","ProcessGuid":"{595612DF-14C0-2026-310D-4716428B45B1}","ProcessId":4453,"DestinationIp":"1.1.1.1","DestinationPort":53,"DestinationHostname":"ntp.clm.liquidacao","SourceIp":"10.70.30.14","Protocol":"tcp"}
{"UtcTime":"2026-08-12 15:05:53.000","Computer":"CLM-MESA-014","User":"CLM\\mesa","EventID":3,"Image":"C:\\Windows\\explorer.exe","ProcessGuid":"{A9441CEB-BF87-2026-7026-63060C23BFE5}","ProcessId":906,"DestinationIp":"10.70.30.8","DestinationPort":53,"DestinationHostname":"portal.clm.liquidacao","SourceIp":"10.70.30.14","Protocol":"tcp"}
{"UtcTime":"2026-08-12 15:05:54.000","Computer":"CLM-MESA-014","User":"CLM\\ops","EventID":1,"Image":"C:\\Program Files\\Microsoft Office\\Office16\\EXCEL.EXE","ProcessGuid":"{C218EE70-0F95-2026-9A5C-BB858EA5F04E}","ProcessId":4352,"CommandLine":"C:\\Program Files\\Microsoft Office\\Office16\\EXCEL.EXE","ParentImage":"C:\\Windows\\System32\\services.exe","ParentProcessGuid":"{7B2F3FFC-4D15-2026-79E5-4CF84101C372}","OriginalFileName":"C:\\Program Files\\Microsoft Office\\Office16\\EXCEL.EXE"}
{"UtcTime":"2026-08-12 15:05:55.000","Computer":"CLM-MESA-014","User":"CLM\\ops","EventID":5,"Image":"C:\\Windows\\System32\\svchost.exe","ProcessGuid":"{64417F79-7E65-2026-225B-EE6D004D2CCE}","ProcessId":3937,"EventType":"End"}
{"UtcTime":"2026-08-12 15:05:56.000","Computer":"CLM-MESA-014","User":"CLM\\mesa","EventID":3,"Image":"C:\\Windows\\System32\\conhost.exe","ProcessGuid":"{5089AEBB-E7AF-2026-D768-2A8089744B7E}","ProcessId":4221,"DestinationIp":"10.70.30.8","DestinationPort":53,"DestinationHostname":"portal.clm.liquidacao","SourceIp":"10.70.30.14","Protocol":"tcp"}
{"UtcTime":"2026-08-12 15:05:57.000","Computer":"CLM-MESA-014","User":"CLM\\backoffice","EventID":1,"Image":"C:\\Windows\\System32\\conhost.exe","ProcessGuid":"{7A581239-1632-2026-CD97-B38F1FA2B59F}","ProcessId":4023,"CommandLine":"C:\\Windows\\System32\\conhost.exe","ParentImage":"C:\\Windows\\System32\\services.exe","ParentProcessGuid":"{A7A4846D-7B1D-2026-5C65-DA7E72492E1B}","OriginalFileName":"C:\\Windows\\System32\\conhost.exe"}
{"UtcTime":"2026-08-12 15:05:58.000","Computer":"CLM-MESA-014","User":"CLM\\ops","EventID":11,"Image":"C:\\Windows\\explorer.exe","ProcessGuid":"{13D33671-A0D3-2026-E225-1AE288A1978E}","ProcessId":2244,"TargetFilename":"C:\\Users\\Public\\Temp\\mesa-3358.tmp"}
{"UtcTime":"2026-08-12 15:05:59.000","Computer":"CLM-MESA-014","User":"CLM\\ops","EventID":5,"Image":"C:\\Windows\\explorer.exe","ProcessGuid":"{A3E532F8-420B-2026-8A43-60F03066E0EC}","ProcessId":3564,"EventType":"End"}
{"UtcTime":"2026-08-12 15:06:00.000","Computer":"CLM-MESA-014","User":"CLM\\mesa","EventID":1,"Image":"C:\\Windows\\explorer.exe","ProcessGuid":"{17294328-43A8-2026-ED9A-B0B1F49F6C33}","ProcessId":7123,"CommandLine":"C:\\Windows\\explorer.exe","ParentImage":"C:\\Windows\\System32\\services.exe","ParentProcessGuid":"{51F5AE35-112A-2026-B9EF-EEC4E7CF23BC}","OriginalFileName":"C:\\Windows\\explorer.exe"}
{"UtcTime":"2026-08-12 15:06:01.000","Computer":"CLM-MESA-014","User":"CLM\\mesa","EventID":11,"Image":"C:\\Windows\\explorer.exe","ProcessGuid":"{AB58B580-8755-2026-9669-D9D20EF74330}","ProcessId":2348,"TargetFilename":"C:\\Users\\Public\\Temp\\mesa-3361.tmp"}
{"UtcTime":"2026-08-12 15:06:02.000","Computer":"CLM-MESA-014","User":"CLM\\mesa","EventID":5,"Image":"C:\\Program Files\\Google\\Chrome\\Application\\chrome.exe","ProcessGuid":"{16483896-8446-2026-25D9-1C143B2911CA}","ProcessId":978,"EventType":"End"}
{"UtcTime":"2026-08-12 15:06:03.000","Computer":"CLM-MESA-014","User":"CLM\\ops","EventID":5,"Image":"C:\\Windows\\System32\\conhost.exe","ProcessGuid":"{096DDABE-3D17-2026-43AB-10084F5E5FF7}","ProcessId":5147,"EventType":"End"}
{"UtcTime":"2026-08-12 15:06:04.000","Computer":"CLM-MESA-014","User":"CLM\\backoffice","EventID":11,"Image":"C:\\Program Files\\Google\\Chrome\\Application\\chrome.exe","ProcessGuid":"{DBF3169F-68AB-2026-1DE8-1EBEEDAA90EC}","ProcessId":8539,"TargetFilename":"C:\\Users\\Public\\Temp\\mesa-3364.tmp"}
{"UtcTime":"2026-08-12 15:06:05.000","Computer":"CLM-MESA-014","User":"CLM\\backoffice","EventID":1,"Image":"C:\\Windows\\System32\\svchost.exe","ProcessGuid":"{0DEA7D4C-D272-2026-AD50-4C4357F8121A}","ProcessId":7129,"CommandLine":"C:\\Windows\\System32\\svchost.exe","ParentImage":"C:\\Windows\\System32\\services.exe","ParentProcessGuid":"{646A9B4D-7F51-2026-1642-15078F0BE7C8}","OriginalFileName":"C:\\Windows\\System32\\svchost.exe"}
{"UtcTime":"2026-08-12 15:06:06.000","Computer":"CLM-MESA-014","User":"CLM\\mesa","EventID":11,"Image":"C:\\Windows\\explorer.exe","ProcessGuid":"{25A6C801-B42E-2026-C5A0-FBC535685436}","ProcessId":2009,"TargetFilename":"C:\\Users\\Public\\Temp\\mesa-3366.tmp"}
{"UtcTime":"2026-08-12 15:06:07.000","Computer":"CLM-MESA-014","User":"CLM\\ops","EventID":11,"Image":"C:\\Program Files\\Microsoft Office\\Office16\\EXCEL.EXE","ProcessGuid":"{2ABF50A8-6559-2026-7585-8C9F3020E050}","ProcessId":8941,"TargetFilename":"C:\\Users\\Public\\Temp\\mesa-3367.tmp"}
{"UtcTime":"2026-08-12 15:06:08.000","Computer":"CLM-MESA-014","User":"CLM\\mesa","EventID":5,"Image":"C:\\Program Files\\Google\\Chrome\\Application\\chrome.exe","ProcessGuid":"{845DD74F-B8E4-2026-205A-A5155E045028}","ProcessId":6076,"EventType":"End"}
{"UtcTime":"2026-08-12 15:06:09.000","Computer":"CLM-MESA-014","User":"CLM\\backoffice","EventID":1,"Image":"C:\\Windows\\System32\\svchost.exe","ProcessGuid":"{D8DABF7E-1314-2026-0CBA-11F2C70BEC33}","ProcessId":867,"CommandLine":"C:\\Windows\\System32\\svchost.exe","ParentImage":"C:\\Windows\\System32\\services.exe","ParentProcessGuid":"{5CF1C418-7A1B-2026-5C5B-FF4F898C9108}","OriginalFileName":"C:\\Windows\\System32\\svchost.exe"}
{"UtcTime":"2026-08-12 15:06:10.000","Computer":"CLM-MESA-014","User":"CLM\\ops","EventID":1,"Image":"C:\\Program Files\\Google\\Chrome\\Application\\chrome.exe","ProcessGuid":"{50732074-3042-2026-138B-9FD54DD575E9}","ProcessId":2831,"CommandLine":"C:\\Program Files\\Google\\Chrome\\Application\\chrome.exe","ParentImage":"C:\\Windows\\System32\\services.exe","ParentProcessGuid":"{686C460E-3714-2026-9331-DF7684E014AD}","OriginalFileName":"C:\\Program Files\\Google\\Chrome\\Application\\chrome.exe"}
{"UtcTime":"2026-08-12 15:06:11.000","Computer":"CLM-MESA-014","User":"CLM\\backoffice","EventID":5,"Image":"C:\\Windows\\System32\\conhost.exe","ProcessGuid":"{B0030514-3FCC-2026-63A9-22FABE517161}","ProcessId":6613,"EventType":"End"}
{"UtcTime":"2026-08-12 15:06:12.000","Computer":"CLM-MESA-014","User":"CLM\\mesa","EventID":1,"Image":"C:\\Windows\\System32\\RuntimeBroker.exe","ProcessGuid":"{171D30A8-03F4-2026-72E8-12942D800BA2}","ProcessId":5940,"CommandLine":"C:\\Windows\\System32\\RuntimeBroker.exe","ParentImage":"C:\\Windows\\System32\\services.exe","ParentProcessGuid":"{18F54534-9786-2026-F7F2-A8241158BCCA}","OriginalFileName":"C:\\Windows\\System32\\RuntimeBroker.exe"}
{"UtcTime":"2026-08-12 15:06:13.000","Computer":"CLM-MESA-014","User":"CLM\\ops","EventID":3,"Image":"C:\\Program Files\\Microsoft Office\\Office16\\EXCEL.EXE","ProcessGuid":"{06CDF9C6-4E0B-2026-B4E5-8527EDEC7117}","ProcessId":3933,"DestinationIp":"10.70.30.1","DestinationPort":53,"DestinationHostname":"ntp.clm.liquidacao","SourceIp":"10.70.30.14","Protocol":"tcp"}
{"UtcTime":"2026-08-12 15:06:14.000","Computer":"CLM-MESA-014","User":"CLM\\mesa","EventID":3,"Image":"C:\\Program Files\\Microsoft Office\\Office16\\EXCEL.EXE","ProcessGuid":"{205E227A-5943-2026-80EF-30120F6D20D9}","ProcessId":5009,"DestinationIp":"10.70.30.8","DestinationPort":8080,"DestinationHostname":"ntp.clm.liquidacao","SourceIp":"10.70.30.14","Protocol":"tcp"}
{"UtcTime":"2026-08-12 15:06:15.000","Computer":"CLM-MESA-014","User":"CLM\\mesa","EventID":3,"Image":"C:\\Program Files\\Microsoft Office\\Office16\\EXCEL.EXE","ProcessGuid":"{BD0B0811-60F3-2026-BA05-A9CA2E226812}","ProcessId":8094,"DestinationIp":"1.1.1.1","DestinationPort":53,"DestinationHostname":"ntp.clm.liquidacao","SourceIp":"10.70.30.14","Protocol":"tcp"}
{"UtcTime":"2026-08-12 15:06:16.000","Computer":"CLM-MESA-014","User":"CLM\\ops","EventID":1,"Image":"C:\\Windows\\System32\\svchost.exe","ProcessGuid":"{13FDF316-9E3D-2026-66E3-B472704A791D}","ProcessId":3795,"CommandLine":"C:\\Windows\\System32\\svchost.exe","ParentImage":"C:\\Windows\\System32\\services.exe","ParentProcessGuid":"{F1595C47-8EAF-2026-F5B0-5233493B25AD}","OriginalFileName":"C:\\Windows\\System32\\svchost.exe"}
{"UtcTime":"2026-08-12 15:06:17.000","Computer":"CLM-MESA-014","User":"CLM\\backoffice","EventID":1,"Image":"C:\\Program Files\\Google\\Chrome\\Application\\chrome.exe","ProcessGuid":"{8F6E2882-38CC-2026-EE1E-18350231495B}","ProcessId":8292,"CommandLine":"C:\\Program Files\\Google\\Chrome\\Application\\chrome.exe","ParentImage":"C:\\Windows\\System32\\services.exe","ParentProcessGuid":"{1A882FA9-6FAE-2026-F904-CEBE61E42BC5}","OriginalFileName":"C:\\Program Files\\Google\\Chrome\\Application\\chrome.exe"}
{"UtcTime":"2026-08-12 15:06:18.000","Computer":"CLM-MESA-014","User":"CLM\\ops","EventID":13,"Image":"C:\\Windows\\System32\\conhost.exe","ProcessGuid":"{A18590DB-4357-2026-9BB1-5E3497A5F6BC}","ProcessId":3159,"EventType":"SetValue","TargetObject":"HKCU\\Software\\CLM\\Mesa\\Pref\\3378","Details":"1"}
{"UtcTime":"2026-08-12 15:06:19.000","Computer":"CLM-MESA-014","User":"CLM\\ops","EventID":1,"Image":"C:\\Windows\\explorer.exe","ProcessGuid":"{BEF8A2E6-8B28-2026-8658-AB3FA72FF237}","ProcessId":2969,"CommandLine":"C:\\Windows\\explorer.exe","ParentImage":"C:\\Windows\\System32\\services.exe","ParentProcessGuid":"{BCD80B19-C1BA-2026-25BC-F2C427404768}","OriginalFileName":"C:\\Windows\\explorer.exe"}
{"UtcTime":"2026-08-12 15:06:20.000","Computer":"CLM-MESA-014","User":"CLM\\backoffice","EventID":1,"Image":"C:\\Windows\\System32\\RuntimeBroker.exe","ProcessGuid":"{2BFFD230-DD60-2026-BAC6-2610492E29BC}","ProcessId":6311,"CommandLine":"C:\\Windows\\System32\\RuntimeBroker.exe","ParentImage":"C:\\Windows\\System32\\services.exe","ParentProcessGuid":"{E51E9D90-0CAF-2026-F30F-70BD7BA3EB71}","OriginalFileName":"C:\\Windows\\System32\\RuntimeBroker.exe"}
{"UtcTime":"2026-08-12 15:06:21.000","Computer":"CLM-MESA-014","User":"CLM\\backoffice","EventID":3,"Image":"C:\\Windows\\System32\\conhost.exe","ProcessGuid":"{A2A418D4-7C5F-2026-937C-2E7F0C291F6C}","ProcessId":5393,"DestinationIp":"8.8.8.8","DestinationPort":8080,"DestinationHostname":"portal.clm.liquidacao","SourceIp":"10.70.30.14","Protocol":"tcp"}
{"UtcTime":"2026-08-12 15:06:22.000","Computer":"CLM-MESA-014","User":"CLM\\mesa","EventID":11,"Image":"C:\\Windows\\System32\\RuntimeBroker.exe","ProcessGuid":"{1B573636-BBBE-2026-2615-96AC1ABC24F2}","ProcessId":7021,"TargetFilename":"C:\\Users\\Public\\Temp\\mesa-3382.tmp"}
{"UtcTime":"2026-08-12 15:06:23.000","Computer":"CLM-MESA-014","User":"CLM\\ops","EventID":5,"Image":"C:\\Windows\\System32\\RuntimeBroker.exe","ProcessGuid":"{DC70512B-89A6-2026-CAF6-8DFE074C879E}","ProcessId":7986,"EventType":"End"}
{"UtcTime":"2026-08-12 15:06:24.000","Computer":"CLM-MESA-014","User":"CLM\\mesa","EventID":11,"Image":"C:\\Windows\\System32\\svchost.exe","ProcessGuid":"{9540815C-B07D-2026-CC7C-E398BA9DB67E}","ProcessId":3676,"TargetFilename":"C:\\Users\\Public\\Temp\\mesa-3384.tmp"}
{"UtcTime":"2026-08-12 15:06:25.000","Computer":"CLM-MESA-014","User":"CLM\\mesa","EventID":5,"Image":"C:\\Windows\\System32\\svchost.exe","ProcessGuid":"{6EE648F7-983D-2026-4359-8E20153297A7}","ProcessId":1407,"EventType":"End"}
{"UtcTime":"2026-08-12 15:06:26.000","Computer":"CLM-MESA-014","User":"CLM\\ops","EventID":13,"Image":"C:\\Windows\\System32\\RuntimeBroker.exe","ProcessGuid":"{EC310863-EAF5-2026-2A38-AC91329375B4}","ProcessId":8072,"EventType":"SetValue","TargetObject":"HKCU\\Software\\CLM\\Mesa\\Pref\\3386","Details":"1"}
{"UtcTime":"2026-08-12 15:06:27.000","Computer":"CLM-MESA-014","User":"CLM\\mesa","EventID":13,"Image":"C:\\Windows\\System32\\svchost.exe","ProcessGuid":"{D68651B1-EFF6-2026-DB7F-B40CCEC919F4}","ProcessId":6030,"EventType":"SetValue","TargetObject":"HKCU\\Software\\CLM\\Mesa\\Pref\\3387","Details":"1"}
{"UtcTime":"2026-08-12 15:06:28.000","Computer":"CLM-MESA-014","User":"CLM\\ops","EventID":3,"Image":"C:\\Program Files\\Microsoft Office\\Office16\\EXCEL.EXE","ProcessGuid":"{06D88876-6287-2026-4F17-B1BD39188198}","ProcessId":599,"DestinationIp":"8.8.8.8","DestinationPort":53,"DestinationHostname":"ntp.clm.liquidacao","SourceIp":"10.70.30.14","Protocol":"tcp"}
{"UtcTime":"2026-08-12 15:06:29.000","Computer":"CLM-MESA-014","User":"CLM\\mesa","EventID":1,"Image":"C:\\Windows\\System32\\RuntimeBroker.exe","ProcessGuid":"{34D01164-08D9-2026-D8D8-69D4C6BFF741}","ProcessId":6384,"CommandLine":"C:\\Windows\\System32\\RuntimeBroker.exe","ParentImage":"C:\\Windows\\System32\\services.exe","ParentProcessGuid":"{065C9676-2815-2026-2F9F-C8A65E35457B}","OriginalFileName":"C:\\Windows\\System32\\RuntimeBroker.exe"}
{"UtcTime":"2026-08-12 15:06:30.000","Computer":"CLM-MESA-014","User":"CLM\\ops","EventID":11,"Image":"C:\\Program Files\\Microsoft Office\\Office16\\EXCEL.EXE","ProcessGuid":"{D12E7EF4-F422-2026-7EF9-0B892C9FA450}","ProcessId":8658,"TargetFilename":"C:\\Users\\Public\\Temp\\mesa-3390.tmp"}
{"UtcTime":"2026-08-12 15:06:31.000","Computer":"CLM-MESA-014","User":"CLM\\backoffice","EventID":3,"Image":"C:\\Windows\\System32\\conhost.exe","ProcessGuid":"{5E461ACF-AA67-2026-65EF-21D503FEDE36}","ProcessId":5587,"DestinationIp":"8.8.8.8","DestinationPort":53,"DestinationHostname":"portal.clm.liquidacao","SourceIp":"10.70.30.14","Protocol":"tcp"}
{"UtcTime":"2026-08-12 15:06:32.000","Computer":"CLM-MESA-014","User":"CLM\\ops","EventID":11,"Image":"C:\\Windows\\System32\\svchost.exe","ProcessGuid":"{9E2C137C-839C-2026-06DB-DD561C1E5584}","ProcessId":5136,"TargetFilename":"C:\\Users\\Public\\Temp\\mesa-3392.tmp"}
{"UtcTime":"2026-08-12 15:06:33.000","Computer":"CLM-MESA-014","User":"CLM\\ops","EventID":1,"Image":"C:\\Windows\\System32\\conhost.exe","ProcessGuid":"{79CE472C-291B-2026-7269-5A8F8BC30064}","ProcessId":1643,"CommandLine":"C:\\Windows\\System32\\conhost.exe","ParentImage":"C:\\Windows\\System32\\services.exe","ParentProcessGuid":"{140D2425-A3D9-2026-56AE-38C6F4A46490}","OriginalFileName":"C:\\Windows\\System32\\conhost.exe"}
{"UtcTime":"2026-08-12 15:06:34.000","Computer":"CLM-MESA-014","User":"CLM\\ops","EventID":11,"Image":"C:\\Program Files\\Google\\Chrome\\Application\\chrome.exe","ProcessGuid":"{441A2E34-53F6-2026-835D-A93412F4FEA2}","ProcessId":7076,"TargetFilename":"C:\\Users\\Public\\Temp\\mesa-3394.tmp"}
{"UtcTime":"2026-08-12 15:06:35.000","Computer":"CLM-MESA-014","User":"CLM\\backoffice","EventID":3,"Image":"C:\\Program Files\\Microsoft Office\\Office16\\EXCEL.EXE","ProcessGuid":"{5FE68FBA-5B0F-2026-6649-EF8E72437EB8}","ProcessId":5044,"DestinationIp":"10.70.30.1","DestinationPort":443,"DestinationHostname":"portal.clm.liquidacao","SourceIp":"10.70.30.14","Protocol":"tcp"}
{"UtcTime":"2026-08-12 15:06:36.000","Computer":"CLM-MESA-014","User":"CLM\\backoffice","EventID":3,"Image":"C:\\Windows\\System32\\conhost.exe","ProcessGuid":"{A19AEFDA-A3B1-2026-2204-C04D1821AF34}","ProcessId":2067,"DestinationIp":"10.70.30.8","DestinationPort":8080,"DestinationHostname":"ntp.clm.liquidacao","SourceIp":"10.70.30.14","Protocol":"tcp"}
{"UtcTime":"2026-08-12 15:06:37.000","Computer":"CLM-MESA-014","User":"CLM\\backoffice","EventID":1,"Image":"C:\\Windows\\System32\\svchost.exe","ProcessGuid":"{5B2F093D-0F27-2026-D8F0-E7C3CD993EF6}","ProcessId":3401,"CommandLine":"C:\\Windows\\System32\\svchost.exe","ParentImage":"C:\\Windows\\System32\\services.exe","ParentProcessGuid":"{5983C7D2-A940-2026-0CD3-63C7E7F7C727}","OriginalFileName":"C:\\Windows\\System32\\svchost.exe"}
{"UtcTime":"2026-08-12 15:06:38.000","Computer":"CLM-MESA-014","User":"CLM\\ops","EventID":13,"Image":"C:\\Program Files\\Microsoft Office\\Office16\\EXCEL.EXE","ProcessGuid":"{1AD6C128-0A71-2026-38B9-90FB6D1B65F6}","ProcessId":2744,"EventType":"SetValue","TargetObject":"HKCU\\Software\\CLM\\Mesa\\Pref\\3398","Details":"1"}
{"UtcTime":"2026-08-12 15:06:39.000","Computer":"CLM-MESA-014","User":"CLM\\ops","EventID":5,"Image":"C:\\Windows\\System32\\svchost.exe","ProcessGuid":"{0DD6B7C6-9301-2026-C15F-EFC3E77FFA7D}","ProcessId":1192,"EventType":"End"}
{"UtcTime":"2026-08-12 15:06:40.000","Computer":"CLM-MESA-014","User":"CLM\\backoffice","EventID":5,"Image":"C:\\Windows\\explorer.exe","ProcessGuid":"{70F3AB37-C8B9-2026-D9BE-795081209FE4}","ProcessId":1412,"EventType":"End"}
{"UtcTime":"2026-08-12 15:06:41.000","Computer":"CLM-MESA-014","User":"CLM\\ops","EventID":1,"Image":"C:\\Windows\\System32\\RuntimeBroker.exe","ProcessGuid":"{DDE96D06-416E-2026-1CE0-C0DA8F0A4C24}","ProcessId":8482,"CommandLine":"C:\\Windows\\System32\\RuntimeBroker.exe","ParentImage":"C:\\Windows\\System32\\services.exe","ParentProcessGuid":"{621AD6A4-2D54-2026-DE12-A84D679EBA0A}","OriginalFileName":"C:\\Windows\\System32\\RuntimeBroker.exe"}
{"UtcTime":"2026-08-12 15:06:42.000","Computer":"CLM-MESA-014","User":"CLM\\ops","EventID":3,"Image":"C:\\Windows\\System32\\RuntimeBroker.exe","ProcessGuid":"{3867EDD9-2D4D-2026-FF5F-844F576816C1}","ProcessId":3969,"DestinationIp":"10.70.30.8","DestinationPort":135,"DestinationHostname":"ntp.clm.liquidacao","SourceIp":"10.70.30.14","Protocol":"tcp"}
{"UtcTime":"2026-08-12 15:06:43.000","Computer":"CLM-MESA-014","User":"CLM\\mesa","EventID":13,"Image":"C:\\Windows\\System32\\RuntimeBroker.exe","ProcessGuid":"{C01F7C43-B3DD-2026-2BA0-815C5652F402}","ProcessId":2599,"EventType":"SetValue","TargetObject":"HKCU\\Software\\CLM\\Mesa\\Pref\\3403","Details":"1"}
{"UtcTime":"2026-08-12 15:06:44.000","Computer":"CLM-MESA-014","User":"CLM\\backoffice","EventID":1,"Image":"C:\\Windows\\System32\\svchost.exe","ProcessGuid":"{0BD470F1-2491-2026-92C9-1E000BC736D9}","ProcessId":6877,"CommandLine":"C:\\Windows\\System32\\svchost.exe","ParentImage":"C:\\Windows\\System32\\services.exe","ParentProcessGuid":"{3928357E-0B47-2026-F5A4-203B7C98BFAF}","OriginalFileName":"C:\\Windows\\System32\\svchost.exe"}
{"UtcTime":"2026-08-12 15:06:45.000","Computer":"CLM-MESA-014","User":"CLM\\backoffice","EventID":11,"Image":"C:\\Windows\\System32\\RuntimeBroker.exe","ProcessGuid":"{83BF598F-2073-2026-EE8A-29F08B520D3C}","ProcessId":4022,"TargetFilename":"C:\\Users\\Public\\Temp\\mesa-3405.tmp"}
{"UtcTime":"2026-08-12 15:06:46.000","Computer":"CLM-MESA-014","User":"CLM\\backoffice","EventID":1,"Image":"C:\\Windows\\System32\\RuntimeBroker.exe","ProcessGuid":"{7321BFBB-0692-2026-8D6B-F99B50F86FBB}","ProcessId":1926,"CommandLine":"C:\\Windows\\System32\\RuntimeBroker.exe","ParentImage":"C:\\Windows\\System32\\services.exe","ParentProcessGuid":"{EA2CE8A6-C2D9-2026-7066-0F167E52659C}","OriginalFileName":"C:\\Windows\\System32\\RuntimeBroker.exe"}
{"UtcTime":"2026-08-12 15:06:47.000","Computer":"CLM-MESA-014","User":"CLM\\ops","EventID":3,"Image":"C:\\Windows\\System32\\conhost.exe","ProcessGuid":"{5EE3F112-E2D5-2026-28D7-E125071E0B27}","ProcessId":6018,"DestinationIp":"10.70.30.8","DestinationPort":135,"DestinationHostname":"portal.clm.liquidacao","SourceIp":"10.70.30.14","Protocol":"tcp"}
{"UtcTime":"2026-08-12 15:06:48.000","Computer":"CLM-MESA-014","User":"CLM\\backoffice","EventID":1,"Image":"C:\\Windows\\System32\\svchost.exe","ProcessGuid":"{AA90B8D5-DED1-2026-CADA-C5C9C34C6A52}","ProcessId":5877,"CommandLine":"C:\\Windows\\System32\\svchost.exe","ParentImage":"C:\\Windows\\System32\\services.exe","ParentProcessGuid":"{F7CE9AE3-C1AE-2026-7F06-F62BA8CA8520}","OriginalFileName":"C:\\Windows\\System32\\svchost.exe"}
{"UtcTime":"2026-08-12 15:06:49.000","Computer":"CLM-MESA-014","User":"CLM\\backoffice","EventID":1,"Image":"C:\\Windows\\System32\\svchost.exe","ProcessGuid":"{9E05D153-079D-2026-095C-9018006639EF}","ProcessId":8311,"CommandLine":"C:\\Windows\\System32\\svchost.exe","ParentImage":"C:\\Windows\\System32\\services.exe","ParentProcessGuid":"{167310A9-AAA9-2026-F1F7-DF3D68224B5D}","OriginalFileName":"C:\\Windows\\System32\\svchost.exe"}
{"UtcTime":"2026-08-12 15:06:50.000","Computer":"CLM-MESA-014","User":"CLM\\mesa","EventID":13,"Image":"C:\\Program Files\\Google\\Chrome\\Application\\chrome.exe","ProcessGuid":"{743A4366-7663-2026-299E-84C6130352B6}","ProcessId":8492,"EventType":"SetValue","TargetObject":"HKCU\\Software\\CLM\\Mesa\\Pref\\3410","Details":"1"}
{"UtcTime":"2026-08-12 15:06:51.000","Computer":"CLM-MESA-014","User":"CLM\\mesa","EventID":1,"Image":"C:\\Program Files\\Google\\Chrome\\Application\\chrome.exe","ProcessGuid":"{E082ADFE-D87F-2026-4003-E244910DC295}","ProcessId":5608,"CommandLine":"C:\\Program Files\\Google\\Chrome\\Application\\chrome.exe","ParentImage":"C:\\Windows\\System32\\services.exe","ParentProcessGuid":"{31B77DA2-9636-2026-21B8-43E33614EFE2}","OriginalFileName":"C:\\Program Files\\Google\\Chrome\\Application\\chrome.exe"}
{"UtcTime":"2026-08-12 15:06:52.000","Computer":"CLM-MESA-014","User":"CLM\\mesa","EventID":5,"Image":"C:\\Program Files\\Microsoft Office\\Office16\\EXCEL.EXE","ProcessGuid":"{3A9AEDAB-2D04-2026-1229-7CDDC630FA82}","ProcessId":2017,"EventType":"End"}
{"UtcTime":"2026-08-12 15:06:53.000","Computer":"CLM-MESA-014","User":"CLM\\mesa","EventID":1,"Image":"C:\\Windows\\System32\\conhost.exe","ProcessGuid":"{91D24B07-0556-2026-108C-401BBBB4B2F9}","ProcessId":4596,"CommandLine":"C:\\Windows\\System32\\conhost.exe","ParentImage":"C:\\Windows\\System32\\services.exe","ParentProcessGuid":"{1AE13AC4-417C-2026-CF70-85858E98DEA7}","OriginalFileName":"C:\\Windows\\System32\\conhost.exe"}
{"UtcTime":"2026-08-12 15:06:54.000","Computer":"CLM-MESA-014","User":"CLM\\ops","EventID":5,"Image":"C:\\Windows\\System32\\RuntimeBroker.exe","ProcessGuid":"{1458DEF5-E7A7-2026-9067-15A531E54963}","ProcessId":5885,"EventType":"End"}
{"UtcTime":"2026-08-12 15:06:55.000","Computer":"CLM-MESA-014","User":"CLM\\ops","EventID":3,"Image":"C:\\Windows\\System32\\svchost.exe","ProcessGuid":"{0237D551-2AE1-2026-8673-D8A4A2EBE38E}","ProcessId":4884,"DestinationIp":"10.70.30.8","DestinationPort":53,"DestinationHostname":"portal.clm.liquidacao","SourceIp":"10.70.30.14","Protocol":"tcp"}
{"UtcTime":"2026-08-12 15:06:56.000","Computer":"CLM-MESA-014","User":"CLM\\ops","EventID":1,"Image":"C:\\Windows\\System32\\conhost.exe","ProcessGuid":"{25353D56-0A7D-2026-55AC-7D0207BB478F}","ProcessId":3510,"CommandLine":"C:\\Windows\\System32\\conhost.exe","ParentImage":"C:\\Windows\\System32\\services.exe","ParentProcessGuid":"{CE4838A3-852D-2026-2378-3DCAECDA7B67}","OriginalFileName":"C:\\Windows\\System32\\conhost.exe"}
{"UtcTime":"2026-08-12 15:06:57.000","Computer":"CLM-MESA-014","User":"CLM\\backoffice","EventID":5,"Image":"C:\\Program Files\\Google\\Chrome\\Application\\chrome.exe","ProcessGuid":"{A1A185D4-15B7-2026-ACB7-D2EE82FF3E28}","ProcessId":8645,"EventType":"End"}
{"UtcTime":"2026-08-12 15:06:58.000","Computer":"CLM-MESA-014","User":"CLM\\backoffice","EventID":11,"Image":"C:\\Windows\\System32\\conhost.exe","ProcessGuid":"{B65A9300-4B52-2026-4624-8C9ED4F4AB62}","ProcessId":1569,"TargetFilename":"C:\\Users\\Public\\Temp\\mesa-3418.tmp"}
{"UtcTime":"2026-08-12 15:06:59.000","Computer":"CLM-MESA-014","User":"CLM\\ops","EventID":1,"Image":"C:\\Windows\\explorer.exe","ProcessGuid":"{EA6395EC-3E57-2026-8BB2-9DDD1759F96D}","ProcessId":6291,"CommandLine":"C:\\Windows\\explorer.exe","ParentImage":"C:\\Windows\\System32\\services.exe","ParentProcessGuid":"{CE243704-F0D5-2026-4322-8ED25988D55B}","OriginalFileName":"C:\\Windows\\explorer.exe"}
{"UtcTime":"2026-08-12 15:07:00.000","Computer":"CLM-MESA-014","User":"CLM\\backoffice","EventID":1,"Image":"C:\\Windows\\System32\\svchost.exe","ProcessGuid":"{96AAFCF4-7F8B-2026-5B29-E3D4C5A75643}","ProcessId":1728,"CommandLine":"C:\\Windows\\System32\\svchost.exe","ParentImage":"C:\\Windows\\System32\\services.exe","ParentProcessGuid":"{1F6B0E13-7799-2026-7F2E-B91B06ACF72E}","OriginalFileName":"C:\\Windows\\System32\\svchost.exe"}
{"UtcTime":"2026-08-12 15:07:01.000","Computer":"CLM-MESA-014","User":"CLM\\backoffice","EventID":3,"Image":"C:\\Windows\\System32\\svchost.exe","ProcessGuid":"{40610288-ACD6-2026-6206-F943EA762FB0}","ProcessId":7119,"DestinationIp":"1.1.1.1","DestinationPort":135,"DestinationHostname":"ntp.clm.liquidacao","SourceIp":"10.70.30.14","Protocol":"tcp"}
{"UtcTime":"2026-08-12 15:07:02.000","Computer":"CLM-MESA-014","User":"CLM\\mesa","EventID":1,"Image":"C:\\Program Files\\Microsoft Office\\Office16\\EXCEL.EXE","ProcessGuid":"{BF4A54D2-C3D0-2026-185A-B44335BB232C}","ProcessId":751,"CommandLine":"C:\\Program Files\\Microsoft Office\\Office16\\EXCEL.EXE","ParentImage":"C:\\Windows\\System32\\services.exe","ParentProcessGuid":"{9FF6B44A-40DE-2026-9AFC-8FCA67C93BB6}","OriginalFileName":"C:\\Program Files\\Microsoft Office\\Office16\\EXCEL.EXE"}
{"UtcTime":"2026-08-12 15:07:03.000","Computer":"CLM-MESA-014","User":"CLM\\backoffice","EventID":1,"Image":"C:\\Windows\\System32\\svchost.exe","ProcessGuid":"{083AB292-C462-2026-9697-15C1A303BB49}","ProcessId":2629,"CommandLine":"C:\\Windows\\System32\\svchost.exe","ParentImage":"C:\\Windows\\System32\\services.exe","ParentProcessGuid":"{435F4920-D5E8-2026-83EC-503A603E1027}","OriginalFileName":"C:\\Windows\\System32\\svchost.exe"}
{"UtcTime":"2026-08-12 15:07:04.000","Computer":"CLM-MESA-014","User":"CLM\\mesa","EventID":11,"Image":"C:\\Windows\\explorer.exe","ProcessGuid":"{246CC531-4B65-2026-2F5A-72B9FDDBC5F4}","ProcessId":4522,"TargetFilename":"C:\\Users\\Public\\Temp\\mesa-3424.tmp"}
