{"UtcTime":"2026-08-12 09:52:11.000","Computer":"TN-FIN-WS042","User":"TRANSNORTE\\backup_svc","EventID":13,"Image":"C:\\Program Files\\Google\\Chrome\\Application\\chrome.exe","ProcessGuid":"{204B5AA8-EDCB-2026-3C3C-EEDBCA42D325}","ProcessId":5119,"EventType":"SetValue","TargetObject":"HKCU\\Software\\Microsoft\\Office\\16.0\\Outlook\\Resiliency\\731","Details":"1"}
{"UtcTime":"2026-08-12 09:52:12.000","Computer":"TN-FIN-WS042","User":"TRANSNORTE\\backup_svc","EventID":5,"Image":"C:\\Windows\\System32\\conhost.exe","ProcessGuid":"{A967CCBB-BD22-2026-6F82-0EBFFD9C032E}","ProcessId":507,"EventType":"End"}
{"UtcTime":"2026-08-12 09:52:13.000","Computer":"TN-FIN-WS042","User":"TRANSNORTE\\ops.cardoso","EventID":1,"Image":"C:\\Windows\\System32\\RuntimeBroker.exe","ProcessGuid":"{D141E5E6-0688-2026-1B4C-65E97CECA5C6}","ProcessId":5119,"CommandLine":"C:\\Windows\\System32\\RuntimeBroker.exe","ParentImage":"C:\\Windows\\System32\\services.exe","ParentProcessGuid":"{0858EEDB-B3A2-2026-329B-02D37EE640A5}","OriginalFileName":"C:\\Windows\\System32\\RuntimeBroker.exe","SHA256":"3509cfc3bd613280af5695c9550966ed5c054d3bc0a8acf58d9e4ea2623ca952"}
{"UtcTime":"2026-08-12 09:52:14.000","Computer":"TN-FIN-WS042","User":"TRANSNORTE\\backup_svc","EventID":11,"Image":"C:\\Windows\\System32\\svchost.exe","ProcessGuid":"{E47DE57F-D7B0-2026-CDAE-FE10BFACC493}","ProcessId":2401,"TargetFilename":"C:\\Users\\ops.cardoso\\AppData\\Local\\Temp\\office-734.tmp"}
{"UtcTime":"2026-08-12 09:52:15.000","Computer":"TN-FIN-WS042","User":"TRANSNORTE\\backup_svc","EventID":3,"Image":"C:\\Windows\\explorer.exe","ProcessGuid":"{BF321538-4A13-2026-2662-7B9D4AE5173F}","ProcessId":7636,"DestinationIp":"10.50.10.88","DestinationPort":53,"SourceIp":"10.50.10.42","Protocol":"tcp"}
{"UtcTime":"2026-08-12 09:52:16.000","Computer":"TN-FIN-WS042","User":"TRANSNORTE\\backup_svc","EventID":13,"Image":"C:\\Program Files\\Google\\Chrome\\Application\\chrome.exe","ProcessGuid":"{1CE4B5FA-73F6-2026-DDF3-90011FF93D2A}","ProcessId":722,"EventType":"SetValue","TargetObject":"HKCU\\Software\\Microsoft\\Office\\16.0\\Outlook\\Resiliency\\736","Details":"1"}
{"UtcTime":"2026-08-12 09:52:17.000","Computer":"TN-FIN-WS042","User":"TRANSNORTE\\ops.cardoso","EventID":5,"Image":"C:\\Program Files\\Google\\Chrome\\Application\\chrome.exe","ProcessGuid":"{161214EE-AF03-2026-2393-16516A394D05}","ProcessId":7439,"EventType":"End"}
{"UtcTime":"2026-08-12 09:52:18.000","Computer":"TN-FIN-WS042","User":"TRANSNORTE\\ops.cardoso","EventID":1,"Image":"C:\\Windows\\explorer.exe","ProcessGuid":"{1B3D1D1D-4A84-2026-2678-EAE7822ECCDA}","ProcessId":6167,"CommandLine":"C:\\Windows\\explorer.exe","ParentImage":"C:\\Windows\\System32\\services.exe","ParentProcessGuid":"{70863730-9DAF-2026-C9AC-B7306529DBA9}","OriginalFileName":"C:\\Windows\\explorer.exe","SHA256":"e7eef9650e3e29b5c7f4e5be8cb644ad982683a70638cc29df6c6797a196855d"}
{"UtcTime":"2026-08-12 09:52:19.000","Computer":"TN-FIN-WS042","User":"TRANSNORTE\\backup_svc","EventID":1,"Image":"C:\\Windows\\System32\\RuntimeBroker.exe","ProcessGuid":"{B785F06C-D442-2026-CC74-9A525FC13FCC}","ProcessId":2635,"CommandLine":"C:\\Windows\\System32\\RuntimeBroker.exe","ParentImage":"C:\\Windows\\System32\\services.exe","ParentProcessGuid":"{6B240B47-B99F-2026-4CD3-7D528276C107}","OriginalFileName":"C:\\Windows\\System32\\RuntimeBroker.exe","SHA256":"0eda9da751aef236abf9c6859e77ff42203da176754364317f0a37b2a43d7740"}
{"UtcTime":"2026-08-12 09:52:20.000","Computer":"TN-FIN-WS042","User":"TRANSNORTE\\backup_svc","EventID":1,"Image":"C:\\Program Files\\Google\\Chrome\\Application\\chrome.exe","ProcessGuid":"{2EAF1B8F-937A-2026-BF5C-CFF8B0B3D859}","ProcessId":5092,"CommandLine":"C:\\Program Files\\Google\\Chrome\\Application\\chrome.exe","ParentImage":"C:\\Windows\\System32\\services.exe","ParentProcessGuid":"{D1D1CDB7-5EDD-2026-E8FA-8D3602662620}","OriginalFileName":"C:\\Program Files\\Google\\Chrome\\Application\\chrome.exe","SHA256":"2f37a69b06d84ed201ebf64a3450a5da9566203be273e54adb30d542de3bf39f"}
{"UtcTime":"2026-08-12 09:52:21.000","Computer":"TN-FIN-WS042","User":"TRANSNORTE\\backup_svc","EventID":1,"Image":"C:\\Windows\\System32\\svchost.exe","ProcessGuid":"{9849ED90-2F0F-2026-A33E-12C929B93401}","ProcessId":4968,"CommandLine":"C:\\Windows\\System32\\svchost.exe","ParentImage":"C:\\Windows\\System32\\services.exe","ParentProcessGuid":"{2A77207C-D169-2026-743F-77CC1FA711DA}","OriginalFileName":"C:\\Windows\\System32\\svchost.exe","SHA256":"fe3ae84e5cffa9022a1f9f0b0a39da386d13cedb31e554b62d9a6fc49cd6acac"}
{"UtcTime":"2026-08-12 09:52:22.000","Computer":"TN-FIN-WS042","User":"TRANSNORTE\\ops.cardoso","EventID":1,"Image":"C:\\Windows\\System32\\conhost.exe","ProcessGuid":"{9FF593E3-493A-2026-CEBD-A79C846247E2}","ProcessId":3413,"CommandLine":"C:\\Windows\\System32\\conhost.exe","ParentImage":"C:\\Windows\\System32\\services.exe","ParentProcessGuid":"{3D08DD3B-BFCC-2026-0298-B385CB01248A}","OriginalFileName":"C:\\Windows\\System32\\conhost.exe","SHA256":"01992fc9cc85cb31c42ce3abb468b6d8d471d38fc0ac9d0c9a89417b26d4b4b0"}
{"UtcTime":"2026-08-12 09:52:23.000","Computer":"TN-FIN-WS042","User":"TRANSNORTE\\ops.cardoso","EventID":1,"Image":"C:\\Windows\\explorer.exe","ProcessGuid":"{AB10AEEB-ED71-2026-F44B-DB2360C2534D}","ProcessId":2868,"CommandLine":"C:\\Windows\\explorer.exe","ParentImage":"C:\\Windows\\System32\\services.exe","ParentProcessGuid":"{886C1845-DFD2-2026-2B55-AAEC0D8318F5}","OriginalFileName":"C:\\Windows\\explorer.exe","SHA256":"788d39b92eda7be08eb06358b13c1cd4da15bc2d412de7dea8261530e4b260c6"}
{"UtcTime":"2026-08-12 09:52:24.000","Computer":"TN-FIN-WS042","User":"TRANSNORTE\\ops.cardoso","EventID":3,"Image":"C:\\Windows\\System32\\svchost.exe","ProcessGuid":"{DBA433EB-CACE-2026-0174-862088124E11}","ProcessId":2813,"DestinationIp":"10.50.10.10","DestinationPort":135,"SourceIp":"10.50.10.42","Protocol":"tcp"}
{"UtcTime":"2026-08-12 09:52:25.000","Computer":"TN-FIN-WS042","User":"TRANSNORTE\\backup_svc","EventID":13,"Image":"C:\\Windows\\System32\\conhost.exe","ProcessGuid":"{095C1BA3-7002-2026-FE9B-36F32AFC4448}","ProcessId":4228,"EventType":"SetValue","TargetObject":"HKCU\\Software\\Microsoft\\Office\\16.0\\Outlook\\Resiliency\\745","Details":"1"}
{"UtcTime":"2026-08-12 09:52:26.000","Computer":"TN-FIN-WS042","User":"TRANSNORTE\\ops.cardoso","EventID":1,"Image":"C:\\Windows\\System32\\svchost.exe","ProcessGuid":"{8D61B91B-0147-2026-0266-CA4B2E49305D}","ProcessId":8619,"CommandLine":"C:\\Windows\\System32\\svchost.exe","ParentImage":"C:\\Windows\\System32\\services.exe","ParentProcessGuid":"{68B3A6DF-D240-2026-3D7D-4072ED4DACD8}","OriginalFileName":"C:\\Windows\\System32\\svchost.exe","SHA256":"4704e8c3956c7dc1a3c6adce43214df3b1f18f79c4a59d02e5a25dcae827cfd8"}
{"UtcTime":"2026-08-12 09:52:27.000","Computer":"TN-FIN-WS042","User":"TRANSNORTE\\backup_svc","EventID":1,"Image":"C:\\Program Files\\Google\\Chrome\\Application\\chrome.exe","ProcessGuid":"{29EB7CCC-F6A8-2026-3915-523D93D901AF}","ProcessId":7757,"CommandLine":"C:\\Program Files\\Google\\Chrome\\Application\\chrome.exe","ParentImage":"C:\\Windows\\System32\\services.exe","ParentProcessGuid":"{C16793D7-CA97-2026-B26E-580D761FE363}","OriginalFileName":"C:\\Program Files\\Google\\Chrome\\Application\\chrome.exe","SHA256":"fd574618cd6bcb76ebc094871dbdcd2ac2e2a99379364f058c949ba8f36447cc"}
{"UtcTime":"2026-08-12 09:52:28.000","Computer":"TN-FIN-WS042","User":"TRANSNORTE\\ops.cardoso","EventID":5,"Image":"C:\\Windows\\System32\\RuntimeBroker.exe","ProcessGuid":"{5AD3CD04-C650-2026-3F0D-55B223564373}","ProcessId":7892,"EventType":"End"}
{"UtcTime":"2026-08-12 09:52:29.000","Computer":"TN-FIN-WS042","User":"TRANSNORTE\\backup_svc","EventID":13,"Image":"C:\\Program Files\\Microsoft Office\\Office16\\OUTLOOK.EXE","ProcessGuid":"{647F0D70-3964-2026-8BC9-23C5BFA8EFA2}","ProcessId":7912,"EventType":"SetValue","TargetObject":"HKCU\\Software\\Microsoft\\Office\\16.0\\Outlook\\Resiliency\\749","Details":"1"}
{"UtcTime":"2026-08-12 09:52:30.000","Computer":"TN-FIN-WS042","User":"TRANSNORTE\\ops.cardoso","EventID":11,"Image":"C:\\Windows\\System32\\conhost.exe","ProcessGuid":"{B85DD28A-9BFE-2026-96E4-92C85C3512FC}","ProcessId":2305,"TargetFilename":"C:\\Users\\ops.cardoso\\AppData\\Local\\Temp\\office-750.tmp"}
{"UtcTime":"2026-08-12 09:52:31.000","Computer":"TN-FIN-WS042","User":"TRANSNORTE\\backup_svc","EventID":1,"Image":"C:\\Windows\\System32\\svchost.exe","ProcessGuid":"{50072024-0690-2026-51CE-612A5E8678F8}","ProcessId":2892,"CommandLine":"C:\\Windows\\System32\\svchost.exe","ParentImage":"C:\\Windows\\System32\\services.exe","ParentProcessGuid":"{F7685B37-B9F7-2026-D79E-D4089A26C1D4}","OriginalFileName":"C:\\Windows\\System32\\svchost.exe","SHA256":"1171b2a9944e1b2131ebe503b7a72424b2eb4405f952c5ca0af41b0a2ab32556"}
{"UtcTime":"2026-08-12 09:52:32.000","Computer":"TN-FIN-WS042","User":"TRANSNORTE\\backup_svc","EventID":13,"Image":"C:\\Program Files\\Google\\Chrome\\Application\\chrome.exe","ProcessGuid":"{5B887891-CBF0-2026-A5F9-F58FA4F76B97}","ProcessId":8136,"EventType":"SetValue","TargetObject":"HKCU\\Software\\Microsoft\\Office\\16.0\\Outlook\\Resiliency\\752","Details":"1"}
{"UtcTime":"2026-08-12 09:52:33.000","Computer":"TN-FIN-WS042","User":"TRANSNORTE\\backup_svc","EventID":5,"Image":"C:\\Program Files\\Google\\Chrome\\Application\\chrome.exe","ProcessGuid":"{78368F0C-5272-2026-BA33-D9727EE0DD37}","ProcessId":605,"EventType":"End"}
{"UtcTime":"2026-08-12 09:52:34.000","Computer":"TN-FIN-WS042","User":"TRANSNORTE\\backup_svc","EventID":11,"Image":"C:\\Windows\\System32\\conhost.exe","ProcessGuid":"{01379F09-F141-2026-0D6A-498AA5E7A545}","ProcessId":7651,"TargetFilename":"C:\\Users\\ops.cardoso\\AppData\\Local\\Temp\\office-754.tmp"}
{"UtcTime":"2026-08-12 09:52:35.000","Computer":"TN-FIN-WS042","User":"TRANSNORTE\\ops.cardoso","EventID":5,"Image":"C:\\Program Files\\Google\\Chrome\\Application\\chrome.exe","ProcessGuid":"{CA3A8C6F-3303-2026-166F-DFD5E994EE40}","ProcessId":2698,"EventType":"End"}
{"UtcTime":"2026-08-12 09:52:36.000","Computer":"TN-FIN-WS042","User":"TRANSNORTE\\ops.cardoso","EventID":11,"Image":"C:\\Windows\\System32\\conhost.exe","ProcessGuid":"{02C95C5F-002D-2026-CB45-8F263FF29DEF}","ProcessId":3415,"TargetFilename":"C:\\Users\\ops.cardoso\\AppData\\Local\\Temp\\office-756.tmp"}
{"UtcTime":"2026-08-12 09:52:37.000","Computer":"TN-FIN-WS042","User":"TRANSNORTE\\backup_svc","EventID":1,"Image":"C:\\Program Files\\Google\\Chrome\\Application\\chrome.exe","ProcessGuid":"{FFFD828D-3DAE-2026-B4F5-611B81BAD3C8}","ProcessId":8215,"CommandLine":"C:\\Program Files\\Google\\Chrome\\Application\\chrome.exe","ParentImage":"C:\\Windows\\System32\\services.exe","ParentProcessGuid":"{85FFBD8A-876F-2026-6EE9-5F8A19901378}","OriginalFileName":"C:\\Program Files\\Google\\Chrome\\Application\\chrome.exe","SHA256":"0a59959934bedb0ea2ea9d7630765205c60abbec2333f52b867947f135194e96"}
{"UtcTime":"2026-08-12 09:52:38.000","Computer":"TN-FIN-WS042","User":"TRANSNORTE\\backup_svc","EventID":5,"Image":"C:\\Program Files\\Google\\Chrome\\Application\\chrome.exe","ProcessGuid":"{E0E50EEA-E135-2026-7B5A-53294E19EEC2}","ProcessId":2138,"EventType":"End"}
{"UtcTime":"2026-08-12 09:52:39.000","Computer":"TN-FIN-WS042","User":"TRANSNORTE\\backup_svc","EventID":1,"Image":"C:\\Windows\\System32\\conhost.exe","ProcessGuid":"{11A1DB1D-304F-2026-EFD0-78EE18A272D3}","ProcessId":7475,"CommandLine":"C:\\Windows\\System32\\conhost.exe","ParentImage":"C:\\Windows\\System32\\services.exe","ParentProcessGuid":"{C79244F5-88F9-2026-E417-302E28C3B6E1}","OriginalFileName":"C:\\Windows\\System32\\conhost.exe","SHA256":"e60494d663d4ef384b89203cf6c31324611b42243b4dcfd9732e2aec7f00569e"}
{"UtcTime":"2026-08-12 09:52:40.000","Computer":"TN-FIN-WS042","User":"TRANSNORTE\\backup_svc","EventID":1,"Image":"C:\\Program Files\\Google\\Chrome\\Application\\chrome.exe","ProcessGuid":"{70ADBF4F-ACEB-2026-857E-6088804F058D}","ProcessId":1671,"CommandLine":"C:\\Program Files\\Google\\Chrome\\Application\\chrome.exe","ParentImage":"C:\\Windows\\System32\\services.exe","ParentProcessGuid":"{02F27CCC-4D6A-2026-B818-6252B8DAC5B1}","OriginalFileName":"C:\\Program Files\\Google\\Chrome\\Application\\chrome.exe","SHA256":"ebce427964444278b05671942d048d1c7ee28250444a9844b7c17aa9ef69809e"}
{"UtcTime":"2026-08-12 09:52:41.000","Computer":"TN-FIN-WS042","User":"TRANSNORTE\\ops.cardoso","EventID":1,"Image":"C:\\Windows\\System32\\RuntimeBroker.exe","ProcessGuid":"{0C9614E8-FBFA-2026-6979-587224297259}","ProcessId":1773,"CommandLine":"C:\\Windows\\System32\\RuntimeBroker.exe","ParentImage":"C:\\Windows\\System32\\services.exe","ParentProcessGuid":"{F2A0F5A8-ACDF-2026-6361-AB1846FB0329}","OriginalFileName":"C:\\Windows\\System32\\RuntimeBroker.exe","SHA256":"8065f1a5f16488e69b4fe7d0e23c95d07bd42dc0ce2e5a010003d802110af8f3"}
{"UtcTime":"2026-08-12 09:52:42.000","Computer":"TN-FIN-WS042","User":"TRANSNORTE\\ops.cardoso","EventID":5,"Image":"C:\\Windows\\System32\\svchost.exe","ProcessGuid":"{C31894D5-D73B-2026-AC78-4352189E0A5E}","ProcessId":6932,"EventType":"End"}
{"UtcTime":"2026-08-12 09:52:43.000","Computer":"TN-FIN-WS042","User":"TRANSNORTE\\backup_svc","EventID":1,"Image":"C:\\Windows\\System32\\conhost.exe","ProcessGuid":"{2C5C89BE-8507-2026-42B1-6EEC04990D4D}","ProcessId":5207,"CommandLine":"C:\\Windows\\System32\\conhost.exe","ParentImage":"C:\\Windows\\System32\\services.exe","ParentProcessGuid":"{0EFB9EB7-9BCD-2026-04A8-48B110F7BF18}","OriginalFileName":"C:\\Windows\\System32\\conhost.exe","SHA256":"97bbcd3d97b355cfe6f9d7cba12a81736c5c009b12c2a906dbd59c73721bedc1"}
{"UtcTime":"2026-08-12 09:52:44.000","Computer":"TN-FIN-WS042","User":"TRANSNORTE\\ops.cardoso","EventID":1,"Image":"C:\\Windows\\System32\\RuntimeBroker.exe","ProcessGuid":"{D4BF9105-ED8F-2026-33B4-3CD3236994B4}","ProcessId":7043,"CommandLine":"C:\\Windows\\System32\\RuntimeBroker.exe","ParentImage":"C:\\Windows\\System32\\services.exe","ParentProcessGuid":"{C3F99C84-4C3A-2026-97A3-131CF51B25EE}","OriginalFileName":"C:\\Windows\\System32\\RuntimeBroker.exe","SHA256":"eb5ef6385ff5efb5bac6a42df13839baa130df8fbb3ea63ba0de0d88849ed37c"}
{"UtcTime":"2026-08-12 09:52:45.000","Computer":"TN-FIN-WS042","User":"TRANSNORTE\\ops.cardoso","EventID":1,"Image":"C:\\Windows\\explorer.exe","ProcessGuid":"{50BD5FF7-C2F1-2026-58A8-D6CBEB1966F1}","ProcessId":563,"CommandLine":"C:\\Windows\\explorer.exe","ParentImage":"C:\\Windows\\System32\\services.exe","ParentProcessGuid":"{A91E0FCE-2EFD-2026-F177-48A7B563CCC8}","OriginalFileName":"C:\\Windows\\explorer.exe","SHA256":"b0f326ace1af3be9303361e9fae56bd1fc90b28cdbb69055cb9642587dbec18a"}
{"UtcTime":"2026-08-12 09:52:46.000","Computer":"TN-FIN-WS042","User":"TRANSNORTE\\ops.cardoso","EventID":11,"Image":"C:\\Program Files\\Microsoft Office\\Office16\\OUTLOOK.EXE","ProcessGuid":"{588901E2-019F-2026-3BEB-7E386081ABC9}","ProcessId":5173,"TargetFilename":"C:\\Users\\ops.cardoso\\AppData\\Local\\Temp\\office-766.tmp"}
{"UtcTime":"2026-08-12 09:52:47.000","Computer":"TN-FIN-WS042","User":"TRANSNORTE\\ops.cardoso","EventID":5,"Image":"C:\\Program Files\\Microsoft Office\\Office16\\OUTLOOK.EXE","ProcessGuid":"{33A76BF3-9857-2026-5776-CE88F6AC19F4}","ProcessId":4189,"EventType":"End"}
{"UtcTime":"2026-08-12 09:52:48.000","Computer":"TN-FIN-WS042","User":"TRANSNORTE\\backup_svc","EventID":1,"Image":"C:\\Windows\\System32\\RuntimeBroker.exe","ProcessGuid":"{6507EC90-0A58-2026-58F8-9D53790A7D3F}","ProcessId":1038,"CommandLine":"C:\\Windows\\System32\\RuntimeBroker.exe","ParentImage":"C:\\Windows\\System32\\services.exe","ParentProcessGuid":"{D063116D-66BB-2026-7C93-6700D773E1BE}","OriginalFileName":"C:\\Windows\\System32\\RuntimeBroker.exe","SHA256":"1ad4018cf3137ad24d38dec81cd6504f90c6c36e20f3c747f7e96686d752818a"}
{"UtcTime":"2026-08-12 09:52:49.000","Computer":"TN-FIN-WS042","User":"TRANSNORTE\\backup_svc","EventID":1,"Image":"C:\\Windows\\System32\\svchost.exe","ProcessGuid":"{30B40930-9E2E-2026-1C51-7D1A0BA697C4}","ProcessId":2396,"CommandLine":"C:\\Windows\\System32\\svchost.exe","ParentImage":"C:\\Windows\\System32\\services.exe","ParentProcessGuid":"{6AE38A26-30EE-2026-F5A5-859B2510CCE2}","OriginalFileName":"C:\\Windows\\System32\\svchost.exe","SHA256":"830cd3ae4eb28c1557a195c6ccc257eaa887232c838edd88dbbbc24e238e2b22"}
{"UtcTime":"2026-08-12 09:52:50.000","Computer":"TN-FIN-WS042","User":"TRANSNORTE\\backup_svc","EventID":3,"Image":"C:\\Program Files\\Microsoft Office\\Office16\\OUTLOOK.EXE","ProcessGuid":"{429C15F3-EB41-2026-3685-243F5BD63872}","ProcessId":8565,"DestinationIp":"10.50.10.88","DestinationPort":53,"SourceIp":"10.50.10.42","Protocol":"tcp"}
{"UtcTime":"2026-08-12 09:52:51.000","Computer":"TN-FIN-WS042","User":"TRANSNORTE\\ops.cardoso","EventID":3,"Image":"C:\\Windows\\System32\\conhost.exe","ProcessGuid":"{0106A115-4182-2026-4D02-5B78936FBE89}","ProcessId":7930,"DestinationIp":"1.1.1.1","DestinationPort":135,"SourceIp":"10.50.10.42","Protocol":"tcp"}
{"UtcTime":"2026-08-12 09:52:52.000","Computer":"TN-FIN-WS042","User":"TRANSNORTE\\backup_svc","EventID":1,"Image":"C:\\Program Files\\Microsoft Office\\Office16\\OUTLOOK.EXE","ProcessGuid":"{142D94F4-7AA0-2026-B772-C4A022741861}","ProcessId":6485,"CommandLine":"C:\\Program Files\\Microsoft Office\\Office16\\OUTLOOK.EXE","ParentImage":"C:\\Windows\\System32\\services.exe","ParentProcessGuid":"{993413D9-A9DF-2026-23CD-C9F46218D990}","OriginalFileName":"C:\\Program Files\\Microsoft Office\\Office16\\OUTLOOK.EXE","SHA256":"4fb0ce847a37dae435b49a68b23942741ce1b8dc9d5bec51775b206b98ecfd40"}
{"UtcTime":"2026-08-12 09:52:53.000","Computer":"TN-FIN-WS042","User":"TRANSNORTE\\ops.cardoso","EventID":3,"Image":"C:\\Windows\\System32\\conhost.exe","ProcessGuid":"{670B6DB5-88E2-2026-5F4C-C3F19065D610}","ProcessId":6236,"DestinationIp":"8.8.8.8","DestinationPort":443,"SourceIp":"10.50.10.42","Protocol":"tcp"}
{"UtcTime":"2026-08-12 09:52:54.000","Computer":"TN-FIN-WS042","User":"TRANSNORTE\\backup_svc","EventID":3,"Image":"C:\\Program Files\\Google\\Chrome\\Application\\chrome.exe","ProcessGuid":"{1D38003D-5AC8-2026-1A6C-DABEB919C74C}","ProcessId":1775,"DestinationIp":"8.8.8.8","DestinationPort":443,"SourceIp":"10.50.10.42","Protocol":"tcp"}
{"UtcTime":"2026-08-12 09:52:55.000","Computer":"TN-FIN-WS042","User":"TRANSNORTE\\backup_svc","EventID":5,"Image":"C:\\Windows\\System32\\RuntimeBroker.exe","ProcessGuid":"{49062917-B9A1-2026-3A57-41470F538554}","ProcessId":7099,"EventType":"End"}
{"UtcTime":"2026-08-12 09:52:56.000","Computer":"TN-FIN-WS042","User":"TRANSNORTE\\backup_svc","EventID":13,"Image":"C:\\Windows\\explorer.exe","ProcessGuid":"{A5B393D8-4C8D-2026-E08B-72CAC92D140D}","ProcessId":2131,"EventType":"SetValue","TargetObject":"HKCU\\Software\\Microsoft\\Office\\16.0\\Outlook\\Resiliency\\776","Details":"1"}
{"UtcTime":"2026-08-12 09:52:57.000","Computer":"TN-FIN-WS042","User":"TRANSNORTE\\backup_svc","EventID":1,"Image":"C:\\Program Files\\Google\\Chrome\\Application\\chrome.exe","ProcessGuid":"{9BF15DB8-A527-2026-724E-E2677128C99E}","ProcessId":661,"CommandLine":"C:\\Program Files\\Google\\Chrome\\Application\\chrome.exe","ParentImage":"C:\\Windows\\System32\\services.exe","ParentProcessGuid":"{481ED38F-334E-2026-26D6-3B0732562B3B}","OriginalFileName":"C:\\Program Files\\Google\\Chrome\\Application\\chrome.exe","SHA256":"e0ad1c9677474426b20d9a9f5c7f5719a31101c1f5700336783f8b0a39acc93c"}
{"UtcTime":"2026-08-12 09:52:58.000","Computer":"TN-FIN-WS042","User":"TRANSNORTE\\backup_svc","EventID":5,"Image":"C:\\Program Files\\Microsoft Office\\Office16\\OUTLOOK.EXE","ProcessGuid":"{C7F82517-1ED6-2026-7B15-CC75DC3D30F9}","ProcessId":1829,"EventType":"End"}
{"UtcTime":"2026-08-12 09:52:59.000","Computer":"TN-FIN-WS042","User":"TRANSNORTE\\ops.cardoso","EventID":1,"Image":"C:\\Windows\\System32\\RuntimeBroker.exe","ProcessGuid":"{E382E2D3-C3F9-2026-0C99-2984622D91BE}","ProcessId":7238,"CommandLine":"C:\\Windows\\System32\\RuntimeBroker.exe","ParentImage":"C:\\Windows\\System32\\services.exe","ParentProcessGuid":"{45D9AE70-DB6D-2026-5DC3-B62E8BA16C09}","OriginalFileName":"C:\\Windows\\System32\\RuntimeBroker.exe","SHA256":"9660814b170520193979f8bdd59fd052a3e98a2145650e9a8bc6884e1a9dd900"}
{"UtcTime":"2026-08-12 09:53:00.000","Computer":"TN-FIN-WS042","User":"TRANSNORTE\\ops.cardoso","EventID":1,"Image":"C:\\Program Files\\Google\\Chrome\\Application\\chrome.exe","ProcessGuid":"{66AE1BBF-069A-2026-5741-8DC4D38764D4}","ProcessId":7579,"CommandLine":"C:\\Program Files\\Google\\Chrome\\Application\\chrome.exe","ParentImage":"C:\\Windows\\System32\\services.exe","ParentProcessGuid":"{61C55B62-8969-2026-242D-4077E7A8CF25}","OriginalFileName":"C:\\Program Files\\Google\\Chrome\\Application\\chrome.exe","SHA256":"c1b421a0fdbe2a997432358ac2935395366b995f672a6d97887fb6a6829fdd85"}
{"UtcTime":"2026-08-12 09:53:01.000","Computer":"TN-FIN-WS042","User":"TRANSNORTE\\backup_svc","EventID":3,"Image":"C:\\Windows\\System32\\conhost.exe","ProcessGuid":"{76D6F5A1-6C58-2026-15BD-6992C4F412C9}","ProcessId":3826,"DestinationIp":"1.1.1.1","DestinationPort":8080,"SourceIp":"10.50.10.42","Protocol":"tcp"}
{"UtcTime":"2026-08-12 09:53:02.000","Computer":"TN-FIN-WS042","User":"TRANSNORTE\\backup_svc","EventID":11,"Image":"C:\\Program Files\\Microsoft Office\\Office16\\OUTLOOK.EXE","ProcessGuid":"{1DDDF5C0-79C6-2026-CBB2-2A9D0338FAFE}","ProcessId":8763,"TargetFilename":"C:\\Users\\ops.cardoso\\AppData\\Local\\Temp\\office-782.tmp"}
{"UtcTime":"2026-08-12 09:53:03.000","Computer":"TN-FIN-WS042","User":"TRANSNORTE\\backup_svc","EventID":5,"Image":"C:\\Windows\\System32\\RuntimeBroker.exe","ProcessGuid":"{6BE869BA-1A2E-2026-A1BD-8AF6A38C95AC}","ProcessId":5060,"EventType":"End"}
{"UtcTime":"2026-08-12 09:53:04.000","Computer":"TN-FIN-WS042","User":"TRANSNORTE\\backup_svc","EventID":3,"Image":"C:\\Windows\\System32\\RuntimeBroker.exe","ProcessGuid":"{44937E99-7D10-2026-A7C0-C07BB6D62035}","ProcessId":8598,"DestinationIp":"8.8.8.8","DestinationPort":8080,"SourceIp":"10.50.10.42","Protocol":"tcp"}
{"UtcTime":"2026-08-12 09:53:05.000","Computer":"TN-FIN-WS042","User":"TRANSNORTE\\backup_svc","EventID":1,"Image":"C:\\Windows\\System32\\conhost.exe","ProcessGuid":"{4858749A-EAC3-2026-AD5A-0DAA57FFCA14}","ProcessId":2856,"CommandLine":"C:\\Windows\\System32\\conhost.exe","ParentImage":"C:\\Windows\\System32\\services.exe","ParentProcessGuid":"{1AB5AD2B-F24A-2026-EEF8-FB8971F62A7D}","OriginalFileName":"C:\\Windows\\System32\\conhost.exe","SHA256":"0cd2920ca2dbef033ba1c8ff33ecc4ed3435d8eea5cbb60309723f578b7c9fbf"}
{"UtcTime":"2026-08-12 09:53:06.000","Computer":"TN-FIN-WS042","User":"TRANSNORTE\\backup_svc","EventID":1,"Image":"C:\\Program Files\\Microsoft Office\\Office16\\OUTLOOK.EXE","ProcessGuid":"{70E20A1B-5844-2026-3A6D-20E25BAA5B9C}","ProcessId":8513,"CommandLine":"C:\\Program Files\\Microsoft Office\\Office16\\OUTLOOK.EXE","ParentImage":"C:\\Windows\\System32\\services.exe","ParentProcessGuid":"{44ED8BB2-E55A-2026-3EEC-B0C539614C24}","OriginalFileName":"C:\\Program Files\\Microsoft Office\\Office16\\OUTLOOK.EXE","SHA256":"7449c6d0c3354010c17470ceaa84f330f0af375ec0c6ee01f6ba7321536359c9"}
{"UtcTime":"2026-08-12 09:53:07.000","Computer":"TN-FIN-WS042","User":"TRANSNORTE\\backup_svc","EventID":1,"Image":"C:\\Windows\\explorer.exe","ProcessGuid":"{1527FEE8-2BCA-2026-4753-8350712F55ED}","ProcessId":1526,"CommandLine":"C:\\Windows\\explorer.exe","ParentImage":"C:\\Windows\\System32\\services.exe","ParentProcessGuid":"{5DA48510-503F-2026-14AD-A3B8E7E11A8A}","OriginalFileName":"C:\\Windows\\explorer.exe","SHA256":"a1d4519b1c8ded7a31f3515f1584d011a74ace48000753e56d6108855c6825cc"}
{"UtcTime":"2026-08-12 09:53:08.000","Computer":"TN-FIN-WS042","User":"TRANSNORTE\\ops.cardoso","EventID":1,"Image":"C:\\Windows\\System32\\conhost.exe","ProcessGuid":"{3D590E1B-C1DF-2026-6AB8-88D5C66A0F77}","ProcessId":7461,"CommandLine":"C:\\Windows\\System32\\conhost.exe","ParentImage":"C:\\Windows\\System32\\services.exe","ParentProcessGuid":"{6C3298DE-E678-2026-450E-7256D176093A}","OriginalFileName":"C:\\Windows\\System32\\conhost.exe","SHA256":"b5aa41e3a9f7971260ac8c47644c2ce129933116d46b93c99bcda3f3474d3300"}
{"UtcTime":"2026-08-12 09:53:09.000","Computer":"TN-FIN-WS042","User":"TRANSNORTE\\backup_svc","EventID":11,"Image":"C:\\Windows\\explorer.exe","ProcessGuid":"{D1337089-FECD-2026-C4E3-0C29D1B197B0}","ProcessId":7824,"TargetFilename":"C:\\Users\\ops.cardoso\\AppData\\Local\\Temp\\office-789.tmp"}
{"UtcTime":"2026-08-12 09:53:10.000","Computer":"TN-FIN-WS042","User":"TRANSNORTE\\backup_svc","EventID":13,"Image":"C:\\Windows\\System32\\RuntimeBroker.exe","ProcessGuid":"{1FA2128C-5CFB-2026-3572-8B57999929E5}","ProcessId":1923,"EventType":"SetValue","TargetObject":"HKCU\\Software\\Microsoft\\Office\\16.0\\Outlook\\Resiliency\\790","Details":"1"}
{"UtcTime":"2026-08-12 09:53:11.000","Computer":"TN-FIN-WS042","User":"TRANSNORTE\\backup_svc","EventID":1,"Image":"C:\\Program Files\\Google\\Chrome\\Application\\chrome.exe","ProcessGuid":"{57ABD32F-E87E-2026-6931-965CD94C3C70}","ProcessId":944,"CommandLine":"C:\\Program Files\\Google\\Chrome\\Application\\chrome.exe","ParentImage":"C:\\Windows\\System32\\services.exe","ParentProcessGuid":"{CAB1E77E-6F93-2026-AB15-20ECAEF57F15}","OriginalFileName":"C:\\Program Files\\Google\\Chrome\\Application\\chrome.exe","SHA256":"61a84c9fb9ce7091aaabd887b88f4110afe24b03279261b2d784dc400d8d98fc"}
{"UtcTime":"2026-08-12 09:53:12.000","Computer":"TN-FIN-WS042","User":"TRANSNORTE\\ops.cardoso","EventID":5,"Image":"C:\\Windows\\System32\\RuntimeBroker.exe","ProcessGuid":"{0CE89523-180E-2026-A4DE-BD5EFA578957}","ProcessId":3192,"EventType":"End"}
{"UtcTime":"2026-08-12 09:53:13.000","Computer":"TN-FIN-WS042","User":"TRANSNORTE\\backup_svc","EventID":1,"Image":"C:\\Windows\\System32\\RuntimeBroker.exe","ProcessGuid":"{E03E1137-80A2-2026-7D8B-35D1BA3671A4}","ProcessId":8025,"CommandLine":"C:\\Windows\\System32\\RuntimeBroker.exe","ParentImage":"C:\\Windows\\System32\\services.exe","ParentProcessGuid":"{4D36563E-09A9-2026-7528-8337A4268953}","OriginalFileName":"C:\\Windows\\System32\\RuntimeBroker.exe","SHA256":"ba8c5a167394424909e9befab8ff783ca0a2fb8cbe160be3e5b002e8e81f486e"}
{"UtcTime":"2026-08-12 09:53:14.000","Computer":"TN-FIN-WS042","User":"TRANSNORTE\\ops.cardoso","EventID":1,"Image":"C:\\Windows\\System32\\svchost.exe","ProcessGuid":"{50506B4B-57B5-2026-0F02-DECAD24A8E75}","ProcessId":4693,"CommandLine":"C:\\Windows\\System32\\svchost.exe","ParentImage":"C:\\Windows\\System32\\services.exe","ParentProcessGuid":"{7FE6D103-974E-2026-80A7-D005C41DB1C2}","OriginalFileName":"C:\\Windows\\System32\\svchost.exe","SHA256":"75cf94e710085c45700486511b8614db5f60b9996959ada2c5461d57d889c3eb"}
{"UtcTime":"2026-08-12 09:53:15.000","Computer":"TN-FIN-WS042","User":"TRANSNORTE\\backup_svc","EventID":13,"Image":"C:\\Windows\\explorer.exe","ProcessGuid":"{A9174726-17F4-2026-A823-F783501C2C99}","ProcessId":6362,"EventType":"SetValue","TargetObject":"HKCU\\Software\\Microsoft\\Office\\16.0\\Outlook\\Resiliency\\795","Details":"1"}
{"UtcTime":"2026-08-12 09:53:16.000","Computer":"TN-FIN-WS042","User":"TRANSNORTE\\backup_svc","EventID":3,"Image":"C:\\Program Files\\Google\\Chrome\\Application\\chrome.exe","ProcessGuid":"{0DCF4BA8-0A73-2026-910F-FF183C93DF79}","ProcessId":4180,"DestinationIp":"1.1.1.1","DestinationPort":443,"SourceIp":"10.50.10.42","Protocol":"tcp"}
{"UtcTime":"2026-08-12 09:53:17.000","Computer":"TN-FIN-WS042","User":"TRANSNORTE\\backup_svc","EventID":1,"Image":"C:\\Windows\\System32\\RuntimeBroker.exe","ProcessGuid":"{891E514B-9464-2026-3860-CC4EE6DE9D0F}","ProcessId":4573,"CommandLine":"C:\\Windows\\System32\\RuntimeBroker.exe","ParentImage":"C:\\Windows\\System32\\services.exe","ParentProcessGuid":"{53E89B75-EA1F-2026-AC09-DE2D77C91ED3}","OriginalFileName":"C:\\Windows\\System32\\RuntimeBroker.exe","SHA256":"ba7c76fbe25f9db8b1f51eb1086e0e58a6a7e630cd6adfa73d2903d2db5c8b71"}
{"UtcTime":"2026-08-12 09:53:18.000","Computer":"TN-FIN-WS042","User":"TRANSNORTE\\ops.cardoso","EventID":1,"Image":"C:\\Program Files\\Microsoft Office\\Office16\\OUTLOOK.EXE","ProcessGuid":"{1D774185-1D0D-2026-7099-F45326F0039E}","ProcessId":3630,"CommandLine":"C:\\Program Files\\Microsoft Office\\Office16\\OUTLOOK.EXE","ParentImage":"C:\\Windows\\System32\\services.exe","ParentProcessGuid":"{FCE28F92-189F-2026-31FE-83D5406C9659}","OriginalFileName":"C:\\Program Files\\Microsoft Office\\Office16\\OUTLOOK.EXE","SHA256":"650b545aa8532de9931fea28bea62c5865981d34c25c419d7a87e5786ff09afa"}
{"UtcTime":"2026-08-12 09:53:19.000","Computer":"TN-FIN-WS042","User":"TRANSNORTE\\backup_svc","EventID":11,"Image":"C:\\Windows\\System32\\RuntimeBroker.exe","ProcessGuid":"{84DF0A6B-6823-2026-8C3E-C52911CDDB64}","ProcessId":5675,"TargetFilename":"C:\\Users\\ops.cardoso\\AppData\\Local\\Temp\\office-799.tmp"}
{"UtcTime":"2026-08-12 09:53:20.000","Computer":"TN-FIN-WS042","User":"TRANSNORTE\\backup_svc","EventID":1,"Image":"C:\\Windows\\System32\\conhost.exe","ProcessGuid":"{747E1DEB-22E6-2026-2766-0208A76A63C6}","ProcessId":907,"CommandLine":"C:\\Windows\\System32\\conhost.exe","ParentImage":"C:\\Windows\\System32\\services.exe","ParentProcessGuid":"{18FEF43D-CA44-2026-E2DC-6F2A1F5131E4}","OriginalFileName":"C:\\Windows\\System32\\conhost.exe","SHA256":"f5eacd363c396b6a372b02403e978d912de63784b5c8b17020af5f3ed22f7074"}
{"UtcTime":"2026-08-12 09:53:21.000","Computer":"TN-FIN-WS042","User":"TRANSNORTE\\backup_svc","EventID":3,"Image":"C:\\Windows\\System32\\conhost.exe","ProcessGuid":"{0BEB441E-2345-2026-D1CF-EBC7C8D37781}","ProcessId":7920,"DestinationIp":"10.50.10.10","DestinationPort":443,"SourceIp":"10.50.10.42","Protocol":"tcp"}
{"UtcTime":"2026-08-12 09:53:22.000","Computer":"TN-FIN-WS042","User":"TRANSNORTE\\ops.cardoso","EventID":3,"Image":"C:\\Windows\\explorer.exe","ProcessGuid":"{411B5A7B-6E8C-2026-2738-B8227EAF1F74}","ProcessId":3916,"DestinationIp":"1.1.1.1","DestinationPort":135,"SourceIp":"10.50.10.42","Protocol":"tcp"}
{"UtcTime":"2026-08-12 09:53:23.000","Computer":"TN-FIN-WS042","User":"TRANSNORTE\\ops.cardoso","EventID":13,"Image":"C:\\Program Files\\Google\\Chrome\\Application\\chrome.exe","ProcessGuid":"{3079F387-E0AE-2026-FF62-9B6746E1AF71}","ProcessId":4816,"EventType":"SetValue","TargetObject":"HKCU\\Software\\Microsoft\\Office\\16.0\\Outlook\\Resiliency\\803","Details":"1"}
{"UtcTime":"2026-08-12 09:53:24.000","Computer":"TN-FIN-WS042","User":"TRANSNORTE\\ops.cardoso","EventID":5,"Image":"C:\\Windows\\System32\\conhost.exe","ProcessGuid":"{C8272750-A399-2026-DB5C-5829855A2116}","ProcessId":7739,"EventType":"End"}
{"UtcTime":"2026-08-12 09:53:25.000","Computer":"TN-FIN-WS042","User":"TRANSNORTE\\ops.cardoso","EventID":1,"Image":"C:\\Windows\\System32\\svchost.exe","ProcessGuid":"{BED6B073-9F15-2026-DED5-0A0C2ACE749D}","ProcessId":6965,"CommandLine":"C:\\Windows\\System32\\svchost.exe","ParentImage":"C:\\Windows\\System32\\services.exe","ParentProcessGuid":"{EF884DB0-BF78-2026-4ED6-9F88D6AB664F}","OriginalFileName":"C:\\Windows\\System32\\svchost.exe","SHA256":"a3a42dabc98b663d99f4420701e7623e447f9a29ce297907c49b39408b4e2b47"}
{"UtcTime":"2026-08-12 09:53:26.000","Computer":"TN-FIN-WS042","User":"TRANSNORTE\\ops.cardoso","EventID":1,"Image":"C:\\Windows\\explorer.exe","ProcessGuid":"{533BFB73-9647-2026-25E8-00DC4B6AB549}","ProcessId":3781,"CommandLine":"C:\\Windows\\explorer.exe","ParentImage":"C:\\Windows\\System32\\services.exe","ParentProcessGuid":"{190C1B50-518C-2026-C844-F4FF64ABBDF5}","OriginalFileName":"C:\\Windows\\explorer.exe","SHA256":"0226421455819d070892130fe4344e5e9b7942351ddfac61cf59d258c127809c"}
{"UtcTime":"2026-08-12 09:53:27.000","Computer":"TN-FIN-WS042","User":"TRANSNORTE\\ops.cardoso","EventID":1,"Image":"C:\\Windows\\explorer.exe","ProcessGuid":"{F08D6AA0-C58D-2026-1DC3-EDB89F9F7F39}","ProcessId":7020,"CommandLine":"C:\\Windows\\explorer.exe","ParentImage":"C:\\Windows\\System32\\services.exe","ParentProcessGuid":"{8D65758F-6B06-2026-8D22-4AAEEA7CE111}","OriginalFileName":"C:\\Windows\\explorer.exe","SHA256":"bb22b79c09f4c9cc43da55fd37e242e3bc7c86a4411c54973dfa08311ac7752c"}
{"UtcTime":"2026-08-12 09:53:28.000","Computer":"TN-FIN-WS042","User":"TRANSNORTE\\ops.cardoso","EventID":5,"Image":"C:\\Program Files\\Google\\Chrome\\Application\\chrome.exe","ProcessGuid":"{22DC5E96-5F20-2026-3ACC-DD03EC21A43E}","ProcessId":465,"EventType":"End"}
{"UtcTime":"2026-08-12 09:53:29.000","Computer":"TN-FIN-WS042","User":"TRANSNORTE\\ops.cardoso","EventID":1,"Image":"C:\\Windows\\explorer.exe","ProcessGuid":"{DE6479F9-BD62-2026-0981-71F77727497D}","ProcessId":4113,"CommandLine":"C:\\Windows\\explorer.exe","ParentImage":"C:\\Windows\\System32\\services.exe","ParentProcessGuid":"{B67907AF-F078-2026-FCA6-B0BD3F6EE4A0}","OriginalFileName":"C:\\Windows\\explorer.exe","SHA256":"9681da909f00a4a9f65a98a66cc1a6106c1026ee6bd5509223d82a40eeda5d10"}
{"UtcTime":"2026-08-12 09:53:30.000","Computer":"TN-FIN-WS042","User":"TRANSNORTE\\ops.cardoso","EventID":3,"Image":"C:\\Program Files\\Microsoft Office\\Office16\\OUTLOOK.EXE","ProcessGuid":"{91BED888-707A-2026-0AAA-4F6B6911ED5B}","ProcessId":2557,"DestinationIp":"10.50.10.88","DestinationPort":8080,"SourceIp":"10.50.10.42","Protocol":"tcp"}
{"UtcTime":"2026-08-12 09:53:31.000","Computer":"TN-FIN-WS042","User":"TRANSNORTE\\ops.cardoso","EventID":1,"Image":"C:\\Windows\\System32\\RuntimeBroker.exe","ProcessGuid":"{B6618A16-95DA-2026-0A0E-4A6391C66F7D}","ProcessId":4488,"CommandLine":"C:\\Windows\\System32\\RuntimeBroker.exe","ParentImage":"C:\\Windows\\System32\\services.exe","ParentProcessGuid":"{ABC428F3-1EF8-2026-1779-1E1CB89DA8BE}","OriginalFileName":"C:\\Windows\\System32\\RuntimeBroker.exe","SHA256":"eafe1573dbbc43cba9bdc40daa2c57064faafe0ae64be1488978d620d838b328"}
{"UtcTime":"2026-08-12 09:53:32.000","Computer":"TN-FIN-WS042","User":"TRANSNORTE\\backup_svc","EventID":3,"Image":"C:\\Windows\\System32\\RuntimeBroker.exe","ProcessGuid":"{AC19962F-70E7-2026-0815-8C094B617D36}","ProcessId":1669,"DestinationIp":"10.50.10.88","DestinationPort":8080,"SourceIp":"10.50.10.42","Protocol":"tcp"}
{"UtcTime":"2026-08-12 09:53:33.000","Computer":"TN-FIN-WS042","User":"TRANSNORTE\\ops.cardoso","EventID":13,"Image":"C:\\Program Files\\Google\\Chrome\\Application\\chrome.exe","ProcessGuid":"{53B70270-C75A-2026-8B3E-9ED9BA9F5EC6}","ProcessId":7084,"EventType":"SetValue","TargetObject":"HKCU\\Software\\Microsoft\\Office\\16.0\\Outlook\\Resiliency\\813","Details":"1"}
{"UtcTime":"2026-08-12 09:53:34.000","Computer":"TN-FIN-WS042","User":"TRANSNORTE\\ops.cardoso","EventID":5,"Image":"C:\\Windows\\System32\\svchost.exe","ProcessGuid":"{1F4DA8B7-5489-2026-0B84-0FB9F4982C3C}","ProcessId":523,"EventType":"End"}
{"UtcTime":"2026-08-12 09:53:35.000","Computer":"TN-FIN-WS042","User":"TRANSNORTE\\ops.cardoso","EventID":5,"Image":"C:\\Program Files\\Microsoft Office\\Office16\\OUTLOOK.EXE","ProcessGuid":"{DF89D0A2-787C-2026-5A93-712B3B348B90}","ProcessId":6522,"EventType":"End"}
{"UtcTime":"2026-08-12 09:53:36.000","Computer":"TN-FIN-WS042","User":"TRANSNORTE\\backup_svc","EventID":3,"Image":"C:\\Program Files\\Google\\Chrome\\Application\\chrome.exe","ProcessGuid":"{977627E1-58F3-2026-B60D-36675A9A49FC}","ProcessId":7507,"DestinationIp":"10.50.10.10","DestinationPort":8080,"SourceIp":"10.50.10.42","Protocol":"tcp"}
{"UtcTime":"2026-08-12 09:53:37.000","Computer":"TN-FIN-WS042","User":"TRANSNORTE\\backup_svc","EventID":1,"Image":"C:\\Windows\\System32\\svchost.exe","ProcessGuid":"{E6B9E9B8-C46C-2026-790B-759B588BB6C5}","ProcessId":5000,"CommandLine":"C:\\Windows\\System32\\svchost.exe","ParentImage":"C:\\Windows\\System32\\services.exe","ParentProcessGuid":"{3C8DAE8A-6832-2026-4371-FBBC50431C15}","OriginalFileName":"C:\\Windows\\System32\\svchost.exe","SHA256":"314a692608bc35abc58d3ee064f49d03f912bdbbd3cfbc43e0bbf938fdc437af"}
{"UtcTime":"2026-08-12 09:53:38.000","Computer":"TN-FIN-WS042","User":"TRANSNORTE\\ops.cardoso","EventID":1,"Image":"C:\\Program Files\\Google\\Chrome\\Application\\chrome.exe","ProcessGuid":"{34D7199F-4703-2026-AE72-5DB09A6D2F05}","ProcessId":8895,"CommandLine":"C:\\Program Files\\Google\\Chrome\\Application\\chrome.exe","ParentImage":"C:\\Windows\\System32\\services.exe","ParentProcessGuid":"{8233E6BA-C927-2026-2B1B-5CFD9DFF5C91}","OriginalFileName":"C:\\Program Files\\Google\\Chrome\\Application\\chrome.exe","SHA256":"a8ead14234941bde5f758a57ed2a13d7b55962a9f4b821e39586f81d1dbe55a2"}
{"UtcTime":"2026-08-12 09:53:39.000","Computer":"TN-FIN-WS042","User":"TRANSNORTE\\ops.cardoso","EventID":1,"Image":"C:\\Program Files\\Microsoft Office\\Office16\\OUTLOOK.EXE","ProcessGuid":"{AC9DF80E-BAF3-2026-2E28-7CA492EA02FB}","ProcessId":4364,"CommandLine":"C:\\Program Files\\Microsoft Office\\Office16\\OUTLOOK.EXE","ParentImage":"C:\\Windows\\System32\\services.exe","ParentProcessGuid":"{4C643983-04B4-2026-28BB-510B14F5B747}","OriginalFileName":"C:\\Program Files\\Microsoft Office\\Office16\\OUTLOOK.EXE","SHA256":"4b878c1e105f09097aaf925b3cd1179bea526ceb5ac62b7013870a02f05f4e95"}
{"UtcTime":"2026-08-12 09:53:40.000","Computer":"TN-FIN-WS042","User":"TRANSNORTE\\backup_svc","EventID":11,"Image":"C:\\Windows\\System32\\RuntimeBroker.exe","ProcessGuid":"{9CB31708-9495-2026-B733-504436F77783}","ProcessId":6678,"TargetFilename":"C:\\Users\\ops.cardoso\\AppData\\Local\\Temp\\office-820.tmp"}
{"UtcTime":"2026-08-12 09:53:41.000","Computer":"TN-FIN-WS042","User":"TRANSNORTE\\ops.cardoso","EventID":1,"Image":"C:\\Program Files\\Microsoft Office\\Office16\\OUTLOOK.EXE","ProcessGuid":"{DC419872-7898-2026-48CB-685C0506245C}","ProcessId":3911,"CommandLine":"C:\\Program Files\\Microsoft Office\\Office16\\OUTLOOK.EXE","ParentImage":"C:\\Windows\\System32\\services.exe","ParentProcessGuid":"{A410220E-8468-2026-2FFC-CAB7728A4C4F}","OriginalFileName":"C:\\Program Files\\Microsoft Office\\Office16\\OUTLOOK.EXE","SHA256":"7043db4078fd3f58936dd4ce0a16819b4611e0fe11e02c988a036bc3f594654d"}
{"UtcTime":"2026-08-12 09:53:42.000","Computer":"TN-FIN-WS042","User":"TRANSNORTE\\backup_svc","EventID":5,"Image":"C:\\Windows\\System32\\svchost.exe","ProcessGuid":"{825B4FC4-DC82-2026-C077-9A4AFC890BCF}","ProcessId":5370,"EventType":"End"}
{"UtcTime":"2026-08-12 09:53:43.000","Computer":"TN-FIN-WS042","User":"TRANSNORTE\\backup_svc","EventID":1,"Image":"C:\\Program Files\\Google\\Chrome\\Application\\chrome.exe","ProcessGuid":"{54321DFA-2BAB-2026-04C3-44707A773958}","ProcessId":8790,"CommandLine":"C:\\Program Files\\Google\\Chrome\\Application\\chrome.exe","ParentImage":"C:\\Windows\\System32\\services.exe","ParentProcessGuid":"{1EDF8105-D3A5-2026-274E-7E3E657E37DB}","OriginalFileName":"C:\\Program Files\\Google\\Chrome\\Application\\chrome.exe","SHA256":"724990d14ebcc5f00909fc6605b41654298c4daea63a7c2aea85d2e433712a93"}
{"UtcTime":"2026-08-12 09:53:44.000","Computer":"TN-FIN-WS042","User":"TRANSNORTE\\backup_svc","EventID":3,"Image":"C:\\Program Files\\Microsoft Office\\Office16\\OUTLOOK.EXE","ProcessGuid":"{D0A232E2-90C6-2026-B2DD-A36A5F4AF1D0}","ProcessId":2896,"DestinationIp":"10.50.10.88","DestinationPort":443,"SourceIp":"10.50.10.42","Protocol":"tcp"}
{"UtcTime":"2026-08-12 09:53:45.000","Computer":"TN-FIN-WS042","User":"TRANSNORTE\\backup_svc","EventID":1,"Image":"C:\\Program Files\\Google\\Chrome\\Application\\chrome.exe","ProcessGuid":"{5AC17FD6-F2E1-2026-3979-D3EF018210B9}","ProcessId":2167,"CommandLine":"C:\\Program Files\\Google\\Chrome\\Application\\chrome.exe","ParentImage":"C:\\Windows\\System32\\services.exe","ParentProcessGuid":"{95831A00-7F0B-2026-8926-42B162C49470}","OriginalFileName":"C:\\Program Files\\Google\\Chrome\\Application\\chrome.exe","SHA256":"fdb25db95ef05157339481307b9b40d7fcc2b61356085fc1f1802bd81acfaf05"}
{"UtcTime":"2026-08-12 09:53:46.000","Computer":"TN-FIN-WS042","User":"TRANSNORTE\\ops.cardoso","EventID":5,"Image":"C:\\Windows\\System32\\conhost.exe","ProcessGuid":"{1A0FC226-FEE7-2026-EB33-14D1AA0290F0}","ProcessId":3841,"EventType":"End"}
{"UtcTime":"2026-08-12 09:53:47.000","Computer":"TN-FIN-WS042","User":"TRANSNORTE\\backup_svc","EventID":1,"Image":"C:\\Windows\\System32\\svchost.exe","ProcessGuid":"{AF9A7994-E812-2026-F512-192D9403C15C}","ProcessId":6849,"CommandLine":"C:\\Windows\\System32\\svchost.exe","ParentImage":"C:\\Windows\\System32\\services.exe","ParentProcessGuid":"{2479684D-1B44-2026-A1CD-E5723E80C375}","OriginalFileName":"C:\\Windows\\System32\\svchost.exe","SHA256":"c0f1d44425d857bc2686049f46d5bdb694a9caf1c7b48ba59e2723b6e3dd19bf"}
{"UtcTime":"2026-08-12 09:53:48.000","Computer":"TN-FIN-WS042","User":"TRANSNORTE\\backup_svc","EventID":1,"Image":"C:\\Windows\\System32\\RuntimeBroker.exe","ProcessGuid":"{142248EE-1374-2026-6273-9C168752B789}","ProcessId":4331,"CommandLine":"C:\\Windows\\System32\\RuntimeBroker.exe","ParentImage":"C:\\Windows\\System32\\services.exe","ParentProcessGuid":"{DC71B3FF-928B-2026-2E88-95D46CC3EEB5}","OriginalFileName":"C:\\Windows\\System32\\RuntimeBroker.exe","SHA256":"c3cbd2ba230e107245b5807240e7b72db09bb2dec197d66283a435af8cc85275"}
{"UtcTime":"2026-08-12 09:53:49.000","Computer":"TN-FIN-WS042","User":"TRANSNORTE\\backup_svc","EventID":5,"Image":"C:\\Windows\\System32\\RuntimeBroker.exe","ProcessGuid":"{A20FE0BC-277D-2026-ADE0-8E8A56BC5A1F}","ProcessId":3601,"EventType":"End"}
{"UtcTime":"2026-08-12 09:53:50.000","Computer":"TN-FIN-WS042","User":"TRANSNORTE\\backup_svc","EventID":5,"Image":"C:\\Program Files\\Google\\Chrome\\Application\\chrome.exe","ProcessGuid":"{07B77969-3BFD-2026-8048-7DE6A9992D7A}","ProcessId":2017,"EventType":"End"}
{"UtcTime":"2026-08-12 09:53:51.000","Computer":"TN-FIN-WS042","User":"TRANSNORTE\\backup_svc","EventID":5,"Image":"C:\\Program Files\\Microsoft Office\\Office16\\OUTLOOK.EXE","ProcessGuid":"{97682F38-A47A-2026-C307-F59A800CCBA0}","ProcessId":3500,"EventType":"End"}
{"UtcTime":"2026-08-12 09:53:52.000","Computer":"TN-FIN-WS042","User":"TRANSNORTE\\backup_svc","EventID":3,"Image":"C:\\Windows\\System32\\RuntimeBroker.exe","ProcessGuid":"{52C4D99B-A2BF-2026-43AE-5EF739955083}","ProcessId":4716,"DestinationIp":"10.50.10.10","DestinationPort":53,"SourceIp":"10.50.10.42","Protocol":"tcp"}
{"UtcTime":"2026-08-12 09:53:53.000","Computer":"TN-FIN-WS042","User":"TRANSNORTE\\backup_svc","EventID":11,"Image":"C:\\Program Files\\Google\\Chrome\\Application\\chrome.exe","ProcessGuid":"{AD6F272B-E540-2026-84AC-26ACB1E7924A}","ProcessId":957,"TargetFilename":"C:\\Users\\ops.cardoso\\AppData\\Local\\Temp\\office-833.tmp"}
{"UtcTime":"2026-08-12 09:53:54.000","Computer":"TN-FIN-WS042","User":"TRANSNORTE\\ops.cardoso","EventID":13,"Image":"C:\\Windows\\System32\\RuntimeBroker.exe","ProcessGuid":"{2EAE2F37-0062-2026-D8D6-C11523D181FC}","ProcessId":6850,"EventType":"SetValue","TargetObject":"HKCU\\Software\\Microsoft\\Office\\16.0\\Outlook\\Resiliency\\834","Details":"1"}
{"UtcTime":"2026-08-12 09:53:55.000","Computer":"TN-FIN-WS042","User":"TRANSNORTE\\ops.cardoso","EventID":1,"Image":"C:\\Program Files\\Microsoft Office\\Office16\\OUTLOOK.EXE","ProcessGuid":"{9A1E37A0-B92F-2026-8DCF-FEAC2875EA9A}","ProcessId":8686,"CommandLine":"C:\\Program Files\\Microsoft Office\\Office16\\OUTLOOK.EXE","ParentImage":"C:\\Windows\\System32\\services.exe","ParentProcessGuid":"{6BC4BCFA-FDE5-2026-964E-D6477D95454E}","OriginalFileName":"C:\\Program Files\\Microsoft Office\\Office16\\OUTLOOK.EXE","SHA256":"511ec7fe95bbf51d1537966e88c77d8bc03215d7d0f13679622f4839c161d940"}
{"UtcTime":"2026-08-12 09:53:56.000","Computer":"TN-FIN-WS042","User":"TRANSNORTE\\backup_svc","EventID":13,"Image":"C:\\Windows\\System32\\conhost.exe","ProcessGuid":"{87587B0F-8988-2026-3D59-5FDB86F05C8C}","ProcessId":3881,"EventType":"SetValue","TargetObject":"HKCU\\Software\\Microsoft\\Office\\16.0\\Outlook\\Resiliency\\836","Details":"1"}
{"UtcTime":"2026-08-12 09:53:57.000","Computer":"TN-FIN-WS042","User":"TRANSNORTE\\backup_svc","EventID":3,"Image":"C:\\Windows\\explorer.exe","ProcessGuid":"{5A4E65A3-AF27-2026-17E1-545C28AB7640}","ProcessId":6483,"DestinationIp":"10.50.10.88","DestinationPort":443,"SourceIp":"10.50.10.42","Protocol":"tcp"}
{"UtcTime":"2026-08-12 09:53:58.000","Computer":"TN-FIN-WS042","User":"TRANSNORTE\\backup_svc","EventID":1,"Image":"C:\\Windows\\System32\\conhost.exe","ProcessGuid":"{FD797DCB-CFFF-2026-E0C4-ECD21BB9867B}","ProcessId":1217,"CommandLine":"C:\\Windows\\System32\\conhost.exe","ParentImage":"C:\\Windows\\System32\\services.exe","ParentProcessGuid":"{53BDE179-4B04-2026-AD5E-C9A02EA9ADC2}","OriginalFileName":"C:\\Windows\\System32\\conhost.exe","SHA256":"d7213524da0c15d8d85cb3715b7eea19d75b2c113abdf67fb4ec224cf9c965e8"}
{"UtcTime":"2026-08-12 09:53:59.000","Computer":"TN-FIN-WS042","User":"TRANSNORTE\\ops.cardoso","EventID":3,"Image":"C:\\Windows\\System32\\svchost.exe","ProcessGuid":"{0744507C-ADCA-2026-4DD9-F85A168058CB}","ProcessId":840,"DestinationIp":"1.1.1.1","DestinationPort":8080,"SourceIp":"10.50.10.42","Protocol":"tcp"}
{"UtcTime":"2026-08-12 09:54:00.000","Computer":"TN-FIN-WS042","User":"TRANSNORTE\\backup_svc","EventID":1,"Image":"C:\\Program Files\\Google\\Chrome\\Application\\chrome.exe","ProcessGuid":"{39F2B962-9B99-2026-ABF2-83B3ABE56C9B}","ProcessId":8771,"CommandLine":"C:\\Program Files\\Google\\Chrome\\Application\\chrome.exe","ParentImage":"C:\\Windows\\System32\\services.exe","ParentProcessGuid":"{CD9F47A0-22EB-2026-89C8-522F47B1A2A3}","OriginalFileName":"C:\\Program Files\\Google\\Chrome\\Application\\chrome.exe","SHA256":"efbe8b79e62fee1048203a7bce7a38b7af0b0f8a156301bb8f48943e5e2c7b13"}
{"UtcTime":"2026-08-12 09:54:01.000","Computer":"TN-FIN-WS042","User":"TRANSNORTE\\backup_svc","EventID":13,"Image":"C:\\Windows\\System32\\conhost.exe","ProcessGuid":"{0A2FF990-560F-2026-B3A7-AB64DDBE5299}","ProcessId":1546,"EventType":"SetValue","TargetObject":"HKCU\\Software\\Microsoft\\Office\\16.0\\Outlook\\Resiliency\\841","Details":"1"}
{"UtcTime":"2026-08-12 09:54:02.000","Computer":"TN-FIN-WS042","User":"TRANSNORTE\\ops.cardoso","EventID":5,"Image":"C:\\Program Files\\Microsoft Office\\Office16\\OUTLOOK.EXE","ProcessGuid":"{DCEFF8EA-C2D7-2026-5DA7-0468CC186BB1}","ProcessId":3237,"EventType":"End"}
{"UtcTime":"2026-08-12 09:54:03.000","Computer":"TN-FIN-WS042","User":"TRANSNORTE\\ops.cardoso","EventID":1,"Image":"C:\\Windows\\System32\\RuntimeBroker.exe","ProcessGuid":"{2749E81D-83B7-2026-3B6F-15D4DF079365}","ProcessId":2051,"CommandLine":"C:\\Windows\\System32\\RuntimeBroker.exe","ParentImage":"C:\\Windows\\System32\\services.exe","ParentProcessGuid":"{C544A55D-44A9-2026-3ABF-55A38CFC4039}","OriginalFileName":"C:\\Windows\\System32\\RuntimeBroker.exe","SHA256":"c5757786f15f31a09f83ae8e8d0c0322f970623b3b6a8aeee1e92e5412369189"}
{"UtcTime":"2026-08-12 09:54:04.000","Computer":"TN-FIN-WS042","User":"TRANSNORTE\\backup_svc","EventID":1,"Image":"C:\\Program Files\\Microsoft Office\\Office16\\OUTLOOK.EXE","ProcessGuid":"{5D0AE94C-861F-2026-2C29-8CBF5DB25CB7}","ProcessId":4707,"CommandLine":"C:\\Program Files\\Microsoft Office\\Office16\\OUTLOOK.EXE","ParentImage":"C:\\Windows\\System32\\services.exe","ParentProcessGuid":"{7CA1B630-C0E9-2026-BB4C-C240A3B84098}","OriginalFileName":"C:\\Program Files\\Microsoft Office\\Office16\\OUTLOOK.EXE","SHA256":"8be5ac53d8943ef5a869cd4bb8f5677cb22cdf321ae2c9cbf1da1add0f5e315d"}
{"UtcTime":"2026-08-12 09:54:05.000","Computer":"TN-FIN-WS042","User":"TRANSNORTE\\ops.cardoso","EventID":13,"Image":"C:\\Windows\\explorer.exe","ProcessGuid":"{E689CF3A-A6E9-2026-67FC-574534C076AD}","ProcessId":7081,"EventType":"SetValue","TargetObject":"HKCU\\Software\\Microsoft\\Office\\16.0\\Outlook\\Resiliency\\845","Details":"1"}
{"UtcTime":"2026-08-12 09:54:06.000","Computer":"TN-FIN-WS042","User":"TRANSNORTE\\ops.cardoso","EventID":13,"Image":"C:\\Windows\\System32\\svchost.exe","ProcessGuid":"{1B13FFC2-2E35-2026-6353-438BD7B6C94D}","ProcessId":3305,"EventType":"SetValue","TargetObject":"HKCU\\Software\\Microsoft\\Office\\16.0\\Outlook\\Resiliency\\846","Details":"1"}
{"UtcTime":"2026-08-12 09:54:07.000","Computer":"TN-FIN-WS042","User":"TRANSNORTE\\backup_svc","EventID":11,"Image":"C:\\Windows\\System32\\svchost.exe","ProcessGuid":"{C7E8E345-3BEE-2026-D584-E8EB01258347}","ProcessId":4767,"TargetFilename":"C:\\Users\\ops.cardoso\\AppData\\Local\\Temp\\office-847.tmp"}
{"UtcTime":"2026-08-12 09:54:08.000","Computer":"TN-FIN-WS042","User":"TRANSNORTE\\ops.cardoso","EventID":1,"Image":"C:\\Windows\\System32\\conhost.exe","ProcessGuid":"{4F2FDB38-DC12-2026-A171-BDD0F2B49ABE}","ProcessId":4494,"CommandLine":"C:\\Windows\\System32\\conhost.exe","ParentImage":"C:\\Windows\\System32\\services.exe","ParentProcessGuid":"{C8510311-D32E-2026-741D-A4386C3269E8}","OriginalFileName":"C:\\Windows\\System32\\conhost.exe","SHA256":"33d1999845514852d234588855ee76b1ecd8fed80c875c3570ece45e098606e0"}
{"UtcTime":"2026-08-12 09:54:09.000","Computer":"TN-FIN-WS042","User":"TRANSNORTE\\ops.cardoso","EventID":1,"Image":"C:\\Windows\\explorer.exe","ProcessGuid":"{8745B20C-4954-2026-4703-2D3B38540C4D}","ProcessId":5272,"CommandLine":"C:\\Windows\\explorer.exe","ParentImage":"C:\\Windows\\System32\\services.exe","ParentProcessGuid":"{3E27F769-3107-2026-6CA0-776DD336066B}","OriginalFileName":"C:\\Windows\\explorer.exe","SHA256":"0bed6809008762115414d261b207bea111aead0e8d025428b9aa043cf0df659f"}
{"UtcTime":"2026-08-12 09:54:10.000","Computer":"TN-FIN-WS042","User":"TRANSNORTE\\backup_svc","EventID":1,"Image":"C:\\Program Files\\Google\\Chrome\\Application\\chrome.exe","ProcessGuid":"{BA235B4A-A333-2026-A132-CD800A1FB8F5}","ProcessId":4990,"CommandLine":"C:\\Program Files\\Google\\Chrome\\Application\\chrome.exe","ParentImage":"C:\\Windows\\System32\\services.exe","ParentProcessGuid":"{36B14797-F7F9-2026-A916-C9E6B3439C2B}","OriginalFileName":"C:\\Program Files\\Google\\Chrome\\Application\\chrome.exe","SHA256":"424129b46049937355dec629d0123163c6808a09b65a98120486496f534f3060"}
