{"UtcTime":"2026-08-12 10:42:13.000","Computer":"TN-FIN-WS042","User":"TRANSNORTE\\backup_svc","EventID":1,"Image":"C:\\Program Files\\Microsoft Office\\Office16\\OUTLOOK.EXE","ProcessGuid":"{C4C36533-B6A0-2026-A8D3-3586075707AA}","ProcessId":1847,"CommandLine":"C:\\Program Files\\Microsoft Office\\Office16\\OUTLOOK.EXE","ParentImage":"C:\\Windows\\System32\\services.exe","ParentProcessGuid":"{FD0859A2-554E-2026-685B-058DD72FC473}","OriginalFileName":"C:\\Program Files\\Microsoft Office\\Office16\\OUTLOOK.EXE","SHA256":"f6d5200d3ab6356e4c6bffcc913d45e49472210c2ab459700f1d5c16340017f2"}
{"UtcTime":"2026-08-12 10:42:14.000","Computer":"TN-FIN-WS042","User":"TRANSNORTE\\backup_svc","EventID":11,"Image":"C:\\Program Files\\Google\\Chrome\\Application\\chrome.exe","ProcessGuid":"{DB70E65B-7CCE-2026-9494-B9723C76DBA9}","ProcessId":800,"TargetFilename":"C:\\Users\\ops.cardoso\\AppData\\Local\\Temp\\office-3734.tmp"}
{"UtcTime":"2026-08-12 10:42:15.000","Computer":"TN-FIN-WS042","User":"TRANSNORTE\\backup_svc","EventID":11,"Image":"C:\\Windows\\System32\\svchost.exe","ProcessGuid":"{DFA818E7-F631-2026-7662-49F76C2EC2DC}","ProcessId":6400,"TargetFilename":"C:\\Users\\ops.cardoso\\AppData\\Local\\Temp\\office-3735.tmp"}
{"UtcTime":"2026-08-12 10:42:16.000","Computer":"TN-FIN-WS042","User":"TRANSNORTE\\backup_svc","EventID":1,"Image":"C:\\Program Files\\Google\\Chrome\\Application\\chrome.exe","ProcessGuid":"{24A6DF4D-DC8C-2026-53D1-5B5E0FE21D15}","ProcessId":2191,"CommandLine":"C:\\Program Files\\Google\\Chrome\\Application\\chrome.exe","ParentImage":"C:\\Windows\\System32\\services.exe","ParentProcessGuid":"{F21868AF-A1A8-2026-75E5-16683EA3F772}","OriginalFileName":"C:\\Program Files\\Google\\Chrome\\Application\\chrome.exe","SHA256":"24c772f6734c166c88c64efc3ec66f9f1184497cd99885227333d82ac7fd2621"}
{"UtcTime":"2026-08-12 10:42:17.000","Computer":"TN-FIN-WS042","User":"TRANSNORTE\\ops.cardoso","EventID":3,"Image":"C:\\Windows\\System32\\svchost.exe","ProcessGuid":"{804AF809-02C6-2026-5CAA-F39E001F1F4E}","ProcessId":8538,"DestinationIp":"10.50.10.88","DestinationPort":443,"SourceIp":"10.50.10.42","Protocol":"tcp"}
{"UtcTime":"2026-08-12 10:42:18.000","Computer":"TN-FIN-WS042","User":"TRANSNORTE\\ops.cardoso","EventID":5,"Image":"C:\\Windows\\explorer.exe","ProcessGuid":"{8267468C-FB68-2026-CDBD-15C2E387E4CC}","ProcessId":5405,"EventType":"End"}
{"UtcTime":"2026-08-12 10:42:19.000","Computer":"TN-FIN-WS042","User":"TRANSNORTE\\ops.cardoso","EventID":1,"Image":"C:\\Windows\\System32\\conhost.exe","ProcessGuid":"{E8887A7A-8AF1-2026-BB74-49A3E7CE3A90}","ProcessId":7919,"CommandLine":"C:\\Windows\\System32\\conhost.exe","ParentImage":"C:\\Windows\\System32\\services.exe","ParentProcessGuid":"{E034F0C1-1623-2026-434B-0322B3A6657E}","OriginalFileName":"C:\\Windows\\System32\\conhost.exe","SHA256":"55949f6240fb0a38e119d0f80d7e2f4a72e4ecf2d185219c0479bfea48f0c8f6"}
{"UtcTime":"2026-08-12 10:42:20.000","Computer":"TN-FIN-WS042","User":"TRANSNORTE\\backup_svc","EventID":3,"Image":"C:\\Windows\\System32\\RuntimeBroker.exe","ProcessGuid":"{8DD46A28-5E65-2026-880C-A0B420A48A1B}","ProcessId":5162,"DestinationIp":"10.50.10.10","DestinationPort":53,"SourceIp":"10.50.10.42","Protocol":"tcp"}
{"UtcTime":"2026-08-12 10:42:21.000","Computer":"TN-FIN-WS042","User":"TRANSNORTE\\backup_svc","EventID":3,"Image":"C:\\Program Files\\Microsoft Office\\Office16\\OUTLOOK.EXE","ProcessGuid":"{D12180D0-C7F5-2026-084B-AC922B853AEF}","ProcessId":4482,"DestinationIp":"10.50.10.10","DestinationPort":135,"SourceIp":"10.50.10.42","Protocol":"tcp"}
{"UtcTime":"2026-08-12 10:42:22.000","Computer":"TN-FIN-WS042","User":"TRANSNORTE\\ops.cardoso","EventID":1,"Image":"C:\\Program Files\\Microsoft Office\\Office16\\OUTLOOK.EXE","ProcessGuid":"{BBE3634F-58D0-2026-84B3-21D3F1DA68F9}","ProcessId":7429,"CommandLine":"C:\\Program Files\\Microsoft Office\\Office16\\OUTLOOK.EXE","ParentImage":"C:\\Windows\\System32\\services.exe","ParentProcessGuid":"{288D1B5D-7E5C-2026-741C-73D5A80E7A0F}","OriginalFileName":"C:\\Program Files\\Microsoft Office\\Office16\\OUTLOOK.EXE","SHA256":"7090d2fcc926e9a812159f9df830243d4ea3befb35f9f12b6ed4d5feedbf68e0"}
{"UtcTime":"2026-08-12 10:42:23.000","Computer":"TN-FIN-WS042","User":"TRANSNORTE\\backup_svc","EventID":3,"Image":"C:\\Windows\\System32\\RuntimeBroker.exe","ProcessGuid":"{098A7BE4-D1FF-2026-178C-9D92D4122AA3}","ProcessId":2577,"DestinationIp":"10.50.10.10","DestinationPort":8080,"SourceIp":"10.50.10.42","Protocol":"tcp"}
{"UtcTime":"2026-08-12 10:42:24.000","Computer":"TN-FIN-WS042","User":"TRANSNORTE\\backup_svc","EventID":3,"Image":"C:\\Windows\\System32\\RuntimeBroker.exe","ProcessGuid":"{D91BFEF4-8FAD-2026-B406-93E89A96DBCC}","ProcessId":4348,"DestinationIp":"10.50.10.10","DestinationPort":135,"SourceIp":"10.50.10.42","Protocol":"tcp"}
{"UtcTime":"2026-08-12 10:42:25.000","Computer":"TN-FIN-WS042","User":"TRANSNORTE\\backup_svc","EventID":1,"Image":"C:\\Windows\\explorer.exe","ProcessGuid":"{68037A74-7FD2-2026-5510-91DCF16F6E2F}","ProcessId":1779,"CommandLine":"C:\\Windows\\explorer.exe","ParentImage":"C:\\Windows\\System32\\services.exe","ParentProcessGuid":"{131EEEF4-41A4-2026-B7DC-B7D51C7F3436}","OriginalFileName":"C:\\Windows\\explorer.exe","SHA256":"d526054d4a99b161b6a5905f96ef52901f85c562390101364f87238b67b79f62"}
{"UtcTime":"2026-08-12 10:42:26.000","Computer":"TN-FIN-WS042","User":"TRANSNORTE\\backup_svc","EventID":3,"Image":"C:\\Program Files\\Microsoft Office\\Office16\\OUTLOOK.EXE","ProcessGuid":"{68CB122B-2E82-2026-4038-80F49653AC57}","ProcessId":4605,"DestinationIp":"10.50.10.10","DestinationPort":53,"SourceIp":"10.50.10.42","Protocol":"tcp"}
{"UtcTime":"2026-08-12 10:42:27.000","Computer":"TN-FIN-WS042","User":"TRANSNORTE\\backup_svc","EventID":11,"Image":"C:\\Windows\\System32\\svchost.exe","ProcessGuid":"{5EA445C7-727E-2026-4E37-7737B8F78BFA}","ProcessId":2524,"TargetFilename":"C:\\Users\\ops.cardoso\\AppData\\Local\\Temp\\office-3747.tmp"}
{"UtcTime":"2026-08-12 10:42:28.000","Computer":"TN-FIN-WS042","User":"TRANSNORTE\\backup_svc","EventID":13,"Image":"C:\\Windows\\System32\\svchost.exe","ProcessGuid":"{3D17D3F1-3F98-2026-52E4-7330AEEB1532}","ProcessId":5056,"EventType":"SetValue","TargetObject":"HKCU\\Software\\Microsoft\\Office\\16.0\\Outlook\\Resiliency\\3748","Details":"1"}
{"UtcTime":"2026-08-12 10:42:29.000","Computer":"TN-FIN-WS042","User":"TRANSNORTE\\ops.cardoso","EventID":5,"Image":"C:\\Program Files\\Microsoft Office\\Office16\\OUTLOOK.EXE","ProcessGuid":"{4E30C853-BAE7-2026-748D-CF232F742264}","ProcessId":5047,"EventType":"End"}
{"UtcTime":"2026-08-12 10:42:30.000","Computer":"TN-FIN-WS042","User":"TRANSNORTE\\backup_svc","EventID":1,"Image":"C:\\Program Files\\Google\\Chrome\\Application\\chrome.exe","ProcessGuid":"{160F2DAA-C904-2026-7478-78899AD79494}","ProcessId":6154,"CommandLine":"C:\\Program Files\\Google\\Chrome\\Application\\chrome.exe","ParentImage":"C:\\Windows\\System32\\services.exe","ParentProcessGuid":"{69CCCBBA-5B15-2026-E08E-DDA902D1CE97}","OriginalFileName":"C:\\Program Files\\Google\\Chrome\\Application\\chrome.exe","SHA256":"ff2798081b225ad2244e349eae6d38713997fb2210c9ba91c00c8a3c9d6b4aff"}
{"UtcTime":"2026-08-12 10:42:31.000","Computer":"TN-FIN-WS042","User":"TRANSNORTE\\ops.cardoso","EventID":1,"Image":"C:\\Program Files\\Microsoft Office\\Office16\\OUTLOOK.EXE","ProcessGuid":"{881D37DF-4BF6-2026-E5D8-039FB8C71898}","ProcessId":669,"CommandLine":"C:\\Program Files\\Microsoft Office\\Office16\\OUTLOOK.EXE","ParentImage":"C:\\Windows\\System32\\services.exe","ParentProcessGuid":"{F2049823-22A3-2026-63C2-E61934AD1B76}","OriginalFileName":"C:\\Program Files\\Microsoft Office\\Office16\\OUTLOOK.EXE","SHA256":"bff997435c44a72667604968fd2fdd264b3908ecbeac053941c9ba143c7e06b7"}
{"UtcTime":"2026-08-12 10:42:32.000","Computer":"TN-FIN-WS042","User":"TRANSNORTE\\backup_svc","EventID":3,"Image":"C:\\Windows\\System32\\RuntimeBroker.exe","ProcessGuid":"{C0C43E1E-3BAE-2026-2F71-C835B1F7B9B4}","ProcessId":2103,"DestinationIp":"8.8.8.8","DestinationPort":443,"SourceIp":"10.50.10.42","Protocol":"tcp"}
{"UtcTime":"2026-08-12 10:42:33.000","Computer":"TN-FIN-WS042","User":"TRANSNORTE\\backup_svc","EventID":1,"Image":"C:\\Program Files\\Microsoft Office\\Office16\\OUTLOOK.EXE","ProcessGuid":"{11DBA24A-8C96-2026-164E-52AC9B17B1AD}","ProcessId":2788,"CommandLine":"C:\\Program Files\\Microsoft Office\\Office16\\OUTLOOK.EXE","ParentImage":"C:\\Windows\\System32\\services.exe","ParentProcessGuid":"{D80DF3E6-8034-2026-5FA2-4D56FBDBC8AD}","OriginalFileName":"C:\\Program Files\\Microsoft Office\\Office16\\OUTLOOK.EXE","SHA256":"ae315c10d686486a1c2875d48ba829f363202f4426b06d7849907c429be075d1"}
{"UtcTime":"2026-08-12 10:42:34.000","Computer":"TN-FIN-WS042","User":"TRANSNORTE\\backup_svc","EventID":1,"Image":"C:\\Program Files\\Microsoft Office\\Office16\\OUTLOOK.EXE","ProcessGuid":"{E15AE5A5-B7F2-2026-4452-7CDD86486C29}","ProcessId":5694,"CommandLine":"C:\\Program Files\\Microsoft Office\\Office16\\OUTLOOK.EXE","ParentImage":"C:\\Windows\\System32\\services.exe","ParentProcessGuid":"{0F7A8813-36E0-2026-B7BE-3E671089CD0F}","OriginalFileName":"C:\\Program Files\\Microsoft Office\\Office16\\OUTLOOK.EXE","SHA256":"2a3790a6c6df0dc7de048f2fc26b30ff45b949545ea9d7b2a84140e12449b15a"}
{"UtcTime":"2026-08-12 10:42:35.000","Computer":"TN-FIN-WS042","User":"TRANSNORTE\\ops.cardoso","EventID":11,"Image":"C:\\Program Files\\Google\\Chrome\\Application\\chrome.exe","ProcessGuid":"{EBA196DE-D23C-2026-1249-01E42EEBBE74}","ProcessId":2065,"TargetFilename":"C:\\Users\\ops.cardoso\\AppData\\Local\\Temp\\office-3755.tmp"}
{"UtcTime":"2026-08-12 10:42:36.000","Computer":"TN-FIN-WS042","User":"TRANSNORTE\\ops.cardoso","EventID":13,"Image":"C:\\Program Files\\Google\\Chrome\\Application\\chrome.exe","ProcessGuid":"{A2A0BB49-A69F-2026-2AD6-74439ACF6A11}","ProcessId":8548,"EventType":"SetValue","TargetObject":"HKCU\\Software\\Microsoft\\Office\\16.0\\Outlook\\Resiliency\\3756","Details":"1"}
{"UtcTime":"2026-08-12 10:42:37.000","Computer":"TN-FIN-WS042","User":"TRANSNORTE\\ops.cardoso","EventID":3,"Image":"C:\\Windows\\System32\\conhost.exe","ProcessGuid":"{DA8F8A03-F994-2026-E00D-FB71F3DD8260}","ProcessId":647,"DestinationIp":"8.8.8.8","DestinationPort":443,"SourceIp":"10.50.10.42","Protocol":"tcp"}
{"UtcTime":"2026-08-12 10:42:38.000","Computer":"TN-FIN-WS042","User":"TRANSNORTE\\ops.cardoso","EventID":5,"Image":"C:\\Windows\\System32\\conhost.exe","ProcessGuid":"{A81B3B5A-7087-2026-D32E-E712463E6794}","ProcessId":6038,"EventType":"End"}
{"UtcTime":"2026-08-12 10:42:39.000","Computer":"TN-FIN-WS042","User":"TRANSNORTE\\backup_svc","EventID":5,"Image":"C:\\Windows\\explorer.exe","ProcessGuid":"{D79C4264-5589-2026-72BF-9453C5278D91}","ProcessId":3535,"EventType":"End"}
{"UtcTime":"2026-08-12 10:42:40.000","Computer":"TN-FIN-WS042","User":"TRANSNORTE\\backup_svc","EventID":5,"Image":"C:\\Windows\\explorer.exe","ProcessGuid":"{37D97A64-1598-2026-D115-21C7BE1A0D3D}","ProcessId":988,"EventType":"End"}
{"UtcTime":"2026-08-12 10:42:41.000","Computer":"TN-FIN-WS042","User":"TRANSNORTE\\ops.cardoso","EventID":1,"Image":"C:\\Program Files\\Google\\Chrome\\Application\\chrome.exe","ProcessGuid":"{CC47A174-B657-2026-438D-7EDE19CBE494}","ProcessId":828,"CommandLine":"C:\\Program Files\\Google\\Chrome\\Application\\chrome.exe","ParentImage":"C:\\Windows\\System32\\services.exe","ParentProcessGuid":"{EA969413-44BB-2026-DC2E-E5736CD23E3E}","OriginalFileName":"C:\\Program Files\\Google\\Chrome\\Application\\chrome.exe","SHA256":"129719e3564a128c9acd54f0e712bed54b4c7a264d041cf686e9a45513fb1a4a"}
{"UtcTime":"2026-08-12 10:42:42.000","Computer":"TN-FIN-WS042","User":"TRANSNORTE\\ops.cardoso","EventID":1,"Image":"C:\\Program Files\\Microsoft Office\\Office16\\OUTLOOK.EXE","ProcessGuid":"{C8C95B62-E8DB-2026-89A6-1531AAB162F0}","ProcessId":3007,"CommandLine":"C:\\Program Files\\Microsoft Office\\Office16\\OUTLOOK.EXE","ParentImage":"C:\\Windows\\System32\\services.exe","ParentProcessGuid":"{A3F9BCE6-533C-2026-AFC5-E6AB9AF3E022}","OriginalFileName":"C:\\Program Files\\Microsoft Office\\Office16\\OUTLOOK.EXE","SHA256":"4dc2e98e46d398faff4f4725f34ee59cd2969721a57c8f30074e2ad371b10b91"}
{"UtcTime":"2026-08-12 10:42:43.000","Computer":"TN-FIN-WS042","User":"TRANSNORTE\\backup_svc","EventID":13,"Image":"C:\\Windows\\System32\\RuntimeBroker.exe","ProcessGuid":"{F5213A57-92EA-2026-FBFA-44A6B5B81048}","ProcessId":4836,"EventType":"SetValue","TargetObject":"HKCU\\Software\\Microsoft\\Office\\16.0\\Outlook\\Resiliency\\3763","Details":"1"}
{"UtcTime":"2026-08-12 10:42:44.000","Computer":"TN-FIN-WS042","User":"TRANSNORTE\\backup_svc","EventID":11,"Image":"C:\\Windows\\System32\\RuntimeBroker.exe","ProcessGuid":"{D610BB99-44BE-2026-7DF1-1C236EB80FE8}","ProcessId":3190,"TargetFilename":"C:\\Users\\ops.cardoso\\AppData\\Local\\Temp\\office-3764.tmp"}
{"UtcTime":"2026-08-12 10:42:45.000","Computer":"TN-FIN-WS042","User":"TRANSNORTE\\ops.cardoso","EventID":1,"Image":"C:\\Windows\\explorer.exe","ProcessGuid":"{A2EB06FE-0E50-2026-E178-3AB887783EA1}","ProcessId":5425,"CommandLine":"C:\\Windows\\explorer.exe","ParentImage":"C:\\Windows\\System32\\services.exe","ParentProcessGuid":"{2192D8D3-2C92-2026-0A43-2B70927F2F9B}","OriginalFileName":"C:\\Windows\\explorer.exe","SHA256":"3520ed8bc9bb21f0dedbcab1a6b081c3e4e95019c55f61ab1f233950938181e1"}
{"UtcTime":"2026-08-12 10:42:46.000","Computer":"TN-FIN-WS042","User":"TRANSNORTE\\ops.cardoso","EventID":1,"Image":"C:\\Windows\\System32\\RuntimeBroker.exe","ProcessGuid":"{7D4C01BD-E614-2026-8C8A-E9866546F62E}","ProcessId":3078,"CommandLine":"C:\\Windows\\System32\\RuntimeBroker.exe","ParentImage":"C:\\Windows\\System32\\services.exe","ParentProcessGuid":"{0AC9B622-254A-2026-E908-30040B9F36CA}","OriginalFileName":"C:\\Windows\\System32\\RuntimeBroker.exe","SHA256":"f9b091c8c06d2875f74d4a18d1e190847a56ae695a89c344936a0de6046159a9"}
{"UtcTime":"2026-08-12 10:42:47.000","Computer":"TN-FIN-WS042","User":"TRANSNORTE\\ops.cardoso","EventID":3,"Image":"C:\\Windows\\System32\\svchost.exe","ProcessGuid":"{6898B734-534B-2026-15F0-42D68E191CE6}","ProcessId":2286,"DestinationIp":"8.8.8.8","DestinationPort":8080,"SourceIp":"10.50.10.42","Protocol":"tcp"}
{"UtcTime":"2026-08-12 10:42:48.000","Computer":"TN-FIN-WS042","User":"TRANSNORTE\\backup_svc","EventID":13,"Image":"C:\\Windows\\explorer.exe","ProcessGuid":"{16CC825D-6FD8-2026-7081-D339FB022B83}","ProcessId":6900,"EventType":"SetValue","TargetObject":"HKCU\\Software\\Microsoft\\Office\\16.0\\Outlook\\Resiliency\\3768","Details":"1"}
{"UtcTime":"2026-08-12 10:42:49.000","Computer":"TN-FIN-WS042","User":"TRANSNORTE\\backup_svc","EventID":3,"Image":"C:\\Program Files\\Google\\Chrome\\Application\\chrome.exe","ProcessGuid":"{AA8B5623-6655-2026-3FEB-0D6CE3DFB29C}","ProcessId":5465,"DestinationIp":"8.8.8.8","DestinationPort":135,"SourceIp":"10.50.10.42","Protocol":"tcp"}
{"UtcTime":"2026-08-12 10:42:50.000","Computer":"TN-FIN-WS042","User":"TRANSNORTE\\ops.cardoso","EventID":13,"Image":"C:\\Windows\\explorer.exe","ProcessGuid":"{3647262F-9023-2026-E714-132DE86959CB}","ProcessId":6351,"EventType":"SetValue","TargetObject":"HKCU\\Software\\Microsoft\\Office\\16.0\\Outlook\\Resiliency\\3770","Details":"1"}
{"UtcTime":"2026-08-12 10:42:51.000","Computer":"TN-FIN-WS042","User":"TRANSNORTE\\ops.cardoso","EventID":11,"Image":"C:\\Windows\\System32\\conhost.exe","ProcessGuid":"{5BA5C6C4-4FCF-2026-8FFF-0A1ACFFA80C5}","ProcessId":2086,"TargetFilename":"C:\\Users\\ops.cardoso\\AppData\\Local\\Temp\\office-3771.tmp"}
{"UtcTime":"2026-08-12 10:42:52.000","Computer":"TN-FIN-WS042","User":"TRANSNORTE\\ops.cardoso","EventID":13,"Image":"C:\\Windows\\explorer.exe","ProcessGuid":"{5899CAFE-8919-2026-37E5-7BD5D355AF10}","ProcessId":8226,"EventType":"SetValue","TargetObject":"HKCU\\Software\\Microsoft\\Office\\16.0\\Outlook\\Resiliency\\3772","Details":"1"}
{"UtcTime":"2026-08-12 10:42:53.000","Computer":"TN-FIN-WS042","User":"TRANSNORTE\\ops.cardoso","EventID":1,"Image":"C:\\Windows\\System32\\conhost.exe","ProcessGuid":"{1FFD4249-5F12-2026-698C-9D3317D9D953}","ProcessId":1002,"CommandLine":"C:\\Windows\\System32\\conhost.exe","ParentImage":"C:\\Windows\\System32\\services.exe","ParentProcessGuid":"{A7DA4C7E-4E17-2026-6FD5-67B5FF09A71F}","OriginalFileName":"C:\\Windows\\System32\\conhost.exe","SHA256":"28e2ddc88dd375bc7822a8c96d21d4329b99c8b63d9464331265163cd9852c59"}
{"UtcTime":"2026-08-12 10:42:54.000","Computer":"TN-FIN-WS042","User":"TRANSNORTE\\backup_svc","EventID":1,"Image":"C:\\Windows\\explorer.exe","ProcessGuid":"{9CE8EC08-F005-2026-A965-C2B2F9663092}","ProcessId":6836,"CommandLine":"C:\\Windows\\explorer.exe","ParentImage":"C:\\Windows\\System32\\services.exe","ParentProcessGuid":"{66E91A23-BA98-2026-DA41-432B925D8520}","OriginalFileName":"C:\\Windows\\explorer.exe","SHA256":"a22481d5b4a005fef1824bcf3ef6a26f46b2f3b0ba932aba5ea6671dee31bc90"}
{"UtcTime":"2026-08-12 10:42:55.000","Computer":"TN-FIN-WS042","User":"TRANSNORTE\\ops.cardoso","EventID":1,"Image":"C:\\Program Files\\Microsoft Office\\Office16\\OUTLOOK.EXE","ProcessGuid":"{B2CD6EA7-0B50-2026-E4CF-BDC787BCE130}","ProcessId":5935,"CommandLine":"C:\\Program Files\\Microsoft Office\\Office16\\OUTLOOK.EXE","ParentImage":"C:\\Windows\\System32\\services.exe","ParentProcessGuid":"{BD853651-3F56-2026-678C-18893D7A5728}","OriginalFileName":"C:\\Program Files\\Microsoft Office\\Office16\\OUTLOOK.EXE","SHA256":"b8224d1175d7257deb43dc8c0c09f2f3ed86fb5520283f4badda75ec5cdd4b71"}
{"UtcTime":"2026-08-12 10:42:56.000","Computer":"TN-FIN-WS042","User":"TRANSNORTE\\ops.cardoso","EventID":1,"Image":"C:\\Windows\\System32\\svchost.exe","ProcessGuid":"{119FB25C-FDF0-2026-CF17-2225848225EF}","ProcessId":3373,"CommandLine":"C:\\Windows\\System32\\svchost.exe","ParentImage":"C:\\Windows\\System32\\services.exe","ParentProcessGuid":"{FF7D14AA-3E6B-2026-0BC0-5D663FB4052B}","OriginalFileName":"C:\\Windows\\System32\\svchost.exe","SHA256":"83fd90d36c9cd49d64bdedf851d5e95c5c5b950afcbe3f76c95a24f83ec34c6f"}
{"UtcTime":"2026-08-12 10:42:57.000","Computer":"TN-FIN-WS042","User":"TRANSNORTE\\ops.cardoso","EventID":3,"Image":"C:\\Windows\\explorer.exe","ProcessGuid":"{BDA3FBB1-7DD5-2026-ADD8-BAB8BD84D59C}","ProcessId":4897,"DestinationIp":"1.1.1.1","DestinationPort":8080,"SourceIp":"10.50.10.42","Protocol":"tcp"}
{"UtcTime":"2026-08-12 10:42:58.000","Computer":"TN-FIN-WS042","User":"TRANSNORTE\\backup_svc","EventID":13,"Image":"C:\\Program Files\\Google\\Chrome\\Application\\chrome.exe","ProcessGuid":"{C99A59CC-910C-2026-F27E-E609C27877CD}","ProcessId":7249,"EventType":"SetValue","TargetObject":"HKCU\\Software\\Microsoft\\Office\\16.0\\Outlook\\Resiliency\\3778","Details":"1"}
{"UtcTime":"2026-08-12 10:42:59.000","Computer":"TN-FIN-WS042","User":"TRANSNORTE\\ops.cardoso","EventID":1,"Image":"C:\\Windows\\System32\\RuntimeBroker.exe","ProcessGuid":"{01564789-DBE4-2026-7C87-0B4F4278B6C0}","ProcessId":3271,"CommandLine":"C:\\Windows\\System32\\RuntimeBroker.exe","ParentImage":"C:\\Windows\\System32\\services.exe","ParentProcessGuid":"{F8CB3E09-E99D-2026-FCF7-D8423E1CF473}","OriginalFileName":"C:\\Windows\\System32\\RuntimeBroker.exe","SHA256":"ec68dafad5e2c4057663dbdd6d3957cec433bc698b940c358d8cf0cb27aa25bc"}
{"UtcTime":"2026-08-12 10:43:00.000","Computer":"TN-FIN-WS042","User":"TRANSNORTE\\backup_svc","EventID":13,"Image":"C:\\Windows\\System32\\RuntimeBroker.exe","ProcessGuid":"{103596C9-C7EA-2026-48AD-BE6BD7C2C039}","ProcessId":3819,"EventType":"SetValue","TargetObject":"HKCU\\Software\\Microsoft\\Office\\16.0\\Outlook\\Resiliency\\3780","Details":"1"}
{"UtcTime":"2026-08-12 10:43:01.000","Computer":"TN-FIN-WS042","User":"TRANSNORTE\\backup_svc","EventID":1,"Image":"C:\\Windows\\System32\\conhost.exe","ProcessGuid":"{7760C7FB-7EDC-2026-C3A6-11FBE3BE66BA}","ProcessId":5823,"CommandLine":"C:\\Windows\\System32\\conhost.exe","ParentImage":"C:\\Windows\\System32\\services.exe","ParentProcessGuid":"{AF6433E5-3724-2026-EE37-0935E4312F07}","OriginalFileName":"C:\\Windows\\System32\\conhost.exe","SHA256":"7f47163cc7d8aab42028930f70e95dbae3e6bdc9d29f3419c8b30aada18486e2"}
{"UtcTime":"2026-08-12 10:43:02.000","Computer":"TN-FIN-WS042","User":"TRANSNORTE\\backup_svc","EventID":5,"Image":"C:\\Program Files\\Google\\Chrome\\Application\\chrome.exe","ProcessGuid":"{F1049180-615F-2026-C980-89B1FCB80CB1}","ProcessId":1943,"EventType":"End"}
{"UtcTime":"2026-08-12 10:43:03.000","Computer":"TN-FIN-WS042","User":"TRANSNORTE\\ops.cardoso","EventID":1,"Image":"C:\\Windows\\System32\\RuntimeBroker.exe","ProcessGuid":"{E3D844A4-5AC6-2026-797E-77BAE326AC56}","ProcessId":2653,"CommandLine":"C:\\Windows\\System32\\RuntimeBroker.exe","ParentImage":"C:\\Windows\\System32\\services.exe","ParentProcessGuid":"{5CD28893-52D4-2026-C2AF-38ACD4F937E5}","OriginalFileName":"C:\\Windows\\System32\\RuntimeBroker.exe","SHA256":"f8b1d325dbcd07504c6bde14b1bf74074ea0fdffe88029b61e87c3353b03472a"}
{"UtcTime":"2026-08-12 10:43:04.000","Computer":"TN-FIN-WS042","User":"TRANSNORTE\\backup_svc","EventID":3,"Image":"C:\\Program Files\\Google\\Chrome\\Application\\chrome.exe","ProcessGuid":"{D1A60C43-EF28-2026-C80B-795EAEEB21D4}","ProcessId":7424,"DestinationIp":"10.50.10.88","DestinationPort":135,"SourceIp":"10.50.10.42","Protocol":"tcp"}
{"UtcTime":"2026-08-12 10:43:05.000","Computer":"TN-FIN-WS042","User":"TRANSNORTE\\ops.cardoso","EventID":1,"Image":"C:\\Windows\\System32\\conhost.exe","ProcessGuid":"{11D7488D-DAD3-2026-C818-A7DB2C437C61}","ProcessId":1846,"CommandLine":"C:\\Windows\\System32\\conhost.exe","ParentImage":"C:\\Windows\\System32\\services.exe","ParentProcessGuid":"{D6AD8E4B-6A00-2026-1185-C9A23FDC6A73}","OriginalFileName":"C:\\Windows\\System32\\conhost.exe","SHA256":"370027ec8478024b09f1c5f4489991c64af176cb42c702b4a1c58ad34ffa21dd"}
{"UtcTime":"2026-08-12 10:43:06.000","Computer":"TN-FIN-WS042","User":"TRANSNORTE\\backup_svc","EventID":1,"Image":"C:\\Windows\\System32\\conhost.exe","ProcessGuid":"{4C75C617-359D-2026-A93F-190CD5D409E3}","ProcessId":8868,"CommandLine":"C:\\Windows\\System32\\conhost.exe","ParentImage":"C:\\Windows\\System32\\services.exe","ParentProcessGuid":"{18FF5947-D699-2026-83DD-64D59BBCA75C}","OriginalFileName":"C:\\Windows\\System32\\conhost.exe","SHA256":"c44db20c2301e3d1ec945dfe2d625387390a7dd4f15359a32a8fe376269c3ef1"}
{"UtcTime":"2026-08-12 10:43:07.000","Computer":"TN-FIN-WS042","User":"TRANSNORTE\\backup_svc","EventID":11,"Image":"C:\\Windows\\System32\\conhost.exe","ProcessGuid":"{35626A6A-2324-2026-8167-DD21A9F82E5D}","ProcessId":2816,"TargetFilename":"C:\\Users\\ops.cardoso\\AppData\\Local\\Temp\\office-3787.tmp"}
{"UtcTime":"2026-08-12 10:43:08.000","Computer":"TN-FIN-WS042","User":"TRANSNORTE\\backup_svc","EventID":5,"Image":"C:\\Program Files\\Google\\Chrome\\Application\\chrome.exe","ProcessGuid":"{09449BDB-59C9-2026-C894-F3611ACBC7B7}","ProcessId":6257,"EventType":"End"}
{"UtcTime":"2026-08-12 10:43:09.000","Computer":"TN-FIN-WS042","User":"TRANSNORTE\\ops.cardoso","EventID":11,"Image":"C:\\Windows\\System32\\svchost.exe","ProcessGuid":"{907EE4A8-739F-2026-E828-32B1C9E6A179}","ProcessId":3268,"TargetFilename":"C:\\Users\\ops.cardoso\\AppData\\Local\\Temp\\office-3789.tmp"}
{"UtcTime":"2026-08-12 10:43:10.000","Computer":"TN-FIN-WS042","User":"TRANSNORTE\\backup_svc","EventID":11,"Image":"C:\\Windows\\System32\\svchost.exe","ProcessGuid":"{3661A97B-B304-2026-012D-9378A6DC6A64}","ProcessId":5273,"TargetFilename":"C:\\Users\\ops.cardoso\\AppData\\Local\\Temp\\office-3790.tmp"}
{"UtcTime":"2026-08-12 10:43:11.000","Computer":"TN-FIN-WS042","User":"TRANSNORTE\\backup_svc","EventID":1,"Image":"C:\\Windows\\explorer.exe","ProcessGuid":"{D5820ED5-6CAB-2026-D2E7-880C1853BBB5}","ProcessId":468,"CommandLine":"C:\\Windows\\explorer.exe","ParentImage":"C:\\Windows\\System32\\services.exe","ParentProcessGuid":"{6F0DE719-6142-2026-8769-8D8AD2E3A1CA}","OriginalFileName":"C:\\Windows\\explorer.exe","SHA256":"c275d73d297627b88004b625bedac7098edc4cd644cc7b17ef3e71ba58f74c5e"}
{"UtcTime":"2026-08-12 10:43:12.000","Computer":"TN-FIN-WS042","User":"TRANSNORTE\\ops.cardoso","EventID":11,"Image":"C:\\Windows\\System32\\RuntimeBroker.exe","ProcessGuid":"{FA68B1E1-D494-2026-E7E5-576F9F61C6CF}","ProcessId":4853,"TargetFilename":"C:\\Users\\ops.cardoso\\AppData\\Local\\Temp\\office-3792.tmp"}
{"UtcTime":"2026-08-12 10:43:13.000","Computer":"TN-FIN-WS042","User":"TRANSNORTE\\ops.cardoso","EventID":11,"Image":"C:\\Program Files\\Microsoft Office\\Office16\\OUTLOOK.EXE","ProcessGuid":"{D1293DE9-21CB-2026-1E78-A80FAF9AB76A}","ProcessId":3370,"TargetFilename":"C:\\Users\\ops.cardoso\\AppData\\Local\\Temp\\office-3793.tmp"}
{"UtcTime":"2026-08-12 10:43:14.000","Computer":"TN-FIN-WS042","User":"TRANSNORTE\\ops.cardoso","EventID":1,"Image":"C:\\Windows\\System32\\conhost.exe","ProcessGuid":"{BE46CCC8-B5AF-2026-54BE-04FF7746D122}","ProcessId":4724,"CommandLine":"C:\\Windows\\System32\\conhost.exe","ParentImage":"C:\\Windows\\System32\\services.exe","ParentProcessGuid":"{93D5F94E-4565-2026-807B-BF7489E5C6B8}","OriginalFileName":"C:\\Windows\\System32\\conhost.exe","SHA256":"6dda72cfbe5a5a7a3084c2b94036a54b09345f2aa145deccbbee69102258e883"}
{"UtcTime":"2026-08-12 10:43:15.000","Computer":"TN-FIN-WS042","User":"TRANSNORTE\\backup_svc","EventID":13,"Image":"C:\\Windows\\System32\\RuntimeBroker.exe","ProcessGuid":"{FB31EDD1-903B-2026-5960-C1EF89B162D5}","ProcessId":4208,"EventType":"SetValue","TargetObject":"HKCU\\Software\\Microsoft\\Office\\16.0\\Outlook\\Resiliency\\3795","Details":"1"}
{"UtcTime":"2026-08-12 10:43:16.000","Computer":"TN-FIN-WS042","User":"TRANSNORTE\\ops.cardoso","EventID":1,"Image":"C:\\Windows\\explorer.exe","ProcessGuid":"{9330051C-6E58-2026-BC72-816957D1D112}","ProcessId":8941,"CommandLine":"C:\\Windows\\explorer.exe","ParentImage":"C:\\Windows\\System32\\services.exe","ParentProcessGuid":"{53B77686-88D3-2026-BD66-A12CD3DACCBC}","OriginalFileName":"C:\\Windows\\explorer.exe","SHA256":"8636fed64b5de9a65eaa53b55e9f0c0a93d9e00e04a7cefede804f99ebdc796a"}
{"UtcTime":"2026-08-12 10:43:17.000","Computer":"TN-FIN-WS042","User":"TRANSNORTE\\ops.cardoso","EventID":11,"Image":"C:\\Program Files\\Google\\Chrome\\Application\\chrome.exe","ProcessGuid":"{F6A85B90-07BC-2026-D374-B79381D560D8}","ProcessId":7374,"TargetFilename":"C:\\Users\\ops.cardoso\\AppData\\Local\\Temp\\office-3797.tmp"}
{"UtcTime":"2026-08-12 10:43:18.000","Computer":"TN-FIN-WS042","User":"TRANSNORTE\\ops.cardoso","EventID":13,"Image":"C:\\Windows\\System32\\conhost.exe","ProcessGuid":"{78A8A59C-9B96-2026-37A5-7584860C9E0B}","ProcessId":1390,"EventType":"SetValue","TargetObject":"HKCU\\Software\\Microsoft\\Office\\16.0\\Outlook\\Resiliency\\3798","Details":"1"}
{"UtcTime":"2026-08-12 10:43:19.000","Computer":"TN-FIN-WS042","User":"TRANSNORTE\\ops.cardoso","EventID":3,"Image":"C:\\Windows\\System32\\conhost.exe","ProcessGuid":"{71EA251B-27A1-2026-726A-A67A0937FC17}","ProcessId":3293,"DestinationIp":"1.1.1.1","DestinationPort":443,"SourceIp":"10.50.10.42","Protocol":"tcp"}
{"UtcTime":"2026-08-12 10:43:20.000","Computer":"TN-FIN-WS042","User":"TRANSNORTE\\ops.cardoso","EventID":3,"Image":"C:\\Program Files\\Google\\Chrome\\Application\\chrome.exe","ProcessGuid":"{71E10A89-F8A5-2026-076C-33CA23B9BB5A}","ProcessId":2987,"DestinationIp":"1.1.1.1","DestinationPort":135,"SourceIp":"10.50.10.42","Protocol":"tcp"}
{"UtcTime":"2026-08-12 10:43:21.000","Computer":"TN-FIN-WS042","User":"TRANSNORTE\\ops.cardoso","EventID":1,"Image":"C:\\Program Files\\Google\\Chrome\\Application\\chrome.exe","ProcessGuid":"{FCA56ECD-38E5-2026-5B29-308D139324E0}","ProcessId":8900,"CommandLine":"C:\\Program Files\\Google\\Chrome\\Application\\chrome.exe","ParentImage":"C:\\Windows\\System32\\services.exe","ParentProcessGuid":"{4D412E97-20C1-2026-6391-B66BF78AA534}","OriginalFileName":"C:\\Program Files\\Google\\Chrome\\Application\\chrome.exe","SHA256":"a43ba9cabf7fcd1740d0ca3613e0603bea7009718e599509df416143f948a73d"}
{"UtcTime":"2026-08-12 10:43:22.000","Computer":"TN-FIN-WS042","User":"TRANSNORTE\\backup_svc","EventID":1,"Image":"C:\\Windows\\System32\\conhost.exe","ProcessGuid":"{FB3B177E-7DDF-2026-9998-F5B756270693}","ProcessId":3995,"CommandLine":"C:\\Windows\\System32\\conhost.exe","ParentImage":"C:\\Windows\\System32\\services.exe","ParentProcessGuid":"{F5A30834-7E22-2026-C471-E5DA24948571}","OriginalFileName":"C:\\Windows\\System32\\conhost.exe","SHA256":"ddeff2f7e5002f4942aae7a94faf2ba29f7a055581894986dc363bf6d4f43c83"}
{"UtcTime":"2026-08-12 10:43:23.000","Computer":"TN-FIN-WS042","User":"TRANSNORTE\\backup_svc","EventID":3,"Image":"C:\\Program Files\\Microsoft Office\\Office16\\OUTLOOK.EXE","ProcessGuid":"{9634C7D2-63A9-2026-1977-0B21558AD93D}","ProcessId":4372,"DestinationIp":"8.8.8.8","DestinationPort":53,"SourceIp":"10.50.10.42","Protocol":"tcp"}
{"UtcTime":"2026-08-12 10:43:24.000","Computer":"TN-FIN-WS042","User":"TRANSNORTE\\ops.cardoso","EventID":5,"Image":"C:\\Windows\\System32\\RuntimeBroker.exe","ProcessGuid":"{B52BE4C2-5188-2026-4F0F-F358E0A9CE06}","ProcessId":3857,"EventType":"End"}
{"UtcTime":"2026-08-12 10:43:25.000","Computer":"TN-FIN-WS042","User":"TRANSNORTE\\backup_svc","EventID":5,"Image":"C:\\Windows\\System32\\svchost.exe","ProcessGuid":"{BA2F278A-E1F9-2026-7E59-751E0B049E3F}","ProcessId":2322,"EventType":"End"}
{"UtcTime":"2026-08-12 10:43:26.000","Computer":"TN-FIN-WS042","User":"TRANSNORTE\\backup_svc","EventID":1,"Image":"C:\\Windows\\System32\\svchost.exe","ProcessGuid":"{216D1689-E156-2026-361B-398AE7446CC9}","ProcessId":1445,"CommandLine":"C:\\Windows\\System32\\svchost.exe","ParentImage":"C:\\Windows\\System32\\services.exe","ParentProcessGuid":"{1173C228-A6CF-2026-649A-4A396A6079AA}","OriginalFileName":"C:\\Windows\\System32\\svchost.exe","SHA256":"1e278042d57257c64fbe0e0bbad0ab74af923c671150b75fb4227ce7d0959c3b"}
{"UtcTime":"2026-08-12 10:43:27.000","Computer":"TN-FIN-WS042","User":"TRANSNORTE\\backup_svc","EventID":3,"Image":"C:\\Program Files\\Microsoft Office\\Office16\\OUTLOOK.EXE","ProcessGuid":"{EBE867EA-B585-2026-1B31-E3BE010E0580}","ProcessId":3761,"DestinationIp":"1.1.1.1","DestinationPort":135,"SourceIp":"10.50.10.42","Protocol":"tcp"}
{"UtcTime":"2026-08-12 10:43:28.000","Computer":"TN-FIN-WS042","User":"TRANSNORTE\\backup_svc","EventID":1,"Image":"C:\\Windows\\System32\\conhost.exe","ProcessGuid":"{D41D7BA7-58C6-2026-11EF-870396187C48}","ProcessId":7033,"CommandLine":"C:\\Windows\\System32\\conhost.exe","ParentImage":"C:\\Windows\\System32\\services.exe","ParentProcessGuid":"{0A38F921-28D2-2026-2DC5-43273BBFD3D4}","OriginalFileName":"C:\\Windows\\System32\\conhost.exe","SHA256":"e7e1381186694d305b13d06034c8178aa39f42017ec174387d50591850da25c4"}
{"UtcTime":"2026-08-12 10:43:29.000","Computer":"TN-FIN-WS042","User":"TRANSNORTE\\backup_svc","EventID":1,"Image":"C:\\Program Files\\Google\\Chrome\\Application\\chrome.exe","ProcessGuid":"{D9A84648-CC68-2026-F2BD-9D8B1DA34D03}","ProcessId":4232,"CommandLine":"C:\\Program Files\\Google\\Chrome\\Application\\chrome.exe","ParentImage":"C:\\Windows\\System32\\services.exe","ParentProcessGuid":"{3894E58F-EAFE-2026-6459-A4FCFC4FC469}","OriginalFileName":"C:\\Program Files\\Google\\Chrome\\Application\\chrome.exe","SHA256":"5b75a07ce9329466d361c70af59bccf4c5fd5edfdd613338f8c5633e6d1cb885"}
{"UtcTime":"2026-08-12 10:43:30.000","Computer":"TN-FIN-WS042","User":"TRANSNORTE\\ops.cardoso","EventID":1,"Image":"C:\\Program Files\\Google\\Chrome\\Application\\chrome.exe","ProcessGuid":"{6187DBE6-D6D2-2026-AE59-4282B52D9C69}","ProcessId":2936,"CommandLine":"C:\\Program Files\\Google\\Chrome\\Application\\chrome.exe","ParentImage":"C:\\Windows\\System32\\services.exe","ParentProcessGuid":"{5D48CFEB-E61D-2026-B5D3-40975F643465}","OriginalFileName":"C:\\Program Files\\Google\\Chrome\\Application\\chrome.exe","SHA256":"d7c3a0adfb36c0b39aa39b0a175187eb9f95a4fabb37971bbda3d1989f422629"}
{"UtcTime":"2026-08-12 10:43:31.000","Computer":"TN-FIN-WS042","User":"TRANSNORTE\\backup_svc","EventID":1,"Image":"C:\\Windows\\System32\\RuntimeBroker.exe","ProcessGuid":"{2F3CB9A8-C21A-2026-DBA8-5498C4263CE1}","ProcessId":5495,"CommandLine":"C:\\Windows\\System32\\RuntimeBroker.exe","ParentImage":"C:\\Windows\\System32\\services.exe","ParentProcessGuid":"{2FE83C30-B413-2026-C0B0-D0B1586E650A}","OriginalFileName":"C:\\Windows\\System32\\RuntimeBroker.exe","SHA256":"e60836549a74c011ae427030a63bbc7ce3dd97fecf8e441eaa78d8780f8187f1"}
{"UtcTime":"2026-08-12 10:43:32.000","Computer":"TN-FIN-WS042","User":"TRANSNORTE\\backup_svc","EventID":13,"Image":"C:\\Windows\\System32\\conhost.exe","ProcessGuid":"{5EADC1D8-CDF2-2026-14A9-880FA6FB060F}","ProcessId":7100,"EventType":"SetValue","TargetObject":"HKCU\\Software\\Microsoft\\Office\\16.0\\Outlook\\Resiliency\\3812","Details":"1"}
{"UtcTime":"2026-08-12 10:43:33.000","Computer":"TN-FIN-WS042","User":"TRANSNORTE\\backup_svc","EventID":13,"Image":"C:\\Program Files\\Microsoft Office\\Office16\\OUTLOOK.EXE","ProcessGuid":"{057DFBE2-A983-2026-FB46-3622BEC6E428}","ProcessId":8258,"EventType":"SetValue","TargetObject":"HKCU\\Software\\Microsoft\\Office\\16.0\\Outlook\\Resiliency\\3813","Details":"1"}
{"UtcTime":"2026-08-12 10:43:34.000","Computer":"TN-FIN-WS042","User":"TRANSNORTE\\backup_svc","EventID":1,"Image":"C:\\Program Files\\Google\\Chrome\\Application\\chrome.exe","ProcessGuid":"{A2B7C013-AB9D-2026-0652-CC57D57FF3AE}","ProcessId":4029,"CommandLine":"C:\\Program Files\\Google\\Chrome\\Application\\chrome.exe","ParentImage":"C:\\Windows\\System32\\services.exe","ParentProcessGuid":"{35A2A8E1-F419-2026-C446-5E3A192741B3}","OriginalFileName":"C:\\Program Files\\Google\\Chrome\\Application\\chrome.exe","SHA256":"42a9b07f7f3f5b3bfe5e709a0f26a8b0f42dfb58c211c8f46e31e6a367084de5"}
{"UtcTime":"2026-08-12 10:43:35.000","Computer":"TN-FIN-WS042","User":"TRANSNORTE\\backup_svc","EventID":1,"Image":"C:\\Windows\\System32\\RuntimeBroker.exe","ProcessGuid":"{CF5226E4-7A99-2026-9D36-02F02CDC8D11}","ProcessId":2858,"CommandLine":"C:\\Windows\\System32\\RuntimeBroker.exe","ParentImage":"C:\\Windows\\System32\\services.exe","ParentProcessGuid":"{196AA36A-29B4-2026-16F8-D0697A7DF3C7}","OriginalFileName":"C:\\Windows\\System32\\RuntimeBroker.exe","SHA256":"3956926fcaa91fbae32546f255fe3b13c569b5397ba3a09bce884af110dfa05e"}
{"UtcTime":"2026-08-12 10:43:36.000","Computer":"TN-FIN-WS042","User":"TRANSNORTE\\ops.cardoso","EventID":13,"Image":"C:\\Program Files\\Google\\Chrome\\Application\\chrome.exe","ProcessGuid":"{FE5F020E-2E39-2026-C586-70EF3A926151}","ProcessId":2647,"EventType":"SetValue","TargetObject":"HKCU\\Software\\Microsoft\\Office\\16.0\\Outlook\\Resiliency\\3816","Details":"1"}
{"UtcTime":"2026-08-12 10:43:37.000","Computer":"TN-FIN-WS042","User":"TRANSNORTE\\backup_svc","EventID":1,"Image":"C:\\Windows\\System32\\conhost.exe","ProcessGuid":"{920658D7-F21C-2026-4857-A5431E388D49}","ProcessId":7808,"CommandLine":"C:\\Windows\\System32\\conhost.exe","ParentImage":"C:\\Windows\\System32\\services.exe","ParentProcessGuid":"{6E19364B-A579-2026-1BA2-6C0B6B0B6268}","OriginalFileName":"C:\\Windows\\System32\\conhost.exe","SHA256":"fe63e6c3adf31d9326b1fb29d9cf9bd1cf08eac8b524f12dc1005201d0da9e28"}
{"UtcTime":"2026-08-12 10:43:38.000","Computer":"TN-FIN-WS042","User":"TRANSNORTE\\backup_svc","EventID":13,"Image":"C:\\Windows\\System32\\RuntimeBroker.exe","ProcessGuid":"{2A4E926D-D444-2026-5147-24278D9B2334}","ProcessId":5739,"EventType":"SetValue","TargetObject":"HKCU\\Software\\Microsoft\\Office\\16.0\\Outlook\\Resiliency\\3818","Details":"1"}
{"UtcTime":"2026-08-12 10:43:39.000","Computer":"TN-FIN-WS042","User":"TRANSNORTE\\backup_svc","EventID":1,"Image":"C:\\Windows\\System32\\svchost.exe","ProcessGuid":"{6FBDE6FF-E9B1-2026-52A4-B43ECC758A61}","ProcessId":3897,"CommandLine":"C:\\Windows\\System32\\svchost.exe","ParentImage":"C:\\Windows\\System32\\services.exe","ParentProcessGuid":"{8B584571-F940-2026-4FB9-B4A8A308ED88}","OriginalFileName":"C:\\Windows\\System32\\svchost.exe","SHA256":"8d5379ffb111f570b9875e669d0ea3b9e1176a1b8dbfc64ec910714add60211b"}
{"UtcTime":"2026-08-12 10:43:40.000","Computer":"TN-FIN-WS042","User":"TRANSNORTE\\backup_svc","EventID":5,"Image":"C:\\Windows\\System32\\RuntimeBroker.exe","ProcessGuid":"{B12AF239-5EF1-2026-374F-5DC409B41ECF}","ProcessId":8010,"EventType":"End"}
{"UtcTime":"2026-08-12 10:43:41.000","Computer":"TN-FIN-WS042","User":"TRANSNORTE\\ops.cardoso","EventID":1,"Image":"C:\\Windows\\System32\\svchost.exe","ProcessGuid":"{55478DC6-DBBC-2026-3332-4FFC3CCD9DBD}","ProcessId":3456,"CommandLine":"C:\\Windows\\System32\\svchost.exe","ParentImage":"C:\\Windows\\System32\\services.exe","ParentProcessGuid":"{8627CAF4-0253-2026-0C6F-5A7FE845C95C}","OriginalFileName":"C:\\Windows\\System32\\svchost.exe","SHA256":"e6138fca7a77e3b082a1367ed4985d381f3a08aba1ec2dd649a5ee4d38afb57e"}
{"UtcTime":"2026-08-12 10:43:42.000","Computer":"TN-FIN-WS042","User":"TRANSNORTE\\ops.cardoso","EventID":11,"Image":"C:\\Windows\\System32\\svchost.exe","ProcessGuid":"{13059B2A-6F6B-2026-5F46-42A28F36021B}","ProcessId":409,"TargetFilename":"C:\\Users\\ops.cardoso\\AppData\\Local\\Temp\\office-3822.tmp"}
{"UtcTime":"2026-08-12 10:43:43.000","Computer":"TN-FIN-WS042","User":"TRANSNORTE\\backup_svc","EventID":5,"Image":"C:\\Program Files\\Microsoft Office\\Office16\\OUTLOOK.EXE","ProcessGuid":"{70FCF7F6-00F2-2026-31B9-FB93F7893285}","ProcessId":636,"EventType":"End"}
{"UtcTime":"2026-08-12 10:43:44.000","Computer":"TN-FIN-WS042","User":"TRANSNORTE\\backup_svc","EventID":3,"Image":"C:\\Windows\\System32\\svchost.exe","ProcessGuid":"{4DF94C0B-0E7B-2026-E98F-476C80AA46B0}","ProcessId":4263,"DestinationIp":"10.50.10.10","DestinationPort":53,"SourceIp":"10.50.10.42","Protocol":"tcp"}
{"UtcTime":"2026-08-12 10:43:45.000","Computer":"TN-FIN-WS042","User":"TRANSNORTE\\backup_svc","EventID":3,"Image":"C:\\Windows\\System32\\svchost.exe","ProcessGuid":"{797C917C-97E5-2026-6141-114266CB5D95}","ProcessId":8330,"DestinationIp":"1.1.1.1","DestinationPort":53,"SourceIp":"10.50.10.42","Protocol":"tcp"}
{"UtcTime":"2026-08-12 10:43:46.000","Computer":"TN-FIN-WS042","User":"TRANSNORTE\\ops.cardoso","EventID":1,"Image":"C:\\Windows\\System32\\conhost.exe","ProcessGuid":"{91D9954D-764B-2026-6E4E-C8AD90BE5DB1}","ProcessId":8751,"CommandLine":"C:\\Windows\\System32\\conhost.exe","ParentImage":"C:\\Windows\\System32\\services.exe","ParentProcessGuid":"{91684486-2C1A-2026-5915-1C784954E8D1}","OriginalFileName":"C:\\Windows\\System32\\conhost.exe","SHA256":"1ed16bc3965d81feb48ccedc2ee43f3373c426ef05f96bb68aca183b757da515"}
{"UtcTime":"2026-08-12 10:43:47.000","Computer":"TN-FIN-WS042","User":"TRANSNORTE\\backup_svc","EventID":1,"Image":"C:\\Program Files\\Microsoft Office\\Office16\\OUTLOOK.EXE","ProcessGuid":"{22549530-433F-2026-672C-3DA6667846E2}","ProcessId":7085,"CommandLine":"C:\\Program Files\\Microsoft Office\\Office16\\OUTLOOK.EXE","ParentImage":"C:\\Windows\\System32\\services.exe","ParentProcessGuid":"{4AC345A1-0BCE-2026-3DF7-A57A5D5439F5}","OriginalFileName":"C:\\Program Files\\Microsoft Office\\Office16\\OUTLOOK.EXE","SHA256":"8f5b1d11954bdbef94ebf1e68d1a767867cd05f5fc8b9bd214336b5998429068"}
{"UtcTime":"2026-08-12 10:43:48.000","Computer":"TN-FIN-WS042","User":"TRANSNORTE\\ops.cardoso","EventID":1,"Image":"C:\\Program Files\\Google\\Chrome\\Application\\chrome.exe","ProcessGuid":"{27EF1A0A-1B98-2026-454D-9F0D4DB664FD}","ProcessId":3357,"CommandLine":"C:\\Program Files\\Google\\Chrome\\Application\\chrome.exe","ParentImage":"C:\\Windows\\System32\\services.exe","ParentProcessGuid":"{C2816D8A-49D2-2026-9695-28011FB26C7B}","OriginalFileName":"C:\\Program Files\\Google\\Chrome\\Application\\chrome.exe","SHA256":"d69f7bf1c2b72a69cc58362834302161563258749a456df94f750b74597739c7"}
{"UtcTime":"2026-08-12 10:43:49.000","Computer":"TN-FIN-WS042","User":"TRANSNORTE\\ops.cardoso","EventID":11,"Image":"C:\\Program Files\\Google\\Chrome\\Application\\chrome.exe","ProcessGuid":"{1205BD02-E4ED-2026-2A44-F18E30EF1468}","ProcessId":1388,"TargetFilename":"C:\\Users\\ops.cardoso\\AppData\\Local\\Temp\\office-3829.tmp"}
{"UtcTime":"2026-08-12 10:43:50.000","Computer":"TN-FIN-WS042","User":"TRANSNORTE\\backup_svc","EventID":13,"Image":"C:\\Windows\\System32\\svchost.exe","ProcessGuid":"{B8E314BD-4359-2026-5BE5-BE128826F26E}","ProcessId":4345,"EventType":"SetValue","TargetObject":"HKCU\\Software\\Microsoft\\Office\\16.0\\Outlook\\Resiliency\\3830","Details":"1"}
{"UtcTime":"2026-08-12 10:43:51.000","Computer":"TN-FIN-WS042","User":"TRANSNORTE\\backup_svc","EventID":13,"Image":"C:\\Program Files\\Microsoft Office\\Office16\\OUTLOOK.EXE","ProcessGuid":"{40E5A5AB-BA5E-2026-9B08-EFD8E939D327}","ProcessId":3028,"EventType":"SetValue","TargetObject":"HKCU\\Software\\Microsoft\\Office\\16.0\\Outlook\\Resiliency\\3831","Details":"1"}
{"UtcTime":"2026-08-12 10:43:52.000","Computer":"TN-FIN-WS042","User":"TRANSNORTE\\backup_svc","EventID":1,"Image":"C:\\Program Files\\Microsoft Office\\Office16\\OUTLOOK.EXE","ProcessGuid":"{BE94E845-4920-2026-0B5F-E0AA3AFC039E}","ProcessId":4082,"CommandLine":"C:\\Program Files\\Microsoft Office\\Office16\\OUTLOOK.EXE","ParentImage":"C:\\Windows\\System32\\services.exe","ParentProcessGuid":"{6E7F88B7-3B80-2026-8926-8AA83E28FCFE}","OriginalFileName":"C:\\Program Files\\Microsoft Office\\Office16\\OUTLOOK.EXE","SHA256":"f82faa5f0792c2a360b31b629e80f9dd63c2706bde2eeaf8f283d2a31b659f6b"}
{"UtcTime":"2026-08-12 10:43:53.000","Computer":"TN-FIN-WS042","User":"TRANSNORTE\\ops.cardoso","EventID":5,"Image":"C:\\Windows\\System32\\RuntimeBroker.exe","ProcessGuid":"{17B4F603-5F07-2026-1125-1FA637FEF6A8}","ProcessId":6163,"EventType":"End"}
{"UtcTime":"2026-08-12 10:43:54.000","Computer":"TN-FIN-WS042","User":"TRANSNORTE\\ops.cardoso","EventID":3,"Image":"C:\\Windows\\explorer.exe","ProcessGuid":"{D8C96C6A-73D4-2026-109C-DAAB82E3D187}","ProcessId":7204,"DestinationIp":"10.50.10.88","DestinationPort":53,"SourceIp":"10.50.10.42","Protocol":"tcp"}
{"UtcTime":"2026-08-12 10:43:55.000","Computer":"TN-FIN-WS042","User":"TRANSNORTE\\ops.cardoso","EventID":11,"Image":"C:\\Program Files\\Google\\Chrome\\Application\\chrome.exe","ProcessGuid":"{A1450A0F-AF3B-2026-E277-4B77349CB8B2}","ProcessId":6504,"TargetFilename":"C:\\Users\\ops.cardoso\\AppData\\Local\\Temp\\office-3835.tmp"}
{"UtcTime":"2026-08-12 10:43:56.000","Computer":"TN-FIN-WS042","User":"TRANSNORTE\\ops.cardoso","EventID":1,"Image":"C:\\Windows\\System32\\svchost.exe","ProcessGuid":"{D31F2C94-E3D9-2026-B7D0-A84E6D1A9B42}","ProcessId":7452,"CommandLine":"C:\\Windows\\System32\\svchost.exe","ParentImage":"C:\\Windows\\System32\\services.exe","ParentProcessGuid":"{DB663730-A7C4-2026-211E-AD0440CFA4FF}","OriginalFileName":"C:\\Windows\\System32\\svchost.exe","SHA256":"6adb9d436f2da8d66a20dfe4f571a04e2c1e8b1fdae9767a4a6d00e2a23c3c62"}
{"UtcTime":"2026-08-12 10:43:57.000","Computer":"TN-FIN-WS042","User":"TRANSNORTE\\backup_svc","EventID":5,"Image":"C:\\Program Files\\Microsoft Office\\Office16\\OUTLOOK.EXE","ProcessGuid":"{11FD8162-318A-2026-5732-53A5B6AF33FD}","ProcessId":2686,"EventType":"End"}
{"UtcTime":"2026-08-12 10:43:58.000","Computer":"TN-FIN-WS042","User":"TRANSNORTE\\ops.cardoso","EventID":13,"Image":"C:\\Program Files\\Microsoft Office\\Office16\\OUTLOOK.EXE","ProcessGuid":"{3672ED35-19F7-2026-3582-216EE3BA379D}","ProcessId":4081,"EventType":"SetValue","TargetObject":"HKCU\\Software\\Microsoft\\Office\\16.0\\Outlook\\Resiliency\\3838","Details":"1"}
{"UtcTime":"2026-08-12 10:43:59.000","Computer":"TN-FIN-WS042","User":"TRANSNORTE\\backup_svc","EventID":5,"Image":"C:\\Program Files\\Microsoft Office\\Office16\\OUTLOOK.EXE","ProcessGuid":"{CDA24CC1-6500-2026-2D28-1FE9FD14D732}","ProcessId":976,"EventType":"End"}
{"UtcTime":"2026-08-12 10:44:00.000","Computer":"TN-FIN-WS042","User":"TRANSNORTE\\backup_svc","EventID":5,"Image":"C:\\Windows\\System32\\RuntimeBroker.exe","ProcessGuid":"{175FAFF3-D4E5-2026-099C-DFD8B6624982}","ProcessId":413,"EventType":"End"}
{"UtcTime":"2026-08-12 10:44:01.000","Computer":"TN-FIN-WS042","User":"TRANSNORTE\\ops.cardoso","EventID":5,"Image":"C:\\Windows\\System32\\conhost.exe","ProcessGuid":"{C063C123-324D-2026-1E46-78A3D42455D4}","ProcessId":4030,"EventType":"End"}
{"UtcTime":"2026-08-12 10:44:02.000","Computer":"TN-FIN-WS042","User":"TRANSNORTE\\backup_svc","EventID":1,"Image":"C:\\Windows\\System32\\RuntimeBroker.exe","ProcessGuid":"{2ED57757-112F-2026-9301-EC0E9A25E63D}","ProcessId":3441,"CommandLine":"C:\\Windows\\System32\\RuntimeBroker.exe","ParentImage":"C:\\Windows\\System32\\services.exe","ParentProcessGuid":"{074602BF-25BC-2026-7E76-3312F5D30F76}","OriginalFileName":"C:\\Windows\\System32\\RuntimeBroker.exe","SHA256":"0d0e03ee652aafc4cff4fab1173e26b9afba3b71dc93f3043cc009195acab28a"}
{"UtcTime":"2026-08-12 10:44:03.000","Computer":"TN-FIN-WS042","User":"TRANSNORTE\\ops.cardoso","EventID":5,"Image":"C:\\Windows\\System32\\conhost.exe","ProcessGuid":"{D6705A96-F30A-2026-44F1-6D51A0FE8FC0}","ProcessId":6584,"EventType":"End"}
{"UtcTime":"2026-08-12 10:44:04.000","Computer":"TN-FIN-WS042","User":"TRANSNORTE\\ops.cardoso","EventID":1,"Image":"C:\\Windows\\explorer.exe","ProcessGuid":"{4E04506C-2983-2026-F784-AE570865F1B6}","ProcessId":3166,"CommandLine":"C:\\Windows\\explorer.exe","ParentImage":"C:\\Windows\\System32\\services.exe","ParentProcessGuid":"{5C39F6FA-3B43-2026-2415-FB2E106D970D}","OriginalFileName":"C:\\Windows\\explorer.exe","SHA256":"99c4d2b8cabacc7e965b88d5e64ddbdf97e4bb5a7ca8dc3614493a2a558a9218"}
{"UtcTime":"2026-08-12 10:44:05.000","Computer":"TN-FIN-WS042","User":"TRANSNORTE\\backup_svc","EventID":1,"Image":"C:\\Program Files\\Microsoft Office\\Office16\\OUTLOOK.EXE","ProcessGuid":"{50D0DA2A-BC1D-2026-0BBA-CDD3D7F351C7}","ProcessId":2421,"CommandLine":"C:\\Program Files\\Microsoft Office\\Office16\\OUTLOOK.EXE","ParentImage":"C:\\Windows\\System32\\services.exe","ParentProcessGuid":"{EB44A2A4-8546-2026-D128-BE7E5E0D36DF}","OriginalFileName":"C:\\Program Files\\Microsoft Office\\Office16\\OUTLOOK.EXE","SHA256":"efd372ff35545ccc0332acb2055ef23f97e9a926bfc51c78f094c07d1ae35647"}
{"UtcTime":"2026-08-12 10:44:06.000","Computer":"TN-FIN-WS042","User":"TRANSNORTE\\ops.cardoso","EventID":13,"Image":"C:\\Windows\\System32\\RuntimeBroker.exe","ProcessGuid":"{E22C8D4A-9A64-2026-F175-501DCC99BA18}","ProcessId":3820,"EventType":"SetValue","TargetObject":"HKCU\\Software\\Microsoft\\Office\\16.0\\Outlook\\Resiliency\\3846","Details":"1"}
{"UtcTime":"2026-08-12 10:44:07.000","Computer":"TN-FIN-WS042","User":"TRANSNORTE\\backup_svc","EventID":5,"Image":"C:\\Windows\\System32\\conhost.exe","ProcessGuid":"{69D28E96-05D2-2026-D085-E60B93C2DC25}","ProcessId":3589,"EventType":"End"}
{"UtcTime":"2026-08-12 10:44:08.000","Computer":"TN-FIN-WS042","User":"TRANSNORTE\\backup_svc","EventID":13,"Image":"C:\\Program Files\\Microsoft Office\\Office16\\OUTLOOK.EXE","ProcessGuid":"{45ABF473-29A9-2026-9046-76FBE27CA579}","ProcessId":6282,"EventType":"SetValue","TargetObject":"HKCU\\Software\\Microsoft\\Office\\16.0\\Outlook\\Resiliency\\3848","Details":"1"}
{"UtcTime":"2026-08-12 10:44:09.000","Computer":"TN-FIN-WS042","User":"TRANSNORTE\\ops.cardoso","EventID":1,"Image":"C:\\Program Files\\Microsoft Office\\Office16\\OUTLOOK.EXE","ProcessGuid":"{5E31B383-A24C-2026-F92C-BF13AA89D46C}","ProcessId":2689,"CommandLine":"C:\\Program Files\\Microsoft Office\\Office16\\OUTLOOK.EXE","ParentImage":"C:\\Windows\\System32\\services.exe","ParentProcessGuid":"{3BFDC45B-6381-2026-2511-F061FA4CA0B5}","OriginalFileName":"C:\\Program Files\\Microsoft Office\\Office16\\OUTLOOK.EXE","SHA256":"b2ac5c7c47fb048c1de2c269fa6f70ad10391aaa070b58470da280faf4673bde"}
{"UtcTime":"2026-08-12 10:44:10.000","Computer":"TN-FIN-WS042","User":"TRANSNORTE\\ops.cardoso","EventID":1,"Image":"C:\\Windows\\System32\\RuntimeBroker.exe","ProcessGuid":"{BAF1D9F7-81B5-2026-C92C-AAAD09B4D1FE}","ProcessId":1254,"CommandLine":"C:\\Windows\\System32\\RuntimeBroker.exe","ParentImage":"C:\\Windows\\System32\\services.exe","ParentProcessGuid":"{D546BE49-09E5-2026-AB0E-ABE90ADF8C3E}","OriginalFileName":"C:\\Windows\\System32\\RuntimeBroker.exe","SHA256":"83b130a3032cc517f7f6982d5a546f02baffaa9605013759a1a2b966cbbb7c27"}
{"UtcTime":"2026-08-12 10:44:11.000","Computer":"TN-FIN-WS042","User":"TRANSNORTE\\ops.cardoso","EventID":1,"Image":"C:\\Windows\\System32\\conhost.exe","ProcessGuid":"{B636B371-5193-2026-6AA5-7E647C280EDD}","ProcessId":1183,"CommandLine":"C:\\Windows\\System32\\conhost.exe","ParentImage":"C:\\Windows\\System32\\services.exe","ParentProcessGuid":"{726E2563-D79B-2026-16B4-20ED69DE8B06}","OriginalFileName":"C:\\Windows\\System32\\conhost.exe","SHA256":"1ae1ae473ec7503a0b93e316a0f8e2bef159c70451a3e2f2f52d193fb36d100f"}
{"UtcTime":"2026-08-12 10:44:12.000","Computer":"TN-FIN-WS042","User":"TRANSNORTE\\backup_svc","EventID":1,"Image":"C:\\Windows\\System32\\RuntimeBroker.exe","ProcessGuid":"{42515C88-A9A6-2026-40AD-89D5CBF0C27A}","ProcessId":7402,"CommandLine":"C:\\Windows\\System32\\RuntimeBroker.exe","ParentImage":"C:\\Windows\\System32\\services.exe","ParentProcessGuid":"{A826DCB1-2337-2026-7BE9-25B0AF5CC614}","OriginalFileName":"C:\\Windows\\System32\\RuntimeBroker.exe","SHA256":"f5b961294cc4d4632c376610a37d4298f15c59ef8eb28393fe22d55f326344d7"}
{"UtcTime":"2026-08-12 10:44:13.000","Computer":"TN-FIN-WS042","User":"TRANSNORTE\\backup_svc","EventID":13,"Image":"C:\\Program Files\\Google\\Chrome\\Application\\chrome.exe","ProcessGuid":"{719328DD-D9A5-2026-E342-9B5CA9257DEE}","ProcessId":5384,"EventType":"SetValue","TargetObject":"HKCU\\Software\\Microsoft\\Office\\16.0\\Outlook\\Resiliency\\3853","Details":"1"}
