{"UtcTime":"2026-08-12 15:22:58.000","Computer":"CLM-MESA-014","User":"CLM\\ops","EventID":1,"Image":"C:\\Windows\\System32\\svchost.exe","ProcessGuid":"{E2C68791-9761-2026-C156-D56307B97609}","ProcessId":5606,"CommandLine":"C:\\Windows\\System32\\svchost.exe","ParentImage":"C:\\Windows\\System32\\services.exe","ParentProcessGuid":"{24E1BE35-BAE7-2026-D3C7-ABED852A2E1C}","OriginalFileName":"C:\\Windows\\System32\\svchost.exe"}
{"UtcTime":"2026-08-12 15:22:59.000","Computer":"CLM-MESA-014","User":"CLM\\ops","EventID":5,"Image":"C:\\Program Files\\Google\\Chrome\\Application\\chrome.exe","ProcessGuid":"{87B7CBFF-E662-2026-6E2E-3163CB29DD27}","ProcessId":2625,"EventType":"End"}
{"UtcTime":"2026-08-12 15:23:00.000","Computer":"CLM-MESA-014","User":"CLM\\ops","EventID":1,"Image":"C:\\Windows\\System32\\svchost.exe","ProcessGuid":"{0EDB0DA3-9F5C-2026-804B-0C5A52680B0C}","ProcessId":1688,"CommandLine":"C:\\Windows\\System32\\svchost.exe","ParentImage":"C:\\Windows\\System32\\services.exe","ParentProcessGuid":"{B29DD18B-8092-2026-13FE-56009B82EA3B}","OriginalFileName":"C:\\Windows\\System32\\svchost.exe"}
{"UtcTime":"2026-08-12 15:23:01.000","Computer":"CLM-MESA-014","User":"CLM\\ops","EventID":1,"Image":"C:\\Program Files\\Google\\Chrome\\Application\\chrome.exe","ProcessGuid":"{A12F1F9F-DA31-2026-8E58-A5DD9B1B29F6}","ProcessId":8901,"CommandLine":"C:\\Program Files\\Google\\Chrome\\Application\\chrome.exe","ParentImage":"C:\\Windows\\System32\\services.exe","ParentProcessGuid":"{E2111954-A419-2026-3D93-01C3CDDBEC05}","OriginalFileName":"C:\\Program Files\\Google\\Chrome\\Application\\chrome.exe"}
{"UtcTime":"2026-08-12 15:23:02.000","Computer":"CLM-MESA-014","User":"CLM\\backoffice","EventID":1,"Image":"C:\\Windows\\System32\\conhost.exe","ProcessGuid":"{EEFDBAD4-8437-2026-7719-FEC1430ACB16}","ProcessId":1034,"CommandLine":"C:\\Windows\\System32\\conhost.exe","ParentImage":"C:\\Windows\\System32\\services.exe","ParentProcessGuid":"{67A8CDB3-A4EB-2026-4BC0-E0EA0789B3A0}","OriginalFileName":"C:\\Windows\\System32\\conhost.exe"}
{"UtcTime":"2026-08-12 15:23:03.000","Computer":"CLM-MESA-014","User":"CLM\\ops","EventID":1,"Image":"C:\\Windows\\explorer.exe","ProcessGuid":"{125A0633-3CDB-2026-E9A3-F3F4A2EE654C}","ProcessId":7369,"CommandLine":"C:\\Windows\\explorer.exe","ParentImage":"C:\\Windows\\System32\\services.exe","ParentProcessGuid":"{772C35CA-8545-2026-C18F-2CA754AE7363}","OriginalFileName":"C:\\Windows\\explorer.exe"}
{"UtcTime":"2026-08-12 15:23:04.000","Computer":"CLM-MESA-014","User":"CLM\\backoffice","EventID":1,"Image":"C:\\Windows\\explorer.exe","ProcessGuid":"{A307D004-FADB-2026-8767-CA167F3CFB6D}","ProcessId":7082,"CommandLine":"C:\\Windows\\explorer.exe","ParentImage":"C:\\Windows\\System32\\services.exe","ParentProcessGuid":"{1DFF81EC-DAAA-2026-D148-1266EB12A265}","OriginalFileName":"C:\\Windows\\explorer.exe"}
{"UtcTime":"2026-08-12 15:23:05.000","Computer":"CLM-MESA-014","User":"CLM\\backoffice","EventID":1,"Image":"C:\\Windows\\explorer.exe","ProcessGuid":"{92502FF0-926A-2026-D934-3FE02AFB15C6}","ProcessId":2071,"CommandLine":"C:\\Windows\\explorer.exe","ParentImage":"C:\\Windows\\System32\\services.exe","ParentProcessGuid":"{1449EBDC-8492-2026-6BB2-219BA7464152}","OriginalFileName":"C:\\Windows\\explorer.exe"}
{"UtcTime":"2026-08-12 15:23:06.000","Computer":"CLM-MESA-014","User":"CLM\\ops","EventID":1,"Image":"C:\\Windows\\System32\\RuntimeBroker.exe","ProcessGuid":"{E68F09E7-EA82-2026-3BC8-F8B911799861}","ProcessId":830,"CommandLine":"C:\\Windows\\System32\\RuntimeBroker.exe","ParentImage":"C:\\Windows\\System32\\services.exe","ParentProcessGuid":"{54246866-58B7-2026-C083-7D921A330DC9}","OriginalFileName":"C:\\Windows\\System32\\RuntimeBroker.exe"}
{"UtcTime":"2026-08-12 15:23:07.000","Computer":"CLM-MESA-014","User":"CLM\\ops","EventID":1,"Image":"C:\\Windows\\System32\\svchost.exe","ProcessGuid":"{9981320D-8BDC-2026-F94C-0BD2DA12D997}","ProcessId":7507,"CommandLine":"C:\\Windows\\System32\\svchost.exe","ParentImage":"C:\\Windows\\System32\\services.exe","ParentProcessGuid":"{AAB444FE-520A-2026-6C47-7DCBDD5FED45}","OriginalFileName":"C:\\Windows\\System32\\svchost.exe"}
{"UtcTime":"2026-08-12 15:23:08.000","Computer":"CLM-MESA-014","User":"CLM\\ops","EventID":1,"Image":"C:\\Program Files\\Google\\Chrome\\Application\\chrome.exe","ProcessGuid":"{24B26793-EA2F-2026-FB60-6A5CC90F14D0}","ProcessId":5645,"CommandLine":"C:\\Program Files\\Google\\Chrome\\Application\\chrome.exe","ParentImage":"C:\\Windows\\System32\\services.exe","ParentProcessGuid":"{62B97608-8466-2026-351F-A840784D33D8}","OriginalFileName":"C:\\Program Files\\Google\\Chrome\\Application\\chrome.exe"}
{"UtcTime":"2026-08-12 15:23:09.000","Computer":"CLM-MESA-014","User":"CLM\\mesa","EventID":11,"Image":"C:\\Windows\\System32\\RuntimeBroker.exe","ProcessGuid":"{A4C047BA-6682-2026-A2C0-925D050051DF}","ProcessId":3046,"TargetFilename":"C:\\Users\\Public\\Temp\\mesa-4389.tmp"}
{"UtcTime":"2026-08-12 15:23:10.000","Computer":"CLM-MESA-014","User":"CLM\\ops","EventID":3,"Image":"C:\\Windows\\System32\\svchost.exe","ProcessGuid":"{F769FF85-70A0-2026-893D-6F87436DA0D7}","ProcessId":5467,"DestinationIp":"10.70.30.8","DestinationPort":135,"DestinationHostname":"ntp.clm.liquidacao","SourceIp":"10.70.30.14","Protocol":"tcp"}
{"UtcTime":"2026-08-12 15:23:11.000","Computer":"CLM-MESA-014","User":"CLM\\mesa","EventID":13,"Image":"C:\\Windows\\explorer.exe","ProcessGuid":"{5569EF83-40FF-2026-28DD-0D8AEFFCEB35}","ProcessId":7868,"EventType":"SetValue","TargetObject":"HKCU\\Software\\CLM\\Mesa\\Pref\\4391","Details":"1"}
{"UtcTime":"2026-08-12 15:23:12.000","Computer":"CLM-MESA-014","User":"CLM\\backoffice","EventID":5,"Image":"C:\\Program Files\\Google\\Chrome\\Application\\chrome.exe","ProcessGuid":"{B072D554-131E-2026-D8FE-86544DFBE0A5}","ProcessId":3396,"EventType":"End"}
{"UtcTime":"2026-08-12 15:23:13.000","Computer":"CLM-MESA-014","User":"CLM\\backoffice","EventID":1,"Image":"C:\\Windows\\System32\\conhost.exe","ProcessGuid":"{D0B3C287-33CC-2026-29D3-8DCDD9C4CBE5}","ProcessId":7313,"CommandLine":"C:\\Windows\\System32\\conhost.exe","ParentImage":"C:\\Windows\\System32\\services.exe","ParentProcessGuid":"{56966D5B-9920-2026-8AB5-FD6141216DF9}","OriginalFileName":"C:\\Windows\\System32\\conhost.exe"}
{"UtcTime":"2026-08-12 15:23:14.000","Computer":"CLM-MESA-014","User":"CLM\\ops","EventID":1,"Image":"C:\\Windows\\System32\\RuntimeBroker.exe","ProcessGuid":"{9F9E5B7C-9E86-2026-58F9-86D0BE25652C}","ProcessId":3130,"CommandLine":"C:\\Windows\\System32\\RuntimeBroker.exe","ParentImage":"C:\\Windows\\System32\\services.exe","ParentProcessGuid":"{C998FF55-C297-2026-286F-A63531CE1390}","OriginalFileName":"C:\\Windows\\System32\\RuntimeBroker.exe"}
{"UtcTime":"2026-08-12 15:23:15.000","Computer":"CLM-MESA-014","User":"CLM\\ops","EventID":13,"Image":"C:\\Program Files\\Microsoft Office\\Office16\\EXCEL.EXE","ProcessGuid":"{303A28B5-11AF-2026-E989-4405B992EABC}","ProcessId":5240,"EventType":"SetValue","TargetObject":"HKCU\\Software\\CLM\\Mesa\\Pref\\4395","Details":"1"}
{"UtcTime":"2026-08-12 15:23:16.000","Computer":"CLM-MESA-014","User":"CLM\\backoffice","EventID":11,"Image":"C:\\Windows\\System32\\conhost.exe","ProcessGuid":"{215C6886-6BAD-2026-92C3-17A3892F2D8A}","ProcessId":1625,"TargetFilename":"C:\\Users\\Public\\Temp\\mesa-4396.tmp"}
{"UtcTime":"2026-08-12 15:23:17.000","Computer":"CLM-MESA-014","User":"CLM\\backoffice","EventID":1,"Image":"C:\\Windows\\System32\\conhost.exe","ProcessGuid":"{9BFA3765-F18E-2026-B357-A5463BC4D8D0}","ProcessId":1636,"CommandLine":"C:\\Windows\\System32\\conhost.exe","ParentImage":"C:\\Windows\\System32\\services.exe","ParentProcessGuid":"{EE18E54D-6F4F-2026-4018-B6A2B04D9708}","OriginalFileName":"C:\\Windows\\System32\\conhost.exe"}
{"UtcTime":"2026-08-12 15:23:18.000","Computer":"CLM-MESA-014","User":"CLM\\backoffice","EventID":1,"Image":"C:\\Windows\\explorer.exe","ProcessGuid":"{6B2F4B26-2658-2026-0258-7D40B71366F0}","ProcessId":7907,"CommandLine":"C:\\Windows\\explorer.exe","ParentImage":"C:\\Windows\\System32\\services.exe","ParentProcessGuid":"{71BB8986-E369-2026-78EC-5AB67870F8F2}","OriginalFileName":"C:\\Windows\\explorer.exe"}
{"UtcTime":"2026-08-12 15:23:19.000","Computer":"CLM-MESA-014","User":"CLM\\backoffice","EventID":5,"Image":"C:\\Windows\\System32\\RuntimeBroker.exe","ProcessGuid":"{DF692FE1-3F1A-2026-FC29-3F31EEE0D589}","ProcessId":5460,"EventType":"End"}
{"UtcTime":"2026-08-12 15:23:20.000","Computer":"CLM-MESA-014","User":"CLM\\backoffice","EventID":5,"Image":"C:\\Windows\\System32\\RuntimeBroker.exe","ProcessGuid":"{95215B66-5EE2-2026-308E-AD239D5A8A9F}","ProcessId":8249,"EventType":"End"}
{"UtcTime":"2026-08-12 15:23:21.000","Computer":"CLM-MESA-014","User":"CLM\\backoffice","EventID":1,"Image":"C:\\Windows\\System32\\svchost.exe","ProcessGuid":"{41F6E42D-4B44-2026-0B3F-38D26A1AB03C}","ProcessId":2514,"CommandLine":"C:\\Windows\\System32\\svchost.exe","ParentImage":"C:\\Windows\\System32\\services.exe","ParentProcessGuid":"{4202BC37-231D-2026-3D7C-70D9D3048C02}","OriginalFileName":"C:\\Windows\\System32\\svchost.exe"}
{"UtcTime":"2026-08-12 15:23:22.000","Computer":"CLM-MESA-014","User":"CLM\\backoffice","EventID":3,"Image":"C:\\Windows\\System32\\svchost.exe","ProcessGuid":"{67C6B7A7-6A27-2026-764D-F104A61A2332}","ProcessId":3764,"DestinationIp":"10.70.30.1","DestinationPort":53,"DestinationHostname":"ntp.clm.liquidacao","SourceIp":"10.70.30.14","Protocol":"tcp"}
{"UtcTime":"2026-08-12 15:23:23.000","Computer":"CLM-MESA-014","User":"CLM\\mesa","EventID":1,"Image":"C:\\Windows\\System32\\svchost.exe","ProcessGuid":"{F12AC973-9B77-2026-62B2-36F7E20741E3}","ProcessId":3944,"CommandLine":"C:\\Windows\\System32\\svchost.exe","ParentImage":"C:\\Windows\\System32\\services.exe","ParentProcessGuid":"{49FC94C9-5111-2026-136C-A5CE44976AAA}","OriginalFileName":"C:\\Windows\\System32\\svchost.exe"}
{"UtcTime":"2026-08-12 15:23:24.000","Computer":"CLM-MESA-014","User":"CLM\\ops","EventID":1,"Image":"C:\\Windows\\explorer.exe","ProcessGuid":"{203173CA-A848-2026-8FB0-D78E2A5481D5}","ProcessId":2622,"CommandLine":"C:\\Windows\\explorer.exe","ParentImage":"C:\\Windows\\System32\\services.exe","ParentProcessGuid":"{62440173-812C-2026-6878-2F561757117E}","OriginalFileName":"C:\\Windows\\explorer.exe"}
{"UtcTime":"2026-08-12 15:23:25.000","Computer":"CLM-MESA-014","User":"CLM\\backoffice","EventID":1,"Image":"C:\\Windows\\System32\\svchost.exe","ProcessGuid":"{9BDCD09F-51CA-2026-1F4B-DCA615CAEBD7}","ProcessId":2561,"CommandLine":"C:\\Windows\\System32\\svchost.exe","ParentImage":"C:\\Windows\\System32\\services.exe","ParentProcessGuid":"{68B14591-8557-2026-A10E-1BF98EE2BE13}","OriginalFileName":"C:\\Windows\\System32\\svchost.exe"}
{"UtcTime":"2026-08-12 15:23:26.000","Computer":"CLM-MESA-014","User":"CLM\\mesa","EventID":5,"Image":"C:\\Program Files\\Google\\Chrome\\Application\\chrome.exe","ProcessGuid":"{8AB64C08-A97C-2026-CE29-18F57CD75FCF}","ProcessId":8674,"EventType":"End"}
{"UtcTime":"2026-08-12 15:23:27.000","Computer":"CLM-MESA-014","User":"CLM\\backoffice","EventID":1,"Image":"C:\\Windows\\System32\\RuntimeBroker.exe","ProcessGuid":"{B8E963B1-ABA8-2026-4428-D0C71734EEB9}","ProcessId":1236,"CommandLine":"C:\\Windows\\System32\\RuntimeBroker.exe","ParentImage":"C:\\Windows\\System32\\services.exe","ParentProcessGuid":"{7A74DCE7-5732-2026-DD3D-EED6DCDC3FEE}","OriginalFileName":"C:\\Windows\\System32\\RuntimeBroker.exe"}
{"UtcTime":"2026-08-12 15:23:28.000","Computer":"CLM-MESA-014","User":"CLM\\ops","EventID":11,"Image":"C:\\Program Files\\Google\\Chrome\\Application\\chrome.exe","ProcessGuid":"{46B256B0-2194-2026-AB49-2978A1DC68E6}","ProcessId":6465,"TargetFilename":"C:\\Users\\Public\\Temp\\mesa-4408.tmp"}
{"UtcTime":"2026-08-12 15:23:29.000","Computer":"CLM-MESA-014","User":"CLM\\backoffice","EventID":13,"Image":"C:\\Program Files\\Google\\Chrome\\Application\\chrome.exe","ProcessGuid":"{B4DA308A-42FA-2026-CE95-2D3E035B070D}","ProcessId":4041,"EventType":"SetValue","TargetObject":"HKCU\\Software\\CLM\\Mesa\\Pref\\4409","Details":"1"}
{"UtcTime":"2026-08-12 15:23:30.000","Computer":"CLM-MESA-014","User":"CLM\\ops","EventID":1,"Image":"C:\\Program Files\\Google\\Chrome\\Application\\chrome.exe","ProcessGuid":"{2F3EE08D-9EA7-2026-BB44-F18E70906620}","ProcessId":6361,"CommandLine":"C:\\Program Files\\Google\\Chrome\\Application\\chrome.exe","ParentImage":"C:\\Windows\\System32\\services.exe","ParentProcessGuid":"{279CDD6E-A018-2026-CF39-B3EAAA4EFC12}","OriginalFileName":"C:\\Program Files\\Google\\Chrome\\Application\\chrome.exe"}
{"UtcTime":"2026-08-12 15:23:31.000","Computer":"CLM-MESA-014","User":"CLM\\ops","EventID":3,"Image":"C:\\Program Files\\Microsoft Office\\Office16\\EXCEL.EXE","ProcessGuid":"{EF1965BE-9F42-2026-650D-25135C457EC7}","ProcessId":4159,"DestinationIp":"8.8.8.8","DestinationPort":443,"DestinationHostname":"portal.clm.liquidacao","SourceIp":"10.70.30.14","Protocol":"tcp"}
{"UtcTime":"2026-08-12 15:23:32.000","Computer":"CLM-MESA-014","User":"CLM\\mesa","EventID":3,"Image":"C:\\Windows\\explorer.exe","ProcessGuid":"{F03F263D-90DD-2026-06B4-1DD17C3943EC}","ProcessId":5884,"DestinationIp":"8.8.8.8","DestinationPort":135,"DestinationHostname":"ntp.clm.liquidacao","SourceIp":"10.70.30.14","Protocol":"tcp"}
{"UtcTime":"2026-08-12 15:23:33.000","Computer":"CLM-MESA-014","User":"CLM\\ops","EventID":5,"Image":"C:\\Windows\\System32\\svchost.exe","ProcessGuid":"{14341130-73C7-2026-54C6-56EB4EDFCD2A}","ProcessId":6781,"EventType":"End"}
{"UtcTime":"2026-08-12 15:23:34.000","Computer":"CLM-MESA-014","User":"CLM\\backoffice","EventID":1,"Image":"C:\\Windows\\System32\\svchost.exe","ProcessGuid":"{251CE3FD-EF1B-2026-B4CA-384D34D5BA8C}","ProcessId":8863,"CommandLine":"C:\\Windows\\System32\\svchost.exe","ParentImage":"C:\\Windows\\System32\\services.exe","ParentProcessGuid":"{A7B01910-2111-2026-E7DA-F8F2D9456DCB}","OriginalFileName":"C:\\Windows\\System32\\svchost.exe"}
{"UtcTime":"2026-08-12 15:23:35.000","Computer":"CLM-MESA-014","User":"CLM\\mesa","EventID":5,"Image":"C:\\Windows\\explorer.exe","ProcessGuid":"{F3167FC2-3E2E-2026-8497-73AD2E7CB6B6}","ProcessId":7208,"EventType":"End"}
{"UtcTime":"2026-08-12 15:23:36.000","Computer":"CLM-MESA-014","User":"CLM\\mesa","EventID":5,"Image":"C:\\Program Files\\Microsoft Office\\Office16\\EXCEL.EXE","ProcessGuid":"{324B4DB2-91BC-2026-9E35-BA5C45CA6932}","ProcessId":3990,"EventType":"End"}
{"UtcTime":"2026-08-12 15:23:37.000","Computer":"CLM-MESA-014","User":"CLM\\backoffice","EventID":5,"Image":"C:\\Program Files\\Microsoft Office\\Office16\\EXCEL.EXE","ProcessGuid":"{3C86B6FB-AC1D-2026-C803-F88F34729020}","ProcessId":2667,"EventType":"End"}
{"UtcTime":"2026-08-12 15:23:38.000","Computer":"CLM-MESA-014","User":"CLM\\backoffice","EventID":13,"Image":"C:\\Windows\\explorer.exe","ProcessGuid":"{BBD130CF-3E9C-2026-F8E1-7EA11C59B7E7}","ProcessId":5507,"EventType":"SetValue","TargetObject":"HKCU\\Software\\CLM\\Mesa\\Pref\\4418","Details":"1"}
{"UtcTime":"2026-08-12 15:23:39.000","Computer":"CLM-MESA-014","User":"CLM\\ops","EventID":3,"Image":"C:\\Program Files\\Microsoft Office\\Office16\\EXCEL.EXE","ProcessGuid":"{507178DC-4AEC-2026-2FCB-8C1E74706ED1}","ProcessId":5132,"DestinationIp":"8.8.8.8","DestinationPort":443,"DestinationHostname":"portal.clm.liquidacao","SourceIp":"10.70.30.14","Protocol":"tcp"}
{"UtcTime":"2026-08-12 15:23:40.000","Computer":"CLM-MESA-014","User":"CLM\\mesa","EventID":1,"Image":"C:\\Windows\\System32\\RuntimeBroker.exe","ProcessGuid":"{4672B0D6-89FA-2026-20E9-515875A72842}","ProcessId":8418,"CommandLine":"C:\\Windows\\System32\\RuntimeBroker.exe","ParentImage":"C:\\Windows\\System32\\services.exe","ParentProcessGuid":"{F65A0094-8CC7-2026-E046-4B611B789A99}","OriginalFileName":"C:\\Windows\\System32\\RuntimeBroker.exe"}
{"UtcTime":"2026-08-12 15:23:41.000","Computer":"CLM-MESA-014","User":"CLM\\ops","EventID":1,"Image":"C:\\Windows\\System32\\svchost.exe","ProcessGuid":"{AC3913C8-19E1-2026-FFAD-DFE049BF87D5}","ProcessId":1512,"CommandLine":"C:\\Windows\\System32\\svchost.exe","ParentImage":"C:\\Windows\\System32\\services.exe","ParentProcessGuid":"{E934991C-0CC2-2026-3DE0-5ECCB7AFF0A5}","OriginalFileName":"C:\\Windows\\System32\\svchost.exe"}
{"UtcTime":"2026-08-12 15:23:42.000","Computer":"CLM-MESA-014","User":"CLM\\backoffice","EventID":1,"Image":"C:\\Windows\\System32\\RuntimeBroker.exe","ProcessGuid":"{A4794F57-B3FD-2026-97CD-540B47E33A03}","ProcessId":8094,"CommandLine":"C:\\Windows\\System32\\RuntimeBroker.exe","ParentImage":"C:\\Windows\\System32\\services.exe","ParentProcessGuid":"{4801815E-601F-2026-90CD-FA00BE5E480A}","OriginalFileName":"C:\\Windows\\System32\\RuntimeBroker.exe"}
{"UtcTime":"2026-08-12 15:23:43.000","Computer":"CLM-MESA-014","User":"CLM\\backoffice","EventID":5,"Image":"C:\\Windows\\System32\\RuntimeBroker.exe","ProcessGuid":"{977899EE-5153-2026-736E-1C42E44536BE}","ProcessId":3762,"EventType":"End"}
{"UtcTime":"2026-08-12 15:23:44.000","Computer":"CLM-MESA-014","User":"CLM\\backoffice","EventID":11,"Image":"C:\\Program Files\\Google\\Chrome\\Application\\chrome.exe","ProcessGuid":"{68F76B64-6DC3-2026-8E8D-A591B1A11C70}","ProcessId":6004,"TargetFilename":"C:\\Users\\Public\\Temp\\mesa-4424.tmp"}
{"UtcTime":"2026-08-12 15:23:45.000","Computer":"CLM-MESA-014","User":"CLM\\mesa","EventID":5,"Image":"C:\\Windows\\System32\\conhost.exe","ProcessGuid":"{3C7F34B2-1666-2026-109C-27D1901ECE50}","ProcessId":5812,"EventType":"End"}
{"UtcTime":"2026-08-12 15:23:46.000","Computer":"CLM-MESA-014","User":"CLM\\ops","EventID":11,"Image":"C:\\Program Files\\Google\\Chrome\\Application\\chrome.exe","ProcessGuid":"{4C0F43ED-8A9D-2026-EAA4-7C6E25A86981}","ProcessId":2840,"TargetFilename":"C:\\Users\\Public\\Temp\\mesa-4426.tmp"}
{"UtcTime":"2026-08-12 15:23:47.000","Computer":"CLM-MESA-014","User":"CLM\\ops","EventID":11,"Image":"C:\\Windows\\explorer.exe","ProcessGuid":"{AB6EAED2-A99D-2026-441E-6D47E450F22A}","ProcessId":1404,"TargetFilename":"C:\\Users\\Public\\Temp\\mesa-4427.tmp"}
{"UtcTime":"2026-08-12 15:23:48.000","Computer":"CLM-MESA-014","User":"CLM\\ops","EventID":13,"Image":"C:\\Windows\\explorer.exe","ProcessGuid":"{1389CAFE-3C0F-2026-1FE3-06CD2D240D53}","ProcessId":1127,"EventType":"SetValue","TargetObject":"HKCU\\Software\\CLM\\Mesa\\Pref\\4428","Details":"1"}
{"UtcTime":"2026-08-12 15:23:49.000","Computer":"CLM-MESA-014","User":"CLM\\ops","EventID":1,"Image":"C:\\Program Files\\Microsoft Office\\Office16\\EXCEL.EXE","ProcessGuid":"{3937718F-2F79-2026-D162-C5420396ED3A}","ProcessId":3843,"CommandLine":"C:\\Program Files\\Microsoft Office\\Office16\\EXCEL.EXE","ParentImage":"C:\\Windows\\System32\\services.exe","ParentProcessGuid":"{CE8906C9-A0AB-2026-A383-A21B5B2BBB29}","OriginalFileName":"C:\\Program Files\\Microsoft Office\\Office16\\EXCEL.EXE"}
{"UtcTime":"2026-08-12 15:23:50.000","Computer":"CLM-MESA-014","User":"CLM\\ops","EventID":1,"Image":"C:\\Program Files\\Google\\Chrome\\Application\\chrome.exe","ProcessGuid":"{6CDB0A15-895D-2026-A180-A547FBA1ABDA}","ProcessId":2309,"CommandLine":"C:\\Program Files\\Google\\Chrome\\Application\\chrome.exe","ParentImage":"C:\\Windows\\System32\\services.exe","ParentProcessGuid":"{913E6210-507D-2026-954C-822BDA837F18}","OriginalFileName":"C:\\Program Files\\Google\\Chrome\\Application\\chrome.exe"}
{"UtcTime":"2026-08-12 15:23:51.000","Computer":"CLM-MESA-014","User":"CLM\\mesa","EventID":3,"Image":"C:\\Program Files\\Microsoft Office\\Office16\\EXCEL.EXE","ProcessGuid":"{7FDC8B54-C547-2026-B288-4B14603702E5}","ProcessId":8622,"DestinationIp":"10.70.30.8","DestinationPort":53,"DestinationHostname":"portal.clm.liquidacao","SourceIp":"10.70.30.14","Protocol":"tcp"}
{"UtcTime":"2026-08-12 15:23:52.000","Computer":"CLM-MESA-014","User":"CLM\\mesa","EventID":1,"Image":"C:\\Windows\\System32\\conhost.exe","ProcessGuid":"{99281026-B152-2026-D2BC-FCD785CFF24A}","ProcessId":6926,"CommandLine":"C:\\Windows\\System32\\conhost.exe","ParentImage":"C:\\Windows\\System32\\services.exe","ParentProcessGuid":"{5ED0ADAF-4D26-2026-A231-261250B4CC50}","OriginalFileName":"C:\\Windows\\System32\\conhost.exe"}
{"UtcTime":"2026-08-12 15:23:53.000","Computer":"CLM-MESA-014","User":"CLM\\ops","EventID":11,"Image":"C:\\Program Files\\Microsoft Office\\Office16\\EXCEL.EXE","ProcessGuid":"{BE9D92EF-3BF7-2026-54EF-2CC499761BC4}","ProcessId":8162,"TargetFilename":"C:\\Users\\Public\\Temp\\mesa-4433.tmp"}
{"UtcTime":"2026-08-12 15:23:54.000","Computer":"CLM-MESA-014","User":"CLM\\mesa","EventID":11,"Image":"C:\\Program Files\\Google\\Chrome\\Application\\chrome.exe","ProcessGuid":"{AB357AC5-BB29-2026-9FDD-5A21BAF6A278}","ProcessId":7612,"TargetFilename":"C:\\Users\\Public\\Temp\\mesa-4434.tmp"}
{"UtcTime":"2026-08-12 15:23:55.000","Computer":"CLM-MESA-014","User":"CLM\\backoffice","EventID":5,"Image":"C:\\Windows\\explorer.exe","ProcessGuid":"{953C2813-D2F8-2026-49CB-EBA30E52D219}","ProcessId":8407,"EventType":"End"}
{"UtcTime":"2026-08-12 15:23:56.000","Computer":"CLM-MESA-014","User":"CLM\\mesa","EventID":5,"Image":"C:\\Windows\\System32\\svchost.exe","ProcessGuid":"{95933A47-DA34-2026-6923-2E7F6060D055}","ProcessId":1869,"EventType":"End"}
{"UtcTime":"2026-08-12 15:23:57.000","Computer":"CLM-MESA-014","User":"CLM\\backoffice","EventID":5,"Image":"C:\\Windows\\System32\\svchost.exe","ProcessGuid":"{1B789B8D-B738-2026-7F78-5755BE820812}","ProcessId":6371,"EventType":"End"}
{"UtcTime":"2026-08-12 15:23:58.000","Computer":"CLM-MESA-014","User":"CLM\\backoffice","EventID":1,"Image":"C:\\Windows\\System32\\conhost.exe","ProcessGuid":"{D177347A-E56C-2026-CF69-AD6CF0688FC8}","ProcessId":1206,"CommandLine":"C:\\Windows\\System32\\conhost.exe","ParentImage":"C:\\Windows\\System32\\services.exe","ParentProcessGuid":"{D5FB1F5C-DDF8-2026-3596-9B5859BB01AF}","OriginalFileName":"C:\\Windows\\System32\\conhost.exe"}
{"UtcTime":"2026-08-12 15:23:59.000","Computer":"CLM-MESA-014","User":"CLM\\backoffice","EventID":1,"Image":"C:\\Program Files\\Microsoft Office\\Office16\\EXCEL.EXE","ProcessGuid":"{F563EE19-6919-2026-1DFB-C3C90D7F77F0}","ProcessId":7192,"CommandLine":"C:\\Program Files\\Microsoft Office\\Office16\\EXCEL.EXE","ParentImage":"C:\\Windows\\System32\\services.exe","ParentProcessGuid":"{125677B6-441F-2026-F3EC-2D52DBEA5A2A}","OriginalFileName":"C:\\Program Files\\Microsoft Office\\Office16\\EXCEL.EXE"}
{"UtcTime":"2026-08-12 15:24:00.000","Computer":"CLM-MESA-014","User":"CLM\\backoffice","EventID":5,"Image":"C:\\Windows\\explorer.exe","ProcessGuid":"{C9E213D2-89B9-2026-13D9-E7DD97356653}","ProcessId":1863,"EventType":"End"}
{"UtcTime":"2026-08-12 15:24:01.000","Computer":"CLM-MESA-014","User":"CLM\\backoffice","EventID":13,"Image":"C:\\Program Files\\Google\\Chrome\\Application\\chrome.exe","ProcessGuid":"{5892B1B6-3C02-2026-37E4-FE80355BEBE2}","ProcessId":1035,"EventType":"SetValue","TargetObject":"HKCU\\Software\\CLM\\Mesa\\Pref\\4441","Details":"1"}
{"UtcTime":"2026-08-12 15:24:02.000","Computer":"CLM-MESA-014","User":"CLM\\backoffice","EventID":11,"Image":"C:\\Windows\\System32\\svchost.exe","ProcessGuid":"{DC8B430A-11E7-2026-4453-B0D81894F116}","ProcessId":8588,"TargetFilename":"C:\\Users\\Public\\Temp\\mesa-4442.tmp"}
{"UtcTime":"2026-08-12 15:24:03.000","Computer":"CLM-MESA-014","User":"CLM\\ops","EventID":3,"Image":"C:\\Program Files\\Google\\Chrome\\Application\\chrome.exe","ProcessGuid":"{3AC831CE-5C8E-2026-AFD4-49D6DF6DC409}","ProcessId":812,"DestinationIp":"1.1.1.1","DestinationPort":135,"DestinationHostname":"ntp.clm.liquidacao","SourceIp":"10.70.30.14","Protocol":"tcp"}
{"UtcTime":"2026-08-12 15:24:04.000","Computer":"CLM-MESA-014","User":"CLM\\backoffice","EventID":3,"Image":"C:\\Windows\\System32\\RuntimeBroker.exe","ProcessGuid":"{4F31350E-A492-2026-6758-E8CF25418E4A}","ProcessId":1858,"DestinationIp":"10.70.30.1","DestinationPort":135,"DestinationHostname":"ntp.clm.liquidacao","SourceIp":"10.70.30.14","Protocol":"tcp"}
{"UtcTime":"2026-08-12 15:24:05.000","Computer":"CLM-MESA-014","User":"CLM\\mesa","EventID":1,"Image":"C:\\Windows\\System32\\svchost.exe","ProcessGuid":"{E9A498CD-C336-2026-AD58-5CA39C529EC3}","ProcessId":8651,"CommandLine":"C:\\Windows\\System32\\svchost.exe","ParentImage":"C:\\Windows\\System32\\services.exe","ParentProcessGuid":"{D3FAE359-0E2C-2026-0BD1-97CD17A74052}","OriginalFileName":"C:\\Windows\\System32\\svchost.exe"}
{"UtcTime":"2026-08-12 15:24:06.000","Computer":"CLM-MESA-014","User":"CLM\\ops","EventID":1,"Image":"C:\\Program Files\\Microsoft Office\\Office16\\EXCEL.EXE","ProcessGuid":"{F1F3A944-514B-2026-E075-69061F5876E3}","ProcessId":6670,"CommandLine":"C:\\Program Files\\Microsoft Office\\Office16\\EXCEL.EXE","ParentImage":"C:\\Windows\\System32\\services.exe","ParentProcessGuid":"{70A89319-BBFA-2026-E956-5F093C80D695}","OriginalFileName":"C:\\Program Files\\Microsoft Office\\Office16\\EXCEL.EXE"}
{"UtcTime":"2026-08-12 15:24:07.000","Computer":"CLM-MESA-014","User":"CLM\\backoffice","EventID":1,"Image":"C:\\Windows\\System32\\conhost.exe","ProcessGuid":"{49EA6F59-FE37-2026-1957-5274697EF443}","ProcessId":3865,"CommandLine":"C:\\Windows\\System32\\conhost.exe","ParentImage":"C:\\Windows\\System32\\services.exe","ParentProcessGuid":"{1BA5C85B-6B1F-2026-2DE9-38E9F362BEC1}","OriginalFileName":"C:\\Windows\\System32\\conhost.exe"}
{"UtcTime":"2026-08-12 15:24:08.000","Computer":"CLM-MESA-014","User":"CLM\\ops","EventID":1,"Image":"C:\\Windows\\System32\\svchost.exe","ProcessGuid":"{4D7F3EDA-3CF1-2026-BFDC-AC217ED316CC}","ProcessId":2875,"CommandLine":"C:\\Windows\\System32\\svchost.exe","ParentImage":"C:\\Windows\\System32\\services.exe","ParentProcessGuid":"{BF55BB43-87C5-2026-63E0-3D5BF0CF0B46}","OriginalFileName":"C:\\Windows\\System32\\svchost.exe"}
{"UtcTime":"2026-08-12 15:24:09.000","Computer":"CLM-MESA-014","User":"CLM\\mesa","EventID":1,"Image":"C:\\Windows\\explorer.exe","ProcessGuid":"{B06F5C94-EEE1-2026-92F5-D10F8768B58D}","ProcessId":8530,"CommandLine":"C:\\Windows\\explorer.exe","ParentImage":"C:\\Windows\\System32\\services.exe","ParentProcessGuid":"{4727EF01-B893-2026-BE15-F751F917FCDB}","OriginalFileName":"C:\\Windows\\explorer.exe"}
{"UtcTime":"2026-08-12 15:24:10.000","Computer":"CLM-MESA-014","User":"CLM\\mesa","EventID":5,"Image":"C:\\Windows\\System32\\svchost.exe","ProcessGuid":"{7DFA60D6-06AE-2026-EE01-E3CE96078AAE}","ProcessId":2245,"EventType":"End"}
{"UtcTime":"2026-08-12 15:24:11.000","Computer":"CLM-MESA-014","User":"CLM\\ops","EventID":3,"Image":"C:\\Windows\\System32\\svchost.exe","ProcessGuid":"{B2AA97A8-9827-2026-884C-5286496D78E2}","ProcessId":5907,"DestinationIp":"10.70.30.8","DestinationPort":53,"DestinationHostname":"ntp.clm.liquidacao","SourceIp":"10.70.30.14","Protocol":"tcp"}
{"UtcTime":"2026-08-12 15:24:12.000","Computer":"CLM-MESA-014","User":"CLM\\backoffice","EventID":1,"Image":"C:\\Windows\\System32\\conhost.exe","ProcessGuid":"{34D05F81-D38B-2026-78B3-C3B581143582}","ProcessId":7119,"CommandLine":"C:\\Windows\\System32\\conhost.exe","ParentImage":"C:\\Windows\\System32\\services.exe","ParentProcessGuid":"{13CC593E-69BC-2026-B728-DDDDA034135A}","OriginalFileName":"C:\\Windows\\System32\\conhost.exe"}
{"UtcTime":"2026-08-12 15:24:13.000","Computer":"CLM-MESA-014","User":"CLM\\backoffice","EventID":13,"Image":"C:\\Windows\\explorer.exe","ProcessGuid":"{0A51BF42-98B0-2026-4BDC-BE3EC91E6B50}","ProcessId":3911,"EventType":"SetValue","TargetObject":"HKCU\\Software\\CLM\\Mesa\\Pref\\4453","Details":"1"}
{"UtcTime":"2026-08-12 15:24:14.000","Computer":"CLM-MESA-014","User":"CLM\\ops","EventID":1,"Image":"C:\\Windows\\System32\\conhost.exe","ProcessGuid":"{0BDAEF83-1C08-2026-9754-D7510151D390}","ProcessId":7992,"CommandLine":"C:\\Windows\\System32\\conhost.exe","ParentImage":"C:\\Windows\\System32\\services.exe","ParentProcessGuid":"{5818E2E6-EAA7-2026-0AB6-509AD1BBB694}","OriginalFileName":"C:\\Windows\\System32\\conhost.exe"}
{"UtcTime":"2026-08-12 15:24:15.000","Computer":"CLM-MESA-014","User":"CLM\\ops","EventID":13,"Image":"C:\\Program Files\\Google\\Chrome\\Application\\chrome.exe","ProcessGuid":"{BF65C78E-6C5D-2026-9530-69FE5330721C}","ProcessId":8682,"EventType":"SetValue","TargetObject":"HKCU\\Software\\CLM\\Mesa\\Pref\\4455","Details":"1"}
{"UtcTime":"2026-08-12 15:24:16.000","Computer":"CLM-MESA-014","User":"CLM\\backoffice","EventID":11,"Image":"C:\\Program Files\\Google\\Chrome\\Application\\chrome.exe","ProcessGuid":"{025CDEC5-AABD-2026-FD63-3FA74301489A}","ProcessId":3419,"TargetFilename":"C:\\Users\\Public\\Temp\\mesa-4456.tmp"}
{"UtcTime":"2026-08-12 15:24:17.000","Computer":"CLM-MESA-014","User":"CLM\\backoffice","EventID":1,"Image":"C:\\Program Files\\Google\\Chrome\\Application\\chrome.exe","ProcessGuid":"{69B12579-EF77-2026-A2BF-AF9B6FEE5ACE}","ProcessId":944,"CommandLine":"C:\\Program Files\\Google\\Chrome\\Application\\chrome.exe","ParentImage":"C:\\Windows\\System32\\services.exe","ParentProcessGuid":"{CDD3E3EA-9A94-2026-96CD-56D806B82A63}","OriginalFileName":"C:\\Program Files\\Google\\Chrome\\Application\\chrome.exe"}
{"UtcTime":"2026-08-12 15:24:18.000","Computer":"CLM-MESA-014","User":"CLM\\mesa","EventID":3,"Image":"C:\\Program Files\\Google\\Chrome\\Application\\chrome.exe","ProcessGuid":"{C061D195-A895-2026-1158-DAF3E737D06B}","ProcessId":2047,"DestinationIp":"1.1.1.1","DestinationPort":135,"DestinationHostname":"portal.clm.liquidacao","SourceIp":"10.70.30.14","Protocol":"tcp"}
{"UtcTime":"2026-08-12 15:24:19.000","Computer":"CLM-MESA-014","User":"CLM\\ops","EventID":5,"Image":"C:\\Windows\\System32\\RuntimeBroker.exe","ProcessGuid":"{9ECA4C82-3F08-2026-9F0D-763E7169D4AA}","ProcessId":8044,"EventType":"End"}
{"UtcTime":"2026-08-12 15:24:20.000","Computer":"CLM-MESA-014","User":"CLM\\backoffice","EventID":3,"Image":"C:\\Windows\\System32\\conhost.exe","ProcessGuid":"{E520366F-6418-2026-287F-831A004480BD}","ProcessId":3964,"DestinationIp":"10.70.30.1","DestinationPort":53,"DestinationHostname":"ntp.clm.liquidacao","SourceIp":"10.70.30.14","Protocol":"tcp"}
{"UtcTime":"2026-08-12 15:24:21.000","Computer":"CLM-MESA-014","User":"CLM\\ops","EventID":11,"Image":"C:\\Windows\\explorer.exe","ProcessGuid":"{BE2CA3D4-B362-2026-47CF-8E1AACBE7C59}","ProcessId":4171,"TargetFilename":"C:\\Users\\Public\\Temp\\mesa-4461.tmp"}
{"UtcTime":"2026-08-12 15:24:22.000","Computer":"CLM-MESA-014","User":"CLM\\ops","EventID":5,"Image":"C:\\Windows\\System32\\RuntimeBroker.exe","ProcessGuid":"{0A99BBE0-4E1F-2026-2F6D-E21D6A65733A}","ProcessId":1280,"EventType":"End"}
{"UtcTime":"2026-08-12 15:24:23.000","Computer":"CLM-MESA-014","User":"CLM\\ops","EventID":3,"Image":"C:\\Windows\\System32\\conhost.exe","ProcessGuid":"{9CDBC64B-3C38-2026-B72A-B28E70F17F9E}","ProcessId":1704,"DestinationIp":"1.1.1.1","DestinationPort":135,"DestinationHostname":"ntp.clm.liquidacao","SourceIp":"10.70.30.14","Protocol":"tcp"}
{"UtcTime":"2026-08-12 15:24:24.000","Computer":"CLM-MESA-014","User":"CLM\\backoffice","EventID":13,"Image":"C:\\Windows\\System32\\svchost.exe","ProcessGuid":"{264B250F-540E-2026-C611-E42754971EE0}","ProcessId":835,"EventType":"SetValue","TargetObject":"HKCU\\Software\\CLM\\Mesa\\Pref\\4464","Details":"1"}
{"UtcTime":"2026-08-12 15:24:25.000","Computer":"CLM-MESA-014","User":"CLM\\mesa","EventID":1,"Image":"C:\\Windows\\System32\\svchost.exe","ProcessGuid":"{28BABE84-E4E3-2026-D2EC-6F3C686B9A83}","ProcessId":6183,"CommandLine":"C:\\Windows\\System32\\svchost.exe","ParentImage":"C:\\Windows\\System32\\services.exe","ParentProcessGuid":"{3291744C-B40C-2026-AE70-EE8757E60F6E}","OriginalFileName":"C:\\Windows\\System32\\svchost.exe"}
{"UtcTime":"2026-08-12 15:24:26.000","Computer":"CLM-MESA-014","User":"CLM\\ops","EventID":3,"Image":"C:\\Program Files\\Microsoft Office\\Office16\\EXCEL.EXE","ProcessGuid":"{E224F535-A6EE-2026-6965-AC761D08FC9E}","ProcessId":429,"DestinationIp":"10.70.30.1","DestinationPort":443,"DestinationHostname":"ntp.clm.liquidacao","SourceIp":"10.70.30.14","Protocol":"tcp"}
{"UtcTime":"2026-08-12 15:24:27.000","Computer":"CLM-MESA-014","User":"CLM\\ops","EventID":11,"Image":"C:\\Windows\\explorer.exe","ProcessGuid":"{3C23F90B-D940-2026-79E9-446D3DEAE7E7}","ProcessId":6892,"TargetFilename":"C:\\Users\\Public\\Temp\\mesa-4467.tmp"}
{"UtcTime":"2026-08-12 15:24:28.000","Computer":"CLM-MESA-014","User":"CLM\\backoffice","EventID":11,"Image":"C:\\Windows\\System32\\conhost.exe","ProcessGuid":"{7D623CE1-E2DB-2026-3A60-2C0A75FAF5C9}","ProcessId":8625,"TargetFilename":"C:\\Users\\Public\\Temp\\mesa-4468.tmp"}
{"UtcTime":"2026-08-12 15:24:29.000","Computer":"CLM-MESA-014","User":"CLM\\ops","EventID":5,"Image":"C:\\Windows\\explorer.exe","ProcessGuid":"{12BB1953-50F7-2026-D70C-65FF0D5C81BD}","ProcessId":1699,"EventType":"End"}
{"UtcTime":"2026-08-12 15:24:30.000","Computer":"CLM-MESA-014","User":"CLM\\mesa","EventID":11,"Image":"C:\\Program Files\\Microsoft Office\\Office16\\EXCEL.EXE","ProcessGuid":"{C6065167-F235-2026-A7B4-ADE522B7C9AC}","ProcessId":1642,"TargetFilename":"C:\\Users\\Public\\Temp\\mesa-4470.tmp"}
{"UtcTime":"2026-08-12 15:24:31.000","Computer":"CLM-MESA-014","User":"CLM\\backoffice","EventID":1,"Image":"C:\\Windows\\System32\\RuntimeBroker.exe","ProcessGuid":"{3C64BEBB-BCA7-2026-1F93-1A40D9435302}","ProcessId":1436,"CommandLine":"C:\\Windows\\System32\\RuntimeBroker.exe","ParentImage":"C:\\Windows\\System32\\services.exe","ParentProcessGuid":"{310CFFBE-DE64-2026-400A-E531EF1F44CB}","OriginalFileName":"C:\\Windows\\System32\\RuntimeBroker.exe"}
{"UtcTime":"2026-08-12 15:24:32.000","Computer":"CLM-MESA-014","User":"CLM\\ops","EventID":13,"Image":"C:\\Program Files\\Microsoft Office\\Office16\\EXCEL.EXE","ProcessGuid":"{0428861F-CE8A-2026-6C6F-6AB1B1F4EEE9}","ProcessId":4158,"EventType":"SetValue","TargetObject":"HKCU\\Software\\CLM\\Mesa\\Pref\\4472","Details":"1"}
{"UtcTime":"2026-08-12 15:24:33.000","Computer":"CLM-MESA-014","User":"CLM\\backoffice","EventID":1,"Image":"C:\\Windows\\System32\\RuntimeBroker.exe","ProcessGuid":"{6D981AB3-34B6-2026-3077-B309EF56E4FC}","ProcessId":8172,"CommandLine":"C:\\Windows\\System32\\RuntimeBroker.exe","ParentImage":"C:\\Windows\\System32\\services.exe","ParentProcessGuid":"{1CF5415C-CB64-2026-52DB-D6C438981088}","OriginalFileName":"C:\\Windows\\System32\\RuntimeBroker.exe"}
{"UtcTime":"2026-08-12 15:24:34.000","Computer":"CLM-MESA-014","User":"CLM\\ops","EventID":1,"Image":"C:\\Program Files\\Google\\Chrome\\Application\\chrome.exe","ProcessGuid":"{65453DED-98CB-2026-41E9-01DDAC84C530}","ProcessId":4243,"CommandLine":"C:\\Program Files\\Google\\Chrome\\Application\\chrome.exe","ParentImage":"C:\\Windows\\System32\\services.exe","ParentProcessGuid":"{7AB3632F-1BB5-2026-7328-FDE1836F3256}","OriginalFileName":"C:\\Program Files\\Google\\Chrome\\Application\\chrome.exe"}
{"UtcTime":"2026-08-12 15:24:35.000","Computer":"CLM-MESA-014","User":"CLM\\ops","EventID":1,"Image":"C:\\Program Files\\Microsoft Office\\Office16\\EXCEL.EXE","ProcessGuid":"{3DF726CB-B362-2026-DC69-F7E76EFD39F7}","ProcessId":2882,"CommandLine":"C:\\Program Files\\Microsoft Office\\Office16\\EXCEL.EXE","ParentImage":"C:\\Windows\\System32\\services.exe","ParentProcessGuid":"{09EBB71D-D704-2026-92A0-416A936808F5}","OriginalFileName":"C:\\Program Files\\Microsoft Office\\Office16\\EXCEL.EXE"}
{"UtcTime":"2026-08-12 15:24:36.000","Computer":"CLM-MESA-014","User":"CLM\\mesa","EventID":5,"Image":"C:\\Windows\\explorer.exe","ProcessGuid":"{300D3830-EC01-2026-D87D-105D0CA6FBED}","ProcessId":2142,"EventType":"End"}
{"UtcTime":"2026-08-12 15:24:37.000","Computer":"CLM-MESA-014","User":"CLM\\backoffice","EventID":1,"Image":"C:\\Windows\\System32\\RuntimeBroker.exe","ProcessGuid":"{9D0909FB-C667-2026-64FB-DD61FB0671ED}","ProcessId":4288,"CommandLine":"C:\\Windows\\System32\\RuntimeBroker.exe","ParentImage":"C:\\Windows\\System32\\services.exe","ParentProcessGuid":"{234E1771-2A3D-2026-F112-114C79ACE141}","OriginalFileName":"C:\\Windows\\System32\\RuntimeBroker.exe"}
{"UtcTime":"2026-08-12 15:24:38.000","Computer":"CLM-MESA-014","User":"CLM\\backoffice","EventID":1,"Image":"C:\\Windows\\System32\\svchost.exe","ProcessGuid":"{40E513CC-BEF4-2026-3EDC-7AC1FEE94218}","ProcessId":4242,"CommandLine":"C:\\Windows\\System32\\svchost.exe","ParentImage":"C:\\Windows\\System32\\services.exe","ParentProcessGuid":"{01985702-D772-2026-FF8B-ACCD6BCC3120}","OriginalFileName":"C:\\Windows\\System32\\svchost.exe"}
{"UtcTime":"2026-08-12 15:24:39.000","Computer":"CLM-MESA-014","User":"CLM\\mesa","EventID":5,"Image":"C:\\Windows\\System32\\RuntimeBroker.exe","ProcessGuid":"{52E5D00F-57D2-2026-D413-B835C5215CEB}","ProcessId":7677,"EventType":"End"}
{"UtcTime":"2026-08-12 15:24:40.000","Computer":"CLM-MESA-014","User":"CLM\\backoffice","EventID":11,"Image":"C:\\Program Files\\Microsoft Office\\Office16\\EXCEL.EXE","ProcessGuid":"{35E03D82-70CF-2026-DB6A-B70FFDCC16FC}","ProcessId":4858,"TargetFilename":"C:\\Users\\Public\\Temp\\mesa-4480.tmp"}
{"UtcTime":"2026-08-12 15:24:41.000","Computer":"CLM-MESA-014","User":"CLM\\ops","EventID":1,"Image":"C:\\Windows\\System32\\conhost.exe","ProcessGuid":"{692A723B-FC89-2026-FC24-A62138E111B9}","ProcessId":6649,"CommandLine":"C:\\Windows\\System32\\conhost.exe","ParentImage":"C:\\Windows\\System32\\services.exe","ParentProcessGuid":"{C4C602B4-B028-2026-96E0-1E82CBCD4CD7}","OriginalFileName":"C:\\Windows\\System32\\conhost.exe"}
{"UtcTime":"2026-08-12 15:24:42.000","Computer":"CLM-MESA-014","User":"CLM\\backoffice","EventID":3,"Image":"C:\\Windows\\System32\\conhost.exe","ProcessGuid":"{0CBE246E-EBEC-2026-A086-B09D6DBE39CD}","ProcessId":2949,"DestinationIp":"10.70.30.8","DestinationPort":135,"DestinationHostname":"portal.clm.liquidacao","SourceIp":"10.70.30.14","Protocol":"tcp"}
{"UtcTime":"2026-08-12 15:24:43.000","Computer":"CLM-MESA-014","User":"CLM\\backoffice","EventID":3,"Image":"C:\\Program Files\\Microsoft Office\\Office16\\EXCEL.EXE","ProcessGuid":"{100A7D4A-5E30-2026-29FC-2318A6939A62}","ProcessId":4828,"DestinationIp":"10.70.30.1","DestinationPort":135,"DestinationHostname":"portal.clm.liquidacao","SourceIp":"10.70.30.14","Protocol":"tcp"}
{"UtcTime":"2026-08-12 15:24:44.000","Computer":"CLM-MESA-014","User":"CLM\\ops","EventID":1,"Image":"C:\\Windows\\System32\\conhost.exe","ProcessGuid":"{07B98B54-DA9D-2026-69FD-9E687A2CAD8C}","ProcessId":3910,"CommandLine":"C:\\Windows\\System32\\conhost.exe","ParentImage":"C:\\Windows\\System32\\services.exe","ParentProcessGuid":"{88DA0DB6-4E8A-2026-2F4D-5F24F002D4DA}","OriginalFileName":"C:\\Windows\\System32\\conhost.exe"}
{"UtcTime":"2026-08-12 15:24:45.000","Computer":"CLM-MESA-014","User":"CLM\\ops","EventID":11,"Image":"C:\\Windows\\System32\\svchost.exe","ProcessGuid":"{8756EB00-0C7F-2026-E2D2-62FD317EB0BF}","ProcessId":3160,"TargetFilename":"C:\\Users\\Public\\Temp\\mesa-4485.tmp"}
{"UtcTime":"2026-08-12 15:24:46.000","Computer":"CLM-MESA-014","User":"CLM\\backoffice","EventID":5,"Image":"C:\\Windows\\System32\\RuntimeBroker.exe","ProcessGuid":"{B77CC736-3926-2026-DE21-A34DA6BE5754}","ProcessId":6684,"EventType":"End"}
{"UtcTime":"2026-08-12 15:24:47.000","Computer":"CLM-MESA-014","User":"CLM\\mesa","EventID":1,"Image":"C:\\Windows\\System32\\svchost.exe","ProcessGuid":"{C70F7DAC-3BDA-2026-194A-4B2118CE2850}","ProcessId":5348,"CommandLine":"C:\\Windows\\System32\\svchost.exe","ParentImage":"C:\\Windows\\System32\\services.exe","ParentProcessGuid":"{D595B455-437A-2026-09CF-4D208C55C49B}","OriginalFileName":"C:\\Windows\\System32\\svchost.exe"}
{"UtcTime":"2026-08-12 15:24:48.000","Computer":"CLM-MESA-014","User":"CLM\\mesa","EventID":5,"Image":"C:\\Windows\\System32\\RuntimeBroker.exe","ProcessGuid":"{6F8B1125-8395-2026-AF95-51CD6EFEC610}","ProcessId":3320,"EventType":"End"}
{"UtcTime":"2026-08-12 15:24:49.000","Computer":"CLM-MESA-014","User":"CLM\\ops","EventID":13,"Image":"C:\\Program Files\\Microsoft Office\\Office16\\EXCEL.EXE","ProcessGuid":"{B08357E4-06C3-2026-AA46-CBB914C25D31}","ProcessId":3529,"EventType":"SetValue","TargetObject":"HKCU\\Software\\CLM\\Mesa\\Pref\\4489","Details":"1"}
{"UtcTime":"2026-08-12 15:24:50.000","Computer":"CLM-MESA-014","User":"CLM\\mesa","EventID":5,"Image":"C:\\Windows\\System32\\svchost.exe","ProcessGuid":"{80869926-3C5C-2026-4ACA-AC8AAFC21E74}","ProcessId":478,"EventType":"End"}
{"UtcTime":"2026-08-12 15:24:51.000","Computer":"CLM-MESA-014","User":"CLM\\backoffice","EventID":3,"Image":"C:\\Windows\\System32\\svchost.exe","ProcessGuid":"{15BCB95B-507D-2026-8999-FC2F47E7EBE2}","ProcessId":6572,"DestinationIp":"1.1.1.1","DestinationPort":443,"DestinationHostname":"ntp.clm.liquidacao","SourceIp":"10.70.30.14","Protocol":"tcp"}
{"UtcTime":"2026-08-12 15:24:52.000","Computer":"CLM-MESA-014","User":"CLM\\backoffice","EventID":11,"Image":"C:\\Windows\\explorer.exe","ProcessGuid":"{ACFED319-0F74-2026-C5C1-BBF936A92E15}","ProcessId":7511,"TargetFilename":"C:\\Users\\Public\\Temp\\mesa-4492.tmp"}
{"UtcTime":"2026-08-12 15:24:53.000","Computer":"CLM-MESA-014","User":"CLM\\mesa","EventID":1,"Image":"C:\\Windows\\explorer.exe","ProcessGuid":"{11239ECC-0CAD-2026-C13C-E38122012035}","ProcessId":936,"CommandLine":"C:\\Windows\\explorer.exe","ParentImage":"C:\\Windows\\System32\\services.exe","ParentProcessGuid":"{EBD4E503-8BE3-2026-C5A9-52A5D3EA0F51}","OriginalFileName":"C:\\Windows\\explorer.exe"}
{"UtcTime":"2026-08-12 15:24:54.000","Computer":"CLM-MESA-014","User":"CLM\\mesa","EventID":1,"Image":"C:\\Program Files\\Google\\Chrome\\Application\\chrome.exe","ProcessGuid":"{D68D7762-C694-2026-3932-A4ADE7C7A729}","ProcessId":892,"CommandLine":"C:\\Program Files\\Google\\Chrome\\Application\\chrome.exe","ParentImage":"C:\\Windows\\System32\\services.exe","ParentProcessGuid":"{3BC3A14F-70C8-2026-4EE5-19563B2488D7}","OriginalFileName":"C:\\Program Files\\Google\\Chrome\\Application\\chrome.exe"}
{"UtcTime":"2026-08-12 15:24:55.000","Computer":"CLM-MESA-014","User":"CLM\\backoffice","EventID":13,"Image":"C:\\Program Files\\Microsoft Office\\Office16\\EXCEL.EXE","ProcessGuid":"{AF842C2F-75E8-2026-80FD-C94C44E084D2}","ProcessId":3937,"EventType":"SetValue","TargetObject":"HKCU\\Software\\CLM\\Mesa\\Pref\\4495","Details":"1"}
{"UtcTime":"2026-08-12 15:24:56.000","Computer":"CLM-MESA-014","User":"CLM\\ops","EventID":1,"Image":"C:\\Program Files\\Google\\Chrome\\Application\\chrome.exe","ProcessGuid":"{22C5C893-7C3D-2026-4E21-5561EA65DB17}","ProcessId":7711,"CommandLine":"C:\\Program Files\\Google\\Chrome\\Application\\chrome.exe","ParentImage":"C:\\Windows\\System32\\services.exe","ParentProcessGuid":"{A764831D-8A26-2026-ADA8-6E648812E847}","OriginalFileName":"C:\\Program Files\\Google\\Chrome\\Application\\chrome.exe"}
{"UtcTime":"2026-08-12 15:24:57.000","Computer":"CLM-MESA-014","User":"CLM\\ops","EventID":3,"Image":"C:\\Windows\\System32\\svchost.exe","ProcessGuid":"{516B06BB-D244-2026-A270-E0C74E7E051D}","ProcessId":3095,"DestinationIp":"1.1.1.1","DestinationPort":53,"DestinationHostname":"ntp.clm.liquidacao","SourceIp":"10.70.30.14","Protocol":"tcp"}
{"UtcTime":"2026-08-12 15:24:58.000","Computer":"CLM-MESA-014","User":"CLM\\backoffice","EventID":13,"Image":"C:\\Windows\\explorer.exe","ProcessGuid":"{EF5F8F0C-4A2C-2026-3C6A-BBFF60D0C5B0}","ProcessId":3235,"EventType":"SetValue","TargetObject":"HKCU\\Software\\CLM\\Mesa\\Pref\\4498","Details":"1"}
{"UtcTime":"2026-08-12 15:24:59.000","Computer":"CLM-MESA-014","User":"CLM\\backoffice","EventID":13,"Image":"C:\\Program Files\\Google\\Chrome\\Application\\chrome.exe","ProcessGuid":"{D68D0F95-DFBF-2026-0039-E91AE7093B04}","ProcessId":4850,"EventType":"SetValue","TargetObject":"HKCU\\Software\\CLM\\Mesa\\Pref\\4499","Details":"1"}
{"UtcTime":"2026-08-12 15:25:00.000","Computer":"CLM-MESA-014","User":"CLM\\mesa","EventID":11,"Image":"C:\\Program Files\\Google\\Chrome\\Application\\chrome.exe","ProcessGuid":"{B402E9F4-35B6-2026-C82E-4C7D85415498}","ProcessId":4194,"TargetFilename":"C:\\Users\\Public\\Temp\\mesa-4500.tmp"}
{"UtcTime":"2026-08-12 15:25:01.000","Computer":"CLM-MESA-014","User":"CLM\\ops","EventID":3,"Image":"C:\\Windows\\System32\\conhost.exe","ProcessGuid":"{F4CC685E-CC8B-2026-9DF1-276DB07315F2}","ProcessId":8699,"DestinationIp":"10.70.30.8","DestinationPort":53,"DestinationHostname":"portal.clm.liquidacao","SourceIp":"10.70.30.14","Protocol":"tcp"}
{"UtcTime":"2026-08-12 15:25:02.000","Computer":"CLM-MESA-014","User":"CLM\\backoffice","EventID":1,"Image":"C:\\Windows\\System32\\RuntimeBroker.exe","ProcessGuid":"{1AFFA0BF-3A33-2026-48AF-08C8A7130CD3}","ProcessId":5975,"CommandLine":"C:\\Windows\\System32\\RuntimeBroker.exe","ParentImage":"C:\\Windows\\System32\\services.exe","ParentProcessGuid":"{328835AB-5FB2-2026-B4A1-D4F846DAB8D3}","OriginalFileName":"C:\\Windows\\System32\\RuntimeBroker.exe"}
{"UtcTime":"2026-08-12 15:25:03.000","Computer":"CLM-MESA-014","User":"CLM\\mesa","EventID":1,"Image":"C:\\Program Files\\Microsoft Office\\Office16\\EXCEL.EXE","ProcessGuid":"{AD4A9F8C-51F5-2026-4931-C4EF2FBD7998}","ProcessId":8173,"CommandLine":"C:\\Program Files\\Microsoft Office\\Office16\\EXCEL.EXE","ParentImage":"C:\\Windows\\System32\\services.exe","ParentProcessGuid":"{6EB18017-23CA-2026-E3A6-C9F849D20DE1}","OriginalFileName":"C:\\Program Files\\Microsoft Office\\Office16\\EXCEL.EXE"}
{"UtcTime":"2026-08-12 15:25:04.000","Computer":"CLM-MESA-014","User":"CLM\\backoffice","EventID":11,"Image":"C:\\Windows\\System32\\RuntimeBroker.exe","ProcessGuid":"{AFE06D7F-23F2-2026-4695-499CB41C26BA}","ProcessId":905,"TargetFilename":"C:\\Users\\Public\\Temp\\mesa-4504.tmp"}
{"UtcTime":"2026-08-12 15:25:05.000","Computer":"CLM-MESA-014","User":"CLM\\ops","EventID":1,"Image":"C:\\Windows\\System32\\svchost.exe","ProcessGuid":"{68F26A7F-B2B3-2026-C780-94B519DA0226}","ProcessId":7810,"CommandLine":"C:\\Windows\\System32\\svchost.exe","ParentImage":"C:\\Windows\\System32\\services.exe","ParentProcessGuid":"{A0BEA81A-F96A-2026-07B6-0C5D3F085AB1}","OriginalFileName":"C:\\Windows\\System32\\svchost.exe"}
{"UtcTime":"2026-08-12 15:25:06.000","Computer":"CLM-MESA-014","User":"CLM\\ops","EventID":13,"Image":"C:\\Windows\\explorer.exe","ProcessGuid":"{786C6535-A06D-2026-45C0-0C62192B5195}","ProcessId":1826,"EventType":"SetValue","TargetObject":"HKCU\\Software\\CLM\\Mesa\\Pref\\4506","Details":"1"}
{"UtcTime":"2026-08-12 15:25:07.000","Computer":"CLM-MESA-014","User":"CLM\\backoffice","EventID":11,"Image":"C:\\Windows\\System32\\RuntimeBroker.exe","ProcessGuid":"{38BF1DDD-CED3-2026-5329-BA850CF24412}","ProcessId":4023,"TargetFilename":"C:\\Users\\Public\\Temp\\mesa-4507.tmp"}
{"UtcTime":"2026-08-12 15:25:08.000","Computer":"CLM-MESA-014","User":"CLM\\backoffice","EventID":3,"Image":"C:\\Windows\\explorer.exe","ProcessGuid":"{07491906-AB1A-2026-C787-FE2DCDB1B045}","ProcessId":6693,"DestinationIp":"8.8.8.8","DestinationPort":135,"DestinationHostname":"portal.clm.liquidacao","SourceIp":"10.70.30.14","Protocol":"tcp"}
{"UtcTime":"2026-08-12 15:25:09.000","Computer":"CLM-MESA-014","User":"CLM\\backoffice","EventID":1,"Image":"C:\\Program Files\\Microsoft Office\\Office16\\EXCEL.EXE","ProcessGuid":"{A5099A81-DCC1-2026-3A57-23298CFFC267}","ProcessId":2361,"CommandLine":"C:\\Program Files\\Microsoft Office\\Office16\\EXCEL.EXE","ParentImage":"C:\\Windows\\System32\\services.exe","ParentProcessGuid":"{FF92C123-F523-2026-3095-ED83127D4B5C}","OriginalFileName":"C:\\Program Files\\Microsoft Office\\Office16\\EXCEL.EXE"}
{"UtcTime":"2026-08-12 15:25:10.000","Computer":"CLM-MESA-014","User":"CLM\\mesa","EventID":13,"Image":"C:\\Windows\\explorer.exe","ProcessGuid":"{B9274305-C8F8-2026-1AED-C385BAE6FF6D}","ProcessId":5030,"EventType":"SetValue","TargetObject":"HKCU\\Software\\CLM\\Mesa\\Pref\\4510","Details":"1"}
{"UtcTime":"2026-08-12 15:25:11.000","Computer":"CLM-MESA-014","User":"CLM\\backoffice","EventID":5,"Image":"C:\\Windows\\explorer.exe","ProcessGuid":"{00A877CB-EFE9-2026-C111-E6F5AD380C85}","ProcessId":4924,"EventType":"End"}
{"UtcTime":"2026-08-12 15:25:12.000","Computer":"CLM-MESA-014","User":"CLM\\mesa","EventID":1,"Image":"C:\\Program Files\\Google\\Chrome\\Application\\chrome.exe","ProcessGuid":"{6A91A8BA-C32D-2026-20C0-8186C36913E8}","ProcessId":4209,"CommandLine":"C:\\Program Files\\Google\\Chrome\\Application\\chrome.exe","ParentImage":"C:\\Windows\\System32\\services.exe","ParentProcessGuid":"{792DF543-19CB-2026-E216-8AFF2B9B7524}","OriginalFileName":"C:\\Program Files\\Google\\Chrome\\Application\\chrome.exe"}
{"UtcTime":"2026-08-12 15:25:13.000","Computer":"CLM-MESA-014","User":"CLM\\ops","EventID":1,"Image":"C:\\Windows\\System32\\RuntimeBroker.exe","ProcessGuid":"{AD3A3A2F-603E-2026-791A-B1023E70749F}","ProcessId":1591,"CommandLine":"C:\\Windows\\System32\\RuntimeBroker.exe","ParentImage":"C:\\Windows\\System32\\services.exe","ParentProcessGuid":"{FE97EF0E-DAE3-2026-F828-2694201C1A91}","OriginalFileName":"C:\\Windows\\System32\\RuntimeBroker.exe"}
{"UtcTime":"2026-08-12 15:25:14.000","Computer":"CLM-MESA-014","User":"CLM\\backoffice","EventID":3,"Image":"C:\\Program Files\\Microsoft Office\\Office16\\EXCEL.EXE","ProcessGuid":"{C2A9A858-86E2-2026-3703-6EE85207A0F9}","ProcessId":8421,"DestinationIp":"8.8.8.8","DestinationPort":53,"DestinationHostname":"portal.clm.liquidacao","SourceIp":"10.70.30.14","Protocol":"tcp"}
{"UtcTime":"2026-08-12 15:25:15.000","Computer":"CLM-MESA-014","User":"CLM\\backoffice","EventID":11,"Image":"C:\\Windows\\System32\\conhost.exe","ProcessGuid":"{BD99057D-7045-2026-410E-B42BAEFA0D5E}","ProcessId":3385,"TargetFilename":"C:\\Users\\Public\\Temp\\mesa-4515.tmp"}
{"UtcTime":"2026-08-12 15:25:16.000","Computer":"CLM-MESA-014","User":"CLM\\mesa","EventID":13,"Image":"C:\\Windows\\System32\\svchost.exe","ProcessGuid":"{8168F471-D848-2026-EF71-9921A2026B25}","ProcessId":8044,"EventType":"SetValue","TargetObject":"HKCU\\Software\\CLM\\Mesa\\Pref\\4516","Details":"1"}
