{"UtcTime":"2026-08-12 10:32:17.000","Computer":"TN-FIN-WS042","User":"TRANSNORTE\\backup_svc","EventID":5,"Image":"C:\\Windows\\explorer.exe","ProcessGuid":"{0C027A0F-86EA-2026-07D2-EB477485775D}","ProcessId":3328,"EventType":"End"}
{"UtcTime":"2026-08-12 10:32:18.000","Computer":"TN-FIN-WS042","User":"TRANSNORTE\\backup_svc","EventID":11,"Image":"C:\\Program Files\\Microsoft Office\\Office16\\OUTLOOK.EXE","ProcessGuid":"{3E05B8F0-1A1B-2026-06FD-DF073871FF17}","ProcessId":2286,"TargetFilename":"C:\\Users\\ops.cardoso\\AppData\\Local\\Temp\\office-3138.tmp"}
{"UtcTime":"2026-08-12 10:32:19.000","Computer":"TN-FIN-WS042","User":"TRANSNORTE\\ops.cardoso","EventID":5,"Image":"C:\\Windows\\explorer.exe","ProcessGuid":"{5E2A0FD0-BDD6-2026-AC30-79E0A23D13BE}","ProcessId":1694,"EventType":"End"}
{"UtcTime":"2026-08-12 10:32:20.000","Computer":"TN-FIN-WS042","User":"TRANSNORTE\\ops.cardoso","EventID":1,"Image":"C:\\Windows\\explorer.exe","ProcessGuid":"{76702E4A-6867-2026-5ACB-A51E4C105B8E}","ProcessId":7047,"CommandLine":"C:\\Windows\\explorer.exe","ParentImage":"C:\\Windows\\System32\\services.exe","ParentProcessGuid":"{43001BEE-BFFD-2026-33CC-5A9179F7DA8C}","OriginalFileName":"C:\\Windows\\explorer.exe","SHA256":"7707bad7cc8f959cbf9ef59bc00a700a887871788eb2132a995f464162ef0b0a"}
{"UtcTime":"2026-08-12 10:32:21.000","Computer":"TN-FIN-WS042","User":"TRANSNORTE\\backup_svc","EventID":1,"Image":"C:\\Windows\\System32\\svchost.exe","ProcessGuid":"{372BAF5A-16C8-2026-193B-35E4F9E8D3C1}","ProcessId":2984,"CommandLine":"C:\\Windows\\System32\\svchost.exe","ParentImage":"C:\\Windows\\System32\\services.exe","ParentProcessGuid":"{EDEDAD8E-C92E-2026-4ED3-A16B3FDBC8A9}","OriginalFileName":"C:\\Windows\\System32\\svchost.exe","SHA256":"725d4601126b492c05a8f27fe80de87882f7d6f9663125ed619f84405ae19f23"}
{"UtcTime":"2026-08-12 10:32:22.000","Computer":"TN-FIN-WS042","User":"TRANSNORTE\\backup_svc","EventID":5,"Image":"C:\\Windows\\explorer.exe","ProcessGuid":"{94DA0F05-C788-2026-EBB9-778F2DB4F81D}","ProcessId":3782,"EventType":"End"}
{"UtcTime":"2026-08-12 10:32:23.000","Computer":"TN-FIN-WS042","User":"TRANSNORTE\\ops.cardoso","EventID":1,"Image":"C:\\Program Files\\Microsoft Office\\Office16\\OUTLOOK.EXE","ProcessGuid":"{F4507772-845C-2026-9069-E542CBCD4C06}","ProcessId":8702,"CommandLine":"C:\\Program Files\\Microsoft Office\\Office16\\OUTLOOK.EXE","ParentImage":"C:\\Windows\\System32\\services.exe","ParentProcessGuid":"{FD5B5C16-6E5A-2026-16C2-2A39EC1576A9}","OriginalFileName":"C:\\Program Files\\Microsoft Office\\Office16\\OUTLOOK.EXE","SHA256":"4c269a5af0f70d9f3bb81cc8de7ea6ac4cbde0d941feffd31414c5e37dc6174a"}
{"UtcTime":"2026-08-12 10:32:24.000","Computer":"TN-FIN-WS042","User":"TRANSNORTE\\backup_svc","EventID":1,"Image":"C:\\Windows\\System32\\conhost.exe","ProcessGuid":"{D83B2DAC-A6EA-2026-B252-ABD78435BAEA}","ProcessId":4507,"CommandLine":"C:\\Windows\\System32\\conhost.exe","ParentImage":"C:\\Windows\\System32\\services.exe","ParentProcessGuid":"{FD17B70C-DCCD-2026-B4C6-7ED7578A0572}","OriginalFileName":"C:\\Windows\\System32\\conhost.exe","SHA256":"0f0747357c5ad10e4f043f3a3ad7d3eb3837e889b1e837e9af7547be5a870931"}
{"UtcTime":"2026-08-12 10:32:25.000","Computer":"TN-FIN-WS042","User":"TRANSNORTE\\ops.cardoso","EventID":13,"Image":"C:\\Windows\\System32\\svchost.exe","ProcessGuid":"{29EA500C-2209-2026-F3B1-7C1CF8F9F71A}","ProcessId":3755,"EventType":"SetValue","TargetObject":"HKCU\\Software\\Microsoft\\Office\\16.0\\Outlook\\Resiliency\\3145","Details":"1"}
{"UtcTime":"2026-08-12 10:32:26.000","Computer":"TN-FIN-WS042","User":"TRANSNORTE\\backup_svc","EventID":1,"Image":"C:\\Windows\\System32\\svchost.exe","ProcessGuid":"{7FB67C77-3482-2026-8AB7-EBE430552A99}","ProcessId":8388,"CommandLine":"C:\\Windows\\System32\\svchost.exe","ParentImage":"C:\\Windows\\System32\\services.exe","ParentProcessGuid":"{4EB68D59-C836-2026-20D6-2D84D27DB212}","OriginalFileName":"C:\\Windows\\System32\\svchost.exe","SHA256":"0c8e5e7014a9ad5faa17071de98ecae789080255f06b7560ea550b25584a4bf9"}
{"UtcTime":"2026-08-12 10:32:27.000","Computer":"TN-FIN-WS042","User":"TRANSNORTE\\backup_svc","EventID":1,"Image":"C:\\Windows\\System32\\conhost.exe","ProcessGuid":"{AA242435-A3ED-2026-2ECA-D896F6471499}","ProcessId":7606,"CommandLine":"C:\\Windows\\System32\\conhost.exe","ParentImage":"C:\\Windows\\System32\\services.exe","ParentProcessGuid":"{AA1E092E-7BEB-2026-A913-FAD507E4A8ED}","OriginalFileName":"C:\\Windows\\System32\\conhost.exe","SHA256":"6009a620405acd64d46fbba55f1954b0cbbea723523e3e10b76818ed9f472b94"}
{"UtcTime":"2026-08-12 10:32:28.000","Computer":"TN-FIN-WS042","User":"TRANSNORTE\\ops.cardoso","EventID":11,"Image":"C:\\Program Files\\Google\\Chrome\\Application\\chrome.exe","ProcessGuid":"{C96E713B-0F4F-2026-383E-1DD8BB879E78}","ProcessId":8786,"TargetFilename":"C:\\Users\\ops.cardoso\\AppData\\Local\\Temp\\office-3148.tmp"}
{"UtcTime":"2026-08-12 10:32:29.000","Computer":"TN-FIN-WS042","User":"TRANSNORTE\\backup_svc","EventID":11,"Image":"C:\\Windows\\System32\\conhost.exe","ProcessGuid":"{AAB398BD-EFA1-2026-A961-DF14D4D20E28}","ProcessId":6746,"TargetFilename":"C:\\Users\\ops.cardoso\\AppData\\Local\\Temp\\office-3149.tmp"}
{"UtcTime":"2026-08-12 10:32:30.000","Computer":"TN-FIN-WS042","User":"TRANSNORTE\\ops.cardoso","EventID":3,"Image":"C:\\Program Files\\Google\\Chrome\\Application\\chrome.exe","ProcessGuid":"{CD3EF54B-D84F-2026-F5B8-49D372AAAD75}","ProcessId":6401,"DestinationIp":"1.1.1.1","DestinationPort":135,"SourceIp":"10.50.10.42","Protocol":"tcp"}
{"UtcTime":"2026-08-12 10:32:31.000","Computer":"TN-FIN-WS042","User":"TRANSNORTE\\ops.cardoso","EventID":13,"Image":"C:\\Windows\\System32\\svchost.exe","ProcessGuid":"{75A3562B-862C-2026-5C6A-1CC51DEBC1A3}","ProcessId":2550,"EventType":"SetValue","TargetObject":"HKCU\\Software\\Microsoft\\Office\\16.0\\Outlook\\Resiliency\\3151","Details":"1"}
{"UtcTime":"2026-08-12 10:32:32.000","Computer":"TN-FIN-WS042","User":"TRANSNORTE\\backup_svc","EventID":13,"Image":"C:\\Windows\\System32\\conhost.exe","ProcessGuid":"{B87A6470-07A1-2026-2EFB-913C80DCCC72}","ProcessId":3191,"EventType":"SetValue","TargetObject":"HKCU\\Software\\Microsoft\\Office\\16.0\\Outlook\\Resiliency\\3152","Details":"1"}
{"UtcTime":"2026-08-12 10:32:33.000","Computer":"TN-FIN-WS042","User":"TRANSNORTE\\ops.cardoso","EventID":3,"Image":"C:\\Windows\\System32\\svchost.exe","ProcessGuid":"{2F199EB3-3645-2026-05CF-7A7F2A9DB965}","ProcessId":8635,"DestinationIp":"10.50.10.10","DestinationPort":8080,"SourceIp":"10.50.10.42","Protocol":"tcp"}
{"UtcTime":"2026-08-12 10:32:34.000","Computer":"TN-FIN-WS042","User":"TRANSNORTE\\backup_svc","EventID":3,"Image":"C:\\Windows\\explorer.exe","ProcessGuid":"{11786D10-5F34-2026-D416-499BF083CA4E}","ProcessId":7909,"DestinationIp":"1.1.1.1","DestinationPort":8080,"SourceIp":"10.50.10.42","Protocol":"tcp"}
{"UtcTime":"2026-08-12 10:32:35.000","Computer":"TN-FIN-WS042","User":"TRANSNORTE\\backup_svc","EventID":5,"Image":"C:\\Windows\\System32\\RuntimeBroker.exe","ProcessGuid":"{2EDCA3DF-E9CE-2026-7069-36D08FE9C82F}","ProcessId":2906,"EventType":"End"}
{"UtcTime":"2026-08-12 10:32:36.000","Computer":"TN-FIN-WS042","User":"TRANSNORTE\\ops.cardoso","EventID":1,"Image":"C:\\Windows\\System32\\conhost.exe","ProcessGuid":"{B6CA9C90-733E-2026-687E-4BF4413CB09E}","ProcessId":4865,"CommandLine":"C:\\Windows\\System32\\conhost.exe","ParentImage":"C:\\Windows\\System32\\services.exe","ParentProcessGuid":"{09875A69-B037-2026-5413-6DD5F15286D1}","OriginalFileName":"C:\\Windows\\System32\\conhost.exe","SHA256":"1117f62a11a7cf571bc5b9d5a080734def04e2ff33f0439f5b9e315890c5068b"}
{"UtcTime":"2026-08-12 10:32:37.000","Computer":"TN-FIN-WS042","User":"TRANSNORTE\\backup_svc","EventID":3,"Image":"C:\\Windows\\System32\\RuntimeBroker.exe","ProcessGuid":"{7DC5593F-FE0D-2026-6CAD-047E7A26854C}","ProcessId":1779,"DestinationIp":"8.8.8.8","DestinationPort":443,"SourceIp":"10.50.10.42","Protocol":"tcp"}
{"UtcTime":"2026-08-12 10:32:38.000","Computer":"TN-FIN-WS042","User":"TRANSNORTE\\backup_svc","EventID":1,"Image":"C:\\Windows\\System32\\RuntimeBroker.exe","ProcessGuid":"{FD3DE268-7EDC-2026-A57B-97C822A7635D}","ProcessId":7079,"CommandLine":"C:\\Windows\\System32\\RuntimeBroker.exe","ParentImage":"C:\\Windows\\System32\\services.exe","ParentProcessGuid":"{0FC22AF6-0A81-2026-755D-D356CFCEC78B}","OriginalFileName":"C:\\Windows\\System32\\RuntimeBroker.exe","SHA256":"68e6a7129e785c746efac20d5eb7c844338bbda87ecb1e3f14e3b07674ddc369"}
{"UtcTime":"2026-08-12 10:32:39.000","Computer":"TN-FIN-WS042","User":"TRANSNORTE\\ops.cardoso","EventID":1,"Image":"C:\\Program Files\\Google\\Chrome\\Application\\chrome.exe","ProcessGuid":"{F727FA5F-386D-2026-3A55-CF58536C222D}","ProcessId":2469,"CommandLine":"C:\\Program Files\\Google\\Chrome\\Application\\chrome.exe","ParentImage":"C:\\Windows\\System32\\services.exe","ParentProcessGuid":"{CFBFF1AE-23A9-2026-6BB3-9F818C61132D}","OriginalFileName":"C:\\Program Files\\Google\\Chrome\\Application\\chrome.exe","SHA256":"6db71812953ac61489b8ab45045020d2354fa49cb71633a3a7b62cdf469c9c4b"}
{"UtcTime":"2026-08-12 10:32:40.000","Computer":"TN-FIN-WS042","User":"TRANSNORTE\\backup_svc","EventID":13,"Image":"C:\\Windows\\explorer.exe","ProcessGuid":"{464AD9EA-511F-2026-5787-A5173E71351C}","ProcessId":1351,"EventType":"SetValue","TargetObject":"HKCU\\Software\\Microsoft\\Office\\16.0\\Outlook\\Resiliency\\3160","Details":"1"}
{"UtcTime":"2026-08-12 10:32:41.000","Computer":"TN-FIN-WS042","User":"TRANSNORTE\\ops.cardoso","EventID":1,"Image":"C:\\Program Files\\Google\\Chrome\\Application\\chrome.exe","ProcessGuid":"{92354181-82F6-2026-0609-7B85868EC35F}","ProcessId":8665,"CommandLine":"C:\\Program Files\\Google\\Chrome\\Application\\chrome.exe","ParentImage":"C:\\Windows\\System32\\services.exe","ParentProcessGuid":"{0C73685D-9973-2026-82B0-BA6FED9FE1F3}","OriginalFileName":"C:\\Program Files\\Google\\Chrome\\Application\\chrome.exe","SHA256":"2cec9b824148d403f607fd5ebecd22c37c20b9b60608cbad7244ca1eee0240f2"}
{"UtcTime":"2026-08-12 10:32:42.000","Computer":"TN-FIN-WS042","User":"TRANSNORTE\\backup_svc","EventID":13,"Image":"C:\\Windows\\explorer.exe","ProcessGuid":"{02856615-D142-2026-1566-EC5F1E73D89D}","ProcessId":4522,"EventType":"SetValue","TargetObject":"HKCU\\Software\\Microsoft\\Office\\16.0\\Outlook\\Resiliency\\3162","Details":"1"}
{"UtcTime":"2026-08-12 10:32:43.000","Computer":"TN-FIN-WS042","User":"TRANSNORTE\\backup_svc","EventID":5,"Image":"C:\\Windows\\explorer.exe","ProcessGuid":"{466B5014-5758-2026-AE8C-760B8B27679E}","ProcessId":8787,"EventType":"End"}
{"UtcTime":"2026-08-12 10:32:44.000","Computer":"TN-FIN-WS042","User":"TRANSNORTE\\backup_svc","EventID":3,"Image":"C:\\Program Files\\Microsoft Office\\Office16\\OUTLOOK.EXE","ProcessGuid":"{C6E0DDCF-F5AA-2026-5F5A-978760C69E9B}","ProcessId":6531,"DestinationIp":"8.8.8.8","DestinationPort":53,"SourceIp":"10.50.10.42","Protocol":"tcp"}
{"UtcTime":"2026-08-12 10:32:45.000","Computer":"TN-FIN-WS042","User":"TRANSNORTE\\backup_svc","EventID":11,"Image":"C:\\Windows\\System32\\svchost.exe","ProcessGuid":"{34C9F72B-FA76-2026-D317-C798212C9DA1}","ProcessId":5146,"TargetFilename":"C:\\Users\\ops.cardoso\\AppData\\Local\\Temp\\office-3165.tmp"}
{"UtcTime":"2026-08-12 10:32:46.000","Computer":"TN-FIN-WS042","User":"TRANSNORTE\\backup_svc","EventID":1,"Image":"C:\\Program Files\\Microsoft Office\\Office16\\OUTLOOK.EXE","ProcessGuid":"{67F1FFCF-9DB3-2026-2948-85FEA6620387}","ProcessId":5828,"CommandLine":"C:\\Program Files\\Microsoft Office\\Office16\\OUTLOOK.EXE","ParentImage":"C:\\Windows\\System32\\services.exe","ParentProcessGuid":"{286FFD41-CE86-2026-CED6-4A9780040077}","OriginalFileName":"C:\\Program Files\\Microsoft Office\\Office16\\OUTLOOK.EXE","SHA256":"bcb2f87f2ee58aeefdb23a32deac268736ccb4327c3d2cb921aad8d3e4f303d6"}
{"UtcTime":"2026-08-12 10:32:47.000","Computer":"TN-FIN-WS042","User":"TRANSNORTE\\ops.cardoso","EventID":1,"Image":"C:\\Program Files\\Google\\Chrome\\Application\\chrome.exe","ProcessGuid":"{373BCFBC-9AF5-2026-ABB3-D2EBA24A5AF5}","ProcessId":3334,"CommandLine":"C:\\Program Files\\Google\\Chrome\\Application\\chrome.exe","ParentImage":"C:\\Windows\\System32\\services.exe","ParentProcessGuid":"{A3382C8A-6C77-2026-9DF9-8DE73A72EA7E}","OriginalFileName":"C:\\Program Files\\Google\\Chrome\\Application\\chrome.exe","SHA256":"1097c7064bde46ea3522151c9b5b9db2d16f8d74e23683cc4b2e4eece2ed1163"}
{"UtcTime":"2026-08-12 10:32:48.000","Computer":"TN-FIN-WS042","User":"TRANSNORTE\\backup_svc","EventID":5,"Image":"C:\\Program Files\\Google\\Chrome\\Application\\chrome.exe","ProcessGuid":"{EBE37001-A5DC-2026-1382-D26448350097}","ProcessId":2652,"EventType":"End"}
{"UtcTime":"2026-08-12 10:32:49.000","Computer":"TN-FIN-WS042","User":"TRANSNORTE\\ops.cardoso","EventID":1,"Image":"C:\\Program Files\\Microsoft Office\\Office16\\OUTLOOK.EXE","ProcessGuid":"{D5A25B16-4B26-2026-1413-437CA20EA30C}","ProcessId":5998,"CommandLine":"C:\\Program Files\\Microsoft Office\\Office16\\OUTLOOK.EXE","ParentImage":"C:\\Windows\\System32\\services.exe","ParentProcessGuid":"{DCA44823-7D40-2026-A28A-8A9BC985BE80}","OriginalFileName":"C:\\Program Files\\Microsoft Office\\Office16\\OUTLOOK.EXE","SHA256":"0f0d7d9af5022ad758ea352a344f18a59a4a377cb154484f92590018594827ab"}
{"UtcTime":"2026-08-12 10:32:50.000","Computer":"TN-FIN-WS042","User":"TRANSNORTE\\backup_svc","EventID":11,"Image":"C:\\Program Files\\Google\\Chrome\\Application\\chrome.exe","ProcessGuid":"{B4BA43A0-EA30-2026-C16E-CA753483E4AF}","ProcessId":5456,"TargetFilename":"C:\\Users\\ops.cardoso\\AppData\\Local\\Temp\\office-3170.tmp"}
{"UtcTime":"2026-08-12 10:32:51.000","Computer":"TN-FIN-WS042","User":"TRANSNORTE\\ops.cardoso","EventID":11,"Image":"C:\\Windows\\System32\\svchost.exe","ProcessGuid":"{C68D611A-F38E-2026-F293-BD0E2164FAC4}","ProcessId":8118,"TargetFilename":"C:\\Users\\ops.cardoso\\AppData\\Local\\Temp\\office-3171.tmp"}
{"UtcTime":"2026-08-12 10:32:52.000","Computer":"TN-FIN-WS042","User":"TRANSNORTE\\ops.cardoso","EventID":3,"Image":"C:\\Windows\\System32\\svchost.exe","ProcessGuid":"{46DEA483-7F54-2026-0616-42FAFFAD9335}","ProcessId":8705,"DestinationIp":"10.50.10.88","DestinationPort":443,"SourceIp":"10.50.10.42","Protocol":"tcp"}
{"UtcTime":"2026-08-12 10:32:53.000","Computer":"TN-FIN-WS042","User":"TRANSNORTE\\backup_svc","EventID":3,"Image":"C:\\Windows\\System32\\conhost.exe","ProcessGuid":"{ABD9E70B-2E01-2026-6C4C-263787B033B4}","ProcessId":5650,"DestinationIp":"10.50.10.10","DestinationPort":53,"SourceIp":"10.50.10.42","Protocol":"tcp"}
{"UtcTime":"2026-08-12 10:32:54.000","Computer":"TN-FIN-WS042","User":"TRANSNORTE\\backup_svc","EventID":1,"Image":"C:\\Windows\\System32\\svchost.exe","ProcessGuid":"{15D92B22-23EC-2026-4F4F-AA4FC8F10F5D}","ProcessId":3151,"CommandLine":"C:\\Windows\\System32\\svchost.exe","ParentImage":"C:\\Windows\\System32\\services.exe","ParentProcessGuid":"{E1844D62-5DC9-2026-E8BF-1D0F5CF047FF}","OriginalFileName":"C:\\Windows\\System32\\svchost.exe","SHA256":"75865c996edfbcb3821c698f2335fb1b221293532c689c826412f5840022a011"}
{"UtcTime":"2026-08-12 10:32:55.000","Computer":"TN-FIN-WS042","User":"TRANSNORTE\\ops.cardoso","EventID":1,"Image":"C:\\Windows\\System32\\RuntimeBroker.exe","ProcessGuid":"{28E3FA72-1B7C-2026-5EAD-FF090D53E16A}","ProcessId":6227,"CommandLine":"C:\\Windows\\System32\\RuntimeBroker.exe","ParentImage":"C:\\Windows\\System32\\services.exe","ParentProcessGuid":"{103F6B99-E08F-2026-A13E-A43D70DC5563}","OriginalFileName":"C:\\Windows\\System32\\RuntimeBroker.exe","SHA256":"541202ea29afbf2bb8a69ac30d43a32937f6c71408fff72c8ded89c6864354de"}
{"UtcTime":"2026-08-12 10:32:56.000","Computer":"TN-FIN-WS042","User":"TRANSNORTE\\backup_svc","EventID":3,"Image":"C:\\Windows\\System32\\svchost.exe","ProcessGuid":"{6F224E96-0717-2026-9901-5AFA49886F13}","ProcessId":7793,"DestinationIp":"1.1.1.1","DestinationPort":53,"SourceIp":"10.50.10.42","Protocol":"tcp"}
{"UtcTime":"2026-08-12 10:32:57.000","Computer":"TN-FIN-WS042","User":"TRANSNORTE\\backup_svc","EventID":11,"Image":"C:\\Windows\\explorer.exe","ProcessGuid":"{28D59F0B-782E-2026-FE45-C52B624E1FE6}","ProcessId":4479,"TargetFilename":"C:\\Users\\ops.cardoso\\AppData\\Local\\Temp\\office-3177.tmp"}
{"UtcTime":"2026-08-12 10:32:58.000","Computer":"TN-FIN-WS042","User":"TRANSNORTE\\ops.cardoso","EventID":3,"Image":"C:\\Windows\\System32\\RuntimeBroker.exe","ProcessGuid":"{AFAF0ED1-9E59-2026-05C2-3C8A42EC8AE0}","ProcessId":5506,"DestinationIp":"10.50.10.88","DestinationPort":443,"SourceIp":"10.50.10.42","Protocol":"tcp"}
{"UtcTime":"2026-08-12 10:32:59.000","Computer":"TN-FIN-WS042","User":"TRANSNORTE\\backup_svc","EventID":1,"Image":"C:\\Program Files\\Google\\Chrome\\Application\\chrome.exe","ProcessGuid":"{569FE9B0-86C3-2026-E8C6-62C2A51D7558}","ProcessId":1444,"CommandLine":"C:\\Program Files\\Google\\Chrome\\Application\\chrome.exe","ParentImage":"C:\\Windows\\System32\\services.exe","ParentProcessGuid":"{D1042B74-C655-2026-7026-3285BE4888BF}","OriginalFileName":"C:\\Program Files\\Google\\Chrome\\Application\\chrome.exe","SHA256":"e6b60b27cb40d2c2a7635196beca600707937298d507fbbf3506828c7fdd6e33"}
{"UtcTime":"2026-08-12 10:33:00.000","Computer":"TN-FIN-WS042","User":"TRANSNORTE\\ops.cardoso","EventID":1,"Image":"C:\\Windows\\System32\\svchost.exe","ProcessGuid":"{3CB63518-814B-2026-215B-CFFAEE2E40A8}","ProcessId":4357,"CommandLine":"C:\\Windows\\System32\\svchost.exe","ParentImage":"C:\\Windows\\System32\\services.exe","ParentProcessGuid":"{242DB790-4164-2026-4D86-DC7AB8EB1944}","OriginalFileName":"C:\\Windows\\System32\\svchost.exe","SHA256":"edf14409970b81908f866511a6369442f790b41268d80ae6ecd7da0eef3d0d9d"}
{"UtcTime":"2026-08-12 10:33:01.000","Computer":"TN-FIN-WS042","User":"TRANSNORTE\\ops.cardoso","EventID":5,"Image":"C:\\Windows\\System32\\svchost.exe","ProcessGuid":"{7A6630F6-8466-2026-A2B6-3FEAB56A8774}","ProcessId":2077,"EventType":"End"}
{"UtcTime":"2026-08-12 10:33:02.000","Computer":"TN-FIN-WS042","User":"TRANSNORTE\\backup_svc","EventID":11,"Image":"C:\\Windows\\explorer.exe","ProcessGuid":"{C2CAEE5B-223E-2026-3F8B-4FB12EEDD327}","ProcessId":2509,"TargetFilename":"C:\\Users\\ops.cardoso\\AppData\\Local\\Temp\\office-3182.tmp"}
{"UtcTime":"2026-08-12 10:33:03.000","Computer":"TN-FIN-WS042","User":"TRANSNORTE\\backup_svc","EventID":3,"Image":"C:\\Program Files\\Google\\Chrome\\Application\\chrome.exe","ProcessGuid":"{601AF9AA-5B0A-2026-BD91-6B3E730A2064}","ProcessId":7865,"DestinationIp":"10.50.10.88","DestinationPort":53,"SourceIp":"10.50.10.42","Protocol":"tcp"}
{"UtcTime":"2026-08-12 10:33:04.000","Computer":"TN-FIN-WS042","User":"TRANSNORTE\\ops.cardoso","EventID":1,"Image":"C:\\Program Files\\Google\\Chrome\\Application\\chrome.exe","ProcessGuid":"{9C4838F5-F12C-2026-9E7E-E8DFD5ECC3AB}","ProcessId":6147,"CommandLine":"C:\\Program Files\\Google\\Chrome\\Application\\chrome.exe","ParentImage":"C:\\Windows\\System32\\services.exe","ParentProcessGuid":"{2E48D3F9-38ED-2026-CDFB-97855C3EC258}","OriginalFileName":"C:\\Program Files\\Google\\Chrome\\Application\\chrome.exe","SHA256":"62991169d712940586218662da8d122a048abe516fc32bdbd064b0d04844dce1"}
{"UtcTime":"2026-08-12 10:33:05.000","Computer":"TN-FIN-WS042","User":"TRANSNORTE\\backup_svc","EventID":1,"Image":"C:\\Windows\\explorer.exe","ProcessGuid":"{7955C9B2-38E5-2026-C127-868D2D2C9008}","ProcessId":8487,"CommandLine":"C:\\Windows\\explorer.exe","ParentImage":"C:\\Windows\\System32\\services.exe","ParentProcessGuid":"{E77175A1-7FDE-2026-5031-A0A0C1595642}","OriginalFileName":"C:\\Windows\\explorer.exe","SHA256":"43899108455988060192d2ff8c1e028ec5922d7153f27d9b302ba0f432cc2362"}
{"UtcTime":"2026-08-12 10:33:06.000","Computer":"TN-FIN-WS042","User":"TRANSNORTE\\backup_svc","EventID":5,"Image":"C:\\Windows\\System32\\RuntimeBroker.exe","ProcessGuid":"{8CD4106A-8F10-2026-8BEE-1072BD83681F}","ProcessId":2236,"EventType":"End"}
{"UtcTime":"2026-08-12 10:33:07.000","Computer":"TN-FIN-WS042","User":"TRANSNORTE\\backup_svc","EventID":13,"Image":"C:\\Windows\\System32\\conhost.exe","ProcessGuid":"{D9006A2E-93F7-2026-2238-2651E3C082D1}","ProcessId":6659,"EventType":"SetValue","TargetObject":"HKCU\\Software\\Microsoft\\Office\\16.0\\Outlook\\Resiliency\\3187","Details":"1"}
{"UtcTime":"2026-08-12 10:33:08.000","Computer":"TN-FIN-WS042","User":"TRANSNORTE\\backup_svc","EventID":3,"Image":"C:\\Program Files\\Google\\Chrome\\Application\\chrome.exe","ProcessGuid":"{F8F0E029-46FB-2026-3FD2-9DADAFCCB5FC}","ProcessId":4768,"DestinationIp":"8.8.8.8","DestinationPort":53,"SourceIp":"10.50.10.42","Protocol":"tcp"}
{"UtcTime":"2026-08-12 10:33:09.000","Computer":"TN-FIN-WS042","User":"TRANSNORTE\\backup_svc","EventID":1,"Image":"C:\\Windows\\System32\\RuntimeBroker.exe","ProcessGuid":"{4EF4F128-78D4-2026-335F-89CF15D9B991}","ProcessId":3435,"CommandLine":"C:\\Windows\\System32\\RuntimeBroker.exe","ParentImage":"C:\\Windows\\System32\\services.exe","ParentProcessGuid":"{D6DCAD3D-19CC-2026-A0F2-F6439BB2E2EA}","OriginalFileName":"C:\\Windows\\System32\\RuntimeBroker.exe","SHA256":"a27def976facf9abdc1a9a7effad6e08a5af096dbb7310a124f69b24eb0c07bb"}
{"UtcTime":"2026-08-12 10:33:10.000","Computer":"TN-FIN-WS042","User":"TRANSNORTE\\backup_svc","EventID":1,"Image":"C:\\Windows\\System32\\conhost.exe","ProcessGuid":"{B1D2F41D-A644-2026-30E8-DDCCCD9F1588}","ProcessId":4997,"CommandLine":"C:\\Windows\\System32\\conhost.exe","ParentImage":"C:\\Windows\\System32\\services.exe","ParentProcessGuid":"{EA2D5CBE-D743-2026-B57C-C2A1F79DEC96}","OriginalFileName":"C:\\Windows\\System32\\conhost.exe","SHA256":"b50e335e214a474d104da50238b1a8c9cff12729271e0bdfd94d5db7acdf19c8"}
{"UtcTime":"2026-08-12 10:33:11.000","Computer":"TN-FIN-WS042","User":"TRANSNORTE\\backup_svc","EventID":11,"Image":"C:\\Windows\\System32\\svchost.exe","ProcessGuid":"{BDC36B5D-9ADC-2026-0B29-236A015F127F}","ProcessId":2874,"TargetFilename":"C:\\Users\\ops.cardoso\\AppData\\Local\\Temp\\office-3191.tmp"}
{"UtcTime":"2026-08-12 10:33:12.000","Computer":"TN-FIN-WS042","User":"TRANSNORTE\\backup_svc","EventID":1,"Image":"C:\\Windows\\explorer.exe","ProcessGuid":"{C163FA67-AA49-2026-287C-2B83465CA4ED}","ProcessId":6267,"CommandLine":"C:\\Windows\\explorer.exe","ParentImage":"C:\\Windows\\System32\\services.exe","ParentProcessGuid":"{57F70645-3736-2026-FEEF-D700F687A5B5}","OriginalFileName":"C:\\Windows\\explorer.exe","SHA256":"6aa17ae809f0b146607800092c9bee07de4e31ff64fd1666b3f9205874ea48b9"}
{"UtcTime":"2026-08-12 10:33:13.000","Computer":"TN-FIN-WS042","User":"TRANSNORTE\\ops.cardoso","EventID":1,"Image":"C:\\Program Files\\Google\\Chrome\\Application\\chrome.exe","ProcessGuid":"{6664C838-FA88-2026-E18C-0A928B8A0C44}","ProcessId":5186,"CommandLine":"C:\\Program Files\\Google\\Chrome\\Application\\chrome.exe","ParentImage":"C:\\Windows\\System32\\services.exe","ParentProcessGuid":"{BE449569-FB00-2026-A39B-A5BF3E325862}","OriginalFileName":"C:\\Program Files\\Google\\Chrome\\Application\\chrome.exe","SHA256":"128b39b307ee7c36aa89efb9fd58d0058b7461445cb9fa078a98d6275eaf70f3"}
{"UtcTime":"2026-08-12 10:33:14.000","Computer":"TN-FIN-WS042","User":"TRANSNORTE\\ops.cardoso","EventID":1,"Image":"C:\\Program Files\\Google\\Chrome\\Application\\chrome.exe","ProcessGuid":"{86E531E4-3F97-2026-FB51-16E060577CCF}","ProcessId":586,"CommandLine":"C:\\Program Files\\Google\\Chrome\\Application\\chrome.exe","ParentImage":"C:\\Windows\\System32\\services.exe","ParentProcessGuid":"{7B02AF82-AD0B-2026-CB87-631CC2566934}","OriginalFileName":"C:\\Program Files\\Google\\Chrome\\Application\\chrome.exe","SHA256":"59761d1472a8570df7b39f9c6767577e796848c1d1a7c994e308d2d58f62cc52"}
{"UtcTime":"2026-08-12 10:33:15.000","Computer":"TN-FIN-WS042","User":"TRANSNORTE\\ops.cardoso","EventID":1,"Image":"C:\\Program Files\\Microsoft Office\\Office16\\OUTLOOK.EXE","ProcessGuid":"{E51CC29F-56F3-2026-C5B5-37D8E624D44B}","ProcessId":7794,"CommandLine":"C:\\Program Files\\Microsoft Office\\Office16\\OUTLOOK.EXE","ParentImage":"C:\\Windows\\System32\\services.exe","ParentProcessGuid":"{D18553E1-E74B-2026-A3A1-4BD65006B16B}","OriginalFileName":"C:\\Program Files\\Microsoft Office\\Office16\\OUTLOOK.EXE","SHA256":"1e4794cb96acefb1c2ee79161b46264bdbba9d31bc2ace82c47984ef34ae924a"}
{"UtcTime":"2026-08-12 10:33:16.000","Computer":"TN-FIN-WS042","User":"TRANSNORTE\\ops.cardoso","EventID":1,"Image":"C:\\Windows\\System32\\conhost.exe","ProcessGuid":"{0D07BBCF-086C-2026-BF43-FDE06B95FCD1}","ProcessId":4352,"CommandLine":"C:\\Windows\\System32\\conhost.exe","ParentImage":"C:\\Windows\\System32\\services.exe","ParentProcessGuid":"{9D4B0C02-DBCE-2026-F750-8F2E1BE56F0B}","OriginalFileName":"C:\\Windows\\System32\\conhost.exe","SHA256":"cffef29eff84614e1a9856621019e6386e82ad0526d5d31778b52ebb988f3a46"}
{"UtcTime":"2026-08-12 10:33:17.000","Computer":"TN-FIN-WS042","User":"TRANSNORTE\\ops.cardoso","EventID":13,"Image":"C:\\Windows\\System32\\conhost.exe","ProcessGuid":"{E50EC020-35B9-2026-A6CE-084FC684A5B5}","ProcessId":8619,"EventType":"SetValue","TargetObject":"HKCU\\Software\\Microsoft\\Office\\16.0\\Outlook\\Resiliency\\3197","Details":"1"}
{"UtcTime":"2026-08-12 10:33:18.000","Computer":"TN-FIN-WS042","User":"TRANSNORTE\\backup_svc","EventID":1,"Image":"C:\\Program Files\\Microsoft Office\\Office16\\OUTLOOK.EXE","ProcessGuid":"{DA13AF37-46FB-2026-D9CD-7538EC226AF1}","ProcessId":3076,"CommandLine":"C:\\Program Files\\Microsoft Office\\Office16\\OUTLOOK.EXE","ParentImage":"C:\\Windows\\System32\\services.exe","ParentProcessGuid":"{583DDBD8-1908-2026-72DF-B188EAF05D37}","OriginalFileName":"C:\\Program Files\\Microsoft Office\\Office16\\OUTLOOK.EXE","SHA256":"66b20996918b755aa3f7885e9c2c44010935cf73308885f4798863487797f967"}
{"UtcTime":"2026-08-12 10:33:19.000","Computer":"TN-FIN-WS042","User":"TRANSNORTE\\backup_svc","EventID":1,"Image":"C:\\Program Files\\Microsoft Office\\Office16\\OUTLOOK.EXE","ProcessGuid":"{6C284C65-7B7A-2026-D168-37D119E7012C}","ProcessId":3315,"CommandLine":"C:\\Program Files\\Microsoft Office\\Office16\\OUTLOOK.EXE","ParentImage":"C:\\Windows\\System32\\services.exe","ParentProcessGuid":"{F311A69C-E149-2026-B548-F70B0AF2F4A1}","OriginalFileName":"C:\\Program Files\\Microsoft Office\\Office16\\OUTLOOK.EXE","SHA256":"e6418e3ca5d092bf85c007de0786c34cf064f09abfbc9c5fb0cfdb09dce96eed"}
{"UtcTime":"2026-08-12 10:33:20.000","Computer":"TN-FIN-WS042","User":"TRANSNORTE\\ops.cardoso","EventID":1,"Image":"C:\\Windows\\System32\\RuntimeBroker.exe","ProcessGuid":"{81A2F751-5C73-2026-11B1-E57141AED42A}","ProcessId":4225,"CommandLine":"C:\\Windows\\System32\\RuntimeBroker.exe","ParentImage":"C:\\Windows\\System32\\services.exe","ParentProcessGuid":"{3183A6DA-1DDA-2026-B958-953CDDEA2DE2}","OriginalFileName":"C:\\Windows\\System32\\RuntimeBroker.exe","SHA256":"519ed04de70a14d62b728f981172f761445e829191f928a34da2d1bc6a31e07f"}
{"UtcTime":"2026-08-12 10:33:21.000","Computer":"TN-FIN-WS042","User":"TRANSNORTE\\backup_svc","EventID":1,"Image":"C:\\Program Files\\Microsoft Office\\Office16\\OUTLOOK.EXE","ProcessGuid":"{FDE5104D-7FAB-2026-454E-456BD77B8584}","ProcessId":7123,"CommandLine":"C:\\Program Files\\Microsoft Office\\Office16\\OUTLOOK.EXE","ParentImage":"C:\\Windows\\System32\\services.exe","ParentProcessGuid":"{C9BBFA8B-005E-2026-FEF8-2D1E590C916C}","OriginalFileName":"C:\\Program Files\\Microsoft Office\\Office16\\OUTLOOK.EXE","SHA256":"8c554262e95c62d7ae318d9253e85a3fecb13a071260962ecee105d62b2658f8"}
{"UtcTime":"2026-08-12 10:33:22.000","Computer":"TN-FIN-WS042","User":"TRANSNORTE\\ops.cardoso","EventID":1,"Image":"C:\\Windows\\System32\\RuntimeBroker.exe","ProcessGuid":"{60519172-98E9-2026-801B-29EA46EE1B66}","ProcessId":3978,"CommandLine":"C:\\Windows\\System32\\RuntimeBroker.exe","ParentImage":"C:\\Windows\\System32\\services.exe","ParentProcessGuid":"{CE858071-7217-2026-12E9-9A407021FF6D}","OriginalFileName":"C:\\Windows\\System32\\RuntimeBroker.exe","SHA256":"d60b384751c22d66ea17c28fb86faff8ab39cc56266cf7b4a6929fcbd4faad55"}
{"UtcTime":"2026-08-12 10:33:23.000","Computer":"TN-FIN-WS042","User":"TRANSNORTE\\backup_svc","EventID":11,"Image":"C:\\Windows\\System32\\conhost.exe","ProcessGuid":"{740F2CCE-F074-2026-96B3-10402D131DF5}","ProcessId":5414,"TargetFilename":"C:\\Users\\ops.cardoso\\AppData\\Local\\Temp\\office-3203.tmp"}
{"UtcTime":"2026-08-12 10:33:24.000","Computer":"TN-FIN-WS042","User":"TRANSNORTE\\ops.cardoso","EventID":11,"Image":"C:\\Windows\\System32\\RuntimeBroker.exe","ProcessGuid":"{EFED7059-4837-2026-F4D5-1EA6A7A974A2}","ProcessId":7851,"TargetFilename":"C:\\Users\\ops.cardoso\\AppData\\Local\\Temp\\office-3204.tmp"}
{"UtcTime":"2026-08-12 10:33:25.000","Computer":"TN-FIN-WS042","User":"TRANSNORTE\\ops.cardoso","EventID":1,"Image":"C:\\Program Files\\Microsoft Office\\Office16\\OUTLOOK.EXE","ProcessGuid":"{74D5D228-ADEC-2026-2FAE-713B83454D5F}","ProcessId":6085,"CommandLine":"C:\\Program Files\\Microsoft Office\\Office16\\OUTLOOK.EXE","ParentImage":"C:\\Windows\\System32\\services.exe","ParentProcessGuid":"{94CD424F-9E2E-2026-0709-A21157C35D80}","OriginalFileName":"C:\\Program Files\\Microsoft Office\\Office16\\OUTLOOK.EXE","SHA256":"5c622112d3a43ac0310d533bc33498ba819e5453d29226770f147a9d619afb18"}
{"UtcTime":"2026-08-12 10:33:26.000","Computer":"TN-FIN-WS042","User":"TRANSNORTE\\ops.cardoso","EventID":1,"Image":"C:\\Windows\\System32\\RuntimeBroker.exe","ProcessGuid":"{4E398620-CDAE-2026-41CD-0D5596698962}","ProcessId":1673,"CommandLine":"C:\\Windows\\System32\\RuntimeBroker.exe","ParentImage":"C:\\Windows\\System32\\services.exe","ParentProcessGuid":"{C150DBC3-9470-2026-48F9-838C2B47D63F}","OriginalFileName":"C:\\Windows\\System32\\RuntimeBroker.exe","SHA256":"9a0d99a5ce50a4680577ada7b5aef1eb279827a1adc3c553b9aa12451ae317d6"}
{"UtcTime":"2026-08-12 10:33:27.000","Computer":"TN-FIN-WS042","User":"TRANSNORTE\\backup_svc","EventID":5,"Image":"C:\\Program Files\\Microsoft Office\\Office16\\OUTLOOK.EXE","ProcessGuid":"{EAF62918-C282-2026-7AE9-19CE268D9B9C}","ProcessId":5978,"EventType":"End"}
{"UtcTime":"2026-08-12 10:33:28.000","Computer":"TN-FIN-WS042","User":"TRANSNORTE\\backup_svc","EventID":11,"Image":"C:\\Windows\\System32\\RuntimeBroker.exe","ProcessGuid":"{BB4DD9DC-5DE1-2026-92AA-610D269EA3FF}","ProcessId":2540,"TargetFilename":"C:\\Users\\ops.cardoso\\AppData\\Local\\Temp\\office-3208.tmp"}
{"UtcTime":"2026-08-12 10:33:29.000","Computer":"TN-FIN-WS042","User":"TRANSNORTE\\backup_svc","EventID":11,"Image":"C:\\Windows\\explorer.exe","ProcessGuid":"{25A2FFBA-6BED-2026-4183-085ECD2D77E2}","ProcessId":1503,"TargetFilename":"C:\\Users\\ops.cardoso\\AppData\\Local\\Temp\\office-3209.tmp"}
{"UtcTime":"2026-08-12 10:33:30.000","Computer":"TN-FIN-WS042","User":"TRANSNORTE\\backup_svc","EventID":3,"Image":"C:\\Windows\\explorer.exe","ProcessGuid":"{C3334B3C-2670-2026-0531-C011DAC352B1}","ProcessId":8217,"DestinationIp":"10.50.10.88","DestinationPort":443,"SourceIp":"10.50.10.42","Protocol":"tcp"}
{"UtcTime":"2026-08-12 10:33:31.000","Computer":"TN-FIN-WS042","User":"TRANSNORTE\\backup_svc","EventID":1,"Image":"C:\\Windows\\System32\\svchost.exe","ProcessGuid":"{878AEABA-71E4-2026-AD9D-1B9DFF2E19D4}","ProcessId":6471,"CommandLine":"C:\\Windows\\System32\\svchost.exe","ParentImage":"C:\\Windows\\System32\\services.exe","ParentProcessGuid":"{5FB13DF7-C461-2026-D84C-4046C56081C0}","OriginalFileName":"C:\\Windows\\System32\\svchost.exe","SHA256":"09d9a894cf40d1308c929474a111b2171273b1bf67e1570446bde2f95b91128b"}
{"UtcTime":"2026-08-12 10:33:32.000","Computer":"TN-FIN-WS042","User":"TRANSNORTE\\ops.cardoso","EventID":5,"Image":"C:\\Program Files\\Google\\Chrome\\Application\\chrome.exe","ProcessGuid":"{68502C9F-29D4-2026-9360-6D7DCB7DA1B5}","ProcessId":3833,"EventType":"End"}
{"UtcTime":"2026-08-12 10:33:33.000","Computer":"TN-FIN-WS042","User":"TRANSNORTE\\backup_svc","EventID":5,"Image":"C:\\Windows\\explorer.exe","ProcessGuid":"{5CA486FA-C428-2026-74D2-9B805D5E0CD7}","ProcessId":7120,"EventType":"End"}
{"UtcTime":"2026-08-12 10:33:34.000","Computer":"TN-FIN-WS042","User":"TRANSNORTE\\backup_svc","EventID":5,"Image":"C:\\Windows\\System32\\RuntimeBroker.exe","ProcessGuid":"{277AE811-CB71-2026-D041-B09E9BDC124D}","ProcessId":680,"EventType":"End"}
{"UtcTime":"2026-08-12 10:33:35.000","Computer":"TN-FIN-WS042","User":"TRANSNORTE\\backup_svc","EventID":3,"Image":"C:\\Program Files\\Google\\Chrome\\Application\\chrome.exe","ProcessGuid":"{238AD054-74EF-2026-26D6-C9C54F9D5EAC}","ProcessId":6771,"DestinationIp":"8.8.8.8","DestinationPort":443,"SourceIp":"10.50.10.42","Protocol":"tcp"}
{"UtcTime":"2026-08-12 10:33:36.000","Computer":"TN-FIN-WS042","User":"TRANSNORTE\\backup_svc","EventID":1,"Image":"C:\\Program Files\\Google\\Chrome\\Application\\chrome.exe","ProcessGuid":"{2D6F9E3D-742F-2026-296E-417AFF00DF44}","ProcessId":1028,"CommandLine":"C:\\Program Files\\Google\\Chrome\\Application\\chrome.exe","ParentImage":"C:\\Windows\\System32\\services.exe","ParentProcessGuid":"{8656CC8C-8259-2026-D84B-B50BE73136AA}","OriginalFileName":"C:\\Program Files\\Google\\Chrome\\Application\\chrome.exe","SHA256":"6dcb67ad6c79e42181cfb5af560b195af9e09a4d384cccd5b480f70e960aa0f1"}
{"UtcTime":"2026-08-12 10:33:37.000","Computer":"TN-FIN-WS042","User":"TRANSNORTE\\backup_svc","EventID":5,"Image":"C:\\Windows\\explorer.exe","ProcessGuid":"{15B62504-4B0E-2026-6F0A-64C572F3B919}","ProcessId":4894,"EventType":"End"}
{"UtcTime":"2026-08-12 10:33:38.000","Computer":"TN-FIN-WS042","User":"TRANSNORTE\\backup_svc","EventID":1,"Image":"C:\\Program Files\\Microsoft Office\\Office16\\OUTLOOK.EXE","ProcessGuid":"{C219F4A2-B8B8-2026-A734-6225AE4B7B9C}","ProcessId":5210,"CommandLine":"C:\\Program Files\\Microsoft Office\\Office16\\OUTLOOK.EXE","ParentImage":"C:\\Windows\\System32\\services.exe","ParentProcessGuid":"{63FEBA9D-424D-2026-B6F3-47909A78ADCF}","OriginalFileName":"C:\\Program Files\\Microsoft Office\\Office16\\OUTLOOK.EXE","SHA256":"58788c74d40a377ea2ac2de1299039f4e8e6ed26d5201e6ca2babbe9096716b7"}
{"UtcTime":"2026-08-12 10:33:39.000","Computer":"TN-FIN-WS042","User":"TRANSNORTE\\backup_svc","EventID":5,"Image":"C:\\Program Files\\Microsoft Office\\Office16\\OUTLOOK.EXE","ProcessGuid":"{D127B313-C335-2026-5EA0-7EA7ED8BDF5F}","ProcessId":869,"EventType":"End"}
{"UtcTime":"2026-08-12 10:33:40.000","Computer":"TN-FIN-WS042","User":"TRANSNORTE\\backup_svc","EventID":3,"Image":"C:\\Windows\\System32\\svchost.exe","ProcessGuid":"{9FA5090E-215A-2026-C02D-22E4A7DEF717}","ProcessId":3800,"DestinationIp":"8.8.8.8","DestinationPort":8080,"SourceIp":"10.50.10.42","Protocol":"tcp"}
{"UtcTime":"2026-08-12 10:33:41.000","Computer":"TN-FIN-WS042","User":"TRANSNORTE\\backup_svc","EventID":13,"Image":"C:\\Windows\\System32\\RuntimeBroker.exe","ProcessGuid":"{B9DD98F8-7934-2026-7A79-2A10E2EE6386}","ProcessId":3378,"EventType":"SetValue","TargetObject":"HKCU\\Software\\Microsoft\\Office\\16.0\\Outlook\\Resiliency\\3221","Details":"1"}
{"UtcTime":"2026-08-12 10:33:42.000","Computer":"TN-FIN-WS042","User":"TRANSNORTE\\backup_svc","EventID":1,"Image":"C:\\Program Files\\Google\\Chrome\\Application\\chrome.exe","ProcessGuid":"{7BB7E287-D553-2026-8361-F43A18B4BD64}","ProcessId":4516,"CommandLine":"C:\\Program Files\\Google\\Chrome\\Application\\chrome.exe","ParentImage":"C:\\Windows\\System32\\services.exe","ParentProcessGuid":"{4200F0EB-2888-2026-A776-7F31C81BBE93}","OriginalFileName":"C:\\Program Files\\Google\\Chrome\\Application\\chrome.exe","SHA256":"450e73434acbe0c403999880d5808c760e8a11fc45cc2d06295d4c500a0ba2ee"}
{"UtcTime":"2026-08-12 10:33:43.000","Computer":"TN-FIN-WS042","User":"TRANSNORTE\\backup_svc","EventID":1,"Image":"C:\\Program Files\\Microsoft Office\\Office16\\OUTLOOK.EXE","ProcessGuid":"{859D7276-859D-2026-9C42-43DAB6947B0C}","ProcessId":7418,"CommandLine":"C:\\Program Files\\Microsoft Office\\Office16\\OUTLOOK.EXE","ParentImage":"C:\\Windows\\System32\\services.exe","ParentProcessGuid":"{C7013554-C58E-2026-1CA5-7657176F4C57}","OriginalFileName":"C:\\Program Files\\Microsoft Office\\Office16\\OUTLOOK.EXE","SHA256":"ccdf319fe4ba9b958e8a612e021ded137e4fbaa632e7e96b5a70490a6ae29544"}
{"UtcTime":"2026-08-12 10:33:44.000","Computer":"TN-FIN-WS042","User":"TRANSNORTE\\ops.cardoso","EventID":11,"Image":"C:\\Windows\\System32\\conhost.exe","ProcessGuid":"{3E6BAC9B-FBFD-2026-0C5D-F7829F418C13}","ProcessId":7680,"TargetFilename":"C:\\Users\\ops.cardoso\\AppData\\Local\\Temp\\office-3224.tmp"}
{"UtcTime":"2026-08-12 10:33:45.000","Computer":"TN-FIN-WS042","User":"TRANSNORTE\\backup_svc","EventID":13,"Image":"C:\\Windows\\explorer.exe","ProcessGuid":"{C8F99ED1-C8FC-2026-A8B5-FD648CA932D2}","ProcessId":3083,"EventType":"SetValue","TargetObject":"HKCU\\Software\\Microsoft\\Office\\16.0\\Outlook\\Resiliency\\3225","Details":"1"}
{"UtcTime":"2026-08-12 10:33:46.000","Computer":"TN-FIN-WS042","User":"TRANSNORTE\\backup_svc","EventID":11,"Image":"C:\\Windows\\System32\\RuntimeBroker.exe","ProcessGuid":"{E270BFAB-504E-2026-D27B-60669C5B4979}","ProcessId":7167,"TargetFilename":"C:\\Users\\ops.cardoso\\AppData\\Local\\Temp\\office-3226.tmp"}
{"UtcTime":"2026-08-12 10:33:47.000","Computer":"TN-FIN-WS042","User":"TRANSNORTE\\ops.cardoso","EventID":3,"Image":"C:\\Program Files\\Microsoft Office\\Office16\\OUTLOOK.EXE","ProcessGuid":"{B8E709F4-417B-2026-6329-3D5AA140C0CE}","ProcessId":1427,"DestinationIp":"8.8.8.8","DestinationPort":443,"SourceIp":"10.50.10.42","Protocol":"tcp"}
{"UtcTime":"2026-08-12 10:33:48.000","Computer":"TN-FIN-WS042","User":"TRANSNORTE\\backup_svc","EventID":13,"Image":"C:\\Windows\\System32\\svchost.exe","ProcessGuid":"{C818BCF9-B25B-2026-1356-472154CB7D34}","ProcessId":5074,"EventType":"SetValue","TargetObject":"HKCU\\Software\\Microsoft\\Office\\16.0\\Outlook\\Resiliency\\3228","Details":"1"}
{"UtcTime":"2026-08-12 10:33:49.000","Computer":"TN-FIN-WS042","User":"TRANSNORTE\\backup_svc","EventID":1,"Image":"C:\\Windows\\System32\\svchost.exe","ProcessGuid":"{F0FF2A3E-705D-2026-78E4-2A3BF22AD032}","ProcessId":970,"CommandLine":"C:\\Windows\\System32\\svchost.exe","ParentImage":"C:\\Windows\\System32\\services.exe","ParentProcessGuid":"{EF161237-3A04-2026-7F24-5A1507B2279C}","OriginalFileName":"C:\\Windows\\System32\\svchost.exe","SHA256":"85921dfe5ae0f6821cd6ee140a82c7ddb47908cd98fdb27b56614223c749e8c5"}
{"UtcTime":"2026-08-12 10:33:50.000","Computer":"TN-FIN-WS042","User":"TRANSNORTE\\ops.cardoso","EventID":1,"Image":"C:\\Windows\\System32\\svchost.exe","ProcessGuid":"{10EF6D40-D672-2026-45A0-4F5BD11B2715}","ProcessId":963,"CommandLine":"C:\\Windows\\System32\\svchost.exe","ParentImage":"C:\\Windows\\System32\\services.exe","ParentProcessGuid":"{E7F2C2D3-E4FF-2026-9B57-1234A96C8E28}","OriginalFileName":"C:\\Windows\\System32\\svchost.exe","SHA256":"2ea3e7e5a2c39fcb31929750f2f4ec37f6f3dd77623c8876c519206f0f8926be"}
{"UtcTime":"2026-08-12 10:33:51.000","Computer":"TN-FIN-WS042","User":"TRANSNORTE\\ops.cardoso","EventID":13,"Image":"C:\\Program Files\\Microsoft Office\\Office16\\OUTLOOK.EXE","ProcessGuid":"{FDD88F71-99B4-2026-A168-25F8CAB30BD4}","ProcessId":2192,"EventType":"SetValue","TargetObject":"HKCU\\Software\\Microsoft\\Office\\16.0\\Outlook\\Resiliency\\3231","Details":"1"}
{"UtcTime":"2026-08-12 10:33:52.000","Computer":"TN-FIN-WS042","User":"TRANSNORTE\\backup_svc","EventID":1,"Image":"C:\\Program Files\\Google\\Chrome\\Application\\chrome.exe","ProcessGuid":"{8D77E23D-6427-2026-B7B9-0B26CB03A6E2}","ProcessId":504,"CommandLine":"C:\\Program Files\\Google\\Chrome\\Application\\chrome.exe","ParentImage":"C:\\Windows\\System32\\services.exe","ParentProcessGuid":"{68D96110-8176-2026-2D8B-28822AEE4A95}","OriginalFileName":"C:\\Program Files\\Google\\Chrome\\Application\\chrome.exe","SHA256":"c3fd97146c9e21160183802739760d148e348f36f1ea9665d8e65bfc199127b5"}
{"UtcTime":"2026-08-12 10:33:53.000","Computer":"TN-FIN-WS042","User":"TRANSNORTE\\backup_svc","EventID":1,"Image":"C:\\Program Files\\Microsoft Office\\Office16\\OUTLOOK.EXE","ProcessGuid":"{89ABE188-D773-2026-972D-4ACBB1CB5E02}","ProcessId":7921,"CommandLine":"C:\\Program Files\\Microsoft Office\\Office16\\OUTLOOK.EXE","ParentImage":"C:\\Windows\\System32\\services.exe","ParentProcessGuid":"{495DF261-D0E3-2026-9550-5E654E8DAAF1}","OriginalFileName":"C:\\Program Files\\Microsoft Office\\Office16\\OUTLOOK.EXE","SHA256":"d53790cf1c9bcfd3d07d456249e8b8d4adea85bb0fac0e8eb98b8690815f92a3"}
{"UtcTime":"2026-08-12 10:33:54.000","Computer":"TN-FIN-WS042","User":"TRANSNORTE\\ops.cardoso","EventID":1,"Image":"C:\\Windows\\System32\\RuntimeBroker.exe","ProcessGuid":"{6D4C1D73-491B-2026-995B-25D18BD2C750}","ProcessId":5418,"CommandLine":"C:\\Windows\\System32\\RuntimeBroker.exe","ParentImage":"C:\\Windows\\System32\\services.exe","ParentProcessGuid":"{877477EF-419F-2026-1D99-187B0381FD62}","OriginalFileName":"C:\\Windows\\System32\\RuntimeBroker.exe","SHA256":"65b3ee47bec6465d51f6dffcb98bdf45e73e632b9d7644ef9a25c6c71484a091"}
{"UtcTime":"2026-08-12 10:33:55.000","Computer":"TN-FIN-WS042","User":"TRANSNORTE\\backup_svc","EventID":11,"Image":"C:\\Windows\\System32\\svchost.exe","ProcessGuid":"{DAEB23D9-F2BA-2026-5D39-763FD2181464}","ProcessId":1769,"TargetFilename":"C:\\Users\\ops.cardoso\\AppData\\Local\\Temp\\office-3235.tmp"}
{"UtcTime":"2026-08-12 10:33:56.000","Computer":"TN-FIN-WS042","User":"TRANSNORTE\\ops.cardoso","EventID":1,"Image":"C:\\Windows\\System32\\conhost.exe","ProcessGuid":"{638E6E5B-1934-2026-52FB-ACDFAEBE3F15}","ProcessId":1756,"CommandLine":"C:\\Windows\\System32\\conhost.exe","ParentImage":"C:\\Windows\\System32\\services.exe","ParentProcessGuid":"{980C4109-547F-2026-159C-5587F43C5897}","OriginalFileName":"C:\\Windows\\System32\\conhost.exe","SHA256":"89581fb711483d954ab2f00ffff97e383b1a8e1ae04352b28f5090dd4e0fe04e"}
{"UtcTime":"2026-08-12 10:33:57.000","Computer":"TN-FIN-WS042","User":"TRANSNORTE\\ops.cardoso","EventID":1,"Image":"C:\\Windows\\explorer.exe","ProcessGuid":"{EDA2A13B-8188-2026-3E2A-8D5923A486B1}","ProcessId":3565,"CommandLine":"C:\\Windows\\explorer.exe","ParentImage":"C:\\Windows\\System32\\services.exe","ParentProcessGuid":"{7C93ADD6-D05C-2026-E1DF-7059D2AC378F}","OriginalFileName":"C:\\Windows\\explorer.exe","SHA256":"9c0b567ae2c15e6a25ad1ffca2e24d5dbc4dc6f80a63619e177e176af53e5166"}
{"UtcTime":"2026-08-12 10:33:58.000","Computer":"TN-FIN-WS042","User":"TRANSNORTE\\backup_svc","EventID":13,"Image":"C:\\Program Files\\Microsoft Office\\Office16\\OUTLOOK.EXE","ProcessGuid":"{F40FE6AA-8B11-2026-A2ED-28B6AF53F3DF}","ProcessId":3515,"EventType":"SetValue","TargetObject":"HKCU\\Software\\Microsoft\\Office\\16.0\\Outlook\\Resiliency\\3238","Details":"1"}
{"UtcTime":"2026-08-12 10:33:59.000","Computer":"TN-FIN-WS042","User":"TRANSNORTE\\ops.cardoso","EventID":1,"Image":"C:\\Windows\\explorer.exe","ProcessGuid":"{F545FC4B-8EB0-2026-DF95-97E34EC8570E}","ProcessId":4013,"CommandLine":"C:\\Windows\\explorer.exe","ParentImage":"C:\\Windows\\System32\\services.exe","ParentProcessGuid":"{1362F47C-7F22-2026-A2C8-B93FF8E90844}","OriginalFileName":"C:\\Windows\\explorer.exe","SHA256":"df08d10708d016abeb4f3c793175b0b5ced6d90c9a1182badc8cdab823959bf9"}
{"UtcTime":"2026-08-12 10:34:00.000","Computer":"TN-FIN-WS042","User":"TRANSNORTE\\backup_svc","EventID":11,"Image":"C:\\Program Files\\Google\\Chrome\\Application\\chrome.exe","ProcessGuid":"{80964544-47C1-2026-41EE-2556EE793407}","ProcessId":4733,"TargetFilename":"C:\\Users\\ops.cardoso\\AppData\\Local\\Temp\\office-3240.tmp"}
{"UtcTime":"2026-08-12 10:34:01.000","Computer":"TN-FIN-WS042","User":"TRANSNORTE\\backup_svc","EventID":5,"Image":"C:\\Program Files\\Google\\Chrome\\Application\\chrome.exe","ProcessGuid":"{B68ABEF8-EEE8-2026-8509-F1CF65B5CD6B}","ProcessId":5051,"EventType":"End"}
{"UtcTime":"2026-08-12 10:34:02.000","Computer":"TN-FIN-WS042","User":"TRANSNORTE\\backup_svc","EventID":1,"Image":"C:\\Program Files\\Google\\Chrome\\Application\\chrome.exe","ProcessGuid":"{68402580-1E94-2026-9891-B950643C6FC2}","ProcessId":4986,"CommandLine":"C:\\Program Files\\Google\\Chrome\\Application\\chrome.exe","ParentImage":"C:\\Windows\\System32\\services.exe","ParentProcessGuid":"{4D72903E-96DA-2026-0542-87C3A7C8A827}","OriginalFileName":"C:\\Program Files\\Google\\Chrome\\Application\\chrome.exe","SHA256":"d56eda60c34693da8c406b80da33712635d522bd97841bf776da76a880260bf9"}
{"UtcTime":"2026-08-12 10:34:03.000","Computer":"TN-FIN-WS042","User":"TRANSNORTE\\ops.cardoso","EventID":5,"Image":"C:\\Windows\\explorer.exe","ProcessGuid":"{85070988-FAF0-2026-7E9F-F08D8C85E527}","ProcessId":589,"EventType":"End"}
{"UtcTime":"2026-08-12 10:34:04.000","Computer":"TN-FIN-WS042","User":"TRANSNORTE\\backup_svc","EventID":3,"Image":"C:\\Windows\\System32\\RuntimeBroker.exe","ProcessGuid":"{5E5D180D-B5D1-2026-2175-1391EA9A1D05}","ProcessId":4977,"DestinationIp":"10.50.10.88","DestinationPort":135,"SourceIp":"10.50.10.42","Protocol":"tcp"}
{"UtcTime":"2026-08-12 10:34:05.000","Computer":"TN-FIN-WS042","User":"TRANSNORTE\\backup_svc","EventID":13,"Image":"C:\\Windows\\System32\\conhost.exe","ProcessGuid":"{4D677F53-B726-2026-25E4-3132446D1B93}","ProcessId":2573,"EventType":"SetValue","TargetObject":"HKCU\\Software\\Microsoft\\Office\\16.0\\Outlook\\Resiliency\\3245","Details":"1"}
{"UtcTime":"2026-08-12 10:34:06.000","Computer":"TN-FIN-WS042","User":"TRANSNORTE\\ops.cardoso","EventID":5,"Image":"C:\\Program Files\\Google\\Chrome\\Application\\chrome.exe","ProcessGuid":"{9C680605-39BD-2026-6400-F4ED2B90F9EB}","ProcessId":1454,"EventType":"End"}
{"UtcTime":"2026-08-12 10:34:07.000","Computer":"TN-FIN-WS042","User":"TRANSNORTE\\ops.cardoso","EventID":1,"Image":"C:\\Program Files\\Google\\Chrome\\Application\\chrome.exe","ProcessGuid":"{3BAA7C23-42F7-2026-969C-75A945AC73FB}","ProcessId":2220,"CommandLine":"C:\\Program Files\\Google\\Chrome\\Application\\chrome.exe","ParentImage":"C:\\Windows\\System32\\services.exe","ParentProcessGuid":"{3A5D2F6E-DF19-2026-0D13-813BF7401D86}","OriginalFileName":"C:\\Program Files\\Google\\Chrome\\Application\\chrome.exe","SHA256":"18cc98885bfa828a8bcebc1f958d009258a0da665cdc9b07237477c4d20de9bc"}
{"UtcTime":"2026-08-12 10:34:08.000","Computer":"TN-FIN-WS042","User":"TRANSNORTE\\backup_svc","EventID":1,"Image":"C:\\Windows\\System32\\svchost.exe","ProcessGuid":"{B40FC886-6B9E-2026-5F92-EE5ED88E2882}","ProcessId":8795,"CommandLine":"C:\\Windows\\System32\\svchost.exe","ParentImage":"C:\\Windows\\System32\\services.exe","ParentProcessGuid":"{EC95B0DE-4343-2026-E8CE-7C1D96BC006C}","OriginalFileName":"C:\\Windows\\System32\\svchost.exe","SHA256":"a8de5f90873102b87a5f31e2824f8fef24f2a400fc2fc727da65ca6abd4229bb"}
{"UtcTime":"2026-08-12 10:34:09.000","Computer":"TN-FIN-WS042","User":"TRANSNORTE\\ops.cardoso","EventID":13,"Image":"C:\\Windows\\System32\\RuntimeBroker.exe","ProcessGuid":"{DDA1B912-D404-2026-BB0C-4A56AF5CC525}","ProcessId":6930,"EventType":"SetValue","TargetObject":"HKCU\\Software\\Microsoft\\Office\\16.0\\Outlook\\Resiliency\\3249","Details":"1"}
{"UtcTime":"2026-08-12 10:34:10.000","Computer":"TN-FIN-WS042","User":"TRANSNORTE\\backup_svc","EventID":1,"Image":"C:\\Program Files\\Google\\Chrome\\Application\\chrome.exe","ProcessGuid":"{78ABBCFC-3BDC-2026-5284-1F08955C4439}","ProcessId":1726,"CommandLine":"C:\\Program Files\\Google\\Chrome\\Application\\chrome.exe","ParentImage":"C:\\Windows\\System32\\services.exe","ParentProcessGuid":"{6612F9B7-3E39-2026-4547-AC0E640DE29F}","OriginalFileName":"C:\\Program Files\\Google\\Chrome\\Application\\chrome.exe","SHA256":"b45ad105f24be68df9f9ad1d0b2784928ba725c4a96b04750f3aaaebe2e933e7"}
{"UtcTime":"2026-08-12 10:34:11.000","Computer":"TN-FIN-WS042","User":"TRANSNORTE\\backup_svc","EventID":1,"Image":"C:\\Windows\\System32\\conhost.exe","ProcessGuid":"{77B59DB3-85FA-2026-922E-7231CBFD6B0F}","ProcessId":7894,"CommandLine":"C:\\Windows\\System32\\conhost.exe","ParentImage":"C:\\Windows\\System32\\services.exe","ParentProcessGuid":"{F1893723-0270-2026-984E-8C6D89F19FAA}","OriginalFileName":"C:\\Windows\\System32\\conhost.exe","SHA256":"f5f71a8f2ec0d96d701bef9294c6594b4b57533758ccd0b241648039a7ec038d"}
{"UtcTime":"2026-08-12 10:34:12.000","Computer":"TN-FIN-WS042","User":"TRANSNORTE\\ops.cardoso","EventID":1,"Image":"C:\\Windows\\System32\\RuntimeBroker.exe","ProcessGuid":"{59E48C27-99EF-2026-4976-3C3EF6A9523D}","ProcessId":3546,"CommandLine":"C:\\Windows\\System32\\RuntimeBroker.exe","ParentImage":"C:\\Windows\\System32\\services.exe","ParentProcessGuid":"{67C574E7-47A3-2026-FF41-88E18C59DCC5}","OriginalFileName":"C:\\Windows\\System32\\RuntimeBroker.exe","SHA256":"fed03b66449f9fec358115108f01e345d7e6c6a9619e5589671c7b2871cc005a"}
{"UtcTime":"2026-08-12 10:34:13.000","Computer":"TN-FIN-WS042","User":"TRANSNORTE\\backup_svc","EventID":5,"Image":"C:\\Windows\\System32\\RuntimeBroker.exe","ProcessGuid":"{E7A6EF46-8178-2026-D9B0-78D34B7E6489}","ProcessId":5898,"EventType":"End"}
{"UtcTime":"2026-08-12 10:34:14.000","Computer":"TN-FIN-WS042","User":"TRANSNORTE\\backup_svc","EventID":1,"Image":"C:\\Program Files\\Google\\Chrome\\Application\\chrome.exe","ProcessGuid":"{C0D753D6-4483-2026-3DFD-A284F940051B}","ProcessId":7620,"CommandLine":"C:\\Program Files\\Google\\Chrome\\Application\\chrome.exe","ParentImage":"C:\\Windows\\System32\\services.exe","ParentProcessGuid":"{FCC619B0-9266-2026-6C3C-8CABF667B6C1}","OriginalFileName":"C:\\Program Files\\Google\\Chrome\\Application\\chrome.exe","SHA256":"cf22a187c768b5f198a283f6bd8ba4a6e8df1301d495e7ed7d6171ff88dc7a2b"}
{"UtcTime":"2026-08-12 10:34:15.000","Computer":"TN-FIN-WS042","User":"TRANSNORTE\\ops.cardoso","EventID":5,"Image":"C:\\Windows\\System32\\RuntimeBroker.exe","ProcessGuid":"{4D8C5E9A-3442-2026-CAF3-53BD5952B7E2}","ProcessId":404,"EventType":"End"}
{"UtcTime":"2026-08-12 10:34:16.000","Computer":"TN-FIN-WS042","User":"TRANSNORTE\\backup_svc","EventID":3,"Image":"C:\\Windows\\explorer.exe","ProcessGuid":"{1BD04E3D-E8CB-2026-A271-8756DE2F7035}","ProcessId":3763,"DestinationIp":"10.50.10.10","DestinationPort":443,"SourceIp":"10.50.10.42","Protocol":"tcp"}
