{"UtcTime":"2026-08-12 10:24:13.000","Computer":"TN-FIN-WS042","User":"TRANSNORTE\\backup_svc","EventID":11,"Image":"C:\\Program Files\\Microsoft Office\\Office16\\OUTLOOK.EXE","ProcessGuid":"{CF788050-BE57-2026-F04D-77FB0D16EAF3}","ProcessId":7809,"TargetFilename":"C:\\Users\\ops.cardoso\\AppData\\Local\\Temp\\office-2653.tmp"}
{"UtcTime":"2026-08-12 10:24:14.000","Computer":"TN-FIN-WS042","User":"TRANSNORTE\\backup_svc","EventID":3,"Image":"C:\\Windows\\explorer.exe","ProcessGuid":"{7FEFA217-773C-2026-7AB6-D4EF45382A30}","ProcessId":4061,"DestinationIp":"10.50.10.88","DestinationPort":8080,"SourceIp":"10.50.10.42","Protocol":"tcp"}
{"UtcTime":"2026-08-12 10:24:15.000","Computer":"TN-FIN-WS042","User":"TRANSNORTE\\backup_svc","EventID":11,"Image":"C:\\Windows\\System32\\conhost.exe","ProcessGuid":"{4993E81B-672B-2026-B35C-47D309E391F6}","ProcessId":2490,"TargetFilename":"C:\\Users\\ops.cardoso\\AppData\\Local\\Temp\\office-2655.tmp"}
{"UtcTime":"2026-08-12 10:24:16.000","Computer":"TN-FIN-WS042","User":"TRANSNORTE\\backup_svc","EventID":5,"Image":"C:\\Windows\\System32\\RuntimeBroker.exe","ProcessGuid":"{EED2130A-F786-2026-BEA7-FC2DDD91668D}","ProcessId":8804,"EventType":"End"}
{"UtcTime":"2026-08-12 10:24:17.000","Computer":"TN-FIN-WS042","User":"TRANSNORTE\\backup_svc","EventID":1,"Image":"C:\\Program Files\\Microsoft Office\\Office16\\OUTLOOK.EXE","ProcessGuid":"{FF5F3A44-2002-2026-57C4-289028170067}","ProcessId":5403,"CommandLine":"C:\\Program Files\\Microsoft Office\\Office16\\OUTLOOK.EXE","ParentImage":"C:\\Windows\\System32\\services.exe","ParentProcessGuid":"{19472909-992E-2026-07CF-4B05AF8E0772}","OriginalFileName":"C:\\Program Files\\Microsoft Office\\Office16\\OUTLOOK.EXE","SHA256":"41ba6075cd1f0863c9e2334eb87eff6f9e19103cf30f459a2e9a8b913f11cc8b"}
{"UtcTime":"2026-08-12 10:24:18.000","Computer":"TN-FIN-WS042","User":"TRANSNORTE\\backup_svc","EventID":3,"Image":"C:\\Windows\\explorer.exe","ProcessGuid":"{230FBAD1-8656-2026-F7EA-BA4C23AB0675}","ProcessId":6834,"DestinationIp":"10.50.10.10","DestinationPort":8080,"SourceIp":"10.50.10.42","Protocol":"tcp"}
{"UtcTime":"2026-08-12 10:24:19.000","Computer":"TN-FIN-WS042","User":"TRANSNORTE\\backup_svc","EventID":5,"Image":"C:\\Windows\\System32\\conhost.exe","ProcessGuid":"{718111DC-59B1-2026-116C-EB5D4F755F99}","ProcessId":2421,"EventType":"End"}
{"UtcTime":"2026-08-12 10:24:20.000","Computer":"TN-FIN-WS042","User":"TRANSNORTE\\ops.cardoso","EventID":13,"Image":"C:\\Windows\\System32\\conhost.exe","ProcessGuid":"{C9F7F05B-56A5-2026-5D90-5260DAD214AF}","ProcessId":5740,"EventType":"SetValue","TargetObject":"HKCU\\Software\\Microsoft\\Office\\16.0\\Outlook\\Resiliency\\2660","Details":"1"}
{"UtcTime":"2026-08-12 10:24:21.000","Computer":"TN-FIN-WS042","User":"TRANSNORTE\\backup_svc","EventID":1,"Image":"C:\\Program Files\\Microsoft Office\\Office16\\OUTLOOK.EXE","ProcessGuid":"{27956B02-4627-2026-F9B0-4AEBEE5CAF2D}","ProcessId":7991,"CommandLine":"C:\\Program Files\\Microsoft Office\\Office16\\OUTLOOK.EXE","ParentImage":"C:\\Windows\\System32\\services.exe","ParentProcessGuid":"{065C5717-C450-2026-EEB6-B34E6DC67DE8}","OriginalFileName":"C:\\Program Files\\Microsoft Office\\Office16\\OUTLOOK.EXE","SHA256":"ae14cc1c43d6099866eef2676fdd1f6778d6284eb0e9dd0ac0da4756eea2f880"}
{"UtcTime":"2026-08-12 10:24:22.000","Computer":"TN-FIN-WS042","User":"TRANSNORTE\\ops.cardoso","EventID":1,"Image":"C:\\Program Files\\Microsoft Office\\Office16\\OUTLOOK.EXE","ProcessGuid":"{411536B7-3F8C-2026-7ECA-46704638C50C}","ProcessId":3048,"CommandLine":"C:\\Program Files\\Microsoft Office\\Office16\\OUTLOOK.EXE","ParentImage":"C:\\Windows\\System32\\services.exe","ParentProcessGuid":"{5A0DDD35-6ED3-2026-773D-969B5A6459E4}","OriginalFileName":"C:\\Program Files\\Microsoft Office\\Office16\\OUTLOOK.EXE","SHA256":"72769a3bb17c0cdc144d397f148af775484e66fecc56262ed69726d3fe4359db"}
{"UtcTime":"2026-08-12 10:24:23.000","Computer":"TN-FIN-WS042","User":"TRANSNORTE\\backup_svc","EventID":3,"Image":"C:\\Windows\\System32\\svchost.exe","ProcessGuid":"{9A722545-AFEC-2026-4A3B-02E4572A1191}","ProcessId":8406,"DestinationIp":"10.50.10.10","DestinationPort":8080,"SourceIp":"10.50.10.42","Protocol":"tcp"}
{"UtcTime":"2026-08-12 10:24:24.000","Computer":"TN-FIN-WS042","User":"TRANSNORTE\\backup_svc","EventID":1,"Image":"C:\\Windows\\System32\\svchost.exe","ProcessGuid":"{7742EEBD-1458-2026-F0AF-C4EB67B4967E}","ProcessId":1081,"CommandLine":"C:\\Windows\\System32\\svchost.exe","ParentImage":"C:\\Windows\\System32\\services.exe","ParentProcessGuid":"{A776DD85-1D15-2026-26DC-B038B8F17015}","OriginalFileName":"C:\\Windows\\System32\\svchost.exe","SHA256":"78ea093eeefa39662fe0eddab038f85ec887863f58ca5dc7548e853973ef8ccf"}
{"UtcTime":"2026-08-12 10:24:25.000","Computer":"TN-FIN-WS042","User":"TRANSNORTE\\backup_svc","EventID":1,"Image":"C:\\Windows\\explorer.exe","ProcessGuid":"{60BE5C07-2B7D-2026-1E76-4A1BFC4CE995}","ProcessId":5704,"CommandLine":"C:\\Windows\\explorer.exe","ParentImage":"C:\\Windows\\System32\\services.exe","ParentProcessGuid":"{522DE1CA-2F5E-2026-CE71-3167696ED19D}","OriginalFileName":"C:\\Windows\\explorer.exe","SHA256":"c5a4095ed2533eff1e023cc18c9b5b7cfec2fdf45ed948b448f07fd292582c60"}
{"UtcTime":"2026-08-12 10:24:26.000","Computer":"TN-FIN-WS042","User":"TRANSNORTE\\ops.cardoso","EventID":11,"Image":"C:\\Windows\\System32\\conhost.exe","ProcessGuid":"{9891FC17-F32A-2026-4698-12C24898CE26}","ProcessId":4392,"TargetFilename":"C:\\Users\\ops.cardoso\\AppData\\Local\\Temp\\office-2666.tmp"}
{"UtcTime":"2026-08-12 10:24:27.000","Computer":"TN-FIN-WS042","User":"TRANSNORTE\\ops.cardoso","EventID":1,"Image":"C:\\Program Files\\Microsoft Office\\Office16\\OUTLOOK.EXE","ProcessGuid":"{16D91BDA-AF22-2026-220F-571C418D0EA5}","ProcessId":4296,"CommandLine":"C:\\Program Files\\Microsoft Office\\Office16\\OUTLOOK.EXE","ParentImage":"C:\\Windows\\System32\\services.exe","ParentProcessGuid":"{6D64BFAA-AD98-2026-6FB8-C0C706D77B28}","OriginalFileName":"C:\\Program Files\\Microsoft Office\\Office16\\OUTLOOK.EXE","SHA256":"8458a000a6b6f029802937210d1d66e4f1ab4df7fbe061f7fc9094e8ad6d1a02"}
{"UtcTime":"2026-08-12 10:24:28.000","Computer":"TN-FIN-WS042","User":"TRANSNORTE\\backup_svc","EventID":13,"Image":"C:\\Program Files\\Microsoft Office\\Office16\\OUTLOOK.EXE","ProcessGuid":"{85B55C86-5DC2-2026-D103-D88374168609}","ProcessId":3068,"EventType":"SetValue","TargetObject":"HKCU\\Software\\Microsoft\\Office\\16.0\\Outlook\\Resiliency\\2668","Details":"1"}
{"UtcTime":"2026-08-12 10:24:29.000","Computer":"TN-FIN-WS042","User":"TRANSNORTE\\backup_svc","EventID":1,"Image":"C:\\Program Files\\Google\\Chrome\\Application\\chrome.exe","ProcessGuid":"{D092426E-1DC3-2026-1C9A-05FE4544DBE0}","ProcessId":6425,"CommandLine":"C:\\Program Files\\Google\\Chrome\\Application\\chrome.exe","ParentImage":"C:\\Windows\\System32\\services.exe","ParentProcessGuid":"{5652B7A5-5926-2026-64EE-C565DB0B4880}","OriginalFileName":"C:\\Program Files\\Google\\Chrome\\Application\\chrome.exe","SHA256":"48e1b071817b50bb0d30351dbcd05ba52a8ee01c17693451ae0d3b04b3783d33"}
{"UtcTime":"2026-08-12 10:24:30.000","Computer":"TN-FIN-WS042","User":"TRANSNORTE\\backup_svc","EventID":11,"Image":"C:\\Windows\\System32\\conhost.exe","ProcessGuid":"{2D463638-3840-2026-0941-AE1641A4369A}","ProcessId":4844,"TargetFilename":"C:\\Users\\ops.cardoso\\AppData\\Local\\Temp\\office-2670.tmp"}
{"UtcTime":"2026-08-12 10:24:31.000","Computer":"TN-FIN-WS042","User":"TRANSNORTE\\backup_svc","EventID":13,"Image":"C:\\Windows\\explorer.exe","ProcessGuid":"{BBCE1C25-C10E-2026-EB6B-4DC673CCC395}","ProcessId":8368,"EventType":"SetValue","TargetObject":"HKCU\\Software\\Microsoft\\Office\\16.0\\Outlook\\Resiliency\\2671","Details":"1"}
{"UtcTime":"2026-08-12 10:24:32.000","Computer":"TN-FIN-WS042","User":"TRANSNORTE\\ops.cardoso","EventID":13,"Image":"C:\\Windows\\System32\\conhost.exe","ProcessGuid":"{BFF3DDDC-ECFA-2026-0744-D465B2EF39F4}","ProcessId":4405,"EventType":"SetValue","TargetObject":"HKCU\\Software\\Microsoft\\Office\\16.0\\Outlook\\Resiliency\\2672","Details":"1"}
{"UtcTime":"2026-08-12 10:24:33.000","Computer":"TN-FIN-WS042","User":"TRANSNORTE\\ops.cardoso","EventID":13,"Image":"C:\\Windows\\explorer.exe","ProcessGuid":"{4B77F9EE-B353-2026-DE8C-08C349983805}","ProcessId":8425,"EventType":"SetValue","TargetObject":"HKCU\\Software\\Microsoft\\Office\\16.0\\Outlook\\Resiliency\\2673","Details":"1"}
{"UtcTime":"2026-08-12 10:24:34.000","Computer":"TN-FIN-WS042","User":"TRANSNORTE\\backup_svc","EventID":13,"Image":"C:\\Program Files\\Google\\Chrome\\Application\\chrome.exe","ProcessGuid":"{E95357FD-8952-2026-8527-628A46E8734E}","ProcessId":4765,"EventType":"SetValue","TargetObject":"HKCU\\Software\\Microsoft\\Office\\16.0\\Outlook\\Resiliency\\2674","Details":"1"}
{"UtcTime":"2026-08-12 10:24:35.000","Computer":"TN-FIN-WS042","User":"TRANSNORTE\\backup_svc","EventID":3,"Image":"C:\\Program Files\\Google\\Chrome\\Application\\chrome.exe","ProcessGuid":"{5C723FAD-B419-2026-A635-6709B1D7ECEB}","ProcessId":668,"DestinationIp":"10.50.10.10","DestinationPort":135,"SourceIp":"10.50.10.42","Protocol":"tcp"}
{"UtcTime":"2026-08-12 10:24:36.000","Computer":"TN-FIN-WS042","User":"TRANSNORTE\\backup_svc","EventID":3,"Image":"C:\\Windows\\System32\\RuntimeBroker.exe","ProcessGuid":"{77A94C50-C336-2026-7339-548AAFC79D4C}","ProcessId":7208,"DestinationIp":"10.50.10.10","DestinationPort":53,"SourceIp":"10.50.10.42","Protocol":"tcp"}
{"UtcTime":"2026-08-12 10:24:37.000","Computer":"TN-FIN-WS042","User":"TRANSNORTE\\ops.cardoso","EventID":1,"Image":"C:\\Windows\\System32\\svchost.exe","ProcessGuid":"{03F92A55-948B-2026-7CB3-56B277B1F014}","ProcessId":6653,"CommandLine":"C:\\Windows\\System32\\svchost.exe","ParentImage":"C:\\Windows\\System32\\services.exe","ParentProcessGuid":"{391BFD0E-CA76-2026-C9B6-C4E98949B419}","OriginalFileName":"C:\\Windows\\System32\\svchost.exe","SHA256":"279eb5d2e3931b4cd2cb624bb2f01c5f90fd351877e1f596ef18eb61ed862192"}
{"UtcTime":"2026-08-12 10:24:38.000","Computer":"TN-FIN-WS042","User":"TRANSNORTE\\ops.cardoso","EventID":13,"Image":"C:\\Program Files\\Microsoft Office\\Office16\\OUTLOOK.EXE","ProcessGuid":"{5615BF8A-D12D-2026-B6B8-1A9A3CCD38CC}","ProcessId":6401,"EventType":"SetValue","TargetObject":"HKCU\\Software\\Microsoft\\Office\\16.0\\Outlook\\Resiliency\\2678","Details":"1"}
{"UtcTime":"2026-08-12 10:24:39.000","Computer":"TN-FIN-WS042","User":"TRANSNORTE\\ops.cardoso","EventID":1,"Image":"C:\\Program Files\\Microsoft Office\\Office16\\OUTLOOK.EXE","ProcessGuid":"{1A59B899-C389-2026-D6C1-9BD7C8975A59}","ProcessId":3330,"CommandLine":"C:\\Program Files\\Microsoft Office\\Office16\\OUTLOOK.EXE","ParentImage":"C:\\Windows\\System32\\services.exe","ParentProcessGuid":"{D1E3631B-F00F-2026-9CE2-791D76C04EB8}","OriginalFileName":"C:\\Program Files\\Microsoft Office\\Office16\\OUTLOOK.EXE","SHA256":"5626d1ede122856c29209eaccba432e12e7bb3e3d239346ae68f55a92559bf86"}
{"UtcTime":"2026-08-12 10:24:40.000","Computer":"TN-FIN-WS042","User":"TRANSNORTE\\ops.cardoso","EventID":1,"Image":"C:\\Windows\\System32\\conhost.exe","ProcessGuid":"{DF819D2B-5FEB-2026-1B9B-98FA4EC39D96}","ProcessId":7321,"CommandLine":"C:\\Windows\\System32\\conhost.exe","ParentImage":"C:\\Windows\\System32\\services.exe","ParentProcessGuid":"{67904617-1A98-2026-CD5B-256EEF72977F}","OriginalFileName":"C:\\Windows\\System32\\conhost.exe","SHA256":"f79d64b9c12af44b63976813fe2a73cfe1060f8b2ee170452841789a90fc63d7"}
{"UtcTime":"2026-08-12 10:24:41.000","Computer":"TN-FIN-WS042","User":"TRANSNORTE\\ops.cardoso","EventID":13,"Image":"C:\\Windows\\System32\\svchost.exe","ProcessGuid":"{D3ECFA70-8CD4-2026-DA63-9CC088028A4D}","ProcessId":7529,"EventType":"SetValue","TargetObject":"HKCU\\Software\\Microsoft\\Office\\16.0\\Outlook\\Resiliency\\2681","Details":"1"}
{"UtcTime":"2026-08-12 10:24:42.000","Computer":"TN-FIN-WS042","User":"TRANSNORTE\\backup_svc","EventID":5,"Image":"C:\\Program Files\\Microsoft Office\\Office16\\OUTLOOK.EXE","ProcessGuid":"{0F72DB4A-EDB0-2026-9F56-5E9E8AA6CCB3}","ProcessId":7119,"EventType":"End"}
{"UtcTime":"2026-08-12 10:24:43.000","Computer":"TN-FIN-WS042","User":"TRANSNORTE\\backup_svc","EventID":1,"Image":"C:\\Program Files\\Microsoft Office\\Office16\\OUTLOOK.EXE","ProcessGuid":"{212F7905-5A4F-2026-9EEF-29B56233E7E5}","ProcessId":8360,"CommandLine":"C:\\Program Files\\Microsoft Office\\Office16\\OUTLOOK.EXE","ParentImage":"C:\\Windows\\System32\\services.exe","ParentProcessGuid":"{FF650F7A-7101-2026-4ADA-1A6A86D1A29A}","OriginalFileName":"C:\\Program Files\\Microsoft Office\\Office16\\OUTLOOK.EXE","SHA256":"9f08e3747cc4273464abe5840aba86d8afb3a70727d26d8b2b26cf94bd813407"}
{"UtcTime":"2026-08-12 10:24:44.000","Computer":"TN-FIN-WS042","User":"TRANSNORTE\\backup_svc","EventID":3,"Image":"C:\\Program Files\\Microsoft Office\\Office16\\OUTLOOK.EXE","ProcessGuid":"{BA9CE6A5-FAB1-2026-BCF1-359BBECBA3AD}","ProcessId":8723,"DestinationIp":"8.8.8.8","DestinationPort":53,"SourceIp":"10.50.10.42","Protocol":"tcp"}
{"UtcTime":"2026-08-12 10:24:45.000","Computer":"TN-FIN-WS042","User":"TRANSNORTE\\backup_svc","EventID":1,"Image":"C:\\Windows\\System32\\RuntimeBroker.exe","ProcessGuid":"{577FAC45-6BD3-2026-D587-A28E68A31E0F}","ProcessId":7405,"CommandLine":"C:\\Windows\\System32\\RuntimeBroker.exe","ParentImage":"C:\\Windows\\System32\\services.exe","ParentProcessGuid":"{ECE4DB1A-6FDB-2026-56A6-E1630F712A6D}","OriginalFileName":"C:\\Windows\\System32\\RuntimeBroker.exe","SHA256":"655ff4189781db26562355353004ce57478ad95e6db9de9e689dba678a3285a5"}
{"UtcTime":"2026-08-12 10:24:46.000","Computer":"TN-FIN-WS042","User":"TRANSNORTE\\ops.cardoso","EventID":1,"Image":"C:\\Windows\\System32\\svchost.exe","ProcessGuid":"{EFF340CC-57D3-2026-172C-2296D4BF8A0A}","ProcessId":4075,"CommandLine":"C:\\Windows\\System32\\svchost.exe","ParentImage":"C:\\Windows\\System32\\services.exe","ParentProcessGuid":"{51C172F4-53E6-2026-1D36-3F88A9EC7500}","OriginalFileName":"C:\\Windows\\System32\\svchost.exe","SHA256":"e7a86df79395a553cfbe536e13817f6b4e156ced79a0ea4074e90ed47625fc47"}
{"UtcTime":"2026-08-12 10:24:47.000","Computer":"TN-FIN-WS042","User":"TRANSNORTE\\backup_svc","EventID":11,"Image":"C:\\Program Files\\Microsoft Office\\Office16\\OUTLOOK.EXE","ProcessGuid":"{204B6B99-4732-2026-DF06-AF4C9D2F5ADA}","ProcessId":5654,"TargetFilename":"C:\\Users\\ops.cardoso\\AppData\\Local\\Temp\\office-2687.tmp"}
{"UtcTime":"2026-08-12 10:24:48.000","Computer":"TN-FIN-WS042","User":"TRANSNORTE\\ops.cardoso","EventID":3,"Image":"C:\\Windows\\System32\\RuntimeBroker.exe","ProcessGuid":"{3C8F48C8-04F1-2026-DF14-03411CE7BCB8}","ProcessId":4261,"DestinationIp":"1.1.1.1","DestinationPort":135,"SourceIp":"10.50.10.42","Protocol":"tcp"}
{"UtcTime":"2026-08-12 10:24:49.000","Computer":"TN-FIN-WS042","User":"TRANSNORTE\\backup_svc","EventID":11,"Image":"C:\\Program Files\\Google\\Chrome\\Application\\chrome.exe","ProcessGuid":"{B6C553E6-D135-2026-196B-9816DE3728C8}","ProcessId":1330,"TargetFilename":"C:\\Users\\ops.cardoso\\AppData\\Local\\Temp\\office-2689.tmp"}
{"UtcTime":"2026-08-12 10:24:50.000","Computer":"TN-FIN-WS042","User":"TRANSNORTE\\backup_svc","EventID":3,"Image":"C:\\Program Files\\Microsoft Office\\Office16\\OUTLOOK.EXE","ProcessGuid":"{E1C83884-4673-2026-8396-3458D47A2860}","ProcessId":6059,"DestinationIp":"1.1.1.1","DestinationPort":135,"SourceIp":"10.50.10.42","Protocol":"tcp"}
{"UtcTime":"2026-08-12 10:24:51.000","Computer":"TN-FIN-WS042","User":"TRANSNORTE\\backup_svc","EventID":3,"Image":"C:\\Program Files\\Microsoft Office\\Office16\\OUTLOOK.EXE","ProcessGuid":"{0D5AF973-51D8-2026-65D5-6684F7601A02}","ProcessId":6634,"DestinationIp":"1.1.1.1","DestinationPort":8080,"SourceIp":"10.50.10.42","Protocol":"tcp"}
{"UtcTime":"2026-08-12 10:24:52.000","Computer":"TN-FIN-WS042","User":"TRANSNORTE\\ops.cardoso","EventID":1,"Image":"C:\\Program Files\\Microsoft Office\\Office16\\OUTLOOK.EXE","ProcessGuid":"{0C1E2862-1E8A-2026-8DB6-F3CEDDC20E55}","ProcessId":5045,"CommandLine":"C:\\Program Files\\Microsoft Office\\Office16\\OUTLOOK.EXE","ParentImage":"C:\\Windows\\System32\\services.exe","ParentProcessGuid":"{C9FBA245-B772-2026-F49C-872AFEDCD4C2}","OriginalFileName":"C:\\Program Files\\Microsoft Office\\Office16\\OUTLOOK.EXE","SHA256":"64660150bcd1227090e869127ca10bc3bf4b53a8751db2adcdd68c454a10a8d8"}
{"UtcTime":"2026-08-12 10:24:53.000","Computer":"TN-FIN-WS042","User":"TRANSNORTE\\ops.cardoso","EventID":1,"Image":"C:\\Windows\\System32\\conhost.exe","ProcessGuid":"{06ABEE2A-B5E6-2026-7175-5CEBB4B44EB9}","ProcessId":2494,"CommandLine":"C:\\Windows\\System32\\conhost.exe","ParentImage":"C:\\Windows\\System32\\services.exe","ParentProcessGuid":"{45D848CA-7050-2026-26EC-7C15378E84B5}","OriginalFileName":"C:\\Windows\\System32\\conhost.exe","SHA256":"d94c5ea993629c2d3db7efc3342190775130341b6fb57428913fe3bc88d73ffd"}
{"UtcTime":"2026-08-12 10:24:54.000","Computer":"TN-FIN-WS042","User":"TRANSNORTE\\backup_svc","EventID":1,"Image":"C:\\Windows\\System32\\svchost.exe","ProcessGuid":"{827891D9-DF8A-2026-8E33-A3F3F5AA28F4}","ProcessId":556,"CommandLine":"C:\\Windows\\System32\\svchost.exe","ParentImage":"C:\\Windows\\System32\\services.exe","ParentProcessGuid":"{003584AF-97B1-2026-EFAE-424892718939}","OriginalFileName":"C:\\Windows\\System32\\svchost.exe","SHA256":"29a1d5de39928fe4668efdab44361bebdc571fdb7e47bd686e6902548d6d22a7"}
{"UtcTime":"2026-08-12 10:24:55.000","Computer":"TN-FIN-WS042","User":"TRANSNORTE\\backup_svc","EventID":13,"Image":"C:\\Program Files\\Google\\Chrome\\Application\\chrome.exe","ProcessGuid":"{50E1583C-9D66-2026-03F0-D0A2F2A4E490}","ProcessId":1167,"EventType":"SetValue","TargetObject":"HKCU\\Software\\Microsoft\\Office\\16.0\\Outlook\\Resiliency\\2695","Details":"1"}
{"UtcTime":"2026-08-12 10:24:56.000","Computer":"TN-FIN-WS042","User":"TRANSNORTE\\ops.cardoso","EventID":1,"Image":"C:\\Windows\\System32\\conhost.exe","ProcessGuid":"{2298807C-ADF5-2026-579A-D8B1DDFBDC51}","ProcessId":6633,"CommandLine":"C:\\Windows\\System32\\conhost.exe","ParentImage":"C:\\Windows\\System32\\services.exe","ParentProcessGuid":"{7F9C6CBE-D343-2026-B11C-7E803636A2C6}","OriginalFileName":"C:\\Windows\\System32\\conhost.exe","SHA256":"78ab79f47db8a74d28604873afa4898540955d275b54552c61c800159f23df2d"}
{"UtcTime":"2026-08-12 10:24:57.000","Computer":"TN-FIN-WS042","User":"TRANSNORTE\\backup_svc","EventID":11,"Image":"C:\\Windows\\System32\\RuntimeBroker.exe","ProcessGuid":"{6A487140-1006-2026-DCA9-353FCAC65B9C}","ProcessId":7750,"TargetFilename":"C:\\Users\\ops.cardoso\\AppData\\Local\\Temp\\office-2697.tmp"}
{"UtcTime":"2026-08-12 10:24:58.000","Computer":"TN-FIN-WS042","User":"TRANSNORTE\\ops.cardoso","EventID":11,"Image":"C:\\Windows\\System32\\RuntimeBroker.exe","ProcessGuid":"{8513F637-75AF-2026-49B8-F5AD0841BD4C}","ProcessId":523,"TargetFilename":"C:\\Users\\ops.cardoso\\AppData\\Local\\Temp\\office-2698.tmp"}
{"UtcTime":"2026-08-12 10:24:59.000","Computer":"TN-FIN-WS042","User":"TRANSNORTE\\backup_svc","EventID":3,"Image":"C:\\Windows\\explorer.exe","ProcessGuid":"{937F1176-B702-2026-0317-0B540108D754}","ProcessId":7842,"DestinationIp":"1.1.1.1","DestinationPort":53,"SourceIp":"10.50.10.42","Protocol":"tcp"}
{"UtcTime":"2026-08-12 10:25:00.000","Computer":"TN-FIN-WS042","User":"TRANSNORTE\\backup_svc","EventID":13,"Image":"C:\\Windows\\System32\\conhost.exe","ProcessGuid":"{210D6A9F-2CDF-2026-308F-C27834C11F9B}","ProcessId":3650,"EventType":"SetValue","TargetObject":"HKCU\\Software\\Microsoft\\Office\\16.0\\Outlook\\Resiliency\\2700","Details":"1"}
{"UtcTime":"2026-08-12 10:25:01.000","Computer":"TN-FIN-WS042","User":"TRANSNORTE\\backup_svc","EventID":3,"Image":"C:\\Windows\\System32\\svchost.exe","ProcessGuid":"{D40211C8-91F9-2026-13D8-76982222262D}","ProcessId":1880,"DestinationIp":"8.8.8.8","DestinationPort":135,"SourceIp":"10.50.10.42","Protocol":"tcp"}
{"UtcTime":"2026-08-12 10:25:02.000","Computer":"TN-FIN-WS042","User":"TRANSNORTE\\backup_svc","EventID":11,"Image":"C:\\Program Files\\Microsoft Office\\Office16\\OUTLOOK.EXE","ProcessGuid":"{2FBFD24D-75C3-2026-BE9C-2B6D86B4B7C4}","ProcessId":2555,"TargetFilename":"C:\\Users\\ops.cardoso\\AppData\\Local\\Temp\\office-2702.tmp"}
{"UtcTime":"2026-08-12 10:25:03.000","Computer":"TN-FIN-WS042","User":"TRANSNORTE\\ops.cardoso","EventID":11,"Image":"C:\\Windows\\explorer.exe","ProcessGuid":"{8B8CFE95-71ED-2026-E7D9-78C8255D2137}","ProcessId":5240,"TargetFilename":"C:\\Users\\ops.cardoso\\AppData\\Local\\Temp\\office-2703.tmp"}
{"UtcTime":"2026-08-12 10:25:04.000","Computer":"TN-FIN-WS042","User":"TRANSNORTE\\ops.cardoso","EventID":1,"Image":"C:\\Windows\\System32\\svchost.exe","ProcessGuid":"{9AA3D627-14FE-2026-E471-752515F9FB4F}","ProcessId":981,"CommandLine":"C:\\Windows\\System32\\svchost.exe","ParentImage":"C:\\Windows\\System32\\services.exe","ParentProcessGuid":"{C61C74AF-26B8-2026-7885-7CAFAD62A880}","OriginalFileName":"C:\\Windows\\System32\\svchost.exe","SHA256":"f0e9d5883e8c38d661b22e57d1a5f47f46e2e0f4c3832b8f300cd445fc230faf"}
{"UtcTime":"2026-08-12 10:25:05.000","Computer":"TN-FIN-WS042","User":"TRANSNORTE\\backup_svc","EventID":1,"Image":"C:\\Windows\\System32\\svchost.exe","ProcessGuid":"{ABFCDAB1-8D3F-2026-80FD-33653A44B927}","ProcessId":8354,"CommandLine":"C:\\Windows\\System32\\svchost.exe","ParentImage":"C:\\Windows\\System32\\services.exe","ParentProcessGuid":"{29DF2914-F1F1-2026-5804-6F1108119B4E}","OriginalFileName":"C:\\Windows\\System32\\svchost.exe","SHA256":"06d8b43ffd8e2a5db7554ce735b95579094cb22e94ec36fb04e7b31c54486f09"}
{"UtcTime":"2026-08-12 10:25:06.000","Computer":"TN-FIN-WS042","User":"TRANSNORTE\\backup_svc","EventID":1,"Image":"C:\\Program Files\\Google\\Chrome\\Application\\chrome.exe","ProcessGuid":"{23CBE853-23D4-2026-A30C-215B01E50134}","ProcessId":3628,"CommandLine":"C:\\Program Files\\Google\\Chrome\\Application\\chrome.exe","ParentImage":"C:\\Windows\\System32\\services.exe","ParentProcessGuid":"{07D4170A-BFAE-2026-EBDB-748F33F8ABFE}","OriginalFileName":"C:\\Program Files\\Google\\Chrome\\Application\\chrome.exe","SHA256":"df4100b586a97e2d72dbd9b8fdd233ddac47c73640e311a6541afc4a8425ec3e"}
{"UtcTime":"2026-08-12 10:25:07.000","Computer":"TN-FIN-WS042","User":"TRANSNORTE\\ops.cardoso","EventID":3,"Image":"C:\\Windows\\System32\\svchost.exe","ProcessGuid":"{EE132BB2-6F41-2026-D7FA-C6EF3BE90782}","ProcessId":1105,"DestinationIp":"8.8.8.8","DestinationPort":53,"SourceIp":"10.50.10.42","Protocol":"tcp"}
{"UtcTime":"2026-08-12 10:25:08.000","Computer":"TN-FIN-WS042","User":"TRANSNORTE\\backup_svc","EventID":1,"Image":"C:\\Windows\\System32\\svchost.exe","ProcessGuid":"{AE882E6A-ACF0-2026-02B0-8F4647609C8D}","ProcessId":656,"CommandLine":"C:\\Windows\\System32\\svchost.exe","ParentImage":"C:\\Windows\\System32\\services.exe","ParentProcessGuid":"{1DF6B615-BEDC-2026-27E0-DC3F1B7A44B8}","OriginalFileName":"C:\\Windows\\System32\\svchost.exe","SHA256":"4f6b1a3cdef6555e7f7ba973d50b16ec72d918fb8c6562a739ecf4f0c8f76d35"}
{"UtcTime":"2026-08-12 10:25:09.000","Computer":"TN-FIN-WS042","User":"TRANSNORTE\\backup_svc","EventID":1,"Image":"C:\\Program Files\\Google\\Chrome\\Application\\chrome.exe","ProcessGuid":"{A2DD4559-0AA0-2026-7533-C181003FC34B}","ProcessId":3345,"CommandLine":"C:\\Program Files\\Google\\Chrome\\Application\\chrome.exe","ParentImage":"C:\\Windows\\System32\\services.exe","ParentProcessGuid":"{7E38D30F-A6E4-2026-874F-E9C607138BE6}","OriginalFileName":"C:\\Program Files\\Google\\Chrome\\Application\\chrome.exe","SHA256":"ecf1dfdfb470feb332cd5a24face8e54f479bb42109af361b68f5bdd616202a1"}
{"UtcTime":"2026-08-12 10:25:10.000","Computer":"TN-FIN-WS042","User":"TRANSNORTE\\backup_svc","EventID":5,"Image":"C:\\Windows\\System32\\conhost.exe","ProcessGuid":"{85F1F0CC-11D3-2026-6A60-35203331E596}","ProcessId":1319,"EventType":"End"}
{"UtcTime":"2026-08-12 10:25:11.000","Computer":"TN-FIN-WS042","User":"TRANSNORTE\\backup_svc","EventID":1,"Image":"C:\\Windows\\System32\\svchost.exe","ProcessGuid":"{F39C583A-521C-2026-E741-D6CE1747570A}","ProcessId":2694,"CommandLine":"C:\\Windows\\System32\\svchost.exe","ParentImage":"C:\\Windows\\System32\\services.exe","ParentProcessGuid":"{C535F64D-D109-2026-C5AC-EFD01F01ABFF}","OriginalFileName":"C:\\Windows\\System32\\svchost.exe","SHA256":"34eb7f5a9b02703930c510e26bbfcf4b571072d402cd8e8d439d3f495b4f99b4"}
{"UtcTime":"2026-08-12 10:25:12.000","Computer":"TN-FIN-WS042","User":"TRANSNORTE\\backup_svc","EventID":13,"Image":"C:\\Windows\\System32\\conhost.exe","ProcessGuid":"{B8272D93-5B74-2026-9AB2-05EDF2A475B9}","ProcessId":1172,"EventType":"SetValue","TargetObject":"HKCU\\Software\\Microsoft\\Office\\16.0\\Outlook\\Resiliency\\2712","Details":"1"}
{"UtcTime":"2026-08-12 10:25:13.000","Computer":"TN-FIN-WS042","User":"TRANSNORTE\\backup_svc","EventID":5,"Image":"C:\\Windows\\System32\\conhost.exe","ProcessGuid":"{26E3EB16-3C8F-2026-17A3-7A41BEC6BB0F}","ProcessId":3966,"EventType":"End"}
{"UtcTime":"2026-08-12 10:25:14.000","Computer":"TN-FIN-WS042","User":"TRANSNORTE\\ops.cardoso","EventID":11,"Image":"C:\\Program Files\\Google\\Chrome\\Application\\chrome.exe","ProcessGuid":"{E9C469A8-BAB1-2026-05E6-8FD8A741117E}","ProcessId":648,"TargetFilename":"C:\\Users\\ops.cardoso\\AppData\\Local\\Temp\\office-2714.tmp"}
{"UtcTime":"2026-08-12 10:25:15.000","Computer":"TN-FIN-WS042","User":"TRANSNORTE\\backup_svc","EventID":5,"Image":"C:\\Program Files\\Microsoft Office\\Office16\\OUTLOOK.EXE","ProcessGuid":"{ACB918AA-6FD3-2026-BE1C-900B48EC6158}","ProcessId":2028,"EventType":"End"}
{"UtcTime":"2026-08-12 10:25:16.000","Computer":"TN-FIN-WS042","User":"TRANSNORTE\\backup_svc","EventID":11,"Image":"C:\\Windows\\System32\\conhost.exe","ProcessGuid":"{A30AF4A5-C384-2026-F638-15017D8A4774}","ProcessId":812,"TargetFilename":"C:\\Users\\ops.cardoso\\AppData\\Local\\Temp\\office-2716.tmp"}
{"UtcTime":"2026-08-12 10:25:17.000","Computer":"TN-FIN-WS042","User":"TRANSNORTE\\backup_svc","EventID":1,"Image":"C:\\Windows\\System32\\svchost.exe","ProcessGuid":"{3B860A67-5419-2026-CD36-AA31B3F8EFAE}","ProcessId":2957,"CommandLine":"C:\\Windows\\System32\\svchost.exe","ParentImage":"C:\\Windows\\System32\\services.exe","ParentProcessGuid":"{C6987522-2013-2026-9AAC-1E0A64A1EA29}","OriginalFileName":"C:\\Windows\\System32\\svchost.exe","SHA256":"32fca390df97a897c95a1dc2ecc322ef54a433930a277e7935ee557d57c1d197"}
{"UtcTime":"2026-08-12 10:25:18.000","Computer":"TN-FIN-WS042","User":"TRANSNORTE\\backup_svc","EventID":1,"Image":"C:\\Windows\\System32\\RuntimeBroker.exe","ProcessGuid":"{205D49DF-D6A3-2026-D9EE-3087209299B3}","ProcessId":8461,"CommandLine":"C:\\Windows\\System32\\RuntimeBroker.exe","ParentImage":"C:\\Windows\\System32\\services.exe","ParentProcessGuid":"{84D90B89-6D4B-2026-0C21-0FE55613DA03}","OriginalFileName":"C:\\Windows\\System32\\RuntimeBroker.exe","SHA256":"e3903b05e79d7d2ca4798fc0475103feac2466cc83ae8f652b2dc3a48ad50dd5"}
{"UtcTime":"2026-08-12 10:25:19.000","Computer":"TN-FIN-WS042","User":"TRANSNORTE\\backup_svc","EventID":13,"Image":"C:\\Program Files\\Google\\Chrome\\Application\\chrome.exe","ProcessGuid":"{F203E91C-13AC-2026-044C-5EB08C12F9BB}","ProcessId":5651,"EventType":"SetValue","TargetObject":"HKCU\\Software\\Microsoft\\Office\\16.0\\Outlook\\Resiliency\\2719","Details":"1"}
{"UtcTime":"2026-08-12 10:25:20.000","Computer":"TN-FIN-WS042","User":"TRANSNORTE\\ops.cardoso","EventID":3,"Image":"C:\\Program Files\\Microsoft Office\\Office16\\OUTLOOK.EXE","ProcessGuid":"{9C4DC4D6-D369-2026-5830-31287DC3AD83}","ProcessId":6324,"DestinationIp":"8.8.8.8","DestinationPort":443,"SourceIp":"10.50.10.42","Protocol":"tcp"}
{"UtcTime":"2026-08-12 10:25:21.000","Computer":"TN-FIN-WS042","User":"TRANSNORTE\\ops.cardoso","EventID":1,"Image":"C:\\Windows\\System32\\RuntimeBroker.exe","ProcessGuid":"{68C86E31-742A-2026-B111-D4D4423786BE}","ProcessId":7724,"CommandLine":"C:\\Windows\\System32\\RuntimeBroker.exe","ParentImage":"C:\\Windows\\System32\\services.exe","ParentProcessGuid":"{990E1872-0E3C-2026-AAAD-0600C8273257}","OriginalFileName":"C:\\Windows\\System32\\RuntimeBroker.exe","SHA256":"1a3b4b748ad6dea41c829649360bdf8a5e19650195b25df13fc989c5e76af1d5"}
{"UtcTime":"2026-08-12 10:25:22.000","Computer":"TN-FIN-WS042","User":"TRANSNORTE\\ops.cardoso","EventID":1,"Image":"C:\\Windows\\System32\\RuntimeBroker.exe","ProcessGuid":"{92A8E00E-E585-2026-E6BB-D6B9CC1757CB}","ProcessId":7436,"CommandLine":"C:\\Windows\\System32\\RuntimeBroker.exe","ParentImage":"C:\\Windows\\System32\\services.exe","ParentProcessGuid":"{ED57F5BE-8055-2026-82DC-0593229E81C3}","OriginalFileName":"C:\\Windows\\System32\\RuntimeBroker.exe","SHA256":"30811a663e5bd7a1f7cd8075a0626b6695b6f1902ae48b0b6693f26d91032741"}
{"UtcTime":"2026-08-12 10:25:23.000","Computer":"TN-FIN-WS042","User":"TRANSNORTE\\ops.cardoso","EventID":3,"Image":"C:\\Windows\\System32\\RuntimeBroker.exe","ProcessGuid":"{4E55A53F-CC27-2026-7EA7-696F26428CAD}","ProcessId":4199,"DestinationIp":"1.1.1.1","DestinationPort":443,"SourceIp":"10.50.10.42","Protocol":"tcp"}
{"UtcTime":"2026-08-12 10:25:24.000","Computer":"TN-FIN-WS042","User":"TRANSNORTE\\ops.cardoso","EventID":3,"Image":"C:\\Windows\\explorer.exe","ProcessGuid":"{1FC48F33-A4EE-2026-E288-9ED059FAA718}","ProcessId":8761,"DestinationIp":"10.50.10.88","DestinationPort":443,"SourceIp":"10.50.10.42","Protocol":"tcp"}
{"UtcTime":"2026-08-12 10:25:25.000","Computer":"TN-FIN-WS042","User":"TRANSNORTE\\ops.cardoso","EventID":13,"Image":"C:\\Windows\\explorer.exe","ProcessGuid":"{C45592A9-AD46-2026-531C-F4749E617E03}","ProcessId":1419,"EventType":"SetValue","TargetObject":"HKCU\\Software\\Microsoft\\Office\\16.0\\Outlook\\Resiliency\\2725","Details":"1"}
{"UtcTime":"2026-08-12 10:25:26.000","Computer":"TN-FIN-WS042","User":"TRANSNORTE\\backup_svc","EventID":1,"Image":"C:\\Program Files\\Google\\Chrome\\Application\\chrome.exe","ProcessGuid":"{1DD429BE-9AE7-2026-4851-1C1477A7DA05}","ProcessId":2551,"CommandLine":"C:\\Program Files\\Google\\Chrome\\Application\\chrome.exe","ParentImage":"C:\\Windows\\System32\\services.exe","ParentProcessGuid":"{8401837B-1152-2026-6469-E567300213C0}","OriginalFileName":"C:\\Program Files\\Google\\Chrome\\Application\\chrome.exe","SHA256":"4f60772d9a3672fe8c3aa4dfda226e197d9d5bd91698bd5ac512112e24615c8d"}
{"UtcTime":"2026-08-12 10:25:27.000","Computer":"TN-FIN-WS042","User":"TRANSNORTE\\ops.cardoso","EventID":1,"Image":"C:\\Windows\\System32\\conhost.exe","ProcessGuid":"{425F4917-03D0-2026-9EA4-477C0B708628}","ProcessId":3730,"CommandLine":"C:\\Windows\\System32\\conhost.exe","ParentImage":"C:\\Windows\\System32\\services.exe","ParentProcessGuid":"{05E03BEB-9CD5-2026-AAE6-071DAD3863BA}","OriginalFileName":"C:\\Windows\\System32\\conhost.exe","SHA256":"10caa4adfb92fda6d75872e4e659b7afab684f1ca25c76c1f14a0171e9e8234c"}
{"UtcTime":"2026-08-12 10:25:28.000","Computer":"TN-FIN-WS042","User":"TRANSNORTE\\backup_svc","EventID":11,"Image":"C:\\Windows\\explorer.exe","ProcessGuid":"{FBD48DA8-C2E9-2026-CA12-9BEDA04EED0A}","ProcessId":3156,"TargetFilename":"C:\\Users\\ops.cardoso\\AppData\\Local\\Temp\\office-2728.tmp"}
{"UtcTime":"2026-08-12 10:25:29.000","Computer":"TN-FIN-WS042","User":"TRANSNORTE\\backup_svc","EventID":1,"Image":"C:\\Windows\\explorer.exe","ProcessGuid":"{BD88F679-AD63-2026-0ADC-FFE6A8C33B08}","ProcessId":5873,"CommandLine":"C:\\Windows\\explorer.exe","ParentImage":"C:\\Windows\\System32\\services.exe","ParentProcessGuid":"{2BBAC1FD-AF7D-2026-7359-4547078F81CA}","OriginalFileName":"C:\\Windows\\explorer.exe","SHA256":"856421d94968bdbf5cff94a06a0a207c4a4aa54c9fda84102233c2732e15bc49"}
{"UtcTime":"2026-08-12 10:25:30.000","Computer":"TN-FIN-WS042","User":"TRANSNORTE\\ops.cardoso","EventID":11,"Image":"C:\\Program Files\\Google\\Chrome\\Application\\chrome.exe","ProcessGuid":"{BC35667D-F185-2026-56E4-45DFA4F900CD}","ProcessId":1058,"TargetFilename":"C:\\Users\\ops.cardoso\\AppData\\Local\\Temp\\office-2730.tmp"}
{"UtcTime":"2026-08-12 10:25:31.000","Computer":"TN-FIN-WS042","User":"TRANSNORTE\\ops.cardoso","EventID":11,"Image":"C:\\Program Files\\Microsoft Office\\Office16\\OUTLOOK.EXE","ProcessGuid":"{FF60DAE6-1F00-2026-EB5C-AE2537384260}","ProcessId":2874,"TargetFilename":"C:\\Users\\ops.cardoso\\AppData\\Local\\Temp\\office-2731.tmp"}
{"UtcTime":"2026-08-12 10:25:32.000","Computer":"TN-FIN-WS042","User":"TRANSNORTE\\backup_svc","EventID":1,"Image":"C:\\Windows\\System32\\svchost.exe","ProcessGuid":"{9302D06A-9A10-2026-CA41-939C3860CEB4}","ProcessId":4365,"CommandLine":"C:\\Windows\\System32\\svchost.exe","ParentImage":"C:\\Windows\\System32\\services.exe","ParentProcessGuid":"{2141E9CE-02B6-2026-6BD0-C3D000CB50B5}","OriginalFileName":"C:\\Windows\\System32\\svchost.exe","SHA256":"f67490ccc8a5b60d8da4614118c73179e87b1dc0d9c1b6ef43f1723f01d4fafd"}
{"UtcTime":"2026-08-12 10:25:33.000","Computer":"TN-FIN-WS042","User":"TRANSNORTE\\ops.cardoso","EventID":1,"Image":"C:\\Windows\\System32\\svchost.exe","ProcessGuid":"{A37C2126-2F93-2026-91F7-52FDAFED26FE}","ProcessId":5578,"CommandLine":"C:\\Windows\\System32\\svchost.exe","ParentImage":"C:\\Windows\\System32\\services.exe","ParentProcessGuid":"{5309E1F9-DD25-2026-133E-8028650B6BD2}","OriginalFileName":"C:\\Windows\\System32\\svchost.exe","SHA256":"0bee212eb597c4e572a5ff90280da2cdc4eeb2647610e4e51ef1e112250b95f0"}
{"UtcTime":"2026-08-12 10:25:34.000","Computer":"TN-FIN-WS042","User":"TRANSNORTE\\ops.cardoso","EventID":1,"Image":"C:\\Windows\\System32\\RuntimeBroker.exe","ProcessGuid":"{726DD43F-1DBD-2026-11BF-3DD318FC9D52}","ProcessId":8778,"CommandLine":"C:\\Windows\\System32\\RuntimeBroker.exe","ParentImage":"C:\\Windows\\System32\\services.exe","ParentProcessGuid":"{DBD35B57-2656-2026-86AC-35BE57BF261F}","OriginalFileName":"C:\\Windows\\System32\\RuntimeBroker.exe","SHA256":"b96f12d61fd69c1f4a74efbc4f7696e6e534a48a47917c0547e60969061c5ecf"}
{"UtcTime":"2026-08-12 10:25:35.000","Computer":"TN-FIN-WS042","User":"TRANSNORTE\\ops.cardoso","EventID":1,"Image":"C:\\Windows\\System32\\RuntimeBroker.exe","ProcessGuid":"{1703E743-3F48-2026-E26D-6556F2635D24}","ProcessId":523,"CommandLine":"C:\\Windows\\System32\\RuntimeBroker.exe","ParentImage":"C:\\Windows\\System32\\services.exe","ParentProcessGuid":"{D8AC82F3-A19D-2026-71FE-DE0C99796DF2}","OriginalFileName":"C:\\Windows\\System32\\RuntimeBroker.exe","SHA256":"362182dec67846e8cf92c603b692220965a6c33a04bbf9edb0b2a8cadc4bc1f5"}
{"UtcTime":"2026-08-12 10:25:36.000","Computer":"TN-FIN-WS042","User":"TRANSNORTE\\backup_svc","EventID":11,"Image":"C:\\Windows\\System32\\conhost.exe","ProcessGuid":"{4E94F72F-65EF-2026-8387-7F712ED1BB57}","ProcessId":3096,"TargetFilename":"C:\\Users\\ops.cardoso\\AppData\\Local\\Temp\\office-2736.tmp"}
{"UtcTime":"2026-08-12 10:25:37.000","Computer":"TN-FIN-WS042","User":"TRANSNORTE\\backup_svc","EventID":5,"Image":"C:\\Windows\\System32\\RuntimeBroker.exe","ProcessGuid":"{755F5F2E-9076-2026-0D5D-E20F96D0A13A}","ProcessId":5196,"EventType":"End"}
{"UtcTime":"2026-08-12 10:25:38.000","Computer":"TN-FIN-WS042","User":"TRANSNORTE\\ops.cardoso","EventID":5,"Image":"C:\\Windows\\System32\\conhost.exe","ProcessGuid":"{97EEE0D1-38B9-2026-61BE-7A5A59C82F95}","ProcessId":4847,"EventType":"End"}
{"UtcTime":"2026-08-12 10:25:39.000","Computer":"TN-FIN-WS042","User":"TRANSNORTE\\backup_svc","EventID":1,"Image":"C:\\Windows\\System32\\conhost.exe","ProcessGuid":"{28DC5FF6-B688-2026-2C5C-CADF17391C57}","ProcessId":1648,"CommandLine":"C:\\Windows\\System32\\conhost.exe","ParentImage":"C:\\Windows\\System32\\services.exe","ParentProcessGuid":"{D8C34658-6417-2026-7BF0-084B41BC2C87}","OriginalFileName":"C:\\Windows\\System32\\conhost.exe","SHA256":"88f5cae39995dcf7d0cceac5733614d58034e87b01e1ad5b7e24407011ffec73"}
{"UtcTime":"2026-08-12 10:25:40.000","Computer":"TN-FIN-WS042","User":"TRANSNORTE\\backup_svc","EventID":11,"Image":"C:\\Windows\\System32\\RuntimeBroker.exe","ProcessGuid":"{83E91330-6212-2026-54A4-5807EA68308C}","ProcessId":6439,"TargetFilename":"C:\\Users\\ops.cardoso\\AppData\\Local\\Temp\\office-2740.tmp"}
{"UtcTime":"2026-08-12 10:25:41.000","Computer":"TN-FIN-WS042","User":"TRANSNORTE\\ops.cardoso","EventID":1,"Image":"C:\\Windows\\System32\\RuntimeBroker.exe","ProcessGuid":"{8057160B-E50D-2026-4687-EB6FDD85F33E}","ProcessId":6282,"CommandLine":"C:\\Windows\\System32\\RuntimeBroker.exe","ParentImage":"C:\\Windows\\System32\\services.exe","ParentProcessGuid":"{ECDC3A5D-97DC-2026-5731-C556DB364050}","OriginalFileName":"C:\\Windows\\System32\\RuntimeBroker.exe","SHA256":"3260d300ba3ad903a8daf6ce80cde575b2936e4e4068396e5731f2f5c244579b"}
{"UtcTime":"2026-08-12 10:25:42.000","Computer":"TN-FIN-WS042","User":"TRANSNORTE\\backup_svc","EventID":1,"Image":"C:\\Windows\\System32\\svchost.exe","ProcessGuid":"{E42AAB64-5345-2026-6E95-4671BA55B748}","ProcessId":1518,"CommandLine":"C:\\Windows\\System32\\svchost.exe","ParentImage":"C:\\Windows\\System32\\services.exe","ParentProcessGuid":"{32FF2952-CF35-2026-B2A7-5FFE7E75DD5E}","OriginalFileName":"C:\\Windows\\System32\\svchost.exe","SHA256":"2df57ba3befa0c121fcbbd10025e1f528484550b18ac395afe084c1241c2f6b6"}
{"UtcTime":"2026-08-12 10:25:43.000","Computer":"TN-FIN-WS042","User":"TRANSNORTE\\backup_svc","EventID":1,"Image":"C:\\Windows\\System32\\RuntimeBroker.exe","ProcessGuid":"{8D8EB293-C86D-2026-C3C2-B1978D4B0859}","ProcessId":8573,"CommandLine":"C:\\Windows\\System32\\RuntimeBroker.exe","ParentImage":"C:\\Windows\\System32\\services.exe","ParentProcessGuid":"{1EAA28E4-65B3-2026-F631-5BA539F7BC46}","OriginalFileName":"C:\\Windows\\System32\\RuntimeBroker.exe","SHA256":"13941f3fc02a07db9941be1fa2aa57b1dba35269e9a70c08ff51ed68cab8b8ea"}
{"UtcTime":"2026-08-12 10:25:44.000","Computer":"TN-FIN-WS042","User":"TRANSNORTE\\ops.cardoso","EventID":1,"Image":"C:\\Windows\\System32\\svchost.exe","ProcessGuid":"{F49B29CF-12D1-2026-DB23-3F227CA3E6EB}","ProcessId":1263,"CommandLine":"C:\\Windows\\System32\\svchost.exe","ParentImage":"C:\\Windows\\System32\\services.exe","ParentProcessGuid":"{51694A15-862C-2026-CE25-EAAF007280D0}","OriginalFileName":"C:\\Windows\\System32\\svchost.exe","SHA256":"a0f87debc4e7dfc0c8bae0f4b27d2f7d3e21f931c0a554bfd32599fb1d07d044"}
{"UtcTime":"2026-08-12 10:25:45.000","Computer":"TN-FIN-WS042","User":"TRANSNORTE\\ops.cardoso","EventID":1,"Image":"C:\\Windows\\explorer.exe","ProcessGuid":"{7977DE26-52D9-2026-2581-CA9586714A55}","ProcessId":3760,"CommandLine":"C:\\Windows\\explorer.exe","ParentImage":"C:\\Windows\\System32\\services.exe","ParentProcessGuid":"{DBEB0165-0941-2026-2B05-EA6D64AA7537}","OriginalFileName":"C:\\Windows\\explorer.exe","SHA256":"45e96b6ce75ed2b800d594c3d7d3461b8543391872f274362d5bd8d5cc9bcf4d"}
{"UtcTime":"2026-08-12 10:25:46.000","Computer":"TN-FIN-WS042","User":"TRANSNORTE\\backup_svc","EventID":3,"Image":"C:\\Windows\\System32\\RuntimeBroker.exe","ProcessGuid":"{C2930501-B97B-2026-527F-FD3F28F07850}","ProcessId":7641,"DestinationIp":"8.8.8.8","DestinationPort":8080,"SourceIp":"10.50.10.42","Protocol":"tcp"}
{"UtcTime":"2026-08-12 10:25:47.000","Computer":"TN-FIN-WS042","User":"TRANSNORTE\\backup_svc","EventID":11,"Image":"C:\\Windows\\explorer.exe","ProcessGuid":"{E3ADEFEA-6F60-2026-2A08-D070D983511A}","ProcessId":8855,"TargetFilename":"C:\\Users\\ops.cardoso\\AppData\\Local\\Temp\\office-2747.tmp"}
{"UtcTime":"2026-08-12 10:25:48.000","Computer":"TN-FIN-WS042","User":"TRANSNORTE\\backup_svc","EventID":1,"Image":"C:\\Windows\\System32\\conhost.exe","ProcessGuid":"{0F60233E-0395-2026-FCD5-181D677B186F}","ProcessId":2397,"CommandLine":"C:\\Windows\\System32\\conhost.exe","ParentImage":"C:\\Windows\\System32\\services.exe","ParentProcessGuid":"{F58A2407-67A1-2026-5496-1D3878490C69}","OriginalFileName":"C:\\Windows\\System32\\conhost.exe","SHA256":"1abbc266d302a0ff7a15653674c9e61a7c2cd20a21d33e881d3c59dccce01bfe"}
{"UtcTime":"2026-08-12 10:25:49.000","Computer":"TN-FIN-WS042","User":"TRANSNORTE\\backup_svc","EventID":1,"Image":"C:\\Windows\\System32\\svchost.exe","ProcessGuid":"{E42A0EA0-8251-2026-93E9-911A5C4ED22E}","ProcessId":8844,"CommandLine":"C:\\Windows\\System32\\svchost.exe","ParentImage":"C:\\Windows\\System32\\services.exe","ParentProcessGuid":"{9D2ECB4E-FC75-2026-2875-17C52F4CDCCA}","OriginalFileName":"C:\\Windows\\System32\\svchost.exe","SHA256":"28eaad7d9f9f257a88abe2c1decc6f7def4c3807ce281ff642adcf8db482497a"}
{"UtcTime":"2026-08-12 10:25:50.000","Computer":"TN-FIN-WS042","User":"TRANSNORTE\\backup_svc","EventID":13,"Image":"C:\\Windows\\System32\\RuntimeBroker.exe","ProcessGuid":"{301C36FA-2ACB-2026-80ED-B98F61919B66}","ProcessId":7466,"EventType":"SetValue","TargetObject":"HKCU\\Software\\Microsoft\\Office\\16.0\\Outlook\\Resiliency\\2750","Details":"1"}
{"UtcTime":"2026-08-12 10:25:51.000","Computer":"TN-FIN-WS042","User":"TRANSNORTE\\backup_svc","EventID":1,"Image":"C:\\Windows\\System32\\svchost.exe","ProcessGuid":"{155B2C70-AD49-2026-8A03-559920062083}","ProcessId":5130,"CommandLine":"C:\\Windows\\System32\\svchost.exe","ParentImage":"C:\\Windows\\System32\\services.exe","ParentProcessGuid":"{BE578DD7-A609-2026-7DCA-E225CF81C66E}","OriginalFileName":"C:\\Windows\\System32\\svchost.exe","SHA256":"894afd0ce9b780e9f2302c8369bdb51789598476503e149c6bbd9ac5a9987c01"}
{"UtcTime":"2026-08-12 10:25:52.000","Computer":"TN-FIN-WS042","User":"TRANSNORTE\\ops.cardoso","EventID":11,"Image":"C:\\Program Files\\Microsoft Office\\Office16\\OUTLOOK.EXE","ProcessGuid":"{BBAE6AD4-3E1C-2026-A270-8116D1041F09}","ProcessId":654,"TargetFilename":"C:\\Users\\ops.cardoso\\AppData\\Local\\Temp\\office-2752.tmp"}
{"UtcTime":"2026-08-12 10:25:53.000","Computer":"TN-FIN-WS042","User":"TRANSNORTE\\ops.cardoso","EventID":1,"Image":"C:\\Windows\\System32\\RuntimeBroker.exe","ProcessGuid":"{E63242F8-7E2E-2026-D877-C0168F6C4187}","ProcessId":2854,"CommandLine":"C:\\Windows\\System32\\RuntimeBroker.exe","ParentImage":"C:\\Windows\\System32\\services.exe","ParentProcessGuid":"{C4D4E6BE-38A7-2026-3A78-84D78E92850C}","OriginalFileName":"C:\\Windows\\System32\\RuntimeBroker.exe","SHA256":"3a593a2555d920a905f40d7296fb1e282a7ca589648cc9bbd53e92176b3950b2"}
{"UtcTime":"2026-08-12 10:25:54.000","Computer":"TN-FIN-WS042","User":"TRANSNORTE\\backup_svc","EventID":5,"Image":"C:\\Program Files\\Microsoft Office\\Office16\\OUTLOOK.EXE","ProcessGuid":"{A16DCA4C-6E64-2026-FDA8-514D00FA5882}","ProcessId":8108,"EventType":"End"}
{"UtcTime":"2026-08-12 10:25:55.000","Computer":"TN-FIN-WS042","User":"TRANSNORTE\\backup_svc","EventID":13,"Image":"C:\\Windows\\System32\\RuntimeBroker.exe","ProcessGuid":"{B5B1E98F-62C7-2026-9D36-DF4AE8C19F64}","ProcessId":6237,"EventType":"SetValue","TargetObject":"HKCU\\Software\\Microsoft\\Office\\16.0\\Outlook\\Resiliency\\2755","Details":"1"}
{"UtcTime":"2026-08-12 10:25:56.000","Computer":"TN-FIN-WS042","User":"TRANSNORTE\\ops.cardoso","EventID":1,"Image":"C:\\Windows\\explorer.exe","ProcessGuid":"{7692E9C0-5D79-2026-056D-110858BE5EA4}","ProcessId":1532,"CommandLine":"C:\\Windows\\explorer.exe","ParentImage":"C:\\Windows\\System32\\services.exe","ParentProcessGuid":"{C0F44306-59A2-2026-0314-8A1CCD001F45}","OriginalFileName":"C:\\Windows\\explorer.exe","SHA256":"c8b5242c4433e7ce72ceaf5a60f43667bd0742b94570e308b5cb557978a6db68"}
{"UtcTime":"2026-08-12 10:25:57.000","Computer":"TN-FIN-WS042","User":"TRANSNORTE\\backup_svc","EventID":13,"Image":"C:\\Windows\\System32\\conhost.exe","ProcessGuid":"{7239AB8B-2445-2026-D363-FB2CBE9AF9E3}","ProcessId":3080,"EventType":"SetValue","TargetObject":"HKCU\\Software\\Microsoft\\Office\\16.0\\Outlook\\Resiliency\\2757","Details":"1"}
{"UtcTime":"2026-08-12 10:25:58.000","Computer":"TN-FIN-WS042","User":"TRANSNORTE\\ops.cardoso","EventID":1,"Image":"C:\\Windows\\System32\\RuntimeBroker.exe","ProcessGuid":"{A385777E-EDF5-2026-4A88-1899EA92CA6C}","ProcessId":2049,"CommandLine":"C:\\Windows\\System32\\RuntimeBroker.exe","ParentImage":"C:\\Windows\\System32\\services.exe","ParentProcessGuid":"{0BAE9395-B314-2026-F848-811BD798C8B5}","OriginalFileName":"C:\\Windows\\System32\\RuntimeBroker.exe","SHA256":"53db495fad866c72475d859c9ee2dfcaf396cd489608bdcaf65dc1468c1bb0c8"}
{"UtcTime":"2026-08-12 10:25:59.000","Computer":"TN-FIN-WS042","User":"TRANSNORTE\\ops.cardoso","EventID":3,"Image":"C:\\Program Files\\Google\\Chrome\\Application\\chrome.exe","ProcessGuid":"{FFA52632-DD8B-2026-E10C-37E6C52C105C}","ProcessId":6761,"DestinationIp":"10.50.10.88","DestinationPort":8080,"SourceIp":"10.50.10.42","Protocol":"tcp"}
{"UtcTime":"2026-08-12 10:26:00.000","Computer":"TN-FIN-WS042","User":"TRANSNORTE\\ops.cardoso","EventID":5,"Image":"C:\\Windows\\explorer.exe","ProcessGuid":"{72C621AD-83A9-2026-47FA-3CED804084FD}","ProcessId":5162,"EventType":"End"}
{"UtcTime":"2026-08-12 10:26:01.000","Computer":"TN-FIN-WS042","User":"TRANSNORTE\\ops.cardoso","EventID":1,"Image":"C:\\Program Files\\Microsoft Office\\Office16\\OUTLOOK.EXE","ProcessGuid":"{54B52EBD-9D66-2026-9662-1C9176C5D02B}","ProcessId":7716,"CommandLine":"C:\\Program Files\\Microsoft Office\\Office16\\OUTLOOK.EXE","ParentImage":"C:\\Windows\\System32\\services.exe","ParentProcessGuid":"{BEFE9E30-CC6C-2026-B702-8FAFC48BB730}","OriginalFileName":"C:\\Program Files\\Microsoft Office\\Office16\\OUTLOOK.EXE","SHA256":"07f7b993e6fb9e86586464a0752fee74ead7979230a8de347b15428ba1e10609"}
{"UtcTime":"2026-08-12 10:26:02.000","Computer":"TN-FIN-WS042","User":"TRANSNORTE\\backup_svc","EventID":1,"Image":"C:\\Windows\\System32\\svchost.exe","ProcessGuid":"{831FCF16-408C-2026-3714-2E16119014CA}","ProcessId":6870,"CommandLine":"C:\\Windows\\System32\\svchost.exe","ParentImage":"C:\\Windows\\System32\\services.exe","ParentProcessGuid":"{09527EAD-ED25-2026-1DF8-5E1B439A2344}","OriginalFileName":"C:\\Windows\\System32\\svchost.exe","SHA256":"9ec84e78c1e855e3acf9c82c791664682a0dd5e23f204027b8fe9ccf3a953c29"}
{"UtcTime":"2026-08-12 10:26:03.000","Computer":"TN-FIN-WS042","User":"TRANSNORTE\\backup_svc","EventID":1,"Image":"C:\\Windows\\explorer.exe","ProcessGuid":"{A231211D-F8FE-2026-123B-8B09DF656340}","ProcessId":3988,"CommandLine":"C:\\Windows\\explorer.exe","ParentImage":"C:\\Windows\\System32\\services.exe","ParentProcessGuid":"{1831BE08-43B6-2026-FF46-E0F874408FA8}","OriginalFileName":"C:\\Windows\\explorer.exe","SHA256":"d0e53d617db4230df81ea2d9ff5f30e57181070af41f2faddd6d57b9784ab9bb"}
{"UtcTime":"2026-08-12 10:26:04.000","Computer":"TN-FIN-WS042","User":"TRANSNORTE\\backup_svc","EventID":13,"Image":"C:\\Program Files\\Microsoft Office\\Office16\\OUTLOOK.EXE","ProcessGuid":"{DE52EFDD-1D21-2026-CC97-A0C03DAFB514}","ProcessId":2052,"EventType":"SetValue","TargetObject":"HKCU\\Software\\Microsoft\\Office\\16.0\\Outlook\\Resiliency\\2764","Details":"1"}
{"UtcTime":"2026-08-12 10:26:05.000","Computer":"TN-FIN-WS042","User":"TRANSNORTE\\ops.cardoso","EventID":1,"Image":"C:\\Windows\\explorer.exe","ProcessGuid":"{6DCFC69A-EDBE-2026-6BB9-B15C58308BE6}","ProcessId":1698,"CommandLine":"C:\\Windows\\explorer.exe","ParentImage":"C:\\Windows\\System32\\services.exe","ParentProcessGuid":"{F437A8EB-1A12-2026-7DC0-8B0336629032}","OriginalFileName":"C:\\Windows\\explorer.exe","SHA256":"2be28d060adbd5a8dfe1d48e4dff34dd6a51d633a92c04ebc161c82177a36937"}
{"UtcTime":"2026-08-12 10:26:06.000","Computer":"TN-FIN-WS042","User":"TRANSNORTE\\backup_svc","EventID":13,"Image":"C:\\Windows\\System32\\RuntimeBroker.exe","ProcessGuid":"{223B9F3E-100F-2026-EB35-75F55A3FCB23}","ProcessId":5122,"EventType":"SetValue","TargetObject":"HKCU\\Software\\Microsoft\\Office\\16.0\\Outlook\\Resiliency\\2766","Details":"1"}
{"UtcTime":"2026-08-12 10:26:07.000","Computer":"TN-FIN-WS042","User":"TRANSNORTE\\backup_svc","EventID":1,"Image":"C:\\Program Files\\Google\\Chrome\\Application\\chrome.exe","ProcessGuid":"{1DAADE08-F5E8-2026-E7C1-F2AE92A35A8C}","ProcessId":2682,"CommandLine":"C:\\Program Files\\Google\\Chrome\\Application\\chrome.exe","ParentImage":"C:\\Windows\\System32\\services.exe","ParentProcessGuid":"{3F9BC2FC-800C-2026-2FBF-81B897CDE908}","OriginalFileName":"C:\\Program Files\\Google\\Chrome\\Application\\chrome.exe","SHA256":"65800dd8b8b06bd0975ec121dcc030015e81b13c39d790f79ded519bd638b4de"}
{"UtcTime":"2026-08-12 10:26:08.000","Computer":"TN-FIN-WS042","User":"TRANSNORTE\\backup_svc","EventID":1,"Image":"C:\\Windows\\System32\\conhost.exe","ProcessGuid":"{85144ACD-6568-2026-22FE-A14AF71B0027}","ProcessId":3273,"CommandLine":"C:\\Windows\\System32\\conhost.exe","ParentImage":"C:\\Windows\\System32\\services.exe","ParentProcessGuid":"{3962A987-61DF-2026-0F80-A8AD7814A400}","OriginalFileName":"C:\\Windows\\System32\\conhost.exe","SHA256":"aba40bdbac010daeef205967ab6af8e9895fff6ab8121302b4d41cd482f847bd"}
{"UtcTime":"2026-08-12 10:26:09.000","Computer":"TN-FIN-WS042","User":"TRANSNORTE\\ops.cardoso","EventID":1,"Image":"C:\\Program Files\\Microsoft Office\\Office16\\OUTLOOK.EXE","ProcessGuid":"{2BD576FB-BC42-2026-390F-091E195730FF}","ProcessId":7543,"CommandLine":"C:\\Program Files\\Microsoft Office\\Office16\\OUTLOOK.EXE","ParentImage":"C:\\Windows\\System32\\services.exe","ParentProcessGuid":"{D373F833-2ACC-2026-7FF0-561FE440F57D}","OriginalFileName":"C:\\Program Files\\Microsoft Office\\Office16\\OUTLOOK.EXE","SHA256":"4b83e01b26c6503be9d9de2e22f246165bc534c75ae28fc3ed38232481c1a149"}
{"UtcTime":"2026-08-12 10:26:10.000","Computer":"TN-FIN-WS042","User":"TRANSNORTE\\backup_svc","EventID":1,"Image":"C:\\Program Files\\Microsoft Office\\Office16\\OUTLOOK.EXE","ProcessGuid":"{8D8C1A1D-D1B7-2026-A65B-18BAF40D945B}","ProcessId":3611,"CommandLine":"C:\\Program Files\\Microsoft Office\\Office16\\OUTLOOK.EXE","ParentImage":"C:\\Windows\\System32\\services.exe","ParentProcessGuid":"{36EB74DA-4BBD-2026-0009-C63853DFD95E}","OriginalFileName":"C:\\Program Files\\Microsoft Office\\Office16\\OUTLOOK.EXE","SHA256":"e9c8f770849235f2bc2d5b99e75f23c7ac46a2676d40165f20b5839ca41de59e"}
