{"UtcTime":"2026-08-12 14:12:22.000","Computer":"CLM-MESA-014","User":"CLM\\backoffice","EventID":13,"Image":"C:\\Windows\\System32\\svchost.exe","ProcessGuid":"{59FB48B5-7C76-2026-FFC2-D28E117FADB2}","ProcessId":2846,"EventType":"SetValue","TargetObject":"HKCU\\Software\\CLM\\Mesa\\Pref\\142","Details":"1"}
{"UtcTime":"2026-08-12 14:12:23.000","Computer":"CLM-MESA-014","User":"CLM\\backoffice","EventID":1,"Image":"C:\\Windows\\explorer.exe","ProcessGuid":"{E87C36E9-7B3B-2026-0E43-ACB18E7413B0}","ProcessId":2289,"CommandLine":"C:\\Windows\\explorer.exe","ParentImage":"C:\\Windows\\System32\\services.exe","ParentProcessGuid":"{B78752F0-A381-2026-FA04-EC7D73381411}","OriginalFileName":"C:\\Windows\\explorer.exe"}
{"UtcTime":"2026-08-12 14:12:24.000","Computer":"CLM-MESA-014","User":"CLM\\backoffice","EventID":5,"Image":"C:\\Windows\\System32\\svchost.exe","ProcessGuid":"{A64B6C6B-62FC-2026-5289-0F623D08F865}","ProcessId":3604,"EventType":"End"}
{"UtcTime":"2026-08-12 14:12:25.000","Computer":"CLM-MESA-014","User":"CLM\\mesa","EventID":1,"Image":"C:\\Windows\\System32\\RuntimeBroker.exe","ProcessGuid":"{D3C8DA78-B824-2026-4A2C-BD7957BD684E}","ProcessId":6839,"CommandLine":"C:\\Windows\\System32\\RuntimeBroker.exe","ParentImage":"C:\\Windows\\System32\\services.exe","ParentProcessGuid":"{EB279A25-C094-2026-AC28-0211BA661D41}","OriginalFileName":"C:\\Windows\\System32\\RuntimeBroker.exe"}
{"UtcTime":"2026-08-12 14:12:26.000","Computer":"CLM-MESA-014","User":"CLM\\ops","EventID":3,"Image":"C:\\Program Files\\Google\\Chrome\\Application\\chrome.exe","ProcessGuid":"{C3E5D8A6-BC7D-2026-BEAD-651930EEA720}","ProcessId":4750,"DestinationIp":"10.70.30.8","DestinationPort":135,"DestinationHostname":"ntp.clm.liquidacao","SourceIp":"10.70.30.14","Protocol":"tcp"}
{"UtcTime":"2026-08-12 14:12:27.000","Computer":"CLM-MESA-014","User":"CLM\\mesa","EventID":13,"Image":"C:\\Program Files\\Google\\Chrome\\Application\\chrome.exe","ProcessGuid":"{6F979888-B60C-2026-B513-0B80B08CC8ED}","ProcessId":1405,"EventType":"SetValue","TargetObject":"HKCU\\Software\\CLM\\Mesa\\Pref\\147","Details":"1"}
{"UtcTime":"2026-08-12 14:12:28.000","Computer":"CLM-MESA-014","User":"CLM\\backoffice","EventID":1,"Image":"C:\\Program Files\\Google\\Chrome\\Application\\chrome.exe","ProcessGuid":"{782D53E2-102C-2026-2A44-2651A4A752F7}","ProcessId":4467,"CommandLine":"C:\\Program Files\\Google\\Chrome\\Application\\chrome.exe","ParentImage":"C:\\Windows\\System32\\services.exe","ParentProcessGuid":"{691BD3B4-7E55-2026-DE2E-099317E8E57C}","OriginalFileName":"C:\\Program Files\\Google\\Chrome\\Application\\chrome.exe"}
{"UtcTime":"2026-08-12 14:12:29.000","Computer":"CLM-MESA-014","User":"CLM\\ops","EventID":13,"Image":"C:\\Windows\\System32\\svchost.exe","ProcessGuid":"{C32F3FD0-7025-2026-5ED2-FFEFAB5EC43F}","ProcessId":5219,"EventType":"SetValue","TargetObject":"HKCU\\Software\\CLM\\Mesa\\Pref\\149","Details":"1"}
{"UtcTime":"2026-08-12 14:12:30.000","Computer":"CLM-MESA-014","User":"CLM\\ops","EventID":13,"Image":"C:\\Program Files\\Microsoft Office\\Office16\\EXCEL.EXE","ProcessGuid":"{F1868E77-71C0-2026-438A-2DD070BC2F60}","ProcessId":2456,"EventType":"SetValue","TargetObject":"HKCU\\Software\\CLM\\Mesa\\Pref\\150","Details":"1"}
{"UtcTime":"2026-08-12 14:12:31.000","Computer":"CLM-MESA-014","User":"CLM\\mesa","EventID":5,"Image":"C:\\Windows\\System32\\RuntimeBroker.exe","ProcessGuid":"{DB3422CC-AE14-2026-6EDF-079044796C15}","ProcessId":6843,"EventType":"End"}
{"UtcTime":"2026-08-12 14:12:32.000","Computer":"CLM-MESA-014","User":"CLM\\ops","EventID":1,"Image":"C:\\Windows\\System32\\conhost.exe","ProcessGuid":"{9115D86E-0017-2026-04EF-16E6E2D9B8D9}","ProcessId":989,"CommandLine":"C:\\Windows\\System32\\conhost.exe","ParentImage":"C:\\Windows\\System32\\services.exe","ParentProcessGuid":"{3F3003EB-2E3B-2026-C360-9429E4ED056A}","OriginalFileName":"C:\\Windows\\System32\\conhost.exe"}
{"UtcTime":"2026-08-12 14:12:33.000","Computer":"CLM-MESA-014","User":"CLM\\ops","EventID":13,"Image":"C:\\Windows\\System32\\svchost.exe","ProcessGuid":"{A6EC8DF4-0962-2026-903E-F884A2E8033E}","ProcessId":6775,"EventType":"SetValue","TargetObject":"HKCU\\Software\\CLM\\Mesa\\Pref\\153","Details":"1"}
{"UtcTime":"2026-08-12 14:12:34.000","Computer":"CLM-MESA-014","User":"CLM\\backoffice","EventID":5,"Image":"C:\\Windows\\System32\\svchost.exe","ProcessGuid":"{71C8A583-F4F0-2026-4B55-0D924C60F11F}","ProcessId":6446,"EventType":"End"}
{"UtcTime":"2026-08-12 14:12:35.000","Computer":"CLM-MESA-014","User":"CLM\\ops","EventID":13,"Image":"C:\\Windows\\System32\\RuntimeBroker.exe","ProcessGuid":"{514CB9C1-02E0-2026-98FB-499F63C3259D}","ProcessId":5933,"EventType":"SetValue","TargetObject":"HKCU\\Software\\CLM\\Mesa\\Pref\\155","Details":"1"}
{"UtcTime":"2026-08-12 14:12:36.000","Computer":"CLM-MESA-014","User":"CLM\\mesa","EventID":13,"Image":"C:\\Program Files\\Google\\Chrome\\Application\\chrome.exe","ProcessGuid":"{AD40E85E-F040-2026-DA9F-F79E66A7816D}","ProcessId":6033,"EventType":"SetValue","TargetObject":"HKCU\\Software\\CLM\\Mesa\\Pref\\156","Details":"1"}
{"UtcTime":"2026-08-12 14:12:37.000","Computer":"CLM-MESA-014","User":"CLM\\ops","EventID":11,"Image":"C:\\Program Files\\Google\\Chrome\\Application\\chrome.exe","ProcessGuid":"{F31FDA5E-DAFC-2026-21D8-AFB3EDFC901D}","ProcessId":6787,"TargetFilename":"C:\\Users\\Public\\Temp\\mesa-157.tmp"}
{"UtcTime":"2026-08-12 14:12:38.000","Computer":"CLM-MESA-014","User":"CLM\\backoffice","EventID":11,"Image":"C:\\Windows\\System32\\conhost.exe","ProcessGuid":"{E330F828-9317-2026-8E8D-350C4FB137D8}","ProcessId":4387,"TargetFilename":"C:\\Users\\Public\\Temp\\mesa-158.tmp"}
{"UtcTime":"2026-08-12 14:12:39.000","Computer":"CLM-MESA-014","User":"CLM\\mesa","EventID":1,"Image":"C:\\Windows\\explorer.exe","ProcessGuid":"{9DF29AA4-582F-2026-FB46-D53AF5385D9D}","ProcessId":2786,"CommandLine":"C:\\Windows\\explorer.exe","ParentImage":"C:\\Windows\\System32\\services.exe","ParentProcessGuid":"{4892AC43-FFE9-2026-68EC-980D50F10C60}","OriginalFileName":"C:\\Windows\\explorer.exe"}
{"UtcTime":"2026-08-12 14:12:40.000","Computer":"CLM-MESA-014","User":"CLM\\ops","EventID":1,"Image":"C:\\Windows\\System32\\svchost.exe","ProcessGuid":"{E7204931-4F31-2026-FD7F-96A82B0EB1BF}","ProcessId":4009,"CommandLine":"C:\\Windows\\System32\\svchost.exe","ParentImage":"C:\\Windows\\System32\\services.exe","ParentProcessGuid":"{81EAF98A-98DF-2026-7C24-293F0E60739C}","OriginalFileName":"C:\\Windows\\System32\\svchost.exe"}
{"UtcTime":"2026-08-12 14:12:41.000","Computer":"CLM-MESA-014","User":"CLM\\mesa","EventID":1,"Image":"C:\\Windows\\System32\\svchost.exe","ProcessGuid":"{55A6E754-969D-2026-1644-F35806A39EE3}","ProcessId":2164,"CommandLine":"C:\\Windows\\System32\\svchost.exe","ParentImage":"C:\\Windows\\System32\\services.exe","ParentProcessGuid":"{DD87B546-9EAE-2026-3697-AD965B6383A6}","OriginalFileName":"C:\\Windows\\System32\\svchost.exe"}
{"UtcTime":"2026-08-12 14:12:42.000","Computer":"CLM-MESA-014","User":"CLM\\mesa","EventID":1,"Image":"C:\\Windows\\System32\\RuntimeBroker.exe","ProcessGuid":"{EA794DB6-DCDC-2026-75DA-E88976AD419A}","ProcessId":2234,"CommandLine":"C:\\Windows\\System32\\RuntimeBroker.exe","ParentImage":"C:\\Windows\\System32\\services.exe","ParentProcessGuid":"{D02D9BF5-33C3-2026-352F-309BF05CD645}","OriginalFileName":"C:\\Windows\\System32\\RuntimeBroker.exe"}
{"UtcTime":"2026-08-12 14:12:43.000","Computer":"CLM-MESA-014","User":"CLM\\backoffice","EventID":1,"Image":"C:\\Program Files\\Google\\Chrome\\Application\\chrome.exe","ProcessGuid":"{3BED1AF6-19AE-2026-5442-9BD8621BCC79}","ProcessId":5213,"CommandLine":"C:\\Program Files\\Google\\Chrome\\Application\\chrome.exe","ParentImage":"C:\\Windows\\System32\\services.exe","ParentProcessGuid":"{A4FD549A-709F-2026-C778-B95E7722B4F3}","OriginalFileName":"C:\\Program Files\\Google\\Chrome\\Application\\chrome.exe"}
{"UtcTime":"2026-08-12 14:12:44.000","Computer":"CLM-MESA-014","User":"CLM\\backoffice","EventID":5,"Image":"C:\\Windows\\System32\\RuntimeBroker.exe","ProcessGuid":"{293B4731-A0EE-2026-6B5D-E51837E965F3}","ProcessId":6928,"EventType":"End"}
{"UtcTime":"2026-08-12 14:12:45.000","Computer":"CLM-MESA-014","User":"CLM\\backoffice","EventID":1,"Image":"C:\\Windows\\explorer.exe","ProcessGuid":"{9950B272-AC04-2026-DD56-FE7182F89E6E}","ProcessId":8975,"CommandLine":"C:\\Windows\\explorer.exe","ParentImage":"C:\\Windows\\System32\\services.exe","ParentProcessGuid":"{D53AEA7B-A44A-2026-1E8B-8FFFF6FC6A00}","OriginalFileName":"C:\\Windows\\explorer.exe"}
{"UtcTime":"2026-08-12 14:12:46.000","Computer":"CLM-MESA-014","User":"CLM\\backoffice","EventID":1,"Image":"C:\\Windows\\System32\\svchost.exe","ProcessGuid":"{101847EC-7298-2026-FFD5-365A23B2568B}","ProcessId":931,"CommandLine":"C:\\Windows\\System32\\svchost.exe","ParentImage":"C:\\Windows\\System32\\services.exe","ParentProcessGuid":"{B8CFFCD0-DD2F-2026-FFD0-85DD1EAB2344}","OriginalFileName":"C:\\Windows\\System32\\svchost.exe"}
{"UtcTime":"2026-08-12 14:12:47.000","Computer":"CLM-MESA-014","User":"CLM\\backoffice","EventID":1,"Image":"C:\\Program Files\\Google\\Chrome\\Application\\chrome.exe","ProcessGuid":"{4BDE5CB5-2E62-2026-87A7-BC3CC98324AA}","ProcessId":961,"CommandLine":"C:\\Program Files\\Google\\Chrome\\Application\\chrome.exe","ParentImage":"C:\\Windows\\System32\\services.exe","ParentProcessGuid":"{1784A2A4-F30F-2026-17E9-D048C45A7884}","OriginalFileName":"C:\\Program Files\\Google\\Chrome\\Application\\chrome.exe"}
{"UtcTime":"2026-08-12 14:12:48.000","Computer":"CLM-MESA-014","User":"CLM\\ops","EventID":11,"Image":"C:\\Windows\\System32\\conhost.exe","ProcessGuid":"{9EE55B10-BEFD-2026-1D17-5B4F69B7526E}","ProcessId":6380,"TargetFilename":"C:\\Users\\Public\\Temp\\mesa-168.tmp"}
{"UtcTime":"2026-08-12 14:12:49.000","Computer":"CLM-MESA-014","User":"CLM\\mesa","EventID":1,"Image":"C:\\Program Files\\Google\\Chrome\\Application\\chrome.exe","ProcessGuid":"{CF845AB1-380E-2026-22B4-AC7648068E3D}","ProcessId":6552,"CommandLine":"C:\\Program Files\\Google\\Chrome\\Application\\chrome.exe","ParentImage":"C:\\Windows\\System32\\services.exe","ParentProcessGuid":"{BF9FF756-D4B4-2026-D9BB-0D0A1D36DFD0}","OriginalFileName":"C:\\Program Files\\Google\\Chrome\\Application\\chrome.exe"}
{"UtcTime":"2026-08-12 14:12:50.000","Computer":"CLM-MESA-014","User":"CLM\\mesa","EventID":1,"Image":"C:\\Windows\\explorer.exe","ProcessGuid":"{A07EABF3-B066-2026-3889-FCA96C209435}","ProcessId":7935,"CommandLine":"C:\\Windows\\explorer.exe","ParentImage":"C:\\Windows\\System32\\services.exe","ParentProcessGuid":"{A2929BB1-4359-2026-63B2-9D678DFB9E46}","OriginalFileName":"C:\\Windows\\explorer.exe"}
{"UtcTime":"2026-08-12 14:12:51.000","Computer":"CLM-MESA-014","User":"CLM\\backoffice","EventID":3,"Image":"C:\\Program Files\\Microsoft Office\\Office16\\EXCEL.EXE","ProcessGuid":"{D4CD2F82-A34D-2026-8573-5EA2B5AD08DC}","ProcessId":4293,"DestinationIp":"10.70.30.8","DestinationPort":8080,"DestinationHostname":"portal.clm.liquidacao","SourceIp":"10.70.30.14","Protocol":"tcp"}
{"UtcTime":"2026-08-12 14:12:52.000","Computer":"CLM-MESA-014","User":"CLM\\ops","EventID":3,"Image":"C:\\Program Files\\Microsoft Office\\Office16\\EXCEL.EXE","ProcessGuid":"{04D5EC84-91EE-2026-190A-1E70CFF4356C}","ProcessId":7877,"DestinationIp":"10.70.30.8","DestinationPort":135,"DestinationHostname":"portal.clm.liquidacao","SourceIp":"10.70.30.14","Protocol":"tcp"}
{"UtcTime":"2026-08-12 14:12:53.000","Computer":"CLM-MESA-014","User":"CLM\\mesa","EventID":1,"Image":"C:\\Windows\\explorer.exe","ProcessGuid":"{DE158066-9804-2026-08B5-B5C6939AD441}","ProcessId":4396,"CommandLine":"C:\\Windows\\explorer.exe","ParentImage":"C:\\Windows\\System32\\services.exe","ParentProcessGuid":"{5498C3E8-2B3F-2026-6714-14FA15E9A8F2}","OriginalFileName":"C:\\Windows\\explorer.exe"}
{"UtcTime":"2026-08-12 14:12:54.000","Computer":"CLM-MESA-014","User":"CLM\\backoffice","EventID":1,"Image":"C:\\Windows\\System32\\svchost.exe","ProcessGuid":"{85BC4B5E-7EE4-2026-CC42-214475950DCC}","ProcessId":1655,"CommandLine":"C:\\Windows\\System32\\svchost.exe","ParentImage":"C:\\Windows\\System32\\services.exe","ParentProcessGuid":"{A865B36F-F917-2026-9031-93101D872138}","OriginalFileName":"C:\\Windows\\System32\\svchost.exe"}
{"UtcTime":"2026-08-12 14:12:55.000","Computer":"CLM-MESA-014","User":"CLM\\backoffice","EventID":3,"Image":"C:\\Windows\\System32\\conhost.exe","ProcessGuid":"{6E7D78EA-52DF-2026-6745-9414105239FA}","ProcessId":7630,"DestinationIp":"8.8.8.8","DestinationPort":8080,"DestinationHostname":"portal.clm.liquidacao","SourceIp":"10.70.30.14","Protocol":"tcp"}
{"UtcTime":"2026-08-12 14:12:56.000","Computer":"CLM-MESA-014","User":"CLM\\backoffice","EventID":1,"Image":"C:\\Windows\\explorer.exe","ProcessGuid":"{2564CF49-5C9B-2026-93FE-F0E36320CBF1}","ProcessId":2819,"CommandLine":"C:\\Windows\\explorer.exe","ParentImage":"C:\\Windows\\System32\\services.exe","ParentProcessGuid":"{AF498CC2-E489-2026-43C9-BCB2270D42A1}","OriginalFileName":"C:\\Windows\\explorer.exe"}
{"UtcTime":"2026-08-12 14:12:57.000","Computer":"CLM-MESA-014","User":"CLM\\ops","EventID":5,"Image":"C:\\Windows\\System32\\conhost.exe","ProcessGuid":"{64EAD28E-6BEB-2026-63E9-794435E75119}","ProcessId":8646,"EventType":"End"}
{"UtcTime":"2026-08-12 14:12:58.000","Computer":"CLM-MESA-014","User":"CLM\\mesa","EventID":1,"Image":"C:\\Windows\\System32\\conhost.exe","ProcessGuid":"{9EDE2465-1351-2026-2D04-E3B4197C5487}","ProcessId":4590,"CommandLine":"C:\\Windows\\System32\\conhost.exe","ParentImage":"C:\\Windows\\System32\\services.exe","ParentProcessGuid":"{5A7D46F7-E646-2026-8ED8-7B957413412C}","OriginalFileName":"C:\\Windows\\System32\\conhost.exe"}
{"UtcTime":"2026-08-12 14:12:59.000","Computer":"CLM-MESA-014","User":"CLM\\backoffice","EventID":5,"Image":"C:\\Windows\\System32\\RuntimeBroker.exe","ProcessGuid":"{B043CD0C-B38B-2026-887B-96E1DDFF99AD}","ProcessId":3460,"EventType":"End"}
{"UtcTime":"2026-08-12 14:13:00.000","Computer":"CLM-MESA-014","User":"CLM\\mesa","EventID":1,"Image":"C:\\Windows\\System32\\svchost.exe","ProcessGuid":"{1A512137-1814-2026-4977-02CDBC5C37A7}","ProcessId":1213,"CommandLine":"C:\\Windows\\System32\\svchost.exe","ParentImage":"C:\\Windows\\System32\\services.exe","ParentProcessGuid":"{10ABE8C4-72EB-2026-1ED9-A77025D45181}","OriginalFileName":"C:\\Windows\\System32\\svchost.exe"}
{"UtcTime":"2026-08-12 14:13:01.000","Computer":"CLM-MESA-014","User":"CLM\\backoffice","EventID":11,"Image":"C:\\Windows\\System32\\svchost.exe","ProcessGuid":"{544A3DC2-B0DF-2026-D83F-3472734407C7}","ProcessId":3171,"TargetFilename":"C:\\Users\\Public\\Temp\\mesa-181.tmp"}
{"UtcTime":"2026-08-12 14:13:02.000","Computer":"CLM-MESA-014","User":"CLM\\ops","EventID":1,"Image":"C:\\Windows\\explorer.exe","ProcessGuid":"{D422AD90-C83C-2026-AC6F-AA61AFCFF299}","ProcessId":1226,"CommandLine":"C:\\Windows\\explorer.exe","ParentImage":"C:\\Windows\\System32\\services.exe","ParentProcessGuid":"{22A7BB5B-09DA-2026-E0CE-146D2731DDA7}","OriginalFileName":"C:\\Windows\\explorer.exe"}
{"UtcTime":"2026-08-12 14:13:03.000","Computer":"CLM-MESA-014","User":"CLM\\mesa","EventID":11,"Image":"C:\\Windows\\System32\\svchost.exe","ProcessGuid":"{4C3D2BF1-F2AB-2026-7723-6088677E523E}","ProcessId":801,"TargetFilename":"C:\\Users\\Public\\Temp\\mesa-183.tmp"}
{"UtcTime":"2026-08-12 14:13:04.000","Computer":"CLM-MESA-014","User":"CLM\\ops","EventID":5,"Image":"C:\\Program Files\\Google\\Chrome\\Application\\chrome.exe","ProcessGuid":"{D24490F7-8822-2026-EB08-3C8054371ABD}","ProcessId":6402,"EventType":"End"}
{"UtcTime":"2026-08-12 14:13:05.000","Computer":"CLM-MESA-014","User":"CLM\\ops","EventID":11,"Image":"C:\\Program Files\\Google\\Chrome\\Application\\chrome.exe","ProcessGuid":"{B4E993E3-ABA0-2026-8053-B118F910AA79}","ProcessId":5204,"TargetFilename":"C:\\Users\\Public\\Temp\\mesa-185.tmp"}
{"UtcTime":"2026-08-12 14:13:06.000","Computer":"CLM-MESA-014","User":"CLM\\backoffice","EventID":1,"Image":"C:\\Windows\\System32\\conhost.exe","ProcessGuid":"{AF48BAD1-1696-2026-773F-5EBB992A300B}","ProcessId":6654,"CommandLine":"C:\\Windows\\System32\\conhost.exe","ParentImage":"C:\\Windows\\System32\\services.exe","ParentProcessGuid":"{1A13A9A3-A038-2026-DA2D-6F2BE841744E}","OriginalFileName":"C:\\Windows\\System32\\conhost.exe"}
{"UtcTime":"2026-08-12 14:13:07.000","Computer":"CLM-MESA-014","User":"CLM\\backoffice","EventID":1,"Image":"C:\\Windows\\explorer.exe","ProcessGuid":"{B0E48790-DC06-2026-C297-AED25C49E633}","ProcessId":5301,"CommandLine":"C:\\Windows\\explorer.exe","ParentImage":"C:\\Windows\\System32\\services.exe","ParentProcessGuid":"{F15877F8-7FEF-2026-AE9F-C08A4525376B}","OriginalFileName":"C:\\Windows\\explorer.exe"}
{"UtcTime":"2026-08-12 14:13:08.000","Computer":"CLM-MESA-014","User":"CLM\\backoffice","EventID":1,"Image":"C:\\Program Files\\Microsoft Office\\Office16\\EXCEL.EXE","ProcessGuid":"{9C67D216-8ADB-2026-37A9-F80CB1C3E3C0}","ProcessId":415,"CommandLine":"C:\\Program Files\\Microsoft Office\\Office16\\EXCEL.EXE","ParentImage":"C:\\Windows\\System32\\services.exe","ParentProcessGuid":"{B37CE6B2-398D-2026-7155-3033DE65CD7B}","OriginalFileName":"C:\\Program Files\\Microsoft Office\\Office16\\EXCEL.EXE"}
{"UtcTime":"2026-08-12 14:13:09.000","Computer":"CLM-MESA-014","User":"CLM\\backoffice","EventID":1,"Image":"C:\\Windows\\explorer.exe","ProcessGuid":"{947BFD3A-C11F-2026-42C1-7ED9ECF6DD85}","ProcessId":7067,"CommandLine":"C:\\Windows\\explorer.exe","ParentImage":"C:\\Windows\\System32\\services.exe","ParentProcessGuid":"{DDD1DE55-D515-2026-CBB9-7C857AB711C7}","OriginalFileName":"C:\\Windows\\explorer.exe"}
{"UtcTime":"2026-08-12 14:13:10.000","Computer":"CLM-MESA-014","User":"CLM\\backoffice","EventID":1,"Image":"C:\\Windows\\System32\\conhost.exe","ProcessGuid":"{9F3AEA97-0E3C-2026-D5DF-6EF7243B1737}","ProcessId":3097,"CommandLine":"C:\\Windows\\System32\\conhost.exe","ParentImage":"C:\\Windows\\System32\\services.exe","ParentProcessGuid":"{AEC5C63A-F2CF-2026-4266-36C211F62FF0}","OriginalFileName":"C:\\Windows\\System32\\conhost.exe"}
{"UtcTime":"2026-08-12 14:13:11.000","Computer":"CLM-MESA-014","User":"CLM\\backoffice","EventID":1,"Image":"C:\\Windows\\System32\\svchost.exe","ProcessGuid":"{0AC2CC56-7F74-2026-6791-FD32DAEBC12A}","ProcessId":663,"CommandLine":"C:\\Windows\\System32\\svchost.exe","ParentImage":"C:\\Windows\\System32\\services.exe","ParentProcessGuid":"{58A1B24A-007F-2026-D424-C35E6A1F75AB}","OriginalFileName":"C:\\Windows\\System32\\svchost.exe"}
{"UtcTime":"2026-08-12 14:13:12.000","Computer":"CLM-MESA-014","User":"CLM\\backoffice","EventID":11,"Image":"C:\\Windows\\System32\\conhost.exe","ProcessGuid":"{F20CDF77-513A-2026-A7CB-D137BA94BD77}","ProcessId":663,"TargetFilename":"C:\\Users\\Public\\Temp\\mesa-192.tmp"}
{"UtcTime":"2026-08-12 14:13:13.000","Computer":"CLM-MESA-014","User":"CLM\\mesa","EventID":1,"Image":"C:\\Windows\\explorer.exe","ProcessGuid":"{69AF9059-998F-2026-697C-08D15BCE85F5}","ProcessId":5436,"CommandLine":"C:\\Windows\\explorer.exe","ParentImage":"C:\\Windows\\System32\\services.exe","ParentProcessGuid":"{D943E916-71CD-2026-71E5-5C1E402C9215}","OriginalFileName":"C:\\Windows\\explorer.exe"}
{"UtcTime":"2026-08-12 14:13:14.000","Computer":"CLM-MESA-014","User":"CLM\\ops","EventID":13,"Image":"C:\\Program Files\\Microsoft Office\\Office16\\EXCEL.EXE","ProcessGuid":"{E978E96D-1254-2026-828E-2FC757349B2E}","ProcessId":6594,"EventType":"SetValue","TargetObject":"HKCU\\Software\\CLM\\Mesa\\Pref\\194","Details":"1"}
{"UtcTime":"2026-08-12 14:13:15.000","Computer":"CLM-MESA-014","User":"CLM\\backoffice","EventID":13,"Image":"C:\\Windows\\System32\\svchost.exe","ProcessGuid":"{7868F932-47CF-2026-0DB7-21A64F767C57}","ProcessId":7028,"EventType":"SetValue","TargetObject":"HKCU\\Software\\CLM\\Mesa\\Pref\\195","Details":"1"}
{"UtcTime":"2026-08-12 14:13:16.000","Computer":"CLM-MESA-014","User":"CLM\\mesa","EventID":13,"Image":"C:\\Program Files\\Google\\Chrome\\Application\\chrome.exe","ProcessGuid":"{BA6D9D1C-2D6A-2026-A904-E66864120799}","ProcessId":3173,"EventType":"SetValue","TargetObject":"HKCU\\Software\\CLM\\Mesa\\Pref\\196","Details":"1"}
{"UtcTime":"2026-08-12 14:13:17.000","Computer":"CLM-MESA-014","User":"CLM\\mesa","EventID":13,"Image":"C:\\Windows\\System32\\RuntimeBroker.exe","ProcessGuid":"{06EF724E-C880-2026-0C6C-E21F410607C8}","ProcessId":5077,"EventType":"SetValue","TargetObject":"HKCU\\Software\\CLM\\Mesa\\Pref\\197","Details":"1"}
{"UtcTime":"2026-08-12 14:13:18.000","Computer":"CLM-MESA-014","User":"CLM\\ops","EventID":5,"Image":"C:\\Windows\\System32\\RuntimeBroker.exe","ProcessGuid":"{F06E2985-3FD2-2026-BC8B-EEB08E27BFB9}","ProcessId":2281,"EventType":"End"}
{"UtcTime":"2026-08-12 14:13:19.000","Computer":"CLM-MESA-014","User":"CLM\\ops","EventID":1,"Image":"C:\\Windows\\System32\\conhost.exe","ProcessGuid":"{D36C4446-CFAB-2026-EB85-A1F23B71505A}","ProcessId":1354,"CommandLine":"C:\\Windows\\System32\\conhost.exe","ParentImage":"C:\\Windows\\System32\\services.exe","ParentProcessGuid":"{747A9534-8DC2-2026-361C-06E0745C2BE9}","OriginalFileName":"C:\\Windows\\System32\\conhost.exe"}
{"UtcTime":"2026-08-12 14:13:20.000","Computer":"CLM-MESA-014","User":"CLM\\backoffice","EventID":1,"Image":"C:\\Windows\\explorer.exe","ProcessGuid":"{501E8F54-2DEA-2026-E20D-66E0A1594F26}","ProcessId":5748,"CommandLine":"C:\\Windows\\explorer.exe","ParentImage":"C:\\Windows\\System32\\services.exe","ParentProcessGuid":"{09878EE6-71D9-2026-93B1-F677C91D9EAA}","OriginalFileName":"C:\\Windows\\explorer.exe"}
{"UtcTime":"2026-08-12 14:13:21.000","Computer":"CLM-MESA-014","User":"CLM\\backoffice","EventID":11,"Image":"C:\\Program Files\\Google\\Chrome\\Application\\chrome.exe","ProcessGuid":"{9519AED3-BF04-2026-80E1-3888A59BD615}","ProcessId":5169,"TargetFilename":"C:\\Users\\Public\\Temp\\mesa-201.tmp"}
{"UtcTime":"2026-08-12 14:13:22.000","Computer":"CLM-MESA-014","User":"CLM\\ops","EventID":3,"Image":"C:\\Windows\\System32\\conhost.exe","ProcessGuid":"{7CDA4623-F2C8-2026-92E9-6993B86AB4EF}","ProcessId":5263,"DestinationIp":"8.8.8.8","DestinationPort":443,"DestinationHostname":"ntp.clm.liquidacao","SourceIp":"10.70.30.14","Protocol":"tcp"}
{"UtcTime":"2026-08-12 14:13:23.000","Computer":"CLM-MESA-014","User":"CLM\\backoffice","EventID":5,"Image":"C:\\Program Files\\Google\\Chrome\\Application\\chrome.exe","ProcessGuid":"{DCB0F19F-DF22-2026-C2A3-5468779C6E87}","ProcessId":2619,"EventType":"End"}
{"UtcTime":"2026-08-12 14:13:24.000","Computer":"CLM-MESA-014","User":"CLM\\mesa","EventID":1,"Image":"C:\\Windows\\System32\\RuntimeBroker.exe","ProcessGuid":"{9A32D7FB-FA0B-2026-80E6-637331C33A2F}","ProcessId":6430,"CommandLine":"C:\\Windows\\System32\\RuntimeBroker.exe","ParentImage":"C:\\Windows\\System32\\services.exe","ParentProcessGuid":"{78086105-4B15-2026-DC20-BFF7A38786CE}","OriginalFileName":"C:\\Windows\\System32\\RuntimeBroker.exe"}
{"UtcTime":"2026-08-12 14:13:25.000","Computer":"CLM-MESA-014","User":"CLM\\mesa","EventID":1,"Image":"C:\\Program Files\\Microsoft Office\\Office16\\EXCEL.EXE","ProcessGuid":"{3125BB16-779C-2026-F7FD-4DAEF2D95F77}","ProcessId":7164,"CommandLine":"C:\\Program Files\\Microsoft Office\\Office16\\EXCEL.EXE","ParentImage":"C:\\Windows\\System32\\services.exe","ParentProcessGuid":"{6C4CC978-BBC9-2026-EEE6-A3A66967D548}","OriginalFileName":"C:\\Program Files\\Microsoft Office\\Office16\\EXCEL.EXE"}
{"UtcTime":"2026-08-12 14:13:26.000","Computer":"CLM-MESA-014","User":"CLM\\mesa","EventID":5,"Image":"C:\\Windows\\System32\\conhost.exe","ProcessGuid":"{A7FFE82F-436B-2026-0CFA-DAC6BBE8329A}","ProcessId":434,"EventType":"End"}
{"UtcTime":"2026-08-12 14:13:27.000","Computer":"CLM-MESA-014","User":"CLM\\backoffice","EventID":1,"Image":"C:\\Program Files\\Microsoft Office\\Office16\\EXCEL.EXE","ProcessGuid":"{25488C28-D303-2026-2524-61491BDCA0AF}","ProcessId":4029,"CommandLine":"C:\\Program Files\\Microsoft Office\\Office16\\EXCEL.EXE","ParentImage":"C:\\Windows\\System32\\services.exe","ParentProcessGuid":"{48AF53D0-2F39-2026-1464-A0D6941F3C54}","OriginalFileName":"C:\\Program Files\\Microsoft Office\\Office16\\EXCEL.EXE"}
{"UtcTime":"2026-08-12 14:13:28.000","Computer":"CLM-MESA-014","User":"CLM\\mesa","EventID":1,"Image":"C:\\Program Files\\Google\\Chrome\\Application\\chrome.exe","ProcessGuid":"{037FB4E0-8E3F-2026-B43B-21E49F7F5F02}","ProcessId":8134,"CommandLine":"C:\\Program Files\\Google\\Chrome\\Application\\chrome.exe","ParentImage":"C:\\Windows\\System32\\services.exe","ParentProcessGuid":"{4EA0862D-8CD6-2026-2C2D-EDA504A986B3}","OriginalFileName":"C:\\Program Files\\Google\\Chrome\\Application\\chrome.exe"}
{"UtcTime":"2026-08-12 14:13:29.000","Computer":"CLM-MESA-014","User":"CLM\\ops","EventID":13,"Image":"C:\\Windows\\System32\\svchost.exe","ProcessGuid":"{77D7C64C-A382-2026-65EB-855BCCFE6EBF}","ProcessId":1253,"EventType":"SetValue","TargetObject":"HKCU\\Software\\CLM\\Mesa\\Pref\\209","Details":"1"}
{"UtcTime":"2026-08-12 14:13:30.000","Computer":"CLM-MESA-014","User":"CLM\\ops","EventID":13,"Image":"C:\\Windows\\System32\\svchost.exe","ProcessGuid":"{2376A542-F1BE-2026-0EED-BEBFF67B7347}","ProcessId":6754,"EventType":"SetValue","TargetObject":"HKCU\\Software\\CLM\\Mesa\\Pref\\210","Details":"1"}
{"UtcTime":"2026-08-12 14:13:31.000","Computer":"CLM-MESA-014","User":"CLM\\mesa","EventID":11,"Image":"C:\\Windows\\System32\\svchost.exe","ProcessGuid":"{3188A46D-483F-2026-088A-E918C417AD50}","ProcessId":6158,"TargetFilename":"C:\\Users\\Public\\Temp\\mesa-211.tmp"}
{"UtcTime":"2026-08-12 14:13:32.000","Computer":"CLM-MESA-014","User":"CLM\\backoffice","EventID":3,"Image":"C:\\Windows\\System32\\svchost.exe","ProcessGuid":"{C36AF7F3-56B1-2026-6452-792279A9D6C8}","ProcessId":7178,"DestinationIp":"10.70.30.8","DestinationPort":135,"DestinationHostname":"portal.clm.liquidacao","SourceIp":"10.70.30.14","Protocol":"tcp"}
{"UtcTime":"2026-08-12 14:13:33.000","Computer":"CLM-MESA-014","User":"CLM\\backoffice","EventID":1,"Image":"C:\\Program Files\\Google\\Chrome\\Application\\chrome.exe","ProcessGuid":"{19F70BFF-B4C0-2026-0096-86884CFCAFF6}","ProcessId":3367,"CommandLine":"C:\\Program Files\\Google\\Chrome\\Application\\chrome.exe","ParentImage":"C:\\Windows\\System32\\services.exe","ParentProcessGuid":"{AD72A951-0240-2026-E7E7-5F9216E193FE}","OriginalFileName":"C:\\Program Files\\Google\\Chrome\\Application\\chrome.exe"}
{"UtcTime":"2026-08-12 14:13:34.000","Computer":"CLM-MESA-014","User":"CLM\\backoffice","EventID":1,"Image":"C:\\Windows\\System32\\RuntimeBroker.exe","ProcessGuid":"{489512A2-0447-2026-5BE0-BAD6CC4C8B8B}","ProcessId":3909,"CommandLine":"C:\\Windows\\System32\\RuntimeBroker.exe","ParentImage":"C:\\Windows\\System32\\services.exe","ParentProcessGuid":"{206C2DA6-4D95-2026-6245-F6523C1950FF}","OriginalFileName":"C:\\Windows\\System32\\RuntimeBroker.exe"}
{"UtcTime":"2026-08-12 14:13:35.000","Computer":"CLM-MESA-014","User":"CLM\\mesa","EventID":1,"Image":"C:\\Program Files\\Google\\Chrome\\Application\\chrome.exe","ProcessGuid":"{35F454B0-CAE3-2026-88F6-5CE4C282017D}","ProcessId":6096,"CommandLine":"C:\\Program Files\\Google\\Chrome\\Application\\chrome.exe","ParentImage":"C:\\Windows\\System32\\services.exe","ParentProcessGuid":"{F26FB8E8-3EFE-2026-2801-67938ADE419D}","OriginalFileName":"C:\\Program Files\\Google\\Chrome\\Application\\chrome.exe"}
{"UtcTime":"2026-08-12 14:13:36.000","Computer":"CLM-MESA-014","User":"CLM\\mesa","EventID":13,"Image":"C:\\Windows\\System32\\conhost.exe","ProcessGuid":"{859CBD8E-3810-2026-3596-A01BD09482BC}","ProcessId":772,"EventType":"SetValue","TargetObject":"HKCU\\Software\\CLM\\Mesa\\Pref\\216","Details":"1"}
{"UtcTime":"2026-08-12 14:13:37.000","Computer":"CLM-MESA-014","User":"CLM\\ops","EventID":5,"Image":"C:\\Program Files\\Microsoft Office\\Office16\\EXCEL.EXE","ProcessGuid":"{A0F31861-6EB1-2026-592C-55B76A0FEAB3}","ProcessId":5412,"EventType":"End"}
{"UtcTime":"2026-08-12 14:13:38.000","Computer":"CLM-MESA-014","User":"CLM\\mesa","EventID":1,"Image":"C:\\Windows\\System32\\svchost.exe","ProcessGuid":"{FFF89771-7133-2026-B308-13B1C6C28362}","ProcessId":3684,"CommandLine":"C:\\Windows\\System32\\svchost.exe","ParentImage":"C:\\Windows\\System32\\services.exe","ParentProcessGuid":"{C0ACAEA4-D0DC-2026-6844-6546689558B6}","OriginalFileName":"C:\\Windows\\System32\\svchost.exe"}
{"UtcTime":"2026-08-12 14:13:39.000","Computer":"CLM-MESA-014","User":"CLM\\backoffice","EventID":1,"Image":"C:\\Program Files\\Google\\Chrome\\Application\\chrome.exe","ProcessGuid":"{B5F58048-569D-2026-6A74-89E03D037D9B}","ProcessId":3765,"CommandLine":"C:\\Program Files\\Google\\Chrome\\Application\\chrome.exe","ParentImage":"C:\\Windows\\System32\\services.exe","ParentProcessGuid":"{3CA6D786-830A-2026-B688-18F1D745C0C7}","OriginalFileName":"C:\\Program Files\\Google\\Chrome\\Application\\chrome.exe"}
{"UtcTime":"2026-08-12 14:13:40.000","Computer":"CLM-MESA-014","User":"CLM\\backoffice","EventID":5,"Image":"C:\\Windows\\System32\\conhost.exe","ProcessGuid":"{CA6F9275-EA58-2026-CDE1-E60278CB8117}","ProcessId":7867,"EventType":"End"}
{"UtcTime":"2026-08-12 14:13:41.000","Computer":"CLM-MESA-014","User":"CLM\\mesa","EventID":1,"Image":"C:\\Windows\\System32\\RuntimeBroker.exe","ProcessGuid":"{09E5A8BE-7CAE-2026-8F0D-C531CF5140FF}","ProcessId":7412,"CommandLine":"C:\\Windows\\System32\\RuntimeBroker.exe","ParentImage":"C:\\Windows\\System32\\services.exe","ParentProcessGuid":"{A23F913B-6B7C-2026-FA1C-32E321741049}","OriginalFileName":"C:\\Windows\\System32\\RuntimeBroker.exe"}
{"UtcTime":"2026-08-12 14:13:42.000","Computer":"CLM-MESA-014","User":"CLM\\backoffice","EventID":11,"Image":"C:\\Windows\\System32\\conhost.exe","ProcessGuid":"{3CFE2424-3965-2026-4089-DF16585C07BF}","ProcessId":6675,"TargetFilename":"C:\\Users\\Public\\Temp\\mesa-222.tmp"}
{"UtcTime":"2026-08-12 14:13:43.000","Computer":"CLM-MESA-014","User":"CLM\\mesa","EventID":1,"Image":"C:\\Windows\\System32\\conhost.exe","ProcessGuid":"{08D193F0-3A41-2026-262F-758AB6BF5942}","ProcessId":7271,"CommandLine":"C:\\Windows\\System32\\conhost.exe","ParentImage":"C:\\Windows\\System32\\services.exe","ParentProcessGuid":"{B7B45421-6960-2026-3F48-A425921943CA}","OriginalFileName":"C:\\Windows\\System32\\conhost.exe"}
{"UtcTime":"2026-08-12 14:13:44.000","Computer":"CLM-MESA-014","User":"CLM\\mesa","EventID":13,"Image":"C:\\Windows\\System32\\svchost.exe","ProcessGuid":"{2C96F7E7-8075-2026-9960-D713EF644903}","ProcessId":722,"EventType":"SetValue","TargetObject":"HKCU\\Software\\CLM\\Mesa\\Pref\\224","Details":"1"}
{"UtcTime":"2026-08-12 14:13:45.000","Computer":"CLM-MESA-014","User":"CLM\\mesa","EventID":3,"Image":"C:\\Windows\\System32\\RuntimeBroker.exe","ProcessGuid":"{A5118744-3058-2026-8E7A-76B9CD826D3E}","ProcessId":1857,"DestinationIp":"1.1.1.1","DestinationPort":8080,"DestinationHostname":"ntp.clm.liquidacao","SourceIp":"10.70.30.14","Protocol":"tcp"}
{"UtcTime":"2026-08-12 14:13:46.000","Computer":"CLM-MESA-014","User":"CLM\\backoffice","EventID":1,"Image":"C:\\Program Files\\Google\\Chrome\\Application\\chrome.exe","ProcessGuid":"{3A66DF2C-4656-2026-4753-0B8304A328E2}","ProcessId":1245,"CommandLine":"C:\\Program Files\\Google\\Chrome\\Application\\chrome.exe","ParentImage":"C:\\Windows\\System32\\services.exe","ParentProcessGuid":"{B44E4C55-FFB0-2026-8B60-EF0B7A64CF35}","OriginalFileName":"C:\\Program Files\\Google\\Chrome\\Application\\chrome.exe"}
{"UtcTime":"2026-08-12 14:13:47.000","Computer":"CLM-MESA-014","User":"CLM\\ops","EventID":3,"Image":"C:\\Windows\\System32\\svchost.exe","ProcessGuid":"{BE40396D-7609-2026-69CF-2DF9D2F7B2A2}","ProcessId":7822,"DestinationIp":"10.70.30.8","DestinationPort":443,"DestinationHostname":"ntp.clm.liquidacao","SourceIp":"10.70.30.14","Protocol":"tcp"}
{"UtcTime":"2026-08-12 14:13:48.000","Computer":"CLM-MESA-014","User":"CLM\\backoffice","EventID":3,"Image":"C:\\Windows\\System32\\conhost.exe","ProcessGuid":"{B5F72EBE-39B9-2026-E57C-1E69B688984D}","ProcessId":857,"DestinationIp":"10.70.30.1","DestinationPort":8080,"DestinationHostname":"ntp.clm.liquidacao","SourceIp":"10.70.30.14","Protocol":"tcp"}
{"UtcTime":"2026-08-12 14:13:49.000","Computer":"CLM-MESA-014","User":"CLM\\backoffice","EventID":1,"Image":"C:\\Program Files\\Microsoft Office\\Office16\\EXCEL.EXE","ProcessGuid":"{FA990100-8943-2026-2A84-2F465F7E1EFB}","ProcessId":7070,"CommandLine":"C:\\Program Files\\Microsoft Office\\Office16\\EXCEL.EXE","ParentImage":"C:\\Windows\\System32\\services.exe","ParentProcessGuid":"{6E03885B-9638-2026-1526-4C2381BE4ADF}","OriginalFileName":"C:\\Program Files\\Microsoft Office\\Office16\\EXCEL.EXE"}
{"UtcTime":"2026-08-12 14:13:50.000","Computer":"CLM-MESA-014","User":"CLM\\mesa","EventID":13,"Image":"C:\\Program Files\\Microsoft Office\\Office16\\EXCEL.EXE","ProcessGuid":"{59D9A583-33A9-2026-C320-AAF07EA29FE0}","ProcessId":7063,"EventType":"SetValue","TargetObject":"HKCU\\Software\\CLM\\Mesa\\Pref\\230","Details":"1"}
{"UtcTime":"2026-08-12 14:13:51.000","Computer":"CLM-MESA-014","User":"CLM\\mesa","EventID":5,"Image":"C:\\Windows\\System32\\svchost.exe","ProcessGuid":"{D69D1E00-9F63-2026-5E59-71FC7619F64D}","ProcessId":8457,"EventType":"End"}
{"UtcTime":"2026-08-12 14:13:52.000","Computer":"CLM-MESA-014","User":"CLM\\ops","EventID":11,"Image":"C:\\Windows\\System32\\conhost.exe","ProcessGuid":"{4CDF0DD1-67BE-2026-5E3D-ED020DC5132A}","ProcessId":8319,"TargetFilename":"C:\\Users\\Public\\Temp\\mesa-232.tmp"}
{"UtcTime":"2026-08-12 14:13:53.000","Computer":"CLM-MESA-014","User":"CLM\\mesa","EventID":13,"Image":"C:\\Windows\\System32\\RuntimeBroker.exe","ProcessGuid":"{183AF84F-45C5-2026-A5A8-63B731543DDB}","ProcessId":6939,"EventType":"SetValue","TargetObject":"HKCU\\Software\\CLM\\Mesa\\Pref\\233","Details":"1"}
{"UtcTime":"2026-08-12 14:13:54.000","Computer":"CLM-MESA-014","User":"CLM\\mesa","EventID":11,"Image":"C:\\Windows\\System32\\RuntimeBroker.exe","ProcessGuid":"{B359814A-67A1-2026-06E8-B6BD28483EFD}","ProcessId":6372,"TargetFilename":"C:\\Users\\Public\\Temp\\mesa-234.tmp"}
{"UtcTime":"2026-08-12 14:13:55.000","Computer":"CLM-MESA-014","User":"CLM\\ops","EventID":3,"Image":"C:\\Program Files\\Microsoft Office\\Office16\\EXCEL.EXE","ProcessGuid":"{73F59848-FC46-2026-4401-990C04252FB6}","ProcessId":1101,"DestinationIp":"8.8.8.8","DestinationPort":8080,"DestinationHostname":"ntp.clm.liquidacao","SourceIp":"10.70.30.14","Protocol":"tcp"}
{"UtcTime":"2026-08-12 14:13:56.000","Computer":"CLM-MESA-014","User":"CLM\\ops","EventID":3,"Image":"C:\\Windows\\System32\\svchost.exe","ProcessGuid":"{5B1D5132-6245-2026-A4E5-B351E6D0A65B}","ProcessId":3349,"DestinationIp":"8.8.8.8","DestinationPort":8080,"DestinationHostname":"portal.clm.liquidacao","SourceIp":"10.70.30.14","Protocol":"tcp"}
{"UtcTime":"2026-08-12 14:13:57.000","Computer":"CLM-MESA-014","User":"CLM\\ops","EventID":5,"Image":"C:\\Program Files\\Microsoft Office\\Office16\\EXCEL.EXE","ProcessGuid":"{D91DEC5E-203C-2026-69C6-F1266B2D1347}","ProcessId":3592,"EventType":"End"}
{"UtcTime":"2026-08-12 14:13:58.000","Computer":"CLM-MESA-014","User":"CLM\\backoffice","EventID":1,"Image":"C:\\Windows\\System32\\svchost.exe","ProcessGuid":"{E5F5D3A5-4E3B-2026-ECEF-4AE690CAD882}","ProcessId":8723,"CommandLine":"C:\\Windows\\System32\\svchost.exe","ParentImage":"C:\\Windows\\System32\\services.exe","ParentProcessGuid":"{72203DC6-D4C4-2026-6D7F-DBC10AF6354F}","OriginalFileName":"C:\\Windows\\System32\\svchost.exe"}
{"UtcTime":"2026-08-12 14:13:59.000","Computer":"CLM-MESA-014","User":"CLM\\ops","EventID":3,"Image":"C:\\Windows\\System32\\svchost.exe","ProcessGuid":"{99CCA45F-A60A-2026-14C4-26289025CD65}","ProcessId":7769,"DestinationIp":"10.70.30.1","DestinationPort":53,"DestinationHostname":"ntp.clm.liquidacao","SourceIp":"10.70.30.14","Protocol":"tcp"}
{"UtcTime":"2026-08-12 14:14:00.000","Computer":"CLM-MESA-014","User":"CLM\\mesa","EventID":5,"Image":"C:\\Program Files\\Microsoft Office\\Office16\\EXCEL.EXE","ProcessGuid":"{7BDF4323-A3C5-2026-BF95-FE174CCF69BE}","ProcessId":453,"EventType":"End"}
{"UtcTime":"2026-08-12 14:14:01.000","Computer":"CLM-MESA-014","User":"CLM\\mesa","EventID":3,"Image":"C:\\Windows\\System32\\svchost.exe","ProcessGuid":"{9CF20654-790E-2026-1154-621D4E4375CF}","ProcessId":5075,"DestinationIp":"10.70.30.1","DestinationPort":8080,"DestinationHostname":"portal.clm.liquidacao","SourceIp":"10.70.30.14","Protocol":"tcp"}
{"UtcTime":"2026-08-12 14:14:02.000","Computer":"CLM-MESA-014","User":"CLM\\mesa","EventID":13,"Image":"C:\\Program Files\\Microsoft Office\\Office16\\EXCEL.EXE","ProcessGuid":"{BBB7BFCF-6CE2-2026-B72F-43A5B7A8CB35}","ProcessId":7909,"EventType":"SetValue","TargetObject":"HKCU\\Software\\CLM\\Mesa\\Pref\\242","Details":"1"}
{"UtcTime":"2026-08-12 14:14:03.000","Computer":"CLM-MESA-014","User":"CLM\\ops","EventID":3,"Image":"C:\\Windows\\System32\\svchost.exe","ProcessGuid":"{0C370EF8-CE7B-2026-E0EB-692396EC8C43}","ProcessId":2004,"DestinationIp":"10.70.30.1","DestinationPort":135,"DestinationHostname":"portal.clm.liquidacao","SourceIp":"10.70.30.14","Protocol":"tcp"}
{"UtcTime":"2026-08-12 14:14:04.000","Computer":"CLM-MESA-014","User":"CLM\\ops","EventID":1,"Image":"C:\\Windows\\System32\\conhost.exe","ProcessGuid":"{AAAC31A2-FD12-2026-C8C4-0BB6456ED065}","ProcessId":8768,"CommandLine":"C:\\Windows\\System32\\conhost.exe","ParentImage":"C:\\Windows\\System32\\services.exe","ParentProcessGuid":"{9A2588B4-7309-2026-C6CA-B87776EFCEA2}","OriginalFileName":"C:\\Windows\\System32\\conhost.exe"}
{"UtcTime":"2026-08-12 14:14:05.000","Computer":"CLM-MESA-014","User":"CLM\\backoffice","EventID":1,"Image":"C:\\Windows\\System32\\conhost.exe","ProcessGuid":"{4E4D2A6B-80B2-2026-E2DA-378A74D82E2D}","ProcessId":5272,"CommandLine":"C:\\Windows\\System32\\conhost.exe","ParentImage":"C:\\Windows\\System32\\services.exe","ParentProcessGuid":"{DF8B4276-0A96-2026-9DFF-FE7A8C49B441}","OriginalFileName":"C:\\Windows\\System32\\conhost.exe"}
{"UtcTime":"2026-08-12 14:14:06.000","Computer":"CLM-MESA-014","User":"CLM\\ops","EventID":1,"Image":"C:\\Program Files\\Google\\Chrome\\Application\\chrome.exe","ProcessGuid":"{46DF5735-8BF6-2026-E6CF-7FFAF347D8FD}","ProcessId":4798,"CommandLine":"C:\\Program Files\\Google\\Chrome\\Application\\chrome.exe","ParentImage":"C:\\Windows\\System32\\services.exe","ParentProcessGuid":"{E076C374-AEAF-2026-2353-C1FE78A532CE}","OriginalFileName":"C:\\Program Files\\Google\\Chrome\\Application\\chrome.exe"}
{"UtcTime":"2026-08-12 14:14:07.000","Computer":"CLM-MESA-014","User":"CLM\\ops","EventID":1,"Image":"C:\\Program Files\\Microsoft Office\\Office16\\EXCEL.EXE","ProcessGuid":"{BCB7CF0D-5BEA-2026-F817-34428F84050A}","ProcessId":2899,"CommandLine":"C:\\Program Files\\Microsoft Office\\Office16\\EXCEL.EXE","ParentImage":"C:\\Windows\\System32\\services.exe","ParentProcessGuid":"{23CB50CE-971B-2026-2929-D61C6DD1DA71}","OriginalFileName":"C:\\Program Files\\Microsoft Office\\Office16\\EXCEL.EXE"}
{"UtcTime":"2026-08-12 14:14:08.000","Computer":"CLM-MESA-014","User":"CLM\\mesa","EventID":1,"Image":"C:\\Windows\\System32\\conhost.exe","ProcessGuid":"{D2CD40FF-FEE7-2026-0C94-5E2BADDF4ACE}","ProcessId":6651,"CommandLine":"C:\\Windows\\System32\\conhost.exe","ParentImage":"C:\\Windows\\System32\\services.exe","ParentProcessGuid":"{2FD3212C-03FB-2026-61B0-7FFFCCE87BD5}","OriginalFileName":"C:\\Windows\\System32\\conhost.exe"}
{"UtcTime":"2026-08-12 14:14:09.000","Computer":"CLM-MESA-014","User":"CLM\\mesa","EventID":5,"Image":"C:\\Windows\\System32\\RuntimeBroker.exe","ProcessGuid":"{9026C736-2E52-2026-73B4-2507BC35A06C}","ProcessId":1913,"EventType":"End"}
{"UtcTime":"2026-08-12 14:14:10.000","Computer":"CLM-MESA-014","User":"CLM\\mesa","EventID":11,"Image":"C:\\Program Files\\Google\\Chrome\\Application\\chrome.exe","ProcessGuid":"{FC9EBEA5-0162-2026-7343-9EDE1AE1C77F}","ProcessId":8321,"TargetFilename":"C:\\Users\\Public\\Temp\\mesa-250.tmp"}
{"UtcTime":"2026-08-12 14:14:11.000","Computer":"CLM-MESA-014","User":"CLM\\backoffice","EventID":11,"Image":"C:\\Windows\\System32\\conhost.exe","ProcessGuid":"{DB8D53E1-FE94-2026-7981-D45E456C2AFA}","ProcessId":679,"TargetFilename":"C:\\Users\\Public\\Temp\\mesa-251.tmp"}
{"UtcTime":"2026-08-12 14:14:12.000","Computer":"CLM-MESA-014","User":"CLM\\mesa","EventID":3,"Image":"C:\\Program Files\\Google\\Chrome\\Application\\chrome.exe","ProcessGuid":"{392F115C-2EAD-2026-2B25-91D21583420C}","ProcessId":2281,"DestinationIp":"8.8.8.8","DestinationPort":443,"DestinationHostname":"portal.clm.liquidacao","SourceIp":"10.70.30.14","Protocol":"tcp"}
{"UtcTime":"2026-08-12 14:14:13.000","Computer":"CLM-MESA-014","User":"CLM\\backoffice","EventID":11,"Image":"C:\\Windows\\System32\\svchost.exe","ProcessGuid":"{67ADCD08-CF4F-2026-8CD2-ADA37A4071D6}","ProcessId":2407,"TargetFilename":"C:\\Users\\Public\\Temp\\mesa-253.tmp"}
{"UtcTime":"2026-08-12 14:14:14.000","Computer":"CLM-MESA-014","User":"CLM\\backoffice","EventID":13,"Image":"C:\\Windows\\explorer.exe","ProcessGuid":"{4C872DB1-B2E8-2026-5183-193B0D6F6743}","ProcessId":8383,"EventType":"SetValue","TargetObject":"HKCU\\Software\\CLM\\Mesa\\Pref\\254","Details":"1"}
{"UtcTime":"2026-08-12 14:14:15.000","Computer":"CLM-MESA-014","User":"CLM\\ops","EventID":3,"Image":"C:\\Program Files\\Google\\Chrome\\Application\\chrome.exe","ProcessGuid":"{4554923E-FD7C-2026-4174-22FF4BF38D30}","ProcessId":799,"DestinationIp":"8.8.8.8","DestinationPort":53,"DestinationHostname":"portal.clm.liquidacao","SourceIp":"10.70.30.14","Protocol":"tcp"}
{"UtcTime":"2026-08-12 14:14:16.000","Computer":"CLM-MESA-014","User":"CLM\\ops","EventID":13,"Image":"C:\\Windows\\System32\\svchost.exe","ProcessGuid":"{9C471A29-73E6-2026-F07F-69C749714332}","ProcessId":1255,"EventType":"SetValue","TargetObject":"HKCU\\Software\\CLM\\Mesa\\Pref\\256","Details":"1"}
{"UtcTime":"2026-08-12 14:14:17.000","Computer":"CLM-MESA-014","User":"CLM\\ops","EventID":1,"Image":"C:\\Program Files\\Google\\Chrome\\Application\\chrome.exe","ProcessGuid":"{E893F77F-5D2F-2026-D26B-389CD4243AEA}","ProcessId":4076,"CommandLine":"C:\\Program Files\\Google\\Chrome\\Application\\chrome.exe","ParentImage":"C:\\Windows\\System32\\services.exe","ParentProcessGuid":"{031A903F-8F71-2026-E6F9-79FBD9D3FB99}","OriginalFileName":"C:\\Program Files\\Google\\Chrome\\Application\\chrome.exe"}
{"UtcTime":"2026-08-12 14:14:18.000","Computer":"CLM-MESA-014","User":"CLM\\mesa","EventID":11,"Image":"C:\\Program Files\\Google\\Chrome\\Application\\chrome.exe","ProcessGuid":"{B2A5FE37-711F-2026-1FD0-875E3FB764E1}","ProcessId":7240,"TargetFilename":"C:\\Users\\Public\\Temp\\mesa-258.tmp"}
{"UtcTime":"2026-08-12 14:14:19.000","Computer":"CLM-MESA-014","User":"CLM\\backoffice","EventID":1,"Image":"C:\\Windows\\System32\\conhost.exe","ProcessGuid":"{4783621A-A652-2026-7481-A800F474EABF}","ProcessId":3085,"CommandLine":"C:\\Windows\\System32\\conhost.exe","ParentImage":"C:\\Windows\\System32\\services.exe","ParentProcessGuid":"{44C5875B-65C6-2026-5CB7-1A80A190AFDC}","OriginalFileName":"C:\\Windows\\System32\\conhost.exe"}
{"UtcTime":"2026-08-12 14:14:20.000","Computer":"CLM-MESA-014","User":"CLM\\backoffice","EventID":1,"Image":"C:\\Windows\\explorer.exe","ProcessGuid":"{44C2D3B4-D552-2026-22F4-1DE8B85C3137}","ProcessId":8985,"CommandLine":"C:\\Windows\\explorer.exe","ParentImage":"C:\\Windows\\System32\\services.exe","ParentProcessGuid":"{FFEE78E8-97E7-2026-2AF5-53CF552B47A8}","OriginalFileName":"C:\\Windows\\explorer.exe"}
{"UtcTime":"2026-08-12 14:14:21.000","Computer":"CLM-MESA-014","User":"CLM\\mesa","EventID":3,"Image":"C:\\Windows\\System32\\conhost.exe","ProcessGuid":"{B7D0FD59-582F-2026-0330-A83F4E06CDD2}","ProcessId":4411,"DestinationIp":"10.70.30.1","DestinationPort":443,"DestinationHostname":"ntp.clm.liquidacao","SourceIp":"10.70.30.14","Protocol":"tcp"}
{"UtcTime":"2026-08-12 14:14:22.000","Computer":"CLM-MESA-014","User":"CLM\\ops","EventID":3,"Image":"C:\\Program Files\\Microsoft Office\\Office16\\EXCEL.EXE","ProcessGuid":"{706EA471-E98E-2026-5B16-C259E6F5A8A8}","ProcessId":8245,"DestinationIp":"8.8.8.8","DestinationPort":53,"DestinationHostname":"portal.clm.liquidacao","SourceIp":"10.70.30.14","Protocol":"tcp"}
{"UtcTime":"2026-08-12 14:14:23.000","Computer":"CLM-MESA-014","User":"CLM\\ops","EventID":1,"Image":"C:\\Program Files\\Microsoft Office\\Office16\\EXCEL.EXE","ProcessGuid":"{1624CF34-38CB-2026-2A47-F41053F1908F}","ProcessId":7208,"CommandLine":"C:\\Program Files\\Microsoft Office\\Office16\\EXCEL.EXE","ParentImage":"C:\\Windows\\System32\\services.exe","ParentProcessGuid":"{B7B30D8D-7287-2026-9B2A-EF31802C06E6}","OriginalFileName":"C:\\Program Files\\Microsoft Office\\Office16\\EXCEL.EXE"}
{"UtcTime":"2026-08-12 14:14:24.000","Computer":"CLM-MESA-014","User":"CLM\\ops","EventID":3,"Image":"C:\\Windows\\System32\\svchost.exe","ProcessGuid":"{AF7886A7-DD4C-2026-DB92-7DF9858DAACB}","ProcessId":7322,"DestinationIp":"10.70.30.1","DestinationPort":443,"DestinationHostname":"ntp.clm.liquidacao","SourceIp":"10.70.30.14","Protocol":"tcp"}
{"UtcTime":"2026-08-12 14:14:25.000","Computer":"CLM-MESA-014","User":"CLM\\ops","EventID":3,"Image":"C:\\Windows\\System32\\conhost.exe","ProcessGuid":"{56110FB4-62CE-2026-D7A2-9F26AC240880}","ProcessId":1646,"DestinationIp":"8.8.8.8","DestinationPort":8080,"DestinationHostname":"ntp.clm.liquidacao","SourceIp":"10.70.30.14","Protocol":"tcp"}
{"UtcTime":"2026-08-12 14:14:26.000","Computer":"CLM-MESA-014","User":"CLM\\ops","EventID":11,"Image":"C:\\Windows\\System32\\RuntimeBroker.exe","ProcessGuid":"{44C231C7-4108-2026-3757-7F87A9EBA452}","ProcessId":8226,"TargetFilename":"C:\\Users\\Public\\Temp\\mesa-266.tmp"}
{"UtcTime":"2026-08-12 14:14:27.000","Computer":"CLM-MESA-014","User":"CLM\\mesa","EventID":1,"Image":"C:\\Windows\\System32\\conhost.exe","ProcessGuid":"{43482713-4B3A-2026-817E-26EAA2669028}","ProcessId":7017,"CommandLine":"C:\\Windows\\System32\\conhost.exe","ParentImage":"C:\\Windows\\System32\\services.exe","ParentProcessGuid":"{1B46D66C-770E-2026-6FA6-CD0C99242545}","OriginalFileName":"C:\\Windows\\System32\\conhost.exe"}
{"UtcTime":"2026-08-12 14:14:28.000","Computer":"CLM-MESA-014","User":"CLM\\backoffice","EventID":13,"Image":"C:\\Program Files\\Google\\Chrome\\Application\\chrome.exe","ProcessGuid":"{E453DBD9-1F8C-2026-3CC5-516868F937FE}","ProcessId":7723,"EventType":"SetValue","TargetObject":"HKCU\\Software\\CLM\\Mesa\\Pref\\268","Details":"1"}
{"UtcTime":"2026-08-12 14:14:29.000","Computer":"CLM-MESA-014","User":"CLM\\backoffice","EventID":5,"Image":"C:\\Windows\\explorer.exe","ProcessGuid":"{5896E5BE-F354-2026-7554-D7C1BE72CCD3}","ProcessId":1739,"EventType":"End"}
{"UtcTime":"2026-08-12 14:14:30.000","Computer":"CLM-MESA-014","User":"CLM\\ops","EventID":1,"Image":"C:\\Windows\\System32\\conhost.exe","ProcessGuid":"{CE539EEC-CF42-2026-B548-635DEA0EAEDE}","ProcessId":2079,"CommandLine":"C:\\Windows\\System32\\conhost.exe","ParentImage":"C:\\Windows\\System32\\services.exe","ParentProcessGuid":"{90F15388-4F35-2026-3FB9-83411218193C}","OriginalFileName":"C:\\Windows\\System32\\conhost.exe"}
{"UtcTime":"2026-08-12 14:14:31.000","Computer":"CLM-MESA-014","User":"CLM\\backoffice","EventID":5,"Image":"C:\\Windows\\System32\\conhost.exe","ProcessGuid":"{B2127344-F7D2-2026-3BB8-1E192CA325FF}","ProcessId":8168,"EventType":"End"}
{"UtcTime":"2026-08-12 14:14:32.000","Computer":"CLM-MESA-014","User":"CLM\\mesa","EventID":1,"Image":"C:\\Windows\\System32\\svchost.exe","ProcessGuid":"{07613A62-9F58-2026-58A8-CF129E6A9217}","ProcessId":811,"CommandLine":"C:\\Windows\\System32\\svchost.exe","ParentImage":"C:\\Windows\\System32\\services.exe","ParentProcessGuid":"{7BA985B6-9886-2026-63EA-D09598ADCDF6}","OriginalFileName":"C:\\Windows\\System32\\svchost.exe"}
{"UtcTime":"2026-08-12 14:14:33.000","Computer":"CLM-MESA-014","User":"CLM\\mesa","EventID":11,"Image":"C:\\Program Files\\Google\\Chrome\\Application\\chrome.exe","ProcessGuid":"{2596049E-230C-2026-D84C-1FA30C214A91}","ProcessId":4323,"TargetFilename":"C:\\Users\\Public\\Temp\\mesa-273.tmp"}
{"UtcTime":"2026-08-12 14:14:34.000","Computer":"CLM-MESA-014","User":"CLM\\backoffice","EventID":13,"Image":"C:\\Program Files\\Google\\Chrome\\Application\\chrome.exe","ProcessGuid":"{7E13CC7E-431D-2026-B3ED-EC042A915259}","ProcessId":934,"EventType":"SetValue","TargetObject":"HKCU\\Software\\CLM\\Mesa\\Pref\\274","Details":"1"}
{"UtcTime":"2026-08-12 14:14:35.000","Computer":"CLM-MESA-014","User":"CLM\\ops","EventID":5,"Image":"C:\\Program Files\\Microsoft Office\\Office16\\EXCEL.EXE","ProcessGuid":"{467DB13C-83A1-2026-3B79-1037EF5D2014}","ProcessId":8994,"EventType":"End"}
{"UtcTime":"2026-08-12 14:14:36.000","Computer":"CLM-MESA-014","User":"CLM\\mesa","EventID":11,"Image":"C:\\Windows\\System32\\RuntimeBroker.exe","ProcessGuid":"{FB95892B-E182-2026-3A04-CB06ACFD5B12}","ProcessId":4371,"TargetFilename":"C:\\Users\\Public\\Temp\\mesa-276.tmp"}
{"UtcTime":"2026-08-12 14:14:37.000","Computer":"CLM-MESA-014","User":"CLM\\mesa","EventID":1,"Image":"C:\\Windows\\explorer.exe","ProcessGuid":"{4C6EDCEC-5E8A-2026-7E10-6D33CBC4A868}","ProcessId":2954,"CommandLine":"C:\\Windows\\explorer.exe","ParentImage":"C:\\Windows\\System32\\services.exe","ParentProcessGuid":"{E2F77E1F-960E-2026-D997-DB4352DF7C30}","OriginalFileName":"C:\\Windows\\explorer.exe"}
{"UtcTime":"2026-08-12 14:14:38.000","Computer":"CLM-MESA-014","User":"CLM\\mesa","EventID":3,"Image":"C:\\Program Files\\Google\\Chrome\\Application\\chrome.exe","ProcessGuid":"{043AC807-1A67-2026-304A-468735476BA9}","ProcessId":1040,"DestinationIp":"10.70.30.1","DestinationPort":8080,"DestinationHostname":"portal.clm.liquidacao","SourceIp":"10.70.30.14","Protocol":"tcp"}
