{"UtcTime":"2026-08-12 09:54:11.000","Computer":"TN-FIN-WS042","User":"TRANSNORTE\\ops.cardoso","EventID":13,"Image":"C:\\Program Files\\Microsoft Office\\Office16\\OUTLOOK.EXE","ProcessGuid":"{02EF69E8-B337-2026-0FCC-D44CB233223D}","ProcessId":1640,"EventType":"SetValue","TargetObject":"HKCU\\Software\\Microsoft\\Office\\16.0\\Outlook\\Resiliency\\851","Details":"1"}
{"UtcTime":"2026-08-12 09:54:12.000","Computer":"TN-FIN-WS042","User":"TRANSNORTE\\ops.cardoso","EventID":1,"Image":"C:\\Program Files\\Microsoft Office\\Office16\\OUTLOOK.EXE","ProcessGuid":"{266403BD-40A1-2026-5FD5-7BB2C726BFF1}","ProcessId":7109,"CommandLine":"C:\\Program Files\\Microsoft Office\\Office16\\OUTLOOK.EXE","ParentImage":"C:\\Windows\\System32\\services.exe","ParentProcessGuid":"{31A57444-7D9C-2026-0F79-DFE0FA6A356E}","OriginalFileName":"C:\\Program Files\\Microsoft Office\\Office16\\OUTLOOK.EXE","SHA256":"b8a75cec330556e17148b39ffecbdf01b01a400b9225e68f76f2a622d478206a"}
{"UtcTime":"2026-08-12 09:54:13.000","Computer":"TN-FIN-WS042","User":"TRANSNORTE\\ops.cardoso","EventID":1,"Image":"C:\\Windows\\System32\\RuntimeBroker.exe","ProcessGuid":"{1BA6EBF6-493F-2026-E986-B0F5908D38E1}","ProcessId":3448,"CommandLine":"C:\\Windows\\System32\\RuntimeBroker.exe","ParentImage":"C:\\Windows\\System32\\services.exe","ParentProcessGuid":"{3630FE4D-7C74-2026-FD79-102995D646C8}","OriginalFileName":"C:\\Windows\\System32\\RuntimeBroker.exe","SHA256":"7ff66636878e53d6b3a592895fb2964f7ff8105754bbda80162f4d3d9ec49598"}
{"UtcTime":"2026-08-12 09:54:14.000","Computer":"TN-FIN-WS042","User":"TRANSNORTE\\backup_svc","EventID":3,"Image":"C:\\Windows\\System32\\conhost.exe","ProcessGuid":"{095229B4-5FE1-2026-B7B1-2D8F90C9DE18}","ProcessId":5995,"DestinationIp":"1.1.1.1","DestinationPort":53,"SourceIp":"10.50.10.42","Protocol":"tcp"}
{"UtcTime":"2026-08-12 09:54:15.000","Computer":"TN-FIN-WS042","User":"TRANSNORTE\\backup_svc","EventID":3,"Image":"C:\\Windows\\System32\\RuntimeBroker.exe","ProcessGuid":"{0D0AC1B5-2F6C-2026-ABE4-D69B84E10031}","ProcessId":7628,"DestinationIp":"10.50.10.88","DestinationPort":53,"SourceIp":"10.50.10.42","Protocol":"tcp"}
{"UtcTime":"2026-08-12 09:54:16.000","Computer":"TN-FIN-WS042","User":"TRANSNORTE\\ops.cardoso","EventID":11,"Image":"C:\\Program Files\\Google\\Chrome\\Application\\chrome.exe","ProcessGuid":"{F6AD0E79-A093-2026-FCBD-C7B09B52D88D}","ProcessId":485,"TargetFilename":"C:\\Users\\ops.cardoso\\AppData\\Local\\Temp\\office-856.tmp"}
{"UtcTime":"2026-08-12 09:54:17.000","Computer":"TN-FIN-WS042","User":"TRANSNORTE\\backup_svc","EventID":1,"Image":"C:\\Windows\\System32\\RuntimeBroker.exe","ProcessGuid":"{17A2B18E-C2E7-2026-5588-4DE5CFFE785F}","ProcessId":8180,"CommandLine":"C:\\Windows\\System32\\RuntimeBroker.exe","ParentImage":"C:\\Windows\\System32\\services.exe","ParentProcessGuid":"{768097B2-FD57-2026-C48F-CE96B47721A1}","OriginalFileName":"C:\\Windows\\System32\\RuntimeBroker.exe","SHA256":"c9d390287caf70c3bdf4abaf93dc93c6fcc2625cc78229907778997b82d3b1f9"}
{"UtcTime":"2026-08-12 09:54:18.000","Computer":"TN-FIN-WS042","User":"TRANSNORTE\\backup_svc","EventID":13,"Image":"C:\\Program Files\\Microsoft Office\\Office16\\OUTLOOK.EXE","ProcessGuid":"{5A5A3404-C6DA-2026-17D7-0493DF76ABFC}","ProcessId":7779,"EventType":"SetValue","TargetObject":"HKCU\\Software\\Microsoft\\Office\\16.0\\Outlook\\Resiliency\\858","Details":"1"}
{"UtcTime":"2026-08-12 09:54:19.000","Computer":"TN-FIN-WS042","User":"TRANSNORTE\\backup_svc","EventID":3,"Image":"C:\\Program Files\\Microsoft Office\\Office16\\OUTLOOK.EXE","ProcessGuid":"{AF3F80C6-67B9-2026-4B64-0768FFC59DED}","ProcessId":8131,"DestinationIp":"1.1.1.1","DestinationPort":443,"SourceIp":"10.50.10.42","Protocol":"tcp"}
{"UtcTime":"2026-08-12 09:54:20.000","Computer":"TN-FIN-WS042","User":"TRANSNORTE\\backup_svc","EventID":13,"Image":"C:\\Windows\\System32\\conhost.exe","ProcessGuid":"{33EEF45E-BD64-2026-5E5D-E975561623F3}","ProcessId":3123,"EventType":"SetValue","TargetObject":"HKCU\\Software\\Microsoft\\Office\\16.0\\Outlook\\Resiliency\\860","Details":"1"}
{"UtcTime":"2026-08-12 09:54:21.000","Computer":"TN-FIN-WS042","User":"TRANSNORTE\\ops.cardoso","EventID":3,"Image":"C:\\Windows\\explorer.exe","ProcessGuid":"{53914A79-1887-2026-EF9A-39908385D187}","ProcessId":8193,"DestinationIp":"10.50.10.88","DestinationPort":53,"SourceIp":"10.50.10.42","Protocol":"tcp"}
{"UtcTime":"2026-08-12 09:54:22.000","Computer":"TN-FIN-WS042","User":"TRANSNORTE\\backup_svc","EventID":1,"Image":"C:\\Windows\\System32\\conhost.exe","ProcessGuid":"{E6C457DF-9409-2026-F874-5CDE08B48F71}","ProcessId":3622,"CommandLine":"C:\\Windows\\System32\\conhost.exe","ParentImage":"C:\\Windows\\System32\\services.exe","ParentProcessGuid":"{473A8A85-38D6-2026-3BDD-2D32E8EAB9F4}","OriginalFileName":"C:\\Windows\\System32\\conhost.exe","SHA256":"b2f0ee07dfafc577ae575785ec2531f67666d3ad1907097473d81f15fbf43192"}
{"UtcTime":"2026-08-12 09:54:23.000","Computer":"TN-FIN-WS042","User":"TRANSNORTE\\ops.cardoso","EventID":3,"Image":"C:\\Program Files\\Google\\Chrome\\Application\\chrome.exe","ProcessGuid":"{E52FDA31-18A5-2026-9049-7DB98FE16069}","ProcessId":563,"DestinationIp":"8.8.8.8","DestinationPort":443,"SourceIp":"10.50.10.42","Protocol":"tcp"}
{"UtcTime":"2026-08-12 09:54:24.000","Computer":"TN-FIN-WS042","User":"TRANSNORTE\\backup_svc","EventID":1,"Image":"C:\\Windows\\System32\\RuntimeBroker.exe","ProcessGuid":"{F3D7269A-4A16-2026-9344-DD4A974B45B0}","ProcessId":2085,"CommandLine":"C:\\Windows\\System32\\RuntimeBroker.exe","ParentImage":"C:\\Windows\\System32\\services.exe","ParentProcessGuid":"{C8CEC0E1-6084-2026-60A6-32DDFA64EE38}","OriginalFileName":"C:\\Windows\\System32\\RuntimeBroker.exe","SHA256":"a283b6448af97a650153def6087b0ecb6bd90992285dbac49803d059a4cef5c6"}
{"UtcTime":"2026-08-12 09:54:25.000","Computer":"TN-FIN-WS042","User":"TRANSNORTE\\backup_svc","EventID":13,"Image":"C:\\Windows\\System32\\svchost.exe","ProcessGuid":"{EE53E8D0-392C-2026-52CA-F8BF8EE5D03E}","ProcessId":8425,"EventType":"SetValue","TargetObject":"HKCU\\Software\\Microsoft\\Office\\16.0\\Outlook\\Resiliency\\865","Details":"1"}
{"UtcTime":"2026-08-12 09:54:26.000","Computer":"TN-FIN-WS042","User":"TRANSNORTE\\backup_svc","EventID":13,"Image":"C:\\Program Files\\Microsoft Office\\Office16\\OUTLOOK.EXE","ProcessGuid":"{95E1A162-E790-2026-980D-BBC60E8CA7CF}","ProcessId":3073,"EventType":"SetValue","TargetObject":"HKCU\\Software\\Microsoft\\Office\\16.0\\Outlook\\Resiliency\\866","Details":"1"}
{"UtcTime":"2026-08-12 09:54:27.000","Computer":"TN-FIN-WS042","User":"TRANSNORTE\\backup_svc","EventID":1,"Image":"C:\\Windows\\System32\\svchost.exe","ProcessGuid":"{FDD423CC-8791-2026-612C-BFDC3C210832}","ProcessId":5521,"CommandLine":"C:\\Windows\\System32\\svchost.exe","ParentImage":"C:\\Windows\\System32\\services.exe","ParentProcessGuid":"{3356FDC5-6AF1-2026-1AAD-A3EFCDACAEED}","OriginalFileName":"C:\\Windows\\System32\\svchost.exe","SHA256":"6ade1f35742d40c631bcfe2e1e57d1a554f3ea7326f9d40bf1794669c5f8b2c7"}
{"UtcTime":"2026-08-12 09:54:28.000","Computer":"TN-FIN-WS042","User":"TRANSNORTE\\backup_svc","EventID":1,"Image":"C:\\Windows\\System32\\conhost.exe","ProcessGuid":"{1C409C48-22BF-2026-646E-4C5A093A774F}","ProcessId":1933,"CommandLine":"C:\\Windows\\System32\\conhost.exe","ParentImage":"C:\\Windows\\System32\\services.exe","ParentProcessGuid":"{8986A697-16F2-2026-A012-C80C054285FD}","OriginalFileName":"C:\\Windows\\System32\\conhost.exe","SHA256":"31b85ed1e6c8eeb62d6b784a6b77d3192331ce2caee4b07a1f88d39d2f9ed7eb"}
{"UtcTime":"2026-08-12 09:54:29.000","Computer":"TN-FIN-WS042","User":"TRANSNORTE\\ops.cardoso","EventID":3,"Image":"C:\\Windows\\explorer.exe","ProcessGuid":"{13B63B5E-F5A7-2026-0D39-E6F50ACF518E}","ProcessId":7977,"DestinationIp":"8.8.8.8","DestinationPort":53,"SourceIp":"10.50.10.42","Protocol":"tcp"}
{"UtcTime":"2026-08-12 09:54:30.000","Computer":"TN-FIN-WS042","User":"TRANSNORTE\\backup_svc","EventID":1,"Image":"C:\\Windows\\System32\\conhost.exe","ProcessGuid":"{588A00DB-8588-2026-3B12-EC9EF86FE968}","ProcessId":5607,"CommandLine":"C:\\Windows\\System32\\conhost.exe","ParentImage":"C:\\Windows\\System32\\services.exe","ParentProcessGuid":"{5A98B15B-59D6-2026-A095-70AAB006B7A0}","OriginalFileName":"C:\\Windows\\System32\\conhost.exe","SHA256":"9a811c7c7b18655b39bd3b93bf96d93359eb4165ae7efe033ea02b6fbe3c1d5f"}
{"UtcTime":"2026-08-12 09:54:31.000","Computer":"TN-FIN-WS042","User":"TRANSNORTE\\ops.cardoso","EventID":5,"Image":"C:\\Windows\\System32\\RuntimeBroker.exe","ProcessGuid":"{7CFC4F02-87EB-2026-EA54-C2E1CADFEA78}","ProcessId":2421,"EventType":"End"}
{"UtcTime":"2026-08-12 09:54:32.000","Computer":"TN-FIN-WS042","User":"TRANSNORTE\\backup_svc","EventID":1,"Image":"C:\\Windows\\explorer.exe","ProcessGuid":"{7EBAFE24-0908-2026-F230-AFB2BFB4A3F6}","ProcessId":1360,"CommandLine":"C:\\Windows\\explorer.exe","ParentImage":"C:\\Windows\\System32\\services.exe","ParentProcessGuid":"{207BB2D4-8559-2026-5B40-ED907DACDB06}","OriginalFileName":"C:\\Windows\\explorer.exe","SHA256":"63eb634c15c5e491b6ef9f9522a7ef199d14b9dcd05f9963b71c756c8e49539f"}
{"UtcTime":"2026-08-12 09:54:33.000","Computer":"TN-FIN-WS042","User":"TRANSNORTE\\backup_svc","EventID":5,"Image":"C:\\Windows\\System32\\svchost.exe","ProcessGuid":"{F1487391-1CBE-2026-AB3C-81C09B2AFF0C}","ProcessId":7048,"EventType":"End"}
{"UtcTime":"2026-08-12 09:54:34.000","Computer":"TN-FIN-WS042","User":"TRANSNORTE\\backup_svc","EventID":11,"Image":"C:\\Windows\\System32\\conhost.exe","ProcessGuid":"{99D63D6D-9EDB-2026-7CB7-6E3B3B3085A0}","ProcessId":8752,"TargetFilename":"C:\\Users\\ops.cardoso\\AppData\\Local\\Temp\\office-874.tmp"}
{"UtcTime":"2026-08-12 09:54:35.000","Computer":"TN-FIN-WS042","User":"TRANSNORTE\\backup_svc","EventID":1,"Image":"C:\\Windows\\explorer.exe","ProcessGuid":"{3FE9DD31-7442-2026-EA9A-B94CD4FCD074}","ProcessId":3032,"CommandLine":"C:\\Windows\\explorer.exe","ParentImage":"C:\\Windows\\System32\\services.exe","ParentProcessGuid":"{82C720A5-0150-2026-83AC-5C2D2C8D64BA}","OriginalFileName":"C:\\Windows\\explorer.exe","SHA256":"ab69134dae62b96e7c4c9a6779c1ab9f13280e3d8138355fe30c36b2c3dab5cd"}
{"UtcTime":"2026-08-12 09:54:36.000","Computer":"TN-FIN-WS042","User":"TRANSNORTE\\backup_svc","EventID":13,"Image":"C:\\Windows\\System32\\RuntimeBroker.exe","ProcessGuid":"{1EC10900-1B3F-2026-8D85-579D130AC50E}","ProcessId":4290,"EventType":"SetValue","TargetObject":"HKCU\\Software\\Microsoft\\Office\\16.0\\Outlook\\Resiliency\\876","Details":"1"}
{"UtcTime":"2026-08-12 09:54:37.000","Computer":"TN-FIN-WS042","User":"TRANSNORTE\\backup_svc","EventID":3,"Image":"C:\\Windows\\explorer.exe","ProcessGuid":"{3CE5844E-C6AA-2026-8985-36BB3325ED1A}","ProcessId":6200,"DestinationIp":"1.1.1.1","DestinationPort":53,"SourceIp":"10.50.10.42","Protocol":"tcp"}
{"UtcTime":"2026-08-12 09:54:38.000","Computer":"TN-FIN-WS042","User":"TRANSNORTE\\backup_svc","EventID":1,"Image":"C:\\Windows\\explorer.exe","ProcessGuid":"{F9C12287-D14E-2026-A79A-A678B5F61CC1}","ProcessId":7894,"CommandLine":"C:\\Windows\\explorer.exe","ParentImage":"C:\\Windows\\System32\\services.exe","ParentProcessGuid":"{9A5B2621-11FC-2026-CEBC-4F2CDFC443F2}","OriginalFileName":"C:\\Windows\\explorer.exe","SHA256":"c1308643fec29208e48804553792f9bdf6d1ed86ebff8fb558942bf474dce585"}
{"UtcTime":"2026-08-12 09:54:39.000","Computer":"TN-FIN-WS042","User":"TRANSNORTE\\backup_svc","EventID":1,"Image":"C:\\Windows\\explorer.exe","ProcessGuid":"{CA06C9D8-5217-2026-95AA-D6C651F00792}","ProcessId":8086,"CommandLine":"C:\\Windows\\explorer.exe","ParentImage":"C:\\Windows\\System32\\services.exe","ParentProcessGuid":"{4FE049FF-4536-2026-2D72-5C15662F5CF7}","OriginalFileName":"C:\\Windows\\explorer.exe","SHA256":"543bc5173852e090067e398dfde4a988e51fa3fa0a4ab1bdd9e0e19b696493c7"}
{"UtcTime":"2026-08-12 09:54:40.000","Computer":"TN-FIN-WS042","User":"TRANSNORTE\\backup_svc","EventID":13,"Image":"C:\\Windows\\System32\\conhost.exe","ProcessGuid":"{C5697CFF-11EA-2026-67A7-E6E06DE57B48}","ProcessId":7034,"EventType":"SetValue","TargetObject":"HKCU\\Software\\Microsoft\\Office\\16.0\\Outlook\\Resiliency\\880","Details":"1"}
{"UtcTime":"2026-08-12 09:54:41.000","Computer":"TN-FIN-WS042","User":"TRANSNORTE\\ops.cardoso","EventID":1,"Image":"C:\\Program Files\\Google\\Chrome\\Application\\chrome.exe","ProcessGuid":"{51F57734-3354-2026-6CAA-A7E66FFD302A}","ProcessId":1478,"CommandLine":"C:\\Program Files\\Google\\Chrome\\Application\\chrome.exe","ParentImage":"C:\\Windows\\System32\\services.exe","ParentProcessGuid":"{6BFBB004-624E-2026-EC15-2163BEB2C97C}","OriginalFileName":"C:\\Program Files\\Google\\Chrome\\Application\\chrome.exe","SHA256":"de37a2a8dbfe50bdb7df8d8a05bcdd440794af03a2ec259993749831171179af"}
{"UtcTime":"2026-08-12 09:54:42.000","Computer":"TN-FIN-WS042","User":"TRANSNORTE\\ops.cardoso","EventID":11,"Image":"C:\\Windows\\System32\\conhost.exe","ProcessGuid":"{A34DB64B-A449-2026-EA75-52179E42B8DC}","ProcessId":5698,"TargetFilename":"C:\\Users\\ops.cardoso\\AppData\\Local\\Temp\\office-882.tmp"}
{"UtcTime":"2026-08-12 09:54:43.000","Computer":"TN-FIN-WS042","User":"TRANSNORTE\\backup_svc","EventID":1,"Image":"C:\\Program Files\\Microsoft Office\\Office16\\OUTLOOK.EXE","ProcessGuid":"{33804E05-3F9E-2026-89BB-35755B6F5F2D}","ProcessId":3883,"CommandLine":"C:\\Program Files\\Microsoft Office\\Office16\\OUTLOOK.EXE","ParentImage":"C:\\Windows\\System32\\services.exe","ParentProcessGuid":"{77C82AB7-ED80-2026-9F98-52DBD44B9E5A}","OriginalFileName":"C:\\Program Files\\Microsoft Office\\Office16\\OUTLOOK.EXE","SHA256":"26b068e124dc2f3bc1d3402cb6b89599811e8617ff560551ef7febaa795bd7ed"}
{"UtcTime":"2026-08-12 09:54:44.000","Computer":"TN-FIN-WS042","User":"TRANSNORTE\\backup_svc","EventID":5,"Image":"C:\\Windows\\System32\\svchost.exe","ProcessGuid":"{3986A4F3-925A-2026-C371-321139080528}","ProcessId":1316,"EventType":"End"}
{"UtcTime":"2026-08-12 09:54:45.000","Computer":"TN-FIN-WS042","User":"TRANSNORTE\\backup_svc","EventID":13,"Image":"C:\\Windows\\System32\\svchost.exe","ProcessGuid":"{166DDF84-6E94-2026-3A59-7D872942399C}","ProcessId":3948,"EventType":"SetValue","TargetObject":"HKCU\\Software\\Microsoft\\Office\\16.0\\Outlook\\Resiliency\\885","Details":"1"}
{"UtcTime":"2026-08-12 09:54:46.000","Computer":"TN-FIN-WS042","User":"TRANSNORTE\\backup_svc","EventID":5,"Image":"C:\\Program Files\\Microsoft Office\\Office16\\OUTLOOK.EXE","ProcessGuid":"{EF9E05E9-3B93-2026-A1CA-D5EC0712C689}","ProcessId":8000,"EventType":"End"}
{"UtcTime":"2026-08-12 09:54:47.000","Computer":"TN-FIN-WS042","User":"TRANSNORTE\\backup_svc","EventID":1,"Image":"C:\\Windows\\System32\\RuntimeBroker.exe","ProcessGuid":"{98639B10-D9FE-2026-76E0-4221BF315085}","ProcessId":3903,"CommandLine":"C:\\Windows\\System32\\RuntimeBroker.exe","ParentImage":"C:\\Windows\\System32\\services.exe","ParentProcessGuid":"{C7A6E7F7-CE7B-2026-B2EA-CE922E07CE7C}","OriginalFileName":"C:\\Windows\\System32\\RuntimeBroker.exe","SHA256":"3f910b9df7aecf476bd135ed06a7e4b2c64a554853b639588706434595a65a1a"}
{"UtcTime":"2026-08-12 09:54:48.000","Computer":"TN-FIN-WS042","User":"TRANSNORTE\\ops.cardoso","EventID":5,"Image":"C:\\Windows\\System32\\RuntimeBroker.exe","ProcessGuid":"{547334D7-C853-2026-9D7B-CA18A5EA0FD2}","ProcessId":6198,"EventType":"End"}
{"UtcTime":"2026-08-12 09:54:49.000","Computer":"TN-FIN-WS042","User":"TRANSNORTE\\backup_svc","EventID":5,"Image":"C:\\Program Files\\Google\\Chrome\\Application\\chrome.exe","ProcessGuid":"{B2A7C63C-241D-2026-0925-3AE4409E8CD7}","ProcessId":7207,"EventType":"End"}
{"UtcTime":"2026-08-12 09:54:50.000","Computer":"TN-FIN-WS042","User":"TRANSNORTE\\ops.cardoso","EventID":13,"Image":"C:\\Windows\\System32\\conhost.exe","ProcessGuid":"{54455199-FE4E-2026-1010-2DCB10DFF83F}","ProcessId":2611,"EventType":"SetValue","TargetObject":"HKCU\\Software\\Microsoft\\Office\\16.0\\Outlook\\Resiliency\\890","Details":"1"}
{"UtcTime":"2026-08-12 09:54:51.000","Computer":"TN-FIN-WS042","User":"TRANSNORTE\\ops.cardoso","EventID":3,"Image":"C:\\Program Files\\Google\\Chrome\\Application\\chrome.exe","ProcessGuid":"{7DF0519C-65EC-2026-F03E-1F87F92C45B2}","ProcessId":8060,"DestinationIp":"8.8.8.8","DestinationPort":53,"SourceIp":"10.50.10.42","Protocol":"tcp"}
{"UtcTime":"2026-08-12 09:54:52.000","Computer":"TN-FIN-WS042","User":"TRANSNORTE\\backup_svc","EventID":1,"Image":"C:\\Windows\\System32\\RuntimeBroker.exe","ProcessGuid":"{83190831-3630-2026-D94E-283150EBC2CA}","ProcessId":4976,"CommandLine":"C:\\Windows\\System32\\RuntimeBroker.exe","ParentImage":"C:\\Windows\\System32\\services.exe","ParentProcessGuid":"{1A28A63F-90E5-2026-8057-DF24950C119A}","OriginalFileName":"C:\\Windows\\System32\\RuntimeBroker.exe","SHA256":"75dda2407f08c94ed629836d3f96c48cc732b66594e6c6b7c385727b8b3dced3"}
{"UtcTime":"2026-08-12 09:54:53.000","Computer":"TN-FIN-WS042","User":"TRANSNORTE\\backup_svc","EventID":11,"Image":"C:\\Windows\\System32\\RuntimeBroker.exe","ProcessGuid":"{2C6C1BD8-11A6-2026-2F41-855EA2328626}","ProcessId":7814,"TargetFilename":"C:\\Users\\ops.cardoso\\AppData\\Local\\Temp\\office-893.tmp"}
{"UtcTime":"2026-08-12 09:54:54.000","Computer":"TN-FIN-WS042","User":"TRANSNORTE\\backup_svc","EventID":1,"Image":"C:\\Program Files\\Microsoft Office\\Office16\\OUTLOOK.EXE","ProcessGuid":"{CE6524EA-7C00-2026-0FBC-D8109C80F294}","ProcessId":4391,"CommandLine":"C:\\Program Files\\Microsoft Office\\Office16\\OUTLOOK.EXE","ParentImage":"C:\\Windows\\System32\\services.exe","ParentProcessGuid":"{58F47B0B-BBB2-2026-87BF-80A901BC3688}","OriginalFileName":"C:\\Program Files\\Microsoft Office\\Office16\\OUTLOOK.EXE","SHA256":"a20c197c3325c94727b58027e244c5adcf60ca1c3180d28013972e681c26350c"}
{"UtcTime":"2026-08-12 09:54:55.000","Computer":"TN-FIN-WS042","User":"TRANSNORTE\\backup_svc","EventID":3,"Image":"C:\\Program Files\\Google\\Chrome\\Application\\chrome.exe","ProcessGuid":"{D1A08D57-0CA2-2026-A222-13209562F037}","ProcessId":4531,"DestinationIp":"10.50.10.88","DestinationPort":53,"SourceIp":"10.50.10.42","Protocol":"tcp"}
{"UtcTime":"2026-08-12 09:54:56.000","Computer":"TN-FIN-WS042","User":"TRANSNORTE\\ops.cardoso","EventID":3,"Image":"C:\\Windows\\System32\\svchost.exe","ProcessGuid":"{F3390148-AB52-2026-5DAD-AF15D20F4054}","ProcessId":5965,"DestinationIp":"10.50.10.88","DestinationPort":135,"SourceIp":"10.50.10.42","Protocol":"tcp"}
{"UtcTime":"2026-08-12 09:54:57.000","Computer":"TN-FIN-WS042","User":"TRANSNORTE\\ops.cardoso","EventID":13,"Image":"C:\\Program Files\\Google\\Chrome\\Application\\chrome.exe","ProcessGuid":"{A216DB9C-040F-2026-453E-3250EB29BD4B}","ProcessId":8133,"EventType":"SetValue","TargetObject":"HKCU\\Software\\Microsoft\\Office\\16.0\\Outlook\\Resiliency\\897","Details":"1"}
{"UtcTime":"2026-08-12 09:54:58.000","Computer":"TN-FIN-WS042","User":"TRANSNORTE\\backup_svc","EventID":13,"Image":"C:\\Program Files\\Microsoft Office\\Office16\\OUTLOOK.EXE","ProcessGuid":"{79B289EC-6E7C-2026-96D2-70C76468D506}","ProcessId":8279,"EventType":"SetValue","TargetObject":"HKCU\\Software\\Microsoft\\Office\\16.0\\Outlook\\Resiliency\\898","Details":"1"}
{"UtcTime":"2026-08-12 09:54:59.000","Computer":"TN-FIN-WS042","User":"TRANSNORTE\\backup_svc","EventID":1,"Image":"C:\\Program Files\\Microsoft Office\\Office16\\OUTLOOK.EXE","ProcessGuid":"{E3C82F18-0739-2026-FE48-53E3318971EA}","ProcessId":4802,"CommandLine":"C:\\Program Files\\Microsoft Office\\Office16\\OUTLOOK.EXE","ParentImage":"C:\\Windows\\System32\\services.exe","ParentProcessGuid":"{2AA8AA55-B130-2026-C82A-69F866E335FF}","OriginalFileName":"C:\\Program Files\\Microsoft Office\\Office16\\OUTLOOK.EXE","SHA256":"6b17b1b0485b20f58ee9eac6d5406c84fbd175960242c71d239a5007a6f79da9"}
{"UtcTime":"2026-08-12 09:55:00.000","Computer":"TN-FIN-WS042","User":"TRANSNORTE\\ops.cardoso","EventID":1,"Image":"C:\\Program Files\\Microsoft Office\\Office16\\OUTLOOK.EXE","ProcessGuid":"{04DE7938-CEC0-2026-174A-B8C777186FE9}","ProcessId":4964,"CommandLine":"C:\\Program Files\\Microsoft Office\\Office16\\OUTLOOK.EXE","ParentImage":"C:\\Windows\\System32\\services.exe","ParentProcessGuid":"{4CD00BEB-EBB4-2026-AFFF-9AEBD47757C5}","OriginalFileName":"C:\\Program Files\\Microsoft Office\\Office16\\OUTLOOK.EXE","SHA256":"ad9aad4e60abefa0d7caf1d4196713d268f46aa1e497e55073f3b409e2e4eb42"}
{"UtcTime":"2026-08-12 09:55:01.000","Computer":"TN-FIN-WS042","User":"TRANSNORTE\\ops.cardoso","EventID":1,"Image":"C:\\Windows\\System32\\svchost.exe","ProcessGuid":"{60187657-C077-2026-605F-F777317E06BF}","ProcessId":1445,"CommandLine":"C:\\Windows\\System32\\svchost.exe","ParentImage":"C:\\Windows\\System32\\services.exe","ParentProcessGuid":"{9D6F97D1-121F-2026-C024-FDB909C93798}","OriginalFileName":"C:\\Windows\\System32\\svchost.exe","SHA256":"3671a1a6132dd974dc393ffb7924acf6e15b323f6cfdc90dd022f539a3f24f05"}
{"UtcTime":"2026-08-12 09:55:02.000","Computer":"TN-FIN-WS042","User":"TRANSNORTE\\backup_svc","EventID":3,"Image":"C:\\Windows\\System32\\conhost.exe","ProcessGuid":"{EF617536-AE61-2026-C157-365CFAA8EC3A}","ProcessId":1966,"DestinationIp":"8.8.8.8","DestinationPort":135,"SourceIp":"10.50.10.42","Protocol":"tcp"}
{"UtcTime":"2026-08-12 09:55:03.000","Computer":"TN-FIN-WS042","User":"TRANSNORTE\\backup_svc","EventID":1,"Image":"C:\\Windows\\System32\\svchost.exe","ProcessGuid":"{751E0CF0-B8F6-2026-B50E-C18FB0426A8A}","ProcessId":4684,"CommandLine":"C:\\Windows\\System32\\svchost.exe","ParentImage":"C:\\Windows\\System32\\services.exe","ParentProcessGuid":"{CA8CA132-ED7C-2026-8202-63CE4D2BF584}","OriginalFileName":"C:\\Windows\\System32\\svchost.exe","SHA256":"2b89e50345ba14dc1691c721cf31d5659f29f9a278552194f7b6abf37bcf5f41"}
{"UtcTime":"2026-08-12 09:55:04.000","Computer":"TN-FIN-WS042","User":"TRANSNORTE\\ops.cardoso","EventID":1,"Image":"C:\\Windows\\System32\\RuntimeBroker.exe","ProcessGuid":"{32A144EA-FF47-2026-3383-A77BC8D88110}","ProcessId":2057,"CommandLine":"C:\\Windows\\System32\\RuntimeBroker.exe","ParentImage":"C:\\Windows\\System32\\services.exe","ParentProcessGuid":"{B503C01D-C396-2026-9941-FB0E251760C5}","OriginalFileName":"C:\\Windows\\System32\\RuntimeBroker.exe","SHA256":"cd280c0d4a036f60c74f690450ab99ebb92c91238fa96b6a2019f315607e2367"}
{"UtcTime":"2026-08-12 09:55:05.000","Computer":"TN-FIN-WS042","User":"TRANSNORTE\\backup_svc","EventID":1,"Image":"C:\\Windows\\System32\\RuntimeBroker.exe","ProcessGuid":"{E547F994-4FE4-2026-565D-0DC50EAE943E}","ProcessId":7607,"CommandLine":"C:\\Windows\\System32\\RuntimeBroker.exe","ParentImage":"C:\\Windows\\System32\\services.exe","ParentProcessGuid":"{71439BFC-B127-2026-9A90-C4DAFDBF2F15}","OriginalFileName":"C:\\Windows\\System32\\RuntimeBroker.exe","SHA256":"169359bc2cc3e833d22e2d7794b6630629312dcd7382e95ea430e7aa23deffc6"}
{"UtcTime":"2026-08-12 09:55:06.000","Computer":"TN-FIN-WS042","User":"TRANSNORTE\\backup_svc","EventID":1,"Image":"C:\\Windows\\System32\\svchost.exe","ProcessGuid":"{412A4F2C-BD05-2026-6313-114E24806206}","ProcessId":1367,"CommandLine":"C:\\Windows\\System32\\svchost.exe","ParentImage":"C:\\Windows\\System32\\services.exe","ParentProcessGuid":"{04B8F8FB-9076-2026-91B9-32E6E22BD921}","OriginalFileName":"C:\\Windows\\System32\\svchost.exe","SHA256":"4eea31673224e77a3b2c29746316378b41e8535869fd24809bfb8ffebb5d0464"}
{"UtcTime":"2026-08-12 09:55:07.000","Computer":"TN-FIN-WS042","User":"TRANSNORTE\\backup_svc","EventID":3,"Image":"C:\\Windows\\System32\\conhost.exe","ProcessGuid":"{8B1EC6C4-944C-2026-F5D9-3D0BE343E943}","ProcessId":8043,"DestinationIp":"10.50.10.10","DestinationPort":443,"SourceIp":"10.50.10.42","Protocol":"tcp"}
{"UtcTime":"2026-08-12 09:55:08.000","Computer":"TN-FIN-WS042","User":"TRANSNORTE\\ops.cardoso","EventID":11,"Image":"C:\\Program Files\\Google\\Chrome\\Application\\chrome.exe","ProcessGuid":"{6E926089-14C9-2026-1344-0E75688B81A1}","ProcessId":7167,"TargetFilename":"C:\\Users\\ops.cardoso\\AppData\\Local\\Temp\\office-908.tmp"}
{"UtcTime":"2026-08-12 09:55:09.000","Computer":"TN-FIN-WS042","User":"TRANSNORTE\\backup_svc","EventID":1,"Image":"C:\\Windows\\System32\\RuntimeBroker.exe","ProcessGuid":"{74363AE4-B7A7-2026-F098-49A6ABCAC0AF}","ProcessId":4709,"CommandLine":"C:\\Windows\\System32\\RuntimeBroker.exe","ParentImage":"C:\\Windows\\System32\\services.exe","ParentProcessGuid":"{F7527B93-E297-2026-5FB6-CDEBB35E8158}","OriginalFileName":"C:\\Windows\\System32\\RuntimeBroker.exe","SHA256":"1e85ac7803aa85aeb7db625ff6a3326cf49382d5853287b281535784b5fffcc5"}
{"UtcTime":"2026-08-12 09:55:10.000","Computer":"TN-FIN-WS042","User":"TRANSNORTE\\backup_svc","EventID":5,"Image":"C:\\Program Files\\Microsoft Office\\Office16\\OUTLOOK.EXE","ProcessGuid":"{C960DC91-D6F1-2026-4E54-1C9A6CE89CD2}","ProcessId":5554,"EventType":"End"}
{"UtcTime":"2026-08-12 09:55:11.000","Computer":"TN-FIN-WS042","User":"TRANSNORTE\\backup_svc","EventID":1,"Image":"C:\\Program Files\\Microsoft Office\\Office16\\OUTLOOK.EXE","ProcessGuid":"{D5E2E266-ECCF-2026-555C-E297A8DCF3BE}","ProcessId":4684,"CommandLine":"C:\\Program Files\\Microsoft Office\\Office16\\OUTLOOK.EXE","ParentImage":"C:\\Windows\\System32\\services.exe","ParentProcessGuid":"{E859271A-0D6F-2026-4C23-FF2A6F736383}","OriginalFileName":"C:\\Program Files\\Microsoft Office\\Office16\\OUTLOOK.EXE","SHA256":"00ed3cb51f4bac6dce1eaeb0cdb10ccffa37b4407b9976bb038f78415935f56a"}
{"UtcTime":"2026-08-12 09:55:12.000","Computer":"TN-FIN-WS042","User":"TRANSNORTE\\ops.cardoso","EventID":1,"Image":"C:\\Windows\\explorer.exe","ProcessGuid":"{50B9EB5C-B47C-2026-7463-E0928B41A0D1}","ProcessId":7056,"CommandLine":"C:\\Windows\\explorer.exe","ParentImage":"C:\\Windows\\System32\\services.exe","ParentProcessGuid":"{DB5B90DB-E137-2026-296D-79E06457231C}","OriginalFileName":"C:\\Windows\\explorer.exe","SHA256":"4d7c4bcb64796a657442b3f0f0fb96879d72e8f9bcb9fa1733fd2567d8c721a4"}
{"UtcTime":"2026-08-12 09:55:13.000","Computer":"TN-FIN-WS042","User":"TRANSNORTE\\ops.cardoso","EventID":13,"Image":"C:\\Windows\\System32\\svchost.exe","ProcessGuid":"{A1C3FABE-A6FD-2026-F292-04CED726595B}","ProcessId":7353,"EventType":"SetValue","TargetObject":"HKCU\\Software\\Microsoft\\Office\\16.0\\Outlook\\Resiliency\\913","Details":"1"}
{"UtcTime":"2026-08-12 09:55:14.000","Computer":"TN-FIN-WS042","User":"TRANSNORTE\\backup_svc","EventID":11,"Image":"C:\\Windows\\explorer.exe","ProcessGuid":"{F2BB44CD-4C52-2026-A134-32AADA6C3CF1}","ProcessId":3853,"TargetFilename":"C:\\Users\\ops.cardoso\\AppData\\Local\\Temp\\office-914.tmp"}
{"UtcTime":"2026-08-12 09:55:15.000","Computer":"TN-FIN-WS042","User":"TRANSNORTE\\backup_svc","EventID":11,"Image":"C:\\Windows\\System32\\conhost.exe","ProcessGuid":"{CC7B202F-E3AA-2026-E932-9B5D8FF32FF0}","ProcessId":6167,"TargetFilename":"C:\\Users\\ops.cardoso\\AppData\\Local\\Temp\\office-915.tmp"}
{"UtcTime":"2026-08-12 09:55:16.000","Computer":"TN-FIN-WS042","User":"TRANSNORTE\\backup_svc","EventID":1,"Image":"C:\\Windows\\explorer.exe","ProcessGuid":"{AFD671CA-0A0E-2026-6F48-85B0ADD5CD39}","ProcessId":3277,"CommandLine":"C:\\Windows\\explorer.exe","ParentImage":"C:\\Windows\\System32\\services.exe","ParentProcessGuid":"{E2120A7A-9E1A-2026-B487-4C1D96D6F7E2}","OriginalFileName":"C:\\Windows\\explorer.exe","SHA256":"8be650b6da1c4e20234e706de26b0456aa7f0ac1236dab8327c5808402d2f7b2"}
{"UtcTime":"2026-08-12 09:55:17.000","Computer":"TN-FIN-WS042","User":"TRANSNORTE\\backup_svc","EventID":11,"Image":"C:\\Windows\\System32\\conhost.exe","ProcessGuid":"{8CB5A839-5639-2026-C524-8086DCFE2F63}","ProcessId":7040,"TargetFilename":"C:\\Users\\ops.cardoso\\AppData\\Local\\Temp\\office-917.tmp"}
{"UtcTime":"2026-08-12 09:55:18.000","Computer":"TN-FIN-WS042","User":"TRANSNORTE\\ops.cardoso","EventID":11,"Image":"C:\\Program Files\\Microsoft Office\\Office16\\OUTLOOK.EXE","ProcessGuid":"{0FE25892-2EF7-2026-889E-A441743BE56F}","ProcessId":8349,"TargetFilename":"C:\\Users\\ops.cardoso\\AppData\\Local\\Temp\\office-918.tmp"}
{"UtcTime":"2026-08-12 09:55:19.000","Computer":"TN-FIN-WS042","User":"TRANSNORTE\\backup_svc","EventID":1,"Image":"C:\\Windows\\System32\\conhost.exe","ProcessGuid":"{EA8EB9EC-B0A4-2026-2188-64FC945F58E5}","ProcessId":7576,"CommandLine":"C:\\Windows\\System32\\conhost.exe","ParentImage":"C:\\Windows\\System32\\services.exe","ParentProcessGuid":"{F2685257-43DF-2026-2CC6-FA6EFB0AA001}","OriginalFileName":"C:\\Windows\\System32\\conhost.exe","SHA256":"1e094cc7c642137edc7fcb3001205f808748193c78809bec75a5db24d1f87c88"}
{"UtcTime":"2026-08-12 09:55:20.000","Computer":"TN-FIN-WS042","User":"TRANSNORTE\\backup_svc","EventID":1,"Image":"C:\\Windows\\explorer.exe","ProcessGuid":"{FD8D70EB-A294-2026-5AB7-482B343BD14D}","ProcessId":2833,"CommandLine":"C:\\Windows\\explorer.exe","ParentImage":"C:\\Windows\\System32\\services.exe","ParentProcessGuid":"{C13E7C52-13DC-2026-C853-07BE8C8E90AF}","OriginalFileName":"C:\\Windows\\explorer.exe","SHA256":"861081104921674bafef025cccd4cfda797092de32e49580099b9ef02979e4ee"}
{"UtcTime":"2026-08-12 09:55:21.000","Computer":"TN-FIN-WS042","User":"TRANSNORTE\\ops.cardoso","EventID":3,"Image":"C:\\Windows\\System32\\RuntimeBroker.exe","ProcessGuid":"{93F94360-5EFE-2026-BC81-53D6FF43E55C}","ProcessId":4965,"DestinationIp":"10.50.10.10","DestinationPort":135,"SourceIp":"10.50.10.42","Protocol":"tcp"}
{"UtcTime":"2026-08-12 09:55:22.000","Computer":"TN-FIN-WS042","User":"TRANSNORTE\\backup_svc","EventID":11,"Image":"C:\\Windows\\System32\\RuntimeBroker.exe","ProcessGuid":"{695C45A4-83F8-2026-E37F-0F5C6E3BC15C}","ProcessId":8377,"TargetFilename":"C:\\Users\\ops.cardoso\\AppData\\Local\\Temp\\office-922.tmp"}
{"UtcTime":"2026-08-12 09:55:23.000","Computer":"TN-FIN-WS042","User":"TRANSNORTE\\backup_svc","EventID":1,"Image":"C:\\Program Files\\Google\\Chrome\\Application\\chrome.exe","ProcessGuid":"{7FE4F2E6-1D34-2026-E968-FF83DE823813}","ProcessId":3011,"CommandLine":"C:\\Program Files\\Google\\Chrome\\Application\\chrome.exe","ParentImage":"C:\\Windows\\System32\\services.exe","ParentProcessGuid":"{35635391-8930-2026-243F-4046968B0BF3}","OriginalFileName":"C:\\Program Files\\Google\\Chrome\\Application\\chrome.exe","SHA256":"716df1772656c564aaaba97d489a79b7c05b9a78e3452ac846d4f37b562fc3a6"}
{"UtcTime":"2026-08-12 09:55:24.000","Computer":"TN-FIN-WS042","User":"TRANSNORTE\\backup_svc","EventID":3,"Image":"C:\\Windows\\explorer.exe","ProcessGuid":"{FD928DF7-04CE-2026-15B2-F04F3F375F4C}","ProcessId":2971,"DestinationIp":"1.1.1.1","DestinationPort":443,"SourceIp":"10.50.10.42","Protocol":"tcp"}
{"UtcTime":"2026-08-12 09:55:25.000","Computer":"TN-FIN-WS042","User":"TRANSNORTE\\ops.cardoso","EventID":1,"Image":"C:\\Windows\\System32\\RuntimeBroker.exe","ProcessGuid":"{9E1101E8-689C-2026-5998-91F84070DE1A}","ProcessId":2080,"CommandLine":"C:\\Windows\\System32\\RuntimeBroker.exe","ParentImage":"C:\\Windows\\System32\\services.exe","ParentProcessGuid":"{4CC35CC0-20C3-2026-F4B3-0B692532B4AC}","OriginalFileName":"C:\\Windows\\System32\\RuntimeBroker.exe","SHA256":"cfdff6e0920e0053e0ab9083b3a8e6771b00d0a16f424b51ac75a6e59454fd88"}
{"UtcTime":"2026-08-12 09:55:26.000","Computer":"TN-FIN-WS042","User":"TRANSNORTE\\ops.cardoso","EventID":1,"Image":"C:\\Program Files\\Google\\Chrome\\Application\\chrome.exe","ProcessGuid":"{D7B902BB-652A-2026-3ED9-A9B016E8FF1B}","ProcessId":8250,"CommandLine":"C:\\Program Files\\Google\\Chrome\\Application\\chrome.exe","ParentImage":"C:\\Windows\\System32\\services.exe","ParentProcessGuid":"{4180A699-042D-2026-2F6E-6DCD56FD3A2C}","OriginalFileName":"C:\\Program Files\\Google\\Chrome\\Application\\chrome.exe","SHA256":"12ebb96ada7c404027d5b2f5d0a9d744a8bb85b1fb308aaae9c11184b31ba7d3"}
{"UtcTime":"2026-08-12 09:55:27.000","Computer":"TN-FIN-WS042","User":"TRANSNORTE\\backup_svc","EventID":1,"Image":"C:\\Windows\\System32\\svchost.exe","ProcessGuid":"{08C71649-4398-2026-853D-AA34EDA01ACD}","ProcessId":1355,"CommandLine":"C:\\Windows\\System32\\svchost.exe","ParentImage":"C:\\Windows\\System32\\services.exe","ParentProcessGuid":"{B5C4DE77-A8A5-2026-E4D8-AC1EC036923C}","OriginalFileName":"C:\\Windows\\System32\\svchost.exe","SHA256":"a3fc4377dee9a10b3aac6d74e983e6c78b45bfb4e698faa5de875e84712b2542"}
{"UtcTime":"2026-08-12 09:55:28.000","Computer":"TN-FIN-WS042","User":"TRANSNORTE\\backup_svc","EventID":13,"Image":"C:\\Windows\\System32\\RuntimeBroker.exe","ProcessGuid":"{487B29BD-F55F-2026-4B52-9B9B508878F3}","ProcessId":2775,"EventType":"SetValue","TargetObject":"HKCU\\Software\\Microsoft\\Office\\16.0\\Outlook\\Resiliency\\928","Details":"1"}
{"UtcTime":"2026-08-12 09:55:29.000","Computer":"TN-FIN-WS042","User":"TRANSNORTE\\backup_svc","EventID":11,"Image":"C:\\Windows\\explorer.exe","ProcessGuid":"{59D24201-6B84-2026-E9DC-B1C5F6939AD6}","ProcessId":1136,"TargetFilename":"C:\\Users\\ops.cardoso\\AppData\\Local\\Temp\\office-929.tmp"}
{"UtcTime":"2026-08-12 09:55:30.000","Computer":"TN-FIN-WS042","User":"TRANSNORTE\\backup_svc","EventID":5,"Image":"C:\\Program Files\\Google\\Chrome\\Application\\chrome.exe","ProcessGuid":"{9FEA5472-8D29-2026-F2EA-0ADEF8093997}","ProcessId":7448,"EventType":"End"}
{"UtcTime":"2026-08-12 09:55:31.000","Computer":"TN-FIN-WS042","User":"TRANSNORTE\\ops.cardoso","EventID":1,"Image":"C:\\Windows\\System32\\conhost.exe","ProcessGuid":"{33458A46-DFD2-2026-9C81-F1BE22F7CAD9}","ProcessId":4868,"CommandLine":"C:\\Windows\\System32\\conhost.exe","ParentImage":"C:\\Windows\\System32\\services.exe","ParentProcessGuid":"{9351AFB0-C114-2026-1688-C0B60BCAD1C0}","OriginalFileName":"C:\\Windows\\System32\\conhost.exe","SHA256":"373073bb5cb941872fb351065300911aeb98a5b7720830a1a483421a1b04504a"}
{"UtcTime":"2026-08-12 09:55:32.000","Computer":"TN-FIN-WS042","User":"TRANSNORTE\\ops.cardoso","EventID":1,"Image":"C:\\Windows\\System32\\conhost.exe","ProcessGuid":"{CAD26F44-B341-2026-BE26-049A7B38AC78}","ProcessId":5431,"CommandLine":"C:\\Windows\\System32\\conhost.exe","ParentImage":"C:\\Windows\\System32\\services.exe","ParentProcessGuid":"{2307BCB7-9035-2026-397E-03946297377A}","OriginalFileName":"C:\\Windows\\System32\\conhost.exe","SHA256":"4b25ddf104c08e7c6b41b8540b9d84579f0708114b689fc27ea782048d43a73a"}
{"UtcTime":"2026-08-12 09:55:33.000","Computer":"TN-FIN-WS042","User":"TRANSNORTE\\ops.cardoso","EventID":1,"Image":"C:\\Windows\\System32\\svchost.exe","ProcessGuid":"{3B093E0C-B8FE-2026-3197-5B6389631FB8}","ProcessId":5945,"CommandLine":"C:\\Windows\\System32\\svchost.exe","ParentImage":"C:\\Windows\\System32\\services.exe","ParentProcessGuid":"{9F3D7D49-2945-2026-756E-04B26D072311}","OriginalFileName":"C:\\Windows\\System32\\svchost.exe","SHA256":"0b8904438dff6c17d47d4f971928868cf8474a36200dce4acb9423b3bd53a622"}
{"UtcTime":"2026-08-12 09:55:34.000","Computer":"TN-FIN-WS042","User":"TRANSNORTE\\ops.cardoso","EventID":1,"Image":"C:\\Program Files\\Google\\Chrome\\Application\\chrome.exe","ProcessGuid":"{C4643502-C1A8-2026-F2BB-716FFF165B1C}","ProcessId":1995,"CommandLine":"C:\\Program Files\\Google\\Chrome\\Application\\chrome.exe","ParentImage":"C:\\Windows\\System32\\services.exe","ParentProcessGuid":"{DAC098F3-3F9D-2026-F217-76D0120F7A9B}","OriginalFileName":"C:\\Program Files\\Google\\Chrome\\Application\\chrome.exe","SHA256":"6137d1eae8d6aae8f0c1106688c15c54b14731ec0438aa46175bec7abe38e20b"}
{"UtcTime":"2026-08-12 09:55:35.000","Computer":"TN-FIN-WS042","User":"TRANSNORTE\\ops.cardoso","EventID":1,"Image":"C:\\Windows\\System32\\RuntimeBroker.exe","ProcessGuid":"{CB520E47-B8BA-2026-C9A3-DFCCF2F5CB0B}","ProcessId":8285,"CommandLine":"C:\\Windows\\System32\\RuntimeBroker.exe","ParentImage":"C:\\Windows\\System32\\services.exe","ParentProcessGuid":"{DA265CD6-ECA5-2026-F9CA-7520EFF73BE3}","OriginalFileName":"C:\\Windows\\System32\\RuntimeBroker.exe","SHA256":"27af114bb195c74f7fa237042a709600b9ba5e6eb915e2263d78b368f844dc73"}
{"UtcTime":"2026-08-12 09:55:36.000","Computer":"TN-FIN-WS042","User":"TRANSNORTE\\ops.cardoso","EventID":3,"Image":"C:\\Program Files\\Google\\Chrome\\Application\\chrome.exe","ProcessGuid":"{0C27F07E-FC21-2026-B6D8-02E156B6C6E9}","ProcessId":1990,"DestinationIp":"10.50.10.88","DestinationPort":443,"SourceIp":"10.50.10.42","Protocol":"tcp"}
{"UtcTime":"2026-08-12 09:55:37.000","Computer":"TN-FIN-WS042","User":"TRANSNORTE\\backup_svc","EventID":3,"Image":"C:\\Windows\\System32\\conhost.exe","ProcessGuid":"{9CF3F740-D231-2026-3900-85CFBAA5CAEE}","ProcessId":3699,"DestinationIp":"10.50.10.88","DestinationPort":135,"SourceIp":"10.50.10.42","Protocol":"tcp"}
{"UtcTime":"2026-08-12 09:55:38.000","Computer":"TN-FIN-WS042","User":"TRANSNORTE\\ops.cardoso","EventID":3,"Image":"C:\\Program Files\\Microsoft Office\\Office16\\OUTLOOK.EXE","ProcessGuid":"{1F959806-815B-2026-CAFF-DE3CAFF8FA55}","ProcessId":4572,"DestinationIp":"10.50.10.88","DestinationPort":135,"SourceIp":"10.50.10.42","Protocol":"tcp"}
{"UtcTime":"2026-08-12 09:55:39.000","Computer":"TN-FIN-WS042","User":"TRANSNORTE\\backup_svc","EventID":1,"Image":"C:\\Windows\\System32\\RuntimeBroker.exe","ProcessGuid":"{9242E292-DE9D-2026-E6E4-A1046A75ADEC}","ProcessId":5271,"CommandLine":"C:\\Windows\\System32\\RuntimeBroker.exe","ParentImage":"C:\\Windows\\System32\\services.exe","ParentProcessGuid":"{C05C5789-A8C6-2026-D249-EDB05DF91069}","OriginalFileName":"C:\\Windows\\System32\\RuntimeBroker.exe","SHA256":"85a443ab07a891f8c14262519c9f3d5de27aef5caec888e49b46fd4dd074082d"}
{"UtcTime":"2026-08-12 09:55:40.000","Computer":"TN-FIN-WS042","User":"TRANSNORTE\\ops.cardoso","EventID":1,"Image":"C:\\Windows\\System32\\conhost.exe","ProcessGuid":"{2364411A-5051-2026-8017-74BEC28A8CF3}","ProcessId":3420,"CommandLine":"C:\\Windows\\System32\\conhost.exe","ParentImage":"C:\\Windows\\System32\\services.exe","ParentProcessGuid":"{C4087AAB-D0FA-2026-83CD-D0114930017A}","OriginalFileName":"C:\\Windows\\System32\\conhost.exe","SHA256":"8e61e88bb8eb3385f2b724ab0a7741fbab60ab1ec7d9caaff38564d0acc44622"}
{"UtcTime":"2026-08-12 09:55:41.000","Computer":"TN-FIN-WS042","User":"TRANSNORTE\\backup_svc","EventID":1,"Image":"C:\\Windows\\explorer.exe","ProcessGuid":"{9CED6013-7AD1-2026-5E80-B2380CD99748}","ProcessId":5463,"CommandLine":"C:\\Windows\\explorer.exe","ParentImage":"C:\\Windows\\System32\\services.exe","ParentProcessGuid":"{AD555734-19C8-2026-534F-E036F1F56D29}","OriginalFileName":"C:\\Windows\\explorer.exe","SHA256":"fcab3259fdce20b0f94b864fc2add9336f3e01ed2aea97a6a5abb2a0b521414a"}
{"UtcTime":"2026-08-12 09:55:42.000","Computer":"TN-FIN-WS042","User":"TRANSNORTE\\backup_svc","EventID":11,"Image":"C:\\Program Files\\Google\\Chrome\\Application\\chrome.exe","ProcessGuid":"{BD6AE336-F52D-2026-2B0B-CCFD3C31783F}","ProcessId":3006,"TargetFilename":"C:\\Users\\ops.cardoso\\AppData\\Local\\Temp\\office-942.tmp"}
{"UtcTime":"2026-08-12 09:55:43.000","Computer":"TN-FIN-WS042","User":"TRANSNORTE\\backup_svc","EventID":1,"Image":"C:\\Windows\\System32\\svchost.exe","ProcessGuid":"{AC17650B-83D9-2026-58E2-CCFD4E81C029}","ProcessId":8529,"CommandLine":"C:\\Windows\\System32\\svchost.exe","ParentImage":"C:\\Windows\\System32\\services.exe","ParentProcessGuid":"{7BF6C0F5-42BE-2026-F27F-1735A962EC6E}","OriginalFileName":"C:\\Windows\\System32\\svchost.exe","SHA256":"8d287687f3e14e8e0b1e5137f32c7c25db6c7a3243cc690177563fa5228648fd"}
{"UtcTime":"2026-08-12 09:55:44.000","Computer":"TN-FIN-WS042","User":"TRANSNORTE\\ops.cardoso","EventID":1,"Image":"C:\\Program Files\\Google\\Chrome\\Application\\chrome.exe","ProcessGuid":"{EA9532CF-A414-2026-62A9-7E4D1B4DE6FB}","ProcessId":7630,"CommandLine":"C:\\Program Files\\Google\\Chrome\\Application\\chrome.exe","ParentImage":"C:\\Windows\\System32\\services.exe","ParentProcessGuid":"{6C23FB1B-23E5-2026-E409-320516B7B866}","OriginalFileName":"C:\\Program Files\\Google\\Chrome\\Application\\chrome.exe","SHA256":"34be257fa86bde55892cbd5196f26a0137109779432da4574a8453d5e1a9aff8"}
{"UtcTime":"2026-08-12 09:55:45.000","Computer":"TN-FIN-WS042","User":"TRANSNORTE\\backup_svc","EventID":1,"Image":"C:\\Windows\\System32\\conhost.exe","ProcessGuid":"{94AE067C-0D7C-2026-7F02-DCFE442DC7B8}","ProcessId":5171,"CommandLine":"C:\\Windows\\System32\\conhost.exe","ParentImage":"C:\\Windows\\System32\\services.exe","ParentProcessGuid":"{BBE91B82-E0A1-2026-92E6-F17028016BB9}","OriginalFileName":"C:\\Windows\\System32\\conhost.exe","SHA256":"31585df5af9ab1c4f0a9da0322b71b92f98eabdb72f062aae389a7da6a96b86f"}
{"UtcTime":"2026-08-12 09:55:46.000","Computer":"TN-FIN-WS042","User":"TRANSNORTE\\backup_svc","EventID":3,"Image":"C:\\Windows\\System32\\conhost.exe","ProcessGuid":"{49538366-D8AD-2026-730C-C0DA6AE3F9E7}","ProcessId":8803,"DestinationIp":"1.1.1.1","DestinationPort":53,"SourceIp":"10.50.10.42","Protocol":"tcp"}
{"UtcTime":"2026-08-12 09:55:47.000","Computer":"TN-FIN-WS042","User":"TRANSNORTE\\backup_svc","EventID":1,"Image":"C:\\Windows\\System32\\svchost.exe","ProcessGuid":"{2E6A2B67-B832-2026-E393-479022B21B97}","ProcessId":4277,"CommandLine":"C:\\Windows\\System32\\svchost.exe","ParentImage":"C:\\Windows\\System32\\services.exe","ParentProcessGuid":"{A0773E17-7C1C-2026-7E62-0B7D26113486}","OriginalFileName":"C:\\Windows\\System32\\svchost.exe","SHA256":"22d55febb7deaaa13eb56f1e0ce2bc4a1285f65422837069b845fddd1c91f6eb"}
{"UtcTime":"2026-08-12 09:55:48.000","Computer":"TN-FIN-WS042","User":"TRANSNORTE\\backup_svc","EventID":1,"Image":"C:\\Windows\\System32\\RuntimeBroker.exe","ProcessGuid":"{18779A90-8E03-2026-3882-424338E263F2}","ProcessId":5722,"CommandLine":"C:\\Windows\\System32\\RuntimeBroker.exe","ParentImage":"C:\\Windows\\System32\\services.exe","ParentProcessGuid":"{9A2F411C-96DD-2026-E056-86AB7401C77D}","OriginalFileName":"C:\\Windows\\System32\\RuntimeBroker.exe","SHA256":"0f6bf50358337f768adc955c8069bbfa55ff1a4ec9d96e7c144b21ec6a383968"}
{"UtcTime":"2026-08-12 09:55:49.000","Computer":"TN-FIN-WS042","User":"TRANSNORTE\\ops.cardoso","EventID":5,"Image":"C:\\Program Files\\Microsoft Office\\Office16\\OUTLOOK.EXE","ProcessGuid":"{4A1528B9-BE96-2026-5BF5-A149D221324F}","ProcessId":5532,"EventType":"End"}
{"UtcTime":"2026-08-12 09:55:50.000","Computer":"TN-FIN-WS042","User":"TRANSNORTE\\ops.cardoso","EventID":1,"Image":"C:\\Program Files\\Google\\Chrome\\Application\\chrome.exe","ProcessGuid":"{67F0CFAD-FC15-2026-84D2-3F1937CBAD19}","ProcessId":6441,"CommandLine":"C:\\Program Files\\Google\\Chrome\\Application\\chrome.exe","ParentImage":"C:\\Windows\\System32\\services.exe","ParentProcessGuid":"{1CBBFF18-9565-2026-AEDE-A19CEEDF4ED8}","OriginalFileName":"C:\\Program Files\\Google\\Chrome\\Application\\chrome.exe","SHA256":"5b39955a8eb14e70d08b85828a84eb76fc97783b81ac2920aef213878cd8d70a"}
{"UtcTime":"2026-08-12 09:55:51.000","Computer":"TN-FIN-WS042","User":"TRANSNORTE\\ops.cardoso","EventID":1,"Image":"C:\\Windows\\System32\\svchost.exe","ProcessGuid":"{E0BE0C69-1BA4-2026-CEC4-013C27BBF52F}","ProcessId":1641,"CommandLine":"C:\\Windows\\System32\\svchost.exe","ParentImage":"C:\\Windows\\System32\\services.exe","ParentProcessGuid":"{5A673734-5FE5-2026-6678-26D59C585526}","OriginalFileName":"C:\\Windows\\System32\\svchost.exe","SHA256":"7a2f39ab2c76db5f74590b84ebc205d002f760f7fddbb3e336252c889644e614"}
{"UtcTime":"2026-08-12 09:55:52.000","Computer":"TN-FIN-WS042","User":"TRANSNORTE\\backup_svc","EventID":1,"Image":"C:\\Windows\\System32\\RuntimeBroker.exe","ProcessGuid":"{CD5455AB-8AAE-2026-7C67-9E8226C88AD4}","ProcessId":968,"CommandLine":"C:\\Windows\\System32\\RuntimeBroker.exe","ParentImage":"C:\\Windows\\System32\\services.exe","ParentProcessGuid":"{73FDCEE4-9905-2026-8141-C42FF60E488A}","OriginalFileName":"C:\\Windows\\System32\\RuntimeBroker.exe","SHA256":"b5086513046ee642254210dabb52489219948d529baa6b7ff1ab1d1639d2657e"}
{"UtcTime":"2026-08-12 09:55:53.000","Computer":"TN-FIN-WS042","User":"TRANSNORTE\\backup_svc","EventID":5,"Image":"C:\\Windows\\System32\\conhost.exe","ProcessGuid":"{4F8DAAB0-8EA1-2026-6CD6-D5A87DF7227B}","ProcessId":2291,"EventType":"End"}
{"UtcTime":"2026-08-12 09:55:54.000","Computer":"TN-FIN-WS042","User":"TRANSNORTE\\ops.cardoso","EventID":5,"Image":"C:\\Program Files\\Google\\Chrome\\Application\\chrome.exe","ProcessGuid":"{AD25E544-5936-2026-936D-238051A5D568}","ProcessId":8343,"EventType":"End"}
{"UtcTime":"2026-08-12 09:55:55.000","Computer":"TN-FIN-WS042","User":"TRANSNORTE\\backup_svc","EventID":1,"Image":"C:\\Program Files\\Google\\Chrome\\Application\\chrome.exe","ProcessGuid":"{C705241F-204D-2026-7C00-47D52529BAE1}","ProcessId":5356,"CommandLine":"C:\\Program Files\\Google\\Chrome\\Application\\chrome.exe","ParentImage":"C:\\Windows\\System32\\services.exe","ParentProcessGuid":"{237794F3-BD21-2026-EAB7-E03EDDECA242}","OriginalFileName":"C:\\Program Files\\Google\\Chrome\\Application\\chrome.exe","SHA256":"14ed042cf01be528cbfde8931ce9317658f9499f87331076da17a5282eb41883"}
{"UtcTime":"2026-08-12 09:55:56.000","Computer":"TN-FIN-WS042","User":"TRANSNORTE\\backup_svc","EventID":1,"Image":"C:\\Program Files\\Microsoft Office\\Office16\\OUTLOOK.EXE","ProcessGuid":"{B92399AD-6734-2026-F176-41E0E46E8141}","ProcessId":1257,"CommandLine":"C:\\Program Files\\Microsoft Office\\Office16\\OUTLOOK.EXE","ParentImage":"C:\\Windows\\System32\\services.exe","ParentProcessGuid":"{E0733B63-F181-2026-FD84-A16B39F067D5}","OriginalFileName":"C:\\Program Files\\Microsoft Office\\Office16\\OUTLOOK.EXE","SHA256":"a0928f38c2acca6d0aac1258f0e3540344f11b0a3268a1790ac7c3e491076d1a"}
{"UtcTime":"2026-08-12 09:55:57.000","Computer":"TN-FIN-WS042","User":"TRANSNORTE\\backup_svc","EventID":1,"Image":"C:\\Windows\\System32\\RuntimeBroker.exe","ProcessGuid":"{A8AAD4F1-6A0F-2026-0A31-D3FBA2120744}","ProcessId":7341,"CommandLine":"C:\\Windows\\System32\\RuntimeBroker.exe","ParentImage":"C:\\Windows\\System32\\services.exe","ParentProcessGuid":"{F00D590D-C241-2026-3816-95BA316EE8C0}","OriginalFileName":"C:\\Windows\\System32\\RuntimeBroker.exe","SHA256":"968ecbe00eb3931d66574aaa26aa59b2cb1c77c5bc018aa9c19fab83e2a7f238"}
{"UtcTime":"2026-08-12 09:55:58.000","Computer":"TN-FIN-WS042","User":"TRANSNORTE\\ops.cardoso","EventID":1,"Image":"C:\\Windows\\System32\\RuntimeBroker.exe","ProcessGuid":"{087120DA-C71B-2026-14B7-B15E991A088F}","ProcessId":5679,"CommandLine":"C:\\Windows\\System32\\RuntimeBroker.exe","ParentImage":"C:\\Windows\\System32\\services.exe","ParentProcessGuid":"{B70597B4-0C4A-2026-7536-E1ABAABB0657}","OriginalFileName":"C:\\Windows\\System32\\RuntimeBroker.exe","SHA256":"cecee80c07e36e0318e268f28703507357b9811ce0cef11571b973d7ad6cdc84"}
{"UtcTime":"2026-08-12 09:55:59.000","Computer":"TN-FIN-WS042","User":"TRANSNORTE\\backup_svc","EventID":1,"Image":"C:\\Program Files\\Google\\Chrome\\Application\\chrome.exe","ProcessGuid":"{F0C7BCC4-6933-2026-85FD-471D76787A15}","ProcessId":5693,"CommandLine":"C:\\Program Files\\Google\\Chrome\\Application\\chrome.exe","ParentImage":"C:\\Windows\\System32\\services.exe","ParentProcessGuid":"{904A3B65-74BC-2026-F9BC-0A52273B24F2}","OriginalFileName":"C:\\Program Files\\Google\\Chrome\\Application\\chrome.exe","SHA256":"abc4931bd5f10dca704aa4bb8aa959f2c470939c6a218fab357e099bbb835be1"}
{"UtcTime":"2026-08-12 09:56:00.000","Computer":"TN-FIN-WS042","User":"TRANSNORTE\\ops.cardoso","EventID":11,"Image":"C:\\Windows\\System32\\RuntimeBroker.exe","ProcessGuid":"{040DFE24-4C93-2026-8C96-664B2E525401}","ProcessId":7697,"TargetFilename":"C:\\Users\\ops.cardoso\\AppData\\Local\\Temp\\office-960.tmp"}
{"UtcTime":"2026-08-12 09:56:01.000","Computer":"TN-FIN-WS042","User":"TRANSNORTE\\backup_svc","EventID":3,"Image":"C:\\Windows\\System32\\conhost.exe","ProcessGuid":"{9B5F0FCC-1484-2026-D98A-2E4804D70C24}","ProcessId":2095,"DestinationIp":"10.50.10.88","DestinationPort":443,"SourceIp":"10.50.10.42","Protocol":"tcp"}
{"UtcTime":"2026-08-12 09:56:02.000","Computer":"TN-FIN-WS042","User":"TRANSNORTE\\backup_svc","EventID":5,"Image":"C:\\Program Files\\Microsoft Office\\Office16\\OUTLOOK.EXE","ProcessGuid":"{CCF655F7-B790-2026-9D0B-7585DAE6C0DC}","ProcessId":8261,"EventType":"End"}
{"UtcTime":"2026-08-12 09:56:03.000","Computer":"TN-FIN-WS042","User":"TRANSNORTE\\backup_svc","EventID":1,"Image":"C:\\Windows\\System32\\RuntimeBroker.exe","ProcessGuid":"{560726C7-6056-2026-BAC3-C45DBFBACA82}","ProcessId":1431,"CommandLine":"C:\\Windows\\System32\\RuntimeBroker.exe","ParentImage":"C:\\Windows\\System32\\services.exe","ParentProcessGuid":"{9BEA1B59-436A-2026-355A-8EDE12321447}","OriginalFileName":"C:\\Windows\\System32\\RuntimeBroker.exe","SHA256":"87dd61a90ccd4388087dd2fbcafa75995adfe3f92bcbad69b48cd3b8ae5b71f9"}
{"UtcTime":"2026-08-12 09:56:04.000","Computer":"TN-FIN-WS042","User":"TRANSNORTE\\backup_svc","EventID":3,"Image":"C:\\Windows\\System32\\svchost.exe","ProcessGuid":"{18202BF8-BB43-2026-56D5-561456F2F986}","ProcessId":1027,"DestinationIp":"10.50.10.10","DestinationPort":8080,"SourceIp":"10.50.10.42","Protocol":"tcp"}
{"UtcTime":"2026-08-12 09:56:05.000","Computer":"TN-FIN-WS042","User":"TRANSNORTE\\backup_svc","EventID":1,"Image":"C:\\Windows\\explorer.exe","ProcessGuid":"{D136B90D-117F-2026-5F84-CF92425DD473}","ProcessId":3930,"CommandLine":"C:\\Windows\\explorer.exe","ParentImage":"C:\\Windows\\System32\\services.exe","ParentProcessGuid":"{227C9D70-DE2A-2026-4063-C23929440AAB}","OriginalFileName":"C:\\Windows\\explorer.exe","SHA256":"ce1435fbd65f780322b92e79803f5a45e5dc2fdb9ccfb2e9360aaf3ad78bf55f"}
{"UtcTime":"2026-08-12 09:56:06.000","Computer":"TN-FIN-WS042","User":"TRANSNORTE\\ops.cardoso","EventID":5,"Image":"C:\\Program Files\\Microsoft Office\\Office16\\OUTLOOK.EXE","ProcessGuid":"{5AA25825-0086-2026-531F-C3F2E0BD949C}","ProcessId":2339,"EventType":"End"}
{"UtcTime":"2026-08-12 09:56:07.000","Computer":"TN-FIN-WS042","User":"TRANSNORTE\\ops.cardoso","EventID":11,"Image":"C:\\Windows\\System32\\conhost.exe","ProcessGuid":"{6D30875B-D2A6-2026-D48A-27A71D396B82}","ProcessId":845,"TargetFilename":"C:\\Users\\ops.cardoso\\AppData\\Local\\Temp\\office-967.tmp"}
