{"UtcTime":"2026-08-12 10:36:18.000","Computer":"TN-FIN-WS042","User":"TRANSNORTE\\ops.cardoso","EventID":1,"Image":"C:\\Program Files\\Google\\Chrome\\Application\\chrome.exe","ProcessGuid":"{5696A8DA-F75E-2026-0404-310CCE621D1F}","ProcessId":5211,"CommandLine":"C:\\Program Files\\Google\\Chrome\\Application\\chrome.exe","ParentImage":"C:\\Windows\\System32\\services.exe","ParentProcessGuid":"{7308B9B8-5180-2026-FF6E-8C76185DF886}","OriginalFileName":"C:\\Program Files\\Google\\Chrome\\Application\\chrome.exe","SHA256":"6579e47d09b1145146bdf50d2dff0baea5d539648c94dec36005af8342d02be1"}
{"UtcTime":"2026-08-12 10:36:19.000","Computer":"TN-FIN-WS042","User":"TRANSNORTE\\ops.cardoso","EventID":1,"Image":"C:\\Windows\\System32\\svchost.exe","ProcessGuid":"{929E3D9A-078E-2026-53C1-A70590E8DD4C}","ProcessId":5520,"CommandLine":"C:\\Windows\\System32\\svchost.exe","ParentImage":"C:\\Windows\\System32\\services.exe","ParentProcessGuid":"{40BD7721-83C6-2026-8D63-7E5C2AF80A2F}","OriginalFileName":"C:\\Windows\\System32\\svchost.exe","SHA256":"cddb5fdc582bdb33c827393b139baf64eed97bbe07384aa05172f7471a277673"}
{"UtcTime":"2026-08-12 10:36:20.000","Computer":"TN-FIN-WS042","User":"TRANSNORTE\\ops.cardoso","EventID":1,"Image":"C:\\Windows\\System32\\RuntimeBroker.exe","ProcessGuid":"{342B2113-666E-2026-7D7C-D950925995C1}","ProcessId":8759,"CommandLine":"C:\\Windows\\System32\\RuntimeBroker.exe","ParentImage":"C:\\Windows\\System32\\services.exe","ParentProcessGuid":"{16E39DF3-964E-2026-FC8A-3DEA39298972}","OriginalFileName":"C:\\Windows\\System32\\RuntimeBroker.exe","SHA256":"53f6fa1a0115d5a9f2ca381d11f87fc02d373fa742a59f2d25b47be3e70d6aa7"}
{"UtcTime":"2026-08-12 10:36:21.000","Computer":"TN-FIN-WS042","User":"TRANSNORTE\\backup_svc","EventID":1,"Image":"C:\\Program Files\\Google\\Chrome\\Application\\chrome.exe","ProcessGuid":"{ABD92995-2B93-2026-BBD7-60277DC07183}","ProcessId":2641,"CommandLine":"C:\\Program Files\\Google\\Chrome\\Application\\chrome.exe","ParentImage":"C:\\Windows\\System32\\services.exe","ParentProcessGuid":"{1BBFD117-5CFA-2026-D9A6-062AF6485350}","OriginalFileName":"C:\\Program Files\\Google\\Chrome\\Application\\chrome.exe","SHA256":"634b554183b9b874513f0becf2b818b1234aada9cd563acb63814488bd055a77"}
{"UtcTime":"2026-08-12 10:36:22.000","Computer":"TN-FIN-WS042","User":"TRANSNORTE\\ops.cardoso","EventID":1,"Image":"C:\\Windows\\explorer.exe","ProcessGuid":"{AD9D277A-7B48-2026-C526-A70350E2C859}","ProcessId":2377,"CommandLine":"C:\\Windows\\explorer.exe","ParentImage":"C:\\Windows\\System32\\services.exe","ParentProcessGuid":"{B7D4EFB0-96C9-2026-FA98-D603DB1D2D69}","OriginalFileName":"C:\\Windows\\explorer.exe","SHA256":"f422d76ba2f274fa396c5d23b63f427934ed18fa6983f83b67cd6b35f03b0514"}
{"UtcTime":"2026-08-12 10:36:23.000","Computer":"TN-FIN-WS042","User":"TRANSNORTE\\ops.cardoso","EventID":1,"Image":"C:\\Windows\\System32\\svchost.exe","ProcessGuid":"{7970FD30-FEA9-2026-7BAD-ED60540D5927}","ProcessId":6559,"CommandLine":"C:\\Windows\\System32\\svchost.exe","ParentImage":"C:\\Windows\\System32\\services.exe","ParentProcessGuid":"{FB832598-4871-2026-F718-7FCFE7046BDB}","OriginalFileName":"C:\\Windows\\System32\\svchost.exe","SHA256":"bfa0692b6ab394283b7881eb1ac311265d3b263a0b20a6671f233053ef5f3363"}
{"UtcTime":"2026-08-12 10:36:24.000","Computer":"TN-FIN-WS042","User":"TRANSNORTE\\backup_svc","EventID":5,"Image":"C:\\Windows\\System32\\conhost.exe","ProcessGuid":"{9A080EE2-0795-2026-6480-8C10B92F52C1}","ProcessId":7155,"EventType":"End"}
{"UtcTime":"2026-08-12 10:36:25.000","Computer":"TN-FIN-WS042","User":"TRANSNORTE\\ops.cardoso","EventID":3,"Image":"C:\\Program Files\\Google\\Chrome\\Application\\chrome.exe","ProcessGuid":"{8680812E-8B82-2026-42EF-45A76BA40CCC}","ProcessId":4445,"DestinationIp":"8.8.8.8","DestinationPort":53,"SourceIp":"10.50.10.42","Protocol":"tcp"}
{"UtcTime":"2026-08-12 10:36:26.000","Computer":"TN-FIN-WS042","User":"TRANSNORTE\\backup_svc","EventID":5,"Image":"C:\\Windows\\explorer.exe","ProcessGuid":"{D55410CD-9FC9-2026-19CC-43B18249E822}","ProcessId":753,"EventType":"End"}
{"UtcTime":"2026-08-12 10:36:27.000","Computer":"TN-FIN-WS042","User":"TRANSNORTE\\ops.cardoso","EventID":11,"Image":"C:\\Windows\\System32\\RuntimeBroker.exe","ProcessGuid":"{5AB9FEF3-B872-2026-89A5-083B46C90CD4}","ProcessId":7261,"TargetFilename":"C:\\Users\\ops.cardoso\\AppData\\Local\\Temp\\office-3387.tmp"}
{"UtcTime":"2026-08-12 10:36:28.000","Computer":"TN-FIN-WS042","User":"TRANSNORTE\\backup_svc","EventID":1,"Image":"C:\\Windows\\System32\\svchost.exe","ProcessGuid":"{1ED765F9-2D24-2026-61D0-A12862A4CDCF}","ProcessId":2252,"CommandLine":"C:\\Windows\\System32\\svchost.exe","ParentImage":"C:\\Windows\\System32\\services.exe","ParentProcessGuid":"{634B689E-43A9-2026-2B6F-BBE474567E51}","OriginalFileName":"C:\\Windows\\System32\\svchost.exe","SHA256":"8e85e51a7873e016eb1e2cf27050093199788dd5ed16bb1682ea4e9f42feabf2"}
{"UtcTime":"2026-08-12 10:36:29.000","Computer":"TN-FIN-WS042","User":"TRANSNORTE\\ops.cardoso","EventID":1,"Image":"C:\\Program Files\\Microsoft Office\\Office16\\OUTLOOK.EXE","ProcessGuid":"{2006A88C-F470-2026-563E-606DF0191FDC}","ProcessId":5230,"CommandLine":"C:\\Program Files\\Microsoft Office\\Office16\\OUTLOOK.EXE","ParentImage":"C:\\Windows\\System32\\services.exe","ParentProcessGuid":"{7534B120-3893-2026-23FC-4DC127AD9D6B}","OriginalFileName":"C:\\Program Files\\Microsoft Office\\Office16\\OUTLOOK.EXE","SHA256":"8ebba1962a4518344278c8956ec48eb1baccab476e52f27ade476bf7ea318303"}
{"UtcTime":"2026-08-12 10:36:30.000","Computer":"TN-FIN-WS042","User":"TRANSNORTE\\ops.cardoso","EventID":11,"Image":"C:\\Windows\\explorer.exe","ProcessGuid":"{5C1B4EAA-9B5A-2026-3942-4412E0DE6600}","ProcessId":4300,"TargetFilename":"C:\\Users\\ops.cardoso\\AppData\\Local\\Temp\\office-3390.tmp"}
{"UtcTime":"2026-08-12 10:36:31.000","Computer":"TN-FIN-WS042","User":"TRANSNORTE\\ops.cardoso","EventID":3,"Image":"C:\\Windows\\explorer.exe","ProcessGuid":"{8378B134-591C-2026-378B-510B84B01ACE}","ProcessId":2088,"DestinationIp":"10.50.10.88","DestinationPort":8080,"SourceIp":"10.50.10.42","Protocol":"tcp"}
{"UtcTime":"2026-08-12 10:36:32.000","Computer":"TN-FIN-WS042","User":"TRANSNORTE\\backup_svc","EventID":3,"Image":"C:\\Windows\\System32\\svchost.exe","ProcessGuid":"{00AA5ACF-4B93-2026-4E58-C4FAABA1B79D}","ProcessId":5164,"DestinationIp":"8.8.8.8","DestinationPort":135,"SourceIp":"10.50.10.42","Protocol":"tcp"}
{"UtcTime":"2026-08-12 10:36:33.000","Computer":"TN-FIN-WS042","User":"TRANSNORTE\\backup_svc","EventID":13,"Image":"C:\\Windows\\System32\\conhost.exe","ProcessGuid":"{D1EF4E4D-32F8-2026-A736-ACA39E5FEB49}","ProcessId":1029,"EventType":"SetValue","TargetObject":"HKCU\\Software\\Microsoft\\Office\\16.0\\Outlook\\Resiliency\\3393","Details":"1"}
{"UtcTime":"2026-08-12 10:36:34.000","Computer":"TN-FIN-WS042","User":"TRANSNORTE\\backup_svc","EventID":1,"Image":"C:\\Windows\\System32\\svchost.exe","ProcessGuid":"{0A4C153A-7C0D-2026-526E-EBD94BF57D15}","ProcessId":2673,"CommandLine":"C:\\Windows\\System32\\svchost.exe","ParentImage":"C:\\Windows\\System32\\services.exe","ParentProcessGuid":"{99295A5D-FA62-2026-194E-20F7B21197DF}","OriginalFileName":"C:\\Windows\\System32\\svchost.exe","SHA256":"a04943acfe250df0b1bdc166a46348bd8bd2b5458173b583fe6fee0fdb4b0613"}
{"UtcTime":"2026-08-12 10:36:35.000","Computer":"TN-FIN-WS042","User":"TRANSNORTE\\ops.cardoso","EventID":1,"Image":"C:\\Windows\\explorer.exe","ProcessGuid":"{3901BD6A-40D9-2026-FFD9-1887C3719957}","ProcessId":7519,"CommandLine":"C:\\Windows\\explorer.exe","ParentImage":"C:\\Windows\\System32\\services.exe","ParentProcessGuid":"{2BBF8D28-FA38-2026-3AC3-1DB62E77D526}","OriginalFileName":"C:\\Windows\\explorer.exe","SHA256":"362bff6a9369a620e9b66058cacc2bf8f10dfe4fbeddfeb02b0798c9c0af70ca"}
{"UtcTime":"2026-08-12 10:36:36.000","Computer":"TN-FIN-WS042","User":"TRANSNORTE\\backup_svc","EventID":1,"Image":"C:\\Windows\\System32\\svchost.exe","ProcessGuid":"{5AE725F7-7CA1-2026-9A3E-6CC3229C9D2C}","ProcessId":1500,"CommandLine":"C:\\Windows\\System32\\svchost.exe","ParentImage":"C:\\Windows\\System32\\services.exe","ParentProcessGuid":"{CF3D2BBC-D6E1-2026-37CC-0DC94C7D6BE6}","OriginalFileName":"C:\\Windows\\System32\\svchost.exe","SHA256":"56e8c95908d7995df533e8e57e1637cffb97d29263c8b17ab5f9c214188c3586"}
{"UtcTime":"2026-08-12 10:36:37.000","Computer":"TN-FIN-WS042","User":"TRANSNORTE\\backup_svc","EventID":1,"Image":"C:\\Windows\\System32\\svchost.exe","ProcessGuid":"{EE72C744-7FA9-2026-4D9A-8CCB1FC22BEC}","ProcessId":5955,"CommandLine":"C:\\Windows\\System32\\svchost.exe","ParentImage":"C:\\Windows\\System32\\services.exe","ParentProcessGuid":"{8BB7E9CD-4E77-2026-FDA0-B4A142157C6A}","OriginalFileName":"C:\\Windows\\System32\\svchost.exe","SHA256":"7ac6293f5155809a3e2a69f53f76ccca47c8a52e28f9e77e2c7824e0447fc23a"}
{"UtcTime":"2026-08-12 10:36:38.000","Computer":"TN-FIN-WS042","User":"TRANSNORTE\\backup_svc","EventID":1,"Image":"C:\\Windows\\explorer.exe","ProcessGuid":"{2659CE10-51D0-2026-9C07-1D3D3FADE2B9}","ProcessId":4063,"CommandLine":"C:\\Windows\\explorer.exe","ParentImage":"C:\\Windows\\System32\\services.exe","ParentProcessGuid":"{3E218EC9-F5F0-2026-93C2-55BD8F94DB42}","OriginalFileName":"C:\\Windows\\explorer.exe","SHA256":"76784925eb1ad3d7d05fdd60498b77983fe780e68bff9ff9687434287bf7b178"}
{"UtcTime":"2026-08-12 10:36:39.000","Computer":"TN-FIN-WS042","User":"TRANSNORTE\\backup_svc","EventID":11,"Image":"C:\\Windows\\System32\\conhost.exe","ProcessGuid":"{40BED553-809F-2026-F0D7-03764ABBAA85}","ProcessId":707,"TargetFilename":"C:\\Users\\ops.cardoso\\AppData\\Local\\Temp\\office-3399.tmp"}
{"UtcTime":"2026-08-12 10:36:40.000","Computer":"TN-FIN-WS042","User":"TRANSNORTE\\backup_svc","EventID":5,"Image":"C:\\Windows\\System32\\RuntimeBroker.exe","ProcessGuid":"{301D2723-4F9D-2026-3895-C36E35C62797}","ProcessId":6786,"EventType":"End"}
{"UtcTime":"2026-08-12 10:36:41.000","Computer":"TN-FIN-WS042","User":"TRANSNORTE\\ops.cardoso","EventID":13,"Image":"C:\\Windows\\System32\\conhost.exe","ProcessGuid":"{CFBFB1AA-55A0-2026-CE5C-2188A6DD5B1B}","ProcessId":1738,"EventType":"SetValue","TargetObject":"HKCU\\Software\\Microsoft\\Office\\16.0\\Outlook\\Resiliency\\3401","Details":"1"}
{"UtcTime":"2026-08-12 10:36:42.000","Computer":"TN-FIN-WS042","User":"TRANSNORTE\\backup_svc","EventID":1,"Image":"C:\\Program Files\\Google\\Chrome\\Application\\chrome.exe","ProcessGuid":"{2C227F23-D966-2026-6785-BF359A9015F0}","ProcessId":3874,"CommandLine":"C:\\Program Files\\Google\\Chrome\\Application\\chrome.exe","ParentImage":"C:\\Windows\\System32\\services.exe","ParentProcessGuid":"{AA627691-F0DA-2026-80E1-2D6ED6351CBD}","OriginalFileName":"C:\\Program Files\\Google\\Chrome\\Application\\chrome.exe","SHA256":"e9fe4a778c061f83caca1fc8c748c9889f09c625cbb64e98c8513f6c5393d38e"}
{"UtcTime":"2026-08-12 10:36:43.000","Computer":"TN-FIN-WS042","User":"TRANSNORTE\\backup_svc","EventID":1,"Image":"C:\\Windows\\explorer.exe","ProcessGuid":"{74B35113-B3F3-2026-98CA-9F9E2368F6F6}","ProcessId":4090,"CommandLine":"C:\\Windows\\explorer.exe","ParentImage":"C:\\Windows\\System32\\services.exe","ParentProcessGuid":"{CA8BCFCB-435B-2026-E7D6-CEB8ADAE3AE1}","OriginalFileName":"C:\\Windows\\explorer.exe","SHA256":"63a788fee39f2306a1df434fa9105d54c2cc09cfd4989a4e5cacb95b3bac43b0"}
{"UtcTime":"2026-08-12 10:36:44.000","Computer":"TN-FIN-WS042","User":"TRANSNORTE\\backup_svc","EventID":1,"Image":"C:\\Windows\\explorer.exe","ProcessGuid":"{B47430D7-18A6-2026-D13A-14DAFC82C90D}","ProcessId":5305,"CommandLine":"C:\\Windows\\explorer.exe","ParentImage":"C:\\Windows\\System32\\services.exe","ParentProcessGuid":"{D0720B5B-5A8B-2026-04EA-EA9C09A9DE0C}","OriginalFileName":"C:\\Windows\\explorer.exe","SHA256":"1a12a8d84730bb3b3390d75afe012f7fcaaadf320997ab30f78c8bbbc02ba426"}
{"UtcTime":"2026-08-12 10:36:45.000","Computer":"TN-FIN-WS042","User":"TRANSNORTE\\ops.cardoso","EventID":1,"Image":"C:\\Windows\\System32\\svchost.exe","ProcessGuid":"{3ADAA2CF-7D29-2026-933C-DA39B483DE0D}","ProcessId":6228,"CommandLine":"C:\\Windows\\System32\\svchost.exe","ParentImage":"C:\\Windows\\System32\\services.exe","ParentProcessGuid":"{C255AFC4-379C-2026-A94C-012E08F21310}","OriginalFileName":"C:\\Windows\\System32\\svchost.exe","SHA256":"dd10d11778f23497451ca35b6d6af7a0c56fec1ee8a854569a69e65096976c3b"}
{"UtcTime":"2026-08-12 10:36:46.000","Computer":"TN-FIN-WS042","User":"TRANSNORTE\\ops.cardoso","EventID":1,"Image":"C:\\Windows\\System32\\conhost.exe","ProcessGuid":"{5C26059C-E86A-2026-1F22-E0D68B8B471D}","ProcessId":7864,"CommandLine":"C:\\Windows\\System32\\conhost.exe","ParentImage":"C:\\Windows\\System32\\services.exe","ParentProcessGuid":"{412ED4C6-BE45-2026-FFF8-C637138BF2DB}","OriginalFileName":"C:\\Windows\\System32\\conhost.exe","SHA256":"cd2e7a0aa79fb60828ee192a7bc400895494e4a61f02a283cb7d41f991d65207"}
{"UtcTime":"2026-08-12 10:36:47.000","Computer":"TN-FIN-WS042","User":"TRANSNORTE\\backup_svc","EventID":11,"Image":"C:\\Windows\\System32\\conhost.exe","ProcessGuid":"{34A1C638-5F7B-2026-19ED-6C19EDA4AD24}","ProcessId":6657,"TargetFilename":"C:\\Users\\ops.cardoso\\AppData\\Local\\Temp\\office-3407.tmp"}
{"UtcTime":"2026-08-12 10:36:48.000","Computer":"TN-FIN-WS042","User":"TRANSNORTE\\backup_svc","EventID":1,"Image":"C:\\Windows\\System32\\RuntimeBroker.exe","ProcessGuid":"{F7CC64F0-6EE4-2026-0DF1-3D64E11A0164}","ProcessId":8901,"CommandLine":"C:\\Windows\\System32\\RuntimeBroker.exe","ParentImage":"C:\\Windows\\System32\\services.exe","ParentProcessGuid":"{4D3382A2-8BB2-2026-E710-E0309B424173}","OriginalFileName":"C:\\Windows\\System32\\RuntimeBroker.exe","SHA256":"75afc411a476973120982e7011b822e0e1be7c5e8abe609f78f1c043d4840c9b"}
{"UtcTime":"2026-08-12 10:36:49.000","Computer":"TN-FIN-WS042","User":"TRANSNORTE\\ops.cardoso","EventID":11,"Image":"C:\\Program Files\\Microsoft Office\\Office16\\OUTLOOK.EXE","ProcessGuid":"{26F38025-50D2-2026-0555-A7DE67B9CC76}","ProcessId":4566,"TargetFilename":"C:\\Users\\ops.cardoso\\AppData\\Local\\Temp\\office-3409.tmp"}
{"UtcTime":"2026-08-12 10:36:50.000","Computer":"TN-FIN-WS042","User":"TRANSNORTE\\ops.cardoso","EventID":1,"Image":"C:\\Windows\\System32\\svchost.exe","ProcessGuid":"{9386A489-BE09-2026-16A7-66422686C4C7}","ProcessId":5304,"CommandLine":"C:\\Windows\\System32\\svchost.exe","ParentImage":"C:\\Windows\\System32\\services.exe","ParentProcessGuid":"{57EF9472-0125-2026-D28E-52FBE7DF5707}","OriginalFileName":"C:\\Windows\\System32\\svchost.exe","SHA256":"65400289f02d0bc3591d0a24f33109aa813ade81e1b9afa6d505235ec9f4aea1"}
{"UtcTime":"2026-08-12 10:36:51.000","Computer":"TN-FIN-WS042","User":"TRANSNORTE\\backup_svc","EventID":11,"Image":"C:\\Program Files\\Google\\Chrome\\Application\\chrome.exe","ProcessGuid":"{B65F3156-5F4C-2026-F9FD-D11119EDB5BB}","ProcessId":6072,"TargetFilename":"C:\\Users\\ops.cardoso\\AppData\\Local\\Temp\\office-3411.tmp"}
{"UtcTime":"2026-08-12 10:36:52.000","Computer":"TN-FIN-WS042","User":"TRANSNORTE\\backup_svc","EventID":3,"Image":"C:\\Program Files\\Microsoft Office\\Office16\\OUTLOOK.EXE","ProcessGuid":"{613548A3-EBE0-2026-9E38-B661130F62E6}","ProcessId":2609,"DestinationIp":"10.50.10.10","DestinationPort":443,"SourceIp":"10.50.10.42","Protocol":"tcp"}
{"UtcTime":"2026-08-12 10:36:53.000","Computer":"TN-FIN-WS042","User":"TRANSNORTE\\backup_svc","EventID":3,"Image":"C:\\Program Files\\Google\\Chrome\\Application\\chrome.exe","ProcessGuid":"{50245197-0CBE-2026-5E46-BDB66C2CA133}","ProcessId":3932,"DestinationIp":"8.8.8.8","DestinationPort":53,"SourceIp":"10.50.10.42","Protocol":"tcp"}
{"UtcTime":"2026-08-12 10:36:54.000","Computer":"TN-FIN-WS042","User":"TRANSNORTE\\ops.cardoso","EventID":1,"Image":"C:\\Windows\\System32\\conhost.exe","ProcessGuid":"{8D1EBCD7-41F9-2026-12D0-9617BBFB24AE}","ProcessId":8622,"CommandLine":"C:\\Windows\\System32\\conhost.exe","ParentImage":"C:\\Windows\\System32\\services.exe","ParentProcessGuid":"{B9A00876-6C3C-2026-2E33-9724CA8FAAE3}","OriginalFileName":"C:\\Windows\\System32\\conhost.exe","SHA256":"cc51c9784acb2995bf8098652d989b7c0ff21ae6f90f456a63a7fa93d75a819b"}
{"UtcTime":"2026-08-12 10:36:55.000","Computer":"TN-FIN-WS042","User":"TRANSNORTE\\ops.cardoso","EventID":1,"Image":"C:\\Windows\\System32\\svchost.exe","ProcessGuid":"{42B92117-DBAE-2026-89E5-104D399349DB}","ProcessId":5843,"CommandLine":"C:\\Windows\\System32\\svchost.exe","ParentImage":"C:\\Windows\\System32\\services.exe","ParentProcessGuid":"{FFFF410B-F085-2026-1ED9-190A8C7554FC}","OriginalFileName":"C:\\Windows\\System32\\svchost.exe","SHA256":"9b68d76f02a91396c54ab0272fd0533917d6f8d8f292971a11ef73dff2503558"}
{"UtcTime":"2026-08-12 10:36:56.000","Computer":"TN-FIN-WS042","User":"TRANSNORTE\\backup_svc","EventID":1,"Image":"C:\\Windows\\System32\\svchost.exe","ProcessGuid":"{23D365DB-ED78-2026-5B9A-1CFCA279ADA3}","ProcessId":3429,"CommandLine":"C:\\Windows\\System32\\svchost.exe","ParentImage":"C:\\Windows\\System32\\services.exe","ParentProcessGuid":"{39D3AEE1-C5D1-2026-AD83-5CA34F6D5830}","OriginalFileName":"C:\\Windows\\System32\\svchost.exe","SHA256":"7779ee8ed012551285a33d3c2c6eda8daeaf21ef3ffdbe211ecc7c8b79260175"}
{"UtcTime":"2026-08-12 10:36:57.000","Computer":"TN-FIN-WS042","User":"TRANSNORTE\\backup_svc","EventID":13,"Image":"C:\\Windows\\System32\\conhost.exe","ProcessGuid":"{E42014BF-357C-2026-10FD-0AC217EA809C}","ProcessId":1330,"EventType":"SetValue","TargetObject":"HKCU\\Software\\Microsoft\\Office\\16.0\\Outlook\\Resiliency\\3417","Details":"1"}
{"UtcTime":"2026-08-12 10:36:58.000","Computer":"TN-FIN-WS042","User":"TRANSNORTE\\ops.cardoso","EventID":11,"Image":"C:\\Windows\\System32\\RuntimeBroker.exe","ProcessGuid":"{07EDD118-EA9A-2026-5849-4B160F1464A2}","ProcessId":6240,"TargetFilename":"C:\\Users\\ops.cardoso\\AppData\\Local\\Temp\\office-3418.tmp"}
{"UtcTime":"2026-08-12 10:36:59.000","Computer":"TN-FIN-WS042","User":"TRANSNORTE\\backup_svc","EventID":13,"Image":"C:\\Program Files\\Google\\Chrome\\Application\\chrome.exe","ProcessGuid":"{B418B64B-CCB8-2026-7DDE-769EB03B3FD2}","ProcessId":6040,"EventType":"SetValue","TargetObject":"HKCU\\Software\\Microsoft\\Office\\16.0\\Outlook\\Resiliency\\3419","Details":"1"}
{"UtcTime":"2026-08-12 10:37:00.000","Computer":"TN-FIN-WS042","User":"TRANSNORTE\\ops.cardoso","EventID":1,"Image":"C:\\Program Files\\Google\\Chrome\\Application\\chrome.exe","ProcessGuid":"{837CC69C-E8A9-2026-4161-B357D25604ED}","ProcessId":2771,"CommandLine":"C:\\Program Files\\Google\\Chrome\\Application\\chrome.exe","ParentImage":"C:\\Windows\\System32\\services.exe","ParentProcessGuid":"{B6BF800C-C6A7-2026-D44F-5184E22D6D13}","OriginalFileName":"C:\\Program Files\\Google\\Chrome\\Application\\chrome.exe","SHA256":"90bbd08a722680b787c56b61ce7e0b0d13bb5858f76b8c82e6a72af39032761e"}
{"UtcTime":"2026-08-12 10:37:01.000","Computer":"TN-FIN-WS042","User":"TRANSNORTE\\backup_svc","EventID":5,"Image":"C:\\Windows\\System32\\RuntimeBroker.exe","ProcessGuid":"{3A303E67-1594-2026-9EEE-190560A4DE4E}","ProcessId":4314,"EventType":"End"}
{"UtcTime":"2026-08-12 10:37:02.000","Computer":"TN-FIN-WS042","User":"TRANSNORTE\\ops.cardoso","EventID":3,"Image":"C:\\Windows\\System32\\conhost.exe","ProcessGuid":"{92A79DA6-E096-2026-3A3D-33045A13408A}","ProcessId":1834,"DestinationIp":"8.8.8.8","DestinationPort":8080,"SourceIp":"10.50.10.42","Protocol":"tcp"}
{"UtcTime":"2026-08-12 10:37:03.000","Computer":"TN-FIN-WS042","User":"TRANSNORTE\\ops.cardoso","EventID":1,"Image":"C:\\Program Files\\Google\\Chrome\\Application\\chrome.exe","ProcessGuid":"{0CFD918D-4D62-2026-0D82-C045BE0D4A47}","ProcessId":5245,"CommandLine":"C:\\Program Files\\Google\\Chrome\\Application\\chrome.exe","ParentImage":"C:\\Windows\\System32\\services.exe","ParentProcessGuid":"{B245485A-430A-2026-0F19-0C13CEA21B22}","OriginalFileName":"C:\\Program Files\\Google\\Chrome\\Application\\chrome.exe","SHA256":"67eb496f0bf3cc51b33980b291297fc554a51779e608441379bcdd69b81db799"}
{"UtcTime":"2026-08-12 10:37:04.000","Computer":"TN-FIN-WS042","User":"TRANSNORTE\\ops.cardoso","EventID":11,"Image":"C:\\Windows\\explorer.exe","ProcessGuid":"{AE5D9035-422C-2026-29C5-77761EC95790}","ProcessId":1128,"TargetFilename":"C:\\Users\\ops.cardoso\\AppData\\Local\\Temp\\office-3424.tmp"}
{"UtcTime":"2026-08-12 10:37:05.000","Computer":"TN-FIN-WS042","User":"TRANSNORTE\\backup_svc","EventID":13,"Image":"C:\\Windows\\explorer.exe","ProcessGuid":"{799332D4-9EBB-2026-E2E9-13FCDFD5E98F}","ProcessId":6204,"EventType":"SetValue","TargetObject":"HKCU\\Software\\Microsoft\\Office\\16.0\\Outlook\\Resiliency\\3425","Details":"1"}
{"UtcTime":"2026-08-12 10:37:06.000","Computer":"TN-FIN-WS042","User":"TRANSNORTE\\backup_svc","EventID":3,"Image":"C:\\Program Files\\Microsoft Office\\Office16\\OUTLOOK.EXE","ProcessGuid":"{7D176ACD-76C9-2026-A2E5-5C3DFF6FDEEE}","ProcessId":1569,"DestinationIp":"10.50.10.88","DestinationPort":443,"SourceIp":"10.50.10.42","Protocol":"tcp"}
{"UtcTime":"2026-08-12 10:37:07.000","Computer":"TN-FIN-WS042","User":"TRANSNORTE\\backup_svc","EventID":11,"Image":"C:\\Windows\\System32\\RuntimeBroker.exe","ProcessGuid":"{C29E583C-1A62-2026-E4D2-B4F3AC876429}","ProcessId":3867,"TargetFilename":"C:\\Users\\ops.cardoso\\AppData\\Local\\Temp\\office-3427.tmp"}
{"UtcTime":"2026-08-12 10:37:08.000","Computer":"TN-FIN-WS042","User":"TRANSNORTE\\backup_svc","EventID":5,"Image":"C:\\Windows\\System32\\conhost.exe","ProcessGuid":"{5B9BA325-1F4D-2026-18CA-4C9ECD0C06A4}","ProcessId":8970,"EventType":"End"}
{"UtcTime":"2026-08-12 10:37:09.000","Computer":"TN-FIN-WS042","User":"TRANSNORTE\\ops.cardoso","EventID":13,"Image":"C:\\Program Files\\Google\\Chrome\\Application\\chrome.exe","ProcessGuid":"{047DB45E-E690-2026-A557-FE98976819F9}","ProcessId":7433,"EventType":"SetValue","TargetObject":"HKCU\\Software\\Microsoft\\Office\\16.0\\Outlook\\Resiliency\\3429","Details":"1"}
{"UtcTime":"2026-08-12 10:37:10.000","Computer":"TN-FIN-WS042","User":"TRANSNORTE\\backup_svc","EventID":5,"Image":"C:\\Windows\\System32\\svchost.exe","ProcessGuid":"{2A66CD18-9DA3-2026-0501-DFFDF32C0B18}","ProcessId":4910,"EventType":"End"}
{"UtcTime":"2026-08-12 10:37:11.000","Computer":"TN-FIN-WS042","User":"TRANSNORTE\\ops.cardoso","EventID":1,"Image":"C:\\Windows\\System32\\svchost.exe","ProcessGuid":"{34D301AA-FD90-2026-A632-B34EA0C303CD}","ProcessId":4060,"CommandLine":"C:\\Windows\\System32\\svchost.exe","ParentImage":"C:\\Windows\\System32\\services.exe","ParentProcessGuid":"{52323D4C-5AE1-2026-2F12-141FD8E27FC7}","OriginalFileName":"C:\\Windows\\System32\\svchost.exe","SHA256":"32e9201c9035790d2126b38feb133a9b7f81750a46808229a29394e67b8e5538"}
{"UtcTime":"2026-08-12 10:37:12.000","Computer":"TN-FIN-WS042","User":"TRANSNORTE\\backup_svc","EventID":5,"Image":"C:\\Program Files\\Google\\Chrome\\Application\\chrome.exe","ProcessGuid":"{A41D93A2-D02B-2026-A8FE-1206E7991EE3}","ProcessId":4863,"EventType":"End"}
{"UtcTime":"2026-08-12 10:37:13.000","Computer":"TN-FIN-WS042","User":"TRANSNORTE\\backup_svc","EventID":1,"Image":"C:\\Windows\\System32\\svchost.exe","ProcessGuid":"{BFE6603E-632D-2026-C58A-B1356BA903BB}","ProcessId":6946,"CommandLine":"C:\\Windows\\System32\\svchost.exe","ParentImage":"C:\\Windows\\System32\\services.exe","ParentProcessGuid":"{FA7989DF-8239-2026-3A9D-8C0B84D617F8}","OriginalFileName":"C:\\Windows\\System32\\svchost.exe","SHA256":"8e53f7d4f93bb217b758b9f671cf18169826c944e6a6e4c97e80e0aebbf80951"}
{"UtcTime":"2026-08-12 10:37:14.000","Computer":"TN-FIN-WS042","User":"TRANSNORTE\\backup_svc","EventID":1,"Image":"C:\\Windows\\explorer.exe","ProcessGuid":"{9721571C-1973-2026-1260-B02401DF3567}","ProcessId":7346,"CommandLine":"C:\\Windows\\explorer.exe","ParentImage":"C:\\Windows\\System32\\services.exe","ParentProcessGuid":"{FF754BC6-B438-2026-933F-479A9FDEBE98}","OriginalFileName":"C:\\Windows\\explorer.exe","SHA256":"a4b3cc8805c824bc165cebd283f667f319af751ca66ff415767aafc4bd13da27"}
{"UtcTime":"2026-08-12 10:37:15.000","Computer":"TN-FIN-WS042","User":"TRANSNORTE\\ops.cardoso","EventID":3,"Image":"C:\\Windows\\System32\\conhost.exe","ProcessGuid":"{C06E5F87-8941-2026-F172-8D4A03E74628}","ProcessId":2810,"DestinationIp":"8.8.8.8","DestinationPort":135,"SourceIp":"10.50.10.42","Protocol":"tcp"}
{"UtcTime":"2026-08-12 10:37:16.000","Computer":"TN-FIN-WS042","User":"TRANSNORTE\\ops.cardoso","EventID":5,"Image":"C:\\Program Files\\Microsoft Office\\Office16\\OUTLOOK.EXE","ProcessGuid":"{AB4193ED-E372-2026-85A3-F6F3AB0305F6}","ProcessId":8184,"EventType":"End"}
{"UtcTime":"2026-08-12 10:37:17.000","Computer":"TN-FIN-WS042","User":"TRANSNORTE\\backup_svc","EventID":1,"Image":"C:\\Windows\\System32\\conhost.exe","ProcessGuid":"{3CAB4F57-ADB6-2026-35CF-A5DE9EC647E6}","ProcessId":8411,"CommandLine":"C:\\Windows\\System32\\conhost.exe","ParentImage":"C:\\Windows\\System32\\services.exe","ParentProcessGuid":"{F4783148-391D-2026-BE79-B3394C89584B}","OriginalFileName":"C:\\Windows\\System32\\conhost.exe","SHA256":"00886378b30d7f6321d623a067aa29b059f442cfddcca7a3bec5f9d2c58901c0"}
{"UtcTime":"2026-08-12 10:37:18.000","Computer":"TN-FIN-WS042","User":"TRANSNORTE\\backup_svc","EventID":1,"Image":"C:\\Program Files\\Google\\Chrome\\Application\\chrome.exe","ProcessGuid":"{2774BB61-6886-2026-CEB0-5019E4D84286}","ProcessId":3096,"CommandLine":"C:\\Program Files\\Google\\Chrome\\Application\\chrome.exe","ParentImage":"C:\\Windows\\System32\\services.exe","ParentProcessGuid":"{2216BD2D-F010-2026-E38D-B9427F3084CB}","OriginalFileName":"C:\\Program Files\\Google\\Chrome\\Application\\chrome.exe","SHA256":"954fc3302d50e0c70b4f8efdf11ead815ff718206a5611af9de49b3eba512d58"}
{"UtcTime":"2026-08-12 10:37:19.000","Computer":"TN-FIN-WS042","User":"TRANSNORTE\\ops.cardoso","EventID":1,"Image":"C:\\Windows\\explorer.exe","ProcessGuid":"{7AB5BD86-E3E8-2026-E133-A30AE63EC4F0}","ProcessId":1122,"CommandLine":"C:\\Windows\\explorer.exe","ParentImage":"C:\\Windows\\System32\\services.exe","ParentProcessGuid":"{92271FBD-5BDD-2026-20D3-5893AFD32E9B}","OriginalFileName":"C:\\Windows\\explorer.exe","SHA256":"02f0dcfd870e9efe414c6fdbf44258c94a76779fdfa86a14ef2c1cc15c319839"}
{"UtcTime":"2026-08-12 10:37:20.000","Computer":"TN-FIN-WS042","User":"TRANSNORTE\\ops.cardoso","EventID":11,"Image":"C:\\Program Files\\Google\\Chrome\\Application\\chrome.exe","ProcessGuid":"{B2DFD58E-B6D8-2026-D633-F387673CC246}","ProcessId":8193,"TargetFilename":"C:\\Users\\ops.cardoso\\AppData\\Local\\Temp\\office-3440.tmp"}
{"UtcTime":"2026-08-12 10:37:21.000","Computer":"TN-FIN-WS042","User":"TRANSNORTE\\backup_svc","EventID":3,"Image":"C:\\Windows\\System32\\svchost.exe","ProcessGuid":"{F2E05C1C-67B0-2026-6965-76153A26843F}","ProcessId":5575,"DestinationIp":"8.8.8.8","DestinationPort":53,"SourceIp":"10.50.10.42","Protocol":"tcp"}
{"UtcTime":"2026-08-12 10:37:22.000","Computer":"TN-FIN-WS042","User":"TRANSNORTE\\backup_svc","EventID":1,"Image":"C:\\Program Files\\Google\\Chrome\\Application\\chrome.exe","ProcessGuid":"{1829C4E3-78A2-2026-F641-CC3A9D63D3D0}","ProcessId":8158,"CommandLine":"C:\\Program Files\\Google\\Chrome\\Application\\chrome.exe","ParentImage":"C:\\Windows\\System32\\services.exe","ParentProcessGuid":"{FC58613A-4BCC-2026-E609-930A9E022E28}","OriginalFileName":"C:\\Program Files\\Google\\Chrome\\Application\\chrome.exe","SHA256":"25407321ee04298e740b3d41c13ed470a2c170648e780b8c3847aca31c3695dd"}
{"UtcTime":"2026-08-12 10:37:23.000","Computer":"TN-FIN-WS042","User":"TRANSNORTE\\backup_svc","EventID":1,"Image":"C:\\Windows\\System32\\conhost.exe","ProcessGuid":"{CEA07E77-8EAA-2026-5130-14A0C87ED734}","ProcessId":8180,"CommandLine":"C:\\Windows\\System32\\conhost.exe","ParentImage":"C:\\Windows\\System32\\services.exe","ParentProcessGuid":"{F653AA15-8EC7-2026-DBAC-B6250D5D5038}","OriginalFileName":"C:\\Windows\\System32\\conhost.exe","SHA256":"43616ffcfd00ae1cf0cd8a297bb3641a9e0613d02c7c8d700a6ccf72513d0e2d"}
{"UtcTime":"2026-08-12 10:37:24.000","Computer":"TN-FIN-WS042","User":"TRANSNORTE\\backup_svc","EventID":11,"Image":"C:\\Windows\\System32\\RuntimeBroker.exe","ProcessGuid":"{A6C9094C-520D-2026-C606-C0124E5F8847}","ProcessId":7608,"TargetFilename":"C:\\Users\\ops.cardoso\\AppData\\Local\\Temp\\office-3444.tmp"}
{"UtcTime":"2026-08-12 10:37:25.000","Computer":"TN-FIN-WS042","User":"TRANSNORTE\\ops.cardoso","EventID":13,"Image":"C:\\Program Files\\Google\\Chrome\\Application\\chrome.exe","ProcessGuid":"{F164E23D-DC9F-2026-FCE6-20BE50CF6D31}","ProcessId":8549,"EventType":"SetValue","TargetObject":"HKCU\\Software\\Microsoft\\Office\\16.0\\Outlook\\Resiliency\\3445","Details":"1"}
{"UtcTime":"2026-08-12 10:37:26.000","Computer":"TN-FIN-WS042","User":"TRANSNORTE\\ops.cardoso","EventID":13,"Image":"C:\\Windows\\System32\\RuntimeBroker.exe","ProcessGuid":"{FA25620C-B3C8-2026-C25E-E1F8D9DBBD74}","ProcessId":8547,"EventType":"SetValue","TargetObject":"HKCU\\Software\\Microsoft\\Office\\16.0\\Outlook\\Resiliency\\3446","Details":"1"}
{"UtcTime":"2026-08-12 10:37:27.000","Computer":"TN-FIN-WS042","User":"TRANSNORTE\\backup_svc","EventID":5,"Image":"C:\\Windows\\System32\\svchost.exe","ProcessGuid":"{4A69A03A-3A08-2026-4F19-0B93CB0C22AF}","ProcessId":3297,"EventType":"End"}
{"UtcTime":"2026-08-12 10:37:28.000","Computer":"TN-FIN-WS042","User":"TRANSNORTE\\backup_svc","EventID":1,"Image":"C:\\Windows\\System32\\svchost.exe","ProcessGuid":"{E67B1B67-3C77-2026-B193-BA30C324BCCA}","ProcessId":8765,"CommandLine":"C:\\Windows\\System32\\svchost.exe","ParentImage":"C:\\Windows\\System32\\services.exe","ParentProcessGuid":"{C13CDEDA-BFE8-2026-0CB9-3582C387C25D}","OriginalFileName":"C:\\Windows\\System32\\svchost.exe","SHA256":"36f9659ee5bf04cda93dec5b255869012d739710531f545e08a6f9acd4a284cd"}
{"UtcTime":"2026-08-12 10:37:29.000","Computer":"TN-FIN-WS042","User":"TRANSNORTE\\backup_svc","EventID":13,"Image":"C:\\Windows\\explorer.exe","ProcessGuid":"{AB300DD2-A472-2026-D431-7C9CA6FED6A7}","ProcessId":1658,"EventType":"SetValue","TargetObject":"HKCU\\Software\\Microsoft\\Office\\16.0\\Outlook\\Resiliency\\3449","Details":"1"}
{"UtcTime":"2026-08-12 10:37:30.000","Computer":"TN-FIN-WS042","User":"TRANSNORTE\\backup_svc","EventID":11,"Image":"C:\\Program Files\\Google\\Chrome\\Application\\chrome.exe","ProcessGuid":"{05FF5BFA-19F9-2026-44CD-4C7655FAE842}","ProcessId":6563,"TargetFilename":"C:\\Users\\ops.cardoso\\AppData\\Local\\Temp\\office-3450.tmp"}
{"UtcTime":"2026-08-12 10:37:31.000","Computer":"TN-FIN-WS042","User":"TRANSNORTE\\backup_svc","EventID":1,"Image":"C:\\Program Files\\Google\\Chrome\\Application\\chrome.exe","ProcessGuid":"{36E79202-5AD0-2026-A2C8-B3B268D5E68B}","ProcessId":3322,"CommandLine":"C:\\Program Files\\Google\\Chrome\\Application\\chrome.exe","ParentImage":"C:\\Windows\\System32\\services.exe","ParentProcessGuid":"{696589BB-3BA7-2026-2849-3F244785E14E}","OriginalFileName":"C:\\Program Files\\Google\\Chrome\\Application\\chrome.exe","SHA256":"bd4b9c246782ac96a10fa36f8e8469ab15e98b72dbe63f3557e0bddd56251fed"}
{"UtcTime":"2026-08-12 10:37:32.000","Computer":"TN-FIN-WS042","User":"TRANSNORTE\\backup_svc","EventID":1,"Image":"C:\\Windows\\explorer.exe","ProcessGuid":"{BD6C06FF-2ADA-2026-C9AD-8174B8290C9C}","ProcessId":4002,"CommandLine":"C:\\Windows\\explorer.exe","ParentImage":"C:\\Windows\\System32\\services.exe","ParentProcessGuid":"{1395699D-7ED9-2026-5DDE-1474FEE9E53F}","OriginalFileName":"C:\\Windows\\explorer.exe","SHA256":"8acb1f6adf8c77d0763638f36d8cd90be96f553dbd88ed991a31c815271bbb29"}
{"UtcTime":"2026-08-12 10:37:33.000","Computer":"TN-FIN-WS042","User":"TRANSNORTE\\backup_svc","EventID":13,"Image":"C:\\Windows\\System32\\svchost.exe","ProcessGuid":"{7C04AD7D-3851-2026-0A64-7D1EE8F8ED83}","ProcessId":1461,"EventType":"SetValue","TargetObject":"HKCU\\Software\\Microsoft\\Office\\16.0\\Outlook\\Resiliency\\3453","Details":"1"}
{"UtcTime":"2026-08-12 10:37:34.000","Computer":"TN-FIN-WS042","User":"TRANSNORTE\\backup_svc","EventID":1,"Image":"C:\\Program Files\\Microsoft Office\\Office16\\OUTLOOK.EXE","ProcessGuid":"{553328FC-B710-2026-9C01-D96B1576C0E7}","ProcessId":2835,"CommandLine":"C:\\Program Files\\Microsoft Office\\Office16\\OUTLOOK.EXE","ParentImage":"C:\\Windows\\System32\\services.exe","ParentProcessGuid":"{BE9B86B5-1639-2026-79D4-4F2868B6320B}","OriginalFileName":"C:\\Program Files\\Microsoft Office\\Office16\\OUTLOOK.EXE","SHA256":"8ad2807337d17855503e12a252c9dea2b31c8cc7a592593e63694f88208d0462"}
{"UtcTime":"2026-08-12 10:37:35.000","Computer":"TN-FIN-WS042","User":"TRANSNORTE\\backup_svc","EventID":13,"Image":"C:\\Windows\\explorer.exe","ProcessGuid":"{DE0B46C6-7D1B-2026-687A-3364CEF854A7}","ProcessId":6080,"EventType":"SetValue","TargetObject":"HKCU\\Software\\Microsoft\\Office\\16.0\\Outlook\\Resiliency\\3455","Details":"1"}
{"UtcTime":"2026-08-12 10:37:36.000","Computer":"TN-FIN-WS042","User":"TRANSNORTE\\backup_svc","EventID":13,"Image":"C:\\Program Files\\Microsoft Office\\Office16\\OUTLOOK.EXE","ProcessGuid":"{B4A7116F-ECB6-2026-A935-5BC191B6BABA}","ProcessId":6389,"EventType":"SetValue","TargetObject":"HKCU\\Software\\Microsoft\\Office\\16.0\\Outlook\\Resiliency\\3456","Details":"1"}
{"UtcTime":"2026-08-12 10:37:37.000","Computer":"TN-FIN-WS042","User":"TRANSNORTE\\ops.cardoso","EventID":11,"Image":"C:\\Program Files\\Microsoft Office\\Office16\\OUTLOOK.EXE","ProcessGuid":"{3A5DA80F-3E7A-2026-72BC-19071ADD3A39}","ProcessId":2930,"TargetFilename":"C:\\Users\\ops.cardoso\\AppData\\Local\\Temp\\office-3457.tmp"}
{"UtcTime":"2026-08-12 10:37:38.000","Computer":"TN-FIN-WS042","User":"TRANSNORTE\\backup_svc","EventID":1,"Image":"C:\\Windows\\explorer.exe","ProcessGuid":"{83533B6B-78AB-2026-F2A3-DCB37032BC99}","ProcessId":3901,"CommandLine":"C:\\Windows\\explorer.exe","ParentImage":"C:\\Windows\\System32\\services.exe","ParentProcessGuid":"{B6179B6A-13A0-2026-0829-33613AFF15C3}","OriginalFileName":"C:\\Windows\\explorer.exe","SHA256":"cea5b00f08883deabba86b44f66bb4da9f7ede949999ef638636a1a25ce996bb"}
{"UtcTime":"2026-08-12 10:37:39.000","Computer":"TN-FIN-WS042","User":"TRANSNORTE\\backup_svc","EventID":13,"Image":"C:\\Windows\\explorer.exe","ProcessGuid":"{F4D73669-4FAC-2026-DADE-E9435CC4B4ED}","ProcessId":8728,"EventType":"SetValue","TargetObject":"HKCU\\Software\\Microsoft\\Office\\16.0\\Outlook\\Resiliency\\3459","Details":"1"}
{"UtcTime":"2026-08-12 10:37:40.000","Computer":"TN-FIN-WS042","User":"TRANSNORTE\\backup_svc","EventID":1,"Image":"C:\\Program Files\\Google\\Chrome\\Application\\chrome.exe","ProcessGuid":"{3DF0BF4A-FC5D-2026-FB33-BD57E44E5302}","ProcessId":8535,"CommandLine":"C:\\Program Files\\Google\\Chrome\\Application\\chrome.exe","ParentImage":"C:\\Windows\\System32\\services.exe","ParentProcessGuid":"{705D923F-71F9-2026-F04F-F607CC6FB49A}","OriginalFileName":"C:\\Program Files\\Google\\Chrome\\Application\\chrome.exe","SHA256":"cd0b1c359f8b2811025748bcca938c9fe444229dabc416482bb7fdd32ce69da3"}
{"UtcTime":"2026-08-12 10:37:41.000","Computer":"TN-FIN-WS042","User":"TRANSNORTE\\backup_svc","EventID":11,"Image":"C:\\Windows\\System32\\conhost.exe","ProcessGuid":"{4B21DAC7-5EA4-2026-9AF3-8E24C17D01D4}","ProcessId":5711,"TargetFilename":"C:\\Users\\ops.cardoso\\AppData\\Local\\Temp\\office-3461.tmp"}
{"UtcTime":"2026-08-12 10:37:42.000","Computer":"TN-FIN-WS042","User":"TRANSNORTE\\ops.cardoso","EventID":1,"Image":"C:\\Windows\\explorer.exe","ProcessGuid":"{8477EA7F-907F-2026-E3E4-AAF0108CB5C3}","ProcessId":1029,"CommandLine":"C:\\Windows\\explorer.exe","ParentImage":"C:\\Windows\\System32\\services.exe","ParentProcessGuid":"{493EE1DE-51B4-2026-AE11-F4B86A970059}","OriginalFileName":"C:\\Windows\\explorer.exe","SHA256":"be81377967f942249d45bef8def647e27997c502056250f5cb0ffdcc483c0511"}
{"UtcTime":"2026-08-12 10:37:43.000","Computer":"TN-FIN-WS042","User":"TRANSNORTE\\ops.cardoso","EventID":1,"Image":"C:\\Windows\\System32\\RuntimeBroker.exe","ProcessGuid":"{D0E61860-67BE-2026-D077-E3D4536A5EAD}","ProcessId":4479,"CommandLine":"C:\\Windows\\System32\\RuntimeBroker.exe","ParentImage":"C:\\Windows\\System32\\services.exe","ParentProcessGuid":"{131886DB-92D1-2026-FB39-356ECBDE8E46}","OriginalFileName":"C:\\Windows\\System32\\RuntimeBroker.exe","SHA256":"7619d67c4351bb7b1378f5e37420689048efe4aee2ade7d1cec60ddf891bfba4"}
{"UtcTime":"2026-08-12 10:37:44.000","Computer":"TN-FIN-WS042","User":"TRANSNORTE\\backup_svc","EventID":13,"Image":"C:\\Program Files\\Microsoft Office\\Office16\\OUTLOOK.EXE","ProcessGuid":"{4901FA9A-2BBE-2026-B52D-DA460436247F}","ProcessId":4222,"EventType":"SetValue","TargetObject":"HKCU\\Software\\Microsoft\\Office\\16.0\\Outlook\\Resiliency\\3464","Details":"1"}
{"UtcTime":"2026-08-12 10:37:45.000","Computer":"TN-FIN-WS042","User":"TRANSNORTE\\backup_svc","EventID":1,"Image":"C:\\Windows\\System32\\RuntimeBroker.exe","ProcessGuid":"{4DD43120-4585-2026-63D4-27C139785A22}","ProcessId":6067,"CommandLine":"C:\\Windows\\System32\\RuntimeBroker.exe","ParentImage":"C:\\Windows\\System32\\services.exe","ParentProcessGuid":"{83E4F6C8-93BC-2026-6ABD-F982194F788A}","OriginalFileName":"C:\\Windows\\System32\\RuntimeBroker.exe","SHA256":"17ca8cde4878287dbaa090efcabf70313d6b3ad9d4761a565d72e3dbc89b5580"}
{"UtcTime":"2026-08-12 10:37:46.000","Computer":"TN-FIN-WS042","User":"TRANSNORTE\\backup_svc","EventID":1,"Image":"C:\\Windows\\System32\\conhost.exe","ProcessGuid":"{06D5FB0B-CBD5-2026-B79C-DC2D9555CAC2}","ProcessId":3331,"CommandLine":"C:\\Windows\\System32\\conhost.exe","ParentImage":"C:\\Windows\\System32\\services.exe","ParentProcessGuid":"{C17EF1AC-64BE-2026-4666-DF7F0AA78179}","OriginalFileName":"C:\\Windows\\System32\\conhost.exe","SHA256":"7c88ef9cd54c402cbf9d4d4145ff5bf18a105e0e965d9926b350f2e154b70287"}
{"UtcTime":"2026-08-12 10:37:47.000","Computer":"TN-FIN-WS042","User":"TRANSNORTE\\backup_svc","EventID":1,"Image":"C:\\Windows\\explorer.exe","ProcessGuid":"{4A7C00DB-F174-2026-BDB4-B72DDC959358}","ProcessId":5623,"CommandLine":"C:\\Windows\\explorer.exe","ParentImage":"C:\\Windows\\System32\\services.exe","ParentProcessGuid":"{AB3D75E2-EA0B-2026-1E2C-57C1129FA56E}","OriginalFileName":"C:\\Windows\\explorer.exe","SHA256":"aa14b3cd84f808c0fb95cfc81d001387b00c4933606eaf2b8cfa8468ec2de044"}
{"UtcTime":"2026-08-12 10:37:48.000","Computer":"TN-FIN-WS042","User":"TRANSNORTE\\backup_svc","EventID":1,"Image":"C:\\Program Files\\Microsoft Office\\Office16\\OUTLOOK.EXE","ProcessGuid":"{33D75D64-3460-2026-51CA-E0AABD39F2DD}","ProcessId":4213,"CommandLine":"C:\\Program Files\\Microsoft Office\\Office16\\OUTLOOK.EXE","ParentImage":"C:\\Windows\\System32\\services.exe","ParentProcessGuid":"{EEFFC31F-8C3C-2026-68BE-CC0CADC3F45C}","OriginalFileName":"C:\\Program Files\\Microsoft Office\\Office16\\OUTLOOK.EXE","SHA256":"c4cfaf2d08bca6246155625ef6308b5303961afc6c5744274dce60710889ec97"}
{"UtcTime":"2026-08-12 10:37:49.000","Computer":"TN-FIN-WS042","User":"TRANSNORTE\\backup_svc","EventID":5,"Image":"C:\\Windows\\System32\\RuntimeBroker.exe","ProcessGuid":"{D61FF053-A5B8-2026-1F30-7E4D50977FD3}","ProcessId":1561,"EventType":"End"}
{"UtcTime":"2026-08-12 10:37:50.000","Computer":"TN-FIN-WS042","User":"TRANSNORTE\\backup_svc","EventID":13,"Image":"C:\\Windows\\explorer.exe","ProcessGuid":"{80B62137-BE5B-2026-E7EB-97666255BA04}","ProcessId":8485,"EventType":"SetValue","TargetObject":"HKCU\\Software\\Microsoft\\Office\\16.0\\Outlook\\Resiliency\\3470","Details":"1"}
{"UtcTime":"2026-08-12 10:37:51.000","Computer":"TN-FIN-WS042","User":"TRANSNORTE\\backup_svc","EventID":1,"Image":"C:\\Windows\\System32\\svchost.exe","ProcessGuid":"{1EC95937-782F-2026-2E87-A4DB42036DEF}","ProcessId":6488,"CommandLine":"C:\\Windows\\System32\\svchost.exe","ParentImage":"C:\\Windows\\System32\\services.exe","ParentProcessGuid":"{092F43E8-E619-2026-DBCB-6BA30006AEA3}","OriginalFileName":"C:\\Windows\\System32\\svchost.exe","SHA256":"0975ece466021576235d9f70243e7fd10b23e1b4343309156bbe5f235bfef97d"}
{"UtcTime":"2026-08-12 10:37:52.000","Computer":"TN-FIN-WS042","User":"TRANSNORTE\\backup_svc","EventID":3,"Image":"C:\\Windows\\explorer.exe","ProcessGuid":"{764512A5-DB6D-2026-B3F8-F7B7A569AF91}","ProcessId":3759,"DestinationIp":"10.50.10.10","DestinationPort":53,"SourceIp":"10.50.10.42","Protocol":"tcp"}
{"UtcTime":"2026-08-12 10:37:53.000","Computer":"TN-FIN-WS042","User":"TRANSNORTE\\ops.cardoso","EventID":1,"Image":"C:\\Windows\\System32\\svchost.exe","ProcessGuid":"{324BB2EE-99FD-2026-021B-BF31F9313A4C}","ProcessId":1221,"CommandLine":"C:\\Windows\\System32\\svchost.exe","ParentImage":"C:\\Windows\\System32\\services.exe","ParentProcessGuid":"{03E8D96A-0EF9-2026-4A8A-0B0E9DBBB45E}","OriginalFileName":"C:\\Windows\\System32\\svchost.exe","SHA256":"a702c2d1431d687b1488315edc7bb39cd9cf5f06bb79d7170cc12a5248c46e32"}
{"UtcTime":"2026-08-12 10:37:54.000","Computer":"TN-FIN-WS042","User":"TRANSNORTE\\backup_svc","EventID":1,"Image":"C:\\Windows\\explorer.exe","ProcessGuid":"{21B8C87F-63F1-2026-1AF0-9CAD09F1AC54}","ProcessId":2247,"CommandLine":"C:\\Windows\\explorer.exe","ParentImage":"C:\\Windows\\System32\\services.exe","ParentProcessGuid":"{3413C148-D7EC-2026-A5A9-3A671ECE34AC}","OriginalFileName":"C:\\Windows\\explorer.exe","SHA256":"8c2b56ed4a5368e746e704364a3eed8abe456dce4934eb9a68f2736c787522a1"}
{"UtcTime":"2026-08-12 10:37:55.000","Computer":"TN-FIN-WS042","User":"TRANSNORTE\\backup_svc","EventID":1,"Image":"C:\\Windows\\System32\\RuntimeBroker.exe","ProcessGuid":"{F86C7C2B-B90D-2026-DA12-AEA59E02C08A}","ProcessId":5087,"CommandLine":"C:\\Windows\\System32\\RuntimeBroker.exe","ParentImage":"C:\\Windows\\System32\\services.exe","ParentProcessGuid":"{052AFD2D-85DA-2026-C370-D7DEFC898B59}","OriginalFileName":"C:\\Windows\\System32\\RuntimeBroker.exe","SHA256":"54562ccf1a05dfbf68bf86d691894aaaf1e49066fa3d77e22ffe99025178eedc"}
{"UtcTime":"2026-08-12 10:37:56.000","Computer":"TN-FIN-WS042","User":"TRANSNORTE\\backup_svc","EventID":3,"Image":"C:\\Windows\\explorer.exe","ProcessGuid":"{A06DB734-8E35-2026-A2D0-70608640BF79}","ProcessId":8461,"DestinationIp":"10.50.10.88","DestinationPort":53,"SourceIp":"10.50.10.42","Protocol":"tcp"}
{"UtcTime":"2026-08-12 10:37:57.000","Computer":"TN-FIN-WS042","User":"TRANSNORTE\\ops.cardoso","EventID":1,"Image":"C:\\Program Files\\Google\\Chrome\\Application\\chrome.exe","ProcessGuid":"{79066354-A6FA-2026-D740-470AB58A442F}","ProcessId":4258,"CommandLine":"C:\\Program Files\\Google\\Chrome\\Application\\chrome.exe","ParentImage":"C:\\Windows\\System32\\services.exe","ParentProcessGuid":"{D6452F60-CBD0-2026-3316-5396A1971A2C}","OriginalFileName":"C:\\Program Files\\Google\\Chrome\\Application\\chrome.exe","SHA256":"25c650615ef9ba5b704085294bcb06d1ccd03fa236f5d9e70d61ab2a1bb25b6a"}
{"UtcTime":"2026-08-12 10:37:58.000","Computer":"TN-FIN-WS042","User":"TRANSNORTE\\backup_svc","EventID":3,"Image":"C:\\Program Files\\Google\\Chrome\\Application\\chrome.exe","ProcessGuid":"{685D773A-58F3-2026-3B83-4BD9BC752FFF}","ProcessId":2994,"DestinationIp":"10.50.10.88","DestinationPort":443,"SourceIp":"10.50.10.42","Protocol":"tcp"}
{"UtcTime":"2026-08-12 10:37:59.000","Computer":"TN-FIN-WS042","User":"TRANSNORTE\\backup_svc","EventID":1,"Image":"C:\\Program Files\\Microsoft Office\\Office16\\OUTLOOK.EXE","ProcessGuid":"{5DC9C291-197F-2026-3A6E-6BD3CA6E6E6D}","ProcessId":5028,"CommandLine":"C:\\Program Files\\Microsoft Office\\Office16\\OUTLOOK.EXE","ParentImage":"C:\\Windows\\System32\\services.exe","ParentProcessGuid":"{0194999F-5DD5-2026-00AB-F72B61367F50}","OriginalFileName":"C:\\Program Files\\Microsoft Office\\Office16\\OUTLOOK.EXE","SHA256":"1ced440faa7063d122a05aaa7794d99e6e5b3e27d43f73fd0e8d87c24af4a4dd"}
{"UtcTime":"2026-08-12 10:38:00.000","Computer":"TN-FIN-WS042","User":"TRANSNORTE\\backup_svc","EventID":1,"Image":"C:\\Windows\\System32\\conhost.exe","ProcessGuid":"{6808F383-B431-2026-C109-4632D65C0C5C}","ProcessId":6028,"CommandLine":"C:\\Windows\\System32\\conhost.exe","ParentImage":"C:\\Windows\\System32\\services.exe","ParentProcessGuid":"{D4BDD307-31DA-2026-63CF-BE8C9A114DC7}","OriginalFileName":"C:\\Windows\\System32\\conhost.exe","SHA256":"2c4b3773fb7ca45bbc030594ed8ad624aab50dc42c087d46adf5ead218ee57ad"}
{"UtcTime":"2026-08-12 10:38:01.000","Computer":"TN-FIN-WS042","User":"TRANSNORTE\\backup_svc","EventID":1,"Image":"C:\\Windows\\System32\\conhost.exe","ProcessGuid":"{35F09605-2F24-2026-73A0-D83624211740}","ProcessId":4031,"CommandLine":"C:\\Windows\\System32\\conhost.exe","ParentImage":"C:\\Windows\\System32\\services.exe","ParentProcessGuid":"{654FD8A2-73D5-2026-5804-B992E8782A63}","OriginalFileName":"C:\\Windows\\System32\\conhost.exe","SHA256":"5d87459bcbaace0fa51c32e75071d1c3dc507da4399ddaa7a8dcc70259eee212"}
{"UtcTime":"2026-08-12 10:38:02.000","Computer":"TN-FIN-WS042","User":"TRANSNORTE\\backup_svc","EventID":3,"Image":"C:\\Windows\\System32\\RuntimeBroker.exe","ProcessGuid":"{959CF40C-764C-2026-7D96-82C51CBBA767}","ProcessId":8214,"DestinationIp":"10.50.10.10","DestinationPort":53,"SourceIp":"10.50.10.42","Protocol":"tcp"}
{"UtcTime":"2026-08-12 10:38:03.000","Computer":"TN-FIN-WS042","User":"TRANSNORTE\\ops.cardoso","EventID":13,"Image":"C:\\Windows\\System32\\conhost.exe","ProcessGuid":"{2D7A825E-0D66-2026-BA6C-6C31308D34A9}","ProcessId":7199,"EventType":"SetValue","TargetObject":"HKCU\\Software\\Microsoft\\Office\\16.0\\Outlook\\Resiliency\\3483","Details":"1"}
{"UtcTime":"2026-08-12 10:38:04.000","Computer":"TN-FIN-WS042","User":"TRANSNORTE\\backup_svc","EventID":1,"Image":"C:\\Program Files\\Microsoft Office\\Office16\\OUTLOOK.EXE","ProcessGuid":"{4B2AFEAC-0AEC-2026-698F-9D22C1977427}","ProcessId":2906,"CommandLine":"C:\\Program Files\\Microsoft Office\\Office16\\OUTLOOK.EXE","ParentImage":"C:\\Windows\\System32\\services.exe","ParentProcessGuid":"{0436D735-5FB8-2026-AB4E-84463741C64B}","OriginalFileName":"C:\\Program Files\\Microsoft Office\\Office16\\OUTLOOK.EXE","SHA256":"da3bb2bea46576455f5a1718bb7027e1a9d4d7ebc5a7961051d06bde9c9fd7f1"}
{"UtcTime":"2026-08-12 10:38:05.000","Computer":"TN-FIN-WS042","User":"TRANSNORTE\\ops.cardoso","EventID":1,"Image":"C:\\Program Files\\Microsoft Office\\Office16\\OUTLOOK.EXE","ProcessGuid":"{2A86D47A-F3ED-2026-1953-057A3B2AD229}","ProcessId":7156,"CommandLine":"C:\\Program Files\\Microsoft Office\\Office16\\OUTLOOK.EXE","ParentImage":"C:\\Windows\\System32\\services.exe","ParentProcessGuid":"{E55669F1-2809-2026-24C7-490B2639B7F3}","OriginalFileName":"C:\\Program Files\\Microsoft Office\\Office16\\OUTLOOK.EXE","SHA256":"acd0e62b4924bac06b4888bdb298990fed7e757ac0bcf1c3e67dd0ed2795a2e4"}
{"UtcTime":"2026-08-12 10:38:06.000","Computer":"TN-FIN-WS042","User":"TRANSNORTE\\backup_svc","EventID":1,"Image":"C:\\Windows\\System32\\RuntimeBroker.exe","ProcessGuid":"{14E19CE9-3CA8-2026-0144-3C66FD32D8A5}","ProcessId":7805,"CommandLine":"C:\\Windows\\System32\\RuntimeBroker.exe","ParentImage":"C:\\Windows\\System32\\services.exe","ParentProcessGuid":"{BE720E84-1F3B-2026-70DD-CFE7CCED03EC}","OriginalFileName":"C:\\Windows\\System32\\RuntimeBroker.exe","SHA256":"8bb562378839ac7ba97f3560a11a0f1cc2de9aad97b14aba497d04da1759bf94"}
{"UtcTime":"2026-08-12 10:38:07.000","Computer":"TN-FIN-WS042","User":"TRANSNORTE\\backup_svc","EventID":11,"Image":"C:\\Program Files\\Google\\Chrome\\Application\\chrome.exe","ProcessGuid":"{04E75AB1-1342-2026-7B9C-DCD9969B5356}","ProcessId":2798,"TargetFilename":"C:\\Users\\ops.cardoso\\AppData\\Local\\Temp\\office-3487.tmp"}
{"UtcTime":"2026-08-12 10:38:08.000","Computer":"TN-FIN-WS042","User":"TRANSNORTE\\backup_svc","EventID":1,"Image":"C:\\Program Files\\Microsoft Office\\Office16\\OUTLOOK.EXE","ProcessGuid":"{2CA53490-26D0-2026-0747-8A798CFD556B}","ProcessId":3334,"CommandLine":"C:\\Program Files\\Microsoft Office\\Office16\\OUTLOOK.EXE","ParentImage":"C:\\Windows\\System32\\services.exe","ParentProcessGuid":"{65055741-A3A6-2026-9396-92FBFDA9BF06}","OriginalFileName":"C:\\Program Files\\Microsoft Office\\Office16\\OUTLOOK.EXE","SHA256":"c4be963d08e34ac35414db0e1a125168c48d4575dee178a2f693719f65afbca1"}
{"UtcTime":"2026-08-12 10:38:09.000","Computer":"TN-FIN-WS042","User":"TRANSNORTE\\backup_svc","EventID":11,"Image":"C:\\Program Files\\Microsoft Office\\Office16\\OUTLOOK.EXE","ProcessGuid":"{C3BC5FFA-DEEF-2026-3E5F-3C8F954F5F88}","ProcessId":5705,"TargetFilename":"C:\\Users\\ops.cardoso\\AppData\\Local\\Temp\\office-3489.tmp"}
{"UtcTime":"2026-08-12 10:38:10.000","Computer":"TN-FIN-WS042","User":"TRANSNORTE\\backup_svc","EventID":3,"Image":"C:\\Windows\\System32\\svchost.exe","ProcessGuid":"{98008363-7680-2026-2F05-3F33BBE189AF}","ProcessId":2896,"DestinationIp":"8.8.8.8","DestinationPort":135,"SourceIp":"10.50.10.42","Protocol":"tcp"}
{"UtcTime":"2026-08-12 10:38:11.000","Computer":"TN-FIN-WS042","User":"TRANSNORTE\\backup_svc","EventID":1,"Image":"C:\\Windows\\explorer.exe","ProcessGuid":"{CCDD4927-03A2-2026-7827-E92969F76977}","ProcessId":5415,"CommandLine":"C:\\Windows\\explorer.exe","ParentImage":"C:\\Windows\\System32\\services.exe","ParentProcessGuid":"{77CB31B4-B62D-2026-914E-F678E4B03F00}","OriginalFileName":"C:\\Windows\\explorer.exe","SHA256":"f336499a17693e88cf16c7acc2eec23889060c9329ee5d908651febc12496ae3"}
{"UtcTime":"2026-08-12 10:38:12.000","Computer":"TN-FIN-WS042","User":"TRANSNORTE\\backup_svc","EventID":1,"Image":"C:\\Windows\\System32\\svchost.exe","ProcessGuid":"{E8223373-D05E-2026-29DA-578CFC33B6BD}","ProcessId":1341,"CommandLine":"C:\\Windows\\System32\\svchost.exe","ParentImage":"C:\\Windows\\System32\\services.exe","ParentProcessGuid":"{09B4CC63-3937-2026-7101-BFC8D26E96D3}","OriginalFileName":"C:\\Windows\\System32\\svchost.exe","SHA256":"57b20b9b5d06891033f82d2109c429e3f884b7192a615e7de29cec0d01b2699a"}
{"UtcTime":"2026-08-12 10:38:13.000","Computer":"TN-FIN-WS042","User":"TRANSNORTE\\ops.cardoso","EventID":3,"Image":"C:\\Windows\\System32\\conhost.exe","ProcessGuid":"{E54652B0-7903-2026-4EF5-77FEF0A17BD8}","ProcessId":6910,"DestinationIp":"8.8.8.8","DestinationPort":443,"SourceIp":"10.50.10.42","Protocol":"tcp"}
