{"UtcTime":"2026-08-12 10:22:11.000","Computer":"TN-FIN-WS042","User":"TRANSNORTE\\ops.cardoso","EventID":1,"Image":"C:\\Windows\\System32\\conhost.exe","ProcessGuid":"{72CA95ED-80B8-2026-CBA3-32A28BE95FE7}","ProcessId":5306,"CommandLine":"C:\\Windows\\System32\\conhost.exe","ParentImage":"C:\\Windows\\System32\\services.exe","ParentProcessGuid":"{5F5FCB28-3AD6-2026-E263-42FB7B618288}","OriginalFileName":"C:\\Windows\\System32\\conhost.exe","SHA256":"07d1adfe49c4c8520dee7897288727b6a3ff4ad2975c17b172cf4bff789e7519"}
{"UtcTime":"2026-08-12 10:22:12.000","Computer":"TN-FIN-WS042","User":"TRANSNORTE\\backup_svc","EventID":13,"Image":"C:\\Program Files\\Microsoft Office\\Office16\\OUTLOOK.EXE","ProcessGuid":"{C51894C3-8683-2026-88B0-0F9C866C69A9}","ProcessId":7140,"EventType":"SetValue","TargetObject":"HKCU\\Software\\Microsoft\\Office\\16.0\\Outlook\\Resiliency\\2532","Details":"1"}
{"UtcTime":"2026-08-12 10:22:13.000","Computer":"TN-FIN-WS042","User":"TRANSNORTE\\backup_svc","EventID":1,"Image":"C:\\Windows\\explorer.exe","ProcessGuid":"{10842D0D-35E3-2026-B752-724EDCDB3704}","ProcessId":6872,"CommandLine":"C:\\Windows\\explorer.exe","ParentImage":"C:\\Windows\\System32\\services.exe","ParentProcessGuid":"{0C45C956-4F6E-2026-C98C-D5A2AB000060}","OriginalFileName":"C:\\Windows\\explorer.exe","SHA256":"2cf7df461bbb0cc64bade531a7a2781636ddae666733570b614b48103b73db43"}
{"UtcTime":"2026-08-12 10:22:14.000","Computer":"TN-FIN-WS042","User":"TRANSNORTE\\backup_svc","EventID":5,"Image":"C:\\Windows\\System32\\RuntimeBroker.exe","ProcessGuid":"{C5AF4209-DEF2-2026-1563-6E6168B9A716}","ProcessId":1232,"EventType":"End"}
{"UtcTime":"2026-08-12 10:22:15.000","Computer":"TN-FIN-WS042","User":"TRANSNORTE\\backup_svc","EventID":3,"Image":"C:\\Windows\\System32\\svchost.exe","ProcessGuid":"{0C04A8DA-8948-2026-F736-256DC7D66CF2}","ProcessId":2142,"DestinationIp":"10.50.10.88","DestinationPort":53,"SourceIp":"10.50.10.42","Protocol":"tcp"}
{"UtcTime":"2026-08-12 10:22:16.000","Computer":"TN-FIN-WS042","User":"TRANSNORTE\\backup_svc","EventID":5,"Image":"C:\\Windows\\System32\\svchost.exe","ProcessGuid":"{5A75598F-4F83-2026-C9D4-95D6E5FE8F01}","ProcessId":8667,"EventType":"End"}
{"UtcTime":"2026-08-12 10:22:17.000","Computer":"TN-FIN-WS042","User":"TRANSNORTE\\ops.cardoso","EventID":1,"Image":"C:\\Windows\\System32\\svchost.exe","ProcessGuid":"{D22AB0A6-FE3C-2026-A7EF-B86545340A0B}","ProcessId":1032,"CommandLine":"C:\\Windows\\System32\\svchost.exe","ParentImage":"C:\\Windows\\System32\\services.exe","ParentProcessGuid":"{C198C94A-4616-2026-908D-DC6369756544}","OriginalFileName":"C:\\Windows\\System32\\svchost.exe","SHA256":"da0d9c83aca475f5b4f0c0e3b892bbbe654ca32d1d2ccd852e26dd8b189332d4"}
{"UtcTime":"2026-08-12 10:22:18.000","Computer":"TN-FIN-WS042","User":"TRANSNORTE\\backup_svc","EventID":5,"Image":"C:\\Windows\\System32\\conhost.exe","ProcessGuid":"{2EB5EBB7-B4C8-2026-4D9A-C1012DCBA40D}","ProcessId":3703,"EventType":"End"}
{"UtcTime":"2026-08-12 10:22:19.000","Computer":"TN-FIN-WS042","User":"TRANSNORTE\\backup_svc","EventID":13,"Image":"C:\\Windows\\explorer.exe","ProcessGuid":"{0C841B24-2C05-2026-51B3-3B6A41E1DD5F}","ProcessId":6386,"EventType":"SetValue","TargetObject":"HKCU\\Software\\Microsoft\\Office\\16.0\\Outlook\\Resiliency\\2539","Details":"1"}
{"UtcTime":"2026-08-12 10:22:20.000","Computer":"TN-FIN-WS042","User":"TRANSNORTE\\ops.cardoso","EventID":11,"Image":"C:\\Windows\\System32\\conhost.exe","ProcessGuid":"{5732DF06-1D80-2026-5C4E-F81F81A2B758}","ProcessId":6015,"TargetFilename":"C:\\Users\\ops.cardoso\\AppData\\Local\\Temp\\office-2540.tmp"}
{"UtcTime":"2026-08-12 10:22:21.000","Computer":"TN-FIN-WS042","User":"TRANSNORTE\\ops.cardoso","EventID":11,"Image":"C:\\Program Files\\Google\\Chrome\\Application\\chrome.exe","ProcessGuid":"{E264FEB2-DE95-2026-81FD-1C89B589DEF8}","ProcessId":2403,"TargetFilename":"C:\\Users\\ops.cardoso\\AppData\\Local\\Temp\\office-2541.tmp"}
{"UtcTime":"2026-08-12 10:22:22.000","Computer":"TN-FIN-WS042","User":"TRANSNORTE\\backup_svc","EventID":13,"Image":"C:\\Program Files\\Microsoft Office\\Office16\\OUTLOOK.EXE","ProcessGuid":"{90ADC00B-A230-2026-369C-9D97BBB56AD3}","ProcessId":684,"EventType":"SetValue","TargetObject":"HKCU\\Software\\Microsoft\\Office\\16.0\\Outlook\\Resiliency\\2542","Details":"1"}
{"UtcTime":"2026-08-12 10:22:23.000","Computer":"TN-FIN-WS042","User":"TRANSNORTE\\ops.cardoso","EventID":1,"Image":"C:\\Windows\\System32\\conhost.exe","ProcessGuid":"{AB735DD7-2171-2026-3FDB-C381F41D2D51}","ProcessId":5372,"CommandLine":"C:\\Windows\\System32\\conhost.exe","ParentImage":"C:\\Windows\\System32\\services.exe","ParentProcessGuid":"{0422E9ED-E686-2026-4ECB-EEF9AE5FDFF2}","OriginalFileName":"C:\\Windows\\System32\\conhost.exe","SHA256":"1534874b76272f395d94f6b6c6ac48acee12fa4ca5b19a1223e95381095e7652"}
{"UtcTime":"2026-08-12 10:22:24.000","Computer":"TN-FIN-WS042","User":"TRANSNORTE\\backup_svc","EventID":1,"Image":"C:\\Windows\\explorer.exe","ProcessGuid":"{774943C6-9658-2026-67F9-801F1F99CA2E}","ProcessId":4822,"CommandLine":"C:\\Windows\\explorer.exe","ParentImage":"C:\\Windows\\System32\\services.exe","ParentProcessGuid":"{DAAAE301-5AF0-2026-7EA1-12F3654F914D}","OriginalFileName":"C:\\Windows\\explorer.exe","SHA256":"412c5076122526e96f121c08c1253ebddfaecb7ab450c84070d5c350d41c8fdd"}
{"UtcTime":"2026-08-12 10:22:25.000","Computer":"TN-FIN-WS042","User":"TRANSNORTE\\ops.cardoso","EventID":3,"Image":"C:\\Program Files\\Google\\Chrome\\Application\\chrome.exe","ProcessGuid":"{BAF424AA-6966-2026-CCA0-32F9E80148DA}","ProcessId":8997,"DestinationIp":"8.8.8.8","DestinationPort":135,"SourceIp":"10.50.10.42","Protocol":"tcp"}
{"UtcTime":"2026-08-12 10:22:26.000","Computer":"TN-FIN-WS042","User":"TRANSNORTE\\backup_svc","EventID":1,"Image":"C:\\Windows\\System32\\RuntimeBroker.exe","ProcessGuid":"{A96083D6-D5B2-2026-16CC-2C8A7354E1B3}","ProcessId":3541,"CommandLine":"C:\\Windows\\System32\\RuntimeBroker.exe","ParentImage":"C:\\Windows\\System32\\services.exe","ParentProcessGuid":"{B2EC32DB-4B10-2026-ED09-6107853D7CBB}","OriginalFileName":"C:\\Windows\\System32\\RuntimeBroker.exe","SHA256":"5349249ae7bd8b2333eeebbb7d011112279189de784699a6685533c03ad94f6e"}
{"UtcTime":"2026-08-12 10:22:27.000","Computer":"TN-FIN-WS042","User":"TRANSNORTE\\backup_svc","EventID":5,"Image":"C:\\Program Files\\Google\\Chrome\\Application\\chrome.exe","ProcessGuid":"{80FE7BC4-BA8F-2026-F394-D1F1A19FA66C}","ProcessId":5924,"EventType":"End"}
{"UtcTime":"2026-08-12 10:22:28.000","Computer":"TN-FIN-WS042","User":"TRANSNORTE\\ops.cardoso","EventID":1,"Image":"C:\\Windows\\System32\\conhost.exe","ProcessGuid":"{B849885B-90DB-2026-AA44-4220D5B62F02}","ProcessId":8494,"CommandLine":"C:\\Windows\\System32\\conhost.exe","ParentImage":"C:\\Windows\\System32\\services.exe","ParentProcessGuid":"{FAF92AE5-997D-2026-7735-1B007F728395}","OriginalFileName":"C:\\Windows\\System32\\conhost.exe","SHA256":"63638c4479d92536aea0e983ce58a4298ab8f37d8f8bdfe29f1f671f2822dfcf"}
{"UtcTime":"2026-08-12 10:22:29.000","Computer":"TN-FIN-WS042","User":"TRANSNORTE\\ops.cardoso","EventID":1,"Image":"C:\\Program Files\\Microsoft Office\\Office16\\OUTLOOK.EXE","ProcessGuid":"{1F32533F-42B7-2026-79CC-B4301F55A51B}","ProcessId":3262,"CommandLine":"C:\\Program Files\\Microsoft Office\\Office16\\OUTLOOK.EXE","ParentImage":"C:\\Windows\\System32\\services.exe","ParentProcessGuid":"{71ACBC75-253C-2026-5A4D-8374F33589A0}","OriginalFileName":"C:\\Program Files\\Microsoft Office\\Office16\\OUTLOOK.EXE","SHA256":"6479a96186f2550a68f43fbef57be2c07b7f4f4a4d8a82e88d027589521da19e"}
{"UtcTime":"2026-08-12 10:22:30.000","Computer":"TN-FIN-WS042","User":"TRANSNORTE\\ops.cardoso","EventID":3,"Image":"C:\\Program Files\\Microsoft Office\\Office16\\OUTLOOK.EXE","ProcessGuid":"{43D9AD2A-B0A1-2026-F8D1-79989233DCF7}","ProcessId":3404,"DestinationIp":"10.50.10.10","DestinationPort":8080,"SourceIp":"10.50.10.42","Protocol":"tcp"}
{"UtcTime":"2026-08-12 10:22:31.000","Computer":"TN-FIN-WS042","User":"TRANSNORTE\\backup_svc","EventID":1,"Image":"C:\\Windows\\System32\\conhost.exe","ProcessGuid":"{01BDF13E-76F6-2026-7F7A-3E59EA6F5F63}","ProcessId":6568,"CommandLine":"C:\\Windows\\System32\\conhost.exe","ParentImage":"C:\\Windows\\System32\\services.exe","ParentProcessGuid":"{BDAEC142-E9DD-2026-EB41-1ACFA412CECE}","OriginalFileName":"C:\\Windows\\System32\\conhost.exe","SHA256":"17cbbf4c31fdb8ecfba40b75f31301283b4eef550368e02b02fe62961fd07284"}
{"UtcTime":"2026-08-12 10:22:32.000","Computer":"TN-FIN-WS042","User":"TRANSNORTE\\backup_svc","EventID":13,"Image":"C:\\Program Files\\Microsoft Office\\Office16\\OUTLOOK.EXE","ProcessGuid":"{397DF95F-CB73-2026-EEB8-09166222BE21}","ProcessId":5266,"EventType":"SetValue","TargetObject":"HKCU\\Software\\Microsoft\\Office\\16.0\\Outlook\\Resiliency\\2552","Details":"1"}
{"UtcTime":"2026-08-12 10:22:33.000","Computer":"TN-FIN-WS042","User":"TRANSNORTE\\ops.cardoso","EventID":1,"Image":"C:\\Program Files\\Google\\Chrome\\Application\\chrome.exe","ProcessGuid":"{912373DF-1ECE-2026-DE9F-C054904CD62E}","ProcessId":1030,"CommandLine":"C:\\Program Files\\Google\\Chrome\\Application\\chrome.exe","ParentImage":"C:\\Windows\\System32\\services.exe","ParentProcessGuid":"{46B4143B-D935-2026-C77B-08B8552D33B1}","OriginalFileName":"C:\\Program Files\\Google\\Chrome\\Application\\chrome.exe","SHA256":"4ae325f2930d5c87331a5ec4a32e97e33d68dc8a96de19c75a39fe4fe49a3ed5"}
{"UtcTime":"2026-08-12 10:22:34.000","Computer":"TN-FIN-WS042","User":"TRANSNORTE\\backup_svc","EventID":13,"Image":"C:\\Windows\\System32\\RuntimeBroker.exe","ProcessGuid":"{1D7FEDD7-44FC-2026-2FA7-1D127225FFB6}","ProcessId":8167,"EventType":"SetValue","TargetObject":"HKCU\\Software\\Microsoft\\Office\\16.0\\Outlook\\Resiliency\\2554","Details":"1"}
{"UtcTime":"2026-08-12 10:22:35.000","Computer":"TN-FIN-WS042","User":"TRANSNORTE\\backup_svc","EventID":3,"Image":"C:\\Program Files\\Microsoft Office\\Office16\\OUTLOOK.EXE","ProcessGuid":"{B6B8EFC4-8C3C-2026-47EE-0421B3A5AFDF}","ProcessId":4798,"DestinationIp":"10.50.10.10","DestinationPort":8080,"SourceIp":"10.50.10.42","Protocol":"tcp"}
{"UtcTime":"2026-08-12 10:22:36.000","Computer":"TN-FIN-WS042","User":"TRANSNORTE\\ops.cardoso","EventID":13,"Image":"C:\\Windows\\explorer.exe","ProcessGuid":"{DD6168BA-42DB-2026-C271-FABAA5D7C479}","ProcessId":3070,"EventType":"SetValue","TargetObject":"HKCU\\Software\\Microsoft\\Office\\16.0\\Outlook\\Resiliency\\2556","Details":"1"}
{"UtcTime":"2026-08-12 10:22:37.000","Computer":"TN-FIN-WS042","User":"TRANSNORTE\\backup_svc","EventID":5,"Image":"C:\\Windows\\explorer.exe","ProcessGuid":"{99D9C059-E033-2026-E342-7296A456B985}","ProcessId":1592,"EventType":"End"}
{"UtcTime":"2026-08-12 10:22:38.000","Computer":"TN-FIN-WS042","User":"TRANSNORTE\\backup_svc","EventID":5,"Image":"C:\\Program Files\\Google\\Chrome\\Application\\chrome.exe","ProcessGuid":"{A2F4EBFB-748D-2026-B5F9-65ACB664825D}","ProcessId":5688,"EventType":"End"}
{"UtcTime":"2026-08-12 10:22:39.000","Computer":"TN-FIN-WS042","User":"TRANSNORTE\\backup_svc","EventID":13,"Image":"C:\\Program Files\\Google\\Chrome\\Application\\chrome.exe","ProcessGuid":"{D76A50BD-CEF8-2026-60B3-524F59B090BF}","ProcessId":6861,"EventType":"SetValue","TargetObject":"HKCU\\Software\\Microsoft\\Office\\16.0\\Outlook\\Resiliency\\2559","Details":"1"}
{"UtcTime":"2026-08-12 10:22:40.000","Computer":"TN-FIN-WS042","User":"TRANSNORTE\\backup_svc","EventID":13,"Image":"C:\\Windows\\System32\\svchost.exe","ProcessGuid":"{7DF8B248-2764-2026-39DE-75C4058D258F}","ProcessId":4334,"EventType":"SetValue","TargetObject":"HKCU\\Software\\Microsoft\\Office\\16.0\\Outlook\\Resiliency\\2560","Details":"1"}
{"UtcTime":"2026-08-12 10:22:41.000","Computer":"TN-FIN-WS042","User":"TRANSNORTE\\backup_svc","EventID":5,"Image":"C:\\Program Files\\Microsoft Office\\Office16\\OUTLOOK.EXE","ProcessGuid":"{531DAE5D-C124-2026-14B5-FAA90995ED93}","ProcessId":1436,"EventType":"End"}
{"UtcTime":"2026-08-12 10:22:42.000","Computer":"TN-FIN-WS042","User":"TRANSNORTE\\ops.cardoso","EventID":5,"Image":"C:\\Program Files\\Google\\Chrome\\Application\\chrome.exe","ProcessGuid":"{65098912-2922-2026-34FE-D8BCB6BDA230}","ProcessId":1250,"EventType":"End"}
{"UtcTime":"2026-08-12 10:22:43.000","Computer":"TN-FIN-WS042","User":"TRANSNORTE\\ops.cardoso","EventID":1,"Image":"C:\\Windows\\explorer.exe","ProcessGuid":"{43034ABC-7F99-2026-DB4E-7AFCB1CB27B6}","ProcessId":7275,"CommandLine":"C:\\Windows\\explorer.exe","ParentImage":"C:\\Windows\\System32\\services.exe","ParentProcessGuid":"{7B820CBF-F6AC-2026-DA6E-B20F500FCFAA}","OriginalFileName":"C:\\Windows\\explorer.exe","SHA256":"839ac2d2ff7cf7a2f6eb073092ea77444d7b0bc05e8ea0e0864bf778959d982d"}
{"UtcTime":"2026-08-12 10:22:44.000","Computer":"TN-FIN-WS042","User":"TRANSNORTE\\ops.cardoso","EventID":1,"Image":"C:\\Windows\\System32\\RuntimeBroker.exe","ProcessGuid":"{04E85574-2394-2026-567F-35DBD0A1A17A}","ProcessId":5349,"CommandLine":"C:\\Windows\\System32\\RuntimeBroker.exe","ParentImage":"C:\\Windows\\System32\\services.exe","ParentProcessGuid":"{CB211EA3-5D43-2026-36D2-B88C83E04382}","OriginalFileName":"C:\\Windows\\System32\\RuntimeBroker.exe","SHA256":"95e0647187ba61a73963da458b32a8be58453c857aa5666feb13d5615790dd3f"}
{"UtcTime":"2026-08-12 10:22:45.000","Computer":"TN-FIN-WS042","User":"TRANSNORTE\\ops.cardoso","EventID":3,"Image":"C:\\Windows\\System32\\conhost.exe","ProcessGuid":"{8453E903-5FE8-2026-2520-DA065DFFB9B9}","ProcessId":8176,"DestinationIp":"10.50.10.88","DestinationPort":443,"SourceIp":"10.50.10.42","Protocol":"tcp"}
{"UtcTime":"2026-08-12 10:22:46.000","Computer":"TN-FIN-WS042","User":"TRANSNORTE\\ops.cardoso","EventID":5,"Image":"C:\\Windows\\System32\\RuntimeBroker.exe","ProcessGuid":"{0B98F766-0E68-2026-BD2A-E41AC27894A4}","ProcessId":5050,"EventType":"End"}
{"UtcTime":"2026-08-12 10:22:47.000","Computer":"TN-FIN-WS042","User":"TRANSNORTE\\ops.cardoso","EventID":3,"Image":"C:\\Windows\\System32\\svchost.exe","ProcessGuid":"{F39F1916-05AF-2026-0D44-A68BA5729926}","ProcessId":1538,"DestinationIp":"8.8.8.8","DestinationPort":8080,"SourceIp":"10.50.10.42","Protocol":"tcp"}
{"UtcTime":"2026-08-12 10:22:48.000","Computer":"TN-FIN-WS042","User":"TRANSNORTE\\backup_svc","EventID":11,"Image":"C:\\Program Files\\Google\\Chrome\\Application\\chrome.exe","ProcessGuid":"{4D553439-BB5C-2026-0FBB-4E76164883B0}","ProcessId":4910,"TargetFilename":"C:\\Users\\ops.cardoso\\AppData\\Local\\Temp\\office-2568.tmp"}
{"UtcTime":"2026-08-12 10:22:49.000","Computer":"TN-FIN-WS042","User":"TRANSNORTE\\ops.cardoso","EventID":5,"Image":"C:\\Program Files\\Microsoft Office\\Office16\\OUTLOOK.EXE","ProcessGuid":"{2795CE0E-A733-2026-C0B6-7CF5F7014B6F}","ProcessId":3998,"EventType":"End"}
{"UtcTime":"2026-08-12 10:22:50.000","Computer":"TN-FIN-WS042","User":"TRANSNORTE\\backup_svc","EventID":11,"Image":"C:\\Windows\\explorer.exe","ProcessGuid":"{E222D34B-4B9C-2026-383B-5FE2B5EAF3E4}","ProcessId":6848,"TargetFilename":"C:\\Users\\ops.cardoso\\AppData\\Local\\Temp\\office-2570.tmp"}
{"UtcTime":"2026-08-12 10:22:51.000","Computer":"TN-FIN-WS042","User":"TRANSNORTE\\backup_svc","EventID":5,"Image":"C:\\Windows\\System32\\conhost.exe","ProcessGuid":"{3F1D78AA-256F-2026-2632-3BC240289B78}","ProcessId":6656,"EventType":"End"}
{"UtcTime":"2026-08-12 10:22:52.000","Computer":"TN-FIN-WS042","User":"TRANSNORTE\\backup_svc","EventID":3,"Image":"C:\\Windows\\explorer.exe","ProcessGuid":"{774AF688-090D-2026-9EEC-B1AC6ACE8362}","ProcessId":4258,"DestinationIp":"8.8.8.8","DestinationPort":53,"SourceIp":"10.50.10.42","Protocol":"tcp"}
{"UtcTime":"2026-08-12 10:22:53.000","Computer":"TN-FIN-WS042","User":"TRANSNORTE\\ops.cardoso","EventID":3,"Image":"C:\\Windows\\System32\\RuntimeBroker.exe","ProcessGuid":"{F6C95477-A38A-2026-A520-44F326682429}","ProcessId":4006,"DestinationIp":"8.8.8.8","DestinationPort":443,"SourceIp":"10.50.10.42","Protocol":"tcp"}
{"UtcTime":"2026-08-12 10:22:54.000","Computer":"TN-FIN-WS042","User":"TRANSNORTE\\backup_svc","EventID":1,"Image":"C:\\Program Files\\Microsoft Office\\Office16\\OUTLOOK.EXE","ProcessGuid":"{BF96F852-BA9B-2026-C3A8-97A6A0F04D87}","ProcessId":3992,"CommandLine":"C:\\Program Files\\Microsoft Office\\Office16\\OUTLOOK.EXE","ParentImage":"C:\\Windows\\System32\\services.exe","ParentProcessGuid":"{F1285667-F65A-2026-C2F3-DF5F3C48685D}","OriginalFileName":"C:\\Program Files\\Microsoft Office\\Office16\\OUTLOOK.EXE","SHA256":"f7f1c6078cda2bc0eed4e09d524609fa651f52c7882f13ba8bafe29d8c09ffe4"}
{"UtcTime":"2026-08-12 10:22:55.000","Computer":"TN-FIN-WS042","User":"TRANSNORTE\\ops.cardoso","EventID":3,"Image":"C:\\Windows\\explorer.exe","ProcessGuid":"{A262D9C5-2401-2026-D8DC-A75481CEF452}","ProcessId":2660,"DestinationIp":"10.50.10.10","DestinationPort":443,"SourceIp":"10.50.10.42","Protocol":"tcp"}
{"UtcTime":"2026-08-12 10:22:56.000","Computer":"TN-FIN-WS042","User":"TRANSNORTE\\backup_svc","EventID":3,"Image":"C:\\Program Files\\Microsoft Office\\Office16\\OUTLOOK.EXE","ProcessGuid":"{9CB7B07E-DA28-2026-B1F5-9E601BC3F793}","ProcessId":7267,"DestinationIp":"1.1.1.1","DestinationPort":443,"SourceIp":"10.50.10.42","Protocol":"tcp"}
{"UtcTime":"2026-08-12 10:22:57.000","Computer":"TN-FIN-WS042","User":"TRANSNORTE\\backup_svc","EventID":1,"Image":"C:\\Program Files\\Microsoft Office\\Office16\\OUTLOOK.EXE","ProcessGuid":"{5FB5F550-A181-2026-CFE5-CB3F7CBB8618}","ProcessId":1369,"CommandLine":"C:\\Program Files\\Microsoft Office\\Office16\\OUTLOOK.EXE","ParentImage":"C:\\Windows\\System32\\services.exe","ParentProcessGuid":"{2D5AE1B3-3E9B-2026-949C-A6DD4F37712F}","OriginalFileName":"C:\\Program Files\\Microsoft Office\\Office16\\OUTLOOK.EXE","SHA256":"2966c52f5acf3c7b2723c0c6c0db10860194cc85a9942d2b789b0f1e2dd27d31"}
{"UtcTime":"2026-08-12 10:22:58.000","Computer":"TN-FIN-WS042","User":"TRANSNORTE\\backup_svc","EventID":1,"Image":"C:\\Windows\\System32\\conhost.exe","ProcessGuid":"{AA56F7A5-FE43-2026-991E-29A8808123C6}","ProcessId":7556,"CommandLine":"C:\\Windows\\System32\\conhost.exe","ParentImage":"C:\\Windows\\System32\\services.exe","ParentProcessGuid":"{B92DBC87-DCE9-2026-A81F-533AC37ECCDF}","OriginalFileName":"C:\\Windows\\System32\\conhost.exe","SHA256":"58fef1a24e4a0c8f96a19c117b922c371c4e914c2604b39ff1a24b25e1a936fa"}
{"UtcTime":"2026-08-12 10:22:59.000","Computer":"TN-FIN-WS042","User":"TRANSNORTE\\backup_svc","EventID":3,"Image":"C:\\Program Files\\Microsoft Office\\Office16\\OUTLOOK.EXE","ProcessGuid":"{295B46E9-24BA-2026-8A04-D0C900856008}","ProcessId":5381,"DestinationIp":"1.1.1.1","DestinationPort":135,"SourceIp":"10.50.10.42","Protocol":"tcp"}
{"UtcTime":"2026-08-12 10:23:00.000","Computer":"TN-FIN-WS042","User":"TRANSNORTE\\backup_svc","EventID":1,"Image":"C:\\Program Files\\Microsoft Office\\Office16\\OUTLOOK.EXE","ProcessGuid":"{85631FDF-F513-2026-B064-A0DAFBB5EE38}","ProcessId":7894,"CommandLine":"C:\\Program Files\\Microsoft Office\\Office16\\OUTLOOK.EXE","ParentImage":"C:\\Windows\\System32\\services.exe","ParentProcessGuid":"{DA78EFE6-EB2D-2026-0866-C05F356D58EF}","OriginalFileName":"C:\\Program Files\\Microsoft Office\\Office16\\OUTLOOK.EXE","SHA256":"05d04f958777711bb5a59cbc857ca8242d1dcb02d429f6aaf5418c71a70f063a"}
{"UtcTime":"2026-08-12 10:23:01.000","Computer":"TN-FIN-WS042","User":"TRANSNORTE\\ops.cardoso","EventID":11,"Image":"C:\\Windows\\System32\\svchost.exe","ProcessGuid":"{DEA4728E-1293-2026-D364-0A382B5D4374}","ProcessId":3464,"TargetFilename":"C:\\Users\\ops.cardoso\\AppData\\Local\\Temp\\office-2581.tmp"}
{"UtcTime":"2026-08-12 10:23:02.000","Computer":"TN-FIN-WS042","User":"TRANSNORTE\\backup_svc","EventID":11,"Image":"C:\\Windows\\System32\\conhost.exe","ProcessGuid":"{1CC7F4A3-52CC-2026-181E-F129BB13BB8A}","ProcessId":7227,"TargetFilename":"C:\\Users\\ops.cardoso\\AppData\\Local\\Temp\\office-2582.tmp"}
{"UtcTime":"2026-08-12 10:23:03.000","Computer":"TN-FIN-WS042","User":"TRANSNORTE\\ops.cardoso","EventID":5,"Image":"C:\\Windows\\System32\\RuntimeBroker.exe","ProcessGuid":"{02DA3457-A3B3-2026-5D1A-B8460F26B958}","ProcessId":1368,"EventType":"End"}
{"UtcTime":"2026-08-12 10:23:04.000","Computer":"TN-FIN-WS042","User":"TRANSNORTE\\backup_svc","EventID":1,"Image":"C:\\Program Files\\Microsoft Office\\Office16\\OUTLOOK.EXE","ProcessGuid":"{5D556089-0CC8-2026-4053-0EC672584461}","ProcessId":2386,"CommandLine":"C:\\Program Files\\Microsoft Office\\Office16\\OUTLOOK.EXE","ParentImage":"C:\\Windows\\System32\\services.exe","ParentProcessGuid":"{E8D7CF0D-1145-2026-5516-57561633FA10}","OriginalFileName":"C:\\Program Files\\Microsoft Office\\Office16\\OUTLOOK.EXE","SHA256":"81982a18ef941733f93c1e59062d7c4ecdaedeedd53ee7780e6c04ba14238e05"}
{"UtcTime":"2026-08-12 10:23:05.000","Computer":"TN-FIN-WS042","User":"TRANSNORTE\\backup_svc","EventID":13,"Image":"C:\\Program Files\\Google\\Chrome\\Application\\chrome.exe","ProcessGuid":"{68CC6A84-42EE-2026-53B5-DA06BE239FB9}","ProcessId":1692,"EventType":"SetValue","TargetObject":"HKCU\\Software\\Microsoft\\Office\\16.0\\Outlook\\Resiliency\\2585","Details":"1"}
{"UtcTime":"2026-08-12 10:23:06.000","Computer":"TN-FIN-WS042","User":"TRANSNORTE\\backup_svc","EventID":1,"Image":"C:\\Program Files\\Microsoft Office\\Office16\\OUTLOOK.EXE","ProcessGuid":"{92D64C60-AED8-2026-148A-366D28D23C6F}","ProcessId":3066,"CommandLine":"C:\\Program Files\\Microsoft Office\\Office16\\OUTLOOK.EXE","ParentImage":"C:\\Windows\\System32\\services.exe","ParentProcessGuid":"{7A79FC42-1D7B-2026-2568-D6BD0AC821B8}","OriginalFileName":"C:\\Program Files\\Microsoft Office\\Office16\\OUTLOOK.EXE","SHA256":"c45cb37d6cc88b4706fd4a9960007d286e2b8b2125281b5f04d3a5f2adea0234"}
{"UtcTime":"2026-08-12 10:23:07.000","Computer":"TN-FIN-WS042","User":"TRANSNORTE\\ops.cardoso","EventID":1,"Image":"C:\\Windows\\explorer.exe","ProcessGuid":"{83503377-7AC5-2026-F2A1-10C07BBB00EF}","ProcessId":7843,"CommandLine":"C:\\Windows\\explorer.exe","ParentImage":"C:\\Windows\\System32\\services.exe","ParentProcessGuid":"{6A460142-BB07-2026-0B77-6D76F1C02FB8}","OriginalFileName":"C:\\Windows\\explorer.exe","SHA256":"6b6c3bcfa42d8956dcae69e958214a612d38fa56f9a5de40888127dfa170fabf"}
{"UtcTime":"2026-08-12 10:23:08.000","Computer":"TN-FIN-WS042","User":"TRANSNORTE\\backup_svc","EventID":1,"Image":"C:\\Program Files\\Google\\Chrome\\Application\\chrome.exe","ProcessGuid":"{E6021908-2B12-2026-2A47-352B69C2D4E8}","ProcessId":4787,"CommandLine":"C:\\Program Files\\Google\\Chrome\\Application\\chrome.exe","ParentImage":"C:\\Windows\\System32\\services.exe","ParentProcessGuid":"{5C6E45E4-4EF3-2026-4B9B-DE0D7A5B8B19}","OriginalFileName":"C:\\Program Files\\Google\\Chrome\\Application\\chrome.exe","SHA256":"7b27162f99a3011cf3893bc7e3718a926823b8b85dbb8a49824aa59b25191757"}
{"UtcTime":"2026-08-12 10:23:09.000","Computer":"TN-FIN-WS042","User":"TRANSNORTE\\ops.cardoso","EventID":13,"Image":"C:\\Windows\\System32\\svchost.exe","ProcessGuid":"{49A156BA-6CF8-2026-61F9-E30645F686F6}","ProcessId":6778,"EventType":"SetValue","TargetObject":"HKCU\\Software\\Microsoft\\Office\\16.0\\Outlook\\Resiliency\\2589","Details":"1"}
{"UtcTime":"2026-08-12 10:23:10.000","Computer":"TN-FIN-WS042","User":"TRANSNORTE\\backup_svc","EventID":3,"Image":"C:\\Windows\\System32\\conhost.exe","ProcessGuid":"{2B1BA560-652D-2026-6D31-06154B70BE98}","ProcessId":6226,"DestinationIp":"10.50.10.10","DestinationPort":443,"SourceIp":"10.50.10.42","Protocol":"tcp"}
{"UtcTime":"2026-08-12 10:23:11.000","Computer":"TN-FIN-WS042","User":"TRANSNORTE\\ops.cardoso","EventID":1,"Image":"C:\\Windows\\System32\\svchost.exe","ProcessGuid":"{CC17E8E9-1640-2026-EA87-0AAEDBDE0A58}","ProcessId":3906,"CommandLine":"C:\\Windows\\System32\\svchost.exe","ParentImage":"C:\\Windows\\System32\\services.exe","ParentProcessGuid":"{8A85F390-9C45-2026-8F87-61AC57FAE616}","OriginalFileName":"C:\\Windows\\System32\\svchost.exe","SHA256":"68476544221bbdbc86c177aa3574d07b2616abd2be60caea68e7da8808cdc055"}
{"UtcTime":"2026-08-12 10:23:12.000","Computer":"TN-FIN-WS042","User":"TRANSNORTE\\backup_svc","EventID":1,"Image":"C:\\Windows\\explorer.exe","ProcessGuid":"{5E93DC27-1975-2026-D703-79F21B4CF555}","ProcessId":6161,"CommandLine":"C:\\Windows\\explorer.exe","ParentImage":"C:\\Windows\\System32\\services.exe","ParentProcessGuid":"{D3E0908F-BDE2-2026-4303-3BEF566E5EFA}","OriginalFileName":"C:\\Windows\\explorer.exe","SHA256":"ae8f41b47aef5b495843a1f64bffb5f963b42f46c490565c6bef522f62218304"}
{"UtcTime":"2026-08-12 10:23:13.000","Computer":"TN-FIN-WS042","User":"TRANSNORTE\\ops.cardoso","EventID":1,"Image":"C:\\Program Files\\Microsoft Office\\Office16\\OUTLOOK.EXE","ProcessGuid":"{DEB901FD-338D-2026-D993-735D8B79B170}","ProcessId":1027,"CommandLine":"C:\\Program Files\\Microsoft Office\\Office16\\OUTLOOK.EXE","ParentImage":"C:\\Windows\\System32\\services.exe","ParentProcessGuid":"{9E7BE99B-5741-2026-1C74-5CA347DC1763}","OriginalFileName":"C:\\Program Files\\Microsoft Office\\Office16\\OUTLOOK.EXE","SHA256":"85385dac8f7bb5c1b37ed6faadeb0367327e63e7dda8bf077cd648e598f23e70"}
{"UtcTime":"2026-08-12 10:23:14.000","Computer":"TN-FIN-WS042","User":"TRANSNORTE\\ops.cardoso","EventID":13,"Image":"C:\\Program Files\\Microsoft Office\\Office16\\OUTLOOK.EXE","ProcessGuid":"{24154BE9-79E6-2026-B745-2FFEB4902E15}","ProcessId":6741,"EventType":"SetValue","TargetObject":"HKCU\\Software\\Microsoft\\Office\\16.0\\Outlook\\Resiliency\\2594","Details":"1"}
{"UtcTime":"2026-08-12 10:23:15.000","Computer":"TN-FIN-WS042","User":"TRANSNORTE\\backup_svc","EventID":1,"Image":"C:\\Windows\\System32\\RuntimeBroker.exe","ProcessGuid":"{75987171-A94D-2026-37FB-D5C9154B7CD5}","ProcessId":1588,"CommandLine":"C:\\Windows\\System32\\RuntimeBroker.exe","ParentImage":"C:\\Windows\\System32\\services.exe","ParentProcessGuid":"{6C9B8435-94CD-2026-FEC9-BFDFA036EF42}","OriginalFileName":"C:\\Windows\\System32\\RuntimeBroker.exe","SHA256":"13ab61b2cff6156a45d0f5a48974380b303f2a8120440cedd40c6b7d6f74b616"}
{"UtcTime":"2026-08-12 10:23:16.000","Computer":"TN-FIN-WS042","User":"TRANSNORTE\\ops.cardoso","EventID":11,"Image":"C:\\Program Files\\Microsoft Office\\Office16\\OUTLOOK.EXE","ProcessGuid":"{A7E902C3-EABF-2026-A3F3-860ABD54489F}","ProcessId":4328,"TargetFilename":"C:\\Users\\ops.cardoso\\AppData\\Local\\Temp\\office-2596.tmp"}
{"UtcTime":"2026-08-12 10:23:17.000","Computer":"TN-FIN-WS042","User":"TRANSNORTE\\ops.cardoso","EventID":11,"Image":"C:\\Windows\\System32\\svchost.exe","ProcessGuid":"{8D44A4FA-C914-2026-335B-4CE176AA4B04}","ProcessId":7144,"TargetFilename":"C:\\Users\\ops.cardoso\\AppData\\Local\\Temp\\office-2597.tmp"}
{"UtcTime":"2026-08-12 10:23:18.000","Computer":"TN-FIN-WS042","User":"TRANSNORTE\\backup_svc","EventID":3,"Image":"C:\\Windows\\System32\\conhost.exe","ProcessGuid":"{89BEFEC2-1812-2026-015D-208797F31289}","ProcessId":5242,"DestinationIp":"1.1.1.1","DestinationPort":8080,"SourceIp":"10.50.10.42","Protocol":"tcp"}
{"UtcTime":"2026-08-12 10:23:19.000","Computer":"TN-FIN-WS042","User":"TRANSNORTE\\ops.cardoso","EventID":1,"Image":"C:\\Windows\\System32\\svchost.exe","ProcessGuid":"{AA175C21-22FA-2026-F791-530AA79CCB3C}","ProcessId":6760,"CommandLine":"C:\\Windows\\System32\\svchost.exe","ParentImage":"C:\\Windows\\System32\\services.exe","ParentProcessGuid":"{233F2774-EB86-2026-EBBD-44E2426AC704}","OriginalFileName":"C:\\Windows\\System32\\svchost.exe","SHA256":"54a3bed881a92655d699f8ee0ddff9c8c45f3325cec46e9434f6456cc5e656ac"}
{"UtcTime":"2026-08-12 10:23:20.000","Computer":"TN-FIN-WS042","User":"TRANSNORTE\\backup_svc","EventID":5,"Image":"C:\\Windows\\System32\\svchost.exe","ProcessGuid":"{21268EDD-F5EF-2026-5D42-7BD1892ED049}","ProcessId":8069,"EventType":"End"}
{"UtcTime":"2026-08-12 10:23:21.000","Computer":"TN-FIN-WS042","User":"TRANSNORTE\\backup_svc","EventID":5,"Image":"C:\\Windows\\System32\\conhost.exe","ProcessGuid":"{2D4D0669-0210-2026-0AA5-A36DBB440951}","ProcessId":6889,"EventType":"End"}
{"UtcTime":"2026-08-12 10:23:22.000","Computer":"TN-FIN-WS042","User":"TRANSNORTE\\backup_svc","EventID":1,"Image":"C:\\Windows\\System32\\svchost.exe","ProcessGuid":"{47609375-E1C5-2026-F2CA-2ABE61ABDF21}","ProcessId":2414,"CommandLine":"C:\\Windows\\System32\\svchost.exe","ParentImage":"C:\\Windows\\System32\\services.exe","ParentProcessGuid":"{2D155647-1495-2026-F9EA-83AAB09B85DE}","OriginalFileName":"C:\\Windows\\System32\\svchost.exe","SHA256":"666a65260e749952825259ce1c1ed8833f6b8a5d112a096eb852a171076abd27"}
{"UtcTime":"2026-08-12 10:23:23.000","Computer":"TN-FIN-WS042","User":"TRANSNORTE\\ops.cardoso","EventID":1,"Image":"C:\\Program Files\\Microsoft Office\\Office16\\OUTLOOK.EXE","ProcessGuid":"{D1E21E93-25DC-2026-9FE8-A034B59296C5}","ProcessId":615,"CommandLine":"C:\\Program Files\\Microsoft Office\\Office16\\OUTLOOK.EXE","ParentImage":"C:\\Windows\\System32\\services.exe","ParentProcessGuid":"{C9061CC8-FA88-2026-F3ED-B0B12C3C3B68}","OriginalFileName":"C:\\Program Files\\Microsoft Office\\Office16\\OUTLOOK.EXE","SHA256":"81719cf2a6d3b9ce84708ac35e8ee89c23d13fb517a1a2c7ff5b853cd8366fd7"}
{"UtcTime":"2026-08-12 10:23:24.000","Computer":"TN-FIN-WS042","User":"TRANSNORTE\\backup_svc","EventID":3,"Image":"C:\\Windows\\System32\\RuntimeBroker.exe","ProcessGuid":"{356DDCC5-60A6-2026-E42E-6A1411B00393}","ProcessId":3871,"DestinationIp":"10.50.10.88","DestinationPort":135,"SourceIp":"10.50.10.42","Protocol":"tcp"}
{"UtcTime":"2026-08-12 10:23:25.000","Computer":"TN-FIN-WS042","User":"TRANSNORTE\\ops.cardoso","EventID":1,"Image":"C:\\Windows\\System32\\RuntimeBroker.exe","ProcessGuid":"{89288671-C259-2026-CEB9-914F75451B4A}","ProcessId":7652,"CommandLine":"C:\\Windows\\System32\\RuntimeBroker.exe","ParentImage":"C:\\Windows\\System32\\services.exe","ParentProcessGuid":"{F6644B9D-37A8-2026-C949-45ACF42A8DAF}","OriginalFileName":"C:\\Windows\\System32\\RuntimeBroker.exe","SHA256":"d2b1fabc824b9a19f21bcec0bfbf8a57e8e4d81ea7af285bba877c56cb5eee58"}
{"UtcTime":"2026-08-12 10:23:26.000","Computer":"TN-FIN-WS042","User":"TRANSNORTE\\ops.cardoso","EventID":3,"Image":"C:\\Program Files\\Google\\Chrome\\Application\\chrome.exe","ProcessGuid":"{C0F6D60A-DABD-2026-7582-6C11CF70C757}","ProcessId":6403,"DestinationIp":"10.50.10.10","DestinationPort":135,"SourceIp":"10.50.10.42","Protocol":"tcp"}
{"UtcTime":"2026-08-12 10:23:27.000","Computer":"TN-FIN-WS042","User":"TRANSNORTE\\backup_svc","EventID":3,"Image":"C:\\Program Files\\Google\\Chrome\\Application\\chrome.exe","ProcessGuid":"{7850678D-AFE1-2026-BBDC-3EFBF312AFE5}","ProcessId":8452,"DestinationIp":"8.8.8.8","DestinationPort":53,"SourceIp":"10.50.10.42","Protocol":"tcp"}
{"UtcTime":"2026-08-12 10:23:28.000","Computer":"TN-FIN-WS042","User":"TRANSNORTE\\backup_svc","EventID":3,"Image":"C:\\Program Files\\Google\\Chrome\\Application\\chrome.exe","ProcessGuid":"{171A57F3-D51C-2026-8723-7D7547597DEA}","ProcessId":2192,"DestinationIp":"10.50.10.88","DestinationPort":8080,"SourceIp":"10.50.10.42","Protocol":"tcp"}
{"UtcTime":"2026-08-12 10:23:29.000","Computer":"TN-FIN-WS042","User":"TRANSNORTE\\backup_svc","EventID":3,"Image":"C:\\Windows\\System32\\RuntimeBroker.exe","ProcessGuid":"{FE9873D8-95D4-2026-09B8-0AA69C393CF3}","ProcessId":5356,"DestinationIp":"10.50.10.88","DestinationPort":135,"SourceIp":"10.50.10.42","Protocol":"tcp"}
{"UtcTime":"2026-08-12 10:23:30.000","Computer":"TN-FIN-WS042","User":"TRANSNORTE\\backup_svc","EventID":1,"Image":"C:\\Windows\\System32\\RuntimeBroker.exe","ProcessGuid":"{38F9E68E-DB1C-2026-A95E-5FCC92F46769}","ProcessId":6530,"CommandLine":"C:\\Windows\\System32\\RuntimeBroker.exe","ParentImage":"C:\\Windows\\System32\\services.exe","ParentProcessGuid":"{94B94B80-6E3B-2026-F8EC-2D78283E78E5}","OriginalFileName":"C:\\Windows\\System32\\RuntimeBroker.exe","SHA256":"82a36b9fa4b8ce150024125641d2eb69f7693c0454c05e77438dbf2aa1abc980"}
{"UtcTime":"2026-08-12 10:23:31.000","Computer":"TN-FIN-WS042","User":"TRANSNORTE\\backup_svc","EventID":13,"Image":"C:\\Program Files\\Google\\Chrome\\Application\\chrome.exe","ProcessGuid":"{BB720A70-4E78-2026-0CB0-10012F3AFCAC}","ProcessId":5786,"EventType":"SetValue","TargetObject":"HKCU\\Software\\Microsoft\\Office\\16.0\\Outlook\\Resiliency\\2611","Details":"1"}
{"UtcTime":"2026-08-12 10:23:32.000","Computer":"TN-FIN-WS042","User":"TRANSNORTE\\ops.cardoso","EventID":1,"Image":"C:\\Program Files\\Microsoft Office\\Office16\\OUTLOOK.EXE","ProcessGuid":"{0F42A08E-1B58-2026-5AD8-EAFAF441AF35}","ProcessId":5863,"CommandLine":"C:\\Program Files\\Microsoft Office\\Office16\\OUTLOOK.EXE","ParentImage":"C:\\Windows\\System32\\services.exe","ParentProcessGuid":"{4E82CE5B-DC6F-2026-51B2-7DBC7C50804B}","OriginalFileName":"C:\\Program Files\\Microsoft Office\\Office16\\OUTLOOK.EXE","SHA256":"7652b561fb3c803517333b45436b594e481b786ad50de18e226fc8307fdd1ff6"}
{"UtcTime":"2026-08-12 10:23:33.000","Computer":"TN-FIN-WS042","User":"TRANSNORTE\\ops.cardoso","EventID":1,"Image":"C:\\Program Files\\Microsoft Office\\Office16\\OUTLOOK.EXE","ProcessGuid":"{504E64D3-8E33-2026-3ED4-3FF1BE74EBDB}","ProcessId":2507,"CommandLine":"C:\\Program Files\\Microsoft Office\\Office16\\OUTLOOK.EXE","ParentImage":"C:\\Windows\\System32\\services.exe","ParentProcessGuid":"{1AA7DD4C-53AA-2026-CDB9-8E5426095A01}","OriginalFileName":"C:\\Program Files\\Microsoft Office\\Office16\\OUTLOOK.EXE","SHA256":"76ef9f1a487b0b58a94eb14684368e47741936d1fc6833b7f8abda33eb1ab8f0"}
{"UtcTime":"2026-08-12 10:23:34.000","Computer":"TN-FIN-WS042","User":"TRANSNORTE\\ops.cardoso","EventID":5,"Image":"C:\\Program Files\\Microsoft Office\\Office16\\OUTLOOK.EXE","ProcessGuid":"{62F8DD6A-67A9-2026-63A8-365F7C17A080}","ProcessId":972,"EventType":"End"}
{"UtcTime":"2026-08-12 10:23:35.000","Computer":"TN-FIN-WS042","User":"TRANSNORTE\\backup_svc","EventID":1,"Image":"C:\\Program Files\\Microsoft Office\\Office16\\OUTLOOK.EXE","ProcessGuid":"{4F9E232E-99F6-2026-87B3-BE1943AD41E0}","ProcessId":2273,"CommandLine":"C:\\Program Files\\Microsoft Office\\Office16\\OUTLOOK.EXE","ParentImage":"C:\\Windows\\System32\\services.exe","ParentProcessGuid":"{EED23661-AF92-2026-EACC-E276D5A0BF6A}","OriginalFileName":"C:\\Program Files\\Microsoft Office\\Office16\\OUTLOOK.EXE","SHA256":"dfaaf6260861cc9b1142a40266dab51d0a9da13ab2610a566e2e3f400237e0af"}
{"UtcTime":"2026-08-12 10:23:36.000","Computer":"TN-FIN-WS042","User":"TRANSNORTE\\backup_svc","EventID":1,"Image":"C:\\Windows\\System32\\RuntimeBroker.exe","ProcessGuid":"{53864751-8966-2026-3720-96C74FC393E4}","ProcessId":3187,"CommandLine":"C:\\Windows\\System32\\RuntimeBroker.exe","ParentImage":"C:\\Windows\\System32\\services.exe","ParentProcessGuid":"{88D398F0-73DD-2026-34C0-999CAD41DF45}","OriginalFileName":"C:\\Windows\\System32\\RuntimeBroker.exe","SHA256":"fbe7b25c33f2e821b98f1bd80ea3511e424e3d4e3c32fae60a3ebb0146e58599"}
{"UtcTime":"2026-08-12 10:23:37.000","Computer":"TN-FIN-WS042","User":"TRANSNORTE\\ops.cardoso","EventID":1,"Image":"C:\\Windows\\explorer.exe","ProcessGuid":"{31384874-B401-2026-18EE-A1ABC66D01A7}","ProcessId":6453,"CommandLine":"C:\\Windows\\explorer.exe","ParentImage":"C:\\Windows\\System32\\services.exe","ParentProcessGuid":"{A5AD1DE5-5328-2026-0F04-3957BE4F808D}","OriginalFileName":"C:\\Windows\\explorer.exe","SHA256":"b8498cf128f377174ebc44cc7eee633e150ad2fe67c86378441aa60ba7008089"}
{"UtcTime":"2026-08-12 10:23:38.000","Computer":"TN-FIN-WS042","User":"TRANSNORTE\\ops.cardoso","EventID":1,"Image":"C:\\Windows\\System32\\svchost.exe","ProcessGuid":"{897CD224-A509-2026-52C2-F6B84C73D9F8}","ProcessId":8644,"CommandLine":"C:\\Windows\\System32\\svchost.exe","ParentImage":"C:\\Windows\\System32\\services.exe","ParentProcessGuid":"{2B8FFE93-397C-2026-8CC1-0D8F90FF5142}","OriginalFileName":"C:\\Windows\\System32\\svchost.exe","SHA256":"e802a61dfbe3e4969cc3f335e8d1ec023c4ed4b358c75aa19de84068607237d3"}
{"UtcTime":"2026-08-12 10:23:39.000","Computer":"TN-FIN-WS042","User":"TRANSNORTE\\backup_svc","EventID":13,"Image":"C:\\Windows\\System32\\RuntimeBroker.exe","ProcessGuid":"{CA1F90DB-3D55-2026-F1CE-C5954606DB12}","ProcessId":7482,"EventType":"SetValue","TargetObject":"HKCU\\Software\\Microsoft\\Office\\16.0\\Outlook\\Resiliency\\2619","Details":"1"}
{"UtcTime":"2026-08-12 10:23:40.000","Computer":"TN-FIN-WS042","User":"TRANSNORTE\\backup_svc","EventID":3,"Image":"C:\\Program Files\\Google\\Chrome\\Application\\chrome.exe","ProcessGuid":"{E8FC7BD9-69FA-2026-3E58-F8402E8D8985}","ProcessId":2001,"DestinationIp":"1.1.1.1","DestinationPort":135,"SourceIp":"10.50.10.42","Protocol":"tcp"}
{"UtcTime":"2026-08-12 10:23:41.000","Computer":"TN-FIN-WS042","User":"TRANSNORTE\\ops.cardoso","EventID":1,"Image":"C:\\Windows\\System32\\svchost.exe","ProcessGuid":"{4F215809-3ADA-2026-0310-0B921D4064E6}","ProcessId":7204,"CommandLine":"C:\\Windows\\System32\\svchost.exe","ParentImage":"C:\\Windows\\System32\\services.exe","ParentProcessGuid":"{4BD2CFB4-8ECB-2026-2689-F9594C91BBF7}","OriginalFileName":"C:\\Windows\\System32\\svchost.exe","SHA256":"994de976ab60faa3495f03466b6d35506b88f211b2289ddd31a2027af7c5a6de"}
{"UtcTime":"2026-08-12 10:23:42.000","Computer":"TN-FIN-WS042","User":"TRANSNORTE\\ops.cardoso","EventID":1,"Image":"C:\\Windows\\System32\\RuntimeBroker.exe","ProcessGuid":"{56878C57-E38C-2026-CF5C-097E938E120B}","ProcessId":4138,"CommandLine":"C:\\Windows\\System32\\RuntimeBroker.exe","ParentImage":"C:\\Windows\\System32\\services.exe","ParentProcessGuid":"{4B3E3CA0-4DA2-2026-7AE4-D64E22B138DB}","OriginalFileName":"C:\\Windows\\System32\\RuntimeBroker.exe","SHA256":"ca38216f88329906228b130ae1872f1c0cddbf40810e4a44567e0e5fd05f2d73"}
{"UtcTime":"2026-08-12 10:23:43.000","Computer":"TN-FIN-WS042","User":"TRANSNORTE\\backup_svc","EventID":5,"Image":"C:\\Program Files\\Microsoft Office\\Office16\\OUTLOOK.EXE","ProcessGuid":"{2112EAAD-D101-2026-FF61-2A988FFDB491}","ProcessId":8367,"EventType":"End"}
{"UtcTime":"2026-08-12 10:23:44.000","Computer":"TN-FIN-WS042","User":"TRANSNORTE\\backup_svc","EventID":5,"Image":"C:\\Windows\\System32\\conhost.exe","ProcessGuid":"{E1C300E8-739A-2026-B038-40ADD22BB77A}","ProcessId":5471,"EventType":"End"}
{"UtcTime":"2026-08-12 10:23:45.000","Computer":"TN-FIN-WS042","User":"TRANSNORTE\\ops.cardoso","EventID":1,"Image":"C:\\Program Files\\Microsoft Office\\Office16\\OUTLOOK.EXE","ProcessGuid":"{2A089B73-0812-2026-98F1-4036C85998E9}","ProcessId":7010,"CommandLine":"C:\\Program Files\\Microsoft Office\\Office16\\OUTLOOK.EXE","ParentImage":"C:\\Windows\\System32\\services.exe","ParentProcessGuid":"{62A47C2A-816B-2026-37F1-1014816E43D5}","OriginalFileName":"C:\\Program Files\\Microsoft Office\\Office16\\OUTLOOK.EXE","SHA256":"6a06017801ffaffb5ac9dd0761964ad1cb9f6c9d476d9ef71fa40d801b9de2d2"}
{"UtcTime":"2026-08-12 10:23:46.000","Computer":"TN-FIN-WS042","User":"TRANSNORTE\\backup_svc","EventID":1,"Image":"C:\\Program Files\\Google\\Chrome\\Application\\chrome.exe","ProcessGuid":"{9A3E7919-B740-2026-57CD-80EE4B87AFB5}","ProcessId":6284,"CommandLine":"C:\\Program Files\\Google\\Chrome\\Application\\chrome.exe","ParentImage":"C:\\Windows\\System32\\services.exe","ParentProcessGuid":"{87DCC8B0-7036-2026-E984-A1B20D6E5797}","OriginalFileName":"C:\\Program Files\\Google\\Chrome\\Application\\chrome.exe","SHA256":"d5d5fd0414d1e1c224c7844b0e0a49ee69a17d44b9c7d6507104b9f49dcda34d"}
{"UtcTime":"2026-08-12 10:23:47.000","Computer":"TN-FIN-WS042","User":"TRANSNORTE\\ops.cardoso","EventID":1,"Image":"C:\\Program Files\\Microsoft Office\\Office16\\OUTLOOK.EXE","ProcessGuid":"{00B39BE8-69FE-2026-6B3F-5CF870A15E64}","ProcessId":2948,"CommandLine":"C:\\Program Files\\Microsoft Office\\Office16\\OUTLOOK.EXE","ParentImage":"C:\\Windows\\System32\\services.exe","ParentProcessGuid":"{AE2A4056-5EFD-2026-6187-1FE482036AAD}","OriginalFileName":"C:\\Program Files\\Microsoft Office\\Office16\\OUTLOOK.EXE","SHA256":"4dc42d9b7f8390d54fb468739857c75cd94b4bf09afb1bb8e7675c13249b5ec4"}
{"UtcTime":"2026-08-12 10:23:48.000","Computer":"TN-FIN-WS042","User":"TRANSNORTE\\backup_svc","EventID":1,"Image":"C:\\Windows\\explorer.exe","ProcessGuid":"{10365415-B0CF-2026-E308-6B300F05E61B}","ProcessId":5389,"CommandLine":"C:\\Windows\\explorer.exe","ParentImage":"C:\\Windows\\System32\\services.exe","ParentProcessGuid":"{2FEFBC53-1B8D-2026-4768-8C75F263DA8B}","OriginalFileName":"C:\\Windows\\explorer.exe","SHA256":"27eb8186714b012967a67c5812aedae9f051c7310dc7cee332f70e7b60200d36"}
{"UtcTime":"2026-08-12 10:23:49.000","Computer":"TN-FIN-WS042","User":"TRANSNORTE\\backup_svc","EventID":13,"Image":"C:\\Program Files\\Google\\Chrome\\Application\\chrome.exe","ProcessGuid":"{2220EE47-879D-2026-60CC-063BC6A0CF9C}","ProcessId":3009,"EventType":"SetValue","TargetObject":"HKCU\\Software\\Microsoft\\Office\\16.0\\Outlook\\Resiliency\\2629","Details":"1"}
{"UtcTime":"2026-08-12 10:23:50.000","Computer":"TN-FIN-WS042","User":"TRANSNORTE\\ops.cardoso","EventID":1,"Image":"C:\\Windows\\System32\\svchost.exe","ProcessGuid":"{DF5B3C7B-BEA2-2026-9BCC-F7A663623CEC}","ProcessId":1982,"CommandLine":"C:\\Windows\\System32\\svchost.exe","ParentImage":"C:\\Windows\\System32\\services.exe","ParentProcessGuid":"{98CE9BDA-DB42-2026-3B5D-273FE710D09E}","OriginalFileName":"C:\\Windows\\System32\\svchost.exe","SHA256":"c3a93663698d620f599c958375f50a4d89f183ffdda7b402e4a393746913911c"}
{"UtcTime":"2026-08-12 10:23:51.000","Computer":"TN-FIN-WS042","User":"TRANSNORTE\\backup_svc","EventID":1,"Image":"C:\\Windows\\explorer.exe","ProcessGuid":"{F6D0C38C-BC7B-2026-3131-A2EF24BBC3ED}","ProcessId":8088,"CommandLine":"C:\\Windows\\explorer.exe","ParentImage":"C:\\Windows\\System32\\services.exe","ParentProcessGuid":"{3AD3AF04-8384-2026-4865-856B4D1C0F14}","OriginalFileName":"C:\\Windows\\explorer.exe","SHA256":"0dbc130ed194e9e6e47b1ba8a8ac52bda05fc4dea93916f89af967eefb215059"}
{"UtcTime":"2026-08-12 10:23:52.000","Computer":"TN-FIN-WS042","User":"TRANSNORTE\\backup_svc","EventID":1,"Image":"C:\\Windows\\System32\\conhost.exe","ProcessGuid":"{97BDC61D-07BD-2026-D4AD-3BAB7A16017A}","ProcessId":6915,"CommandLine":"C:\\Windows\\System32\\conhost.exe","ParentImage":"C:\\Windows\\System32\\services.exe","ParentProcessGuid":"{108B776F-4403-2026-835D-11E9F7E41600}","OriginalFileName":"C:\\Windows\\System32\\conhost.exe","SHA256":"ff098765563d3f95856230d8795af96e23cdad3c26eb8693f501974da067ee56"}
{"UtcTime":"2026-08-12 10:23:53.000","Computer":"TN-FIN-WS042","User":"TRANSNORTE\\backup_svc","EventID":3,"Image":"C:\\Program Files\\Google\\Chrome\\Application\\chrome.exe","ProcessGuid":"{7120BFA1-D0D8-2026-2E19-1AE838FBF0DF}","ProcessId":8037,"DestinationIp":"8.8.8.8","DestinationPort":8080,"SourceIp":"10.50.10.42","Protocol":"tcp"}
{"UtcTime":"2026-08-12 10:23:54.000","Computer":"TN-FIN-WS042","User":"TRANSNORTE\\backup_svc","EventID":11,"Image":"C:\\Windows\\System32\\RuntimeBroker.exe","ProcessGuid":"{07C69BF3-738F-2026-26B7-10007B987F26}","ProcessId":7162,"TargetFilename":"C:\\Users\\ops.cardoso\\AppData\\Local\\Temp\\office-2634.tmp"}
{"UtcTime":"2026-08-12 10:23:55.000","Computer":"TN-FIN-WS042","User":"TRANSNORTE\\ops.cardoso","EventID":11,"Image":"C:\\Windows\\explorer.exe","ProcessGuid":"{A36A1A05-980D-2026-6E63-42A9DA3D0929}","ProcessId":3553,"TargetFilename":"C:\\Users\\ops.cardoso\\AppData\\Local\\Temp\\office-2635.tmp"}
{"UtcTime":"2026-08-12 10:23:56.000","Computer":"TN-FIN-WS042","User":"TRANSNORTE\\ops.cardoso","EventID":5,"Image":"C:\\Windows\\System32\\svchost.exe","ProcessGuid":"{66976B96-B56E-2026-A928-24419776CBAB}","ProcessId":8387,"EventType":"End"}
{"UtcTime":"2026-08-12 10:23:57.000","Computer":"TN-FIN-WS042","User":"TRANSNORTE\\ops.cardoso","EventID":1,"Image":"C:\\Windows\\System32\\conhost.exe","ProcessGuid":"{4D4D1FB0-C08A-2026-F41D-CC0211CA5668}","ProcessId":4374,"CommandLine":"C:\\Windows\\System32\\conhost.exe","ParentImage":"C:\\Windows\\System32\\services.exe","ParentProcessGuid":"{FCB6727F-5709-2026-0F4C-B158B9A5314F}","OriginalFileName":"C:\\Windows\\System32\\conhost.exe","SHA256":"2f3d25afe9c8c82b622a1b38503dd9c8c103516bf06b2e42d27c2c2b19538a56"}
{"UtcTime":"2026-08-12 10:23:58.000","Computer":"TN-FIN-WS042","User":"TRANSNORTE\\backup_svc","EventID":13,"Image":"C:\\Windows\\System32\\conhost.exe","ProcessGuid":"{F168FA72-71BC-2026-79D9-D7B3DEAFD3D1}","ProcessId":4392,"EventType":"SetValue","TargetObject":"HKCU\\Software\\Microsoft\\Office\\16.0\\Outlook\\Resiliency\\2638","Details":"1"}
{"UtcTime":"2026-08-12 10:23:59.000","Computer":"TN-FIN-WS042","User":"TRANSNORTE\\backup_svc","EventID":3,"Image":"C:\\Program Files\\Microsoft Office\\Office16\\OUTLOOK.EXE","ProcessGuid":"{08CAF99F-816A-2026-D715-5B8CBACBA33D}","ProcessId":7707,"DestinationIp":"1.1.1.1","DestinationPort":53,"SourceIp":"10.50.10.42","Protocol":"tcp"}
{"UtcTime":"2026-08-12 10:24:00.000","Computer":"TN-FIN-WS042","User":"TRANSNORTE\\backup_svc","EventID":1,"Image":"C:\\Windows\\explorer.exe","ProcessGuid":"{C177FE33-1A21-2026-7421-3A0EF1733055}","ProcessId":1491,"CommandLine":"C:\\Windows\\explorer.exe","ParentImage":"C:\\Windows\\System32\\services.exe","ParentProcessGuid":"{861FD205-436C-2026-741F-98E70B0C9B52}","OriginalFileName":"C:\\Windows\\explorer.exe","SHA256":"ddb91bf4908780cfbf7e138bcc96b7b92dca9619bab35bf1fc773b629e37d5a9"}
{"UtcTime":"2026-08-12 10:24:01.000","Computer":"TN-FIN-WS042","User":"TRANSNORTE\\ops.cardoso","EventID":1,"Image":"C:\\Windows\\System32\\RuntimeBroker.exe","ProcessGuid":"{32B09746-B34F-2026-206C-DE46E20D8CBA}","ProcessId":1879,"CommandLine":"C:\\Windows\\System32\\RuntimeBroker.exe","ParentImage":"C:\\Windows\\System32\\services.exe","ParentProcessGuid":"{83C5A911-D8A0-2026-A372-01C23B47E67A}","OriginalFileName":"C:\\Windows\\System32\\RuntimeBroker.exe","SHA256":"97cba4bc09e6dcee4743686d956a832524ea00add8f7efa9c0b4b86e26b4f6ca"}
{"UtcTime":"2026-08-12 10:24:02.000","Computer":"TN-FIN-WS042","User":"TRANSNORTE\\backup_svc","EventID":11,"Image":"C:\\Windows\\System32\\RuntimeBroker.exe","ProcessGuid":"{841BC7BE-DF12-2026-0CA3-69D30B33020E}","ProcessId":7476,"TargetFilename":"C:\\Users\\ops.cardoso\\AppData\\Local\\Temp\\office-2642.tmp"}
{"UtcTime":"2026-08-12 10:24:03.000","Computer":"TN-FIN-WS042","User":"TRANSNORTE\\backup_svc","EventID":5,"Image":"C:\\Windows\\System32\\svchost.exe","ProcessGuid":"{3AF38FC9-CB0E-2026-AF69-D71D9DCA438C}","ProcessId":596,"EventType":"End"}
{"UtcTime":"2026-08-12 10:24:04.000","Computer":"TN-FIN-WS042","User":"TRANSNORTE\\backup_svc","EventID":3,"Image":"C:\\Windows\\explorer.exe","ProcessGuid":"{6A6675F5-F455-2026-4132-5C351B5A86E5}","ProcessId":572,"DestinationIp":"10.50.10.88","DestinationPort":443,"SourceIp":"10.50.10.42","Protocol":"tcp"}
{"UtcTime":"2026-08-12 10:24:05.000","Computer":"TN-FIN-WS042","User":"TRANSNORTE\\backup_svc","EventID":1,"Image":"C:\\Program Files\\Google\\Chrome\\Application\\chrome.exe","ProcessGuid":"{0F413345-6F23-2026-6B24-F1B2E2180E72}","ProcessId":6127,"CommandLine":"C:\\Program Files\\Google\\Chrome\\Application\\chrome.exe","ParentImage":"C:\\Windows\\System32\\services.exe","ParentProcessGuid":"{8E3A6B42-A791-2026-EEAF-F2AE9F208526}","OriginalFileName":"C:\\Program Files\\Google\\Chrome\\Application\\chrome.exe","SHA256":"0c430f118d41973758868e51cec71e35c8f28cbe7f02847a8c9d7adbe0a092ed"}
{"UtcTime":"2026-08-12 10:24:06.000","Computer":"TN-FIN-WS042","User":"TRANSNORTE\\backup_svc","EventID":11,"Image":"C:\\Windows\\System32\\svchost.exe","ProcessGuid":"{56AE9B6B-939C-2026-1B4A-EB992115ADA0}","ProcessId":3749,"TargetFilename":"C:\\Users\\ops.cardoso\\AppData\\Local\\Temp\\office-2646.tmp"}
{"UtcTime":"2026-08-12 10:24:07.000","Computer":"TN-FIN-WS042","User":"TRANSNORTE\\backup_svc","EventID":1,"Image":"C:\\Windows\\explorer.exe","ProcessGuid":"{40CD2CC3-E6DC-2026-6E31-08448136E62F}","ProcessId":7533,"CommandLine":"C:\\Windows\\explorer.exe","ParentImage":"C:\\Windows\\System32\\services.exe","ParentProcessGuid":"{5F856924-D299-2026-9D25-00CA3A579221}","OriginalFileName":"C:\\Windows\\explorer.exe","SHA256":"1b54125382c6adb90b881a3f0b46516da59c397605bf2fc33328650d541769bf"}
{"UtcTime":"2026-08-12 10:24:08.000","Computer":"TN-FIN-WS042","User":"TRANSNORTE\\backup_svc","EventID":11,"Image":"C:\\Windows\\System32\\RuntimeBroker.exe","ProcessGuid":"{E0A409A1-E203-2026-D46A-A1A0EB5D5E52}","ProcessId":2221,"TargetFilename":"C:\\Users\\ops.cardoso\\AppData\\Local\\Temp\\office-2648.tmp"}
{"UtcTime":"2026-08-12 10:24:09.000","Computer":"TN-FIN-WS042","User":"TRANSNORTE\\backup_svc","EventID":1,"Image":"C:\\Program Files\\Microsoft Office\\Office16\\OUTLOOK.EXE","ProcessGuid":"{13C76741-CDB8-2026-2B19-E5359AB83BAE}","ProcessId":3260,"CommandLine":"C:\\Program Files\\Microsoft Office\\Office16\\OUTLOOK.EXE","ParentImage":"C:\\Windows\\System32\\services.exe","ParentProcessGuid":"{7C1CF9AA-4D0C-2026-7969-61F57DD9B253}","OriginalFileName":"C:\\Program Files\\Microsoft Office\\Office16\\OUTLOOK.EXE","SHA256":"42c98e16a146e68c556415d11caea1b8dbe04199d1f26a60081c03b3cfb62c5d"}
{"UtcTime":"2026-08-12 10:24:10.000","Computer":"TN-FIN-WS042","User":"TRANSNORTE\\ops.cardoso","EventID":1,"Image":"C:\\Windows\\explorer.exe","ProcessGuid":"{4644B815-7728-2026-C751-5F6733A12123}","ProcessId":2026,"CommandLine":"C:\\Windows\\explorer.exe","ParentImage":"C:\\Windows\\System32\\services.exe","ParentProcessGuid":"{8FE34026-97F1-2026-B3A2-0BBD4348E9BA}","OriginalFileName":"C:\\Windows\\explorer.exe","SHA256":"cbc8dff15a7ab1166038158a5e7e3d51fa85aa57c8aa1b6740298473500aeb0a"}
{"UtcTime":"2026-08-12 10:24:11.000","Computer":"TN-FIN-WS042","User":"TRANSNORTE\\backup_svc","EventID":11,"Image":"C:\\Program Files\\Microsoft Office\\Office16\\OUTLOOK.EXE","ProcessGuid":"{BEB22E30-82C1-2026-24F0-B56336885A72}","ProcessId":7355,"TargetFilename":"C:\\Users\\ops.cardoso\\AppData\\Local\\Temp\\office-2651.tmp"}
{"UtcTime":"2026-08-12 10:24:12.000","Computer":"TN-FIN-WS042","User":"TRANSNORTE\\ops.cardoso","EventID":13,"Image":"C:\\Windows\\explorer.exe","ProcessGuid":"{509B59C9-E613-2026-70CA-2925AA78097E}","ProcessId":2012,"EventType":"SetValue","TargetObject":"HKCU\\Software\\Microsoft\\Office\\16.0\\Outlook\\Resiliency\\2652","Details":"1"}
