{"UtcTime":"2026-08-12 09:40:00.000","Computer":"TN-FIN-WS042","User":"TRANSNORTE\\ops.cardoso","EventID":1,"Image":"C:\\Windows\\System32\\conhost.exe","ProcessGuid":"{C83F4C60-2745-2026-135F-ECC26DAE6289}","ProcessId":3729,"CommandLine":"C:\\Windows\\System32\\conhost.exe","ParentImage":"C:\\Windows\\System32\\services.exe","ParentProcessGuid":"{A00D767F-86F5-2026-E75E-B8C61DE6C7F9}","OriginalFileName":"C:\\Windows\\System32\\conhost.exe","SHA256":"fcc35ad85a911bf8e3087be0e744f289727e2f62666b1aa969e03abda2294be5"}
{"UtcTime":"2026-08-12 09:40:01.000","Computer":"TN-FIN-WS042","User":"TRANSNORTE\\backup_svc","EventID":3,"Image":"C:\\Program Files\\Microsoft Office\\Office16\\OUTLOOK.EXE","ProcessGuid":"{BEFF874A-62B9-2026-E318-EF73741CC0E5}","ProcessId":4228,"DestinationIp":"10.50.10.88","DestinationPort":135,"SourceIp":"10.50.10.42","Protocol":"tcp"}
{"UtcTime":"2026-08-12 09:40:02.000","Computer":"TN-FIN-WS042","User":"TRANSNORTE\\backup_svc","EventID":11,"Image":"C:\\Program Files\\Microsoft Office\\Office16\\OUTLOOK.EXE","ProcessGuid":"{705F64B4-B969-2026-4F8E-5233E9F25D5D}","ProcessId":5707,"TargetFilename":"C:\\Users\\ops.cardoso\\AppData\\Local\\Temp\\office-2.tmp"}
{"UtcTime":"2026-08-12 09:40:03.000","Computer":"TN-FIN-WS042","User":"TRANSNORTE\\backup_svc","EventID":1,"Image":"C:\\Windows\\explorer.exe","ProcessGuid":"{717008CE-166E-2026-4CF5-4DED37ABA0EB}","ProcessId":6886,"CommandLine":"C:\\Windows\\explorer.exe","ParentImage":"C:\\Windows\\System32\\services.exe","ParentProcessGuid":"{67BA7CAC-03A6-2026-65E6-3BD4FD48A9BE}","OriginalFileName":"C:\\Windows\\explorer.exe","SHA256":"b588510cc14e3b51ba81e16e522cf4354451af81d9019f488ecd0960444c8a98"}
{"UtcTime":"2026-08-12 09:40:04.000","Computer":"TN-FIN-WS042","User":"TRANSNORTE\\ops.cardoso","EventID":3,"Image":"C:\\Program Files\\Microsoft Office\\Office16\\OUTLOOK.EXE","ProcessGuid":"{04E25C31-4D38-2026-095C-1BE1D07FA171}","ProcessId":6465,"DestinationIp":"10.50.10.10","DestinationPort":135,"SourceIp":"10.50.10.42","Protocol":"tcp"}
{"UtcTime":"2026-08-12 09:40:05.000","Computer":"TN-FIN-WS042","User":"TRANSNORTE\\backup_svc","EventID":1,"Image":"C:\\Windows\\System32\\svchost.exe","ProcessGuid":"{B45DD3E4-CD6A-2026-9AB3-FDE599223BA0}","ProcessId":5765,"CommandLine":"C:\\Windows\\System32\\svchost.exe","ParentImage":"C:\\Windows\\System32\\services.exe","ParentProcessGuid":"{C441288D-9934-2026-FC33-066CF5F8452B}","OriginalFileName":"C:\\Windows\\System32\\svchost.exe","SHA256":"48eb37259636a15f2cb0c826ab9eec4d8f411acbb97df152662cba6cbdb3b912"}
{"UtcTime":"2026-08-12 09:40:06.000","Computer":"TN-FIN-WS042","User":"TRANSNORTE\\backup_svc","EventID":1,"Image":"C:\\Program Files\\Microsoft Office\\Office16\\OUTLOOK.EXE","ProcessGuid":"{9C8299F2-B3B6-2026-DB0E-59AC9FEE5121}","ProcessId":8013,"CommandLine":"C:\\Program Files\\Microsoft Office\\Office16\\OUTLOOK.EXE","ParentImage":"C:\\Windows\\System32\\services.exe","ParentProcessGuid":"{3C8227C6-B477-2026-9209-FF8B731A04CB}","OriginalFileName":"C:\\Program Files\\Microsoft Office\\Office16\\OUTLOOK.EXE","SHA256":"ca111f3836e07cb5ae48400aa54c73e599d0eba41ea872dfffaffa2844443499"}
{"UtcTime":"2026-08-12 09:40:07.000","Computer":"TN-FIN-WS042","User":"TRANSNORTE\\backup_svc","EventID":1,"Image":"C:\\Program Files\\Microsoft Office\\Office16\\OUTLOOK.EXE","ProcessGuid":"{AF1352DD-1AC2-2026-F759-A74ACF720843}","ProcessId":4610,"CommandLine":"C:\\Program Files\\Microsoft Office\\Office16\\OUTLOOK.EXE","ParentImage":"C:\\Windows\\System32\\services.exe","ParentProcessGuid":"{4BA8DE92-D80C-2026-9DD4-BA2FE7B26726}","OriginalFileName":"C:\\Program Files\\Microsoft Office\\Office16\\OUTLOOK.EXE","SHA256":"cc71562ca7be36add09303af0397308438102a60541cbcb9668763ff4a002ec4"}
{"UtcTime":"2026-08-12 09:40:08.000","Computer":"TN-FIN-WS042","User":"TRANSNORTE\\backup_svc","EventID":1,"Image":"C:\\Program Files\\Microsoft Office\\Office16\\OUTLOOK.EXE","ProcessGuid":"{6A3B7405-9444-2026-D4D5-A22BB87D6396}","ProcessId":4861,"CommandLine":"C:\\Program Files\\Microsoft Office\\Office16\\OUTLOOK.EXE","ParentImage":"C:\\Windows\\System32\\services.exe","ParentProcessGuid":"{66FD8ED7-8B8A-2026-EECB-38F7EB6E42B2}","OriginalFileName":"C:\\Program Files\\Microsoft Office\\Office16\\OUTLOOK.EXE","SHA256":"b085fd300b1701711d028d19add710f980ab1a45d98e9721ab256b6cfcb82e20"}
{"UtcTime":"2026-08-12 09:40:09.000","Computer":"TN-FIN-WS042","User":"TRANSNORTE\\ops.cardoso","EventID":3,"Image":"C:\\Program Files\\Microsoft Office\\Office16\\OUTLOOK.EXE","ProcessGuid":"{D571D8D5-E734-2026-A425-70C0BF386FBF}","ProcessId":3611,"DestinationIp":"8.8.8.8","DestinationPort":135,"SourceIp":"10.50.10.42","Protocol":"tcp"}
{"UtcTime":"2026-08-12 09:40:10.000","Computer":"TN-FIN-WS042","User":"TRANSNORTE\\backup_svc","EventID":1,"Image":"C:\\Windows\\System32\\svchost.exe","ProcessGuid":"{36ADE631-4A13-2026-EEB1-ACC8343D50FE}","ProcessId":1833,"CommandLine":"C:\\Windows\\System32\\svchost.exe","ParentImage":"C:\\Windows\\System32\\services.exe","ParentProcessGuid":"{CDC2AEC2-EBFE-2026-9E01-54AB292F9114}","OriginalFileName":"C:\\Windows\\System32\\svchost.exe","SHA256":"3638a97c5ad72623f2aacb5e96abf63a9ff1dc65e6ee560185b6cb69963a93ff"}
{"UtcTime":"2026-08-12 09:40:11.000","Computer":"TN-FIN-WS042","User":"TRANSNORTE\\backup_svc","EventID":3,"Image":"C:\\Windows\\System32\\conhost.exe","ProcessGuid":"{0F2A927C-E138-2026-3A52-37BDD5E194C4}","ProcessId":7272,"DestinationIp":"8.8.8.8","DestinationPort":135,"SourceIp":"10.50.10.42","Protocol":"tcp"}
{"UtcTime":"2026-08-12 09:40:12.000","Computer":"TN-FIN-WS042","User":"TRANSNORTE\\backup_svc","EventID":1,"Image":"C:\\Program Files\\Microsoft Office\\Office16\\OUTLOOK.EXE","ProcessGuid":"{0A7F125A-8E3A-2026-2283-65DCF13C1D22}","ProcessId":8401,"CommandLine":"C:\\Program Files\\Microsoft Office\\Office16\\OUTLOOK.EXE","ParentImage":"C:\\Windows\\System32\\services.exe","ParentProcessGuid":"{180BBB10-D6D4-2026-A71C-D5FB7A0C769D}","OriginalFileName":"C:\\Program Files\\Microsoft Office\\Office16\\OUTLOOK.EXE","SHA256":"0e19e6e5ba029441179b4df9b4af3afcd1c839cbe61e3aece7bf214f1fa278d9"}
{"UtcTime":"2026-08-12 09:40:13.000","Computer":"TN-FIN-WS042","User":"TRANSNORTE\\ops.cardoso","EventID":11,"Image":"C:\\Windows\\System32\\RuntimeBroker.exe","ProcessGuid":"{45D4B2FC-8F01-2026-99A3-C61C4DF373FA}","ProcessId":4588,"TargetFilename":"C:\\Users\\ops.cardoso\\AppData\\Local\\Temp\\office-13.tmp"}
{"UtcTime":"2026-08-12 09:40:14.000","Computer":"TN-FIN-WS042","User":"TRANSNORTE\\ops.cardoso","EventID":13,"Image":"C:\\Windows\\System32\\svchost.exe","ProcessGuid":"{4F7823B7-009E-2026-BA48-DAB2DAEDBF1A}","ProcessId":6876,"EventType":"SetValue","TargetObject":"HKCU\\Software\\Microsoft\\Office\\16.0\\Outlook\\Resiliency\\14","Details":"1"}
{"UtcTime":"2026-08-12 09:40:15.000","Computer":"TN-FIN-WS042","User":"TRANSNORTE\\ops.cardoso","EventID":13,"Image":"C:\\Windows\\System32\\conhost.exe","ProcessGuid":"{90490208-21CA-2026-5141-6553D5566B9E}","ProcessId":8147,"EventType":"SetValue","TargetObject":"HKCU\\Software\\Microsoft\\Office\\16.0\\Outlook\\Resiliency\\15","Details":"1"}
{"UtcTime":"2026-08-12 09:40:16.000","Computer":"TN-FIN-WS042","User":"TRANSNORTE\\ops.cardoso","EventID":3,"Image":"C:\\Program Files\\Google\\Chrome\\Application\\chrome.exe","ProcessGuid":"{CB384ACE-65F5-2026-322D-85F54C6D9BD7}","ProcessId":7395,"DestinationIp":"10.50.10.10","DestinationPort":443,"SourceIp":"10.50.10.42","Protocol":"tcp"}
{"UtcTime":"2026-08-12 09:40:17.000","Computer":"TN-FIN-WS042","User":"TRANSNORTE\\backup_svc","EventID":13,"Image":"C:\\Windows\\System32\\RuntimeBroker.exe","ProcessGuid":"{E67B9990-2F19-2026-85D0-7188491A9ECF}","ProcessId":8799,"EventType":"SetValue","TargetObject":"HKCU\\Software\\Microsoft\\Office\\16.0\\Outlook\\Resiliency\\17","Details":"1"}
{"UtcTime":"2026-08-12 09:40:18.000","Computer":"TN-FIN-WS042","User":"TRANSNORTE\\backup_svc","EventID":3,"Image":"C:\\Windows\\explorer.exe","ProcessGuid":"{F12DB0DE-6E3A-2026-1578-258A02BE05E8}","ProcessId":1194,"DestinationIp":"8.8.8.8","DestinationPort":135,"SourceIp":"10.50.10.42","Protocol":"tcp"}
{"UtcTime":"2026-08-12 09:40:19.000","Computer":"TN-FIN-WS042","User":"TRANSNORTE\\backup_svc","EventID":11,"Image":"C:\\Program Files\\Microsoft Office\\Office16\\OUTLOOK.EXE","ProcessGuid":"{D028B6FF-F967-2026-1477-5BD0D972E851}","ProcessId":4041,"TargetFilename":"C:\\Users\\ops.cardoso\\AppData\\Local\\Temp\\office-19.tmp"}
{"UtcTime":"2026-08-12 09:40:20.000","Computer":"TN-FIN-WS042","User":"TRANSNORTE\\backup_svc","EventID":1,"Image":"C:\\Windows\\explorer.exe","ProcessGuid":"{8873F9F0-BA4D-2026-F41B-25B89B7AE036}","ProcessId":8726,"CommandLine":"C:\\Windows\\explorer.exe","ParentImage":"C:\\Windows\\System32\\services.exe","ParentProcessGuid":"{E10482A7-ECFD-2026-0603-7EF816E6C171}","OriginalFileName":"C:\\Windows\\explorer.exe","SHA256":"bddab99e609c5b1facd89cb95ade5f2dfc6f51dd891c36630a696aa75546e6a7"}
{"UtcTime":"2026-08-12 09:40:21.000","Computer":"TN-FIN-WS042","User":"TRANSNORTE\\backup_svc","EventID":1,"Image":"C:\\Windows\\System32\\conhost.exe","ProcessGuid":"{6842CDB6-6953-2026-9E8A-E21C46CD0DEA}","ProcessId":7381,"CommandLine":"C:\\Windows\\System32\\conhost.exe","ParentImage":"C:\\Windows\\System32\\services.exe","ParentProcessGuid":"{EF59D67E-AAEB-2026-D6FA-233A696D6A74}","OriginalFileName":"C:\\Windows\\System32\\conhost.exe","SHA256":"d3064ab8e533051c4b0f1384904c4d7f0163960a42a99c14efa316efab7ddd1e"}
{"UtcTime":"2026-08-12 09:40:22.000","Computer":"TN-FIN-WS042","User":"TRANSNORTE\\ops.cardoso","EventID":1,"Image":"C:\\Program Files\\Microsoft Office\\Office16\\OUTLOOK.EXE","ProcessGuid":"{4FEDA8B0-05FE-2026-0CCA-508DF980AD3A}","ProcessId":8135,"CommandLine":"C:\\Program Files\\Microsoft Office\\Office16\\OUTLOOK.EXE","ParentImage":"C:\\Windows\\System32\\services.exe","ParentProcessGuid":"{1816982C-E824-2026-0490-0FF567000054}","OriginalFileName":"C:\\Program Files\\Microsoft Office\\Office16\\OUTLOOK.EXE","SHA256":"788de0929d83e57d8157c7e8684652005e50c471cabf634b149e5c208e341d01"}
{"UtcTime":"2026-08-12 09:40:23.000","Computer":"TN-FIN-WS042","User":"TRANSNORTE\\backup_svc","EventID":1,"Image":"C:\\Windows\\explorer.exe","ProcessGuid":"{44BC67C6-6115-2026-95F0-62BA9E914FF0}","ProcessId":4899,"CommandLine":"C:\\Windows\\explorer.exe","ParentImage":"C:\\Windows\\System32\\services.exe","ParentProcessGuid":"{1F688E77-085F-2026-F345-44731AAB6246}","OriginalFileName":"C:\\Windows\\explorer.exe","SHA256":"3f99d646724fbeaa5894232c97a572b10a51cb88a65521226e4c34adfe744a84"}
{"UtcTime":"2026-08-12 09:40:24.000","Computer":"TN-FIN-WS042","User":"TRANSNORTE\\backup_svc","EventID":13,"Image":"C:\\Windows\\System32\\svchost.exe","ProcessGuid":"{E5A3F0EC-3F97-2026-F829-6E2189BCF88A}","ProcessId":1273,"EventType":"SetValue","TargetObject":"HKCU\\Software\\Microsoft\\Office\\16.0\\Outlook\\Resiliency\\24","Details":"1"}
{"UtcTime":"2026-08-12 09:40:25.000","Computer":"TN-FIN-WS042","User":"TRANSNORTE\\ops.cardoso","EventID":1,"Image":"C:\\Windows\\explorer.exe","ProcessGuid":"{9CCD4440-A903-2026-3795-6C8EBBF1501D}","ProcessId":3632,"CommandLine":"C:\\Windows\\explorer.exe","ParentImage":"C:\\Windows\\System32\\services.exe","ParentProcessGuid":"{E79FF31A-95D6-2026-DC98-0340FF0EAF67}","OriginalFileName":"C:\\Windows\\explorer.exe","SHA256":"28b9b30c3da887a8becd6f77fe4abba5c21d154348c86d8f3ddd90c74fd7b51f"}
{"UtcTime":"2026-08-12 09:40:26.000","Computer":"TN-FIN-WS042","User":"TRANSNORTE\\backup_svc","EventID":1,"Image":"C:\\Windows\\System32\\conhost.exe","ProcessGuid":"{12E041A8-9B44-2026-5115-48A35047C431}","ProcessId":6539,"CommandLine":"C:\\Windows\\System32\\conhost.exe","ParentImage":"C:\\Windows\\System32\\services.exe","ParentProcessGuid":"{0E55BBAA-05CA-2026-A607-8E393DB6C40C}","OriginalFileName":"C:\\Windows\\System32\\conhost.exe","SHA256":"9597e9c53bb081b857741305ad42d291775d51807e933818a895d34aff7922ff"}
{"UtcTime":"2026-08-12 09:40:27.000","Computer":"TN-FIN-WS042","User":"TRANSNORTE\\ops.cardoso","EventID":11,"Image":"C:\\Windows\\System32\\RuntimeBroker.exe","ProcessGuid":"{DED3FFFE-9DF0-2026-38E0-CAB527CA4856}","ProcessId":4729,"TargetFilename":"C:\\Users\\ops.cardoso\\AppData\\Local\\Temp\\office-27.tmp"}
{"UtcTime":"2026-08-12 09:40:28.000","Computer":"TN-FIN-WS042","User":"TRANSNORTE\\backup_svc","EventID":3,"Image":"C:\\Program Files\\Microsoft Office\\Office16\\OUTLOOK.EXE","ProcessGuid":"{8CF77DC2-24C6-2026-4B76-C8BE98598F2B}","ProcessId":5535,"DestinationIp":"10.50.10.88","DestinationPort":135,"SourceIp":"10.50.10.42","Protocol":"tcp"}
{"UtcTime":"2026-08-12 09:40:29.000","Computer":"TN-FIN-WS042","User":"TRANSNORTE\\backup_svc","EventID":1,"Image":"C:\\Program Files\\Microsoft Office\\Office16\\OUTLOOK.EXE","ProcessGuid":"{0CC688ED-6AF4-2026-46B7-C80A2E5855D1}","ProcessId":1916,"CommandLine":"C:\\Program Files\\Microsoft Office\\Office16\\OUTLOOK.EXE","ParentImage":"C:\\Windows\\System32\\services.exe","ParentProcessGuid":"{5048C160-FAE3-2026-A7FD-8B941340878F}","OriginalFileName":"C:\\Program Files\\Microsoft Office\\Office16\\OUTLOOK.EXE","SHA256":"ce3d78cfcca2ee8649b61854fc63447f965890eb58122a4af8eb5601fc226b1d"}
{"UtcTime":"2026-08-12 09:40:30.000","Computer":"TN-FIN-WS042","User":"TRANSNORTE\\backup_svc","EventID":5,"Image":"C:\\Windows\\explorer.exe","ProcessGuid":"{04702682-0D1B-2026-8A3F-9E2B20884E32}","ProcessId":7870,"EventType":"End"}
{"UtcTime":"2026-08-12 09:40:31.000","Computer":"TN-FIN-WS042","User":"TRANSNORTE\\backup_svc","EventID":1,"Image":"C:\\Windows\\explorer.exe","ProcessGuid":"{8001FD24-CBA4-2026-FAC5-46ED006167F8}","ProcessId":3867,"CommandLine":"C:\\Windows\\explorer.exe","ParentImage":"C:\\Windows\\System32\\services.exe","ParentProcessGuid":"{CB0148A6-C52A-2026-B536-4D8C3A14007C}","OriginalFileName":"C:\\Windows\\explorer.exe","SHA256":"462f5127459b04de4e765093f5e132cd472fa952589f40e51d05a1def71f7512"}
{"UtcTime":"2026-08-12 09:40:32.000","Computer":"TN-FIN-WS042","User":"TRANSNORTE\\backup_svc","EventID":11,"Image":"C:\\Windows\\explorer.exe","ProcessGuid":"{ADE60FDF-ABF9-2026-F297-529CF091EF0A}","ProcessId":3484,"TargetFilename":"C:\\Users\\ops.cardoso\\AppData\\Local\\Temp\\office-32.tmp"}
{"UtcTime":"2026-08-12 09:40:33.000","Computer":"TN-FIN-WS042","User":"TRANSNORTE\\ops.cardoso","EventID":5,"Image":"C:\\Program Files\\Google\\Chrome\\Application\\chrome.exe","ProcessGuid":"{853FE8C1-B57C-2026-B758-7F12966862C6}","ProcessId":4994,"EventType":"End"}
{"UtcTime":"2026-08-12 09:40:34.000","Computer":"TN-FIN-WS042","User":"TRANSNORTE\\ops.cardoso","EventID":1,"Image":"C:\\Windows\\System32\\conhost.exe","ProcessGuid":"{ED44E6B8-245E-2026-E61F-E75F6A70AAEA}","ProcessId":2589,"CommandLine":"C:\\Windows\\System32\\conhost.exe","ParentImage":"C:\\Windows\\System32\\services.exe","ParentProcessGuid":"{4C13DD46-A3D8-2026-7616-E6165F17739F}","OriginalFileName":"C:\\Windows\\System32\\conhost.exe","SHA256":"8964e42b25fabcf87057c50ec95fda55226f031fec40e002956a47c753b0ae24"}
{"UtcTime":"2026-08-12 09:40:35.000","Computer":"TN-FIN-WS042","User":"TRANSNORTE\\ops.cardoso","EventID":1,"Image":"C:\\Windows\\System32\\conhost.exe","ProcessGuid":"{1979FDC0-CD24-2026-E9A0-910EA6FB888E}","ProcessId":8208,"CommandLine":"C:\\Windows\\System32\\conhost.exe","ParentImage":"C:\\Windows\\System32\\services.exe","ParentProcessGuid":"{009B4074-E9BF-2026-F3EB-60C9D5E06DC0}","OriginalFileName":"C:\\Windows\\System32\\conhost.exe","SHA256":"0403c75f0a9cd8e4b3d3710e4c0d51aa215a5ef1a7bf55a2fda89ee2eabb5911"}
{"UtcTime":"2026-08-12 09:40:36.000","Computer":"TN-FIN-WS042","User":"TRANSNORTE\\backup_svc","EventID":1,"Image":"C:\\Windows\\System32\\svchost.exe","ProcessGuid":"{EB87430C-3794-2026-C100-12B075CC988C}","ProcessId":2176,"CommandLine":"C:\\Windows\\System32\\svchost.exe","ParentImage":"C:\\Windows\\System32\\services.exe","ParentProcessGuid":"{8A517071-D7C2-2026-5243-5536E75CAD65}","OriginalFileName":"C:\\Windows\\System32\\svchost.exe","SHA256":"3f0e2eb63ddf30587f666d416379d4e74ec5edb3464ef3d1ff8f5e5c1747d129"}
{"UtcTime":"2026-08-12 09:40:37.000","Computer":"TN-FIN-WS042","User":"TRANSNORTE\\backup_svc","EventID":1,"Image":"C:\\Program Files\\Google\\Chrome\\Application\\chrome.exe","ProcessGuid":"{4739F635-150B-2026-FD53-16F302BE5F89}","ProcessId":797,"CommandLine":"C:\\Program Files\\Google\\Chrome\\Application\\chrome.exe","ParentImage":"C:\\Windows\\System32\\services.exe","ParentProcessGuid":"{BDF70D90-6425-2026-EA66-9831C33C8851}","OriginalFileName":"C:\\Program Files\\Google\\Chrome\\Application\\chrome.exe","SHA256":"5a64baf805d7151a77d2e81ee3ff5c9b71435002614fe9fc0636ee5ff2bccb99"}
{"UtcTime":"2026-08-12 09:40:38.000","Computer":"TN-FIN-WS042","User":"TRANSNORTE\\backup_svc","EventID":1,"Image":"C:\\Windows\\System32\\svchost.exe","ProcessGuid":"{F10C4F33-DD3E-2026-012E-E6A89E54E69E}","ProcessId":1866,"CommandLine":"C:\\Windows\\System32\\svchost.exe","ParentImage":"C:\\Windows\\System32\\services.exe","ParentProcessGuid":"{CB29ADFB-306A-2026-D6F2-AC4A5567A650}","OriginalFileName":"C:\\Windows\\System32\\svchost.exe","SHA256":"8ec3d7a597f218d91c055b0bd723fe42eed0a53e4e421d03f3b686a699d661cc"}
{"UtcTime":"2026-08-12 09:40:39.000","Computer":"TN-FIN-WS042","User":"TRANSNORTE\\backup_svc","EventID":5,"Image":"C:\\Windows\\System32\\svchost.exe","ProcessGuid":"{DC801092-F121-2026-0C67-9F7A3D34FBB1}","ProcessId":8127,"EventType":"End"}
{"UtcTime":"2026-08-12 09:40:40.000","Computer":"TN-FIN-WS042","User":"TRANSNORTE\\backup_svc","EventID":1,"Image":"C:\\Windows\\System32\\conhost.exe","ProcessGuid":"{43E2B8DD-426E-2026-5387-D45A3956A6D1}","ProcessId":2031,"CommandLine":"C:\\Windows\\System32\\conhost.exe","ParentImage":"C:\\Windows\\System32\\services.exe","ParentProcessGuid":"{BD586D37-692B-2026-6E5C-635F642EB981}","OriginalFileName":"C:\\Windows\\System32\\conhost.exe","SHA256":"9ea7b1b10db874d602c8eb9252b224b6ed769fba13432eb792fa2495a6ec75f0"}
{"UtcTime":"2026-08-12 09:40:41.000","Computer":"TN-FIN-WS042","User":"TRANSNORTE\\backup_svc","EventID":11,"Image":"C:\\Windows\\System32\\RuntimeBroker.exe","ProcessGuid":"{A9878E1C-9EB8-2026-B612-E3C637468E53}","ProcessId":5392,"TargetFilename":"C:\\Users\\ops.cardoso\\AppData\\Local\\Temp\\office-41.tmp"}
{"UtcTime":"2026-08-12 09:40:42.000","Computer":"TN-FIN-WS042","User":"TRANSNORTE\\ops.cardoso","EventID":11,"Image":"C:\\Program Files\\Google\\Chrome\\Application\\chrome.exe","ProcessGuid":"{19DA30E6-44AE-2026-9EED-72D6D10865A1}","ProcessId":8509,"TargetFilename":"C:\\Users\\ops.cardoso\\AppData\\Local\\Temp\\office-42.tmp"}
{"UtcTime":"2026-08-12 09:40:43.000","Computer":"TN-FIN-WS042","User":"TRANSNORTE\\backup_svc","EventID":5,"Image":"C:\\Program Files\\Microsoft Office\\Office16\\OUTLOOK.EXE","ProcessGuid":"{B662E60C-3FCC-2026-345A-5214B1085013}","ProcessId":6668,"EventType":"End"}
{"UtcTime":"2026-08-12 09:40:44.000","Computer":"TN-FIN-WS042","User":"TRANSNORTE\\backup_svc","EventID":1,"Image":"C:\\Windows\\System32\\svchost.exe","ProcessGuid":"{E2646724-E75E-2026-3143-F0186FC3FCBB}","ProcessId":6669,"CommandLine":"C:\\Windows\\System32\\svchost.exe","ParentImage":"C:\\Windows\\System32\\services.exe","ParentProcessGuid":"{F0CC9A89-7EB8-2026-1373-F2136A8CA5D6}","OriginalFileName":"C:\\Windows\\System32\\svchost.exe","SHA256":"04df42267bf5bad1df8a9ab456d589eaf4b71b4850b523f442272b9e8038d7d8"}
{"UtcTime":"2026-08-12 09:40:45.000","Computer":"TN-FIN-WS042","User":"TRANSNORTE\\ops.cardoso","EventID":13,"Image":"C:\\Windows\\System32\\svchost.exe","ProcessGuid":"{0D535C04-53A3-2026-74BE-F5D790C44195}","ProcessId":7125,"EventType":"SetValue","TargetObject":"HKCU\\Software\\Microsoft\\Office\\16.0\\Outlook\\Resiliency\\45","Details":"1"}
{"UtcTime":"2026-08-12 09:40:46.000","Computer":"TN-FIN-WS042","User":"TRANSNORTE\\backup_svc","EventID":1,"Image":"C:\\Program Files\\Microsoft Office\\Office16\\OUTLOOK.EXE","ProcessGuid":"{5366C1C7-79DA-2026-79AA-9F2EE691B0CA}","ProcessId":671,"CommandLine":"C:\\Program Files\\Microsoft Office\\Office16\\OUTLOOK.EXE","ParentImage":"C:\\Windows\\System32\\services.exe","ParentProcessGuid":"{4F5CD4BA-289F-2026-4A21-AC3490F98E9B}","OriginalFileName":"C:\\Program Files\\Microsoft Office\\Office16\\OUTLOOK.EXE","SHA256":"e221eff13ecd22910240cecaec5fcaf2911b0fe5102133d1f911f0df26c015e3"}
{"UtcTime":"2026-08-12 09:40:47.000","Computer":"TN-FIN-WS042","User":"TRANSNORTE\\backup_svc","EventID":11,"Image":"C:\\Windows\\System32\\RuntimeBroker.exe","ProcessGuid":"{E065FF19-A85A-2026-DBDA-DFDA673E418D}","ProcessId":6606,"TargetFilename":"C:\\Users\\ops.cardoso\\AppData\\Local\\Temp\\office-47.tmp"}
{"UtcTime":"2026-08-12 09:40:48.000","Computer":"TN-FIN-WS042","User":"TRANSNORTE\\ops.cardoso","EventID":3,"Image":"C:\\Windows\\System32\\svchost.exe","ProcessGuid":"{9325E09A-587B-2026-B507-399544532688}","ProcessId":2248,"DestinationIp":"8.8.8.8","DestinationPort":53,"SourceIp":"10.50.10.42","Protocol":"tcp"}
{"UtcTime":"2026-08-12 09:40:49.000","Computer":"TN-FIN-WS042","User":"TRANSNORTE\\backup_svc","EventID":1,"Image":"C:\\Windows\\System32\\conhost.exe","ProcessGuid":"{ED89DBDA-D91A-2026-954D-19973BCC0A16}","ProcessId":1863,"CommandLine":"C:\\Windows\\System32\\conhost.exe","ParentImage":"C:\\Windows\\System32\\services.exe","ParentProcessGuid":"{DB5A2FBB-3F9A-2026-6DA3-99C1C4B1BD30}","OriginalFileName":"C:\\Windows\\System32\\conhost.exe","SHA256":"0ff1e87971022fae76b8107d966a15063067ab4a47dd9a9b8d48ac1846e0182f"}
{"UtcTime":"2026-08-12 09:40:50.000","Computer":"TN-FIN-WS042","User":"TRANSNORTE\\backup_svc","EventID":1,"Image":"C:\\Program Files\\Google\\Chrome\\Application\\chrome.exe","ProcessGuid":"{300F9DEB-8E79-2026-056A-F02413727416}","ProcessId":8887,"CommandLine":"C:\\Program Files\\Google\\Chrome\\Application\\chrome.exe","ParentImage":"C:\\Windows\\System32\\services.exe","ParentProcessGuid":"{F5E43124-04A7-2026-2641-D6EC6F5C24F6}","OriginalFileName":"C:\\Program Files\\Google\\Chrome\\Application\\chrome.exe","SHA256":"657628c2cbe96d80ddbdf67d64c968890fb1444953e97dac641f09f6e53078c2"}
{"UtcTime":"2026-08-12 09:40:51.000","Computer":"TN-FIN-WS042","User":"TRANSNORTE\\ops.cardoso","EventID":13,"Image":"C:\\Windows\\System32\\conhost.exe","ProcessGuid":"{36B5F8D3-1F7A-2026-0A17-A66EC04369AE}","ProcessId":5064,"EventType":"SetValue","TargetObject":"HKCU\\Software\\Microsoft\\Office\\16.0\\Outlook\\Resiliency\\51","Details":"1"}
{"UtcTime":"2026-08-12 09:40:52.000","Computer":"TN-FIN-WS042","User":"TRANSNORTE\\backup_svc","EventID":11,"Image":"C:\\Windows\\explorer.exe","ProcessGuid":"{6E6BC622-A365-2026-8CC9-D7F85D275F19}","ProcessId":7720,"TargetFilename":"C:\\Users\\ops.cardoso\\AppData\\Local\\Temp\\office-52.tmp"}
{"UtcTime":"2026-08-12 09:40:53.000","Computer":"TN-FIN-WS042","User":"TRANSNORTE\\backup_svc","EventID":13,"Image":"C:\\Program Files\\Google\\Chrome\\Application\\chrome.exe","ProcessGuid":"{86B1DD3D-8398-2026-9699-0CFBA90DDBBE}","ProcessId":921,"EventType":"SetValue","TargetObject":"HKCU\\Software\\Microsoft\\Office\\16.0\\Outlook\\Resiliency\\53","Details":"1"}
{"UtcTime":"2026-08-12 09:40:54.000","Computer":"TN-FIN-WS042","User":"TRANSNORTE\\backup_svc","EventID":1,"Image":"C:\\Program Files\\Microsoft Office\\Office16\\OUTLOOK.EXE","ProcessGuid":"{BE00745A-5881-2026-B035-9098B0CB92E1}","ProcessId":7383,"CommandLine":"C:\\Program Files\\Microsoft Office\\Office16\\OUTLOOK.EXE","ParentImage":"C:\\Windows\\System32\\services.exe","ParentProcessGuid":"{FF1F1118-E2C7-2026-8603-831E4C332D94}","OriginalFileName":"C:\\Program Files\\Microsoft Office\\Office16\\OUTLOOK.EXE","SHA256":"ac844dc4a41568d2c5650cf59457757b54804ceaaf441f30a706437964ab417f"}
{"UtcTime":"2026-08-12 09:40:55.000","Computer":"TN-FIN-WS042","User":"TRANSNORTE\\ops.cardoso","EventID":11,"Image":"C:\\Program Files\\Google\\Chrome\\Application\\chrome.exe","ProcessGuid":"{F0AC4B00-EA2E-2026-A9D6-33EA27D8DDBF}","ProcessId":5335,"TargetFilename":"C:\\Users\\ops.cardoso\\AppData\\Local\\Temp\\office-55.tmp"}
{"UtcTime":"2026-08-12 09:40:56.000","Computer":"TN-FIN-WS042","User":"TRANSNORTE\\ops.cardoso","EventID":5,"Image":"C:\\Program Files\\Microsoft Office\\Office16\\OUTLOOK.EXE","ProcessGuid":"{A36AB3AE-2E06-2026-D845-A21CA1E36CBA}","ProcessId":3616,"EventType":"End"}
{"UtcTime":"2026-08-12 09:40:57.000","Computer":"TN-FIN-WS042","User":"TRANSNORTE\\backup_svc","EventID":1,"Image":"C:\\Program Files\\Google\\Chrome\\Application\\chrome.exe","ProcessGuid":"{3B5182AC-37A0-2026-32A7-8708E0560447}","ProcessId":4776,"CommandLine":"C:\\Program Files\\Google\\Chrome\\Application\\chrome.exe","ParentImage":"C:\\Windows\\System32\\services.exe","ParentProcessGuid":"{C45CF0DF-9181-2026-A284-97DF97FA4FDC}","OriginalFileName":"C:\\Program Files\\Google\\Chrome\\Application\\chrome.exe","SHA256":"d0c90b5e7fe46f2d715c9a9727964dd9b746496aa57700ad3f5bae2bb12ac907"}
{"UtcTime":"2026-08-12 09:40:58.000","Computer":"TN-FIN-WS042","User":"TRANSNORTE\\backup_svc","EventID":13,"Image":"C:\\Windows\\System32\\RuntimeBroker.exe","ProcessGuid":"{81264FE0-08E6-2026-132B-BC7FBA282264}","ProcessId":3740,"EventType":"SetValue","TargetObject":"HKCU\\Software\\Microsoft\\Office\\16.0\\Outlook\\Resiliency\\58","Details":"1"}
{"UtcTime":"2026-08-12 09:40:59.000","Computer":"TN-FIN-WS042","User":"TRANSNORTE\\ops.cardoso","EventID":1,"Image":"C:\\Windows\\System32\\svchost.exe","ProcessGuid":"{D2A14D29-C060-2026-709C-A9C4492DE068}","ProcessId":1330,"CommandLine":"C:\\Windows\\System32\\svchost.exe","ParentImage":"C:\\Windows\\System32\\services.exe","ParentProcessGuid":"{514474E7-4AE9-2026-81EC-0478E97955AE}","OriginalFileName":"C:\\Windows\\System32\\svchost.exe","SHA256":"36fa5c037cdfd8a8f47bcd310a9c71032e25bc75e6d88e57af292273f1ee3faa"}
{"UtcTime":"2026-08-12 09:41:00.000","Computer":"TN-FIN-WS042","User":"TRANSNORTE\\backup_svc","EventID":3,"Image":"C:\\Windows\\System32\\RuntimeBroker.exe","ProcessGuid":"{94B68876-EE28-2026-BB05-C50427057383}","ProcessId":6519,"DestinationIp":"1.1.1.1","DestinationPort":8080,"SourceIp":"10.50.10.42","Protocol":"tcp"}
{"UtcTime":"2026-08-12 09:41:01.000","Computer":"TN-FIN-WS042","User":"TRANSNORTE\\ops.cardoso","EventID":1,"Image":"C:\\Program Files\\Microsoft Office\\Office16\\OUTLOOK.EXE","ProcessGuid":"{33148E53-9523-2026-5496-5F8FAA7F45DC}","ProcessId":4633,"CommandLine":"C:\\Program Files\\Microsoft Office\\Office16\\OUTLOOK.EXE","ParentImage":"C:\\Windows\\System32\\services.exe","ParentProcessGuid":"{0119A4C4-8DA1-2026-3ACF-6918C4BFAAE2}","OriginalFileName":"C:\\Program Files\\Microsoft Office\\Office16\\OUTLOOK.EXE","SHA256":"0ce88d7021963f13b7f9799880c0e841e5bacde55b592f446f8d33e093e5c010"}
{"UtcTime":"2026-08-12 09:41:02.000","Computer":"TN-FIN-WS042","User":"TRANSNORTE\\backup_svc","EventID":13,"Image":"C:\\Windows\\System32\\svchost.exe","ProcessGuid":"{47274947-8FB0-2026-476E-BB11237AB610}","ProcessId":4990,"EventType":"SetValue","TargetObject":"HKCU\\Software\\Microsoft\\Office\\16.0\\Outlook\\Resiliency\\62","Details":"1"}
{"UtcTime":"2026-08-12 09:41:03.000","Computer":"TN-FIN-WS042","User":"TRANSNORTE\\ops.cardoso","EventID":3,"Image":"C:\\Program Files\\Microsoft Office\\Office16\\OUTLOOK.EXE","ProcessGuid":"{99AE2261-800C-2026-40C3-0A9B97B45640}","ProcessId":6192,"DestinationIp":"1.1.1.1","DestinationPort":8080,"SourceIp":"10.50.10.42","Protocol":"tcp"}
{"UtcTime":"2026-08-12 09:41:04.000","Computer":"TN-FIN-WS042","User":"TRANSNORTE\\ops.cardoso","EventID":1,"Image":"C:\\Windows\\explorer.exe","ProcessGuid":"{74E99B33-C23C-2026-363F-745833590F40}","ProcessId":668,"CommandLine":"C:\\Windows\\explorer.exe","ParentImage":"C:\\Windows\\System32\\services.exe","ParentProcessGuid":"{12B6E42F-F284-2026-7BF4-F3367C615365}","OriginalFileName":"C:\\Windows\\explorer.exe","SHA256":"2538b1f4f25fc3ba32e3288f06cca5b5fc19665f4dad9560201cf9eaf8d1e6e7"}
{"UtcTime":"2026-08-12 09:41:05.000","Computer":"TN-FIN-WS042","User":"TRANSNORTE\\ops.cardoso","EventID":11,"Image":"C:\\Windows\\System32\\conhost.exe","ProcessGuid":"{B0B3608A-C4F7-2026-9501-4865F7B7C730}","ProcessId":7899,"TargetFilename":"C:\\Users\\ops.cardoso\\AppData\\Local\\Temp\\office-65.tmp"}
{"UtcTime":"2026-08-12 09:41:06.000","Computer":"TN-FIN-WS042","User":"TRANSNORTE\\backup_svc","EventID":3,"Image":"C:\\Program Files\\Microsoft Office\\Office16\\OUTLOOK.EXE","ProcessGuid":"{A69E4EAB-35D4-2026-F4E8-E047FFD75C8B}","ProcessId":5865,"DestinationIp":"8.8.8.8","DestinationPort":53,"SourceIp":"10.50.10.42","Protocol":"tcp"}
{"UtcTime":"2026-08-12 09:41:07.000","Computer":"TN-FIN-WS042","User":"TRANSNORTE\\backup_svc","EventID":1,"Image":"C:\\Windows\\explorer.exe","ProcessGuid":"{7948EB43-60C2-2026-C131-D005D619AF0D}","ProcessId":8411,"CommandLine":"C:\\Windows\\explorer.exe","ParentImage":"C:\\Windows\\System32\\services.exe","ParentProcessGuid":"{B46D5F0A-F0B2-2026-2A98-B01017AB0C26}","OriginalFileName":"C:\\Windows\\explorer.exe","SHA256":"f83def0857d1a262b9399a22f962cce27bc67e43d064dd88f1ec7de5c75ed851"}
{"UtcTime":"2026-08-12 09:41:08.000","Computer":"TN-FIN-WS042","User":"TRANSNORTE\\ops.cardoso","EventID":1,"Image":"C:\\Program Files\\Microsoft Office\\Office16\\OUTLOOK.EXE","ProcessGuid":"{4815F72D-7C10-2026-7835-525519276C0B}","ProcessId":5979,"CommandLine":"C:\\Program Files\\Microsoft Office\\Office16\\OUTLOOK.EXE","ParentImage":"C:\\Windows\\System32\\services.exe","ParentProcessGuid":"{0C63CFE3-D8EA-2026-4EFB-7688BD1A18C0}","OriginalFileName":"C:\\Program Files\\Microsoft Office\\Office16\\OUTLOOK.EXE","SHA256":"e73e3699308fff53bd6d3a0c997f77881366efdbf1bb9dbe848b5e3c285d06d9"}
{"UtcTime":"2026-08-12 09:41:09.000","Computer":"TN-FIN-WS042","User":"TRANSNORTE\\backup_svc","EventID":1,"Image":"C:\\Program Files\\Google\\Chrome\\Application\\chrome.exe","ProcessGuid":"{E113EAA2-FBD9-2026-CCE0-B60911696122}","ProcessId":7474,"CommandLine":"C:\\Program Files\\Google\\Chrome\\Application\\chrome.exe","ParentImage":"C:\\Windows\\System32\\services.exe","ParentProcessGuid":"{5CF38A68-5CF9-2026-CCD5-B894EE3A589C}","OriginalFileName":"C:\\Program Files\\Google\\Chrome\\Application\\chrome.exe","SHA256":"12600f122290b65a4ed7903cf327870b5353e1d93de16f9fae92b15d29e5de37"}
{"UtcTime":"2026-08-12 09:41:10.000","Computer":"TN-FIN-WS042","User":"TRANSNORTE\\backup_svc","EventID":13,"Image":"C:\\Windows\\System32\\RuntimeBroker.exe","ProcessGuid":"{9C342A3F-3611-2026-10AB-60DFFE7A9858}","ProcessId":6898,"EventType":"SetValue","TargetObject":"HKCU\\Software\\Microsoft\\Office\\16.0\\Outlook\\Resiliency\\70","Details":"1"}
{"UtcTime":"2026-08-12 09:41:11.000","Computer":"TN-FIN-WS042","User":"TRANSNORTE\\backup_svc","EventID":5,"Image":"C:\\Windows\\explorer.exe","ProcessGuid":"{82C31A73-BAF5-2026-A8D1-FB01CB7F8395}","ProcessId":8691,"EventType":"End"}
{"UtcTime":"2026-08-12 09:41:12.000","Computer":"TN-FIN-WS042","User":"TRANSNORTE\\backup_svc","EventID":13,"Image":"C:\\Windows\\System32\\svchost.exe","ProcessGuid":"{6E6E90F4-B409-2026-B379-B0C3A1DC7ED3}","ProcessId":1284,"EventType":"SetValue","TargetObject":"HKCU\\Software\\Microsoft\\Office\\16.0\\Outlook\\Resiliency\\72","Details":"1"}
{"UtcTime":"2026-08-12 09:41:13.000","Computer":"TN-FIN-WS042","User":"TRANSNORTE\\backup_svc","EventID":5,"Image":"C:\\Windows\\System32\\svchost.exe","ProcessGuid":"{693E3C62-912E-2026-3769-A47E151F4EA7}","ProcessId":6884,"EventType":"End"}
{"UtcTime":"2026-08-12 09:41:14.000","Computer":"TN-FIN-WS042","User":"TRANSNORTE\\backup_svc","EventID":3,"Image":"C:\\Windows\\System32\\conhost.exe","ProcessGuid":"{31BBCEAA-7604-2026-3A59-3088D550D0D3}","ProcessId":8513,"DestinationIp":"8.8.8.8","DestinationPort":443,"SourceIp":"10.50.10.42","Protocol":"tcp"}
{"UtcTime":"2026-08-12 09:41:15.000","Computer":"TN-FIN-WS042","User":"TRANSNORTE\\backup_svc","EventID":11,"Image":"C:\\Windows\\System32\\svchost.exe","ProcessGuid":"{13D443C7-D8D6-2026-8162-9544266B6CAA}","ProcessId":8597,"TargetFilename":"C:\\Users\\ops.cardoso\\AppData\\Local\\Temp\\office-75.tmp"}
{"UtcTime":"2026-08-12 09:41:16.000","Computer":"TN-FIN-WS042","User":"TRANSNORTE\\backup_svc","EventID":5,"Image":"C:\\Windows\\System32\\svchost.exe","ProcessGuid":"{FF1BC7A2-A30E-2026-E206-E47BE1578759}","ProcessId":2320,"EventType":"End"}
{"UtcTime":"2026-08-12 09:41:17.000","Computer":"TN-FIN-WS042","User":"TRANSNORTE\\backup_svc","EventID":13,"Image":"C:\\Windows\\explorer.exe","ProcessGuid":"{85CC6B81-4BD0-2026-1B88-CE432E8C5F36}","ProcessId":5609,"EventType":"SetValue","TargetObject":"HKCU\\Software\\Microsoft\\Office\\16.0\\Outlook\\Resiliency\\77","Details":"1"}
{"UtcTime":"2026-08-12 09:41:18.000","Computer":"TN-FIN-WS042","User":"TRANSNORTE\\backup_svc","EventID":11,"Image":"C:\\Windows\\System32\\svchost.exe","ProcessGuid":"{9183D220-187E-2026-32BC-405201E77665}","ProcessId":4201,"TargetFilename":"C:\\Users\\ops.cardoso\\AppData\\Local\\Temp\\office-78.tmp"}
{"UtcTime":"2026-08-12 09:41:19.000","Computer":"TN-FIN-WS042","User":"TRANSNORTE\\ops.cardoso","EventID":1,"Image":"C:\\Windows\\System32\\RuntimeBroker.exe","ProcessGuid":"{F86F0668-58B3-2026-36D9-76223C91C797}","ProcessId":8834,"CommandLine":"C:\\Windows\\System32\\RuntimeBroker.exe","ParentImage":"C:\\Windows\\System32\\services.exe","ParentProcessGuid":"{E36A18B9-090E-2026-15CE-7CFFCF0A1A21}","OriginalFileName":"C:\\Windows\\System32\\RuntimeBroker.exe","SHA256":"04fb92459b0de98d9e32ae8179dbdf9a1b05d2d7003dad6d66f736813e0d9da1"}
{"UtcTime":"2026-08-12 09:41:20.000","Computer":"TN-FIN-WS042","User":"TRANSNORTE\\backup_svc","EventID":3,"Image":"C:\\Windows\\System32\\svchost.exe","ProcessGuid":"{8A863DBD-5247-2026-0DA9-632AEB5B39AE}","ProcessId":3974,"DestinationIp":"1.1.1.1","DestinationPort":135,"SourceIp":"10.50.10.42","Protocol":"tcp"}
{"UtcTime":"2026-08-12 09:41:21.000","Computer":"TN-FIN-WS042","User":"TRANSNORTE\\ops.cardoso","EventID":3,"Image":"C:\\Program Files\\Google\\Chrome\\Application\\chrome.exe","ProcessGuid":"{E4B3A6A7-B964-2026-DC2B-790E99CCCA59}","ProcessId":3626,"DestinationIp":"1.1.1.1","DestinationPort":443,"SourceIp":"10.50.10.42","Protocol":"tcp"}
{"UtcTime":"2026-08-12 09:41:22.000","Computer":"TN-FIN-WS042","User":"TRANSNORTE\\ops.cardoso","EventID":1,"Image":"C:\\Windows\\explorer.exe","ProcessGuid":"{64E92CE6-DF71-2026-6BC8-A7451521A320}","ProcessId":1680,"CommandLine":"C:\\Windows\\explorer.exe","ParentImage":"C:\\Windows\\System32\\services.exe","ParentProcessGuid":"{8F414131-5E00-2026-4D65-42E8F6B3CB63}","OriginalFileName":"C:\\Windows\\explorer.exe","SHA256":"86aa0b1b5f4b1b2a686e74535f60b6b6f4a87a1d7f397ba40c76bf17c526fe95"}
{"UtcTime":"2026-08-12 09:41:23.000","Computer":"TN-FIN-WS042","User":"TRANSNORTE\\ops.cardoso","EventID":1,"Image":"C:\\Windows\\System32\\svchost.exe","ProcessGuid":"{7402EFDC-990F-2026-43C7-598FDF0EF297}","ProcessId":8746,"CommandLine":"C:\\Windows\\System32\\svchost.exe","ParentImage":"C:\\Windows\\System32\\services.exe","ParentProcessGuid":"{4704B523-8A32-2026-8399-B3480B88ED1F}","OriginalFileName":"C:\\Windows\\System32\\svchost.exe","SHA256":"a47674af650cee4cd5d071a7f5cb9faad6c401300d04aba8880c10f6690f9c50"}
{"UtcTime":"2026-08-12 09:41:24.000","Computer":"TN-FIN-WS042","User":"TRANSNORTE\\backup_svc","EventID":3,"Image":"C:\\Program Files\\Microsoft Office\\Office16\\OUTLOOK.EXE","ProcessGuid":"{B87B3E63-3683-2026-8C32-1BA29EAF7977}","ProcessId":2510,"DestinationIp":"10.50.10.88","DestinationPort":443,"SourceIp":"10.50.10.42","Protocol":"tcp"}
{"UtcTime":"2026-08-12 09:41:25.000","Computer":"TN-FIN-WS042","User":"TRANSNORTE\\backup_svc","EventID":13,"Image":"C:\\Windows\\System32\\svchost.exe","ProcessGuid":"{DB0DB767-8DAE-2026-1060-56DAE3507C34}","ProcessId":7427,"EventType":"SetValue","TargetObject":"HKCU\\Software\\Microsoft\\Office\\16.0\\Outlook\\Resiliency\\85","Details":"1"}
{"UtcTime":"2026-08-12 09:41:26.000","Computer":"TN-FIN-WS042","User":"TRANSNORTE\\backup_svc","EventID":11,"Image":"C:\\Windows\\System32\\svchost.exe","ProcessGuid":"{BBB25EC5-5FD1-2026-EF36-09BB5F2BE6B2}","ProcessId":5143,"TargetFilename":"C:\\Users\\ops.cardoso\\AppData\\Local\\Temp\\office-86.tmp"}
{"UtcTime":"2026-08-12 09:41:27.000","Computer":"TN-FIN-WS042","User":"TRANSNORTE\\ops.cardoso","EventID":13,"Image":"C:\\Windows\\explorer.exe","ProcessGuid":"{9206CB80-0541-2026-D921-CE026D97782D}","ProcessId":2753,"EventType":"SetValue","TargetObject":"HKCU\\Software\\Microsoft\\Office\\16.0\\Outlook\\Resiliency\\87","Details":"1"}
{"UtcTime":"2026-08-12 09:41:28.000","Computer":"TN-FIN-WS042","User":"TRANSNORTE\\backup_svc","EventID":11,"Image":"C:\\Windows\\explorer.exe","ProcessGuid":"{06C964E5-F365-2026-300D-1A81E55C9948}","ProcessId":6229,"TargetFilename":"C:\\Users\\ops.cardoso\\AppData\\Local\\Temp\\office-88.tmp"}
{"UtcTime":"2026-08-12 09:41:29.000","Computer":"TN-FIN-WS042","User":"TRANSNORTE\\ops.cardoso","EventID":1,"Image":"C:\\Program Files\\Microsoft Office\\Office16\\OUTLOOK.EXE","ProcessGuid":"{DCEC27C6-05BE-2026-66B3-2369C1DE648E}","ProcessId":5859,"CommandLine":"C:\\Program Files\\Microsoft Office\\Office16\\OUTLOOK.EXE","ParentImage":"C:\\Windows\\System32\\services.exe","ParentProcessGuid":"{BB5D106E-A436-2026-B03E-81058473C530}","OriginalFileName":"C:\\Program Files\\Microsoft Office\\Office16\\OUTLOOK.EXE","SHA256":"25c09c845c3f149767f3106b6bc63c6015686b63a231ba5de6b0a193333a8eb0"}
{"UtcTime":"2026-08-12 09:41:30.000","Computer":"TN-FIN-WS042","User":"TRANSNORTE\\backup_svc","EventID":11,"Image":"C:\\Windows\\explorer.exe","ProcessGuid":"{1F8ED19E-6BCA-2026-BBE6-C41D78D4BB68}","ProcessId":1294,"TargetFilename":"C:\\Users\\ops.cardoso\\AppData\\Local\\Temp\\office-90.tmp"}
{"UtcTime":"2026-08-12 09:41:31.000","Computer":"TN-FIN-WS042","User":"TRANSNORTE\\ops.cardoso","EventID":13,"Image":"C:\\Windows\\System32\\RuntimeBroker.exe","ProcessGuid":"{75FB5308-F97B-2026-D0F0-54ED4851A3EC}","ProcessId":415,"EventType":"SetValue","TargetObject":"HKCU\\Software\\Microsoft\\Office\\16.0\\Outlook\\Resiliency\\91","Details":"1"}
{"UtcTime":"2026-08-12 09:41:32.000","Computer":"TN-FIN-WS042","User":"TRANSNORTE\\ops.cardoso","EventID":1,"Image":"C:\\Windows\\System32\\conhost.exe","ProcessGuid":"{410FA6E3-FBF3-2026-B17F-908A730E8504}","ProcessId":2843,"CommandLine":"C:\\Windows\\System32\\conhost.exe","ParentImage":"C:\\Windows\\System32\\services.exe","ParentProcessGuid":"{29BC7B64-A9F3-2026-C3FB-A4AEE3B6DBB0}","OriginalFileName":"C:\\Windows\\System32\\conhost.exe","SHA256":"d0808449b1555c898b52734cfaff475ac256d39cc3c31e0b19eb92410bae72c4"}
{"UtcTime":"2026-08-12 09:41:33.000","Computer":"TN-FIN-WS042","User":"TRANSNORTE\\backup_svc","EventID":1,"Image":"C:\\Program Files\\Microsoft Office\\Office16\\OUTLOOK.EXE","ProcessGuid":"{FB0D1F79-DD00-2026-B5C7-E46BC756AE0C}","ProcessId":6903,"CommandLine":"C:\\Program Files\\Microsoft Office\\Office16\\OUTLOOK.EXE","ParentImage":"C:\\Windows\\System32\\services.exe","ParentProcessGuid":"{F473F56C-6CF2-2026-05D1-E96A9DBB45B7}","OriginalFileName":"C:\\Program Files\\Microsoft Office\\Office16\\OUTLOOK.EXE","SHA256":"9faeda71d847d70bd3bfc9e90e56ce7c22f9d2693c8b70cb6b0a6d543a768001"}
{"UtcTime":"2026-08-12 09:41:34.000","Computer":"TN-FIN-WS042","User":"TRANSNORTE\\ops.cardoso","EventID":13,"Image":"C:\\Windows\\System32\\conhost.exe","ProcessGuid":"{C1937AAA-971E-2026-DCE2-934D8C272FF8}","ProcessId":4628,"EventType":"SetValue","TargetObject":"HKCU\\Software\\Microsoft\\Office\\16.0\\Outlook\\Resiliency\\94","Details":"1"}
{"UtcTime":"2026-08-12 09:41:35.000","Computer":"TN-FIN-WS042","User":"TRANSNORTE\\ops.cardoso","EventID":1,"Image":"C:\\Program Files\\Microsoft Office\\Office16\\OUTLOOK.EXE","ProcessGuid":"{EC4997EE-BABF-2026-BB22-FC8B4B6C65C9}","ProcessId":4820,"CommandLine":"C:\\Program Files\\Microsoft Office\\Office16\\OUTLOOK.EXE","ParentImage":"C:\\Windows\\System32\\services.exe","ParentProcessGuid":"{DC9E0C36-B0E8-2026-1064-46D35F671BB7}","OriginalFileName":"C:\\Program Files\\Microsoft Office\\Office16\\OUTLOOK.EXE","SHA256":"ce0c6e26111899b6cb6f4451bf9499d39ce2d74ad676c9a866e6622824c417c7"}
{"UtcTime":"2026-08-12 09:41:36.000","Computer":"TN-FIN-WS042","User":"TRANSNORTE\\backup_svc","EventID":1,"Image":"C:\\Windows\\System32\\svchost.exe","ProcessGuid":"{6A05D7F8-B810-2026-FD0E-6524EA5673EF}","ProcessId":8595,"CommandLine":"C:\\Windows\\System32\\svchost.exe","ParentImage":"C:\\Windows\\System32\\services.exe","ParentProcessGuid":"{F371A148-3114-2026-8221-7AFF7A4C0049}","OriginalFileName":"C:\\Windows\\System32\\svchost.exe","SHA256":"f6c426cbc2cce5d6ce229c9a20ff807c21b7f03dbb403c9450a02f1d8cf9f614"}
{"UtcTime":"2026-08-12 09:41:37.000","Computer":"TN-FIN-WS042","User":"TRANSNORTE\\backup_svc","EventID":1,"Image":"C:\\Windows\\System32\\RuntimeBroker.exe","ProcessGuid":"{36CD8438-AA8F-2026-907D-FB8C19D15C4C}","ProcessId":8956,"CommandLine":"C:\\Windows\\System32\\RuntimeBroker.exe","ParentImage":"C:\\Windows\\System32\\services.exe","ParentProcessGuid":"{D4F1EB4C-7D31-2026-14EB-37363EB9427F}","OriginalFileName":"C:\\Windows\\System32\\RuntimeBroker.exe","SHA256":"d0c6e23eccf2e8477072d1ae78c6a52b481ff105b9621df28e39c100d2eb2da0"}
{"UtcTime":"2026-08-12 09:41:38.000","Computer":"TN-FIN-WS042","User":"TRANSNORTE\\backup_svc","EventID":1,"Image":"C:\\Program Files\\Google\\Chrome\\Application\\chrome.exe","ProcessGuid":"{28B27BB1-8571-2026-94F0-A9A6E2AF1A83}","ProcessId":6415,"CommandLine":"C:\\Program Files\\Google\\Chrome\\Application\\chrome.exe","ParentImage":"C:\\Windows\\System32\\services.exe","ParentProcessGuid":"{798CFDD0-4103-2026-260A-FB54855309B7}","OriginalFileName":"C:\\Program Files\\Google\\Chrome\\Application\\chrome.exe","SHA256":"7209bf489e709a709a3ad85a3c8055971f1512943ef490829c050de54f31ace0"}
{"UtcTime":"2026-08-12 09:41:39.000","Computer":"TN-FIN-WS042","User":"TRANSNORTE\\backup_svc","EventID":1,"Image":"C:\\Windows\\System32\\RuntimeBroker.exe","ProcessGuid":"{E2CCE588-71A2-2026-A8DE-534FD731A7D8}","ProcessId":4786,"CommandLine":"C:\\Windows\\System32\\RuntimeBroker.exe","ParentImage":"C:\\Windows\\System32\\services.exe","ParentProcessGuid":"{2B609D76-E28F-2026-19A2-10E87FC61C69}","OriginalFileName":"C:\\Windows\\System32\\RuntimeBroker.exe","SHA256":"4b265a9758bf7d2dead2617a2bc348ddb9593d9aee6b998199debc9852b77353"}
{"UtcTime":"2026-08-12 09:41:40.000","Computer":"TN-FIN-WS042","User":"TRANSNORTE\\backup_svc","EventID":3,"Image":"C:\\Windows\\explorer.exe","ProcessGuid":"{2CD4031A-EF7C-2026-9C88-EF77AE6CA1C4}","ProcessId":8609,"DestinationIp":"1.1.1.1","DestinationPort":8080,"SourceIp":"10.50.10.42","Protocol":"tcp"}
{"UtcTime":"2026-08-12 09:41:41.000","Computer":"TN-FIN-WS042","User":"TRANSNORTE\\ops.cardoso","EventID":1,"Image":"C:\\Windows\\System32\\svchost.exe","ProcessGuid":"{9DE7D72D-CF17-2026-9A4F-EB52FE5986F3}","ProcessId":654,"CommandLine":"C:\\Windows\\System32\\svchost.exe","ParentImage":"C:\\Windows\\System32\\services.exe","ParentProcessGuid":"{8F4C9D25-B2C5-2026-A57D-C31426231E95}","OriginalFileName":"C:\\Windows\\System32\\svchost.exe","SHA256":"2f0451d99b8123bafbee945c0e214e0f3efacc645da681086e857c0e57cdfbb9"}
{"UtcTime":"2026-08-12 09:41:42.000","Computer":"TN-FIN-WS042","User":"TRANSNORTE\\ops.cardoso","EventID":13,"Image":"C:\\Windows\\System32\\svchost.exe","ProcessGuid":"{5EBAB3A1-CFC1-2026-C180-3BBEE436F3EF}","ProcessId":3491,"EventType":"SetValue","TargetObject":"HKCU\\Software\\Microsoft\\Office\\16.0\\Outlook\\Resiliency\\102","Details":"1"}
{"UtcTime":"2026-08-12 09:41:43.000","Computer":"TN-FIN-WS042","User":"TRANSNORTE\\ops.cardoso","EventID":11,"Image":"C:\\Windows\\System32\\RuntimeBroker.exe","ProcessGuid":"{BCF8B922-01F6-2026-9D09-F963FDC3D3E9}","ProcessId":4876,"TargetFilename":"C:\\Users\\ops.cardoso\\AppData\\Local\\Temp\\office-103.tmp"}
{"UtcTime":"2026-08-12 09:41:44.000","Computer":"TN-FIN-WS042","User":"TRANSNORTE\\ops.cardoso","EventID":1,"Image":"C:\\Program Files\\Microsoft Office\\Office16\\OUTLOOK.EXE","ProcessGuid":"{03200132-9969-2026-8B5B-6AFFDC772A0A}","ProcessId":7168,"CommandLine":"C:\\Program Files\\Microsoft Office\\Office16\\OUTLOOK.EXE","ParentImage":"C:\\Windows\\System32\\services.exe","ParentProcessGuid":"{33D37DA7-E091-2026-0B6F-E1441F9BFABA}","OriginalFileName":"C:\\Program Files\\Microsoft Office\\Office16\\OUTLOOK.EXE","SHA256":"a3eebfd40fd7a4fa6cf65898dd6cd5b6b21d784a093e34d7900c9f5e7d069152"}
{"UtcTime":"2026-08-12 09:41:45.000","Computer":"TN-FIN-WS042","User":"TRANSNORTE\\backup_svc","EventID":5,"Image":"C:\\Windows\\explorer.exe","ProcessGuid":"{ED798964-42B0-2026-25CE-81C1A8DA49A4}","ProcessId":4650,"EventType":"End"}
{"UtcTime":"2026-08-12 09:41:46.000","Computer":"TN-FIN-WS042","User":"TRANSNORTE\\ops.cardoso","EventID":1,"Image":"C:\\Windows\\System32\\conhost.exe","ProcessGuid":"{ACF86FEA-FDD6-2026-CF95-6AFA67A023B1}","ProcessId":4509,"CommandLine":"C:\\Windows\\System32\\conhost.exe","ParentImage":"C:\\Windows\\System32\\services.exe","ParentProcessGuid":"{B2FBFCA3-2BF5-2026-1719-DBEE50154910}","OriginalFileName":"C:\\Windows\\System32\\conhost.exe","SHA256":"5cfac8a1a9d0c908153db418dea73b106b116bbc967e81ffb09090cb6a3b1d84"}
{"UtcTime":"2026-08-12 09:41:47.000","Computer":"TN-FIN-WS042","User":"TRANSNORTE\\ops.cardoso","EventID":3,"Image":"C:\\Windows\\System32\\conhost.exe","ProcessGuid":"{0335E2E6-D06F-2026-7CFD-5911FEAB8015}","ProcessId":4479,"DestinationIp":"1.1.1.1","DestinationPort":53,"SourceIp":"10.50.10.42","Protocol":"tcp"}
{"UtcTime":"2026-08-12 09:41:48.000","Computer":"TN-FIN-WS042","User":"TRANSNORTE\\backup_svc","EventID":11,"Image":"C:\\Windows\\System32\\RuntimeBroker.exe","ProcessGuid":"{AB98BADE-56F8-2026-D17B-16BF84A6A79D}","ProcessId":8315,"TargetFilename":"C:\\Users\\ops.cardoso\\AppData\\Local\\Temp\\office-108.tmp"}
{"UtcTime":"2026-08-12 09:41:49.000","Computer":"TN-FIN-WS042","User":"TRANSNORTE\\backup_svc","EventID":5,"Image":"C:\\Program Files\\Microsoft Office\\Office16\\OUTLOOK.EXE","ProcessGuid":"{DF1BDA44-3C0C-2026-59E5-C9635F7BDADF}","ProcessId":7858,"EventType":"End"}
{"UtcTime":"2026-08-12 09:41:50.000","Computer":"TN-FIN-WS042","User":"TRANSNORTE\\backup_svc","EventID":1,"Image":"C:\\Windows\\explorer.exe","ProcessGuid":"{E1B4CA58-0A5C-2026-668C-5FD61CFF7D57}","ProcessId":5873,"CommandLine":"C:\\Windows\\explorer.exe","ParentImage":"C:\\Windows\\System32\\services.exe","ParentProcessGuid":"{91E1E877-7621-2026-0407-0C19A8E79F2E}","OriginalFileName":"C:\\Windows\\explorer.exe","SHA256":"01e201e4a3c76914490c5f4b253b4d6efdc90582aa27c80a3a7a3179b6ffb9ca"}
{"UtcTime":"2026-08-12 09:41:51.000","Computer":"TN-FIN-WS042","User":"TRANSNORTE\\backup_svc","EventID":13,"Image":"C:\\Windows\\explorer.exe","ProcessGuid":"{8C1EC940-3E5D-2026-2BD4-792C78B7D619}","ProcessId":5527,"EventType":"SetValue","TargetObject":"HKCU\\Software\\Microsoft\\Office\\16.0\\Outlook\\Resiliency\\111","Details":"1"}
{"UtcTime":"2026-08-12 09:41:52.000","Computer":"TN-FIN-WS042","User":"TRANSNORTE\\ops.cardoso","EventID":11,"Image":"C:\\Windows\\System32\\RuntimeBroker.exe","ProcessGuid":"{4B2C92C0-4DDC-2026-F5E9-DD3EFC1847D9}","ProcessId":1710,"TargetFilename":"C:\\Users\\ops.cardoso\\AppData\\Local\\Temp\\office-112.tmp"}
{"UtcTime":"2026-08-12 09:41:53.000","Computer":"TN-FIN-WS042","User":"TRANSNORTE\\ops.cardoso","EventID":1,"Image":"C:\\Windows\\System32\\svchost.exe","ProcessGuid":"{F85BA893-769C-2026-11EF-0F56427E8273}","ProcessId":3772,"CommandLine":"C:\\Windows\\System32\\svchost.exe","ParentImage":"C:\\Windows\\System32\\services.exe","ParentProcessGuid":"{86AA4EAD-3874-2026-FD2D-50B835221566}","OriginalFileName":"C:\\Windows\\System32\\svchost.exe","SHA256":"7e98de331b245d8ce2e270027c55fb4be46eaa197234a9690c4da0cfd4b80ca5"}
{"UtcTime":"2026-08-12 09:41:54.000","Computer":"TN-FIN-WS042","User":"TRANSNORTE\\backup_svc","EventID":1,"Image":"C:\\Windows\\System32\\conhost.exe","ProcessGuid":"{357B3525-6F52-2026-888E-E1138AC99501}","ProcessId":4778,"CommandLine":"C:\\Windows\\System32\\conhost.exe","ParentImage":"C:\\Windows\\System32\\services.exe","ParentProcessGuid":"{8E58AAC9-B822-2026-6596-CCD20FC858E2}","OriginalFileName":"C:\\Windows\\System32\\conhost.exe","SHA256":"252aa7e47c18ccf829aa1add8d160525e6e31046032b37c1bf67ed78c9631776"}
{"UtcTime":"2026-08-12 09:41:55.000","Computer":"TN-FIN-WS042","User":"TRANSNORTE\\ops.cardoso","EventID":11,"Image":"C:\\Windows\\explorer.exe","ProcessGuid":"{855F34E4-6832-2026-95FF-33DF004CCB76}","ProcessId":439,"TargetFilename":"C:\\Users\\ops.cardoso\\AppData\\Local\\Temp\\office-115.tmp"}
{"UtcTime":"2026-08-12 09:41:56.000","Computer":"TN-FIN-WS042","User":"TRANSNORTE\\backup_svc","EventID":1,"Image":"C:\\Program Files\\Google\\Chrome\\Application\\chrome.exe","ProcessGuid":"{8674D129-541F-2026-8BB8-CD5EDD1EA195}","ProcessId":5500,"CommandLine":"C:\\Program Files\\Google\\Chrome\\Application\\chrome.exe","ParentImage":"C:\\Windows\\System32\\services.exe","ParentProcessGuid":"{BEAD1C2B-A395-2026-A36F-4C912834094F}","OriginalFileName":"C:\\Program Files\\Google\\Chrome\\Application\\chrome.exe","SHA256":"11fc62c15b6f2d5281ae3117a7e2104be98251fe2680f15cc502707d936bb721"}
{"UtcTime":"2026-08-12 09:41:57.000","Computer":"TN-FIN-WS042","User":"TRANSNORTE\\ops.cardoso","EventID":1,"Image":"C:\\Program Files\\Google\\Chrome\\Application\\chrome.exe","ProcessGuid":"{D64430CA-A1C0-2026-A617-26CF80F3E8DD}","ProcessId":7776,"CommandLine":"C:\\Program Files\\Google\\Chrome\\Application\\chrome.exe","ParentImage":"C:\\Windows\\System32\\services.exe","ParentProcessGuid":"{D50B08F4-BCB0-2026-EC9B-3BC671DAF9E5}","OriginalFileName":"C:\\Program Files\\Google\\Chrome\\Application\\chrome.exe","SHA256":"79f203c2ca2e02e1f03ffbd962ab68001389c1df5cbb01c82133e90e616be0bc"}
{"UtcTime":"2026-08-12 09:41:58.000","Computer":"TN-FIN-WS042","User":"TRANSNORTE\\backup_svc","EventID":11,"Image":"C:\\Windows\\System32\\RuntimeBroker.exe","ProcessGuid":"{8A58FCB3-1212-2026-0EBF-0544D08143E3}","ProcessId":8122,"TargetFilename":"C:\\Users\\ops.cardoso\\AppData\\Local\\Temp\\office-118.tmp"}
