{"UtcTime":"2026-08-12 10:52:11.000","Computer":"TN-FIN-WS042","User":"TRANSNORTE\\backup_svc","EventID":1,"Image":"C:\\Program Files\\Google\\Chrome\\Application\\chrome.exe","ProcessGuid":"{50F43134-0923-2026-6C87-F163B3F5BF25}","ProcessId":7817,"CommandLine":"C:\\Program Files\\Google\\Chrome\\Application\\chrome.exe","ParentImage":"C:\\Windows\\System32\\services.exe","ParentProcessGuid":"{8F2C02DE-A4A5-2026-9AC2-DC49185492C2}","OriginalFileName":"C:\\Program Files\\Google\\Chrome\\Application\\chrome.exe","SHA256":"03f264171cf1d4cd2e6e06609d739834c979b282753de23e96f2d30338735c44"}
{"UtcTime":"2026-08-12 10:52:12.000","Computer":"TN-FIN-WS042","User":"TRANSNORTE\\backup_svc","EventID":11,"Image":"C:\\Program Files\\Google\\Chrome\\Application\\chrome.exe","ProcessGuid":"{121B06B2-323D-2026-5ED9-40708D29BACA}","ProcessId":8516,"TargetFilename":"C:\\Users\\ops.cardoso\\AppData\\Local\\Temp\\office-4332.tmp"}
{"UtcTime":"2026-08-12 10:52:13.000","Computer":"TN-FIN-WS042","User":"TRANSNORTE\\ops.cardoso","EventID":11,"Image":"C:\\Program Files\\Microsoft Office\\Office16\\OUTLOOK.EXE","ProcessGuid":"{5BAB794C-4440-2026-E3E3-24FC0BCBD9F5}","ProcessId":1444,"TargetFilename":"C:\\Users\\ops.cardoso\\AppData\\Local\\Temp\\office-4333.tmp"}
{"UtcTime":"2026-08-12 10:52:14.000","Computer":"TN-FIN-WS042","User":"TRANSNORTE\\ops.cardoso","EventID":3,"Image":"C:\\Windows\\System32\\RuntimeBroker.exe","ProcessGuid":"{69CAC47E-21CA-2026-DEAF-2AB846CE5D7A}","ProcessId":8992,"DestinationIp":"10.50.10.10","DestinationPort":8080,"SourceIp":"10.50.10.42","Protocol":"tcp"}
{"UtcTime":"2026-08-12 10:52:15.000","Computer":"TN-FIN-WS042","User":"TRANSNORTE\\backup_svc","EventID":3,"Image":"C:\\Program Files\\Google\\Chrome\\Application\\chrome.exe","ProcessGuid":"{1247A74A-67C6-2026-457A-4F4217BF37BE}","ProcessId":460,"DestinationIp":"10.50.10.10","DestinationPort":135,"SourceIp":"10.50.10.42","Protocol":"tcp"}
{"UtcTime":"2026-08-12 10:52:16.000","Computer":"TN-FIN-WS042","User":"TRANSNORTE\\ops.cardoso","EventID":5,"Image":"C:\\Program Files\\Microsoft Office\\Office16\\OUTLOOK.EXE","ProcessGuid":"{3AD4F9E3-5977-2026-DAFA-D3949A13FADF}","ProcessId":8194,"EventType":"End"}
{"UtcTime":"2026-08-12 10:52:17.000","Computer":"TN-FIN-WS042","User":"TRANSNORTE\\backup_svc","EventID":1,"Image":"C:\\Windows\\System32\\RuntimeBroker.exe","ProcessGuid":"{44EFBB75-C7AC-2026-67F2-D2F571F8B8DC}","ProcessId":4692,"CommandLine":"C:\\Windows\\System32\\RuntimeBroker.exe","ParentImage":"C:\\Windows\\System32\\services.exe","ParentProcessGuid":"{76F49073-F938-2026-7C54-36E4BFA7CCD2}","OriginalFileName":"C:\\Windows\\System32\\RuntimeBroker.exe","SHA256":"1170bbd604550f8fceb073afb12d601e0790d7ff63ac337ee3afcc16d865a980"}
{"UtcTime":"2026-08-12 10:52:18.000","Computer":"TN-FIN-WS042","User":"TRANSNORTE\\ops.cardoso","EventID":13,"Image":"C:\\Windows\\explorer.exe","ProcessGuid":"{D0683C3D-4908-2026-8E06-3962481CC7DF}","ProcessId":8391,"EventType":"SetValue","TargetObject":"HKCU\\Software\\Microsoft\\Office\\16.0\\Outlook\\Resiliency\\4338","Details":"1"}
{"UtcTime":"2026-08-12 10:52:19.000","Computer":"TN-FIN-WS042","User":"TRANSNORTE\\backup_svc","EventID":5,"Image":"C:\\Windows\\System32\\conhost.exe","ProcessGuid":"{21467813-A670-2026-149F-CDC3ED4B3815}","ProcessId":6585,"EventType":"End"}
{"UtcTime":"2026-08-12 10:52:20.000","Computer":"TN-FIN-WS042","User":"TRANSNORTE\\backup_svc","EventID":1,"Image":"C:\\Windows\\System32\\svchost.exe","ProcessGuid":"{5699F183-026A-2026-16E9-4426A7CD51F9}","ProcessId":735,"CommandLine":"C:\\Windows\\System32\\svchost.exe","ParentImage":"C:\\Windows\\System32\\services.exe","ParentProcessGuid":"{0ECD7B6E-A122-2026-DFD1-6B26F40D2DB4}","OriginalFileName":"C:\\Windows\\System32\\svchost.exe","SHA256":"4d38a1495d61aa133c4e0b67eadde84ac71026349168563b3753034140692d65"}
{"UtcTime":"2026-08-12 10:52:21.000","Computer":"TN-FIN-WS042","User":"TRANSNORTE\\ops.cardoso","EventID":11,"Image":"C:\\Program Files\\Google\\Chrome\\Application\\chrome.exe","ProcessGuid":"{7DE32437-9896-2026-1947-BD3910EB2312}","ProcessId":7788,"TargetFilename":"C:\\Users\\ops.cardoso\\AppData\\Local\\Temp\\office-4341.tmp"}
{"UtcTime":"2026-08-12 10:52:22.000","Computer":"TN-FIN-WS042","User":"TRANSNORTE\\ops.cardoso","EventID":5,"Image":"C:\\Windows\\explorer.exe","ProcessGuid":"{6F07ECE3-AD08-2026-C738-10B770A215DF}","ProcessId":4865,"EventType":"End"}
{"UtcTime":"2026-08-12 10:52:23.000","Computer":"TN-FIN-WS042","User":"TRANSNORTE\\ops.cardoso","EventID":11,"Image":"C:\\Windows\\System32\\RuntimeBroker.exe","ProcessGuid":"{B8C9699B-5754-2026-F96D-98D73D2ECF84}","ProcessId":3205,"TargetFilename":"C:\\Users\\ops.cardoso\\AppData\\Local\\Temp\\office-4343.tmp"}
{"UtcTime":"2026-08-12 10:52:24.000","Computer":"TN-FIN-WS042","User":"TRANSNORTE\\backup_svc","EventID":1,"Image":"C:\\Windows\\System32\\conhost.exe","ProcessGuid":"{D78BE20E-2555-2026-10BD-91371558345F}","ProcessId":489,"CommandLine":"C:\\Windows\\System32\\conhost.exe","ParentImage":"C:\\Windows\\System32\\services.exe","ParentProcessGuid":"{71401889-35F3-2026-FB41-26BC6323AA6E}","OriginalFileName":"C:\\Windows\\System32\\conhost.exe","SHA256":"6b974b510ccbbc256e44522f751a7873186b22ccc533da6b857e9a91a1029cc0"}
{"UtcTime":"2026-08-12 10:52:25.000","Computer":"TN-FIN-WS042","User":"TRANSNORTE\\backup_svc","EventID":5,"Image":"C:\\Windows\\System32\\conhost.exe","ProcessGuid":"{C3BA2B7B-CFDE-2026-6DC2-9BF3B4BB3464}","ProcessId":4841,"EventType":"End"}
{"UtcTime":"2026-08-12 10:52:26.000","Computer":"TN-FIN-WS042","User":"TRANSNORTE\\ops.cardoso","EventID":3,"Image":"C:\\Windows\\System32\\conhost.exe","ProcessGuid":"{38871E1F-5849-2026-5F67-9784F381BB33}","ProcessId":5488,"DestinationIp":"8.8.8.8","DestinationPort":53,"SourceIp":"10.50.10.42","Protocol":"tcp"}
{"UtcTime":"2026-08-12 10:52:27.000","Computer":"TN-FIN-WS042","User":"TRANSNORTE\\ops.cardoso","EventID":1,"Image":"C:\\Windows\\System32\\RuntimeBroker.exe","ProcessGuid":"{08B999E2-6047-2026-224E-17A1F3F403DB}","ProcessId":4565,"CommandLine":"C:\\Windows\\System32\\RuntimeBroker.exe","ParentImage":"C:\\Windows\\System32\\services.exe","ParentProcessGuid":"{0CBDD7F3-E501-2026-53E9-049AA34CFFE9}","OriginalFileName":"C:\\Windows\\System32\\RuntimeBroker.exe","SHA256":"f860f7f4dd3223dc8b755bd05437eb0c4bdbb994578553da3845cd7e0bc0650e"}
{"UtcTime":"2026-08-12 10:52:28.000","Computer":"TN-FIN-WS042","User":"TRANSNORTE\\backup_svc","EventID":1,"Image":"C:\\Windows\\System32\\RuntimeBroker.exe","ProcessGuid":"{22C18CC4-0E9B-2026-4517-CD2F654DF727}","ProcessId":7577,"CommandLine":"C:\\Windows\\System32\\RuntimeBroker.exe","ParentImage":"C:\\Windows\\System32\\services.exe","ParentProcessGuid":"{91F701A5-8E93-2026-516B-ADB8BEF6F19B}","OriginalFileName":"C:\\Windows\\System32\\RuntimeBroker.exe","SHA256":"8222917f909bf906c3f2754a2913eb9148036d41b9d813c144fad46da2d71a9c"}
{"UtcTime":"2026-08-12 10:52:29.000","Computer":"TN-FIN-WS042","User":"TRANSNORTE\\backup_svc","EventID":5,"Image":"C:\\Windows\\System32\\RuntimeBroker.exe","ProcessGuid":"{1D804FEE-8C73-2026-4975-674563EF11F0}","ProcessId":493,"EventType":"End"}
{"UtcTime":"2026-08-12 10:52:30.000","Computer":"TN-FIN-WS042","User":"TRANSNORTE\\backup_svc","EventID":1,"Image":"C:\\Windows\\System32\\RuntimeBroker.exe","ProcessGuid":"{90270ACC-B25D-2026-8F60-C150DF3B406C}","ProcessId":7154,"CommandLine":"C:\\Windows\\System32\\RuntimeBroker.exe","ParentImage":"C:\\Windows\\System32\\services.exe","ParentProcessGuid":"{B73C3593-285C-2026-3F52-2D30BB31092E}","OriginalFileName":"C:\\Windows\\System32\\RuntimeBroker.exe","SHA256":"ca365b95a703f3447f0c10fa6900c8d6d72e03fd5af8aa7166963a297cf609b8"}
{"UtcTime":"2026-08-12 10:52:31.000","Computer":"TN-FIN-WS042","User":"TRANSNORTE\\backup_svc","EventID":1,"Image":"C:\\Windows\\explorer.exe","ProcessGuid":"{672D9D5D-99ED-2026-FC2F-0C0FA366ED15}","ProcessId":6341,"CommandLine":"C:\\Windows\\explorer.exe","ParentImage":"C:\\Windows\\System32\\services.exe","ParentProcessGuid":"{AAE80DB8-8CFB-2026-E767-7B86F6829B73}","OriginalFileName":"C:\\Windows\\explorer.exe","SHA256":"ae148a4763821f50a8ed0d05331ed2f2177be77e2bea331a70e41b52c026ed0f"}
{"UtcTime":"2026-08-12 10:52:32.000","Computer":"TN-FIN-WS042","User":"TRANSNORTE\\ops.cardoso","EventID":1,"Image":"C:\\Program Files\\Google\\Chrome\\Application\\chrome.exe","ProcessGuid":"{295AD2F7-E890-2026-B95A-65AB5463529E}","ProcessId":4316,"CommandLine":"C:\\Program Files\\Google\\Chrome\\Application\\chrome.exe","ParentImage":"C:\\Windows\\System32\\services.exe","ParentProcessGuid":"{0D78719C-5F5B-2026-DAF9-09175F058220}","OriginalFileName":"C:\\Program Files\\Google\\Chrome\\Application\\chrome.exe","SHA256":"056b8a4b0d982e4c9266dba634d42acd3da7440c3dcc75c93c086ddfdfb01775"}
{"UtcTime":"2026-08-12 10:52:33.000","Computer":"TN-FIN-WS042","User":"TRANSNORTE\\ops.cardoso","EventID":1,"Image":"C:\\Windows\\System32\\conhost.exe","ProcessGuid":"{7CFB4A4D-9376-2026-2F2F-16793184CA6F}","ProcessId":8538,"CommandLine":"C:\\Windows\\System32\\conhost.exe","ParentImage":"C:\\Windows\\System32\\services.exe","ParentProcessGuid":"{73F5482A-06CC-2026-897F-14A37EC34769}","OriginalFileName":"C:\\Windows\\System32\\conhost.exe","SHA256":"2f9bd221c03a9625aec581ad0d1c71f2f9338195a2ac362451e5b7857b7d47e0"}
{"UtcTime":"2026-08-12 10:52:34.000","Computer":"TN-FIN-WS042","User":"TRANSNORTE\\backup_svc","EventID":1,"Image":"C:\\Program Files\\Microsoft Office\\Office16\\OUTLOOK.EXE","ProcessGuid":"{A1F17F37-0BBB-2026-0968-67CFCBB7D2D2}","ProcessId":1512,"CommandLine":"C:\\Program Files\\Microsoft Office\\Office16\\OUTLOOK.EXE","ParentImage":"C:\\Windows\\System32\\services.exe","ParentProcessGuid":"{7C4AD8BC-4A2C-2026-5B74-7D6B9452D90F}","OriginalFileName":"C:\\Program Files\\Microsoft Office\\Office16\\OUTLOOK.EXE","SHA256":"339442eec20ee0840817d10afd71bfc0f0a5a615d8893f3c5ba40e5bb0b86e35"}
{"UtcTime":"2026-08-12 10:52:35.000","Computer":"TN-FIN-WS042","User":"TRANSNORTE\\backup_svc","EventID":1,"Image":"C:\\Windows\\System32\\svchost.exe","ProcessGuid":"{7A4FB716-3F3D-2026-6D06-F0918EBB8E40}","ProcessId":5252,"CommandLine":"C:\\Windows\\System32\\svchost.exe","ParentImage":"C:\\Windows\\System32\\services.exe","ParentProcessGuid":"{C3034790-86A8-2026-8ABE-7DA09368219E}","OriginalFileName":"C:\\Windows\\System32\\svchost.exe","SHA256":"687d6b649aa2633bc61fe8c877d37af4f9163337b90fdeb586c7b2dfaf2b19ba"}
{"UtcTime":"2026-08-12 10:52:36.000","Computer":"TN-FIN-WS042","User":"TRANSNORTE\\ops.cardoso","EventID":1,"Image":"C:\\Program Files\\Microsoft Office\\Office16\\OUTLOOK.EXE","ProcessGuid":"{71AA7ADA-A78A-2026-6A9B-7B1EEEDCBCF8}","ProcessId":2595,"CommandLine":"C:\\Program Files\\Microsoft Office\\Office16\\OUTLOOK.EXE","ParentImage":"C:\\Windows\\System32\\services.exe","ParentProcessGuid":"{509B7B04-12D6-2026-C241-F4DD4D01497E}","OriginalFileName":"C:\\Program Files\\Microsoft Office\\Office16\\OUTLOOK.EXE","SHA256":"1d35e53b361c21ae529008b129ef7fab750bbb045e998635ed06cece2f34f47b"}
{"UtcTime":"2026-08-12 10:52:37.000","Computer":"TN-FIN-WS042","User":"TRANSNORTE\\ops.cardoso","EventID":11,"Image":"C:\\Windows\\System32\\RuntimeBroker.exe","ProcessGuid":"{E32BD943-3650-2026-9850-8B30A6568EA6}","ProcessId":2067,"TargetFilename":"C:\\Users\\ops.cardoso\\AppData\\Local\\Temp\\office-4357.tmp"}
{"UtcTime":"2026-08-12 10:52:38.000","Computer":"TN-FIN-WS042","User":"TRANSNORTE\\ops.cardoso","EventID":1,"Image":"C:\\Program Files\\Google\\Chrome\\Application\\chrome.exe","ProcessGuid":"{73B40BC7-18BA-2026-8A71-4A688D3F8685}","ProcessId":7615,"CommandLine":"C:\\Program Files\\Google\\Chrome\\Application\\chrome.exe","ParentImage":"C:\\Windows\\System32\\services.exe","ParentProcessGuid":"{3E91C9C7-65DB-2026-2789-020827B37271}","OriginalFileName":"C:\\Program Files\\Google\\Chrome\\Application\\chrome.exe","SHA256":"bc48e95970516b9300f57f5f9300f81604baf1980d7940882a5bed92cd5078e5"}
{"UtcTime":"2026-08-12 10:52:39.000","Computer":"TN-FIN-WS042","User":"TRANSNORTE\\ops.cardoso","EventID":11,"Image":"C:\\Windows\\System32\\RuntimeBroker.exe","ProcessGuid":"{F93BB1BE-B00B-2026-B6D8-CBD3AD415952}","ProcessId":1051,"TargetFilename":"C:\\Users\\ops.cardoso\\AppData\\Local\\Temp\\office-4359.tmp"}
{"UtcTime":"2026-08-12 10:52:40.000","Computer":"TN-FIN-WS042","User":"TRANSNORTE\\backup_svc","EventID":13,"Image":"C:\\Program Files\\Google\\Chrome\\Application\\chrome.exe","ProcessGuid":"{F34B938A-FB4C-2026-60F0-BB5374922021}","ProcessId":3621,"EventType":"SetValue","TargetObject":"HKCU\\Software\\Microsoft\\Office\\16.0\\Outlook\\Resiliency\\4360","Details":"1"}
{"UtcTime":"2026-08-12 10:52:41.000","Computer":"TN-FIN-WS042","User":"TRANSNORTE\\ops.cardoso","EventID":1,"Image":"C:\\Windows\\System32\\conhost.exe","ProcessGuid":"{B0372798-35AD-2026-F873-3D5AE27EC0F9}","ProcessId":6610,"CommandLine":"C:\\Windows\\System32\\conhost.exe","ParentImage":"C:\\Windows\\System32\\services.exe","ParentProcessGuid":"{D61FC454-F055-2026-E78D-9D41EB63A4DE}","OriginalFileName":"C:\\Windows\\System32\\conhost.exe","SHA256":"79ae70cb5abbdf952831850d4c6a03ddb6a7af796bb7e1e6782b6c4e52a5a825"}
{"UtcTime":"2026-08-12 10:52:42.000","Computer":"TN-FIN-WS042","User":"TRANSNORTE\\backup_svc","EventID":5,"Image":"C:\\Windows\\explorer.exe","ProcessGuid":"{1D8EDE99-B044-2026-7DF8-C94F85852F30}","ProcessId":1322,"EventType":"End"}
{"UtcTime":"2026-08-12 10:52:43.000","Computer":"TN-FIN-WS042","User":"TRANSNORTE\\backup_svc","EventID":13,"Image":"C:\\Windows\\System32\\conhost.exe","ProcessGuid":"{AC8C2DC0-A78F-2026-65DF-0388F93B3A11}","ProcessId":5543,"EventType":"SetValue","TargetObject":"HKCU\\Software\\Microsoft\\Office\\16.0\\Outlook\\Resiliency\\4363","Details":"1"}
{"UtcTime":"2026-08-12 10:52:44.000","Computer":"TN-FIN-WS042","User":"TRANSNORTE\\backup_svc","EventID":13,"Image":"C:\\Program Files\\Microsoft Office\\Office16\\OUTLOOK.EXE","ProcessGuid":"{F47C9A0F-271D-2026-211D-8C832F168259}","ProcessId":7321,"EventType":"SetValue","TargetObject":"HKCU\\Software\\Microsoft\\Office\\16.0\\Outlook\\Resiliency\\4364","Details":"1"}
{"UtcTime":"2026-08-12 10:52:45.000","Computer":"TN-FIN-WS042","User":"TRANSNORTE\\backup_svc","EventID":1,"Image":"C:\\Windows\\explorer.exe","ProcessGuid":"{C5AD19E0-FDCC-2026-B1CD-8C01941E80FD}","ProcessId":2600,"CommandLine":"C:\\Windows\\explorer.exe","ParentImage":"C:\\Windows\\System32\\services.exe","ParentProcessGuid":"{73EEC14A-5325-2026-862C-997A8BCD5BC1}","OriginalFileName":"C:\\Windows\\explorer.exe","SHA256":"41e63eafa5e959d21d719483ac2bb35c4f22d547b89dcc2be9933cce71f3ea45"}
{"UtcTime":"2026-08-12 10:52:46.000","Computer":"TN-FIN-WS042","User":"TRANSNORTE\\backup_svc","EventID":1,"Image":"C:\\Windows\\System32\\conhost.exe","ProcessGuid":"{ADC830B8-AB25-2026-569E-76B5F9833D4C}","ProcessId":3812,"CommandLine":"C:\\Windows\\System32\\conhost.exe","ParentImage":"C:\\Windows\\System32\\services.exe","ParentProcessGuid":"{22346A0C-C819-2026-BC50-02E1D3B581FE}","OriginalFileName":"C:\\Windows\\System32\\conhost.exe","SHA256":"00fea379779051e61c05fed70f17512ef6ec1eb76d56aad31914ab7deec932c2"}
{"UtcTime":"2026-08-12 10:52:47.000","Computer":"TN-FIN-WS042","User":"TRANSNORTE\\backup_svc","EventID":3,"Image":"C:\\Windows\\System32\\svchost.exe","ProcessGuid":"{732DEF56-288F-2026-CD51-114FC9DC4AB5}","ProcessId":2730,"DestinationIp":"8.8.8.8","DestinationPort":135,"SourceIp":"10.50.10.42","Protocol":"tcp"}
{"UtcTime":"2026-08-12 10:52:48.000","Computer":"TN-FIN-WS042","User":"TRANSNORTE\\backup_svc","EventID":11,"Image":"C:\\Windows\\System32\\svchost.exe","ProcessGuid":"{811B0E3E-AAF9-2026-DDAD-A6735EE8586F}","ProcessId":6153,"TargetFilename":"C:\\Users\\ops.cardoso\\AppData\\Local\\Temp\\office-4368.tmp"}
{"UtcTime":"2026-08-12 10:52:49.000","Computer":"TN-FIN-WS042","User":"TRANSNORTE\\ops.cardoso","EventID":1,"Image":"C:\\Program Files\\Microsoft Office\\Office16\\OUTLOOK.EXE","ProcessGuid":"{0F0B5351-F2D1-2026-6322-4E0379E318EA}","ProcessId":2397,"CommandLine":"C:\\Program Files\\Microsoft Office\\Office16\\OUTLOOK.EXE","ParentImage":"C:\\Windows\\System32\\services.exe","ParentProcessGuid":"{4ADE47B1-BDF2-2026-9A1F-A839714135CF}","OriginalFileName":"C:\\Program Files\\Microsoft Office\\Office16\\OUTLOOK.EXE","SHA256":"9f176dc1f668ce5fd2872ea8ec1930952001b1fdbd0514d2bf2297213d3522b7"}
{"UtcTime":"2026-08-12 10:52:50.000","Computer":"TN-FIN-WS042","User":"TRANSNORTE\\ops.cardoso","EventID":1,"Image":"C:\\Windows\\System32\\RuntimeBroker.exe","ProcessGuid":"{2C51944B-88A0-2026-14B2-557E302F181C}","ProcessId":5828,"CommandLine":"C:\\Windows\\System32\\RuntimeBroker.exe","ParentImage":"C:\\Windows\\System32\\services.exe","ParentProcessGuid":"{FF85D972-E97D-2026-3C4F-C9E86D8BD202}","OriginalFileName":"C:\\Windows\\System32\\RuntimeBroker.exe","SHA256":"628de7201f878014f89a0947ebdfbdf90357ee616b1ec264733452e435617c32"}
{"UtcTime":"2026-08-12 10:52:51.000","Computer":"TN-FIN-WS042","User":"TRANSNORTE\\ops.cardoso","EventID":11,"Image":"C:\\Program Files\\Microsoft Office\\Office16\\OUTLOOK.EXE","ProcessGuid":"{4B528E4D-6C21-2026-A350-41769FDF04B2}","ProcessId":1088,"TargetFilename":"C:\\Users\\ops.cardoso\\AppData\\Local\\Temp\\office-4371.tmp"}
{"UtcTime":"2026-08-12 10:52:52.000","Computer":"TN-FIN-WS042","User":"TRANSNORTE\\ops.cardoso","EventID":1,"Image":"C:\\Windows\\System32\\conhost.exe","ProcessGuid":"{4DF4A253-EE27-2026-0A22-4CED4721B7E7}","ProcessId":1193,"CommandLine":"C:\\Windows\\System32\\conhost.exe","ParentImage":"C:\\Windows\\System32\\services.exe","ParentProcessGuid":"{16A504AB-4156-2026-B234-C7F38729219B}","OriginalFileName":"C:\\Windows\\System32\\conhost.exe","SHA256":"f36fca96b59133285f1e884198dc0d3368baeee60c106e2070c1c855e2952038"}
{"UtcTime":"2026-08-12 10:52:53.000","Computer":"TN-FIN-WS042","User":"TRANSNORTE\\backup_svc","EventID":1,"Image":"C:\\Windows\\System32\\conhost.exe","ProcessGuid":"{4BB00E84-F69B-2026-A014-53DA3B63565C}","ProcessId":8319,"CommandLine":"C:\\Windows\\System32\\conhost.exe","ParentImage":"C:\\Windows\\System32\\services.exe","ParentProcessGuid":"{69B875DE-D551-2026-D30D-40276BE855F6}","OriginalFileName":"C:\\Windows\\System32\\conhost.exe","SHA256":"1c81b23054e8248fd8a000d6af3fb617df940d80f7c12325e7a843c7809012b6"}
{"UtcTime":"2026-08-12 10:52:54.000","Computer":"TN-FIN-WS042","User":"TRANSNORTE\\backup_svc","EventID":1,"Image":"C:\\Windows\\System32\\svchost.exe","ProcessGuid":"{939E1E6F-D59F-2026-61DD-112783B4799F}","ProcessId":7156,"CommandLine":"C:\\Windows\\System32\\svchost.exe","ParentImage":"C:\\Windows\\System32\\services.exe","ParentProcessGuid":"{3B670206-DD86-2026-1ABC-93E64F1D7C14}","OriginalFileName":"C:\\Windows\\System32\\svchost.exe","SHA256":"d74dce74c6fdec10aaf48ddc6f2629e6cf9e3f291b31846bd93605b418f90748"}
{"UtcTime":"2026-08-12 10:52:55.000","Computer":"TN-FIN-WS042","User":"TRANSNORTE\\ops.cardoso","EventID":1,"Image":"C:\\Program Files\\Microsoft Office\\Office16\\OUTLOOK.EXE","ProcessGuid":"{2415B1DF-4FE2-2026-D318-CD75FE061362}","ProcessId":3170,"CommandLine":"C:\\Program Files\\Microsoft Office\\Office16\\OUTLOOK.EXE","ParentImage":"C:\\Windows\\System32\\services.exe","ParentProcessGuid":"{6620081D-9131-2026-8926-2FCD02138749}","OriginalFileName":"C:\\Program Files\\Microsoft Office\\Office16\\OUTLOOK.EXE","SHA256":"ea619fa87f10f9506e1312c3fcda89c55b4461b1934bcecc68fcc05b84733d26"}
{"UtcTime":"2026-08-12 10:52:56.000","Computer":"TN-FIN-WS042","User":"TRANSNORTE\\ops.cardoso","EventID":1,"Image":"C:\\Windows\\System32\\svchost.exe","ProcessGuid":"{3121EA09-5B20-2026-6AB3-A4F9B1A07E48}","ProcessId":7922,"CommandLine":"C:\\Windows\\System32\\svchost.exe","ParentImage":"C:\\Windows\\System32\\services.exe","ParentProcessGuid":"{3E9F56F1-FFD4-2026-F3C4-88612B562B1D}","OriginalFileName":"C:\\Windows\\System32\\svchost.exe","SHA256":"bfdc105b50e42215548d03a19d393a93ddfd254d2df4bf95f1697d25626d3783"}
{"UtcTime":"2026-08-12 10:52:57.000","Computer":"TN-FIN-WS042","User":"TRANSNORTE\\backup_svc","EventID":1,"Image":"C:\\Program Files\\Microsoft Office\\Office16\\OUTLOOK.EXE","ProcessGuid":"{9EFFC617-2B8A-2026-9C40-796ED96BDCD3}","ProcessId":4217,"CommandLine":"C:\\Program Files\\Microsoft Office\\Office16\\OUTLOOK.EXE","ParentImage":"C:\\Windows\\System32\\services.exe","ParentProcessGuid":"{8A08E2CF-F4C9-2026-52EE-69CB476BABDE}","OriginalFileName":"C:\\Program Files\\Microsoft Office\\Office16\\OUTLOOK.EXE","SHA256":"2451e482036e2a52f8f8310db57b7cb585abe70f45d24abadf81ba127b758f43"}
{"UtcTime":"2026-08-12 10:52:58.000","Computer":"TN-FIN-WS042","User":"TRANSNORTE\\ops.cardoso","EventID":11,"Image":"C:\\Program Files\\Microsoft Office\\Office16\\OUTLOOK.EXE","ProcessGuid":"{DA4EDB63-0661-2026-3A5C-AEE8828380EC}","ProcessId":4000,"TargetFilename":"C:\\Users\\ops.cardoso\\AppData\\Local\\Temp\\office-4378.tmp"}
{"UtcTime":"2026-08-12 10:52:59.000","Computer":"TN-FIN-WS042","User":"TRANSNORTE\\backup_svc","EventID":11,"Image":"C:\\Windows\\System32\\RuntimeBroker.exe","ProcessGuid":"{86F4D86E-DA4F-2026-7296-8C93639AF9F8}","ProcessId":8653,"TargetFilename":"C:\\Users\\ops.cardoso\\AppData\\Local\\Temp\\office-4379.tmp"}
{"UtcTime":"2026-08-12 10:53:00.000","Computer":"TN-FIN-WS042","User":"TRANSNORTE\\backup_svc","EventID":5,"Image":"C:\\Windows\\System32\\conhost.exe","ProcessGuid":"{2FFB4B82-0275-2026-4761-D440B8D6D898}","ProcessId":7557,"EventType":"End"}
{"UtcTime":"2026-08-12 10:53:01.000","Computer":"TN-FIN-WS042","User":"TRANSNORTE\\backup_svc","EventID":1,"Image":"C:\\Windows\\explorer.exe","ProcessGuid":"{394B679D-7123-2026-55B6-C74604AE761D}","ProcessId":6099,"CommandLine":"C:\\Windows\\explorer.exe","ParentImage":"C:\\Windows\\System32\\services.exe","ParentProcessGuid":"{1FBCB443-EB0E-2026-CBEB-CEF475567E89}","OriginalFileName":"C:\\Windows\\explorer.exe","SHA256":"4b5ee456a5af456e53083adc8e1d59722e5bdd50cb4d4e1a3fb71b3c3b1bdc0f"}
{"UtcTime":"2026-08-12 10:53:02.000","Computer":"TN-FIN-WS042","User":"TRANSNORTE\\backup_svc","EventID":1,"Image":"C:\\Program Files\\Microsoft Office\\Office16\\OUTLOOK.EXE","ProcessGuid":"{343BDD29-B3CD-2026-C563-F7007AB324A3}","ProcessId":786,"CommandLine":"C:\\Program Files\\Microsoft Office\\Office16\\OUTLOOK.EXE","ParentImage":"C:\\Windows\\System32\\services.exe","ParentProcessGuid":"{E71A13CC-A49C-2026-44B3-B1AE5EE080E2}","OriginalFileName":"C:\\Program Files\\Microsoft Office\\Office16\\OUTLOOK.EXE","SHA256":"a110f3988a3a4d66c58548d5f4a5043624b96a23ebf87fe2ba377ee8ec6c7218"}
{"UtcTime":"2026-08-12 10:53:03.000","Computer":"TN-FIN-WS042","User":"TRANSNORTE\\ops.cardoso","EventID":5,"Image":"C:\\Windows\\System32\\svchost.exe","ProcessGuid":"{3C2A5879-852E-2026-F88D-0138154E86DB}","ProcessId":2929,"EventType":"End"}
{"UtcTime":"2026-08-12 10:53:04.000","Computer":"TN-FIN-WS042","User":"TRANSNORTE\\backup_svc","EventID":5,"Image":"C:\\Windows\\System32\\RuntimeBroker.exe","ProcessGuid":"{8C010F2D-E6B8-2026-541E-38211481BB51}","ProcessId":5111,"EventType":"End"}
{"UtcTime":"2026-08-12 10:53:05.000","Computer":"TN-FIN-WS042","User":"TRANSNORTE\\backup_svc","EventID":1,"Image":"C:\\Windows\\System32\\conhost.exe","ProcessGuid":"{3574A41C-4D66-2026-941E-9FFD38DD8207}","ProcessId":8424,"CommandLine":"C:\\Windows\\System32\\conhost.exe","ParentImage":"C:\\Windows\\System32\\services.exe","ParentProcessGuid":"{A514CB29-996A-2026-17DA-19F3EDCE7EAF}","OriginalFileName":"C:\\Windows\\System32\\conhost.exe","SHA256":"475e25ecae8fb90ab79551991455e5fe2fb4d4f5e7e4ab8f1d189fe5cf17b5ed"}
{"UtcTime":"2026-08-12 10:53:06.000","Computer":"TN-FIN-WS042","User":"TRANSNORTE\\ops.cardoso","EventID":13,"Image":"C:\\Windows\\explorer.exe","ProcessGuid":"{252ABCDF-66A7-2026-3221-D1A82534672B}","ProcessId":1167,"EventType":"SetValue","TargetObject":"HKCU\\Software\\Microsoft\\Office\\16.0\\Outlook\\Resiliency\\4386","Details":"1"}
{"UtcTime":"2026-08-12 10:53:07.000","Computer":"TN-FIN-WS042","User":"TRANSNORTE\\backup_svc","EventID":1,"Image":"C:\\Windows\\System32\\RuntimeBroker.exe","ProcessGuid":"{C2581A97-D901-2026-958B-B44E2AAE429A}","ProcessId":3785,"CommandLine":"C:\\Windows\\System32\\RuntimeBroker.exe","ParentImage":"C:\\Windows\\System32\\services.exe","ParentProcessGuid":"{DA5913E1-614A-2026-1EF3-B33B10EA6C24}","OriginalFileName":"C:\\Windows\\System32\\RuntimeBroker.exe","SHA256":"bf35d23956e4a381823f556f41e2fe2bb39f064d437eaacd535c5b2eba0de738"}
{"UtcTime":"2026-08-12 10:53:08.000","Computer":"TN-FIN-WS042","User":"TRANSNORTE\\backup_svc","EventID":3,"Image":"C:\\Windows\\System32\\svchost.exe","ProcessGuid":"{E7B75AA6-D5FB-2026-0657-81B7C694C4AE}","ProcessId":977,"DestinationIp":"1.1.1.1","DestinationPort":53,"SourceIp":"10.50.10.42","Protocol":"tcp"}
{"UtcTime":"2026-08-12 10:53:09.000","Computer":"TN-FIN-WS042","User":"TRANSNORTE\\backup_svc","EventID":1,"Image":"C:\\Windows\\System32\\conhost.exe","ProcessGuid":"{6F787E2A-2474-2026-625A-3CEF5BFA0BA7}","ProcessId":2775,"CommandLine":"C:\\Windows\\System32\\conhost.exe","ParentImage":"C:\\Windows\\System32\\services.exe","ParentProcessGuid":"{E11A38FB-34EB-2026-7216-8D061D040107}","OriginalFileName":"C:\\Windows\\System32\\conhost.exe","SHA256":"c8c3ac7487b1e195069a1e7d0145ca6bcc29b2a7ccfde0fc843812863056077f"}
{"UtcTime":"2026-08-12 10:53:10.000","Computer":"TN-FIN-WS042","User":"TRANSNORTE\\backup_svc","EventID":11,"Image":"C:\\Windows\\System32\\conhost.exe","ProcessGuid":"{1E681032-FA35-2026-EA6F-B3623D6ED387}","ProcessId":6719,"TargetFilename":"C:\\Users\\ops.cardoso\\AppData\\Local\\Temp\\office-4390.tmp"}
{"UtcTime":"2026-08-12 10:53:11.000","Computer":"TN-FIN-WS042","User":"TRANSNORTE\\backup_svc","EventID":11,"Image":"C:\\Program Files\\Microsoft Office\\Office16\\OUTLOOK.EXE","ProcessGuid":"{83185353-1E94-2026-E826-82252038EADC}","ProcessId":5701,"TargetFilename":"C:\\Users\\ops.cardoso\\AppData\\Local\\Temp\\office-4391.tmp"}
{"UtcTime":"2026-08-12 10:53:12.000","Computer":"TN-FIN-WS042","User":"TRANSNORTE\\backup_svc","EventID":11,"Image":"C:\\Windows\\explorer.exe","ProcessGuid":"{77EFBA31-7D4E-2026-E1DC-7C4FB327C9D8}","ProcessId":6851,"TargetFilename":"C:\\Users\\ops.cardoso\\AppData\\Local\\Temp\\office-4392.tmp"}
{"UtcTime":"2026-08-12 10:53:13.000","Computer":"TN-FIN-WS042","User":"TRANSNORTE\\backup_svc","EventID":1,"Image":"C:\\Program Files\\Google\\Chrome\\Application\\chrome.exe","ProcessGuid":"{98DE3A9F-7456-2026-1237-C6512895497A}","ProcessId":6337,"CommandLine":"C:\\Program Files\\Google\\Chrome\\Application\\chrome.exe","ParentImage":"C:\\Windows\\System32\\services.exe","ParentProcessGuid":"{248DCD0B-DFDE-2026-36A5-334D878AC0B3}","OriginalFileName":"C:\\Program Files\\Google\\Chrome\\Application\\chrome.exe","SHA256":"a68fa3b6f5870aadff9e3b1dcc090b9f9a9a6789ee080614ca91b276988c3a54"}
{"UtcTime":"2026-08-12 10:53:14.000","Computer":"TN-FIN-WS042","User":"TRANSNORTE\\ops.cardoso","EventID":1,"Image":"C:\\Windows\\System32\\svchost.exe","ProcessGuid":"{E272D50D-04D7-2026-464A-7B38B4D134CC}","ProcessId":5663,"CommandLine":"C:\\Windows\\System32\\svchost.exe","ParentImage":"C:\\Windows\\System32\\services.exe","ParentProcessGuid":"{D940A3C4-B58D-2026-13CC-1E41712E51E4}","OriginalFileName":"C:\\Windows\\System32\\svchost.exe","SHA256":"fd11ae0faa22094404c5bba000fe2f94387743f12c9658df49e5d9ce7e1c077f"}
{"UtcTime":"2026-08-12 10:53:15.000","Computer":"TN-FIN-WS042","User":"TRANSNORTE\\ops.cardoso","EventID":1,"Image":"C:\\Windows\\System32\\svchost.exe","ProcessGuid":"{32F7E41E-2149-2026-8D18-B90DC5ECEE67}","ProcessId":1989,"CommandLine":"C:\\Windows\\System32\\svchost.exe","ParentImage":"C:\\Windows\\System32\\services.exe","ParentProcessGuid":"{531ED00A-0BB5-2026-5302-937E26E8315F}","OriginalFileName":"C:\\Windows\\System32\\svchost.exe","SHA256":"867e88ca5f9419ddb866b9535f0bbab90f79e8928c01b4e45729c20f79966bce"}
{"UtcTime":"2026-08-12 10:53:16.000","Computer":"TN-FIN-WS042","User":"TRANSNORTE\\ops.cardoso","EventID":11,"Image":"C:\\Windows\\System32\\conhost.exe","ProcessGuid":"{1780325A-BE7E-2026-781F-A43EB5C8FC71}","ProcessId":7578,"TargetFilename":"C:\\Users\\ops.cardoso\\AppData\\Local\\Temp\\office-4396.tmp"}
{"UtcTime":"2026-08-12 10:53:17.000","Computer":"TN-FIN-WS042","User":"TRANSNORTE\\backup_svc","EventID":11,"Image":"C:\\Windows\\System32\\svchost.exe","ProcessGuid":"{96C8DF0C-F917-2026-3D0E-AF70BD3BA47C}","ProcessId":5367,"TargetFilename":"C:\\Users\\ops.cardoso\\AppData\\Local\\Temp\\office-4397.tmp"}
{"UtcTime":"2026-08-12 10:53:18.000","Computer":"TN-FIN-WS042","User":"TRANSNORTE\\backup_svc","EventID":1,"Image":"C:\\Windows\\System32\\RuntimeBroker.exe","ProcessGuid":"{3B97DE81-35D8-2026-6960-E6A6EAFE9AF4}","ProcessId":5085,"CommandLine":"C:\\Windows\\System32\\RuntimeBroker.exe","ParentImage":"C:\\Windows\\System32\\services.exe","ParentProcessGuid":"{D960F6FE-6555-2026-F14E-29189B9A7401}","OriginalFileName":"C:\\Windows\\System32\\RuntimeBroker.exe","SHA256":"6c8d5d62a187da361ceb763db3cd246526e8c03b8322d9730bd8df8c888e2700"}
{"UtcTime":"2026-08-12 10:53:19.000","Computer":"TN-FIN-WS042","User":"TRANSNORTE\\ops.cardoso","EventID":5,"Image":"C:\\Windows\\System32\\svchost.exe","ProcessGuid":"{716222FF-E604-2026-2FBC-F76ABCB4A189}","ProcessId":3305,"EventType":"End"}
{"UtcTime":"2026-08-12 10:53:20.000","Computer":"TN-FIN-WS042","User":"TRANSNORTE\\backup_svc","EventID":3,"Image":"C:\\Windows\\System32\\conhost.exe","ProcessGuid":"{E886E4A2-FE46-2026-787A-85A519E69218}","ProcessId":6531,"DestinationIp":"10.50.10.10","DestinationPort":8080,"SourceIp":"10.50.10.42","Protocol":"tcp"}
{"UtcTime":"2026-08-12 10:53:21.000","Computer":"TN-FIN-WS042","User":"TRANSNORTE\\backup_svc","EventID":1,"Image":"C:\\Program Files\\Microsoft Office\\Office16\\OUTLOOK.EXE","ProcessGuid":"{90F35F63-6A9E-2026-0511-A8612477480F}","ProcessId":3726,"CommandLine":"C:\\Program Files\\Microsoft Office\\Office16\\OUTLOOK.EXE","ParentImage":"C:\\Windows\\System32\\services.exe","ParentProcessGuid":"{241715C7-3BDA-2026-A0BB-7C977F60D91B}","OriginalFileName":"C:\\Program Files\\Microsoft Office\\Office16\\OUTLOOK.EXE","SHA256":"51b1cc7d3a6d8bd26e2499a8751447f346d54f9f7e92c9775f46a300729bd10f"}
{"UtcTime":"2026-08-12 10:53:22.000","Computer":"TN-FIN-WS042","User":"TRANSNORTE\\backup_svc","EventID":3,"Image":"C:\\Windows\\System32\\conhost.exe","ProcessGuid":"{9FEC3054-D622-2026-5945-57EE7EC3550E}","ProcessId":5800,"DestinationIp":"10.50.10.10","DestinationPort":8080,"SourceIp":"10.50.10.42","Protocol":"tcp"}
{"UtcTime":"2026-08-12 10:53:23.000","Computer":"TN-FIN-WS042","User":"TRANSNORTE\\backup_svc","EventID":1,"Image":"C:\\Windows\\explorer.exe","ProcessGuid":"{AAEB6118-CA93-2026-750F-34EA1D9D63D7}","ProcessId":8522,"CommandLine":"C:\\Windows\\explorer.exe","ParentImage":"C:\\Windows\\System32\\services.exe","ParentProcessGuid":"{A29F3617-322F-2026-4857-A64F93B3EB2A}","OriginalFileName":"C:\\Windows\\explorer.exe","SHA256":"cee922538f5d619e1aad6e7cd729b54fed8a3457838ea5c4c51e040502dec250"}
{"UtcTime":"2026-08-12 10:53:24.000","Computer":"TN-FIN-WS042","User":"TRANSNORTE\\backup_svc","EventID":11,"Image":"C:\\Program Files\\Microsoft Office\\Office16\\OUTLOOK.EXE","ProcessGuid":"{99ED9E85-2955-2026-7BBE-C47505E0287B}","ProcessId":7969,"TargetFilename":"C:\\Users\\ops.cardoso\\AppData\\Local\\Temp\\office-4404.tmp"}
{"UtcTime":"2026-08-12 10:53:25.000","Computer":"TN-FIN-WS042","User":"TRANSNORTE\\ops.cardoso","EventID":3,"Image":"C:\\Program Files\\Google\\Chrome\\Application\\chrome.exe","ProcessGuid":"{31B175D9-E76C-2026-2ADE-4E97D813A03C}","ProcessId":4299,"DestinationIp":"8.8.8.8","DestinationPort":443,"SourceIp":"10.50.10.42","Protocol":"tcp"}
{"UtcTime":"2026-08-12 10:53:26.000","Computer":"TN-FIN-WS042","User":"TRANSNORTE\\backup_svc","EventID":1,"Image":"C:\\Windows\\System32\\RuntimeBroker.exe","ProcessGuid":"{D35B93DF-E04F-2026-C71C-D295FEE975AF}","ProcessId":679,"CommandLine":"C:\\Windows\\System32\\RuntimeBroker.exe","ParentImage":"C:\\Windows\\System32\\services.exe","ParentProcessGuid":"{DDEACF54-C56E-2026-92D0-851BDF34F691}","OriginalFileName":"C:\\Windows\\System32\\RuntimeBroker.exe","SHA256":"47814de765e55977c13b09d168bd5363f5b1404faaec594b1a4b68d08e62597b"}
{"UtcTime":"2026-08-12 10:53:27.000","Computer":"TN-FIN-WS042","User":"TRANSNORTE\\backup_svc","EventID":1,"Image":"C:\\Program Files\\Microsoft Office\\Office16\\OUTLOOK.EXE","ProcessGuid":"{76B31288-6375-2026-D4FB-6D17B6532CCD}","ProcessId":8352,"CommandLine":"C:\\Program Files\\Microsoft Office\\Office16\\OUTLOOK.EXE","ParentImage":"C:\\Windows\\System32\\services.exe","ParentProcessGuid":"{35268C24-4F39-2026-46A7-1BFC79546E82}","OriginalFileName":"C:\\Program Files\\Microsoft Office\\Office16\\OUTLOOK.EXE","SHA256":"d92bf0fb40ae986ba7dcaa43d6f4e461c7ef3f1a7fc2a57537474af82d68f908"}
{"UtcTime":"2026-08-12 10:53:28.000","Computer":"TN-FIN-WS042","User":"TRANSNORTE\\backup_svc","EventID":13,"Image":"C:\\Program Files\\Google\\Chrome\\Application\\chrome.exe","ProcessGuid":"{F6E20374-6A49-2026-38FA-8965BBE33633}","ProcessId":5350,"EventType":"SetValue","TargetObject":"HKCU\\Software\\Microsoft\\Office\\16.0\\Outlook\\Resiliency\\4408","Details":"1"}
{"UtcTime":"2026-08-12 10:53:29.000","Computer":"TN-FIN-WS042","User":"TRANSNORTE\\ops.cardoso","EventID":1,"Image":"C:\\Windows\\System32\\svchost.exe","ProcessGuid":"{0A812B98-608E-2026-E522-CEF3B3996118}","ProcessId":8314,"CommandLine":"C:\\Windows\\System32\\svchost.exe","ParentImage":"C:\\Windows\\System32\\services.exe","ParentProcessGuid":"{5BB9D75F-EE87-2026-2423-0AA3257B3C5E}","OriginalFileName":"C:\\Windows\\System32\\svchost.exe","SHA256":"b6b73c5ba7d1cab58709d76933bddd2759caa604ecbb2a327d717306659e1887"}
{"UtcTime":"2026-08-12 10:53:30.000","Computer":"TN-FIN-WS042","User":"TRANSNORTE\\ops.cardoso","EventID":1,"Image":"C:\\Windows\\System32\\RuntimeBroker.exe","ProcessGuid":"{4356CD2B-5927-2026-8D69-1BC6D50EA958}","ProcessId":3948,"CommandLine":"C:\\Windows\\System32\\RuntimeBroker.exe","ParentImage":"C:\\Windows\\System32\\services.exe","ParentProcessGuid":"{CE405AB9-5A61-2026-20DF-AE9B08A0B5EC}","OriginalFileName":"C:\\Windows\\System32\\RuntimeBroker.exe","SHA256":"fac960a7672e446fb8c84e02afa886c657dbf615e5895c884db9503e2cdb7de8"}
{"UtcTime":"2026-08-12 10:53:31.000","Computer":"TN-FIN-WS042","User":"TRANSNORTE\\backup_svc","EventID":1,"Image":"C:\\Windows\\System32\\RuntimeBroker.exe","ProcessGuid":"{0C3D48AD-9D68-2026-2CDD-DD9DFC32EB8A}","ProcessId":3361,"CommandLine":"C:\\Windows\\System32\\RuntimeBroker.exe","ParentImage":"C:\\Windows\\System32\\services.exe","ParentProcessGuid":"{8179F5AA-A68E-2026-E52B-F37B2184C75C}","OriginalFileName":"C:\\Windows\\System32\\RuntimeBroker.exe","SHA256":"0812408ff6fd48880d868f4ed57d2f12528af0f9dbccf08b4387e4b478c0137f"}
{"UtcTime":"2026-08-12 10:53:32.000","Computer":"TN-FIN-WS042","User":"TRANSNORTE\\backup_svc","EventID":3,"Image":"C:\\Windows\\System32\\conhost.exe","ProcessGuid":"{7EB8FB24-DE0C-2026-A253-C90BF75C9D55}","ProcessId":6530,"DestinationIp":"1.1.1.1","DestinationPort":443,"SourceIp":"10.50.10.42","Protocol":"tcp"}
{"UtcTime":"2026-08-12 10:53:33.000","Computer":"TN-FIN-WS042","User":"TRANSNORTE\\ops.cardoso","EventID":1,"Image":"C:\\Windows\\explorer.exe","ProcessGuid":"{F877BC72-3552-2026-4C5D-F47AC43AB3B4}","ProcessId":5798,"CommandLine":"C:\\Windows\\explorer.exe","ParentImage":"C:\\Windows\\System32\\services.exe","ParentProcessGuid":"{1390037D-2F8C-2026-8DD4-EBD33A924D0C}","OriginalFileName":"C:\\Windows\\explorer.exe","SHA256":"4bb182d81be286355d983014206800699e9cb30f82ed57d8586df63be7e546cf"}
{"UtcTime":"2026-08-12 10:53:34.000","Computer":"TN-FIN-WS042","User":"TRANSNORTE\\backup_svc","EventID":13,"Image":"C:\\Program Files\\Microsoft Office\\Office16\\OUTLOOK.EXE","ProcessGuid":"{2CF0FBF5-7E37-2026-1F39-83AB06D957D5}","ProcessId":2197,"EventType":"SetValue","TargetObject":"HKCU\\Software\\Microsoft\\Office\\16.0\\Outlook\\Resiliency\\4414","Details":"1"}
{"UtcTime":"2026-08-12 10:53:35.000","Computer":"TN-FIN-WS042","User":"TRANSNORTE\\backup_svc","EventID":1,"Image":"C:\\Windows\\explorer.exe","ProcessGuid":"{1E57E24D-922B-2026-9267-94E1426F9AA2}","ProcessId":1583,"CommandLine":"C:\\Windows\\explorer.exe","ParentImage":"C:\\Windows\\System32\\services.exe","ParentProcessGuid":"{9E53A313-9642-2026-4792-F12F6A06C907}","OriginalFileName":"C:\\Windows\\explorer.exe","SHA256":"2c25bbe08ace954bae81810fc920be8e69102828916164cd72f7115040cd2921"}
{"UtcTime":"2026-08-12 10:53:36.000","Computer":"TN-FIN-WS042","User":"TRANSNORTE\\backup_svc","EventID":13,"Image":"C:\\Windows\\System32\\svchost.exe","ProcessGuid":"{6EFEC7E0-350D-2026-08F9-EEEA71C3F9C4}","ProcessId":1110,"EventType":"SetValue","TargetObject":"HKCU\\Software\\Microsoft\\Office\\16.0\\Outlook\\Resiliency\\4416","Details":"1"}
{"UtcTime":"2026-08-12 10:53:37.000","Computer":"TN-FIN-WS042","User":"TRANSNORTE\\ops.cardoso","EventID":13,"Image":"C:\\Windows\\System32\\RuntimeBroker.exe","ProcessGuid":"{CCC553A1-EB95-2026-1CCA-E62AECA2E1E2}","ProcessId":5872,"EventType":"SetValue","TargetObject":"HKCU\\Software\\Microsoft\\Office\\16.0\\Outlook\\Resiliency\\4417","Details":"1"}
{"UtcTime":"2026-08-12 10:53:38.000","Computer":"TN-FIN-WS042","User":"TRANSNORTE\\ops.cardoso","EventID":1,"Image":"C:\\Windows\\System32\\RuntimeBroker.exe","ProcessGuid":"{B83DB512-DD2D-2026-F024-4BB9348080B8}","ProcessId":7022,"CommandLine":"C:\\Windows\\System32\\RuntimeBroker.exe","ParentImage":"C:\\Windows\\System32\\services.exe","ParentProcessGuid":"{861203B8-7487-2026-D897-7C37ECD306CF}","OriginalFileName":"C:\\Windows\\System32\\RuntimeBroker.exe","SHA256":"3bb2efd7e779067f26a213a70d38bf499764c5b9f75ce8156c891cdd879708fc"}
{"UtcTime":"2026-08-12 10:53:39.000","Computer":"TN-FIN-WS042","User":"TRANSNORTE\\backup_svc","EventID":1,"Image":"C:\\Windows\\explorer.exe","ProcessGuid":"{9ABBEA64-6CD9-2026-AC1F-749E58214FD2}","ProcessId":2035,"CommandLine":"C:\\Windows\\explorer.exe","ParentImage":"C:\\Windows\\System32\\services.exe","ParentProcessGuid":"{BC09A794-8511-2026-5DD8-0A1D16B73C3E}","OriginalFileName":"C:\\Windows\\explorer.exe","SHA256":"03b6c14362dcf81541a886072c8f532c413f106463b6f7529319d3b7169f937a"}
{"UtcTime":"2026-08-12 10:53:40.000","Computer":"TN-FIN-WS042","User":"TRANSNORTE\\backup_svc","EventID":5,"Image":"C:\\Windows\\explorer.exe","ProcessGuid":"{EC7C9265-1D70-2026-C20A-C0C68EC667C1}","ProcessId":5417,"EventType":"End"}
{"UtcTime":"2026-08-12 10:53:41.000","Computer":"TN-FIN-WS042","User":"TRANSNORTE\\backup_svc","EventID":11,"Image":"C:\\Windows\\explorer.exe","ProcessGuid":"{CC3A50BF-E46E-2026-F479-E90490EEED69}","ProcessId":3911,"TargetFilename":"C:\\Users\\ops.cardoso\\AppData\\Local\\Temp\\office-4421.tmp"}
{"UtcTime":"2026-08-12 10:53:42.000","Computer":"TN-FIN-WS042","User":"TRANSNORTE\\backup_svc","EventID":5,"Image":"C:\\Windows\\System32\\RuntimeBroker.exe","ProcessGuid":"{0E682179-E9EB-2026-49AC-92FA025E813F}","ProcessId":6430,"EventType":"End"}
{"UtcTime":"2026-08-12 10:53:43.000","Computer":"TN-FIN-WS042","User":"TRANSNORTE\\ops.cardoso","EventID":1,"Image":"C:\\Windows\\System32\\svchost.exe","ProcessGuid":"{6EAE457C-3FDA-2026-D90F-00473E3B99E0}","ProcessId":1304,"CommandLine":"C:\\Windows\\System32\\svchost.exe","ParentImage":"C:\\Windows\\System32\\services.exe","ParentProcessGuid":"{D7523FCE-D7AC-2026-6433-5E44267DCD98}","OriginalFileName":"C:\\Windows\\System32\\svchost.exe","SHA256":"0c8c96d76e8d6e6d10c1662eb0572e607429f8ee9932a7767c96c45dd6e25e14"}
{"UtcTime":"2026-08-12 10:53:44.000","Computer":"TN-FIN-WS042","User":"TRANSNORTE\\backup_svc","EventID":1,"Image":"C:\\Program Files\\Google\\Chrome\\Application\\chrome.exe","ProcessGuid":"{1B06D04D-D17E-2026-B971-6D5F639E7CBF}","ProcessId":5039,"CommandLine":"C:\\Program Files\\Google\\Chrome\\Application\\chrome.exe","ParentImage":"C:\\Windows\\System32\\services.exe","ParentProcessGuid":"{16C274CA-B9D7-2026-5B29-E459DA24DA13}","OriginalFileName":"C:\\Program Files\\Google\\Chrome\\Application\\chrome.exe","SHA256":"aa4b936d1efcffa3931555e8753b39256ad07b0567566bc797f43788f5a1160f"}
{"UtcTime":"2026-08-12 10:53:45.000","Computer":"TN-FIN-WS042","User":"TRANSNORTE\\ops.cardoso","EventID":1,"Image":"C:\\Windows\\System32\\RuntimeBroker.exe","ProcessGuid":"{AD145DC8-A5EC-2026-F16F-D007011C1F5A}","ProcessId":1476,"CommandLine":"C:\\Windows\\System32\\RuntimeBroker.exe","ParentImage":"C:\\Windows\\System32\\services.exe","ParentProcessGuid":"{600E153B-EF6E-2026-0553-AEBBF4940E5B}","OriginalFileName":"C:\\Windows\\System32\\RuntimeBroker.exe","SHA256":"b59f01c08028afaee734105469fe3467db8e7d348324f8a4200dc1a81188d4a0"}
{"UtcTime":"2026-08-12 10:53:46.000","Computer":"TN-FIN-WS042","User":"TRANSNORTE\\backup_svc","EventID":1,"Image":"C:\\Windows\\System32\\svchost.exe","ProcessGuid":"{D13E6DE4-69B6-2026-7440-AA296D56FCDF}","ProcessId":1877,"CommandLine":"C:\\Windows\\System32\\svchost.exe","ParentImage":"C:\\Windows\\System32\\services.exe","ParentProcessGuid":"{6FDA5E3A-98BF-2026-4682-6B1417C96824}","OriginalFileName":"C:\\Windows\\System32\\svchost.exe","SHA256":"07a90b68b527adc7c2a74005fa40bf5fa5cf91520e5822a7ee5a4fc813b712ab"}
{"UtcTime":"2026-08-12 10:53:47.000","Computer":"TN-FIN-WS042","User":"TRANSNORTE\\ops.cardoso","EventID":5,"Image":"C:\\Windows\\System32\\RuntimeBroker.exe","ProcessGuid":"{7DA25AE7-6B39-2026-4C3F-C367B164BDF7}","ProcessId":4390,"EventType":"End"}
{"UtcTime":"2026-08-12 10:53:48.000","Computer":"TN-FIN-WS042","User":"TRANSNORTE\\backup_svc","EventID":1,"Image":"C:\\Program Files\\Microsoft Office\\Office16\\OUTLOOK.EXE","ProcessGuid":"{108FF434-8DFE-2026-742F-459F251B246A}","ProcessId":5608,"CommandLine":"C:\\Program Files\\Microsoft Office\\Office16\\OUTLOOK.EXE","ParentImage":"C:\\Windows\\System32\\services.exe","ParentProcessGuid":"{B13F0B40-F874-2026-39E0-5A641454C9CB}","OriginalFileName":"C:\\Program Files\\Microsoft Office\\Office16\\OUTLOOK.EXE","SHA256":"4399d8ec421325823352e21bc0911462ebdf1ade60b885dc10884aa6efc45216"}
{"UtcTime":"2026-08-12 10:53:49.000","Computer":"TN-FIN-WS042","User":"TRANSNORTE\\ops.cardoso","EventID":1,"Image":"C:\\Program Files\\Google\\Chrome\\Application\\chrome.exe","ProcessGuid":"{5DF86294-B6DC-2026-9F0D-297E6A2D1B18}","ProcessId":3508,"CommandLine":"C:\\Program Files\\Google\\Chrome\\Application\\chrome.exe","ParentImage":"C:\\Windows\\System32\\services.exe","ParentProcessGuid":"{F10088DB-3702-2026-75FB-8FA1C762CE53}","OriginalFileName":"C:\\Program Files\\Google\\Chrome\\Application\\chrome.exe","SHA256":"780f0eb9fd7ae373661c5077b00c044e2baf523be5b352a2069ee64277640f7b"}
{"UtcTime":"2026-08-12 10:53:50.000","Computer":"TN-FIN-WS042","User":"TRANSNORTE\\backup_svc","EventID":1,"Image":"C:\\Program Files\\Microsoft Office\\Office16\\OUTLOOK.EXE","ProcessGuid":"{EEE0F072-1158-2026-E4B0-1E5901B39CC2}","ProcessId":3343,"CommandLine":"C:\\Program Files\\Microsoft Office\\Office16\\OUTLOOK.EXE","ParentImage":"C:\\Windows\\System32\\services.exe","ParentProcessGuid":"{31C5E2A5-EBE9-2026-0B52-6F20F04431CB}","OriginalFileName":"C:\\Program Files\\Microsoft Office\\Office16\\OUTLOOK.EXE","SHA256":"00e258d6bec758e69624b4c736422cd67bbaf7ca147627239e1e2cd439772518"}
{"UtcTime":"2026-08-12 10:53:51.000","Computer":"TN-FIN-WS042","User":"TRANSNORTE\\backup_svc","EventID":1,"Image":"C:\\Windows\\System32\\svchost.exe","ProcessGuid":"{CF4E1F68-46DC-2026-CD3B-B28DEB18E431}","ProcessId":476,"CommandLine":"C:\\Windows\\System32\\svchost.exe","ParentImage":"C:\\Windows\\System32\\services.exe","ParentProcessGuid":"{532B03BF-73B5-2026-0C3F-0D93EEE9EB82}","OriginalFileName":"C:\\Windows\\System32\\svchost.exe","SHA256":"e38af6f6e925c127b33500e3c78b3ce6840d26dbeb6c3f9f2df4e0c94d4abefc"}
{"UtcTime":"2026-08-12 10:53:52.000","Computer":"TN-FIN-WS042","User":"TRANSNORTE\\backup_svc","EventID":1,"Image":"C:\\Windows\\explorer.exe","ProcessGuid":"{674B40B6-AA37-2026-40C5-C0FC91FF25C1}","ProcessId":2655,"CommandLine":"C:\\Windows\\explorer.exe","ParentImage":"C:\\Windows\\System32\\services.exe","ParentProcessGuid":"{9BBC16CC-B278-2026-0344-273104C3B940}","OriginalFileName":"C:\\Windows\\explorer.exe","SHA256":"3e62b9f8496f2ac41a6a23eb194286a79e9c43c401bd045c05624bd3a3359194"}
{"UtcTime":"2026-08-12 10:53:53.000","Computer":"TN-FIN-WS042","User":"TRANSNORTE\\backup_svc","EventID":5,"Image":"C:\\Windows\\System32\\conhost.exe","ProcessGuid":"{B29AFF2A-B7BE-2026-5DFF-836A56477781}","ProcessId":1052,"EventType":"End"}
{"UtcTime":"2026-08-12 10:53:54.000","Computer":"TN-FIN-WS042","User":"TRANSNORTE\\backup_svc","EventID":1,"Image":"C:\\Windows\\explorer.exe","ProcessGuid":"{E8AC8CBC-2B75-2026-711B-B3AB62685FC3}","ProcessId":8715,"CommandLine":"C:\\Windows\\explorer.exe","ParentImage":"C:\\Windows\\System32\\services.exe","ParentProcessGuid":"{A9186CFC-A3CA-2026-9964-EB5FBDA15440}","OriginalFileName":"C:\\Windows\\explorer.exe","SHA256":"1bc936afa635432b8fb2dc872831799d84de356105624771af64d40c419251fb"}
{"UtcTime":"2026-08-12 10:53:55.000","Computer":"TN-FIN-WS042","User":"TRANSNORTE\\backup_svc","EventID":1,"Image":"C:\\Windows\\System32\\conhost.exe","ProcessGuid":"{C45E15B8-95A7-2026-FA8A-D9C84F15469A}","ProcessId":4160,"CommandLine":"C:\\Windows\\System32\\conhost.exe","ParentImage":"C:\\Windows\\System32\\services.exe","ParentProcessGuid":"{17D6FAAC-2117-2026-3E83-0C2CAA82B8C1}","OriginalFileName":"C:\\Windows\\System32\\conhost.exe","SHA256":"11a8575bc58e2d2c8565d1280cc1302bb7ae9ff0c3654b404b28a716daefc7c5"}
{"UtcTime":"2026-08-12 10:53:56.000","Computer":"TN-FIN-WS042","User":"TRANSNORTE\\backup_svc","EventID":3,"Image":"C:\\Windows\\System32\\svchost.exe","ProcessGuid":"{CFD6EB29-F2F0-2026-DA87-5BC823248225}","ProcessId":2122,"DestinationIp":"1.1.1.1","DestinationPort":53,"SourceIp":"10.50.10.42","Protocol":"tcp"}
{"UtcTime":"2026-08-12 10:53:57.000","Computer":"TN-FIN-WS042","User":"TRANSNORTE\\ops.cardoso","EventID":1,"Image":"C:\\Program Files\\Google\\Chrome\\Application\\chrome.exe","ProcessGuid":"{19CF911A-E156-2026-6224-EDCABE0F26F5}","ProcessId":3739,"CommandLine":"C:\\Program Files\\Google\\Chrome\\Application\\chrome.exe","ParentImage":"C:\\Windows\\System32\\services.exe","ParentProcessGuid":"{C01FEE36-14C9-2026-02D7-45CE00ACB930}","OriginalFileName":"C:\\Program Files\\Google\\Chrome\\Application\\chrome.exe","SHA256":"753d10d7ae3cf563450c3e08685d1ebbcb9cc22ddc55f4bff75af1c90430a521"}
{"UtcTime":"2026-08-12 10:53:58.000","Computer":"TN-FIN-WS042","User":"TRANSNORTE\\backup_svc","EventID":1,"Image":"C:\\Windows\\System32\\conhost.exe","ProcessGuid":"{33343F42-31AA-2026-226E-3E30D5D6C0E7}","ProcessId":2748,"CommandLine":"C:\\Windows\\System32\\conhost.exe","ParentImage":"C:\\Windows\\System32\\services.exe","ParentProcessGuid":"{3CD83F36-612C-2026-71D0-D36CA815C82D}","OriginalFileName":"C:\\Windows\\System32\\conhost.exe","SHA256":"de1deac3c02efa5588db7980a567acc3d91da36446f89e870ccda21aad428cd1"}
{"UtcTime":"2026-08-12 10:53:59.000","Computer":"TN-FIN-WS042","User":"TRANSNORTE\\backup_svc","EventID":3,"Image":"C:\\Windows\\System32\\RuntimeBroker.exe","ProcessGuid":"{982312DE-8983-2026-999A-5B98B31E9FB2}","ProcessId":3318,"DestinationIp":"10.50.10.88","DestinationPort":135,"SourceIp":"10.50.10.42","Protocol":"tcp"}
{"UtcTime":"2026-08-12 10:54:00.000","Computer":"TN-FIN-WS042","User":"TRANSNORTE\\ops.cardoso","EventID":11,"Image":"C:\\Program Files\\Microsoft Office\\Office16\\OUTLOOK.EXE","ProcessGuid":"{9B1D0B1D-F5A7-2026-7AF1-8C5D046AC988}","ProcessId":950,"TargetFilename":"C:\\Users\\ops.cardoso\\AppData\\Local\\Temp\\office-4440.tmp"}
{"UtcTime":"2026-08-12 10:54:01.000","Computer":"TN-FIN-WS042","User":"TRANSNORTE\\backup_svc","EventID":1,"Image":"C:\\Windows\\explorer.exe","ProcessGuid":"{07B894E8-3A5C-2026-7812-6C45038A5CC8}","ProcessId":7961,"CommandLine":"C:\\Windows\\explorer.exe","ParentImage":"C:\\Windows\\System32\\services.exe","ParentProcessGuid":"{1E16692B-8D81-2026-EE77-FD6D282A7306}","OriginalFileName":"C:\\Windows\\explorer.exe","SHA256":"7172dad37084f603cc49ec9d9ff7a1025d2da59057591b19af2a690bd3a6ba91"}
{"UtcTime":"2026-08-12 10:54:02.000","Computer":"TN-FIN-WS042","User":"TRANSNORTE\\backup_svc","EventID":1,"Image":"C:\\Windows\\System32\\svchost.exe","ProcessGuid":"{9CCE0AB7-3D5B-2026-CAC5-EF427CD18860}","ProcessId":6677,"CommandLine":"C:\\Windows\\System32\\svchost.exe","ParentImage":"C:\\Windows\\System32\\services.exe","ParentProcessGuid":"{94950269-A9FF-2026-2692-7BABAEBFA87F}","OriginalFileName":"C:\\Windows\\System32\\svchost.exe","SHA256":"056e20a7e9057108c29cbbd046bc3b7b7dd1d141ee0cbcb108ae13d96444bacc"}
{"UtcTime":"2026-08-12 10:54:03.000","Computer":"TN-FIN-WS042","User":"TRANSNORTE\\backup_svc","EventID":5,"Image":"C:\\Program Files\\Google\\Chrome\\Application\\chrome.exe","ProcessGuid":"{87D14809-B401-2026-76DA-2A46839E949D}","ProcessId":4826,"EventType":"End"}
{"UtcTime":"2026-08-12 10:54:04.000","Computer":"TN-FIN-WS042","User":"TRANSNORTE\\backup_svc","EventID":1,"Image":"C:\\Windows\\System32\\RuntimeBroker.exe","ProcessGuid":"{AF8B933B-AF1E-2026-6FB8-21A16CAE62A6}","ProcessId":1068,"CommandLine":"C:\\Windows\\System32\\RuntimeBroker.exe","ParentImage":"C:\\Windows\\System32\\services.exe","ParentProcessGuid":"{1B91FB31-164A-2026-D78F-0B10A11DB99A}","OriginalFileName":"C:\\Windows\\System32\\RuntimeBroker.exe","SHA256":"9c46e8a2b5983a20ed485a573924323b049dad9589979f9cec8499b9e04f13cd"}
{"UtcTime":"2026-08-12 10:54:05.000","Computer":"TN-FIN-WS042","User":"TRANSNORTE\\ops.cardoso","EventID":1,"Image":"C:\\Windows\\explorer.exe","ProcessGuid":"{0D13AD56-715C-2026-CD8A-3E1838270ADE}","ProcessId":8111,"CommandLine":"C:\\Windows\\explorer.exe","ParentImage":"C:\\Windows\\System32\\services.exe","ParentProcessGuid":"{486E1ABF-D85B-2026-7F19-CCF63E395104}","OriginalFileName":"C:\\Windows\\explorer.exe","SHA256":"1ae2dc8edcf4a8ef2509204f369596bfc56cac600620a8edeac7b6461e8ac973"}
