{"UtcTime":"2026-08-12 10:54:06.000","Computer":"TN-FIN-WS042","User":"TRANSNORTE\\backup_svc","EventID":1,"Image":"C:\\Program Files\\Microsoft Office\\Office16\\OUTLOOK.EXE","ProcessGuid":"{EC6EE666-7A24-2026-9735-6BB49EE51F62}","ProcessId":1779,"CommandLine":"C:\\Program Files\\Microsoft Office\\Office16\\OUTLOOK.EXE","ParentImage":"C:\\Windows\\System32\\services.exe","ParentProcessGuid":"{EEE7E811-0880-2026-35EE-857B42E00126}","OriginalFileName":"C:\\Program Files\\Microsoft Office\\Office16\\OUTLOOK.EXE","SHA256":"24f6a98537b356c9c0293bf5cd439c0c74e4deb0444e54a38af9d5adda5a2bf4"}
{"UtcTime":"2026-08-12 10:54:07.000","Computer":"TN-FIN-WS042","User":"TRANSNORTE\\backup_svc","EventID":3,"Image":"C:\\Windows\\System32\\svchost.exe","ProcessGuid":"{067115C6-BCB6-2026-F20F-F3438AFE26FD}","ProcessId":6869,"DestinationIp":"10.50.10.10","DestinationPort":135,"SourceIp":"10.50.10.42","Protocol":"tcp"}
{"UtcTime":"2026-08-12 10:54:08.000","Computer":"TN-FIN-WS042","User":"TRANSNORTE\\ops.cardoso","EventID":1,"Image":"C:\\Windows\\System32\\svchost.exe","ProcessGuid":"{6E261AED-AA26-2026-4472-CD27E4055D84}","ProcessId":2463,"CommandLine":"C:\\Windows\\System32\\svchost.exe","ParentImage":"C:\\Windows\\System32\\services.exe","ParentProcessGuid":"{D46E8809-A231-2026-1C33-4FD0EABD5E29}","OriginalFileName":"C:\\Windows\\System32\\svchost.exe","SHA256":"04e57e4687fb79a494ab5c7bf9b1c75e502afa15209df2e9841f2731a764c1ac"}
{"UtcTime":"2026-08-12 10:54:09.000","Computer":"TN-FIN-WS042","User":"TRANSNORTE\\backup_svc","EventID":1,"Image":"C:\\Windows\\explorer.exe","ProcessGuid":"{9C73AFEB-01A9-2026-D967-637658D82EBE}","ProcessId":4904,"CommandLine":"C:\\Windows\\explorer.exe","ParentImage":"C:\\Windows\\System32\\services.exe","ParentProcessGuid":"{16317510-0435-2026-A4FD-A23C03848E51}","OriginalFileName":"C:\\Windows\\explorer.exe","SHA256":"70d6b563150f625aaf133e6abb460c0421c744d682fedf6b0ebc8e0cfe870c46"}
{"UtcTime":"2026-08-12 10:54:10.000","Computer":"TN-FIN-WS042","User":"TRANSNORTE\\backup_svc","EventID":13,"Image":"C:\\Program Files\\Google\\Chrome\\Application\\chrome.exe","ProcessGuid":"{E0849479-4EFB-2026-82E1-18A5953F9A1F}","ProcessId":8696,"EventType":"SetValue","TargetObject":"HKCU\\Software\\Microsoft\\Office\\16.0\\Outlook\\Resiliency\\4450","Details":"1"}
{"UtcTime":"2026-08-12 10:54:11.000","Computer":"TN-FIN-WS042","User":"TRANSNORTE\\ops.cardoso","EventID":5,"Image":"C:\\Windows\\System32\\RuntimeBroker.exe","ProcessGuid":"{203F2D07-7C95-2026-AA6E-B8E1A79294D5}","ProcessId":1381,"EventType":"End"}
{"UtcTime":"2026-08-12 10:54:12.000","Computer":"TN-FIN-WS042","User":"TRANSNORTE\\backup_svc","EventID":1,"Image":"C:\\Windows\\explorer.exe","ProcessGuid":"{DDC87F8E-5C9C-2026-D19D-8B77857D0498}","ProcessId":4409,"CommandLine":"C:\\Windows\\explorer.exe","ParentImage":"C:\\Windows\\System32\\services.exe","ParentProcessGuid":"{B61C4EB7-366E-2026-BF84-3A1628EE566D}","OriginalFileName":"C:\\Windows\\explorer.exe","SHA256":"248995cbdf1b90fb80af9ddcf51226ff0b124c49dff9a19bb5c5840e1d13a678"}
{"UtcTime":"2026-08-12 10:54:13.000","Computer":"TN-FIN-WS042","User":"TRANSNORTE\\backup_svc","EventID":1,"Image":"C:\\Program Files\\Microsoft Office\\Office16\\OUTLOOK.EXE","ProcessGuid":"{84FE1B87-D341-2026-D64E-7D95C5F16E6C}","ProcessId":8753,"CommandLine":"C:\\Program Files\\Microsoft Office\\Office16\\OUTLOOK.EXE","ParentImage":"C:\\Windows\\System32\\services.exe","ParentProcessGuid":"{6882C9EE-0EB9-2026-6258-BA7ACF7EB790}","OriginalFileName":"C:\\Program Files\\Microsoft Office\\Office16\\OUTLOOK.EXE","SHA256":"7cad73eeaed2a70492644fe42456a9c7b365426df218fa1e9e34eb4b9ca5fcf9"}
{"UtcTime":"2026-08-12 10:54:14.000","Computer":"TN-FIN-WS042","User":"TRANSNORTE\\ops.cardoso","EventID":3,"Image":"C:\\Windows\\System32\\svchost.exe","ProcessGuid":"{132AC2BD-7529-2026-50AF-97A7085A5082}","ProcessId":596,"DestinationIp":"10.50.10.88","DestinationPort":53,"SourceIp":"10.50.10.42","Protocol":"tcp"}
{"UtcTime":"2026-08-12 10:54:15.000","Computer":"TN-FIN-WS042","User":"TRANSNORTE\\ops.cardoso","EventID":1,"Image":"C:\\Windows\\System32\\svchost.exe","ProcessGuid":"{B8AAAB33-4BBA-2026-C5E2-034AF598A8BC}","ProcessId":634,"CommandLine":"C:\\Windows\\System32\\svchost.exe","ParentImage":"C:\\Windows\\System32\\services.exe","ParentProcessGuid":"{8623AC1A-9A97-2026-A73F-73DD400B5F7F}","OriginalFileName":"C:\\Windows\\System32\\svchost.exe","SHA256":"6be85ad321c42d5eda6ab508408f54bbd77adb30ad4acb60774f95142682fde9"}
{"UtcTime":"2026-08-12 10:54:16.000","Computer":"TN-FIN-WS042","User":"TRANSNORTE\\backup_svc","EventID":11,"Image":"C:\\Windows\\System32\\svchost.exe","ProcessGuid":"{7EE76309-3820-2026-6843-668445442336}","ProcessId":3624,"TargetFilename":"C:\\Users\\ops.cardoso\\AppData\\Local\\Temp\\office-4456.tmp"}
{"UtcTime":"2026-08-12 10:54:17.000","Computer":"TN-FIN-WS042","User":"TRANSNORTE\\ops.cardoso","EventID":11,"Image":"C:\\Windows\\System32\\conhost.exe","ProcessGuid":"{A9C9A8C2-4670-2026-CA88-93DB4CA1F441}","ProcessId":2129,"TargetFilename":"C:\\Users\\ops.cardoso\\AppData\\Local\\Temp\\office-4457.tmp"}
{"UtcTime":"2026-08-12 10:54:18.000","Computer":"TN-FIN-WS042","User":"TRANSNORTE\\backup_svc","EventID":1,"Image":"C:\\Windows\\explorer.exe","ProcessGuid":"{62CE9438-26E1-2026-9D3B-650A3924F605}","ProcessId":2585,"CommandLine":"C:\\Windows\\explorer.exe","ParentImage":"C:\\Windows\\System32\\services.exe","ParentProcessGuid":"{49EABA3B-6F7F-2026-5544-04139BF09F81}","OriginalFileName":"C:\\Windows\\explorer.exe","SHA256":"d7be91c6c0205606227e0ac1aed8c30ecae64a1cf5b3722b3305be5dcb034b07"}
{"UtcTime":"2026-08-12 10:54:19.000","Computer":"TN-FIN-WS042","User":"TRANSNORTE\\ops.cardoso","EventID":3,"Image":"C:\\Windows\\System32\\svchost.exe","ProcessGuid":"{817071CA-6B3F-2026-F760-2EA668511DB1}","ProcessId":3244,"DestinationIp":"10.50.10.88","DestinationPort":443,"SourceIp":"10.50.10.42","Protocol":"tcp"}
{"UtcTime":"2026-08-12 10:54:20.000","Computer":"TN-FIN-WS042","User":"TRANSNORTE\\ops.cardoso","EventID":13,"Image":"C:\\Windows\\System32\\conhost.exe","ProcessGuid":"{BE9EB978-8016-2026-E699-C9AE3BC3A6BA}","ProcessId":1298,"EventType":"SetValue","TargetObject":"HKCU\\Software\\Microsoft\\Office\\16.0\\Outlook\\Resiliency\\4460","Details":"1"}
{"UtcTime":"2026-08-12 10:54:21.000","Computer":"TN-FIN-WS042","User":"TRANSNORTE\\backup_svc","EventID":1,"Image":"C:\\Windows\\System32\\conhost.exe","ProcessGuid":"{50EDF40F-96D1-2026-8B51-86383E1EF381}","ProcessId":1593,"CommandLine":"C:\\Windows\\System32\\conhost.exe","ParentImage":"C:\\Windows\\System32\\services.exe","ParentProcessGuid":"{59F12856-0F50-2026-6F5A-94352BED8F4D}","OriginalFileName":"C:\\Windows\\System32\\conhost.exe","SHA256":"961924b53edf9db1f8ca30a95626a845140cd1754cb87ed6ce417119339e940c"}
{"UtcTime":"2026-08-12 10:54:22.000","Computer":"TN-FIN-WS042","User":"TRANSNORTE\\ops.cardoso","EventID":1,"Image":"C:\\Windows\\System32\\svchost.exe","ProcessGuid":"{A66DEB02-7B9F-2026-CC18-79B3F9688A9A}","ProcessId":2542,"CommandLine":"C:\\Windows\\System32\\svchost.exe","ParentImage":"C:\\Windows\\System32\\services.exe","ParentProcessGuid":"{1FF7A6DC-2DEC-2026-15AB-17EF10A8A2F3}","OriginalFileName":"C:\\Windows\\System32\\svchost.exe","SHA256":"83f0a641ce90c9730d0f4e18c7125e7505070284af5b2094ce7623213132c388"}
{"UtcTime":"2026-08-12 10:54:23.000","Computer":"TN-FIN-WS042","User":"TRANSNORTE\\backup_svc","EventID":1,"Image":"C:\\Program Files\\Microsoft Office\\Office16\\OUTLOOK.EXE","ProcessGuid":"{F74A02CE-25A0-2026-5CE0-170DF3F7C04B}","ProcessId":5435,"CommandLine":"C:\\Program Files\\Microsoft Office\\Office16\\OUTLOOK.EXE","ParentImage":"C:\\Windows\\System32\\services.exe","ParentProcessGuid":"{E3B0C810-F38F-2026-B85C-80806066A2AD}","OriginalFileName":"C:\\Program Files\\Microsoft Office\\Office16\\OUTLOOK.EXE","SHA256":"58abf92ff53ca788b2552d7e25ba728592c4dcb5a3a3ee8de0f989d593568549"}
{"UtcTime":"2026-08-12 10:54:24.000","Computer":"TN-FIN-WS042","User":"TRANSNORTE\\backup_svc","EventID":1,"Image":"C:\\Program Files\\Google\\Chrome\\Application\\chrome.exe","ProcessGuid":"{F2666C12-D04C-2026-9157-83F056456EC3}","ProcessId":2244,"CommandLine":"C:\\Program Files\\Google\\Chrome\\Application\\chrome.exe","ParentImage":"C:\\Windows\\System32\\services.exe","ParentProcessGuid":"{395BFD8B-AD12-2026-F309-C461CE691BCB}","OriginalFileName":"C:\\Program Files\\Google\\Chrome\\Application\\chrome.exe","SHA256":"584f566ed9715fbddf7f594cc5fc06f16e38b4ab8c821a36b521f03d873c2317"}
{"UtcTime":"2026-08-12 10:54:25.000","Computer":"TN-FIN-WS042","User":"TRANSNORTE\\ops.cardoso","EventID":1,"Image":"C:\\Windows\\System32\\conhost.exe","ProcessGuid":"{252A8114-8BF7-2026-05DB-6E9BB8600892}","ProcessId":3475,"CommandLine":"C:\\Windows\\System32\\conhost.exe","ParentImage":"C:\\Windows\\System32\\services.exe","ParentProcessGuid":"{E76BA39E-4B1F-2026-1E52-02EEAA479D4E}","OriginalFileName":"C:\\Windows\\System32\\conhost.exe","SHA256":"684f6c8873e800549be4cfde8982a57b1b9a5c17c8918a2ec9efbdc7a7e3606f"}
{"UtcTime":"2026-08-12 10:54:26.000","Computer":"TN-FIN-WS042","User":"TRANSNORTE\\backup_svc","EventID":13,"Image":"C:\\Program Files\\Google\\Chrome\\Application\\chrome.exe","ProcessGuid":"{AB4D7F70-44B5-2026-4D24-44CF744E6BFE}","ProcessId":3741,"EventType":"SetValue","TargetObject":"HKCU\\Software\\Microsoft\\Office\\16.0\\Outlook\\Resiliency\\4466","Details":"1"}
{"UtcTime":"2026-08-12 10:54:27.000","Computer":"TN-FIN-WS042","User":"TRANSNORTE\\ops.cardoso","EventID":1,"Image":"C:\\Windows\\System32\\conhost.exe","ProcessGuid":"{3433F902-42AB-2026-719A-D4B14E68E39F}","ProcessId":4700,"CommandLine":"C:\\Windows\\System32\\conhost.exe","ParentImage":"C:\\Windows\\System32\\services.exe","ParentProcessGuid":"{26064F92-4AE3-2026-70FF-BD8DA2AF4405}","OriginalFileName":"C:\\Windows\\System32\\conhost.exe","SHA256":"e50de5a7c5347110f4157d9fdeb84a32be2493d003bb94dfb793412abcd05006"}
{"UtcTime":"2026-08-12 10:54:28.000","Computer":"TN-FIN-WS042","User":"TRANSNORTE\\backup_svc","EventID":11,"Image":"C:\\Program Files\\Microsoft Office\\Office16\\OUTLOOK.EXE","ProcessGuid":"{FA2158FF-00E9-2026-9CC1-BF8031EAF0C9}","ProcessId":5930,"TargetFilename":"C:\\Users\\ops.cardoso\\AppData\\Local\\Temp\\office-4468.tmp"}
{"UtcTime":"2026-08-12 10:54:29.000","Computer":"TN-FIN-WS042","User":"TRANSNORTE\\ops.cardoso","EventID":1,"Image":"C:\\Windows\\System32\\svchost.exe","ProcessGuid":"{C3CF31BD-C2C3-2026-5A20-92A0A78595FF}","ProcessId":851,"CommandLine":"C:\\Windows\\System32\\svchost.exe","ParentImage":"C:\\Windows\\System32\\services.exe","ParentProcessGuid":"{B9CEA555-48A8-2026-E16B-1B59BDE6ACDC}","OriginalFileName":"C:\\Windows\\System32\\svchost.exe","SHA256":"6f1c4d8fcff6c249f52330005d47ae6309b2c032f0fe0807d10550513219337d"}
{"UtcTime":"2026-08-12 10:54:30.000","Computer":"TN-FIN-WS042","User":"TRANSNORTE\\backup_svc","EventID":11,"Image":"C:\\Program Files\\Microsoft Office\\Office16\\OUTLOOK.EXE","ProcessGuid":"{0F2BFECE-B462-2026-2A1E-BD5DC6C7B36C}","ProcessId":6429,"TargetFilename":"C:\\Users\\ops.cardoso\\AppData\\Local\\Temp\\office-4470.tmp"}
{"UtcTime":"2026-08-12 10:54:31.000","Computer":"TN-FIN-WS042","User":"TRANSNORTE\\backup_svc","EventID":5,"Image":"C:\\Program Files\\Google\\Chrome\\Application\\chrome.exe","ProcessGuid":"{489DA0E7-6577-2026-3754-E8F5AEED6FF7}","ProcessId":6400,"EventType":"End"}
{"UtcTime":"2026-08-12 10:54:32.000","Computer":"TN-FIN-WS042","User":"TRANSNORTE\\ops.cardoso","EventID":3,"Image":"C:\\Program Files\\Microsoft Office\\Office16\\OUTLOOK.EXE","ProcessGuid":"{1FF51FAA-EC3C-2026-4118-2BA1C7EB732F}","ProcessId":5743,"DestinationIp":"10.50.10.88","DestinationPort":53,"SourceIp":"10.50.10.42","Protocol":"tcp"}
{"UtcTime":"2026-08-12 10:54:33.000","Computer":"TN-FIN-WS042","User":"TRANSNORTE\\backup_svc","EventID":1,"Image":"C:\\Program Files\\Microsoft Office\\Office16\\OUTLOOK.EXE","ProcessGuid":"{E03DEC63-78A4-2026-E901-AD7244200027}","ProcessId":8767,"CommandLine":"C:\\Program Files\\Microsoft Office\\Office16\\OUTLOOK.EXE","ParentImage":"C:\\Windows\\System32\\services.exe","ParentProcessGuid":"{8AA87939-6E4D-2026-0266-D34434214D0D}","OriginalFileName":"C:\\Program Files\\Microsoft Office\\Office16\\OUTLOOK.EXE","SHA256":"e99488bf8ab14b8cf93fc325c00d17d808f12b49bb4bda393e731743f92409f6"}
{"UtcTime":"2026-08-12 10:54:34.000","Computer":"TN-FIN-WS042","User":"TRANSNORTE\\backup_svc","EventID":3,"Image":"C:\\Program Files\\Google\\Chrome\\Application\\chrome.exe","ProcessGuid":"{CC776993-00BF-2026-3EBF-8454F1550690}","ProcessId":7789,"DestinationIp":"10.50.10.10","DestinationPort":443,"SourceIp":"10.50.10.42","Protocol":"tcp"}
{"UtcTime":"2026-08-12 10:54:35.000","Computer":"TN-FIN-WS042","User":"TRANSNORTE\\backup_svc","EventID":1,"Image":"C:\\Windows\\System32\\svchost.exe","ProcessGuid":"{DED04AF7-F2A5-2026-FD4F-1930968FE902}","ProcessId":5919,"CommandLine":"C:\\Windows\\System32\\svchost.exe","ParentImage":"C:\\Windows\\System32\\services.exe","ParentProcessGuid":"{62B82009-FF47-2026-D64E-AE843444EBAD}","OriginalFileName":"C:\\Windows\\System32\\svchost.exe","SHA256":"d7de1f6cda3ecc225bc77c4a0d9652ef73e635502a0634137694b045e9c2eaf0"}
{"UtcTime":"2026-08-12 10:54:36.000","Computer":"TN-FIN-WS042","User":"TRANSNORTE\\ops.cardoso","EventID":11,"Image":"C:\\Windows\\System32\\RuntimeBroker.exe","ProcessGuid":"{C997DE42-21A1-2026-ACD0-8F7C496ACCD6}","ProcessId":593,"TargetFilename":"C:\\Users\\ops.cardoso\\AppData\\Local\\Temp\\office-4476.tmp"}
{"UtcTime":"2026-08-12 10:54:37.000","Computer":"TN-FIN-WS042","User":"TRANSNORTE\\backup_svc","EventID":11,"Image":"C:\\Windows\\System32\\conhost.exe","ProcessGuid":"{6D1358E6-F960-2026-F1F4-048696C9FC96}","ProcessId":2819,"TargetFilename":"C:\\Users\\ops.cardoso\\AppData\\Local\\Temp\\office-4477.tmp"}
{"UtcTime":"2026-08-12 10:54:38.000","Computer":"TN-FIN-WS042","User":"TRANSNORTE\\backup_svc","EventID":5,"Image":"C:\\Windows\\System32\\RuntimeBroker.exe","ProcessGuid":"{E5CB079F-C9A9-2026-A2D8-C55FC5BC94C5}","ProcessId":5822,"EventType":"End"}
{"UtcTime":"2026-08-12 10:54:39.000","Computer":"TN-FIN-WS042","User":"TRANSNORTE\\backup_svc","EventID":11,"Image":"C:\\Windows\\System32\\svchost.exe","ProcessGuid":"{C9BD8D9D-9592-2026-6C98-C5D510D547B6}","ProcessId":1442,"TargetFilename":"C:\\Users\\ops.cardoso\\AppData\\Local\\Temp\\office-4479.tmp"}
{"UtcTime":"2026-08-12 10:54:40.000","Computer":"TN-FIN-WS042","User":"TRANSNORTE\\ops.cardoso","EventID":13,"Image":"C:\\Program Files\\Microsoft Office\\Office16\\OUTLOOK.EXE","ProcessGuid":"{616801FC-0453-2026-E8E5-96434A6D45D3}","ProcessId":1679,"EventType":"SetValue","TargetObject":"HKCU\\Software\\Microsoft\\Office\\16.0\\Outlook\\Resiliency\\4480","Details":"1"}
{"UtcTime":"2026-08-12 10:54:41.000","Computer":"TN-FIN-WS042","User":"TRANSNORTE\\ops.cardoso","EventID":1,"Image":"C:\\Windows\\System32\\conhost.exe","ProcessGuid":"{52C6B33A-6BB5-2026-8C11-8D9E46157B2C}","ProcessId":1187,"CommandLine":"C:\\Windows\\System32\\conhost.exe","ParentImage":"C:\\Windows\\System32\\services.exe","ParentProcessGuid":"{0CCC8321-2E39-2026-D18B-20D56179CC9C}","OriginalFileName":"C:\\Windows\\System32\\conhost.exe","SHA256":"9914e883bbf879216cb35ff12eea3a03408c516bb9b40d92c1af81bafac4a35a"}
{"UtcTime":"2026-08-12 10:54:42.000","Computer":"TN-FIN-WS042","User":"TRANSNORTE\\ops.cardoso","EventID":1,"Image":"C:\\Windows\\System32\\RuntimeBroker.exe","ProcessGuid":"{D1409E1F-1478-2026-B184-621ADAAF6FB8}","ProcessId":1435,"CommandLine":"C:\\Windows\\System32\\RuntimeBroker.exe","ParentImage":"C:\\Windows\\System32\\services.exe","ParentProcessGuid":"{518CC526-32EE-2026-530F-97DD8AEADF7B}","OriginalFileName":"C:\\Windows\\System32\\RuntimeBroker.exe","SHA256":"809429080c22dc2e93ca232013762de5af5b87f6b1ca87fb6d3721ad1d57cdd1"}
{"UtcTime":"2026-08-12 10:54:43.000","Computer":"TN-FIN-WS042","User":"TRANSNORTE\\backup_svc","EventID":5,"Image":"C:\\Windows\\System32\\conhost.exe","ProcessGuid":"{8A8E4D7C-05C0-2026-DA58-80EB29A6B7F4}","ProcessId":5895,"EventType":"End"}
{"UtcTime":"2026-08-12 10:54:44.000","Computer":"TN-FIN-WS042","User":"TRANSNORTE\\backup_svc","EventID":5,"Image":"C:\\Windows\\System32\\svchost.exe","ProcessGuid":"{ECAADA0D-879B-2026-CC89-CE9286BACB31}","ProcessId":5020,"EventType":"End"}
{"UtcTime":"2026-08-12 10:54:45.000","Computer":"TN-FIN-WS042","User":"TRANSNORTE\\backup_svc","EventID":5,"Image":"C:\\Windows\\System32\\RuntimeBroker.exe","ProcessGuid":"{C6F79E31-BB9E-2026-C6C0-34604B1E1897}","ProcessId":8474,"EventType":"End"}
{"UtcTime":"2026-08-12 10:54:46.000","Computer":"TN-FIN-WS042","User":"TRANSNORTE\\ops.cardoso","EventID":1,"Image":"C:\\Windows\\System32\\svchost.exe","ProcessGuid":"{C380BA7E-B2A8-2026-30F7-F65F03E8E9D8}","ProcessId":7080,"CommandLine":"C:\\Windows\\System32\\svchost.exe","ParentImage":"C:\\Windows\\System32\\services.exe","ParentProcessGuid":"{9B9E097A-3A1B-2026-DC76-488814A81094}","OriginalFileName":"C:\\Windows\\System32\\svchost.exe","SHA256":"ae26bc2091d5e0c80d0ecca9ab87a187d95d4952a55759aec739bab36402ad60"}
{"UtcTime":"2026-08-12 10:54:47.000","Computer":"TN-FIN-WS042","User":"TRANSNORTE\\backup_svc","EventID":5,"Image":"C:\\Program Files\\Google\\Chrome\\Application\\chrome.exe","ProcessGuid":"{232ABEC7-1011-2026-E693-C094CBE519EB}","ProcessId":5801,"EventType":"End"}
{"UtcTime":"2026-08-12 10:54:48.000","Computer":"TN-FIN-WS042","User":"TRANSNORTE\\ops.cardoso","EventID":5,"Image":"C:\\Program Files\\Microsoft Office\\Office16\\OUTLOOK.EXE","ProcessGuid":"{D5EB1921-1B11-2026-EB7A-88DECA7B5F92}","ProcessId":6029,"EventType":"End"}
{"UtcTime":"2026-08-12 10:54:49.000","Computer":"TN-FIN-WS042","User":"TRANSNORTE\\backup_svc","EventID":3,"Image":"C:\\Windows\\System32\\RuntimeBroker.exe","ProcessGuid":"{CADCF46B-27CB-2026-5FD8-1D31863E44EC}","ProcessId":4263,"DestinationIp":"1.1.1.1","DestinationPort":8080,"SourceIp":"10.50.10.42","Protocol":"tcp"}
{"UtcTime":"2026-08-12 10:54:50.000","Computer":"TN-FIN-WS042","User":"TRANSNORTE\\backup_svc","EventID":13,"Image":"C:\\Program Files\\Google\\Chrome\\Application\\chrome.exe","ProcessGuid":"{8E13F9D9-2610-2026-004A-E58A73AD9CA8}","ProcessId":2370,"EventType":"SetValue","TargetObject":"HKCU\\Software\\Microsoft\\Office\\16.0\\Outlook\\Resiliency\\4490","Details":"1"}
{"UtcTime":"2026-08-12 10:54:51.000","Computer":"TN-FIN-WS042","User":"TRANSNORTE\\ops.cardoso","EventID":5,"Image":"C:\\Windows\\System32\\RuntimeBroker.exe","ProcessGuid":"{B42A3A12-2F2A-2026-36E0-2CC891281784}","ProcessId":3227,"EventType":"End"}
{"UtcTime":"2026-08-12 10:54:52.000","Computer":"TN-FIN-WS042","User":"TRANSNORTE\\backup_svc","EventID":1,"Image":"C:\\Windows\\System32\\conhost.exe","ProcessGuid":"{90E3676D-C36B-2026-029D-40E00DD51A4D}","ProcessId":5787,"CommandLine":"C:\\Windows\\System32\\conhost.exe","ParentImage":"C:\\Windows\\System32\\services.exe","ParentProcessGuid":"{3DB54DF8-6A2F-2026-7EF1-4484F26B8873}","OriginalFileName":"C:\\Windows\\System32\\conhost.exe","SHA256":"fe02b82a7d117052cc3ad1861846c8960e7fcb8965d66b5d1b6925fabae7c74d"}
{"UtcTime":"2026-08-12 10:54:53.000","Computer":"TN-FIN-WS042","User":"TRANSNORTE\\backup_svc","EventID":13,"Image":"C:\\Windows\\System32\\svchost.exe","ProcessGuid":"{EC7C4077-32DC-2026-AD87-065AAAF0F565}","ProcessId":529,"EventType":"SetValue","TargetObject":"HKCU\\Software\\Microsoft\\Office\\16.0\\Outlook\\Resiliency\\4493","Details":"1"}
{"UtcTime":"2026-08-12 10:54:54.000","Computer":"TN-FIN-WS042","User":"TRANSNORTE\\backup_svc","EventID":1,"Image":"C:\\Program Files\\Google\\Chrome\\Application\\chrome.exe","ProcessGuid":"{1C1DBE59-1E1F-2026-D69B-DD4AB2E04188}","ProcessId":4655,"CommandLine":"C:\\Program Files\\Google\\Chrome\\Application\\chrome.exe","ParentImage":"C:\\Windows\\System32\\services.exe","ParentProcessGuid":"{7218F94F-E41F-2026-3995-C6B0B0C686EE}","OriginalFileName":"C:\\Program Files\\Google\\Chrome\\Application\\chrome.exe","SHA256":"7b580523da9e71edc5a9833fdd92d0866148232170b84aa98025c45f10454858"}
{"UtcTime":"2026-08-12 10:54:55.000","Computer":"TN-FIN-WS042","User":"TRANSNORTE\\backup_svc","EventID":3,"Image":"C:\\Program Files\\Google\\Chrome\\Application\\chrome.exe","ProcessGuid":"{13DF1FBB-9214-2026-8AFF-D8BB8DBECF05}","ProcessId":2203,"DestinationIp":"1.1.1.1","DestinationPort":443,"SourceIp":"10.50.10.42","Protocol":"tcp"}
{"UtcTime":"2026-08-12 10:54:56.000","Computer":"TN-FIN-WS042","User":"TRANSNORTE\\ops.cardoso","EventID":11,"Image":"C:\\Program Files\\Microsoft Office\\Office16\\OUTLOOK.EXE","ProcessGuid":"{33E42F4A-526C-2026-B52F-34A2E7C6739D}","ProcessId":7382,"TargetFilename":"C:\\Users\\ops.cardoso\\AppData\\Local\\Temp\\office-4496.tmp"}
{"UtcTime":"2026-08-12 10:54:57.000","Computer":"TN-FIN-WS042","User":"TRANSNORTE\\backup_svc","EventID":1,"Image":"C:\\Windows\\System32\\RuntimeBroker.exe","ProcessGuid":"{03C328C1-62EB-2026-7E00-66B7B1623C44}","ProcessId":1001,"CommandLine":"C:\\Windows\\System32\\RuntimeBroker.exe","ParentImage":"C:\\Windows\\System32\\services.exe","ParentProcessGuid":"{66C72E31-3CFB-2026-01AB-BA8FC9A6E61C}","OriginalFileName":"C:\\Windows\\System32\\RuntimeBroker.exe","SHA256":"bb8df04c89de13d1c3bec3a553ae1113b132a93dac1bdc1123c598441ad60e33"}
{"UtcTime":"2026-08-12 10:54:58.000","Computer":"TN-FIN-WS042","User":"TRANSNORTE\\backup_svc","EventID":3,"Image":"C:\\Program Files\\Microsoft Office\\Office16\\OUTLOOK.EXE","ProcessGuid":"{BD05D7F1-2662-2026-9D9E-0C7DC0C868A9}","ProcessId":2775,"DestinationIp":"10.50.10.10","DestinationPort":53,"SourceIp":"10.50.10.42","Protocol":"tcp"}
{"UtcTime":"2026-08-12 10:54:59.000","Computer":"TN-FIN-WS042","User":"TRANSNORTE\\backup_svc","EventID":1,"Image":"C:\\Program Files\\Google\\Chrome\\Application\\chrome.exe","ProcessGuid":"{6605DA65-3E85-2026-BC2E-E288C662CC84}","ProcessId":2846,"CommandLine":"C:\\Program Files\\Google\\Chrome\\Application\\chrome.exe","ParentImage":"C:\\Windows\\System32\\services.exe","ParentProcessGuid":"{20AB1BF4-AE73-2026-1089-12D16054845D}","OriginalFileName":"C:\\Program Files\\Google\\Chrome\\Application\\chrome.exe","SHA256":"d7d03ef86e61f75fd034085384c4f98377668cecf465387cfbc6c02d7d29bdfe"}
{"UtcTime":"2026-08-12 10:55:00.000","Computer":"TN-FIN-WS042","User":"TRANSNORTE\\backup_svc","EventID":1,"Image":"C:\\Windows\\System32\\conhost.exe","ProcessGuid":"{0AF5DE26-F0B7-2026-4F3F-AA21C3072694}","ProcessId":7861,"CommandLine":"C:\\Windows\\System32\\conhost.exe","ParentImage":"C:\\Windows\\System32\\services.exe","ParentProcessGuid":"{D67B7CB9-AC24-2026-D715-AD49C5D79800}","OriginalFileName":"C:\\Windows\\System32\\conhost.exe","SHA256":"d6c2d1d8d6d2061bf2737187d45fb0a871ef7c9e37cb43797d3b310acbb935db"}
{"UtcTime":"2026-08-12 10:55:01.000","Computer":"TN-FIN-WS042","User":"TRANSNORTE\\ops.cardoso","EventID":1,"Image":"C:\\Windows\\System32\\svchost.exe","ProcessGuid":"{618E6CA9-1E75-2026-4B18-76A673E09B34}","ProcessId":2683,"CommandLine":"C:\\Windows\\System32\\svchost.exe","ParentImage":"C:\\Windows\\System32\\services.exe","ParentProcessGuid":"{76C654EE-F7AF-2026-33E9-9CE5D7BE89BE}","OriginalFileName":"C:\\Windows\\System32\\svchost.exe","SHA256":"67d8bed306ea6d362d113146eb8ce80a8ee940335d8d72559e66c8cfb2506fc9"}
{"UtcTime":"2026-08-12 10:55:02.000","Computer":"TN-FIN-WS042","User":"TRANSNORTE\\backup_svc","EventID":13,"Image":"C:\\Program Files\\Microsoft Office\\Office16\\OUTLOOK.EXE","ProcessGuid":"{D2F44E02-C90C-2026-F4B7-F3C7C9884539}","ProcessId":5015,"EventType":"SetValue","TargetObject":"HKCU\\Software\\Microsoft\\Office\\16.0\\Outlook\\Resiliency\\4502","Details":"1"}
{"UtcTime":"2026-08-12 10:55:03.000","Computer":"TN-FIN-WS042","User":"TRANSNORTE\\backup_svc","EventID":1,"Image":"C:\\Windows\\System32\\RuntimeBroker.exe","ProcessGuid":"{CD41DCC4-C63D-2026-50D7-FBC5434320B7}","ProcessId":6462,"CommandLine":"C:\\Windows\\System32\\RuntimeBroker.exe","ParentImage":"C:\\Windows\\System32\\services.exe","ParentProcessGuid":"{60446797-C914-2026-F411-BE332438DF5B}","OriginalFileName":"C:\\Windows\\System32\\RuntimeBroker.exe","SHA256":"53688e277a41de7bb6bc21843423680ba3e7d120d71a2595b2c08201286df41f"}
{"UtcTime":"2026-08-12 10:55:04.000","Computer":"TN-FIN-WS042","User":"TRANSNORTE\\backup_svc","EventID":13,"Image":"C:\\Program Files\\Microsoft Office\\Office16\\OUTLOOK.EXE","ProcessGuid":"{7103B415-BFBA-2026-1002-DBCC1726BD57}","ProcessId":8986,"EventType":"SetValue","TargetObject":"HKCU\\Software\\Microsoft\\Office\\16.0\\Outlook\\Resiliency\\4504","Details":"1"}
{"UtcTime":"2026-08-12 10:55:05.000","Computer":"TN-FIN-WS042","User":"TRANSNORTE\\backup_svc","EventID":13,"Image":"C:\\Program Files\\Microsoft Office\\Office16\\OUTLOOK.EXE","ProcessGuid":"{9A29F020-1327-2026-BA82-D46BEA8F6738}","ProcessId":1915,"EventType":"SetValue","TargetObject":"HKCU\\Software\\Microsoft\\Office\\16.0\\Outlook\\Resiliency\\4505","Details":"1"}
{"UtcTime":"2026-08-12 10:55:06.000","Computer":"TN-FIN-WS042","User":"TRANSNORTE\\ops.cardoso","EventID":5,"Image":"C:\\Windows\\System32\\RuntimeBroker.exe","ProcessGuid":"{D1D73E7C-4203-2026-7E6E-3C3BD5B4090E}","ProcessId":8469,"EventType":"End"}
{"UtcTime":"2026-08-12 10:55:07.000","Computer":"TN-FIN-WS042","User":"TRANSNORTE\\backup_svc","EventID":11,"Image":"C:\\Windows\\System32\\svchost.exe","ProcessGuid":"{FF0155A6-4CAD-2026-D956-31D88CF246E7}","ProcessId":4172,"TargetFilename":"C:\\Users\\ops.cardoso\\AppData\\Local\\Temp\\office-4507.tmp"}
{"UtcTime":"2026-08-12 10:55:08.000","Computer":"TN-FIN-WS042","User":"TRANSNORTE\\backup_svc","EventID":1,"Image":"C:\\Windows\\explorer.exe","ProcessGuid":"{5C66FAB6-EFAF-2026-EF0E-A2EF8EE52DB4}","ProcessId":8899,"CommandLine":"C:\\Windows\\explorer.exe","ParentImage":"C:\\Windows\\System32\\services.exe","ParentProcessGuid":"{7E873026-A122-2026-510C-23A2711D3C43}","OriginalFileName":"C:\\Windows\\explorer.exe","SHA256":"c520cb2a8e4f344ac745c200ead4f39685fa96d9c2c36cc4b4cb190bd8723cb3"}
{"UtcTime":"2026-08-12 10:55:09.000","Computer":"TN-FIN-WS042","User":"TRANSNORTE\\backup_svc","EventID":1,"Image":"C:\\Windows\\explorer.exe","ProcessGuid":"{62882830-107E-2026-DDA2-D0361494A31E}","ProcessId":680,"CommandLine":"C:\\Windows\\explorer.exe","ParentImage":"C:\\Windows\\System32\\services.exe","ParentProcessGuid":"{EAA10F85-7689-2026-BFA5-30DFB0909F56}","OriginalFileName":"C:\\Windows\\explorer.exe","SHA256":"2a959be6e90a1276c30eb5a148e23b90a201bf40c9b0714dc317f02ad1689fe7"}
{"UtcTime":"2026-08-12 10:55:10.000","Computer":"TN-FIN-WS042","User":"TRANSNORTE\\backup_svc","EventID":13,"Image":"C:\\Windows\\System32\\conhost.exe","ProcessGuid":"{15677A40-1664-2026-0654-8912886DF8C1}","ProcessId":8476,"EventType":"SetValue","TargetObject":"HKCU\\Software\\Microsoft\\Office\\16.0\\Outlook\\Resiliency\\4510","Details":"1"}
{"UtcTime":"2026-08-12 10:55:11.000","Computer":"TN-FIN-WS042","User":"TRANSNORTE\\ops.cardoso","EventID":1,"Image":"C:\\Windows\\System32\\svchost.exe","ProcessGuid":"{ABB2129B-8AFB-2026-71EC-6FEDC81031E8}","ProcessId":8975,"CommandLine":"C:\\Windows\\System32\\svchost.exe","ParentImage":"C:\\Windows\\System32\\services.exe","ParentProcessGuid":"{22A5B1AB-5373-2026-6861-4BAA55930958}","OriginalFileName":"C:\\Windows\\System32\\svchost.exe","SHA256":"9c382532a1e01c56dca6002d8be1da2526f3b3f14b4494366d506ffaa8e3c062"}
{"UtcTime":"2026-08-12 10:55:12.000","Computer":"TN-FIN-WS042","User":"TRANSNORTE\\ops.cardoso","EventID":1,"Image":"C:\\Windows\\explorer.exe","ProcessGuid":"{DF8122A2-2340-2026-F6BA-75CFCAC6758D}","ProcessId":6439,"CommandLine":"C:\\Windows\\explorer.exe","ParentImage":"C:\\Windows\\System32\\services.exe","ParentProcessGuid":"{D53309A4-86DD-2026-865E-2B206DEBFE8D}","OriginalFileName":"C:\\Windows\\explorer.exe","SHA256":"84c5ec49b2fdcd20637842334faf9813a4209b17eda6fd3b3521b41f86594707"}
{"UtcTime":"2026-08-12 10:55:13.000","Computer":"TN-FIN-WS042","User":"TRANSNORTE\\backup_svc","EventID":13,"Image":"C:\\Program Files\\Microsoft Office\\Office16\\OUTLOOK.EXE","ProcessGuid":"{A929C0AE-16D0-2026-5C07-0D73E9199489}","ProcessId":6903,"EventType":"SetValue","TargetObject":"HKCU\\Software\\Microsoft\\Office\\16.0\\Outlook\\Resiliency\\4513","Details":"1"}
{"UtcTime":"2026-08-12 10:55:14.000","Computer":"TN-FIN-WS042","User":"TRANSNORTE\\backup_svc","EventID":1,"Image":"C:\\Program Files\\Google\\Chrome\\Application\\chrome.exe","ProcessGuid":"{55EF1BE8-6DC8-2026-9E72-CF9F12F56A40}","ProcessId":4895,"CommandLine":"C:\\Program Files\\Google\\Chrome\\Application\\chrome.exe","ParentImage":"C:\\Windows\\System32\\services.exe","ParentProcessGuid":"{9833D1CF-9078-2026-0025-216566DC03B6}","OriginalFileName":"C:\\Program Files\\Google\\Chrome\\Application\\chrome.exe","SHA256":"d8a23080135b8ba899d900a06429bd8dee568de21a9d3222a774b6989ad7ed6a"}
{"UtcTime":"2026-08-12 10:55:15.000","Computer":"TN-FIN-WS042","User":"TRANSNORTE\\backup_svc","EventID":11,"Image":"C:\\Windows\\System32\\svchost.exe","ProcessGuid":"{F8752D4A-013A-2026-97E9-7D0CB46E6997}","ProcessId":5821,"TargetFilename":"C:\\Users\\ops.cardoso\\AppData\\Local\\Temp\\office-4515.tmp"}
{"UtcTime":"2026-08-12 10:55:16.000","Computer":"TN-FIN-WS042","User":"TRANSNORTE\\ops.cardoso","EventID":5,"Image":"C:\\Windows\\System32\\svchost.exe","ProcessGuid":"{539E376E-6D50-2026-E967-9C03B8F95C75}","ProcessId":1860,"EventType":"End"}
{"UtcTime":"2026-08-12 10:55:17.000","Computer":"TN-FIN-WS042","User":"TRANSNORTE\\ops.cardoso","EventID":3,"Image":"C:\\Windows\\System32\\RuntimeBroker.exe","ProcessGuid":"{A0D68531-D57A-2026-9CA4-9FA054FF4717}","ProcessId":8855,"DestinationIp":"1.1.1.1","DestinationPort":135,"SourceIp":"10.50.10.42","Protocol":"tcp"}
{"UtcTime":"2026-08-12 10:55:18.000","Computer":"TN-FIN-WS042","User":"TRANSNORTE\\backup_svc","EventID":3,"Image":"C:\\Windows\\System32\\RuntimeBroker.exe","ProcessGuid":"{B033C52F-1A38-2026-0AB4-98D8C735A516}","ProcessId":6848,"DestinationIp":"1.1.1.1","DestinationPort":8080,"SourceIp":"10.50.10.42","Protocol":"tcp"}
{"UtcTime":"2026-08-12 10:55:19.000","Computer":"TN-FIN-WS042","User":"TRANSNORTE\\backup_svc","EventID":11,"Image":"C:\\Windows\\System32\\RuntimeBroker.exe","ProcessGuid":"{82749B11-4D05-2026-FBD0-099B57EB6CF0}","ProcessId":4666,"TargetFilename":"C:\\Users\\ops.cardoso\\AppData\\Local\\Temp\\office-4519.tmp"}
{"UtcTime":"2026-08-12 10:55:20.000","Computer":"TN-FIN-WS042","User":"TRANSNORTE\\backup_svc","EventID":11,"Image":"C:\\Windows\\System32\\svchost.exe","ProcessGuid":"{A6509656-977D-2026-2E11-337C675128D0}","ProcessId":818,"TargetFilename":"C:\\Users\\ops.cardoso\\AppData\\Local\\Temp\\office-4520.tmp"}
{"UtcTime":"2026-08-12 10:55:21.000","Computer":"TN-FIN-WS042","User":"TRANSNORTE\\ops.cardoso","EventID":3,"Image":"C:\\Windows\\System32\\RuntimeBroker.exe","ProcessGuid":"{17EFF0AB-1945-2026-7521-D933AC9D979F}","ProcessId":5106,"DestinationIp":"10.50.10.88","DestinationPort":53,"SourceIp":"10.50.10.42","Protocol":"tcp"}
{"UtcTime":"2026-08-12 10:55:22.000","Computer":"TN-FIN-WS042","User":"TRANSNORTE\\ops.cardoso","EventID":1,"Image":"C:\\Windows\\System32\\conhost.exe","ProcessGuid":"{96C18D7A-8957-2026-A76C-3A98F9E54924}","ProcessId":1807,"CommandLine":"C:\\Windows\\System32\\conhost.exe","ParentImage":"C:\\Windows\\System32\\services.exe","ParentProcessGuid":"{786C4407-565A-2026-0C4A-A2EDF04298B9}","OriginalFileName":"C:\\Windows\\System32\\conhost.exe","SHA256":"e78caeb65710c0d4337f1a9fe4af47513c64c7aa522efe465320a9829205223a"}
{"UtcTime":"2026-08-12 10:55:23.000","Computer":"TN-FIN-WS042","User":"TRANSNORTE\\ops.cardoso","EventID":1,"Image":"C:\\Windows\\explorer.exe","ProcessGuid":"{10AC0CF1-922D-2026-6A0A-4279C75A8A65}","ProcessId":450,"CommandLine":"C:\\Windows\\explorer.exe","ParentImage":"C:\\Windows\\System32\\services.exe","ParentProcessGuid":"{002B7D51-FB5A-2026-0653-D54B1D223441}","OriginalFileName":"C:\\Windows\\explorer.exe","SHA256":"a686d2f42a1c887a088194f2d4a2fe4cae867e2545e93e8af5d4cf33db5eeb17"}
{"UtcTime":"2026-08-12 10:55:24.000","Computer":"TN-FIN-WS042","User":"TRANSNORTE\\backup_svc","EventID":5,"Image":"C:\\Windows\\System32\\svchost.exe","ProcessGuid":"{81189C84-7378-2026-2971-5B722E41E4D5}","ProcessId":8009,"EventType":"End"}
{"UtcTime":"2026-08-12 10:55:25.000","Computer":"TN-FIN-WS042","User":"TRANSNORTE\\backup_svc","EventID":5,"Image":"C:\\Program Files\\Microsoft Office\\Office16\\OUTLOOK.EXE","ProcessGuid":"{6BD5498B-9972-2026-C477-352A481A7AEC}","ProcessId":894,"EventType":"End"}
{"UtcTime":"2026-08-12 10:55:26.000","Computer":"TN-FIN-WS042","User":"TRANSNORTE\\backup_svc","EventID":5,"Image":"C:\\Windows\\System32\\svchost.exe","ProcessGuid":"{E94A1AB0-E535-2026-EEB3-F4DBC3D9FD69}","ProcessId":5868,"EventType":"End"}
{"UtcTime":"2026-08-12 10:55:27.000","Computer":"TN-FIN-WS042","User":"TRANSNORTE\\backup_svc","EventID":5,"Image":"C:\\Program Files\\Google\\Chrome\\Application\\chrome.exe","ProcessGuid":"{DD7A6FDA-5489-2026-4EF6-38DB7AC445DF}","ProcessId":3502,"EventType":"End"}
{"UtcTime":"2026-08-12 10:55:28.000","Computer":"TN-FIN-WS042","User":"TRANSNORTE\\backup_svc","EventID":13,"Image":"C:\\Program Files\\Google\\Chrome\\Application\\chrome.exe","ProcessGuid":"{4126E5CB-B0B4-2026-19BB-CA3EF3D43936}","ProcessId":2565,"EventType":"SetValue","TargetObject":"HKCU\\Software\\Microsoft\\Office\\16.0\\Outlook\\Resiliency\\4528","Details":"1"}
{"UtcTime":"2026-08-12 10:55:29.000","Computer":"TN-FIN-WS042","User":"TRANSNORTE\\ops.cardoso","EventID":1,"Image":"C:\\Windows\\System32\\svchost.exe","ProcessGuid":"{C4B5D47F-64BE-2026-0232-EE87778C9938}","ProcessId":1079,"CommandLine":"C:\\Windows\\System32\\svchost.exe","ParentImage":"C:\\Windows\\System32\\services.exe","ParentProcessGuid":"{9B1A7D72-ED3F-2026-1999-E267CE7FB96D}","OriginalFileName":"C:\\Windows\\System32\\svchost.exe","SHA256":"581648554b8dac5516783e28dd9048ed535e1076593c5ba9100d82789abf9fb5"}
{"UtcTime":"2026-08-12 10:55:30.000","Computer":"TN-FIN-WS042","User":"TRANSNORTE\\backup_svc","EventID":11,"Image":"C:\\Windows\\System32\\svchost.exe","ProcessGuid":"{8368152D-FF80-2026-76E5-E89D529A74E8}","ProcessId":4100,"TargetFilename":"C:\\Users\\ops.cardoso\\AppData\\Local\\Temp\\office-4530.tmp"}
{"UtcTime":"2026-08-12 10:55:31.000","Computer":"TN-FIN-WS042","User":"TRANSNORTE\\backup_svc","EventID":11,"Image":"C:\\Program Files\\Microsoft Office\\Office16\\OUTLOOK.EXE","ProcessGuid":"{E69C16A4-D20A-2026-DA0D-1373C54C25F0}","ProcessId":584,"TargetFilename":"C:\\Users\\ops.cardoso\\AppData\\Local\\Temp\\office-4531.tmp"}
{"UtcTime":"2026-08-12 10:55:32.000","Computer":"TN-FIN-WS042","User":"TRANSNORTE\\backup_svc","EventID":1,"Image":"C:\\Program Files\\Google\\Chrome\\Application\\chrome.exe","ProcessGuid":"{380DCD9F-326C-2026-100D-40AD8AF9C407}","ProcessId":597,"CommandLine":"C:\\Program Files\\Google\\Chrome\\Application\\chrome.exe","ParentImage":"C:\\Windows\\System32\\services.exe","ParentProcessGuid":"{124D0E8D-24AE-2026-4CC7-9AAA00BE0A35}","OriginalFileName":"C:\\Program Files\\Google\\Chrome\\Application\\chrome.exe","SHA256":"d1a74e8621df22fb61abe6535ec8662a2d82bd2b1b99d6ef56c3b1d47f93c829"}
{"UtcTime":"2026-08-12 10:55:33.000","Computer":"TN-FIN-WS042","User":"TRANSNORTE\\backup_svc","EventID":1,"Image":"C:\\Program Files\\Google\\Chrome\\Application\\chrome.exe","ProcessGuid":"{9A627FF7-35C4-2026-9C4F-285D63D06A62}","ProcessId":4614,"CommandLine":"C:\\Program Files\\Google\\Chrome\\Application\\chrome.exe","ParentImage":"C:\\Windows\\System32\\services.exe","ParentProcessGuid":"{CCCACC7D-CC09-2026-BFE9-20383B08192B}","OriginalFileName":"C:\\Program Files\\Google\\Chrome\\Application\\chrome.exe","SHA256":"bc4578e75fe81e827885c1d2bed1f33bf078aea0c6a7933cc0628c7bbc7c76a5"}
{"UtcTime":"2026-08-12 10:55:34.000","Computer":"TN-FIN-WS042","User":"TRANSNORTE\\backup_svc","EventID":5,"Image":"C:\\Windows\\System32\\svchost.exe","ProcessGuid":"{FBCF128F-B6C5-2026-335B-93525BAD4CE3}","ProcessId":6201,"EventType":"End"}
{"UtcTime":"2026-08-12 10:55:35.000","Computer":"TN-FIN-WS042","User":"TRANSNORTE\\backup_svc","EventID":1,"Image":"C:\\Program Files\\Google\\Chrome\\Application\\chrome.exe","ProcessGuid":"{E7AF7D3C-1DED-2026-27B1-1325EC43DCAF}","ProcessId":2312,"CommandLine":"C:\\Program Files\\Google\\Chrome\\Application\\chrome.exe","ParentImage":"C:\\Windows\\System32\\services.exe","ParentProcessGuid":"{DAFCD767-C6AF-2026-138A-42052C6BB990}","OriginalFileName":"C:\\Program Files\\Google\\Chrome\\Application\\chrome.exe","SHA256":"83f8ff0089bb3198f84e57c026d9c12ed11c7aeedb7b89431114bf828630c840"}
{"UtcTime":"2026-08-12 10:55:36.000","Computer":"TN-FIN-WS042","User":"TRANSNORTE\\ops.cardoso","EventID":3,"Image":"C:\\Program Files\\Microsoft Office\\Office16\\OUTLOOK.EXE","ProcessGuid":"{1786A00F-27D7-2026-63A3-3E4E858E34B8}","ProcessId":8452,"DestinationIp":"8.8.8.8","DestinationPort":8080,"SourceIp":"10.50.10.42","Protocol":"tcp"}
{"UtcTime":"2026-08-12 10:55:37.000","Computer":"TN-FIN-WS042","User":"TRANSNORTE\\backup_svc","EventID":11,"Image":"C:\\Windows\\System32\\conhost.exe","ProcessGuid":"{D040FB8D-6C03-2026-9F44-DEE182C0C243}","ProcessId":5050,"TargetFilename":"C:\\Users\\ops.cardoso\\AppData\\Local\\Temp\\office-4537.tmp"}
{"UtcTime":"2026-08-12 10:55:38.000","Computer":"TN-FIN-WS042","User":"TRANSNORTE\\backup_svc","EventID":1,"Image":"C:\\Windows\\explorer.exe","ProcessGuid":"{13AD005E-4A3C-2026-123F-6CED1D662B96}","ProcessId":3248,"CommandLine":"C:\\Windows\\explorer.exe","ParentImage":"C:\\Windows\\System32\\services.exe","ParentProcessGuid":"{D0BD8856-D45D-2026-6864-6472B6E74E10}","OriginalFileName":"C:\\Windows\\explorer.exe","SHA256":"0c9dce8408cf10198a55a26a0c7a706400a4c7f0b149ac455d9872cd5581dd15"}
{"UtcTime":"2026-08-12 10:55:39.000","Computer":"TN-FIN-WS042","User":"TRANSNORTE\\backup_svc","EventID":1,"Image":"C:\\Windows\\explorer.exe","ProcessGuid":"{51150E78-207F-2026-76A3-645334C8D3B5}","ProcessId":8617,"CommandLine":"C:\\Windows\\explorer.exe","ParentImage":"C:\\Windows\\System32\\services.exe","ParentProcessGuid":"{FF7E29A6-4221-2026-36EE-9654EB3F6429}","OriginalFileName":"C:\\Windows\\explorer.exe","SHA256":"f4d597f7069a0c73176c4ba7aec8f0f101db4c1b0d6af34b6145c423b2961949"}
{"UtcTime":"2026-08-12 10:55:40.000","Computer":"TN-FIN-WS042","User":"TRANSNORTE\\backup_svc","EventID":3,"Image":"C:\\Windows\\System32\\conhost.exe","ProcessGuid":"{5549DAAA-E63A-2026-4431-564EA052D1F4}","ProcessId":6697,"DestinationIp":"10.50.10.10","DestinationPort":135,"SourceIp":"10.50.10.42","Protocol":"tcp"}
{"UtcTime":"2026-08-12 10:55:41.000","Computer":"TN-FIN-WS042","User":"TRANSNORTE\\ops.cardoso","EventID":1,"Image":"C:\\Windows\\System32\\RuntimeBroker.exe","ProcessGuid":"{1936FB08-2C65-2026-6F66-CCBBEDF78682}","ProcessId":8654,"CommandLine":"C:\\Windows\\System32\\RuntimeBroker.exe","ParentImage":"C:\\Windows\\System32\\services.exe","ParentProcessGuid":"{7CC272DE-A0BA-2026-E0B7-17C7072E87BB}","OriginalFileName":"C:\\Windows\\System32\\RuntimeBroker.exe","SHA256":"e40fa4286cdb518852e406be3eff164f73c081387813cf9c9e5267a5383a8771"}
{"UtcTime":"2026-08-12 10:55:42.000","Computer":"TN-FIN-WS042","User":"TRANSNORTE\\backup_svc","EventID":1,"Image":"C:\\Program Files\\Google\\Chrome\\Application\\chrome.exe","ProcessGuid":"{C92FFAD7-30A9-2026-0FBA-D1B151509FA4}","ProcessId":8294,"CommandLine":"C:\\Program Files\\Google\\Chrome\\Application\\chrome.exe","ParentImage":"C:\\Windows\\System32\\services.exe","ParentProcessGuid":"{5FB5445C-285B-2026-1230-892A86C61759}","OriginalFileName":"C:\\Program Files\\Google\\Chrome\\Application\\chrome.exe","SHA256":"e7c39011ccdb32224609656d859ce7d371099a21a412c8df576ed505b78bda76"}
{"UtcTime":"2026-08-12 10:55:43.000","Computer":"TN-FIN-WS042","User":"TRANSNORTE\\backup_svc","EventID":1,"Image":"C:\\Windows\\explorer.exe","ProcessGuid":"{E9836B14-399E-2026-84FA-D50A8842C3C3}","ProcessId":4774,"CommandLine":"C:\\Windows\\explorer.exe","ParentImage":"C:\\Windows\\System32\\services.exe","ParentProcessGuid":"{647B2CFE-0FE8-2026-50BB-B7FE1C1D8E07}","OriginalFileName":"C:\\Windows\\explorer.exe","SHA256":"171d1149a18130f495d26e953397da9158a5ee8195b02bc8be3a7293cfdf3dfb"}
{"UtcTime":"2026-08-12 10:55:44.000","Computer":"TN-FIN-WS042","User":"TRANSNORTE\\ops.cardoso","EventID":13,"Image":"C:\\Windows\\explorer.exe","ProcessGuid":"{3AD8B490-2364-2026-E59E-483DBBBEE6CE}","ProcessId":3093,"EventType":"SetValue","TargetObject":"HKCU\\Software\\Microsoft\\Office\\16.0\\Outlook\\Resiliency\\4544","Details":"1"}
{"UtcTime":"2026-08-12 10:55:45.000","Computer":"TN-FIN-WS042","User":"TRANSNORTE\\backup_svc","EventID":11,"Image":"C:\\Windows\\System32\\conhost.exe","ProcessGuid":"{59181638-9F43-2026-7987-FFE103F74232}","ProcessId":8423,"TargetFilename":"C:\\Users\\ops.cardoso\\AppData\\Local\\Temp\\office-4545.tmp"}
{"UtcTime":"2026-08-12 10:55:46.000","Computer":"TN-FIN-WS042","User":"TRANSNORTE\\ops.cardoso","EventID":11,"Image":"C:\\Windows\\explorer.exe","ProcessGuid":"{64E4D167-AD9C-2026-7327-C128E19055F3}","ProcessId":6943,"TargetFilename":"C:\\Users\\ops.cardoso\\AppData\\Local\\Temp\\office-4546.tmp"}
{"UtcTime":"2026-08-12 10:55:47.000","Computer":"TN-FIN-WS042","User":"TRANSNORTE\\ops.cardoso","EventID":11,"Image":"C:\\Windows\\System32\\svchost.exe","ProcessGuid":"{8A7EF783-E7F6-2026-A8E1-F1C9FADC5BE3}","ProcessId":1826,"TargetFilename":"C:\\Users\\ops.cardoso\\AppData\\Local\\Temp\\office-4547.tmp"}
{"UtcTime":"2026-08-12 10:55:48.000","Computer":"TN-FIN-WS042","User":"TRANSNORTE\\ops.cardoso","EventID":13,"Image":"C:\\Program Files\\Microsoft Office\\Office16\\OUTLOOK.EXE","ProcessGuid":"{B012DF00-7A21-2026-2124-11DAAE9B2F60}","ProcessId":7342,"EventType":"SetValue","TargetObject":"HKCU\\Software\\Microsoft\\Office\\16.0\\Outlook\\Resiliency\\4548","Details":"1"}
{"UtcTime":"2026-08-12 10:55:49.000","Computer":"TN-FIN-WS042","User":"TRANSNORTE\\backup_svc","EventID":1,"Image":"C:\\Windows\\explorer.exe","ProcessGuid":"{1C4A6B24-B16C-2026-B5A8-AC632F5BCA2A}","ProcessId":5531,"CommandLine":"C:\\Windows\\explorer.exe","ParentImage":"C:\\Windows\\System32\\services.exe","ParentProcessGuid":"{418F0B4D-9616-2026-F43C-CC2B453A1CE5}","OriginalFileName":"C:\\Windows\\explorer.exe","SHA256":"6095108697c3e85e5aff7a0220dac101c069a17ca9990b98dd0c7a74da3ef674"}
{"UtcTime":"2026-08-12 10:55:50.000","Computer":"TN-FIN-WS042","User":"TRANSNORTE\\backup_svc","EventID":13,"Image":"C:\\Windows\\System32\\RuntimeBroker.exe","ProcessGuid":"{FF333148-DD57-2026-2F82-9E14B3746A46}","ProcessId":785,"EventType":"SetValue","TargetObject":"HKCU\\Software\\Microsoft\\Office\\16.0\\Outlook\\Resiliency\\4550","Details":"1"}
{"UtcTime":"2026-08-12 10:55:51.000","Computer":"TN-FIN-WS042","User":"TRANSNORTE\\backup_svc","EventID":1,"Image":"C:\\Windows\\System32\\svchost.exe","ProcessGuid":"{1D410CF0-9B4D-2026-E720-45E9557EE3E5}","ProcessId":4127,"CommandLine":"C:\\Windows\\System32\\svchost.exe","ParentImage":"C:\\Windows\\System32\\services.exe","ParentProcessGuid":"{DF816A4C-6B1C-2026-7C52-AF8F69F603E2}","OriginalFileName":"C:\\Windows\\System32\\svchost.exe","SHA256":"4d142616398602c86a48c48cbf9dfcce9e518f104c78706a86b806d9275735ca"}
{"UtcTime":"2026-08-12 10:55:52.000","Computer":"TN-FIN-WS042","User":"TRANSNORTE\\backup_svc","EventID":1,"Image":"C:\\Windows\\System32\\RuntimeBroker.exe","ProcessGuid":"{3A909324-AF51-2026-8544-69A11BD0514D}","ProcessId":6043,"CommandLine":"C:\\Windows\\System32\\RuntimeBroker.exe","ParentImage":"C:\\Windows\\System32\\services.exe","ParentProcessGuid":"{4C14ED74-A998-2026-6E14-E99E60D99E9F}","OriginalFileName":"C:\\Windows\\System32\\RuntimeBroker.exe","SHA256":"74eff3c997d1f4ec92f44f0298ad0bebd5a018b680caa1e60cf4aa5a0885166e"}
{"UtcTime":"2026-08-12 10:55:53.000","Computer":"TN-FIN-WS042","User":"TRANSNORTE\\backup_svc","EventID":5,"Image":"C:\\Windows\\System32\\svchost.exe","ProcessGuid":"{DF34E3BA-4DF9-2026-A6D7-5456CDC4C767}","ProcessId":5254,"EventType":"End"}
{"UtcTime":"2026-08-12 10:55:54.000","Computer":"TN-FIN-WS042","User":"TRANSNORTE\\ops.cardoso","EventID":1,"Image":"C:\\Windows\\System32\\conhost.exe","ProcessGuid":"{0982E607-7D74-2026-B176-E2174D7B7D13}","ProcessId":2181,"CommandLine":"C:\\Windows\\System32\\conhost.exe","ParentImage":"C:\\Windows\\System32\\services.exe","ParentProcessGuid":"{6259B28C-23B1-2026-7838-313B4265956A}","OriginalFileName":"C:\\Windows\\System32\\conhost.exe","SHA256":"b03e01505175c21233f571e9214ab3c36881834905edf74abe6a736693cc1fe5"}
{"UtcTime":"2026-08-12 10:55:55.000","Computer":"TN-FIN-WS042","User":"TRANSNORTE\\backup_svc","EventID":13,"Image":"C:\\Windows\\System32\\conhost.exe","ProcessGuid":"{85948579-365A-2026-84A7-D0C4FF8110DA}","ProcessId":6426,"EventType":"SetValue","TargetObject":"HKCU\\Software\\Microsoft\\Office\\16.0\\Outlook\\Resiliency\\4555","Details":"1"}
{"UtcTime":"2026-08-12 10:55:56.000","Computer":"TN-FIN-WS042","User":"TRANSNORTE\\ops.cardoso","EventID":3,"Image":"C:\\Program Files\\Google\\Chrome\\Application\\chrome.exe","ProcessGuid":"{B7E55FAA-6D2D-2026-2B3C-B87685BA5846}","ProcessId":5299,"DestinationIp":"10.50.10.10","DestinationPort":443,"SourceIp":"10.50.10.42","Protocol":"tcp"}
{"UtcTime":"2026-08-12 10:55:57.000","Computer":"TN-FIN-WS042","User":"TRANSNORTE\\ops.cardoso","EventID":11,"Image":"C:\\Program Files\\Microsoft Office\\Office16\\OUTLOOK.EXE","ProcessGuid":"{DF86B9A4-617B-2026-0EDB-9BE8739143A8}","ProcessId":5705,"TargetFilename":"C:\\Users\\ops.cardoso\\AppData\\Local\\Temp\\office-4557.tmp"}
{"UtcTime":"2026-08-12 10:55:58.000","Computer":"TN-FIN-WS042","User":"TRANSNORTE\\ops.cardoso","EventID":5,"Image":"C:\\Program Files\\Microsoft Office\\Office16\\OUTLOOK.EXE","ProcessGuid":"{01A98BD5-8F03-2026-E79E-F749BB0C0901}","ProcessId":8648,"EventType":"End"}
{"UtcTime":"2026-08-12 10:55:59.000","Computer":"TN-FIN-WS042","User":"TRANSNORTE\\ops.cardoso","EventID":11,"Image":"C:\\Windows\\System32\\conhost.exe","ProcessGuid":"{74C4CB11-FE1B-2026-5E58-BD53EA261604}","ProcessId":7277,"TargetFilename":"C:\\Users\\ops.cardoso\\AppData\\Local\\Temp\\office-4559.tmp"}
{"UtcTime":"2026-08-12 10:56:00.000","Computer":"TN-FIN-WS042","User":"TRANSNORTE\\ops.cardoso","EventID":11,"Image":"C:\\Windows\\System32\\conhost.exe","ProcessGuid":"{2940EB0B-0184-2026-94EC-7EA1B0A96204}","ProcessId":8473,"TargetFilename":"C:\\Users\\ops.cardoso\\AppData\\Local\\Temp\\office-4560.tmp"}
{"UtcTime":"2026-08-12 10:56:01.000","Computer":"TN-FIN-WS042","User":"TRANSNORTE\\backup_svc","EventID":1,"Image":"C:\\Windows\\System32\\svchost.exe","ProcessGuid":"{90C004BA-27D1-2026-9251-AEED8008C3F9}","ProcessId":8987,"CommandLine":"C:\\Windows\\System32\\svchost.exe","ParentImage":"C:\\Windows\\System32\\services.exe","ParentProcessGuid":"{E50631CD-D613-2026-9921-F56F0DC9A9C0}","OriginalFileName":"C:\\Windows\\System32\\svchost.exe","SHA256":"178cb2f263fd8b630d02d70799eb3a5d820424963a5392e52a34469771cfa613"}
{"UtcTime":"2026-08-12 10:56:02.000","Computer":"TN-FIN-WS042","User":"TRANSNORTE\\ops.cardoso","EventID":3,"Image":"C:\\Windows\\explorer.exe","ProcessGuid":"{8D6E4DA5-5DC5-2026-3EF7-662FE0517772}","ProcessId":2819,"DestinationIp":"8.8.8.8","DestinationPort":135,"SourceIp":"10.50.10.42","Protocol":"tcp"}
{"UtcTime":"2026-08-12 10:56:03.000","Computer":"TN-FIN-WS042","User":"TRANSNORTE\\ops.cardoso","EventID":5,"Image":"C:\\Windows\\explorer.exe","ProcessGuid":"{51DD8D65-1FAB-2026-C80F-222F0BCBD222}","ProcessId":6404,"EventType":"End"}
{"UtcTime":"2026-08-12 10:56:04.000","Computer":"TN-FIN-WS042","User":"TRANSNORTE\\ops.cardoso","EventID":5,"Image":"C:\\Windows\\System32\\svchost.exe","ProcessGuid":"{68BB1D71-440C-2026-96AA-09BECB499DAE}","ProcessId":4738,"EventType":"End"}
{"UtcTime":"2026-08-12 10:56:05.000","Computer":"TN-FIN-WS042","User":"TRANSNORTE\\ops.cardoso","EventID":13,"Image":"C:\\Windows\\System32\\RuntimeBroker.exe","ProcessGuid":"{A441F196-C25D-2026-56E3-6DDD5B474A4D}","ProcessId":7979,"EventType":"SetValue","TargetObject":"HKCU\\Software\\Microsoft\\Office\\16.0\\Outlook\\Resiliency\\4565","Details":"1"}
{"UtcTime":"2026-08-12 10:56:06.000","Computer":"TN-FIN-WS042","User":"TRANSNORTE\\backup_svc","EventID":11,"Image":"C:\\Windows\\System32\\RuntimeBroker.exe","ProcessGuid":"{C53FEFBE-3DBC-2026-08CF-EFEAD1E1F6A2}","ProcessId":5180,"TargetFilename":"C:\\Users\\ops.cardoso\\AppData\\Local\\Temp\\office-4566.tmp"}
{"UtcTime":"2026-08-12 10:56:07.000","Computer":"TN-FIN-WS042","User":"TRANSNORTE\\ops.cardoso","EventID":3,"Image":"C:\\Windows\\System32\\RuntimeBroker.exe","ProcessGuid":"{B7DF7046-1C65-2026-7CCE-91B9928195A6}","ProcessId":7381,"DestinationIp":"8.8.8.8","DestinationPort":135,"SourceIp":"10.50.10.42","Protocol":"tcp"}
{"UtcTime":"2026-08-12 10:56:08.000","Computer":"TN-FIN-WS042","User":"TRANSNORTE\\ops.cardoso","EventID":3,"Image":"C:\\Windows\\explorer.exe","ProcessGuid":"{D6534AE4-A7B9-2026-129D-C605B61DD4C0}","ProcessId":4675,"DestinationIp":"8.8.8.8","DestinationPort":8080,"SourceIp":"10.50.10.42","Protocol":"tcp"}
{"UtcTime":"2026-08-12 10:56:09.000","Computer":"TN-FIN-WS042","User":"TRANSNORTE\\backup_svc","EventID":1,"Image":"C:\\Program Files\\Microsoft Office\\Office16\\OUTLOOK.EXE","ProcessGuid":"{62AEAF1E-DFCF-2026-41ED-72F9D2A3DC1C}","ProcessId":4429,"CommandLine":"C:\\Program Files\\Microsoft Office\\Office16\\OUTLOOK.EXE","ParentImage":"C:\\Windows\\System32\\services.exe","ParentProcessGuid":"{38ECF1D0-4A79-2026-ED2A-C9AACA00541C}","OriginalFileName":"C:\\Program Files\\Microsoft Office\\Office16\\OUTLOOK.EXE","SHA256":"7ca06891846535a1f90131a2b6654cf9068e586cc55d9e292800703ee0961821"}
{"UtcTime":"2026-08-12 10:56:10.000","Computer":"TN-FIN-WS042","User":"TRANSNORTE\\backup_svc","EventID":11,"Image":"C:\\Windows\\System32\\RuntimeBroker.exe","ProcessGuid":"{FD8FCEF4-C137-2026-1B6A-58C3A46B0D78}","ProcessId":1327,"TargetFilename":"C:\\Users\\ops.cardoso\\AppData\\Local\\Temp\\office-4570.tmp"}
