{"UtcTime":"2026-08-12 10:04:10.000","Computer":"TN-FIN-WS042","User":"TRANSNORTE\\backup_svc","EventID":1,"Image":"C:\\Windows\\System32\\svchost.exe","ProcessGuid":"{C891BC23-0981-2026-FF6E-D6C58EC62C23}","ProcessId":2238,"CommandLine":"C:\\Windows\\System32\\svchost.exe","ParentImage":"C:\\Windows\\System32\\services.exe","ParentProcessGuid":"{D52F3FD4-D7F8-2026-E9D4-8F2268E3E5C9}","OriginalFileName":"C:\\Windows\\System32\\svchost.exe","SHA256":"bd8e319cec4d170705a816ac49e59bd2efdfa43826472c45cbafc45ea3efe4aa"}
{"UtcTime":"2026-08-12 10:04:11.000","Computer":"TN-FIN-WS042","User":"TRANSNORTE\\backup_svc","EventID":1,"Image":"C:\\Windows\\System32\\conhost.exe","ProcessGuid":"{E27117CA-0ABA-2026-EF74-3EA92609341A}","ProcessId":1455,"CommandLine":"C:\\Windows\\System32\\conhost.exe","ParentImage":"C:\\Windows\\System32\\services.exe","ParentProcessGuid":"{E1039E21-BD6A-2026-F8A5-040E9A7CCB80}","OriginalFileName":"C:\\Windows\\System32\\conhost.exe","SHA256":"11fb9071468bee0807f9ff8e7aa3bb43daa77142f3b77444d218dc805dc20316"}
{"UtcTime":"2026-08-12 10:04:12.000","Computer":"TN-FIN-WS042","User":"TRANSNORTE\\backup_svc","EventID":1,"Image":"C:\\Windows\\System32\\conhost.exe","ProcessGuid":"{3C1604BC-ECA4-2026-93E6-E1486FAE786A}","ProcessId":8420,"CommandLine":"C:\\Windows\\System32\\conhost.exe","ParentImage":"C:\\Windows\\System32\\services.exe","ParentProcessGuid":"{39AB6230-98E4-2026-4D5C-649A7ED6CEF4}","OriginalFileName":"C:\\Windows\\System32\\conhost.exe","SHA256":"ca7c45127b6b154b3688cc5c71eb376e5e7c147926e9b22d1585a0f3e390e0bb"}
{"UtcTime":"2026-08-12 10:04:13.000","Computer":"TN-FIN-WS042","User":"TRANSNORTE\\backup_svc","EventID":1,"Image":"C:\\Windows\\System32\\RuntimeBroker.exe","ProcessGuid":"{F6DABD85-4493-2026-6303-A1EA9EF001B1}","ProcessId":8156,"CommandLine":"C:\\Windows\\System32\\RuntimeBroker.exe","ParentImage":"C:\\Windows\\System32\\services.exe","ParentProcessGuid":"{CCAA1780-3577-2026-808A-03E0C796EC67}","OriginalFileName":"C:\\Windows\\System32\\RuntimeBroker.exe","SHA256":"a85bcdea9ef98335dad566e4fa50765ca837e454368bfc402548ac0fd9d53c51"}
{"UtcTime":"2026-08-12 10:04:14.000","Computer":"TN-FIN-WS042","User":"TRANSNORTE\\ops.cardoso","EventID":11,"Image":"C:\\Program Files\\Microsoft Office\\Office16\\OUTLOOK.EXE","ProcessGuid":"{B3634F7E-B7FC-2026-A0A4-3A7EE0830C18}","ProcessId":8554,"TargetFilename":"C:\\Users\\ops.cardoso\\AppData\\Local\\Temp\\office-1454.tmp"}
{"UtcTime":"2026-08-12 10:04:15.000","Computer":"TN-FIN-WS042","User":"TRANSNORTE\\backup_svc","EventID":1,"Image":"C:\\Windows\\System32\\RuntimeBroker.exe","ProcessGuid":"{F6D73EB3-F97A-2026-3BF5-D2BBDE8C9CCA}","ProcessId":5804,"CommandLine":"C:\\Windows\\System32\\RuntimeBroker.exe","ParentImage":"C:\\Windows\\System32\\services.exe","ParentProcessGuid":"{823EAEE0-6A3A-2026-461C-DA052C316F26}","OriginalFileName":"C:\\Windows\\System32\\RuntimeBroker.exe","SHA256":"f4680db651cd8a01882fcfe0c563f3b340c51b8c28dcbf64697910feb953d485"}
{"UtcTime":"2026-08-12 10:04:16.000","Computer":"TN-FIN-WS042","User":"TRANSNORTE\\backup_svc","EventID":1,"Image":"C:\\Program Files\\Google\\Chrome\\Application\\chrome.exe","ProcessGuid":"{4F5C6E3B-4328-2026-A177-20C2DFCECA8F}","ProcessId":6798,"CommandLine":"C:\\Program Files\\Google\\Chrome\\Application\\chrome.exe","ParentImage":"C:\\Windows\\System32\\services.exe","ParentProcessGuid":"{9379A44B-C63D-2026-7769-6ECE4DEA942A}","OriginalFileName":"C:\\Program Files\\Google\\Chrome\\Application\\chrome.exe","SHA256":"3a54757ac099a35aaf2168c1503215d4ff588312b86a27e416cc5a2f4f7548b0"}
{"UtcTime":"2026-08-12 10:04:17.000","Computer":"TN-FIN-WS042","User":"TRANSNORTE\\backup_svc","EventID":1,"Image":"C:\\Windows\\explorer.exe","ProcessGuid":"{A402BEF5-5ED8-2026-4609-ADE55F3DF78A}","ProcessId":2677,"CommandLine":"C:\\Windows\\explorer.exe","ParentImage":"C:\\Windows\\System32\\services.exe","ParentProcessGuid":"{D3D31A18-28BC-2026-7C6A-646FD130ABF4}","OriginalFileName":"C:\\Windows\\explorer.exe","SHA256":"606a3ab067cabed81277f548cf9a6b8b7017f51d9c53dfdca5ac88bb935a584d"}
{"UtcTime":"2026-08-12 10:04:18.000","Computer":"TN-FIN-WS042","User":"TRANSNORTE\\backup_svc","EventID":1,"Image":"C:\\Program Files\\Google\\Chrome\\Application\\chrome.exe","ProcessGuid":"{D583F53B-9FBF-2026-B598-3049E4324F7C}","ProcessId":1002,"CommandLine":"C:\\Program Files\\Google\\Chrome\\Application\\chrome.exe","ParentImage":"C:\\Windows\\System32\\services.exe","ParentProcessGuid":"{48066B41-E6D5-2026-BD60-8F87CB3D5684}","OriginalFileName":"C:\\Program Files\\Google\\Chrome\\Application\\chrome.exe","SHA256":"038d9e73cb1b2f752a0936a7e86f00d42ec1bd655239815f74598ad2c3402d80"}
{"UtcTime":"2026-08-12 10:04:19.000","Computer":"TN-FIN-WS042","User":"TRANSNORTE\\backup_svc","EventID":13,"Image":"C:\\Windows\\System32\\conhost.exe","ProcessGuid":"{743D8359-4665-2026-8B2F-0886285DAF03}","ProcessId":5927,"EventType":"SetValue","TargetObject":"HKCU\\Software\\Microsoft\\Office\\16.0\\Outlook\\Resiliency\\1459","Details":"1"}
{"UtcTime":"2026-08-12 10:04:20.000","Computer":"TN-FIN-WS042","User":"TRANSNORTE\\backup_svc","EventID":13,"Image":"C:\\Windows\\explorer.exe","ProcessGuid":"{C6740B6A-8DE8-2026-3537-844D803F5D23}","ProcessId":8533,"EventType":"SetValue","TargetObject":"HKCU\\Software\\Microsoft\\Office\\16.0\\Outlook\\Resiliency\\1460","Details":"1"}
{"UtcTime":"2026-08-12 10:04:21.000","Computer":"TN-FIN-WS042","User":"TRANSNORTE\\backup_svc","EventID":13,"Image":"C:\\Program Files\\Microsoft Office\\Office16\\OUTLOOK.EXE","ProcessGuid":"{642E417D-7B1B-2026-8401-F5929B0FC117}","ProcessId":4606,"EventType":"SetValue","TargetObject":"HKCU\\Software\\Microsoft\\Office\\16.0\\Outlook\\Resiliency\\1461","Details":"1"}
{"UtcTime":"2026-08-12 10:04:22.000","Computer":"TN-FIN-WS042","User":"TRANSNORTE\\ops.cardoso","EventID":3,"Image":"C:\\Windows\\System32\\conhost.exe","ProcessGuid":"{CB631C7E-BC4F-2026-BF64-1861062D0FFD}","ProcessId":5356,"DestinationIp":"10.50.10.88","DestinationPort":8080,"SourceIp":"10.50.10.42","Protocol":"tcp"}
{"UtcTime":"2026-08-12 10:04:23.000","Computer":"TN-FIN-WS042","User":"TRANSNORTE\\ops.cardoso","EventID":1,"Image":"C:\\Windows\\System32\\conhost.exe","ProcessGuid":"{69F71093-6921-2026-0A55-D1773AE70B1C}","ProcessId":2375,"CommandLine":"C:\\Windows\\System32\\conhost.exe","ParentImage":"C:\\Windows\\System32\\services.exe","ParentProcessGuid":"{8815B92E-5166-2026-2690-FED9782D1809}","OriginalFileName":"C:\\Windows\\System32\\conhost.exe","SHA256":"5c078f277f06d15a1bc754e56c4c2c3af3dad73704a4e631408cabb3ea966d48"}
{"UtcTime":"2026-08-12 10:04:24.000","Computer":"TN-FIN-WS042","User":"TRANSNORTE\\ops.cardoso","EventID":1,"Image":"C:\\Program Files\\Microsoft Office\\Office16\\OUTLOOK.EXE","ProcessGuid":"{251BA778-8906-2026-1C23-D60EE095143B}","ProcessId":1312,"CommandLine":"C:\\Program Files\\Microsoft Office\\Office16\\OUTLOOK.EXE","ParentImage":"C:\\Windows\\System32\\services.exe","ParentProcessGuid":"{E0088B83-D2C8-2026-7490-0DE54524DE43}","OriginalFileName":"C:\\Program Files\\Microsoft Office\\Office16\\OUTLOOK.EXE","SHA256":"63e5a8b9020aa9e4af8134d64524ddf673548b86ccb06aad1f981a779f67f390"}
{"UtcTime":"2026-08-12 10:04:25.000","Computer":"TN-FIN-WS042","User":"TRANSNORTE\\backup_svc","EventID":1,"Image":"C:\\Program Files\\Microsoft Office\\Office16\\OUTLOOK.EXE","ProcessGuid":"{781EE7CA-6880-2026-1331-02646B08B0D0}","ProcessId":8877,"CommandLine":"C:\\Program Files\\Microsoft Office\\Office16\\OUTLOOK.EXE","ParentImage":"C:\\Windows\\System32\\services.exe","ParentProcessGuid":"{AAF7DA88-E11F-2026-50D3-7FDCA8A2A7AA}","OriginalFileName":"C:\\Program Files\\Microsoft Office\\Office16\\OUTLOOK.EXE","SHA256":"f1951877917cb33b0f5fb4ce7078776d0c00a5bef1e22d9cf5a78f8a54eb6433"}
{"UtcTime":"2026-08-12 10:04:26.000","Computer":"TN-FIN-WS042","User":"TRANSNORTE\\backup_svc","EventID":3,"Image":"C:\\Windows\\explorer.exe","ProcessGuid":"{E9866C21-A4E8-2026-87AE-538E4211A408}","ProcessId":8520,"DestinationIp":"10.50.10.88","DestinationPort":135,"SourceIp":"10.50.10.42","Protocol":"tcp"}
{"UtcTime":"2026-08-12 10:04:27.000","Computer":"TN-FIN-WS042","User":"TRANSNORTE\\backup_svc","EventID":1,"Image":"C:\\Windows\\explorer.exe","ProcessGuid":"{E0899805-9BF7-2026-C486-742D8EA8F498}","ProcessId":1087,"CommandLine":"C:\\Windows\\explorer.exe","ParentImage":"C:\\Windows\\System32\\services.exe","ParentProcessGuid":"{7C9F52AD-6F62-2026-E5D1-2861B12484C1}","OriginalFileName":"C:\\Windows\\explorer.exe","SHA256":"109ff6d2c42edd7af78b779d5cbbc1a97f89ba24b10ff07d24da34e5af9194a4"}
{"UtcTime":"2026-08-12 10:04:28.000","Computer":"TN-FIN-WS042","User":"TRANSNORTE\\backup_svc","EventID":1,"Image":"C:\\Program Files\\Microsoft Office\\Office16\\OUTLOOK.EXE","ProcessGuid":"{392C4E31-1B20-2026-AE57-161F99538EAC}","ProcessId":8900,"CommandLine":"C:\\Program Files\\Microsoft Office\\Office16\\OUTLOOK.EXE","ParentImage":"C:\\Windows\\System32\\services.exe","ParentProcessGuid":"{716BBF4B-6A81-2026-796A-2BD444EE7678}","OriginalFileName":"C:\\Program Files\\Microsoft Office\\Office16\\OUTLOOK.EXE","SHA256":"8af6e98c3755266d16f21b228e973f8386501ee7ba24c2abef7a6606a91b8321"}
{"UtcTime":"2026-08-12 10:04:29.000","Computer":"TN-FIN-WS042","User":"TRANSNORTE\\ops.cardoso","EventID":3,"Image":"C:\\Windows\\System32\\svchost.exe","ProcessGuid":"{567BE674-C7D9-2026-0F76-BD4D745B3896}","ProcessId":3698,"DestinationIp":"1.1.1.1","DestinationPort":8080,"SourceIp":"10.50.10.42","Protocol":"tcp"}
{"UtcTime":"2026-08-12 10:04:30.000","Computer":"TN-FIN-WS042","User":"TRANSNORTE\\ops.cardoso","EventID":11,"Image":"C:\\Windows\\System32\\conhost.exe","ProcessGuid":"{49C4BF15-D0B8-2026-78CB-256B2FC2D980}","ProcessId":1666,"TargetFilename":"C:\\Users\\ops.cardoso\\AppData\\Local\\Temp\\office-1470.tmp"}
{"UtcTime":"2026-08-12 10:04:31.000","Computer":"TN-FIN-WS042","User":"TRANSNORTE\\backup_svc","EventID":3,"Image":"C:\\Windows\\System32\\RuntimeBroker.exe","ProcessGuid":"{8F74E298-6FFE-2026-1A91-9DC0673B32B5}","ProcessId":5323,"DestinationIp":"10.50.10.10","DestinationPort":135,"SourceIp":"10.50.10.42","Protocol":"tcp"}
{"UtcTime":"2026-08-12 10:04:32.000","Computer":"TN-FIN-WS042","User":"TRANSNORTE\\backup_svc","EventID":1,"Image":"C:\\Windows\\System32\\svchost.exe","ProcessGuid":"{F3794589-91EB-2026-9487-BAE88497C06C}","ProcessId":1485,"CommandLine":"C:\\Windows\\System32\\svchost.exe","ParentImage":"C:\\Windows\\System32\\services.exe","ParentProcessGuid":"{64722C17-1E5A-2026-6721-5040AE1D7BCF}","OriginalFileName":"C:\\Windows\\System32\\svchost.exe","SHA256":"e1486bb66104eddf45134b1807ae799016b49edb650ee041b9d6df98b27975f7"}
{"UtcTime":"2026-08-12 10:04:33.000","Computer":"TN-FIN-WS042","User":"TRANSNORTE\\backup_svc","EventID":3,"Image":"C:\\Program Files\\Microsoft Office\\Office16\\OUTLOOK.EXE","ProcessGuid":"{55856913-185A-2026-951B-DB9701F2A7F1}","ProcessId":4050,"DestinationIp":"1.1.1.1","DestinationPort":53,"SourceIp":"10.50.10.42","Protocol":"tcp"}
{"UtcTime":"2026-08-12 10:04:34.000","Computer":"TN-FIN-WS042","User":"TRANSNORTE\\ops.cardoso","EventID":3,"Image":"C:\\Windows\\explorer.exe","ProcessGuid":"{962C2615-6809-2026-1FEF-9BE3D523E46F}","ProcessId":8575,"DestinationIp":"1.1.1.1","DestinationPort":8080,"SourceIp":"10.50.10.42","Protocol":"tcp"}
{"UtcTime":"2026-08-12 10:04:35.000","Computer":"TN-FIN-WS042","User":"TRANSNORTE\\backup_svc","EventID":11,"Image":"C:\\Windows\\explorer.exe","ProcessGuid":"{735258B9-C687-2026-B40F-B1949A18F2F0}","ProcessId":5095,"TargetFilename":"C:\\Users\\ops.cardoso\\AppData\\Local\\Temp\\office-1475.tmp"}
{"UtcTime":"2026-08-12 10:04:36.000","Computer":"TN-FIN-WS042","User":"TRANSNORTE\\backup_svc","EventID":3,"Image":"C:\\Windows\\System32\\svchost.exe","ProcessGuid":"{D923E471-9353-2026-CB83-90D350E9AF6F}","ProcessId":8839,"DestinationIp":"8.8.8.8","DestinationPort":8080,"SourceIp":"10.50.10.42","Protocol":"tcp"}
{"UtcTime":"2026-08-12 10:04:37.000","Computer":"TN-FIN-WS042","User":"TRANSNORTE\\backup_svc","EventID":3,"Image":"C:\\Program Files\\Microsoft Office\\Office16\\OUTLOOK.EXE","ProcessGuid":"{CA98A771-ECBA-2026-8F83-39E5A4FA0F5D}","ProcessId":8829,"DestinationIp":"10.50.10.10","DestinationPort":53,"SourceIp":"10.50.10.42","Protocol":"tcp"}
{"UtcTime":"2026-08-12 10:04:38.000","Computer":"TN-FIN-WS042","User":"TRANSNORTE\\backup_svc","EventID":11,"Image":"C:\\Windows\\System32\\conhost.exe","ProcessGuid":"{9F79312F-C797-2026-AB6B-2725E6EDE737}","ProcessId":3650,"TargetFilename":"C:\\Users\\ops.cardoso\\AppData\\Local\\Temp\\office-1478.tmp"}
{"UtcTime":"2026-08-12 10:04:39.000","Computer":"TN-FIN-WS042","User":"TRANSNORTE\\ops.cardoso","EventID":1,"Image":"C:\\Windows\\System32\\conhost.exe","ProcessGuid":"{E4833BDD-53FA-2026-DB50-C8C350F0FC93}","ProcessId":8061,"CommandLine":"C:\\Windows\\System32\\conhost.exe","ParentImage":"C:\\Windows\\System32\\services.exe","ParentProcessGuid":"{40501DC1-1BD3-2026-C84C-12177304E6CA}","OriginalFileName":"C:\\Windows\\System32\\conhost.exe","SHA256":"3eeeebb29985959e34b78d33c67b01dbd1943214a8bc229c49c5c1ee7ece746b"}
{"UtcTime":"2026-08-12 10:04:40.000","Computer":"TN-FIN-WS042","User":"TRANSNORTE\\ops.cardoso","EventID":11,"Image":"C:\\Windows\\explorer.exe","ProcessGuid":"{A069141C-25BE-2026-5ABE-2168B3602A5F}","ProcessId":5866,"TargetFilename":"C:\\Users\\ops.cardoso\\AppData\\Local\\Temp\\office-1480.tmp"}
{"UtcTime":"2026-08-12 10:04:41.000","Computer":"TN-FIN-WS042","User":"TRANSNORTE\\backup_svc","EventID":1,"Image":"C:\\Windows\\explorer.exe","ProcessGuid":"{89BC7E3B-C07D-2026-05BB-4F74080D0664}","ProcessId":6800,"CommandLine":"C:\\Windows\\explorer.exe","ParentImage":"C:\\Windows\\System32\\services.exe","ParentProcessGuid":"{70A2040E-EE3B-2026-7DB4-72D96D708D88}","OriginalFileName":"C:\\Windows\\explorer.exe","SHA256":"e840d74d97465b25b33e776f5fe6019e33f02f2f01d3624d6950f980472b29bb"}
{"UtcTime":"2026-08-12 10:04:42.000","Computer":"TN-FIN-WS042","User":"TRANSNORTE\\backup_svc","EventID":1,"Image":"C:\\Program Files\\Microsoft Office\\Office16\\OUTLOOK.EXE","ProcessGuid":"{D7074D63-E226-2026-F3F3-1B5ABDD2EEBA}","ProcessId":5366,"CommandLine":"C:\\Program Files\\Microsoft Office\\Office16\\OUTLOOK.EXE","ParentImage":"C:\\Windows\\System32\\services.exe","ParentProcessGuid":"{0E083363-C4DB-2026-D547-B2AF150E3F5E}","OriginalFileName":"C:\\Program Files\\Microsoft Office\\Office16\\OUTLOOK.EXE","SHA256":"7ba068d5eacc3ff736462a2bd5cb3b2a2a865775c2ae4f7a942dbf2f319932a9"}
{"UtcTime":"2026-08-12 10:04:43.000","Computer":"TN-FIN-WS042","User":"TRANSNORTE\\ops.cardoso","EventID":13,"Image":"C:\\Windows\\explorer.exe","ProcessGuid":"{38862BE9-A8BC-2026-FD00-834352AA3C4F}","ProcessId":1694,"EventType":"SetValue","TargetObject":"HKCU\\Software\\Microsoft\\Office\\16.0\\Outlook\\Resiliency\\1483","Details":"1"}
{"UtcTime":"2026-08-12 10:04:44.000","Computer":"TN-FIN-WS042","User":"TRANSNORTE\\ops.cardoso","EventID":1,"Image":"C:\\Program Files\\Microsoft Office\\Office16\\OUTLOOK.EXE","ProcessGuid":"{F0424CCA-EF50-2026-9A42-9D3D99065ADB}","ProcessId":5902,"CommandLine":"C:\\Program Files\\Microsoft Office\\Office16\\OUTLOOK.EXE","ParentImage":"C:\\Windows\\System32\\services.exe","ParentProcessGuid":"{95A5C8E7-0E5A-2026-056F-4407138C4BD1}","OriginalFileName":"C:\\Program Files\\Microsoft Office\\Office16\\OUTLOOK.EXE","SHA256":"abd243aa43345212546dda1ab74e0f30f15d13c57061732c33e487d150a2d0e3"}
{"UtcTime":"2026-08-12 10:04:45.000","Computer":"TN-FIN-WS042","User":"TRANSNORTE\\backup_svc","EventID":1,"Image":"C:\\Windows\\explorer.exe","ProcessGuid":"{B15A2121-5CF4-2026-1919-991963ED4BA1}","ProcessId":6974,"CommandLine":"C:\\Windows\\explorer.exe","ParentImage":"C:\\Windows\\System32\\services.exe","ParentProcessGuid":"{D31278B7-AF10-2026-1794-F2D044713BFD}","OriginalFileName":"C:\\Windows\\explorer.exe","SHA256":"4c58bd79951fc171f28a867f859dc2abac4f73e7ea6ac6c1f171aceb072d1fb7"}
{"UtcTime":"2026-08-12 10:04:46.000","Computer":"TN-FIN-WS042","User":"TRANSNORTE\\backup_svc","EventID":11,"Image":"C:\\Windows\\explorer.exe","ProcessGuid":"{C143C109-AAD2-2026-1C6C-A59AB88723D7}","ProcessId":4308,"TargetFilename":"C:\\Users\\ops.cardoso\\AppData\\Local\\Temp\\office-1486.tmp"}
{"UtcTime":"2026-08-12 10:04:47.000","Computer":"TN-FIN-WS042","User":"TRANSNORTE\\ops.cardoso","EventID":3,"Image":"C:\\Program Files\\Microsoft Office\\Office16\\OUTLOOK.EXE","ProcessGuid":"{87CF7135-A4B5-2026-0467-D533D5699914}","ProcessId":2013,"DestinationIp":"1.1.1.1","DestinationPort":443,"SourceIp":"10.50.10.42","Protocol":"tcp"}
{"UtcTime":"2026-08-12 10:04:48.000","Computer":"TN-FIN-WS042","User":"TRANSNORTE\\ops.cardoso","EventID":5,"Image":"C:\\Windows\\System32\\conhost.exe","ProcessGuid":"{F58A8BC3-CCA9-2026-2613-E45543B08642}","ProcessId":6437,"EventType":"End"}
{"UtcTime":"2026-08-12 10:04:49.000","Computer":"TN-FIN-WS042","User":"TRANSNORTE\\backup_svc","EventID":5,"Image":"C:\\Windows\\System32\\svchost.exe","ProcessGuid":"{D955EFD9-C22F-2026-32D0-4976AB93C0BD}","ProcessId":8223,"EventType":"End"}
{"UtcTime":"2026-08-12 10:04:50.000","Computer":"TN-FIN-WS042","User":"TRANSNORTE\\backup_svc","EventID":1,"Image":"C:\\Program Files\\Microsoft Office\\Office16\\OUTLOOK.EXE","ProcessGuid":"{155AB80B-E09B-2026-18D2-44BD64731DA5}","ProcessId":3203,"CommandLine":"C:\\Program Files\\Microsoft Office\\Office16\\OUTLOOK.EXE","ParentImage":"C:\\Windows\\System32\\services.exe","ParentProcessGuid":"{CEFF86A0-4F90-2026-59EB-26EDE6F1FFA2}","OriginalFileName":"C:\\Program Files\\Microsoft Office\\Office16\\OUTLOOK.EXE","SHA256":"d71b3e03524886a6c350bf2a89614dab41fed357ed11c5967b7740257882c971"}
{"UtcTime":"2026-08-12 10:04:51.000","Computer":"TN-FIN-WS042","User":"TRANSNORTE\\ops.cardoso","EventID":1,"Image":"C:\\Windows\\explorer.exe","ProcessGuid":"{AE69C290-86DF-2026-4AEA-D77A8BC36C73}","ProcessId":8685,"CommandLine":"C:\\Windows\\explorer.exe","ParentImage":"C:\\Windows\\System32\\services.exe","ParentProcessGuid":"{ECEA631B-8EE4-2026-DD29-A438AF1A34CD}","OriginalFileName":"C:\\Windows\\explorer.exe","SHA256":"8a92672c4e21452d18cbaa449e11ec7d7854bfaed2a3dbf5e1b550938bf7b3af"}
{"UtcTime":"2026-08-12 10:04:52.000","Computer":"TN-FIN-WS042","User":"TRANSNORTE\\backup_svc","EventID":1,"Image":"C:\\Windows\\System32\\conhost.exe","ProcessGuid":"{55BC505E-75D3-2026-71BF-14DCB0619959}","ProcessId":7446,"CommandLine":"C:\\Windows\\System32\\conhost.exe","ParentImage":"C:\\Windows\\System32\\services.exe","ParentProcessGuid":"{31BD4EE3-4988-2026-615C-04368EC4FB74}","OriginalFileName":"C:\\Windows\\System32\\conhost.exe","SHA256":"f3fb232cd9ab7af17aab4506e5f208756982e7110c2b964d93732ad0618e6807"}
{"UtcTime":"2026-08-12 10:04:53.000","Computer":"TN-FIN-WS042","User":"TRANSNORTE\\backup_svc","EventID":1,"Image":"C:\\Program Files\\Google\\Chrome\\Application\\chrome.exe","ProcessGuid":"{16A1AE9D-96F3-2026-CF72-9269DAC88F15}","ProcessId":7439,"CommandLine":"C:\\Program Files\\Google\\Chrome\\Application\\chrome.exe","ParentImage":"C:\\Windows\\System32\\services.exe","ParentProcessGuid":"{7CD25452-BB30-2026-CD8C-DA2FFEF39F60}","OriginalFileName":"C:\\Program Files\\Google\\Chrome\\Application\\chrome.exe","SHA256":"7d6d86a4ea9914801534a9371e76450e25beb0b932403c229e4459ba3ec64ad4"}
{"UtcTime":"2026-08-12 10:04:54.000","Computer":"TN-FIN-WS042","User":"TRANSNORTE\\backup_svc","EventID":1,"Image":"C:\\Windows\\System32\\conhost.exe","ProcessGuid":"{F3473585-0D33-2026-7C19-6BC48CD8F5CC}","ProcessId":7466,"CommandLine":"C:\\Windows\\System32\\conhost.exe","ParentImage":"C:\\Windows\\System32\\services.exe","ParentProcessGuid":"{D73C3DD0-867A-2026-5B2E-FDAAD539CEA4}","OriginalFileName":"C:\\Windows\\System32\\conhost.exe","SHA256":"058331edb5cfbee8ad464dc84bfea0c5e0e102093477c6a32bd71d5095921b80"}
{"UtcTime":"2026-08-12 10:04:55.000","Computer":"TN-FIN-WS042","User":"TRANSNORTE\\backup_svc","EventID":1,"Image":"C:\\Windows\\System32\\svchost.exe","ProcessGuid":"{68F18E04-C5C0-2026-0F16-E7A270A780F4}","ProcessId":1306,"CommandLine":"C:\\Windows\\System32\\svchost.exe","ParentImage":"C:\\Windows\\System32\\services.exe","ParentProcessGuid":"{AC9EC93C-B614-2026-999C-F4D2722DBDB1}","OriginalFileName":"C:\\Windows\\System32\\svchost.exe","SHA256":"f8a4c4b927a2b82378df9668b37e67ade7f937fe3579b2808e013c5a72443a8b"}
{"UtcTime":"2026-08-12 10:04:56.000","Computer":"TN-FIN-WS042","User":"TRANSNORTE\\backup_svc","EventID":3,"Image":"C:\\Program Files\\Microsoft Office\\Office16\\OUTLOOK.EXE","ProcessGuid":"{DB2E0EB1-17DC-2026-9F1F-81B4F7F24259}","ProcessId":4340,"DestinationIp":"8.8.8.8","DestinationPort":53,"SourceIp":"10.50.10.42","Protocol":"tcp"}
{"UtcTime":"2026-08-12 10:04:57.000","Computer":"TN-FIN-WS042","User":"TRANSNORTE\\ops.cardoso","EventID":11,"Image":"C:\\Windows\\System32\\RuntimeBroker.exe","ProcessGuid":"{5ECD4956-7B9E-2026-739F-873637178A19}","ProcessId":6109,"TargetFilename":"C:\\Users\\ops.cardoso\\AppData\\Local\\Temp\\office-1497.tmp"}
{"UtcTime":"2026-08-12 10:04:58.000","Computer":"TN-FIN-WS042","User":"TRANSNORTE\\backup_svc","EventID":1,"Image":"C:\\Windows\\System32\\svchost.exe","ProcessGuid":"{BC5CA5A3-E374-2026-B943-4D1F95548D09}","ProcessId":2496,"CommandLine":"C:\\Windows\\System32\\svchost.exe","ParentImage":"C:\\Windows\\System32\\services.exe","ParentProcessGuid":"{6FBB55C8-B171-2026-783E-138448984A72}","OriginalFileName":"C:\\Windows\\System32\\svchost.exe","SHA256":"cd3c63442d8f37975f7144e781d1f0af10f95ccd9ca62ced0fdad8b0bd165275"}
{"UtcTime":"2026-08-12 10:04:59.000","Computer":"TN-FIN-WS042","User":"TRANSNORTE\\backup_svc","EventID":1,"Image":"C:\\Program Files\\Microsoft Office\\Office16\\OUTLOOK.EXE","ProcessGuid":"{74124966-84A6-2026-D1A1-BE550170122B}","ProcessId":1680,"CommandLine":"C:\\Program Files\\Microsoft Office\\Office16\\OUTLOOK.EXE","ParentImage":"C:\\Windows\\System32\\services.exe","ParentProcessGuid":"{4DA2030F-E3DE-2026-FED5-66DBAED3CCE9}","OriginalFileName":"C:\\Program Files\\Microsoft Office\\Office16\\OUTLOOK.EXE","SHA256":"96654e53a49dca46bbaa6dab5561a419666f1a23d0605158201d2ea2b8db0340"}
{"UtcTime":"2026-08-12 10:05:00.000","Computer":"TN-FIN-WS042","User":"TRANSNORTE\\backup_svc","EventID":11,"Image":"C:\\Windows\\explorer.exe","ProcessGuid":"{3524C94D-BFB8-2026-3B68-723611B3F9A8}","ProcessId":5347,"TargetFilename":"C:\\Users\\ops.cardoso\\AppData\\Local\\Temp\\office-1500.tmp"}
{"UtcTime":"2026-08-12 10:05:01.000","Computer":"TN-FIN-WS042","User":"TRANSNORTE\\backup_svc","EventID":13,"Image":"C:\\Windows\\explorer.exe","ProcessGuid":"{B07FCF8D-0FCE-2026-AAF8-EFE15722648D}","ProcessId":4739,"EventType":"SetValue","TargetObject":"HKCU\\Software\\Microsoft\\Office\\16.0\\Outlook\\Resiliency\\1501","Details":"1"}
{"UtcTime":"2026-08-12 10:05:02.000","Computer":"TN-FIN-WS042","User":"TRANSNORTE\\ops.cardoso","EventID":3,"Image":"C:\\Windows\\System32\\conhost.exe","ProcessGuid":"{D04AA7CC-8742-2026-0FE2-1EE2D1973F2B}","ProcessId":5384,"DestinationIp":"1.1.1.1","DestinationPort":8080,"SourceIp":"10.50.10.42","Protocol":"tcp"}
{"UtcTime":"2026-08-12 10:05:03.000","Computer":"TN-FIN-WS042","User":"TRANSNORTE\\backup_svc","EventID":1,"Image":"C:\\Windows\\explorer.exe","ProcessGuid":"{2344CE42-E3FC-2026-F281-F887A713409B}","ProcessId":8919,"CommandLine":"C:\\Windows\\explorer.exe","ParentImage":"C:\\Windows\\System32\\services.exe","ParentProcessGuid":"{50C869FF-6270-2026-E199-4511BD42945E}","OriginalFileName":"C:\\Windows\\explorer.exe","SHA256":"d84b63e1f6a304181d522df55fb35dd977c2529381d086b78927340cebc2e940"}
{"UtcTime":"2026-08-12 10:05:04.000","Computer":"TN-FIN-WS042","User":"TRANSNORTE\\ops.cardoso","EventID":1,"Image":"C:\\Windows\\explorer.exe","ProcessGuid":"{D13D8050-726A-2026-2585-4772FD4F24E9}","ProcessId":619,"CommandLine":"C:\\Windows\\explorer.exe","ParentImage":"C:\\Windows\\System32\\services.exe","ParentProcessGuid":"{DE442434-5D57-2026-9096-B2AC59D0C1B5}","OriginalFileName":"C:\\Windows\\explorer.exe","SHA256":"f4453b2127b985803292804367333633a75cadf2dc0da8706a646e4f3895ff6f"}
{"UtcTime":"2026-08-12 10:05:05.000","Computer":"TN-FIN-WS042","User":"TRANSNORTE\\backup_svc","EventID":5,"Image":"C:\\Windows\\System32\\svchost.exe","ProcessGuid":"{E7A5DF20-CCC5-2026-278F-E35054323829}","ProcessId":1065,"EventType":"End"}
{"UtcTime":"2026-08-12 10:05:06.000","Computer":"TN-FIN-WS042","User":"TRANSNORTE\\backup_svc","EventID":1,"Image":"C:\\Program Files\\Google\\Chrome\\Application\\chrome.exe","ProcessGuid":"{07807690-B346-2026-DDB8-87BB6CCF166E}","ProcessId":647,"CommandLine":"C:\\Program Files\\Google\\Chrome\\Application\\chrome.exe","ParentImage":"C:\\Windows\\System32\\services.exe","ParentProcessGuid":"{33AD74A4-99E8-2026-B096-3E6542B85C98}","OriginalFileName":"C:\\Program Files\\Google\\Chrome\\Application\\chrome.exe","SHA256":"d1aac0b32340762944e4471071851e1b46036a4baae5aa4e9e62496ea1f60062"}
{"UtcTime":"2026-08-12 10:05:07.000","Computer":"TN-FIN-WS042","User":"TRANSNORTE\\ops.cardoso","EventID":1,"Image":"C:\\Windows\\explorer.exe","ProcessGuid":"{3747042D-445D-2026-4578-8EE6BD9BCE4C}","ProcessId":1622,"CommandLine":"C:\\Windows\\explorer.exe","ParentImage":"C:\\Windows\\System32\\services.exe","ParentProcessGuid":"{65BCA7EC-FBF8-2026-650A-EC180E965380}","OriginalFileName":"C:\\Windows\\explorer.exe","SHA256":"03be93ab00c45734e6641fcdbec4a67756c0e1a1e16a3fd14102d808ea00148c"}
{"UtcTime":"2026-08-12 10:05:08.000","Computer":"TN-FIN-WS042","User":"TRANSNORTE\\backup_svc","EventID":1,"Image":"C:\\Windows\\System32\\RuntimeBroker.exe","ProcessGuid":"{63836675-FA85-2026-DA0E-AA681CA9284D}","ProcessId":7831,"CommandLine":"C:\\Windows\\System32\\RuntimeBroker.exe","ParentImage":"C:\\Windows\\System32\\services.exe","ParentProcessGuid":"{8B1199F3-E57B-2026-CFD2-D79A17A26454}","OriginalFileName":"C:\\Windows\\System32\\RuntimeBroker.exe","SHA256":"5584a794c2e8c2b0a13159e35304bb4531a040dee3edb7c4a395d390670c3b2f"}
{"UtcTime":"2026-08-12 10:05:09.000","Computer":"TN-FIN-WS042","User":"TRANSNORTE\\backup_svc","EventID":13,"Image":"C:\\Windows\\System32\\svchost.exe","ProcessGuid":"{51378B31-E9E2-2026-5FE8-A0D8E2BEDEC4}","ProcessId":1785,"EventType":"SetValue","TargetObject":"HKCU\\Software\\Microsoft\\Office\\16.0\\Outlook\\Resiliency\\1509","Details":"1"}
{"UtcTime":"2026-08-12 10:05:10.000","Computer":"TN-FIN-WS042","User":"TRANSNORTE\\backup_svc","EventID":1,"Image":"C:\\Windows\\System32\\conhost.exe","ProcessGuid":"{E50DFA5D-D058-2026-F6CA-21A9E421DFED}","ProcessId":3513,"CommandLine":"C:\\Windows\\System32\\conhost.exe","ParentImage":"C:\\Windows\\System32\\services.exe","ParentProcessGuid":"{F9859AF0-3ADC-2026-CE66-6E0F49960827}","OriginalFileName":"C:\\Windows\\System32\\conhost.exe","SHA256":"67538047a69b5fd7d8345b898347ab2e1b6d21780c0b2b148927444bc388bb85"}
{"UtcTime":"2026-08-12 10:05:11.000","Computer":"TN-FIN-WS042","User":"TRANSNORTE\\ops.cardoso","EventID":1,"Image":"C:\\Windows\\System32\\RuntimeBroker.exe","ProcessGuid":"{7F276B36-5046-2026-45BC-0AC55642AECD}","ProcessId":2887,"CommandLine":"C:\\Windows\\System32\\RuntimeBroker.exe","ParentImage":"C:\\Windows\\System32\\services.exe","ParentProcessGuid":"{2234059B-108C-2026-59C9-60AAFC82A5EC}","OriginalFileName":"C:\\Windows\\System32\\RuntimeBroker.exe","SHA256":"92d7d25637698790a51a775197916355482a8b729d2ce63e7590058488de170f"}
{"UtcTime":"2026-08-12 10:05:12.000","Computer":"TN-FIN-WS042","User":"TRANSNORTE\\backup_svc","EventID":1,"Image":"C:\\Program Files\\Google\\Chrome\\Application\\chrome.exe","ProcessGuid":"{B671D69C-58FF-2026-14EA-A08E47D9C847}","ProcessId":1987,"CommandLine":"C:\\Program Files\\Google\\Chrome\\Application\\chrome.exe","ParentImage":"C:\\Windows\\System32\\services.exe","ParentProcessGuid":"{DDB13EEC-CB7D-2026-728A-7A1F2838CC64}","OriginalFileName":"C:\\Program Files\\Google\\Chrome\\Application\\chrome.exe","SHA256":"d0ba521b5d6c84d91ab9ca3d985f217778cc2643a4f3578b14ec197c6b7b5df1"}
{"UtcTime":"2026-08-12 10:05:13.000","Computer":"TN-FIN-WS042","User":"TRANSNORTE\\backup_svc","EventID":1,"Image":"C:\\Windows\\System32\\RuntimeBroker.exe","ProcessGuid":"{9797C712-9163-2026-3FEA-CC7E62695F09}","ProcessId":3878,"CommandLine":"C:\\Windows\\System32\\RuntimeBroker.exe","ParentImage":"C:\\Windows\\System32\\services.exe","ParentProcessGuid":"{A4BE3DBB-54FB-2026-04A9-ACE1CA0928F8}","OriginalFileName":"C:\\Windows\\System32\\RuntimeBroker.exe","SHA256":"3a390c27db363efa45c584e68c3d533e9724c595b03befb8c41089afc74f790a"}
{"UtcTime":"2026-08-12 10:05:14.000","Computer":"TN-FIN-WS042","User":"TRANSNORTE\\ops.cardoso","EventID":1,"Image":"C:\\Windows\\explorer.exe","ProcessGuid":"{54350539-46B3-2026-65B6-D2BC33F42154}","ProcessId":8322,"CommandLine":"C:\\Windows\\explorer.exe","ParentImage":"C:\\Windows\\System32\\services.exe","ParentProcessGuid":"{E6BA1AC1-E41A-2026-BF08-DB032421155C}","OriginalFileName":"C:\\Windows\\explorer.exe","SHA256":"e38d6c734013df706053dfa72679a4922d5295aa3e2273cf97fd5f0528474f26"}
{"UtcTime":"2026-08-12 10:05:15.000","Computer":"TN-FIN-WS042","User":"TRANSNORTE\\ops.cardoso","EventID":1,"Image":"C:\\Windows\\explorer.exe","ProcessGuid":"{E93544E3-E9F1-2026-CD9A-3C96AA1A8BCD}","ProcessId":1397,"CommandLine":"C:\\Windows\\explorer.exe","ParentImage":"C:\\Windows\\System32\\services.exe","ParentProcessGuid":"{136DC3EF-1CC7-2026-9E46-4DA5C1C32F4C}","OriginalFileName":"C:\\Windows\\explorer.exe","SHA256":"6895343903207f4a127786d6cb2aac3ae33db136cf7882153d90108dd23aa854"}
{"UtcTime":"2026-08-12 10:05:16.000","Computer":"TN-FIN-WS042","User":"TRANSNORTE\\backup_svc","EventID":1,"Image":"C:\\Program Files\\Microsoft Office\\Office16\\OUTLOOK.EXE","ProcessGuid":"{5C617EEF-84DC-2026-D5B1-3CDE951EC05F}","ProcessId":7895,"CommandLine":"C:\\Program Files\\Microsoft Office\\Office16\\OUTLOOK.EXE","ParentImage":"C:\\Windows\\System32\\services.exe","ParentProcessGuid":"{EFF2A17C-F03A-2026-0E4F-B7207449CE4E}","OriginalFileName":"C:\\Program Files\\Microsoft Office\\Office16\\OUTLOOK.EXE","SHA256":"b2257717039f638068f71827a8431986b298b1e436f91f0b126ef0f3f57f460d"}
{"UtcTime":"2026-08-12 10:05:17.000","Computer":"TN-FIN-WS042","User":"TRANSNORTE\\backup_svc","EventID":1,"Image":"C:\\Program Files\\Google\\Chrome\\Application\\chrome.exe","ProcessGuid":"{4FA9A32E-E4CF-2026-ADA3-B9CABFAB6524}","ProcessId":507,"CommandLine":"C:\\Program Files\\Google\\Chrome\\Application\\chrome.exe","ParentImage":"C:\\Windows\\System32\\services.exe","ParentProcessGuid":"{665E9744-1EBF-2026-69AA-6CA427B3C76E}","OriginalFileName":"C:\\Program Files\\Google\\Chrome\\Application\\chrome.exe","SHA256":"c4039591f6a830dec7a76fc932faf94d5c7ac0c5508b10881a35700ea69ae50e"}
{"UtcTime":"2026-08-12 10:05:18.000","Computer":"TN-FIN-WS042","User":"TRANSNORTE\\backup_svc","EventID":13,"Image":"C:\\Windows\\System32\\svchost.exe","ProcessGuid":"{718E91AB-5EF8-2026-CDD5-BE6B3E7D3084}","ProcessId":5286,"EventType":"SetValue","TargetObject":"HKCU\\Software\\Microsoft\\Office\\16.0\\Outlook\\Resiliency\\1518","Details":"1"}
{"UtcTime":"2026-08-12 10:05:19.000","Computer":"TN-FIN-WS042","User":"TRANSNORTE\\backup_svc","EventID":1,"Image":"C:\\Windows\\explorer.exe","ProcessGuid":"{0D2FFAC7-D4B8-2026-D11B-396F1962494A}","ProcessId":7259,"CommandLine":"C:\\Windows\\explorer.exe","ParentImage":"C:\\Windows\\System32\\services.exe","ParentProcessGuid":"{AC6AEB3E-F19A-2026-5585-91ABC17393E0}","OriginalFileName":"C:\\Windows\\explorer.exe","SHA256":"12fc148ee0b11f6dede117fd8ad2e7198a4f43093bf193d814ad9190e99b80fd"}
{"UtcTime":"2026-08-12 10:05:20.000","Computer":"TN-FIN-WS042","User":"TRANSNORTE\\backup_svc","EventID":11,"Image":"C:\\Windows\\System32\\svchost.exe","ProcessGuid":"{77EED826-35D9-2026-5823-CEE2B179FF34}","ProcessId":4608,"TargetFilename":"C:\\Users\\ops.cardoso\\AppData\\Local\\Temp\\office-1520.tmp"}
{"UtcTime":"2026-08-12 10:05:21.000","Computer":"TN-FIN-WS042","User":"TRANSNORTE\\backup_svc","EventID":1,"Image":"C:\\Program Files\\Microsoft Office\\Office16\\OUTLOOK.EXE","ProcessGuid":"{5B1B2B28-CD83-2026-0C5C-4D06627D6CC0}","ProcessId":4511,"CommandLine":"C:\\Program Files\\Microsoft Office\\Office16\\OUTLOOK.EXE","ParentImage":"C:\\Windows\\System32\\services.exe","ParentProcessGuid":"{4C0049A0-E7C3-2026-61E5-D9E5D1E85951}","OriginalFileName":"C:\\Program Files\\Microsoft Office\\Office16\\OUTLOOK.EXE","SHA256":"2f634391bcc75eabb7445b84c0b98b9014eddd364e913fb871d41b7dd16e3dc3"}
{"UtcTime":"2026-08-12 10:05:22.000","Computer":"TN-FIN-WS042","User":"TRANSNORTE\\ops.cardoso","EventID":1,"Image":"C:\\Windows\\System32\\conhost.exe","ProcessGuid":"{E4667761-589F-2026-7EF0-D36B6C0966A9}","ProcessId":8335,"CommandLine":"C:\\Windows\\System32\\conhost.exe","ParentImage":"C:\\Windows\\System32\\services.exe","ParentProcessGuid":"{0E37A020-DE70-2026-967F-A91A046DF399}","OriginalFileName":"C:\\Windows\\System32\\conhost.exe","SHA256":"a9ff746f31c3f7b9b6374ed8378ed09f389eddfe894e259c31740adc1ef7e4f9"}
{"UtcTime":"2026-08-12 10:05:23.000","Computer":"TN-FIN-WS042","User":"TRANSNORTE\\backup_svc","EventID":1,"Image":"C:\\Windows\\explorer.exe","ProcessGuid":"{12EB4859-D7CB-2026-8EF6-5A2FC7100769}","ProcessId":1982,"CommandLine":"C:\\Windows\\explorer.exe","ParentImage":"C:\\Windows\\System32\\services.exe","ParentProcessGuid":"{31B5D06C-26AC-2026-FFB7-C8054C5BE57B}","OriginalFileName":"C:\\Windows\\explorer.exe","SHA256":"83410388e541f4827289d797c89245eb38119637837082ae842039198d16703f"}
{"UtcTime":"2026-08-12 10:05:24.000","Computer":"TN-FIN-WS042","User":"TRANSNORTE\\backup_svc","EventID":3,"Image":"C:\\Windows\\System32\\conhost.exe","ProcessGuid":"{DE33140B-A62E-2026-46AF-DE0EF53D3F8E}","ProcessId":5483,"DestinationIp":"8.8.8.8","DestinationPort":53,"SourceIp":"10.50.10.42","Protocol":"tcp"}
{"UtcTime":"2026-08-12 10:05:25.000","Computer":"TN-FIN-WS042","User":"TRANSNORTE\\backup_svc","EventID":11,"Image":"C:\\Program Files\\Microsoft Office\\Office16\\OUTLOOK.EXE","ProcessGuid":"{5FDA1F65-FA85-2026-D6AF-EE4C0C82F73C}","ProcessId":3441,"TargetFilename":"C:\\Users\\ops.cardoso\\AppData\\Local\\Temp\\office-1525.tmp"}
{"UtcTime":"2026-08-12 10:05:26.000","Computer":"TN-FIN-WS042","User":"TRANSNORTE\\ops.cardoso","EventID":1,"Image":"C:\\Windows\\System32\\conhost.exe","ProcessGuid":"{BF9AC8F5-9156-2026-0783-D76B89D374F4}","ProcessId":6509,"CommandLine":"C:\\Windows\\System32\\conhost.exe","ParentImage":"C:\\Windows\\System32\\services.exe","ParentProcessGuid":"{C0AA2C4D-C345-2026-FD16-ED709CB2F00C}","OriginalFileName":"C:\\Windows\\System32\\conhost.exe","SHA256":"89aebf57abc91be900ede1bfe0e44df6fc675995e2c40f960fcc549c367ad75a"}
{"UtcTime":"2026-08-12 10:05:27.000","Computer":"TN-FIN-WS042","User":"TRANSNORTE\\backup_svc","EventID":1,"Image":"C:\\Windows\\System32\\RuntimeBroker.exe","ProcessGuid":"{F608A3BE-DDB4-2026-BD6B-7A8E423A0F3C}","ProcessId":6300,"CommandLine":"C:\\Windows\\System32\\RuntimeBroker.exe","ParentImage":"C:\\Windows\\System32\\services.exe","ParentProcessGuid":"{CB80160C-4A31-2026-2CB7-EA14C08D4048}","OriginalFileName":"C:\\Windows\\System32\\RuntimeBroker.exe","SHA256":"7462602611382bd822976e22baeaeb2002c44da08587a3cb140a72a20208674f"}
{"UtcTime":"2026-08-12 10:05:28.000","Computer":"TN-FIN-WS042","User":"TRANSNORTE\\ops.cardoso","EventID":13,"Image":"C:\\Windows\\explorer.exe","ProcessGuid":"{A21DB2C6-3E05-2026-E618-9348257EC307}","ProcessId":8176,"EventType":"SetValue","TargetObject":"HKCU\\Software\\Microsoft\\Office\\16.0\\Outlook\\Resiliency\\1528","Details":"1"}
{"UtcTime":"2026-08-12 10:05:29.000","Computer":"TN-FIN-WS042","User":"TRANSNORTE\\ops.cardoso","EventID":11,"Image":"C:\\Program Files\\Google\\Chrome\\Application\\chrome.exe","ProcessGuid":"{81D81243-E9E7-2026-1524-FB52EB267D66}","ProcessId":4407,"TargetFilename":"C:\\Users\\ops.cardoso\\AppData\\Local\\Temp\\office-1529.tmp"}
{"UtcTime":"2026-08-12 10:05:30.000","Computer":"TN-FIN-WS042","User":"TRANSNORTE\\backup_svc","EventID":11,"Image":"C:\\Windows\\System32\\svchost.exe","ProcessGuid":"{DD7B6CBD-D51F-2026-71C1-B625CF4A1615}","ProcessId":5898,"TargetFilename":"C:\\Users\\ops.cardoso\\AppData\\Local\\Temp\\office-1530.tmp"}
{"UtcTime":"2026-08-12 10:05:31.000","Computer":"TN-FIN-WS042","User":"TRANSNORTE\\backup_svc","EventID":11,"Image":"C:\\Windows\\explorer.exe","ProcessGuid":"{062740BC-37CF-2026-C88F-A34A248F5CD0}","ProcessId":4734,"TargetFilename":"C:\\Users\\ops.cardoso\\AppData\\Local\\Temp\\office-1531.tmp"}
{"UtcTime":"2026-08-12 10:05:32.000","Computer":"TN-FIN-WS042","User":"TRANSNORTE\\backup_svc","EventID":13,"Image":"C:\\Program Files\\Microsoft Office\\Office16\\OUTLOOK.EXE","ProcessGuid":"{E016CF8E-5132-2026-F41E-D1D03875007D}","ProcessId":5388,"EventType":"SetValue","TargetObject":"HKCU\\Software\\Microsoft\\Office\\16.0\\Outlook\\Resiliency\\1532","Details":"1"}
{"UtcTime":"2026-08-12 10:05:33.000","Computer":"TN-FIN-WS042","User":"TRANSNORTE\\backup_svc","EventID":1,"Image":"C:\\Windows\\System32\\conhost.exe","ProcessGuid":"{56FA0EBD-EC7C-2026-E0E8-47714C27CC67}","ProcessId":8891,"CommandLine":"C:\\Windows\\System32\\conhost.exe","ParentImage":"C:\\Windows\\System32\\services.exe","ParentProcessGuid":"{64942652-D637-2026-B0C4-B1106ADF689F}","OriginalFileName":"C:\\Windows\\System32\\conhost.exe","SHA256":"616541311d8cded0f50422746b3dfa3c345c5fcad346343ac76c734009d01ef7"}
{"UtcTime":"2026-08-12 10:05:34.000","Computer":"TN-FIN-WS042","User":"TRANSNORTE\\ops.cardoso","EventID":13,"Image":"C:\\Windows\\System32\\svchost.exe","ProcessGuid":"{353301AB-BD05-2026-6D5C-2016B7206E9C}","ProcessId":473,"EventType":"SetValue","TargetObject":"HKCU\\Software\\Microsoft\\Office\\16.0\\Outlook\\Resiliency\\1534","Details":"1"}
{"UtcTime":"2026-08-12 10:05:35.000","Computer":"TN-FIN-WS042","User":"TRANSNORTE\\backup_svc","EventID":1,"Image":"C:\\Windows\\System32\\RuntimeBroker.exe","ProcessGuid":"{AC0F3094-6D55-2026-52B1-B16A264218DA}","ProcessId":7608,"CommandLine":"C:\\Windows\\System32\\RuntimeBroker.exe","ParentImage":"C:\\Windows\\System32\\services.exe","ParentProcessGuid":"{DA21BB71-95AB-2026-2630-F0442B90307F}","OriginalFileName":"C:\\Windows\\System32\\RuntimeBroker.exe","SHA256":"070cc6b44e7f900794d0b29f79b10d0dd624bbf6587eb64f4e7c4b506e185104"}
{"UtcTime":"2026-08-12 10:05:36.000","Computer":"TN-FIN-WS042","User":"TRANSNORTE\\backup_svc","EventID":11,"Image":"C:\\Program Files\\Microsoft Office\\Office16\\OUTLOOK.EXE","ProcessGuid":"{02F76480-5F3D-2026-FB77-81D9D650C298}","ProcessId":2328,"TargetFilename":"C:\\Users\\ops.cardoso\\AppData\\Local\\Temp\\office-1536.tmp"}
{"UtcTime":"2026-08-12 10:05:37.000","Computer":"TN-FIN-WS042","User":"TRANSNORTE\\ops.cardoso","EventID":11,"Image":"C:\\Windows\\System32\\RuntimeBroker.exe","ProcessGuid":"{B81C4DF0-88F0-2026-18AB-8E165CF3B3FD}","ProcessId":5228,"TargetFilename":"C:\\Users\\ops.cardoso\\AppData\\Local\\Temp\\office-1537.tmp"}
{"UtcTime":"2026-08-12 10:05:38.000","Computer":"TN-FIN-WS042","User":"TRANSNORTE\\ops.cardoso","EventID":1,"Image":"C:\\Program Files\\Microsoft Office\\Office16\\OUTLOOK.EXE","ProcessGuid":"{7D1CED77-7FFD-2026-A5C4-1D7F617D8538}","ProcessId":7650,"CommandLine":"C:\\Program Files\\Microsoft Office\\Office16\\OUTLOOK.EXE","ParentImage":"C:\\Windows\\System32\\services.exe","ParentProcessGuid":"{4E7CB41F-F4EC-2026-8EE8-6EF85B1B1549}","OriginalFileName":"C:\\Program Files\\Microsoft Office\\Office16\\OUTLOOK.EXE","SHA256":"250840918c182a6a328f846032b087d7a705106e0fba798fa2bfd70c13bd3164"}
{"UtcTime":"2026-08-12 10:05:39.000","Computer":"TN-FIN-WS042","User":"TRANSNORTE\\backup_svc","EventID":1,"Image":"C:\\Program Files\\Microsoft Office\\Office16\\OUTLOOK.EXE","ProcessGuid":"{DDFF699E-C3C6-2026-52BB-F86BCA4455D4}","ProcessId":4375,"CommandLine":"C:\\Program Files\\Microsoft Office\\Office16\\OUTLOOK.EXE","ParentImage":"C:\\Windows\\System32\\services.exe","ParentProcessGuid":"{9AF6FAC6-699D-2026-DB2C-F0B36F05B5D0}","OriginalFileName":"C:\\Program Files\\Microsoft Office\\Office16\\OUTLOOK.EXE","SHA256":"05ff92bf5b3df7c41a07dcdb4a5414604a9a9fe5a0454be1beeaaf80267c10cc"}
{"UtcTime":"2026-08-12 10:05:40.000","Computer":"TN-FIN-WS042","User":"TRANSNORTE\\backup_svc","EventID":5,"Image":"C:\\Windows\\System32\\RuntimeBroker.exe","ProcessGuid":"{A4E3C10C-3203-2026-6582-AB69810E6D82}","ProcessId":2513,"EventType":"End"}
{"UtcTime":"2026-08-12 10:05:41.000","Computer":"TN-FIN-WS042","User":"TRANSNORTE\\ops.cardoso","EventID":1,"Image":"C:\\Windows\\System32\\RuntimeBroker.exe","ProcessGuid":"{343A81BC-7813-2026-DB5D-09E13F1CA0E9}","ProcessId":2037,"CommandLine":"C:\\Windows\\System32\\RuntimeBroker.exe","ParentImage":"C:\\Windows\\System32\\services.exe","ParentProcessGuid":"{604CEFB1-0E83-2026-BA1D-22ED1EC48727}","OriginalFileName":"C:\\Windows\\System32\\RuntimeBroker.exe","SHA256":"7b33228c1eddae1175ed21223305c1595d3b14908efaa452fbdaf66023d1e5ec"}
{"UtcTime":"2026-08-12 10:05:42.000","Computer":"TN-FIN-WS042","User":"TRANSNORTE\\backup_svc","EventID":5,"Image":"C:\\Windows\\System32\\conhost.exe","ProcessGuid":"{EC445F19-3268-2026-7D84-BF56DB4AE09F}","ProcessId":6328,"EventType":"End"}
{"UtcTime":"2026-08-12 10:05:43.000","Computer":"TN-FIN-WS042","User":"TRANSNORTE\\ops.cardoso","EventID":1,"Image":"C:\\Windows\\System32\\conhost.exe","ProcessGuid":"{E9F02608-8146-2026-0C2B-6953048A67F5}","ProcessId":7445,"CommandLine":"C:\\Windows\\System32\\conhost.exe","ParentImage":"C:\\Windows\\System32\\services.exe","ParentProcessGuid":"{D1602B04-55E0-2026-620B-752598616268}","OriginalFileName":"C:\\Windows\\System32\\conhost.exe","SHA256":"55378389f0aeda0829ca94647e291e04d7c022e2119f757cc30d0efec261f305"}
{"UtcTime":"2026-08-12 10:05:44.000","Computer":"TN-FIN-WS042","User":"TRANSNORTE\\backup_svc","EventID":1,"Image":"C:\\Windows\\System32\\RuntimeBroker.exe","ProcessGuid":"{7AE92BD7-865A-2026-CCF0-92D458A7EAA4}","ProcessId":590,"CommandLine":"C:\\Windows\\System32\\RuntimeBroker.exe","ParentImage":"C:\\Windows\\System32\\services.exe","ParentProcessGuid":"{977B308F-3F00-2026-6F80-3A6264EDC76A}","OriginalFileName":"C:\\Windows\\System32\\RuntimeBroker.exe","SHA256":"ff0b5d7cffd5d1a7e25cef97be631b6cd61f6b71a810cd12eda534f35cf4de28"}
{"UtcTime":"2026-08-12 10:05:45.000","Computer":"TN-FIN-WS042","User":"TRANSNORTE\\backup_svc","EventID":3,"Image":"C:\\Windows\\System32\\RuntimeBroker.exe","ProcessGuid":"{7232BCF0-E451-2026-690B-E3922D7B65F9}","ProcessId":947,"DestinationIp":"8.8.8.8","DestinationPort":53,"SourceIp":"10.50.10.42","Protocol":"tcp"}
{"UtcTime":"2026-08-12 10:05:46.000","Computer":"TN-FIN-WS042","User":"TRANSNORTE\\ops.cardoso","EventID":1,"Image":"C:\\Program Files\\Microsoft Office\\Office16\\OUTLOOK.EXE","ProcessGuid":"{FDAC7056-CB8D-2026-F902-51A6024E334B}","ProcessId":2656,"CommandLine":"C:\\Program Files\\Microsoft Office\\Office16\\OUTLOOK.EXE","ParentImage":"C:\\Windows\\System32\\services.exe","ParentProcessGuid":"{07AB20A7-126A-2026-A4D9-90C0B1BFF8D1}","OriginalFileName":"C:\\Program Files\\Microsoft Office\\Office16\\OUTLOOK.EXE","SHA256":"c0ce57a15fa6926cd79fd32dc23d4d29551fead8183cabec2689d4e8fb4b8c4f"}
{"UtcTime":"2026-08-12 10:05:47.000","Computer":"TN-FIN-WS042","User":"TRANSNORTE\\ops.cardoso","EventID":1,"Image":"C:\\Windows\\System32\\svchost.exe","ProcessGuid":"{104585EA-59AD-2026-1D22-C3020419337D}","ProcessId":4322,"CommandLine":"C:\\Windows\\System32\\svchost.exe","ParentImage":"C:\\Windows\\System32\\services.exe","ParentProcessGuid":"{704EB44B-FBCE-2026-DAF4-63FDE0C4544B}","OriginalFileName":"C:\\Windows\\System32\\svchost.exe","SHA256":"b0f1111e1a6ee96751a5df2100aeaad8713287ff6f10a5c757f09797de1abd40"}
{"UtcTime":"2026-08-12 10:05:48.000","Computer":"TN-FIN-WS042","User":"TRANSNORTE\\backup_svc","EventID":1,"Image":"C:\\Windows\\System32\\RuntimeBroker.exe","ProcessGuid":"{F4387DF6-4474-2026-105E-7AA28CDA0B9E}","ProcessId":696,"CommandLine":"C:\\Windows\\System32\\RuntimeBroker.exe","ParentImage":"C:\\Windows\\System32\\services.exe","ParentProcessGuid":"{1DED3B15-028F-2026-2A71-0B34CD914306}","OriginalFileName":"C:\\Windows\\System32\\RuntimeBroker.exe","SHA256":"89702720b4fad2def9051c0858bb2eb40668cf749e096b5c2e1cc83e8e78fe33"}
{"UtcTime":"2026-08-12 10:05:49.000","Computer":"TN-FIN-WS042","User":"TRANSNORTE\\backup_svc","EventID":1,"Image":"C:\\Windows\\explorer.exe","ProcessGuid":"{20730B84-6FB6-2026-90EE-5E5EC15DE551}","ProcessId":3281,"CommandLine":"C:\\Windows\\explorer.exe","ParentImage":"C:\\Windows\\System32\\services.exe","ParentProcessGuid":"{2ABA073A-A054-2026-57A9-DF0DE43739D9}","OriginalFileName":"C:\\Windows\\explorer.exe","SHA256":"e2942a0c9ce7a01f31604c5eef602df468cdca9a06fbe23e3c3dfb7a813211eb"}
{"UtcTime":"2026-08-12 10:05:50.000","Computer":"TN-FIN-WS042","User":"TRANSNORTE\\backup_svc","EventID":3,"Image":"C:\\Program Files\\Google\\Chrome\\Application\\chrome.exe","ProcessGuid":"{B7FE1F04-6F3A-2026-F979-7C4BDE5A7816}","ProcessId":4683,"DestinationIp":"10.50.10.10","DestinationPort":443,"SourceIp":"10.50.10.42","Protocol":"tcp"}
{"UtcTime":"2026-08-12 10:05:51.000","Computer":"TN-FIN-WS042","User":"TRANSNORTE\\backup_svc","EventID":1,"Image":"C:\\Windows\\explorer.exe","ProcessGuid":"{76506193-F7DE-2026-5896-7BCABDF2A286}","ProcessId":914,"CommandLine":"C:\\Windows\\explorer.exe","ParentImage":"C:\\Windows\\System32\\services.exe","ParentProcessGuid":"{A2A35646-FE0C-2026-CDB5-F040E1438F16}","OriginalFileName":"C:\\Windows\\explorer.exe","SHA256":"13a55d0d4e9745935972d8b0102e8e292fbbaef1e43b258d23b98cec3050002b"}
{"UtcTime":"2026-08-12 10:05:52.000","Computer":"TN-FIN-WS042","User":"TRANSNORTE\\backup_svc","EventID":5,"Image":"C:\\Windows\\explorer.exe","ProcessGuid":"{51A0FE48-D4EE-2026-9F9D-C42057DF10B5}","ProcessId":8244,"EventType":"End"}
{"UtcTime":"2026-08-12 10:05:53.000","Computer":"TN-FIN-WS042","User":"TRANSNORTE\\ops.cardoso","EventID":1,"Image":"C:\\Program Files\\Microsoft Office\\Office16\\OUTLOOK.EXE","ProcessGuid":"{EC88D29F-3CE2-2026-9434-18284950A5CE}","ProcessId":8593,"CommandLine":"C:\\Program Files\\Microsoft Office\\Office16\\OUTLOOK.EXE","ParentImage":"C:\\Windows\\System32\\services.exe","ParentProcessGuid":"{AEFA8745-8910-2026-6613-298AFDAAC92A}","OriginalFileName":"C:\\Program Files\\Microsoft Office\\Office16\\OUTLOOK.EXE","SHA256":"0a728d7ce5a0aa9769f61ef71be98bdb8419b5fac06fc8bfa27cce41b5c26ad4"}
{"UtcTime":"2026-08-12 10:05:54.000","Computer":"TN-FIN-WS042","User":"TRANSNORTE\\backup_svc","EventID":1,"Image":"C:\\Program Files\\Google\\Chrome\\Application\\chrome.exe","ProcessGuid":"{16CF5AF7-754A-2026-AF71-2D91A151D6C0}","ProcessId":1533,"CommandLine":"C:\\Program Files\\Google\\Chrome\\Application\\chrome.exe","ParentImage":"C:\\Windows\\System32\\services.exe","ParentProcessGuid":"{5DC6DCA5-1129-2026-1B8F-77A435E2C840}","OriginalFileName":"C:\\Program Files\\Google\\Chrome\\Application\\chrome.exe","SHA256":"05167e4a123a8a7e6c088f7fd6b41f84dd8e6514fb000c4e8f2732169c871ed2"}
{"UtcTime":"2026-08-12 10:05:55.000","Computer":"TN-FIN-WS042","User":"TRANSNORTE\\ops.cardoso","EventID":13,"Image":"C:\\Windows\\System32\\svchost.exe","ProcessGuid":"{C548D31F-660B-2026-1000-AC75122D1B87}","ProcessId":2879,"EventType":"SetValue","TargetObject":"HKCU\\Software\\Microsoft\\Office\\16.0\\Outlook\\Resiliency\\1555","Details":"1"}
{"UtcTime":"2026-08-12 10:05:56.000","Computer":"TN-FIN-WS042","User":"TRANSNORTE\\backup_svc","EventID":13,"Image":"C:\\Windows\\System32\\RuntimeBroker.exe","ProcessGuid":"{E6F144B9-D930-2026-E6B6-245EBE57CEE1}","ProcessId":3417,"EventType":"SetValue","TargetObject":"HKCU\\Software\\Microsoft\\Office\\16.0\\Outlook\\Resiliency\\1556","Details":"1"}
{"UtcTime":"2026-08-12 10:05:57.000","Computer":"TN-FIN-WS042","User":"TRANSNORTE\\backup_svc","EventID":13,"Image":"C:\\Windows\\explorer.exe","ProcessGuid":"{41D0D178-CDDA-2026-2592-C467B19FC8B1}","ProcessId":2431,"EventType":"SetValue","TargetObject":"HKCU\\Software\\Microsoft\\Office\\16.0\\Outlook\\Resiliency\\1557","Details":"1"}
{"UtcTime":"2026-08-12 10:05:58.000","Computer":"TN-FIN-WS042","User":"TRANSNORTE\\backup_svc","EventID":13,"Image":"C:\\Program Files\\Google\\Chrome\\Application\\chrome.exe","ProcessGuid":"{28A8CD41-B7A9-2026-2A76-55A29680E37F}","ProcessId":8819,"EventType":"SetValue","TargetObject":"HKCU\\Software\\Microsoft\\Office\\16.0\\Outlook\\Resiliency\\1558","Details":"1"}
{"UtcTime":"2026-08-12 10:05:59.000","Computer":"TN-FIN-WS042","User":"TRANSNORTE\\backup_svc","EventID":5,"Image":"C:\\Program Files\\Microsoft Office\\Office16\\OUTLOOK.EXE","ProcessGuid":"{BEA23C7D-C8BC-2026-AA53-D13C9522DBB9}","ProcessId":6229,"EventType":"End"}
{"UtcTime":"2026-08-12 10:06:00.000","Computer":"TN-FIN-WS042","User":"TRANSNORTE\\backup_svc","EventID":1,"Image":"C:\\Windows\\System32\\conhost.exe","ProcessGuid":"{EECEC618-B725-2026-5A97-B227854BF993}","ProcessId":7810,"CommandLine":"C:\\Windows\\System32\\conhost.exe","ParentImage":"C:\\Windows\\System32\\services.exe","ParentProcessGuid":"{D4FC70E3-1F0D-2026-15E3-F36991C2E94A}","OriginalFileName":"C:\\Windows\\System32\\conhost.exe","SHA256":"754a88e14a7070770ba571add6f09b05b9cbfd1430ca3d8c8e5ef1ab5d7cb86e"}
{"UtcTime":"2026-08-12 10:06:01.000","Computer":"TN-FIN-WS042","User":"TRANSNORTE\\backup_svc","EventID":3,"Image":"C:\\Program Files\\Google\\Chrome\\Application\\chrome.exe","ProcessGuid":"{B4C4B17F-6FFA-2026-9400-AD55F3A0F504}","ProcessId":2448,"DestinationIp":"8.8.8.8","DestinationPort":135,"SourceIp":"10.50.10.42","Protocol":"tcp"}
{"UtcTime":"2026-08-12 10:06:02.000","Computer":"TN-FIN-WS042","User":"TRANSNORTE\\backup_svc","EventID":3,"Image":"C:\\Program Files\\Microsoft Office\\Office16\\OUTLOOK.EXE","ProcessGuid":"{412175D4-6774-2026-3476-010819C787E9}","ProcessId":4947,"DestinationIp":"10.50.10.10","DestinationPort":443,"SourceIp":"10.50.10.42","Protocol":"tcp"}
{"UtcTime":"2026-08-12 10:06:03.000","Computer":"TN-FIN-WS042","User":"TRANSNORTE\\backup_svc","EventID":11,"Image":"C:\\Program Files\\Microsoft Office\\Office16\\OUTLOOK.EXE","ProcessGuid":"{DFAEC1A8-459A-2026-13AD-EE531A5DB480}","ProcessId":5443,"TargetFilename":"C:\\Users\\ops.cardoso\\AppData\\Local\\Temp\\office-1563.tmp"}
