{"UtcTime":"2026-08-12 10:00:03.000","Computer":"TN-FIN-WS042","User":"TRANSNORTE\\ops.cardoso","EventID":3,"Image":"C:\\Windows\\System32\\conhost.exe","ProcessGuid":"{45E49C88-0E72-2026-8114-09C2D9269865}","ProcessId":6616,"DestinationIp":"10.50.10.88","DestinationPort":443,"SourceIp":"10.50.10.42","Protocol":"tcp"}
{"UtcTime":"2026-08-12 10:00:04.000","Computer":"TN-FIN-WS042","User":"TRANSNORTE\\backup_svc","EventID":11,"Image":"C:\\Windows\\System32\\RuntimeBroker.exe","ProcessGuid":"{27D7AE13-052F-2026-5FA9-2FDAD5FFA975}","ProcessId":5871,"TargetFilename":"C:\\Users\\ops.cardoso\\AppData\\Local\\Temp\\office-1204.tmp"}
{"UtcTime":"2026-08-12 10:00:05.000","Computer":"TN-FIN-WS042","User":"TRANSNORTE\\backup_svc","EventID":3,"Image":"C:\\Program Files\\Microsoft Office\\Office16\\OUTLOOK.EXE","ProcessGuid":"{58DFCC83-BF1C-2026-6CC4-EE2E5F826C55}","ProcessId":1168,"DestinationIp":"8.8.8.8","DestinationPort":135,"SourceIp":"10.50.10.42","Protocol":"tcp"}
{"UtcTime":"2026-08-12 10:00:06.000","Computer":"TN-FIN-WS042","User":"TRANSNORTE\\backup_svc","EventID":5,"Image":"C:\\Windows\\System32\\conhost.exe","ProcessGuid":"{DD208C95-603F-2026-31A1-6C935016EB0F}","ProcessId":3706,"EventType":"End"}
{"UtcTime":"2026-08-12 10:00:07.000","Computer":"TN-FIN-WS042","User":"TRANSNORTE\\backup_svc","EventID":1,"Image":"C:\\Windows\\System32\\RuntimeBroker.exe","ProcessGuid":"{DE868714-C4B5-2026-414C-0E5CE0D0701C}","ProcessId":8120,"CommandLine":"C:\\Windows\\System32\\RuntimeBroker.exe","ParentImage":"C:\\Windows\\System32\\services.exe","ParentProcessGuid":"{B591287C-95AE-2026-2969-A5B0744A82CC}","OriginalFileName":"C:\\Windows\\System32\\RuntimeBroker.exe","SHA256":"173ec1ad4464744c0f2d1e8bc7f7de660a3c330dd17e3e3fa284a300dc7b3d07"}
{"UtcTime":"2026-08-12 10:00:08.000","Computer":"TN-FIN-WS042","User":"TRANSNORTE\\backup_svc","EventID":1,"Image":"C:\\Program Files\\Google\\Chrome\\Application\\chrome.exe","ProcessGuid":"{E4D4ABCF-E9BB-2026-2A78-C4DE45617AA8}","ProcessId":2998,"CommandLine":"C:\\Program Files\\Google\\Chrome\\Application\\chrome.exe","ParentImage":"C:\\Windows\\System32\\services.exe","ParentProcessGuid":"{11BF5D19-E867-2026-0EF6-8763EC9C15B9}","OriginalFileName":"C:\\Program Files\\Google\\Chrome\\Application\\chrome.exe","SHA256":"982d320d91fc20ec3e9d24c610cad6bff54eb8fafc4f7d59213ec4cd5b9088c3"}
{"UtcTime":"2026-08-12 10:00:09.000","Computer":"TN-FIN-WS042","User":"TRANSNORTE\\ops.cardoso","EventID":1,"Image":"C:\\Program Files\\Microsoft Office\\Office16\\OUTLOOK.EXE","ProcessGuid":"{BA0694F5-DA32-2026-3BE5-F12B7BCBDABE}","ProcessId":7613,"CommandLine":"C:\\Program Files\\Microsoft Office\\Office16\\OUTLOOK.EXE","ParentImage":"C:\\Windows\\System32\\services.exe","ParentProcessGuid":"{4F1FA5E9-43EE-2026-BD05-DD95C26B6182}","OriginalFileName":"C:\\Program Files\\Microsoft Office\\Office16\\OUTLOOK.EXE","SHA256":"3ada973b83d8ea1a972e1b82b007c95eaef88d7ebea3fe888d4aa4df8922297f"}
{"UtcTime":"2026-08-12 10:00:10.000","Computer":"TN-FIN-WS042","User":"TRANSNORTE\\backup_svc","EventID":3,"Image":"C:\\Program Files\\Google\\Chrome\\Application\\chrome.exe","ProcessGuid":"{14AE2684-E882-2026-BB52-0727C4F29A91}","ProcessId":4629,"DestinationIp":"8.8.8.8","DestinationPort":53,"SourceIp":"10.50.10.42","Protocol":"tcp"}
{"UtcTime":"2026-08-12 10:00:11.000","Computer":"TN-FIN-WS042","User":"TRANSNORTE\\ops.cardoso","EventID":5,"Image":"C:\\Windows\\explorer.exe","ProcessGuid":"{CCE5792A-E12A-2026-E299-AF53405D27F3}","ProcessId":2544,"EventType":"End"}
{"UtcTime":"2026-08-12 10:00:12.000","Computer":"TN-FIN-WS042","User":"TRANSNORTE\\backup_svc","EventID":5,"Image":"C:\\Windows\\System32\\svchost.exe","ProcessGuid":"{009621BB-7A24-2026-D23F-22B05EB91D1F}","ProcessId":7292,"EventType":"End"}
{"UtcTime":"2026-08-12 10:00:13.000","Computer":"TN-FIN-WS042","User":"TRANSNORTE\\ops.cardoso","EventID":11,"Image":"C:\\Windows\\System32\\RuntimeBroker.exe","ProcessGuid":"{AD96720F-B506-2026-70DD-8258D44BD851}","ProcessId":3794,"TargetFilename":"C:\\Users\\ops.cardoso\\AppData\\Local\\Temp\\office-1213.tmp"}
{"UtcTime":"2026-08-12 10:00:14.000","Computer":"TN-FIN-WS042","User":"TRANSNORTE\\backup_svc","EventID":5,"Image":"C:\\Windows\\System32\\conhost.exe","ProcessGuid":"{905D056D-0346-2026-D45E-8B304E2359DD}","ProcessId":1378,"EventType":"End"}
{"UtcTime":"2026-08-12 10:00:15.000","Computer":"TN-FIN-WS042","User":"TRANSNORTE\\ops.cardoso","EventID":11,"Image":"C:\\Program Files\\Microsoft Office\\Office16\\OUTLOOK.EXE","ProcessGuid":"{A4D2DDDB-2262-2026-11B4-DD0DB19B086F}","ProcessId":3569,"TargetFilename":"C:\\Users\\ops.cardoso\\AppData\\Local\\Temp\\office-1215.tmp"}
{"UtcTime":"2026-08-12 10:00:16.000","Computer":"TN-FIN-WS042","User":"TRANSNORTE\\ops.cardoso","EventID":13,"Image":"C:\\Windows\\System32\\svchost.exe","ProcessGuid":"{093FF02D-0263-2026-AD48-3D2C9EB734B1}","ProcessId":7684,"EventType":"SetValue","TargetObject":"HKCU\\Software\\Microsoft\\Office\\16.0\\Outlook\\Resiliency\\1216","Details":"1"}
{"UtcTime":"2026-08-12 10:00:17.000","Computer":"TN-FIN-WS042","User":"TRANSNORTE\\backup_svc","EventID":13,"Image":"C:\\Windows\\System32\\conhost.exe","ProcessGuid":"{A6C16D20-F3C3-2026-5612-D1E4768D2F1F}","ProcessId":3874,"EventType":"SetValue","TargetObject":"HKCU\\Software\\Microsoft\\Office\\16.0\\Outlook\\Resiliency\\1217","Details":"1"}
{"UtcTime":"2026-08-12 10:00:18.000","Computer":"TN-FIN-WS042","User":"TRANSNORTE\\backup_svc","EventID":1,"Image":"C:\\Program Files\\Microsoft Office\\Office16\\OUTLOOK.EXE","ProcessGuid":"{B741403F-8FFC-2026-FF4B-EED129D8FA97}","ProcessId":1430,"CommandLine":"C:\\Program Files\\Microsoft Office\\Office16\\OUTLOOK.EXE","ParentImage":"C:\\Windows\\System32\\services.exe","ParentProcessGuid":"{721387AE-F29B-2026-37C6-23F6BED41537}","OriginalFileName":"C:\\Program Files\\Microsoft Office\\Office16\\OUTLOOK.EXE","SHA256":"ed423ac230c2c4ec2a45b1bbc4fd4289baeeb4d22e5122acccc8771d1f48ed84"}
{"UtcTime":"2026-08-12 10:00:19.000","Computer":"TN-FIN-WS042","User":"TRANSNORTE\\backup_svc","EventID":11,"Image":"C:\\Windows\\explorer.exe","ProcessGuid":"{98A12824-B599-2026-F9CE-76111DCEDDCD}","ProcessId":8074,"TargetFilename":"C:\\Users\\ops.cardoso\\AppData\\Local\\Temp\\office-1219.tmp"}
{"UtcTime":"2026-08-12 10:00:20.000","Computer":"TN-FIN-WS042","User":"TRANSNORTE\\ops.cardoso","EventID":1,"Image":"C:\\Windows\\System32\\conhost.exe","ProcessGuid":"{5E4D3336-383B-2026-2AE7-0C00A0B88DB8}","ProcessId":6373,"CommandLine":"C:\\Windows\\System32\\conhost.exe","ParentImage":"C:\\Windows\\System32\\services.exe","ParentProcessGuid":"{290F4877-12B3-2026-0615-023C351A2F39}","OriginalFileName":"C:\\Windows\\System32\\conhost.exe","SHA256":"c04a0d967f62d578364b19e738229d3f0437f47061556da69900ad613da9cb56"}
{"UtcTime":"2026-08-12 10:00:21.000","Computer":"TN-FIN-WS042","User":"TRANSNORTE\\ops.cardoso","EventID":1,"Image":"C:\\Windows\\explorer.exe","ProcessGuid":"{6551AAC8-3052-2026-40B5-C76E4AACF3C5}","ProcessId":5966,"CommandLine":"C:\\Windows\\explorer.exe","ParentImage":"C:\\Windows\\System32\\services.exe","ParentProcessGuid":"{EF2045DF-51B4-2026-3248-3A9BBCCB4A04}","OriginalFileName":"C:\\Windows\\explorer.exe","SHA256":"c6de732d09d6c3d7e870d6fc4263e45c1473530800d4e0979810d63e95249942"}
{"UtcTime":"2026-08-12 10:00:22.000","Computer":"TN-FIN-WS042","User":"TRANSNORTE\\backup_svc","EventID":1,"Image":"C:\\Program Files\\Microsoft Office\\Office16\\OUTLOOK.EXE","ProcessGuid":"{43889E23-3FC3-2026-18F6-F345A4B5CEEE}","ProcessId":8901,"CommandLine":"C:\\Program Files\\Microsoft Office\\Office16\\OUTLOOK.EXE","ParentImage":"C:\\Windows\\System32\\services.exe","ParentProcessGuid":"{5C5C4F2B-0CCF-2026-6E8F-7A3563D401BB}","OriginalFileName":"C:\\Program Files\\Microsoft Office\\Office16\\OUTLOOK.EXE","SHA256":"2268b98efc73aecc51925ab26fed7bc36d1ca51943fbc8c76940af923b59bd8d"}
{"UtcTime":"2026-08-12 10:00:23.000","Computer":"TN-FIN-WS042","User":"TRANSNORTE\\ops.cardoso","EventID":3,"Image":"C:\\Windows\\explorer.exe","ProcessGuid":"{48CB6A32-F98B-2026-966E-EA9DB6519FC9}","ProcessId":5577,"DestinationIp":"8.8.8.8","DestinationPort":53,"SourceIp":"10.50.10.42","Protocol":"tcp"}
{"UtcTime":"2026-08-12 10:00:24.000","Computer":"TN-FIN-WS042","User":"TRANSNORTE\\backup_svc","EventID":1,"Image":"C:\\Program Files\\Microsoft Office\\Office16\\OUTLOOK.EXE","ProcessGuid":"{DE383B4F-A87E-2026-B0FC-85EBF053262A}","ProcessId":891,"CommandLine":"C:\\Program Files\\Microsoft Office\\Office16\\OUTLOOK.EXE","ParentImage":"C:\\Windows\\System32\\services.exe","ParentProcessGuid":"{6AB7898F-9725-2026-3912-1915F7AF84D6}","OriginalFileName":"C:\\Program Files\\Microsoft Office\\Office16\\OUTLOOK.EXE","SHA256":"b671f2c964fd1e7b5bdb07d70be90bb9c7133b3bc0b190bf027477fbed6e7c1f"}
{"UtcTime":"2026-08-12 10:00:25.000","Computer":"TN-FIN-WS042","User":"TRANSNORTE\\backup_svc","EventID":5,"Image":"C:\\Windows\\explorer.exe","ProcessGuid":"{A8890932-5D10-2026-3E32-B2CE91881691}","ProcessId":3637,"EventType":"End"}
{"UtcTime":"2026-08-12 10:00:26.000","Computer":"TN-FIN-WS042","User":"TRANSNORTE\\backup_svc","EventID":5,"Image":"C:\\Windows\\System32\\svchost.exe","ProcessGuid":"{2790B61E-3623-2026-7432-0C8111D66546}","ProcessId":6224,"EventType":"End"}
{"UtcTime":"2026-08-12 10:00:27.000","Computer":"TN-FIN-WS042","User":"TRANSNORTE\\ops.cardoso","EventID":3,"Image":"C:\\Windows\\System32\\svchost.exe","ProcessGuid":"{B8A3F85E-F1DF-2026-432E-469F6AB4E9E8}","ProcessId":5695,"DestinationIp":"10.50.10.88","DestinationPort":8080,"SourceIp":"10.50.10.42","Protocol":"tcp"}
{"UtcTime":"2026-08-12 10:00:28.000","Computer":"TN-FIN-WS042","User":"TRANSNORTE\\ops.cardoso","EventID":1,"Image":"C:\\Program Files\\Google\\Chrome\\Application\\chrome.exe","ProcessGuid":"{9CA04EDB-CC9F-2026-1D1B-707F672DD055}","ProcessId":968,"CommandLine":"C:\\Program Files\\Google\\Chrome\\Application\\chrome.exe","ParentImage":"C:\\Windows\\System32\\services.exe","ParentProcessGuid":"{ABA1F4A5-AB9E-2026-237A-F45A91048772}","OriginalFileName":"C:\\Program Files\\Google\\Chrome\\Application\\chrome.exe","SHA256":"cecae280d22450b260e3e5f0104fa0325dfcf48a41d81462c238813ed303cbfe"}
{"UtcTime":"2026-08-12 10:00:29.000","Computer":"TN-FIN-WS042","User":"TRANSNORTE\\ops.cardoso","EventID":1,"Image":"C:\\Program Files\\Microsoft Office\\Office16\\OUTLOOK.EXE","ProcessGuid":"{8F10A910-B5E1-2026-246A-6D164391492B}","ProcessId":5452,"CommandLine":"C:\\Program Files\\Microsoft Office\\Office16\\OUTLOOK.EXE","ParentImage":"C:\\Windows\\System32\\services.exe","ParentProcessGuid":"{032D328D-1ED0-2026-349A-05E1534B3CA4}","OriginalFileName":"C:\\Program Files\\Microsoft Office\\Office16\\OUTLOOK.EXE","SHA256":"252de21c6a63b28ec0aca6ba1da7673f960a81f5c2bb78479d6ec593ed7f20a0"}
{"UtcTime":"2026-08-12 10:00:30.000","Computer":"TN-FIN-WS042","User":"TRANSNORTE\\ops.cardoso","EventID":1,"Image":"C:\\Windows\\System32\\RuntimeBroker.exe","ProcessGuid":"{6EA4DF6F-23E5-2026-18ED-58D3E83BDA00}","ProcessId":2519,"CommandLine":"C:\\Windows\\System32\\RuntimeBroker.exe","ParentImage":"C:\\Windows\\System32\\services.exe","ParentProcessGuid":"{6CB38A13-8284-2026-5864-E7FE3F8C0DF0}","OriginalFileName":"C:\\Windows\\System32\\RuntimeBroker.exe","SHA256":"a93fa0cb4b5281a77f0260a4541286a117867665b7430484db14e6002718b5b7"}
{"UtcTime":"2026-08-12 10:00:31.000","Computer":"TN-FIN-WS042","User":"TRANSNORTE\\backup_svc","EventID":1,"Image":"C:\\Program Files\\Google\\Chrome\\Application\\chrome.exe","ProcessGuid":"{0C07C4FE-BB04-2026-3C52-36BC368ED912}","ProcessId":3488,"CommandLine":"C:\\Program Files\\Google\\Chrome\\Application\\chrome.exe","ParentImage":"C:\\Windows\\System32\\services.exe","ParentProcessGuid":"{63B657E2-61B7-2026-9216-16A1ADACC457}","OriginalFileName":"C:\\Program Files\\Google\\Chrome\\Application\\chrome.exe","SHA256":"72015195650d002df3b784307d64ad7d19a2da21f67bc2a65626b35cd3ca1bab"}
{"UtcTime":"2026-08-12 10:00:32.000","Computer":"TN-FIN-WS042","User":"TRANSNORTE\\backup_svc","EventID":3,"Image":"C:\\Windows\\System32\\RuntimeBroker.exe","ProcessGuid":"{F3E828D9-7551-2026-E9E8-C891305B8A86}","ProcessId":3978,"DestinationIp":"10.50.10.10","DestinationPort":135,"SourceIp":"10.50.10.42","Protocol":"tcp"}
{"UtcTime":"2026-08-12 10:00:33.000","Computer":"TN-FIN-WS042","User":"TRANSNORTE\\backup_svc","EventID":5,"Image":"C:\\Windows\\explorer.exe","ProcessGuid":"{71A22011-DC3C-2026-DC07-57757820C65F}","ProcessId":1146,"EventType":"End"}
{"UtcTime":"2026-08-12 10:00:34.000","Computer":"TN-FIN-WS042","User":"TRANSNORTE\\backup_svc","EventID":1,"Image":"C:\\Program Files\\Google\\Chrome\\Application\\chrome.exe","ProcessGuid":"{A3FD88A9-263D-2026-E5E4-92DFA1BBE225}","ProcessId":6633,"CommandLine":"C:\\Program Files\\Google\\Chrome\\Application\\chrome.exe","ParentImage":"C:\\Windows\\System32\\services.exe","ParentProcessGuid":"{78DD9339-C4C7-2026-CAB0-449B1F6CC37C}","OriginalFileName":"C:\\Program Files\\Google\\Chrome\\Application\\chrome.exe","SHA256":"e34426ea734763f2f46847b09d4d7fa9e0a55e1cf9ef9b7ca12b78dd9e9ade91"}
{"UtcTime":"2026-08-12 10:00:35.000","Computer":"TN-FIN-WS042","User":"TRANSNORTE\\ops.cardoso","EventID":1,"Image":"C:\\Windows\\System32\\conhost.exe","ProcessGuid":"{DD9B7C47-D695-2026-5DFC-4B74097A9EF4}","ProcessId":2244,"CommandLine":"C:\\Windows\\System32\\conhost.exe","ParentImage":"C:\\Windows\\System32\\services.exe","ParentProcessGuid":"{2BD12BDC-DFFC-2026-7F56-2E291EB8D004}","OriginalFileName":"C:\\Windows\\System32\\conhost.exe","SHA256":"e63880b91c3d1187010b6c93c8808b52dff1023ed36858415c344769fddc8589"}
{"UtcTime":"2026-08-12 10:00:36.000","Computer":"TN-FIN-WS042","User":"TRANSNORTE\\ops.cardoso","EventID":1,"Image":"C:\\Windows\\System32\\RuntimeBroker.exe","ProcessGuid":"{3FF58896-A251-2026-0B1E-96DF701AA710}","ProcessId":5251,"CommandLine":"C:\\Windows\\System32\\RuntimeBroker.exe","ParentImage":"C:\\Windows\\System32\\services.exe","ParentProcessGuid":"{4DE75E3D-D82D-2026-DAA8-83FF3AE2D4BA}","OriginalFileName":"C:\\Windows\\System32\\RuntimeBroker.exe","SHA256":"281451bc1698e83ac52043841569ca4bad9204afade53101935e419654a3eee5"}
{"UtcTime":"2026-08-12 10:00:37.000","Computer":"TN-FIN-WS042","User":"TRANSNORTE\\backup_svc","EventID":5,"Image":"C:\\Program Files\\Google\\Chrome\\Application\\chrome.exe","ProcessGuid":"{FD967428-6C6B-2026-33DE-8FD1975F4F3E}","ProcessId":4452,"EventType":"End"}
{"UtcTime":"2026-08-12 10:00:38.000","Computer":"TN-FIN-WS042","User":"TRANSNORTE\\backup_svc","EventID":11,"Image":"C:\\Program Files\\Microsoft Office\\Office16\\OUTLOOK.EXE","ProcessGuid":"{A081F5A9-EA64-2026-5CD9-DDD51CB7ED06}","ProcessId":6351,"TargetFilename":"C:\\Users\\ops.cardoso\\AppData\\Local\\Temp\\office-1238.tmp"}
{"UtcTime":"2026-08-12 10:00:39.000","Computer":"TN-FIN-WS042","User":"TRANSNORTE\\backup_svc","EventID":11,"Image":"C:\\Windows\\System32\\conhost.exe","ProcessGuid":"{15F5E806-909F-2026-B960-D44017500CDE}","ProcessId":8912,"TargetFilename":"C:\\Users\\ops.cardoso\\AppData\\Local\\Temp\\office-1239.tmp"}
{"UtcTime":"2026-08-12 10:00:40.000","Computer":"TN-FIN-WS042","User":"TRANSNORTE\\ops.cardoso","EventID":1,"Image":"C:\\Program Files\\Microsoft Office\\Office16\\OUTLOOK.EXE","ProcessGuid":"{CEA5BD7C-66DC-2026-A64D-656F2977092E}","ProcessId":8042,"CommandLine":"C:\\Program Files\\Microsoft Office\\Office16\\OUTLOOK.EXE","ParentImage":"C:\\Windows\\System32\\services.exe","ParentProcessGuid":"{996A6BB9-EF8B-2026-9939-9E59191906A0}","OriginalFileName":"C:\\Program Files\\Microsoft Office\\Office16\\OUTLOOK.EXE","SHA256":"9c243b17b6adfca32efab6e9c07366642347fa52e88f9673222dcceba6951cd3"}
{"UtcTime":"2026-08-12 10:00:41.000","Computer":"TN-FIN-WS042","User":"TRANSNORTE\\backup_svc","EventID":1,"Image":"C:\\Program Files\\Microsoft Office\\Office16\\OUTLOOK.EXE","ProcessGuid":"{7C4FE03C-242E-2026-DAA7-1593102CFF80}","ProcessId":1529,"CommandLine":"C:\\Program Files\\Microsoft Office\\Office16\\OUTLOOK.EXE","ParentImage":"C:\\Windows\\System32\\services.exe","ParentProcessGuid":"{B931AD6C-D370-2026-8E21-5DF432E300E5}","OriginalFileName":"C:\\Program Files\\Microsoft Office\\Office16\\OUTLOOK.EXE","SHA256":"9355de917114f2eaeee52bf4201acef6431f76d0f74100a506ef179ca25f470a"}
{"UtcTime":"2026-08-12 10:00:42.000","Computer":"TN-FIN-WS042","User":"TRANSNORTE\\ops.cardoso","EventID":1,"Image":"C:\\Program Files\\Google\\Chrome\\Application\\chrome.exe","ProcessGuid":"{8F4DF135-87E3-2026-34C5-741E5A909466}","ProcessId":1047,"CommandLine":"C:\\Program Files\\Google\\Chrome\\Application\\chrome.exe","ParentImage":"C:\\Windows\\System32\\services.exe","ParentProcessGuid":"{3B2D05DF-6739-2026-0E25-1FA5C46896EC}","OriginalFileName":"C:\\Program Files\\Google\\Chrome\\Application\\chrome.exe","SHA256":"9c09c78c63090354f4b28c8e2bad19ace073be4dc51a42ddb06b51eaf1a18a50"}
{"UtcTime":"2026-08-12 10:00:43.000","Computer":"TN-FIN-WS042","User":"TRANSNORTE\\backup_svc","EventID":1,"Image":"C:\\Windows\\System32\\conhost.exe","ProcessGuid":"{1181E0E4-40A8-2026-8252-2300453F4652}","ProcessId":4483,"CommandLine":"C:\\Windows\\System32\\conhost.exe","ParentImage":"C:\\Windows\\System32\\services.exe","ParentProcessGuid":"{F947C08B-64CD-2026-4E94-2142DD40FB3D}","OriginalFileName":"C:\\Windows\\System32\\conhost.exe","SHA256":"73236041479d9a070aca82caca6391241e725c6b07ddd5c9356442fd916ac957"}
{"UtcTime":"2026-08-12 10:00:44.000","Computer":"TN-FIN-WS042","User":"TRANSNORTE\\ops.cardoso","EventID":1,"Image":"C:\\Program Files\\Microsoft Office\\Office16\\OUTLOOK.EXE","ProcessGuid":"{F8DE839B-D3CE-2026-EBF9-E525ED9D1E9B}","ProcessId":3562,"CommandLine":"C:\\Program Files\\Microsoft Office\\Office16\\OUTLOOK.EXE","ParentImage":"C:\\Windows\\System32\\services.exe","ParentProcessGuid":"{09C4CE4B-48A1-2026-F34B-88E56FCB78B4}","OriginalFileName":"C:\\Program Files\\Microsoft Office\\Office16\\OUTLOOK.EXE","SHA256":"ec769f7159bb18dcf67362f47273016efaca883d586925b803f1a0d3e5c176d9"}
{"UtcTime":"2026-08-12 10:00:45.000","Computer":"TN-FIN-WS042","User":"TRANSNORTE\\backup_svc","EventID":5,"Image":"C:\\Windows\\System32\\svchost.exe","ProcessGuid":"{94BD9849-C75D-2026-F492-D040915CF25E}","ProcessId":6518,"EventType":"End"}
{"UtcTime":"2026-08-12 10:00:46.000","Computer":"TN-FIN-WS042","User":"TRANSNORTE\\ops.cardoso","EventID":13,"Image":"C:\\Windows\\System32\\conhost.exe","ProcessGuid":"{8B1BEBDA-FF15-2026-4C75-ADD7C876A386}","ProcessId":6015,"EventType":"SetValue","TargetObject":"HKCU\\Software\\Microsoft\\Office\\16.0\\Outlook\\Resiliency\\1246","Details":"1"}
{"UtcTime":"2026-08-12 10:00:47.000","Computer":"TN-FIN-WS042","User":"TRANSNORTE\\ops.cardoso","EventID":11,"Image":"C:\\Program Files\\Microsoft Office\\Office16\\OUTLOOK.EXE","ProcessGuid":"{3D8E17AA-76BA-2026-DB8C-CDC585D0321A}","ProcessId":1237,"TargetFilename":"C:\\Users\\ops.cardoso\\AppData\\Local\\Temp\\office-1247.tmp"}
{"UtcTime":"2026-08-12 10:00:48.000","Computer":"TN-FIN-WS042","User":"TRANSNORTE\\ops.cardoso","EventID":5,"Image":"C:\\Windows\\explorer.exe","ProcessGuid":"{4A1AEEFF-BBB8-2026-A2AE-1DCA2C80F88B}","ProcessId":7531,"EventType":"End"}
{"UtcTime":"2026-08-12 10:00:49.000","Computer":"TN-FIN-WS042","User":"TRANSNORTE\\ops.cardoso","EventID":5,"Image":"C:\\Program Files\\Google\\Chrome\\Application\\chrome.exe","ProcessGuid":"{CAFF2F61-E3BB-2026-7D6B-174C106CC5EE}","ProcessId":1564,"EventType":"End"}
{"UtcTime":"2026-08-12 10:00:50.000","Computer":"TN-FIN-WS042","User":"TRANSNORTE\\backup_svc","EventID":13,"Image":"C:\\Windows\\System32\\RuntimeBroker.exe","ProcessGuid":"{67D55BAC-7FDE-2026-2B27-D691C20FD4DF}","ProcessId":565,"EventType":"SetValue","TargetObject":"HKCU\\Software\\Microsoft\\Office\\16.0\\Outlook\\Resiliency\\1250","Details":"1"}
{"UtcTime":"2026-08-12 10:00:51.000","Computer":"TN-FIN-WS042","User":"TRANSNORTE\\backup_svc","EventID":1,"Image":"C:\\Windows\\System32\\svchost.exe","ProcessGuid":"{F609D05C-2A24-2026-62DA-FF083DEDCB20}","ProcessId":2764,"CommandLine":"C:\\Windows\\System32\\svchost.exe","ParentImage":"C:\\Windows\\System32\\services.exe","ParentProcessGuid":"{C9D507A7-1B06-2026-5C00-42F293134D67}","OriginalFileName":"C:\\Windows\\System32\\svchost.exe","SHA256":"3b7df573dd685c16d9b6cd7166df07595e98c96045fba9e839d369833ee9a8d9"}
{"UtcTime":"2026-08-12 10:00:52.000","Computer":"TN-FIN-WS042","User":"TRANSNORTE\\backup_svc","EventID":13,"Image":"C:\\Program Files\\Microsoft Office\\Office16\\OUTLOOK.EXE","ProcessGuid":"{1F909600-1845-2026-B188-3DCA9DC57925}","ProcessId":1631,"EventType":"SetValue","TargetObject":"HKCU\\Software\\Microsoft\\Office\\16.0\\Outlook\\Resiliency\\1252","Details":"1"}
{"UtcTime":"2026-08-12 10:00:53.000","Computer":"TN-FIN-WS042","User":"TRANSNORTE\\ops.cardoso","EventID":3,"Image":"C:\\Windows\\System32\\svchost.exe","ProcessGuid":"{52A420C5-1D1E-2026-B8BD-BCC5C917DAAA}","ProcessId":3177,"DestinationIp":"1.1.1.1","DestinationPort":8080,"SourceIp":"10.50.10.42","Protocol":"tcp"}
{"UtcTime":"2026-08-12 10:00:54.000","Computer":"TN-FIN-WS042","User":"TRANSNORTE\\ops.cardoso","EventID":1,"Image":"C:\\Windows\\System32\\svchost.exe","ProcessGuid":"{89F29764-2904-2026-2725-C3C61F01C737}","ProcessId":5995,"CommandLine":"C:\\Windows\\System32\\svchost.exe","ParentImage":"C:\\Windows\\System32\\services.exe","ParentProcessGuid":"{01F66FE5-E6AD-2026-5298-5CDB4BB8FA16}","OriginalFileName":"C:\\Windows\\System32\\svchost.exe","SHA256":"0047f9bd27dbcdc30b2ed77d9c7e1f5a012a16ae4fbd4e690b7a04c9ef463019"}
{"UtcTime":"2026-08-12 10:00:55.000","Computer":"TN-FIN-WS042","User":"TRANSNORTE\\backup_svc","EventID":1,"Image":"C:\\Windows\\System32\\svchost.exe","ProcessGuid":"{5BC05DA7-AECB-2026-5322-E796B1DC7039}","ProcessId":4627,"CommandLine":"C:\\Windows\\System32\\svchost.exe","ParentImage":"C:\\Windows\\System32\\services.exe","ParentProcessGuid":"{6AA438E8-1793-2026-52CF-94D35E3C2293}","OriginalFileName":"C:\\Windows\\System32\\svchost.exe","SHA256":"a749836739134611d970052dbf8a5f547ab8a0fc16f1ef1647cebf894aa37469"}
{"UtcTime":"2026-08-12 10:00:56.000","Computer":"TN-FIN-WS042","User":"TRANSNORTE\\ops.cardoso","EventID":5,"Image":"C:\\Windows\\explorer.exe","ProcessGuid":"{BD2032A7-6847-2026-F84E-8D1AFE0ED824}","ProcessId":1498,"EventType":"End"}
{"UtcTime":"2026-08-12 10:00:57.000","Computer":"TN-FIN-WS042","User":"TRANSNORTE\\backup_svc","EventID":1,"Image":"C:\\Windows\\System32\\conhost.exe","ProcessGuid":"{43BD4A55-BA90-2026-E40F-EC41166AB146}","ProcessId":7859,"CommandLine":"C:\\Windows\\System32\\conhost.exe","ParentImage":"C:\\Windows\\System32\\services.exe","ParentProcessGuid":"{B8FBB425-6A9C-2026-7356-87FFD1E32285}","OriginalFileName":"C:\\Windows\\System32\\conhost.exe","SHA256":"9547cc7d1880d829bf5103d149e0bfedcfbfaa8bb11429631fc30e1c4aa77ea3"}
{"UtcTime":"2026-08-12 10:00:58.000","Computer":"TN-FIN-WS042","User":"TRANSNORTE\\backup_svc","EventID":3,"Image":"C:\\Program Files\\Google\\Chrome\\Application\\chrome.exe","ProcessGuid":"{2AB44FCA-D119-2026-DBD5-1C53809BE95C}","ProcessId":7964,"DestinationIp":"8.8.8.8","DestinationPort":443,"SourceIp":"10.50.10.42","Protocol":"tcp"}
{"UtcTime":"2026-08-12 10:00:59.000","Computer":"TN-FIN-WS042","User":"TRANSNORTE\\ops.cardoso","EventID":5,"Image":"C:\\Windows\\System32\\RuntimeBroker.exe","ProcessGuid":"{BE3D5247-7ADE-2026-A62E-8539AB693570}","ProcessId":822,"EventType":"End"}
{"UtcTime":"2026-08-12 10:01:00.000","Computer":"TN-FIN-WS042","User":"TRANSNORTE\\backup_svc","EventID":1,"Image":"C:\\Program Files\\Google\\Chrome\\Application\\chrome.exe","ProcessGuid":"{E43833B9-6988-2026-D20C-B874F1AAFD27}","ProcessId":6745,"CommandLine":"C:\\Program Files\\Google\\Chrome\\Application\\chrome.exe","ParentImage":"C:\\Windows\\System32\\services.exe","ParentProcessGuid":"{EA831F88-F77B-2026-E0A3-62B9E4F1B409}","OriginalFileName":"C:\\Program Files\\Google\\Chrome\\Application\\chrome.exe","SHA256":"85a1d061f4fd4290a5fe412031611d4a2b329712af86ffa1eb5121fdfd864f7b"}
{"UtcTime":"2026-08-12 10:01:01.000","Computer":"TN-FIN-WS042","User":"TRANSNORTE\\ops.cardoso","EventID":11,"Image":"C:\\Windows\\System32\\svchost.exe","ProcessGuid":"{BDB81EF6-6AB0-2026-6527-633852DF1C8E}","ProcessId":8079,"TargetFilename":"C:\\Users\\ops.cardoso\\AppData\\Local\\Temp\\office-1261.tmp"}
{"UtcTime":"2026-08-12 10:01:02.000","Computer":"TN-FIN-WS042","User":"TRANSNORTE\\backup_svc","EventID":1,"Image":"C:\\Program Files\\Microsoft Office\\Office16\\OUTLOOK.EXE","ProcessGuid":"{3357E119-810E-2026-515A-69EB88056C50}","ProcessId":8644,"CommandLine":"C:\\Program Files\\Microsoft Office\\Office16\\OUTLOOK.EXE","ParentImage":"C:\\Windows\\System32\\services.exe","ParentProcessGuid":"{46035755-6E77-2026-65E5-C039BD25F474}","OriginalFileName":"C:\\Program Files\\Microsoft Office\\Office16\\OUTLOOK.EXE","SHA256":"98c7c7b70042919cca5a97fccab8708492ddaa40a49d6281e7644ab53c30decc"}
{"UtcTime":"2026-08-12 10:01:03.000","Computer":"TN-FIN-WS042","User":"TRANSNORTE\\backup_svc","EventID":11,"Image":"C:\\Windows\\System32\\RuntimeBroker.exe","ProcessGuid":"{ABF20922-9A90-2026-7EDF-D4465FD6AAD3}","ProcessId":857,"TargetFilename":"C:\\Users\\ops.cardoso\\AppData\\Local\\Temp\\office-1263.tmp"}
{"UtcTime":"2026-08-12 10:01:04.000","Computer":"TN-FIN-WS042","User":"TRANSNORTE\\backup_svc","EventID":1,"Image":"C:\\Windows\\System32\\conhost.exe","ProcessGuid":"{F4CC4E19-9566-2026-994B-0EF85E576C85}","ProcessId":5312,"CommandLine":"C:\\Windows\\System32\\conhost.exe","ParentImage":"C:\\Windows\\System32\\services.exe","ParentProcessGuid":"{0E0CAAED-449E-2026-1B43-7CB6B7796981}","OriginalFileName":"C:\\Windows\\System32\\conhost.exe","SHA256":"2b000b678eaaec19d5a05ef750837f04fe50716297b5f4736ddac42e0a85d7c2"}
{"UtcTime":"2026-08-12 10:01:05.000","Computer":"TN-FIN-WS042","User":"TRANSNORTE\\backup_svc","EventID":1,"Image":"C:\\Windows\\explorer.exe","ProcessGuid":"{EA5DBB2B-4162-2026-49E2-DAE066CFDE5A}","ProcessId":4596,"CommandLine":"C:\\Windows\\explorer.exe","ParentImage":"C:\\Windows\\System32\\services.exe","ParentProcessGuid":"{A6659D2C-1EDA-2026-59EE-27671DBD569B}","OriginalFileName":"C:\\Windows\\explorer.exe","SHA256":"fae283030dbe238b95003adc32d66a8863c21ef26614bf680f365fb5b159ce59"}
{"UtcTime":"2026-08-12 10:01:06.000","Computer":"TN-FIN-WS042","User":"TRANSNORTE\\backup_svc","EventID":5,"Image":"C:\\Windows\\System32\\RuntimeBroker.exe","ProcessGuid":"{7727FD9B-34B2-2026-52E6-6AE6FF85A21C}","ProcessId":3916,"EventType":"End"}
{"UtcTime":"2026-08-12 10:01:07.000","Computer":"TN-FIN-WS042","User":"TRANSNORTE\\backup_svc","EventID":13,"Image":"C:\\Program Files\\Google\\Chrome\\Application\\chrome.exe","ProcessGuid":"{A1F17E9D-7861-2026-79C5-FFE4006EEFE6}","ProcessId":541,"EventType":"SetValue","TargetObject":"HKCU\\Software\\Microsoft\\Office\\16.0\\Outlook\\Resiliency\\1267","Details":"1"}
{"UtcTime":"2026-08-12 10:01:08.000","Computer":"TN-FIN-WS042","User":"TRANSNORTE\\backup_svc","EventID":13,"Image":"C:\\Windows\\System32\\conhost.exe","ProcessGuid":"{737FB7DD-94C4-2026-ABBC-52E6A0A9D53A}","ProcessId":5660,"EventType":"SetValue","TargetObject":"HKCU\\Software\\Microsoft\\Office\\16.0\\Outlook\\Resiliency\\1268","Details":"1"}
{"UtcTime":"2026-08-12 10:01:09.000","Computer":"TN-FIN-WS042","User":"TRANSNORTE\\ops.cardoso","EventID":5,"Image":"C:\\Windows\\explorer.exe","ProcessGuid":"{D762A665-2CF4-2026-9BDA-F982304D15E2}","ProcessId":4617,"EventType":"End"}
{"UtcTime":"2026-08-12 10:01:10.000","Computer":"TN-FIN-WS042","User":"TRANSNORTE\\backup_svc","EventID":13,"Image":"C:\\Windows\\System32\\RuntimeBroker.exe","ProcessGuid":"{6B896857-8BBC-2026-89E9-E4D74990D30C}","ProcessId":1587,"EventType":"SetValue","TargetObject":"HKCU\\Software\\Microsoft\\Office\\16.0\\Outlook\\Resiliency\\1270","Details":"1"}
{"UtcTime":"2026-08-12 10:01:11.000","Computer":"TN-FIN-WS042","User":"TRANSNORTE\\backup_svc","EventID":1,"Image":"C:\\Windows\\System32\\svchost.exe","ProcessGuid":"{3D5A33ED-1D03-2026-43DA-37C06676EB95}","ProcessId":3079,"CommandLine":"C:\\Windows\\System32\\svchost.exe","ParentImage":"C:\\Windows\\System32\\services.exe","ParentProcessGuid":"{FD812DF5-5624-2026-91D4-9D71F2DE8213}","OriginalFileName":"C:\\Windows\\System32\\svchost.exe","SHA256":"ac578c3457d7a5dee874c07cdf930c5a05c4ebcf3e4f55afa6cb050acbd56e80"}
{"UtcTime":"2026-08-12 10:01:12.000","Computer":"TN-FIN-WS042","User":"TRANSNORTE\\backup_svc","EventID":13,"Image":"C:\\Windows\\System32\\conhost.exe","ProcessGuid":"{9CAC2088-9C38-2026-CEFF-7FA848E6DE3A}","ProcessId":8314,"EventType":"SetValue","TargetObject":"HKCU\\Software\\Microsoft\\Office\\16.0\\Outlook\\Resiliency\\1272","Details":"1"}
{"UtcTime":"2026-08-12 10:01:13.000","Computer":"TN-FIN-WS042","User":"TRANSNORTE\\backup_svc","EventID":1,"Image":"C:\\Windows\\System32\\RuntimeBroker.exe","ProcessGuid":"{803626D9-F893-2026-351E-93EDF5136A40}","ProcessId":8877,"CommandLine":"C:\\Windows\\System32\\RuntimeBroker.exe","ParentImage":"C:\\Windows\\System32\\services.exe","ParentProcessGuid":"{788BD734-3A44-2026-5544-A68AB6846DB3}","OriginalFileName":"C:\\Windows\\System32\\RuntimeBroker.exe","SHA256":"fe2d073e07efe09c2358290f60f296f6c6772d78cf374b1ff35e7fa1c0a4a1b3"}
{"UtcTime":"2026-08-12 10:01:14.000","Computer":"TN-FIN-WS042","User":"TRANSNORTE\\backup_svc","EventID":1,"Image":"C:\\Windows\\System32\\svchost.exe","ProcessGuid":"{09A47E7D-03D7-2026-7D75-78BBD30FF672}","ProcessId":7599,"CommandLine":"C:\\Windows\\System32\\svchost.exe","ParentImage":"C:\\Windows\\System32\\services.exe","ParentProcessGuid":"{4968595E-EA93-2026-A908-BCDB4CF3067C}","OriginalFileName":"C:\\Windows\\System32\\svchost.exe","SHA256":"f9d270f6d38a6f9cfb5bce666998d48480d9937fabecb9ba7cf16ee277a82b6d"}
{"UtcTime":"2026-08-12 10:01:15.000","Computer":"TN-FIN-WS042","User":"TRANSNORTE\\ops.cardoso","EventID":5,"Image":"C:\\Program Files\\Microsoft Office\\Office16\\OUTLOOK.EXE","ProcessGuid":"{77142C8B-D058-2026-F8B8-A2727C5F4378}","ProcessId":6283,"EventType":"End"}
{"UtcTime":"2026-08-12 10:01:16.000","Computer":"TN-FIN-WS042","User":"TRANSNORTE\\backup_svc","EventID":11,"Image":"C:\\Windows\\explorer.exe","ProcessGuid":"{81BAEE59-B7D2-2026-009F-30E57A04542A}","ProcessId":5371,"TargetFilename":"C:\\Users\\ops.cardoso\\AppData\\Local\\Temp\\office-1276.tmp"}
{"UtcTime":"2026-08-12 10:01:17.000","Computer":"TN-FIN-WS042","User":"TRANSNORTE\\backup_svc","EventID":1,"Image":"C:\\Windows\\System32\\conhost.exe","ProcessGuid":"{857DFED4-6708-2026-0463-18B2A5646E5D}","ProcessId":6808,"CommandLine":"C:\\Windows\\System32\\conhost.exe","ParentImage":"C:\\Windows\\System32\\services.exe","ParentProcessGuid":"{1FF1F0D3-A450-2026-D243-B2ADB9A7AAA8}","OriginalFileName":"C:\\Windows\\System32\\conhost.exe","SHA256":"a0cbd854f2c1846478fa27c8d24c91b6cc8cd5ad0b848b2fb41e6ede0f1cac6c"}
{"UtcTime":"2026-08-12 10:01:18.000","Computer":"TN-FIN-WS042","User":"TRANSNORTE\\ops.cardoso","EventID":1,"Image":"C:\\Windows\\System32\\svchost.exe","ProcessGuid":"{35ADB2D6-44EC-2026-51AA-00974212CA33}","ProcessId":5788,"CommandLine":"C:\\Windows\\System32\\svchost.exe","ParentImage":"C:\\Windows\\System32\\services.exe","ParentProcessGuid":"{A20E7E87-9DEE-2026-D942-1F073E824E19}","OriginalFileName":"C:\\Windows\\System32\\svchost.exe","SHA256":"b59adc35392dc9d31f15cde38e72cc57dd78447d9251ea9d34ab9bb710cbf99e"}
{"UtcTime":"2026-08-12 10:01:19.000","Computer":"TN-FIN-WS042","User":"TRANSNORTE\\ops.cardoso","EventID":1,"Image":"C:\\Windows\\System32\\RuntimeBroker.exe","ProcessGuid":"{990D8BF6-D679-2026-8950-D1AFA437E185}","ProcessId":6147,"CommandLine":"C:\\Windows\\System32\\RuntimeBroker.exe","ParentImage":"C:\\Windows\\System32\\services.exe","ParentProcessGuid":"{D7B67721-0830-2026-2800-64D5CB262071}","OriginalFileName":"C:\\Windows\\System32\\RuntimeBroker.exe","SHA256":"2cc705664ac913bc35ec925c9808cace3ef5f8b096f434b3f9aff3fea8482594"}
{"UtcTime":"2026-08-12 10:01:20.000","Computer":"TN-FIN-WS042","User":"TRANSNORTE\\ops.cardoso","EventID":1,"Image":"C:\\Program Files\\Microsoft Office\\Office16\\OUTLOOK.EXE","ProcessGuid":"{B0FEB680-BDEC-2026-0460-4CCE1DAE4ABA}","ProcessId":8239,"CommandLine":"C:\\Program Files\\Microsoft Office\\Office16\\OUTLOOK.EXE","ParentImage":"C:\\Windows\\System32\\services.exe","ParentProcessGuid":"{CA3020A6-C365-2026-DAE7-F576D7D8B482}","OriginalFileName":"C:\\Program Files\\Microsoft Office\\Office16\\OUTLOOK.EXE","SHA256":"1b63e1a22eeec31c21d2f00aeda7d53117c00ef0a47ac8c19b87897fb5f46f8e"}
{"UtcTime":"2026-08-12 10:01:21.000","Computer":"TN-FIN-WS042","User":"TRANSNORTE\\backup_svc","EventID":1,"Image":"C:\\Windows\\System32\\svchost.exe","ProcessGuid":"{66BA6D8A-78BE-2026-283D-D075BB51EE7C}","ProcessId":5864,"CommandLine":"C:\\Windows\\System32\\svchost.exe","ParentImage":"C:\\Windows\\System32\\services.exe","ParentProcessGuid":"{8EBFAE3A-31E9-2026-62F4-95B3DF3DE1F4}","OriginalFileName":"C:\\Windows\\System32\\svchost.exe","SHA256":"68c384ebb873a4ab0578e6c918447298e74547b18285b05ebb7accb5167f75aa"}
{"UtcTime":"2026-08-12 10:01:22.000","Computer":"TN-FIN-WS042","User":"TRANSNORTE\\backup_svc","EventID":13,"Image":"C:\\Program Files\\Google\\Chrome\\Application\\chrome.exe","ProcessGuid":"{86A8A20A-EB41-2026-72DC-D77A5A89801C}","ProcessId":2859,"EventType":"SetValue","TargetObject":"HKCU\\Software\\Microsoft\\Office\\16.0\\Outlook\\Resiliency\\1282","Details":"1"}
{"UtcTime":"2026-08-12 10:01:23.000","Computer":"TN-FIN-WS042","User":"TRANSNORTE\\backup_svc","EventID":3,"Image":"C:\\Windows\\explorer.exe","ProcessGuid":"{74C5D95D-2157-2026-D47A-C7273BA3974E}","ProcessId":7751,"DestinationIp":"10.50.10.88","DestinationPort":443,"SourceIp":"10.50.10.42","Protocol":"tcp"}
{"UtcTime":"2026-08-12 10:01:24.000","Computer":"TN-FIN-WS042","User":"TRANSNORTE\\backup_svc","EventID":1,"Image":"C:\\Windows\\System32\\svchost.exe","ProcessGuid":"{B7D4C721-1940-2026-539F-374FB39C9E9E}","ProcessId":3909,"CommandLine":"C:\\Windows\\System32\\svchost.exe","ParentImage":"C:\\Windows\\System32\\services.exe","ParentProcessGuid":"{29C5C9AD-3EF7-2026-0A30-0A112ABFE085}","OriginalFileName":"C:\\Windows\\System32\\svchost.exe","SHA256":"a690eb58723dc3addc1e6d001e47bce91e3108182af103e6e5545af334747dbf"}
{"UtcTime":"2026-08-12 10:01:25.000","Computer":"TN-FIN-WS042","User":"TRANSNORTE\\backup_svc","EventID":1,"Image":"C:\\Program Files\\Google\\Chrome\\Application\\chrome.exe","ProcessGuid":"{0BA685A2-20F8-2026-9C79-613790A82D24}","ProcessId":680,"CommandLine":"C:\\Program Files\\Google\\Chrome\\Application\\chrome.exe","ParentImage":"C:\\Windows\\System32\\services.exe","ParentProcessGuid":"{14E8B86E-652B-2026-FFCE-5089CADC2659}","OriginalFileName":"C:\\Program Files\\Google\\Chrome\\Application\\chrome.exe","SHA256":"eb42bf8b9dcbf92c03c101ffaedd5d6f4d4d6ab610bf5266d7939001e5c32c1b"}
{"UtcTime":"2026-08-12 10:01:26.000","Computer":"TN-FIN-WS042","User":"TRANSNORTE\\backup_svc","EventID":5,"Image":"C:\\Program Files\\Google\\Chrome\\Application\\chrome.exe","ProcessGuid":"{EC0A1379-E102-2026-261A-F9185006988A}","ProcessId":7199,"EventType":"End"}
{"UtcTime":"2026-08-12 10:01:27.000","Computer":"TN-FIN-WS042","User":"TRANSNORTE\\backup_svc","EventID":3,"Image":"C:\\Windows\\System32\\conhost.exe","ProcessGuid":"{2CFA2A16-06FF-2026-FD8A-E98C2B58935D}","ProcessId":4681,"DestinationIp":"8.8.8.8","DestinationPort":8080,"SourceIp":"10.50.10.42","Protocol":"tcp"}
{"UtcTime":"2026-08-12 10:01:28.000","Computer":"TN-FIN-WS042","User":"TRANSNORTE\\ops.cardoso","EventID":3,"Image":"C:\\Program Files\\Google\\Chrome\\Application\\chrome.exe","ProcessGuid":"{A9FED005-CDB5-2026-DB93-C0685D12B012}","ProcessId":8664,"DestinationIp":"1.1.1.1","DestinationPort":443,"SourceIp":"10.50.10.42","Protocol":"tcp"}
{"UtcTime":"2026-08-12 10:01:29.000","Computer":"TN-FIN-WS042","User":"TRANSNORTE\\ops.cardoso","EventID":1,"Image":"C:\\Windows\\System32\\RuntimeBroker.exe","ProcessGuid":"{E749A465-B859-2026-47D3-B3B393D657B6}","ProcessId":8066,"CommandLine":"C:\\Windows\\System32\\RuntimeBroker.exe","ParentImage":"C:\\Windows\\System32\\services.exe","ParentProcessGuid":"{8D74BFC6-064D-2026-C3DE-B5E67B92B5C1}","OriginalFileName":"C:\\Windows\\System32\\RuntimeBroker.exe","SHA256":"2cc1d7e431ccc6261b1ef9456872bfbd31deb6b80e594d54d9bc594cfce3c68c"}
{"UtcTime":"2026-08-12 10:01:30.000","Computer":"TN-FIN-WS042","User":"TRANSNORTE\\backup_svc","EventID":5,"Image":"C:\\Windows\\System32\\svchost.exe","ProcessGuid":"{96A66E03-7BB2-2026-0EAD-7C43F888FFF6}","ProcessId":8248,"EventType":"End"}
{"UtcTime":"2026-08-12 10:01:31.000","Computer":"TN-FIN-WS042","User":"TRANSNORTE\\backup_svc","EventID":11,"Image":"C:\\Windows\\System32\\svchost.exe","ProcessGuid":"{5F255CB1-949A-2026-8DF0-505D15BE5C3A}","ProcessId":8434,"TargetFilename":"C:\\Users\\ops.cardoso\\AppData\\Local\\Temp\\office-1291.tmp"}
{"UtcTime":"2026-08-12 10:01:32.000","Computer":"TN-FIN-WS042","User":"TRANSNORTE\\backup_svc","EventID":13,"Image":"C:\\Windows\\explorer.exe","ProcessGuid":"{FBDD693A-41F5-2026-AF55-AD0256B714BF}","ProcessId":3739,"EventType":"SetValue","TargetObject":"HKCU\\Software\\Microsoft\\Office\\16.0\\Outlook\\Resiliency\\1292","Details":"1"}
{"UtcTime":"2026-08-12 10:01:33.000","Computer":"TN-FIN-WS042","User":"TRANSNORTE\\ops.cardoso","EventID":1,"Image":"C:\\Windows\\System32\\conhost.exe","ProcessGuid":"{939F9AAD-ABC5-2026-58F7-41E05BB41A76}","ProcessId":8054,"CommandLine":"C:\\Windows\\System32\\conhost.exe","ParentImage":"C:\\Windows\\System32\\services.exe","ParentProcessGuid":"{F751CFB3-BFA2-2026-F8D5-4E41F59A1F17}","OriginalFileName":"C:\\Windows\\System32\\conhost.exe","SHA256":"7671f851c98459ec0c8b3156874d3b965f8de7e81fdebe8cbb95bc46f5e2374f"}
{"UtcTime":"2026-08-12 10:01:34.000","Computer":"TN-FIN-WS042","User":"TRANSNORTE\\ops.cardoso","EventID":11,"Image":"C:\\Windows\\System32\\svchost.exe","ProcessGuid":"{90248B36-828E-2026-8725-D10F6718E2BA}","ProcessId":1316,"TargetFilename":"C:\\Users\\ops.cardoso\\AppData\\Local\\Temp\\office-1294.tmp"}
{"UtcTime":"2026-08-12 10:01:35.000","Computer":"TN-FIN-WS042","User":"TRANSNORTE\\ops.cardoso","EventID":5,"Image":"C:\\Program Files\\Google\\Chrome\\Application\\chrome.exe","ProcessGuid":"{69ADED35-C250-2026-EF9A-E8948B40D34F}","ProcessId":1942,"EventType":"End"}
{"UtcTime":"2026-08-12 10:01:36.000","Computer":"TN-FIN-WS042","User":"TRANSNORTE\\ops.cardoso","EventID":3,"Image":"C:\\Program Files\\Google\\Chrome\\Application\\chrome.exe","ProcessGuid":"{52E01FAB-7728-2026-D8E8-514C656B8CF9}","ProcessId":8575,"DestinationIp":"1.1.1.1","DestinationPort":8080,"SourceIp":"10.50.10.42","Protocol":"tcp"}
{"UtcTime":"2026-08-12 10:01:37.000","Computer":"TN-FIN-WS042","User":"TRANSNORTE\\backup_svc","EventID":11,"Image":"C:\\Program Files\\Google\\Chrome\\Application\\chrome.exe","ProcessGuid":"{A856533C-E127-2026-C976-159B903F93C9}","ProcessId":4571,"TargetFilename":"C:\\Users\\ops.cardoso\\AppData\\Local\\Temp\\office-1297.tmp"}
{"UtcTime":"2026-08-12 10:01:38.000","Computer":"TN-FIN-WS042","User":"TRANSNORTE\\backup_svc","EventID":13,"Image":"C:\\Program Files\\Google\\Chrome\\Application\\chrome.exe","ProcessGuid":"{E9221189-D888-2026-48C4-3FD80CE01BDD}","ProcessId":3576,"EventType":"SetValue","TargetObject":"HKCU\\Software\\Microsoft\\Office\\16.0\\Outlook\\Resiliency\\1298","Details":"1"}
{"UtcTime":"2026-08-12 10:01:39.000","Computer":"TN-FIN-WS042","User":"TRANSNORTE\\ops.cardoso","EventID":3,"Image":"C:\\Program Files\\Microsoft Office\\Office16\\OUTLOOK.EXE","ProcessGuid":"{E3874633-FDB0-2026-E5F5-A6D68E73D71B}","ProcessId":6261,"DestinationIp":"10.50.10.10","DestinationPort":443,"SourceIp":"10.50.10.42","Protocol":"tcp"}
{"UtcTime":"2026-08-12 10:01:40.000","Computer":"TN-FIN-WS042","User":"TRANSNORTE\\backup_svc","EventID":1,"Image":"C:\\Windows\\explorer.exe","ProcessGuid":"{73B3834A-2A25-2026-F1B0-9321969BF30B}","ProcessId":6392,"CommandLine":"C:\\Windows\\explorer.exe","ParentImage":"C:\\Windows\\System32\\services.exe","ParentProcessGuid":"{C3D16590-2557-2026-4495-AD51FBA9098A}","OriginalFileName":"C:\\Windows\\explorer.exe","SHA256":"51a37ce8290dcab04c7c5e2932db7dbd88d879e387e86b6e3e77824fd9d7c141"}
{"UtcTime":"2026-08-12 10:01:41.000","Computer":"TN-FIN-WS042","User":"TRANSNORTE\\ops.cardoso","EventID":3,"Image":"C:\\Windows\\System32\\svchost.exe","ProcessGuid":"{1F051958-748C-2026-7242-380B17B827E1}","ProcessId":7129,"DestinationIp":"8.8.8.8","DestinationPort":53,"SourceIp":"10.50.10.42","Protocol":"tcp"}
{"UtcTime":"2026-08-12 10:01:42.000","Computer":"TN-FIN-WS042","User":"TRANSNORTE\\backup_svc","EventID":1,"Image":"C:\\Windows\\System32\\svchost.exe","ProcessGuid":"{CC38B09D-B7B2-2026-9C9B-16EEAC21731E}","ProcessId":2633,"CommandLine":"C:\\Windows\\System32\\svchost.exe","ParentImage":"C:\\Windows\\System32\\services.exe","ParentProcessGuid":"{A5FE6866-F4DF-2026-687B-914DA0AD01E2}","OriginalFileName":"C:\\Windows\\System32\\svchost.exe","SHA256":"f0345b27d1052d3fc75bb9f32c7fc65fea9f9e9003f873ba9cd93f4496e68837"}
{"UtcTime":"2026-08-12 10:01:43.000","Computer":"TN-FIN-WS042","User":"TRANSNORTE\\backup_svc","EventID":1,"Image":"C:\\Windows\\System32\\RuntimeBroker.exe","ProcessGuid":"{FFB39348-4833-2026-B4F0-07AA3E324227}","ProcessId":6083,"CommandLine":"C:\\Windows\\System32\\RuntimeBroker.exe","ParentImage":"C:\\Windows\\System32\\services.exe","ParentProcessGuid":"{FBA52111-CD9F-2026-58EA-203670ED4D99}","OriginalFileName":"C:\\Windows\\System32\\RuntimeBroker.exe","SHA256":"503a20630624fd947f0bbff1a5849711e6834d12cb5eba2477b15d92006c5098"}
{"UtcTime":"2026-08-12 10:01:44.000","Computer":"TN-FIN-WS042","User":"TRANSNORTE\\backup_svc","EventID":5,"Image":"C:\\Windows\\System32\\svchost.exe","ProcessGuid":"{73FE08A4-059F-2026-0ABC-BF9895800CCF}","ProcessId":1630,"EventType":"End"}
{"UtcTime":"2026-08-12 10:01:45.000","Computer":"TN-FIN-WS042","User":"TRANSNORTE\\ops.cardoso","EventID":3,"Image":"C:\\Windows\\System32\\RuntimeBroker.exe","ProcessGuid":"{848A639C-C481-2026-E5DE-0D260689954B}","ProcessId":5896,"DestinationIp":"1.1.1.1","DestinationPort":135,"SourceIp":"10.50.10.42","Protocol":"tcp"}
{"UtcTime":"2026-08-12 10:01:46.000","Computer":"TN-FIN-WS042","User":"TRANSNORTE\\backup_svc","EventID":1,"Image":"C:\\Windows\\System32\\conhost.exe","ProcessGuid":"{A26DCB60-B5B3-2026-A675-D3F056F4009D}","ProcessId":6507,"CommandLine":"C:\\Windows\\System32\\conhost.exe","ParentImage":"C:\\Windows\\System32\\services.exe","ParentProcessGuid":"{ECC83F31-86C7-2026-F68B-F91D41BCFCC8}","OriginalFileName":"C:\\Windows\\System32\\conhost.exe","SHA256":"ce2b8834649216498d3c9449270e7b6752407e5656d934aeb9d53457a286f8c7"}
{"UtcTime":"2026-08-12 10:01:47.000","Computer":"TN-FIN-WS042","User":"TRANSNORTE\\backup_svc","EventID":5,"Image":"C:\\Program Files\\Google\\Chrome\\Application\\chrome.exe","ProcessGuid":"{4C3253B3-84DF-2026-8540-BD0FE9F03E51}","ProcessId":5406,"EventType":"End"}
{"UtcTime":"2026-08-12 10:01:48.000","Computer":"TN-FIN-WS042","User":"TRANSNORTE\\ops.cardoso","EventID":1,"Image":"C:\\Windows\\System32\\RuntimeBroker.exe","ProcessGuid":"{8F9A794F-D0D3-2026-5941-425E0CEABFCD}","ProcessId":6520,"CommandLine":"C:\\Windows\\System32\\RuntimeBroker.exe","ParentImage":"C:\\Windows\\System32\\services.exe","ParentProcessGuid":"{4D957777-13AB-2026-0FF6-21AB2F40182A}","OriginalFileName":"C:\\Windows\\System32\\RuntimeBroker.exe","SHA256":"08748fccb7984ef2821e51e5b912a8f64ba97fa680579e2c12022be994a2ce17"}
{"UtcTime":"2026-08-12 10:01:49.000","Computer":"TN-FIN-WS042","User":"TRANSNORTE\\backup_svc","EventID":1,"Image":"C:\\Windows\\explorer.exe","ProcessGuid":"{56A5715C-185B-2026-4862-C39903567BF6}","ProcessId":8035,"CommandLine":"C:\\Windows\\explorer.exe","ParentImage":"C:\\Windows\\System32\\services.exe","ParentProcessGuid":"{87B850D7-A9F3-2026-D309-398EADC284E7}","OriginalFileName":"C:\\Windows\\explorer.exe","SHA256":"f29c8573e778381532fb1a0a0845e8e18159990ca163d0d57d55f3a1cb0b5fe5"}
{"UtcTime":"2026-08-12 10:01:50.000","Computer":"TN-FIN-WS042","User":"TRANSNORTE\\backup_svc","EventID":11,"Image":"C:\\Windows\\System32\\RuntimeBroker.exe","ProcessGuid":"{3F7C8726-E325-2026-17FC-2C2D207E52F3}","ProcessId":2434,"TargetFilename":"C:\\Users\\ops.cardoso\\AppData\\Local\\Temp\\office-1310.tmp"}
{"UtcTime":"2026-08-12 10:01:51.000","Computer":"TN-FIN-WS042","User":"TRANSNORTE\\ops.cardoso","EventID":11,"Image":"C:\\Windows\\System32\\RuntimeBroker.exe","ProcessGuid":"{E70066CB-594C-2026-9445-5B3DD5BF2283}","ProcessId":3399,"TargetFilename":"C:\\Users\\ops.cardoso\\AppData\\Local\\Temp\\office-1311.tmp"}
{"UtcTime":"2026-08-12 10:01:52.000","Computer":"TN-FIN-WS042","User":"TRANSNORTE\\backup_svc","EventID":1,"Image":"C:\\Windows\\System32\\svchost.exe","ProcessGuid":"{72234DFE-ACA1-2026-2F1F-200E05DC4F3E}","ProcessId":2356,"CommandLine":"C:\\Windows\\System32\\svchost.exe","ParentImage":"C:\\Windows\\System32\\services.exe","ParentProcessGuid":"{D38947D0-7B1A-2026-5966-95FD67BF2982}","OriginalFileName":"C:\\Windows\\System32\\svchost.exe","SHA256":"eca2d52928fe5f1d5539e033be25fd1506f8881e860cd26b0f53ad2d324270de"}
{"UtcTime":"2026-08-12 10:01:53.000","Computer":"TN-FIN-WS042","User":"TRANSNORTE\\backup_svc","EventID":13,"Image":"C:\\Windows\\explorer.exe","ProcessGuid":"{3F395854-0815-2026-A0F3-21E00F8B64F4}","ProcessId":1655,"EventType":"SetValue","TargetObject":"HKCU\\Software\\Microsoft\\Office\\16.0\\Outlook\\Resiliency\\1313","Details":"1"}
{"UtcTime":"2026-08-12 10:01:54.000","Computer":"TN-FIN-WS042","User":"TRANSNORTE\\ops.cardoso","EventID":5,"Image":"C:\\Windows\\System32\\conhost.exe","ProcessGuid":"{B0E8092B-CA4D-2026-6C0B-47F7897E16F8}","ProcessId":2242,"EventType":"End"}
{"UtcTime":"2026-08-12 10:01:55.000","Computer":"TN-FIN-WS042","User":"TRANSNORTE\\ops.cardoso","EventID":3,"Image":"C:\\Program Files\\Microsoft Office\\Office16\\OUTLOOK.EXE","ProcessGuid":"{4BC1DD2E-DC1A-2026-5547-4E5078B82B28}","ProcessId":5439,"DestinationIp":"10.50.10.10","DestinationPort":135,"SourceIp":"10.50.10.42","Protocol":"tcp"}
{"UtcTime":"2026-08-12 10:01:56.000","Computer":"TN-FIN-WS042","User":"TRANSNORTE\\ops.cardoso","EventID":5,"Image":"C:\\Windows\\System32\\conhost.exe","ProcessGuid":"{3E930B12-DE23-2026-585A-700A59A2929A}","ProcessId":2096,"EventType":"End"}
{"UtcTime":"2026-08-12 10:01:57.000","Computer":"TN-FIN-WS042","User":"TRANSNORTE\\backup_svc","EventID":1,"Image":"C:\\Windows\\System32\\RuntimeBroker.exe","ProcessGuid":"{E0E5507D-1423-2026-04FA-B80F8AD9DCCF}","ProcessId":7402,"CommandLine":"C:\\Windows\\System32\\RuntimeBroker.exe","ParentImage":"C:\\Windows\\System32\\services.exe","ParentProcessGuid":"{E789C5C4-79BA-2026-A504-C599FB0F893A}","OriginalFileName":"C:\\Windows\\System32\\RuntimeBroker.exe","SHA256":"4c26804c9f0a1db0c6b07696cc130d390658d9cf0e4de5c3a2015ffff068d24b"}
{"UtcTime":"2026-08-12 10:01:58.000","Computer":"TN-FIN-WS042","User":"TRANSNORTE\\ops.cardoso","EventID":5,"Image":"C:\\Windows\\System32\\conhost.exe","ProcessGuid":"{67745B13-7BFB-2026-6185-DEF116175339}","ProcessId":6824,"EventType":"End"}
{"UtcTime":"2026-08-12 10:01:59.000","Computer":"TN-FIN-WS042","User":"TRANSNORTE\\backup_svc","EventID":5,"Image":"C:\\Windows\\System32\\conhost.exe","ProcessGuid":"{FDE7DE03-B7F9-2026-670D-62E0A3FBEDF7}","ProcessId":1293,"EventType":"End"}
{"UtcTime":"2026-08-12 10:02:00.000","Computer":"TN-FIN-WS042","User":"TRANSNORTE\\backup_svc","EventID":5,"Image":"C:\\Windows\\System32\\svchost.exe","ProcessGuid":"{A27D5A24-0502-2026-84C8-71D9C06A40FE}","ProcessId":6264,"EventType":"End"}
{"UtcTime":"2026-08-12 10:02:01.000","Computer":"TN-FIN-WS042","User":"TRANSNORTE\\backup_svc","EventID":1,"Image":"C:\\Windows\\explorer.exe","ProcessGuid":"{6B5AC761-32EB-2026-E464-031EE8C05E3F}","ProcessId":4364,"CommandLine":"C:\\Windows\\explorer.exe","ParentImage":"C:\\Windows\\System32\\services.exe","ParentProcessGuid":"{3AFD357B-C831-2026-A664-B9619BA2A8DA}","OriginalFileName":"C:\\Windows\\explorer.exe","SHA256":"8b069dad8b25895b478362bec32ae0df0c59e7cd858ca18fc6bdfa3db4e38d85"}
{"UtcTime":"2026-08-12 10:02:02.000","Computer":"TN-FIN-WS042","User":"TRANSNORTE\\backup_svc","EventID":1,"Image":"C:\\Windows\\System32\\conhost.exe","ProcessGuid":"{0550D4DD-1E0F-2026-DC53-442430C2208F}","ProcessId":5022,"CommandLine":"C:\\Windows\\System32\\conhost.exe","ParentImage":"C:\\Windows\\System32\\services.exe","ParentProcessGuid":"{5D2DC7A4-D6DF-2026-3512-8727D019C30B}","OriginalFileName":"C:\\Windows\\System32\\conhost.exe","SHA256":"66b240a2fd5f70b27b09f67d1497590eb966ca380c18f36cdeef59fb583afbd8"}
{"UtcTime":"2026-08-12 10:02:03.000","Computer":"TN-FIN-WS042","User":"TRANSNORTE\\backup_svc","EventID":13,"Image":"C:\\Program Files\\Microsoft Office\\Office16\\OUTLOOK.EXE","ProcessGuid":"{911DA5C1-D236-2026-493F-BBBAD422A1E4}","ProcessId":8055,"EventType":"SetValue","TargetObject":"HKCU\\Software\\Microsoft\\Office\\16.0\\Outlook\\Resiliency\\1323","Details":"1"}
{"UtcTime":"2026-08-12 10:02:04.000","Computer":"TN-FIN-WS042","User":"TRANSNORTE\\ops.cardoso","EventID":5,"Image":"C:\\Windows\\explorer.exe","ProcessGuid":"{3732587A-9147-2026-4133-51517F24C042}","ProcessId":5001,"EventType":"End"}
{"UtcTime":"2026-08-12 10:02:05.000","Computer":"TN-FIN-WS042","User":"TRANSNORTE\\backup_svc","EventID":3,"Image":"C:\\Windows\\System32\\svchost.exe","ProcessGuid":"{A71785C8-86FB-2026-5F26-9BF0D117B4BA}","ProcessId":926,"DestinationIp":"10.50.10.88","DestinationPort":53,"SourceIp":"10.50.10.42","Protocol":"tcp"}
{"UtcTime":"2026-08-12 10:02:06.000","Computer":"TN-FIN-WS042","User":"TRANSNORTE\\ops.cardoso","EventID":1,"Image":"C:\\Windows\\explorer.exe","ProcessGuid":"{46E87243-B5CE-2026-14B2-BF173DE1581D}","ProcessId":7768,"CommandLine":"C:\\Windows\\explorer.exe","ParentImage":"C:\\Windows\\System32\\services.exe","ParentProcessGuid":"{BB585C7E-8B1A-2026-ABCF-D018E6DB5A58}","OriginalFileName":"C:\\Windows\\explorer.exe","SHA256":"b1a8e094cb57c4283b8300f532d82a85fc5e14388ccd3b64f8ff8d2d1a97616d"}
