{"UtcTime":"2026-08-12 14:39:45.000","Computer":"CLM-MESA-014","User":"CLM\\mesa","EventID":1,"Image":"C:\\Windows\\explorer.exe","ProcessGuid":"{72921D45-0C61-2026-C0D5-6E6F26A045F8}","ProcessId":796,"CommandLine":"C:\\Windows\\explorer.exe","ParentImage":"C:\\Windows\\System32\\services.exe","ParentProcessGuid":"{BE25AB4C-7DE1-2026-B39E-819510D106E6}","OriginalFileName":"C:\\Windows\\explorer.exe"}
{"UtcTime":"2026-08-12 14:39:46.000","Computer":"CLM-MESA-014","User":"CLM\\mesa","EventID":13,"Image":"C:\\Windows\\explorer.exe","ProcessGuid":"{6A19C664-F7EB-2026-5954-9EC7E9EE8A25}","ProcessId":3504,"EventType":"SetValue","TargetObject":"HKCU\\Software\\CLM\\Mesa\\Pref\\1786","Details":"1"}
{"UtcTime":"2026-08-12 14:39:47.000","Computer":"CLM-MESA-014","User":"CLM\\mesa","EventID":13,"Image":"C:\\Windows\\System32\\RuntimeBroker.exe","ProcessGuid":"{5E961379-DDF1-2026-6F25-89C32917EB8E}","ProcessId":4849,"EventType":"SetValue","TargetObject":"HKCU\\Software\\CLM\\Mesa\\Pref\\1787","Details":"1"}
{"UtcTime":"2026-08-12 14:39:48.000","Computer":"CLM-MESA-014","User":"CLM\\ops","EventID":1,"Image":"C:\\Windows\\explorer.exe","ProcessGuid":"{3FD616B3-C387-2026-6425-EF75E8A3CFEE}","ProcessId":2292,"CommandLine":"C:\\Windows\\explorer.exe","ParentImage":"C:\\Windows\\System32\\services.exe","ParentProcessGuid":"{0845E2F7-EE06-2026-3501-C8702CC87585}","OriginalFileName":"C:\\Windows\\explorer.exe"}
{"UtcTime":"2026-08-12 14:39:49.000","Computer":"CLM-MESA-014","User":"CLM\\mesa","EventID":1,"Image":"C:\\Windows\\System32\\conhost.exe","ProcessGuid":"{F9D3DAE0-CE63-2026-B121-38E8CBC8ADA8}","ProcessId":6096,"CommandLine":"C:\\Windows\\System32\\conhost.exe","ParentImage":"C:\\Windows\\System32\\services.exe","ParentProcessGuid":"{03BFC207-0EDE-2026-0772-3D7C42269642}","OriginalFileName":"C:\\Windows\\System32\\conhost.exe"}
{"UtcTime":"2026-08-12 14:39:50.000","Computer":"CLM-MESA-014","User":"CLM\\ops","EventID":1,"Image":"C:\\Program Files\\Google\\Chrome\\Application\\chrome.exe","ProcessGuid":"{45884C53-475F-2026-CFA5-89A24DE8B7DD}","ProcessId":1946,"CommandLine":"C:\\Program Files\\Google\\Chrome\\Application\\chrome.exe","ParentImage":"C:\\Windows\\System32\\services.exe","ParentProcessGuid":"{5ACC3ADD-82B2-2026-3ED6-CFD7096DEFE3}","OriginalFileName":"C:\\Program Files\\Google\\Chrome\\Application\\chrome.exe"}
{"UtcTime":"2026-08-12 14:39:51.000","Computer":"CLM-MESA-014","User":"CLM\\mesa","EventID":1,"Image":"C:\\Program Files\\Google\\Chrome\\Application\\chrome.exe","ProcessGuid":"{2F6BD8BF-D6C7-2026-90E2-3BA3425379BB}","ProcessId":1744,"CommandLine":"C:\\Program Files\\Google\\Chrome\\Application\\chrome.exe","ParentImage":"C:\\Windows\\System32\\services.exe","ParentProcessGuid":"{A5448BF7-B3E5-2026-6A2C-A6D7D1CDF242}","OriginalFileName":"C:\\Program Files\\Google\\Chrome\\Application\\chrome.exe"}
{"UtcTime":"2026-08-12 14:39:52.000","Computer":"CLM-MESA-014","User":"CLM\\backoffice","EventID":13,"Image":"C:\\Program Files\\Google\\Chrome\\Application\\chrome.exe","ProcessGuid":"{4DE5A19F-E3CA-2026-AA7E-D3E1B0228F32}","ProcessId":4213,"EventType":"SetValue","TargetObject":"HKCU\\Software\\CLM\\Mesa\\Pref\\1792","Details":"1"}
{"UtcTime":"2026-08-12 14:39:53.000","Computer":"CLM-MESA-014","User":"CLM\\ops","EventID":3,"Image":"C:\\Windows\\System32\\RuntimeBroker.exe","ProcessGuid":"{BEBA78AF-6B15-2026-A8CC-F16928A0A323}","ProcessId":1951,"DestinationIp":"8.8.8.8","DestinationPort":135,"DestinationHostname":"ntp.clm.liquidacao","SourceIp":"10.70.30.14","Protocol":"tcp"}
{"UtcTime":"2026-08-12 14:39:54.000","Computer":"CLM-MESA-014","User":"CLM\\mesa","EventID":3,"Image":"C:\\Windows\\explorer.exe","ProcessGuid":"{41ED021A-7A76-2026-60CA-4A246299C323}","ProcessId":551,"DestinationIp":"10.70.30.8","DestinationPort":53,"DestinationHostname":"portal.clm.liquidacao","SourceIp":"10.70.30.14","Protocol":"tcp"}
{"UtcTime":"2026-08-12 14:39:55.000","Computer":"CLM-MESA-014","User":"CLM\\mesa","EventID":11,"Image":"C:\\Windows\\System32\\RuntimeBroker.exe","ProcessGuid":"{5AC1071F-FB8A-2026-C49F-2622734DD89D}","ProcessId":1341,"TargetFilename":"C:\\Users\\Public\\Temp\\mesa-1795.tmp"}
{"UtcTime":"2026-08-12 14:39:56.000","Computer":"CLM-MESA-014","User":"CLM\\mesa","EventID":13,"Image":"C:\\Windows\\System32\\svchost.exe","ProcessGuid":"{E3869CC7-BBF1-2026-6C6C-EAEE95283A19}","ProcessId":5711,"EventType":"SetValue","TargetObject":"HKCU\\Software\\CLM\\Mesa\\Pref\\1796","Details":"1"}
{"UtcTime":"2026-08-12 14:39:57.000","Computer":"CLM-MESA-014","User":"CLM\\mesa","EventID":1,"Image":"C:\\Windows\\System32\\svchost.exe","ProcessGuid":"{5313B49B-93D4-2026-2C01-66D92271C6DB}","ProcessId":6306,"CommandLine":"C:\\Windows\\System32\\svchost.exe","ParentImage":"C:\\Windows\\System32\\services.exe","ParentProcessGuid":"{7C2C662D-B3E4-2026-6410-26E7D18435B6}","OriginalFileName":"C:\\Windows\\System32\\svchost.exe"}
{"UtcTime":"2026-08-12 14:39:58.000","Computer":"CLM-MESA-014","User":"CLM\\mesa","EventID":1,"Image":"C:\\Windows\\System32\\conhost.exe","ProcessGuid":"{FB1E7F83-290B-2026-9D69-CD05B10F839B}","ProcessId":6722,"CommandLine":"C:\\Windows\\System32\\conhost.exe","ParentImage":"C:\\Windows\\System32\\services.exe","ParentProcessGuid":"{0D160295-D6B0-2026-D20A-B34F1FA602A8}","OriginalFileName":"C:\\Windows\\System32\\conhost.exe"}
{"UtcTime":"2026-08-12 14:39:59.000","Computer":"CLM-MESA-014","User":"CLM\\ops","EventID":5,"Image":"C:\\Windows\\System32\\conhost.exe","ProcessGuid":"{67789C3F-EC26-2026-9C0F-550FCE3A86CC}","ProcessId":3929,"EventType":"End"}
{"UtcTime":"2026-08-12 14:40:00.000","Computer":"CLM-MESA-014","User":"CLM\\backoffice","EventID":11,"Image":"C:\\Windows\\explorer.exe","ProcessGuid":"{0848DB9A-78AA-2026-68E3-B16A9365037A}","ProcessId":5871,"TargetFilename":"C:\\Users\\Public\\Temp\\mesa-1800.tmp"}
{"UtcTime":"2026-08-12 14:40:01.000","Computer":"CLM-MESA-014","User":"CLM\\backoffice","EventID":1,"Image":"C:\\Windows\\System32\\svchost.exe","ProcessGuid":"{DA2EC80C-CA5A-2026-2658-1CB90BB9DDE1}","ProcessId":8392,"CommandLine":"C:\\Windows\\System32\\svchost.exe","ParentImage":"C:\\Windows\\System32\\services.exe","ParentProcessGuid":"{4E081EA7-E963-2026-FD5A-AE31213E0410}","OriginalFileName":"C:\\Windows\\System32\\svchost.exe"}
{"UtcTime":"2026-08-12 14:40:02.000","Computer":"CLM-MESA-014","User":"CLM\\mesa","EventID":11,"Image":"C:\\Windows\\explorer.exe","ProcessGuid":"{AED42BB2-3657-2026-89C9-4CE7591ECC81}","ProcessId":7683,"TargetFilename":"C:\\Users\\Public\\Temp\\mesa-1802.tmp"}
{"UtcTime":"2026-08-12 14:40:03.000","Computer":"CLM-MESA-014","User":"CLM\\mesa","EventID":3,"Image":"C:\\Windows\\explorer.exe","ProcessGuid":"{A0A602EC-C344-2026-3913-437C7A63228B}","ProcessId":4822,"DestinationIp":"1.1.1.1","DestinationPort":53,"DestinationHostname":"ntp.clm.liquidacao","SourceIp":"10.70.30.14","Protocol":"tcp"}
{"UtcTime":"2026-08-12 14:40:04.000","Computer":"CLM-MESA-014","User":"CLM\\ops","EventID":11,"Image":"C:\\Windows\\explorer.exe","ProcessGuid":"{302B633E-7DE4-2026-1AD9-AA9966907D1C}","ProcessId":5342,"TargetFilename":"C:\\Users\\Public\\Temp\\mesa-1804.tmp"}
{"UtcTime":"2026-08-12 14:40:05.000","Computer":"CLM-MESA-014","User":"CLM\\backoffice","EventID":1,"Image":"C:\\Program Files\\Google\\Chrome\\Application\\chrome.exe","ProcessGuid":"{771A981D-8038-2026-98B4-099EC4F6BA68}","ProcessId":2438,"CommandLine":"C:\\Program Files\\Google\\Chrome\\Application\\chrome.exe","ParentImage":"C:\\Windows\\System32\\services.exe","ParentProcessGuid":"{DA927196-1216-2026-E3BF-94FA74787605}","OriginalFileName":"C:\\Program Files\\Google\\Chrome\\Application\\chrome.exe"}
{"UtcTime":"2026-08-12 14:40:06.000","Computer":"CLM-MESA-014","User":"CLM\\backoffice","EventID":13,"Image":"C:\\Windows\\System32\\RuntimeBroker.exe","ProcessGuid":"{4543166F-152E-2026-32AD-4677662EB80F}","ProcessId":3304,"EventType":"SetValue","TargetObject":"HKCU\\Software\\CLM\\Mesa\\Pref\\1806","Details":"1"}
{"UtcTime":"2026-08-12 14:40:07.000","Computer":"CLM-MESA-014","User":"CLM\\mesa","EventID":1,"Image":"C:\\Windows\\System32\\svchost.exe","ProcessGuid":"{F50394B9-EA5A-2026-1E3F-C9EFE6D68C38}","ProcessId":5371,"CommandLine":"C:\\Windows\\System32\\svchost.exe","ParentImage":"C:\\Windows\\System32\\services.exe","ParentProcessGuid":"{45B8B15B-1F68-2026-9E8A-0F87A86BABCB}","OriginalFileName":"C:\\Windows\\System32\\svchost.exe"}
{"UtcTime":"2026-08-12 14:40:08.000","Computer":"CLM-MESA-014","User":"CLM\\ops","EventID":5,"Image":"C:\\Windows\\explorer.exe","ProcessGuid":"{2EA64800-3636-2026-4189-E1A98DE4BDA1}","ProcessId":2142,"EventType":"End"}
{"UtcTime":"2026-08-12 14:40:09.000","Computer":"CLM-MESA-014","User":"CLM\\ops","EventID":11,"Image":"C:\\Program Files\\Microsoft Office\\Office16\\EXCEL.EXE","ProcessGuid":"{3BC9F61F-FA65-2026-C199-7F49499A81AB}","ProcessId":623,"TargetFilename":"C:\\Users\\Public\\Temp\\mesa-1809.tmp"}
{"UtcTime":"2026-08-12 14:40:10.000","Computer":"CLM-MESA-014","User":"CLM\\ops","EventID":1,"Image":"C:\\Windows\\System32\\conhost.exe","ProcessGuid":"{3C773578-50EB-2026-6292-885898CFB836}","ProcessId":6974,"CommandLine":"C:\\Windows\\System32\\conhost.exe","ParentImage":"C:\\Windows\\System32\\services.exe","ParentProcessGuid":"{156839AC-69B3-2026-63E2-FB04398523A2}","OriginalFileName":"C:\\Windows\\System32\\conhost.exe"}
{"UtcTime":"2026-08-12 14:40:11.000","Computer":"CLM-MESA-014","User":"CLM\\mesa","EventID":3,"Image":"C:\\Windows\\System32\\svchost.exe","ProcessGuid":"{73316E33-EC2A-2026-9EA9-59D7FE171E4B}","ProcessId":8832,"DestinationIp":"1.1.1.1","DestinationPort":443,"DestinationHostname":"ntp.clm.liquidacao","SourceIp":"10.70.30.14","Protocol":"tcp"}
{"UtcTime":"2026-08-12 14:40:12.000","Computer":"CLM-MESA-014","User":"CLM\\backoffice","EventID":5,"Image":"C:\\Windows\\System32\\svchost.exe","ProcessGuid":"{4E2C4D44-71B8-2026-4CF3-2720DFDF87DC}","ProcessId":6547,"EventType":"End"}
{"UtcTime":"2026-08-12 14:40:13.000","Computer":"CLM-MESA-014","User":"CLM\\backoffice","EventID":13,"Image":"C:\\Windows\\System32\\conhost.exe","ProcessGuid":"{8D399D96-0CBD-2026-70D9-34F55BFA3E70}","ProcessId":7297,"EventType":"SetValue","TargetObject":"HKCU\\Software\\CLM\\Mesa\\Pref\\1813","Details":"1"}
{"UtcTime":"2026-08-12 14:40:14.000","Computer":"CLM-MESA-014","User":"CLM\\backoffice","EventID":1,"Image":"C:\\Windows\\System32\\RuntimeBroker.exe","ProcessGuid":"{44D241C2-BCFC-2026-DEBC-D44EC05E6C4B}","ProcessId":6578,"CommandLine":"C:\\Windows\\System32\\RuntimeBroker.exe","ParentImage":"C:\\Windows\\System32\\services.exe","ParentProcessGuid":"{26BB34B9-BE65-2026-FE71-6362762D755D}","OriginalFileName":"C:\\Windows\\System32\\RuntimeBroker.exe"}
{"UtcTime":"2026-08-12 14:40:15.000","Computer":"CLM-MESA-014","User":"CLM\\mesa","EventID":11,"Image":"C:\\Windows\\System32\\RuntimeBroker.exe","ProcessGuid":"{313245F1-F86F-2026-1E25-9A8EE8707927}","ProcessId":3148,"TargetFilename":"C:\\Users\\Public\\Temp\\mesa-1815.tmp"}
{"UtcTime":"2026-08-12 14:40:16.000","Computer":"CLM-MESA-014","User":"CLM\\ops","EventID":1,"Image":"C:\\Windows\\System32\\conhost.exe","ProcessGuid":"{056B6DCD-5C22-2026-7389-3E521C508798}","ProcessId":8836,"CommandLine":"C:\\Windows\\System32\\conhost.exe","ParentImage":"C:\\Windows\\System32\\services.exe","ParentProcessGuid":"{F48EF9D1-1CB8-2026-AC80-5829599934D3}","OriginalFileName":"C:\\Windows\\System32\\conhost.exe"}
{"UtcTime":"2026-08-12 14:40:17.000","Computer":"CLM-MESA-014","User":"CLM\\mesa","EventID":13,"Image":"C:\\Program Files\\Microsoft Office\\Office16\\EXCEL.EXE","ProcessGuid":"{989A8AAF-9934-2026-5725-5B2CF283BC45}","ProcessId":8066,"EventType":"SetValue","TargetObject":"HKCU\\Software\\CLM\\Mesa\\Pref\\1817","Details":"1"}
{"UtcTime":"2026-08-12 14:40:18.000","Computer":"CLM-MESA-014","User":"CLM\\backoffice","EventID":5,"Image":"C:\\Windows\\System32\\svchost.exe","ProcessGuid":"{210B4B0B-667D-2026-DACE-392A452D1EE0}","ProcessId":6082,"EventType":"End"}
{"UtcTime":"2026-08-12 14:40:19.000","Computer":"CLM-MESA-014","User":"CLM\\backoffice","EventID":1,"Image":"C:\\Program Files\\Microsoft Office\\Office16\\EXCEL.EXE","ProcessGuid":"{CDEC3994-D5C4-2026-D163-ECA91677847C}","ProcessId":7810,"CommandLine":"C:\\Program Files\\Microsoft Office\\Office16\\EXCEL.EXE","ParentImage":"C:\\Windows\\System32\\services.exe","ParentProcessGuid":"{98A40980-33B6-2026-66E0-50A1D8C66104}","OriginalFileName":"C:\\Program Files\\Microsoft Office\\Office16\\EXCEL.EXE"}
{"UtcTime":"2026-08-12 14:40:20.000","Computer":"CLM-MESA-014","User":"CLM\\backoffice","EventID":1,"Image":"C:\\Windows\\System32\\RuntimeBroker.exe","ProcessGuid":"{46C26A25-BB60-2026-5D4E-66DFF2DF88BA}","ProcessId":8830,"CommandLine":"C:\\Windows\\System32\\RuntimeBroker.exe","ParentImage":"C:\\Windows\\System32\\services.exe","ParentProcessGuid":"{8F249B26-4250-2026-C311-FC6DE5CB7EC8}","OriginalFileName":"C:\\Windows\\System32\\RuntimeBroker.exe"}
{"UtcTime":"2026-08-12 14:40:21.000","Computer":"CLM-MESA-014","User":"CLM\\ops","EventID":11,"Image":"C:\\Program Files\\Microsoft Office\\Office16\\EXCEL.EXE","ProcessGuid":"{77F7B00E-5031-2026-BD89-F13C23A8CA03}","ProcessId":3603,"TargetFilename":"C:\\Users\\Public\\Temp\\mesa-1821.tmp"}
{"UtcTime":"2026-08-12 14:40:22.000","Computer":"CLM-MESA-014","User":"CLM\\mesa","EventID":5,"Image":"C:\\Windows\\System32\\RuntimeBroker.exe","ProcessGuid":"{81D6E933-2B2A-2026-5001-B4F89FA46105}","ProcessId":7986,"EventType":"End"}
{"UtcTime":"2026-08-12 14:40:23.000","Computer":"CLM-MESA-014","User":"CLM\\backoffice","EventID":13,"Image":"C:\\Program Files\\Google\\Chrome\\Application\\chrome.exe","ProcessGuid":"{81EC85CB-9983-2026-B5D3-90EB0B3B3077}","ProcessId":1341,"EventType":"SetValue","TargetObject":"HKCU\\Software\\CLM\\Mesa\\Pref\\1823","Details":"1"}
{"UtcTime":"2026-08-12 14:40:24.000","Computer":"CLM-MESA-014","User":"CLM\\backoffice","EventID":3,"Image":"C:\\Program Files\\Microsoft Office\\Office16\\EXCEL.EXE","ProcessGuid":"{AB1BE2E3-4794-2026-895E-8BF37869BE49}","ProcessId":6910,"DestinationIp":"1.1.1.1","DestinationPort":443,"DestinationHostname":"portal.clm.liquidacao","SourceIp":"10.70.30.14","Protocol":"tcp"}
{"UtcTime":"2026-08-12 14:40:25.000","Computer":"CLM-MESA-014","User":"CLM\\mesa","EventID":5,"Image":"C:\\Windows\\System32\\svchost.exe","ProcessGuid":"{B2500E30-AC49-2026-0B48-B0B85A177A60}","ProcessId":980,"EventType":"End"}
{"UtcTime":"2026-08-12 14:40:26.000","Computer":"CLM-MESA-014","User":"CLM\\backoffice","EventID":13,"Image":"C:\\Program Files\\Microsoft Office\\Office16\\EXCEL.EXE","ProcessGuid":"{5C7AEA4E-58BF-2026-FCA4-B9B716B94D8E}","ProcessId":3577,"EventType":"SetValue","TargetObject":"HKCU\\Software\\CLM\\Mesa\\Pref\\1826","Details":"1"}
{"UtcTime":"2026-08-12 14:40:27.000","Computer":"CLM-MESA-014","User":"CLM\\backoffice","EventID":11,"Image":"C:\\Windows\\System32\\svchost.exe","ProcessGuid":"{B987E53F-9AB8-2026-0FC5-5FE2D9A9BA1C}","ProcessId":6980,"TargetFilename":"C:\\Users\\Public\\Temp\\mesa-1827.tmp"}
{"UtcTime":"2026-08-12 14:40:28.000","Computer":"CLM-MESA-014","User":"CLM\\backoffice","EventID":11,"Image":"C:\\Windows\\System32\\RuntimeBroker.exe","ProcessGuid":"{57CB428C-0F72-2026-A718-900C46008BE0}","ProcessId":6811,"TargetFilename":"C:\\Users\\Public\\Temp\\mesa-1828.tmp"}
{"UtcTime":"2026-08-12 14:40:29.000","Computer":"CLM-MESA-014","User":"CLM\\ops","EventID":1,"Image":"C:\\Windows\\System32\\svchost.exe","ProcessGuid":"{2874097A-8171-2026-E046-DB7B28A58275}","ProcessId":7805,"CommandLine":"C:\\Windows\\System32\\svchost.exe","ParentImage":"C:\\Windows\\System32\\services.exe","ParentProcessGuid":"{B413EFBD-4A92-2026-6067-08B094DFDAAF}","OriginalFileName":"C:\\Windows\\System32\\svchost.exe"}
{"UtcTime":"2026-08-12 14:40:30.000","Computer":"CLM-MESA-014","User":"CLM\\ops","EventID":11,"Image":"C:\\Windows\\System32\\RuntimeBroker.exe","ProcessGuid":"{BF54B45F-5255-2026-2876-C6488712F669}","ProcessId":797,"TargetFilename":"C:\\Users\\Public\\Temp\\mesa-1830.tmp"}
{"UtcTime":"2026-08-12 14:40:31.000","Computer":"CLM-MESA-014","User":"CLM\\backoffice","EventID":13,"Image":"C:\\Windows\\System32\\conhost.exe","ProcessGuid":"{0D6ABB11-40CA-2026-F2B3-EA3275C6B1FE}","ProcessId":7062,"EventType":"SetValue","TargetObject":"HKCU\\Software\\CLM\\Mesa\\Pref\\1831","Details":"1"}
{"UtcTime":"2026-08-12 14:40:32.000","Computer":"CLM-MESA-014","User":"CLM\\backoffice","EventID":13,"Image":"C:\\Windows\\explorer.exe","ProcessGuid":"{3F753B5A-6F17-2026-742A-9B410E6259B8}","ProcessId":6478,"EventType":"SetValue","TargetObject":"HKCU\\Software\\CLM\\Mesa\\Pref\\1832","Details":"1"}
{"UtcTime":"2026-08-12 14:40:33.000","Computer":"CLM-MESA-014","User":"CLM\\mesa","EventID":1,"Image":"C:\\Windows\\explorer.exe","ProcessGuid":"{6B1CE4CF-85C2-2026-3C8C-CFCACF323764}","ProcessId":1402,"CommandLine":"C:\\Windows\\explorer.exe","ParentImage":"C:\\Windows\\System32\\services.exe","ParentProcessGuid":"{574DABDE-D0CB-2026-8786-81C30FA2B1D9}","OriginalFileName":"C:\\Windows\\explorer.exe"}
{"UtcTime":"2026-08-12 14:40:34.000","Computer":"CLM-MESA-014","User":"CLM\\ops","EventID":1,"Image":"C:\\Program Files\\Google\\Chrome\\Application\\chrome.exe","ProcessGuid":"{9BCD43AA-EAEE-2026-3046-598A17D2DB3E}","ProcessId":2575,"CommandLine":"C:\\Program Files\\Google\\Chrome\\Application\\chrome.exe","ParentImage":"C:\\Windows\\System32\\services.exe","ParentProcessGuid":"{A2C70496-7CCE-2026-6F37-5ED7DFBBE1EA}","OriginalFileName":"C:\\Program Files\\Google\\Chrome\\Application\\chrome.exe"}
{"UtcTime":"2026-08-12 14:40:35.000","Computer":"CLM-MESA-014","User":"CLM\\mesa","EventID":3,"Image":"C:\\Program Files\\Google\\Chrome\\Application\\chrome.exe","ProcessGuid":"{42C320D9-9C11-2026-D31F-14155E284F98}","ProcessId":6432,"DestinationIp":"10.70.30.8","DestinationPort":8080,"DestinationHostname":"portal.clm.liquidacao","SourceIp":"10.70.30.14","Protocol":"tcp"}
{"UtcTime":"2026-08-12 14:40:36.000","Computer":"CLM-MESA-014","User":"CLM\\mesa","EventID":13,"Image":"C:\\Program Files\\Google\\Chrome\\Application\\chrome.exe","ProcessGuid":"{5100C314-696B-2026-212C-D7932C1806A9}","ProcessId":4977,"EventType":"SetValue","TargetObject":"HKCU\\Software\\CLM\\Mesa\\Pref\\1836","Details":"1"}
{"UtcTime":"2026-08-12 14:40:37.000","Computer":"CLM-MESA-014","User":"CLM\\ops","EventID":13,"Image":"C:\\Windows\\System32\\conhost.exe","ProcessGuid":"{9604FFE3-D6F6-2026-314E-0E33E8F8E515}","ProcessId":5226,"EventType":"SetValue","TargetObject":"HKCU\\Software\\CLM\\Mesa\\Pref\\1837","Details":"1"}
{"UtcTime":"2026-08-12 14:40:38.000","Computer":"CLM-MESA-014","User":"CLM\\backoffice","EventID":1,"Image":"C:\\Windows\\System32\\svchost.exe","ProcessGuid":"{0ADEA8E4-B032-2026-52FB-595E88E4EBC0}","ProcessId":6848,"CommandLine":"C:\\Windows\\System32\\svchost.exe","ParentImage":"C:\\Windows\\System32\\services.exe","ParentProcessGuid":"{FED15668-B83A-2026-CF39-C37BE22C3374}","OriginalFileName":"C:\\Windows\\System32\\svchost.exe"}
{"UtcTime":"2026-08-12 14:40:39.000","Computer":"CLM-MESA-014","User":"CLM\\backoffice","EventID":1,"Image":"C:\\Program Files\\Microsoft Office\\Office16\\EXCEL.EXE","ProcessGuid":"{4325C487-C329-2026-2202-27A058E3ABEC}","ProcessId":2360,"CommandLine":"C:\\Program Files\\Microsoft Office\\Office16\\EXCEL.EXE","ParentImage":"C:\\Windows\\System32\\services.exe","ParentProcessGuid":"{539C78A4-770E-2026-2BF0-5B07EEFB2FA7}","OriginalFileName":"C:\\Program Files\\Microsoft Office\\Office16\\EXCEL.EXE"}
{"UtcTime":"2026-08-12 14:40:40.000","Computer":"CLM-MESA-014","User":"CLM\\mesa","EventID":1,"Image":"C:\\Program Files\\Google\\Chrome\\Application\\chrome.exe","ProcessGuid":"{DF672BFB-9A59-2026-AA05-8B5B6BAC154F}","ProcessId":1200,"CommandLine":"C:\\Program Files\\Google\\Chrome\\Application\\chrome.exe","ParentImage":"C:\\Windows\\System32\\services.exe","ParentProcessGuid":"{706E05E6-DA3D-2026-904C-CF357E7337DF}","OriginalFileName":"C:\\Program Files\\Google\\Chrome\\Application\\chrome.exe"}
{"UtcTime":"2026-08-12 14:40:41.000","Computer":"CLM-MESA-014","User":"CLM\\backoffice","EventID":1,"Image":"C:\\Program Files\\Microsoft Office\\Office16\\EXCEL.EXE","ProcessGuid":"{DB27D705-034B-2026-0BFC-FBD239DC791C}","ProcessId":3008,"CommandLine":"C:\\Program Files\\Microsoft Office\\Office16\\EXCEL.EXE","ParentImage":"C:\\Windows\\System32\\services.exe","ParentProcessGuid":"{86D13FEB-1D09-2026-C7B3-9217B15091B7}","OriginalFileName":"C:\\Program Files\\Microsoft Office\\Office16\\EXCEL.EXE"}
{"UtcTime":"2026-08-12 14:40:42.000","Computer":"CLM-MESA-014","User":"CLM\\backoffice","EventID":3,"Image":"C:\\Program Files\\Google\\Chrome\\Application\\chrome.exe","ProcessGuid":"{8C847343-4DFE-2026-F9BA-4550BA338478}","ProcessId":1083,"DestinationIp":"8.8.8.8","DestinationPort":135,"DestinationHostname":"ntp.clm.liquidacao","SourceIp":"10.70.30.14","Protocol":"tcp"}
{"UtcTime":"2026-08-12 14:40:43.000","Computer":"CLM-MESA-014","User":"CLM\\backoffice","EventID":1,"Image":"C:\\Windows\\System32\\RuntimeBroker.exe","ProcessGuid":"{2D7DD3A4-E400-2026-2053-AAA5FDAB678E}","ProcessId":3912,"CommandLine":"C:\\Windows\\System32\\RuntimeBroker.exe","ParentImage":"C:\\Windows\\System32\\services.exe","ParentProcessGuid":"{6B74FBDE-D4B4-2026-273E-2E2A69DC5902}","OriginalFileName":"C:\\Windows\\System32\\RuntimeBroker.exe"}
{"UtcTime":"2026-08-12 14:40:44.000","Computer":"CLM-MESA-014","User":"CLM\\ops","EventID":5,"Image":"C:\\Windows\\System32\\conhost.exe","ProcessGuid":"{0721CF67-CDD5-2026-AEED-02B1DFF96DA4}","ProcessId":7828,"EventType":"End"}
{"UtcTime":"2026-08-12 14:40:45.000","Computer":"CLM-MESA-014","User":"CLM\\mesa","EventID":11,"Image":"C:\\Windows\\System32\\conhost.exe","ProcessGuid":"{045748CB-01AE-2026-5BCD-237CFE12F920}","ProcessId":4012,"TargetFilename":"C:\\Users\\Public\\Temp\\mesa-1845.tmp"}
{"UtcTime":"2026-08-12 14:40:46.000","Computer":"CLM-MESA-014","User":"CLM\\ops","EventID":1,"Image":"C:\\Windows\\System32\\RuntimeBroker.exe","ProcessGuid":"{490DF9D2-5756-2026-EA6A-7F017C5D856F}","ProcessId":995,"CommandLine":"C:\\Windows\\System32\\RuntimeBroker.exe","ParentImage":"C:\\Windows\\System32\\services.exe","ParentProcessGuid":"{951C5076-2992-2026-C252-C02A47AAA12D}","OriginalFileName":"C:\\Windows\\System32\\RuntimeBroker.exe"}
{"UtcTime":"2026-08-12 14:40:47.000","Computer":"CLM-MESA-014","User":"CLM\\backoffice","EventID":13,"Image":"C:\\Program Files\\Google\\Chrome\\Application\\chrome.exe","ProcessGuid":"{0E16005C-D1A4-2026-18AA-9DAE1E7A6F35}","ProcessId":8923,"EventType":"SetValue","TargetObject":"HKCU\\Software\\CLM\\Mesa\\Pref\\1847","Details":"1"}
{"UtcTime":"2026-08-12 14:40:48.000","Computer":"CLM-MESA-014","User":"CLM\\backoffice","EventID":5,"Image":"C:\\Program Files\\Microsoft Office\\Office16\\EXCEL.EXE","ProcessGuid":"{D52480D0-DEA7-2026-2DA1-5AFDFA7B1396}","ProcessId":5942,"EventType":"End"}
{"UtcTime":"2026-08-12 14:40:49.000","Computer":"CLM-MESA-014","User":"CLM\\ops","EventID":1,"Image":"C:\\Program Files\\Microsoft Office\\Office16\\EXCEL.EXE","ProcessGuid":"{66C0F176-945E-2026-9F22-75EB9E947701}","ProcessId":4428,"CommandLine":"C:\\Program Files\\Microsoft Office\\Office16\\EXCEL.EXE","ParentImage":"C:\\Windows\\System32\\services.exe","ParentProcessGuid":"{D03AB3A7-2147-2026-FF20-0BB6FDAC3A0E}","OriginalFileName":"C:\\Program Files\\Microsoft Office\\Office16\\EXCEL.EXE"}
{"UtcTime":"2026-08-12 14:40:50.000","Computer":"CLM-MESA-014","User":"CLM\\backoffice","EventID":1,"Image":"C:\\Windows\\System32\\svchost.exe","ProcessGuid":"{A5435487-4582-2026-3B62-0163430F279C}","ProcessId":2027,"CommandLine":"C:\\Windows\\System32\\svchost.exe","ParentImage":"C:\\Windows\\System32\\services.exe","ParentProcessGuid":"{ECB09C41-C541-2026-87C8-5D6B62CEC5BD}","OriginalFileName":"C:\\Windows\\System32\\svchost.exe"}
{"UtcTime":"2026-08-12 14:40:51.000","Computer":"CLM-MESA-014","User":"CLM\\backoffice","EventID":11,"Image":"C:\\Program Files\\Microsoft Office\\Office16\\EXCEL.EXE","ProcessGuid":"{60447842-2793-2026-F434-3DFCA239FDF9}","ProcessId":8640,"TargetFilename":"C:\\Users\\Public\\Temp\\mesa-1851.tmp"}
{"UtcTime":"2026-08-12 14:40:52.000","Computer":"CLM-MESA-014","User":"CLM\\backoffice","EventID":3,"Image":"C:\\Windows\\explorer.exe","ProcessGuid":"{51B4DE5E-285C-2026-E48F-54D33679A0EC}","ProcessId":4213,"DestinationIp":"10.70.30.1","DestinationPort":53,"DestinationHostname":"portal.clm.liquidacao","SourceIp":"10.70.30.14","Protocol":"tcp"}
{"UtcTime":"2026-08-12 14:40:53.000","Computer":"CLM-MESA-014","User":"CLM\\mesa","EventID":1,"Image":"C:\\Windows\\System32\\conhost.exe","ProcessGuid":"{B0E8CDB4-3839-2026-1B21-770F8CA53DF5}","ProcessId":7518,"CommandLine":"C:\\Windows\\System32\\conhost.exe","ParentImage":"C:\\Windows\\System32\\services.exe","ParentProcessGuid":"{5A84D2CB-1A91-2026-7379-B0959357B317}","OriginalFileName":"C:\\Windows\\System32\\conhost.exe"}
{"UtcTime":"2026-08-12 14:40:54.000","Computer":"CLM-MESA-014","User":"CLM\\backoffice","EventID":1,"Image":"C:\\Windows\\System32\\conhost.exe","ProcessGuid":"{15A72D39-EED4-2026-D610-6BE3B51353DE}","ProcessId":7615,"CommandLine":"C:\\Windows\\System32\\conhost.exe","ParentImage":"C:\\Windows\\System32\\services.exe","ParentProcessGuid":"{5FBA8C11-49C0-2026-A856-FA3CA07DD572}","OriginalFileName":"C:\\Windows\\System32\\conhost.exe"}
{"UtcTime":"2026-08-12 14:40:55.000","Computer":"CLM-MESA-014","User":"CLM\\ops","EventID":5,"Image":"C:\\Program Files\\Google\\Chrome\\Application\\chrome.exe","ProcessGuid":"{6D4F9E32-DB3B-2026-C1D0-4EB634588A86}","ProcessId":5597,"EventType":"End"}
{"UtcTime":"2026-08-12 14:40:56.000","Computer":"CLM-MESA-014","User":"CLM\\ops","EventID":13,"Image":"C:\\Windows\\System32\\conhost.exe","ProcessGuid":"{5815BFFF-B68C-2026-5DDE-84485BEA6F1D}","ProcessId":6438,"EventType":"SetValue","TargetObject":"HKCU\\Software\\CLM\\Mesa\\Pref\\1856","Details":"1"}
{"UtcTime":"2026-08-12 14:40:57.000","Computer":"CLM-MESA-014","User":"CLM\\backoffice","EventID":11,"Image":"C:\\Windows\\System32\\svchost.exe","ProcessGuid":"{52B7B9BB-37E9-2026-413A-141A5ACC27A2}","ProcessId":8327,"TargetFilename":"C:\\Users\\Public\\Temp\\mesa-1857.tmp"}
{"UtcTime":"2026-08-12 14:40:58.000","Computer":"CLM-MESA-014","User":"CLM\\backoffice","EventID":5,"Image":"C:\\Program Files\\Google\\Chrome\\Application\\chrome.exe","ProcessGuid":"{021AA384-CE47-2026-D641-68AB58874842}","ProcessId":1207,"EventType":"End"}
{"UtcTime":"2026-08-12 14:40:59.000","Computer":"CLM-MESA-014","User":"CLM\\ops","EventID":11,"Image":"C:\\Program Files\\Microsoft Office\\Office16\\EXCEL.EXE","ProcessGuid":"{44DD8F72-8859-2026-5EE2-CC4AFF65248F}","ProcessId":8747,"TargetFilename":"C:\\Users\\Public\\Temp\\mesa-1859.tmp"}
{"UtcTime":"2026-08-12 14:41:00.000","Computer":"CLM-MESA-014","User":"CLM\\backoffice","EventID":11,"Image":"C:\\Program Files\\Microsoft Office\\Office16\\EXCEL.EXE","ProcessGuid":"{144198CB-F015-2026-B679-6D9B01B9D143}","ProcessId":2722,"TargetFilename":"C:\\Users\\Public\\Temp\\mesa-1860.tmp"}
{"UtcTime":"2026-08-12 14:41:01.000","Computer":"CLM-MESA-014","User":"CLM\\mesa","EventID":11,"Image":"C:\\Program Files\\Google\\Chrome\\Application\\chrome.exe","ProcessGuid":"{5A84D72F-2975-2026-AEF4-6C762955EF45}","ProcessId":8073,"TargetFilename":"C:\\Users\\Public\\Temp\\mesa-1861.tmp"}
{"UtcTime":"2026-08-12 14:41:02.000","Computer":"CLM-MESA-014","User":"CLM\\backoffice","EventID":1,"Image":"C:\\Windows\\System32\\RuntimeBroker.exe","ProcessGuid":"{091A5F34-C27C-2026-1E4E-AD66CA51703B}","ProcessId":3705,"CommandLine":"C:\\Windows\\System32\\RuntimeBroker.exe","ParentImage":"C:\\Windows\\System32\\services.exe","ParentProcessGuid":"{D2D65F0C-F2C2-2026-96A7-8C46C849E818}","OriginalFileName":"C:\\Windows\\System32\\RuntimeBroker.exe"}
{"UtcTime":"2026-08-12 14:41:03.000","Computer":"CLM-MESA-014","User":"CLM\\ops","EventID":13,"Image":"C:\\Program Files\\Microsoft Office\\Office16\\EXCEL.EXE","ProcessGuid":"{4271F0A6-7AA7-2026-449D-358CFCAA844E}","ProcessId":2926,"EventType":"SetValue","TargetObject":"HKCU\\Software\\CLM\\Mesa\\Pref\\1863","Details":"1"}
{"UtcTime":"2026-08-12 14:41:04.000","Computer":"CLM-MESA-014","User":"CLM\\ops","EventID":1,"Image":"C:\\Windows\\System32\\conhost.exe","ProcessGuid":"{5D9DB99F-6E02-2026-644C-56BBCCBA8F20}","ProcessId":1598,"CommandLine":"C:\\Windows\\System32\\conhost.exe","ParentImage":"C:\\Windows\\System32\\services.exe","ParentProcessGuid":"{B75774A9-B7A7-2026-19B8-AA7760C80935}","OriginalFileName":"C:\\Windows\\System32\\conhost.exe"}
{"UtcTime":"2026-08-12 14:41:05.000","Computer":"CLM-MESA-014","User":"CLM\\ops","EventID":5,"Image":"C:\\Windows\\System32\\conhost.exe","ProcessGuid":"{9793E490-1552-2026-4E34-588E1141C3B0}","ProcessId":1150,"EventType":"End"}
{"UtcTime":"2026-08-12 14:41:06.000","Computer":"CLM-MESA-014","User":"CLM\\ops","EventID":1,"Image":"C:\\Windows\\System32\\conhost.exe","ProcessGuid":"{99AA277A-BCE4-2026-8FCD-8886DF9F99AE}","ProcessId":7787,"CommandLine":"C:\\Windows\\System32\\conhost.exe","ParentImage":"C:\\Windows\\System32\\services.exe","ParentProcessGuid":"{14B8462C-A641-2026-A1BE-F6E3B9484CFF}","OriginalFileName":"C:\\Windows\\System32\\conhost.exe"}
{"UtcTime":"2026-08-12 14:41:07.000","Computer":"CLM-MESA-014","User":"CLM\\mesa","EventID":5,"Image":"C:\\Program Files\\Microsoft Office\\Office16\\EXCEL.EXE","ProcessGuid":"{72C3DCD8-AC26-2026-834F-72D6F36FB7A3}","ProcessId":6304,"EventType":"End"}
{"UtcTime":"2026-08-12 14:41:08.000","Computer":"CLM-MESA-014","User":"CLM\\mesa","EventID":13,"Image":"C:\\Program Files\\Microsoft Office\\Office16\\EXCEL.EXE","ProcessGuid":"{0B3255C1-EB63-2026-A0A5-A065445389BA}","ProcessId":3354,"EventType":"SetValue","TargetObject":"HKCU\\Software\\CLM\\Mesa\\Pref\\1868","Details":"1"}
{"UtcTime":"2026-08-12 14:41:09.000","Computer":"CLM-MESA-014","User":"CLM\\backoffice","EventID":1,"Image":"C:\\Windows\\explorer.exe","ProcessGuid":"{6383398F-2A3D-2026-E15D-95112673D18D}","ProcessId":4016,"CommandLine":"C:\\Windows\\explorer.exe","ParentImage":"C:\\Windows\\System32\\services.exe","ParentProcessGuid":"{67B014A3-CAB8-2026-26DF-8C93936171FA}","OriginalFileName":"C:\\Windows\\explorer.exe"}
{"UtcTime":"2026-08-12 14:41:10.000","Computer":"CLM-MESA-014","User":"CLM\\ops","EventID":13,"Image":"C:\\Program Files\\Google\\Chrome\\Application\\chrome.exe","ProcessGuid":"{E598767E-90D8-2026-97BC-4947956D29F6}","ProcessId":8259,"EventType":"SetValue","TargetObject":"HKCU\\Software\\CLM\\Mesa\\Pref\\1870","Details":"1"}
{"UtcTime":"2026-08-12 14:41:11.000","Computer":"CLM-MESA-014","User":"CLM\\mesa","EventID":1,"Image":"C:\\Windows\\System32\\RuntimeBroker.exe","ProcessGuid":"{E650A023-F907-2026-E96D-0BE0193CFC4E}","ProcessId":5744,"CommandLine":"C:\\Windows\\System32\\RuntimeBroker.exe","ParentImage":"C:\\Windows\\System32\\services.exe","ParentProcessGuid":"{11C1D1ED-7795-2026-9751-405814743E5E}","OriginalFileName":"C:\\Windows\\System32\\RuntimeBroker.exe"}
{"UtcTime":"2026-08-12 14:41:12.000","Computer":"CLM-MESA-014","User":"CLM\\mesa","EventID":5,"Image":"C:\\Windows\\System32\\conhost.exe","ProcessGuid":"{365AC35A-7B92-2026-509B-AE42DB57B375}","ProcessId":1381,"EventType":"End"}
{"UtcTime":"2026-08-12 14:41:13.000","Computer":"CLM-MESA-014","User":"CLM\\ops","EventID":13,"Image":"C:\\Program Files\\Google\\Chrome\\Application\\chrome.exe","ProcessGuid":"{5FBB8009-8310-2026-6700-3C4721EDBB73}","ProcessId":4115,"EventType":"SetValue","TargetObject":"HKCU\\Software\\CLM\\Mesa\\Pref\\1873","Details":"1"}
{"UtcTime":"2026-08-12 14:41:14.000","Computer":"CLM-MESA-014","User":"CLM\\backoffice","EventID":11,"Image":"C:\\Windows\\System32\\conhost.exe","ProcessGuid":"{01CF9CA5-534B-2026-7592-B8779C0A22C7}","ProcessId":7954,"TargetFilename":"C:\\Users\\Public\\Temp\\mesa-1874.tmp"}
{"UtcTime":"2026-08-12 14:41:15.000","Computer":"CLM-MESA-014","User":"CLM\\backoffice","EventID":13,"Image":"C:\\Windows\\System32\\svchost.exe","ProcessGuid":"{7D552EC5-236A-2026-1DD7-6028D71D850C}","ProcessId":6945,"EventType":"SetValue","TargetObject":"HKCU\\Software\\CLM\\Mesa\\Pref\\1875","Details":"1"}
{"UtcTime":"2026-08-12 14:41:16.000","Computer":"CLM-MESA-014","User":"CLM\\mesa","EventID":1,"Image":"C:\\Program Files\\Microsoft Office\\Office16\\EXCEL.EXE","ProcessGuid":"{C2FF36FE-2C2B-2026-6182-2C9857DDA3C3}","ProcessId":5520,"CommandLine":"C:\\Program Files\\Microsoft Office\\Office16\\EXCEL.EXE","ParentImage":"C:\\Windows\\System32\\services.exe","ParentProcessGuid":"{94A0E623-79B8-2026-DA88-A1FB1476D638}","OriginalFileName":"C:\\Program Files\\Microsoft Office\\Office16\\EXCEL.EXE"}
{"UtcTime":"2026-08-12 14:41:17.000","Computer":"CLM-MESA-014","User":"CLM\\backoffice","EventID":1,"Image":"C:\\Windows\\System32\\svchost.exe","ProcessGuid":"{C0B7602F-7722-2026-CCE9-E379258F7FF1}","ProcessId":8058,"CommandLine":"C:\\Windows\\System32\\svchost.exe","ParentImage":"C:\\Windows\\System32\\services.exe","ParentProcessGuid":"{6B930ACD-A9D6-2026-C05A-D0116BC64C71}","OriginalFileName":"C:\\Windows\\System32\\svchost.exe"}
{"UtcTime":"2026-08-12 14:41:18.000","Computer":"CLM-MESA-014","User":"CLM\\mesa","EventID":5,"Image":"C:\\Windows\\System32\\svchost.exe","ProcessGuid":"{70A8D068-1E13-2026-F101-1DA6AA646FF6}","ProcessId":7810,"EventType":"End"}
{"UtcTime":"2026-08-12 14:41:19.000","Computer":"CLM-MESA-014","User":"CLM\\mesa","EventID":1,"Image":"C:\\Windows\\System32\\svchost.exe","ProcessGuid":"{6987AF34-4538-2026-E712-9F335706CFBF}","ProcessId":4619,"CommandLine":"C:\\Windows\\System32\\svchost.exe","ParentImage":"C:\\Windows\\System32\\services.exe","ParentProcessGuid":"{C6FDF06D-B445-2026-C3AB-3345AB77DC67}","OriginalFileName":"C:\\Windows\\System32\\svchost.exe"}
{"UtcTime":"2026-08-12 14:41:20.000","Computer":"CLM-MESA-014","User":"CLM\\mesa","EventID":13,"Image":"C:\\Program Files\\Microsoft Office\\Office16\\EXCEL.EXE","ProcessGuid":"{D24AA50B-1140-2026-3471-4A110D0F151A}","ProcessId":6196,"EventType":"SetValue","TargetObject":"HKCU\\Software\\CLM\\Mesa\\Pref\\1880","Details":"1"}
{"UtcTime":"2026-08-12 14:41:21.000","Computer":"CLM-MESA-014","User":"CLM\\backoffice","EventID":13,"Image":"C:\\Program Files\\Google\\Chrome\\Application\\chrome.exe","ProcessGuid":"{0AB1425E-0A69-2026-B695-C82570C77B9E}","ProcessId":2841,"EventType":"SetValue","TargetObject":"HKCU\\Software\\CLM\\Mesa\\Pref\\1881","Details":"1"}
{"UtcTime":"2026-08-12 14:41:22.000","Computer":"CLM-MESA-014","User":"CLM\\ops","EventID":1,"Image":"C:\\Program Files\\Microsoft Office\\Office16\\EXCEL.EXE","ProcessGuid":"{1413386F-B020-2026-1D33-3211695E3D67}","ProcessId":1553,"CommandLine":"C:\\Program Files\\Microsoft Office\\Office16\\EXCEL.EXE","ParentImage":"C:\\Windows\\System32\\services.exe","ParentProcessGuid":"{E344332A-F542-2026-885A-4C070257B078}","OriginalFileName":"C:\\Program Files\\Microsoft Office\\Office16\\EXCEL.EXE"}
{"UtcTime":"2026-08-12 14:41:23.000","Computer":"CLM-MESA-014","User":"CLM\\backoffice","EventID":11,"Image":"C:\\Program Files\\Google\\Chrome\\Application\\chrome.exe","ProcessGuid":"{0248E73C-615D-2026-FC1C-6306192B4E44}","ProcessId":4879,"TargetFilename":"C:\\Users\\Public\\Temp\\mesa-1883.tmp"}
{"UtcTime":"2026-08-12 14:41:24.000","Computer":"CLM-MESA-014","User":"CLM\\mesa","EventID":3,"Image":"C:\\Windows\\explorer.exe","ProcessGuid":"{914ED543-E743-2026-3316-8D96C08C36C0}","ProcessId":8481,"DestinationIp":"1.1.1.1","DestinationPort":135,"DestinationHostname":"portal.clm.liquidacao","SourceIp":"10.70.30.14","Protocol":"tcp"}
{"UtcTime":"2026-08-12 14:41:25.000","Computer":"CLM-MESA-014","User":"CLM\\mesa","EventID":1,"Image":"C:\\Program Files\\Microsoft Office\\Office16\\EXCEL.EXE","ProcessGuid":"{2D7B4C2B-0FB1-2026-0CE1-5B69C9206479}","ProcessId":1326,"CommandLine":"C:\\Program Files\\Microsoft Office\\Office16\\EXCEL.EXE","ParentImage":"C:\\Windows\\System32\\services.exe","ParentProcessGuid":"{7697C73C-1B3A-2026-05E7-9B187308CBB2}","OriginalFileName":"C:\\Program Files\\Microsoft Office\\Office16\\EXCEL.EXE"}
{"UtcTime":"2026-08-12 14:41:26.000","Computer":"CLM-MESA-014","User":"CLM\\backoffice","EventID":1,"Image":"C:\\Program Files\\Microsoft Office\\Office16\\EXCEL.EXE","ProcessGuid":"{575AFB79-34EA-2026-4C22-2144EC095AB5}","ProcessId":7717,"CommandLine":"C:\\Program Files\\Microsoft Office\\Office16\\EXCEL.EXE","ParentImage":"C:\\Windows\\System32\\services.exe","ParentProcessGuid":"{2ADE000B-B37A-2026-04B2-DFBC0DF3CD6F}","OriginalFileName":"C:\\Program Files\\Microsoft Office\\Office16\\EXCEL.EXE"}
{"UtcTime":"2026-08-12 14:41:27.000","Computer":"CLM-MESA-014","User":"CLM\\backoffice","EventID":1,"Image":"C:\\Windows\\explorer.exe","ProcessGuid":"{D7301BD7-30E6-2026-109E-44A266633936}","ProcessId":7652,"CommandLine":"C:\\Windows\\explorer.exe","ParentImage":"C:\\Windows\\System32\\services.exe","ParentProcessGuid":"{89729689-50B9-2026-2F64-29407EA3B1A7}","OriginalFileName":"C:\\Windows\\explorer.exe"}
{"UtcTime":"2026-08-12 14:41:28.000","Computer":"CLM-MESA-014","User":"CLM\\backoffice","EventID":1,"Image":"C:\\Windows\\explorer.exe","ProcessGuid":"{A4D0C1E1-603C-2026-D8AD-CCE6191A7064}","ProcessId":7247,"CommandLine":"C:\\Windows\\explorer.exe","ParentImage":"C:\\Windows\\System32\\services.exe","ParentProcessGuid":"{2A60B9FF-BB0F-2026-FFFA-ECEEC66903AF}","OriginalFileName":"C:\\Windows\\explorer.exe"}
{"UtcTime":"2026-08-12 14:41:29.000","Computer":"CLM-MESA-014","User":"CLM\\backoffice","EventID":1,"Image":"C:\\Windows\\explorer.exe","ProcessGuid":"{39181278-3A1D-2026-2F4D-898BAB4D877A}","ProcessId":7907,"CommandLine":"C:\\Windows\\explorer.exe","ParentImage":"C:\\Windows\\System32\\services.exe","ParentProcessGuid":"{528932D0-B1CC-2026-AFD9-A9D0387C3C49}","OriginalFileName":"C:\\Windows\\explorer.exe"}
{"UtcTime":"2026-08-12 14:41:30.000","Computer":"CLM-MESA-014","User":"CLM\\ops","EventID":3,"Image":"C:\\Windows\\explorer.exe","ProcessGuid":"{2AF489AE-078F-2026-B8C1-97403AC258BB}","ProcessId":6852,"DestinationIp":"10.70.30.8","DestinationPort":8080,"DestinationHostname":"ntp.clm.liquidacao","SourceIp":"10.70.30.14","Protocol":"tcp"}
{"UtcTime":"2026-08-12 14:41:31.000","Computer":"CLM-MESA-014","User":"CLM\\mesa","EventID":11,"Image":"C:\\Windows\\System32\\RuntimeBroker.exe","ProcessGuid":"{94CDAB3B-03D0-2026-4018-EA02679B3908}","ProcessId":7105,"TargetFilename":"C:\\Users\\Public\\Temp\\mesa-1891.tmp"}
{"UtcTime":"2026-08-12 14:41:32.000","Computer":"CLM-MESA-014","User":"CLM\\ops","EventID":1,"Image":"C:\\Program Files\\Microsoft Office\\Office16\\EXCEL.EXE","ProcessGuid":"{303FFBC3-FEC2-2026-59ED-3F0EC5186F73}","ProcessId":6992,"CommandLine":"C:\\Program Files\\Microsoft Office\\Office16\\EXCEL.EXE","ParentImage":"C:\\Windows\\System32\\services.exe","ParentProcessGuid":"{27F758BD-7A32-2026-7952-6C1B7236776E}","OriginalFileName":"C:\\Program Files\\Microsoft Office\\Office16\\EXCEL.EXE"}
{"UtcTime":"2026-08-12 14:41:33.000","Computer":"CLM-MESA-014","User":"CLM\\backoffice","EventID":1,"Image":"C:\\Windows\\System32\\svchost.exe","ProcessGuid":"{F560071F-4695-2026-8D73-78D7319E1EED}","ProcessId":5087,"CommandLine":"C:\\Windows\\System32\\svchost.exe","ParentImage":"C:\\Windows\\System32\\services.exe","ParentProcessGuid":"{667B86E4-85CE-2026-354C-1BDCE3A526B7}","OriginalFileName":"C:\\Windows\\System32\\svchost.exe"}
{"UtcTime":"2026-08-12 14:41:34.000","Computer":"CLM-MESA-014","User":"CLM\\mesa","EventID":13,"Image":"C:\\Windows\\explorer.exe","ProcessGuid":"{7E2B0640-CC10-2026-6952-DB74525F2BB2}","ProcessId":7770,"EventType":"SetValue","TargetObject":"HKCU\\Software\\CLM\\Mesa\\Pref\\1894","Details":"1"}
{"UtcTime":"2026-08-12 14:41:35.000","Computer":"CLM-MESA-014","User":"CLM\\backoffice","EventID":3,"Image":"C:\\Windows\\System32\\conhost.exe","ProcessGuid":"{8606C05E-1CCC-2026-748B-23156E4D33CD}","ProcessId":2074,"DestinationIp":"1.1.1.1","DestinationPort":8080,"DestinationHostname":"portal.clm.liquidacao","SourceIp":"10.70.30.14","Protocol":"tcp"}
{"UtcTime":"2026-08-12 14:41:36.000","Computer":"CLM-MESA-014","User":"CLM\\backoffice","EventID":11,"Image":"C:\\Windows\\System32\\svchost.exe","ProcessGuid":"{5B5F95D0-B3DB-2026-8706-D40E5F3DB365}","ProcessId":6441,"TargetFilename":"C:\\Users\\Public\\Temp\\mesa-1896.tmp"}
{"UtcTime":"2026-08-12 14:41:37.000","Computer":"CLM-MESA-014","User":"CLM\\ops","EventID":1,"Image":"C:\\Program Files\\Microsoft Office\\Office16\\EXCEL.EXE","ProcessGuid":"{609F2EB8-E352-2026-6702-F8506099C810}","ProcessId":4388,"CommandLine":"C:\\Program Files\\Microsoft Office\\Office16\\EXCEL.EXE","ParentImage":"C:\\Windows\\System32\\services.exe","ParentProcessGuid":"{562E9C7C-A5C5-2026-6280-80EF189BE0CF}","OriginalFileName":"C:\\Program Files\\Microsoft Office\\Office16\\EXCEL.EXE"}
{"UtcTime":"2026-08-12 14:41:38.000","Computer":"CLM-MESA-014","User":"CLM\\mesa","EventID":3,"Image":"C:\\Windows\\System32\\conhost.exe","ProcessGuid":"{41AD940F-8BF4-2026-8276-78CA73F610FD}","ProcessId":5878,"DestinationIp":"10.70.30.1","DestinationPort":53,"DestinationHostname":"portal.clm.liquidacao","SourceIp":"10.70.30.14","Protocol":"tcp"}
{"UtcTime":"2026-08-12 14:41:39.000","Computer":"CLM-MESA-014","User":"CLM\\backoffice","EventID":1,"Image":"C:\\Windows\\System32\\RuntimeBroker.exe","ProcessGuid":"{75F6C966-70B1-2026-71EC-D1091E19ED1E}","ProcessId":6024,"CommandLine":"C:\\Windows\\System32\\RuntimeBroker.exe","ParentImage":"C:\\Windows\\System32\\services.exe","ParentProcessGuid":"{9E615F97-2BA4-2026-52C6-769069338641}","OriginalFileName":"C:\\Windows\\System32\\RuntimeBroker.exe"}
{"UtcTime":"2026-08-12 14:41:40.000","Computer":"CLM-MESA-014","User":"CLM\\mesa","EventID":1,"Image":"C:\\Program Files\\Microsoft Office\\Office16\\EXCEL.EXE","ProcessGuid":"{5AC0E393-7E9B-2026-B28E-952C40C926BE}","ProcessId":4127,"CommandLine":"C:\\Program Files\\Microsoft Office\\Office16\\EXCEL.EXE","ParentImage":"C:\\Windows\\System32\\services.exe","ParentProcessGuid":"{FB910C7B-1EF8-2026-44C8-60B079348D89}","OriginalFileName":"C:\\Program Files\\Microsoft Office\\Office16\\EXCEL.EXE"}
{"UtcTime":"2026-08-12 14:41:41.000","Computer":"CLM-MESA-014","User":"CLM\\ops","EventID":1,"Image":"C:\\Windows\\System32\\RuntimeBroker.exe","ProcessGuid":"{4E421700-E776-2026-0545-2681D3010324}","ProcessId":3312,"CommandLine":"C:\\Windows\\System32\\RuntimeBroker.exe","ParentImage":"C:\\Windows\\System32\\services.exe","ParentProcessGuid":"{DF011A1A-0999-2026-32EE-C0931FF4EDC1}","OriginalFileName":"C:\\Windows\\System32\\RuntimeBroker.exe"}
{"UtcTime":"2026-08-12 14:41:42.000","Computer":"CLM-MESA-014","User":"CLM\\mesa","EventID":1,"Image":"C:\\Windows\\System32\\RuntimeBroker.exe","ProcessGuid":"{86A88EDF-D992-2026-FBBF-9481E95771CD}","ProcessId":4602,"CommandLine":"C:\\Windows\\System32\\RuntimeBroker.exe","ParentImage":"C:\\Windows\\System32\\services.exe","ParentProcessGuid":"{3146BE88-24F0-2026-D71D-E29655DBC6B7}","OriginalFileName":"C:\\Windows\\System32\\RuntimeBroker.exe"}
{"UtcTime":"2026-08-12 14:41:43.000","Computer":"CLM-MESA-014","User":"CLM\\ops","EventID":1,"Image":"C:\\Program Files\\Google\\Chrome\\Application\\chrome.exe","ProcessGuid":"{0826A10D-F838-2026-87A7-CA2791B7A8BA}","ProcessId":5683,"CommandLine":"C:\\Program Files\\Google\\Chrome\\Application\\chrome.exe","ParentImage":"C:\\Windows\\System32\\services.exe","ParentProcessGuid":"{E30C161B-59FD-2026-33FC-774FA0F27C4E}","OriginalFileName":"C:\\Program Files\\Google\\Chrome\\Application\\chrome.exe"}
{"UtcTime":"2026-08-12 14:41:44.000","Computer":"CLM-MESA-014","User":"CLM\\ops","EventID":1,"Image":"C:\\Windows\\explorer.exe","ProcessGuid":"{976299D3-3277-2026-8157-7469D07A9682}","ProcessId":5177,"CommandLine":"C:\\Windows\\explorer.exe","ParentImage":"C:\\Windows\\System32\\services.exe","ParentProcessGuid":"{2BBDF5FD-E2F9-2026-3FA3-30D44D991C9F}","OriginalFileName":"C:\\Windows\\explorer.exe"}
{"UtcTime":"2026-08-12 14:41:45.000","Computer":"CLM-MESA-014","User":"CLM\\mesa","EventID":5,"Image":"C:\\Windows\\System32\\svchost.exe","ProcessGuid":"{5D23CD82-A2E6-2026-0D3B-CEFCADC58EE8}","ProcessId":8500,"EventType":"End"}
{"UtcTime":"2026-08-12 14:41:46.000","Computer":"CLM-MESA-014","User":"CLM\\mesa","EventID":5,"Image":"C:\\Program Files\\Google\\Chrome\\Application\\chrome.exe","ProcessGuid":"{0E4C6E6F-817F-2026-DC9A-19155D8AB320}","ProcessId":4505,"EventType":"End"}
{"UtcTime":"2026-08-12 14:41:47.000","Computer":"CLM-MESA-014","User":"CLM\\backoffice","EventID":13,"Image":"C:\\Windows\\explorer.exe","ProcessGuid":"{878018D2-D0E5-2026-8B3C-8D5141D242DC}","ProcessId":7697,"EventType":"SetValue","TargetObject":"HKCU\\Software\\CLM\\Mesa\\Pref\\1907","Details":"1"}
{"UtcTime":"2026-08-12 14:41:48.000","Computer":"CLM-MESA-014","User":"CLM\\ops","EventID":1,"Image":"C:\\Windows\\System32\\svchost.exe","ProcessGuid":"{C8575EB5-3BC1-2026-FAB9-18A20E447C5B}","ProcessId":5044,"CommandLine":"C:\\Windows\\System32\\svchost.exe","ParentImage":"C:\\Windows\\System32\\services.exe","ParentProcessGuid":"{126CE353-753B-2026-3E7B-E61BF8D3CB3A}","OriginalFileName":"C:\\Windows\\System32\\svchost.exe"}
{"UtcTime":"2026-08-12 14:41:49.000","Computer":"CLM-MESA-014","User":"CLM\\mesa","EventID":1,"Image":"C:\\Windows\\System32\\conhost.exe","ProcessGuid":"{8C7E0036-C14F-2026-70D3-E3BF8A201A3C}","ProcessId":7382,"CommandLine":"C:\\Windows\\System32\\conhost.exe","ParentImage":"C:\\Windows\\System32\\services.exe","ParentProcessGuid":"{B60485F0-498A-2026-EC73-B5FDADAE35A0}","OriginalFileName":"C:\\Windows\\System32\\conhost.exe"}
{"UtcTime":"2026-08-12 14:41:50.000","Computer":"CLM-MESA-014","User":"CLM\\ops","EventID":11,"Image":"C:\\Windows\\explorer.exe","ProcessGuid":"{7FA18339-DAF0-2026-4589-B68A6D9B62FD}","ProcessId":1501,"TargetFilename":"C:\\Users\\Public\\Temp\\mesa-1910.tmp"}
{"UtcTime":"2026-08-12 14:41:51.000","Computer":"CLM-MESA-014","User":"CLM\\mesa","EventID":1,"Image":"C:\\Program Files\\Google\\Chrome\\Application\\chrome.exe","ProcessGuid":"{9A6FDCB2-C206-2026-1F4D-22005FB3844E}","ProcessId":1649,"CommandLine":"C:\\Program Files\\Google\\Chrome\\Application\\chrome.exe","ParentImage":"C:\\Windows\\System32\\services.exe","ParentProcessGuid":"{4F43726D-746F-2026-5B83-8681F173006C}","OriginalFileName":"C:\\Program Files\\Google\\Chrome\\Application\\chrome.exe"}
{"UtcTime":"2026-08-12 14:41:52.000","Computer":"CLM-MESA-014","User":"CLM\\ops","EventID":13,"Image":"C:\\Program Files\\Google\\Chrome\\Application\\chrome.exe","ProcessGuid":"{CE835548-1AA1-2026-CADB-866F1C3B025D}","ProcessId":3609,"EventType":"SetValue","TargetObject":"HKCU\\Software\\CLM\\Mesa\\Pref\\1912","Details":"1"}
{"UtcTime":"2026-08-12 14:41:53.000","Computer":"CLM-MESA-014","User":"CLM\\backoffice","EventID":1,"Image":"C:\\Windows\\System32\\conhost.exe","ProcessGuid":"{AA40D8A1-788E-2026-C37A-BC844513D928}","ProcessId":1358,"CommandLine":"C:\\Windows\\System32\\conhost.exe","ParentImage":"C:\\Windows\\System32\\services.exe","ParentProcessGuid":"{792818B0-57BC-2026-A842-6C248AC903FA}","OriginalFileName":"C:\\Windows\\System32\\conhost.exe"}
{"UtcTime":"2026-08-12 14:41:54.000","Computer":"CLM-MESA-014","User":"CLM\\ops","EventID":11,"Image":"C:\\Windows\\System32\\RuntimeBroker.exe","ProcessGuid":"{17A0C7F1-7F3C-2026-8A30-CCDA35D1E6B4}","ProcessId":5093,"TargetFilename":"C:\\Users\\Public\\Temp\\mesa-1914.tmp"}
{"UtcTime":"2026-08-12 14:41:55.000","Computer":"CLM-MESA-014","User":"CLM\\mesa","EventID":11,"Image":"C:\\Windows\\System32\\RuntimeBroker.exe","ProcessGuid":"{13EAF764-8194-2026-DC7F-8E1DA0582015}","ProcessId":4540,"TargetFilename":"C:\\Users\\Public\\Temp\\mesa-1915.tmp"}
{"UtcTime":"2026-08-12 14:41:56.000","Computer":"CLM-MESA-014","User":"CLM\\backoffice","EventID":1,"Image":"C:\\Program Files\\Microsoft Office\\Office16\\EXCEL.EXE","ProcessGuid":"{A8F50DD8-048C-2026-0149-F6C36E9439DA}","ProcessId":1007,"CommandLine":"C:\\Program Files\\Microsoft Office\\Office16\\EXCEL.EXE","ParentImage":"C:\\Windows\\System32\\services.exe","ParentProcessGuid":"{85006E11-C72E-2026-D09F-81A78F1488A1}","OriginalFileName":"C:\\Program Files\\Microsoft Office\\Office16\\EXCEL.EXE"}
{"UtcTime":"2026-08-12 14:41:57.000","Computer":"CLM-MESA-014","User":"CLM\\backoffice","EventID":11,"Image":"C:\\Windows\\System32\\svchost.exe","ProcessGuid":"{A7A0A9C9-3153-2026-1332-97AC048E7421}","ProcessId":7772,"TargetFilename":"C:\\Users\\Public\\Temp\\mesa-1917.tmp"}
{"UtcTime":"2026-08-12 14:41:58.000","Computer":"CLM-MESA-014","User":"CLM\\mesa","EventID":11,"Image":"C:\\Program Files\\Microsoft Office\\Office16\\EXCEL.EXE","ProcessGuid":"{DA8EA50C-423C-2026-8C46-F0AF44956CDB}","ProcessId":4825,"TargetFilename":"C:\\Users\\Public\\Temp\\mesa-1918.tmp"}
{"UtcTime":"2026-08-12 14:41:59.000","Computer":"CLM-MESA-014","User":"CLM\\mesa","EventID":5,"Image":"C:\\Program Files\\Google\\Chrome\\Application\\chrome.exe","ProcessGuid":"{7B39CC9C-2BE4-2026-E2C7-15551E4F0229}","ProcessId":5786,"EventType":"End"}
{"UtcTime":"2026-08-12 14:42:00.000","Computer":"CLM-MESA-014","User":"CLM\\ops","EventID":1,"Image":"C:\\Windows\\explorer.exe","ProcessGuid":"{1D3F048A-30D9-2026-6A0B-ECD72B2497F9}","ProcessId":1523,"CommandLine":"C:\\Windows\\explorer.exe","ParentImage":"C:\\Windows\\System32\\services.exe","ParentProcessGuid":"{0BEDFC90-3686-2026-403F-D2FBD6ADC6CF}","OriginalFileName":"C:\\Windows\\explorer.exe"}
{"UtcTime":"2026-08-12 14:42:01.000","Computer":"CLM-MESA-014","User":"CLM\\backoffice","EventID":3,"Image":"C:\\Windows\\System32\\conhost.exe","ProcessGuid":"{0D652D56-952E-2026-EFD2-12C73342D80C}","ProcessId":6997,"DestinationIp":"10.70.30.8","DestinationPort":135,"DestinationHostname":"portal.clm.liquidacao","SourceIp":"10.70.30.14","Protocol":"tcp"}
