{"UtcTime":"2026-08-12 14:30:39.000","Computer":"CLM-MESA-014","User":"CLM\\ops","EventID":1,"Image":"C:\\Windows\\System32\\conhost.exe","ProcessGuid":"{23138C98-2E58-2026-8FBE-E52A54A01D70}","ProcessId":2219,"CommandLine":"C:\\Windows\\System32\\conhost.exe","ParentImage":"C:\\Windows\\System32\\services.exe","ParentProcessGuid":"{6894D43C-3578-2026-C506-DE66477C198F}","OriginalFileName":"C:\\Windows\\System32\\conhost.exe"}
{"UtcTime":"2026-08-12 14:30:40.000","Computer":"CLM-MESA-014","User":"CLM\\mesa","EventID":1,"Image":"C:\\Windows\\System32\\svchost.exe","ProcessGuid":"{BE44E65A-80CF-2026-305A-82FA12389AF5}","ProcessId":7545,"CommandLine":"C:\\Windows\\System32\\svchost.exe","ParentImage":"C:\\Windows\\System32\\services.exe","ParentProcessGuid":"{F852E76A-E876-2026-61BD-829103333D5C}","OriginalFileName":"C:\\Windows\\System32\\svchost.exe"}
{"UtcTime":"2026-08-12 14:30:41.000","Computer":"CLM-MESA-014","User":"CLM\\backoffice","EventID":1,"Image":"C:\\Windows\\System32\\conhost.exe","ProcessGuid":"{6EDE314C-B0FB-2026-4726-49C933C36EF5}","ProcessId":8027,"CommandLine":"C:\\Windows\\System32\\conhost.exe","ParentImage":"C:\\Windows\\System32\\services.exe","ParentProcessGuid":"{D8B453F1-C1EA-2026-5617-1A6293DA5F7A}","OriginalFileName":"C:\\Windows\\System32\\conhost.exe"}
{"UtcTime":"2026-08-12 14:30:42.000","Computer":"CLM-MESA-014","User":"CLM\\backoffice","EventID":1,"Image":"C:\\Windows\\System32\\RuntimeBroker.exe","ProcessGuid":"{BD9CA7FD-4228-2026-7215-E09606A666C1}","ProcessId":2500,"CommandLine":"C:\\Windows\\System32\\RuntimeBroker.exe","ParentImage":"C:\\Windows\\System32\\services.exe","ParentProcessGuid":"{377D5AAB-C132-2026-AC89-BE405B080200}","OriginalFileName":"C:\\Windows\\System32\\RuntimeBroker.exe"}
{"UtcTime":"2026-08-12 14:30:43.000","Computer":"CLM-MESA-014","User":"CLM\\ops","EventID":13,"Image":"C:\\Windows\\System32\\svchost.exe","ProcessGuid":"{F5748818-0B7C-2026-3043-3ECC2C20B8FC}","ProcessId":5933,"EventType":"SetValue","TargetObject":"HKCU\\Software\\CLM\\Mesa\\Pref\\1243","Details":"1"}
{"UtcTime":"2026-08-12 14:30:44.000","Computer":"CLM-MESA-014","User":"CLM\\backoffice","EventID":13,"Image":"C:\\Windows\\System32\\conhost.exe","ProcessGuid":"{EA90D449-54BB-2026-DBDE-DEDCD8ABB951}","ProcessId":5834,"EventType":"SetValue","TargetObject":"HKCU\\Software\\CLM\\Mesa\\Pref\\1244","Details":"1"}
{"UtcTime":"2026-08-12 14:30:45.000","Computer":"CLM-MESA-014","User":"CLM\\ops","EventID":1,"Image":"C:\\Windows\\System32\\svchost.exe","ProcessGuid":"{A49ED6C8-93B8-2026-D674-2D4BA9808D46}","ProcessId":5877,"CommandLine":"C:\\Windows\\System32\\svchost.exe","ParentImage":"C:\\Windows\\System32\\services.exe","ParentProcessGuid":"{B045884C-F214-2026-0D2D-6EE68CCEECE0}","OriginalFileName":"C:\\Windows\\System32\\svchost.exe"}
{"UtcTime":"2026-08-12 14:30:46.000","Computer":"CLM-MESA-014","User":"CLM\\backoffice","EventID":11,"Image":"C:\\Program Files\\Microsoft Office\\Office16\\EXCEL.EXE","ProcessGuid":"{DAA4F58F-C7F7-2026-3C7D-785E58135DE4}","ProcessId":6502,"TargetFilename":"C:\\Users\\Public\\Temp\\mesa-1246.tmp"}
{"UtcTime":"2026-08-12 14:30:47.000","Computer":"CLM-MESA-014","User":"CLM\\backoffice","EventID":13,"Image":"C:\\Windows\\System32\\svchost.exe","ProcessGuid":"{8AB87A5F-25A3-2026-3E61-CB7BBAAA8957}","ProcessId":6641,"EventType":"SetValue","TargetObject":"HKCU\\Software\\CLM\\Mesa\\Pref\\1247","Details":"1"}
{"UtcTime":"2026-08-12 14:30:48.000","Computer":"CLM-MESA-014","User":"CLM\\ops","EventID":1,"Image":"C:\\Windows\\System32\\svchost.exe","ProcessGuid":"{97333433-6090-2026-B8CD-E350678E17B9}","ProcessId":5202,"CommandLine":"C:\\Windows\\System32\\svchost.exe","ParentImage":"C:\\Windows\\System32\\services.exe","ParentProcessGuid":"{F0B164E4-064C-2026-CA74-A91AEF1AA584}","OriginalFileName":"C:\\Windows\\System32\\svchost.exe"}
{"UtcTime":"2026-08-12 14:30:49.000","Computer":"CLM-MESA-014","User":"CLM\\backoffice","EventID":11,"Image":"C:\\Windows\\explorer.exe","ProcessGuid":"{7FE5DFA6-A2E4-2026-7B08-F72D2CB4EB12}","ProcessId":6939,"TargetFilename":"C:\\Users\\Public\\Temp\\mesa-1249.tmp"}
{"UtcTime":"2026-08-12 14:30:50.000","Computer":"CLM-MESA-014","User":"CLM\\backoffice","EventID":3,"Image":"C:\\Program Files\\Microsoft Office\\Office16\\EXCEL.EXE","ProcessGuid":"{ACF5245E-2CE5-2026-4EE3-60C69B02148F}","ProcessId":8612,"DestinationIp":"1.1.1.1","DestinationPort":443,"DestinationHostname":"ntp.clm.liquidacao","SourceIp":"10.70.30.14","Protocol":"tcp"}
{"UtcTime":"2026-08-12 14:30:51.000","Computer":"CLM-MESA-014","User":"CLM\\backoffice","EventID":1,"Image":"C:\\Program Files\\Microsoft Office\\Office16\\EXCEL.EXE","ProcessGuid":"{13116E30-6BB5-2026-1F43-CCF9A1D88A49}","ProcessId":8270,"CommandLine":"C:\\Program Files\\Microsoft Office\\Office16\\EXCEL.EXE","ParentImage":"C:\\Windows\\System32\\services.exe","ParentProcessGuid":"{481E6A0E-BE2D-2026-E708-743CEE877CD3}","OriginalFileName":"C:\\Program Files\\Microsoft Office\\Office16\\EXCEL.EXE"}
{"UtcTime":"2026-08-12 14:30:52.000","Computer":"CLM-MESA-014","User":"CLM\\backoffice","EventID":13,"Image":"C:\\Program Files\\Microsoft Office\\Office16\\EXCEL.EXE","ProcessGuid":"{9E2378D1-A40B-2026-D30C-E647E2B12F12}","ProcessId":5466,"EventType":"SetValue","TargetObject":"HKCU\\Software\\CLM\\Mesa\\Pref\\1252","Details":"1"}
{"UtcTime":"2026-08-12 14:30:53.000","Computer":"CLM-MESA-014","User":"CLM\\backoffice","EventID":1,"Image":"C:\\Program Files\\Microsoft Office\\Office16\\EXCEL.EXE","ProcessGuid":"{E1ABA770-C355-2026-F06C-47824FC55F1A}","ProcessId":2359,"CommandLine":"C:\\Program Files\\Microsoft Office\\Office16\\EXCEL.EXE","ParentImage":"C:\\Windows\\System32\\services.exe","ParentProcessGuid":"{17FE126C-27E4-2026-E9E1-E7B25D3B099C}","OriginalFileName":"C:\\Program Files\\Microsoft Office\\Office16\\EXCEL.EXE"}
{"UtcTime":"2026-08-12 14:30:54.000","Computer":"CLM-MESA-014","User":"CLM\\mesa","EventID":11,"Image":"C:\\Windows\\System32\\svchost.exe","ProcessGuid":"{84CEEA99-4FBE-2026-992E-ABC48DCEC77F}","ProcessId":1546,"TargetFilename":"C:\\Users\\Public\\Temp\\mesa-1254.tmp"}
{"UtcTime":"2026-08-12 14:30:55.000","Computer":"CLM-MESA-014","User":"CLM\\mesa","EventID":5,"Image":"C:\\Windows\\explorer.exe","ProcessGuid":"{2FE99D23-8253-2026-780D-E9522A7E19BF}","ProcessId":2893,"EventType":"End"}
{"UtcTime":"2026-08-12 14:30:56.000","Computer":"CLM-MESA-014","User":"CLM\\ops","EventID":5,"Image":"C:\\Program Files\\Microsoft Office\\Office16\\EXCEL.EXE","ProcessGuid":"{75CCABBD-35B9-2026-1759-7FB91A8A1159}","ProcessId":4121,"EventType":"End"}
{"UtcTime":"2026-08-12 14:30:57.000","Computer":"CLM-MESA-014","User":"CLM\\backoffice","EventID":1,"Image":"C:\\Windows\\System32\\RuntimeBroker.exe","ProcessGuid":"{DCF285FE-E661-2026-4543-DDC63DD041A8}","ProcessId":659,"CommandLine":"C:\\Windows\\System32\\RuntimeBroker.exe","ParentImage":"C:\\Windows\\System32\\services.exe","ParentProcessGuid":"{C11B2B08-414C-2026-FC93-981975B93A23}","OriginalFileName":"C:\\Windows\\System32\\RuntimeBroker.exe"}
{"UtcTime":"2026-08-12 14:30:58.000","Computer":"CLM-MESA-014","User":"CLM\\mesa","EventID":5,"Image":"C:\\Program Files\\Microsoft Office\\Office16\\EXCEL.EXE","ProcessGuid":"{32F30A7D-73D5-2026-0036-C46D863670AE}","ProcessId":2594,"EventType":"End"}
{"UtcTime":"2026-08-12 14:30:59.000","Computer":"CLM-MESA-014","User":"CLM\\ops","EventID":3,"Image":"C:\\Windows\\System32\\RuntimeBroker.exe","ProcessGuid":"{DC004791-A194-2026-F96D-8E40214A0F5C}","ProcessId":7558,"DestinationIp":"8.8.8.8","DestinationPort":443,"DestinationHostname":"ntp.clm.liquidacao","SourceIp":"10.70.30.14","Protocol":"tcp"}
{"UtcTime":"2026-08-12 14:31:00.000","Computer":"CLM-MESA-014","User":"CLM\\mesa","EventID":1,"Image":"C:\\Program Files\\Microsoft Office\\Office16\\EXCEL.EXE","ProcessGuid":"{5AF8ACB5-8F3A-2026-0566-1247C0273806}","ProcessId":4887,"CommandLine":"C:\\Program Files\\Microsoft Office\\Office16\\EXCEL.EXE","ParentImage":"C:\\Windows\\System32\\services.exe","ParentProcessGuid":"{8A0AB466-C681-2026-3649-2529B0B90864}","OriginalFileName":"C:\\Program Files\\Microsoft Office\\Office16\\EXCEL.EXE"}
{"UtcTime":"2026-08-12 14:31:01.000","Computer":"CLM-MESA-014","User":"CLM\\backoffice","EventID":13,"Image":"C:\\Windows\\System32\\RuntimeBroker.exe","ProcessGuid":"{413A59AB-E11D-2026-190B-356E631B8781}","ProcessId":1455,"EventType":"SetValue","TargetObject":"HKCU\\Software\\CLM\\Mesa\\Pref\\1261","Details":"1"}
{"UtcTime":"2026-08-12 14:31:02.000","Computer":"CLM-MESA-014","User":"CLM\\mesa","EventID":5,"Image":"C:\\Program Files\\Microsoft Office\\Office16\\EXCEL.EXE","ProcessGuid":"{D4C1671F-BBE8-2026-23B8-D5E81E15A9D4}","ProcessId":5558,"EventType":"End"}
{"UtcTime":"2026-08-12 14:31:03.000","Computer":"CLM-MESA-014","User":"CLM\\backoffice","EventID":11,"Image":"C:\\Windows\\System32\\svchost.exe","ProcessGuid":"{252AE0FB-AF26-2026-DA1C-FF60CAC492E2}","ProcessId":5634,"TargetFilename":"C:\\Users\\Public\\Temp\\mesa-1263.tmp"}
{"UtcTime":"2026-08-12 14:31:04.000","Computer":"CLM-MESA-014","User":"CLM\\mesa","EventID":1,"Image":"C:\\Windows\\explorer.exe","ProcessGuid":"{19AFB277-9366-2026-6110-A9EDE483BD35}","ProcessId":5397,"CommandLine":"C:\\Windows\\explorer.exe","ParentImage":"C:\\Windows\\System32\\services.exe","ParentProcessGuid":"{F4F66BDA-7620-2026-FD0F-F0DE0E68C64C}","OriginalFileName":"C:\\Windows\\explorer.exe"}
{"UtcTime":"2026-08-12 14:31:05.000","Computer":"CLM-MESA-014","User":"CLM\\backoffice","EventID":1,"Image":"C:\\Windows\\System32\\conhost.exe","ProcessGuid":"{842EA67D-96E3-2026-AE93-5A1AE1B80E96}","ProcessId":5541,"CommandLine":"C:\\Windows\\System32\\conhost.exe","ParentImage":"C:\\Windows\\System32\\services.exe","ParentProcessGuid":"{5CC8FF76-5686-2026-F4E6-E6A25C53616F}","OriginalFileName":"C:\\Windows\\System32\\conhost.exe"}
{"UtcTime":"2026-08-12 14:31:06.000","Computer":"CLM-MESA-014","User":"CLM\\backoffice","EventID":1,"Image":"C:\\Windows\\System32\\svchost.exe","ProcessGuid":"{E5ADFE7D-B7CD-2026-8EF6-968DD5EEFC3C}","ProcessId":4589,"CommandLine":"C:\\Windows\\System32\\svchost.exe","ParentImage":"C:\\Windows\\System32\\services.exe","ParentProcessGuid":"{DD35DAC8-DFB0-2026-7CAE-CD045E97A002}","OriginalFileName":"C:\\Windows\\System32\\svchost.exe"}
{"UtcTime":"2026-08-12 14:31:07.000","Computer":"CLM-MESA-014","User":"CLM\\backoffice","EventID":3,"Image":"C:\\Windows\\System32\\conhost.exe","ProcessGuid":"{295A60ED-7A85-2026-3630-5E4059BCF533}","ProcessId":2585,"DestinationIp":"10.70.30.8","DestinationPort":53,"DestinationHostname":"ntp.clm.liquidacao","SourceIp":"10.70.30.14","Protocol":"tcp"}
{"UtcTime":"2026-08-12 14:31:08.000","Computer":"CLM-MESA-014","User":"CLM\\backoffice","EventID":3,"Image":"C:\\Windows\\System32\\svchost.exe","ProcessGuid":"{8E042406-D756-2026-E06C-AFEA4DFF0CE4}","ProcessId":8374,"DestinationIp":"10.70.30.1","DestinationPort":53,"DestinationHostname":"ntp.clm.liquidacao","SourceIp":"10.70.30.14","Protocol":"tcp"}
{"UtcTime":"2026-08-12 14:31:09.000","Computer":"CLM-MESA-014","User":"CLM\\backoffice","EventID":5,"Image":"C:\\Program Files\\Google\\Chrome\\Application\\chrome.exe","ProcessGuid":"{B19478AC-289B-2026-51DB-E29F76C30D92}","ProcessId":4302,"EventType":"End"}
{"UtcTime":"2026-08-12 14:31:10.000","Computer":"CLM-MESA-014","User":"CLM\\backoffice","EventID":1,"Image":"C:\\Windows\\System32\\svchost.exe","ProcessGuid":"{8FA24C5B-A559-2026-2F1F-B0FC6252C132}","ProcessId":3359,"CommandLine":"C:\\Windows\\System32\\svchost.exe","ParentImage":"C:\\Windows\\System32\\services.exe","ParentProcessGuid":"{028AC17C-8D5E-2026-B0B9-F0E15DFC55A5}","OriginalFileName":"C:\\Windows\\System32\\svchost.exe"}
{"UtcTime":"2026-08-12 14:31:11.000","Computer":"CLM-MESA-014","User":"CLM\\backoffice","EventID":5,"Image":"C:\\Windows\\System32\\RuntimeBroker.exe","ProcessGuid":"{EB1F50A6-A3A6-2026-2B43-7B1D22867BBE}","ProcessId":8873,"EventType":"End"}
{"UtcTime":"2026-08-12 14:31:12.000","Computer":"CLM-MESA-014","User":"CLM\\ops","EventID":1,"Image":"C:\\Program Files\\Google\\Chrome\\Application\\chrome.exe","ProcessGuid":"{BEE329B1-EF6C-2026-0957-5BA202A305C1}","ProcessId":4417,"CommandLine":"C:\\Program Files\\Google\\Chrome\\Application\\chrome.exe","ParentImage":"C:\\Windows\\System32\\services.exe","ParentProcessGuid":"{23365354-0B81-2026-727F-B1E4EC2EE0B2}","OriginalFileName":"C:\\Program Files\\Google\\Chrome\\Application\\chrome.exe"}
{"UtcTime":"2026-08-12 14:31:13.000","Computer":"CLM-MESA-014","User":"CLM\\ops","EventID":3,"Image":"C:\\Program Files\\Microsoft Office\\Office16\\EXCEL.EXE","ProcessGuid":"{852AA6DD-78E8-2026-7E18-2130BB7E87B2}","ProcessId":3835,"DestinationIp":"8.8.8.8","DestinationPort":8080,"DestinationHostname":"ntp.clm.liquidacao","SourceIp":"10.70.30.14","Protocol":"tcp"}
{"UtcTime":"2026-08-12 14:31:14.000","Computer":"CLM-MESA-014","User":"CLM\\ops","EventID":1,"Image":"C:\\Windows\\System32\\conhost.exe","ProcessGuid":"{1B8FB9EF-50F5-2026-2456-A44C3F5E3CA6}","ProcessId":8748,"CommandLine":"C:\\Windows\\System32\\conhost.exe","ParentImage":"C:\\Windows\\System32\\services.exe","ParentProcessGuid":"{3961D23C-B7F0-2026-A11C-8DD34335C646}","OriginalFileName":"C:\\Windows\\System32\\conhost.exe"}
{"UtcTime":"2026-08-12 14:31:15.000","Computer":"CLM-MESA-014","User":"CLM\\ops","EventID":1,"Image":"C:\\Program Files\\Microsoft Office\\Office16\\EXCEL.EXE","ProcessGuid":"{25C390C3-D134-2026-928A-99459E096C01}","ProcessId":2401,"CommandLine":"C:\\Program Files\\Microsoft Office\\Office16\\EXCEL.EXE","ParentImage":"C:\\Windows\\System32\\services.exe","ParentProcessGuid":"{2D102934-ECE1-2026-20F3-A3D2BACAEC54}","OriginalFileName":"C:\\Program Files\\Microsoft Office\\Office16\\EXCEL.EXE"}
{"UtcTime":"2026-08-12 14:31:16.000","Computer":"CLM-MESA-014","User":"CLM\\backoffice","EventID":13,"Image":"C:\\Windows\\System32\\conhost.exe","ProcessGuid":"{F59806F8-BCAE-2026-3F2F-DF095A20190F}","ProcessId":1161,"EventType":"SetValue","TargetObject":"HKCU\\Software\\CLM\\Mesa\\Pref\\1276","Details":"1"}
{"UtcTime":"2026-08-12 14:31:17.000","Computer":"CLM-MESA-014","User":"CLM\\ops","EventID":1,"Image":"C:\\Windows\\System32\\RuntimeBroker.exe","ProcessGuid":"{F68A729A-2B45-2026-D3C8-28A10681AF2E}","ProcessId":6235,"CommandLine":"C:\\Windows\\System32\\RuntimeBroker.exe","ParentImage":"C:\\Windows\\System32\\services.exe","ParentProcessGuid":"{D9AF97AE-850B-2026-0D1D-7C3DDE103B2C}","OriginalFileName":"C:\\Windows\\System32\\RuntimeBroker.exe"}
{"UtcTime":"2026-08-12 14:31:18.000","Computer":"CLM-MESA-014","User":"CLM\\backoffice","EventID":11,"Image":"C:\\Windows\\System32\\svchost.exe","ProcessGuid":"{43C4A0DE-DDFA-2026-9CA8-81502EA7B6C7}","ProcessId":473,"TargetFilename":"C:\\Users\\Public\\Temp\\mesa-1278.tmp"}
{"UtcTime":"2026-08-12 14:31:19.000","Computer":"CLM-MESA-014","User":"CLM\\backoffice","EventID":13,"Image":"C:\\Windows\\System32\\svchost.exe","ProcessGuid":"{EE2FF748-D92F-2026-003C-CF23F805C230}","ProcessId":1178,"EventType":"SetValue","TargetObject":"HKCU\\Software\\CLM\\Mesa\\Pref\\1279","Details":"1"}
{"UtcTime":"2026-08-12 14:31:20.000","Computer":"CLM-MESA-014","User":"CLM\\backoffice","EventID":1,"Image":"C:\\Windows\\explorer.exe","ProcessGuid":"{BDA62E38-A573-2026-666F-5E4C1E641A7C}","ProcessId":6080,"CommandLine":"C:\\Windows\\explorer.exe","ParentImage":"C:\\Windows\\System32\\services.exe","ParentProcessGuid":"{91860966-B87C-2026-1593-730FFCD536D0}","OriginalFileName":"C:\\Windows\\explorer.exe"}
{"UtcTime":"2026-08-12 14:31:21.000","Computer":"CLM-MESA-014","User":"CLM\\backoffice","EventID":5,"Image":"C:\\Windows\\System32\\conhost.exe","ProcessGuid":"{5AD7BC9F-65DD-2026-84FC-1D8F2E299166}","ProcessId":404,"EventType":"End"}
{"UtcTime":"2026-08-12 14:31:22.000","Computer":"CLM-MESA-014","User":"CLM\\mesa","EventID":5,"Image":"C:\\Program Files\\Google\\Chrome\\Application\\chrome.exe","ProcessGuid":"{52A87A41-F166-2026-3700-6DD2891587C4}","ProcessId":3933,"EventType":"End"}
{"UtcTime":"2026-08-12 14:31:23.000","Computer":"CLM-MESA-014","User":"CLM\\mesa","EventID":13,"Image":"C:\\Program Files\\Microsoft Office\\Office16\\EXCEL.EXE","ProcessGuid":"{577B6657-B913-2026-327E-F8849E438062}","ProcessId":6940,"EventType":"SetValue","TargetObject":"HKCU\\Software\\CLM\\Mesa\\Pref\\1283","Details":"1"}
{"UtcTime":"2026-08-12 14:31:24.000","Computer":"CLM-MESA-014","User":"CLM\\backoffice","EventID":3,"Image":"C:\\Windows\\System32\\conhost.exe","ProcessGuid":"{4588D8F7-C1D3-2026-EDA7-8CADF43F26DD}","ProcessId":3725,"DestinationIp":"8.8.8.8","DestinationPort":8080,"DestinationHostname":"ntp.clm.liquidacao","SourceIp":"10.70.30.14","Protocol":"tcp"}
{"UtcTime":"2026-08-12 14:31:25.000","Computer":"CLM-MESA-014","User":"CLM\\mesa","EventID":13,"Image":"C:\\Windows\\explorer.exe","ProcessGuid":"{86A99908-6C74-2026-ADD1-499B86528605}","ProcessId":2928,"EventType":"SetValue","TargetObject":"HKCU\\Software\\CLM\\Mesa\\Pref\\1285","Details":"1"}
{"UtcTime":"2026-08-12 14:31:26.000","Computer":"CLM-MESA-014","User":"CLM\\ops","EventID":13,"Image":"C:\\Program Files\\Google\\Chrome\\Application\\chrome.exe","ProcessGuid":"{E1C35C70-6A78-2026-2E61-8C89FE7B95B6}","ProcessId":8567,"EventType":"SetValue","TargetObject":"HKCU\\Software\\CLM\\Mesa\\Pref\\1286","Details":"1"}
{"UtcTime":"2026-08-12 14:31:27.000","Computer":"CLM-MESA-014","User":"CLM\\mesa","EventID":11,"Image":"C:\\Windows\\System32\\svchost.exe","ProcessGuid":"{30A0A15D-D3A5-2026-FE76-7A7786D33CC6}","ProcessId":1848,"TargetFilename":"C:\\Users\\Public\\Temp\\mesa-1287.tmp"}
{"UtcTime":"2026-08-12 14:31:28.000","Computer":"CLM-MESA-014","User":"CLM\\mesa","EventID":3,"Image":"C:\\Windows\\System32\\conhost.exe","ProcessGuid":"{31247505-784B-2026-A1C5-C130B3A4A408}","ProcessId":1018,"DestinationIp":"10.70.30.1","DestinationPort":53,"DestinationHostname":"ntp.clm.liquidacao","SourceIp":"10.70.30.14","Protocol":"tcp"}
{"UtcTime":"2026-08-12 14:31:29.000","Computer":"CLM-MESA-014","User":"CLM\\ops","EventID":3,"Image":"C:\\Program Files\\Microsoft Office\\Office16\\EXCEL.EXE","ProcessGuid":"{B9F531E8-D949-2026-07C0-FAB3E5FC4CF7}","ProcessId":8998,"DestinationIp":"10.70.30.8","DestinationPort":8080,"DestinationHostname":"portal.clm.liquidacao","SourceIp":"10.70.30.14","Protocol":"tcp"}
{"UtcTime":"2026-08-12 14:31:30.000","Computer":"CLM-MESA-014","User":"CLM\\backoffice","EventID":1,"Image":"C:\\Windows\\System32\\svchost.exe","ProcessGuid":"{3701A03A-9271-2026-9CFE-60A99F178C54}","ProcessId":8953,"CommandLine":"C:\\Windows\\System32\\svchost.exe","ParentImage":"C:\\Windows\\System32\\services.exe","ParentProcessGuid":"{3C77FE98-ABB6-2026-C7EC-CF2D761EEA64}","OriginalFileName":"C:\\Windows\\System32\\svchost.exe"}
{"UtcTime":"2026-08-12 14:31:31.000","Computer":"CLM-MESA-014","User":"CLM\\backoffice","EventID":11,"Image":"C:\\Windows\\System32\\svchost.exe","ProcessGuid":"{831E443E-C10E-2026-CC76-BC68210794CE}","ProcessId":5344,"TargetFilename":"C:\\Users\\Public\\Temp\\mesa-1291.tmp"}
{"UtcTime":"2026-08-12 14:31:32.000","Computer":"CLM-MESA-014","User":"CLM\\mesa","EventID":13,"Image":"C:\\Windows\\explorer.exe","ProcessGuid":"{9CB74DAC-0631-2026-7E84-345549A8667A}","ProcessId":2018,"EventType":"SetValue","TargetObject":"HKCU\\Software\\CLM\\Mesa\\Pref\\1292","Details":"1"}
{"UtcTime":"2026-08-12 14:31:33.000","Computer":"CLM-MESA-014","User":"CLM\\mesa","EventID":5,"Image":"C:\\Program Files\\Microsoft Office\\Office16\\EXCEL.EXE","ProcessGuid":"{2BC34FF8-0A99-2026-E45F-2F1207C564F7}","ProcessId":1541,"EventType":"End"}
{"UtcTime":"2026-08-12 14:31:34.000","Computer":"CLM-MESA-014","User":"CLM\\backoffice","EventID":1,"Image":"C:\\Windows\\System32\\RuntimeBroker.exe","ProcessGuid":"{EF1D6EA4-5F4F-2026-9071-7F7B4E5CF5A3}","ProcessId":8787,"CommandLine":"C:\\Windows\\System32\\RuntimeBroker.exe","ParentImage":"C:\\Windows\\System32\\services.exe","ParentProcessGuid":"{5B3C9DA0-3CC8-2026-FD66-85CEE7FEB64F}","OriginalFileName":"C:\\Windows\\System32\\RuntimeBroker.exe"}
{"UtcTime":"2026-08-12 14:31:35.000","Computer":"CLM-MESA-014","User":"CLM\\ops","EventID":13,"Image":"C:\\Windows\\System32\\svchost.exe","ProcessGuid":"{28528214-5C68-2026-CD82-76A16D719FDC}","ProcessId":5713,"EventType":"SetValue","TargetObject":"HKCU\\Software\\CLM\\Mesa\\Pref\\1295","Details":"1"}
{"UtcTime":"2026-08-12 14:31:36.000","Computer":"CLM-MESA-014","User":"CLM\\ops","EventID":13,"Image":"C:\\Windows\\System32\\conhost.exe","ProcessGuid":"{CC002A7C-D191-2026-D68F-9D3A6BFB677E}","ProcessId":5102,"EventType":"SetValue","TargetObject":"HKCU\\Software\\CLM\\Mesa\\Pref\\1296","Details":"1"}
{"UtcTime":"2026-08-12 14:31:37.000","Computer":"CLM-MESA-014","User":"CLM\\backoffice","EventID":11,"Image":"C:\\Program Files\\Google\\Chrome\\Application\\chrome.exe","ProcessGuid":"{42DA91B9-9067-2026-2819-753AC52944AA}","ProcessId":5601,"TargetFilename":"C:\\Users\\Public\\Temp\\mesa-1297.tmp"}
{"UtcTime":"2026-08-12 14:31:38.000","Computer":"CLM-MESA-014","User":"CLM\\mesa","EventID":1,"Image":"C:\\Windows\\explorer.exe","ProcessGuid":"{44327CC6-9A7F-2026-4DD8-66CB19CE73E9}","ProcessId":8643,"CommandLine":"C:\\Windows\\explorer.exe","ParentImage":"C:\\Windows\\System32\\services.exe","ParentProcessGuid":"{683FF95B-E405-2026-9586-54FD5DD14154}","OriginalFileName":"C:\\Windows\\explorer.exe"}
{"UtcTime":"2026-08-12 14:31:39.000","Computer":"CLM-MESA-014","User":"CLM\\backoffice","EventID":5,"Image":"C:\\Windows\\explorer.exe","ProcessGuid":"{F01224BC-DE5E-2026-E18D-20AA09A0DA8E}","ProcessId":1792,"EventType":"End"}
{"UtcTime":"2026-08-12 14:31:40.000","Computer":"CLM-MESA-014","User":"CLM\\backoffice","EventID":1,"Image":"C:\\Windows\\System32\\conhost.exe","ProcessGuid":"{C5997252-39BA-2026-1180-523458DEBDD2}","ProcessId":1470,"CommandLine":"C:\\Windows\\System32\\conhost.exe","ParentImage":"C:\\Windows\\System32\\services.exe","ParentProcessGuid":"{A60C1FAB-D8EA-2026-99FA-FDE18C2DD4D5}","OriginalFileName":"C:\\Windows\\System32\\conhost.exe"}
{"UtcTime":"2026-08-12 14:31:41.000","Computer":"CLM-MESA-014","User":"CLM\\ops","EventID":13,"Image":"C:\\Program Files\\Microsoft Office\\Office16\\EXCEL.EXE","ProcessGuid":"{331DA481-7735-2026-0712-066B51C0A8FE}","ProcessId":5289,"EventType":"SetValue","TargetObject":"HKCU\\Software\\CLM\\Mesa\\Pref\\1301","Details":"1"}
{"UtcTime":"2026-08-12 14:31:42.000","Computer":"CLM-MESA-014","User":"CLM\\backoffice","EventID":1,"Image":"C:\\Windows\\System32\\svchost.exe","ProcessGuid":"{B0EE01D4-74D9-2026-2A59-A463E3EE10BD}","ProcessId":7173,"CommandLine":"C:\\Windows\\System32\\svchost.exe","ParentImage":"C:\\Windows\\System32\\services.exe","ParentProcessGuid":"{1AD258CB-1D00-2026-4F7F-CAC5A7573C76}","OriginalFileName":"C:\\Windows\\System32\\svchost.exe"}
{"UtcTime":"2026-08-12 14:31:43.000","Computer":"CLM-MESA-014","User":"CLM\\mesa","EventID":11,"Image":"C:\\Program Files\\Google\\Chrome\\Application\\chrome.exe","ProcessGuid":"{D472185E-D0CD-2026-136C-01F465AF2C52}","ProcessId":6123,"TargetFilename":"C:\\Users\\Public\\Temp\\mesa-1303.tmp"}
{"UtcTime":"2026-08-12 14:31:44.000","Computer":"CLM-MESA-014","User":"CLM\\ops","EventID":1,"Image":"C:\\Windows\\System32\\svchost.exe","ProcessGuid":"{8D16397C-1916-2026-B083-D4A3FDF008C7}","ProcessId":2036,"CommandLine":"C:\\Windows\\System32\\svchost.exe","ParentImage":"C:\\Windows\\System32\\services.exe","ParentProcessGuid":"{310CDF21-3C1F-2026-271A-30F94AD1F3F9}","OriginalFileName":"C:\\Windows\\System32\\svchost.exe"}
{"UtcTime":"2026-08-12 14:31:45.000","Computer":"CLM-MESA-014","User":"CLM\\ops","EventID":1,"Image":"C:\\Program Files\\Google\\Chrome\\Application\\chrome.exe","ProcessGuid":"{BD3C8355-3E0E-2026-726E-9BDEF333BA13}","ProcessId":3723,"CommandLine":"C:\\Program Files\\Google\\Chrome\\Application\\chrome.exe","ParentImage":"C:\\Windows\\System32\\services.exe","ParentProcessGuid":"{C4836E23-C6D2-2026-0AFE-5D0B78292034}","OriginalFileName":"C:\\Program Files\\Google\\Chrome\\Application\\chrome.exe"}
{"UtcTime":"2026-08-12 14:31:46.000","Computer":"CLM-MESA-014","User":"CLM\\mesa","EventID":1,"Image":"C:\\Windows\\System32\\RuntimeBroker.exe","ProcessGuid":"{3001E6E3-5575-2026-F2BF-217E43A4990A}","ProcessId":3028,"CommandLine":"C:\\Windows\\System32\\RuntimeBroker.exe","ParentImage":"C:\\Windows\\System32\\services.exe","ParentProcessGuid":"{241D7ED6-5953-2026-B89F-82BD49749590}","OriginalFileName":"C:\\Windows\\System32\\RuntimeBroker.exe"}
{"UtcTime":"2026-08-12 14:31:47.000","Computer":"CLM-MESA-014","User":"CLM\\mesa","EventID":3,"Image":"C:\\Windows\\System32\\conhost.exe","ProcessGuid":"{84498D17-F811-2026-D0C9-AE3654B60B7F}","ProcessId":2719,"DestinationIp":"10.70.30.1","DestinationPort":8080,"DestinationHostname":"ntp.clm.liquidacao","SourceIp":"10.70.30.14","Protocol":"tcp"}
{"UtcTime":"2026-08-12 14:31:48.000","Computer":"CLM-MESA-014","User":"CLM\\backoffice","EventID":13,"Image":"C:\\Windows\\explorer.exe","ProcessGuid":"{C720E8F8-A941-2026-70C0-D03469388328}","ProcessId":1969,"EventType":"SetValue","TargetObject":"HKCU\\Software\\CLM\\Mesa\\Pref\\1308","Details":"1"}
{"UtcTime":"2026-08-12 14:31:49.000","Computer":"CLM-MESA-014","User":"CLM\\backoffice","EventID":1,"Image":"C:\\Program Files\\Google\\Chrome\\Application\\chrome.exe","ProcessGuid":"{424272DE-D818-2026-B3CB-1A77814DB07F}","ProcessId":3076,"CommandLine":"C:\\Program Files\\Google\\Chrome\\Application\\chrome.exe","ParentImage":"C:\\Windows\\System32\\services.exe","ParentProcessGuid":"{02488D28-5AC9-2026-281C-AB18416C4F33}","OriginalFileName":"C:\\Program Files\\Google\\Chrome\\Application\\chrome.exe"}
{"UtcTime":"2026-08-12 14:31:50.000","Computer":"CLM-MESA-014","User":"CLM\\mesa","EventID":13,"Image":"C:\\Windows\\System32\\svchost.exe","ProcessGuid":"{FC9B2B85-ABE8-2026-7775-E0FE52349D83}","ProcessId":3067,"EventType":"SetValue","TargetObject":"HKCU\\Software\\CLM\\Mesa\\Pref\\1310","Details":"1"}
{"UtcTime":"2026-08-12 14:31:51.000","Computer":"CLM-MESA-014","User":"CLM\\ops","EventID":1,"Image":"C:\\Windows\\explorer.exe","ProcessGuid":"{E0E2F733-579A-2026-0314-E7B3CAB63161}","ProcessId":7386,"CommandLine":"C:\\Windows\\explorer.exe","ParentImage":"C:\\Windows\\System32\\services.exe","ParentProcessGuid":"{415BFF4A-A5B6-2026-64AC-077EEBEBB006}","OriginalFileName":"C:\\Windows\\explorer.exe"}
{"UtcTime":"2026-08-12 14:31:52.000","Computer":"CLM-MESA-014","User":"CLM\\ops","EventID":11,"Image":"C:\\Windows\\System32\\svchost.exe","ProcessGuid":"{EA426F59-3272-2026-C908-D3DBB858A6FA}","ProcessId":7735,"TargetFilename":"C:\\Users\\Public\\Temp\\mesa-1312.tmp"}
{"UtcTime":"2026-08-12 14:31:53.000","Computer":"CLM-MESA-014","User":"CLM\\mesa","EventID":11,"Image":"C:\\Program Files\\Microsoft Office\\Office16\\EXCEL.EXE","ProcessGuid":"{C71F3F47-BEFE-2026-D788-47FCCAD434CD}","ProcessId":7869,"TargetFilename":"C:\\Users\\Public\\Temp\\mesa-1313.tmp"}
{"UtcTime":"2026-08-12 14:31:54.000","Computer":"CLM-MESA-014","User":"CLM\\mesa","EventID":1,"Image":"C:\\Program Files\\Microsoft Office\\Office16\\EXCEL.EXE","ProcessGuid":"{CEE79090-9BCA-2026-AD0F-3DD934A69C2B}","ProcessId":2179,"CommandLine":"C:\\Program Files\\Microsoft Office\\Office16\\EXCEL.EXE","ParentImage":"C:\\Windows\\System32\\services.exe","ParentProcessGuid":"{1C2E7359-6761-2026-4AA5-D5DEE3FD634E}","OriginalFileName":"C:\\Program Files\\Microsoft Office\\Office16\\EXCEL.EXE"}
{"UtcTime":"2026-08-12 14:31:55.000","Computer":"CLM-MESA-014","User":"CLM\\mesa","EventID":1,"Image":"C:\\Windows\\explorer.exe","ProcessGuid":"{C8459854-ACC4-2026-78A7-0AA5F39FFB84}","ProcessId":4693,"CommandLine":"C:\\Windows\\explorer.exe","ParentImage":"C:\\Windows\\System32\\services.exe","ParentProcessGuid":"{62A0F2FE-A5E9-2026-F42F-2B5EF37BF953}","OriginalFileName":"C:\\Windows\\explorer.exe"}
{"UtcTime":"2026-08-12 14:31:56.000","Computer":"CLM-MESA-014","User":"CLM\\mesa","EventID":1,"Image":"C:\\Windows\\System32\\conhost.exe","ProcessGuid":"{ADEEF1B4-94B0-2026-69DB-21D320A4CF55}","ProcessId":3395,"CommandLine":"C:\\Windows\\System32\\conhost.exe","ParentImage":"C:\\Windows\\System32\\services.exe","ParentProcessGuid":"{A2FBA913-C9BE-2026-2822-90EB91AF0D47}","OriginalFileName":"C:\\Windows\\System32\\conhost.exe"}
{"UtcTime":"2026-08-12 14:31:57.000","Computer":"CLM-MESA-014","User":"CLM\\ops","EventID":1,"Image":"C:\\Program Files\\Microsoft Office\\Office16\\EXCEL.EXE","ProcessGuid":"{3066C970-9055-2026-D53A-940A9ED7C9AD}","ProcessId":8390,"CommandLine":"C:\\Program Files\\Microsoft Office\\Office16\\EXCEL.EXE","ParentImage":"C:\\Windows\\System32\\services.exe","ParentProcessGuid":"{7A944EAB-1ED1-2026-D4F8-193F6DFFFA91}","OriginalFileName":"C:\\Program Files\\Microsoft Office\\Office16\\EXCEL.EXE"}
{"UtcTime":"2026-08-12 14:31:58.000","Computer":"CLM-MESA-014","User":"CLM\\ops","EventID":3,"Image":"C:\\Program Files\\Microsoft Office\\Office16\\EXCEL.EXE","ProcessGuid":"{63715E22-0C58-2026-3613-E2C3833B591F}","ProcessId":1652,"DestinationIp":"10.70.30.1","DestinationPort":135,"DestinationHostname":"portal.clm.liquidacao","SourceIp":"10.70.30.14","Protocol":"tcp"}
{"UtcTime":"2026-08-12 14:31:59.000","Computer":"CLM-MESA-014","User":"CLM\\ops","EventID":1,"Image":"C:\\Windows\\System32\\conhost.exe","ProcessGuid":"{F40D4E84-5870-2026-31EE-D3C3CF75D813}","ProcessId":6322,"CommandLine":"C:\\Windows\\System32\\conhost.exe","ParentImage":"C:\\Windows\\System32\\services.exe","ParentProcessGuid":"{BE32032B-C55A-2026-2DEC-1CCBF399BDA1}","OriginalFileName":"C:\\Windows\\System32\\conhost.exe"}
{"UtcTime":"2026-08-12 14:32:00.000","Computer":"CLM-MESA-014","User":"CLM\\backoffice","EventID":11,"Image":"C:\\Windows\\System32\\RuntimeBroker.exe","ProcessGuid":"{18270A65-DA68-2026-0ED9-BBC6A9AAE5E8}","ProcessId":6681,"TargetFilename":"C:\\Users\\Public\\Temp\\mesa-1320.tmp"}
{"UtcTime":"2026-08-12 14:32:01.000","Computer":"CLM-MESA-014","User":"CLM\\backoffice","EventID":3,"Image":"C:\\Windows\\explorer.exe","ProcessGuid":"{78B54CE7-4224-2026-550F-978880921C97}","ProcessId":8662,"DestinationIp":"10.70.30.8","DestinationPort":53,"DestinationHostname":"portal.clm.liquidacao","SourceIp":"10.70.30.14","Protocol":"tcp"}
{"UtcTime":"2026-08-12 14:32:02.000","Computer":"CLM-MESA-014","User":"CLM\\ops","EventID":3,"Image":"C:\\Windows\\System32\\svchost.exe","ProcessGuid":"{A4F091A4-BE2B-2026-5510-86192825F266}","ProcessId":1153,"DestinationIp":"10.70.30.8","DestinationPort":443,"DestinationHostname":"ntp.clm.liquidacao","SourceIp":"10.70.30.14","Protocol":"tcp"}
{"UtcTime":"2026-08-12 14:32:03.000","Computer":"CLM-MESA-014","User":"CLM\\mesa","EventID":5,"Image":"C:\\Program Files\\Microsoft Office\\Office16\\EXCEL.EXE","ProcessGuid":"{2F7C57BD-18B1-2026-2C80-B5017DAB9B1C}","ProcessId":1301,"EventType":"End"}
{"UtcTime":"2026-08-12 14:32:04.000","Computer":"CLM-MESA-014","User":"CLM\\backoffice","EventID":11,"Image":"C:\\Windows\\System32\\RuntimeBroker.exe","ProcessGuid":"{7A04D6D9-01AA-2026-A01E-D8EECA426805}","ProcessId":649,"TargetFilename":"C:\\Users\\Public\\Temp\\mesa-1324.tmp"}
{"UtcTime":"2026-08-12 14:32:05.000","Computer":"CLM-MESA-014","User":"CLM\\mesa","EventID":5,"Image":"C:\\Windows\\System32\\RuntimeBroker.exe","ProcessGuid":"{EC32C81F-0035-2026-B87A-35A6004316BF}","ProcessId":4286,"EventType":"End"}
{"UtcTime":"2026-08-12 14:32:06.000","Computer":"CLM-MESA-014","User":"CLM\\backoffice","EventID":3,"Image":"C:\\Windows\\explorer.exe","ProcessGuid":"{F2643FED-1657-2026-2F71-6F1468024557}","ProcessId":6037,"DestinationIp":"10.70.30.8","DestinationPort":8080,"DestinationHostname":"ntp.clm.liquidacao","SourceIp":"10.70.30.14","Protocol":"tcp"}
{"UtcTime":"2026-08-12 14:32:07.000","Computer":"CLM-MESA-014","User":"CLM\\mesa","EventID":11,"Image":"C:\\Windows\\System32\\svchost.exe","ProcessGuid":"{0DC97389-537A-2026-79E5-806FCD6228D3}","ProcessId":8778,"TargetFilename":"C:\\Users\\Public\\Temp\\mesa-1327.tmp"}
{"UtcTime":"2026-08-12 14:32:08.000","Computer":"CLM-MESA-014","User":"CLM\\backoffice","EventID":1,"Image":"C:\\Windows\\System32\\svchost.exe","ProcessGuid":"{A01F5750-5B8D-2026-CA19-8F6501D6399F}","ProcessId":6155,"CommandLine":"C:\\Windows\\System32\\svchost.exe","ParentImage":"C:\\Windows\\System32\\services.exe","ParentProcessGuid":"{74410F9A-ACBB-2026-554D-752C6CCE2AD8}","OriginalFileName":"C:\\Windows\\System32\\svchost.exe"}
{"UtcTime":"2026-08-12 14:32:09.000","Computer":"CLM-MESA-014","User":"CLM\\backoffice","EventID":1,"Image":"C:\\Windows\\System32\\RuntimeBroker.exe","ProcessGuid":"{4437E850-2B39-2026-CEA7-7069251BF5FE}","ProcessId":8291,"CommandLine":"C:\\Windows\\System32\\RuntimeBroker.exe","ParentImage":"C:\\Windows\\System32\\services.exe","ParentProcessGuid":"{6C93AD5F-683E-2026-EED6-0B46F8766269}","OriginalFileName":"C:\\Windows\\System32\\RuntimeBroker.exe"}
{"UtcTime":"2026-08-12 14:32:10.000","Computer":"CLM-MESA-014","User":"CLM\\backoffice","EventID":3,"Image":"C:\\Program Files\\Google\\Chrome\\Application\\chrome.exe","ProcessGuid":"{9F0D5ACC-B3A4-2026-92E7-A8B52C55D505}","ProcessId":3820,"DestinationIp":"1.1.1.1","DestinationPort":53,"DestinationHostname":"ntp.clm.liquidacao","SourceIp":"10.70.30.14","Protocol":"tcp"}
{"UtcTime":"2026-08-12 14:32:11.000","Computer":"CLM-MESA-014","User":"CLM\\backoffice","EventID":1,"Image":"C:\\Windows\\System32\\svchost.exe","ProcessGuid":"{11DD71E1-B93E-2026-998D-C23CA0F50827}","ProcessId":4472,"CommandLine":"C:\\Windows\\System32\\svchost.exe","ParentImage":"C:\\Windows\\System32\\services.exe","ParentProcessGuid":"{B6E04D2C-160F-2026-A3A2-5FD8E5039502}","OriginalFileName":"C:\\Windows\\System32\\svchost.exe"}
{"UtcTime":"2026-08-12 14:32:12.000","Computer":"CLM-MESA-014","User":"CLM\\mesa","EventID":1,"Image":"C:\\Windows\\System32\\svchost.exe","ProcessGuid":"{9A8F3F0E-E7A2-2026-74DE-FD118FA74719}","ProcessId":1490,"CommandLine":"C:\\Windows\\System32\\svchost.exe","ParentImage":"C:\\Windows\\System32\\services.exe","ParentProcessGuid":"{31E4726E-B0B1-2026-CF58-9C9A784BB707}","OriginalFileName":"C:\\Windows\\System32\\svchost.exe"}
{"UtcTime":"2026-08-12 14:32:13.000","Computer":"CLM-MESA-014","User":"CLM\\ops","EventID":11,"Image":"C:\\Program Files\\Google\\Chrome\\Application\\chrome.exe","ProcessGuid":"{0531107E-FCE2-2026-F0D9-EAF6C35344CC}","ProcessId":6354,"TargetFilename":"C:\\Users\\Public\\Temp\\mesa-1333.tmp"}
{"UtcTime":"2026-08-12 14:32:14.000","Computer":"CLM-MESA-014","User":"CLM\\backoffice","EventID":3,"Image":"C:\\Windows\\explorer.exe","ProcessGuid":"{A792DB9E-8D65-2026-FD91-192318A5ACE0}","ProcessId":6456,"DestinationIp":"10.70.30.8","DestinationPort":8080,"DestinationHostname":"portal.clm.liquidacao","SourceIp":"10.70.30.14","Protocol":"tcp"}
{"UtcTime":"2026-08-12 14:32:15.000","Computer":"CLM-MESA-014","User":"CLM\\mesa","EventID":1,"Image":"C:\\Windows\\System32\\RuntimeBroker.exe","ProcessGuid":"{98F8D9DB-71FB-2026-9563-E015996E5D49}","ProcessId":3899,"CommandLine":"C:\\Windows\\System32\\RuntimeBroker.exe","ParentImage":"C:\\Windows\\System32\\services.exe","ParentProcessGuid":"{ACA6A1FE-328A-2026-40B1-26DD97AE3A54}","OriginalFileName":"C:\\Windows\\System32\\RuntimeBroker.exe"}
{"UtcTime":"2026-08-12 14:32:16.000","Computer":"CLM-MESA-014","User":"CLM\\ops","EventID":1,"Image":"C:\\Program Files\\Google\\Chrome\\Application\\chrome.exe","ProcessGuid":"{8B3379E1-F866-2026-9904-DEC6AB1F6236}","ProcessId":5895,"CommandLine":"C:\\Program Files\\Google\\Chrome\\Application\\chrome.exe","ParentImage":"C:\\Windows\\System32\\services.exe","ParentProcessGuid":"{F2CD015B-F0FF-2026-6371-D1BCB1D740B8}","OriginalFileName":"C:\\Program Files\\Google\\Chrome\\Application\\chrome.exe"}
{"UtcTime":"2026-08-12 14:32:17.000","Computer":"CLM-MESA-014","User":"CLM\\ops","EventID":1,"Image":"C:\\Program Files\\Google\\Chrome\\Application\\chrome.exe","ProcessGuid":"{DA4E89D3-5003-2026-CB58-FED57E3EA39B}","ProcessId":5894,"CommandLine":"C:\\Program Files\\Google\\Chrome\\Application\\chrome.exe","ParentImage":"C:\\Windows\\System32\\services.exe","ParentProcessGuid":"{F1C537CF-0D0D-2026-EA76-D776DFDF495E}","OriginalFileName":"C:\\Program Files\\Google\\Chrome\\Application\\chrome.exe"}
{"UtcTime":"2026-08-12 14:32:18.000","Computer":"CLM-MESA-014","User":"CLM\\ops","EventID":1,"Image":"C:\\Windows\\explorer.exe","ProcessGuid":"{0ADCEA15-C388-2026-91FC-06E9207A77F2}","ProcessId":2983,"CommandLine":"C:\\Windows\\explorer.exe","ParentImage":"C:\\Windows\\System32\\services.exe","ParentProcessGuid":"{931EC9BD-C024-2026-F710-42541EFCC623}","OriginalFileName":"C:\\Windows\\explorer.exe"}
{"UtcTime":"2026-08-12 14:32:19.000","Computer":"CLM-MESA-014","User":"CLM\\ops","EventID":1,"Image":"C:\\Program Files\\Google\\Chrome\\Application\\chrome.exe","ProcessGuid":"{E88DE01A-F72F-2026-FFA6-A397C735C503}","ProcessId":5237,"CommandLine":"C:\\Program Files\\Google\\Chrome\\Application\\chrome.exe","ParentImage":"C:\\Windows\\System32\\services.exe","ParentProcessGuid":"{D6D020D1-34C2-2026-C141-57E49550866E}","OriginalFileName":"C:\\Program Files\\Google\\Chrome\\Application\\chrome.exe"}
{"UtcTime":"2026-08-12 14:32:20.000","Computer":"CLM-MESA-014","User":"CLM\\mesa","EventID":1,"Image":"C:\\Program Files\\Google\\Chrome\\Application\\chrome.exe","ProcessGuid":"{096C34F0-47ED-2026-5263-6C8CF435F36F}","ProcessId":1371,"CommandLine":"C:\\Program Files\\Google\\Chrome\\Application\\chrome.exe","ParentImage":"C:\\Windows\\System32\\services.exe","ParentProcessGuid":"{C9E5346E-D616-2026-97F1-F1602F1E7C77}","OriginalFileName":"C:\\Program Files\\Google\\Chrome\\Application\\chrome.exe"}
{"UtcTime":"2026-08-12 14:32:21.000","Computer":"CLM-MESA-014","User":"CLM\\mesa","EventID":3,"Image":"C:\\Program Files\\Google\\Chrome\\Application\\chrome.exe","ProcessGuid":"{6A9FCBD1-43CE-2026-22F8-DF2C79881FBE}","ProcessId":1981,"DestinationIp":"8.8.8.8","DestinationPort":8080,"DestinationHostname":"ntp.clm.liquidacao","SourceIp":"10.70.30.14","Protocol":"tcp"}
{"UtcTime":"2026-08-12 14:32:22.000","Computer":"CLM-MESA-014","User":"CLM\\mesa","EventID":11,"Image":"C:\\Windows\\explorer.exe","ProcessGuid":"{DAFBC730-7DD7-2026-FFF6-8AE94F4ABDB8}","ProcessId":3318,"TargetFilename":"C:\\Users\\Public\\Temp\\mesa-1342.tmp"}
{"UtcTime":"2026-08-12 14:32:23.000","Computer":"CLM-MESA-014","User":"CLM\\backoffice","EventID":11,"Image":"C:\\Windows\\System32\\conhost.exe","ProcessGuid":"{CDB74F7A-9B1F-2026-35ED-65D375145043}","ProcessId":8699,"TargetFilename":"C:\\Users\\Public\\Temp\\mesa-1343.tmp"}
{"UtcTime":"2026-08-12 14:32:24.000","Computer":"CLM-MESA-014","User":"CLM\\backoffice","EventID":5,"Image":"C:\\Windows\\explorer.exe","ProcessGuid":"{49263A6F-BFE9-2026-3E30-05009CD4D18B}","ProcessId":3412,"EventType":"End"}
{"UtcTime":"2026-08-12 14:32:25.000","Computer":"CLM-MESA-014","User":"CLM\\ops","EventID":13,"Image":"C:\\Windows\\System32\\conhost.exe","ProcessGuid":"{003E5B1E-59D1-2026-A4C3-A45E9ED601E8}","ProcessId":4475,"EventType":"SetValue","TargetObject":"HKCU\\Software\\CLM\\Mesa\\Pref\\1345","Details":"1"}
{"UtcTime":"2026-08-12 14:32:26.000","Computer":"CLM-MESA-014","User":"CLM\\ops","EventID":1,"Image":"C:\\Windows\\System32\\conhost.exe","ProcessGuid":"{4C9A6895-357A-2026-6912-2B36AAB48B76}","ProcessId":4750,"CommandLine":"C:\\Windows\\System32\\conhost.exe","ParentImage":"C:\\Windows\\System32\\services.exe","ParentProcessGuid":"{267E58D1-B57F-2026-DA2F-69F95BCB19AC}","OriginalFileName":"C:\\Windows\\System32\\conhost.exe"}
{"UtcTime":"2026-08-12 14:32:27.000","Computer":"CLM-MESA-014","User":"CLM\\backoffice","EventID":13,"Image":"C:\\Windows\\System32\\RuntimeBroker.exe","ProcessGuid":"{5E673B18-1736-2026-E8BB-0ED2C623E584}","ProcessId":7264,"EventType":"SetValue","TargetObject":"HKCU\\Software\\CLM\\Mesa\\Pref\\1347","Details":"1"}
{"UtcTime":"2026-08-12 14:32:28.000","Computer":"CLM-MESA-014","User":"CLM\\ops","EventID":11,"Image":"C:\\Program Files\\Microsoft Office\\Office16\\EXCEL.EXE","ProcessGuid":"{BE7D9D66-C354-2026-439A-0A8082FBDA63}","ProcessId":6452,"TargetFilename":"C:\\Users\\Public\\Temp\\mesa-1348.tmp"}
{"UtcTime":"2026-08-12 14:32:29.000","Computer":"CLM-MESA-014","User":"CLM\\backoffice","EventID":1,"Image":"C:\\Program Files\\Google\\Chrome\\Application\\chrome.exe","ProcessGuid":"{2B859BB1-B895-2026-4208-47A94459A33E}","ProcessId":5488,"CommandLine":"C:\\Program Files\\Google\\Chrome\\Application\\chrome.exe","ParentImage":"C:\\Windows\\System32\\services.exe","ParentProcessGuid":"{9428C9BB-F5D5-2026-2FAD-CDE7EFC17E3F}","OriginalFileName":"C:\\Program Files\\Google\\Chrome\\Application\\chrome.exe"}
{"UtcTime":"2026-08-12 14:32:30.000","Computer":"CLM-MESA-014","User":"CLM\\mesa","EventID":1,"Image":"C:\\Windows\\System32\\RuntimeBroker.exe","ProcessGuid":"{DCD35A8A-CBDB-2026-B4DE-D68F56E219B5}","ProcessId":7789,"CommandLine":"C:\\Windows\\System32\\RuntimeBroker.exe","ParentImage":"C:\\Windows\\System32\\services.exe","ParentProcessGuid":"{95A8F691-A9DF-2026-162D-FE94167EF5BB}","OriginalFileName":"C:\\Windows\\System32\\RuntimeBroker.exe"}
{"UtcTime":"2026-08-12 14:32:31.000","Computer":"CLM-MESA-014","User":"CLM\\backoffice","EventID":1,"Image":"C:\\Windows\\System32\\conhost.exe","ProcessGuid":"{F91D0402-B9D6-2026-9561-37B16B326060}","ProcessId":5177,"CommandLine":"C:\\Windows\\System32\\conhost.exe","ParentImage":"C:\\Windows\\System32\\services.exe","ParentProcessGuid":"{4ADE333C-CFC5-2026-56A2-C5ECDF379899}","OriginalFileName":"C:\\Windows\\System32\\conhost.exe"}
{"UtcTime":"2026-08-12 14:32:32.000","Computer":"CLM-MESA-014","User":"CLM\\mesa","EventID":1,"Image":"C:\\Windows\\System32\\svchost.exe","ProcessGuid":"{62AB6A4D-1A33-2026-73CC-1387A5D596A7}","ProcessId":8423,"CommandLine":"C:\\Windows\\System32\\svchost.exe","ParentImage":"C:\\Windows\\System32\\services.exe","ParentProcessGuid":"{686F81AE-FCDD-2026-6CED-DF51F235180F}","OriginalFileName":"C:\\Windows\\System32\\svchost.exe"}
{"UtcTime":"2026-08-12 14:32:33.000","Computer":"CLM-MESA-014","User":"CLM\\backoffice","EventID":11,"Image":"C:\\Windows\\explorer.exe","ProcessGuid":"{040C418E-5683-2026-6E16-A7D0B37F972D}","ProcessId":3529,"TargetFilename":"C:\\Users\\Public\\Temp\\mesa-1353.tmp"}
{"UtcTime":"2026-08-12 14:32:34.000","Computer":"CLM-MESA-014","User":"CLM\\backoffice","EventID":3,"Image":"C:\\Windows\\System32\\svchost.exe","ProcessGuid":"{B2F570CD-5147-2026-4D72-67F3469211CD}","ProcessId":1290,"DestinationIp":"1.1.1.1","DestinationPort":8080,"DestinationHostname":"portal.clm.liquidacao","SourceIp":"10.70.30.14","Protocol":"tcp"}
{"UtcTime":"2026-08-12 14:32:35.000","Computer":"CLM-MESA-014","User":"CLM\\ops","EventID":5,"Image":"C:\\Windows\\System32\\svchost.exe","ProcessGuid":"{82B35CD9-7A90-2026-0467-D6529F38E7E0}","ProcessId":7096,"EventType":"End"}
{"UtcTime":"2026-08-12 14:32:36.000","Computer":"CLM-MESA-014","User":"CLM\\ops","EventID":11,"Image":"C:\\Program Files\\Microsoft Office\\Office16\\EXCEL.EXE","ProcessGuid":"{C487A423-8253-2026-FC50-5687CB0182CB}","ProcessId":5986,"TargetFilename":"C:\\Users\\Public\\Temp\\mesa-1356.tmp"}
{"UtcTime":"2026-08-12 14:32:37.000","Computer":"CLM-MESA-014","User":"CLM\\backoffice","EventID":1,"Image":"C:\\Windows\\System32\\conhost.exe","ProcessGuid":"{D47255D5-64D5-2026-4FAE-491BC849FCF3}","ProcessId":2541,"CommandLine":"C:\\Windows\\System32\\conhost.exe","ParentImage":"C:\\Windows\\System32\\services.exe","ParentProcessGuid":"{925B606B-2FBF-2026-D7FD-A7CC30899850}","OriginalFileName":"C:\\Windows\\System32\\conhost.exe"}
{"UtcTime":"2026-08-12 14:32:38.000","Computer":"CLM-MESA-014","User":"CLM\\ops","EventID":11,"Image":"C:\\Program Files\\Microsoft Office\\Office16\\EXCEL.EXE","ProcessGuid":"{C6824CF5-7F52-2026-32EF-5505E347C80F}","ProcessId":1052,"TargetFilename":"C:\\Users\\Public\\Temp\\mesa-1358.tmp"}
{"UtcTime":"2026-08-12 14:32:39.000","Computer":"CLM-MESA-014","User":"CLM\\ops","EventID":13,"Image":"C:\\Program Files\\Microsoft Office\\Office16\\EXCEL.EXE","ProcessGuid":"{2967B236-7D16-2026-D1E2-316A1C8D4FDB}","ProcessId":3535,"EventType":"SetValue","TargetObject":"HKCU\\Software\\CLM\\Mesa\\Pref\\1359","Details":"1"}
{"UtcTime":"2026-08-12 14:32:40.000","Computer":"CLM-MESA-014","User":"CLM\\ops","EventID":1,"Image":"C:\\Windows\\System32\\conhost.exe","ProcessGuid":"{DB4AEF33-BA89-2026-FA9A-75B87C5098E0}","ProcessId":4840,"CommandLine":"C:\\Windows\\System32\\conhost.exe","ParentImage":"C:\\Windows\\System32\\services.exe","ParentProcessGuid":"{1981953F-9759-2026-1758-854C8496A488}","OriginalFileName":"C:\\Windows\\System32\\conhost.exe"}
{"UtcTime":"2026-08-12 14:32:41.000","Computer":"CLM-MESA-014","User":"CLM\\ops","EventID":5,"Image":"C:\\Program Files\\Microsoft Office\\Office16\\EXCEL.EXE","ProcessGuid":"{599D6EE8-CD09-2026-C02F-F4B5BBBD9075}","ProcessId":3113,"EventType":"End"}
{"UtcTime":"2026-08-12 14:32:42.000","Computer":"CLM-MESA-014","User":"CLM\\backoffice","EventID":11,"Image":"C:\\Windows\\System32\\svchost.exe","ProcessGuid":"{FB79F645-27C6-2026-C3CD-AC3160B2575D}","ProcessId":2222,"TargetFilename":"C:\\Users\\Public\\Temp\\mesa-1362.tmp"}
{"UtcTime":"2026-08-12 14:32:43.000","Computer":"CLM-MESA-014","User":"CLM\\backoffice","EventID":3,"Image":"C:\\Program Files\\Microsoft Office\\Office16\\EXCEL.EXE","ProcessGuid":"{2F7864EC-1B9C-2026-9AAC-A10C0B856AC7}","ProcessId":7234,"DestinationIp":"10.70.30.8","DestinationPort":443,"DestinationHostname":"portal.clm.liquidacao","SourceIp":"10.70.30.14","Protocol":"tcp"}
{"UtcTime":"2026-08-12 14:32:44.000","Computer":"CLM-MESA-014","User":"CLM\\backoffice","EventID":5,"Image":"C:\\Windows\\System32\\conhost.exe","ProcessGuid":"{BAA2A453-74E3-2026-597E-795F86A88DBB}","ProcessId":8494,"EventType":"End"}
{"UtcTime":"2026-08-12 14:32:45.000","Computer":"CLM-MESA-014","User":"CLM\\backoffice","EventID":1,"Image":"C:\\Windows\\explorer.exe","ProcessGuid":"{867D9309-F6E4-2026-EF76-BF5D89F56DFF}","ProcessId":754,"CommandLine":"C:\\Windows\\explorer.exe","ParentImage":"C:\\Windows\\System32\\services.exe","ParentProcessGuid":"{B8072355-6987-2026-F536-41DAA8AE5CD1}","OriginalFileName":"C:\\Windows\\explorer.exe"}
{"UtcTime":"2026-08-12 14:32:46.000","Computer":"CLM-MESA-014","User":"CLM\\ops","EventID":1,"Image":"C:\\Windows\\System32\\RuntimeBroker.exe","ProcessGuid":"{82822279-2EBB-2026-36FF-F0BAC61133C1}","ProcessId":4486,"CommandLine":"C:\\Windows\\System32\\RuntimeBroker.exe","ParentImage":"C:\\Windows\\System32\\services.exe","ParentProcessGuid":"{3A7AC59B-0511-2026-99EE-4102FDDC557E}","OriginalFileName":"C:\\Windows\\System32\\RuntimeBroker.exe"}
{"UtcTime":"2026-08-12 14:32:47.000","Computer":"CLM-MESA-014","User":"CLM\\backoffice","EventID":3,"Image":"C:\\Windows\\System32\\conhost.exe","ProcessGuid":"{C6E965BE-5490-2026-B991-C9B0163FF96F}","ProcessId":690,"DestinationIp":"8.8.8.8","DestinationPort":8080,"DestinationHostname":"ntp.clm.liquidacao","SourceIp":"10.70.30.14","Protocol":"tcp"}
{"UtcTime":"2026-08-12 14:32:48.000","Computer":"CLM-MESA-014","User":"CLM\\mesa","EventID":13,"Image":"C:\\Windows\\explorer.exe","ProcessGuid":"{E2355C6E-97CD-2026-BEA3-B410473E6CC3}","ProcessId":4625,"EventType":"SetValue","TargetObject":"HKCU\\Software\\CLM\\Mesa\\Pref\\1368","Details":"1"}
{"UtcTime":"2026-08-12 14:32:49.000","Computer":"CLM-MESA-014","User":"CLM\\ops","EventID":1,"Image":"C:\\Windows\\System32\\svchost.exe","ProcessGuid":"{80C94CF7-A642-2026-2BF8-05A4419C8229}","ProcessId":8895,"CommandLine":"C:\\Windows\\System32\\svchost.exe","ParentImage":"C:\\Windows\\System32\\services.exe","ParentProcessGuid":"{50F426AF-0C34-2026-91AE-65F9B4EC50F1}","OriginalFileName":"C:\\Windows\\System32\\svchost.exe"}
{"UtcTime":"2026-08-12 14:32:50.000","Computer":"CLM-MESA-014","User":"CLM\\backoffice","EventID":5,"Image":"C:\\Windows\\explorer.exe","ProcessGuid":"{C415F4B9-A5B8-2026-0CDD-341BB728CE00}","ProcessId":8619,"EventType":"End"}
{"UtcTime":"2026-08-12 14:32:51.000","Computer":"CLM-MESA-014","User":"CLM\\backoffice","EventID":1,"Image":"C:\\Windows\\System32\\RuntimeBroker.exe","ProcessGuid":"{BF889E82-D9A3-2026-0AE5-34916F14226E}","ProcessId":6970,"CommandLine":"C:\\Windows\\System32\\RuntimeBroker.exe","ParentImage":"C:\\Windows\\System32\\services.exe","ParentProcessGuid":"{748104FB-FB17-2026-0918-0E60912356EF}","OriginalFileName":"C:\\Windows\\System32\\RuntimeBroker.exe"}
{"UtcTime":"2026-08-12 14:32:52.000","Computer":"CLM-MESA-014","User":"CLM\\ops","EventID":11,"Image":"C:\\Windows\\System32\\RuntimeBroker.exe","ProcessGuid":"{9E03622E-07E2-2026-A345-8933C58858C1}","ProcessId":3824,"TargetFilename":"C:\\Users\\Public\\Temp\\mesa-1372.tmp"}
{"UtcTime":"2026-08-12 14:32:53.000","Computer":"CLM-MESA-014","User":"CLM\\backoffice","EventID":1,"Image":"C:\\Windows\\explorer.exe","ProcessGuid":"{075DC362-08BB-2026-6FCF-DC26320D62AD}","ProcessId":3374,"CommandLine":"C:\\Windows\\explorer.exe","ParentImage":"C:\\Windows\\System32\\services.exe","ParentProcessGuid":"{07685FCC-C044-2026-7287-005AEBAEEB87}","OriginalFileName":"C:\\Windows\\explorer.exe"}
{"UtcTime":"2026-08-12 14:32:54.000","Computer":"CLM-MESA-014","User":"CLM\\mesa","EventID":11,"Image":"C:\\Program Files\\Microsoft Office\\Office16\\EXCEL.EXE","ProcessGuid":"{2F2205BF-067E-2026-7578-23314355ECEF}","ProcessId":7524,"TargetFilename":"C:\\Users\\Public\\Temp\\mesa-1374.tmp"}
{"UtcTime":"2026-08-12 14:32:55.000","Computer":"CLM-MESA-014","User":"CLM\\ops","EventID":3,"Image":"C:\\Windows\\System32\\conhost.exe","ProcessGuid":"{DF914E50-1C4C-2026-A657-F0FFE84CEDD2}","ProcessId":7009,"DestinationIp":"10.70.30.8","DestinationPort":135,"DestinationHostname":"portal.clm.liquidacao","SourceIp":"10.70.30.14","Protocol":"tcp"}
{"UtcTime":"2026-08-12 14:32:56.000","Computer":"CLM-MESA-014","User":"CLM\\backoffice","EventID":5,"Image":"C:\\Windows\\System32\\svchost.exe","ProcessGuid":"{92D9C81B-3DDF-2026-C154-84A3B0246978}","ProcessId":7397,"EventType":"End"}
