{"UtcTime":"2026-08-12 14:53:26.000","Computer":"CLM-MESA-014","User":"CLM\\backoffice","EventID":3,"Image":"C:\\Windows\\System32\\svchost.exe","ProcessGuid":"{468A5AE3-2E9B-2026-0902-5E77B7DD7B25}","ProcessId":2923,"DestinationIp":"10.70.30.1","DestinationPort":53,"DestinationHostname":"ntp.clm.liquidacao","SourceIp":"10.70.30.14","Protocol":"tcp"}
{"UtcTime":"2026-08-12 14:53:27.000","Computer":"CLM-MESA-014","User":"CLM\\backoffice","EventID":13,"Image":"C:\\Windows\\System32\\conhost.exe","ProcessGuid":"{45BE40EB-9042-2026-5439-1E4FE8007ADC}","ProcessId":1605,"EventType":"SetValue","TargetObject":"HKCU\\Software\\CLM\\Mesa\\Pref\\2607","Details":"1"}
{"UtcTime":"2026-08-12 14:53:28.000","Computer":"CLM-MESA-014","User":"CLM\\ops","EventID":11,"Image":"C:\\Windows\\System32\\svchost.exe","ProcessGuid":"{7505C27D-D9F4-2026-9A74-E8AE9280B2DC}","ProcessId":8229,"TargetFilename":"C:\\Users\\Public\\Temp\\mesa-2608.tmp"}
{"UtcTime":"2026-08-12 14:53:29.000","Computer":"CLM-MESA-014","User":"CLM\\backoffice","EventID":1,"Image":"C:\\Windows\\System32\\svchost.exe","ProcessGuid":"{2374E6B4-393A-2026-55D3-1E68A4E984D2}","ProcessId":3177,"CommandLine":"C:\\Windows\\System32\\svchost.exe","ParentImage":"C:\\Windows\\System32\\services.exe","ParentProcessGuid":"{82E20090-B121-2026-4FC7-12E3AAAB395F}","OriginalFileName":"C:\\Windows\\System32\\svchost.exe"}
{"UtcTime":"2026-08-12 14:53:30.000","Computer":"CLM-MESA-014","User":"CLM\\backoffice","EventID":5,"Image":"C:\\Windows\\explorer.exe","ProcessGuid":"{E6B300B6-7BC0-2026-2239-61A5BD9A4D88}","ProcessId":4876,"EventType":"End"}
{"UtcTime":"2026-08-12 14:53:31.000","Computer":"CLM-MESA-014","User":"CLM\\ops","EventID":11,"Image":"C:\\Program Files\\Microsoft Office\\Office16\\EXCEL.EXE","ProcessGuid":"{949CF2B2-A964-2026-D3EB-61E17FE99C67}","ProcessId":5912,"TargetFilename":"C:\\Users\\Public\\Temp\\mesa-2611.tmp"}
{"UtcTime":"2026-08-12 14:53:32.000","Computer":"CLM-MESA-014","User":"CLM\\mesa","EventID":13,"Image":"C:\\Program Files\\Google\\Chrome\\Application\\chrome.exe","ProcessGuid":"{153453C2-A9C7-2026-3799-F4BC69CCE859}","ProcessId":7506,"EventType":"SetValue","TargetObject":"HKCU\\Software\\CLM\\Mesa\\Pref\\2612","Details":"1"}
{"UtcTime":"2026-08-12 14:53:33.000","Computer":"CLM-MESA-014","User":"CLM\\ops","EventID":5,"Image":"C:\\Program Files\\Google\\Chrome\\Application\\chrome.exe","ProcessGuid":"{EE7E7AC5-1D0E-2026-DE94-F7E24E920C09}","ProcessId":8491,"EventType":"End"}
{"UtcTime":"2026-08-12 14:53:34.000","Computer":"CLM-MESA-014","User":"CLM\\backoffice","EventID":3,"Image":"C:\\Windows\\System32\\conhost.exe","ProcessGuid":"{EDD9EB79-1977-2026-8630-55EF69660610}","ProcessId":6841,"DestinationIp":"10.70.30.1","DestinationPort":53,"DestinationHostname":"ntp.clm.liquidacao","SourceIp":"10.70.30.14","Protocol":"tcp"}
{"UtcTime":"2026-08-12 14:53:35.000","Computer":"CLM-MESA-014","User":"CLM\\backoffice","EventID":11,"Image":"C:\\Windows\\explorer.exe","ProcessGuid":"{7E1897B8-E07F-2026-DCAF-D5E04A11CBDE}","ProcessId":1730,"TargetFilename":"C:\\Users\\Public\\Temp\\mesa-2615.tmp"}
{"UtcTime":"2026-08-12 14:53:36.000","Computer":"CLM-MESA-014","User":"CLM\\mesa","EventID":13,"Image":"C:\\Windows\\System32\\svchost.exe","ProcessGuid":"{8D571971-1C90-2026-1E62-DE57CC51AACA}","ProcessId":1541,"EventType":"SetValue","TargetObject":"HKCU\\Software\\CLM\\Mesa\\Pref\\2616","Details":"1"}
{"UtcTime":"2026-08-12 14:53:37.000","Computer":"CLM-MESA-014","User":"CLM\\ops","EventID":1,"Image":"C:\\Windows\\System32\\RuntimeBroker.exe","ProcessGuid":"{1A49BC0F-6A39-2026-6395-2CA1CEC9AAC1}","ProcessId":5562,"CommandLine":"C:\\Windows\\System32\\RuntimeBroker.exe","ParentImage":"C:\\Windows\\System32\\services.exe","ParentProcessGuid":"{1FF01CF0-F2D6-2026-C651-27E15AB97300}","OriginalFileName":"C:\\Windows\\System32\\RuntimeBroker.exe"}
{"UtcTime":"2026-08-12 14:53:38.000","Computer":"CLM-MESA-014","User":"CLM\\mesa","EventID":1,"Image":"C:\\Windows\\System32\\conhost.exe","ProcessGuid":"{E3A3D335-EAC0-2026-1C08-7775E3EE40DB}","ProcessId":6723,"CommandLine":"C:\\Windows\\System32\\conhost.exe","ParentImage":"C:\\Windows\\System32\\services.exe","ParentProcessGuid":"{3C825C7C-DAB2-2026-5986-0AD819EBC810}","OriginalFileName":"C:\\Windows\\System32\\conhost.exe"}
{"UtcTime":"2026-08-12 14:53:39.000","Computer":"CLM-MESA-014","User":"CLM\\backoffice","EventID":11,"Image":"C:\\Windows\\System32\\RuntimeBroker.exe","ProcessGuid":"{E78E73CF-B40F-2026-0991-6E36F7FF9DDE}","ProcessId":2512,"TargetFilename":"C:\\Users\\Public\\Temp\\mesa-2619.tmp"}
{"UtcTime":"2026-08-12 14:53:40.000","Computer":"CLM-MESA-014","User":"CLM\\mesa","EventID":1,"Image":"C:\\Windows\\explorer.exe","ProcessGuid":"{3F3EFB4B-2073-2026-C3FE-E321A39F9DE0}","ProcessId":1070,"CommandLine":"C:\\Windows\\explorer.exe","ParentImage":"C:\\Windows\\System32\\services.exe","ParentProcessGuid":"{D87B4107-CBB8-2026-4C66-2D56407248F1}","OriginalFileName":"C:\\Windows\\explorer.exe"}
{"UtcTime":"2026-08-12 14:53:41.000","Computer":"CLM-MESA-014","User":"CLM\\mesa","EventID":3,"Image":"C:\\Program Files\\Microsoft Office\\Office16\\EXCEL.EXE","ProcessGuid":"{2ABA3344-33AD-2026-5C1D-B50D3D5B8DE8}","ProcessId":7985,"DestinationIp":"8.8.8.8","DestinationPort":135,"DestinationHostname":"portal.clm.liquidacao","SourceIp":"10.70.30.14","Protocol":"tcp"}
{"UtcTime":"2026-08-12 14:53:42.000","Computer":"CLM-MESA-014","User":"CLM\\ops","EventID":1,"Image":"C:\\Windows\\System32\\RuntimeBroker.exe","ProcessGuid":"{AAB24859-83EB-2026-1654-9C41FEE0F32F}","ProcessId":6773,"CommandLine":"C:\\Windows\\System32\\RuntimeBroker.exe","ParentImage":"C:\\Windows\\System32\\services.exe","ParentProcessGuid":"{C81FF638-0815-2026-E54C-054309EB0BD1}","OriginalFileName":"C:\\Windows\\System32\\RuntimeBroker.exe"}
{"UtcTime":"2026-08-12 14:53:43.000","Computer":"CLM-MESA-014","User":"CLM\\mesa","EventID":3,"Image":"C:\\Windows\\System32\\svchost.exe","ProcessGuid":"{03FFAA6E-BDFC-2026-C8B0-15613856F2D1}","ProcessId":3897,"DestinationIp":"10.70.30.8","DestinationPort":135,"DestinationHostname":"portal.clm.liquidacao","SourceIp":"10.70.30.14","Protocol":"tcp"}
{"UtcTime":"2026-08-12 14:53:44.000","Computer":"CLM-MESA-014","User":"CLM\\ops","EventID":11,"Image":"C:\\Windows\\System32\\svchost.exe","ProcessGuid":"{DCA25EE5-BC61-2026-4842-7D0114792514}","ProcessId":5669,"TargetFilename":"C:\\Users\\Public\\Temp\\mesa-2624.tmp"}
{"UtcTime":"2026-08-12 14:53:45.000","Computer":"CLM-MESA-014","User":"CLM\\mesa","EventID":1,"Image":"C:\\Windows\\explorer.exe","ProcessGuid":"{699656F4-AD85-2026-09AB-7FF2998F63A1}","ProcessId":5400,"CommandLine":"C:\\Windows\\explorer.exe","ParentImage":"C:\\Windows\\System32\\services.exe","ParentProcessGuid":"{84B34553-C1D2-2026-FDA0-6B535ECE594C}","OriginalFileName":"C:\\Windows\\explorer.exe"}
{"UtcTime":"2026-08-12 14:53:46.000","Computer":"CLM-MESA-014","User":"CLM\\mesa","EventID":13,"Image":"C:\\Windows\\System32\\RuntimeBroker.exe","ProcessGuid":"{255382E5-8622-2026-D5B7-A6FC82EE0849}","ProcessId":7876,"EventType":"SetValue","TargetObject":"HKCU\\Software\\CLM\\Mesa\\Pref\\2626","Details":"1"}
{"UtcTime":"2026-08-12 14:53:47.000","Computer":"CLM-MESA-014","User":"CLM\\mesa","EventID":1,"Image":"C:\\Program Files\\Microsoft Office\\Office16\\EXCEL.EXE","ProcessGuid":"{0A504AD0-621A-2026-C198-772AE562DC5B}","ProcessId":5546,"CommandLine":"C:\\Program Files\\Microsoft Office\\Office16\\EXCEL.EXE","ParentImage":"C:\\Windows\\System32\\services.exe","ParentProcessGuid":"{BEFED88F-4C72-2026-1DC7-2A67E4714CC2}","OriginalFileName":"C:\\Program Files\\Microsoft Office\\Office16\\EXCEL.EXE"}
{"UtcTime":"2026-08-12 14:53:48.000","Computer":"CLM-MESA-014","User":"CLM\\ops","EventID":5,"Image":"C:\\Windows\\System32\\conhost.exe","ProcessGuid":"{E7CE6D04-668D-2026-E937-9B966515456B}","ProcessId":1165,"EventType":"End"}
{"UtcTime":"2026-08-12 14:53:49.000","Computer":"CLM-MESA-014","User":"CLM\\mesa","EventID":13,"Image":"C:\\Windows\\System32\\svchost.exe","ProcessGuid":"{AE5337C9-97E3-2026-C764-F2827B581470}","ProcessId":6529,"EventType":"SetValue","TargetObject":"HKCU\\Software\\CLM\\Mesa\\Pref\\2629","Details":"1"}
{"UtcTime":"2026-08-12 14:53:50.000","Computer":"CLM-MESA-014","User":"CLM\\ops","EventID":1,"Image":"C:\\Program Files\\Google\\Chrome\\Application\\chrome.exe","ProcessGuid":"{2D276DDF-E530-2026-0A6B-50D6EB884DCF}","ProcessId":783,"CommandLine":"C:\\Program Files\\Google\\Chrome\\Application\\chrome.exe","ParentImage":"C:\\Windows\\System32\\services.exe","ParentProcessGuid":"{6634F726-5F84-2026-CCB9-32E58F86DE81}","OriginalFileName":"C:\\Program Files\\Google\\Chrome\\Application\\chrome.exe"}
{"UtcTime":"2026-08-12 14:53:51.000","Computer":"CLM-MESA-014","User":"CLM\\mesa","EventID":13,"Image":"C:\\Windows\\System32\\RuntimeBroker.exe","ProcessGuid":"{8E3729ED-E225-2026-C578-26C867422D12}","ProcessId":976,"EventType":"SetValue","TargetObject":"HKCU\\Software\\CLM\\Mesa\\Pref\\2631","Details":"1"}
{"UtcTime":"2026-08-12 14:53:52.000","Computer":"CLM-MESA-014","User":"CLM\\backoffice","EventID":1,"Image":"C:\\Windows\\explorer.exe","ProcessGuid":"{CD26369C-A370-2026-F48C-088493E42C48}","ProcessId":2476,"CommandLine":"C:\\Windows\\explorer.exe","ParentImage":"C:\\Windows\\System32\\services.exe","ParentProcessGuid":"{84FA210E-AAEB-2026-428C-13CA5D477C7C}","OriginalFileName":"C:\\Windows\\explorer.exe"}
{"UtcTime":"2026-08-12 14:53:53.000","Computer":"CLM-MESA-014","User":"CLM\\mesa","EventID":5,"Image":"C:\\Windows\\System32\\conhost.exe","ProcessGuid":"{B29C1E10-9D1C-2026-651D-14DF5F410536}","ProcessId":2385,"EventType":"End"}
{"UtcTime":"2026-08-12 14:53:54.000","Computer":"CLM-MESA-014","User":"CLM\\mesa","EventID":3,"Image":"C:\\Windows\\System32\\svchost.exe","ProcessGuid":"{8D78ED66-4392-2026-254F-9882B2AADE48}","ProcessId":5399,"DestinationIp":"10.70.30.8","DestinationPort":135,"DestinationHostname":"ntp.clm.liquidacao","SourceIp":"10.70.30.14","Protocol":"tcp"}
{"UtcTime":"2026-08-12 14:53:55.000","Computer":"CLM-MESA-014","User":"CLM\\ops","EventID":1,"Image":"C:\\Windows\\explorer.exe","ProcessGuid":"{B85E4C24-43F8-2026-BC01-0BC3FA99338F}","ProcessId":3054,"CommandLine":"C:\\Windows\\explorer.exe","ParentImage":"C:\\Windows\\System32\\services.exe","ParentProcessGuid":"{6F454F8C-E321-2026-8D78-11E7298A7E58}","OriginalFileName":"C:\\Windows\\explorer.exe"}
{"UtcTime":"2026-08-12 14:53:56.000","Computer":"CLM-MESA-014","User":"CLM\\mesa","EventID":3,"Image":"C:\\Windows\\System32\\svchost.exe","ProcessGuid":"{4BA4D368-9C34-2026-CDC8-906A510093BD}","ProcessId":1739,"DestinationIp":"1.1.1.1","DestinationPort":135,"DestinationHostname":"ntp.clm.liquidacao","SourceIp":"10.70.30.14","Protocol":"tcp"}
{"UtcTime":"2026-08-12 14:53:57.000","Computer":"CLM-MESA-014","User":"CLM\\backoffice","EventID":1,"Image":"C:\\Windows\\System32\\RuntimeBroker.exe","ProcessGuid":"{F92366DF-638F-2026-00C2-68E9DB5F4B98}","ProcessId":5258,"CommandLine":"C:\\Windows\\System32\\RuntimeBroker.exe","ParentImage":"C:\\Windows\\System32\\services.exe","ParentProcessGuid":"{0EAFBB66-94A4-2026-5A02-303B5BE4EC87}","OriginalFileName":"C:\\Windows\\System32\\RuntimeBroker.exe"}
{"UtcTime":"2026-08-12 14:53:58.000","Computer":"CLM-MESA-014","User":"CLM\\backoffice","EventID":1,"Image":"C:\\Program Files\\Google\\Chrome\\Application\\chrome.exe","ProcessGuid":"{2F1F3D75-33B5-2026-1306-E2BF0DC2C923}","ProcessId":876,"CommandLine":"C:\\Program Files\\Google\\Chrome\\Application\\chrome.exe","ParentImage":"C:\\Windows\\System32\\services.exe","ParentProcessGuid":"{D320394A-5337-2026-DBD7-4D60222398C0}","OriginalFileName":"C:\\Program Files\\Google\\Chrome\\Application\\chrome.exe"}
{"UtcTime":"2026-08-12 14:53:59.000","Computer":"CLM-MESA-014","User":"CLM\\mesa","EventID":3,"Image":"C:\\Program Files\\Google\\Chrome\\Application\\chrome.exe","ProcessGuid":"{A1ECC7F2-3506-2026-79A5-57A694CB2A29}","ProcessId":8181,"DestinationIp":"8.8.8.8","DestinationPort":8080,"DestinationHostname":"portal.clm.liquidacao","SourceIp":"10.70.30.14","Protocol":"tcp"}
{"UtcTime":"2026-08-12 14:54:00.000","Computer":"CLM-MESA-014","User":"CLM\\mesa","EventID":13,"Image":"C:\\Windows\\System32\\conhost.exe","ProcessGuid":"{E2CD6BCD-8879-2026-E514-DBFE15373BF2}","ProcessId":6505,"EventType":"SetValue","TargetObject":"HKCU\\Software\\CLM\\Mesa\\Pref\\2640","Details":"1"}
{"UtcTime":"2026-08-12 14:54:01.000","Computer":"CLM-MESA-014","User":"CLM\\ops","EventID":3,"Image":"C:\\Windows\\System32\\conhost.exe","ProcessGuid":"{DEC63294-F201-2026-A6A9-D9160B4EF541}","ProcessId":4223,"DestinationIp":"10.70.30.1","DestinationPort":53,"DestinationHostname":"ntp.clm.liquidacao","SourceIp":"10.70.30.14","Protocol":"tcp"}
{"UtcTime":"2026-08-12 14:54:02.000","Computer":"CLM-MESA-014","User":"CLM\\ops","EventID":1,"Image":"C:\\Program Files\\Microsoft Office\\Office16\\EXCEL.EXE","ProcessGuid":"{0BEF0821-C1F6-2026-99D7-D0DA0FC29713}","ProcessId":3078,"CommandLine":"C:\\Program Files\\Microsoft Office\\Office16\\EXCEL.EXE","ParentImage":"C:\\Windows\\System32\\services.exe","ParentProcessGuid":"{06E48D98-C33C-2026-7E98-195DEF433368}","OriginalFileName":"C:\\Program Files\\Microsoft Office\\Office16\\EXCEL.EXE"}
{"UtcTime":"2026-08-12 14:54:03.000","Computer":"CLM-MESA-014","User":"CLM\\ops","EventID":1,"Image":"C:\\Program Files\\Microsoft Office\\Office16\\EXCEL.EXE","ProcessGuid":"{2882C5BC-E9F9-2026-200A-FD66EC56CD85}","ProcessId":8879,"CommandLine":"C:\\Program Files\\Microsoft Office\\Office16\\EXCEL.EXE","ParentImage":"C:\\Windows\\System32\\services.exe","ParentProcessGuid":"{DEC3CE18-B3DE-2026-42BA-6462805F5E74}","OriginalFileName":"C:\\Program Files\\Microsoft Office\\Office16\\EXCEL.EXE"}
{"UtcTime":"2026-08-12 14:54:04.000","Computer":"CLM-MESA-014","User":"CLM\\ops","EventID":13,"Image":"C:\\Windows\\System32\\conhost.exe","ProcessGuid":"{C2EBDCF5-9ACD-2026-C663-5C3DE0DCCCFF}","ProcessId":775,"EventType":"SetValue","TargetObject":"HKCU\\Software\\CLM\\Mesa\\Pref\\2644","Details":"1"}
{"UtcTime":"2026-08-12 14:54:05.000","Computer":"CLM-MESA-014","User":"CLM\\mesa","EventID":1,"Image":"C:\\Windows\\System32\\RuntimeBroker.exe","ProcessGuid":"{13413921-61E2-2026-208C-0D315B01C4DC}","ProcessId":2180,"CommandLine":"C:\\Windows\\System32\\RuntimeBroker.exe","ParentImage":"C:\\Windows\\System32\\services.exe","ParentProcessGuid":"{E677F4FA-A086-2026-86CE-D8EFADC56F9F}","OriginalFileName":"C:\\Windows\\System32\\RuntimeBroker.exe"}
{"UtcTime":"2026-08-12 14:54:06.000","Computer":"CLM-MESA-014","User":"CLM\\mesa","EventID":13,"Image":"C:\\Windows\\System32\\RuntimeBroker.exe","ProcessGuid":"{1B5FF4B0-0FFD-2026-A987-D5D5C8111347}","ProcessId":8263,"EventType":"SetValue","TargetObject":"HKCU\\Software\\CLM\\Mesa\\Pref\\2646","Details":"1"}
{"UtcTime":"2026-08-12 14:54:07.000","Computer":"CLM-MESA-014","User":"CLM\\backoffice","EventID":1,"Image":"C:\\Program Files\\Google\\Chrome\\Application\\chrome.exe","ProcessGuid":"{D981BB80-F7D1-2026-EBCC-BEC1B905CF5C}","ProcessId":1087,"CommandLine":"C:\\Program Files\\Google\\Chrome\\Application\\chrome.exe","ParentImage":"C:\\Windows\\System32\\services.exe","ParentProcessGuid":"{A6DD07F4-B369-2026-888D-90FA6F2D967E}","OriginalFileName":"C:\\Program Files\\Google\\Chrome\\Application\\chrome.exe"}
{"UtcTime":"2026-08-12 14:54:08.000","Computer":"CLM-MESA-014","User":"CLM\\backoffice","EventID":1,"Image":"C:\\Program Files\\Microsoft Office\\Office16\\EXCEL.EXE","ProcessGuid":"{69341ED3-C7E2-2026-7458-A9F9490CF5F8}","ProcessId":3945,"CommandLine":"C:\\Program Files\\Microsoft Office\\Office16\\EXCEL.EXE","ParentImage":"C:\\Windows\\System32\\services.exe","ParentProcessGuid":"{AC9839F9-5FC4-2026-A94C-4DCE9DB374AE}","OriginalFileName":"C:\\Program Files\\Microsoft Office\\Office16\\EXCEL.EXE"}
{"UtcTime":"2026-08-12 14:54:09.000","Computer":"CLM-MESA-014","User":"CLM\\mesa","EventID":1,"Image":"C:\\Windows\\System32\\svchost.exe","ProcessGuid":"{241A4107-96BB-2026-B63A-C65F125B2EFE}","ProcessId":6362,"CommandLine":"C:\\Windows\\System32\\svchost.exe","ParentImage":"C:\\Windows\\System32\\services.exe","ParentProcessGuid":"{F821E2D6-4EE5-2026-6D38-4292F1B7A15E}","OriginalFileName":"C:\\Windows\\System32\\svchost.exe"}
{"UtcTime":"2026-08-12 14:54:10.000","Computer":"CLM-MESA-014","User":"CLM\\backoffice","EventID":11,"Image":"C:\\Windows\\System32\\conhost.exe","ProcessGuid":"{8D22918B-9B34-2026-9264-938E88F0126F}","ProcessId":6971,"TargetFilename":"C:\\Users\\Public\\Temp\\mesa-2650.tmp"}
{"UtcTime":"2026-08-12 14:54:11.000","Computer":"CLM-MESA-014","User":"CLM\\ops","EventID":13,"Image":"C:\\Program Files\\Google\\Chrome\\Application\\chrome.exe","ProcessGuid":"{59A898DE-7A71-2026-D010-9FBAB3090DE4}","ProcessId":1912,"EventType":"SetValue","TargetObject":"HKCU\\Software\\CLM\\Mesa\\Pref\\2651","Details":"1"}
{"UtcTime":"2026-08-12 14:54:12.000","Computer":"CLM-MESA-014","User":"CLM\\ops","EventID":13,"Image":"C:\\Windows\\System32\\conhost.exe","ProcessGuid":"{5704C405-1D82-2026-F937-CC09B4AA9CE5}","ProcessId":6317,"EventType":"SetValue","TargetObject":"HKCU\\Software\\CLM\\Mesa\\Pref\\2652","Details":"1"}
{"UtcTime":"2026-08-12 14:54:13.000","Computer":"CLM-MESA-014","User":"CLM\\ops","EventID":1,"Image":"C:\\Windows\\System32\\RuntimeBroker.exe","ProcessGuid":"{94674E16-8729-2026-2CD5-29EBCD89921D}","ProcessId":3732,"CommandLine":"C:\\Windows\\System32\\RuntimeBroker.exe","ParentImage":"C:\\Windows\\System32\\services.exe","ParentProcessGuid":"{38915F7F-AFFD-2026-C3BC-80F55B834642}","OriginalFileName":"C:\\Windows\\System32\\RuntimeBroker.exe"}
{"UtcTime":"2026-08-12 14:54:14.000","Computer":"CLM-MESA-014","User":"CLM\\mesa","EventID":11,"Image":"C:\\Windows\\System32\\svchost.exe","ProcessGuid":"{DE9C741B-F40A-2026-AEC0-1F98DDAC4783}","ProcessId":934,"TargetFilename":"C:\\Users\\Public\\Temp\\mesa-2654.tmp"}
{"UtcTime":"2026-08-12 14:54:15.000","Computer":"CLM-MESA-014","User":"CLM\\mesa","EventID":13,"Image":"C:\\Program Files\\Microsoft Office\\Office16\\EXCEL.EXE","ProcessGuid":"{26610160-86A9-2026-88C3-FAFEA3617772}","ProcessId":3956,"EventType":"SetValue","TargetObject":"HKCU\\Software\\CLM\\Mesa\\Pref\\2655","Details":"1"}
{"UtcTime":"2026-08-12 14:54:16.000","Computer":"CLM-MESA-014","User":"CLM\\mesa","EventID":11,"Image":"C:\\Program Files\\Google\\Chrome\\Application\\chrome.exe","ProcessGuid":"{AF9D6F34-397F-2026-8379-C87000832944}","ProcessId":6859,"TargetFilename":"C:\\Users\\Public\\Temp\\mesa-2656.tmp"}
{"UtcTime":"2026-08-12 14:54:17.000","Computer":"CLM-MESA-014","User":"CLM\\mesa","EventID":1,"Image":"C:\\Program Files\\Microsoft Office\\Office16\\EXCEL.EXE","ProcessGuid":"{BDF0DD47-97BA-2026-6A55-CF2839801095}","ProcessId":6628,"CommandLine":"C:\\Program Files\\Microsoft Office\\Office16\\EXCEL.EXE","ParentImage":"C:\\Windows\\System32\\services.exe","ParentProcessGuid":"{E19D7B30-179C-2026-E8F3-DB0447D4E705}","OriginalFileName":"C:\\Program Files\\Microsoft Office\\Office16\\EXCEL.EXE"}
{"UtcTime":"2026-08-12 14:54:18.000","Computer":"CLM-MESA-014","User":"CLM\\mesa","EventID":1,"Image":"C:\\Windows\\System32\\svchost.exe","ProcessGuid":"{7B1C1A42-DEBC-2026-FA9A-C6CEF56AF89D}","ProcessId":518,"CommandLine":"C:\\Windows\\System32\\svchost.exe","ParentImage":"C:\\Windows\\System32\\services.exe","ParentProcessGuid":"{E1F406E6-E538-2026-DAA0-567CB4CA43B5}","OriginalFileName":"C:\\Windows\\System32\\svchost.exe"}
{"UtcTime":"2026-08-12 14:54:19.000","Computer":"CLM-MESA-014","User":"CLM\\backoffice","EventID":13,"Image":"C:\\Windows\\System32\\conhost.exe","ProcessGuid":"{6798C5B7-21C7-2026-30F0-78EE3857D673}","ProcessId":2515,"EventType":"SetValue","TargetObject":"HKCU\\Software\\CLM\\Mesa\\Pref\\2659","Details":"1"}
{"UtcTime":"2026-08-12 14:54:20.000","Computer":"CLM-MESA-014","User":"CLM\\backoffice","EventID":13,"Image":"C:\\Program Files\\Microsoft Office\\Office16\\EXCEL.EXE","ProcessGuid":"{ADA0FD5D-F183-2026-5C72-51089D3E5BCE}","ProcessId":1892,"EventType":"SetValue","TargetObject":"HKCU\\Software\\CLM\\Mesa\\Pref\\2660","Details":"1"}
{"UtcTime":"2026-08-12 14:54:21.000","Computer":"CLM-MESA-014","User":"CLM\\mesa","EventID":3,"Image":"C:\\Windows\\System32\\conhost.exe","ProcessGuid":"{8140DF9D-8767-2026-7569-B237571EB3F4}","ProcessId":2771,"DestinationIp":"1.1.1.1","DestinationPort":135,"DestinationHostname":"ntp.clm.liquidacao","SourceIp":"10.70.30.14","Protocol":"tcp"}
{"UtcTime":"2026-08-12 14:54:22.000","Computer":"CLM-MESA-014","User":"CLM\\backoffice","EventID":11,"Image":"C:\\Windows\\System32\\svchost.exe","ProcessGuid":"{7FFA0FD2-2F02-2026-4558-626D87C04150}","ProcessId":4153,"TargetFilename":"C:\\Users\\Public\\Temp\\mesa-2662.tmp"}
{"UtcTime":"2026-08-12 14:54:23.000","Computer":"CLM-MESA-014","User":"CLM\\ops","EventID":1,"Image":"C:\\Program Files\\Microsoft Office\\Office16\\EXCEL.EXE","ProcessGuid":"{DF453058-0049-2026-06AE-7EDD0C684D1E}","ProcessId":8166,"CommandLine":"C:\\Program Files\\Microsoft Office\\Office16\\EXCEL.EXE","ParentImage":"C:\\Windows\\System32\\services.exe","ParentProcessGuid":"{000CB286-635E-2026-B2A9-D09BA5BE79AA}","OriginalFileName":"C:\\Program Files\\Microsoft Office\\Office16\\EXCEL.EXE"}
{"UtcTime":"2026-08-12 14:54:24.000","Computer":"CLM-MESA-014","User":"CLM\\backoffice","EventID":1,"Image":"C:\\Windows\\explorer.exe","ProcessGuid":"{41F3F8D7-13C9-2026-CA77-85FC324B7957}","ProcessId":5376,"CommandLine":"C:\\Windows\\explorer.exe","ParentImage":"C:\\Windows\\System32\\services.exe","ParentProcessGuid":"{F0774E67-2A3C-2026-E5C5-B37BD528379B}","OriginalFileName":"C:\\Windows\\explorer.exe"}
{"UtcTime":"2026-08-12 14:54:25.000","Computer":"CLM-MESA-014","User":"CLM\\ops","EventID":1,"Image":"C:\\Windows\\explorer.exe","ProcessGuid":"{B0F5D5A0-16A8-2026-7BB6-2D60412B65D0}","ProcessId":5919,"CommandLine":"C:\\Windows\\explorer.exe","ParentImage":"C:\\Windows\\System32\\services.exe","ParentProcessGuid":"{5C3AE26E-A5CD-2026-9BB3-20AE35354187}","OriginalFileName":"C:\\Windows\\explorer.exe"}
{"UtcTime":"2026-08-12 14:54:26.000","Computer":"CLM-MESA-014","User":"CLM\\backoffice","EventID":3,"Image":"C:\\Windows\\System32\\conhost.exe","ProcessGuid":"{07A8328F-408C-2026-2C57-8F2862ECFE4D}","ProcessId":8384,"DestinationIp":"10.70.30.1","DestinationPort":8080,"DestinationHostname":"ntp.clm.liquidacao","SourceIp":"10.70.30.14","Protocol":"tcp"}
{"UtcTime":"2026-08-12 14:54:27.000","Computer":"CLM-MESA-014","User":"CLM\\mesa","EventID":13,"Image":"C:\\Windows\\explorer.exe","ProcessGuid":"{3AC2599F-4A78-2026-A648-B4E1DE145A63}","ProcessId":2645,"EventType":"SetValue","TargetObject":"HKCU\\Software\\CLM\\Mesa\\Pref\\2667","Details":"1"}
{"UtcTime":"2026-08-12 14:54:28.000","Computer":"CLM-MESA-014","User":"CLM\\mesa","EventID":11,"Image":"C:\\Program Files\\Microsoft Office\\Office16\\EXCEL.EXE","ProcessGuid":"{3DF8D73D-32F1-2026-5ACF-1DBBD0F2EE57}","ProcessId":8443,"TargetFilename":"C:\\Users\\Public\\Temp\\mesa-2668.tmp"}
{"UtcTime":"2026-08-12 14:54:29.000","Computer":"CLM-MESA-014","User":"CLM\\backoffice","EventID":1,"Image":"C:\\Windows\\explorer.exe","ProcessGuid":"{D38CB984-06E2-2026-E76A-44A5A452049E}","ProcessId":3673,"CommandLine":"C:\\Windows\\explorer.exe","ParentImage":"C:\\Windows\\System32\\services.exe","ParentProcessGuid":"{BF4E5303-9066-2026-FE06-BCD1B0CB15E5}","OriginalFileName":"C:\\Windows\\explorer.exe"}
{"UtcTime":"2026-08-12 14:54:30.000","Computer":"CLM-MESA-014","User":"CLM\\ops","EventID":1,"Image":"C:\\Program Files\\Google\\Chrome\\Application\\chrome.exe","ProcessGuid":"{BFCEC895-087B-2026-4A61-D3129476CC8B}","ProcessId":8586,"CommandLine":"C:\\Program Files\\Google\\Chrome\\Application\\chrome.exe","ParentImage":"C:\\Windows\\System32\\services.exe","ParentProcessGuid":"{F3B8705F-F9B5-2026-1377-916C1B01CD7F}","OriginalFileName":"C:\\Program Files\\Google\\Chrome\\Application\\chrome.exe"}
{"UtcTime":"2026-08-12 14:54:31.000","Computer":"CLM-MESA-014","User":"CLM\\backoffice","EventID":1,"Image":"C:\\Program Files\\Google\\Chrome\\Application\\chrome.exe","ProcessGuid":"{BCC3198C-2D8E-2026-7DA2-D8F218B0DC88}","ProcessId":8496,"CommandLine":"C:\\Program Files\\Google\\Chrome\\Application\\chrome.exe","ParentImage":"C:\\Windows\\System32\\services.exe","ParentProcessGuid":"{A86154A6-DBC7-2026-5CA6-C296DC276543}","OriginalFileName":"C:\\Program Files\\Google\\Chrome\\Application\\chrome.exe"}
{"UtcTime":"2026-08-12 14:54:32.000","Computer":"CLM-MESA-014","User":"CLM\\mesa","EventID":1,"Image":"C:\\Windows\\System32\\svchost.exe","ProcessGuid":"{BE5FB061-23EF-2026-2A43-D0F07A72BC5C}","ProcessId":4144,"CommandLine":"C:\\Windows\\System32\\svchost.exe","ParentImage":"C:\\Windows\\System32\\services.exe","ParentProcessGuid":"{FC77BCA4-F5B8-2026-CE8D-57E8C44E41EF}","OriginalFileName":"C:\\Windows\\System32\\svchost.exe"}
{"UtcTime":"2026-08-12 14:54:33.000","Computer":"CLM-MESA-014","User":"CLM\\backoffice","EventID":13,"Image":"C:\\Windows\\System32\\conhost.exe","ProcessGuid":"{76CCF986-4942-2026-8F8E-F44CD4748B3C}","ProcessId":1583,"EventType":"SetValue","TargetObject":"HKCU\\Software\\CLM\\Mesa\\Pref\\2673","Details":"1"}
{"UtcTime":"2026-08-12 14:54:34.000","Computer":"CLM-MESA-014","User":"CLM\\mesa","EventID":1,"Image":"C:\\Windows\\explorer.exe","ProcessGuid":"{FE9EBD89-02E1-2026-0FF3-D7F27BA6FA2E}","ProcessId":1140,"CommandLine":"C:\\Windows\\explorer.exe","ParentImage":"C:\\Windows\\System32\\services.exe","ParentProcessGuid":"{8E8E68DE-869D-2026-44D9-7F02C0F62441}","OriginalFileName":"C:\\Windows\\explorer.exe"}
{"UtcTime":"2026-08-12 14:54:35.000","Computer":"CLM-MESA-014","User":"CLM\\mesa","EventID":1,"Image":"C:\\Windows\\System32\\RuntimeBroker.exe","ProcessGuid":"{E0B2E013-3567-2026-2018-CCC712224BE8}","ProcessId":4271,"CommandLine":"C:\\Windows\\System32\\RuntimeBroker.exe","ParentImage":"C:\\Windows\\System32\\services.exe","ParentProcessGuid":"{49C62CC9-87F5-2026-DC08-9523122C399A}","OriginalFileName":"C:\\Windows\\System32\\RuntimeBroker.exe"}
{"UtcTime":"2026-08-12 14:54:36.000","Computer":"CLM-MESA-014","User":"CLM\\ops","EventID":1,"Image":"C:\\Program Files\\Google\\Chrome\\Application\\chrome.exe","ProcessGuid":"{16C8B6FF-A180-2026-AC67-A73F978634E5}","ProcessId":5906,"CommandLine":"C:\\Program Files\\Google\\Chrome\\Application\\chrome.exe","ParentImage":"C:\\Windows\\System32\\services.exe","ParentProcessGuid":"{AF019545-04EA-2026-975B-80FA2B9CF590}","OriginalFileName":"C:\\Program Files\\Google\\Chrome\\Application\\chrome.exe"}
{"UtcTime":"2026-08-12 14:54:37.000","Computer":"CLM-MESA-014","User":"CLM\\ops","EventID":13,"Image":"C:\\Windows\\explorer.exe","ProcessGuid":"{829C1CEA-D66C-2026-BE0B-3A76F4A31D49}","ProcessId":692,"EventType":"SetValue","TargetObject":"HKCU\\Software\\CLM\\Mesa\\Pref\\2677","Details":"1"}
{"UtcTime":"2026-08-12 14:54:38.000","Computer":"CLM-MESA-014","User":"CLM\\mesa","EventID":11,"Image":"C:\\Program Files\\Google\\Chrome\\Application\\chrome.exe","ProcessGuid":"{79867F8B-5863-2026-8B9C-262570F1EB6D}","ProcessId":6483,"TargetFilename":"C:\\Users\\Public\\Temp\\mesa-2678.tmp"}
{"UtcTime":"2026-08-12 14:54:39.000","Computer":"CLM-MESA-014","User":"CLM\\ops","EventID":1,"Image":"C:\\Windows\\System32\\conhost.exe","ProcessGuid":"{B87C6627-A1AB-2026-516B-0892EF154A9D}","ProcessId":5913,"CommandLine":"C:\\Windows\\System32\\conhost.exe","ParentImage":"C:\\Windows\\System32\\services.exe","ParentProcessGuid":"{8A83A83D-61A0-2026-E7AC-67A11D0F2C60}","OriginalFileName":"C:\\Windows\\System32\\conhost.exe"}
{"UtcTime":"2026-08-12 14:54:40.000","Computer":"CLM-MESA-014","User":"CLM\\ops","EventID":11,"Image":"C:\\Windows\\explorer.exe","ProcessGuid":"{AC91F419-7679-2026-86B1-2D9E3D3A6F9B}","ProcessId":3426,"TargetFilename":"C:\\Users\\Public\\Temp\\mesa-2680.tmp"}
{"UtcTime":"2026-08-12 14:54:41.000","Computer":"CLM-MESA-014","User":"CLM\\backoffice","EventID":5,"Image":"C:\\Windows\\explorer.exe","ProcessGuid":"{8304A73F-ABE4-2026-55E5-6AEB904F9A80}","ProcessId":7059,"EventType":"End"}
{"UtcTime":"2026-08-12 14:54:42.000","Computer":"CLM-MESA-014","User":"CLM\\mesa","EventID":11,"Image":"C:\\Program Files\\Google\\Chrome\\Application\\chrome.exe","ProcessGuid":"{81CAFA1C-8A75-2026-710D-436ED4B3690F}","ProcessId":6953,"TargetFilename":"C:\\Users\\Public\\Temp\\mesa-2682.tmp"}
{"UtcTime":"2026-08-12 14:54:43.000","Computer":"CLM-MESA-014","User":"CLM\\ops","EventID":1,"Image":"C:\\Windows\\System32\\RuntimeBroker.exe","ProcessGuid":"{EBAF57DB-64E5-2026-3CC6-75710B841BE4}","ProcessId":7130,"CommandLine":"C:\\Windows\\System32\\RuntimeBroker.exe","ParentImage":"C:\\Windows\\System32\\services.exe","ParentProcessGuid":"{A7EB1DA4-2175-2026-3B50-B1E4AC756C76}","OriginalFileName":"C:\\Windows\\System32\\RuntimeBroker.exe"}
{"UtcTime":"2026-08-12 14:54:44.000","Computer":"CLM-MESA-014","User":"CLM\\ops","EventID":13,"Image":"C:\\Windows\\System32\\conhost.exe","ProcessGuid":"{F96E36D9-C198-2026-7E6F-FA49306D1D2B}","ProcessId":4430,"EventType":"SetValue","TargetObject":"HKCU\\Software\\CLM\\Mesa\\Pref\\2684","Details":"1"}
{"UtcTime":"2026-08-12 14:54:45.000","Computer":"CLM-MESA-014","User":"CLM\\backoffice","EventID":3,"Image":"C:\\Windows\\System32\\svchost.exe","ProcessGuid":"{25EA16CA-F548-2026-7A85-8B53C02E5B80}","ProcessId":3221,"DestinationIp":"10.70.30.8","DestinationPort":135,"DestinationHostname":"ntp.clm.liquidacao","SourceIp":"10.70.30.14","Protocol":"tcp"}
{"UtcTime":"2026-08-12 14:54:46.000","Computer":"CLM-MESA-014","User":"CLM\\ops","EventID":1,"Image":"C:\\Program Files\\Google\\Chrome\\Application\\chrome.exe","ProcessGuid":"{2DDF612F-B6BE-2026-E99B-CE75A41DAA28}","ProcessId":7427,"CommandLine":"C:\\Program Files\\Google\\Chrome\\Application\\chrome.exe","ParentImage":"C:\\Windows\\System32\\services.exe","ParentProcessGuid":"{7A7C0569-C691-2026-0B30-D4D8F32B95BF}","OriginalFileName":"C:\\Program Files\\Google\\Chrome\\Application\\chrome.exe"}
{"UtcTime":"2026-08-12 14:54:47.000","Computer":"CLM-MESA-014","User":"CLM\\ops","EventID":1,"Image":"C:\\Windows\\explorer.exe","ProcessGuid":"{637FA70A-D5CC-2026-C1A9-526744CAF2F7}","ProcessId":7569,"CommandLine":"C:\\Windows\\explorer.exe","ParentImage":"C:\\Windows\\System32\\services.exe","ParentProcessGuid":"{6D8461EC-FDF6-2026-820A-A6550168CF72}","OriginalFileName":"C:\\Windows\\explorer.exe"}
{"UtcTime":"2026-08-12 14:54:48.000","Computer":"CLM-MESA-014","User":"CLM\\ops","EventID":3,"Image":"C:\\Windows\\explorer.exe","ProcessGuid":"{687E12E2-659C-2026-E3AE-5DF66CC626F9}","ProcessId":835,"DestinationIp":"10.70.30.8","DestinationPort":135,"DestinationHostname":"ntp.clm.liquidacao","SourceIp":"10.70.30.14","Protocol":"tcp"}
{"UtcTime":"2026-08-12 14:54:49.000","Computer":"CLM-MESA-014","User":"CLM\\backoffice","EventID":5,"Image":"C:\\Windows\\System32\\svchost.exe","ProcessGuid":"{E0AD17BC-8266-2026-D014-F9BACE9B8B42}","ProcessId":3395,"EventType":"End"}
{"UtcTime":"2026-08-12 14:54:50.000","Computer":"CLM-MESA-014","User":"CLM\\mesa","EventID":1,"Image":"C:\\Program Files\\Google\\Chrome\\Application\\chrome.exe","ProcessGuid":"{9D26DC71-3258-2026-E1A6-50EF3497BBD3}","ProcessId":6004,"CommandLine":"C:\\Program Files\\Google\\Chrome\\Application\\chrome.exe","ParentImage":"C:\\Windows\\System32\\services.exe","ParentProcessGuid":"{C8A8500C-C444-2026-D92F-3DA42A66C065}","OriginalFileName":"C:\\Program Files\\Google\\Chrome\\Application\\chrome.exe"}
{"UtcTime":"2026-08-12 14:54:51.000","Computer":"CLM-MESA-014","User":"CLM\\backoffice","EventID":11,"Image":"C:\\Windows\\System32\\conhost.exe","ProcessGuid":"{F680CD6C-9E04-2026-CE4C-0F011898575C}","ProcessId":5904,"TargetFilename":"C:\\Users\\Public\\Temp\\mesa-2691.tmp"}
{"UtcTime":"2026-08-12 14:54:52.000","Computer":"CLM-MESA-014","User":"CLM\\backoffice","EventID":13,"Image":"C:\\Program Files\\Microsoft Office\\Office16\\EXCEL.EXE","ProcessGuid":"{3FAA59AA-931F-2026-17B6-81B939800EAA}","ProcessId":8461,"EventType":"SetValue","TargetObject":"HKCU\\Software\\CLM\\Mesa\\Pref\\2692","Details":"1"}
{"UtcTime":"2026-08-12 14:54:53.000","Computer":"CLM-MESA-014","User":"CLM\\ops","EventID":1,"Image":"C:\\Windows\\explorer.exe","ProcessGuid":"{7F28958F-29EB-2026-DDDB-097762A6EC83}","ProcessId":7655,"CommandLine":"C:\\Windows\\explorer.exe","ParentImage":"C:\\Windows\\System32\\services.exe","ParentProcessGuid":"{E70CB601-619A-2026-65EE-B844DEE8A83F}","OriginalFileName":"C:\\Windows\\explorer.exe"}
{"UtcTime":"2026-08-12 14:54:54.000","Computer":"CLM-MESA-014","User":"CLM\\ops","EventID":11,"Image":"C:\\Windows\\System32\\RuntimeBroker.exe","ProcessGuid":"{B34075C5-DBCD-2026-B05C-E6AEF14AF3E1}","ProcessId":5442,"TargetFilename":"C:\\Users\\Public\\Temp\\mesa-2694.tmp"}
{"UtcTime":"2026-08-12 14:54:55.000","Computer":"CLM-MESA-014","User":"CLM\\ops","EventID":3,"Image":"C:\\Windows\\explorer.exe","ProcessGuid":"{0B34FDA2-AB4F-2026-4890-EA3CC4E2BA1F}","ProcessId":6149,"DestinationIp":"10.70.30.1","DestinationPort":443,"DestinationHostname":"ntp.clm.liquidacao","SourceIp":"10.70.30.14","Protocol":"tcp"}
{"UtcTime":"2026-08-12 14:54:56.000","Computer":"CLM-MESA-014","User":"CLM\\ops","EventID":1,"Image":"C:\\Windows\\explorer.exe","ProcessGuid":"{34D97608-CA84-2026-C266-75FCC693EEF2}","ProcessId":8825,"CommandLine":"C:\\Windows\\explorer.exe","ParentImage":"C:\\Windows\\System32\\services.exe","ParentProcessGuid":"{07A9FB02-E356-2026-270E-116E02E2BCB5}","OriginalFileName":"C:\\Windows\\explorer.exe"}
{"UtcTime":"2026-08-12 14:54:57.000","Computer":"CLM-MESA-014","User":"CLM\\mesa","EventID":1,"Image":"C:\\Windows\\explorer.exe","ProcessGuid":"{63A22D7B-999C-2026-D081-7C2B35BBAEC9}","ProcessId":4406,"CommandLine":"C:\\Windows\\explorer.exe","ParentImage":"C:\\Windows\\System32\\services.exe","ParentProcessGuid":"{630A775F-0A69-2026-FB30-1A2AB5E092DF}","OriginalFileName":"C:\\Windows\\explorer.exe"}
{"UtcTime":"2026-08-12 14:54:58.000","Computer":"CLM-MESA-014","User":"CLM\\backoffice","EventID":1,"Image":"C:\\Windows\\explorer.exe","ProcessGuid":"{5A5F4BA9-2A7D-2026-7AD5-2E1631B0C00F}","ProcessId":711,"CommandLine":"C:\\Windows\\explorer.exe","ParentImage":"C:\\Windows\\System32\\services.exe","ParentProcessGuid":"{6CC53A3E-190E-2026-2846-7479E44E0268}","OriginalFileName":"C:\\Windows\\explorer.exe"}
{"UtcTime":"2026-08-12 14:54:59.000","Computer":"CLM-MESA-014","User":"CLM\\ops","EventID":1,"Image":"C:\\Program Files\\Google\\Chrome\\Application\\chrome.exe","ProcessGuid":"{03CD4538-F743-2026-928B-6FC68C9D40D5}","ProcessId":8447,"CommandLine":"C:\\Program Files\\Google\\Chrome\\Application\\chrome.exe","ParentImage":"C:\\Windows\\System32\\services.exe","ParentProcessGuid":"{3CE31C08-AE51-2026-663C-5F010733C3C3}","OriginalFileName":"C:\\Program Files\\Google\\Chrome\\Application\\chrome.exe"}
{"UtcTime":"2026-08-12 14:55:00.000","Computer":"CLM-MESA-014","User":"CLM\\backoffice","EventID":1,"Image":"C:\\Program Files\\Google\\Chrome\\Application\\chrome.exe","ProcessGuid":"{897DD3FB-D1C4-2026-33D0-3D311E018F4C}","ProcessId":2880,"CommandLine":"C:\\Program Files\\Google\\Chrome\\Application\\chrome.exe","ParentImage":"C:\\Windows\\System32\\services.exe","ParentProcessGuid":"{D20231E6-12B7-2026-E9B1-39AB6524CD66}","OriginalFileName":"C:\\Program Files\\Google\\Chrome\\Application\\chrome.exe"}
{"UtcTime":"2026-08-12 14:55:01.000","Computer":"CLM-MESA-014","User":"CLM\\ops","EventID":1,"Image":"C:\\Windows\\System32\\RuntimeBroker.exe","ProcessGuid":"{7292AFF8-D824-2026-43C3-1CBDED69DB94}","ProcessId":1511,"CommandLine":"C:\\Windows\\System32\\RuntimeBroker.exe","ParentImage":"C:\\Windows\\System32\\services.exe","ParentProcessGuid":"{4B6CB2A3-4116-2026-6663-635F5377AECD}","OriginalFileName":"C:\\Windows\\System32\\RuntimeBroker.exe"}
{"UtcTime":"2026-08-12 14:55:02.000","Computer":"CLM-MESA-014","User":"CLM\\mesa","EventID":13,"Image":"C:\\Windows\\System32\\RuntimeBroker.exe","ProcessGuid":"{58D1CA9F-5479-2026-0CA5-9E2067FD5546}","ProcessId":7811,"EventType":"SetValue","TargetObject":"HKCU\\Software\\CLM\\Mesa\\Pref\\2702","Details":"1"}
{"UtcTime":"2026-08-12 14:55:03.000","Computer":"CLM-MESA-014","User":"CLM\\mesa","EventID":1,"Image":"C:\\Program Files\\Google\\Chrome\\Application\\chrome.exe","ProcessGuid":"{7A2D785D-3C0A-2026-9400-E5C3C93772F7}","ProcessId":1496,"CommandLine":"C:\\Program Files\\Google\\Chrome\\Application\\chrome.exe","ParentImage":"C:\\Windows\\System32\\services.exe","ParentProcessGuid":"{6499FD11-2745-2026-F98C-63F28A10B6C4}","OriginalFileName":"C:\\Program Files\\Google\\Chrome\\Application\\chrome.exe"}
{"UtcTime":"2026-08-12 14:55:04.000","Computer":"CLM-MESA-014","User":"CLM\\ops","EventID":5,"Image":"C:\\Windows\\System32\\svchost.exe","ProcessGuid":"{5E872386-2247-2026-14D2-450AC07084D8}","ProcessId":3005,"EventType":"End"}
{"UtcTime":"2026-08-12 14:55:05.000","Computer":"CLM-MESA-014","User":"CLM\\backoffice","EventID":1,"Image":"C:\\Windows\\System32\\conhost.exe","ProcessGuid":"{976BECE7-7800-2026-D0D4-51735B8E1C89}","ProcessId":8807,"CommandLine":"C:\\Windows\\System32\\conhost.exe","ParentImage":"C:\\Windows\\System32\\services.exe","ParentProcessGuid":"{4211CB6D-04C3-2026-236A-2FE7A2E006D6}","OriginalFileName":"C:\\Windows\\System32\\conhost.exe"}
{"UtcTime":"2026-08-12 14:55:06.000","Computer":"CLM-MESA-014","User":"CLM\\backoffice","EventID":1,"Image":"C:\\Program Files\\Google\\Chrome\\Application\\chrome.exe","ProcessGuid":"{C3E6614D-86F8-2026-8263-FA25DD835AF9}","ProcessId":674,"CommandLine":"C:\\Program Files\\Google\\Chrome\\Application\\chrome.exe","ParentImage":"C:\\Windows\\System32\\services.exe","ParentProcessGuid":"{00FD02CA-F513-2026-8E7A-A36B3196547E}","OriginalFileName":"C:\\Program Files\\Google\\Chrome\\Application\\chrome.exe"}
{"UtcTime":"2026-08-12 14:55:07.000","Computer":"CLM-MESA-014","User":"CLM\\backoffice","EventID":11,"Image":"C:\\Program Files\\Microsoft Office\\Office16\\EXCEL.EXE","ProcessGuid":"{8CD48ED8-991D-2026-ED67-6040FC4D900A}","ProcessId":6422,"TargetFilename":"C:\\Users\\Public\\Temp\\mesa-2707.tmp"}
{"UtcTime":"2026-08-12 14:55:08.000","Computer":"CLM-MESA-014","User":"CLM\\backoffice","EventID":1,"Image":"C:\\Program Files\\Microsoft Office\\Office16\\EXCEL.EXE","ProcessGuid":"{732746EC-F667-2026-E465-6DB066F8EE04}","ProcessId":5469,"CommandLine":"C:\\Program Files\\Microsoft Office\\Office16\\EXCEL.EXE","ParentImage":"C:\\Windows\\System32\\services.exe","ParentProcessGuid":"{83718D77-8D1F-2026-205C-074250DEA79E}","OriginalFileName":"C:\\Program Files\\Microsoft Office\\Office16\\EXCEL.EXE"}
{"UtcTime":"2026-08-12 14:55:09.000","Computer":"CLM-MESA-014","User":"CLM\\mesa","EventID":1,"Image":"C:\\Windows\\System32\\RuntimeBroker.exe","ProcessGuid":"{A02815F3-265D-2026-848D-FA642F0ACB95}","ProcessId":6448,"CommandLine":"C:\\Windows\\System32\\RuntimeBroker.exe","ParentImage":"C:\\Windows\\System32\\services.exe","ParentProcessGuid":"{E989355E-0C56-2026-E810-9A6DB98CEBA9}","OriginalFileName":"C:\\Windows\\System32\\RuntimeBroker.exe"}
{"UtcTime":"2026-08-12 14:55:10.000","Computer":"CLM-MESA-014","User":"CLM\\backoffice","EventID":11,"Image":"C:\\Windows\\System32\\conhost.exe","ProcessGuid":"{8FA7B581-72C7-2026-7EC0-3F996522C189}","ProcessId":3596,"TargetFilename":"C:\\Users\\Public\\Temp\\mesa-2710.tmp"}
{"UtcTime":"2026-08-12 14:55:11.000","Computer":"CLM-MESA-014","User":"CLM\\mesa","EventID":1,"Image":"C:\\Windows\\System32\\conhost.exe","ProcessGuid":"{9C0493BD-8205-2026-4F02-B2AD6238A372}","ProcessId":4763,"CommandLine":"C:\\Windows\\System32\\conhost.exe","ParentImage":"C:\\Windows\\System32\\services.exe","ParentProcessGuid":"{8C8A25F8-2C95-2026-3D15-86B07A9797B4}","OriginalFileName":"C:\\Windows\\System32\\conhost.exe"}
{"UtcTime":"2026-08-12 14:55:12.000","Computer":"CLM-MESA-014","User":"CLM\\ops","EventID":1,"Image":"C:\\Program Files\\Google\\Chrome\\Application\\chrome.exe","ProcessGuid":"{A69C0485-FF8A-2026-BF22-4FA53EA9D62D}","ProcessId":6936,"CommandLine":"C:\\Program Files\\Google\\Chrome\\Application\\chrome.exe","ParentImage":"C:\\Windows\\System32\\services.exe","ParentProcessGuid":"{23ACED91-4682-2026-EC9B-A4B253E18837}","OriginalFileName":"C:\\Program Files\\Google\\Chrome\\Application\\chrome.exe"}
{"UtcTime":"2026-08-12 14:55:13.000","Computer":"CLM-MESA-014","User":"CLM\\mesa","EventID":1,"Image":"C:\\Windows\\System32\\RuntimeBroker.exe","ProcessGuid":"{DB641562-9B0F-2026-2B9E-20B2509BE062}","ProcessId":1472,"CommandLine":"C:\\Windows\\System32\\RuntimeBroker.exe","ParentImage":"C:\\Windows\\System32\\services.exe","ParentProcessGuid":"{5B3B382C-4CAF-2026-68EC-4B6FD9CEED6D}","OriginalFileName":"C:\\Windows\\System32\\RuntimeBroker.exe"}
{"UtcTime":"2026-08-12 14:55:14.000","Computer":"CLM-MESA-014","User":"CLM\\ops","EventID":13,"Image":"C:\\Windows\\System32\\RuntimeBroker.exe","ProcessGuid":"{399E0D34-A8DC-2026-4B3A-F32CB96E5CDF}","ProcessId":4994,"EventType":"SetValue","TargetObject":"HKCU\\Software\\CLM\\Mesa\\Pref\\2714","Details":"1"}
{"UtcTime":"2026-08-12 14:55:15.000","Computer":"CLM-MESA-014","User":"CLM\\backoffice","EventID":13,"Image":"C:\\Program Files\\Google\\Chrome\\Application\\chrome.exe","ProcessGuid":"{1F1F65AB-30FA-2026-7B76-0C4EDCDDDF59}","ProcessId":5676,"EventType":"SetValue","TargetObject":"HKCU\\Software\\CLM\\Mesa\\Pref\\2715","Details":"1"}
{"UtcTime":"2026-08-12 14:55:16.000","Computer":"CLM-MESA-014","User":"CLM\\backoffice","EventID":13,"Image":"C:\\Windows\\System32\\svchost.exe","ProcessGuid":"{B4969F4F-89CC-2026-6030-277F991411D9}","ProcessId":5250,"EventType":"SetValue","TargetObject":"HKCU\\Software\\CLM\\Mesa\\Pref\\2716","Details":"1"}
{"UtcTime":"2026-08-12 14:55:17.000","Computer":"CLM-MESA-014","User":"CLM\\mesa","EventID":11,"Image":"C:\\Program Files\\Google\\Chrome\\Application\\chrome.exe","ProcessGuid":"{99DABDC5-AAFB-2026-8D38-7159F009225D}","ProcessId":6480,"TargetFilename":"C:\\Users\\Public\\Temp\\mesa-2717.tmp"}
{"UtcTime":"2026-08-12 14:55:18.000","Computer":"CLM-MESA-014","User":"CLM\\backoffice","EventID":3,"Image":"C:\\Program Files\\Microsoft Office\\Office16\\EXCEL.EXE","ProcessGuid":"{099F6FAC-FFB1-2026-012F-3CB017811754}","ProcessId":6211,"DestinationIp":"10.70.30.8","DestinationPort":53,"DestinationHostname":"ntp.clm.liquidacao","SourceIp":"10.70.30.14","Protocol":"tcp"}
{"UtcTime":"2026-08-12 14:55:19.000","Computer":"CLM-MESA-014","User":"CLM\\mesa","EventID":3,"Image":"C:\\Windows\\explorer.exe","ProcessGuid":"{32616536-27FF-2026-06DC-5D5E23DA10A3}","ProcessId":8342,"DestinationIp":"8.8.8.8","DestinationPort":135,"DestinationHostname":"ntp.clm.liquidacao","SourceIp":"10.70.30.14","Protocol":"tcp"}
{"UtcTime":"2026-08-12 14:55:20.000","Computer":"CLM-MESA-014","User":"CLM\\mesa","EventID":1,"Image":"C:\\Windows\\System32\\conhost.exe","ProcessGuid":"{610C5482-0BD0-2026-06A2-A6C1DDE84209}","ProcessId":1549,"CommandLine":"C:\\Windows\\System32\\conhost.exe","ParentImage":"C:\\Windows\\System32\\services.exe","ParentProcessGuid":"{354E71EF-8EF2-2026-188E-1462EF153C95}","OriginalFileName":"C:\\Windows\\System32\\conhost.exe"}
{"UtcTime":"2026-08-12 14:55:21.000","Computer":"CLM-MESA-014","User":"CLM\\ops","EventID":3,"Image":"C:\\Windows\\System32\\svchost.exe","ProcessGuid":"{50980002-6699-2026-293D-99F05A5AEAF2}","ProcessId":2889,"DestinationIp":"1.1.1.1","DestinationPort":53,"DestinationHostname":"portal.clm.liquidacao","SourceIp":"10.70.30.14","Protocol":"tcp"}
{"UtcTime":"2026-08-12 14:55:22.000","Computer":"CLM-MESA-014","User":"CLM\\ops","EventID":5,"Image":"C:\\Program Files\\Microsoft Office\\Office16\\EXCEL.EXE","ProcessGuid":"{885CC0DF-211D-2026-60EC-1537D088C7B6}","ProcessId":3896,"EventType":"End"}
{"UtcTime":"2026-08-12 14:55:23.000","Computer":"CLM-MESA-014","User":"CLM\\ops","EventID":11,"Image":"C:\\Windows\\explorer.exe","ProcessGuid":"{32D80119-D61D-2026-2968-EBD77D923394}","ProcessId":6802,"TargetFilename":"C:\\Users\\Public\\Temp\\mesa-2723.tmp"}
{"UtcTime":"2026-08-12 14:55:24.000","Computer":"CLM-MESA-014","User":"CLM\\backoffice","EventID":3,"Image":"C:\\Windows\\System32\\conhost.exe","ProcessGuid":"{19FF2B8A-94CA-2026-7CF8-CF8C6F41A429}","ProcessId":8552,"DestinationIp":"10.70.30.1","DestinationPort":8080,"DestinationHostname":"portal.clm.liquidacao","SourceIp":"10.70.30.14","Protocol":"tcp"}
{"UtcTime":"2026-08-12 14:55:25.000","Computer":"CLM-MESA-014","User":"CLM\\backoffice","EventID":1,"Image":"C:\\Windows\\System32\\RuntimeBroker.exe","ProcessGuid":"{DDDCA0D5-E639-2026-384C-37F1B214F53C}","ProcessId":1924,"CommandLine":"C:\\Windows\\System32\\RuntimeBroker.exe","ParentImage":"C:\\Windows\\System32\\services.exe","ParentProcessGuid":"{7C7D320E-83D4-2026-542D-687D6FCC3643}","OriginalFileName":"C:\\Windows\\System32\\RuntimeBroker.exe"}
{"UtcTime":"2026-08-12 14:55:26.000","Computer":"CLM-MESA-014","User":"CLM\\mesa","EventID":1,"Image":"C:\\Windows\\explorer.exe","ProcessGuid":"{784A1557-05C9-2026-E8DE-AF13C90D154E}","ProcessId":7829,"CommandLine":"C:\\Windows\\explorer.exe","ParentImage":"C:\\Windows\\System32\\services.exe","ParentProcessGuid":"{F3A6742C-D33B-2026-870C-EDF79DC070E3}","OriginalFileName":"C:\\Windows\\explorer.exe"}
{"UtcTime":"2026-08-12 14:55:27.000","Computer":"CLM-MESA-014","User":"CLM\\ops","EventID":1,"Image":"C:\\Windows\\explorer.exe","ProcessGuid":"{272FACBF-AD2D-2026-2F07-67D47D83EA55}","ProcessId":792,"CommandLine":"C:\\Windows\\explorer.exe","ParentImage":"C:\\Windows\\System32\\services.exe","ParentProcessGuid":"{27DE1340-5DA1-2026-5AB1-8E133163E518}","OriginalFileName":"C:\\Windows\\explorer.exe"}
{"UtcTime":"2026-08-12 14:55:28.000","Computer":"CLM-MESA-014","User":"CLM\\backoffice","EventID":1,"Image":"C:\\Windows\\explorer.exe","ProcessGuid":"{746E6361-8008-2026-25DC-7BAC9F50F39F}","ProcessId":2454,"CommandLine":"C:\\Windows\\explorer.exe","ParentImage":"C:\\Windows\\System32\\services.exe","ParentProcessGuid":"{AECE651E-07DF-2026-E1E8-EE85A0A2A086}","OriginalFileName":"C:\\Windows\\explorer.exe"}
{"UtcTime":"2026-08-12 14:55:29.000","Computer":"CLM-MESA-014","User":"CLM\\mesa","EventID":1,"Image":"C:\\Windows\\System32\\conhost.exe","ProcessGuid":"{A50BDB2A-5C54-2026-1F31-C32A26D18AED}","ProcessId":7659,"CommandLine":"C:\\Windows\\System32\\conhost.exe","ParentImage":"C:\\Windows\\System32\\services.exe","ParentProcessGuid":"{1CB76780-CA97-2026-72FE-9FE3610F662A}","OriginalFileName":"C:\\Windows\\System32\\conhost.exe"}
{"UtcTime":"2026-08-12 14:55:30.000","Computer":"CLM-MESA-014","User":"CLM\\mesa","EventID":11,"Image":"C:\\Program Files\\Google\\Chrome\\Application\\chrome.exe","ProcessGuid":"{C71B59F2-68B1-2026-274E-1EE42082C596}","ProcessId":781,"TargetFilename":"C:\\Users\\Public\\Temp\\mesa-2730.tmp"}
{"UtcTime":"2026-08-12 14:55:31.000","Computer":"CLM-MESA-014","User":"CLM\\mesa","EventID":3,"Image":"C:\\Windows\\System32\\RuntimeBroker.exe","ProcessGuid":"{BAFF93C7-2D35-2026-117A-8EC6134173DE}","ProcessId":974,"DestinationIp":"10.70.30.8","DestinationPort":135,"DestinationHostname":"ntp.clm.liquidacao","SourceIp":"10.70.30.14","Protocol":"tcp"}
{"UtcTime":"2026-08-12 14:55:32.000","Computer":"CLM-MESA-014","User":"CLM\\ops","EventID":5,"Image":"C:\\Program Files\\Google\\Chrome\\Application\\chrome.exe","ProcessGuid":"{D13B0D09-02D6-2026-EC2A-489A74B33EEA}","ProcessId":2913,"EventType":"End"}
{"UtcTime":"2026-08-12 14:55:33.000","Computer":"CLM-MESA-014","User":"CLM\\ops","EventID":1,"Image":"C:\\Windows\\System32\\conhost.exe","ProcessGuid":"{F7C3F612-AF7A-2026-A87A-587120774BBE}","ProcessId":8188,"CommandLine":"C:\\Windows\\System32\\conhost.exe","ParentImage":"C:\\Windows\\System32\\services.exe","ParentProcessGuid":"{AA939375-8E1E-2026-C57D-70D3367569BE}","OriginalFileName":"C:\\Windows\\System32\\conhost.exe"}
{"UtcTime":"2026-08-12 14:55:34.000","Computer":"CLM-MESA-014","User":"CLM\\ops","EventID":1,"Image":"C:\\Program Files\\Google\\Chrome\\Application\\chrome.exe","ProcessGuid":"{1B33001E-BBF7-2026-2912-B6EB22D47DAF}","ProcessId":4418,"CommandLine":"C:\\Program Files\\Google\\Chrome\\Application\\chrome.exe","ParentImage":"C:\\Windows\\System32\\services.exe","ParentProcessGuid":"{FCD40E86-3E16-2026-9A02-A8B843687C20}","OriginalFileName":"C:\\Program Files\\Google\\Chrome\\Application\\chrome.exe"}
{"UtcTime":"2026-08-12 14:55:35.000","Computer":"CLM-MESA-014","User":"CLM\\backoffice","EventID":5,"Image":"C:\\Program Files\\Microsoft Office\\Office16\\EXCEL.EXE","ProcessGuid":"{925D40DD-A400-2026-2AC0-0DA526E05A67}","ProcessId":3312,"EventType":"End"}
{"UtcTime":"2026-08-12 14:55:36.000","Computer":"CLM-MESA-014","User":"CLM\\mesa","EventID":13,"Image":"C:\\Windows\\explorer.exe","ProcessGuid":"{F093CB4C-1B55-2026-EE82-D97294105CEA}","ProcessId":6005,"EventType":"SetValue","TargetObject":"HKCU\\Software\\CLM\\Mesa\\Pref\\2736","Details":"1"}
{"UtcTime":"2026-08-12 14:55:37.000","Computer":"CLM-MESA-014","User":"CLM\\mesa","EventID":1,"Image":"C:\\Windows\\System32\\RuntimeBroker.exe","ProcessGuid":"{2CAD2CA4-FFA2-2026-30E6-329D12F055A4}","ProcessId":4978,"CommandLine":"C:\\Windows\\System32\\RuntimeBroker.exe","ParentImage":"C:\\Windows\\System32\\services.exe","ParentProcessGuid":"{B161F681-D58E-2026-F6AA-FA05D717291A}","OriginalFileName":"C:\\Windows\\System32\\RuntimeBroker.exe"}
{"UtcTime":"2026-08-12 14:55:38.000","Computer":"CLM-MESA-014","User":"CLM\\ops","EventID":1,"Image":"C:\\Program Files\\Microsoft Office\\Office16\\EXCEL.EXE","ProcessGuid":"{C9E274D3-38E3-2026-4B88-5C4387EEB6EE}","ProcessId":3472,"CommandLine":"C:\\Program Files\\Microsoft Office\\Office16\\EXCEL.EXE","ParentImage":"C:\\Windows\\System32\\services.exe","ParentProcessGuid":"{6CDEE12F-C12C-2026-491B-C3902F60117E}","OriginalFileName":"C:\\Program Files\\Microsoft Office\\Office16\\EXCEL.EXE"}
{"UtcTime":"2026-08-12 14:55:39.000","Computer":"CLM-MESA-014","User":"CLM\\mesa","EventID":3,"Image":"C:\\Windows\\explorer.exe","ProcessGuid":"{E3E6C525-440F-2026-BD39-1B9074EB9BD4}","ProcessId":5949,"DestinationIp":"1.1.1.1","DestinationPort":443,"DestinationHostname":"portal.clm.liquidacao","SourceIp":"10.70.30.14","Protocol":"tcp"}
