{"UtcTime":"2026-08-12 10:58:12.000","Computer":"TN-FIN-WS042","User":"TRANSNORTE\\backup_svc","EventID":1,"Image":"C:\\Windows\\System32\\conhost.exe","ProcessGuid":"{B7C9EDE6-99F5-2026-8D4D-142A705407A8}","ProcessId":6766,"CommandLine":"C:\\Windows\\System32\\conhost.exe","ParentImage":"C:\\Windows\\System32\\services.exe","ParentProcessGuid":"{750B4A99-383D-2026-E43E-E3A5D36A3BAB}","OriginalFileName":"C:\\Windows\\System32\\conhost.exe","SHA256":"f9d7e3cba464b306e0c048f178dcc21f13956f0011cb6bf00e1f7a6e0d0fd5af"}
{"UtcTime":"2026-08-12 10:58:13.000","Computer":"TN-FIN-WS042","User":"TRANSNORTE\\ops.cardoso","EventID":13,"Image":"C:\\Windows\\explorer.exe","ProcessGuid":"{C07D3E5D-A46B-2026-472F-E192F292D6B2}","ProcessId":860,"EventType":"SetValue","TargetObject":"HKCU\\Software\\Microsoft\\Office\\16.0\\Outlook\\Resiliency\\4693","Details":"1"}
{"UtcTime":"2026-08-12 10:58:14.000","Computer":"TN-FIN-WS042","User":"TRANSNORTE\\backup_svc","EventID":11,"Image":"C:\\Windows\\System32\\RuntimeBroker.exe","ProcessGuid":"{90BACD45-462A-2026-9E9E-17699F286967}","ProcessId":2105,"TargetFilename":"C:\\Users\\ops.cardoso\\AppData\\Local\\Temp\\office-4694.tmp"}
{"UtcTime":"2026-08-12 10:58:15.000","Computer":"TN-FIN-WS042","User":"TRANSNORTE\\backup_svc","EventID":11,"Image":"C:\\Windows\\System32\\conhost.exe","ProcessGuid":"{E7803476-434A-2026-0725-E4A9B9B68714}","ProcessId":5485,"TargetFilename":"C:\\Users\\ops.cardoso\\AppData\\Local\\Temp\\office-4695.tmp"}
{"UtcTime":"2026-08-12 10:58:16.000","Computer":"TN-FIN-WS042","User":"TRANSNORTE\\ops.cardoso","EventID":1,"Image":"C:\\Program Files\\Google\\Chrome\\Application\\chrome.exe","ProcessGuid":"{F5062AA0-2B1F-2026-17F8-440E270D1517}","ProcessId":5115,"CommandLine":"C:\\Program Files\\Google\\Chrome\\Application\\chrome.exe","ParentImage":"C:\\Windows\\System32\\services.exe","ParentProcessGuid":"{BA6D91FA-F53C-2026-FE65-D7372658C649}","OriginalFileName":"C:\\Program Files\\Google\\Chrome\\Application\\chrome.exe","SHA256":"d50fd5188f8536b90f316e78a07675a7b23137d0b22d28cc49c03a5367a6c63f"}
{"UtcTime":"2026-08-12 10:58:17.000","Computer":"TN-FIN-WS042","User":"TRANSNORTE\\ops.cardoso","EventID":1,"Image":"C:\\Program Files\\Google\\Chrome\\Application\\chrome.exe","ProcessGuid":"{29B87F67-7411-2026-ACBD-6AD452D73C8A}","ProcessId":879,"CommandLine":"C:\\Program Files\\Google\\Chrome\\Application\\chrome.exe","ParentImage":"C:\\Windows\\System32\\services.exe","ParentProcessGuid":"{9C0280D0-B3A4-2026-1ECD-66FFE713EBA2}","OriginalFileName":"C:\\Program Files\\Google\\Chrome\\Application\\chrome.exe","SHA256":"f63ba63e72b8951b131923a6cfc1f4b81cf81cab1d1f033a2556384fc6bc7a99"}
{"UtcTime":"2026-08-12 10:58:18.000","Computer":"TN-FIN-WS042","User":"TRANSNORTE\\ops.cardoso","EventID":5,"Image":"C:\\Windows\\explorer.exe","ProcessGuid":"{5BC462ED-81A9-2026-0D20-6D8836788B5C}","ProcessId":915,"EventType":"End"}
{"UtcTime":"2026-08-12 10:58:19.000","Computer":"TN-FIN-WS042","User":"TRANSNORTE\\backup_svc","EventID":11,"Image":"C:\\Windows\\explorer.exe","ProcessGuid":"{36AC1E34-3941-2026-B8DF-D5A03956BD44}","ProcessId":4678,"TargetFilename":"C:\\Users\\ops.cardoso\\AppData\\Local\\Temp\\office-4699.tmp"}
{"UtcTime":"2026-08-12 10:58:20.000","Computer":"TN-FIN-WS042","User":"TRANSNORTE\\backup_svc","EventID":13,"Image":"C:\\Windows\\System32\\RuntimeBroker.exe","ProcessGuid":"{A1E4A876-6869-2026-7198-81067CCDEF3F}","ProcessId":1662,"EventType":"SetValue","TargetObject":"HKCU\\Software\\Microsoft\\Office\\16.0\\Outlook\\Resiliency\\4700","Details":"1"}
{"UtcTime":"2026-08-12 10:58:21.000","Computer":"TN-FIN-WS042","User":"TRANSNORTE\\backup_svc","EventID":1,"Image":"C:\\Windows\\explorer.exe","ProcessGuid":"{88986218-DF79-2026-CEBE-2C55486CC91F}","ProcessId":3331,"CommandLine":"C:\\Windows\\explorer.exe","ParentImage":"C:\\Windows\\System32\\services.exe","ParentProcessGuid":"{62797BDA-3E50-2026-D4C9-550EE5511704}","OriginalFileName":"C:\\Windows\\explorer.exe","SHA256":"353036aa952d1ee5d0581e8a56fa842c5fcaea312135bf35414ce7d2142b3ffe"}
{"UtcTime":"2026-08-12 10:58:22.000","Computer":"TN-FIN-WS042","User":"TRANSNORTE\\ops.cardoso","EventID":1,"Image":"C:\\Windows\\explorer.exe","ProcessGuid":"{F77EE5D9-46F6-2026-C3BB-4A0E83B6BE97}","ProcessId":1796,"CommandLine":"C:\\Windows\\explorer.exe","ParentImage":"C:\\Windows\\System32\\services.exe","ParentProcessGuid":"{31B76BA5-78B8-2026-D2A5-D9C1734731EE}","OriginalFileName":"C:\\Windows\\explorer.exe","SHA256":"c9908700056c57c7d18ac5bf5683d0fb1b5e680650fcd0e6dab90bf6b317eb73"}
{"UtcTime":"2026-08-12 10:58:23.000","Computer":"TN-FIN-WS042","User":"TRANSNORTE\\backup_svc","EventID":1,"Image":"C:\\Windows\\System32\\RuntimeBroker.exe","ProcessGuid":"{207ABA45-AD30-2026-8FAB-D8523E41A49B}","ProcessId":1867,"CommandLine":"C:\\Windows\\System32\\RuntimeBroker.exe","ParentImage":"C:\\Windows\\System32\\services.exe","ParentProcessGuid":"{A549CA09-FCFB-2026-B5FC-E26E43FAE444}","OriginalFileName":"C:\\Windows\\System32\\RuntimeBroker.exe","SHA256":"12922ef5e5c9197e341046e3009837ab776014a2a5d74ca800b1d74c71bb8de9"}
{"UtcTime":"2026-08-12 10:58:24.000","Computer":"TN-FIN-WS042","User":"TRANSNORTE\\ops.cardoso","EventID":13,"Image":"C:\\Windows\\explorer.exe","ProcessGuid":"{F6E443F2-7E84-2026-42F1-EF6996FCB13C}","ProcessId":1794,"EventType":"SetValue","TargetObject":"HKCU\\Software\\Microsoft\\Office\\16.0\\Outlook\\Resiliency\\4704","Details":"1"}
{"UtcTime":"2026-08-12 10:58:25.000","Computer":"TN-FIN-WS042","User":"TRANSNORTE\\backup_svc","EventID":5,"Image":"C:\\Windows\\explorer.exe","ProcessGuid":"{C181994F-590F-2026-BC0F-BD250B0792AF}","ProcessId":2336,"EventType":"End"}
{"UtcTime":"2026-08-12 10:58:26.000","Computer":"TN-FIN-WS042","User":"TRANSNORTE\\backup_svc","EventID":1,"Image":"C:\\Program Files\\Google\\Chrome\\Application\\chrome.exe","ProcessGuid":"{720AE7F0-E2D2-2026-5D9D-46D2EAC91364}","ProcessId":1328,"CommandLine":"C:\\Program Files\\Google\\Chrome\\Application\\chrome.exe","ParentImage":"C:\\Windows\\System32\\services.exe","ParentProcessGuid":"{54E5807E-5C08-2026-1505-D93864952EB1}","OriginalFileName":"C:\\Program Files\\Google\\Chrome\\Application\\chrome.exe","SHA256":"7bb59169b367bce9b71b4c93a4897d6b028ba2e64e3112a722eaf0474fe9aafa"}
{"UtcTime":"2026-08-12 10:58:27.000","Computer":"TN-FIN-WS042","User":"TRANSNORTE\\ops.cardoso","EventID":5,"Image":"C:\\Windows\\explorer.exe","ProcessGuid":"{562A2FAD-9092-2026-B655-9A65558BC88C}","ProcessId":5175,"EventType":"End"}
{"UtcTime":"2026-08-12 10:58:28.000","Computer":"TN-FIN-WS042","User":"TRANSNORTE\\backup_svc","EventID":1,"Image":"C:\\Windows\\System32\\RuntimeBroker.exe","ProcessGuid":"{B43550D6-D7C5-2026-E1AC-91997D5859CC}","ProcessId":2300,"CommandLine":"C:\\Windows\\System32\\RuntimeBroker.exe","ParentImage":"C:\\Windows\\System32\\services.exe","ParentProcessGuid":"{0A7EDB61-D1C4-2026-3A57-4E78433C46E4}","OriginalFileName":"C:\\Windows\\System32\\RuntimeBroker.exe","SHA256":"90c80fc7796b2aef8658099d11bea6cc8c13cdd852a00195baabd3a5fefe1828"}
{"UtcTime":"2026-08-12 10:58:29.000","Computer":"TN-FIN-WS042","User":"TRANSNORTE\\backup_svc","EventID":13,"Image":"C:\\Program Files\\Microsoft Office\\Office16\\OUTLOOK.EXE","ProcessGuid":"{32D9C038-A65F-2026-A88B-AC2C8C76C68A}","ProcessId":8787,"EventType":"SetValue","TargetObject":"HKCU\\Software\\Microsoft\\Office\\16.0\\Outlook\\Resiliency\\4709","Details":"1"}
{"UtcTime":"2026-08-12 10:58:30.000","Computer":"TN-FIN-WS042","User":"TRANSNORTE\\backup_svc","EventID":1,"Image":"C:\\Windows\\System32\\conhost.exe","ProcessGuid":"{A2EF0868-11B1-2026-72C1-3C02C9B9C1C8}","ProcessId":490,"CommandLine":"C:\\Windows\\System32\\conhost.exe","ParentImage":"C:\\Windows\\System32\\services.exe","ParentProcessGuid":"{52A7E477-6281-2026-81D2-90BA0EB3EE4D}","OriginalFileName":"C:\\Windows\\System32\\conhost.exe","SHA256":"542389979926b1c95f81c5f426e8b4581f3f5fc1f6bb4216287b738fba4b8f47"}
{"UtcTime":"2026-08-12 10:58:31.000","Computer":"TN-FIN-WS042","User":"TRANSNORTE\\backup_svc","EventID":13,"Image":"C:\\Windows\\System32\\RuntimeBroker.exe","ProcessGuid":"{5D06D4C0-2395-2026-A758-FF0CB09F2351}","ProcessId":4366,"EventType":"SetValue","TargetObject":"HKCU\\Software\\Microsoft\\Office\\16.0\\Outlook\\Resiliency\\4711","Details":"1"}
{"UtcTime":"2026-08-12 10:58:32.000","Computer":"TN-FIN-WS042","User":"TRANSNORTE\\backup_svc","EventID":1,"Image":"C:\\Windows\\System32\\conhost.exe","ProcessGuid":"{E3A2FE4A-8677-2026-54D5-584A95131F39}","ProcessId":1775,"CommandLine":"C:\\Windows\\System32\\conhost.exe","ParentImage":"C:\\Windows\\System32\\services.exe","ParentProcessGuid":"{DDA188C5-FDD5-2026-2EAB-44342DD73774}","OriginalFileName":"C:\\Windows\\System32\\conhost.exe","SHA256":"87da3d093bf06803bb556b223036cf8c95761bd44e4dce24b8c682467031ca21"}
{"UtcTime":"2026-08-12 10:58:33.000","Computer":"TN-FIN-WS042","User":"TRANSNORTE\\backup_svc","EventID":1,"Image":"C:\\Program Files\\Google\\Chrome\\Application\\chrome.exe","ProcessGuid":"{376B23C2-B40B-2026-809F-7E51F1E921B3}","ProcessId":4573,"CommandLine":"C:\\Program Files\\Google\\Chrome\\Application\\chrome.exe","ParentImage":"C:\\Windows\\System32\\services.exe","ParentProcessGuid":"{83375810-DEA8-2026-CA59-4001293EB45D}","OriginalFileName":"C:\\Program Files\\Google\\Chrome\\Application\\chrome.exe","SHA256":"77031024ae887d24493b818f018220879144a1c4c8fc90591f3d73223c73e39c"}
{"UtcTime":"2026-08-12 10:58:34.000","Computer":"TN-FIN-WS042","User":"TRANSNORTE\\backup_svc","EventID":3,"Image":"C:\\Program Files\\Google\\Chrome\\Application\\chrome.exe","ProcessGuid":"{0A185A79-73A3-2026-9E26-6A0BF3D61F5A}","ProcessId":8534,"DestinationIp":"10.50.10.88","DestinationPort":53,"SourceIp":"10.50.10.42","Protocol":"tcp"}
{"UtcTime":"2026-08-12 10:58:35.000","Computer":"TN-FIN-WS042","User":"TRANSNORTE\\backup_svc","EventID":1,"Image":"C:\\Program Files\\Google\\Chrome\\Application\\chrome.exe","ProcessGuid":"{70C77326-3AEE-2026-49D1-C8F81748AC53}","ProcessId":8061,"CommandLine":"C:\\Program Files\\Google\\Chrome\\Application\\chrome.exe","ParentImage":"C:\\Windows\\System32\\services.exe","ParentProcessGuid":"{A5ADAE85-7AE3-2026-80E3-97ED17A87207}","OriginalFileName":"C:\\Program Files\\Google\\Chrome\\Application\\chrome.exe","SHA256":"14a0e5a646eda06e4a48ae71b0124c741cbb10172f41d3f7fa2ab14cda683441"}
{"UtcTime":"2026-08-12 10:58:36.000","Computer":"TN-FIN-WS042","User":"TRANSNORTE\\ops.cardoso","EventID":5,"Image":"C:\\Windows\\System32\\RuntimeBroker.exe","ProcessGuid":"{E881FCA5-EA89-2026-87F0-80713F30A884}","ProcessId":4804,"EventType":"End"}
{"UtcTime":"2026-08-12 10:58:37.000","Computer":"TN-FIN-WS042","User":"TRANSNORTE\\backup_svc","EventID":3,"Image":"C:\\Windows\\explorer.exe","ProcessGuid":"{C5BB7AF9-2411-2026-AA4B-B23EBBAF9273}","ProcessId":7490,"DestinationIp":"10.50.10.10","DestinationPort":8080,"SourceIp":"10.50.10.42","Protocol":"tcp"}
{"UtcTime":"2026-08-12 10:58:38.000","Computer":"TN-FIN-WS042","User":"TRANSNORTE\\backup_svc","EventID":13,"Image":"C:\\Windows\\explorer.exe","ProcessGuid":"{ABFEBA2A-477A-2026-35D4-D9AD5B20FCD4}","ProcessId":1655,"EventType":"SetValue","TargetObject":"HKCU\\Software\\Microsoft\\Office\\16.0\\Outlook\\Resiliency\\4718","Details":"1"}
{"UtcTime":"2026-08-12 10:58:39.000","Computer":"TN-FIN-WS042","User":"TRANSNORTE\\backup_svc","EventID":1,"Image":"C:\\Windows\\System32\\conhost.exe","ProcessGuid":"{AE4A1DC0-957F-2026-620D-1551A073603B}","ProcessId":5115,"CommandLine":"C:\\Windows\\System32\\conhost.exe","ParentImage":"C:\\Windows\\System32\\services.exe","ParentProcessGuid":"{6ED8B559-AA53-2026-9347-77FC30990862}","OriginalFileName":"C:\\Windows\\System32\\conhost.exe","SHA256":"33680270c8a15527aa841f00a4d63b89dc6d30e8c01eb79975265d870eec358a"}
{"UtcTime":"2026-08-12 10:58:40.000","Computer":"TN-FIN-WS042","User":"TRANSNORTE\\ops.cardoso","EventID":13,"Image":"C:\\Windows\\System32\\RuntimeBroker.exe","ProcessGuid":"{00B2B42C-BBBF-2026-ACCA-54FD765518AA}","ProcessId":2715,"EventType":"SetValue","TargetObject":"HKCU\\Software\\Microsoft\\Office\\16.0\\Outlook\\Resiliency\\4720","Details":"1"}
{"UtcTime":"2026-08-12 10:58:41.000","Computer":"TN-FIN-WS042","User":"TRANSNORTE\\ops.cardoso","EventID":13,"Image":"C:\\Windows\\explorer.exe","ProcessGuid":"{058E4A89-5408-2026-3FE5-96F06CA8D1D5}","ProcessId":836,"EventType":"SetValue","TargetObject":"HKCU\\Software\\Microsoft\\Office\\16.0\\Outlook\\Resiliency\\4721","Details":"1"}
{"UtcTime":"2026-08-12 10:58:42.000","Computer":"TN-FIN-WS042","User":"TRANSNORTE\\ops.cardoso","EventID":1,"Image":"C:\\Windows\\System32\\svchost.exe","ProcessGuid":"{4EA20207-5DFF-2026-751B-CD9FF576192B}","ProcessId":3026,"CommandLine":"C:\\Windows\\System32\\svchost.exe","ParentImage":"C:\\Windows\\System32\\services.exe","ParentProcessGuid":"{31929100-57BB-2026-AD32-72F8047CE7E2}","OriginalFileName":"C:\\Windows\\System32\\svchost.exe","SHA256":"3d15a061346564c5e4f7566b3e6b8a66e1dd9494420201fd41001c2dc9e3b548"}
{"UtcTime":"2026-08-12 10:58:43.000","Computer":"TN-FIN-WS042","User":"TRANSNORTE\\ops.cardoso","EventID":3,"Image":"C:\\Windows\\System32\\conhost.exe","ProcessGuid":"{8F824D55-1F0C-2026-E7FF-00CD6CF5C3B7}","ProcessId":4622,"DestinationIp":"1.1.1.1","DestinationPort":135,"SourceIp":"10.50.10.42","Protocol":"tcp"}
{"UtcTime":"2026-08-12 10:58:44.000","Computer":"TN-FIN-WS042","User":"TRANSNORTE\\ops.cardoso","EventID":5,"Image":"C:\\Program Files\\Microsoft Office\\Office16\\OUTLOOK.EXE","ProcessGuid":"{A52EF7CB-FFA5-2026-7A4A-A55456E65B07}","ProcessId":7344,"EventType":"End"}
{"UtcTime":"2026-08-12 10:58:45.000","Computer":"TN-FIN-WS042","User":"TRANSNORTE\\backup_svc","EventID":1,"Image":"C:\\Program Files\\Microsoft Office\\Office16\\OUTLOOK.EXE","ProcessGuid":"{003DBEE5-47FB-2026-076F-47FFE4D931FA}","ProcessId":2367,"CommandLine":"C:\\Program Files\\Microsoft Office\\Office16\\OUTLOOK.EXE","ParentImage":"C:\\Windows\\System32\\services.exe","ParentProcessGuid":"{96C450EA-F684-2026-E10D-820CBF380E55}","OriginalFileName":"C:\\Program Files\\Microsoft Office\\Office16\\OUTLOOK.EXE","SHA256":"b680e31dc04abfedc1afaf662d332c56c860dfb8294b602594952d71742a02be"}
{"UtcTime":"2026-08-12 10:58:46.000","Computer":"TN-FIN-WS042","User":"TRANSNORTE\\backup_svc","EventID":13,"Image":"C:\\Windows\\System32\\RuntimeBroker.exe","ProcessGuid":"{03127381-6644-2026-CF23-22E46FD5D712}","ProcessId":2433,"EventType":"SetValue","TargetObject":"HKCU\\Software\\Microsoft\\Office\\16.0\\Outlook\\Resiliency\\4726","Details":"1"}
{"UtcTime":"2026-08-12 10:58:47.000","Computer":"TN-FIN-WS042","User":"TRANSNORTE\\backup_svc","EventID":1,"Image":"C:\\Windows\\System32\\svchost.exe","ProcessGuid":"{45E12A4A-D384-2026-12B6-45436B7A5A76}","ProcessId":4946,"CommandLine":"C:\\Windows\\System32\\svchost.exe","ParentImage":"C:\\Windows\\System32\\services.exe","ParentProcessGuid":"{88A977F2-BB6B-2026-498E-21672148BD97}","OriginalFileName":"C:\\Windows\\System32\\svchost.exe","SHA256":"bfc4c12da2d5ea8b48c337f2bc689172caef30625a548a0ffc72bdabe82e05b3"}
{"UtcTime":"2026-08-12 10:58:48.000","Computer":"TN-FIN-WS042","User":"TRANSNORTE\\ops.cardoso","EventID":5,"Image":"C:\\Program Files\\Microsoft Office\\Office16\\OUTLOOK.EXE","ProcessGuid":"{346FF91A-0313-2026-4B96-62F31C825275}","ProcessId":6379,"EventType":"End"}
{"UtcTime":"2026-08-12 10:58:49.000","Computer":"TN-FIN-WS042","User":"TRANSNORTE\\backup_svc","EventID":11,"Image":"C:\\Program Files\\Microsoft Office\\Office16\\OUTLOOK.EXE","ProcessGuid":"{7867AD95-1B3C-2026-E9F7-B3E038B01A9A}","ProcessId":2329,"TargetFilename":"C:\\Users\\ops.cardoso\\AppData\\Local\\Temp\\office-4729.tmp"}
{"UtcTime":"2026-08-12 10:58:50.000","Computer":"TN-FIN-WS042","User":"TRANSNORTE\\backup_svc","EventID":1,"Image":"C:\\Windows\\System32\\conhost.exe","ProcessGuid":"{A1EF1DB8-8AA7-2026-1049-610EB73F6FB2}","ProcessId":1477,"CommandLine":"C:\\Windows\\System32\\conhost.exe","ParentImage":"C:\\Windows\\System32\\services.exe","ParentProcessGuid":"{BC4DDB5F-3178-2026-65A3-21C2CB4E2A3D}","OriginalFileName":"C:\\Windows\\System32\\conhost.exe","SHA256":"f6e11d1f80cfd9176197bb18fb631c1c777d2bccc6807a4fc78e3310a8abbdd2"}
{"UtcTime":"2026-08-12 10:58:51.000","Computer":"TN-FIN-WS042","User":"TRANSNORTE\\backup_svc","EventID":1,"Image":"C:\\Windows\\explorer.exe","ProcessGuid":"{D9A23EC7-D388-2026-1809-094A278DA61B}","ProcessId":4871,"CommandLine":"C:\\Windows\\explorer.exe","ParentImage":"C:\\Windows\\System32\\services.exe","ParentProcessGuid":"{77CF9DFA-4B50-2026-FA19-71B46EA40F57}","OriginalFileName":"C:\\Windows\\explorer.exe","SHA256":"adab50791db6e5c67fd4cae67b29ac69f74aa29a46ed8d3fb6e71eb1aa9ef644"}
{"UtcTime":"2026-08-12 10:58:52.000","Computer":"TN-FIN-WS042","User":"TRANSNORTE\\ops.cardoso","EventID":1,"Image":"C:\\Windows\\explorer.exe","ProcessGuid":"{E0F38FD9-6328-2026-B4E4-6A8BFE0CA5A3}","ProcessId":8331,"CommandLine":"C:\\Windows\\explorer.exe","ParentImage":"C:\\Windows\\System32\\services.exe","ParentProcessGuid":"{E5042017-2611-2026-0F8B-BA961CE81B89}","OriginalFileName":"C:\\Windows\\explorer.exe","SHA256":"313f84253bb582315ee94f6e7809fb92363d854b0322db3e2682bc31ce573b89"}
{"UtcTime":"2026-08-12 10:58:53.000","Computer":"TN-FIN-WS042","User":"TRANSNORTE\\backup_svc","EventID":1,"Image":"C:\\Windows\\System32\\conhost.exe","ProcessGuid":"{B8AD0977-52AE-2026-138F-F27694F2D81C}","ProcessId":8148,"CommandLine":"C:\\Windows\\System32\\conhost.exe","ParentImage":"C:\\Windows\\System32\\services.exe","ParentProcessGuid":"{1A5DE94D-C020-2026-B9A1-7B9CFBC97F30}","OriginalFileName":"C:\\Windows\\System32\\conhost.exe","SHA256":"7428ddcd160bf41a106f07bc022f3c5e00a7b9e4903339665e023c6c617c541b"}
{"UtcTime":"2026-08-12 10:58:54.000","Computer":"TN-FIN-WS042","User":"TRANSNORTE\\backup_svc","EventID":1,"Image":"C:\\Program Files\\Google\\Chrome\\Application\\chrome.exe","ProcessGuid":"{2DFC67CE-EE72-2026-74E4-5E7B92195F6B}","ProcessId":1569,"CommandLine":"C:\\Program Files\\Google\\Chrome\\Application\\chrome.exe","ParentImage":"C:\\Windows\\System32\\services.exe","ParentProcessGuid":"{7EF3ACD0-A3EE-2026-01CF-20888AF62A1C}","OriginalFileName":"C:\\Program Files\\Google\\Chrome\\Application\\chrome.exe","SHA256":"54b3d297706bb009df0569e7994727e1463d16d52104f44147179ce4b615ecae"}
{"UtcTime":"2026-08-12 10:58:55.000","Computer":"TN-FIN-WS042","User":"TRANSNORTE\\backup_svc","EventID":13,"Image":"C:\\Windows\\System32\\RuntimeBroker.exe","ProcessGuid":"{7241AB90-8A68-2026-B808-A59B6D870491}","ProcessId":8182,"EventType":"SetValue","TargetObject":"HKCU\\Software\\Microsoft\\Office\\16.0\\Outlook\\Resiliency\\4735","Details":"1"}
{"UtcTime":"2026-08-12 10:58:56.000","Computer":"TN-FIN-WS042","User":"TRANSNORTE\\ops.cardoso","EventID":3,"Image":"C:\\Windows\\System32\\svchost.exe","ProcessGuid":"{8FF31F6F-9EE8-2026-D398-79D12CBF8F9A}","ProcessId":1606,"DestinationIp":"10.50.10.10","DestinationPort":8080,"SourceIp":"10.50.10.42","Protocol":"tcp"}
{"UtcTime":"2026-08-12 10:58:57.000","Computer":"TN-FIN-WS042","User":"TRANSNORTE\\backup_svc","EventID":1,"Image":"C:\\Program Files\\Microsoft Office\\Office16\\OUTLOOK.EXE","ProcessGuid":"{BD35CB39-3B58-2026-5118-9A246A5EAE5F}","ProcessId":2637,"CommandLine":"C:\\Program Files\\Microsoft Office\\Office16\\OUTLOOK.EXE","ParentImage":"C:\\Windows\\System32\\services.exe","ParentProcessGuid":"{36DE4D66-99DA-2026-21E8-4F51E4D5CA47}","OriginalFileName":"C:\\Program Files\\Microsoft Office\\Office16\\OUTLOOK.EXE","SHA256":"0a7dc2f8ea44e5d7e9d9262d8541a52edf6ffe7959bc4f0b63726ddc8ebb1661"}
{"UtcTime":"2026-08-12 10:58:58.000","Computer":"TN-FIN-WS042","User":"TRANSNORTE\\backup_svc","EventID":13,"Image":"C:\\Windows\\System32\\conhost.exe","ProcessGuid":"{654F3E57-FFDC-2026-84EB-054FE87A6168}","ProcessId":6624,"EventType":"SetValue","TargetObject":"HKCU\\Software\\Microsoft\\Office\\16.0\\Outlook\\Resiliency\\4738","Details":"1"}
{"UtcTime":"2026-08-12 10:58:59.000","Computer":"TN-FIN-WS042","User":"TRANSNORTE\\ops.cardoso","EventID":1,"Image":"C:\\Windows\\explorer.exe","ProcessGuid":"{63F4233A-6ABC-2026-81C4-ABE5F075C856}","ProcessId":2741,"CommandLine":"C:\\Windows\\explorer.exe","ParentImage":"C:\\Windows\\System32\\services.exe","ParentProcessGuid":"{559B8D5E-3409-2026-3CC8-2EA158C124E6}","OriginalFileName":"C:\\Windows\\explorer.exe","SHA256":"ed9e7e2e1e3532a52241460f87b260ed2d3e3c099f078aa05e621564ed6dac43"}
{"UtcTime":"2026-08-12 10:59:00.000","Computer":"TN-FIN-WS042","User":"TRANSNORTE\\backup_svc","EventID":1,"Image":"C:\\Program Files\\Google\\Chrome\\Application\\chrome.exe","ProcessGuid":"{6A481329-8FAC-2026-FD3E-2FC9379A5584}","ProcessId":1974,"CommandLine":"C:\\Program Files\\Google\\Chrome\\Application\\chrome.exe","ParentImage":"C:\\Windows\\System32\\services.exe","ParentProcessGuid":"{98645696-D843-2026-E8D1-CF04E611FF12}","OriginalFileName":"C:\\Program Files\\Google\\Chrome\\Application\\chrome.exe","SHA256":"2210c575a3c680f26267c025b57f39a55d1e85f6855b01743395d0d2b165f712"}
{"UtcTime":"2026-08-12 10:59:01.000","Computer":"TN-FIN-WS042","User":"TRANSNORTE\\ops.cardoso","EventID":13,"Image":"C:\\Windows\\System32\\RuntimeBroker.exe","ProcessGuid":"{DBB82F44-7FBE-2026-9072-4F8C8B183549}","ProcessId":7334,"EventType":"SetValue","TargetObject":"HKCU\\Software\\Microsoft\\Office\\16.0\\Outlook\\Resiliency\\4741","Details":"1"}
{"UtcTime":"2026-08-12 10:59:02.000","Computer":"TN-FIN-WS042","User":"TRANSNORTE\\backup_svc","EventID":13,"Image":"C:\\Windows\\System32\\svchost.exe","ProcessGuid":"{7E1AE0DE-0AA6-2026-83D6-B421E26DFD5A}","ProcessId":2132,"EventType":"SetValue","TargetObject":"HKCU\\Software\\Microsoft\\Office\\16.0\\Outlook\\Resiliency\\4742","Details":"1"}
{"UtcTime":"2026-08-12 10:59:03.000","Computer":"TN-FIN-WS042","User":"TRANSNORTE\\backup_svc","EventID":1,"Image":"C:\\Program Files\\Google\\Chrome\\Application\\chrome.exe","ProcessGuid":"{B23BA399-745D-2026-24B4-4500BF2E1526}","ProcessId":6293,"CommandLine":"C:\\Program Files\\Google\\Chrome\\Application\\chrome.exe","ParentImage":"C:\\Windows\\System32\\services.exe","ParentProcessGuid":"{BC9EC6EE-FCCC-2026-1A26-21340799D2E9}","OriginalFileName":"C:\\Program Files\\Google\\Chrome\\Application\\chrome.exe","SHA256":"0be7a3d5e4de5fba624a2fc1613f0d68d83521bc0ecb9141e1e084e6c6b1b4db"}
{"UtcTime":"2026-08-12 10:59:04.000","Computer":"TN-FIN-WS042","User":"TRANSNORTE\\ops.cardoso","EventID":3,"Image":"C:\\Windows\\System32\\conhost.exe","ProcessGuid":"{FB26C2D3-9BA6-2026-54C9-16173AAA8DBB}","ProcessId":4605,"DestinationIp":"1.1.1.1","DestinationPort":443,"SourceIp":"10.50.10.42","Protocol":"tcp"}
{"UtcTime":"2026-08-12 10:59:05.000","Computer":"TN-FIN-WS042","User":"TRANSNORTE\\backup_svc","EventID":5,"Image":"C:\\Program Files\\Microsoft Office\\Office16\\OUTLOOK.EXE","ProcessGuid":"{8CCB4C7F-D9DA-2026-F170-50DDE60EDB59}","ProcessId":943,"EventType":"End"}
{"UtcTime":"2026-08-12 10:59:06.000","Computer":"TN-FIN-WS042","User":"TRANSNORTE\\ops.cardoso","EventID":3,"Image":"C:\\Windows\\System32\\svchost.exe","ProcessGuid":"{98B7D85D-6552-2026-55E6-F75E876491A0}","ProcessId":8182,"DestinationIp":"10.50.10.10","DestinationPort":135,"SourceIp":"10.50.10.42","Protocol":"tcp"}
{"UtcTime":"2026-08-12 10:59:07.000","Computer":"TN-FIN-WS042","User":"TRANSNORTE\\ops.cardoso","EventID":11,"Image":"C:\\Windows\\System32\\conhost.exe","ProcessGuid":"{56E9FBC7-5E45-2026-3C7D-ACE039B2C449}","ProcessId":3362,"TargetFilename":"C:\\Users\\ops.cardoso\\AppData\\Local\\Temp\\office-4747.tmp"}
{"UtcTime":"2026-08-12 10:59:08.000","Computer":"TN-FIN-WS042","User":"TRANSNORTE\\ops.cardoso","EventID":11,"Image":"C:\\Program Files\\Microsoft Office\\Office16\\OUTLOOK.EXE","ProcessGuid":"{130224FC-87C7-2026-CFF4-03D59B8C7F21}","ProcessId":8110,"TargetFilename":"C:\\Users\\ops.cardoso\\AppData\\Local\\Temp\\office-4748.tmp"}
{"UtcTime":"2026-08-12 10:59:09.000","Computer":"TN-FIN-WS042","User":"TRANSNORTE\\backup_svc","EventID":5,"Image":"C:\\Program Files\\Microsoft Office\\Office16\\OUTLOOK.EXE","ProcessGuid":"{E5A58749-C611-2026-6133-8888DCDA41A3}","ProcessId":6922,"EventType":"End"}
{"UtcTime":"2026-08-12 10:59:10.000","Computer":"TN-FIN-WS042","User":"TRANSNORTE\\backup_svc","EventID":3,"Image":"C:\\Windows\\System32\\RuntimeBroker.exe","ProcessGuid":"{048EE996-A0F9-2026-AA4C-111D1C4695D3}","ProcessId":7201,"DestinationIp":"8.8.8.8","DestinationPort":53,"SourceIp":"10.50.10.42","Protocol":"tcp"}
{"UtcTime":"2026-08-12 10:59:11.000","Computer":"TN-FIN-WS042","User":"TRANSNORTE\\backup_svc","EventID":1,"Image":"C:\\Windows\\System32\\conhost.exe","ProcessGuid":"{53E7FB13-D9C2-2026-6A52-9D5968CDCE68}","ProcessId":8891,"CommandLine":"C:\\Windows\\System32\\conhost.exe","ParentImage":"C:\\Windows\\System32\\services.exe","ParentProcessGuid":"{755AA27A-C527-2026-2E5C-EECECCE01D73}","OriginalFileName":"C:\\Windows\\System32\\conhost.exe","SHA256":"fee0e9db63b3cdf80a30f2bb32026e8bc30b34dfca2524357a2ca981a0cd1043"}
{"UtcTime":"2026-08-12 10:59:12.000","Computer":"TN-FIN-WS042","User":"TRANSNORTE\\ops.cardoso","EventID":1,"Image":"C:\\Windows\\System32\\conhost.exe","ProcessGuid":"{9C7A6C5B-2FB2-2026-B066-64766491FD8F}","ProcessId":2401,"CommandLine":"C:\\Windows\\System32\\conhost.exe","ParentImage":"C:\\Windows\\System32\\services.exe","ParentProcessGuid":"{2286C24E-0C4C-2026-A513-674F2F993EFF}","OriginalFileName":"C:\\Windows\\System32\\conhost.exe","SHA256":"6d2296e868befb371794084bbddb89aab30e087c9ccaeba3445fb895fb4a1d02"}
{"UtcTime":"2026-08-12 10:59:13.000","Computer":"TN-FIN-WS042","User":"TRANSNORTE\\backup_svc","EventID":13,"Image":"C:\\Windows\\System32\\conhost.exe","ProcessGuid":"{A37065DD-63B4-2026-B461-CB47FDEB8064}","ProcessId":5064,"EventType":"SetValue","TargetObject":"HKCU\\Software\\Microsoft\\Office\\16.0\\Outlook\\Resiliency\\4753","Details":"1"}
{"UtcTime":"2026-08-12 10:59:14.000","Computer":"TN-FIN-WS042","User":"TRANSNORTE\\backup_svc","EventID":13,"Image":"C:\\Windows\\System32\\conhost.exe","ProcessGuid":"{1326E889-4F26-2026-BFBD-5410700E92EE}","ProcessId":3182,"EventType":"SetValue","TargetObject":"HKCU\\Software\\Microsoft\\Office\\16.0\\Outlook\\Resiliency\\4754","Details":"1"}
{"UtcTime":"2026-08-12 10:59:15.000","Computer":"TN-FIN-WS042","User":"TRANSNORTE\\backup_svc","EventID":3,"Image":"C:\\Windows\\System32\\svchost.exe","ProcessGuid":"{3362BDFF-7474-2026-DE52-3A5507B86D48}","ProcessId":7220,"DestinationIp":"10.50.10.10","DestinationPort":443,"SourceIp":"10.50.10.42","Protocol":"tcp"}
{"UtcTime":"2026-08-12 10:59:16.000","Computer":"TN-FIN-WS042","User":"TRANSNORTE\\ops.cardoso","EventID":5,"Image":"C:\\Windows\\System32\\conhost.exe","ProcessGuid":"{9F5F5C33-C3D2-2026-3BCD-80B7993B2A56}","ProcessId":8713,"EventType":"End"}
{"UtcTime":"2026-08-12 10:59:17.000","Computer":"TN-FIN-WS042","User":"TRANSNORTE\\backup_svc","EventID":3,"Image":"C:\\Windows\\System32\\svchost.exe","ProcessGuid":"{93D2F984-D353-2026-D89A-A844B0E567C9}","ProcessId":1299,"DestinationIp":"10.50.10.10","DestinationPort":8080,"SourceIp":"10.50.10.42","Protocol":"tcp"}
{"UtcTime":"2026-08-12 10:59:18.000","Computer":"TN-FIN-WS042","User":"TRANSNORTE\\ops.cardoso","EventID":3,"Image":"C:\\Program Files\\Google\\Chrome\\Application\\chrome.exe","ProcessGuid":"{AA5F72B1-7518-2026-851B-1E6007CDC725}","ProcessId":7961,"DestinationIp":"10.50.10.10","DestinationPort":8080,"SourceIp":"10.50.10.42","Protocol":"tcp"}
{"UtcTime":"2026-08-12 10:59:19.000","Computer":"TN-FIN-WS042","User":"TRANSNORTE\\ops.cardoso","EventID":1,"Image":"C:\\Windows\\System32\\conhost.exe","ProcessGuid":"{78A07525-CDB2-2026-8924-2F76E0AB8851}","ProcessId":1150,"CommandLine":"C:\\Windows\\System32\\conhost.exe","ParentImage":"C:\\Windows\\System32\\services.exe","ParentProcessGuid":"{E63C0072-04AA-2026-65A6-BD4B62372E79}","OriginalFileName":"C:\\Windows\\System32\\conhost.exe","SHA256":"5138311c6ed6bdf3c87dcfabc03a23fc7aa5ec88ebe741e9bfa9293a4a32a3a1"}
{"UtcTime":"2026-08-12 10:59:20.000","Computer":"TN-FIN-WS042","User":"TRANSNORTE\\ops.cardoso","EventID":11,"Image":"C:\\Windows\\System32\\RuntimeBroker.exe","ProcessGuid":"{DC41477C-221D-2026-B88F-C7C8D285B03A}","ProcessId":1869,"TargetFilename":"C:\\Users\\ops.cardoso\\AppData\\Local\\Temp\\office-4760.tmp"}
{"UtcTime":"2026-08-12 10:59:21.000","Computer":"TN-FIN-WS042","User":"TRANSNORTE\\ops.cardoso","EventID":13,"Image":"C:\\Program Files\\Microsoft Office\\Office16\\OUTLOOK.EXE","ProcessGuid":"{D5A3B181-270C-2026-B698-21CDD652A7E7}","ProcessId":8862,"EventType":"SetValue","TargetObject":"HKCU\\Software\\Microsoft\\Office\\16.0\\Outlook\\Resiliency\\4761","Details":"1"}
{"UtcTime":"2026-08-12 10:59:22.000","Computer":"TN-FIN-WS042","User":"TRANSNORTE\\backup_svc","EventID":3,"Image":"C:\\Program Files\\Microsoft Office\\Office16\\OUTLOOK.EXE","ProcessGuid":"{2ABF1C2C-FA6B-2026-04E6-A717EADFA29A}","ProcessId":3940,"DestinationIp":"10.50.10.10","DestinationPort":135,"SourceIp":"10.50.10.42","Protocol":"tcp"}
{"UtcTime":"2026-08-12 10:59:23.000","Computer":"TN-FIN-WS042","User":"TRANSNORTE\\backup_svc","EventID":1,"Image":"C:\\Program Files\\Microsoft Office\\Office16\\OUTLOOK.EXE","ProcessGuid":"{0FFEB86E-360B-2026-A7D8-DF40A7ABDE3D}","ProcessId":5985,"CommandLine":"C:\\Program Files\\Microsoft Office\\Office16\\OUTLOOK.EXE","ParentImage":"C:\\Windows\\System32\\services.exe","ParentProcessGuid":"{F69A0C6A-BAD4-2026-20AC-E57FA223DB7D}","OriginalFileName":"C:\\Program Files\\Microsoft Office\\Office16\\OUTLOOK.EXE","SHA256":"321b6c45858f1baf6ab542a9d2e3a3ce19c41afbd9a1244b6621be44f2f7b740"}
{"UtcTime":"2026-08-12 10:59:24.000","Computer":"TN-FIN-WS042","User":"TRANSNORTE\\backup_svc","EventID":13,"Image":"C:\\Windows\\System32\\svchost.exe","ProcessGuid":"{F98EA8C3-2492-2026-265F-F4A723BC8AB1}","ProcessId":3805,"EventType":"SetValue","TargetObject":"HKCU\\Software\\Microsoft\\Office\\16.0\\Outlook\\Resiliency\\4764","Details":"1"}
{"UtcTime":"2026-08-12 10:59:25.000","Computer":"TN-FIN-WS042","User":"TRANSNORTE\\backup_svc","EventID":13,"Image":"C:\\Windows\\System32\\conhost.exe","ProcessGuid":"{A5A8A32D-B85C-2026-D768-789D9DBCFCD8}","ProcessId":5525,"EventType":"SetValue","TargetObject":"HKCU\\Software\\Microsoft\\Office\\16.0\\Outlook\\Resiliency\\4765","Details":"1"}
{"UtcTime":"2026-08-12 10:59:26.000","Computer":"TN-FIN-WS042","User":"TRANSNORTE\\backup_svc","EventID":1,"Image":"C:\\Windows\\System32\\conhost.exe","ProcessGuid":"{5B06A1DE-7FA7-2026-D968-D138F4835452}","ProcessId":1793,"CommandLine":"C:\\Windows\\System32\\conhost.exe","ParentImage":"C:\\Windows\\System32\\services.exe","ParentProcessGuid":"{EDDC4065-78E0-2026-C0D6-9C5BBF240804}","OriginalFileName":"C:\\Windows\\System32\\conhost.exe","SHA256":"a956d77baa1157b9306a263dae62e2d42bc7ee54d6d709de7e7b62172daee3dc"}
{"UtcTime":"2026-08-12 10:59:27.000","Computer":"TN-FIN-WS042","User":"TRANSNORTE\\ops.cardoso","EventID":13,"Image":"C:\\Program Files\\Google\\Chrome\\Application\\chrome.exe","ProcessGuid":"{5ABE7610-132E-2026-711B-3F3BD7D12BF9}","ProcessId":8457,"EventType":"SetValue","TargetObject":"HKCU\\Software\\Microsoft\\Office\\16.0\\Outlook\\Resiliency\\4767","Details":"1"}
{"UtcTime":"2026-08-12 10:59:28.000","Computer":"TN-FIN-WS042","User":"TRANSNORTE\\backup_svc","EventID":5,"Image":"C:\\Windows\\System32\\svchost.exe","ProcessGuid":"{B4746F54-4770-2026-3B1C-B6295E7FA2C0}","ProcessId":6770,"EventType":"End"}
{"UtcTime":"2026-08-12 10:59:29.000","Computer":"TN-FIN-WS042","User":"TRANSNORTE\\backup_svc","EventID":13,"Image":"C:\\Windows\\System32\\svchost.exe","ProcessGuid":"{FFEE0705-7448-2026-4305-FC8F623CA3C6}","ProcessId":4078,"EventType":"SetValue","TargetObject":"HKCU\\Software\\Microsoft\\Office\\16.0\\Outlook\\Resiliency\\4769","Details":"1"}
{"UtcTime":"2026-08-12 10:59:30.000","Computer":"TN-FIN-WS042","User":"TRANSNORTE\\backup_svc","EventID":11,"Image":"C:\\Windows\\explorer.exe","ProcessGuid":"{69DB30F3-6783-2026-F2EC-381C632E321F}","ProcessId":8497,"TargetFilename":"C:\\Users\\ops.cardoso\\AppData\\Local\\Temp\\office-4770.tmp"}
{"UtcTime":"2026-08-12 10:59:31.000","Computer":"TN-FIN-WS042","User":"TRANSNORTE\\ops.cardoso","EventID":11,"Image":"C:\\Windows\\explorer.exe","ProcessGuid":"{F3EEE7A1-83EA-2026-F269-C9246960D196}","ProcessId":1680,"TargetFilename":"C:\\Users\\ops.cardoso\\AppData\\Local\\Temp\\office-4771.tmp"}
{"UtcTime":"2026-08-12 10:59:32.000","Computer":"TN-FIN-WS042","User":"TRANSNORTE\\backup_svc","EventID":13,"Image":"C:\\Program Files\\Microsoft Office\\Office16\\OUTLOOK.EXE","ProcessGuid":"{51BE827E-CF19-2026-35EE-B8825394042B}","ProcessId":6453,"EventType":"SetValue","TargetObject":"HKCU\\Software\\Microsoft\\Office\\16.0\\Outlook\\Resiliency\\4772","Details":"1"}
{"UtcTime":"2026-08-12 10:59:33.000","Computer":"TN-FIN-WS042","User":"TRANSNORTE\\backup_svc","EventID":11,"Image":"C:\\Windows\\System32\\svchost.exe","ProcessGuid":"{29CCBBAE-5AEC-2026-B20C-F0C0A634FE28}","ProcessId":3023,"TargetFilename":"C:\\Users\\ops.cardoso\\AppData\\Local\\Temp\\office-4773.tmp"}
{"UtcTime":"2026-08-12 10:59:34.000","Computer":"TN-FIN-WS042","User":"TRANSNORTE\\backup_svc","EventID":1,"Image":"C:\\Windows\\System32\\conhost.exe","ProcessGuid":"{810A2592-BAA8-2026-6492-36C13430825C}","ProcessId":5013,"CommandLine":"C:\\Windows\\System32\\conhost.exe","ParentImage":"C:\\Windows\\System32\\services.exe","ParentProcessGuid":"{E37E580A-DECC-2026-42BB-D06F16A37B21}","OriginalFileName":"C:\\Windows\\System32\\conhost.exe","SHA256":"d6129e23add6b98648a7f47b966bf4a29615f3a8414c97081129d50f7a28b1e8"}
{"UtcTime":"2026-08-12 10:59:35.000","Computer":"TN-FIN-WS042","User":"TRANSNORTE\\ops.cardoso","EventID":11,"Image":"C:\\Program Files\\Microsoft Office\\Office16\\OUTLOOK.EXE","ProcessGuid":"{1812D8F4-D051-2026-763F-B3327F5D95C7}","ProcessId":3889,"TargetFilename":"C:\\Users\\ops.cardoso\\AppData\\Local\\Temp\\office-4775.tmp"}
{"UtcTime":"2026-08-12 10:59:36.000","Computer":"TN-FIN-WS042","User":"TRANSNORTE\\backup_svc","EventID":11,"Image":"C:\\Program Files\\Microsoft Office\\Office16\\OUTLOOK.EXE","ProcessGuid":"{08613973-740E-2026-3CAA-E227B4E51740}","ProcessId":6595,"TargetFilename":"C:\\Users\\ops.cardoso\\AppData\\Local\\Temp\\office-4776.tmp"}
{"UtcTime":"2026-08-12 10:59:37.000","Computer":"TN-FIN-WS042","User":"TRANSNORTE\\backup_svc","EventID":1,"Image":"C:\\Windows\\System32\\RuntimeBroker.exe","ProcessGuid":"{39E02C68-60AB-2026-3FF3-BD28179E5F87}","ProcessId":1665,"CommandLine":"C:\\Windows\\System32\\RuntimeBroker.exe","ParentImage":"C:\\Windows\\System32\\services.exe","ParentProcessGuid":"{79DF6164-667F-2026-02C5-E3CAF7142323}","OriginalFileName":"C:\\Windows\\System32\\RuntimeBroker.exe","SHA256":"2cd5692d95a59be07c318354ddfd62762f47f4d18f15e21633d35e2ca3fbd532"}
{"UtcTime":"2026-08-12 10:59:38.000","Computer":"TN-FIN-WS042","User":"TRANSNORTE\\ops.cardoso","EventID":5,"Image":"C:\\Windows\\System32\\svchost.exe","ProcessGuid":"{AD322287-D2C5-2026-44FE-C64BD3E3AC3D}","ProcessId":6198,"EventType":"End"}
{"UtcTime":"2026-08-12 10:59:39.000","Computer":"TN-FIN-WS042","User":"TRANSNORTE\\ops.cardoso","EventID":3,"Image":"C:\\Program Files\\Microsoft Office\\Office16\\OUTLOOK.EXE","ProcessGuid":"{E305257C-C291-2026-D72E-4956C46386F6}","ProcessId":3584,"DestinationIp":"10.50.10.88","DestinationPort":135,"SourceIp":"10.50.10.42","Protocol":"tcp"}
{"UtcTime":"2026-08-12 10:59:40.000","Computer":"TN-FIN-WS042","User":"TRANSNORTE\\backup_svc","EventID":5,"Image":"C:\\Windows\\System32\\RuntimeBroker.exe","ProcessGuid":"{158C1423-A9E8-2026-632F-22E0206B989D}","ProcessId":4738,"EventType":"End"}
{"UtcTime":"2026-08-12 10:59:41.000","Computer":"TN-FIN-WS042","User":"TRANSNORTE\\backup_svc","EventID":3,"Image":"C:\\Windows\\System32\\RuntimeBroker.exe","ProcessGuid":"{624D273C-CA4A-2026-A5A9-4DD1830722C8}","ProcessId":5286,"DestinationIp":"8.8.8.8","DestinationPort":53,"SourceIp":"10.50.10.42","Protocol":"tcp"}
{"UtcTime":"2026-08-12 10:59:42.000","Computer":"TN-FIN-WS042","User":"TRANSNORTE\\ops.cardoso","EventID":5,"Image":"C:\\Windows\\System32\\svchost.exe","ProcessGuid":"{652AF86F-9597-2026-F1BE-7FC088FD8210}","ProcessId":6612,"EventType":"End"}
{"UtcTime":"2026-08-12 10:59:43.000","Computer":"TN-FIN-WS042","User":"TRANSNORTE\\backup_svc","EventID":1,"Image":"C:\\Program Files\\Google\\Chrome\\Application\\chrome.exe","ProcessGuid":"{99816C44-45A8-2026-E71D-9E933613F2CA}","ProcessId":2216,"CommandLine":"C:\\Program Files\\Google\\Chrome\\Application\\chrome.exe","ParentImage":"C:\\Windows\\System32\\services.exe","ParentProcessGuid":"{79049FD0-83EE-2026-F475-C5F5220AE133}","OriginalFileName":"C:\\Program Files\\Google\\Chrome\\Application\\chrome.exe","SHA256":"8e20bdccaf34eaa74e422fa031db13ee8e3d3564c15a92ba6c99707b17622078"}
{"UtcTime":"2026-08-12 10:59:44.000","Computer":"TN-FIN-WS042","User":"TRANSNORTE\\backup_svc","EventID":1,"Image":"C:\\Program Files\\Google\\Chrome\\Application\\chrome.exe","ProcessGuid":"{F38CF778-47E0-2026-7247-FE46B003B3DA}","ProcessId":5061,"CommandLine":"C:\\Program Files\\Google\\Chrome\\Application\\chrome.exe","ParentImage":"C:\\Windows\\System32\\services.exe","ParentProcessGuid":"{67AE55F1-7AEB-2026-099D-DE5385F884A5}","OriginalFileName":"C:\\Program Files\\Google\\Chrome\\Application\\chrome.exe","SHA256":"bfdcfa5b00b999940c10f1dff7b59d5840566dc7f4ee8be8dd05873a313d6b5f"}
{"UtcTime":"2026-08-12 10:59:45.000","Computer":"TN-FIN-WS042","User":"TRANSNORTE\\ops.cardoso","EventID":11,"Image":"C:\\Windows\\System32\\svchost.exe","ProcessGuid":"{82490368-CC96-2026-64EF-2B88F5F628DC}","ProcessId":528,"TargetFilename":"C:\\Users\\ops.cardoso\\AppData\\Local\\Temp\\office-4785.tmp"}
{"UtcTime":"2026-08-12 10:59:46.000","Computer":"TN-FIN-WS042","User":"TRANSNORTE\\ops.cardoso","EventID":11,"Image":"C:\\Windows\\System32\\svchost.exe","ProcessGuid":"{1573754B-7505-2026-D2D5-42C688B97D09}","ProcessId":1166,"TargetFilename":"C:\\Users\\ops.cardoso\\AppData\\Local\\Temp\\office-4786.tmp"}
{"UtcTime":"2026-08-12 10:59:47.000","Computer":"TN-FIN-WS042","User":"TRANSNORTE\\backup_svc","EventID":11,"Image":"C:\\Program Files\\Microsoft Office\\Office16\\OUTLOOK.EXE","ProcessGuid":"{A6C61C84-045D-2026-E385-820A90C8DA47}","ProcessId":4034,"TargetFilename":"C:\\Users\\ops.cardoso\\AppData\\Local\\Temp\\office-4787.tmp"}
{"UtcTime":"2026-08-12 10:59:48.000","Computer":"TN-FIN-WS042","User":"TRANSNORTE\\backup_svc","EventID":11,"Image":"C:\\Windows\\explorer.exe","ProcessGuid":"{53B85801-D09C-2026-FE1D-105CDE36612A}","ProcessId":8421,"TargetFilename":"C:\\Users\\ops.cardoso\\AppData\\Local\\Temp\\office-4788.tmp"}
{"UtcTime":"2026-08-12 10:59:49.000","Computer":"TN-FIN-WS042","User":"TRANSNORTE\\ops.cardoso","EventID":5,"Image":"C:\\Windows\\System32\\RuntimeBroker.exe","ProcessGuid":"{0841F9E8-0C42-2026-5982-DEC3393E57E5}","ProcessId":2837,"EventType":"End"}
{"UtcTime":"2026-08-12 10:59:50.000","Computer":"TN-FIN-WS042","User":"TRANSNORTE\\ops.cardoso","EventID":3,"Image":"C:\\Windows\\System32\\svchost.exe","ProcessGuid":"{2EE14F70-AC31-2026-3F44-4ACD774F6BD2}","ProcessId":4505,"DestinationIp":"10.50.10.88","DestinationPort":443,"SourceIp":"10.50.10.42","Protocol":"tcp"}
{"UtcTime":"2026-08-12 10:59:51.000","Computer":"TN-FIN-WS042","User":"TRANSNORTE\\ops.cardoso","EventID":1,"Image":"C:\\Program Files\\Microsoft Office\\Office16\\OUTLOOK.EXE","ProcessGuid":"{AAF96047-39CA-2026-EC66-C378CCEAA4D0}","ProcessId":6388,"CommandLine":"C:\\Program Files\\Microsoft Office\\Office16\\OUTLOOK.EXE","ParentImage":"C:\\Windows\\System32\\services.exe","ParentProcessGuid":"{87316732-95B7-2026-4982-514F27C6E483}","OriginalFileName":"C:\\Program Files\\Microsoft Office\\Office16\\OUTLOOK.EXE","SHA256":"f010e053c6a2752bcee4afc0eb12a11a1102c97b9ee441a654b17f1800bbb895"}
{"UtcTime":"2026-08-12 10:59:52.000","Computer":"TN-FIN-WS042","User":"TRANSNORTE\\backup_svc","EventID":13,"Image":"C:\\Program Files\\Microsoft Office\\Office16\\OUTLOOK.EXE","ProcessGuid":"{F34F22A3-2F67-2026-4002-3B8ADAA973BC}","ProcessId":4553,"EventType":"SetValue","TargetObject":"HKCU\\Software\\Microsoft\\Office\\16.0\\Outlook\\Resiliency\\4792","Details":"1"}
{"UtcTime":"2026-08-12 10:59:53.000","Computer":"TN-FIN-WS042","User":"TRANSNORTE\\ops.cardoso","EventID":3,"Image":"C:\\Program Files\\Microsoft Office\\Office16\\OUTLOOK.EXE","ProcessGuid":"{E51CE5D0-A74A-2026-F1B9-9504924764DF}","ProcessId":8920,"DestinationIp":"8.8.8.8","DestinationPort":443,"SourceIp":"10.50.10.42","Protocol":"tcp"}
{"UtcTime":"2026-08-12 10:59:54.000","Computer":"TN-FIN-WS042","User":"TRANSNORTE\\backup_svc","EventID":1,"Image":"C:\\Windows\\explorer.exe","ProcessGuid":"{A4982A47-7844-2026-7B6C-CA384D9ECF63}","ProcessId":7508,"CommandLine":"C:\\Windows\\explorer.exe","ParentImage":"C:\\Windows\\System32\\services.exe","ParentProcessGuid":"{447C11E7-CC63-2026-4BCB-9D3716A48B98}","OriginalFileName":"C:\\Windows\\explorer.exe","SHA256":"b1fc03e13e6e884e10e5d49a976debcb13b64943140826deace454d4d7be49df"}
{"UtcTime":"2026-08-12 10:59:55.000","Computer":"TN-FIN-WS042","User":"TRANSNORTE\\ops.cardoso","EventID":1,"Image":"C:\\Windows\\System32\\svchost.exe","ProcessGuid":"{D0BC6211-4495-2026-51FA-C778E2ADC9FB}","ProcessId":8384,"CommandLine":"C:\\Windows\\System32\\svchost.exe","ParentImage":"C:\\Windows\\System32\\services.exe","ParentProcessGuid":"{7A4512DE-962C-2026-4B6D-392D7BB08E13}","OriginalFileName":"C:\\Windows\\System32\\svchost.exe","SHA256":"dc4c8462a93adbc4af7f689052e557fc2e69ebf04ea751bf9d3c9dc78091d439"}
{"UtcTime":"2026-08-12 10:59:56.000","Computer":"TN-FIN-WS042","User":"TRANSNORTE\\ops.cardoso","EventID":5,"Image":"C:\\Windows\\System32\\RuntimeBroker.exe","ProcessGuid":"{37F5968E-DD07-2026-CC34-558CAB59E227}","ProcessId":4776,"EventType":"End"}
{"UtcTime":"2026-08-12 10:59:57.000","Computer":"TN-FIN-WS042","User":"TRANSNORTE\\ops.cardoso","EventID":1,"Image":"C:\\Windows\\explorer.exe","ProcessGuid":"{DF91F52C-E777-2026-A2DD-1FD32492BD1D}","ProcessId":6505,"CommandLine":"C:\\Windows\\explorer.exe","ParentImage":"C:\\Windows\\System32\\services.exe","ParentProcessGuid":"{EEDD3B15-3892-2026-EA87-815917A69EBF}","OriginalFileName":"C:\\Windows\\explorer.exe","SHA256":"d1f6ba653b4b32064d7b18414448ab9d99bf6f844809f81d1a5b3d42110b3040"}
{"UtcTime":"2026-08-12 10:59:58.000","Computer":"TN-FIN-WS042","User":"TRANSNORTE\\backup_svc","EventID":1,"Image":"C:\\Windows\\System32\\RuntimeBroker.exe","ProcessGuid":"{71A34AC3-9117-2026-B0FA-BD247F3FC050}","ProcessId":8552,"CommandLine":"C:\\Windows\\System32\\RuntimeBroker.exe","ParentImage":"C:\\Windows\\System32\\services.exe","ParentProcessGuid":"{6BAFE19F-59A9-2026-606E-2FB9C74CA2C4}","OriginalFileName":"C:\\Windows\\System32\\RuntimeBroker.exe","SHA256":"c040022c9fea0a08d12ec2e514c0924c73741c09392f8cbc8141fddfe257ffc4"}
{"UtcTime":"2026-08-12 10:59:59.000","Computer":"TN-FIN-WS042","User":"TRANSNORTE\\backup_svc","EventID":1,"Image":"C:\\Program Files\\Microsoft Office\\Office16\\OUTLOOK.EXE","ProcessGuid":"{32DD44D4-ED7F-2026-1931-972E61782F05}","ProcessId":6042,"CommandLine":"C:\\Program Files\\Microsoft Office\\Office16\\OUTLOOK.EXE","ParentImage":"C:\\Windows\\System32\\services.exe","ParentProcessGuid":"{FA86EB94-C4E6-2026-9B74-1BE6AA3E1455}","OriginalFileName":"C:\\Program Files\\Microsoft Office\\Office16\\OUTLOOK.EXE","SHA256":"ef230336df8c352c37fb20ade0b5851b0f656114e2669b51280b7a3086227896"}
{"UtcTime":"2026-08-12 11:00:00.000","Computer":"TN-FIN-WS042","User":"TRANSNORTE\\ops.cardoso","EventID":3,"Image":"C:\\Windows\\System32\\svchost.exe","ProcessGuid":"{76253885-9797-2026-C040-747F0DAC4E91}","ProcessId":1965,"DestinationIp":"8.8.8.8","DestinationPort":53,"SourceIp":"10.50.10.42","Protocol":"tcp"}
{"UtcTime":"2026-08-12 11:00:01.000","Computer":"TN-FIN-WS042","User":"TRANSNORTE\\ops.cardoso","EventID":11,"Image":"C:\\Program Files\\Google\\Chrome\\Application\\chrome.exe","ProcessGuid":"{B6A14941-7A24-2026-5B0B-98E1AACF0687}","ProcessId":1239,"TargetFilename":"C:\\Users\\ops.cardoso\\AppData\\Local\\Temp\\office-4801.tmp"}
{"UtcTime":"2026-08-12 11:00:02.000","Computer":"TN-FIN-WS042","User":"TRANSNORTE\\ops.cardoso","EventID":11,"Image":"C:\\Program Files\\Microsoft Office\\Office16\\OUTLOOK.EXE","ProcessGuid":"{B799C357-E0C7-2026-2F1B-654A2C4B985D}","ProcessId":1016,"TargetFilename":"C:\\Users\\ops.cardoso\\AppData\\Local\\Temp\\office-4802.tmp"}
{"UtcTime":"2026-08-12 11:00:03.000","Computer":"TN-FIN-WS042","User":"TRANSNORTE\\ops.cardoso","EventID":5,"Image":"C:\\Windows\\System32\\conhost.exe","ProcessGuid":"{76ADCB6C-4E78-2026-DB5F-769649FC5A40}","ProcessId":4230,"EventType":"End"}
{"UtcTime":"2026-08-12 11:00:04.000","Computer":"TN-FIN-WS042","User":"TRANSNORTE\\ops.cardoso","EventID":1,"Image":"C:\\Program Files\\Microsoft Office\\Office16\\OUTLOOK.EXE","ProcessGuid":"{462FFEEF-BBB7-2026-3821-CB7CFE24294B}","ProcessId":7797,"CommandLine":"C:\\Program Files\\Microsoft Office\\Office16\\OUTLOOK.EXE","ParentImage":"C:\\Windows\\System32\\services.exe","ParentProcessGuid":"{574788D0-F211-2026-3905-1B4F250F4216}","OriginalFileName":"C:\\Program Files\\Microsoft Office\\Office16\\OUTLOOK.EXE","SHA256":"3780fadc44c79d0fcb40ba3fb0c47fe42cca753e2d18184984d12c01526c13d1"}
{"UtcTime":"2026-08-12 11:00:05.000","Computer":"TN-FIN-WS042","User":"TRANSNORTE\\ops.cardoso","EventID":1,"Image":"C:\\Windows\\explorer.exe","ProcessGuid":"{85D38ED2-C99E-2026-DD81-04229FB5486C}","ProcessId":713,"CommandLine":"C:\\Windows\\explorer.exe","ParentImage":"C:\\Windows\\System32\\services.exe","ParentProcessGuid":"{3DAE314F-369B-2026-7603-B52466245D12}","OriginalFileName":"C:\\Windows\\explorer.exe","SHA256":"cb7e84e3f074bca619ee8df62b3de693d2384a5099beca1487b9f6b877d04129"}
{"UtcTime":"2026-08-12 11:00:06.000","Computer":"TN-FIN-WS042","User":"TRANSNORTE\\backup_svc","EventID":1,"Image":"C:\\Windows\\explorer.exe","ProcessGuid":"{600C0217-3091-2026-0801-05109DF69A77}","ProcessId":1693,"CommandLine":"C:\\Windows\\explorer.exe","ParentImage":"C:\\Windows\\System32\\services.exe","ParentProcessGuid":"{4BF3263C-1238-2026-D689-A831EA62ABF5}","OriginalFileName":"C:\\Windows\\explorer.exe","SHA256":"2305d9fa14cda05f0dc416b265ed9fb39b33af27750f7188943bd740128bb427"}
{"UtcTime":"2026-08-12 11:00:07.000","Computer":"TN-FIN-WS042","User":"TRANSNORTE\\ops.cardoso","EventID":13,"Image":"C:\\Program Files\\Google\\Chrome\\Application\\chrome.exe","ProcessGuid":"{2FE54009-AC44-2026-C9BD-B73499382CD9}","ProcessId":8884,"EventType":"SetValue","TargetObject":"HKCU\\Software\\Microsoft\\Office\\16.0\\Outlook\\Resiliency\\4807","Details":"1"}
{"UtcTime":"2026-08-12 11:00:08.000","Computer":"TN-FIN-WS042","User":"TRANSNORTE\\backup_svc","EventID":3,"Image":"C:\\Program Files\\Microsoft Office\\Office16\\OUTLOOK.EXE","ProcessGuid":"{40BA22F5-D06B-2026-8CF8-C5E92DECC156}","ProcessId":8399,"DestinationIp":"10.50.10.10","DestinationPort":53,"SourceIp":"10.50.10.42","Protocol":"tcp"}
{"UtcTime":"2026-08-12 11:00:09.000","Computer":"TN-FIN-WS042","User":"TRANSNORTE\\ops.cardoso","EventID":3,"Image":"C:\\Program Files\\Google\\Chrome\\Application\\chrome.exe","ProcessGuid":"{3E71C479-F376-2026-B766-7613099AAB72}","ProcessId":1166,"DestinationIp":"10.50.10.88","DestinationPort":443,"SourceIp":"10.50.10.42","Protocol":"tcp"}
{"UtcTime":"2026-08-12 11:00:10.000","Computer":"TN-FIN-WS042","User":"TRANSNORTE\\ops.cardoso","EventID":5,"Image":"C:\\Windows\\System32\\RuntimeBroker.exe","ProcessGuid":"{A8D897D4-C08A-2026-90A8-BB3B7C1A6709}","ProcessId":443,"EventType":"End"}
{"UtcTime":"2026-08-12 11:00:11.000","Computer":"TN-FIN-WS042","User":"TRANSNORTE\\backup_svc","EventID":1,"Image":"C:\\Program Files\\Microsoft Office\\Office16\\OUTLOOK.EXE","ProcessGuid":"{E03BB1AB-CAF1-2026-4047-8081D05EC541}","ProcessId":7164,"CommandLine":"C:\\Program Files\\Microsoft Office\\Office16\\OUTLOOK.EXE","ParentImage":"C:\\Windows\\System32\\services.exe","ParentProcessGuid":"{F8CA1881-B09F-2026-5CC6-D1854D834F8C}","OriginalFileName":"C:\\Program Files\\Microsoft Office\\Office16\\OUTLOOK.EXE","SHA256":"d6ddbd27ff6cec650dd605b49ec7351c26549c2bfbb63141b5276b2985944575"}
{"UtcTime":"2026-08-12 11:00:12.000","Computer":"TN-FIN-WS042","User":"TRANSNORTE\\backup_svc","EventID":1,"Image":"C:\\Windows\\System32\\svchost.exe","ProcessGuid":"{C6F65005-EB47-2026-C456-DFB6F5CD6689}","ProcessId":2462,"CommandLine":"C:\\Windows\\System32\\svchost.exe","ParentImage":"C:\\Windows\\System32\\services.exe","ParentProcessGuid":"{0BDCA6DA-4609-2026-DEFB-7B5DE7240B7F}","OriginalFileName":"C:\\Windows\\System32\\svchost.exe","SHA256":"6ff280440cc716955ea7719a17f649cba87f8233b159c648629d9b82c6387523"}
{"UtcTime":"2026-08-12 11:00:13.000","Computer":"TN-FIN-WS042","User":"TRANSNORTE\\backup_svc","EventID":5,"Image":"C:\\Windows\\explorer.exe","ProcessGuid":"{6F60D0D9-0F9B-2026-5D77-82728E8100BE}","ProcessId":5280,"EventType":"End"}
{"UtcTime":"2026-08-12 11:00:14.000","Computer":"TN-FIN-WS042","User":"TRANSNORTE\\ops.cardoso","EventID":5,"Image":"C:\\Windows\\explorer.exe","ProcessGuid":"{086514C3-1B66-2026-9713-3890CA3857E4}","ProcessId":2872,"EventType":"End"}
{"UtcTime":"2026-08-12 11:00:15.000","Computer":"TN-FIN-WS042","User":"TRANSNORTE\\ops.cardoso","EventID":1,"Image":"C:\\Windows\\System32\\conhost.exe","ProcessGuid":"{7F1CA6B7-2062-2026-A60B-43C2F7B1ADF6}","ProcessId":2818,"CommandLine":"C:\\Windows\\System32\\conhost.exe","ParentImage":"C:\\Windows\\System32\\services.exe","ParentProcessGuid":"{492B98B8-A36C-2026-12C5-2F7E9CF01450}","OriginalFileName":"C:\\Windows\\System32\\conhost.exe","SHA256":"f607155d31353f113444efd69279816a13bc1e1f5c334053e72bb5decca6cca5"}
{"UtcTime":"2026-08-12 11:00:16.000","Computer":"TN-FIN-WS042","User":"TRANSNORTE\\backup_svc","EventID":13,"Image":"C:\\Program Files\\Microsoft Office\\Office16\\OUTLOOK.EXE","ProcessGuid":"{1A0D2872-9985-2026-A77F-6317260AF6F4}","ProcessId":1336,"EventType":"SetValue","TargetObject":"HKCU\\Software\\Microsoft\\Office\\16.0\\Outlook\\Resiliency\\4816","Details":"1"}
