{"UtcTime":"2026-08-12 09:48:05.000","Computer":"TN-FIN-WS042","User":"TRANSNORTE\\ops.cardoso","EventID":1,"Image":"C:\\Windows\\System32\\svchost.exe","ProcessGuid":"{52CF3C8B-0B2B-2026-5AC2-B70FC78CB9E0}","ProcessId":5793,"CommandLine":"C:\\Windows\\System32\\svchost.exe","ParentImage":"C:\\Windows\\System32\\services.exe","ParentProcessGuid":"{BF6EF6EF-D569-2026-7FF4-894FD11E5EC3}","OriginalFileName":"C:\\Windows\\System32\\svchost.exe","SHA256":"51a9db987f8b679267d03ebc9d444b1ff6b98df4b0fa1b594b07c19746d712f4"}
{"UtcTime":"2026-08-12 09:48:06.000","Computer":"TN-FIN-WS042","User":"TRANSNORTE\\backup_svc","EventID":3,"Image":"C:\\Windows\\explorer.exe","ProcessGuid":"{CE5FE79A-ED7B-2026-F024-C050A5670D9A}","ProcessId":7265,"DestinationIp":"8.8.8.8","DestinationPort":135,"SourceIp":"10.50.10.42","Protocol":"tcp"}
{"UtcTime":"2026-08-12 09:48:07.000","Computer":"TN-FIN-WS042","User":"TRANSNORTE\\ops.cardoso","EventID":3,"Image":"C:\\Program Files\\Microsoft Office\\Office16\\OUTLOOK.EXE","ProcessGuid":"{D03A0FD7-982B-2026-25C9-43A351FFB667}","ProcessId":6914,"DestinationIp":"10.50.10.88","DestinationPort":135,"SourceIp":"10.50.10.42","Protocol":"tcp"}
{"UtcTime":"2026-08-12 09:48:08.000","Computer":"TN-FIN-WS042","User":"TRANSNORTE\\ops.cardoso","EventID":1,"Image":"C:\\Program Files\\Microsoft Office\\Office16\\OUTLOOK.EXE","ProcessGuid":"{C1791B58-A08C-2026-CB95-7102727BD6F7}","ProcessId":8037,"CommandLine":"C:\\Program Files\\Microsoft Office\\Office16\\OUTLOOK.EXE","ParentImage":"C:\\Windows\\System32\\services.exe","ParentProcessGuid":"{FA69C011-4610-2026-6D99-E3BE5F211F1D}","OriginalFileName":"C:\\Program Files\\Microsoft Office\\Office16\\OUTLOOK.EXE","SHA256":"8c829d1f0ceda0c170cb96cdd1062e046b1d3ed9f494d54c4fd5719b90ccb75f"}
{"UtcTime":"2026-08-12 09:48:09.000","Computer":"TN-FIN-WS042","User":"TRANSNORTE\\backup_svc","EventID":3,"Image":"C:\\Windows\\System32\\RuntimeBroker.exe","ProcessGuid":"{3F170C10-F6D8-2026-68DB-3A81646A453B}","ProcessId":2896,"DestinationIp":"10.50.10.10","DestinationPort":53,"SourceIp":"10.50.10.42","Protocol":"tcp"}
{"UtcTime":"2026-08-12 09:48:10.000","Computer":"TN-FIN-WS042","User":"TRANSNORTE\\backup_svc","EventID":11,"Image":"C:\\Windows\\System32\\svchost.exe","ProcessGuid":"{70557647-5E70-2026-2930-43628CAF21BA}","ProcessId":2634,"TargetFilename":"C:\\Users\\ops.cardoso\\AppData\\Local\\Temp\\office-490.tmp"}
{"UtcTime":"2026-08-12 09:48:11.000","Computer":"TN-FIN-WS042","User":"TRANSNORTE\\backup_svc","EventID":3,"Image":"C:\\Windows\\System32\\svchost.exe","ProcessGuid":"{837AC7B4-F95B-2026-77AD-C0868FA8A1EB}","ProcessId":8044,"DestinationIp":"8.8.8.8","DestinationPort":443,"SourceIp":"10.50.10.42","Protocol":"tcp"}
{"UtcTime":"2026-08-12 09:48:12.000","Computer":"TN-FIN-WS042","User":"TRANSNORTE\\backup_svc","EventID":1,"Image":"C:\\Program Files\\Google\\Chrome\\Application\\chrome.exe","ProcessGuid":"{8F9ADD56-A280-2026-967B-3333685EB548}","ProcessId":2563,"CommandLine":"C:\\Program Files\\Google\\Chrome\\Application\\chrome.exe","ParentImage":"C:\\Windows\\System32\\services.exe","ParentProcessGuid":"{53173E15-7904-2026-1331-9E488E84F8E3}","OriginalFileName":"C:\\Program Files\\Google\\Chrome\\Application\\chrome.exe","SHA256":"0fddec3e294d82d73eb80f353b54cce29498a02446b994b153a4958d55680ba0"}
{"UtcTime":"2026-08-12 09:48:13.000","Computer":"TN-FIN-WS042","User":"TRANSNORTE\\ops.cardoso","EventID":1,"Image":"C:\\Program Files\\Google\\Chrome\\Application\\chrome.exe","ProcessGuid":"{796AD52D-32F1-2026-FFDA-5A6E90425606}","ProcessId":5512,"CommandLine":"C:\\Program Files\\Google\\Chrome\\Application\\chrome.exe","ParentImage":"C:\\Windows\\System32\\services.exe","ParentProcessGuid":"{2582DFA6-F8BB-2026-DB3C-913FD618914B}","OriginalFileName":"C:\\Program Files\\Google\\Chrome\\Application\\chrome.exe","SHA256":"afe06241fe85c2492c006d4f1a661f5ed2f9d3bbb09c1b1057e739f87779daf6"}
{"UtcTime":"2026-08-12 09:48:14.000","Computer":"TN-FIN-WS042","User":"TRANSNORTE\\backup_svc","EventID":5,"Image":"C:\\Program Files\\Google\\Chrome\\Application\\chrome.exe","ProcessGuid":"{6589B4F8-8637-2026-1B77-710015BE548C}","ProcessId":3693,"EventType":"End"}
{"UtcTime":"2026-08-12 09:48:15.000","Computer":"TN-FIN-WS042","User":"TRANSNORTE\\backup_svc","EventID":1,"Image":"C:\\Windows\\explorer.exe","ProcessGuid":"{43E7F798-9D7F-2026-CF6E-49F45F33676C}","ProcessId":5944,"CommandLine":"C:\\Windows\\explorer.exe","ParentImage":"C:\\Windows\\System32\\services.exe","ParentProcessGuid":"{DF29A264-C208-2026-8967-9033609DAEF0}","OriginalFileName":"C:\\Windows\\explorer.exe","SHA256":"ab2a5e2becd62afbf0d8443bc74d83c9d1fa0e6a75c1a4548f642c67bab94ec1"}
{"UtcTime":"2026-08-12 09:48:16.000","Computer":"TN-FIN-WS042","User":"TRANSNORTE\\ops.cardoso","EventID":13,"Image":"C:\\Program Files\\Microsoft Office\\Office16\\OUTLOOK.EXE","ProcessGuid":"{9DDFC12B-6BF1-2026-4967-64049F5B64B5}","ProcessId":1940,"EventType":"SetValue","TargetObject":"HKCU\\Software\\Microsoft\\Office\\16.0\\Outlook\\Resiliency\\496","Details":"1"}
{"UtcTime":"2026-08-12 09:48:17.000","Computer":"TN-FIN-WS042","User":"TRANSNORTE\\ops.cardoso","EventID":1,"Image":"C:\\Program Files\\Google\\Chrome\\Application\\chrome.exe","ProcessGuid":"{C73CF23E-EBAD-2026-F8C7-66DCD4365F1B}","ProcessId":5517,"CommandLine":"C:\\Program Files\\Google\\Chrome\\Application\\chrome.exe","ParentImage":"C:\\Windows\\System32\\services.exe","ParentProcessGuid":"{CD2C9566-D0C6-2026-E437-4B679392149B}","OriginalFileName":"C:\\Program Files\\Google\\Chrome\\Application\\chrome.exe","SHA256":"95f0bb5a2d1a8777d5cc2bcfcf6138ad3fceac37abf888d6613a3e2e756bf05f"}
{"UtcTime":"2026-08-12 09:48:18.000","Computer":"TN-FIN-WS042","User":"TRANSNORTE\\ops.cardoso","EventID":1,"Image":"C:\\Windows\\System32\\conhost.exe","ProcessGuid":"{9E3637A3-62A8-2026-1434-00F931F3A2DF}","ProcessId":4402,"CommandLine":"C:\\Windows\\System32\\conhost.exe","ParentImage":"C:\\Windows\\System32\\services.exe","ParentProcessGuid":"{019CA9D6-0741-2026-F9B6-70730792B240}","OriginalFileName":"C:\\Windows\\System32\\conhost.exe","SHA256":"072e561205bb162891142f4cfd42814e2f19fdfe37ba668a099b095971cddf06"}
{"UtcTime":"2026-08-12 09:48:19.000","Computer":"TN-FIN-WS042","User":"TRANSNORTE\\backup_svc","EventID":1,"Image":"C:\\Windows\\explorer.exe","ProcessGuid":"{CCF02E8C-BCB8-2026-95F1-B737182CB279}","ProcessId":7561,"CommandLine":"C:\\Windows\\explorer.exe","ParentImage":"C:\\Windows\\System32\\services.exe","ParentProcessGuid":"{C8B2687E-6208-2026-F1BA-90C88EE9FD81}","OriginalFileName":"C:\\Windows\\explorer.exe","SHA256":"a72f42c38848ae9c18c5635020ad2721f3efaa3f490c9512149b5d1d30ab6241"}
{"UtcTime":"2026-08-12 09:48:20.000","Computer":"TN-FIN-WS042","User":"TRANSNORTE\\backup_svc","EventID":3,"Image":"C:\\Program Files\\Google\\Chrome\\Application\\chrome.exe","ProcessGuid":"{47A5BAC9-41F8-2026-BC3E-0BD5C8B5716B}","ProcessId":7088,"DestinationIp":"10.50.10.88","DestinationPort":135,"SourceIp":"10.50.10.42","Protocol":"tcp"}
{"UtcTime":"2026-08-12 09:48:21.000","Computer":"TN-FIN-WS042","User":"TRANSNORTE\\ops.cardoso","EventID":1,"Image":"C:\\Windows\\System32\\RuntimeBroker.exe","ProcessGuid":"{0356FD89-A9D3-2026-B1C3-4550B7161875}","ProcessId":6398,"CommandLine":"C:\\Windows\\System32\\RuntimeBroker.exe","ParentImage":"C:\\Windows\\System32\\services.exe","ParentProcessGuid":"{09027165-C8E5-2026-D449-62F17B718FA4}","OriginalFileName":"C:\\Windows\\System32\\RuntimeBroker.exe","SHA256":"6b0318b2cd3bc7f801aa68f02e6c2a123690ce84f074957c0be8518dc1caaed0"}
{"UtcTime":"2026-08-12 09:48:22.000","Computer":"TN-FIN-WS042","User":"TRANSNORTE\\backup_svc","EventID":5,"Image":"C:\\Windows\\System32\\RuntimeBroker.exe","ProcessGuid":"{5A1EF061-26EE-2026-6D0D-67AC1A72B083}","ProcessId":4124,"EventType":"End"}
{"UtcTime":"2026-08-12 09:48:23.000","Computer":"TN-FIN-WS042","User":"TRANSNORTE\\backup_svc","EventID":5,"Image":"C:\\Windows\\System32\\svchost.exe","ProcessGuid":"{DA2E8FC9-88FA-2026-E859-1AC9875145BA}","ProcessId":453,"EventType":"End"}
{"UtcTime":"2026-08-12 09:48:24.000","Computer":"TN-FIN-WS042","User":"TRANSNORTE\\ops.cardoso","EventID":1,"Image":"C:\\Program Files\\Google\\Chrome\\Application\\chrome.exe","ProcessGuid":"{CBA8B3B2-22AB-2026-C6D9-5AA15A955899}","ProcessId":4848,"CommandLine":"C:\\Program Files\\Google\\Chrome\\Application\\chrome.exe","ParentImage":"C:\\Windows\\System32\\services.exe","ParentProcessGuid":"{C5D50196-AA2D-2026-7779-79A2C4DF28A2}","OriginalFileName":"C:\\Program Files\\Google\\Chrome\\Application\\chrome.exe","SHA256":"b96c3fab3eb1d0ef8ad8beedbbfb5df8df93fde384dbc93860413c392e09c8cc"}
{"UtcTime":"2026-08-12 09:48:25.000","Computer":"TN-FIN-WS042","User":"TRANSNORTE\\backup_svc","EventID":13,"Image":"C:\\Windows\\System32\\RuntimeBroker.exe","ProcessGuid":"{6F817A4C-EDBD-2026-E58F-56D5088E9272}","ProcessId":6525,"EventType":"SetValue","TargetObject":"HKCU\\Software\\Microsoft\\Office\\16.0\\Outlook\\Resiliency\\505","Details":"1"}
{"UtcTime":"2026-08-12 09:48:26.000","Computer":"TN-FIN-WS042","User":"TRANSNORTE\\backup_svc","EventID":1,"Image":"C:\\Windows\\System32\\conhost.exe","ProcessGuid":"{F5DEF822-FB8E-2026-9B00-3F7CCC4841A1}","ProcessId":8757,"CommandLine":"C:\\Windows\\System32\\conhost.exe","ParentImage":"C:\\Windows\\System32\\services.exe","ParentProcessGuid":"{A3F6E11D-39D4-2026-118C-0F301860B2A8}","OriginalFileName":"C:\\Windows\\System32\\conhost.exe","SHA256":"74120412aac008061ae9631cbb50764e47c09731eda0e1b3b39dfad1f9a3ee42"}
{"UtcTime":"2026-08-12 09:48:27.000","Computer":"TN-FIN-WS042","User":"TRANSNORTE\\ops.cardoso","EventID":1,"Image":"C:\\Windows\\System32\\conhost.exe","ProcessGuid":"{A5FE5378-AA46-2026-BA8D-D16E84C7F90D}","ProcessId":6993,"CommandLine":"C:\\Windows\\System32\\conhost.exe","ParentImage":"C:\\Windows\\System32\\services.exe","ParentProcessGuid":"{5E5E06AB-3BBB-2026-16E2-3D9C7E1EA701}","OriginalFileName":"C:\\Windows\\System32\\conhost.exe","SHA256":"7d3358b6df35c5161fc65fb0559dda99796a3ce88632ef012f4d00d2d2459428"}
{"UtcTime":"2026-08-12 09:48:28.000","Computer":"TN-FIN-WS042","User":"TRANSNORTE\\backup_svc","EventID":1,"Image":"C:\\Program Files\\Microsoft Office\\Office16\\OUTLOOK.EXE","ProcessGuid":"{47543CFE-141E-2026-C6A7-95750D587A20}","ProcessId":1215,"CommandLine":"C:\\Program Files\\Microsoft Office\\Office16\\OUTLOOK.EXE","ParentImage":"C:\\Windows\\System32\\services.exe","ParentProcessGuid":"{858C22DC-3F4E-2026-C93B-FD8AEC7745A5}","OriginalFileName":"C:\\Program Files\\Microsoft Office\\Office16\\OUTLOOK.EXE","SHA256":"b3a7c002e4155030eb44407e28bdba4f3e6d40cad4b26dcd61349c5a5d982a67"}
{"UtcTime":"2026-08-12 09:48:29.000","Computer":"TN-FIN-WS042","User":"TRANSNORTE\\ops.cardoso","EventID":5,"Image":"C:\\Program Files\\Microsoft Office\\Office16\\OUTLOOK.EXE","ProcessGuid":"{C93C5154-3B33-2026-6C50-A3072C735123}","ProcessId":7925,"EventType":"End"}
{"UtcTime":"2026-08-12 09:48:30.000","Computer":"TN-FIN-WS042","User":"TRANSNORTE\\backup_svc","EventID":1,"Image":"C:\\Windows\\System32\\conhost.exe","ProcessGuid":"{F3267F8F-4978-2026-CFAE-CF8E7643AA31}","ProcessId":7637,"CommandLine":"C:\\Windows\\System32\\conhost.exe","ParentImage":"C:\\Windows\\System32\\services.exe","ParentProcessGuid":"{67C1E539-56EF-2026-0D86-A0696A9191DF}","OriginalFileName":"C:\\Windows\\System32\\conhost.exe","SHA256":"7696ad983f8c981037ee23b97524cc22dc87edbde0bd9c68d69f43498ce5a654"}
{"UtcTime":"2026-08-12 09:48:31.000","Computer":"TN-FIN-WS042","User":"TRANSNORTE\\ops.cardoso","EventID":3,"Image":"C:\\Windows\\System32\\RuntimeBroker.exe","ProcessGuid":"{7CB92E20-0678-2026-BCDE-7E2F6200A0F2}","ProcessId":694,"DestinationIp":"8.8.8.8","DestinationPort":8080,"SourceIp":"10.50.10.42","Protocol":"tcp"}
{"UtcTime":"2026-08-12 09:48:32.000","Computer":"TN-FIN-WS042","User":"TRANSNORTE\\backup_svc","EventID":1,"Image":"C:\\Windows\\System32\\RuntimeBroker.exe","ProcessGuid":"{61A5D6DB-9706-2026-B6F8-80F787EA7859}","ProcessId":7635,"CommandLine":"C:\\Windows\\System32\\RuntimeBroker.exe","ParentImage":"C:\\Windows\\System32\\services.exe","ParentProcessGuid":"{1F4B177E-157E-2026-4E18-21966DBC352A}","OriginalFileName":"C:\\Windows\\System32\\RuntimeBroker.exe","SHA256":"c5a11101894f303545724c08c51c551040cd4db3d2c5d057b52e8c45b682ca6f"}
{"UtcTime":"2026-08-12 09:48:33.000","Computer":"TN-FIN-WS042","User":"TRANSNORTE\\ops.cardoso","EventID":5,"Image":"C:\\Program Files\\Google\\Chrome\\Application\\chrome.exe","ProcessGuid":"{48D62346-B0E0-2026-F8FB-0FDDF57433D4}","ProcessId":2356,"EventType":"End"}
{"UtcTime":"2026-08-12 09:48:34.000","Computer":"TN-FIN-WS042","User":"TRANSNORTE\\backup_svc","EventID":1,"Image":"C:\\Windows\\explorer.exe","ProcessGuid":"{AA8FD171-1C37-2026-30C1-A755182973E7}","ProcessId":7547,"CommandLine":"C:\\Windows\\explorer.exe","ParentImage":"C:\\Windows\\System32\\services.exe","ParentProcessGuid":"{20336BB2-2F13-2026-8FAF-5413D564729A}","OriginalFileName":"C:\\Windows\\explorer.exe","SHA256":"3d1ef0fa927c488db5a2a51310e72024eb354e31b50b297030c6d2fc8e413b2b"}
{"UtcTime":"2026-08-12 09:48:35.000","Computer":"TN-FIN-WS042","User":"TRANSNORTE\\backup_svc","EventID":5,"Image":"C:\\Program Files\\Google\\Chrome\\Application\\chrome.exe","ProcessGuid":"{EB586479-2865-2026-1A79-BCB9E3751509}","ProcessId":8759,"EventType":"End"}
{"UtcTime":"2026-08-12 09:48:36.000","Computer":"TN-FIN-WS042","User":"TRANSNORTE\\backup_svc","EventID":1,"Image":"C:\\Windows\\System32\\RuntimeBroker.exe","ProcessGuid":"{8DB9577D-8B10-2026-D318-95281AB32BE2}","ProcessId":8520,"CommandLine":"C:\\Windows\\System32\\RuntimeBroker.exe","ParentImage":"C:\\Windows\\System32\\services.exe","ParentProcessGuid":"{48FEFABE-7C6F-2026-6F56-D60560138100}","OriginalFileName":"C:\\Windows\\System32\\RuntimeBroker.exe","SHA256":"2124b8bab5780361b97c1042a64af96f92fe3667d5d7c2b518be7d526aec4f84"}
{"UtcTime":"2026-08-12 09:48:37.000","Computer":"TN-FIN-WS042","User":"TRANSNORTE\\backup_svc","EventID":11,"Image":"C:\\Windows\\System32\\svchost.exe","ProcessGuid":"{DF3AAC41-AE7D-2026-1F4A-6918D06AAFAA}","ProcessId":8364,"TargetFilename":"C:\\Users\\ops.cardoso\\AppData\\Local\\Temp\\office-517.tmp"}
{"UtcTime":"2026-08-12 09:48:38.000","Computer":"TN-FIN-WS042","User":"TRANSNORTE\\ops.cardoso","EventID":13,"Image":"C:\\Windows\\System32\\RuntimeBroker.exe","ProcessGuid":"{D3416F7C-240D-2026-AB79-8B3ACBC26FD3}","ProcessId":4067,"EventType":"SetValue","TargetObject":"HKCU\\Software\\Microsoft\\Office\\16.0\\Outlook\\Resiliency\\518","Details":"1"}
{"UtcTime":"2026-08-12 09:48:39.000","Computer":"TN-FIN-WS042","User":"TRANSNORTE\\ops.cardoso","EventID":1,"Image":"C:\\Program Files\\Microsoft Office\\Office16\\OUTLOOK.EXE","ProcessGuid":"{AF82FF9F-58BA-2026-052B-85BAE57C3C1A}","ProcessId":7434,"CommandLine":"C:\\Program Files\\Microsoft Office\\Office16\\OUTLOOK.EXE","ParentImage":"C:\\Windows\\System32\\services.exe","ParentProcessGuid":"{DCED281A-0454-2026-DD0E-DDBC1CE68A42}","OriginalFileName":"C:\\Program Files\\Microsoft Office\\Office16\\OUTLOOK.EXE","SHA256":"4db82125393091030dc97aaf03ad2722bc0d503991f491e663cd096afc31b0f9"}
{"UtcTime":"2026-08-12 09:48:40.000","Computer":"TN-FIN-WS042","User":"TRANSNORTE\\backup_svc","EventID":3,"Image":"C:\\Windows\\explorer.exe","ProcessGuid":"{3F58E6F3-51FF-2026-B333-0C88E0CF7A9D}","ProcessId":6519,"DestinationIp":"8.8.8.8","DestinationPort":53,"SourceIp":"10.50.10.42","Protocol":"tcp"}
{"UtcTime":"2026-08-12 09:48:41.000","Computer":"TN-FIN-WS042","User":"TRANSNORTE\\backup_svc","EventID":3,"Image":"C:\\Program Files\\Microsoft Office\\Office16\\OUTLOOK.EXE","ProcessGuid":"{FF036424-89BB-2026-417E-5A4C7BCF7DCE}","ProcessId":6103,"DestinationIp":"1.1.1.1","DestinationPort":8080,"SourceIp":"10.50.10.42","Protocol":"tcp"}
{"UtcTime":"2026-08-12 09:48:42.000","Computer":"TN-FIN-WS042","User":"TRANSNORTE\\ops.cardoso","EventID":1,"Image":"C:\\Windows\\System32\\svchost.exe","ProcessGuid":"{24201905-C51C-2026-AC55-80073DBA581D}","ProcessId":5885,"CommandLine":"C:\\Windows\\System32\\svchost.exe","ParentImage":"C:\\Windows\\System32\\services.exe","ParentProcessGuid":"{C9F1C206-0BF9-2026-1031-B8FA3E983A0D}","OriginalFileName":"C:\\Windows\\System32\\svchost.exe","SHA256":"eafc86394ebdd0a7a0449337743d64a874cf65433622e11cfcdb2621c9fa5d7c"}
{"UtcTime":"2026-08-12 09:48:43.000","Computer":"TN-FIN-WS042","User":"TRANSNORTE\\backup_svc","EventID":5,"Image":"C:\\Windows\\System32\\RuntimeBroker.exe","ProcessGuid":"{EED7BF9F-D1B4-2026-1630-DEF10B3D4BCC}","ProcessId":7236,"EventType":"End"}
{"UtcTime":"2026-08-12 09:48:44.000","Computer":"TN-FIN-WS042","User":"TRANSNORTE\\backup_svc","EventID":5,"Image":"C:\\Windows\\explorer.exe","ProcessGuid":"{36F2A845-6458-2026-B415-CE68700CBA5F}","ProcessId":2567,"EventType":"End"}
{"UtcTime":"2026-08-12 09:48:45.000","Computer":"TN-FIN-WS042","User":"TRANSNORTE\\backup_svc","EventID":1,"Image":"C:\\Windows\\System32\\svchost.exe","ProcessGuid":"{328C557B-2C58-2026-48EF-85860C0A320B}","ProcessId":4507,"CommandLine":"C:\\Windows\\System32\\svchost.exe","ParentImage":"C:\\Windows\\System32\\services.exe","ParentProcessGuid":"{F535E2D0-02BB-2026-0C6A-75E9B9394EB1}","OriginalFileName":"C:\\Windows\\System32\\svchost.exe","SHA256":"a54ff05caf9899c82144f353006cb96f6e21335db0bada046afff897e40d3b77"}
{"UtcTime":"2026-08-12 09:48:46.000","Computer":"TN-FIN-WS042","User":"TRANSNORTE\\backup_svc","EventID":5,"Image":"C:\\Windows\\System32\\RuntimeBroker.exe","ProcessGuid":"{72FA90CB-40A6-2026-E64F-474117960363}","ProcessId":2017,"EventType":"End"}
{"UtcTime":"2026-08-12 09:48:47.000","Computer":"TN-FIN-WS042","User":"TRANSNORTE\\ops.cardoso","EventID":1,"Image":"C:\\Windows\\System32\\svchost.exe","ProcessGuid":"{CDC2E1C7-977E-2026-3B2F-CB7C687E7059}","ProcessId":4555,"CommandLine":"C:\\Windows\\System32\\svchost.exe","ParentImage":"C:\\Windows\\System32\\services.exe","ParentProcessGuid":"{963D4142-4EF3-2026-D0DC-FF792688E74E}","OriginalFileName":"C:\\Windows\\System32\\svchost.exe","SHA256":"4bd7820120a9a3c1460dacf89d426ca831a09c2868b2174b0eb565afb7721a24"}
{"UtcTime":"2026-08-12 09:48:48.000","Computer":"TN-FIN-WS042","User":"TRANSNORTE\\backup_svc","EventID":1,"Image":"C:\\Program Files\\Microsoft Office\\Office16\\OUTLOOK.EXE","ProcessGuid":"{41F4CFC7-C471-2026-EE51-932090794EB3}","ProcessId":501,"CommandLine":"C:\\Program Files\\Microsoft Office\\Office16\\OUTLOOK.EXE","ParentImage":"C:\\Windows\\System32\\services.exe","ParentProcessGuid":"{EB1342DC-49C9-2026-EB3D-C5600AAB280A}","OriginalFileName":"C:\\Program Files\\Microsoft Office\\Office16\\OUTLOOK.EXE","SHA256":"286d03b3ed7697a300cc4b900bff43cf943f79fcd72f3748c1c4c6e97cc91aff"}
{"UtcTime":"2026-08-12 09:48:49.000","Computer":"TN-FIN-WS042","User":"TRANSNORTE\\ops.cardoso","EventID":5,"Image":"C:\\Windows\\System32\\RuntimeBroker.exe","ProcessGuid":"{306808EE-2976-2026-8D72-DBA0CC0023FA}","ProcessId":2587,"EventType":"End"}
{"UtcTime":"2026-08-12 09:48:50.000","Computer":"TN-FIN-WS042","User":"TRANSNORTE\\ops.cardoso","EventID":11,"Image":"C:\\Windows\\explorer.exe","ProcessGuid":"{9196C0FC-60D0-2026-3B7F-C841CADC314E}","ProcessId":8153,"TargetFilename":"C:\\Users\\ops.cardoso\\AppData\\Local\\Temp\\office-530.tmp"}
{"UtcTime":"2026-08-12 09:48:51.000","Computer":"TN-FIN-WS042","User":"TRANSNORTE\\backup_svc","EventID":13,"Image":"C:\\Windows\\System32\\svchost.exe","ProcessGuid":"{A4E4B4B9-DF3C-2026-E08E-8935E54BA06A}","ProcessId":5449,"EventType":"SetValue","TargetObject":"HKCU\\Software\\Microsoft\\Office\\16.0\\Outlook\\Resiliency\\531","Details":"1"}
{"UtcTime":"2026-08-12 09:48:52.000","Computer":"TN-FIN-WS042","User":"TRANSNORTE\\backup_svc","EventID":5,"Image":"C:\\Windows\\System32\\conhost.exe","ProcessGuid":"{3B1B1912-6302-2026-C5B5-0FC11650E888}","ProcessId":878,"EventType":"End"}
{"UtcTime":"2026-08-12 09:48:53.000","Computer":"TN-FIN-WS042","User":"TRANSNORTE\\backup_svc","EventID":1,"Image":"C:\\Windows\\System32\\svchost.exe","ProcessGuid":"{932AA3A7-6964-2026-148A-15783605D7E9}","ProcessId":7951,"CommandLine":"C:\\Windows\\System32\\svchost.exe","ParentImage":"C:\\Windows\\System32\\services.exe","ParentProcessGuid":"{915AFCBD-D35B-2026-D0C4-5BB82496092B}","OriginalFileName":"C:\\Windows\\System32\\svchost.exe","SHA256":"1d666398cbc81f1fe5e9545a9c7395c844be479c85470edcd7811ddf2c6529fa"}
{"UtcTime":"2026-08-12 09:48:54.000","Computer":"TN-FIN-WS042","User":"TRANSNORTE\\backup_svc","EventID":1,"Image":"C:\\Program Files\\Microsoft Office\\Office16\\OUTLOOK.EXE","ProcessGuid":"{9FC15FE7-0A8F-2026-2070-6FE75408BA28}","ProcessId":2014,"CommandLine":"C:\\Program Files\\Microsoft Office\\Office16\\OUTLOOK.EXE","ParentImage":"C:\\Windows\\System32\\services.exe","ParentProcessGuid":"{471DC555-1E6F-2026-4DB2-3B6DD3221B44}","OriginalFileName":"C:\\Program Files\\Microsoft Office\\Office16\\OUTLOOK.EXE","SHA256":"ce4a52242c300c43ea9fd23afb6b76d0bd7b749f0d40bf7bb8412c927f419e34"}
{"UtcTime":"2026-08-12 09:48:55.000","Computer":"TN-FIN-WS042","User":"TRANSNORTE\\backup_svc","EventID":1,"Image":"C:\\Windows\\System32\\svchost.exe","ProcessGuid":"{371F0932-1D5D-2026-1DF8-6DC930D4C376}","ProcessId":4481,"CommandLine":"C:\\Windows\\System32\\svchost.exe","ParentImage":"C:\\Windows\\System32\\services.exe","ParentProcessGuid":"{45F90035-1EEE-2026-3479-9C5ABDB42F61}","OriginalFileName":"C:\\Windows\\System32\\svchost.exe","SHA256":"08a85399a019aa1494b396f50dfb3ca1ea808f4bab56c4e305fb9dd8b717f5a6"}
{"UtcTime":"2026-08-12 09:48:56.000","Computer":"TN-FIN-WS042","User":"TRANSNORTE\\ops.cardoso","EventID":5,"Image":"C:\\Program Files\\Microsoft Office\\Office16\\OUTLOOK.EXE","ProcessGuid":"{4DB91B21-BFE2-2026-E011-E414707EDDAE}","ProcessId":939,"EventType":"End"}
{"UtcTime":"2026-08-12 09:48:57.000","Computer":"TN-FIN-WS042","User":"TRANSNORTE\\ops.cardoso","EventID":13,"Image":"C:\\Windows\\System32\\RuntimeBroker.exe","ProcessGuid":"{4CF47628-C70F-2026-5689-C7126CCFA4A2}","ProcessId":8167,"EventType":"SetValue","TargetObject":"HKCU\\Software\\Microsoft\\Office\\16.0\\Outlook\\Resiliency\\537","Details":"1"}
{"UtcTime":"2026-08-12 09:48:58.000","Computer":"TN-FIN-WS042","User":"TRANSNORTE\\backup_svc","EventID":1,"Image":"C:\\Windows\\explorer.exe","ProcessGuid":"{3AE987FA-78C0-2026-DF78-6EB5EED3E2C3}","ProcessId":5130,"CommandLine":"C:\\Windows\\explorer.exe","ParentImage":"C:\\Windows\\System32\\services.exe","ParentProcessGuid":"{8055BD1D-95D9-2026-2F74-B76067852AA4}","OriginalFileName":"C:\\Windows\\explorer.exe","SHA256":"3fa965032a29f832cae2e0d0217e5994208ca0101019973c170097c623b37aa3"}
{"UtcTime":"2026-08-12 09:48:59.000","Computer":"TN-FIN-WS042","User":"TRANSNORTE\\backup_svc","EventID":11,"Image":"C:\\Windows\\System32\\conhost.exe","ProcessGuid":"{6343B091-83B5-2026-BF3F-81810D41098A}","ProcessId":5564,"TargetFilename":"C:\\Users\\ops.cardoso\\AppData\\Local\\Temp\\office-539.tmp"}
{"UtcTime":"2026-08-12 09:49:00.000","Computer":"TN-FIN-WS042","User":"TRANSNORTE\\ops.cardoso","EventID":5,"Image":"C:\\Windows\\System32\\RuntimeBroker.exe","ProcessGuid":"{943CEF47-1A3A-2026-1E4B-432F852BDC9E}","ProcessId":8933,"EventType":"End"}
{"UtcTime":"2026-08-12 09:49:01.000","Computer":"TN-FIN-WS042","User":"TRANSNORTE\\backup_svc","EventID":1,"Image":"C:\\Windows\\System32\\RuntimeBroker.exe","ProcessGuid":"{9D39B44F-169B-2026-C1C5-AEFCB64F0D2C}","ProcessId":5537,"CommandLine":"C:\\Windows\\System32\\RuntimeBroker.exe","ParentImage":"C:\\Windows\\System32\\services.exe","ParentProcessGuid":"{E7D8E026-71F6-2026-A1A2-111A3B366E6C}","OriginalFileName":"C:\\Windows\\System32\\RuntimeBroker.exe","SHA256":"51d70cf935ddbc3e0102cd3b0898af3ac4ce62b2ed9c7fbb49fda97e7f0c109b"}
{"UtcTime":"2026-08-12 09:49:02.000","Computer":"TN-FIN-WS042","User":"TRANSNORTE\\backup_svc","EventID":1,"Image":"C:\\Program Files\\Google\\Chrome\\Application\\chrome.exe","ProcessGuid":"{6298CE70-6394-2026-2BEF-FD5DA6D59E54}","ProcessId":471,"CommandLine":"C:\\Program Files\\Google\\Chrome\\Application\\chrome.exe","ParentImage":"C:\\Windows\\System32\\services.exe","ParentProcessGuid":"{EA8D24D8-E17E-2026-10A5-86EFE3089DEB}","OriginalFileName":"C:\\Program Files\\Google\\Chrome\\Application\\chrome.exe","SHA256":"d9a65314ef4c653d29f11ba49c878ef38008b47c3ea47b193a3a69a226a42c1f"}
{"UtcTime":"2026-08-12 09:49:03.000","Computer":"TN-FIN-WS042","User":"TRANSNORTE\\ops.cardoso","EventID":3,"Image":"C:\\Program Files\\Microsoft Office\\Office16\\OUTLOOK.EXE","ProcessGuid":"{86805533-6DC2-2026-4A34-C86047CBB242}","ProcessId":2414,"DestinationIp":"10.50.10.10","DestinationPort":53,"SourceIp":"10.50.10.42","Protocol":"tcp"}
{"UtcTime":"2026-08-12 09:49:04.000","Computer":"TN-FIN-WS042","User":"TRANSNORTE\\backup_svc","EventID":11,"Image":"C:\\Windows\\System32\\svchost.exe","ProcessGuid":"{E0B4AB90-7D77-2026-C7AE-CE0D2093340E}","ProcessId":8714,"TargetFilename":"C:\\Users\\ops.cardoso\\AppData\\Local\\Temp\\office-544.tmp"}
{"UtcTime":"2026-08-12 09:49:05.000","Computer":"TN-FIN-WS042","User":"TRANSNORTE\\backup_svc","EventID":5,"Image":"C:\\Windows\\System32\\RuntimeBroker.exe","ProcessGuid":"{AC081FF6-06A0-2026-9A5A-73DDD1FD2E40}","ProcessId":2753,"EventType":"End"}
{"UtcTime":"2026-08-12 09:49:06.000","Computer":"TN-FIN-WS042","User":"TRANSNORTE\\ops.cardoso","EventID":1,"Image":"C:\\Windows\\System32\\conhost.exe","ProcessGuid":"{8194B04C-F190-2026-47DD-75D0B77A5BAB}","ProcessId":7982,"CommandLine":"C:\\Windows\\System32\\conhost.exe","ParentImage":"C:\\Windows\\System32\\services.exe","ParentProcessGuid":"{A73BCF66-5A8D-2026-5A9A-F7715A8BABFB}","OriginalFileName":"C:\\Windows\\System32\\conhost.exe","SHA256":"bf0b9ef6c48b4f04e43e4462ecf7005711c47f8bb2005108eb76dccf3b427235"}
{"UtcTime":"2026-08-12 09:49:07.000","Computer":"TN-FIN-WS042","User":"TRANSNORTE\\ops.cardoso","EventID":13,"Image":"C:\\Windows\\System32\\conhost.exe","ProcessGuid":"{B0F94CAE-28D6-2026-7988-77673B88AEDB}","ProcessId":4554,"EventType":"SetValue","TargetObject":"HKCU\\Software\\Microsoft\\Office\\16.0\\Outlook\\Resiliency\\547","Details":"1"}
{"UtcTime":"2026-08-12 09:49:08.000","Computer":"TN-FIN-WS042","User":"TRANSNORTE\\ops.cardoso","EventID":5,"Image":"C:\\Windows\\System32\\svchost.exe","ProcessGuid":"{7B20B051-2902-2026-F740-D533047B02A4}","ProcessId":7163,"EventType":"End"}
{"UtcTime":"2026-08-12 09:49:09.000","Computer":"TN-FIN-WS042","User":"TRANSNORTE\\ops.cardoso","EventID":1,"Image":"C:\\Windows\\System32\\conhost.exe","ProcessGuid":"{967449A1-2AF2-2026-963D-3AAAA119456A}","ProcessId":2809,"CommandLine":"C:\\Windows\\System32\\conhost.exe","ParentImage":"C:\\Windows\\System32\\services.exe","ParentProcessGuid":"{9CE0B2CE-5B15-2026-31C5-A59BE8E4D6C4}","OriginalFileName":"C:\\Windows\\System32\\conhost.exe","SHA256":"8514d2ce276a84a234ccaff8f2f62f4258c9ebdebc4a95275493eec18388cef0"}
{"UtcTime":"2026-08-12 09:49:10.000","Computer":"TN-FIN-WS042","User":"TRANSNORTE\\ops.cardoso","EventID":5,"Image":"C:\\Windows\\explorer.exe","ProcessGuid":"{4AC29DB4-DDB9-2026-D59E-6C951699AFF9}","ProcessId":2988,"EventType":"End"}
{"UtcTime":"2026-08-12 09:49:11.000","Computer":"TN-FIN-WS042","User":"TRANSNORTE\\backup_svc","EventID":5,"Image":"C:\\Program Files\\Microsoft Office\\Office16\\OUTLOOK.EXE","ProcessGuid":"{DC4CFC9E-87A4-2026-4A1F-DC48864255A9}","ProcessId":8364,"EventType":"End"}
{"UtcTime":"2026-08-12 09:49:12.000","Computer":"TN-FIN-WS042","User":"TRANSNORTE\\backup_svc","EventID":3,"Image":"C:\\Program Files\\Google\\Chrome\\Application\\chrome.exe","ProcessGuid":"{2DF9C3EF-8D46-2026-CDA2-01355810E82B}","ProcessId":3589,"DestinationIp":"1.1.1.1","DestinationPort":8080,"SourceIp":"10.50.10.42","Protocol":"tcp"}
{"UtcTime":"2026-08-12 09:49:13.000","Computer":"TN-FIN-WS042","User":"TRANSNORTE\\backup_svc","EventID":3,"Image":"C:\\Windows\\System32\\svchost.exe","ProcessGuid":"{FB7095B3-7C41-2026-EBA7-7339FF5338C6}","ProcessId":4020,"DestinationIp":"1.1.1.1","DestinationPort":53,"SourceIp":"10.50.10.42","Protocol":"tcp"}
{"UtcTime":"2026-08-12 09:49:14.000","Computer":"TN-FIN-WS042","User":"TRANSNORTE\\ops.cardoso","EventID":5,"Image":"C:\\Windows\\System32\\RuntimeBroker.exe","ProcessGuid":"{3A38B650-656F-2026-A5E0-1F4C3561FA32}","ProcessId":4966,"EventType":"End"}
{"UtcTime":"2026-08-12 09:49:15.000","Computer":"TN-FIN-WS042","User":"TRANSNORTE\\backup_svc","EventID":11,"Image":"C:\\Windows\\System32\\conhost.exe","ProcessGuid":"{B81225D8-BB59-2026-8175-95639FE2AE57}","ProcessId":3193,"TargetFilename":"C:\\Users\\ops.cardoso\\AppData\\Local\\Temp\\office-555.tmp"}
{"UtcTime":"2026-08-12 09:49:16.000","Computer":"TN-FIN-WS042","User":"TRANSNORTE\\backup_svc","EventID":11,"Image":"C:\\Windows\\System32\\RuntimeBroker.exe","ProcessGuid":"{96F3A963-1871-2026-0EFD-31735D91215E}","ProcessId":5650,"TargetFilename":"C:\\Users\\ops.cardoso\\AppData\\Local\\Temp\\office-556.tmp"}
{"UtcTime":"2026-08-12 09:49:17.000","Computer":"TN-FIN-WS042","User":"TRANSNORTE\\backup_svc","EventID":5,"Image":"C:\\Program Files\\Microsoft Office\\Office16\\OUTLOOK.EXE","ProcessGuid":"{991883F6-5BBD-2026-2FDD-38EE3BEC6E4C}","ProcessId":8553,"EventType":"End"}
{"UtcTime":"2026-08-12 09:49:18.000","Computer":"TN-FIN-WS042","User":"TRANSNORTE\\ops.cardoso","EventID":11,"Image":"C:\\Windows\\System32\\RuntimeBroker.exe","ProcessGuid":"{E8B3ABFC-E5BF-2026-BD39-24D87250824F}","ProcessId":5665,"TargetFilename":"C:\\Users\\ops.cardoso\\AppData\\Local\\Temp\\office-558.tmp"}
{"UtcTime":"2026-08-12 09:49:19.000","Computer":"TN-FIN-WS042","User":"TRANSNORTE\\ops.cardoso","EventID":1,"Image":"C:\\Windows\\explorer.exe","ProcessGuid":"{4E8FB3FF-4FB9-2026-547E-9B77D5F9EFC1}","ProcessId":8946,"CommandLine":"C:\\Windows\\explorer.exe","ParentImage":"C:\\Windows\\System32\\services.exe","ParentProcessGuid":"{150F4754-B765-2026-8B66-17892B3E1B15}","OriginalFileName":"C:\\Windows\\explorer.exe","SHA256":"dd639c8256a01d849b32fdde568c8e39392697e73a238ee06f4c61e38837577c"}
{"UtcTime":"2026-08-12 09:49:20.000","Computer":"TN-FIN-WS042","User":"TRANSNORTE\\ops.cardoso","EventID":3,"Image":"C:\\Windows\\System32\\conhost.exe","ProcessGuid":"{BD973483-940D-2026-DA48-7B8C7321E58E}","ProcessId":6371,"DestinationIp":"8.8.8.8","DestinationPort":8080,"SourceIp":"10.50.10.42","Protocol":"tcp"}
{"UtcTime":"2026-08-12 09:49:21.000","Computer":"TN-FIN-WS042","User":"TRANSNORTE\\backup_svc","EventID":1,"Image":"C:\\Windows\\System32\\conhost.exe","ProcessGuid":"{344A9D17-D6D4-2026-15E7-7A04F3858CB4}","ProcessId":5258,"CommandLine":"C:\\Windows\\System32\\conhost.exe","ParentImage":"C:\\Windows\\System32\\services.exe","ParentProcessGuid":"{79CDD236-DAE2-2026-621C-7A357E54288E}","OriginalFileName":"C:\\Windows\\System32\\conhost.exe","SHA256":"dba41c0110f7d5687b71f77d7bdeaccbbea57f7e2adb2eef512da713a3e7eb35"}
{"UtcTime":"2026-08-12 09:49:22.000","Computer":"TN-FIN-WS042","User":"TRANSNORTE\\backup_svc","EventID":1,"Image":"C:\\Program Files\\Google\\Chrome\\Application\\chrome.exe","ProcessGuid":"{97DBFFC2-29A4-2026-9791-BC261236DA9B}","ProcessId":8273,"CommandLine":"C:\\Program Files\\Google\\Chrome\\Application\\chrome.exe","ParentImage":"C:\\Windows\\System32\\services.exe","ParentProcessGuid":"{7CE38F6F-A623-2026-E9EC-2820BA3DDD6A}","OriginalFileName":"C:\\Program Files\\Google\\Chrome\\Application\\chrome.exe","SHA256":"01bc2de52f89fb8f3b746dc2937f83a4447ed229781a53ce2864037472f1e39b"}
{"UtcTime":"2026-08-12 09:49:23.000","Computer":"TN-FIN-WS042","User":"TRANSNORTE\\ops.cardoso","EventID":1,"Image":"C:\\Program Files\\Google\\Chrome\\Application\\chrome.exe","ProcessGuid":"{884A3F6C-7453-2026-38BA-0DA19831BB9D}","ProcessId":5075,"CommandLine":"C:\\Program Files\\Google\\Chrome\\Application\\chrome.exe","ParentImage":"C:\\Windows\\System32\\services.exe","ParentProcessGuid":"{C9BB627B-3CD4-2026-6037-D8BC64B011A3}","OriginalFileName":"C:\\Program Files\\Google\\Chrome\\Application\\chrome.exe","SHA256":"bc49ea11cb349c12e6a7fccf31f4d5acfb90f1e4d43d62fc83e2a58f5e0bd040"}
{"UtcTime":"2026-08-12 09:49:24.000","Computer":"TN-FIN-WS042","User":"TRANSNORTE\\backup_svc","EventID":11,"Image":"C:\\Windows\\System32\\RuntimeBroker.exe","ProcessGuid":"{F19E9F64-0A54-2026-C675-8DF0FA26E25A}","ProcessId":1856,"TargetFilename":"C:\\Users\\ops.cardoso\\AppData\\Local\\Temp\\office-564.tmp"}
{"UtcTime":"2026-08-12 09:49:25.000","Computer":"TN-FIN-WS042","User":"TRANSNORTE\\backup_svc","EventID":1,"Image":"C:\\Windows\\explorer.exe","ProcessGuid":"{E9B8E9D7-D27A-2026-F352-72B183D0BBF2}","ProcessId":1405,"CommandLine":"C:\\Windows\\explorer.exe","ParentImage":"C:\\Windows\\System32\\services.exe","ParentProcessGuid":"{CA187229-84D8-2026-4665-E6965632536D}","OriginalFileName":"C:\\Windows\\explorer.exe","SHA256":"257a804c280dac7782ef6bd16cbe286469265814cbd42194eac2a0779383c55d"}
{"UtcTime":"2026-08-12 09:49:26.000","Computer":"TN-FIN-WS042","User":"TRANSNORTE\\ops.cardoso","EventID":11,"Image":"C:\\Program Files\\Google\\Chrome\\Application\\chrome.exe","ProcessGuid":"{74CD79A9-1D9B-2026-677B-C984D38C5EA4}","ProcessId":3205,"TargetFilename":"C:\\Users\\ops.cardoso\\AppData\\Local\\Temp\\office-566.tmp"}
{"UtcTime":"2026-08-12 09:49:27.000","Computer":"TN-FIN-WS042","User":"TRANSNORTE\\backup_svc","EventID":1,"Image":"C:\\Program Files\\Google\\Chrome\\Application\\chrome.exe","ProcessGuid":"{9687C140-21EE-2026-65DA-8355EB9321E5}","ProcessId":4316,"CommandLine":"C:\\Program Files\\Google\\Chrome\\Application\\chrome.exe","ParentImage":"C:\\Windows\\System32\\services.exe","ParentProcessGuid":"{67EB0E81-995E-2026-1B4D-EA48E59F34B7}","OriginalFileName":"C:\\Program Files\\Google\\Chrome\\Application\\chrome.exe","SHA256":"bdbbc95b6fe7092aa2bcec8f46c63f61eeed73171c3efca0bf516145ef3abea4"}
{"UtcTime":"2026-08-12 09:49:28.000","Computer":"TN-FIN-WS042","User":"TRANSNORTE\\backup_svc","EventID":13,"Image":"C:\\Windows\\System32\\conhost.exe","ProcessGuid":"{26B65B5D-C095-2026-9D1C-C2B40D7FDAA9}","ProcessId":3338,"EventType":"SetValue","TargetObject":"HKCU\\Software\\Microsoft\\Office\\16.0\\Outlook\\Resiliency\\568","Details":"1"}
{"UtcTime":"2026-08-12 09:49:29.000","Computer":"TN-FIN-WS042","User":"TRANSNORTE\\ops.cardoso","EventID":1,"Image":"C:\\Windows\\System32\\conhost.exe","ProcessGuid":"{2681E075-2E1F-2026-9EEF-59E76F0F0869}","ProcessId":6570,"CommandLine":"C:\\Windows\\System32\\conhost.exe","ParentImage":"C:\\Windows\\System32\\services.exe","ParentProcessGuid":"{AD30A7A1-EC10-2026-AC55-E2F84FAD0FD9}","OriginalFileName":"C:\\Windows\\System32\\conhost.exe","SHA256":"1a830fe81897ea804fc249b960e9b7d0ea388e5b8d4446b77fd9314d70219c48"}
{"UtcTime":"2026-08-12 09:49:30.000","Computer":"TN-FIN-WS042","User":"TRANSNORTE\\ops.cardoso","EventID":1,"Image":"C:\\Program Files\\Google\\Chrome\\Application\\chrome.exe","ProcessGuid":"{847BEFFD-C7B9-2026-4851-26EF3271C01C}","ProcessId":655,"CommandLine":"C:\\Program Files\\Google\\Chrome\\Application\\chrome.exe","ParentImage":"C:\\Windows\\System32\\services.exe","ParentProcessGuid":"{46D31D01-10AC-2026-CC7C-E13F724F6AD9}","OriginalFileName":"C:\\Program Files\\Google\\Chrome\\Application\\chrome.exe","SHA256":"e588716f0844b0dfe748d09af579027b47c605d121f9104341255a8190be30bf"}
{"UtcTime":"2026-08-12 09:49:31.000","Computer":"TN-FIN-WS042","User":"TRANSNORTE\\ops.cardoso","EventID":13,"Image":"C:\\Program Files\\Microsoft Office\\Office16\\OUTLOOK.EXE","ProcessGuid":"{1BE33BB3-5AF6-2026-7CBD-00E5F41AE27F}","ProcessId":7233,"EventType":"SetValue","TargetObject":"HKCU\\Software\\Microsoft\\Office\\16.0\\Outlook\\Resiliency\\571","Details":"1"}
{"UtcTime":"2026-08-12 09:49:32.000","Computer":"TN-FIN-WS042","User":"TRANSNORTE\\backup_svc","EventID":1,"Image":"C:\\Windows\\System32\\conhost.exe","ProcessGuid":"{90DA3CBB-CC9D-2026-9100-FF06BEDF1248}","ProcessId":6160,"CommandLine":"C:\\Windows\\System32\\conhost.exe","ParentImage":"C:\\Windows\\System32\\services.exe","ParentProcessGuid":"{D5F0B9D9-F48C-2026-40E5-63B318E62A60}","OriginalFileName":"C:\\Windows\\System32\\conhost.exe","SHA256":"2693e3b83066952756815ef7c9957bf0899586987c39e58662943791061ade65"}
{"UtcTime":"2026-08-12 09:49:33.000","Computer":"TN-FIN-WS042","User":"TRANSNORTE\\backup_svc","EventID":1,"Image":"C:\\Windows\\System32\\conhost.exe","ProcessGuid":"{79C5A722-77FA-2026-BC41-5AB45DE8CE5B}","ProcessId":778,"CommandLine":"C:\\Windows\\System32\\conhost.exe","ParentImage":"C:\\Windows\\System32\\services.exe","ParentProcessGuid":"{32CF2057-3712-2026-EB52-0D606E6844A8}","OriginalFileName":"C:\\Windows\\System32\\conhost.exe","SHA256":"3ff80c4fc56104aeffb6635cc9fd27c2d1c210ef96291a46d6056f9b2333a646"}
{"UtcTime":"2026-08-12 09:49:34.000","Computer":"TN-FIN-WS042","User":"TRANSNORTE\\ops.cardoso","EventID":13,"Image":"C:\\Windows\\System32\\RuntimeBroker.exe","ProcessGuid":"{8D066582-C4C0-2026-5040-ADD6A6759C53}","ProcessId":4372,"EventType":"SetValue","TargetObject":"HKCU\\Software\\Microsoft\\Office\\16.0\\Outlook\\Resiliency\\574","Details":"1"}
{"UtcTime":"2026-08-12 09:49:35.000","Computer":"TN-FIN-WS042","User":"TRANSNORTE\\backup_svc","EventID":1,"Image":"C:\\Program Files\\Google\\Chrome\\Application\\chrome.exe","ProcessGuid":"{080635DB-6471-2026-9DC6-553EC0F2D188}","ProcessId":2818,"CommandLine":"C:\\Program Files\\Google\\Chrome\\Application\\chrome.exe","ParentImage":"C:\\Windows\\System32\\services.exe","ParentProcessGuid":"{AB1F4461-1962-2026-DEA8-1E1D6FB00340}","OriginalFileName":"C:\\Program Files\\Google\\Chrome\\Application\\chrome.exe","SHA256":"d93f9334aab29a13f223379854e81b3b2f756d8fc30d3350ee569fff124f7ba4"}
{"UtcTime":"2026-08-12 09:49:36.000","Computer":"TN-FIN-WS042","User":"TRANSNORTE\\backup_svc","EventID":13,"Image":"C:\\Program Files\\Microsoft Office\\Office16\\OUTLOOK.EXE","ProcessGuid":"{17036BD6-C65B-2026-B912-BF40A58CE110}","ProcessId":7426,"EventType":"SetValue","TargetObject":"HKCU\\Software\\Microsoft\\Office\\16.0\\Outlook\\Resiliency\\576","Details":"1"}
{"UtcTime":"2026-08-12 09:49:37.000","Computer":"TN-FIN-WS042","User":"TRANSNORTE\\backup_svc","EventID":1,"Image":"C:\\Windows\\System32\\conhost.exe","ProcessGuid":"{3289B5D6-C06F-2026-B7DE-EAF73AB06A34}","ProcessId":1860,"CommandLine":"C:\\Windows\\System32\\conhost.exe","ParentImage":"C:\\Windows\\System32\\services.exe","ParentProcessGuid":"{90A0FB80-634E-2026-76D1-A8D05BACB600}","OriginalFileName":"C:\\Windows\\System32\\conhost.exe","SHA256":"ed0d7d1d93e8096896c6321b5917c2d90e4747fe2217618daf44f3e66293454a"}
{"UtcTime":"2026-08-12 09:49:38.000","Computer":"TN-FIN-WS042","User":"TRANSNORTE\\backup_svc","EventID":13,"Image":"C:\\Program Files\\Google\\Chrome\\Application\\chrome.exe","ProcessGuid":"{BD0B8285-E314-2026-F427-422826F78F1F}","ProcessId":5547,"EventType":"SetValue","TargetObject":"HKCU\\Software\\Microsoft\\Office\\16.0\\Outlook\\Resiliency\\578","Details":"1"}
{"UtcTime":"2026-08-12 09:49:39.000","Computer":"TN-FIN-WS042","User":"TRANSNORTE\\ops.cardoso","EventID":5,"Image":"C:\\Windows\\explorer.exe","ProcessGuid":"{DEFEBEE7-26D8-2026-E8F4-5C8D0B1C2ECC}","ProcessId":4636,"EventType":"End"}
{"UtcTime":"2026-08-12 09:49:40.000","Computer":"TN-FIN-WS042","User":"TRANSNORTE\\backup_svc","EventID":1,"Image":"C:\\Windows\\explorer.exe","ProcessGuid":"{167897A0-BFB9-2026-5B23-3C02F9F73FAD}","ProcessId":4661,"CommandLine":"C:\\Windows\\explorer.exe","ParentImage":"C:\\Windows\\System32\\services.exe","ParentProcessGuid":"{DF930859-9B48-2026-0B82-36F07035D237}","OriginalFileName":"C:\\Windows\\explorer.exe","SHA256":"386fe23f737153eca89d0260edcb477ae8637e18a7fda99e13d6df078cbc4e0a"}
{"UtcTime":"2026-08-12 09:49:41.000","Computer":"TN-FIN-WS042","User":"TRANSNORTE\\ops.cardoso","EventID":3,"Image":"C:\\Windows\\System32\\conhost.exe","ProcessGuid":"{11F35C52-F316-2026-B21F-C77391ABC838}","ProcessId":3567,"DestinationIp":"1.1.1.1","DestinationPort":443,"SourceIp":"10.50.10.42","Protocol":"tcp"}
{"UtcTime":"2026-08-12 09:49:42.000","Computer":"TN-FIN-WS042","User":"TRANSNORTE\\ops.cardoso","EventID":1,"Image":"C:\\Windows\\explorer.exe","ProcessGuid":"{CA2653AD-5E41-2026-25D3-7EC8F844EF3A}","ProcessId":2081,"CommandLine":"C:\\Windows\\explorer.exe","ParentImage":"C:\\Windows\\System32\\services.exe","ParentProcessGuid":"{EBA81172-A678-2026-3883-188E24B7FB24}","OriginalFileName":"C:\\Windows\\explorer.exe","SHA256":"af6c874be17e811dbda50ea252aeb2c051278b32fe50d681884b447151c4ea0d"}
{"UtcTime":"2026-08-12 09:49:43.000","Computer":"TN-FIN-WS042","User":"TRANSNORTE\\backup_svc","EventID":1,"Image":"C:\\Program Files\\Google\\Chrome\\Application\\chrome.exe","ProcessGuid":"{7762D438-3CD5-2026-2A52-8751167B3FAA}","ProcessId":7790,"CommandLine":"C:\\Program Files\\Google\\Chrome\\Application\\chrome.exe","ParentImage":"C:\\Windows\\System32\\services.exe","ParentProcessGuid":"{38036D5E-F543-2026-CD00-36CE10994C5A}","OriginalFileName":"C:\\Program Files\\Google\\Chrome\\Application\\chrome.exe","SHA256":"96d5c2b294dec807284f482d3ea38740de1e2b1651dedf7e4902993dffc374d3"}
{"UtcTime":"2026-08-12 09:49:44.000","Computer":"TN-FIN-WS042","User":"TRANSNORTE\\backup_svc","EventID":1,"Image":"C:\\Windows\\System32\\conhost.exe","ProcessGuid":"{8DD37B86-086D-2026-0310-121BBF0D9A31}","ProcessId":6622,"CommandLine":"C:\\Windows\\System32\\conhost.exe","ParentImage":"C:\\Windows\\System32\\services.exe","ParentProcessGuid":"{F0F3334F-E157-2026-F5B7-A77A9DED00E0}","OriginalFileName":"C:\\Windows\\System32\\conhost.exe","SHA256":"3f236798ef99a183d954154081aeb6ac06eb3f97ef20a93b1c9a9eb3453b4281"}
{"UtcTime":"2026-08-12 09:49:45.000","Computer":"TN-FIN-WS042","User":"TRANSNORTE\\ops.cardoso","EventID":5,"Image":"C:\\Program Files\\Microsoft Office\\Office16\\OUTLOOK.EXE","ProcessGuid":"{BE2B135D-ADE3-2026-D189-FD1623E425DA}","ProcessId":5048,"EventType":"End"}
{"UtcTime":"2026-08-12 09:49:46.000","Computer":"TN-FIN-WS042","User":"TRANSNORTE\\backup_svc","EventID":1,"Image":"C:\\Program Files\\Google\\Chrome\\Application\\chrome.exe","ProcessGuid":"{3294E89F-8F08-2026-ADA4-E98341126AB6}","ProcessId":8354,"CommandLine":"C:\\Program Files\\Google\\Chrome\\Application\\chrome.exe","ParentImage":"C:\\Windows\\System32\\services.exe","ParentProcessGuid":"{50B6454B-D8E9-2026-27DF-8CC8EFC7A022}","OriginalFileName":"C:\\Program Files\\Google\\Chrome\\Application\\chrome.exe","SHA256":"960b65562a4838fc7bf9276d3cf92cf80a0b43d004964fd3b2202877120925d6"}
{"UtcTime":"2026-08-12 09:49:47.000","Computer":"TN-FIN-WS042","User":"TRANSNORTE\\ops.cardoso","EventID":13,"Image":"C:\\Windows\\System32\\conhost.exe","ProcessGuid":"{84FE2871-F0E7-2026-86C4-544C3A4F7E14}","ProcessId":4506,"EventType":"SetValue","TargetObject":"HKCU\\Software\\Microsoft\\Office\\16.0\\Outlook\\Resiliency\\587","Details":"1"}
{"UtcTime":"2026-08-12 09:49:48.000","Computer":"TN-FIN-WS042","User":"TRANSNORTE\\backup_svc","EventID":11,"Image":"C:\\Program Files\\Microsoft Office\\Office16\\OUTLOOK.EXE","ProcessGuid":"{21A1C556-746A-2026-89C8-D13A39AED423}","ProcessId":3040,"TargetFilename":"C:\\Users\\ops.cardoso\\AppData\\Local\\Temp\\office-588.tmp"}
{"UtcTime":"2026-08-12 09:49:49.000","Computer":"TN-FIN-WS042","User":"TRANSNORTE\\ops.cardoso","EventID":1,"Image":"C:\\Program Files\\Google\\Chrome\\Application\\chrome.exe","ProcessGuid":"{4F83BAC5-068B-2026-4902-03BFC27E957A}","ProcessId":3341,"CommandLine":"C:\\Program Files\\Google\\Chrome\\Application\\chrome.exe","ParentImage":"C:\\Windows\\System32\\services.exe","ParentProcessGuid":"{15D69D45-4DBB-2026-954B-C34E2CC132C7}","OriginalFileName":"C:\\Program Files\\Google\\Chrome\\Application\\chrome.exe","SHA256":"e23368329e6119804120f985d0e3914035fbc73d1687f43001c8db62f440f099"}
{"UtcTime":"2026-08-12 09:49:50.000","Computer":"TN-FIN-WS042","User":"TRANSNORTE\\backup_svc","EventID":11,"Image":"C:\\Windows\\System32\\RuntimeBroker.exe","ProcessGuid":"{FF7E3668-8E6D-2026-6149-0C3FB0814028}","ProcessId":2750,"TargetFilename":"C:\\Users\\ops.cardoso\\AppData\\Local\\Temp\\office-590.tmp"}
{"UtcTime":"2026-08-12 09:49:51.000","Computer":"TN-FIN-WS042","User":"TRANSNORTE\\backup_svc","EventID":5,"Image":"C:\\Windows\\System32\\conhost.exe","ProcessGuid":"{EB7CD570-C722-2026-7958-2F8311ACCFA1}","ProcessId":8447,"EventType":"End"}
{"UtcTime":"2026-08-12 09:49:52.000","Computer":"TN-FIN-WS042","User":"TRANSNORTE\\backup_svc","EventID":1,"Image":"C:\\Windows\\System32\\RuntimeBroker.exe","ProcessGuid":"{6B977521-4896-2026-F7BE-D0793F0F30F6}","ProcessId":679,"CommandLine":"C:\\Windows\\System32\\RuntimeBroker.exe","ParentImage":"C:\\Windows\\System32\\services.exe","ParentProcessGuid":"{F9D05BA7-59F0-2026-0F34-0115CDB8866A}","OriginalFileName":"C:\\Windows\\System32\\RuntimeBroker.exe","SHA256":"1e3f47daa1fbd767e8a8379de40c51dd7a86662a4dc196c8c681949542516aa9"}
{"UtcTime":"2026-08-12 09:49:53.000","Computer":"TN-FIN-WS042","User":"TRANSNORTE\\backup_svc","EventID":11,"Image":"C:\\Program Files\\Microsoft Office\\Office16\\OUTLOOK.EXE","ProcessGuid":"{6A89E199-B19D-2026-6FA8-7A3C594BD2D6}","ProcessId":3979,"TargetFilename":"C:\\Users\\ops.cardoso\\AppData\\Local\\Temp\\office-593.tmp"}
{"UtcTime":"2026-08-12 09:49:54.000","Computer":"TN-FIN-WS042","User":"TRANSNORTE\\ops.cardoso","EventID":5,"Image":"C:\\Program Files\\Microsoft Office\\Office16\\OUTLOOK.EXE","ProcessGuid":"{D1AF1136-9953-2026-5356-423AF6635FEF}","ProcessId":4333,"EventType":"End"}
{"UtcTime":"2026-08-12 09:49:55.000","Computer":"TN-FIN-WS042","User":"TRANSNORTE\\ops.cardoso","EventID":3,"Image":"C:\\Windows\\System32\\RuntimeBroker.exe","ProcessGuid":"{08F5EC2A-1A5F-2026-A69D-02FCBEAA81A2}","ProcessId":4650,"DestinationIp":"10.50.10.10","DestinationPort":135,"SourceIp":"10.50.10.42","Protocol":"tcp"}
{"UtcTime":"2026-08-12 09:49:56.000","Computer":"TN-FIN-WS042","User":"TRANSNORTE\\ops.cardoso","EventID":13,"Image":"C:\\Program Files\\Microsoft Office\\Office16\\OUTLOOK.EXE","ProcessGuid":"{2BB20F9F-E405-2026-D36E-E0A9B1438AB2}","ProcessId":2009,"EventType":"SetValue","TargetObject":"HKCU\\Software\\Microsoft\\Office\\16.0\\Outlook\\Resiliency\\596","Details":"1"}
{"UtcTime":"2026-08-12 09:49:57.000","Computer":"TN-FIN-WS042","User":"TRANSNORTE\\backup_svc","EventID":1,"Image":"C:\\Program Files\\Google\\Chrome\\Application\\chrome.exe","ProcessGuid":"{C9EBC236-08ED-2026-4B9C-A69CEFB21DF5}","ProcessId":7183,"CommandLine":"C:\\Program Files\\Google\\Chrome\\Application\\chrome.exe","ParentImage":"C:\\Windows\\System32\\services.exe","ParentProcessGuid":"{F4A7138E-8B32-2026-FAF5-752FDEACDFAC}","OriginalFileName":"C:\\Program Files\\Google\\Chrome\\Application\\chrome.exe","SHA256":"a5f39a3584f1bf8954faddd7dc0f20bc5c2687b9ab4a3eb84eeac73c985c1538"}
{"UtcTime":"2026-08-12 09:49:58.000","Computer":"TN-FIN-WS042","User":"TRANSNORTE\\backup_svc","EventID":1,"Image":"C:\\Windows\\System32\\RuntimeBroker.exe","ProcessGuid":"{62033D74-9995-2026-F6E2-B3015327D1B3}","ProcessId":8634,"CommandLine":"C:\\Windows\\System32\\RuntimeBroker.exe","ParentImage":"C:\\Windows\\System32\\services.exe","ParentProcessGuid":"{327DCE00-9D24-2026-2561-FD60B635F20D}","OriginalFileName":"C:\\Windows\\System32\\RuntimeBroker.exe","SHA256":"a9bc5a1fe3ae8decd7f5ecb104c2182d28d22ab62f549ec8aea5a2aa7ab5b9b8"}
{"UtcTime":"2026-08-12 09:49:59.000","Computer":"TN-FIN-WS042","User":"TRANSNORTE\\backup_svc","EventID":13,"Image":"C:\\Program Files\\Microsoft Office\\Office16\\OUTLOOK.EXE","ProcessGuid":"{73BAA0F9-639F-2026-1895-1C47D75D99F3}","ProcessId":7067,"EventType":"SetValue","TargetObject":"HKCU\\Software\\Microsoft\\Office\\16.0\\Outlook\\Resiliency\\599","Details":"1"}
{"UtcTime":"2026-08-12 09:50:00.000","Computer":"TN-FIN-WS042","User":"TRANSNORTE\\ops.cardoso","EventID":13,"Image":"C:\\Program Files\\Microsoft Office\\Office16\\OUTLOOK.EXE","ProcessGuid":"{2C8D18C1-98C3-2026-24C1-6B980AAADDF8}","ProcessId":543,"EventType":"SetValue","TargetObject":"HKCU\\Software\\Microsoft\\Office\\16.0\\Outlook\\Resiliency\\600","Details":"1"}
{"UtcTime":"2026-08-12 09:50:01.000","Computer":"TN-FIN-WS042","User":"TRANSNORTE\\backup_svc","EventID":5,"Image":"C:\\Windows\\System32\\svchost.exe","ProcessGuid":"{2379C0A5-F5D6-2026-AB5C-49B789C7D347}","ProcessId":8724,"EventType":"End"}
{"UtcTime":"2026-08-12 09:50:02.000","Computer":"TN-FIN-WS042","User":"TRANSNORTE\\ops.cardoso","EventID":11,"Image":"C:\\Windows\\explorer.exe","ProcessGuid":"{BBDFA580-A67B-2026-A577-581620447A73}","ProcessId":781,"TargetFilename":"C:\\Users\\ops.cardoso\\AppData\\Local\\Temp\\office-602.tmp"}
{"UtcTime":"2026-08-12 09:50:03.000","Computer":"TN-FIN-WS042","User":"TRANSNORTE\\ops.cardoso","EventID":5,"Image":"C:\\Windows\\System32\\svchost.exe","ProcessGuid":"{6DE22E86-8F31-2026-A569-E56A8B05886A}","ProcessId":700,"EventType":"End"}
{"UtcTime":"2026-08-12 09:50:04.000","Computer":"TN-FIN-WS042","User":"TRANSNORTE\\backup_svc","EventID":1,"Image":"C:\\Program Files\\Microsoft Office\\Office16\\OUTLOOK.EXE","ProcessGuid":"{4794B948-1C2C-2026-4016-0ACD58166A90}","ProcessId":5402,"CommandLine":"C:\\Program Files\\Microsoft Office\\Office16\\OUTLOOK.EXE","ParentImage":"C:\\Windows\\System32\\services.exe","ParentProcessGuid":"{4032424B-88F8-2026-6657-90B9B2B4D432}","OriginalFileName":"C:\\Program Files\\Microsoft Office\\Office16\\OUTLOOK.EXE","SHA256":"754b138556e516651cbd2f72de7c3166391c7265930ca370f70b3babff30a63b"}
{"UtcTime":"2026-08-12 09:50:05.000","Computer":"TN-FIN-WS042","User":"TRANSNORTE\\backup_svc","EventID":3,"Image":"C:\\Windows\\System32\\conhost.exe","ProcessGuid":"{6B1D641B-289B-2026-4C13-A59DFA8343AE}","ProcessId":6971,"DestinationIp":"8.8.8.8","DestinationPort":135,"SourceIp":"10.50.10.42","Protocol":"tcp"}
{"UtcTime":"2026-08-12 09:50:06.000","Computer":"TN-FIN-WS042","User":"TRANSNORTE\\backup_svc","EventID":5,"Image":"C:\\Windows\\System32\\conhost.exe","ProcessGuid":"{8704331E-8B2F-2026-C121-B04B06B652C0}","ProcessId":8126,"EventType":"End"}
